<?xml version="1.0" encoding="UTF-8"?>
<testsuite name="tourGuide.TestRewardsService" tests="3" skipped="0" failures="0" errors="0" timestamp="2021-06-29T14:59:02" hostname="Rahuls-MacBook-Pro.local" time="37.639">
  <properties/>
  <testcase name="nearAllAttractions" classname="tourGuide.TestRewardsService" time="37.106"/>
  <testcase name="userGetRewards" classname="tourGuide.TestRewardsService" time="0.508"/>
  <testcase name="isWithinAttractionProximity" classname="tourGuide.TestRewardsService" time="0.024"/>
  <system-out><![CDATA[20:29:02.230 [Test worker] INFO tourGuide.service.TourGuideService - TestMode enabled
20:29:02.230 [Test worker] DEBUG tourGuide.service.TourGuideService - Initializing users
20:29:02.231 [Test worker] DEBUG tourGuide.service.TourGuideService - Created 1 internal test users.
20:29:02.231 [Test worker] DEBUG tourGuide.service.TourGuideService - Finished initializing users
20:29:02.232 [pool-10-thread-1] DEBUG tourGuide.tracker.Tracker - Begin Tracker. Tracking 1 users.
20:29:02.232 [Test worker] DEBUG org.springframework.web.reactive.function.client.ExchangeFunctions - [26bc60cb] HTTP GET http://localhost:8081/getAttractions
20:29:02.233 [pool-10-thread-1] DEBUG org.springframework.web.reactive.function.client.ExchangeFunctions - [51f58309] HTTP GET http://localhost:8081/getUserLocation?userId=1f958bd7-f7e7-4ce0-8ef3-1faefb01a470
20:29:02.233 [reactor-http-nio-15] DEBUG reactor.netty.resources.PooledConnectionProvider - [id: 0x05482a00, L:/127.0.0.1:49865 - R:localhost/127.0.0.1:8081] Channel acquired, now 1 active connections and 0 inactive connections
20:29:02.233 [reactor-http-nio-15] DEBUG reactor.netty.http.client.HttpClientConnect - [id: 0x05482a00, L:/127.0.0.1:49865 - R:localhost/127.0.0.1:8081] Handler is being applied: {uri=http://localhost:8081/getAttractions, method=GET}
20:29:02.234 [reactor-http-nio-15] DEBUG reactor.netty.resources.PooledConnectionProvider - [id: 0x05482a00, L:/127.0.0.1:49865 - R:localhost/127.0.0.1:8081] onStateChange(GET{uri=/getAttractions, connection=PooledConnection{channel=[id: 0x05482a00, L:/127.0.0.1:49865 - R:localhost/127.0.0.1:8081]}}, [request_sent])
20:29:02.234 [reactor-http-nio-15] DEBUG reactor.netty.resources.PooledConnectionProvider - [id: 0x3b57da73] Created new pooled channel, now 1 active connections and 1 inactive connections
20:29:02.235 [reactor-http-nio-15] DEBUG reactor.netty.channel.BootstrapHandlers - [id: 0x3b57da73] Initialized pipeline DefaultChannelPipeline{(BootstrapHandlers$BootstrapInitializerHandler#0 = reactor.netty.channel.BootstrapHandlers$BootstrapInitializerHandler), (SimpleChannelPool$1#0 = io.netty.channel.pool.SimpleChannelPool$1), (reactor.left.httpCodec = io.netty.handler.codec.http.HttpClientCodec), (reactor.left.decompressor = io.netty.handler.codec.http.HttpContentDecompressor), (reactor.right.reactiveBridge = reactor.netty.channel.ChannelOperationsHandler)}
20:29:02.236 [reactor-http-nio-15] DEBUG reactor.netty.resources.PooledConnectionProvider - [id: 0x3b57da73, L:/127.0.0.1:49868 - R:localhost/127.0.0.1:8081] onStateChange(PooledConnection{channel=[id: 0x3b57da73, L:/127.0.0.1:49868 - R:localhost/127.0.0.1:8081]}, [connected])
20:29:02.236 [reactor-http-nio-15] DEBUG reactor.netty.resources.PooledConnectionProvider - [id: 0x3b57da73, L:/127.0.0.1:49868 - R:localhost/127.0.0.1:8081] onStateChange(GET{uri=/, connection=PooledConnection{channel=[id: 0x3b57da73, L:/127.0.0.1:49868 - R:localhost/127.0.0.1:8081]}}, [configured])
20:29:02.236 [reactor-http-nio-15] DEBUG reactor.netty.resources.PooledConnectionProvider - [id: 0x3b57da73, L:/127.0.0.1:49868 - R:localhost/127.0.0.1:8081] Registering pool release on close event for channel
20:29:02.236 [reactor-http-nio-15] DEBUG reactor.netty.http.client.HttpClientConnect - [id: 0x3b57da73, L:/127.0.0.1:49868 - R:localhost/127.0.0.1:8081] Handler is being applied: {uri=http://localhost:8081/getUserLocation?userId=1f958bd7-f7e7-4ce0-8ef3-1faefb01a470, method=GET}
20:29:02.237 [reactor-http-nio-15] DEBUG reactor.netty.resources.PooledConnectionProvider - [id: 0x3b57da73, L:/127.0.0.1:49868 - R:localhost/127.0.0.1:8081] onStateChange(GET{uri=/getUserLocation?userId=1f958bd7-f7e7-4ce0-8ef3-1faefb01a470, connection=PooledConnection{channel=[id: 0x3b57da73, L:/127.0.0.1:49868 - R:localhost/127.0.0.1:8081]}}, [request_sent])
20:29:02.237 [reactor-http-nio-15] DEBUG reactor.netty.resources.PooledConnectionProvider - [id: 0x3b57da73, L:/127.0.0.1:49868 - R:localhost/127.0.0.1:8081] Channel connected, now 2 active connections and 0 inactive connections
20:29:02.248 [reactor-http-nio-15] DEBUG reactor.netty.http.client.HttpClientOperations - [id: 0x05482a00, L:/127.0.0.1:49865 - R:localhost/127.0.0.1:8081] Received response (auto-read:false) : [Content-Type=application/json, Transfer-Encoding=chunked, Date=Tue, 29 Jun 2021 14:59:02 GMT]
20:29:02.248 [reactor-http-nio-15] DEBUG reactor.netty.resources.PooledConnectionProvider - [id: 0x05482a00, L:/127.0.0.1:49865 - R:localhost/127.0.0.1:8081] onStateChange(GET{uri=/getAttractions, connection=PooledConnection{channel=[id: 0x05482a00, L:/127.0.0.1:49865 - R:localhost/127.0.0.1:8081]}}, [response_received])
20:29:02.248 [reactor-http-nio-15] DEBUG org.springframework.web.reactive.function.client.ExchangeFunctions - [26bc60cb] Response 200 OK
20:29:02.249 [reactor-http-nio-15] DEBUG reactor.netty.channel.FluxReceive - [id: 0x05482a00, L:/127.0.0.1:49865 - R:localhost/127.0.0.1:8081] Subscribing inbound receiver [pending: 0, cancelled:false, inboundDone: false]
20:29:02.249 [reactor-http-nio-15] DEBUG reactor.netty.http.client.HttpClientOperations - [id: 0x05482a00, L:/127.0.0.1:49865 - R:localhost/127.0.0.1:8081] Received last HTTP packet
20:29:02.250 [reactor-http-nio-15] DEBUG org.springframework.core.codec.StringDecoder - [26bc60cb] Decoded "[{"longitude":-117.922008,"latitude":33.817595,"attractionName":"Disneyland","city":"Anaheim","stat (truncated)...
20:29:02.250 [reactor-http-nio-15] DEBUG reactor.netty.resources.PooledConnectionProvider - [id: 0x05482a00, L:/127.0.0.1:49865 - R:localhost/127.0.0.1:8081] onStateChange(GET{uri=/getAttractions, connection=PooledConnection{channel=[id: 0x05482a00, L:/127.0.0.1:49865 - R:localhost/127.0.0.1:8081]}}, [disconnecting])
20:29:02.250 [reactor-http-nio-15] DEBUG reactor.netty.resources.PooledConnectionProvider - [id: 0x05482a00, L:/127.0.0.1:49865 - R:localhost/127.0.0.1:8081] Releasing channel
20:29:02.250 [reactor-http-nio-15] DEBUG reactor.netty.resources.PooledConnectionProvider - [id: 0x05482a00, L:/127.0.0.1:49865 - R:localhost/127.0.0.1:8081] Channel cleaned, now 1 active connections and 1 inactive connections
20:29:02.253 [Test worker] DEBUG org.springframework.web.reactive.function.client.ExchangeFunctions - [78a232ea] HTTP GET http://localhost:8082/getAttractionRewardPoints?attractionId=a3ad2618-bb76-4918-9220-a044da12743d&userId=1f958bd7-f7e7-4ce0-8ef3-1faefb01a470
20:29:02.253 [reactor-http-nio-11] DEBUG reactor.netty.resources.PooledConnectionProvider - [id: 0x6e7a501f, L:/127.0.0.1:49867 - R:localhost/127.0.0.1:8082] Channel acquired, now 1 active connections and 0 inactive connections
20:29:02.254 [reactor-http-nio-11] DEBUG reactor.netty.http.client.HttpClientConnect - [id: 0x6e7a501f, L:/127.0.0.1:49867 - R:localhost/127.0.0.1:8082] Handler is being applied: {uri=http://localhost:8082/getAttractionRewardPoints?attractionId=a3ad2618-bb76-4918-9220-a044da12743d&userId=1f958bd7-f7e7-4ce0-8ef3-1faefb01a470, method=GET}
20:29:02.255 [reactor-http-nio-11] DEBUG reactor.netty.resources.PooledConnectionProvider - [id: 0x6e7a501f, L:/127.0.0.1:49867 - R:localhost/127.0.0.1:8082] onStateChange(GET{uri=/getAttractionRewardPoints?attractionId=a3ad2618-bb76-4918-9220-a044da12743d&userId=1f958bd7-f7e7-4ce0-8ef3-1faefb01a470, connection=PooledConnection{channel=[id: 0x6e7a501f, L:/127.0.0.1:49867 - R:localhost/127.0.0.1:8082]}}, [request_sent])
20:29:02.298 [reactor-http-nio-15] DEBUG reactor.netty.http.client.HttpClientOperations - [id: 0x3b57da73, L:/127.0.0.1:49868 - R:localhost/127.0.0.1:8081] Received response (auto-read:false) : [Content-Type=application/json, Transfer-Encoding=chunked, Date=Tue, 29 Jun 2021 14:59:02 GMT]
20:29:02.298 [reactor-http-nio-15] DEBUG reactor.netty.resources.PooledConnectionProvider - [id: 0x3b57da73, L:/127.0.0.1:49868 - R:localhost/127.0.0.1:8081] onStateChange(GET{uri=/getUserLocation?userId=1f958bd7-f7e7-4ce0-8ef3-1faefb01a470, connection=PooledConnection{channel=[id: 0x3b57da73, L:/127.0.0.1:49868 - R:localhost/127.0.0.1:8081]}}, [response_received])
20:29:02.299 [reactor-http-nio-15] DEBUG org.springframework.web.reactive.function.client.ExchangeFunctions - [51f58309] Response 200 OK
20:29:02.300 [reactor-http-nio-15] DEBUG reactor.netty.channel.FluxReceive - [id: 0x3b57da73, L:/127.0.0.1:49868 - R:localhost/127.0.0.1:8081] Subscribing inbound receiver [pending: 0, cancelled:false, inboundDone: false]
20:29:02.301 [reactor-http-nio-15] DEBUG reactor.netty.http.client.HttpClientOperations - [id: 0x3b57da73, L:/127.0.0.1:49868 - R:localhost/127.0.0.1:8081] Received last HTTP packet
20:29:02.302 [reactor-http-nio-15] DEBUG org.springframework.core.codec.StringDecoder - [51f58309] Decoded "{"userId":"1f958bd7-f7e7-4ce0-8ef3-1faefb01a470","location":{"longitude":-116.841909,"latitude":46. (truncated)...
20:29:02.302 [reactor-http-nio-15] DEBUG reactor.netty.resources.PooledConnectionProvider - [id: 0x3b57da73, L:/127.0.0.1:49868 - R:localhost/127.0.0.1:8081] onStateChange(GET{uri=/getUserLocation?userId=1f958bd7-f7e7-4ce0-8ef3-1faefb01a470, connection=PooledConnection{channel=[id: 0x3b57da73, L:/127.0.0.1:49868 - R:localhost/127.0.0.1:8081]}}, [disconnecting])
20:29:02.302 [reactor-http-nio-15] DEBUG reactor.netty.resources.PooledConnectionProvider - [id: 0x3b57da73, L:/127.0.0.1:49868 - R:localhost/127.0.0.1:8081] Releasing channel
20:29:02.302 [reactor-http-nio-15] DEBUG reactor.netty.resources.PooledConnectionProvider - [id: 0x3b57da73, L:/127.0.0.1:49868 - R:localhost/127.0.0.1:8081] Channel cleaned, now 0 active connections and 2 inactive connections
20:29:02.305 [pool-10-thread-1] DEBUG org.springframework.web.reactive.function.client.ExchangeFunctions - [5f327747] HTTP GET http://localhost:8081/getAttractions
20:29:02.305 [reactor-http-nio-15] DEBUG reactor.netty.resources.PooledConnectionProvider - [id: 0x05482a00, L:/127.0.0.1:49865 - R:localhost/127.0.0.1:8081] Channel acquired, now 1 active connections and 1 inactive connections
20:29:02.305 [reactor-http-nio-15] DEBUG reactor.netty.http.client.HttpClientConnect - [id: 0x05482a00, L:/127.0.0.1:49865 - R:localhost/127.0.0.1:8081] Handler is being applied: {uri=http://localhost:8081/getAttractions, method=GET}
20:29:02.306 [reactor-http-nio-15] DEBUG reactor.netty.resources.PooledConnectionProvider - [id: 0x05482a00, L:/127.0.0.1:49865 - R:localhost/127.0.0.1:8081] onStateChange(GET{uri=/getAttractions, connection=PooledConnection{channel=[id: 0x05482a00, L:/127.0.0.1:49865 - R:localhost/127.0.0.1:8081]}}, [request_sent])
20:29:02.322 [reactor-http-nio-15] DEBUG reactor.netty.http.client.HttpClientOperations - [id: 0x05482a00, L:/127.0.0.1:49865 - R:localhost/127.0.0.1:8081] Received response (auto-read:false) : [Content-Type=application/json, Transfer-Encoding=chunked, Date=Tue, 29 Jun 2021 14:59:02 GMT]
20:29:02.322 [reactor-http-nio-15] DEBUG reactor.netty.resources.PooledConnectionProvider - [id: 0x05482a00, L:/127.0.0.1:49865 - R:localhost/127.0.0.1:8081] onStateChange(GET{uri=/getAttractions, connection=PooledConnection{channel=[id: 0x05482a00, L:/127.0.0.1:49865 - R:localhost/127.0.0.1:8081]}}, [response_received])
20:29:02.323 [reactor-http-nio-15] DEBUG org.springframework.web.reactive.function.client.ExchangeFunctions - [5f327747] Response 200 OK
20:29:02.323 [reactor-http-nio-15] DEBUG reactor.netty.channel.FluxReceive - [id: 0x05482a00, L:/127.0.0.1:49865 - R:localhost/127.0.0.1:8081] Subscribing inbound receiver [pending: 0, cancelled:false, inboundDone: false]
20:29:02.324 [reactor-http-nio-15] DEBUG reactor.netty.http.client.HttpClientOperations - [id: 0x05482a00, L:/127.0.0.1:49865 - R:localhost/127.0.0.1:8081] Received last HTTP packet
20:29:02.325 [reactor-http-nio-15] DEBUG org.springframework.core.codec.StringDecoder - [5f327747] Decoded "[{"longitude":-117.922008,"latitude":33.817595,"attractionName":"Disneyland","city":"Anaheim","stat (truncated)...
20:29:02.325 [reactor-http-nio-15] DEBUG reactor.netty.resources.PooledConnectionProvider - [id: 0x05482a00, L:/127.0.0.1:49865 - R:localhost/127.0.0.1:8081] onStateChange(GET{uri=/getAttractions, connection=PooledConnection{channel=[id: 0x05482a00, L:/127.0.0.1:49865 - R:localhost/127.0.0.1:8081]}}, [disconnecting])
20:29:02.325 [reactor-http-nio-15] DEBUG reactor.netty.resources.PooledConnectionProvider - [id: 0x05482a00, L:/127.0.0.1:49865 - R:localhost/127.0.0.1:8081] Releasing channel
20:29:02.325 [reactor-http-nio-15] DEBUG reactor.netty.resources.PooledConnectionProvider - [id: 0x05482a00, L:/127.0.0.1:49865 - R:localhost/127.0.0.1:8081] Channel cleaned, now 0 active connections and 2 inactive connections
20:29:02.328 [pool-10-thread-1] DEBUG org.springframework.web.reactive.function.client.ExchangeFunctions - [5b0de879] HTTP GET http://localhost:8082/getAttractionRewardPoints?attractionId=992eeb32-1c7e-4a28-a19a-dbc8425b4e15&userId=1f958bd7-f7e7-4ce0-8ef3-1faefb01a470
20:29:02.329 [reactor-http-nio-11] DEBUG reactor.netty.resources.PooledConnectionProvider - [id: 0xad770be0] Created new pooled channel, now 1 active connections and 1 inactive connections
20:29:02.329 [reactor-http-nio-11] DEBUG reactor.netty.channel.BootstrapHandlers - [id: 0xad770be0] Initialized pipeline DefaultChannelPipeline{(BootstrapHandlers$BootstrapInitializerHandler#0 = reactor.netty.channel.BootstrapHandlers$BootstrapInitializerHandler), (SimpleChannelPool$1#0 = io.netty.channel.pool.SimpleChannelPool$1), (reactor.left.httpCodec = io.netty.handler.codec.http.HttpClientCodec), (reactor.left.decompressor = io.netty.handler.codec.http.HttpContentDecompressor), (reactor.right.reactiveBridge = reactor.netty.channel.ChannelOperationsHandler)}
20:29:02.330 [reactor-http-nio-11] DEBUG reactor.netty.resources.PooledConnectionProvider - [id: 0xad770be0, L:/127.0.0.1:49869 - R:localhost/127.0.0.1:8082] onStateChange(PooledConnection{channel=[id: 0xad770be0, L:/127.0.0.1:49869 - R:localhost/127.0.0.1:8082]}, [connected])
20:29:02.330 [reactor-http-nio-11] DEBUG reactor.netty.resources.PooledConnectionProvider - [id: 0xad770be0, L:/127.0.0.1:49869 - R:localhost/127.0.0.1:8082] onStateChange(GET{uri=/, connection=PooledConnection{channel=[id: 0xad770be0, L:/127.0.0.1:49869 - R:localhost/127.0.0.1:8082]}}, [configured])
20:29:02.330 [reactor-http-nio-11] DEBUG reactor.netty.resources.PooledConnectionProvider - [id: 0xad770be0, L:/127.0.0.1:49869 - R:localhost/127.0.0.1:8082] Registering pool release on close event for channel
20:29:02.331 [reactor-http-nio-11] DEBUG reactor.netty.http.client.HttpClientConnect - [id: 0xad770be0, L:/127.0.0.1:49869 - R:localhost/127.0.0.1:8082] Handler is being applied: {uri=http://localhost:8082/getAttractionRewardPoints?attractionId=992eeb32-1c7e-4a28-a19a-dbc8425b4e15&userId=1f958bd7-f7e7-4ce0-8ef3-1faefb01a470, method=GET}
20:29:02.332 [reactor-http-nio-11] DEBUG reactor.netty.resources.PooledConnectionProvider - [id: 0xad770be0, L:/127.0.0.1:49869 - R:localhost/127.0.0.1:8082] onStateChange(GET{uri=/getAttractionRewardPoints?attractionId=992eeb32-1c7e-4a28-a19a-dbc8425b4e15&userId=1f958bd7-f7e7-4ce0-8ef3-1faefb01a470, connection=PooledConnection{channel=[id: 0xad770be0, L:/127.0.0.1:49869 - R:localhost/127.0.0.1:8082]}}, [request_sent])
20:29:02.332 [reactor-http-nio-11] DEBUG reactor.netty.resources.PooledConnectionProvider - [id: 0xad770be0, L:/127.0.0.1:49869 - R:localhost/127.0.0.1:8082] Channel connected, now 2 active connections and 0 inactive connections
20:29:02.735 [reactor-http-nio-11] DEBUG reactor.netty.http.client.HttpClientOperations - [id: 0x6e7a501f, L:/127.0.0.1:49867 - R:localhost/127.0.0.1:8082] Received response (auto-read:false) : [Content-Type=application/json, Transfer-Encoding=chunked, Date=Tue, 29 Jun 2021 14:59:01 GMT]
20:29:02.736 [reactor-http-nio-11] DEBUG reactor.netty.resources.PooledConnectionProvider - [id: 0x6e7a501f, L:/127.0.0.1:49867 - R:localhost/127.0.0.1:8082] onStateChange(GET{uri=/getAttractionRewardPoints?attractionId=a3ad2618-bb76-4918-9220-a044da12743d&userId=1f958bd7-f7e7-4ce0-8ef3-1faefb01a470, connection=PooledConnection{channel=[id: 0x6e7a501f, L:/127.0.0.1:49867 - R:localhost/127.0.0.1:8082]}}, [response_received])
20:29:02.736 [reactor-http-nio-11] DEBUG org.springframework.web.reactive.function.client.ExchangeFunctions - [78a232ea] Response 200 OK
20:29:02.737 [reactor-http-nio-11] DEBUG reactor.netty.channel.FluxReceive - [id: 0x6e7a501f, L:/127.0.0.1:49867 - R:localhost/127.0.0.1:8082] Subscribing inbound receiver [pending: 0, cancelled:false, inboundDone: false]
20:29:02.738 [reactor-http-nio-11] DEBUG reactor.netty.http.client.HttpClientOperations - [id: 0x6e7a501f, L:/127.0.0.1:49867 - R:localhost/127.0.0.1:8082] Received last HTTP packet
20:29:02.738 [reactor-http-nio-11] DEBUG org.springframework.core.codec.StringDecoder - [78a232ea] Decoded "374"
20:29:02.738 [reactor-http-nio-11] DEBUG reactor.netty.resources.PooledConnectionProvider - [id: 0x6e7a501f, L:/127.0.0.1:49867 - R:localhost/127.0.0.1:8082] onStateChange(GET{uri=/getAttractionRewardPoints?attractionId=a3ad2618-bb76-4918-9220-a044da12743d&userId=1f958bd7-f7e7-4ce0-8ef3-1faefb01a470, connection=PooledConnection{channel=[id: 0x6e7a501f, L:/127.0.0.1:49867 - R:localhost/127.0.0.1:8082]}}, [disconnecting])
20:29:02.738 [reactor-http-nio-11] DEBUG reactor.netty.resources.PooledConnectionProvider - [id: 0x6e7a501f, L:/127.0.0.1:49867 - R:localhost/127.0.0.1:8082] Releasing channel
20:29:02.738 [reactor-http-nio-11] DEBUG reactor.netty.resources.PooledConnectionProvider - [id: 0x6e7a501f, L:/127.0.0.1:49867 - R:localhost/127.0.0.1:8082] Channel cleaned, now 1 active connections and 1 inactive connections
20:29:02.741 [Test worker] DEBUG org.springframework.web.reactive.function.client.ExchangeFunctions - [166447ea] HTTP GET http://localhost:8082/getAttractionRewardPoints?attractionId=3463464c-42a2-4f66-abb5-c3a0ebc04d40&userId=1f958bd7-f7e7-4ce0-8ef3-1faefb01a470
20:29:02.742 [reactor-http-nio-11] DEBUG reactor.netty.resources.PooledConnectionProvider - [id: 0x6e7a501f, L:/127.0.0.1:49867 - R:localhost/127.0.0.1:8082] Channel acquired, now 2 active connections and 0 inactive connections
20:29:02.742 [reactor-http-nio-11] DEBUG reactor.netty.http.client.HttpClientConnect - [id: 0x6e7a501f, L:/127.0.0.1:49867 - R:localhost/127.0.0.1:8082] Handler is being applied: {uri=http://localhost:8082/getAttractionRewardPoints?attractionId=3463464c-42a2-4f66-abb5-c3a0ebc04d40&userId=1f958bd7-f7e7-4ce0-8ef3-1faefb01a470, method=GET}
20:29:02.743 [reactor-http-nio-11] DEBUG reactor.netty.resources.PooledConnectionProvider - [id: 0x6e7a501f, L:/127.0.0.1:49867 - R:localhost/127.0.0.1:8082] onStateChange(GET{uri=/getAttractionRewardPoints?attractionId=3463464c-42a2-4f66-abb5-c3a0ebc04d40&userId=1f958bd7-f7e7-4ce0-8ef3-1faefb01a470, connection=PooledConnection{channel=[id: 0x6e7a501f, L:/127.0.0.1:49867 - R:localhost/127.0.0.1:8082]}}, [request_sent])
20:29:02.796 [reactor-http-nio-11] DEBUG reactor.netty.http.client.HttpClientOperations - [id: 0xad770be0, L:/127.0.0.1:49869 - R:localhost/127.0.0.1:8082] Received response (auto-read:false) : [Content-Type=application/json, Transfer-Encoding=chunked, Date=Tue, 29 Jun 2021 14:59:01 GMT]
20:29:02.796 [reactor-http-nio-11] DEBUG reactor.netty.resources.PooledConnectionProvider - [id: 0xad770be0, L:/127.0.0.1:49869 - R:localhost/127.0.0.1:8082] onStateChange(GET{uri=/getAttractionRewardPoints?attractionId=992eeb32-1c7e-4a28-a19a-dbc8425b4e15&userId=1f958bd7-f7e7-4ce0-8ef3-1faefb01a470, connection=PooledConnection{channel=[id: 0xad770be0, L:/127.0.0.1:49869 - R:localhost/127.0.0.1:8082]}}, [response_received])
20:29:02.796 [reactor-http-nio-11] DEBUG org.springframework.web.reactive.function.client.ExchangeFunctions - [5b0de879] Response 200 OK
20:29:02.797 [reactor-http-nio-11] DEBUG reactor.netty.channel.FluxReceive - [id: 0xad770be0, L:/127.0.0.1:49869 - R:localhost/127.0.0.1:8082] Subscribing inbound receiver [pending: 0, cancelled:false, inboundDone: false]
20:29:02.798 [reactor-http-nio-11] DEBUG reactor.netty.http.client.HttpClientOperations - [id: 0xad770be0, L:/127.0.0.1:49869 - R:localhost/127.0.0.1:8082] Received last HTTP packet
20:29:02.798 [reactor-http-nio-11] DEBUG org.springframework.core.codec.StringDecoder - [5b0de879] Decoded "897"
20:29:02.798 [reactor-http-nio-11] DEBUG reactor.netty.resources.PooledConnectionProvider - [id: 0xad770be0, L:/127.0.0.1:49869 - R:localhost/127.0.0.1:8082] onStateChange(GET{uri=/getAttractionRewardPoints?attractionId=992eeb32-1c7e-4a28-a19a-dbc8425b4e15&userId=1f958bd7-f7e7-4ce0-8ef3-1faefb01a470, connection=PooledConnection{channel=[id: 0xad770be0, L:/127.0.0.1:49869 - R:localhost/127.0.0.1:8082]}}, [disconnecting])
20:29:02.799 [reactor-http-nio-11] DEBUG reactor.netty.resources.PooledConnectionProvider - [id: 0xad770be0, L:/127.0.0.1:49869 - R:localhost/127.0.0.1:8082] Releasing channel
20:29:02.799 [reactor-http-nio-11] DEBUG reactor.netty.resources.PooledConnectionProvider - [id: 0xad770be0, L:/127.0.0.1:49869 - R:localhost/127.0.0.1:8082] Channel cleaned, now 1 active connections and 1 inactive connections
20:29:02.800 [pool-10-thread-1] DEBUG org.springframework.web.reactive.function.client.ExchangeFunctions - [1e0f7d7c] HTTP GET http://localhost:8082/getAttractionRewardPoints?attractionId=577f2cc4-4d3e-4989-8034-bcc0762428e9&userId=1f958bd7-f7e7-4ce0-8ef3-1faefb01a470
20:29:02.801 [reactor-http-nio-11] DEBUG reactor.netty.resources.PooledConnectionProvider - [id: 0xad770be0, L:/127.0.0.1:49869 - R:localhost/127.0.0.1:8082] Channel acquired, now 2 active connections and 0 inactive connections
20:29:02.801 [reactor-http-nio-11] DEBUG reactor.netty.http.client.HttpClientConnect - [id: 0xad770be0, L:/127.0.0.1:49869 - R:localhost/127.0.0.1:8082] Handler is being applied: {uri=http://localhost:8082/getAttractionRewardPoints?attractionId=577f2cc4-4d3e-4989-8034-bcc0762428e9&userId=1f958bd7-f7e7-4ce0-8ef3-1faefb01a470, method=GET}
20:29:02.802 [reactor-http-nio-11] DEBUG reactor.netty.resources.PooledConnectionProvider - [id: 0xad770be0, L:/127.0.0.1:49869 - R:localhost/127.0.0.1:8082] onStateChange(GET{uri=/getAttractionRewardPoints?attractionId=577f2cc4-4d3e-4989-8034-bcc0762428e9&userId=1f958bd7-f7e7-4ce0-8ef3-1faefb01a470, connection=PooledConnection{channel=[id: 0xad770be0, L:/127.0.0.1:49869 - R:localhost/127.0.0.1:8082]}}, [request_sent])
20:29:03.004 [reactor-http-nio-11] DEBUG reactor.netty.http.client.HttpClientOperations - [id: 0xad770be0, L:/127.0.0.1:49869 - R:localhost/127.0.0.1:8082] Received response (auto-read:false) : [Content-Type=application/json, Transfer-Encoding=chunked, Date=Tue, 29 Jun 2021 14:59:03 GMT]
20:29:03.005 [reactor-http-nio-11] DEBUG reactor.netty.resources.PooledConnectionProvider - [id: 0xad770be0, L:/127.0.0.1:49869 - R:localhost/127.0.0.1:8082] onStateChange(GET{uri=/getAttractionRewardPoints?attractionId=577f2cc4-4d3e-4989-8034-bcc0762428e9&userId=1f958bd7-f7e7-4ce0-8ef3-1faefb01a470, connection=PooledConnection{channel=[id: 0xad770be0, L:/127.0.0.1:49869 - R:localhost/127.0.0.1:8082]}}, [response_received])
20:29:03.005 [reactor-http-nio-11] DEBUG org.springframework.web.reactive.function.client.ExchangeFunctions - [1e0f7d7c] Response 200 OK
20:29:03.006 [reactor-http-nio-11] DEBUG reactor.netty.channel.FluxReceive - [id: 0xad770be0, L:/127.0.0.1:49869 - R:localhost/127.0.0.1:8082] Subscribing inbound receiver [pending: 0, cancelled:false, inboundDone: false]
20:29:03.006 [reactor-http-nio-11] DEBUG reactor.netty.http.client.HttpClientOperations - [id: 0xad770be0, L:/127.0.0.1:49869 - R:localhost/127.0.0.1:8082] Received last HTTP packet
20:29:03.007 [reactor-http-nio-11] DEBUG org.springframework.core.codec.StringDecoder - [1e0f7d7c] Decoded "270"
20:29:03.007 [reactor-http-nio-11] DEBUG reactor.netty.resources.PooledConnectionProvider - [id: 0xad770be0, L:/127.0.0.1:49869 - R:localhost/127.0.0.1:8082] onStateChange(GET{uri=/getAttractionRewardPoints?attractionId=577f2cc4-4d3e-4989-8034-bcc0762428e9&userId=1f958bd7-f7e7-4ce0-8ef3-1faefb01a470, connection=PooledConnection{channel=[id: 0xad770be0, L:/127.0.0.1:49869 - R:localhost/127.0.0.1:8082]}}, [disconnecting])
20:29:03.007 [reactor-http-nio-11] DEBUG reactor.netty.resources.PooledConnectionProvider - [id: 0xad770be0, L:/127.0.0.1:49869 - R:localhost/127.0.0.1:8082] Releasing channel
20:29:03.007 [reactor-http-nio-11] DEBUG reactor.netty.resources.PooledConnectionProvider - [id: 0xad770be0, L:/127.0.0.1:49869 - R:localhost/127.0.0.1:8082] Channel cleaned, now 1 active connections and 1 inactive connections
20:29:03.009 [pool-10-thread-1] DEBUG org.springframework.web.reactive.function.client.ExchangeFunctions - [631f487f] HTTP GET http://localhost:8082/getAttractionRewardPoints?attractionId=3aece699-0f4c-4c6a-8c38-953a890af763&userId=1f958bd7-f7e7-4ce0-8ef3-1faefb01a470
20:29:03.009 [reactor-http-nio-11] DEBUG reactor.netty.resources.PooledConnectionProvider - [id: 0xad770be0, L:/127.0.0.1:49869 - R:localhost/127.0.0.1:8082] Channel acquired, now 2 active connections and 0 inactive connections
20:29:03.009 [reactor-http-nio-11] DEBUG reactor.netty.http.client.HttpClientConnect - [id: 0xad770be0, L:/127.0.0.1:49869 - R:localhost/127.0.0.1:8082] Handler is being applied: {uri=http://localhost:8082/getAttractionRewardPoints?attractionId=3aece699-0f4c-4c6a-8c38-953a890af763&userId=1f958bd7-f7e7-4ce0-8ef3-1faefb01a470, method=GET}
20:29:03.010 [reactor-http-nio-11] DEBUG reactor.netty.resources.PooledConnectionProvider - [id: 0xad770be0, L:/127.0.0.1:49869 - R:localhost/127.0.0.1:8082] onStateChange(GET{uri=/getAttractionRewardPoints?attractionId=3aece699-0f4c-4c6a-8c38-953a890af763&userId=1f958bd7-f7e7-4ce0-8ef3-1faefb01a470, connection=PooledConnection{channel=[id: 0xad770be0, L:/127.0.0.1:49869 - R:localhost/127.0.0.1:8082]}}, [request_sent])
20:29:03.624 [reactor-http-nio-11] DEBUG reactor.netty.http.client.HttpClientOperations - [id: 0xad770be0, L:/127.0.0.1:49869 - R:localhost/127.0.0.1:8082] Received response (auto-read:false) : [Content-Type=application/json, Transfer-Encoding=chunked, Date=Tue, 29 Jun 2021 14:59:03 GMT]
20:29:03.624 [reactor-http-nio-11] DEBUG reactor.netty.resources.PooledConnectionProvider - [id: 0xad770be0, L:/127.0.0.1:49869 - R:localhost/127.0.0.1:8082] onStateChange(GET{uri=/getAttractionRewardPoints?attractionId=3aece699-0f4c-4c6a-8c38-953a890af763&userId=1f958bd7-f7e7-4ce0-8ef3-1faefb01a470, connection=PooledConnection{channel=[id: 0xad770be0, L:/127.0.0.1:49869 - R:localhost/127.0.0.1:8082]}}, [response_received])
20:29:03.625 [reactor-http-nio-11] DEBUG org.springframework.web.reactive.function.client.ExchangeFunctions - [631f487f] Response 200 OK
20:29:03.626 [reactor-http-nio-11] DEBUG reactor.netty.channel.FluxReceive - [id: 0xad770be0, L:/127.0.0.1:49869 - R:localhost/127.0.0.1:8082] Subscribing inbound receiver [pending: 0, cancelled:false, inboundDone: false]
20:29:03.627 [reactor-http-nio-11] DEBUG reactor.netty.http.client.HttpClientOperations - [id: 0xad770be0, L:/127.0.0.1:49869 - R:localhost/127.0.0.1:8082] Received last HTTP packet
20:29:03.627 [reactor-http-nio-11] DEBUG org.springframework.core.codec.StringDecoder - [631f487f] Decoded "182"
20:29:03.627 [reactor-http-nio-11] DEBUG reactor.netty.resources.PooledConnectionProvider - [id: 0xad770be0, L:/127.0.0.1:49869 - R:localhost/127.0.0.1:8082] onStateChange(GET{uri=/getAttractionRewardPoints?attractionId=3aece699-0f4c-4c6a-8c38-953a890af763&userId=1f958bd7-f7e7-4ce0-8ef3-1faefb01a470, connection=PooledConnection{channel=[id: 0xad770be0, L:/127.0.0.1:49869 - R:localhost/127.0.0.1:8082]}}, [disconnecting])
20:29:03.628 [reactor-http-nio-11] DEBUG reactor.netty.resources.PooledConnectionProvider - [id: 0xad770be0, L:/127.0.0.1:49869 - R:localhost/127.0.0.1:8082] Releasing channel
20:29:03.628 [reactor-http-nio-11] DEBUG reactor.netty.resources.PooledConnectionProvider - [id: 0xad770be0, L:/127.0.0.1:49869 - R:localhost/127.0.0.1:8082] Channel cleaned, now 1 active connections and 1 inactive connections
20:29:03.629 [pool-10-thread-1] DEBUG org.springframework.web.reactive.function.client.ExchangeFunctions - [2fdb8314] HTTP GET http://localhost:8082/getAttractionRewardPoints?attractionId=1fef0c6b-aa3d-47af-9c8f-422810ce2307&userId=1f958bd7-f7e7-4ce0-8ef3-1faefb01a470
20:29:03.630 [reactor-http-nio-11] DEBUG reactor.netty.resources.PooledConnectionProvider - [id: 0xad770be0, L:/127.0.0.1:49869 - R:localhost/127.0.0.1:8082] Channel acquired, now 2 active connections and 0 inactive connections
20:29:03.630 [reactor-http-nio-11] DEBUG reactor.netty.http.client.HttpClientConnect - [id: 0xad770be0, L:/127.0.0.1:49869 - R:localhost/127.0.0.1:8082] Handler is being applied: {uri=http://localhost:8082/getAttractionRewardPoints?attractionId=1fef0c6b-aa3d-47af-9c8f-422810ce2307&userId=1f958bd7-f7e7-4ce0-8ef3-1faefb01a470, method=GET}
20:29:03.631 [reactor-http-nio-11] DEBUG reactor.netty.resources.PooledConnectionProvider - [id: 0xad770be0, L:/127.0.0.1:49869 - R:localhost/127.0.0.1:8082] onStateChange(GET{uri=/getAttractionRewardPoints?attractionId=1fef0c6b-aa3d-47af-9c8f-422810ce2307&userId=1f958bd7-f7e7-4ce0-8ef3-1faefb01a470, connection=PooledConnection{channel=[id: 0xad770be0, L:/127.0.0.1:49869 - R:localhost/127.0.0.1:8082]}}, [request_sent])
20:29:03.649 [reactor-http-nio-11] DEBUG reactor.netty.http.client.HttpClientOperations - [id: 0x6e7a501f, L:/127.0.0.1:49867 - R:localhost/127.0.0.1:8082] Received response (auto-read:false) : [Content-Type=application/json, Transfer-Encoding=chunked, Date=Tue, 29 Jun 2021 14:59:03 GMT]
20:29:03.649 [reactor-http-nio-11] DEBUG reactor.netty.resources.PooledConnectionProvider - [id: 0x6e7a501f, L:/127.0.0.1:49867 - R:localhost/127.0.0.1:8082] onStateChange(GET{uri=/getAttractionRewardPoints?attractionId=3463464c-42a2-4f66-abb5-c3a0ebc04d40&userId=1f958bd7-f7e7-4ce0-8ef3-1faefb01a470, connection=PooledConnection{channel=[id: 0x6e7a501f, L:/127.0.0.1:49867 - R:localhost/127.0.0.1:8082]}}, [response_received])
20:29:03.649 [reactor-http-nio-11] DEBUG org.springframework.web.reactive.function.client.ExchangeFunctions - [166447ea] Response 200 OK
20:29:03.650 [reactor-http-nio-11] DEBUG reactor.netty.channel.FluxReceive - [id: 0x6e7a501f, L:/127.0.0.1:49867 - R:localhost/127.0.0.1:8082] Subscribing inbound receiver [pending: 0, cancelled:false, inboundDone: false]
20:29:03.651 [reactor-http-nio-11] DEBUG reactor.netty.http.client.HttpClientOperations - [id: 0x6e7a501f, L:/127.0.0.1:49867 - R:localhost/127.0.0.1:8082] Received last HTTP packet
20:29:03.651 [reactor-http-nio-11] DEBUG org.springframework.core.codec.StringDecoder - [166447ea] Decoded "536"
20:29:03.651 [reactor-http-nio-11] DEBUG reactor.netty.resources.PooledConnectionProvider - [id: 0x6e7a501f, L:/127.0.0.1:49867 - R:localhost/127.0.0.1:8082] onStateChange(GET{uri=/getAttractionRewardPoints?attractionId=3463464c-42a2-4f66-abb5-c3a0ebc04d40&userId=1f958bd7-f7e7-4ce0-8ef3-1faefb01a470, connection=PooledConnection{channel=[id: 0x6e7a501f, L:/127.0.0.1:49867 - R:localhost/127.0.0.1:8082]}}, [disconnecting])
20:29:03.652 [reactor-http-nio-11] DEBUG reactor.netty.resources.PooledConnectionProvider - [id: 0x6e7a501f, L:/127.0.0.1:49867 - R:localhost/127.0.0.1:8082] Releasing channel
20:29:03.652 [reactor-http-nio-11] DEBUG reactor.netty.resources.PooledConnectionProvider - [id: 0x6e7a501f, L:/127.0.0.1:49867 - R:localhost/127.0.0.1:8082] Channel cleaned, now 1 active connections and 1 inactive connections
20:29:03.653 [Test worker] DEBUG org.springframework.web.reactive.function.client.ExchangeFunctions - [531bd7d5] HTTP GET http://localhost:8082/getAttractionRewardPoints?attractionId=786679c1-9859-4187-8371-fa685106a915&userId=1f958bd7-f7e7-4ce0-8ef3-1faefb01a470
20:29:03.654 [reactor-http-nio-11] DEBUG reactor.netty.resources.PooledConnectionProvider - [id: 0x6e7a501f, L:/127.0.0.1:49867 - R:localhost/127.0.0.1:8082] Channel acquired, now 2 active connections and 0 inactive connections
20:29:03.654 [reactor-http-nio-11] DEBUG reactor.netty.http.client.HttpClientConnect - [id: 0x6e7a501f, L:/127.0.0.1:49867 - R:localhost/127.0.0.1:8082] Handler is being applied: {uri=http://localhost:8082/getAttractionRewardPoints?attractionId=786679c1-9859-4187-8371-fa685106a915&userId=1f958bd7-f7e7-4ce0-8ef3-1faefb01a470, method=GET}
20:29:03.656 [reactor-http-nio-11] DEBUG reactor.netty.resources.PooledConnectionProvider - [id: 0x6e7a501f, L:/127.0.0.1:49867 - R:localhost/127.0.0.1:8082] onStateChange(GET{uri=/getAttractionRewardPoints?attractionId=786679c1-9859-4187-8371-fa685106a915&userId=1f958bd7-f7e7-4ce0-8ef3-1faefb01a470, connection=PooledConnection{channel=[id: 0x6e7a501f, L:/127.0.0.1:49867 - R:localhost/127.0.0.1:8082]}}, [request_sent])
20:29:04.081 [reactor-http-nio-11] DEBUG reactor.netty.http.client.HttpClientOperations - [id: 0xad770be0, L:/127.0.0.1:49869 - R:localhost/127.0.0.1:8082] Received response (auto-read:false) : [Content-Type=application/json, Transfer-Encoding=chunked, Date=Tue, 29 Jun 2021 14:59:04 GMT]
20:29:04.081 [reactor-http-nio-11] DEBUG reactor.netty.resources.PooledConnectionProvider - [id: 0xad770be0, L:/127.0.0.1:49869 - R:localhost/127.0.0.1:8082] onStateChange(GET{uri=/getAttractionRewardPoints?attractionId=1fef0c6b-aa3d-47af-9c8f-422810ce2307&userId=1f958bd7-f7e7-4ce0-8ef3-1faefb01a470, connection=PooledConnection{channel=[id: 0xad770be0, L:/127.0.0.1:49869 - R:localhost/127.0.0.1:8082]}}, [response_received])
20:29:04.081 [reactor-http-nio-11] DEBUG org.springframework.web.reactive.function.client.ExchangeFunctions - [2fdb8314] Response 200 OK
20:29:04.082 [reactor-http-nio-11] DEBUG reactor.netty.channel.FluxReceive - [id: 0xad770be0, L:/127.0.0.1:49869 - R:localhost/127.0.0.1:8082] Subscribing inbound receiver [pending: 0, cancelled:false, inboundDone: false]
20:29:04.083 [reactor-http-nio-11] DEBUG reactor.netty.http.client.HttpClientOperations - [id: 0xad770be0, L:/127.0.0.1:49869 - R:localhost/127.0.0.1:8082] Received last HTTP packet
20:29:04.083 [reactor-http-nio-11] DEBUG org.springframework.core.codec.StringDecoder - [2fdb8314] Decoded "495"
20:29:04.084 [reactor-http-nio-11] DEBUG reactor.netty.resources.PooledConnectionProvider - [id: 0xad770be0, L:/127.0.0.1:49869 - R:localhost/127.0.0.1:8082] onStateChange(GET{uri=/getAttractionRewardPoints?attractionId=1fef0c6b-aa3d-47af-9c8f-422810ce2307&userId=1f958bd7-f7e7-4ce0-8ef3-1faefb01a470, connection=PooledConnection{channel=[id: 0xad770be0, L:/127.0.0.1:49869 - R:localhost/127.0.0.1:8082]}}, [disconnecting])
20:29:04.084 [reactor-http-nio-11] DEBUG reactor.netty.resources.PooledConnectionProvider - [id: 0xad770be0, L:/127.0.0.1:49869 - R:localhost/127.0.0.1:8082] Releasing channel
20:29:04.084 [reactor-http-nio-11] DEBUG reactor.netty.resources.PooledConnectionProvider - [id: 0xad770be0, L:/127.0.0.1:49869 - R:localhost/127.0.0.1:8082] Channel cleaned, now 1 active connections and 1 inactive connections
20:29:04.085 [pool-10-thread-1] DEBUG org.springframework.web.reactive.function.client.ExchangeFunctions - [1b21e8b6] HTTP GET http://localhost:8082/getAttractionRewardPoints?attractionId=e49aea99-ccc8-4a99-8914-407bddd145f8&userId=1f958bd7-f7e7-4ce0-8ef3-1faefb01a470
20:29:04.086 [reactor-http-nio-11] DEBUG reactor.netty.resources.PooledConnectionProvider - [id: 0xad770be0, L:/127.0.0.1:49869 - R:localhost/127.0.0.1:8082] Channel acquired, now 2 active connections and 0 inactive connections
20:29:04.086 [reactor-http-nio-11] DEBUG reactor.netty.http.client.HttpClientConnect - [id: 0xad770be0, L:/127.0.0.1:49869 - R:localhost/127.0.0.1:8082] Handler is being applied: {uri=http://localhost:8082/getAttractionRewardPoints?attractionId=e49aea99-ccc8-4a99-8914-407bddd145f8&userId=1f958bd7-f7e7-4ce0-8ef3-1faefb01a470, method=GET}
20:29:04.087 [reactor-http-nio-11] DEBUG reactor.netty.resources.PooledConnectionProvider - [id: 0xad770be0, L:/127.0.0.1:49869 - R:localhost/127.0.0.1:8082] onStateChange(GET{uri=/getAttractionRewardPoints?attractionId=e49aea99-ccc8-4a99-8914-407bddd145f8&userId=1f958bd7-f7e7-4ce0-8ef3-1faefb01a470, connection=PooledConnection{channel=[id: 0xad770be0, L:/127.0.0.1:49869 - R:localhost/127.0.0.1:8082]}}, [request_sent])
20:29:04.520 [reactor-http-nio-11] DEBUG reactor.netty.http.client.HttpClientOperations - [id: 0x6e7a501f, L:/127.0.0.1:49867 - R:localhost/127.0.0.1:8082] Received response (auto-read:false) : [Content-Type=application/json, Transfer-Encoding=chunked, Date=Tue, 29 Jun 2021 14:59:04 GMT]
20:29:04.521 [reactor-http-nio-11] DEBUG reactor.netty.resources.PooledConnectionProvider - [id: 0x6e7a501f, L:/127.0.0.1:49867 - R:localhost/127.0.0.1:8082] onStateChange(GET{uri=/getAttractionRewardPoints?attractionId=786679c1-9859-4187-8371-fa685106a915&userId=1f958bd7-f7e7-4ce0-8ef3-1faefb01a470, connection=PooledConnection{channel=[id: 0x6e7a501f, L:/127.0.0.1:49867 - R:localhost/127.0.0.1:8082]}}, [response_received])
20:29:04.521 [reactor-http-nio-11] DEBUG org.springframework.web.reactive.function.client.ExchangeFunctions - [531bd7d5] Response 200 OK
20:29:04.522 [reactor-http-nio-11] DEBUG reactor.netty.channel.FluxReceive - [id: 0x6e7a501f, L:/127.0.0.1:49867 - R:localhost/127.0.0.1:8082] Subscribing inbound receiver [pending: 0, cancelled:false, inboundDone: false]
20:29:04.522 [reactor-http-nio-11] DEBUG reactor.netty.http.client.HttpClientOperations - [id: 0x6e7a501f, L:/127.0.0.1:49867 - R:localhost/127.0.0.1:8082] Received last HTTP packet
20:29:04.523 [reactor-http-nio-11] DEBUG org.springframework.core.codec.StringDecoder - [531bd7d5] Decoded "597"
20:29:04.523 [reactor-http-nio-11] DEBUG reactor.netty.resources.PooledConnectionProvider - [id: 0x6e7a501f, L:/127.0.0.1:49867 - R:localhost/127.0.0.1:8082] onStateChange(GET{uri=/getAttractionRewardPoints?attractionId=786679c1-9859-4187-8371-fa685106a915&userId=1f958bd7-f7e7-4ce0-8ef3-1faefb01a470, connection=PooledConnection{channel=[id: 0x6e7a501f, L:/127.0.0.1:49867 - R:localhost/127.0.0.1:8082]}}, [disconnecting])
20:29:04.523 [reactor-http-nio-11] DEBUG reactor.netty.resources.PooledConnectionProvider - [id: 0x6e7a501f, L:/127.0.0.1:49867 - R:localhost/127.0.0.1:8082] Releasing channel
20:29:04.523 [reactor-http-nio-11] DEBUG reactor.netty.resources.PooledConnectionProvider - [id: 0x6e7a501f, L:/127.0.0.1:49867 - R:localhost/127.0.0.1:8082] Channel cleaned, now 1 active connections and 1 inactive connections
20:29:04.524 [Test worker] DEBUG org.springframework.web.reactive.function.client.ExchangeFunctions - [3ac78a3e] HTTP GET http://localhost:8082/getAttractionRewardPoints?attractionId=4abccd1a-5f1f-423a-9cbb-b811728e3470&userId=1f958bd7-f7e7-4ce0-8ef3-1faefb01a470
20:29:04.525 [reactor-http-nio-11] DEBUG reactor.netty.resources.PooledConnectionProvider - [id: 0x6e7a501f, L:/127.0.0.1:49867 - R:localhost/127.0.0.1:8082] Channel acquired, now 2 active connections and 0 inactive connections
20:29:04.525 [reactor-http-nio-11] DEBUG reactor.netty.http.client.HttpClientConnect - [id: 0x6e7a501f, L:/127.0.0.1:49867 - R:localhost/127.0.0.1:8082] Handler is being applied: {uri=http://localhost:8082/getAttractionRewardPoints?attractionId=4abccd1a-5f1f-423a-9cbb-b811728e3470&userId=1f958bd7-f7e7-4ce0-8ef3-1faefb01a470, method=GET}
20:29:04.526 [reactor-http-nio-11] DEBUG reactor.netty.resources.PooledConnectionProvider - [id: 0x6e7a501f, L:/127.0.0.1:49867 - R:localhost/127.0.0.1:8082] onStateChange(GET{uri=/getAttractionRewardPoints?attractionId=4abccd1a-5f1f-423a-9cbb-b811728e3470&userId=1f958bd7-f7e7-4ce0-8ef3-1faefb01a470, connection=PooledConnection{channel=[id: 0x6e7a501f, L:/127.0.0.1:49867 - R:localhost/127.0.0.1:8082]}}, [request_sent])
20:29:04.747 [reactor-http-nio-11] DEBUG reactor.netty.http.client.HttpClientOperations - [id: 0xad770be0, L:/127.0.0.1:49869 - R:localhost/127.0.0.1:8082] Received response (auto-read:false) : [Content-Type=application/json, Transfer-Encoding=chunked, Date=Tue, 29 Jun 2021 14:59:04 GMT]
20:29:04.747 [reactor-http-nio-11] DEBUG reactor.netty.resources.PooledConnectionProvider - [id: 0xad770be0, L:/127.0.0.1:49869 - R:localhost/127.0.0.1:8082] onStateChange(GET{uri=/getAttractionRewardPoints?attractionId=e49aea99-ccc8-4a99-8914-407bddd145f8&userId=1f958bd7-f7e7-4ce0-8ef3-1faefb01a470, connection=PooledConnection{channel=[id: 0xad770be0, L:/127.0.0.1:49869 - R:localhost/127.0.0.1:8082]}}, [response_received])
20:29:04.747 [reactor-http-nio-11] DEBUG org.springframework.web.reactive.function.client.ExchangeFunctions - [1b21e8b6] Response 200 OK
20:29:04.748 [reactor-http-nio-11] DEBUG reactor.netty.channel.FluxReceive - [id: 0xad770be0, L:/127.0.0.1:49869 - R:localhost/127.0.0.1:8082] Subscribing inbound receiver [pending: 0, cancelled:false, inboundDone: false]
20:29:04.749 [reactor-http-nio-11] DEBUG reactor.netty.http.client.HttpClientOperations - [id: 0xad770be0, L:/127.0.0.1:49869 - R:localhost/127.0.0.1:8082] Received last HTTP packet
20:29:04.749 [reactor-http-nio-11] DEBUG org.springframework.core.codec.StringDecoder - [1b21e8b6] Decoded "74"
20:29:04.749 [reactor-http-nio-11] DEBUG reactor.netty.resources.PooledConnectionProvider - [id: 0xad770be0, L:/127.0.0.1:49869 - R:localhost/127.0.0.1:8082] onStateChange(GET{uri=/getAttractionRewardPoints?attractionId=e49aea99-ccc8-4a99-8914-407bddd145f8&userId=1f958bd7-f7e7-4ce0-8ef3-1faefb01a470, connection=PooledConnection{channel=[id: 0xad770be0, L:/127.0.0.1:49869 - R:localhost/127.0.0.1:8082]}}, [disconnecting])
20:29:04.749 [reactor-http-nio-11] DEBUG reactor.netty.resources.PooledConnectionProvider - [id: 0xad770be0, L:/127.0.0.1:49869 - R:localhost/127.0.0.1:8082] Releasing channel
20:29:04.749 [reactor-http-nio-11] DEBUG reactor.netty.resources.PooledConnectionProvider - [id: 0xad770be0, L:/127.0.0.1:49869 - R:localhost/127.0.0.1:8082] Channel cleaned, now 1 active connections and 1 inactive connections
20:29:04.750 [pool-10-thread-1] DEBUG org.springframework.web.reactive.function.client.ExchangeFunctions - [7e208233] HTTP GET http://localhost:8082/getAttractionRewardPoints?attractionId=45a76d76-d290-44b1-89a1-2894afc34f09&userId=1f958bd7-f7e7-4ce0-8ef3-1faefb01a470
20:29:04.751 [reactor-http-nio-11] DEBUG reactor.netty.resources.PooledConnectionProvider - [id: 0xad770be0, L:/127.0.0.1:49869 - R:localhost/127.0.0.1:8082] Channel acquired, now 2 active connections and 0 inactive connections
20:29:04.751 [reactor-http-nio-11] DEBUG reactor.netty.http.client.HttpClientConnect - [id: 0xad770be0, L:/127.0.0.1:49869 - R:localhost/127.0.0.1:8082] Handler is being applied: {uri=http://localhost:8082/getAttractionRewardPoints?attractionId=45a76d76-d290-44b1-89a1-2894afc34f09&userId=1f958bd7-f7e7-4ce0-8ef3-1faefb01a470, method=GET}
20:29:04.752 [reactor-http-nio-11] DEBUG reactor.netty.resources.PooledConnectionProvider - [id: 0xad770be0, L:/127.0.0.1:49869 - R:localhost/127.0.0.1:8082] onStateChange(GET{uri=/getAttractionRewardPoints?attractionId=45a76d76-d290-44b1-89a1-2894afc34f09&userId=1f958bd7-f7e7-4ce0-8ef3-1faefb01a470, connection=PooledConnection{channel=[id: 0xad770be0, L:/127.0.0.1:49869 - R:localhost/127.0.0.1:8082]}}, [request_sent])
20:29:04.830 [reactor-http-nio-11] DEBUG reactor.netty.http.client.HttpClientOperations - [id: 0x6e7a501f, L:/127.0.0.1:49867 - R:localhost/127.0.0.1:8082] Received response (auto-read:false) : [Content-Type=application/json, Transfer-Encoding=chunked, Date=Tue, 29 Jun 2021 14:59:04 GMT]
20:29:04.830 [reactor-http-nio-11] DEBUG reactor.netty.resources.PooledConnectionProvider - [id: 0x6e7a501f, L:/127.0.0.1:49867 - R:localhost/127.0.0.1:8082] onStateChange(GET{uri=/getAttractionRewardPoints?attractionId=4abccd1a-5f1f-423a-9cbb-b811728e3470&userId=1f958bd7-f7e7-4ce0-8ef3-1faefb01a470, connection=PooledConnection{channel=[id: 0x6e7a501f, L:/127.0.0.1:49867 - R:localhost/127.0.0.1:8082]}}, [response_received])
20:29:04.831 [reactor-http-nio-11] DEBUG org.springframework.web.reactive.function.client.ExchangeFunctions - [3ac78a3e] Response 200 OK
20:29:04.831 [reactor-http-nio-11] DEBUG reactor.netty.channel.FluxReceive - [id: 0x6e7a501f, L:/127.0.0.1:49867 - R:localhost/127.0.0.1:8082] Subscribing inbound receiver [pending: 0, cancelled:false, inboundDone: false]
20:29:04.832 [reactor-http-nio-11] DEBUG reactor.netty.http.client.HttpClientOperations - [id: 0x6e7a501f, L:/127.0.0.1:49867 - R:localhost/127.0.0.1:8082] Received last HTTP packet
20:29:04.833 [reactor-http-nio-11] DEBUG org.springframework.core.codec.StringDecoder - [3ac78a3e] Decoded "760"
20:29:04.833 [reactor-http-nio-11] DEBUG reactor.netty.resources.PooledConnectionProvider - [id: 0x6e7a501f, L:/127.0.0.1:49867 - R:localhost/127.0.0.1:8082] onStateChange(GET{uri=/getAttractionRewardPoints?attractionId=4abccd1a-5f1f-423a-9cbb-b811728e3470&userId=1f958bd7-f7e7-4ce0-8ef3-1faefb01a470, connection=PooledConnection{channel=[id: 0x6e7a501f, L:/127.0.0.1:49867 - R:localhost/127.0.0.1:8082]}}, [disconnecting])
20:29:04.833 [reactor-http-nio-11] DEBUG reactor.netty.resources.PooledConnectionProvider - [id: 0x6e7a501f, L:/127.0.0.1:49867 - R:localhost/127.0.0.1:8082] Releasing channel
20:29:04.833 [reactor-http-nio-11] DEBUG reactor.netty.resources.PooledConnectionProvider - [id: 0x6e7a501f, L:/127.0.0.1:49867 - R:localhost/127.0.0.1:8082] Channel cleaned, now 1 active connections and 1 inactive connections
20:29:04.834 [Test worker] DEBUG org.springframework.web.reactive.function.client.ExchangeFunctions - [7537f1db] HTTP GET http://localhost:8082/getAttractionRewardPoints?attractionId=355df6e3-a3c1-4fd2-8a84-d9689d323d4c&userId=1f958bd7-f7e7-4ce0-8ef3-1faefb01a470
20:29:04.835 [reactor-http-nio-11] DEBUG reactor.netty.resources.PooledConnectionProvider - [id: 0x6e7a501f, L:/127.0.0.1:49867 - R:localhost/127.0.0.1:8082] Channel acquired, now 2 active connections and 0 inactive connections
20:29:04.835 [reactor-http-nio-11] DEBUG reactor.netty.http.client.HttpClientConnect - [id: 0x6e7a501f, L:/127.0.0.1:49867 - R:localhost/127.0.0.1:8082] Handler is being applied: {uri=http://localhost:8082/getAttractionRewardPoints?attractionId=355df6e3-a3c1-4fd2-8a84-d9689d323d4c&userId=1f958bd7-f7e7-4ce0-8ef3-1faefb01a470, method=GET}
20:29:04.837 [reactor-http-nio-11] DEBUG reactor.netty.resources.PooledConnectionProvider - [id: 0x6e7a501f, L:/127.0.0.1:49867 - R:localhost/127.0.0.1:8082] onStateChange(GET{uri=/getAttractionRewardPoints?attractionId=355df6e3-a3c1-4fd2-8a84-d9689d323d4c&userId=1f958bd7-f7e7-4ce0-8ef3-1faefb01a470, connection=PooledConnection{channel=[id: 0x6e7a501f, L:/127.0.0.1:49867 - R:localhost/127.0.0.1:8082]}}, [request_sent])
20:29:05.140 [reactor-http-nio-11] DEBUG reactor.netty.http.client.HttpClientOperations - [id: 0x6e7a501f, L:/127.0.0.1:49867 - R:localhost/127.0.0.1:8082] Received response (auto-read:false) : [Content-Type=application/json, Transfer-Encoding=chunked, Date=Tue, 29 Jun 2021 14:59:05 GMT]
20:29:05.140 [reactor-http-nio-11] DEBUG reactor.netty.resources.PooledConnectionProvider - [id: 0x6e7a501f, L:/127.0.0.1:49867 - R:localhost/127.0.0.1:8082] onStateChange(GET{uri=/getAttractionRewardPoints?attractionId=355df6e3-a3c1-4fd2-8a84-d9689d323d4c&userId=1f958bd7-f7e7-4ce0-8ef3-1faefb01a470, connection=PooledConnection{channel=[id: 0x6e7a501f, L:/127.0.0.1:49867 - R:localhost/127.0.0.1:8082]}}, [response_received])
20:29:05.140 [reactor-http-nio-11] DEBUG org.springframework.web.reactive.function.client.ExchangeFunctions - [7537f1db] Response 200 OK
20:29:05.141 [reactor-http-nio-11] DEBUG reactor.netty.channel.FluxReceive - [id: 0x6e7a501f, L:/127.0.0.1:49867 - R:localhost/127.0.0.1:8082] Subscribing inbound receiver [pending: 0, cancelled:false, inboundDone: false]
20:29:05.142 [reactor-http-nio-11] DEBUG reactor.netty.http.client.HttpClientOperations - [id: 0x6e7a501f, L:/127.0.0.1:49867 - R:localhost/127.0.0.1:8082] Received last HTTP packet
20:29:05.142 [reactor-http-nio-11] DEBUG org.springframework.core.codec.StringDecoder - [7537f1db] Decoded "855"
20:29:05.142 [reactor-http-nio-11] DEBUG reactor.netty.resources.PooledConnectionProvider - [id: 0x6e7a501f, L:/127.0.0.1:49867 - R:localhost/127.0.0.1:8082] onStateChange(GET{uri=/getAttractionRewardPoints?attractionId=355df6e3-a3c1-4fd2-8a84-d9689d323d4c&userId=1f958bd7-f7e7-4ce0-8ef3-1faefb01a470, connection=PooledConnection{channel=[id: 0x6e7a501f, L:/127.0.0.1:49867 - R:localhost/127.0.0.1:8082]}}, [disconnecting])
20:29:05.142 [reactor-http-nio-11] DEBUG reactor.netty.resources.PooledConnectionProvider - [id: 0x6e7a501f, L:/127.0.0.1:49867 - R:localhost/127.0.0.1:8082] Releasing channel
20:29:05.142 [reactor-http-nio-11] DEBUG reactor.netty.resources.PooledConnectionProvider - [id: 0x6e7a501f, L:/127.0.0.1:49867 - R:localhost/127.0.0.1:8082] Channel cleaned, now 1 active connections and 1 inactive connections
20:29:05.144 [Test worker] DEBUG org.springframework.web.reactive.function.client.ExchangeFunctions - [41d8b380] HTTP GET http://localhost:8082/getAttractionRewardPoints?attractionId=11855c85-5131-4325-89b9-fff172bdf266&userId=1f958bd7-f7e7-4ce0-8ef3-1faefb01a470
20:29:05.145 [reactor-http-nio-11] DEBUG reactor.netty.resources.PooledConnectionProvider - [id: 0x6e7a501f, L:/127.0.0.1:49867 - R:localhost/127.0.0.1:8082] Channel acquired, now 2 active connections and 0 inactive connections
20:29:05.145 [reactor-http-nio-11] DEBUG reactor.netty.http.client.HttpClientConnect - [id: 0x6e7a501f, L:/127.0.0.1:49867 - R:localhost/127.0.0.1:8082] Handler is being applied: {uri=http://localhost:8082/getAttractionRewardPoints?attractionId=11855c85-5131-4325-89b9-fff172bdf266&userId=1f958bd7-f7e7-4ce0-8ef3-1faefb01a470, method=GET}
20:29:05.146 [reactor-http-nio-11] DEBUG reactor.netty.resources.PooledConnectionProvider - [id: 0x6e7a501f, L:/127.0.0.1:49867 - R:localhost/127.0.0.1:8082] onStateChange(GET{uri=/getAttractionRewardPoints?attractionId=11855c85-5131-4325-89b9-fff172bdf266&userId=1f958bd7-f7e7-4ce0-8ef3-1faefb01a470, connection=PooledConnection{channel=[id: 0x6e7a501f, L:/127.0.0.1:49867 - R:localhost/127.0.0.1:8082]}}, [request_sent])
20:29:05.649 [reactor-http-nio-11] DEBUG reactor.netty.http.client.HttpClientOperations - [id: 0xad770be0, L:/127.0.0.1:49869 - R:localhost/127.0.0.1:8082] Received response (auto-read:false) : [Content-Type=application/json, Transfer-Encoding=chunked, Date=Tue, 29 Jun 2021 14:59:05 GMT]
20:29:05.650 [reactor-http-nio-11] DEBUG reactor.netty.resources.PooledConnectionProvider - [id: 0xad770be0, L:/127.0.0.1:49869 - R:localhost/127.0.0.1:8082] onStateChange(GET{uri=/getAttractionRewardPoints?attractionId=45a76d76-d290-44b1-89a1-2894afc34f09&userId=1f958bd7-f7e7-4ce0-8ef3-1faefb01a470, connection=PooledConnection{channel=[id: 0xad770be0, L:/127.0.0.1:49869 - R:localhost/127.0.0.1:8082]}}, [response_received])
20:29:05.650 [reactor-http-nio-11] DEBUG org.springframework.web.reactive.function.client.ExchangeFunctions - [7e208233] Response 200 OK
20:29:05.651 [reactor-http-nio-11] DEBUG reactor.netty.channel.FluxReceive - [id: 0xad770be0, L:/127.0.0.1:49869 - R:localhost/127.0.0.1:8082] Subscribing inbound receiver [pending: 0, cancelled:false, inboundDone: false]
20:29:05.651 [reactor-http-nio-11] DEBUG reactor.netty.http.client.HttpClientOperations - [id: 0xad770be0, L:/127.0.0.1:49869 - R:localhost/127.0.0.1:8082] Received last HTTP packet
20:29:05.652 [reactor-http-nio-11] DEBUG org.springframework.core.codec.StringDecoder - [7e208233] Decoded "746"
20:29:05.652 [reactor-http-nio-11] DEBUG reactor.netty.resources.PooledConnectionProvider - [id: 0xad770be0, L:/127.0.0.1:49869 - R:localhost/127.0.0.1:8082] onStateChange(GET{uri=/getAttractionRewardPoints?attractionId=45a76d76-d290-44b1-89a1-2894afc34f09&userId=1f958bd7-f7e7-4ce0-8ef3-1faefb01a470, connection=PooledConnection{channel=[id: 0xad770be0, L:/127.0.0.1:49869 - R:localhost/127.0.0.1:8082]}}, [disconnecting])
20:29:05.652 [reactor-http-nio-11] DEBUG reactor.netty.resources.PooledConnectionProvider - [id: 0xad770be0, L:/127.0.0.1:49869 - R:localhost/127.0.0.1:8082] Releasing channel
20:29:05.652 [reactor-http-nio-11] DEBUG reactor.netty.resources.PooledConnectionProvider - [id: 0xad770be0, L:/127.0.0.1:49869 - R:localhost/127.0.0.1:8082] Channel cleaned, now 1 active connections and 1 inactive connections
20:29:05.653 [pool-10-thread-1] DEBUG org.springframework.web.reactive.function.client.ExchangeFunctions - [67e56138] HTTP GET http://localhost:8082/getAttractionRewardPoints?attractionId=95b6a376-b998-48c6-833f-81167af6c66d&userId=1f958bd7-f7e7-4ce0-8ef3-1faefb01a470
20:29:05.654 [reactor-http-nio-11] DEBUG reactor.netty.resources.PooledConnectionProvider - [id: 0xad770be0, L:/127.0.0.1:49869 - R:localhost/127.0.0.1:8082] Channel acquired, now 2 active connections and 0 inactive connections
20:29:05.654 [reactor-http-nio-11] DEBUG reactor.netty.http.client.HttpClientConnect - [id: 0xad770be0, L:/127.0.0.1:49869 - R:localhost/127.0.0.1:8082] Handler is being applied: {uri=http://localhost:8082/getAttractionRewardPoints?attractionId=95b6a376-b998-48c6-833f-81167af6c66d&userId=1f958bd7-f7e7-4ce0-8ef3-1faefb01a470, method=GET}
20:29:05.655 [reactor-http-nio-11] DEBUG reactor.netty.resources.PooledConnectionProvider - [id: 0xad770be0, L:/127.0.0.1:49869 - R:localhost/127.0.0.1:8082] onStateChange(GET{uri=/getAttractionRewardPoints?attractionId=95b6a376-b998-48c6-833f-81167af6c66d&userId=1f958bd7-f7e7-4ce0-8ef3-1faefb01a470, connection=PooledConnection{channel=[id: 0xad770be0, L:/127.0.0.1:49869 - R:localhost/127.0.0.1:8082]}}, [request_sent])
20:29:05.764 [reactor-http-nio-11] DEBUG reactor.netty.http.client.HttpClientOperations - [id: 0x6e7a501f, L:/127.0.0.1:49867 - R:localhost/127.0.0.1:8082] Received response (auto-read:false) : [Content-Type=application/json, Transfer-Encoding=chunked, Date=Tue, 29 Jun 2021 14:59:05 GMT]
20:29:05.764 [reactor-http-nio-11] DEBUG reactor.netty.resources.PooledConnectionProvider - [id: 0x6e7a501f, L:/127.0.0.1:49867 - R:localhost/127.0.0.1:8082] onStateChange(GET{uri=/getAttractionRewardPoints?attractionId=11855c85-5131-4325-89b9-fff172bdf266&userId=1f958bd7-f7e7-4ce0-8ef3-1faefb01a470, connection=PooledConnection{channel=[id: 0x6e7a501f, L:/127.0.0.1:49867 - R:localhost/127.0.0.1:8082]}}, [response_received])
20:29:05.764 [reactor-http-nio-11] DEBUG org.springframework.web.reactive.function.client.ExchangeFunctions - [41d8b380] Response 200 OK
20:29:05.765 [reactor-http-nio-11] DEBUG reactor.netty.channel.FluxReceive - [id: 0x6e7a501f, L:/127.0.0.1:49867 - R:localhost/127.0.0.1:8082] Subscribing inbound receiver [pending: 0, cancelled:false, inboundDone: false]
20:29:05.765 [reactor-http-nio-11] DEBUG reactor.netty.http.client.HttpClientOperations - [id: 0x6e7a501f, L:/127.0.0.1:49867 - R:localhost/127.0.0.1:8082] Received last HTTP packet
20:29:05.766 [reactor-http-nio-11] DEBUG org.springframework.core.codec.StringDecoder - [41d8b380] Decoded "40"
20:29:05.766 [reactor-http-nio-11] DEBUG reactor.netty.resources.PooledConnectionProvider - [id: 0x6e7a501f, L:/127.0.0.1:49867 - R:localhost/127.0.0.1:8082] onStateChange(GET{uri=/getAttractionRewardPoints?attractionId=11855c85-5131-4325-89b9-fff172bdf266&userId=1f958bd7-f7e7-4ce0-8ef3-1faefb01a470, connection=PooledConnection{channel=[id: 0x6e7a501f, L:/127.0.0.1:49867 - R:localhost/127.0.0.1:8082]}}, [disconnecting])
20:29:05.766 [reactor-http-nio-11] DEBUG reactor.netty.resources.PooledConnectionProvider - [id: 0x6e7a501f, L:/127.0.0.1:49867 - R:localhost/127.0.0.1:8082] Releasing channel
20:29:05.766 [reactor-http-nio-11] DEBUG reactor.netty.resources.PooledConnectionProvider - [id: 0x6e7a501f, L:/127.0.0.1:49867 - R:localhost/127.0.0.1:8082] Channel cleaned, now 1 active connections and 1 inactive connections
20:29:05.767 [Test worker] DEBUG org.springframework.web.reactive.function.client.ExchangeFunctions - [4cf07111] HTTP GET http://localhost:8082/getAttractionRewardPoints?attractionId=8e1d9891-1247-4178-95ab-70ea1c03d0f0&userId=1f958bd7-f7e7-4ce0-8ef3-1faefb01a470
20:29:05.768 [reactor-http-nio-11] DEBUG reactor.netty.resources.PooledConnectionProvider - [id: 0x6e7a501f, L:/127.0.0.1:49867 - R:localhost/127.0.0.1:8082] Channel acquired, now 2 active connections and 0 inactive connections
20:29:05.768 [reactor-http-nio-11] DEBUG reactor.netty.http.client.HttpClientConnect - [id: 0x6e7a501f, L:/127.0.0.1:49867 - R:localhost/127.0.0.1:8082] Handler is being applied: {uri=http://localhost:8082/getAttractionRewardPoints?attractionId=8e1d9891-1247-4178-95ab-70ea1c03d0f0&userId=1f958bd7-f7e7-4ce0-8ef3-1faefb01a470, method=GET}
20:29:05.770 [reactor-http-nio-11] DEBUG reactor.netty.resources.PooledConnectionProvider - [id: 0x6e7a501f, L:/127.0.0.1:49867 - R:localhost/127.0.0.1:8082] onStateChange(GET{uri=/getAttractionRewardPoints?attractionId=8e1d9891-1247-4178-95ab-70ea1c03d0f0&userId=1f958bd7-f7e7-4ce0-8ef3-1faefb01a470, connection=PooledConnection{channel=[id: 0x6e7a501f, L:/127.0.0.1:49867 - R:localhost/127.0.0.1:8082]}}, [request_sent])
20:29:06.420 [reactor-http-nio-11] DEBUG reactor.netty.http.client.HttpClientOperations - [id: 0x6e7a501f, L:/127.0.0.1:49867 - R:localhost/127.0.0.1:8082] Received response (auto-read:false) : [Content-Type=application/json, Transfer-Encoding=chunked, Date=Tue, 29 Jun 2021 14:59:06 GMT]
20:29:06.420 [reactor-http-nio-11] DEBUG reactor.netty.resources.PooledConnectionProvider - [id: 0x6e7a501f, L:/127.0.0.1:49867 - R:localhost/127.0.0.1:8082] onStateChange(GET{uri=/getAttractionRewardPoints?attractionId=8e1d9891-1247-4178-95ab-70ea1c03d0f0&userId=1f958bd7-f7e7-4ce0-8ef3-1faefb01a470, connection=PooledConnection{channel=[id: 0x6e7a501f, L:/127.0.0.1:49867 - R:localhost/127.0.0.1:8082]}}, [response_received])
20:29:06.421 [reactor-http-nio-11] DEBUG org.springframework.web.reactive.function.client.ExchangeFunctions - [4cf07111] Response 200 OK
20:29:06.421 [reactor-http-nio-11] DEBUG reactor.netty.channel.FluxReceive - [id: 0x6e7a501f, L:/127.0.0.1:49867 - R:localhost/127.0.0.1:8082] Subscribing inbound receiver [pending: 0, cancelled:false, inboundDone: false]
20:29:06.422 [reactor-http-nio-11] DEBUG reactor.netty.http.client.HttpClientOperations - [id: 0x6e7a501f, L:/127.0.0.1:49867 - R:localhost/127.0.0.1:8082] Received last HTTP packet
20:29:06.422 [reactor-http-nio-11] DEBUG org.springframework.core.codec.StringDecoder - [4cf07111] Decoded "740"
20:29:06.422 [reactor-http-nio-11] DEBUG reactor.netty.resources.PooledConnectionProvider - [id: 0x6e7a501f, L:/127.0.0.1:49867 - R:localhost/127.0.0.1:8082] onStateChange(GET{uri=/getAttractionRewardPoints?attractionId=8e1d9891-1247-4178-95ab-70ea1c03d0f0&userId=1f958bd7-f7e7-4ce0-8ef3-1faefb01a470, connection=PooledConnection{channel=[id: 0x6e7a501f, L:/127.0.0.1:49867 - R:localhost/127.0.0.1:8082]}}, [disconnecting])
20:29:06.423 [reactor-http-nio-11] DEBUG reactor.netty.resources.PooledConnectionProvider - [id: 0x6e7a501f, L:/127.0.0.1:49867 - R:localhost/127.0.0.1:8082] Releasing channel
20:29:06.423 [reactor-http-nio-11] DEBUG reactor.netty.resources.PooledConnectionProvider - [id: 0x6e7a501f, L:/127.0.0.1:49867 - R:localhost/127.0.0.1:8082] Channel cleaned, now 1 active connections and 1 inactive connections
20:29:06.424 [Test worker] DEBUG org.springframework.web.reactive.function.client.ExchangeFunctions - [4ae094cb] HTTP GET http://localhost:8082/getAttractionRewardPoints?attractionId=30bbe604-d038-4b10-b05a-74ba4bb41d86&userId=1f958bd7-f7e7-4ce0-8ef3-1faefb01a470
20:29:06.425 [reactor-http-nio-11] DEBUG reactor.netty.resources.PooledConnectionProvider - [id: 0x6e7a501f, L:/127.0.0.1:49867 - R:localhost/127.0.0.1:8082] Channel acquired, now 2 active connections and 0 inactive connections
20:29:06.425 [reactor-http-nio-11] DEBUG reactor.netty.http.client.HttpClientConnect - [id: 0x6e7a501f, L:/127.0.0.1:49867 - R:localhost/127.0.0.1:8082] Handler is being applied: {uri=http://localhost:8082/getAttractionRewardPoints?attractionId=30bbe604-d038-4b10-b05a-74ba4bb41d86&userId=1f958bd7-f7e7-4ce0-8ef3-1faefb01a470, method=GET}
20:29:06.426 [reactor-http-nio-11] DEBUG reactor.netty.resources.PooledConnectionProvider - [id: 0x6e7a501f, L:/127.0.0.1:49867 - R:localhost/127.0.0.1:8082] onStateChange(GET{uri=/getAttractionRewardPoints?attractionId=30bbe604-d038-4b10-b05a-74ba4bb41d86&userId=1f958bd7-f7e7-4ce0-8ef3-1faefb01a470, connection=PooledConnection{channel=[id: 0x6e7a501f, L:/127.0.0.1:49867 - R:localhost/127.0.0.1:8082]}}, [request_sent])
20:29:06.446 [reactor-http-nio-11] DEBUG reactor.netty.http.client.HttpClientOperations - [id: 0xad770be0, L:/127.0.0.1:49869 - R:localhost/127.0.0.1:8082] Received response (auto-read:false) : [Content-Type=application/json, Transfer-Encoding=chunked, Date=Tue, 29 Jun 2021 14:59:06 GMT]
20:29:06.446 [reactor-http-nio-11] DEBUG reactor.netty.resources.PooledConnectionProvider - [id: 0xad770be0, L:/127.0.0.1:49869 - R:localhost/127.0.0.1:8082] onStateChange(GET{uri=/getAttractionRewardPoints?attractionId=95b6a376-b998-48c6-833f-81167af6c66d&userId=1f958bd7-f7e7-4ce0-8ef3-1faefb01a470, connection=PooledConnection{channel=[id: 0xad770be0, L:/127.0.0.1:49869 - R:localhost/127.0.0.1:8082]}}, [response_received])
20:29:06.446 [reactor-http-nio-11] DEBUG org.springframework.web.reactive.function.client.ExchangeFunctions - [67e56138] Response 200 OK
20:29:06.447 [reactor-http-nio-11] DEBUG reactor.netty.channel.FluxReceive - [id: 0xad770be0, L:/127.0.0.1:49869 - R:localhost/127.0.0.1:8082] Subscribing inbound receiver [pending: 0, cancelled:false, inboundDone: false]
20:29:06.447 [reactor-http-nio-11] DEBUG reactor.netty.http.client.HttpClientOperations - [id: 0xad770be0, L:/127.0.0.1:49869 - R:localhost/127.0.0.1:8082] Received last HTTP packet
20:29:06.448 [reactor-http-nio-11] DEBUG org.springframework.core.codec.StringDecoder - [67e56138] Decoded "731"
20:29:06.448 [reactor-http-nio-11] DEBUG reactor.netty.resources.PooledConnectionProvider - [id: 0xad770be0, L:/127.0.0.1:49869 - R:localhost/127.0.0.1:8082] onStateChange(GET{uri=/getAttractionRewardPoints?attractionId=95b6a376-b998-48c6-833f-81167af6c66d&userId=1f958bd7-f7e7-4ce0-8ef3-1faefb01a470, connection=PooledConnection{channel=[id: 0xad770be0, L:/127.0.0.1:49869 - R:localhost/127.0.0.1:8082]}}, [disconnecting])
20:29:06.448 [reactor-http-nio-11] DEBUG reactor.netty.resources.PooledConnectionProvider - [id: 0xad770be0, L:/127.0.0.1:49869 - R:localhost/127.0.0.1:8082] Releasing channel
20:29:06.448 [reactor-http-nio-11] DEBUG reactor.netty.resources.PooledConnectionProvider - [id: 0xad770be0, L:/127.0.0.1:49869 - R:localhost/127.0.0.1:8082] Channel cleaned, now 1 active connections and 1 inactive connections
20:29:06.450 [pool-10-thread-1] DEBUG org.springframework.web.reactive.function.client.ExchangeFunctions - [14d59df3] HTTP GET http://localhost:8082/getAttractionRewardPoints?attractionId=e81ceeef-c562-4964-9920-3ec69f5c776c&userId=1f958bd7-f7e7-4ce0-8ef3-1faefb01a470
20:29:06.450 [reactor-http-nio-11] DEBUG reactor.netty.resources.PooledConnectionProvider - [id: 0xad770be0, L:/127.0.0.1:49869 - R:localhost/127.0.0.1:8082] Channel acquired, now 2 active connections and 0 inactive connections
20:29:06.450 [reactor-http-nio-11] DEBUG reactor.netty.http.client.HttpClientConnect - [id: 0xad770be0, L:/127.0.0.1:49869 - R:localhost/127.0.0.1:8082] Handler is being applied: {uri=http://localhost:8082/getAttractionRewardPoints?attractionId=e81ceeef-c562-4964-9920-3ec69f5c776c&userId=1f958bd7-f7e7-4ce0-8ef3-1faefb01a470, method=GET}
20:29:06.451 [reactor-http-nio-11] DEBUG reactor.netty.resources.PooledConnectionProvider - [id: 0xad770be0, L:/127.0.0.1:49869 - R:localhost/127.0.0.1:8082] onStateChange(GET{uri=/getAttractionRewardPoints?attractionId=e81ceeef-c562-4964-9920-3ec69f5c776c&userId=1f958bd7-f7e7-4ce0-8ef3-1faefb01a470, connection=PooledConnection{channel=[id: 0xad770be0, L:/127.0.0.1:49869 - R:localhost/127.0.0.1:8082]}}, [request_sent])
20:29:06.601 [reactor-http-nio-11] DEBUG reactor.netty.http.client.HttpClientOperations - [id: 0xad770be0, L:/127.0.0.1:49869 - R:localhost/127.0.0.1:8082] Received response (auto-read:false) : [Content-Type=application/json, Transfer-Encoding=chunked, Date=Tue, 29 Jun 2021 14:59:06 GMT]
20:29:06.602 [reactor-http-nio-11] DEBUG reactor.netty.resources.PooledConnectionProvider - [id: 0xad770be0, L:/127.0.0.1:49869 - R:localhost/127.0.0.1:8082] onStateChange(GET{uri=/getAttractionRewardPoints?attractionId=e81ceeef-c562-4964-9920-3ec69f5c776c&userId=1f958bd7-f7e7-4ce0-8ef3-1faefb01a470, connection=PooledConnection{channel=[id: 0xad770be0, L:/127.0.0.1:49869 - R:localhost/127.0.0.1:8082]}}, [response_received])
20:29:06.602 [reactor-http-nio-11] DEBUG org.springframework.web.reactive.function.client.ExchangeFunctions - [14d59df3] Response 200 OK
20:29:06.603 [reactor-http-nio-11] DEBUG reactor.netty.channel.FluxReceive - [id: 0xad770be0, L:/127.0.0.1:49869 - R:localhost/127.0.0.1:8082] Subscribing inbound receiver [pending: 0, cancelled:false, inboundDone: false]
20:29:06.603 [reactor-http-nio-11] DEBUG reactor.netty.http.client.HttpClientOperations - [id: 0xad770be0, L:/127.0.0.1:49869 - R:localhost/127.0.0.1:8082] Received last HTTP packet
20:29:06.604 [reactor-http-nio-11] DEBUG org.springframework.core.codec.StringDecoder - [14d59df3] Decoded "583"
20:29:06.604 [reactor-http-nio-11] DEBUG reactor.netty.resources.PooledConnectionProvider - [id: 0xad770be0, L:/127.0.0.1:49869 - R:localhost/127.0.0.1:8082] onStateChange(GET{uri=/getAttractionRewardPoints?attractionId=e81ceeef-c562-4964-9920-3ec69f5c776c&userId=1f958bd7-f7e7-4ce0-8ef3-1faefb01a470, connection=PooledConnection{channel=[id: 0xad770be0, L:/127.0.0.1:49869 - R:localhost/127.0.0.1:8082]}}, [disconnecting])
20:29:06.604 [reactor-http-nio-11] DEBUG reactor.netty.resources.PooledConnectionProvider - [id: 0xad770be0, L:/127.0.0.1:49869 - R:localhost/127.0.0.1:8082] Releasing channel
20:29:06.604 [reactor-http-nio-11] DEBUG reactor.netty.resources.PooledConnectionProvider - [id: 0xad770be0, L:/127.0.0.1:49869 - R:localhost/127.0.0.1:8082] Channel cleaned, now 1 active connections and 1 inactive connections
20:29:06.605 [pool-10-thread-1] DEBUG org.springframework.web.reactive.function.client.ExchangeFunctions - [25a387] HTTP GET http://localhost:8082/getAttractionRewardPoints?attractionId=1d36dbf9-8c05-4b1a-a88d-58631aea46e8&userId=1f958bd7-f7e7-4ce0-8ef3-1faefb01a470
20:29:06.606 [reactor-http-nio-11] DEBUG reactor.netty.resources.PooledConnectionProvider - [id: 0xad770be0, L:/127.0.0.1:49869 - R:localhost/127.0.0.1:8082] Channel acquired, now 2 active connections and 0 inactive connections
20:29:06.606 [reactor-http-nio-11] DEBUG reactor.netty.http.client.HttpClientConnect - [id: 0xad770be0, L:/127.0.0.1:49869 - R:localhost/127.0.0.1:8082] Handler is being applied: {uri=http://localhost:8082/getAttractionRewardPoints?attractionId=1d36dbf9-8c05-4b1a-a88d-58631aea46e8&userId=1f958bd7-f7e7-4ce0-8ef3-1faefb01a470, method=GET}
20:29:06.607 [reactor-http-nio-11] DEBUG reactor.netty.resources.PooledConnectionProvider - [id: 0xad770be0, L:/127.0.0.1:49869 - R:localhost/127.0.0.1:8082] onStateChange(GET{uri=/getAttractionRewardPoints?attractionId=1d36dbf9-8c05-4b1a-a88d-58631aea46e8&userId=1f958bd7-f7e7-4ce0-8ef3-1faefb01a470, connection=PooledConnection{channel=[id: 0xad770be0, L:/127.0.0.1:49869 - R:localhost/127.0.0.1:8082]}}, [request_sent])
20:29:06.783 [reactor-http-nio-11] DEBUG reactor.netty.http.client.HttpClientOperations - [id: 0x6e7a501f, L:/127.0.0.1:49867 - R:localhost/127.0.0.1:8082] Received response (auto-read:false) : [Content-Type=application/json, Transfer-Encoding=chunked, Date=Tue, 29 Jun 2021 14:59:06 GMT]
20:29:06.783 [reactor-http-nio-11] DEBUG reactor.netty.resources.PooledConnectionProvider - [id: 0x6e7a501f, L:/127.0.0.1:49867 - R:localhost/127.0.0.1:8082] onStateChange(GET{uri=/getAttractionRewardPoints?attractionId=30bbe604-d038-4b10-b05a-74ba4bb41d86&userId=1f958bd7-f7e7-4ce0-8ef3-1faefb01a470, connection=PooledConnection{channel=[id: 0x6e7a501f, L:/127.0.0.1:49867 - R:localhost/127.0.0.1:8082]}}, [response_received])
20:29:06.783 [reactor-http-nio-11] DEBUG org.springframework.web.reactive.function.client.ExchangeFunctions - [4ae094cb] Response 200 OK
20:29:06.784 [reactor-http-nio-11] DEBUG reactor.netty.channel.FluxReceive - [id: 0x6e7a501f, L:/127.0.0.1:49867 - R:localhost/127.0.0.1:8082] Subscribing inbound receiver [pending: 0, cancelled:false, inboundDone: false]
20:29:06.785 [reactor-http-nio-11] DEBUG reactor.netty.http.client.HttpClientOperations - [id: 0x6e7a501f, L:/127.0.0.1:49867 - R:localhost/127.0.0.1:8082] Received last HTTP packet
20:29:06.785 [reactor-http-nio-11] DEBUG org.springframework.core.codec.StringDecoder - [4ae094cb] Decoded "318"
20:29:06.785 [reactor-http-nio-11] DEBUG reactor.netty.resources.PooledConnectionProvider - [id: 0x6e7a501f, L:/127.0.0.1:49867 - R:localhost/127.0.0.1:8082] onStateChange(GET{uri=/getAttractionRewardPoints?attractionId=30bbe604-d038-4b10-b05a-74ba4bb41d86&userId=1f958bd7-f7e7-4ce0-8ef3-1faefb01a470, connection=PooledConnection{channel=[id: 0x6e7a501f, L:/127.0.0.1:49867 - R:localhost/127.0.0.1:8082]}}, [disconnecting])
20:29:06.785 [reactor-http-nio-11] DEBUG reactor.netty.resources.PooledConnectionProvider - [id: 0x6e7a501f, L:/127.0.0.1:49867 - R:localhost/127.0.0.1:8082] Releasing channel
20:29:06.786 [reactor-http-nio-11] DEBUG reactor.netty.resources.PooledConnectionProvider - [id: 0x6e7a501f, L:/127.0.0.1:49867 - R:localhost/127.0.0.1:8082] Channel cleaned, now 1 active connections and 1 inactive connections
20:29:06.787 [Test worker] DEBUG org.springframework.web.reactive.function.client.ExchangeFunctions - [931d65] HTTP GET http://localhost:8082/getAttractionRewardPoints?attractionId=7247bb83-a41c-465c-acd2-4e3358479e90&userId=1f958bd7-f7e7-4ce0-8ef3-1faefb01a470
20:29:06.787 [reactor-http-nio-11] DEBUG reactor.netty.resources.PooledConnectionProvider - [id: 0x6e7a501f, L:/127.0.0.1:49867 - R:localhost/127.0.0.1:8082] Channel acquired, now 2 active connections and 0 inactive connections
20:29:06.787 [reactor-http-nio-11] DEBUG reactor.netty.http.client.HttpClientConnect - [id: 0x6e7a501f, L:/127.0.0.1:49867 - R:localhost/127.0.0.1:8082] Handler is being applied: {uri=http://localhost:8082/getAttractionRewardPoints?attractionId=7247bb83-a41c-465c-acd2-4e3358479e90&userId=1f958bd7-f7e7-4ce0-8ef3-1faefb01a470, method=GET}
20:29:06.788 [reactor-http-nio-11] DEBUG reactor.netty.resources.PooledConnectionProvider - [id: 0x6e7a501f, L:/127.0.0.1:49867 - R:localhost/127.0.0.1:8082] onStateChange(GET{uri=/getAttractionRewardPoints?attractionId=7247bb83-a41c-465c-acd2-4e3358479e90&userId=1f958bd7-f7e7-4ce0-8ef3-1faefb01a470, connection=PooledConnection{channel=[id: 0x6e7a501f, L:/127.0.0.1:49867 - R:localhost/127.0.0.1:8082]}}, [request_sent])
20:29:06.994 [reactor-http-nio-11] DEBUG reactor.netty.http.client.HttpClientOperations - [id: 0x6e7a501f, L:/127.0.0.1:49867 - R:localhost/127.0.0.1:8082] Received response (auto-read:false) : [Content-Type=application/json, Transfer-Encoding=chunked, Date=Tue, 29 Jun 2021 14:59:06 GMT]
20:29:06.994 [reactor-http-nio-11] DEBUG reactor.netty.resources.PooledConnectionProvider - [id: 0x6e7a501f, L:/127.0.0.1:49867 - R:localhost/127.0.0.1:8082] onStateChange(GET{uri=/getAttractionRewardPoints?attractionId=7247bb83-a41c-465c-acd2-4e3358479e90&userId=1f958bd7-f7e7-4ce0-8ef3-1faefb01a470, connection=PooledConnection{channel=[id: 0x6e7a501f, L:/127.0.0.1:49867 - R:localhost/127.0.0.1:8082]}}, [response_received])
20:29:06.994 [reactor-http-nio-11] DEBUG org.springframework.web.reactive.function.client.ExchangeFunctions - [931d65] Response 200 OK
20:29:06.995 [reactor-http-nio-11] DEBUG reactor.netty.channel.FluxReceive - [id: 0x6e7a501f, L:/127.0.0.1:49867 - R:localhost/127.0.0.1:8082] Subscribing inbound receiver [pending: 0, cancelled:false, inboundDone: false]
20:29:06.996 [reactor-http-nio-11] DEBUG reactor.netty.http.client.HttpClientOperations - [id: 0x6e7a501f, L:/127.0.0.1:49867 - R:localhost/127.0.0.1:8082] Received last HTTP packet
20:29:06.996 [reactor-http-nio-11] DEBUG org.springframework.core.codec.StringDecoder - [931d65] Decoded "114"
20:29:06.996 [reactor-http-nio-11] DEBUG reactor.netty.resources.PooledConnectionProvider - [id: 0x6e7a501f, L:/127.0.0.1:49867 - R:localhost/127.0.0.1:8082] onStateChange(GET{uri=/getAttractionRewardPoints?attractionId=7247bb83-a41c-465c-acd2-4e3358479e90&userId=1f958bd7-f7e7-4ce0-8ef3-1faefb01a470, connection=PooledConnection{channel=[id: 0x6e7a501f, L:/127.0.0.1:49867 - R:localhost/127.0.0.1:8082]}}, [disconnecting])
20:29:06.996 [reactor-http-nio-11] DEBUG reactor.netty.resources.PooledConnectionProvider - [id: 0x6e7a501f, L:/127.0.0.1:49867 - R:localhost/127.0.0.1:8082] Releasing channel
20:29:06.996 [reactor-http-nio-11] DEBUG reactor.netty.resources.PooledConnectionProvider - [id: 0x6e7a501f, L:/127.0.0.1:49867 - R:localhost/127.0.0.1:8082] Channel cleaned, now 1 active connections and 1 inactive connections
20:29:06.997 [Test worker] DEBUG org.springframework.web.reactive.function.client.ExchangeFunctions - [4d3ea44] HTTP GET http://localhost:8082/getAttractionRewardPoints?attractionId=69984732-997f-4135-9e84-6d3ae0ecb006&userId=1f958bd7-f7e7-4ce0-8ef3-1faefb01a470
20:29:06.998 [reactor-http-nio-11] DEBUG reactor.netty.resources.PooledConnectionProvider - [id: 0x6e7a501f, L:/127.0.0.1:49867 - R:localhost/127.0.0.1:8082] Channel acquired, now 2 active connections and 0 inactive connections
20:29:06.999 [reactor-http-nio-11] DEBUG reactor.netty.http.client.HttpClientConnect - [id: 0x6e7a501f, L:/127.0.0.1:49867 - R:localhost/127.0.0.1:8082] Handler is being applied: {uri=http://localhost:8082/getAttractionRewardPoints?attractionId=69984732-997f-4135-9e84-6d3ae0ecb006&userId=1f958bd7-f7e7-4ce0-8ef3-1faefb01a470, method=GET}
20:29:07.000 [reactor-http-nio-11] DEBUG reactor.netty.resources.PooledConnectionProvider - [id: 0x6e7a501f, L:/127.0.0.1:49867 - R:localhost/127.0.0.1:8082] onStateChange(GET{uri=/getAttractionRewardPoints?attractionId=69984732-997f-4135-9e84-6d3ae0ecb006&userId=1f958bd7-f7e7-4ce0-8ef3-1faefb01a470, connection=PooledConnection{channel=[id: 0x6e7a501f, L:/127.0.0.1:49867 - R:localhost/127.0.0.1:8082]}}, [request_sent])
20:29:07.164 [reactor-http-nio-11] DEBUG reactor.netty.http.client.HttpClientOperations - [id: 0xad770be0, L:/127.0.0.1:49869 - R:localhost/127.0.0.1:8082] Received response (auto-read:false) : [Content-Type=application/json, Transfer-Encoding=chunked, Date=Tue, 29 Jun 2021 14:59:06 GMT]
20:29:07.164 [reactor-http-nio-11] DEBUG reactor.netty.resources.PooledConnectionProvider - [id: 0xad770be0, L:/127.0.0.1:49869 - R:localhost/127.0.0.1:8082] onStateChange(GET{uri=/getAttractionRewardPoints?attractionId=1d36dbf9-8c05-4b1a-a88d-58631aea46e8&userId=1f958bd7-f7e7-4ce0-8ef3-1faefb01a470, connection=PooledConnection{channel=[id: 0xad770be0, L:/127.0.0.1:49869 - R:localhost/127.0.0.1:8082]}}, [response_received])
20:29:07.165 [reactor-http-nio-11] DEBUG org.springframework.web.reactive.function.client.ExchangeFunctions - [25a387] Response 200 OK
20:29:07.166 [reactor-http-nio-11] DEBUG reactor.netty.channel.FluxReceive - [id: 0xad770be0, L:/127.0.0.1:49869 - R:localhost/127.0.0.1:8082] Subscribing inbound receiver [pending: 0, cancelled:false, inboundDone: false]
20:29:07.166 [reactor-http-nio-11] DEBUG reactor.netty.http.client.HttpClientOperations - [id: 0xad770be0, L:/127.0.0.1:49869 - R:localhost/127.0.0.1:8082] Received last HTTP packet
20:29:07.167 [reactor-http-nio-11] DEBUG org.springframework.core.codec.StringDecoder - [25a387] Decoded "600"
20:29:07.167 [reactor-http-nio-11] DEBUG reactor.netty.resources.PooledConnectionProvider - [id: 0xad770be0, L:/127.0.0.1:49869 - R:localhost/127.0.0.1:8082] onStateChange(GET{uri=/getAttractionRewardPoints?attractionId=1d36dbf9-8c05-4b1a-a88d-58631aea46e8&userId=1f958bd7-f7e7-4ce0-8ef3-1faefb01a470, connection=PooledConnection{channel=[id: 0xad770be0, L:/127.0.0.1:49869 - R:localhost/127.0.0.1:8082]}}, [disconnecting])
20:29:07.167 [reactor-http-nio-11] DEBUG reactor.netty.resources.PooledConnectionProvider - [id: 0xad770be0, L:/127.0.0.1:49869 - R:localhost/127.0.0.1:8082] Releasing channel
20:29:07.167 [reactor-http-nio-11] DEBUG reactor.netty.resources.PooledConnectionProvider - [id: 0xad770be0, L:/127.0.0.1:49869 - R:localhost/127.0.0.1:8082] Channel cleaned, now 1 active connections and 1 inactive connections
20:29:07.168 [pool-10-thread-1] DEBUG org.springframework.web.reactive.function.client.ExchangeFunctions - [7a6e98aa] HTTP GET http://localhost:8082/getAttractionRewardPoints?attractionId=6c85ae6b-00d3-492b-9247-f66b98c1f6ff&userId=1f958bd7-f7e7-4ce0-8ef3-1faefb01a470
20:29:07.169 [reactor-http-nio-11] DEBUG reactor.netty.resources.PooledConnectionProvider - [id: 0xad770be0, L:/127.0.0.1:49869 - R:localhost/127.0.0.1:8082] Channel acquired, now 2 active connections and 0 inactive connections
20:29:07.169 [reactor-http-nio-11] DEBUG reactor.netty.http.client.HttpClientConnect - [id: 0xad770be0, L:/127.0.0.1:49869 - R:localhost/127.0.0.1:8082] Handler is being applied: {uri=http://localhost:8082/getAttractionRewardPoints?attractionId=6c85ae6b-00d3-492b-9247-f66b98c1f6ff&userId=1f958bd7-f7e7-4ce0-8ef3-1faefb01a470, method=GET}
20:29:07.171 [reactor-http-nio-11] DEBUG reactor.netty.resources.PooledConnectionProvider - [id: 0xad770be0, L:/127.0.0.1:49869 - R:localhost/127.0.0.1:8082] onStateChange(GET{uri=/getAttractionRewardPoints?attractionId=6c85ae6b-00d3-492b-9247-f66b98c1f6ff&userId=1f958bd7-f7e7-4ce0-8ef3-1faefb01a470, connection=PooledConnection{channel=[id: 0xad770be0, L:/127.0.0.1:49869 - R:localhost/127.0.0.1:8082]}}, [request_sent])
20:29:07.687 [reactor-http-nio-11] DEBUG reactor.netty.http.client.HttpClientOperations - [id: 0x6e7a501f, L:/127.0.0.1:49867 - R:localhost/127.0.0.1:8082] Received response (auto-read:false) : [Content-Type=application/json, Transfer-Encoding=chunked, Date=Tue, 29 Jun 2021 14:59:07 GMT]
20:29:07.687 [reactor-http-nio-11] DEBUG reactor.netty.resources.PooledConnectionProvider - [id: 0x6e7a501f, L:/127.0.0.1:49867 - R:localhost/127.0.0.1:8082] onStateChange(GET{uri=/getAttractionRewardPoints?attractionId=69984732-997f-4135-9e84-6d3ae0ecb006&userId=1f958bd7-f7e7-4ce0-8ef3-1faefb01a470, connection=PooledConnection{channel=[id: 0x6e7a501f, L:/127.0.0.1:49867 - R:localhost/127.0.0.1:8082]}}, [response_received])
20:29:07.688 [reactor-http-nio-11] DEBUG org.springframework.web.reactive.function.client.ExchangeFunctions - [4d3ea44] Response 200 OK
20:29:07.689 [reactor-http-nio-11] DEBUG reactor.netty.channel.FluxReceive - [id: 0x6e7a501f, L:/127.0.0.1:49867 - R:localhost/127.0.0.1:8082] Subscribing inbound receiver [pending: 0, cancelled:false, inboundDone: false]
20:29:07.690 [reactor-http-nio-11] DEBUG reactor.netty.http.client.HttpClientOperations - [id: 0x6e7a501f, L:/127.0.0.1:49867 - R:localhost/127.0.0.1:8082] Received last HTTP packet
20:29:07.690 [reactor-http-nio-11] DEBUG org.springframework.core.codec.StringDecoder - [4d3ea44] Decoded "385"
20:29:07.690 [reactor-http-nio-11] DEBUG reactor.netty.resources.PooledConnectionProvider - [id: 0x6e7a501f, L:/127.0.0.1:49867 - R:localhost/127.0.0.1:8082] onStateChange(GET{uri=/getAttractionRewardPoints?attractionId=69984732-997f-4135-9e84-6d3ae0ecb006&userId=1f958bd7-f7e7-4ce0-8ef3-1faefb01a470, connection=PooledConnection{channel=[id: 0x6e7a501f, L:/127.0.0.1:49867 - R:localhost/127.0.0.1:8082]}}, [disconnecting])
20:29:07.690 [reactor-http-nio-11] DEBUG reactor.netty.resources.PooledConnectionProvider - [id: 0x6e7a501f, L:/127.0.0.1:49867 - R:localhost/127.0.0.1:8082] Releasing channel
20:29:07.690 [reactor-http-nio-11] DEBUG reactor.netty.resources.PooledConnectionProvider - [id: 0x6e7a501f, L:/127.0.0.1:49867 - R:localhost/127.0.0.1:8082] Channel cleaned, now 1 active connections and 1 inactive connections
20:29:07.691 [Test worker] DEBUG org.springframework.web.reactive.function.client.ExchangeFunctions - [4b646b36] HTTP GET http://localhost:8082/getAttractionRewardPoints?attractionId=c48f31ba-97e2-4b72-b399-3a509057acd8&userId=1f958bd7-f7e7-4ce0-8ef3-1faefb01a470
20:29:07.692 [reactor-http-nio-11] DEBUG reactor.netty.resources.PooledConnectionProvider - [id: 0x6e7a501f, L:/127.0.0.1:49867 - R:localhost/127.0.0.1:8082] Channel acquired, now 2 active connections and 0 inactive connections
20:29:07.692 [reactor-http-nio-11] DEBUG reactor.netty.http.client.HttpClientConnect - [id: 0x6e7a501f, L:/127.0.0.1:49867 - R:localhost/127.0.0.1:8082] Handler is being applied: {uri=http://localhost:8082/getAttractionRewardPoints?attractionId=c48f31ba-97e2-4b72-b399-3a509057acd8&userId=1f958bd7-f7e7-4ce0-8ef3-1faefb01a470, method=GET}
20:29:07.693 [reactor-http-nio-11] DEBUG reactor.netty.resources.PooledConnectionProvider - [id: 0x6e7a501f, L:/127.0.0.1:49867 - R:localhost/127.0.0.1:8082] onStateChange(GET{uri=/getAttractionRewardPoints?attractionId=c48f31ba-97e2-4b72-b399-3a509057acd8&userId=1f958bd7-f7e7-4ce0-8ef3-1faefb01a470, connection=PooledConnection{channel=[id: 0x6e7a501f, L:/127.0.0.1:49867 - R:localhost/127.0.0.1:8082]}}, [request_sent])
20:29:07.808 [reactor-http-nio-11] DEBUG reactor.netty.http.client.HttpClientOperations - [id: 0xad770be0, L:/127.0.0.1:49869 - R:localhost/127.0.0.1:8082] Received response (auto-read:false) : [Content-Type=application/json, Transfer-Encoding=chunked, Date=Tue, 29 Jun 2021 14:59:07 GMT]
20:29:07.809 [reactor-http-nio-11] DEBUG reactor.netty.resources.PooledConnectionProvider - [id: 0xad770be0, L:/127.0.0.1:49869 - R:localhost/127.0.0.1:8082] onStateChange(GET{uri=/getAttractionRewardPoints?attractionId=6c85ae6b-00d3-492b-9247-f66b98c1f6ff&userId=1f958bd7-f7e7-4ce0-8ef3-1faefb01a470, connection=PooledConnection{channel=[id: 0xad770be0, L:/127.0.0.1:49869 - R:localhost/127.0.0.1:8082]}}, [response_received])
20:29:07.809 [reactor-http-nio-11] DEBUG org.springframework.web.reactive.function.client.ExchangeFunctions - [7a6e98aa] Response 200 OK
20:29:07.810 [reactor-http-nio-11] DEBUG reactor.netty.channel.FluxReceive - [id: 0xad770be0, L:/127.0.0.1:49869 - R:localhost/127.0.0.1:8082] Subscribing inbound receiver [pending: 0, cancelled:false, inboundDone: false]
20:29:07.810 [reactor-http-nio-11] DEBUG reactor.netty.http.client.HttpClientOperations - [id: 0xad770be0, L:/127.0.0.1:49869 - R:localhost/127.0.0.1:8082] Received last HTTP packet
20:29:07.810 [reactor-http-nio-11] DEBUG org.springframework.core.codec.StringDecoder - [7a6e98aa] Decoded "795"
20:29:07.811 [reactor-http-nio-11] DEBUG reactor.netty.resources.PooledConnectionProvider - [id: 0xad770be0, L:/127.0.0.1:49869 - R:localhost/127.0.0.1:8082] onStateChange(GET{uri=/getAttractionRewardPoints?attractionId=6c85ae6b-00d3-492b-9247-f66b98c1f6ff&userId=1f958bd7-f7e7-4ce0-8ef3-1faefb01a470, connection=PooledConnection{channel=[id: 0xad770be0, L:/127.0.0.1:49869 - R:localhost/127.0.0.1:8082]}}, [disconnecting])
20:29:07.811 [reactor-http-nio-11] DEBUG reactor.netty.resources.PooledConnectionProvider - [id: 0xad770be0, L:/127.0.0.1:49869 - R:localhost/127.0.0.1:8082] Releasing channel
20:29:07.811 [reactor-http-nio-11] DEBUG reactor.netty.resources.PooledConnectionProvider - [id: 0xad770be0, L:/127.0.0.1:49869 - R:localhost/127.0.0.1:8082] Channel cleaned, now 1 active connections and 1 inactive connections
20:29:07.812 [pool-10-thread-1] DEBUG org.springframework.web.reactive.function.client.ExchangeFunctions - [364eca7e] HTTP GET http://localhost:8082/getAttractionRewardPoints?attractionId=c231cda0-3fe6-4792-8c3a-e8193d7e03ab&userId=1f958bd7-f7e7-4ce0-8ef3-1faefb01a470
20:29:07.812 [reactor-http-nio-11] DEBUG reactor.netty.resources.PooledConnectionProvider - [id: 0xad770be0, L:/127.0.0.1:49869 - R:localhost/127.0.0.1:8082] Channel acquired, now 2 active connections and 0 inactive connections
20:29:07.813 [reactor-http-nio-11] DEBUG reactor.netty.http.client.HttpClientConnect - [id: 0xad770be0, L:/127.0.0.1:49869 - R:localhost/127.0.0.1:8082] Handler is being applied: {uri=http://localhost:8082/getAttractionRewardPoints?attractionId=c231cda0-3fe6-4792-8c3a-e8193d7e03ab&userId=1f958bd7-f7e7-4ce0-8ef3-1faefb01a470, method=GET}
20:29:07.814 [reactor-http-nio-11] DEBUG reactor.netty.resources.PooledConnectionProvider - [id: 0xad770be0, L:/127.0.0.1:49869 - R:localhost/127.0.0.1:8082] onStateChange(GET{uri=/getAttractionRewardPoints?attractionId=c231cda0-3fe6-4792-8c3a-e8193d7e03ab&userId=1f958bd7-f7e7-4ce0-8ef3-1faefb01a470, connection=PooledConnection{channel=[id: 0xad770be0, L:/127.0.0.1:49869 - R:localhost/127.0.0.1:8082]}}, [request_sent])
20:29:07.962 [reactor-http-nio-11] DEBUG reactor.netty.http.client.HttpClientOperations - [id: 0xad770be0, L:/127.0.0.1:49869 - R:localhost/127.0.0.1:8082] Received response (auto-read:false) : [Content-Type=application/json, Transfer-Encoding=chunked, Date=Tue, 29 Jun 2021 14:59:07 GMT]
20:29:07.962 [reactor-http-nio-11] DEBUG reactor.netty.resources.PooledConnectionProvider - [id: 0xad770be0, L:/127.0.0.1:49869 - R:localhost/127.0.0.1:8082] onStateChange(GET{uri=/getAttractionRewardPoints?attractionId=c231cda0-3fe6-4792-8c3a-e8193d7e03ab&userId=1f958bd7-f7e7-4ce0-8ef3-1faefb01a470, connection=PooledConnection{channel=[id: 0xad770be0, L:/127.0.0.1:49869 - R:localhost/127.0.0.1:8082]}}, [response_received])
20:29:07.962 [reactor-http-nio-11] DEBUG org.springframework.web.reactive.function.client.ExchangeFunctions - [364eca7e] Response 200 OK
20:29:07.963 [reactor-http-nio-11] DEBUG reactor.netty.channel.FluxReceive - [id: 0xad770be0, L:/127.0.0.1:49869 - R:localhost/127.0.0.1:8082] Subscribing inbound receiver [pending: 0, cancelled:false, inboundDone: false]
20:29:07.963 [reactor-http-nio-11] DEBUG reactor.netty.http.client.HttpClientOperations - [id: 0xad770be0, L:/127.0.0.1:49869 - R:localhost/127.0.0.1:8082] Received last HTTP packet
20:29:07.964 [reactor-http-nio-11] DEBUG org.springframework.core.codec.StringDecoder - [364eca7e] Decoded "604"
20:29:07.964 [reactor-http-nio-11] DEBUG reactor.netty.resources.PooledConnectionProvider - [id: 0xad770be0, L:/127.0.0.1:49869 - R:localhost/127.0.0.1:8082] onStateChange(GET{uri=/getAttractionRewardPoints?attractionId=c231cda0-3fe6-4792-8c3a-e8193d7e03ab&userId=1f958bd7-f7e7-4ce0-8ef3-1faefb01a470, connection=PooledConnection{channel=[id: 0xad770be0, L:/127.0.0.1:49869 - R:localhost/127.0.0.1:8082]}}, [disconnecting])
20:29:07.964 [reactor-http-nio-11] DEBUG reactor.netty.resources.PooledConnectionProvider - [id: 0xad770be0, L:/127.0.0.1:49869 - R:localhost/127.0.0.1:8082] Releasing channel
20:29:07.964 [reactor-http-nio-11] DEBUG reactor.netty.resources.PooledConnectionProvider - [id: 0xad770be0, L:/127.0.0.1:49869 - R:localhost/127.0.0.1:8082] Channel cleaned, now 1 active connections and 1 inactive connections
20:29:07.965 [pool-10-thread-1] DEBUG org.springframework.web.reactive.function.client.ExchangeFunctions - [eccf341] HTTP GET http://localhost:8082/getAttractionRewardPoints?attractionId=4f40ace9-0657-447d-acdd-48a930950506&userId=1f958bd7-f7e7-4ce0-8ef3-1faefb01a470
20:29:07.966 [reactor-http-nio-11] DEBUG reactor.netty.resources.PooledConnectionProvider - [id: 0xad770be0, L:/127.0.0.1:49869 - R:localhost/127.0.0.1:8082] Channel acquired, now 2 active connections and 0 inactive connections
20:29:07.966 [reactor-http-nio-11] DEBUG reactor.netty.http.client.HttpClientConnect - [id: 0xad770be0, L:/127.0.0.1:49869 - R:localhost/127.0.0.1:8082] Handler is being applied: {uri=http://localhost:8082/getAttractionRewardPoints?attractionId=4f40ace9-0657-447d-acdd-48a930950506&userId=1f958bd7-f7e7-4ce0-8ef3-1faefb01a470, method=GET}
20:29:07.967 [reactor-http-nio-11] DEBUG reactor.netty.resources.PooledConnectionProvider - [id: 0xad770be0, L:/127.0.0.1:49869 - R:localhost/127.0.0.1:8082] onStateChange(GET{uri=/getAttractionRewardPoints?attractionId=4f40ace9-0657-447d-acdd-48a930950506&userId=1f958bd7-f7e7-4ce0-8ef3-1faefb01a470, connection=PooledConnection{channel=[id: 0xad770be0, L:/127.0.0.1:49869 - R:localhost/127.0.0.1:8082]}}, [request_sent])
20:29:08.106 [reactor-http-nio-11] DEBUG reactor.netty.http.client.HttpClientOperations - [id: 0xad770be0, L:/127.0.0.1:49869 - R:localhost/127.0.0.1:8082] Received response (auto-read:false) : [Content-Type=application/json, Transfer-Encoding=chunked, Date=Tue, 29 Jun 2021 14:59:07 GMT]
20:29:08.106 [reactor-http-nio-11] DEBUG reactor.netty.resources.PooledConnectionProvider - [id: 0xad770be0, L:/127.0.0.1:49869 - R:localhost/127.0.0.1:8082] onStateChange(GET{uri=/getAttractionRewardPoints?attractionId=4f40ace9-0657-447d-acdd-48a930950506&userId=1f958bd7-f7e7-4ce0-8ef3-1faefb01a470, connection=PooledConnection{channel=[id: 0xad770be0, L:/127.0.0.1:49869 - R:localhost/127.0.0.1:8082]}}, [response_received])
20:29:08.106 [reactor-http-nio-11] DEBUG org.springframework.web.reactive.function.client.ExchangeFunctions - [eccf341] Response 200 OK
20:29:08.107 [reactor-http-nio-11] DEBUG reactor.netty.channel.FluxReceive - [id: 0xad770be0, L:/127.0.0.1:49869 - R:localhost/127.0.0.1:8082] Subscribing inbound receiver [pending: 0, cancelled:false, inboundDone: false]
20:29:08.108 [reactor-http-nio-11] DEBUG reactor.netty.http.client.HttpClientOperations - [id: 0xad770be0, L:/127.0.0.1:49869 - R:localhost/127.0.0.1:8082] Received last HTTP packet
20:29:08.109 [reactor-http-nio-11] DEBUG org.springframework.core.codec.StringDecoder - [eccf341] Decoded "268"
20:29:08.109 [reactor-http-nio-11] DEBUG reactor.netty.resources.PooledConnectionProvider - [id: 0xad770be0, L:/127.0.0.1:49869 - R:localhost/127.0.0.1:8082] onStateChange(GET{uri=/getAttractionRewardPoints?attractionId=4f40ace9-0657-447d-acdd-48a930950506&userId=1f958bd7-f7e7-4ce0-8ef3-1faefb01a470, connection=PooledConnection{channel=[id: 0xad770be0, L:/127.0.0.1:49869 - R:localhost/127.0.0.1:8082]}}, [disconnecting])
20:29:08.109 [reactor-http-nio-11] DEBUG reactor.netty.resources.PooledConnectionProvider - [id: 0xad770be0, L:/127.0.0.1:49869 - R:localhost/127.0.0.1:8082] Releasing channel
20:29:08.109 [reactor-http-nio-11] DEBUG reactor.netty.resources.PooledConnectionProvider - [id: 0xad770be0, L:/127.0.0.1:49869 - R:localhost/127.0.0.1:8082] Channel cleaned, now 1 active connections and 1 inactive connections
20:29:08.110 [pool-10-thread-1] DEBUG org.springframework.web.reactive.function.client.ExchangeFunctions - [23584084] HTTP GET http://localhost:8082/getAttractionRewardPoints?attractionId=8e82b391-68fa-4194-a173-2e2c293b7835&userId=1f958bd7-f7e7-4ce0-8ef3-1faefb01a470
20:29:08.111 [reactor-http-nio-11] DEBUG reactor.netty.resources.PooledConnectionProvider - [id: 0xad770be0, L:/127.0.0.1:49869 - R:localhost/127.0.0.1:8082] Channel acquired, now 2 active connections and 0 inactive connections
20:29:08.111 [reactor-http-nio-11] DEBUG reactor.netty.http.client.HttpClientConnect - [id: 0xad770be0, L:/127.0.0.1:49869 - R:localhost/127.0.0.1:8082] Handler is being applied: {uri=http://localhost:8082/getAttractionRewardPoints?attractionId=8e82b391-68fa-4194-a173-2e2c293b7835&userId=1f958bd7-f7e7-4ce0-8ef3-1faefb01a470, method=GET}
20:29:08.112 [reactor-http-nio-11] DEBUG reactor.netty.resources.PooledConnectionProvider - [id: 0xad770be0, L:/127.0.0.1:49869 - R:localhost/127.0.0.1:8082] onStateChange(GET{uri=/getAttractionRewardPoints?attractionId=8e82b391-68fa-4194-a173-2e2c293b7835&userId=1f958bd7-f7e7-4ce0-8ef3-1faefb01a470, connection=PooledConnection{channel=[id: 0xad770be0, L:/127.0.0.1:49869 - R:localhost/127.0.0.1:8082]}}, [request_sent])
20:29:08.386 [reactor-http-nio-11] DEBUG reactor.netty.http.client.HttpClientOperations - [id: 0xad770be0, L:/127.0.0.1:49869 - R:localhost/127.0.0.1:8082] Received response (auto-read:false) : [Content-Type=application/json, Transfer-Encoding=chunked, Date=Tue, 29 Jun 2021 14:59:07 GMT]
20:29:08.386 [reactor-http-nio-11] DEBUG reactor.netty.resources.PooledConnectionProvider - [id: 0xad770be0, L:/127.0.0.1:49869 - R:localhost/127.0.0.1:8082] onStateChange(GET{uri=/getAttractionRewardPoints?attractionId=8e82b391-68fa-4194-a173-2e2c293b7835&userId=1f958bd7-f7e7-4ce0-8ef3-1faefb01a470, connection=PooledConnection{channel=[id: 0xad770be0, L:/127.0.0.1:49869 - R:localhost/127.0.0.1:8082]}}, [response_received])
20:29:08.386 [reactor-http-nio-11] DEBUG org.springframework.web.reactive.function.client.ExchangeFunctions - [23584084] Response 200 OK
20:29:08.387 [reactor-http-nio-11] DEBUG reactor.netty.channel.FluxReceive - [id: 0xad770be0, L:/127.0.0.1:49869 - R:localhost/127.0.0.1:8082] Subscribing inbound receiver [pending: 0, cancelled:false, inboundDone: false]
20:29:08.387 [reactor-http-nio-11] DEBUG reactor.netty.http.client.HttpClientOperations - [id: 0xad770be0, L:/127.0.0.1:49869 - R:localhost/127.0.0.1:8082] Received last HTTP packet
20:29:08.388 [reactor-http-nio-11] DEBUG org.springframework.core.codec.StringDecoder - [23584084] Decoded "244"
20:29:08.388 [reactor-http-nio-11] DEBUG reactor.netty.resources.PooledConnectionProvider - [id: 0xad770be0, L:/127.0.0.1:49869 - R:localhost/127.0.0.1:8082] onStateChange(GET{uri=/getAttractionRewardPoints?attractionId=8e82b391-68fa-4194-a173-2e2c293b7835&userId=1f958bd7-f7e7-4ce0-8ef3-1faefb01a470, connection=PooledConnection{channel=[id: 0xad770be0, L:/127.0.0.1:49869 - R:localhost/127.0.0.1:8082]}}, [disconnecting])
20:29:08.388 [reactor-http-nio-11] DEBUG reactor.netty.resources.PooledConnectionProvider - [id: 0xad770be0, L:/127.0.0.1:49869 - R:localhost/127.0.0.1:8082] Releasing channel
20:29:08.388 [reactor-http-nio-11] DEBUG reactor.netty.resources.PooledConnectionProvider - [id: 0xad770be0, L:/127.0.0.1:49869 - R:localhost/127.0.0.1:8082] Channel cleaned, now 1 active connections and 1 inactive connections
20:29:08.389 [pool-10-thread-1] DEBUG org.springframework.web.reactive.function.client.ExchangeFunctions - [2d7d278d] HTTP GET http://localhost:8082/getAttractionRewardPoints?attractionId=4cc023b5-cd16-4307-be23-e033363361ca&userId=1f958bd7-f7e7-4ce0-8ef3-1faefb01a470
20:29:08.390 [reactor-http-nio-11] DEBUG reactor.netty.resources.PooledConnectionProvider - [id: 0xad770be0, L:/127.0.0.1:49869 - R:localhost/127.0.0.1:8082] Channel acquired, now 2 active connections and 0 inactive connections
20:29:08.390 [reactor-http-nio-11] DEBUG reactor.netty.http.client.HttpClientConnect - [id: 0xad770be0, L:/127.0.0.1:49869 - R:localhost/127.0.0.1:8082] Handler is being applied: {uri=http://localhost:8082/getAttractionRewardPoints?attractionId=4cc023b5-cd16-4307-be23-e033363361ca&userId=1f958bd7-f7e7-4ce0-8ef3-1faefb01a470, method=GET}
20:29:08.392 [reactor-http-nio-11] DEBUG reactor.netty.resources.PooledConnectionProvider - [id: 0xad770be0, L:/127.0.0.1:49869 - R:localhost/127.0.0.1:8082] onStateChange(GET{uri=/getAttractionRewardPoints?attractionId=4cc023b5-cd16-4307-be23-e033363361ca&userId=1f958bd7-f7e7-4ce0-8ef3-1faefb01a470, connection=PooledConnection{channel=[id: 0xad770be0, L:/127.0.0.1:49869 - R:localhost/127.0.0.1:8082]}}, [request_sent])
20:29:08.686 [reactor-http-nio-11] DEBUG reactor.netty.http.client.HttpClientOperations - [id: 0x6e7a501f, L:/127.0.0.1:49867 - R:localhost/127.0.0.1:8082] Received response (auto-read:false) : [Content-Type=application/json, Transfer-Encoding=chunked, Date=Tue, 29 Jun 2021 14:59:07 GMT]
20:29:08.686 [reactor-http-nio-11] DEBUG reactor.netty.resources.PooledConnectionProvider - [id: 0x6e7a501f, L:/127.0.0.1:49867 - R:localhost/127.0.0.1:8082] onStateChange(GET{uri=/getAttractionRewardPoints?attractionId=c48f31ba-97e2-4b72-b399-3a509057acd8&userId=1f958bd7-f7e7-4ce0-8ef3-1faefb01a470, connection=PooledConnection{channel=[id: 0x6e7a501f, L:/127.0.0.1:49867 - R:localhost/127.0.0.1:8082]}}, [response_received])
20:29:08.686 [reactor-http-nio-11] DEBUG org.springframework.web.reactive.function.client.ExchangeFunctions - [4b646b36] Response 200 OK
20:29:08.687 [reactor-http-nio-11] DEBUG reactor.netty.channel.FluxReceive - [id: 0x6e7a501f, L:/127.0.0.1:49867 - R:localhost/127.0.0.1:8082] Subscribing inbound receiver [pending: 0, cancelled:false, inboundDone: false]
20:29:08.688 [reactor-http-nio-11] DEBUG reactor.netty.http.client.HttpClientOperations - [id: 0x6e7a501f, L:/127.0.0.1:49867 - R:localhost/127.0.0.1:8082] Received last HTTP packet
20:29:08.688 [reactor-http-nio-11] DEBUG org.springframework.core.codec.StringDecoder - [4b646b36] Decoded "45"
20:29:08.688 [reactor-http-nio-11] DEBUG reactor.netty.resources.PooledConnectionProvider - [id: 0x6e7a501f, L:/127.0.0.1:49867 - R:localhost/127.0.0.1:8082] onStateChange(GET{uri=/getAttractionRewardPoints?attractionId=c48f31ba-97e2-4b72-b399-3a509057acd8&userId=1f958bd7-f7e7-4ce0-8ef3-1faefb01a470, connection=PooledConnection{channel=[id: 0x6e7a501f, L:/127.0.0.1:49867 - R:localhost/127.0.0.1:8082]}}, [disconnecting])
20:29:08.688 [reactor-http-nio-11] DEBUG reactor.netty.resources.PooledConnectionProvider - [id: 0x6e7a501f, L:/127.0.0.1:49867 - R:localhost/127.0.0.1:8082] Releasing channel
20:29:08.688 [reactor-http-nio-11] DEBUG reactor.netty.resources.PooledConnectionProvider - [id: 0x6e7a501f, L:/127.0.0.1:49867 - R:localhost/127.0.0.1:8082] Channel cleaned, now 1 active connections and 1 inactive connections
20:29:08.689 [Test worker] DEBUG org.springframework.web.reactive.function.client.ExchangeFunctions - [5ecf85d] HTTP GET http://localhost:8082/getAttractionRewardPoints?attractionId=e43e4e6a-897d-4dbe-bbb5-99486d320191&userId=1f958bd7-f7e7-4ce0-8ef3-1faefb01a470
20:29:08.690 [reactor-http-nio-11] DEBUG reactor.netty.resources.PooledConnectionProvider - [id: 0x6e7a501f, L:/127.0.0.1:49867 - R:localhost/127.0.0.1:8082] Channel acquired, now 2 active connections and 0 inactive connections
20:29:08.690 [reactor-http-nio-11] DEBUG reactor.netty.http.client.HttpClientConnect - [id: 0x6e7a501f, L:/127.0.0.1:49867 - R:localhost/127.0.0.1:8082] Handler is being applied: {uri=http://localhost:8082/getAttractionRewardPoints?attractionId=e43e4e6a-897d-4dbe-bbb5-99486d320191&userId=1f958bd7-f7e7-4ce0-8ef3-1faefb01a470, method=GET}
20:29:08.691 [reactor-http-nio-11] DEBUG reactor.netty.resources.PooledConnectionProvider - [id: 0x6e7a501f, L:/127.0.0.1:49867 - R:localhost/127.0.0.1:8082] onStateChange(GET{uri=/getAttractionRewardPoints?attractionId=e43e4e6a-897d-4dbe-bbb5-99486d320191&userId=1f958bd7-f7e7-4ce0-8ef3-1faefb01a470, connection=PooledConnection{channel=[id: 0x6e7a501f, L:/127.0.0.1:49867 - R:localhost/127.0.0.1:8082]}}, [request_sent])
20:29:08.867 [reactor-http-nio-11] DEBUG reactor.netty.http.client.HttpClientOperations - [id: 0xad770be0, L:/127.0.0.1:49869 - R:localhost/127.0.0.1:8082] Received response (auto-read:false) : [Content-Type=application/json, Transfer-Encoding=chunked, Date=Tue, 29 Jun 2021 14:59:08 GMT]
20:29:08.867 [reactor-http-nio-11] DEBUG reactor.netty.resources.PooledConnectionProvider - [id: 0xad770be0, L:/127.0.0.1:49869 - R:localhost/127.0.0.1:8082] onStateChange(GET{uri=/getAttractionRewardPoints?attractionId=4cc023b5-cd16-4307-be23-e033363361ca&userId=1f958bd7-f7e7-4ce0-8ef3-1faefb01a470, connection=PooledConnection{channel=[id: 0xad770be0, L:/127.0.0.1:49869 - R:localhost/127.0.0.1:8082]}}, [response_received])
20:29:08.868 [reactor-http-nio-11] DEBUG org.springframework.web.reactive.function.client.ExchangeFunctions - [2d7d278d] Response 200 OK
20:29:08.869 [reactor-http-nio-11] DEBUG reactor.netty.channel.FluxReceive - [id: 0xad770be0, L:/127.0.0.1:49869 - R:localhost/127.0.0.1:8082] Subscribing inbound receiver [pending: 0, cancelled:false, inboundDone: false]
20:29:08.870 [reactor-http-nio-11] DEBUG reactor.netty.http.client.HttpClientOperations - [id: 0xad770be0, L:/127.0.0.1:49869 - R:localhost/127.0.0.1:8082] Received last HTTP packet
20:29:08.870 [reactor-http-nio-11] DEBUG org.springframework.core.codec.StringDecoder - [2d7d278d] Decoded "766"
20:29:08.870 [reactor-http-nio-11] DEBUG reactor.netty.resources.PooledConnectionProvider - [id: 0xad770be0, L:/127.0.0.1:49869 - R:localhost/127.0.0.1:8082] onStateChange(GET{uri=/getAttractionRewardPoints?attractionId=4cc023b5-cd16-4307-be23-e033363361ca&userId=1f958bd7-f7e7-4ce0-8ef3-1faefb01a470, connection=PooledConnection{channel=[id: 0xad770be0, L:/127.0.0.1:49869 - R:localhost/127.0.0.1:8082]}}, [disconnecting])
20:29:08.870 [reactor-http-nio-11] DEBUG reactor.netty.resources.PooledConnectionProvider - [id: 0xad770be0, L:/127.0.0.1:49869 - R:localhost/127.0.0.1:8082] Releasing channel
20:29:08.870 [reactor-http-nio-11] DEBUG reactor.netty.resources.PooledConnectionProvider - [id: 0xad770be0, L:/127.0.0.1:49869 - R:localhost/127.0.0.1:8082] Channel cleaned, now 1 active connections and 1 inactive connections
20:29:08.871 [pool-10-thread-1] DEBUG org.springframework.web.reactive.function.client.ExchangeFunctions - [6d201566] HTTP GET http://localhost:8082/getAttractionRewardPoints?attractionId=9950c41e-f1d0-4757-9712-017ab1b364f0&userId=1f958bd7-f7e7-4ce0-8ef3-1faefb01a470
20:29:08.872 [reactor-http-nio-11] DEBUG reactor.netty.resources.PooledConnectionProvider - [id: 0xad770be0, L:/127.0.0.1:49869 - R:localhost/127.0.0.1:8082] Channel acquired, now 2 active connections and 0 inactive connections
20:29:08.872 [reactor-http-nio-11] DEBUG reactor.netty.http.client.HttpClientConnect - [id: 0xad770be0, L:/127.0.0.1:49869 - R:localhost/127.0.0.1:8082] Handler is being applied: {uri=http://localhost:8082/getAttractionRewardPoints?attractionId=9950c41e-f1d0-4757-9712-017ab1b364f0&userId=1f958bd7-f7e7-4ce0-8ef3-1faefb01a470, method=GET}
20:29:08.873 [reactor-http-nio-11] DEBUG reactor.netty.resources.PooledConnectionProvider - [id: 0xad770be0, L:/127.0.0.1:49869 - R:localhost/127.0.0.1:8082] onStateChange(GET{uri=/getAttractionRewardPoints?attractionId=9950c41e-f1d0-4757-9712-017ab1b364f0&userId=1f958bd7-f7e7-4ce0-8ef3-1faefb01a470, connection=PooledConnection{channel=[id: 0xad770be0, L:/127.0.0.1:49869 - R:localhost/127.0.0.1:8082]}}, [request_sent])
20:29:09.136 [reactor-http-nio-11] DEBUG reactor.netty.http.client.HttpClientOperations - [id: 0x6e7a501f, L:/127.0.0.1:49867 - R:localhost/127.0.0.1:8082] Received response (auto-read:false) : [Content-Type=application/json, Transfer-Encoding=chunked, Date=Tue, 29 Jun 2021 14:59:08 GMT]
20:29:09.136 [reactor-http-nio-11] DEBUG reactor.netty.resources.PooledConnectionProvider - [id: 0x6e7a501f, L:/127.0.0.1:49867 - R:localhost/127.0.0.1:8082] onStateChange(GET{uri=/getAttractionRewardPoints?attractionId=e43e4e6a-897d-4dbe-bbb5-99486d320191&userId=1f958bd7-f7e7-4ce0-8ef3-1faefb01a470, connection=PooledConnection{channel=[id: 0x6e7a501f, L:/127.0.0.1:49867 - R:localhost/127.0.0.1:8082]}}, [response_received])
20:29:09.137 [reactor-http-nio-11] DEBUG org.springframework.web.reactive.function.client.ExchangeFunctions - [5ecf85d] Response 200 OK
20:29:09.138 [reactor-http-nio-11] DEBUG reactor.netty.channel.FluxReceive - [id: 0x6e7a501f, L:/127.0.0.1:49867 - R:localhost/127.0.0.1:8082] Subscribing inbound receiver [pending: 0, cancelled:false, inboundDone: false]
20:29:09.138 [reactor-http-nio-11] DEBUG reactor.netty.http.client.HttpClientOperations - [id: 0x6e7a501f, L:/127.0.0.1:49867 - R:localhost/127.0.0.1:8082] Received last HTTP packet
20:29:09.139 [reactor-http-nio-11] DEBUG org.springframework.core.codec.StringDecoder - [5ecf85d] Decoded "101"
20:29:09.139 [reactor-http-nio-11] DEBUG reactor.netty.resources.PooledConnectionProvider - [id: 0x6e7a501f, L:/127.0.0.1:49867 - R:localhost/127.0.0.1:8082] onStateChange(GET{uri=/getAttractionRewardPoints?attractionId=e43e4e6a-897d-4dbe-bbb5-99486d320191&userId=1f958bd7-f7e7-4ce0-8ef3-1faefb01a470, connection=PooledConnection{channel=[id: 0x6e7a501f, L:/127.0.0.1:49867 - R:localhost/127.0.0.1:8082]}}, [disconnecting])
20:29:09.139 [reactor-http-nio-11] DEBUG reactor.netty.resources.PooledConnectionProvider - [id: 0x6e7a501f, L:/127.0.0.1:49867 - R:localhost/127.0.0.1:8082] Releasing channel
20:29:09.139 [reactor-http-nio-11] DEBUG reactor.netty.resources.PooledConnectionProvider - [id: 0x6e7a501f, L:/127.0.0.1:49867 - R:localhost/127.0.0.1:8082] Channel cleaned, now 1 active connections and 1 inactive connections
20:29:09.140 [Test worker] DEBUG org.springframework.web.reactive.function.client.ExchangeFunctions - [1d0cb5b0] HTTP GET http://localhost:8082/getAttractionRewardPoints?attractionId=d4d69ad6-373d-4757-87bd-d71a28992ce2&userId=1f958bd7-f7e7-4ce0-8ef3-1faefb01a470
20:29:09.141 [reactor-http-nio-11] DEBUG reactor.netty.resources.PooledConnectionProvider - [id: 0x6e7a501f, L:/127.0.0.1:49867 - R:localhost/127.0.0.1:8082] Channel acquired, now 2 active connections and 0 inactive connections
20:29:09.141 [reactor-http-nio-11] DEBUG reactor.netty.http.client.HttpClientConnect - [id: 0x6e7a501f, L:/127.0.0.1:49867 - R:localhost/127.0.0.1:8082] Handler is being applied: {uri=http://localhost:8082/getAttractionRewardPoints?attractionId=d4d69ad6-373d-4757-87bd-d71a28992ce2&userId=1f958bd7-f7e7-4ce0-8ef3-1faefb01a470, method=GET}
20:29:09.142 [reactor-http-nio-11] DEBUG reactor.netty.resources.PooledConnectionProvider - [id: 0x6e7a501f, L:/127.0.0.1:49867 - R:localhost/127.0.0.1:8082] onStateChange(GET{uri=/getAttractionRewardPoints?attractionId=d4d69ad6-373d-4757-87bd-d71a28992ce2&userId=1f958bd7-f7e7-4ce0-8ef3-1faefb01a470, connection=PooledConnection{channel=[id: 0x6e7a501f, L:/127.0.0.1:49867 - R:localhost/127.0.0.1:8082]}}, [request_sent])
20:29:09.181 [reactor-http-nio-11] DEBUG reactor.netty.http.client.HttpClientOperations - [id: 0x6e7a501f, L:/127.0.0.1:49867 - R:localhost/127.0.0.1:8082] Received response (auto-read:false) : [Content-Type=application/json, Transfer-Encoding=chunked, Date=Tue, 29 Jun 2021 14:59:08 GMT]
20:29:09.181 [reactor-http-nio-11] DEBUG reactor.netty.resources.PooledConnectionProvider - [id: 0x6e7a501f, L:/127.0.0.1:49867 - R:localhost/127.0.0.1:8082] onStateChange(GET{uri=/getAttractionRewardPoints?attractionId=d4d69ad6-373d-4757-87bd-d71a28992ce2&userId=1f958bd7-f7e7-4ce0-8ef3-1faefb01a470, connection=PooledConnection{channel=[id: 0x6e7a501f, L:/127.0.0.1:49867 - R:localhost/127.0.0.1:8082]}}, [response_received])
20:29:09.181 [reactor-http-nio-11] DEBUG org.springframework.web.reactive.function.client.ExchangeFunctions - [1d0cb5b0] Response 200 OK
20:29:09.182 [reactor-http-nio-11] DEBUG reactor.netty.channel.FluxReceive - [id: 0x6e7a501f, L:/127.0.0.1:49867 - R:localhost/127.0.0.1:8082] Subscribing inbound receiver [pending: 0, cancelled:false, inboundDone: false]
20:29:09.183 [reactor-http-nio-11] DEBUG reactor.netty.http.client.HttpClientOperations - [id: 0x6e7a501f, L:/127.0.0.1:49867 - R:localhost/127.0.0.1:8082] Received last HTTP packet
20:29:09.183 [reactor-http-nio-11] DEBUG org.springframework.core.codec.StringDecoder - [1d0cb5b0] Decoded "996"
20:29:09.183 [reactor-http-nio-11] DEBUG reactor.netty.resources.PooledConnectionProvider - [id: 0x6e7a501f, L:/127.0.0.1:49867 - R:localhost/127.0.0.1:8082] onStateChange(GET{uri=/getAttractionRewardPoints?attractionId=d4d69ad6-373d-4757-87bd-d71a28992ce2&userId=1f958bd7-f7e7-4ce0-8ef3-1faefb01a470, connection=PooledConnection{channel=[id: 0x6e7a501f, L:/127.0.0.1:49867 - R:localhost/127.0.0.1:8082]}}, [disconnecting])
20:29:09.183 [reactor-http-nio-11] DEBUG reactor.netty.resources.PooledConnectionProvider - [id: 0x6e7a501f, L:/127.0.0.1:49867 - R:localhost/127.0.0.1:8082] Releasing channel
20:29:09.184 [reactor-http-nio-11] DEBUG reactor.netty.resources.PooledConnectionProvider - [id: 0x6e7a501f, L:/127.0.0.1:49867 - R:localhost/127.0.0.1:8082] Channel cleaned, now 1 active connections and 1 inactive connections
20:29:09.185 [Test worker] DEBUG org.springframework.web.reactive.function.client.ExchangeFunctions - [616ed9f] HTTP GET http://localhost:8082/getAttractionRewardPoints?attractionId=e1ab5586-260c-463f-afa6-88ac26f4c188&userId=1f958bd7-f7e7-4ce0-8ef3-1faefb01a470
20:29:09.185 [reactor-http-nio-11] DEBUG reactor.netty.resources.PooledConnectionProvider - [id: 0x6e7a501f, L:/127.0.0.1:49867 - R:localhost/127.0.0.1:8082] Channel acquired, now 2 active connections and 0 inactive connections
20:29:09.185 [reactor-http-nio-11] DEBUG reactor.netty.http.client.HttpClientConnect - [id: 0x6e7a501f, L:/127.0.0.1:49867 - R:localhost/127.0.0.1:8082] Handler is being applied: {uri=http://localhost:8082/getAttractionRewardPoints?attractionId=e1ab5586-260c-463f-afa6-88ac26f4c188&userId=1f958bd7-f7e7-4ce0-8ef3-1faefb01a470, method=GET}
20:29:09.186 [reactor-http-nio-11] DEBUG reactor.netty.resources.PooledConnectionProvider - [id: 0x6e7a501f, L:/127.0.0.1:49867 - R:localhost/127.0.0.1:8082] onStateChange(GET{uri=/getAttractionRewardPoints?attractionId=e1ab5586-260c-463f-afa6-88ac26f4c188&userId=1f958bd7-f7e7-4ce0-8ef3-1faefb01a470, connection=PooledConnection{channel=[id: 0x6e7a501f, L:/127.0.0.1:49867 - R:localhost/127.0.0.1:8082]}}, [request_sent])
20:29:09.537 [reactor-http-nio-11] DEBUG reactor.netty.http.client.HttpClientOperations - [id: 0xad770be0, L:/127.0.0.1:49869 - R:localhost/127.0.0.1:8082] Received response (auto-read:false) : [Content-Type=application/json, Transfer-Encoding=chunked, Date=Tue, 29 Jun 2021 14:59:08 GMT]
20:29:09.537 [reactor-http-nio-11] DEBUG reactor.netty.resources.PooledConnectionProvider - [id: 0xad770be0, L:/127.0.0.1:49869 - R:localhost/127.0.0.1:8082] onStateChange(GET{uri=/getAttractionRewardPoints?attractionId=9950c41e-f1d0-4757-9712-017ab1b364f0&userId=1f958bd7-f7e7-4ce0-8ef3-1faefb01a470, connection=PooledConnection{channel=[id: 0xad770be0, L:/127.0.0.1:49869 - R:localhost/127.0.0.1:8082]}}, [response_received])
20:29:09.537 [reactor-http-nio-11] DEBUG org.springframework.web.reactive.function.client.ExchangeFunctions - [6d201566] Response 200 OK
20:29:09.538 [reactor-http-nio-11] DEBUG reactor.netty.channel.FluxReceive - [id: 0xad770be0, L:/127.0.0.1:49869 - R:localhost/127.0.0.1:8082] Subscribing inbound receiver [pending: 0, cancelled:false, inboundDone: false]
20:29:09.539 [reactor-http-nio-11] DEBUG reactor.netty.http.client.HttpClientOperations - [id: 0xad770be0, L:/127.0.0.1:49869 - R:localhost/127.0.0.1:8082] Received last HTTP packet
20:29:09.539 [reactor-http-nio-11] DEBUG org.springframework.core.codec.StringDecoder - [6d201566] Decoded "975"
20:29:09.539 [reactor-http-nio-11] DEBUG reactor.netty.resources.PooledConnectionProvider - [id: 0xad770be0, L:/127.0.0.1:49869 - R:localhost/127.0.0.1:8082] onStateChange(GET{uri=/getAttractionRewardPoints?attractionId=9950c41e-f1d0-4757-9712-017ab1b364f0&userId=1f958bd7-f7e7-4ce0-8ef3-1faefb01a470, connection=PooledConnection{channel=[id: 0xad770be0, L:/127.0.0.1:49869 - R:localhost/127.0.0.1:8082]}}, [disconnecting])
20:29:09.539 [reactor-http-nio-11] DEBUG reactor.netty.resources.PooledConnectionProvider - [id: 0xad770be0, L:/127.0.0.1:49869 - R:localhost/127.0.0.1:8082] Releasing channel
20:29:09.539 [reactor-http-nio-11] DEBUG reactor.netty.resources.PooledConnectionProvider - [id: 0xad770be0, L:/127.0.0.1:49869 - R:localhost/127.0.0.1:8082] Channel cleaned, now 1 active connections and 1 inactive connections
20:29:09.541 [pool-10-thread-1] DEBUG org.springframework.web.reactive.function.client.ExchangeFunctions - [49fa578] HTTP GET http://localhost:8082/getAttractionRewardPoints?attractionId=bd3c31dd-0de6-4c5d-990f-9f474731acee&userId=1f958bd7-f7e7-4ce0-8ef3-1faefb01a470
20:29:09.542 [reactor-http-nio-11] DEBUG reactor.netty.resources.PooledConnectionProvider - [id: 0xad770be0, L:/127.0.0.1:49869 - R:localhost/127.0.0.1:8082] Channel acquired, now 2 active connections and 0 inactive connections
20:29:09.542 [reactor-http-nio-11] DEBUG reactor.netty.http.client.HttpClientConnect - [id: 0xad770be0, L:/127.0.0.1:49869 - R:localhost/127.0.0.1:8082] Handler is being applied: {uri=http://localhost:8082/getAttractionRewardPoints?attractionId=bd3c31dd-0de6-4c5d-990f-9f474731acee&userId=1f958bd7-f7e7-4ce0-8ef3-1faefb01a470, method=GET}
20:29:09.543 [reactor-http-nio-11] DEBUG reactor.netty.resources.PooledConnectionProvider - [id: 0xad770be0, L:/127.0.0.1:49869 - R:localhost/127.0.0.1:8082] onStateChange(GET{uri=/getAttractionRewardPoints?attractionId=bd3c31dd-0de6-4c5d-990f-9f474731acee&userId=1f958bd7-f7e7-4ce0-8ef3-1faefb01a470, connection=PooledConnection{channel=[id: 0xad770be0, L:/127.0.0.1:49869 - R:localhost/127.0.0.1:8082]}}, [request_sent])
20:29:09.928 [reactor-http-nio-11] DEBUG reactor.netty.http.client.HttpClientOperations - [id: 0x6e7a501f, L:/127.0.0.1:49867 - R:localhost/127.0.0.1:8082] Received response (auto-read:false) : [Content-Type=application/json, Transfer-Encoding=chunked, Date=Tue, 29 Jun 2021 14:59:09 GMT]
20:29:09.928 [reactor-http-nio-11] DEBUG reactor.netty.resources.PooledConnectionProvider - [id: 0x6e7a501f, L:/127.0.0.1:49867 - R:localhost/127.0.0.1:8082] onStateChange(GET{uri=/getAttractionRewardPoints?attractionId=e1ab5586-260c-463f-afa6-88ac26f4c188&userId=1f958bd7-f7e7-4ce0-8ef3-1faefb01a470, connection=PooledConnection{channel=[id: 0x6e7a501f, L:/127.0.0.1:49867 - R:localhost/127.0.0.1:8082]}}, [response_received])
20:29:09.929 [reactor-http-nio-11] DEBUG org.springframework.web.reactive.function.client.ExchangeFunctions - [616ed9f] Response 200 OK
20:29:09.929 [reactor-http-nio-11] DEBUG reactor.netty.channel.FluxReceive - [id: 0x6e7a501f, L:/127.0.0.1:49867 - R:localhost/127.0.0.1:8082] Subscribing inbound receiver [pending: 0, cancelled:false, inboundDone: false]
20:29:09.930 [reactor-http-nio-11] DEBUG reactor.netty.http.client.HttpClientOperations - [id: 0x6e7a501f, L:/127.0.0.1:49867 - R:localhost/127.0.0.1:8082] Received last HTTP packet
20:29:09.930 [reactor-http-nio-11] DEBUG org.springframework.core.codec.StringDecoder - [616ed9f] Decoded "818"
20:29:09.930 [reactor-http-nio-11] DEBUG reactor.netty.resources.PooledConnectionProvider - [id: 0x6e7a501f, L:/127.0.0.1:49867 - R:localhost/127.0.0.1:8082] onStateChange(GET{uri=/getAttractionRewardPoints?attractionId=e1ab5586-260c-463f-afa6-88ac26f4c188&userId=1f958bd7-f7e7-4ce0-8ef3-1faefb01a470, connection=PooledConnection{channel=[id: 0x6e7a501f, L:/127.0.0.1:49867 - R:localhost/127.0.0.1:8082]}}, [disconnecting])
20:29:09.931 [reactor-http-nio-11] DEBUG reactor.netty.resources.PooledConnectionProvider - [id: 0x6e7a501f, L:/127.0.0.1:49867 - R:localhost/127.0.0.1:8082] Releasing channel
20:29:09.931 [reactor-http-nio-11] DEBUG reactor.netty.resources.PooledConnectionProvider - [id: 0x6e7a501f, L:/127.0.0.1:49867 - R:localhost/127.0.0.1:8082] Channel cleaned, now 1 active connections and 1 inactive connections
20:29:09.932 [Test worker] DEBUG org.springframework.web.reactive.function.client.ExchangeFunctions - [6ec30bb0] HTTP GET http://localhost:8082/getAttractionRewardPoints?attractionId=0a551029-dfdd-4b24-82e2-67f594d75a58&userId=1f958bd7-f7e7-4ce0-8ef3-1faefb01a470
20:29:09.933 [reactor-http-nio-11] DEBUG reactor.netty.resources.PooledConnectionProvider - [id: 0x6e7a501f, L:/127.0.0.1:49867 - R:localhost/127.0.0.1:8082] Channel acquired, now 2 active connections and 0 inactive connections
20:29:09.933 [reactor-http-nio-11] DEBUG reactor.netty.http.client.HttpClientConnect - [id: 0x6e7a501f, L:/127.0.0.1:49867 - R:localhost/127.0.0.1:8082] Handler is being applied: {uri=http://localhost:8082/getAttractionRewardPoints?attractionId=0a551029-dfdd-4b24-82e2-67f594d75a58&userId=1f958bd7-f7e7-4ce0-8ef3-1faefb01a470, method=GET}
20:29:09.934 [reactor-http-nio-11] DEBUG reactor.netty.resources.PooledConnectionProvider - [id: 0x6e7a501f, L:/127.0.0.1:49867 - R:localhost/127.0.0.1:8082] onStateChange(GET{uri=/getAttractionRewardPoints?attractionId=0a551029-dfdd-4b24-82e2-67f594d75a58&userId=1f958bd7-f7e7-4ce0-8ef3-1faefb01a470, connection=PooledConnection{channel=[id: 0x6e7a501f, L:/127.0.0.1:49867 - R:localhost/127.0.0.1:8082]}}, [request_sent])
20:29:09.988 [reactor-http-nio-11] DEBUG reactor.netty.http.client.HttpClientOperations - [id: 0xad770be0, L:/127.0.0.1:49869 - R:localhost/127.0.0.1:8082] Received response (auto-read:false) : [Content-Type=application/json, Transfer-Encoding=chunked, Date=Tue, 29 Jun 2021 14:59:09 GMT]
20:29:09.988 [reactor-http-nio-11] DEBUG reactor.netty.resources.PooledConnectionProvider - [id: 0xad770be0, L:/127.0.0.1:49869 - R:localhost/127.0.0.1:8082] onStateChange(GET{uri=/getAttractionRewardPoints?attractionId=bd3c31dd-0de6-4c5d-990f-9f474731acee&userId=1f958bd7-f7e7-4ce0-8ef3-1faefb01a470, connection=PooledConnection{channel=[id: 0xad770be0, L:/127.0.0.1:49869 - R:localhost/127.0.0.1:8082]}}, [response_received])
20:29:09.988 [reactor-http-nio-11] DEBUG org.springframework.web.reactive.function.client.ExchangeFunctions - [49fa578] Response 200 OK
20:29:09.989 [reactor-http-nio-11] DEBUG reactor.netty.channel.FluxReceive - [id: 0xad770be0, L:/127.0.0.1:49869 - R:localhost/127.0.0.1:8082] Subscribing inbound receiver [pending: 0, cancelled:false, inboundDone: false]
20:29:09.989 [reactor-http-nio-11] DEBUG reactor.netty.http.client.HttpClientOperations - [id: 0xad770be0, L:/127.0.0.1:49869 - R:localhost/127.0.0.1:8082] Received last HTTP packet
20:29:09.990 [reactor-http-nio-11] DEBUG org.springframework.core.codec.StringDecoder - [49fa578] Decoded "517"
20:29:09.990 [reactor-http-nio-11] DEBUG reactor.netty.resources.PooledConnectionProvider - [id: 0xad770be0, L:/127.0.0.1:49869 - R:localhost/127.0.0.1:8082] onStateChange(GET{uri=/getAttractionRewardPoints?attractionId=bd3c31dd-0de6-4c5d-990f-9f474731acee&userId=1f958bd7-f7e7-4ce0-8ef3-1faefb01a470, connection=PooledConnection{channel=[id: 0xad770be0, L:/127.0.0.1:49869 - R:localhost/127.0.0.1:8082]}}, [disconnecting])
20:29:09.990 [reactor-http-nio-11] DEBUG reactor.netty.resources.PooledConnectionProvider - [id: 0xad770be0, L:/127.0.0.1:49869 - R:localhost/127.0.0.1:8082] Releasing channel
20:29:09.990 [reactor-http-nio-11] DEBUG reactor.netty.resources.PooledConnectionProvider - [id: 0xad770be0, L:/127.0.0.1:49869 - R:localhost/127.0.0.1:8082] Channel cleaned, now 1 active connections and 1 inactive connections
20:29:09.991 [pool-10-thread-1] DEBUG org.springframework.web.reactive.function.client.ExchangeFunctions - [6522990f] HTTP GET http://localhost:8082/getAttractionRewardPoints?attractionId=e418c139-d655-4c15-8f10-455eab4b5149&userId=1f958bd7-f7e7-4ce0-8ef3-1faefb01a470
20:29:09.992 [reactor-http-nio-11] DEBUG reactor.netty.resources.PooledConnectionProvider - [id: 0xad770be0, L:/127.0.0.1:49869 - R:localhost/127.0.0.1:8082] Channel acquired, now 2 active connections and 0 inactive connections
20:29:09.992 [reactor-http-nio-11] DEBUG reactor.netty.http.client.HttpClientConnect - [id: 0xad770be0, L:/127.0.0.1:49869 - R:localhost/127.0.0.1:8082] Handler is being applied: {uri=http://localhost:8082/getAttractionRewardPoints?attractionId=e418c139-d655-4c15-8f10-455eab4b5149&userId=1f958bd7-f7e7-4ce0-8ef3-1faefb01a470, method=GET}
20:29:09.993 [reactor-http-nio-11] DEBUG reactor.netty.resources.PooledConnectionProvider - [id: 0xad770be0, L:/127.0.0.1:49869 - R:localhost/127.0.0.1:8082] onStateChange(GET{uri=/getAttractionRewardPoints?attractionId=e418c139-d655-4c15-8f10-455eab4b5149&userId=1f958bd7-f7e7-4ce0-8ef3-1faefb01a470, connection=PooledConnection{channel=[id: 0xad770be0, L:/127.0.0.1:49869 - R:localhost/127.0.0.1:8082]}}, [request_sent])
20:29:10.557 [reactor-http-nio-11] DEBUG reactor.netty.http.client.HttpClientOperations - [id: 0xad770be0, L:/127.0.0.1:49869 - R:localhost/127.0.0.1:8082] Received response (auto-read:false) : [Content-Type=application/json, Transfer-Encoding=chunked, Date=Tue, 29 Jun 2021 14:59:09 GMT]
20:29:10.557 [reactor-http-nio-11] DEBUG reactor.netty.resources.PooledConnectionProvider - [id: 0xad770be0, L:/127.0.0.1:49869 - R:localhost/127.0.0.1:8082] onStateChange(GET{uri=/getAttractionRewardPoints?attractionId=e418c139-d655-4c15-8f10-455eab4b5149&userId=1f958bd7-f7e7-4ce0-8ef3-1faefb01a470, connection=PooledConnection{channel=[id: 0xad770be0, L:/127.0.0.1:49869 - R:localhost/127.0.0.1:8082]}}, [response_received])
20:29:10.557 [reactor-http-nio-11] DEBUG org.springframework.web.reactive.function.client.ExchangeFunctions - [6522990f] Response 200 OK
20:29:10.558 [reactor-http-nio-11] DEBUG reactor.netty.channel.FluxReceive - [id: 0xad770be0, L:/127.0.0.1:49869 - R:localhost/127.0.0.1:8082] Subscribing inbound receiver [pending: 0, cancelled:false, inboundDone: false]
20:29:10.559 [reactor-http-nio-11] DEBUG reactor.netty.http.client.HttpClientOperations - [id: 0xad770be0, L:/127.0.0.1:49869 - R:localhost/127.0.0.1:8082] Received last HTTP packet
20:29:10.559 [reactor-http-nio-11] DEBUG org.springframework.core.codec.StringDecoder - [6522990f] Decoded "173"
20:29:10.559 [reactor-http-nio-11] DEBUG reactor.netty.resources.PooledConnectionProvider - [id: 0xad770be0, L:/127.0.0.1:49869 - R:localhost/127.0.0.1:8082] onStateChange(GET{uri=/getAttractionRewardPoints?attractionId=e418c139-d655-4c15-8f10-455eab4b5149&userId=1f958bd7-f7e7-4ce0-8ef3-1faefb01a470, connection=PooledConnection{channel=[id: 0xad770be0, L:/127.0.0.1:49869 - R:localhost/127.0.0.1:8082]}}, [disconnecting])
20:29:10.559 [reactor-http-nio-11] DEBUG reactor.netty.resources.PooledConnectionProvider - [id: 0xad770be0, L:/127.0.0.1:49869 - R:localhost/127.0.0.1:8082] Releasing channel
20:29:10.560 [reactor-http-nio-11] DEBUG reactor.netty.resources.PooledConnectionProvider - [id: 0xad770be0, L:/127.0.0.1:49869 - R:localhost/127.0.0.1:8082] Channel cleaned, now 1 active connections and 1 inactive connections
20:29:10.561 [pool-10-thread-1] DEBUG org.springframework.web.reactive.function.client.ExchangeFunctions - [21278b69] HTTP GET http://localhost:8082/getAttractionRewardPoints?attractionId=8949aab3-7fd1-4a6b-90d6-1fef7c2f5db7&userId=1f958bd7-f7e7-4ce0-8ef3-1faefb01a470
20:29:10.561 [reactor-http-nio-11] DEBUG reactor.netty.resources.PooledConnectionProvider - [id: 0xad770be0, L:/127.0.0.1:49869 - R:localhost/127.0.0.1:8082] Channel acquired, now 2 active connections and 0 inactive connections
20:29:10.561 [reactor-http-nio-11] DEBUG reactor.netty.http.client.HttpClientConnect - [id: 0xad770be0, L:/127.0.0.1:49869 - R:localhost/127.0.0.1:8082] Handler is being applied: {uri=http://localhost:8082/getAttractionRewardPoints?attractionId=8949aab3-7fd1-4a6b-90d6-1fef7c2f5db7&userId=1f958bd7-f7e7-4ce0-8ef3-1faefb01a470, method=GET}
20:29:10.562 [reactor-http-nio-11] DEBUG reactor.netty.resources.PooledConnectionProvider - [id: 0xad770be0, L:/127.0.0.1:49869 - R:localhost/127.0.0.1:8082] onStateChange(GET{uri=/getAttractionRewardPoints?attractionId=8949aab3-7fd1-4a6b-90d6-1fef7c2f5db7&userId=1f958bd7-f7e7-4ce0-8ef3-1faefb01a470, connection=PooledConnection{channel=[id: 0xad770be0, L:/127.0.0.1:49869 - R:localhost/127.0.0.1:8082]}}, [request_sent])
20:29:10.668 [reactor-http-nio-11] DEBUG reactor.netty.http.client.HttpClientOperations - [id: 0x6e7a501f, L:/127.0.0.1:49867 - R:localhost/127.0.0.1:8082] Received response (auto-read:false) : [Content-Type=application/json, Transfer-Encoding=chunked, Date=Tue, 29 Jun 2021 14:59:09 GMT]
20:29:10.668 [reactor-http-nio-11] DEBUG reactor.netty.resources.PooledConnectionProvider - [id: 0x6e7a501f, L:/127.0.0.1:49867 - R:localhost/127.0.0.1:8082] onStateChange(GET{uri=/getAttractionRewardPoints?attractionId=0a551029-dfdd-4b24-82e2-67f594d75a58&userId=1f958bd7-f7e7-4ce0-8ef3-1faefb01a470, connection=PooledConnection{channel=[id: 0x6e7a501f, L:/127.0.0.1:49867 - R:localhost/127.0.0.1:8082]}}, [response_received])
20:29:10.668 [reactor-http-nio-11] DEBUG org.springframework.web.reactive.function.client.ExchangeFunctions - [6ec30bb0] Response 200 OK
20:29:10.669 [reactor-http-nio-11] DEBUG reactor.netty.channel.FluxReceive - [id: 0x6e7a501f, L:/127.0.0.1:49867 - R:localhost/127.0.0.1:8082] Subscribing inbound receiver [pending: 0, cancelled:false, inboundDone: false]
20:29:10.669 [reactor-http-nio-11] DEBUG reactor.netty.http.client.HttpClientOperations - [id: 0x6e7a501f, L:/127.0.0.1:49867 - R:localhost/127.0.0.1:8082] Received last HTTP packet
20:29:10.670 [reactor-http-nio-11] DEBUG org.springframework.core.codec.StringDecoder - [6ec30bb0] Decoded "289"
20:29:10.670 [reactor-http-nio-11] DEBUG reactor.netty.resources.PooledConnectionProvider - [id: 0x6e7a501f, L:/127.0.0.1:49867 - R:localhost/127.0.0.1:8082] onStateChange(GET{uri=/getAttractionRewardPoints?attractionId=0a551029-dfdd-4b24-82e2-67f594d75a58&userId=1f958bd7-f7e7-4ce0-8ef3-1faefb01a470, connection=PooledConnection{channel=[id: 0x6e7a501f, L:/127.0.0.1:49867 - R:localhost/127.0.0.1:8082]}}, [disconnecting])
20:29:10.670 [reactor-http-nio-11] DEBUG reactor.netty.resources.PooledConnectionProvider - [id: 0x6e7a501f, L:/127.0.0.1:49867 - R:localhost/127.0.0.1:8082] Releasing channel
20:29:10.670 [reactor-http-nio-11] DEBUG reactor.netty.resources.PooledConnectionProvider - [id: 0x6e7a501f, L:/127.0.0.1:49867 - R:localhost/127.0.0.1:8082] Channel cleaned, now 1 active connections and 1 inactive connections
20:29:10.671 [Test worker] DEBUG org.springframework.web.reactive.function.client.ExchangeFunctions - [c8f2825] HTTP GET http://localhost:8082/getAttractionRewardPoints?attractionId=8550c822-1779-4937-b507-a71189b77164&userId=1f958bd7-f7e7-4ce0-8ef3-1faefb01a470
20:29:10.672 [reactor-http-nio-11] DEBUG reactor.netty.resources.PooledConnectionProvider - [id: 0x6e7a501f, L:/127.0.0.1:49867 - R:localhost/127.0.0.1:8082] Channel acquired, now 2 active connections and 0 inactive connections
20:29:10.672 [reactor-http-nio-11] DEBUG reactor.netty.http.client.HttpClientConnect - [id: 0x6e7a501f, L:/127.0.0.1:49867 - R:localhost/127.0.0.1:8082] Handler is being applied: {uri=http://localhost:8082/getAttractionRewardPoints?attractionId=8550c822-1779-4937-b507-a71189b77164&userId=1f958bd7-f7e7-4ce0-8ef3-1faefb01a470, method=GET}
20:29:10.673 [reactor-http-nio-11] DEBUG reactor.netty.resources.PooledConnectionProvider - [id: 0x6e7a501f, L:/127.0.0.1:49867 - R:localhost/127.0.0.1:8082] onStateChange(GET{uri=/getAttractionRewardPoints?attractionId=8550c822-1779-4937-b507-a71189b77164&userId=1f958bd7-f7e7-4ce0-8ef3-1faefb01a470, connection=PooledConnection{channel=[id: 0x6e7a501f, L:/127.0.0.1:49867 - R:localhost/127.0.0.1:8082]}}, [request_sent])
20:29:10.738 [reactor-http-nio-11] DEBUG reactor.netty.http.client.HttpClientOperations - [id: 0x6e7a501f, L:/127.0.0.1:49867 - R:localhost/127.0.0.1:8082] Received response (auto-read:false) : [Content-Type=application/json, Transfer-Encoding=chunked, Date=Tue, 29 Jun 2021 14:59:09 GMT]
20:29:10.738 [reactor-http-nio-11] DEBUG reactor.netty.resources.PooledConnectionProvider - [id: 0x6e7a501f, L:/127.0.0.1:49867 - R:localhost/127.0.0.1:8082] onStateChange(GET{uri=/getAttractionRewardPoints?attractionId=8550c822-1779-4937-b507-a71189b77164&userId=1f958bd7-f7e7-4ce0-8ef3-1faefb01a470, connection=PooledConnection{channel=[id: 0x6e7a501f, L:/127.0.0.1:49867 - R:localhost/127.0.0.1:8082]}}, [response_received])
20:29:10.738 [reactor-http-nio-11] DEBUG org.springframework.web.reactive.function.client.ExchangeFunctions - [c8f2825] Response 200 OK
20:29:10.739 [reactor-http-nio-11] DEBUG reactor.netty.channel.FluxReceive - [id: 0x6e7a501f, L:/127.0.0.1:49867 - R:localhost/127.0.0.1:8082] Subscribing inbound receiver [pending: 0, cancelled:false, inboundDone: false]
20:29:10.739 [reactor-http-nio-11] DEBUG reactor.netty.http.client.HttpClientOperations - [id: 0x6e7a501f, L:/127.0.0.1:49867 - R:localhost/127.0.0.1:8082] Received last HTTP packet
20:29:10.740 [reactor-http-nio-11] DEBUG org.springframework.core.codec.StringDecoder - [c8f2825] Decoded "911"
20:29:10.740 [reactor-http-nio-11] DEBUG reactor.netty.resources.PooledConnectionProvider - [id: 0x6e7a501f, L:/127.0.0.1:49867 - R:localhost/127.0.0.1:8082] onStateChange(GET{uri=/getAttractionRewardPoints?attractionId=8550c822-1779-4937-b507-a71189b77164&userId=1f958bd7-f7e7-4ce0-8ef3-1faefb01a470, connection=PooledConnection{channel=[id: 0x6e7a501f, L:/127.0.0.1:49867 - R:localhost/127.0.0.1:8082]}}, [disconnecting])
20:29:10.740 [reactor-http-nio-11] DEBUG reactor.netty.resources.PooledConnectionProvider - [id: 0x6e7a501f, L:/127.0.0.1:49867 - R:localhost/127.0.0.1:8082] Releasing channel
20:29:10.740 [reactor-http-nio-11] DEBUG reactor.netty.resources.PooledConnectionProvider - [id: 0x6e7a501f, L:/127.0.0.1:49867 - R:localhost/127.0.0.1:8082] Channel cleaned, now 1 active connections and 1 inactive connections
20:29:10.741 [Test worker] DEBUG org.springframework.web.reactive.function.client.ExchangeFunctions - [74d6ad31] HTTP GET http://localhost:8082/getAttractionRewardPoints?attractionId=13ba43bf-6137-4ab9-a5f3-f8b19e0f1b89&userId=1f958bd7-f7e7-4ce0-8ef3-1faefb01a470
20:29:10.742 [reactor-http-nio-11] DEBUG reactor.netty.resources.PooledConnectionProvider - [id: 0x6e7a501f, L:/127.0.0.1:49867 - R:localhost/127.0.0.1:8082] Channel acquired, now 2 active connections and 0 inactive connections
20:29:10.742 [reactor-http-nio-11] DEBUG reactor.netty.http.client.HttpClientConnect - [id: 0x6e7a501f, L:/127.0.0.1:49867 - R:localhost/127.0.0.1:8082] Handler is being applied: {uri=http://localhost:8082/getAttractionRewardPoints?attractionId=13ba43bf-6137-4ab9-a5f3-f8b19e0f1b89&userId=1f958bd7-f7e7-4ce0-8ef3-1faefb01a470, method=GET}
20:29:10.744 [reactor-http-nio-11] DEBUG reactor.netty.resources.PooledConnectionProvider - [id: 0x6e7a501f, L:/127.0.0.1:49867 - R:localhost/127.0.0.1:8082] onStateChange(GET{uri=/getAttractionRewardPoints?attractionId=13ba43bf-6137-4ab9-a5f3-f8b19e0f1b89&userId=1f958bd7-f7e7-4ce0-8ef3-1faefb01a470, connection=PooledConnection{channel=[id: 0x6e7a501f, L:/127.0.0.1:49867 - R:localhost/127.0.0.1:8082]}}, [request_sent])
20:29:10.747 [reactor-http-nio-11] DEBUG reactor.netty.http.client.HttpClientOperations - [id: 0xad770be0, L:/127.0.0.1:49869 - R:localhost/127.0.0.1:8082] Received response (auto-read:false) : [Content-Type=application/json, Transfer-Encoding=chunked, Date=Tue, 29 Jun 2021 14:59:09 GMT]
20:29:10.747 [reactor-http-nio-11] DEBUG reactor.netty.resources.PooledConnectionProvider - [id: 0xad770be0, L:/127.0.0.1:49869 - R:localhost/127.0.0.1:8082] onStateChange(GET{uri=/getAttractionRewardPoints?attractionId=8949aab3-7fd1-4a6b-90d6-1fef7c2f5db7&userId=1f958bd7-f7e7-4ce0-8ef3-1faefb01a470, connection=PooledConnection{channel=[id: 0xad770be0, L:/127.0.0.1:49869 - R:localhost/127.0.0.1:8082]}}, [response_received])
20:29:10.747 [reactor-http-nio-11] DEBUG org.springframework.web.reactive.function.client.ExchangeFunctions - [21278b69] Response 200 OK
20:29:10.748 [reactor-http-nio-11] DEBUG reactor.netty.channel.FluxReceive - [id: 0xad770be0, L:/127.0.0.1:49869 - R:localhost/127.0.0.1:8082] Subscribing inbound receiver [pending: 0, cancelled:false, inboundDone: false]
20:29:10.748 [reactor-http-nio-11] DEBUG reactor.netty.http.client.HttpClientOperations - [id: 0xad770be0, L:/127.0.0.1:49869 - R:localhost/127.0.0.1:8082] Received last HTTP packet
20:29:10.748 [reactor-http-nio-11] DEBUG org.springframework.core.codec.StringDecoder - [21278b69] Decoded "805"
20:29:10.748 [reactor-http-nio-11] DEBUG reactor.netty.resources.PooledConnectionProvider - [id: 0xad770be0, L:/127.0.0.1:49869 - R:localhost/127.0.0.1:8082] onStateChange(GET{uri=/getAttractionRewardPoints?attractionId=8949aab3-7fd1-4a6b-90d6-1fef7c2f5db7&userId=1f958bd7-f7e7-4ce0-8ef3-1faefb01a470, connection=PooledConnection{channel=[id: 0xad770be0, L:/127.0.0.1:49869 - R:localhost/127.0.0.1:8082]}}, [disconnecting])
20:29:10.748 [reactor-http-nio-11] DEBUG reactor.netty.resources.PooledConnectionProvider - [id: 0xad770be0, L:/127.0.0.1:49869 - R:localhost/127.0.0.1:8082] Releasing channel
20:29:10.749 [reactor-http-nio-11] DEBUG reactor.netty.resources.PooledConnectionProvider - [id: 0xad770be0, L:/127.0.0.1:49869 - R:localhost/127.0.0.1:8082] Channel cleaned, now 1 active connections and 1 inactive connections
20:29:10.749 [pool-10-thread-1] DEBUG org.springframework.web.reactive.function.client.ExchangeFunctions - [4c41310e] HTTP GET http://localhost:8082/getAttractionRewardPoints?attractionId=adfbdbef-7715-4ace-a98f-9800c4fb6132&userId=1f958bd7-f7e7-4ce0-8ef3-1faefb01a470
20:29:10.750 [reactor-http-nio-11] DEBUG reactor.netty.resources.PooledConnectionProvider - [id: 0xad770be0, L:/127.0.0.1:49869 - R:localhost/127.0.0.1:8082] Channel acquired, now 2 active connections and 0 inactive connections
20:29:10.750 [reactor-http-nio-11] DEBUG reactor.netty.http.client.HttpClientConnect - [id: 0xad770be0, L:/127.0.0.1:49869 - R:localhost/127.0.0.1:8082] Handler is being applied: {uri=http://localhost:8082/getAttractionRewardPoints?attractionId=adfbdbef-7715-4ace-a98f-9800c4fb6132&userId=1f958bd7-f7e7-4ce0-8ef3-1faefb01a470, method=GET}
20:29:10.751 [reactor-http-nio-11] DEBUG reactor.netty.resources.PooledConnectionProvider - [id: 0xad770be0, L:/127.0.0.1:49869 - R:localhost/127.0.0.1:8082] onStateChange(GET{uri=/getAttractionRewardPoints?attractionId=adfbdbef-7715-4ace-a98f-9800c4fb6132&userId=1f958bd7-f7e7-4ce0-8ef3-1faefb01a470, connection=PooledConnection{channel=[id: 0xad770be0, L:/127.0.0.1:49869 - R:localhost/127.0.0.1:8082]}}, [request_sent])
20:29:11.499 [reactor-http-nio-11] DEBUG reactor.netty.http.client.HttpClientOperations - [id: 0xad770be0, L:/127.0.0.1:49869 - R:localhost/127.0.0.1:8082] Received response (auto-read:false) : [Content-Type=application/json, Transfer-Encoding=chunked, Date=Tue, 29 Jun 2021 14:59:11 GMT]
20:29:11.499 [reactor-http-nio-11] DEBUG reactor.netty.resources.PooledConnectionProvider - [id: 0xad770be0, L:/127.0.0.1:49869 - R:localhost/127.0.0.1:8082] onStateChange(GET{uri=/getAttractionRewardPoints?attractionId=adfbdbef-7715-4ace-a98f-9800c4fb6132&userId=1f958bd7-f7e7-4ce0-8ef3-1faefb01a470, connection=PooledConnection{channel=[id: 0xad770be0, L:/127.0.0.1:49869 - R:localhost/127.0.0.1:8082]}}, [response_received])
20:29:11.500 [reactor-http-nio-11] DEBUG org.springframework.web.reactive.function.client.ExchangeFunctions - [4c41310e] Response 200 OK
20:29:11.500 [reactor-http-nio-11] DEBUG reactor.netty.channel.FluxReceive - [id: 0xad770be0, L:/127.0.0.1:49869 - R:localhost/127.0.0.1:8082] Subscribing inbound receiver [pending: 0, cancelled:false, inboundDone: false]
20:29:11.501 [reactor-http-nio-11] DEBUG reactor.netty.http.client.HttpClientOperations - [id: 0xad770be0, L:/127.0.0.1:49869 - R:localhost/127.0.0.1:8082] Received last HTTP packet
20:29:11.501 [reactor-http-nio-11] DEBUG org.springframework.core.codec.StringDecoder - [4c41310e] Decoded "321"
20:29:11.501 [reactor-http-nio-11] DEBUG reactor.netty.resources.PooledConnectionProvider - [id: 0xad770be0, L:/127.0.0.1:49869 - R:localhost/127.0.0.1:8082] onStateChange(GET{uri=/getAttractionRewardPoints?attractionId=adfbdbef-7715-4ace-a98f-9800c4fb6132&userId=1f958bd7-f7e7-4ce0-8ef3-1faefb01a470, connection=PooledConnection{channel=[id: 0xad770be0, L:/127.0.0.1:49869 - R:localhost/127.0.0.1:8082]}}, [disconnecting])
20:29:11.501 [reactor-http-nio-11] DEBUG reactor.netty.resources.PooledConnectionProvider - [id: 0xad770be0, L:/127.0.0.1:49869 - R:localhost/127.0.0.1:8082] Releasing channel
20:29:11.501 [reactor-http-nio-11] DEBUG reactor.netty.resources.PooledConnectionProvider - [id: 0xad770be0, L:/127.0.0.1:49869 - R:localhost/127.0.0.1:8082] Channel cleaned, now 1 active connections and 1 inactive connections
20:29:11.503 [pool-10-thread-1] DEBUG org.springframework.web.reactive.function.client.ExchangeFunctions - [350ce99b] HTTP GET http://localhost:8082/getAttractionRewardPoints?attractionId=0ea9abed-3800-46cf-8f91-30e58a55884e&userId=1f958bd7-f7e7-4ce0-8ef3-1faefb01a470
20:29:11.504 [reactor-http-nio-11] DEBUG reactor.netty.resources.PooledConnectionProvider - [id: 0xad770be0, L:/127.0.0.1:49869 - R:localhost/127.0.0.1:8082] Channel acquired, now 2 active connections and 0 inactive connections
20:29:11.504 [reactor-http-nio-11] DEBUG reactor.netty.http.client.HttpClientConnect - [id: 0xad770be0, L:/127.0.0.1:49869 - R:localhost/127.0.0.1:8082] Handler is being applied: {uri=http://localhost:8082/getAttractionRewardPoints?attractionId=0ea9abed-3800-46cf-8f91-30e58a55884e&userId=1f958bd7-f7e7-4ce0-8ef3-1faefb01a470, method=GET}
20:29:11.505 [reactor-http-nio-11] DEBUG reactor.netty.resources.PooledConnectionProvider - [id: 0xad770be0, L:/127.0.0.1:49869 - R:localhost/127.0.0.1:8082] onStateChange(GET{uri=/getAttractionRewardPoints?attractionId=0ea9abed-3800-46cf-8f91-30e58a55884e&userId=1f958bd7-f7e7-4ce0-8ef3-1faefb01a470, connection=PooledConnection{channel=[id: 0xad770be0, L:/127.0.0.1:49869 - R:localhost/127.0.0.1:8082]}}, [request_sent])
20:29:11.568 [reactor-http-nio-11] DEBUG reactor.netty.http.client.HttpClientOperations - [id: 0x6e7a501f, L:/127.0.0.1:49867 - R:localhost/127.0.0.1:8082] Received response (auto-read:false) : [Content-Type=application/json, Transfer-Encoding=chunked, Date=Tue, 29 Jun 2021 14:59:11 GMT]
20:29:11.568 [reactor-http-nio-11] DEBUG reactor.netty.resources.PooledConnectionProvider - [id: 0x6e7a501f, L:/127.0.0.1:49867 - R:localhost/127.0.0.1:8082] onStateChange(GET{uri=/getAttractionRewardPoints?attractionId=13ba43bf-6137-4ab9-a5f3-f8b19e0f1b89&userId=1f958bd7-f7e7-4ce0-8ef3-1faefb01a470, connection=PooledConnection{channel=[id: 0x6e7a501f, L:/127.0.0.1:49867 - R:localhost/127.0.0.1:8082]}}, [response_received])
20:29:11.568 [reactor-http-nio-11] DEBUG org.springframework.web.reactive.function.client.ExchangeFunctions - [74d6ad31] Response 200 OK
20:29:11.569 [reactor-http-nio-11] DEBUG reactor.netty.channel.FluxReceive - [id: 0x6e7a501f, L:/127.0.0.1:49867 - R:localhost/127.0.0.1:8082] Subscribing inbound receiver [pending: 0, cancelled:false, inboundDone: false]
20:29:11.569 [reactor-http-nio-11] DEBUG reactor.netty.http.client.HttpClientOperations - [id: 0x6e7a501f, L:/127.0.0.1:49867 - R:localhost/127.0.0.1:8082] Received last HTTP packet
20:29:11.569 [reactor-http-nio-11] DEBUG org.springframework.core.codec.StringDecoder - [74d6ad31] Decoded "463"
20:29:11.570 [reactor-http-nio-11] DEBUG reactor.netty.resources.PooledConnectionProvider - [id: 0x6e7a501f, L:/127.0.0.1:49867 - R:localhost/127.0.0.1:8082] onStateChange(GET{uri=/getAttractionRewardPoints?attractionId=13ba43bf-6137-4ab9-a5f3-f8b19e0f1b89&userId=1f958bd7-f7e7-4ce0-8ef3-1faefb01a470, connection=PooledConnection{channel=[id: 0x6e7a501f, L:/127.0.0.1:49867 - R:localhost/127.0.0.1:8082]}}, [disconnecting])
20:29:11.570 [reactor-http-nio-11] DEBUG reactor.netty.resources.PooledConnectionProvider - [id: 0x6e7a501f, L:/127.0.0.1:49867 - R:localhost/127.0.0.1:8082] Releasing channel
20:29:11.570 [reactor-http-nio-11] DEBUG reactor.netty.resources.PooledConnectionProvider - [id: 0x6e7a501f, L:/127.0.0.1:49867 - R:localhost/127.0.0.1:8082] Channel cleaned, now 1 active connections and 1 inactive connections
20:29:11.571 [Test worker] DEBUG org.springframework.web.reactive.function.client.ExchangeFunctions - [451dcc21] HTTP GET http://localhost:8082/getAttractionRewardPoints?attractionId=2341559f-c92b-4c6c-842c-5e482bc9eb05&userId=1f958bd7-f7e7-4ce0-8ef3-1faefb01a470
20:29:11.572 [reactor-http-nio-11] DEBUG reactor.netty.resources.PooledConnectionProvider - [id: 0x6e7a501f, L:/127.0.0.1:49867 - R:localhost/127.0.0.1:8082] Channel acquired, now 2 active connections and 0 inactive connections
20:29:11.572 [reactor-http-nio-11] DEBUG reactor.netty.http.client.HttpClientConnect - [id: 0x6e7a501f, L:/127.0.0.1:49867 - R:localhost/127.0.0.1:8082] Handler is being applied: {uri=http://localhost:8082/getAttractionRewardPoints?attractionId=2341559f-c92b-4c6c-842c-5e482bc9eb05&userId=1f958bd7-f7e7-4ce0-8ef3-1faefb01a470, method=GET}
20:29:11.574 [reactor-http-nio-11] DEBUG reactor.netty.resources.PooledConnectionProvider - [id: 0x6e7a501f, L:/127.0.0.1:49867 - R:localhost/127.0.0.1:8082] onStateChange(GET{uri=/getAttractionRewardPoints?attractionId=2341559f-c92b-4c6c-842c-5e482bc9eb05&userId=1f958bd7-f7e7-4ce0-8ef3-1faefb01a470, connection=PooledConnection{channel=[id: 0x6e7a501f, L:/127.0.0.1:49867 - R:localhost/127.0.0.1:8082]}}, [request_sent])
20:29:12.016 [reactor-http-nio-11] DEBUG reactor.netty.http.client.HttpClientOperations - [id: 0x6e7a501f, L:/127.0.0.1:49867 - R:localhost/127.0.0.1:8082] Received response (auto-read:false) : [Content-Type=application/json, Transfer-Encoding=chunked, Date=Tue, 29 Jun 2021 14:59:11 GMT]
20:29:12.016 [reactor-http-nio-11] DEBUG reactor.netty.resources.PooledConnectionProvider - [id: 0x6e7a501f, L:/127.0.0.1:49867 - R:localhost/127.0.0.1:8082] onStateChange(GET{uri=/getAttractionRewardPoints?attractionId=2341559f-c92b-4c6c-842c-5e482bc9eb05&userId=1f958bd7-f7e7-4ce0-8ef3-1faefb01a470, connection=PooledConnection{channel=[id: 0x6e7a501f, L:/127.0.0.1:49867 - R:localhost/127.0.0.1:8082]}}, [response_received])
20:29:12.017 [reactor-http-nio-11] DEBUG org.springframework.web.reactive.function.client.ExchangeFunctions - [451dcc21] Response 200 OK
20:29:12.017 [reactor-http-nio-11] DEBUG reactor.netty.channel.FluxReceive - [id: 0x6e7a501f, L:/127.0.0.1:49867 - R:localhost/127.0.0.1:8082] Subscribing inbound receiver [pending: 0, cancelled:false, inboundDone: false]
20:29:12.018 [reactor-http-nio-11] DEBUG reactor.netty.http.client.HttpClientOperations - [id: 0x6e7a501f, L:/127.0.0.1:49867 - R:localhost/127.0.0.1:8082] Received last HTTP packet
20:29:12.018 [reactor-http-nio-11] DEBUG org.springframework.core.codec.StringDecoder - [451dcc21] Decoded "355"
20:29:12.018 [reactor-http-nio-11] DEBUG reactor.netty.resources.PooledConnectionProvider - [id: 0x6e7a501f, L:/127.0.0.1:49867 - R:localhost/127.0.0.1:8082] onStateChange(GET{uri=/getAttractionRewardPoints?attractionId=2341559f-c92b-4c6c-842c-5e482bc9eb05&userId=1f958bd7-f7e7-4ce0-8ef3-1faefb01a470, connection=PooledConnection{channel=[id: 0x6e7a501f, L:/127.0.0.1:49867 - R:localhost/127.0.0.1:8082]}}, [disconnecting])
20:29:12.018 [reactor-http-nio-11] DEBUG reactor.netty.resources.PooledConnectionProvider - [id: 0x6e7a501f, L:/127.0.0.1:49867 - R:localhost/127.0.0.1:8082] Releasing channel
20:29:12.019 [reactor-http-nio-11] DEBUG reactor.netty.resources.PooledConnectionProvider - [id: 0x6e7a501f, L:/127.0.0.1:49867 - R:localhost/127.0.0.1:8082] Channel cleaned, now 1 active connections and 1 inactive connections
20:29:12.020 [Test worker] DEBUG org.springframework.web.reactive.function.client.ExchangeFunctions - [3375c1b9] HTTP GET http://localhost:8082/getAttractionRewardPoints?attractionId=118d2651-75a6-416a-afaa-ee3621052c16&userId=1f958bd7-f7e7-4ce0-8ef3-1faefb01a470
20:29:12.021 [reactor-http-nio-11] DEBUG reactor.netty.resources.PooledConnectionProvider - [id: 0x6e7a501f, L:/127.0.0.1:49867 - R:localhost/127.0.0.1:8082] Channel acquired, now 2 active connections and 0 inactive connections
20:29:12.021 [reactor-http-nio-11] DEBUG reactor.netty.http.client.HttpClientConnect - [id: 0x6e7a501f, L:/127.0.0.1:49867 - R:localhost/127.0.0.1:8082] Handler is being applied: {uri=http://localhost:8082/getAttractionRewardPoints?attractionId=118d2651-75a6-416a-afaa-ee3621052c16&userId=1f958bd7-f7e7-4ce0-8ef3-1faefb01a470, method=GET}
20:29:12.022 [reactor-http-nio-11] DEBUG reactor.netty.resources.PooledConnectionProvider - [id: 0x6e7a501f, L:/127.0.0.1:49867 - R:localhost/127.0.0.1:8082] onStateChange(GET{uri=/getAttractionRewardPoints?attractionId=118d2651-75a6-416a-afaa-ee3621052c16&userId=1f958bd7-f7e7-4ce0-8ef3-1faefb01a470, connection=PooledConnection{channel=[id: 0x6e7a501f, L:/127.0.0.1:49867 - R:localhost/127.0.0.1:8082]}}, [request_sent])
20:29:12.209 [reactor-http-nio-11] DEBUG reactor.netty.http.client.HttpClientOperations - [id: 0xad770be0, L:/127.0.0.1:49869 - R:localhost/127.0.0.1:8082] Received response (auto-read:false) : [Content-Type=application/json, Transfer-Encoding=chunked, Date=Tue, 29 Jun 2021 14:59:11 GMT]
20:29:12.209 [reactor-http-nio-11] DEBUG reactor.netty.resources.PooledConnectionProvider - [id: 0xad770be0, L:/127.0.0.1:49869 - R:localhost/127.0.0.1:8082] onStateChange(GET{uri=/getAttractionRewardPoints?attractionId=0ea9abed-3800-46cf-8f91-30e58a55884e&userId=1f958bd7-f7e7-4ce0-8ef3-1faefb01a470, connection=PooledConnection{channel=[id: 0xad770be0, L:/127.0.0.1:49869 - R:localhost/127.0.0.1:8082]}}, [response_received])
20:29:12.210 [reactor-http-nio-11] DEBUG org.springframework.web.reactive.function.client.ExchangeFunctions - [350ce99b] Response 200 OK
20:29:12.211 [reactor-http-nio-11] DEBUG reactor.netty.channel.FluxReceive - [id: 0xad770be0, L:/127.0.0.1:49869 - R:localhost/127.0.0.1:8082] Subscribing inbound receiver [pending: 0, cancelled:false, inboundDone: false]
20:29:12.211 [reactor-http-nio-11] DEBUG reactor.netty.http.client.HttpClientOperations - [id: 0xad770be0, L:/127.0.0.1:49869 - R:localhost/127.0.0.1:8082] Received last HTTP packet
20:29:12.211 [reactor-http-nio-11] DEBUG org.springframework.core.codec.StringDecoder - [350ce99b] Decoded "663"
20:29:12.211 [reactor-http-nio-11] DEBUG reactor.netty.resources.PooledConnectionProvider - [id: 0xad770be0, L:/127.0.0.1:49869 - R:localhost/127.0.0.1:8082] onStateChange(GET{uri=/getAttractionRewardPoints?attractionId=0ea9abed-3800-46cf-8f91-30e58a55884e&userId=1f958bd7-f7e7-4ce0-8ef3-1faefb01a470, connection=PooledConnection{channel=[id: 0xad770be0, L:/127.0.0.1:49869 - R:localhost/127.0.0.1:8082]}}, [disconnecting])
20:29:12.211 [reactor-http-nio-11] DEBUG reactor.netty.resources.PooledConnectionProvider - [id: 0xad770be0, L:/127.0.0.1:49869 - R:localhost/127.0.0.1:8082] Releasing channel
20:29:12.211 [reactor-http-nio-11] DEBUG reactor.netty.resources.PooledConnectionProvider - [id: 0xad770be0, L:/127.0.0.1:49869 - R:localhost/127.0.0.1:8082] Channel cleaned, now 1 active connections and 1 inactive connections
20:29:12.212 [pool-10-thread-1] DEBUG org.springframework.web.reactive.function.client.ExchangeFunctions - [4417f4d4] HTTP GET http://localhost:8082/getAttractionRewardPoints?attractionId=3f2c4207-4cba-4870-95b0-ec18d844c6bc&userId=1f958bd7-f7e7-4ce0-8ef3-1faefb01a470
20:29:12.213 [reactor-http-nio-11] DEBUG reactor.netty.resources.PooledConnectionProvider - [id: 0xad770be0, L:/127.0.0.1:49869 - R:localhost/127.0.0.1:8082] Channel acquired, now 2 active connections and 0 inactive connections
20:29:12.213 [reactor-http-nio-11] DEBUG reactor.netty.http.client.HttpClientConnect - [id: 0xad770be0, L:/127.0.0.1:49869 - R:localhost/127.0.0.1:8082] Handler is being applied: {uri=http://localhost:8082/getAttractionRewardPoints?attractionId=3f2c4207-4cba-4870-95b0-ec18d844c6bc&userId=1f958bd7-f7e7-4ce0-8ef3-1faefb01a470, method=GET}
20:29:12.214 [reactor-http-nio-11] DEBUG reactor.netty.resources.PooledConnectionProvider - [id: 0xad770be0, L:/127.0.0.1:49869 - R:localhost/127.0.0.1:8082] onStateChange(GET{uri=/getAttractionRewardPoints?attractionId=3f2c4207-4cba-4870-95b0-ec18d844c6bc&userId=1f958bd7-f7e7-4ce0-8ef3-1faefb01a470, connection=PooledConnection{channel=[id: 0xad770be0, L:/127.0.0.1:49869 - R:localhost/127.0.0.1:8082]}}, [request_sent])
20:29:12.351 [reactor-http-nio-11] DEBUG reactor.netty.http.client.HttpClientOperations - [id: 0x6e7a501f, L:/127.0.0.1:49867 - R:localhost/127.0.0.1:8082] Received response (auto-read:false) : [Content-Type=application/json, Transfer-Encoding=chunked, Date=Tue, 29 Jun 2021 14:59:11 GMT]
20:29:12.351 [reactor-http-nio-11] DEBUG reactor.netty.resources.PooledConnectionProvider - [id: 0x6e7a501f, L:/127.0.0.1:49867 - R:localhost/127.0.0.1:8082] onStateChange(GET{uri=/getAttractionRewardPoints?attractionId=118d2651-75a6-416a-afaa-ee3621052c16&userId=1f958bd7-f7e7-4ce0-8ef3-1faefb01a470, connection=PooledConnection{channel=[id: 0x6e7a501f, L:/127.0.0.1:49867 - R:localhost/127.0.0.1:8082]}}, [response_received])
20:29:12.351 [reactor-http-nio-11] DEBUG org.springframework.web.reactive.function.client.ExchangeFunctions - [3375c1b9] Response 200 OK
20:29:12.352 [reactor-http-nio-11] DEBUG reactor.netty.channel.FluxReceive - [id: 0x6e7a501f, L:/127.0.0.1:49867 - R:localhost/127.0.0.1:8082] Subscribing inbound receiver [pending: 0, cancelled:false, inboundDone: false]
20:29:12.352 [reactor-http-nio-11] DEBUG reactor.netty.http.client.HttpClientOperations - [id: 0x6e7a501f, L:/127.0.0.1:49867 - R:localhost/127.0.0.1:8082] Received last HTTP packet
20:29:12.353 [reactor-http-nio-11] DEBUG org.springframework.core.codec.StringDecoder - [3375c1b9] Decoded "544"
20:29:12.353 [reactor-http-nio-11] DEBUG reactor.netty.resources.PooledConnectionProvider - [id: 0x6e7a501f, L:/127.0.0.1:49867 - R:localhost/127.0.0.1:8082] onStateChange(GET{uri=/getAttractionRewardPoints?attractionId=118d2651-75a6-416a-afaa-ee3621052c16&userId=1f958bd7-f7e7-4ce0-8ef3-1faefb01a470, connection=PooledConnection{channel=[id: 0x6e7a501f, L:/127.0.0.1:49867 - R:localhost/127.0.0.1:8082]}}, [disconnecting])
20:29:12.353 [reactor-http-nio-11] DEBUG reactor.netty.resources.PooledConnectionProvider - [id: 0x6e7a501f, L:/127.0.0.1:49867 - R:localhost/127.0.0.1:8082] Releasing channel
20:29:12.353 [reactor-http-nio-11] DEBUG reactor.netty.resources.PooledConnectionProvider - [id: 0x6e7a501f, L:/127.0.0.1:49867 - R:localhost/127.0.0.1:8082] Channel cleaned, now 1 active connections and 1 inactive connections
20:29:12.354 [Test worker] DEBUG org.springframework.web.reactive.function.client.ExchangeFunctions - [464e09f2] HTTP GET http://localhost:8082/getAttractionRewardPoints?attractionId=1176c7dd-16ac-4fba-9c8e-5047e1e11db2&userId=1f958bd7-f7e7-4ce0-8ef3-1faefb01a470
20:29:12.355 [reactor-http-nio-11] DEBUG reactor.netty.resources.PooledConnectionProvider - [id: 0x6e7a501f, L:/127.0.0.1:49867 - R:localhost/127.0.0.1:8082] Channel acquired, now 2 active connections and 0 inactive connections
20:29:12.355 [reactor-http-nio-11] DEBUG reactor.netty.http.client.HttpClientConnect - [id: 0x6e7a501f, L:/127.0.0.1:49867 - R:localhost/127.0.0.1:8082] Handler is being applied: {uri=http://localhost:8082/getAttractionRewardPoints?attractionId=1176c7dd-16ac-4fba-9c8e-5047e1e11db2&userId=1f958bd7-f7e7-4ce0-8ef3-1faefb01a470, method=GET}
20:29:12.356 [reactor-http-nio-11] DEBUG reactor.netty.resources.PooledConnectionProvider - [id: 0x6e7a501f, L:/127.0.0.1:49867 - R:localhost/127.0.0.1:8082] onStateChange(GET{uri=/getAttractionRewardPoints?attractionId=1176c7dd-16ac-4fba-9c8e-5047e1e11db2&userId=1f958bd7-f7e7-4ce0-8ef3-1faefb01a470, connection=PooledConnection{channel=[id: 0x6e7a501f, L:/127.0.0.1:49867 - R:localhost/127.0.0.1:8082]}}, [request_sent])
20:29:12.391 [reactor-http-nio-11] DEBUG reactor.netty.http.client.HttpClientOperations - [id: 0xad770be0, L:/127.0.0.1:49869 - R:localhost/127.0.0.1:8082] Received response (auto-read:false) : [Content-Type=application/json, Transfer-Encoding=chunked, Date=Tue, 29 Jun 2021 14:59:11 GMT]
20:29:12.391 [reactor-http-nio-11] DEBUG reactor.netty.resources.PooledConnectionProvider - [id: 0xad770be0, L:/127.0.0.1:49869 - R:localhost/127.0.0.1:8082] onStateChange(GET{uri=/getAttractionRewardPoints?attractionId=3f2c4207-4cba-4870-95b0-ec18d844c6bc&userId=1f958bd7-f7e7-4ce0-8ef3-1faefb01a470, connection=PooledConnection{channel=[id: 0xad770be0, L:/127.0.0.1:49869 - R:localhost/127.0.0.1:8082]}}, [response_received])
20:29:12.391 [reactor-http-nio-11] DEBUG org.springframework.web.reactive.function.client.ExchangeFunctions - [4417f4d4] Response 200 OK
20:29:12.392 [reactor-http-nio-11] DEBUG reactor.netty.channel.FluxReceive - [id: 0xad770be0, L:/127.0.0.1:49869 - R:localhost/127.0.0.1:8082] Subscribing inbound receiver [pending: 0, cancelled:false, inboundDone: false]
20:29:12.392 [reactor-http-nio-11] DEBUG reactor.netty.http.client.HttpClientOperations - [id: 0xad770be0, L:/127.0.0.1:49869 - R:localhost/127.0.0.1:8082] Received last HTTP packet
20:29:12.393 [reactor-http-nio-11] DEBUG org.springframework.core.codec.StringDecoder - [4417f4d4] Decoded "717"
20:29:12.393 [reactor-http-nio-11] DEBUG reactor.netty.resources.PooledConnectionProvider - [id: 0xad770be0, L:/127.0.0.1:49869 - R:localhost/127.0.0.1:8082] onStateChange(GET{uri=/getAttractionRewardPoints?attractionId=3f2c4207-4cba-4870-95b0-ec18d844c6bc&userId=1f958bd7-f7e7-4ce0-8ef3-1faefb01a470, connection=PooledConnection{channel=[id: 0xad770be0, L:/127.0.0.1:49869 - R:localhost/127.0.0.1:8082]}}, [disconnecting])
20:29:12.393 [reactor-http-nio-11] DEBUG reactor.netty.resources.PooledConnectionProvider - [id: 0xad770be0, L:/127.0.0.1:49869 - R:localhost/127.0.0.1:8082] Releasing channel
20:29:12.393 [reactor-http-nio-11] DEBUG reactor.netty.resources.PooledConnectionProvider - [id: 0xad770be0, L:/127.0.0.1:49869 - R:localhost/127.0.0.1:8082] Channel cleaned, now 1 active connections and 1 inactive connections
20:29:12.394 [pool-10-thread-1] DEBUG org.springframework.web.reactive.function.client.ExchangeFunctions - [59f643fc] HTTP GET http://localhost:8082/getAttractionRewardPoints?attractionId=895c88d8-4833-4fa1-8858-5d7c055c81b6&userId=1f958bd7-f7e7-4ce0-8ef3-1faefb01a470
20:29:12.395 [reactor-http-nio-11] DEBUG reactor.netty.resources.PooledConnectionProvider - [id: 0xad770be0, L:/127.0.0.1:49869 - R:localhost/127.0.0.1:8082] Channel acquired, now 2 active connections and 0 inactive connections
20:29:12.395 [reactor-http-nio-11] DEBUG reactor.netty.http.client.HttpClientConnect - [id: 0xad770be0, L:/127.0.0.1:49869 - R:localhost/127.0.0.1:8082] Handler is being applied: {uri=http://localhost:8082/getAttractionRewardPoints?attractionId=895c88d8-4833-4fa1-8858-5d7c055c81b6&userId=1f958bd7-f7e7-4ce0-8ef3-1faefb01a470, method=GET}
20:29:12.396 [reactor-http-nio-11] DEBUG reactor.netty.resources.PooledConnectionProvider - [id: 0xad770be0, L:/127.0.0.1:49869 - R:localhost/127.0.0.1:8082] onStateChange(GET{uri=/getAttractionRewardPoints?attractionId=895c88d8-4833-4fa1-8858-5d7c055c81b6&userId=1f958bd7-f7e7-4ce0-8ef3-1faefb01a470, connection=PooledConnection{channel=[id: 0xad770be0, L:/127.0.0.1:49869 - R:localhost/127.0.0.1:8082]}}, [request_sent])
20:29:12.936 [reactor-http-nio-11] DEBUG reactor.netty.http.client.HttpClientOperations - [id: 0xad770be0, L:/127.0.0.1:49869 - R:localhost/127.0.0.1:8082] Received response (auto-read:false) : [Content-Type=application/json, Transfer-Encoding=chunked, Date=Tue, 29 Jun 2021 14:59:12 GMT]
20:29:12.936 [reactor-http-nio-11] DEBUG reactor.netty.resources.PooledConnectionProvider - [id: 0xad770be0, L:/127.0.0.1:49869 - R:localhost/127.0.0.1:8082] onStateChange(GET{uri=/getAttractionRewardPoints?attractionId=895c88d8-4833-4fa1-8858-5d7c055c81b6&userId=1f958bd7-f7e7-4ce0-8ef3-1faefb01a470, connection=PooledConnection{channel=[id: 0xad770be0, L:/127.0.0.1:49869 - R:localhost/127.0.0.1:8082]}}, [response_received])
20:29:12.936 [reactor-http-nio-11] DEBUG org.springframework.web.reactive.function.client.ExchangeFunctions - [59f643fc] Response 200 OK
20:29:12.937 [reactor-http-nio-11] DEBUG reactor.netty.channel.FluxReceive - [id: 0xad770be0, L:/127.0.0.1:49869 - R:localhost/127.0.0.1:8082] Subscribing inbound receiver [pending: 0, cancelled:false, inboundDone: false]
20:29:12.938 [reactor-http-nio-11] DEBUG reactor.netty.http.client.HttpClientOperations - [id: 0xad770be0, L:/127.0.0.1:49869 - R:localhost/127.0.0.1:8082] Received last HTTP packet
20:29:12.938 [reactor-http-nio-11] DEBUG org.springframework.core.codec.StringDecoder - [59f643fc] Decoded "648"
20:29:12.938 [reactor-http-nio-11] DEBUG reactor.netty.resources.PooledConnectionProvider - [id: 0xad770be0, L:/127.0.0.1:49869 - R:localhost/127.0.0.1:8082] onStateChange(GET{uri=/getAttractionRewardPoints?attractionId=895c88d8-4833-4fa1-8858-5d7c055c81b6&userId=1f958bd7-f7e7-4ce0-8ef3-1faefb01a470, connection=PooledConnection{channel=[id: 0xad770be0, L:/127.0.0.1:49869 - R:localhost/127.0.0.1:8082]}}, [disconnecting])
20:29:12.938 [reactor-http-nio-11] DEBUG reactor.netty.resources.PooledConnectionProvider - [id: 0xad770be0, L:/127.0.0.1:49869 - R:localhost/127.0.0.1:8082] Releasing channel
20:29:12.939 [reactor-http-nio-11] DEBUG reactor.netty.resources.PooledConnectionProvider - [id: 0xad770be0, L:/127.0.0.1:49869 - R:localhost/127.0.0.1:8082] Channel cleaned, now 1 active connections and 1 inactive connections
20:29:12.940 [pool-10-thread-1] DEBUG org.springframework.web.reactive.function.client.ExchangeFunctions - [1c7ad08d] HTTP GET http://localhost:8082/getAttractionRewardPoints?attractionId=67599ca0-ed97-421c-a7b0-f41d04af2968&userId=1f958bd7-f7e7-4ce0-8ef3-1faefb01a470
20:29:12.940 [reactor-http-nio-11] DEBUG reactor.netty.resources.PooledConnectionProvider - [id: 0xad770be0, L:/127.0.0.1:49869 - R:localhost/127.0.0.1:8082] Channel acquired, now 2 active connections and 0 inactive connections
20:29:12.940 [reactor-http-nio-11] DEBUG reactor.netty.http.client.HttpClientConnect - [id: 0xad770be0, L:/127.0.0.1:49869 - R:localhost/127.0.0.1:8082] Handler is being applied: {uri=http://localhost:8082/getAttractionRewardPoints?attractionId=67599ca0-ed97-421c-a7b0-f41d04af2968&userId=1f958bd7-f7e7-4ce0-8ef3-1faefb01a470, method=GET}
20:29:12.941 [reactor-http-nio-11] DEBUG reactor.netty.resources.PooledConnectionProvider - [id: 0xad770be0, L:/127.0.0.1:49869 - R:localhost/127.0.0.1:8082] onStateChange(GET{uri=/getAttractionRewardPoints?attractionId=67599ca0-ed97-421c-a7b0-f41d04af2968&userId=1f958bd7-f7e7-4ce0-8ef3-1faefb01a470, connection=PooledConnection{channel=[id: 0xad770be0, L:/127.0.0.1:49869 - R:localhost/127.0.0.1:8082]}}, [request_sent])
20:29:12.969 [reactor-http-nio-11] DEBUG reactor.netty.http.client.HttpClientOperations - [id: 0x6e7a501f, L:/127.0.0.1:49867 - R:localhost/127.0.0.1:8082] Received response (auto-read:false) : [Content-Type=application/json, Transfer-Encoding=chunked, Date=Tue, 29 Jun 2021 14:59:12 GMT]
20:29:12.969 [reactor-http-nio-11] DEBUG reactor.netty.resources.PooledConnectionProvider - [id: 0x6e7a501f, L:/127.0.0.1:49867 - R:localhost/127.0.0.1:8082] onStateChange(GET{uri=/getAttractionRewardPoints?attractionId=1176c7dd-16ac-4fba-9c8e-5047e1e11db2&userId=1f958bd7-f7e7-4ce0-8ef3-1faefb01a470, connection=PooledConnection{channel=[id: 0x6e7a501f, L:/127.0.0.1:49867 - R:localhost/127.0.0.1:8082]}}, [response_received])
20:29:12.969 [reactor-http-nio-11] DEBUG org.springframework.web.reactive.function.client.ExchangeFunctions - [464e09f2] Response 200 OK
20:29:12.970 [reactor-http-nio-11] DEBUG reactor.netty.channel.FluxReceive - [id: 0x6e7a501f, L:/127.0.0.1:49867 - R:localhost/127.0.0.1:8082] Subscribing inbound receiver [pending: 0, cancelled:false, inboundDone: false]
20:29:12.971 [reactor-http-nio-11] DEBUG reactor.netty.http.client.HttpClientOperations - [id: 0x6e7a501f, L:/127.0.0.1:49867 - R:localhost/127.0.0.1:8082] Received last HTTP packet
20:29:12.971 [reactor-http-nio-11] DEBUG org.springframework.core.codec.StringDecoder - [464e09f2] Decoded "401"
20:29:12.971 [reactor-http-nio-11] DEBUG reactor.netty.resources.PooledConnectionProvider - [id: 0x6e7a501f, L:/127.0.0.1:49867 - R:localhost/127.0.0.1:8082] onStateChange(GET{uri=/getAttractionRewardPoints?attractionId=1176c7dd-16ac-4fba-9c8e-5047e1e11db2&userId=1f958bd7-f7e7-4ce0-8ef3-1faefb01a470, connection=PooledConnection{channel=[id: 0x6e7a501f, L:/127.0.0.1:49867 - R:localhost/127.0.0.1:8082]}}, [disconnecting])
20:29:12.971 [reactor-http-nio-11] DEBUG reactor.netty.resources.PooledConnectionProvider - [id: 0x6e7a501f, L:/127.0.0.1:49867 - R:localhost/127.0.0.1:8082] Releasing channel
20:29:12.971 [reactor-http-nio-11] DEBUG reactor.netty.resources.PooledConnectionProvider - [id: 0x6e7a501f, L:/127.0.0.1:49867 - R:localhost/127.0.0.1:8082] Channel cleaned, now 1 active connections and 1 inactive connections
20:29:12.972 [Test worker] DEBUG org.springframework.web.reactive.function.client.ExchangeFunctions - [7308b2f] HTTP GET http://localhost:8082/getAttractionRewardPoints?attractionId=1b964ea8-67aa-440e-9ba5-8c011a362de6&userId=1f958bd7-f7e7-4ce0-8ef3-1faefb01a470
20:29:12.973 [reactor-http-nio-11] DEBUG reactor.netty.resources.PooledConnectionProvider - [id: 0x6e7a501f, L:/127.0.0.1:49867 - R:localhost/127.0.0.1:8082] Channel acquired, now 2 active connections and 0 inactive connections
20:29:12.973 [reactor-http-nio-11] DEBUG reactor.netty.http.client.HttpClientConnect - [id: 0x6e7a501f, L:/127.0.0.1:49867 - R:localhost/127.0.0.1:8082] Handler is being applied: {uri=http://localhost:8082/getAttractionRewardPoints?attractionId=1b964ea8-67aa-440e-9ba5-8c011a362de6&userId=1f958bd7-f7e7-4ce0-8ef3-1faefb01a470, method=GET}
20:29:12.975 [reactor-http-nio-11] DEBUG reactor.netty.resources.PooledConnectionProvider - [id: 0x6e7a501f, L:/127.0.0.1:49867 - R:localhost/127.0.0.1:8082] onStateChange(GET{uri=/getAttractionRewardPoints?attractionId=1b964ea8-67aa-440e-9ba5-8c011a362de6&userId=1f958bd7-f7e7-4ce0-8ef3-1faefb01a470, connection=PooledConnection{channel=[id: 0x6e7a501f, L:/127.0.0.1:49867 - R:localhost/127.0.0.1:8082]}}, [request_sent])
20:29:13.714 [reactor-http-nio-11] DEBUG reactor.netty.http.client.HttpClientOperations - [id: 0x6e7a501f, L:/127.0.0.1:49867 - R:localhost/127.0.0.1:8082] Received response (auto-read:false) : [Content-Type=application/json, Transfer-Encoding=chunked, Date=Tue, 29 Jun 2021 14:59:12 GMT]
20:29:13.714 [reactor-http-nio-11] DEBUG reactor.netty.resources.PooledConnectionProvider - [id: 0x6e7a501f, L:/127.0.0.1:49867 - R:localhost/127.0.0.1:8082] onStateChange(GET{uri=/getAttractionRewardPoints?attractionId=1b964ea8-67aa-440e-9ba5-8c011a362de6&userId=1f958bd7-f7e7-4ce0-8ef3-1faefb01a470, connection=PooledConnection{channel=[id: 0x6e7a501f, L:/127.0.0.1:49867 - R:localhost/127.0.0.1:8082]}}, [response_received])
20:29:13.714 [reactor-http-nio-11] DEBUG org.springframework.web.reactive.function.client.ExchangeFunctions - [7308b2f] Response 200 OK
20:29:13.715 [reactor-http-nio-11] DEBUG reactor.netty.channel.FluxReceive - [id: 0x6e7a501f, L:/127.0.0.1:49867 - R:localhost/127.0.0.1:8082] Subscribing inbound receiver [pending: 0, cancelled:false, inboundDone: false]
20:29:13.715 [reactor-http-nio-11] DEBUG reactor.netty.http.client.HttpClientOperations - [id: 0x6e7a501f, L:/127.0.0.1:49867 - R:localhost/127.0.0.1:8082] Received last HTTP packet
20:29:13.716 [reactor-http-nio-11] DEBUG org.springframework.core.codec.StringDecoder - [7308b2f] Decoded "6"
20:29:13.716 [reactor-http-nio-11] DEBUG reactor.netty.resources.PooledConnectionProvider - [id: 0x6e7a501f, L:/127.0.0.1:49867 - R:localhost/127.0.0.1:8082] onStateChange(GET{uri=/getAttractionRewardPoints?attractionId=1b964ea8-67aa-440e-9ba5-8c011a362de6&userId=1f958bd7-f7e7-4ce0-8ef3-1faefb01a470, connection=PooledConnection{channel=[id: 0x6e7a501f, L:/127.0.0.1:49867 - R:localhost/127.0.0.1:8082]}}, [disconnecting])
20:29:13.716 [reactor-http-nio-11] DEBUG reactor.netty.resources.PooledConnectionProvider - [id: 0x6e7a501f, L:/127.0.0.1:49867 - R:localhost/127.0.0.1:8082] Releasing channel
20:29:13.716 [reactor-http-nio-11] DEBUG reactor.netty.resources.PooledConnectionProvider - [id: 0x6e7a501f, L:/127.0.0.1:49867 - R:localhost/127.0.0.1:8082] Channel cleaned, now 1 active connections and 1 inactive connections
20:29:13.717 [Test worker] DEBUG org.springframework.web.reactive.function.client.ExchangeFunctions - [2c67332c] HTTP GET http://localhost:8082/getAttractionRewardPoints?attractionId=3572620f-44b6-4bca-bc62-ed649b04f144&userId=1f958bd7-f7e7-4ce0-8ef3-1faefb01a470
20:29:13.718 [reactor-http-nio-11] DEBUG reactor.netty.resources.PooledConnectionProvider - [id: 0x6e7a501f, L:/127.0.0.1:49867 - R:localhost/127.0.0.1:8082] Channel acquired, now 2 active connections and 0 inactive connections
20:29:13.718 [reactor-http-nio-11] DEBUG reactor.netty.http.client.HttpClientConnect - [id: 0x6e7a501f, L:/127.0.0.1:49867 - R:localhost/127.0.0.1:8082] Handler is being applied: {uri=http://localhost:8082/getAttractionRewardPoints?attractionId=3572620f-44b6-4bca-bc62-ed649b04f144&userId=1f958bd7-f7e7-4ce0-8ef3-1faefb01a470, method=GET}
20:29:13.719 [reactor-http-nio-11] DEBUG reactor.netty.resources.PooledConnectionProvider - [id: 0x6e7a501f, L:/127.0.0.1:49867 - R:localhost/127.0.0.1:8082] onStateChange(GET{uri=/getAttractionRewardPoints?attractionId=3572620f-44b6-4bca-bc62-ed649b04f144&userId=1f958bd7-f7e7-4ce0-8ef3-1faefb01a470, connection=PooledConnection{channel=[id: 0x6e7a501f, L:/127.0.0.1:49867 - R:localhost/127.0.0.1:8082]}}, [request_sent])
20:29:13.757 [reactor-http-nio-11] DEBUG reactor.netty.http.client.HttpClientOperations - [id: 0xad770be0, L:/127.0.0.1:49869 - R:localhost/127.0.0.1:8082] Received response (auto-read:false) : [Content-Type=application/json, Transfer-Encoding=chunked, Date=Tue, 29 Jun 2021 14:59:12 GMT]
20:29:13.757 [reactor-http-nio-11] DEBUG reactor.netty.resources.PooledConnectionProvider - [id: 0xad770be0, L:/127.0.0.1:49869 - R:localhost/127.0.0.1:8082] onStateChange(GET{uri=/getAttractionRewardPoints?attractionId=67599ca0-ed97-421c-a7b0-f41d04af2968&userId=1f958bd7-f7e7-4ce0-8ef3-1faefb01a470, connection=PooledConnection{channel=[id: 0xad770be0, L:/127.0.0.1:49869 - R:localhost/127.0.0.1:8082]}}, [response_received])
20:29:13.757 [reactor-http-nio-11] DEBUG org.springframework.web.reactive.function.client.ExchangeFunctions - [1c7ad08d] Response 200 OK
20:29:13.758 [reactor-http-nio-11] DEBUG reactor.netty.channel.FluxReceive - [id: 0xad770be0, L:/127.0.0.1:49869 - R:localhost/127.0.0.1:8082] Subscribing inbound receiver [pending: 0, cancelled:false, inboundDone: false]
20:29:13.759 [reactor-http-nio-11] DEBUG reactor.netty.http.client.HttpClientOperations - [id: 0xad770be0, L:/127.0.0.1:49869 - R:localhost/127.0.0.1:8082] Received last HTTP packet
20:29:13.759 [reactor-http-nio-11] DEBUG org.springframework.core.codec.StringDecoder - [1c7ad08d] Decoded "659"
20:29:13.759 [reactor-http-nio-11] DEBUG reactor.netty.resources.PooledConnectionProvider - [id: 0xad770be0, L:/127.0.0.1:49869 - R:localhost/127.0.0.1:8082] onStateChange(GET{uri=/getAttractionRewardPoints?attractionId=67599ca0-ed97-421c-a7b0-f41d04af2968&userId=1f958bd7-f7e7-4ce0-8ef3-1faefb01a470, connection=PooledConnection{channel=[id: 0xad770be0, L:/127.0.0.1:49869 - R:localhost/127.0.0.1:8082]}}, [disconnecting])
20:29:13.759 [reactor-http-nio-11] DEBUG reactor.netty.resources.PooledConnectionProvider - [id: 0xad770be0, L:/127.0.0.1:49869 - R:localhost/127.0.0.1:8082] Releasing channel
20:29:13.759 [reactor-http-nio-11] DEBUG reactor.netty.resources.PooledConnectionProvider - [id: 0xad770be0, L:/127.0.0.1:49869 - R:localhost/127.0.0.1:8082] Channel cleaned, now 1 active connections and 1 inactive connections
20:29:13.760 [pool-10-thread-1] DEBUG org.springframework.web.reactive.function.client.ExchangeFunctions - [4ee8b2a8] HTTP GET http://localhost:8082/getAttractionRewardPoints?attractionId=fa9e2082-7716-4964-9ed2-20295754157c&userId=1f958bd7-f7e7-4ce0-8ef3-1faefb01a470
20:29:13.761 [reactor-http-nio-11] DEBUG reactor.netty.resources.PooledConnectionProvider - [id: 0xad770be0, L:/127.0.0.1:49869 - R:localhost/127.0.0.1:8082] Channel acquired, now 2 active connections and 0 inactive connections
20:29:13.761 [reactor-http-nio-11] DEBUG reactor.netty.http.client.HttpClientConnect - [id: 0xad770be0, L:/127.0.0.1:49869 - R:localhost/127.0.0.1:8082] Handler is being applied: {uri=http://localhost:8082/getAttractionRewardPoints?attractionId=fa9e2082-7716-4964-9ed2-20295754157c&userId=1f958bd7-f7e7-4ce0-8ef3-1faefb01a470, method=GET}
20:29:13.762 [reactor-http-nio-11] DEBUG reactor.netty.resources.PooledConnectionProvider - [id: 0xad770be0, L:/127.0.0.1:49869 - R:localhost/127.0.0.1:8082] onStateChange(GET{uri=/getAttractionRewardPoints?attractionId=fa9e2082-7716-4964-9ed2-20295754157c&userId=1f958bd7-f7e7-4ce0-8ef3-1faefb01a470, connection=PooledConnection{channel=[id: 0xad770be0, L:/127.0.0.1:49869 - R:localhost/127.0.0.1:8082]}}, [request_sent])
20:29:14.028 [reactor-http-nio-11] DEBUG reactor.netty.http.client.HttpClientOperations - [id: 0x6e7a501f, L:/127.0.0.1:49867 - R:localhost/127.0.0.1:8082] Received response (auto-read:false) : [Content-Type=application/json, Transfer-Encoding=chunked, Date=Tue, 29 Jun 2021 14:59:14 GMT]
20:29:14.028 [reactor-http-nio-11] DEBUG reactor.netty.resources.PooledConnectionProvider - [id: 0x6e7a501f, L:/127.0.0.1:49867 - R:localhost/127.0.0.1:8082] onStateChange(GET{uri=/getAttractionRewardPoints?attractionId=3572620f-44b6-4bca-bc62-ed649b04f144&userId=1f958bd7-f7e7-4ce0-8ef3-1faefb01a470, connection=PooledConnection{channel=[id: 0x6e7a501f, L:/127.0.0.1:49867 - R:localhost/127.0.0.1:8082]}}, [response_received])
20:29:14.028 [reactor-http-nio-11] DEBUG org.springframework.web.reactive.function.client.ExchangeFunctions - [2c67332c] Response 200 OK
20:29:14.029 [reactor-http-nio-11] DEBUG reactor.netty.channel.FluxReceive - [id: 0x6e7a501f, L:/127.0.0.1:49867 - R:localhost/127.0.0.1:8082] Subscribing inbound receiver [pending: 0, cancelled:false, inboundDone: false]
20:29:14.030 [reactor-http-nio-11] DEBUG reactor.netty.http.client.HttpClientOperations - [id: 0x6e7a501f, L:/127.0.0.1:49867 - R:localhost/127.0.0.1:8082] Received last HTTP packet
20:29:14.030 [reactor-http-nio-11] DEBUG org.springframework.core.codec.StringDecoder - [2c67332c] Decoded "137"
20:29:14.030 [reactor-http-nio-11] DEBUG reactor.netty.resources.PooledConnectionProvider - [id: 0x6e7a501f, L:/127.0.0.1:49867 - R:localhost/127.0.0.1:8082] onStateChange(GET{uri=/getAttractionRewardPoints?attractionId=3572620f-44b6-4bca-bc62-ed649b04f144&userId=1f958bd7-f7e7-4ce0-8ef3-1faefb01a470, connection=PooledConnection{channel=[id: 0x6e7a501f, L:/127.0.0.1:49867 - R:localhost/127.0.0.1:8082]}}, [disconnecting])
20:29:14.030 [reactor-http-nio-11] DEBUG reactor.netty.resources.PooledConnectionProvider - [id: 0x6e7a501f, L:/127.0.0.1:49867 - R:localhost/127.0.0.1:8082] Releasing channel
20:29:14.030 [reactor-http-nio-11] DEBUG reactor.netty.resources.PooledConnectionProvider - [id: 0x6e7a501f, L:/127.0.0.1:49867 - R:localhost/127.0.0.1:8082] Channel cleaned, now 1 active connections and 1 inactive connections
20:29:14.031 [Test worker] DEBUG org.springframework.web.reactive.function.client.ExchangeFunctions - [31824710] HTTP GET http://localhost:8082/getAttractionRewardPoints?attractionId=7865fec8-4921-4327-af94-6f9fa36d543d&userId=1f958bd7-f7e7-4ce0-8ef3-1faefb01a470
20:29:14.032 [reactor-http-nio-11] DEBUG reactor.netty.resources.PooledConnectionProvider - [id: 0x6e7a501f, L:/127.0.0.1:49867 - R:localhost/127.0.0.1:8082] Channel acquired, now 2 active connections and 0 inactive connections
20:29:14.032 [reactor-http-nio-11] DEBUG reactor.netty.http.client.HttpClientConnect - [id: 0x6e7a501f, L:/127.0.0.1:49867 - R:localhost/127.0.0.1:8082] Handler is being applied: {uri=http://localhost:8082/getAttractionRewardPoints?attractionId=7865fec8-4921-4327-af94-6f9fa36d543d&userId=1f958bd7-f7e7-4ce0-8ef3-1faefb01a470, method=GET}
20:29:14.033 [reactor-http-nio-11] DEBUG reactor.netty.resources.PooledConnectionProvider - [id: 0x6e7a501f, L:/127.0.0.1:49867 - R:localhost/127.0.0.1:8082] onStateChange(GET{uri=/getAttractionRewardPoints?attractionId=7865fec8-4921-4327-af94-6f9fa36d543d&userId=1f958bd7-f7e7-4ce0-8ef3-1faefb01a470, connection=PooledConnection{channel=[id: 0x6e7a501f, L:/127.0.0.1:49867 - R:localhost/127.0.0.1:8082]}}, [request_sent])
20:29:14.695 [reactor-http-nio-11] DEBUG reactor.netty.http.client.HttpClientOperations - [id: 0x6e7a501f, L:/127.0.0.1:49867 - R:localhost/127.0.0.1:8082] Received response (auto-read:false) : [Content-Type=application/json, Transfer-Encoding=chunked, Date=Tue, 29 Jun 2021 14:59:14 GMT]
20:29:14.696 [reactor-http-nio-11] DEBUG reactor.netty.resources.PooledConnectionProvider - [id: 0x6e7a501f, L:/127.0.0.1:49867 - R:localhost/127.0.0.1:8082] onStateChange(GET{uri=/getAttractionRewardPoints?attractionId=7865fec8-4921-4327-af94-6f9fa36d543d&userId=1f958bd7-f7e7-4ce0-8ef3-1faefb01a470, connection=PooledConnection{channel=[id: 0x6e7a501f, L:/127.0.0.1:49867 - R:localhost/127.0.0.1:8082]}}, [response_received])
20:29:14.696 [reactor-http-nio-11] DEBUG org.springframework.web.reactive.function.client.ExchangeFunctions - [31824710] Response 200 OK
20:29:14.697 [reactor-http-nio-11] DEBUG reactor.netty.channel.FluxReceive - [id: 0x6e7a501f, L:/127.0.0.1:49867 - R:localhost/127.0.0.1:8082] Subscribing inbound receiver [pending: 0, cancelled:false, inboundDone: false]
20:29:14.697 [reactor-http-nio-11] DEBUG reactor.netty.http.client.HttpClientOperations - [id: 0x6e7a501f, L:/127.0.0.1:49867 - R:localhost/127.0.0.1:8082] Received last HTTP packet
20:29:14.698 [reactor-http-nio-11] DEBUG org.springframework.core.codec.StringDecoder - [31824710] Decoded "980"
20:29:14.698 [reactor-http-nio-11] DEBUG reactor.netty.resources.PooledConnectionProvider - [id: 0x6e7a501f, L:/127.0.0.1:49867 - R:localhost/127.0.0.1:8082] onStateChange(GET{uri=/getAttractionRewardPoints?attractionId=7865fec8-4921-4327-af94-6f9fa36d543d&userId=1f958bd7-f7e7-4ce0-8ef3-1faefb01a470, connection=PooledConnection{channel=[id: 0x6e7a501f, L:/127.0.0.1:49867 - R:localhost/127.0.0.1:8082]}}, [disconnecting])
20:29:14.698 [reactor-http-nio-11] DEBUG reactor.netty.resources.PooledConnectionProvider - [id: 0x6e7a501f, L:/127.0.0.1:49867 - R:localhost/127.0.0.1:8082] Releasing channel
20:29:14.698 [reactor-http-nio-11] DEBUG reactor.netty.resources.PooledConnectionProvider - [id: 0x6e7a501f, L:/127.0.0.1:49867 - R:localhost/127.0.0.1:8082] Channel cleaned, now 1 active connections and 1 inactive connections
20:29:14.699 [Test worker] DEBUG org.springframework.web.reactive.function.client.ExchangeFunctions - [735c94b] HTTP GET http://localhost:8082/getAttractionRewardPoints?attractionId=2e55b1e5-52c7-4f08-a6b3-0e9328ec3548&userId=1f958bd7-f7e7-4ce0-8ef3-1faefb01a470
20:29:14.700 [reactor-http-nio-11] DEBUG reactor.netty.resources.PooledConnectionProvider - [id: 0x6e7a501f, L:/127.0.0.1:49867 - R:localhost/127.0.0.1:8082] Channel acquired, now 2 active connections and 0 inactive connections
20:29:14.700 [reactor-http-nio-11] DEBUG reactor.netty.http.client.HttpClientConnect - [id: 0x6e7a501f, L:/127.0.0.1:49867 - R:localhost/127.0.0.1:8082] Handler is being applied: {uri=http://localhost:8082/getAttractionRewardPoints?attractionId=2e55b1e5-52c7-4f08-a6b3-0e9328ec3548&userId=1f958bd7-f7e7-4ce0-8ef3-1faefb01a470, method=GET}
20:29:14.701 [reactor-http-nio-11] DEBUG reactor.netty.resources.PooledConnectionProvider - [id: 0x6e7a501f, L:/127.0.0.1:49867 - R:localhost/127.0.0.1:8082] onStateChange(GET{uri=/getAttractionRewardPoints?attractionId=2e55b1e5-52c7-4f08-a6b3-0e9328ec3548&userId=1f958bd7-f7e7-4ce0-8ef3-1faefb01a470, connection=PooledConnection{channel=[id: 0x6e7a501f, L:/127.0.0.1:49867 - R:localhost/127.0.0.1:8082]}}, [request_sent])
20:29:14.715 [reactor-http-nio-11] DEBUG reactor.netty.http.client.HttpClientOperations - [id: 0xad770be0, L:/127.0.0.1:49869 - R:localhost/127.0.0.1:8082] Received response (auto-read:false) : [Content-Type=application/json, Transfer-Encoding=chunked, Date=Tue, 29 Jun 2021 14:59:14 GMT]
20:29:14.715 [reactor-http-nio-11] DEBUG reactor.netty.resources.PooledConnectionProvider - [id: 0xad770be0, L:/127.0.0.1:49869 - R:localhost/127.0.0.1:8082] onStateChange(GET{uri=/getAttractionRewardPoints?attractionId=fa9e2082-7716-4964-9ed2-20295754157c&userId=1f958bd7-f7e7-4ce0-8ef3-1faefb01a470, connection=PooledConnection{channel=[id: 0xad770be0, L:/127.0.0.1:49869 - R:localhost/127.0.0.1:8082]}}, [response_received])
20:29:14.716 [reactor-http-nio-11] DEBUG org.springframework.web.reactive.function.client.ExchangeFunctions - [4ee8b2a8] Response 200 OK
20:29:14.716 [reactor-http-nio-11] DEBUG reactor.netty.channel.FluxReceive - [id: 0xad770be0, L:/127.0.0.1:49869 - R:localhost/127.0.0.1:8082] Subscribing inbound receiver [pending: 0, cancelled:false, inboundDone: false]
20:29:14.717 [reactor-http-nio-11] DEBUG reactor.netty.http.client.HttpClientOperations - [id: 0xad770be0, L:/127.0.0.1:49869 - R:localhost/127.0.0.1:8082] Received last HTTP packet
20:29:14.718 [reactor-http-nio-11] DEBUG org.springframework.core.codec.StringDecoder - [4ee8b2a8] Decoded "108"
20:29:14.718 [reactor-http-nio-11] DEBUG reactor.netty.resources.PooledConnectionProvider - [id: 0xad770be0, L:/127.0.0.1:49869 - R:localhost/127.0.0.1:8082] onStateChange(GET{uri=/getAttractionRewardPoints?attractionId=fa9e2082-7716-4964-9ed2-20295754157c&userId=1f958bd7-f7e7-4ce0-8ef3-1faefb01a470, connection=PooledConnection{channel=[id: 0xad770be0, L:/127.0.0.1:49869 - R:localhost/127.0.0.1:8082]}}, [disconnecting])
20:29:14.718 [reactor-http-nio-11] DEBUG reactor.netty.resources.PooledConnectionProvider - [id: 0xad770be0, L:/127.0.0.1:49869 - R:localhost/127.0.0.1:8082] Releasing channel
20:29:14.718 [reactor-http-nio-11] DEBUG reactor.netty.resources.PooledConnectionProvider - [id: 0xad770be0, L:/127.0.0.1:49869 - R:localhost/127.0.0.1:8082] Channel cleaned, now 1 active connections and 1 inactive connections
20:29:14.719 [pool-10-thread-1] DEBUG org.springframework.web.reactive.function.client.ExchangeFunctions - [35a25ef5] HTTP GET http://localhost:8082/getAttractionRewardPoints?attractionId=76cb0e2e-33ca-438a-bd8b-a861974dca04&userId=1f958bd7-f7e7-4ce0-8ef3-1faefb01a470
20:29:14.720 [reactor-http-nio-11] DEBUG reactor.netty.resources.PooledConnectionProvider - [id: 0xad770be0, L:/127.0.0.1:49869 - R:localhost/127.0.0.1:8082] Channel acquired, now 2 active connections and 0 inactive connections
20:29:14.720 [reactor-http-nio-11] DEBUG reactor.netty.http.client.HttpClientConnect - [id: 0xad770be0, L:/127.0.0.1:49869 - R:localhost/127.0.0.1:8082] Handler is being applied: {uri=http://localhost:8082/getAttractionRewardPoints?attractionId=76cb0e2e-33ca-438a-bd8b-a861974dca04&userId=1f958bd7-f7e7-4ce0-8ef3-1faefb01a470, method=GET}
20:29:14.721 [reactor-http-nio-11] DEBUG reactor.netty.resources.PooledConnectionProvider - [id: 0xad770be0, L:/127.0.0.1:49869 - R:localhost/127.0.0.1:8082] onStateChange(GET{uri=/getAttractionRewardPoints?attractionId=76cb0e2e-33ca-438a-bd8b-a861974dca04&userId=1f958bd7-f7e7-4ce0-8ef3-1faefb01a470, connection=PooledConnection{channel=[id: 0xad770be0, L:/127.0.0.1:49869 - R:localhost/127.0.0.1:8082]}}, [request_sent])
20:29:15.341 [reactor-http-nio-11] DEBUG reactor.netty.http.client.HttpClientOperations - [id: 0x6e7a501f, L:/127.0.0.1:49867 - R:localhost/127.0.0.1:8082] Received response (auto-read:false) : [Content-Type=application/json, Transfer-Encoding=chunked, Date=Tue, 29 Jun 2021 14:59:15 GMT]
20:29:15.341 [reactor-http-nio-11] DEBUG reactor.netty.resources.PooledConnectionProvider - [id: 0x6e7a501f, L:/127.0.0.1:49867 - R:localhost/127.0.0.1:8082] onStateChange(GET{uri=/getAttractionRewardPoints?attractionId=2e55b1e5-52c7-4f08-a6b3-0e9328ec3548&userId=1f958bd7-f7e7-4ce0-8ef3-1faefb01a470, connection=PooledConnection{channel=[id: 0x6e7a501f, L:/127.0.0.1:49867 - R:localhost/127.0.0.1:8082]}}, [response_received])
20:29:15.341 [reactor-http-nio-11] DEBUG org.springframework.web.reactive.function.client.ExchangeFunctions - [735c94b] Response 200 OK
20:29:15.342 [reactor-http-nio-11] DEBUG reactor.netty.channel.FluxReceive - [id: 0x6e7a501f, L:/127.0.0.1:49867 - R:localhost/127.0.0.1:8082] Subscribing inbound receiver [pending: 0, cancelled:false, inboundDone: false]
20:29:15.342 [reactor-http-nio-11] DEBUG reactor.netty.http.client.HttpClientOperations - [id: 0x6e7a501f, L:/127.0.0.1:49867 - R:localhost/127.0.0.1:8082] Received last HTTP packet
20:29:15.342 [reactor-http-nio-11] DEBUG org.springframework.core.codec.StringDecoder - [735c94b] Decoded "414"
20:29:15.342 [reactor-http-nio-11] DEBUG reactor.netty.resources.PooledConnectionProvider - [id: 0x6e7a501f, L:/127.0.0.1:49867 - R:localhost/127.0.0.1:8082] onStateChange(GET{uri=/getAttractionRewardPoints?attractionId=2e55b1e5-52c7-4f08-a6b3-0e9328ec3548&userId=1f958bd7-f7e7-4ce0-8ef3-1faefb01a470, connection=PooledConnection{channel=[id: 0x6e7a501f, L:/127.0.0.1:49867 - R:localhost/127.0.0.1:8082]}}, [disconnecting])
20:29:15.342 [reactor-http-nio-11] DEBUG reactor.netty.resources.PooledConnectionProvider - [id: 0x6e7a501f, L:/127.0.0.1:49867 - R:localhost/127.0.0.1:8082] Releasing channel
20:29:15.342 [reactor-http-nio-11] DEBUG reactor.netty.resources.PooledConnectionProvider - [id: 0x6e7a501f, L:/127.0.0.1:49867 - R:localhost/127.0.0.1:8082] Channel cleaned, now 1 active connections and 1 inactive connections
20:29:15.343 [Test worker] DEBUG org.springframework.web.reactive.function.client.ExchangeFunctions - [4df5371] HTTP GET http://localhost:8082/getAttractionRewardPoints?attractionId=1fad0bec-1715-482f-ab03-74c3e7f63afc&userId=1f958bd7-f7e7-4ce0-8ef3-1faefb01a470
20:29:15.343 [reactor-http-nio-11] DEBUG reactor.netty.resources.PooledConnectionProvider - [id: 0x6e7a501f, L:/127.0.0.1:49867 - R:localhost/127.0.0.1:8082] Channel acquired, now 2 active connections and 0 inactive connections
20:29:15.343 [reactor-http-nio-11] DEBUG reactor.netty.http.client.HttpClientConnect - [id: 0x6e7a501f, L:/127.0.0.1:49867 - R:localhost/127.0.0.1:8082] Handler is being applied: {uri=http://localhost:8082/getAttractionRewardPoints?attractionId=1fad0bec-1715-482f-ab03-74c3e7f63afc&userId=1f958bd7-f7e7-4ce0-8ef3-1faefb01a470, method=GET}
20:29:15.344 [reactor-http-nio-11] DEBUG reactor.netty.resources.PooledConnectionProvider - [id: 0x6e7a501f, L:/127.0.0.1:49867 - R:localhost/127.0.0.1:8082] onStateChange(GET{uri=/getAttractionRewardPoints?attractionId=1fad0bec-1715-482f-ab03-74c3e7f63afc&userId=1f958bd7-f7e7-4ce0-8ef3-1faefb01a470, connection=PooledConnection{channel=[id: 0x6e7a501f, L:/127.0.0.1:49867 - R:localhost/127.0.0.1:8082]}}, [request_sent])
20:29:15.658 [reactor-http-nio-11] DEBUG reactor.netty.http.client.HttpClientOperations - [id: 0xad770be0, L:/127.0.0.1:49869 - R:localhost/127.0.0.1:8082] Received response (auto-read:false) : [Content-Type=application/json, Transfer-Encoding=chunked, Date=Tue, 29 Jun 2021 14:59:15 GMT]
20:29:15.658 [reactor-http-nio-11] DEBUG reactor.netty.resources.PooledConnectionProvider - [id: 0xad770be0, L:/127.0.0.1:49869 - R:localhost/127.0.0.1:8082] onStateChange(GET{uri=/getAttractionRewardPoints?attractionId=76cb0e2e-33ca-438a-bd8b-a861974dca04&userId=1f958bd7-f7e7-4ce0-8ef3-1faefb01a470, connection=PooledConnection{channel=[id: 0xad770be0, L:/127.0.0.1:49869 - R:localhost/127.0.0.1:8082]}}, [response_received])
20:29:15.658 [reactor-http-nio-11] DEBUG org.springframework.web.reactive.function.client.ExchangeFunctions - [35a25ef5] Response 200 OK
20:29:15.659 [reactor-http-nio-11] DEBUG reactor.netty.channel.FluxReceive - [id: 0xad770be0, L:/127.0.0.1:49869 - R:localhost/127.0.0.1:8082] Subscribing inbound receiver [pending: 0, cancelled:false, inboundDone: false]
20:29:15.660 [reactor-http-nio-11] DEBUG reactor.netty.http.client.HttpClientOperations - [id: 0xad770be0, L:/127.0.0.1:49869 - R:localhost/127.0.0.1:8082] Received last HTTP packet
20:29:15.660 [reactor-http-nio-11] DEBUG org.springframework.core.codec.StringDecoder - [35a25ef5] Decoded "487"
20:29:15.660 [reactor-http-nio-11] DEBUG reactor.netty.resources.PooledConnectionProvider - [id: 0xad770be0, L:/127.0.0.1:49869 - R:localhost/127.0.0.1:8082] onStateChange(GET{uri=/getAttractionRewardPoints?attractionId=76cb0e2e-33ca-438a-bd8b-a861974dca04&userId=1f958bd7-f7e7-4ce0-8ef3-1faefb01a470, connection=PooledConnection{channel=[id: 0xad770be0, L:/127.0.0.1:49869 - R:localhost/127.0.0.1:8082]}}, [disconnecting])
20:29:15.661 [reactor-http-nio-11] DEBUG reactor.netty.resources.PooledConnectionProvider - [id: 0xad770be0, L:/127.0.0.1:49869 - R:localhost/127.0.0.1:8082] Releasing channel
20:29:15.661 [reactor-http-nio-11] DEBUG reactor.netty.resources.PooledConnectionProvider - [id: 0xad770be0, L:/127.0.0.1:49869 - R:localhost/127.0.0.1:8082] Channel cleaned, now 1 active connections and 1 inactive connections
20:29:15.662 [pool-10-thread-1] DEBUG org.springframework.web.reactive.function.client.ExchangeFunctions - [5e20021e] HTTP GET http://localhost:8082/getAttractionRewardPoints?attractionId=7f26c490-51a6-4ffb-b56e-268874fe3789&userId=1f958bd7-f7e7-4ce0-8ef3-1faefb01a470
20:29:15.662 [reactor-http-nio-11] DEBUG reactor.netty.resources.PooledConnectionProvider - [id: 0xad770be0, L:/127.0.0.1:49869 - R:localhost/127.0.0.1:8082] Channel acquired, now 2 active connections and 0 inactive connections
20:29:15.663 [reactor-http-nio-11] DEBUG reactor.netty.http.client.HttpClientConnect - [id: 0xad770be0, L:/127.0.0.1:49869 - R:localhost/127.0.0.1:8082] Handler is being applied: {uri=http://localhost:8082/getAttractionRewardPoints?attractionId=7f26c490-51a6-4ffb-b56e-268874fe3789&userId=1f958bd7-f7e7-4ce0-8ef3-1faefb01a470, method=GET}
20:29:15.663 [reactor-http-nio-11] DEBUG reactor.netty.resources.PooledConnectionProvider - [id: 0xad770be0, L:/127.0.0.1:49869 - R:localhost/127.0.0.1:8082] onStateChange(GET{uri=/getAttractionRewardPoints?attractionId=7f26c490-51a6-4ffb-b56e-268874fe3789&userId=1f958bd7-f7e7-4ce0-8ef3-1faefb01a470, connection=PooledConnection{channel=[id: 0xad770be0, L:/127.0.0.1:49869 - R:localhost/127.0.0.1:8082]}}, [request_sent])
20:29:16.307 [reactor-http-nio-11] DEBUG reactor.netty.http.client.HttpClientOperations - [id: 0x6e7a501f, L:/127.0.0.1:49867 - R:localhost/127.0.0.1:8082] Received response (auto-read:false) : [Content-Type=application/json, Transfer-Encoding=chunked, Date=Tue, 29 Jun 2021 14:59:15 GMT]
20:29:16.307 [reactor-http-nio-11] DEBUG reactor.netty.resources.PooledConnectionProvider - [id: 0x6e7a501f, L:/127.0.0.1:49867 - R:localhost/127.0.0.1:8082] onStateChange(GET{uri=/getAttractionRewardPoints?attractionId=1fad0bec-1715-482f-ab03-74c3e7f63afc&userId=1f958bd7-f7e7-4ce0-8ef3-1faefb01a470, connection=PooledConnection{channel=[id: 0x6e7a501f, L:/127.0.0.1:49867 - R:localhost/127.0.0.1:8082]}}, [response_received])
20:29:16.308 [reactor-http-nio-11] DEBUG org.springframework.web.reactive.function.client.ExchangeFunctions - [4df5371] Response 200 OK
20:29:16.309 [reactor-http-nio-11] DEBUG reactor.netty.channel.FluxReceive - [id: 0x6e7a501f, L:/127.0.0.1:49867 - R:localhost/127.0.0.1:8082] Subscribing inbound receiver [pending: 0, cancelled:false, inboundDone: false]
20:29:16.309 [reactor-http-nio-11] DEBUG reactor.netty.http.client.HttpClientOperations - [id: 0x6e7a501f, L:/127.0.0.1:49867 - R:localhost/127.0.0.1:8082] Received last HTTP packet
20:29:16.309 [reactor-http-nio-11] DEBUG org.springframework.core.codec.StringDecoder - [4df5371] Decoded "593"
20:29:16.309 [reactor-http-nio-11] DEBUG reactor.netty.resources.PooledConnectionProvider - [id: 0x6e7a501f, L:/127.0.0.1:49867 - R:localhost/127.0.0.1:8082] onStateChange(GET{uri=/getAttractionRewardPoints?attractionId=1fad0bec-1715-482f-ab03-74c3e7f63afc&userId=1f958bd7-f7e7-4ce0-8ef3-1faefb01a470, connection=PooledConnection{channel=[id: 0x6e7a501f, L:/127.0.0.1:49867 - R:localhost/127.0.0.1:8082]}}, [disconnecting])
20:29:16.310 [reactor-http-nio-11] DEBUG reactor.netty.resources.PooledConnectionProvider - [id: 0x6e7a501f, L:/127.0.0.1:49867 - R:localhost/127.0.0.1:8082] Releasing channel
20:29:16.310 [reactor-http-nio-11] DEBUG reactor.netty.resources.PooledConnectionProvider - [id: 0x6e7a501f, L:/127.0.0.1:49867 - R:localhost/127.0.0.1:8082] Channel cleaned, now 1 active connections and 1 inactive connections
20:29:16.311 [Test worker] DEBUG org.springframework.web.reactive.function.client.ExchangeFunctions - [1134ee95] HTTP GET http://localhost:8082/getAttractionRewardPoints?attractionId=0159ee0a-3006-4e11-ab98-251686ce035a&userId=1f958bd7-f7e7-4ce0-8ef3-1faefb01a470
20:29:16.312 [reactor-http-nio-11] DEBUG reactor.netty.resources.PooledConnectionProvider - [id: 0x6e7a501f, L:/127.0.0.1:49867 - R:localhost/127.0.0.1:8082] Channel acquired, now 2 active connections and 0 inactive connections
20:29:16.312 [reactor-http-nio-11] DEBUG reactor.netty.http.client.HttpClientConnect - [id: 0x6e7a501f, L:/127.0.0.1:49867 - R:localhost/127.0.0.1:8082] Handler is being applied: {uri=http://localhost:8082/getAttractionRewardPoints?attractionId=0159ee0a-3006-4e11-ab98-251686ce035a&userId=1f958bd7-f7e7-4ce0-8ef3-1faefb01a470, method=GET}
20:29:16.313 [reactor-http-nio-11] DEBUG reactor.netty.resources.PooledConnectionProvider - [id: 0x6e7a501f, L:/127.0.0.1:49867 - R:localhost/127.0.0.1:8082] onStateChange(GET{uri=/getAttractionRewardPoints?attractionId=0159ee0a-3006-4e11-ab98-251686ce035a&userId=1f958bd7-f7e7-4ce0-8ef3-1faefb01a470, connection=PooledConnection{channel=[id: 0x6e7a501f, L:/127.0.0.1:49867 - R:localhost/127.0.0.1:8082]}}, [request_sent])
20:29:16.331 [reactor-http-nio-11] DEBUG reactor.netty.http.client.HttpClientOperations - [id: 0xad770be0, L:/127.0.0.1:49869 - R:localhost/127.0.0.1:8082] Received response (auto-read:false) : [Content-Type=application/json, Transfer-Encoding=chunked, Date=Tue, 29 Jun 2021 14:59:15 GMT]
20:29:16.331 [reactor-http-nio-11] DEBUG reactor.netty.resources.PooledConnectionProvider - [id: 0xad770be0, L:/127.0.0.1:49869 - R:localhost/127.0.0.1:8082] onStateChange(GET{uri=/getAttractionRewardPoints?attractionId=7f26c490-51a6-4ffb-b56e-268874fe3789&userId=1f958bd7-f7e7-4ce0-8ef3-1faefb01a470, connection=PooledConnection{channel=[id: 0xad770be0, L:/127.0.0.1:49869 - R:localhost/127.0.0.1:8082]}}, [response_received])
20:29:16.331 [reactor-http-nio-11] DEBUG org.springframework.web.reactive.function.client.ExchangeFunctions - [5e20021e] Response 200 OK
20:29:16.332 [reactor-http-nio-11] DEBUG reactor.netty.channel.FluxReceive - [id: 0xad770be0, L:/127.0.0.1:49869 - R:localhost/127.0.0.1:8082] Subscribing inbound receiver [pending: 0, cancelled:false, inboundDone: false]
20:29:16.333 [reactor-http-nio-11] DEBUG reactor.netty.http.client.HttpClientOperations - [id: 0xad770be0, L:/127.0.0.1:49869 - R:localhost/127.0.0.1:8082] Received last HTTP packet
20:29:16.334 [reactor-http-nio-11] DEBUG org.springframework.core.codec.StringDecoder - [5e20021e] Decoded "390"
20:29:16.334 [reactor-http-nio-11] DEBUG reactor.netty.resources.PooledConnectionProvider - [id: 0xad770be0, L:/127.0.0.1:49869 - R:localhost/127.0.0.1:8082] onStateChange(GET{uri=/getAttractionRewardPoints?attractionId=7f26c490-51a6-4ffb-b56e-268874fe3789&userId=1f958bd7-f7e7-4ce0-8ef3-1faefb01a470, connection=PooledConnection{channel=[id: 0xad770be0, L:/127.0.0.1:49869 - R:localhost/127.0.0.1:8082]}}, [disconnecting])
20:29:16.334 [reactor-http-nio-11] DEBUG reactor.netty.resources.PooledConnectionProvider - [id: 0xad770be0, L:/127.0.0.1:49869 - R:localhost/127.0.0.1:8082] Releasing channel
20:29:16.334 [reactor-http-nio-11] DEBUG reactor.netty.resources.PooledConnectionProvider - [id: 0xad770be0, L:/127.0.0.1:49869 - R:localhost/127.0.0.1:8082] Channel cleaned, now 1 active connections and 1 inactive connections
20:29:16.335 [pool-10-thread-1] DEBUG org.springframework.web.reactive.function.client.ExchangeFunctions - [14945fef] HTTP GET http://localhost:8082/getAttractionRewardPoints?attractionId=577f2cc4-4d3e-4989-8034-bcc0762428e9&userId=1f958bd7-f7e7-4ce0-8ef3-1faefb01a470
20:29:16.336 [reactor-http-nio-11] DEBUG reactor.netty.resources.PooledConnectionProvider - [id: 0xad770be0, L:/127.0.0.1:49869 - R:localhost/127.0.0.1:8082] Channel acquired, now 2 active connections and 0 inactive connections
20:29:16.336 [reactor-http-nio-11] DEBUG reactor.netty.http.client.HttpClientConnect - [id: 0xad770be0, L:/127.0.0.1:49869 - R:localhost/127.0.0.1:8082] Handler is being applied: {uri=http://localhost:8082/getAttractionRewardPoints?attractionId=577f2cc4-4d3e-4989-8034-bcc0762428e9&userId=1f958bd7-f7e7-4ce0-8ef3-1faefb01a470, method=GET}
20:29:16.337 [reactor-http-nio-11] DEBUG reactor.netty.resources.PooledConnectionProvider - [id: 0xad770be0, L:/127.0.0.1:49869 - R:localhost/127.0.0.1:8082] onStateChange(GET{uri=/getAttractionRewardPoints?attractionId=577f2cc4-4d3e-4989-8034-bcc0762428e9&userId=1f958bd7-f7e7-4ce0-8ef3-1faefb01a470, connection=PooledConnection{channel=[id: 0xad770be0, L:/127.0.0.1:49869 - R:localhost/127.0.0.1:8082]}}, [request_sent])
20:29:16.514 [reactor-http-nio-11] DEBUG reactor.netty.http.client.HttpClientOperations - [id: 0xad770be0, L:/127.0.0.1:49869 - R:localhost/127.0.0.1:8082] Received response (auto-read:false) : [Content-Type=application/json, Transfer-Encoding=chunked, Date=Tue, 29 Jun 2021 14:59:16 GMT]
20:29:16.514 [reactor-http-nio-11] DEBUG reactor.netty.resources.PooledConnectionProvider - [id: 0xad770be0, L:/127.0.0.1:49869 - R:localhost/127.0.0.1:8082] onStateChange(GET{uri=/getAttractionRewardPoints?attractionId=577f2cc4-4d3e-4989-8034-bcc0762428e9&userId=1f958bd7-f7e7-4ce0-8ef3-1faefb01a470, connection=PooledConnection{channel=[id: 0xad770be0, L:/127.0.0.1:49869 - R:localhost/127.0.0.1:8082]}}, [response_received])
20:29:16.514 [reactor-http-nio-11] DEBUG org.springframework.web.reactive.function.client.ExchangeFunctions - [14945fef] Response 200 OK
20:29:16.515 [reactor-http-nio-11] DEBUG reactor.netty.channel.FluxReceive - [id: 0xad770be0, L:/127.0.0.1:49869 - R:localhost/127.0.0.1:8082] Subscribing inbound receiver [pending: 0, cancelled:false, inboundDone: false]
20:29:16.516 [reactor-http-nio-11] DEBUG reactor.netty.http.client.HttpClientOperations - [id: 0xad770be0, L:/127.0.0.1:49869 - R:localhost/127.0.0.1:8082] Received last HTTP packet
20:29:16.516 [reactor-http-nio-11] DEBUG org.springframework.core.codec.StringDecoder - [14945fef] Decoded "275"
20:29:16.516 [reactor-http-nio-11] DEBUG reactor.netty.resources.PooledConnectionProvider - [id: 0xad770be0, L:/127.0.0.1:49869 - R:localhost/127.0.0.1:8082] onStateChange(GET{uri=/getAttractionRewardPoints?attractionId=577f2cc4-4d3e-4989-8034-bcc0762428e9&userId=1f958bd7-f7e7-4ce0-8ef3-1faefb01a470, connection=PooledConnection{channel=[id: 0xad770be0, L:/127.0.0.1:49869 - R:localhost/127.0.0.1:8082]}}, [disconnecting])
20:29:16.516 [reactor-http-nio-11] DEBUG reactor.netty.resources.PooledConnectionProvider - [id: 0xad770be0, L:/127.0.0.1:49869 - R:localhost/127.0.0.1:8082] Releasing channel
20:29:16.516 [reactor-http-nio-11] DEBUG reactor.netty.resources.PooledConnectionProvider - [id: 0xad770be0, L:/127.0.0.1:49869 - R:localhost/127.0.0.1:8082] Channel cleaned, now 1 active connections and 1 inactive connections
20:29:16.517 [pool-10-thread-1] DEBUG org.springframework.web.reactive.function.client.ExchangeFunctions - [1fe2c227] HTTP GET http://localhost:8082/getAttractionRewardPoints?attractionId=3aece699-0f4c-4c6a-8c38-953a890af763&userId=1f958bd7-f7e7-4ce0-8ef3-1faefb01a470
20:29:16.518 [reactor-http-nio-11] DEBUG reactor.netty.resources.PooledConnectionProvider - [id: 0xad770be0, L:/127.0.0.1:49869 - R:localhost/127.0.0.1:8082] Channel acquired, now 2 active connections and 0 inactive connections
20:29:16.518 [reactor-http-nio-11] DEBUG reactor.netty.http.client.HttpClientConnect - [id: 0xad770be0, L:/127.0.0.1:49869 - R:localhost/127.0.0.1:8082] Handler is being applied: {uri=http://localhost:8082/getAttractionRewardPoints?attractionId=3aece699-0f4c-4c6a-8c38-953a890af763&userId=1f958bd7-f7e7-4ce0-8ef3-1faefb01a470, method=GET}
20:29:16.519 [reactor-http-nio-11] DEBUG reactor.netty.resources.PooledConnectionProvider - [id: 0xad770be0, L:/127.0.0.1:49869 - R:localhost/127.0.0.1:8082] onStateChange(GET{uri=/getAttractionRewardPoints?attractionId=3aece699-0f4c-4c6a-8c38-953a890af763&userId=1f958bd7-f7e7-4ce0-8ef3-1faefb01a470, connection=PooledConnection{channel=[id: 0xad770be0, L:/127.0.0.1:49869 - R:localhost/127.0.0.1:8082]}}, [request_sent])
20:29:16.909 [reactor-http-nio-11] DEBUG reactor.netty.http.client.HttpClientOperations - [id: 0x6e7a501f, L:/127.0.0.1:49867 - R:localhost/127.0.0.1:8082] Received response (auto-read:false) : [Content-Type=application/json, Transfer-Encoding=chunked, Date=Tue, 29 Jun 2021 14:59:16 GMT]
20:29:16.909 [reactor-http-nio-11] DEBUG reactor.netty.resources.PooledConnectionProvider - [id: 0x6e7a501f, L:/127.0.0.1:49867 - R:localhost/127.0.0.1:8082] onStateChange(GET{uri=/getAttractionRewardPoints?attractionId=0159ee0a-3006-4e11-ab98-251686ce035a&userId=1f958bd7-f7e7-4ce0-8ef3-1faefb01a470, connection=PooledConnection{channel=[id: 0x6e7a501f, L:/127.0.0.1:49867 - R:localhost/127.0.0.1:8082]}}, [response_received])
20:29:16.910 [reactor-http-nio-11] DEBUG org.springframework.web.reactive.function.client.ExchangeFunctions - [1134ee95] Response 200 OK
20:29:16.910 [reactor-http-nio-11] DEBUG reactor.netty.channel.FluxReceive - [id: 0x6e7a501f, L:/127.0.0.1:49867 - R:localhost/127.0.0.1:8082] Subscribing inbound receiver [pending: 0, cancelled:false, inboundDone: false]
20:29:16.911 [reactor-http-nio-11] DEBUG reactor.netty.http.client.HttpClientOperations - [id: 0x6e7a501f, L:/127.0.0.1:49867 - R:localhost/127.0.0.1:8082] Received last HTTP packet
20:29:16.912 [reactor-http-nio-11] DEBUG org.springframework.core.codec.StringDecoder - [1134ee95] Decoded "331"
20:29:16.912 [reactor-http-nio-11] DEBUG reactor.netty.resources.PooledConnectionProvider - [id: 0x6e7a501f, L:/127.0.0.1:49867 - R:localhost/127.0.0.1:8082] onStateChange(GET{uri=/getAttractionRewardPoints?attractionId=0159ee0a-3006-4e11-ab98-251686ce035a&userId=1f958bd7-f7e7-4ce0-8ef3-1faefb01a470, connection=PooledConnection{channel=[id: 0x6e7a501f, L:/127.0.0.1:49867 - R:localhost/127.0.0.1:8082]}}, [disconnecting])
20:29:16.912 [reactor-http-nio-11] DEBUG reactor.netty.resources.PooledConnectionProvider - [id: 0x6e7a501f, L:/127.0.0.1:49867 - R:localhost/127.0.0.1:8082] Releasing channel
20:29:16.912 [reactor-http-nio-11] DEBUG reactor.netty.resources.PooledConnectionProvider - [id: 0x6e7a501f, L:/127.0.0.1:49867 - R:localhost/127.0.0.1:8082] Channel cleaned, now 1 active connections and 1 inactive connections
20:29:16.913 [Test worker] DEBUG org.springframework.web.reactive.function.client.ExchangeFunctions - [322d8164] HTTP GET http://localhost:8082/getAttractionRewardPoints?attractionId=3463464c-42a2-4f66-abb5-c3a0ebc04d40&userId=1f958bd7-f7e7-4ce0-8ef3-1faefb01a470
20:29:16.914 [reactor-http-nio-11] DEBUG reactor.netty.resources.PooledConnectionProvider - [id: 0x6e7a501f, L:/127.0.0.1:49867 - R:localhost/127.0.0.1:8082] Channel acquired, now 2 active connections and 0 inactive connections
20:29:16.914 [reactor-http-nio-11] DEBUG reactor.netty.http.client.HttpClientConnect - [id: 0x6e7a501f, L:/127.0.0.1:49867 - R:localhost/127.0.0.1:8082] Handler is being applied: {uri=http://localhost:8082/getAttractionRewardPoints?attractionId=3463464c-42a2-4f66-abb5-c3a0ebc04d40&userId=1f958bd7-f7e7-4ce0-8ef3-1faefb01a470, method=GET}
20:29:16.915 [reactor-http-nio-11] DEBUG reactor.netty.resources.PooledConnectionProvider - [id: 0x6e7a501f, L:/127.0.0.1:49867 - R:localhost/127.0.0.1:8082] onStateChange(GET{uri=/getAttractionRewardPoints?attractionId=3463464c-42a2-4f66-abb5-c3a0ebc04d40&userId=1f958bd7-f7e7-4ce0-8ef3-1faefb01a470, connection=PooledConnection{channel=[id: 0x6e7a501f, L:/127.0.0.1:49867 - R:localhost/127.0.0.1:8082]}}, [request_sent])
20:29:17.236 [reactor-http-nio-11] DEBUG reactor.netty.http.client.HttpClientOperations - [id: 0x6e7a501f, L:/127.0.0.1:49867 - R:localhost/127.0.0.1:8082] Received response (auto-read:false) : [Content-Type=application/json, Transfer-Encoding=chunked, Date=Tue, 29 Jun 2021 14:59:16 GMT]
20:29:17.236 [reactor-http-nio-11] DEBUG reactor.netty.resources.PooledConnectionProvider - [id: 0x6e7a501f, L:/127.0.0.1:49867 - R:localhost/127.0.0.1:8082] onStateChange(GET{uri=/getAttractionRewardPoints?attractionId=3463464c-42a2-4f66-abb5-c3a0ebc04d40&userId=1f958bd7-f7e7-4ce0-8ef3-1faefb01a470, connection=PooledConnection{channel=[id: 0x6e7a501f, L:/127.0.0.1:49867 - R:localhost/127.0.0.1:8082]}}, [response_received])
20:29:17.236 [reactor-http-nio-11] DEBUG org.springframework.web.reactive.function.client.ExchangeFunctions - [322d8164] Response 200 OK
20:29:17.237 [reactor-http-nio-11] DEBUG reactor.netty.channel.FluxReceive - [id: 0x6e7a501f, L:/127.0.0.1:49867 - R:localhost/127.0.0.1:8082] Subscribing inbound receiver [pending: 0, cancelled:false, inboundDone: false]
20:29:17.237 [reactor-http-nio-11] DEBUG reactor.netty.http.client.HttpClientOperations - [id: 0x6e7a501f, L:/127.0.0.1:49867 - R:localhost/127.0.0.1:8082] Received last HTTP packet
20:29:17.237 [reactor-http-nio-11] DEBUG org.springframework.core.codec.StringDecoder - [322d8164] Decoded "616"
20:29:17.237 [reactor-http-nio-11] DEBUG reactor.netty.resources.PooledConnectionProvider - [id: 0x6e7a501f, L:/127.0.0.1:49867 - R:localhost/127.0.0.1:8082] onStateChange(GET{uri=/getAttractionRewardPoints?attractionId=3463464c-42a2-4f66-abb5-c3a0ebc04d40&userId=1f958bd7-f7e7-4ce0-8ef3-1faefb01a470, connection=PooledConnection{channel=[id: 0x6e7a501f, L:/127.0.0.1:49867 - R:localhost/127.0.0.1:8082]}}, [disconnecting])
20:29:17.238 [reactor-http-nio-11] DEBUG reactor.netty.resources.PooledConnectionProvider - [id: 0x6e7a501f, L:/127.0.0.1:49867 - R:localhost/127.0.0.1:8082] Releasing channel
20:29:17.238 [reactor-http-nio-11] DEBUG reactor.netty.resources.PooledConnectionProvider - [id: 0x6e7a501f, L:/127.0.0.1:49867 - R:localhost/127.0.0.1:8082] Channel cleaned, now 1 active connections and 1 inactive connections
20:29:17.239 [Test worker] DEBUG org.springframework.web.reactive.function.client.ExchangeFunctions - [1bfb69fb] HTTP GET http://localhost:8082/getAttractionRewardPoints?attractionId=786679c1-9859-4187-8371-fa685106a915&userId=1f958bd7-f7e7-4ce0-8ef3-1faefb01a470
20:29:17.239 [reactor-http-nio-11] DEBUG reactor.netty.resources.PooledConnectionProvider - [id: 0x6e7a501f, L:/127.0.0.1:49867 - R:localhost/127.0.0.1:8082] Channel acquired, now 2 active connections and 0 inactive connections
20:29:17.240 [reactor-http-nio-11] DEBUG reactor.netty.http.client.HttpClientConnect - [id: 0x6e7a501f, L:/127.0.0.1:49867 - R:localhost/127.0.0.1:8082] Handler is being applied: {uri=http://localhost:8082/getAttractionRewardPoints?attractionId=786679c1-9859-4187-8371-fa685106a915&userId=1f958bd7-f7e7-4ce0-8ef3-1faefb01a470, method=GET}
20:29:17.241 [reactor-http-nio-11] DEBUG reactor.netty.resources.PooledConnectionProvider - [id: 0x6e7a501f, L:/127.0.0.1:49867 - R:localhost/127.0.0.1:8082] onStateChange(GET{uri=/getAttractionRewardPoints?attractionId=786679c1-9859-4187-8371-fa685106a915&userId=1f958bd7-f7e7-4ce0-8ef3-1faefb01a470, connection=PooledConnection{channel=[id: 0x6e7a501f, L:/127.0.0.1:49867 - R:localhost/127.0.0.1:8082]}}, [request_sent])
20:29:17.260 [reactor-http-nio-11] DEBUG reactor.netty.http.client.HttpClientOperations - [id: 0xad770be0, L:/127.0.0.1:49869 - R:localhost/127.0.0.1:8082] Received response (auto-read:false) : [Content-Type=application/json, Transfer-Encoding=chunked, Date=Tue, 29 Jun 2021 14:59:16 GMT]
20:29:17.260 [reactor-http-nio-11] DEBUG reactor.netty.resources.PooledConnectionProvider - [id: 0xad770be0, L:/127.0.0.1:49869 - R:localhost/127.0.0.1:8082] onStateChange(GET{uri=/getAttractionRewardPoints?attractionId=3aece699-0f4c-4c6a-8c38-953a890af763&userId=1f958bd7-f7e7-4ce0-8ef3-1faefb01a470, connection=PooledConnection{channel=[id: 0xad770be0, L:/127.0.0.1:49869 - R:localhost/127.0.0.1:8082]}}, [response_received])
20:29:17.261 [reactor-http-nio-11] DEBUG org.springframework.web.reactive.function.client.ExchangeFunctions - [1fe2c227] Response 200 OK
20:29:17.261 [reactor-http-nio-11] DEBUG reactor.netty.channel.FluxReceive - [id: 0xad770be0, L:/127.0.0.1:49869 - R:localhost/127.0.0.1:8082] Subscribing inbound receiver [pending: 0, cancelled:false, inboundDone: false]
20:29:17.262 [reactor-http-nio-11] DEBUG reactor.netty.http.client.HttpClientOperations - [id: 0xad770be0, L:/127.0.0.1:49869 - R:localhost/127.0.0.1:8082] Received last HTTP packet
20:29:17.262 [reactor-http-nio-11] DEBUG org.springframework.core.codec.StringDecoder - [1fe2c227] Decoded "651"
20:29:17.262 [reactor-http-nio-11] DEBUG reactor.netty.resources.PooledConnectionProvider - [id: 0xad770be0, L:/127.0.0.1:49869 - R:localhost/127.0.0.1:8082] onStateChange(GET{uri=/getAttractionRewardPoints?attractionId=3aece699-0f4c-4c6a-8c38-953a890af763&userId=1f958bd7-f7e7-4ce0-8ef3-1faefb01a470, connection=PooledConnection{channel=[id: 0xad770be0, L:/127.0.0.1:49869 - R:localhost/127.0.0.1:8082]}}, [disconnecting])
20:29:17.262 [reactor-http-nio-11] DEBUG reactor.netty.resources.PooledConnectionProvider - [id: 0xad770be0, L:/127.0.0.1:49869 - R:localhost/127.0.0.1:8082] Releasing channel
20:29:17.262 [reactor-http-nio-11] DEBUG reactor.netty.resources.PooledConnectionProvider - [id: 0xad770be0, L:/127.0.0.1:49869 - R:localhost/127.0.0.1:8082] Channel cleaned, now 1 active connections and 1 inactive connections
20:29:17.263 [pool-10-thread-1] DEBUG org.springframework.web.reactive.function.client.ExchangeFunctions - [381072d8] HTTP GET http://localhost:8082/getAttractionRewardPoints?attractionId=1fef0c6b-aa3d-47af-9c8f-422810ce2307&userId=1f958bd7-f7e7-4ce0-8ef3-1faefb01a470
20:29:17.264 [reactor-http-nio-11] DEBUG reactor.netty.resources.PooledConnectionProvider - [id: 0xad770be0, L:/127.0.0.1:49869 - R:localhost/127.0.0.1:8082] Channel acquired, now 2 active connections and 0 inactive connections
20:29:17.264 [reactor-http-nio-11] DEBUG reactor.netty.http.client.HttpClientConnect - [id: 0xad770be0, L:/127.0.0.1:49869 - R:localhost/127.0.0.1:8082] Handler is being applied: {uri=http://localhost:8082/getAttractionRewardPoints?attractionId=1fef0c6b-aa3d-47af-9c8f-422810ce2307&userId=1f958bd7-f7e7-4ce0-8ef3-1faefb01a470, method=GET}
20:29:17.265 [reactor-http-nio-11] DEBUG reactor.netty.resources.PooledConnectionProvider - [id: 0xad770be0, L:/127.0.0.1:49869 - R:localhost/127.0.0.1:8082] onStateChange(GET{uri=/getAttractionRewardPoints?attractionId=1fef0c6b-aa3d-47af-9c8f-422810ce2307&userId=1f958bd7-f7e7-4ce0-8ef3-1faefb01a470, connection=PooledConnection{channel=[id: 0xad770be0, L:/127.0.0.1:49869 - R:localhost/127.0.0.1:8082]}}, [request_sent])
20:29:17.803 [reactor-http-nio-11] DEBUG reactor.netty.http.client.HttpClientOperations - [id: 0xad770be0, L:/127.0.0.1:49869 - R:localhost/127.0.0.1:8082] Received response (auto-read:false) : [Content-Type=application/json, Transfer-Encoding=chunked, Date=Tue, 29 Jun 2021 14:59:17 GMT]
20:29:17.803 [reactor-http-nio-11] DEBUG reactor.netty.resources.PooledConnectionProvider - [id: 0xad770be0, L:/127.0.0.1:49869 - R:localhost/127.0.0.1:8082] onStateChange(GET{uri=/getAttractionRewardPoints?attractionId=1fef0c6b-aa3d-47af-9c8f-422810ce2307&userId=1f958bd7-f7e7-4ce0-8ef3-1faefb01a470, connection=PooledConnection{channel=[id: 0xad770be0, L:/127.0.0.1:49869 - R:localhost/127.0.0.1:8082]}}, [response_received])
20:29:17.803 [reactor-http-nio-11] DEBUG org.springframework.web.reactive.function.client.ExchangeFunctions - [381072d8] Response 200 OK
20:29:17.804 [reactor-http-nio-11] DEBUG reactor.netty.channel.FluxReceive - [id: 0xad770be0, L:/127.0.0.1:49869 - R:localhost/127.0.0.1:8082] Subscribing inbound receiver [pending: 0, cancelled:false, inboundDone: false]
20:29:17.805 [reactor-http-nio-11] DEBUG reactor.netty.http.client.HttpClientOperations - [id: 0xad770be0, L:/127.0.0.1:49869 - R:localhost/127.0.0.1:8082] Received last HTTP packet
20:29:17.805 [reactor-http-nio-11] DEBUG org.springframework.core.codec.StringDecoder - [381072d8] Decoded "969"
20:29:17.805 [reactor-http-nio-11] DEBUG reactor.netty.resources.PooledConnectionProvider - [id: 0xad770be0, L:/127.0.0.1:49869 - R:localhost/127.0.0.1:8082] onStateChange(GET{uri=/getAttractionRewardPoints?attractionId=1fef0c6b-aa3d-47af-9c8f-422810ce2307&userId=1f958bd7-f7e7-4ce0-8ef3-1faefb01a470, connection=PooledConnection{channel=[id: 0xad770be0, L:/127.0.0.1:49869 - R:localhost/127.0.0.1:8082]}}, [disconnecting])
20:29:17.805 [reactor-http-nio-11] DEBUG reactor.netty.resources.PooledConnectionProvider - [id: 0xad770be0, L:/127.0.0.1:49869 - R:localhost/127.0.0.1:8082] Releasing channel
20:29:17.805 [reactor-http-nio-11] DEBUG reactor.netty.resources.PooledConnectionProvider - [id: 0xad770be0, L:/127.0.0.1:49869 - R:localhost/127.0.0.1:8082] Channel cleaned, now 1 active connections and 1 inactive connections
20:29:17.806 [pool-10-thread-1] DEBUG org.springframework.web.reactive.function.client.ExchangeFunctions - [66feb736] HTTP GET http://localhost:8082/getAttractionRewardPoints?attractionId=e49aea99-ccc8-4a99-8914-407bddd145f8&userId=1f958bd7-f7e7-4ce0-8ef3-1faefb01a470
20:29:17.807 [reactor-http-nio-11] DEBUG reactor.netty.resources.PooledConnectionProvider - [id: 0xad770be0, L:/127.0.0.1:49869 - R:localhost/127.0.0.1:8082] Channel acquired, now 2 active connections and 0 inactive connections
20:29:17.807 [reactor-http-nio-11] DEBUG reactor.netty.http.client.HttpClientConnect - [id: 0xad770be0, L:/127.0.0.1:49869 - R:localhost/127.0.0.1:8082] Handler is being applied: {uri=http://localhost:8082/getAttractionRewardPoints?attractionId=e49aea99-ccc8-4a99-8914-407bddd145f8&userId=1f958bd7-f7e7-4ce0-8ef3-1faefb01a470, method=GET}
20:29:17.809 [reactor-http-nio-11] DEBUG reactor.netty.resources.PooledConnectionProvider - [id: 0xad770be0, L:/127.0.0.1:49869 - R:localhost/127.0.0.1:8082] onStateChange(GET{uri=/getAttractionRewardPoints?attractionId=e49aea99-ccc8-4a99-8914-407bddd145f8&userId=1f958bd7-f7e7-4ce0-8ef3-1faefb01a470, connection=PooledConnection{channel=[id: 0xad770be0, L:/127.0.0.1:49869 - R:localhost/127.0.0.1:8082]}}, [request_sent])
20:29:18.124 [reactor-http-nio-11] DEBUG reactor.netty.http.client.HttpClientOperations - [id: 0x6e7a501f, L:/127.0.0.1:49867 - R:localhost/127.0.0.1:8082] Received response (auto-read:false) : [Content-Type=application/json, Transfer-Encoding=chunked, Date=Tue, 29 Jun 2021 14:59:17 GMT]
20:29:18.124 [reactor-http-nio-11] DEBUG reactor.netty.resources.PooledConnectionProvider - [id: 0x6e7a501f, L:/127.0.0.1:49867 - R:localhost/127.0.0.1:8082] onStateChange(GET{uri=/getAttractionRewardPoints?attractionId=786679c1-9859-4187-8371-fa685106a915&userId=1f958bd7-f7e7-4ce0-8ef3-1faefb01a470, connection=PooledConnection{channel=[id: 0x6e7a501f, L:/127.0.0.1:49867 - R:localhost/127.0.0.1:8082]}}, [response_received])
20:29:18.124 [reactor-http-nio-11] DEBUG org.springframework.web.reactive.function.client.ExchangeFunctions - [1bfb69fb] Response 200 OK
20:29:18.125 [reactor-http-nio-11] DEBUG reactor.netty.channel.FluxReceive - [id: 0x6e7a501f, L:/127.0.0.1:49867 - R:localhost/127.0.0.1:8082] Subscribing inbound receiver [pending: 0, cancelled:false, inboundDone: false]
20:29:18.126 [reactor-http-nio-11] DEBUG reactor.netty.http.client.HttpClientOperations - [id: 0x6e7a501f, L:/127.0.0.1:49867 - R:localhost/127.0.0.1:8082] Received last HTTP packet
20:29:18.126 [reactor-http-nio-11] DEBUG org.springframework.core.codec.StringDecoder - [1bfb69fb] Decoded "262"
20:29:18.126 [reactor-http-nio-11] DEBUG reactor.netty.resources.PooledConnectionProvider - [id: 0x6e7a501f, L:/127.0.0.1:49867 - R:localhost/127.0.0.1:8082] onStateChange(GET{uri=/getAttractionRewardPoints?attractionId=786679c1-9859-4187-8371-fa685106a915&userId=1f958bd7-f7e7-4ce0-8ef3-1faefb01a470, connection=PooledConnection{channel=[id: 0x6e7a501f, L:/127.0.0.1:49867 - R:localhost/127.0.0.1:8082]}}, [disconnecting])
20:29:18.126 [reactor-http-nio-11] DEBUG reactor.netty.resources.PooledConnectionProvider - [id: 0x6e7a501f, L:/127.0.0.1:49867 - R:localhost/127.0.0.1:8082] Releasing channel
20:29:18.126 [reactor-http-nio-11] DEBUG reactor.netty.resources.PooledConnectionProvider - [id: 0x6e7a501f, L:/127.0.0.1:49867 - R:localhost/127.0.0.1:8082] Channel cleaned, now 1 active connections and 1 inactive connections
20:29:18.128 [Test worker] DEBUG org.springframework.web.reactive.function.client.ExchangeFunctions - [65c1e52e] HTTP GET http://localhost:8082/getAttractionRewardPoints?attractionId=4abccd1a-5f1f-423a-9cbb-b811728e3470&userId=1f958bd7-f7e7-4ce0-8ef3-1faefb01a470
20:29:18.128 [reactor-http-nio-11] DEBUG reactor.netty.resources.PooledConnectionProvider - [id: 0x6e7a501f, L:/127.0.0.1:49867 - R:localhost/127.0.0.1:8082] Channel acquired, now 2 active connections and 0 inactive connections
20:29:18.129 [reactor-http-nio-11] DEBUG reactor.netty.http.client.HttpClientConnect - [id: 0x6e7a501f, L:/127.0.0.1:49867 - R:localhost/127.0.0.1:8082] Handler is being applied: {uri=http://localhost:8082/getAttractionRewardPoints?attractionId=4abccd1a-5f1f-423a-9cbb-b811728e3470&userId=1f958bd7-f7e7-4ce0-8ef3-1faefb01a470, method=GET}
20:29:18.130 [reactor-http-nio-11] DEBUG reactor.netty.resources.PooledConnectionProvider - [id: 0x6e7a501f, L:/127.0.0.1:49867 - R:localhost/127.0.0.1:8082] onStateChange(GET{uri=/getAttractionRewardPoints?attractionId=4abccd1a-5f1f-423a-9cbb-b811728e3470&userId=1f958bd7-f7e7-4ce0-8ef3-1faefb01a470, connection=PooledConnection{channel=[id: 0x6e7a501f, L:/127.0.0.1:49867 - R:localhost/127.0.0.1:8082]}}, [request_sent])
20:29:18.222 [reactor-http-nio-11] DEBUG reactor.netty.http.client.HttpClientOperations - [id: 0xad770be0, L:/127.0.0.1:49869 - R:localhost/127.0.0.1:8082] Received response (auto-read:false) : [Content-Type=application/json, Transfer-Encoding=chunked, Date=Tue, 29 Jun 2021 14:59:17 GMT]
20:29:18.222 [reactor-http-nio-11] DEBUG reactor.netty.resources.PooledConnectionProvider - [id: 0xad770be0, L:/127.0.0.1:49869 - R:localhost/127.0.0.1:8082] onStateChange(GET{uri=/getAttractionRewardPoints?attractionId=e49aea99-ccc8-4a99-8914-407bddd145f8&userId=1f958bd7-f7e7-4ce0-8ef3-1faefb01a470, connection=PooledConnection{channel=[id: 0xad770be0, L:/127.0.0.1:49869 - R:localhost/127.0.0.1:8082]}}, [response_received])
20:29:18.222 [reactor-http-nio-11] DEBUG org.springframework.web.reactive.function.client.ExchangeFunctions - [66feb736] Response 200 OK
20:29:18.223 [reactor-http-nio-11] DEBUG reactor.netty.channel.FluxReceive - [id: 0xad770be0, L:/127.0.0.1:49869 - R:localhost/127.0.0.1:8082] Subscribing inbound receiver [pending: 0, cancelled:false, inboundDone: false]
20:29:18.224 [reactor-http-nio-11] DEBUG reactor.netty.http.client.HttpClientOperations - [id: 0xad770be0, L:/127.0.0.1:49869 - R:localhost/127.0.0.1:8082] Received last HTTP packet
20:29:18.224 [reactor-http-nio-11] DEBUG org.springframework.core.codec.StringDecoder - [66feb736] Decoded "582"
20:29:18.224 [reactor-http-nio-11] DEBUG reactor.netty.resources.PooledConnectionProvider - [id: 0xad770be0, L:/127.0.0.1:49869 - R:localhost/127.0.0.1:8082] onStateChange(GET{uri=/getAttractionRewardPoints?attractionId=e49aea99-ccc8-4a99-8914-407bddd145f8&userId=1f958bd7-f7e7-4ce0-8ef3-1faefb01a470, connection=PooledConnection{channel=[id: 0xad770be0, L:/127.0.0.1:49869 - R:localhost/127.0.0.1:8082]}}, [disconnecting])
20:29:18.224 [reactor-http-nio-11] DEBUG reactor.netty.resources.PooledConnectionProvider - [id: 0xad770be0, L:/127.0.0.1:49869 - R:localhost/127.0.0.1:8082] Releasing channel
20:29:18.225 [reactor-http-nio-11] DEBUG reactor.netty.resources.PooledConnectionProvider - [id: 0xad770be0, L:/127.0.0.1:49869 - R:localhost/127.0.0.1:8082] Channel cleaned, now 1 active connections and 1 inactive connections
20:29:18.225 [pool-10-thread-1] DEBUG org.springframework.web.reactive.function.client.ExchangeFunctions - [50a3e721] HTTP GET http://localhost:8082/getAttractionRewardPoints?attractionId=45a76d76-d290-44b1-89a1-2894afc34f09&userId=1f958bd7-f7e7-4ce0-8ef3-1faefb01a470
20:29:18.226 [reactor-http-nio-11] DEBUG reactor.netty.resources.PooledConnectionProvider - [id: 0xad770be0, L:/127.0.0.1:49869 - R:localhost/127.0.0.1:8082] Channel acquired, now 2 active connections and 0 inactive connections
20:29:18.226 [reactor-http-nio-11] DEBUG reactor.netty.http.client.HttpClientConnect - [id: 0xad770be0, L:/127.0.0.1:49869 - R:localhost/127.0.0.1:8082] Handler is being applied: {uri=http://localhost:8082/getAttractionRewardPoints?attractionId=45a76d76-d290-44b1-89a1-2894afc34f09&userId=1f958bd7-f7e7-4ce0-8ef3-1faefb01a470, method=GET}
20:29:18.227 [reactor-http-nio-11] DEBUG reactor.netty.resources.PooledConnectionProvider - [id: 0xad770be0, L:/127.0.0.1:49869 - R:localhost/127.0.0.1:8082] onStateChange(GET{uri=/getAttractionRewardPoints?attractionId=45a76d76-d290-44b1-89a1-2894afc34f09&userId=1f958bd7-f7e7-4ce0-8ef3-1faefb01a470, connection=PooledConnection{channel=[id: 0xad770be0, L:/127.0.0.1:49869 - R:localhost/127.0.0.1:8082]}}, [request_sent])
20:29:18.255 [reactor-http-nio-11] DEBUG reactor.netty.http.client.HttpClientOperations - [id: 0x6e7a501f, L:/127.0.0.1:49867 - R:localhost/127.0.0.1:8082] Received response (auto-read:false) : [Content-Type=application/json, Transfer-Encoding=chunked, Date=Tue, 29 Jun 2021 14:59:17 GMT]
20:29:18.255 [reactor-http-nio-11] DEBUG reactor.netty.resources.PooledConnectionProvider - [id: 0x6e7a501f, L:/127.0.0.1:49867 - R:localhost/127.0.0.1:8082] onStateChange(GET{uri=/getAttractionRewardPoints?attractionId=4abccd1a-5f1f-423a-9cbb-b811728e3470&userId=1f958bd7-f7e7-4ce0-8ef3-1faefb01a470, connection=PooledConnection{channel=[id: 0x6e7a501f, L:/127.0.0.1:49867 - R:localhost/127.0.0.1:8082]}}, [response_received])
20:29:18.256 [reactor-http-nio-11] DEBUG org.springframework.web.reactive.function.client.ExchangeFunctions - [65c1e52e] Response 200 OK
20:29:18.256 [reactor-http-nio-11] DEBUG reactor.netty.channel.FluxReceive - [id: 0x6e7a501f, L:/127.0.0.1:49867 - R:localhost/127.0.0.1:8082] Subscribing inbound receiver [pending: 0, cancelled:false, inboundDone: false]
20:29:18.257 [reactor-http-nio-11] DEBUG reactor.netty.http.client.HttpClientOperations - [id: 0x6e7a501f, L:/127.0.0.1:49867 - R:localhost/127.0.0.1:8082] Received last HTTP packet
20:29:18.257 [reactor-http-nio-11] DEBUG org.springframework.core.codec.StringDecoder - [65c1e52e] Decoded "490"
20:29:18.257 [reactor-http-nio-11] DEBUG reactor.netty.resources.PooledConnectionProvider - [id: 0x6e7a501f, L:/127.0.0.1:49867 - R:localhost/127.0.0.1:8082] onStateChange(GET{uri=/getAttractionRewardPoints?attractionId=4abccd1a-5f1f-423a-9cbb-b811728e3470&userId=1f958bd7-f7e7-4ce0-8ef3-1faefb01a470, connection=PooledConnection{channel=[id: 0x6e7a501f, L:/127.0.0.1:49867 - R:localhost/127.0.0.1:8082]}}, [disconnecting])
20:29:18.257 [reactor-http-nio-11] DEBUG reactor.netty.resources.PooledConnectionProvider - [id: 0x6e7a501f, L:/127.0.0.1:49867 - R:localhost/127.0.0.1:8082] Releasing channel
20:29:18.257 [reactor-http-nio-11] DEBUG reactor.netty.resources.PooledConnectionProvider - [id: 0x6e7a501f, L:/127.0.0.1:49867 - R:localhost/127.0.0.1:8082] Channel cleaned, now 1 active connections and 1 inactive connections
20:29:18.258 [Test worker] DEBUG org.springframework.web.reactive.function.client.ExchangeFunctions - [53b7ff45] HTTP GET http://localhost:8082/getAttractionRewardPoints?attractionId=355df6e3-a3c1-4fd2-8a84-d9689d323d4c&userId=1f958bd7-f7e7-4ce0-8ef3-1faefb01a470
20:29:18.259 [reactor-http-nio-11] DEBUG reactor.netty.resources.PooledConnectionProvider - [id: 0x6e7a501f, L:/127.0.0.1:49867 - R:localhost/127.0.0.1:8082] Channel acquired, now 2 active connections and 0 inactive connections
20:29:18.259 [reactor-http-nio-11] DEBUG reactor.netty.http.client.HttpClientConnect - [id: 0x6e7a501f, L:/127.0.0.1:49867 - R:localhost/127.0.0.1:8082] Handler is being applied: {uri=http://localhost:8082/getAttractionRewardPoints?attractionId=355df6e3-a3c1-4fd2-8a84-d9689d323d4c&userId=1f958bd7-f7e7-4ce0-8ef3-1faefb01a470, method=GET}
20:29:18.260 [reactor-http-nio-11] DEBUG reactor.netty.resources.PooledConnectionProvider - [id: 0x6e7a501f, L:/127.0.0.1:49867 - R:localhost/127.0.0.1:8082] onStateChange(GET{uri=/getAttractionRewardPoints?attractionId=355df6e3-a3c1-4fd2-8a84-d9689d323d4c&userId=1f958bd7-f7e7-4ce0-8ef3-1faefb01a470, connection=PooledConnection{channel=[id: 0x6e7a501f, L:/127.0.0.1:49867 - R:localhost/127.0.0.1:8082]}}, [request_sent])
20:29:18.568 [reactor-http-nio-11] DEBUG reactor.netty.http.client.HttpClientOperations - [id: 0xad770be0, L:/127.0.0.1:49869 - R:localhost/127.0.0.1:8082] Received response (auto-read:false) : [Content-Type=application/json, Transfer-Encoding=chunked, Date=Tue, 29 Jun 2021 14:59:17 GMT]
20:29:18.568 [reactor-http-nio-11] DEBUG reactor.netty.resources.PooledConnectionProvider - [id: 0xad770be0, L:/127.0.0.1:49869 - R:localhost/127.0.0.1:8082] onStateChange(GET{uri=/getAttractionRewardPoints?attractionId=45a76d76-d290-44b1-89a1-2894afc34f09&userId=1f958bd7-f7e7-4ce0-8ef3-1faefb01a470, connection=PooledConnection{channel=[id: 0xad770be0, L:/127.0.0.1:49869 - R:localhost/127.0.0.1:8082]}}, [response_received])
20:29:18.569 [reactor-http-nio-11] DEBUG org.springframework.web.reactive.function.client.ExchangeFunctions - [50a3e721] Response 200 OK
20:29:18.569 [reactor-http-nio-11] DEBUG reactor.netty.channel.FluxReceive - [id: 0xad770be0, L:/127.0.0.1:49869 - R:localhost/127.0.0.1:8082] Subscribing inbound receiver [pending: 0, cancelled:false, inboundDone: false]
20:29:18.570 [reactor-http-nio-11] DEBUG reactor.netty.http.client.HttpClientOperations - [id: 0xad770be0, L:/127.0.0.1:49869 - R:localhost/127.0.0.1:8082] Received last HTTP packet
20:29:18.570 [reactor-http-nio-11] DEBUG org.springframework.core.codec.StringDecoder - [50a3e721] Decoded "851"
20:29:18.570 [reactor-http-nio-11] DEBUG reactor.netty.resources.PooledConnectionProvider - [id: 0xad770be0, L:/127.0.0.1:49869 - R:localhost/127.0.0.1:8082] onStateChange(GET{uri=/getAttractionRewardPoints?attractionId=45a76d76-d290-44b1-89a1-2894afc34f09&userId=1f958bd7-f7e7-4ce0-8ef3-1faefb01a470, connection=PooledConnection{channel=[id: 0xad770be0, L:/127.0.0.1:49869 - R:localhost/127.0.0.1:8082]}}, [disconnecting])
20:29:18.570 [reactor-http-nio-11] DEBUG reactor.netty.resources.PooledConnectionProvider - [id: 0xad770be0, L:/127.0.0.1:49869 - R:localhost/127.0.0.1:8082] Releasing channel
20:29:18.570 [reactor-http-nio-11] DEBUG reactor.netty.resources.PooledConnectionProvider - [id: 0xad770be0, L:/127.0.0.1:49869 - R:localhost/127.0.0.1:8082] Channel cleaned, now 1 active connections and 1 inactive connections
20:29:18.571 [pool-10-thread-1] DEBUG org.springframework.web.reactive.function.client.ExchangeFunctions - [59d9f4e8] HTTP GET http://localhost:8082/getAttractionRewardPoints?attractionId=95b6a376-b998-48c6-833f-81167af6c66d&userId=1f958bd7-f7e7-4ce0-8ef3-1faefb01a470
20:29:18.572 [reactor-http-nio-11] DEBUG reactor.netty.resources.PooledConnectionProvider - [id: 0xad770be0, L:/127.0.0.1:49869 - R:localhost/127.0.0.1:8082] Channel acquired, now 2 active connections and 0 inactive connections
20:29:18.572 [reactor-http-nio-11] DEBUG reactor.netty.http.client.HttpClientConnect - [id: 0xad770be0, L:/127.0.0.1:49869 - R:localhost/127.0.0.1:8082] Handler is being applied: {uri=http://localhost:8082/getAttractionRewardPoints?attractionId=95b6a376-b998-48c6-833f-81167af6c66d&userId=1f958bd7-f7e7-4ce0-8ef3-1faefb01a470, method=GET}
20:29:18.573 [reactor-http-nio-11] DEBUG reactor.netty.resources.PooledConnectionProvider - [id: 0xad770be0, L:/127.0.0.1:49869 - R:localhost/127.0.0.1:8082] onStateChange(GET{uri=/getAttractionRewardPoints?attractionId=95b6a376-b998-48c6-833f-81167af6c66d&userId=1f958bd7-f7e7-4ce0-8ef3-1faefb01a470, connection=PooledConnection{channel=[id: 0xad770be0, L:/127.0.0.1:49869 - R:localhost/127.0.0.1:8082]}}, [request_sent])
20:29:18.860 [reactor-http-nio-11] DEBUG reactor.netty.http.client.HttpClientOperations - [id: 0xad770be0, L:/127.0.0.1:49869 - R:localhost/127.0.0.1:8082] Received response (auto-read:false) : [Content-Type=application/json, Transfer-Encoding=chunked, Date=Tue, 29 Jun 2021 14:59:18 GMT]
20:29:18.860 [reactor-http-nio-11] DEBUG reactor.netty.resources.PooledConnectionProvider - [id: 0xad770be0, L:/127.0.0.1:49869 - R:localhost/127.0.0.1:8082] onStateChange(GET{uri=/getAttractionRewardPoints?attractionId=95b6a376-b998-48c6-833f-81167af6c66d&userId=1f958bd7-f7e7-4ce0-8ef3-1faefb01a470, connection=PooledConnection{channel=[id: 0xad770be0, L:/127.0.0.1:49869 - R:localhost/127.0.0.1:8082]}}, [response_received])
20:29:18.860 [reactor-http-nio-11] DEBUG org.springframework.web.reactive.function.client.ExchangeFunctions - [59d9f4e8] Response 200 OK
20:29:18.861 [reactor-http-nio-11] DEBUG reactor.netty.channel.FluxReceive - [id: 0xad770be0, L:/127.0.0.1:49869 - R:localhost/127.0.0.1:8082] Subscribing inbound receiver [pending: 0, cancelled:false, inboundDone: false]
20:29:18.862 [reactor-http-nio-11] DEBUG reactor.netty.http.client.HttpClientOperations - [id: 0xad770be0, L:/127.0.0.1:49869 - R:localhost/127.0.0.1:8082] Received last HTTP packet
20:29:18.862 [reactor-http-nio-11] DEBUG org.springframework.core.codec.StringDecoder - [59d9f4e8] Decoded "597"
20:29:18.862 [reactor-http-nio-11] DEBUG reactor.netty.resources.PooledConnectionProvider - [id: 0xad770be0, L:/127.0.0.1:49869 - R:localhost/127.0.0.1:8082] onStateChange(GET{uri=/getAttractionRewardPoints?attractionId=95b6a376-b998-48c6-833f-81167af6c66d&userId=1f958bd7-f7e7-4ce0-8ef3-1faefb01a470, connection=PooledConnection{channel=[id: 0xad770be0, L:/127.0.0.1:49869 - R:localhost/127.0.0.1:8082]}}, [disconnecting])
20:29:18.862 [reactor-http-nio-11] DEBUG reactor.netty.resources.PooledConnectionProvider - [id: 0xad770be0, L:/127.0.0.1:49869 - R:localhost/127.0.0.1:8082] Releasing channel
20:29:18.862 [reactor-http-nio-11] DEBUG reactor.netty.resources.PooledConnectionProvider - [id: 0xad770be0, L:/127.0.0.1:49869 - R:localhost/127.0.0.1:8082] Channel cleaned, now 1 active connections and 1 inactive connections
20:29:18.863 [pool-10-thread-1] DEBUG org.springframework.web.reactive.function.client.ExchangeFunctions - [62e4cbb9] HTTP GET http://localhost:8082/getAttractionRewardPoints?attractionId=e81ceeef-c562-4964-9920-3ec69f5c776c&userId=1f958bd7-f7e7-4ce0-8ef3-1faefb01a470
20:29:18.864 [reactor-http-nio-11] DEBUG reactor.netty.resources.PooledConnectionProvider - [id: 0xad770be0, L:/127.0.0.1:49869 - R:localhost/127.0.0.1:8082] Channel acquired, now 2 active connections and 0 inactive connections
20:29:18.864 [reactor-http-nio-11] DEBUG reactor.netty.http.client.HttpClientConnect - [id: 0xad770be0, L:/127.0.0.1:49869 - R:localhost/127.0.0.1:8082] Handler is being applied: {uri=http://localhost:8082/getAttractionRewardPoints?attractionId=e81ceeef-c562-4964-9920-3ec69f5c776c&userId=1f958bd7-f7e7-4ce0-8ef3-1faefb01a470, method=GET}
20:29:18.865 [reactor-http-nio-11] DEBUG reactor.netty.resources.PooledConnectionProvider - [id: 0xad770be0, L:/127.0.0.1:49869 - R:localhost/127.0.0.1:8082] onStateChange(GET{uri=/getAttractionRewardPoints?attractionId=e81ceeef-c562-4964-9920-3ec69f5c776c&userId=1f958bd7-f7e7-4ce0-8ef3-1faefb01a470, connection=PooledConnection{channel=[id: 0xad770be0, L:/127.0.0.1:49869 - R:localhost/127.0.0.1:8082]}}, [request_sent])
20:29:18.919 [reactor-http-nio-11] DEBUG reactor.netty.http.client.HttpClientOperations - [id: 0x6e7a501f, L:/127.0.0.1:49867 - R:localhost/127.0.0.1:8082] Received response (auto-read:false) : [Content-Type=application/json, Transfer-Encoding=chunked, Date=Tue, 29 Jun 2021 14:59:18 GMT]
20:29:18.919 [reactor-http-nio-11] DEBUG reactor.netty.resources.PooledConnectionProvider - [id: 0x6e7a501f, L:/127.0.0.1:49867 - R:localhost/127.0.0.1:8082] onStateChange(GET{uri=/getAttractionRewardPoints?attractionId=355df6e3-a3c1-4fd2-8a84-d9689d323d4c&userId=1f958bd7-f7e7-4ce0-8ef3-1faefb01a470, connection=PooledConnection{channel=[id: 0x6e7a501f, L:/127.0.0.1:49867 - R:localhost/127.0.0.1:8082]}}, [response_received])
20:29:18.920 [reactor-http-nio-11] DEBUG org.springframework.web.reactive.function.client.ExchangeFunctions - [53b7ff45] Response 200 OK
20:29:18.920 [reactor-http-nio-11] DEBUG reactor.netty.channel.FluxReceive - [id: 0x6e7a501f, L:/127.0.0.1:49867 - R:localhost/127.0.0.1:8082] Subscribing inbound receiver [pending: 0, cancelled:false, inboundDone: false]
20:29:18.921 [reactor-http-nio-11] DEBUG reactor.netty.http.client.HttpClientOperations - [id: 0x6e7a501f, L:/127.0.0.1:49867 - R:localhost/127.0.0.1:8082] Received last HTTP packet
20:29:18.921 [reactor-http-nio-11] DEBUG org.springframework.core.codec.StringDecoder - [53b7ff45] Decoded "235"
20:29:18.921 [reactor-http-nio-11] DEBUG reactor.netty.resources.PooledConnectionProvider - [id: 0x6e7a501f, L:/127.0.0.1:49867 - R:localhost/127.0.0.1:8082] onStateChange(GET{uri=/getAttractionRewardPoints?attractionId=355df6e3-a3c1-4fd2-8a84-d9689d323d4c&userId=1f958bd7-f7e7-4ce0-8ef3-1faefb01a470, connection=PooledConnection{channel=[id: 0x6e7a501f, L:/127.0.0.1:49867 - R:localhost/127.0.0.1:8082]}}, [disconnecting])
20:29:18.921 [reactor-http-nio-11] DEBUG reactor.netty.resources.PooledConnectionProvider - [id: 0x6e7a501f, L:/127.0.0.1:49867 - R:localhost/127.0.0.1:8082] Releasing channel
20:29:18.922 [reactor-http-nio-11] DEBUG reactor.netty.resources.PooledConnectionProvider - [id: 0x6e7a501f, L:/127.0.0.1:49867 - R:localhost/127.0.0.1:8082] Channel cleaned, now 1 active connections and 1 inactive connections
20:29:18.922 [Test worker] DEBUG org.springframework.web.reactive.function.client.ExchangeFunctions - [dcf62f6] HTTP GET http://localhost:8082/getAttractionRewardPoints?attractionId=11855c85-5131-4325-89b9-fff172bdf266&userId=1f958bd7-f7e7-4ce0-8ef3-1faefb01a470
20:29:18.923 [reactor-http-nio-11] DEBUG reactor.netty.resources.PooledConnectionProvider - [id: 0x6e7a501f, L:/127.0.0.1:49867 - R:localhost/127.0.0.1:8082] Channel acquired, now 2 active connections and 0 inactive connections
20:29:18.923 [reactor-http-nio-11] DEBUG reactor.netty.http.client.HttpClientConnect - [id: 0x6e7a501f, L:/127.0.0.1:49867 - R:localhost/127.0.0.1:8082] Handler is being applied: {uri=http://localhost:8082/getAttractionRewardPoints?attractionId=11855c85-5131-4325-89b9-fff172bdf266&userId=1f958bd7-f7e7-4ce0-8ef3-1faefb01a470, method=GET}
20:29:18.924 [reactor-http-nio-11] DEBUG reactor.netty.resources.PooledConnectionProvider - [id: 0x6e7a501f, L:/127.0.0.1:49867 - R:localhost/127.0.0.1:8082] onStateChange(GET{uri=/getAttractionRewardPoints?attractionId=11855c85-5131-4325-89b9-fff172bdf266&userId=1f958bd7-f7e7-4ce0-8ef3-1faefb01a470, connection=PooledConnection{channel=[id: 0x6e7a501f, L:/127.0.0.1:49867 - R:localhost/127.0.0.1:8082]}}, [request_sent])
20:29:19.710 [reactor-http-nio-11] DEBUG reactor.netty.http.client.HttpClientOperations - [id: 0x6e7a501f, L:/127.0.0.1:49867 - R:localhost/127.0.0.1:8082] Received response (auto-read:false) : [Content-Type=application/json, Transfer-Encoding=chunked, Date=Tue, 29 Jun 2021 14:59:18 GMT]
20:29:19.710 [reactor-http-nio-11] DEBUG reactor.netty.resources.PooledConnectionProvider - [id: 0x6e7a501f, L:/127.0.0.1:49867 - R:localhost/127.0.0.1:8082] onStateChange(GET{uri=/getAttractionRewardPoints?attractionId=11855c85-5131-4325-89b9-fff172bdf266&userId=1f958bd7-f7e7-4ce0-8ef3-1faefb01a470, connection=PooledConnection{channel=[id: 0x6e7a501f, L:/127.0.0.1:49867 - R:localhost/127.0.0.1:8082]}}, [response_received])
20:29:19.710 [reactor-http-nio-11] DEBUG org.springframework.web.reactive.function.client.ExchangeFunctions - [dcf62f6] Response 200 OK
20:29:19.711 [reactor-http-nio-11] DEBUG reactor.netty.channel.FluxReceive - [id: 0x6e7a501f, L:/127.0.0.1:49867 - R:localhost/127.0.0.1:8082] Subscribing inbound receiver [pending: 0, cancelled:false, inboundDone: false]
20:29:19.712 [reactor-http-nio-11] DEBUG reactor.netty.http.client.HttpClientOperations - [id: 0x6e7a501f, L:/127.0.0.1:49867 - R:localhost/127.0.0.1:8082] Received last HTTP packet
20:29:19.712 [reactor-http-nio-11] DEBUG org.springframework.core.codec.StringDecoder - [dcf62f6] Decoded "192"
20:29:19.712 [reactor-http-nio-11] DEBUG reactor.netty.resources.PooledConnectionProvider - [id: 0x6e7a501f, L:/127.0.0.1:49867 - R:localhost/127.0.0.1:8082] onStateChange(GET{uri=/getAttractionRewardPoints?attractionId=11855c85-5131-4325-89b9-fff172bdf266&userId=1f958bd7-f7e7-4ce0-8ef3-1faefb01a470, connection=PooledConnection{channel=[id: 0x6e7a501f, L:/127.0.0.1:49867 - R:localhost/127.0.0.1:8082]}}, [disconnecting])
20:29:19.712 [reactor-http-nio-11] DEBUG reactor.netty.resources.PooledConnectionProvider - [id: 0x6e7a501f, L:/127.0.0.1:49867 - R:localhost/127.0.0.1:8082] Releasing channel
20:29:19.713 [reactor-http-nio-11] DEBUG reactor.netty.resources.PooledConnectionProvider - [id: 0x6e7a501f, L:/127.0.0.1:49867 - R:localhost/127.0.0.1:8082] Channel cleaned, now 1 active connections and 1 inactive connections
20:29:19.714 [Test worker] DEBUG org.springframework.web.reactive.function.client.ExchangeFunctions - [4d3b7605] HTTP GET http://localhost:8082/getAttractionRewardPoints?attractionId=8e1d9891-1247-4178-95ab-70ea1c03d0f0&userId=1f958bd7-f7e7-4ce0-8ef3-1faefb01a470
20:29:19.715 [reactor-http-nio-11] DEBUG reactor.netty.resources.PooledConnectionProvider - [id: 0x6e7a501f, L:/127.0.0.1:49867 - R:localhost/127.0.0.1:8082] Channel acquired, now 2 active connections and 0 inactive connections
20:29:19.715 [reactor-http-nio-11] DEBUG reactor.netty.http.client.HttpClientConnect - [id: 0x6e7a501f, L:/127.0.0.1:49867 - R:localhost/127.0.0.1:8082] Handler is being applied: {uri=http://localhost:8082/getAttractionRewardPoints?attractionId=8e1d9891-1247-4178-95ab-70ea1c03d0f0&userId=1f958bd7-f7e7-4ce0-8ef3-1faefb01a470, method=GET}
20:29:19.716 [reactor-http-nio-11] DEBUG reactor.netty.resources.PooledConnectionProvider - [id: 0x6e7a501f, L:/127.0.0.1:49867 - R:localhost/127.0.0.1:8082] onStateChange(GET{uri=/getAttractionRewardPoints?attractionId=8e1d9891-1247-4178-95ab-70ea1c03d0f0&userId=1f958bd7-f7e7-4ce0-8ef3-1faefb01a470, connection=PooledConnection{channel=[id: 0x6e7a501f, L:/127.0.0.1:49867 - R:localhost/127.0.0.1:8082]}}, [request_sent])
20:29:19.775 [reactor-http-nio-11] DEBUG reactor.netty.http.client.HttpClientOperations - [id: 0xad770be0, L:/127.0.0.1:49869 - R:localhost/127.0.0.1:8082] Received response (auto-read:false) : [Content-Type=application/json, Transfer-Encoding=chunked, Date=Tue, 29 Jun 2021 14:59:18 GMT]
20:29:19.775 [reactor-http-nio-11] DEBUG reactor.netty.resources.PooledConnectionProvider - [id: 0xad770be0, L:/127.0.0.1:49869 - R:localhost/127.0.0.1:8082] onStateChange(GET{uri=/getAttractionRewardPoints?attractionId=e81ceeef-c562-4964-9920-3ec69f5c776c&userId=1f958bd7-f7e7-4ce0-8ef3-1faefb01a470, connection=PooledConnection{channel=[id: 0xad770be0, L:/127.0.0.1:49869 - R:localhost/127.0.0.1:8082]}}, [response_received])
20:29:19.775 [reactor-http-nio-11] DEBUG org.springframework.web.reactive.function.client.ExchangeFunctions - [62e4cbb9] Response 200 OK
20:29:19.776 [reactor-http-nio-11] DEBUG reactor.netty.channel.FluxReceive - [id: 0xad770be0, L:/127.0.0.1:49869 - R:localhost/127.0.0.1:8082] Subscribing inbound receiver [pending: 0, cancelled:false, inboundDone: false]
20:29:19.777 [reactor-http-nio-11] DEBUG reactor.netty.http.client.HttpClientOperations - [id: 0xad770be0, L:/127.0.0.1:49869 - R:localhost/127.0.0.1:8082] Received last HTTP packet
20:29:19.777 [reactor-http-nio-11] DEBUG org.springframework.core.codec.StringDecoder - [62e4cbb9] Decoded "883"
20:29:19.777 [reactor-http-nio-11] DEBUG reactor.netty.resources.PooledConnectionProvider - [id: 0xad770be0, L:/127.0.0.1:49869 - R:localhost/127.0.0.1:8082] onStateChange(GET{uri=/getAttractionRewardPoints?attractionId=e81ceeef-c562-4964-9920-3ec69f5c776c&userId=1f958bd7-f7e7-4ce0-8ef3-1faefb01a470, connection=PooledConnection{channel=[id: 0xad770be0, L:/127.0.0.1:49869 - R:localhost/127.0.0.1:8082]}}, [disconnecting])
20:29:19.777 [reactor-http-nio-11] DEBUG reactor.netty.resources.PooledConnectionProvider - [id: 0xad770be0, L:/127.0.0.1:49869 - R:localhost/127.0.0.1:8082] Releasing channel
20:29:19.777 [reactor-http-nio-11] DEBUG reactor.netty.resources.PooledConnectionProvider - [id: 0xad770be0, L:/127.0.0.1:49869 - R:localhost/127.0.0.1:8082] Channel cleaned, now 1 active connections and 1 inactive connections
20:29:19.778 [pool-10-thread-1] DEBUG org.springframework.web.reactive.function.client.ExchangeFunctions - [71b097d4] HTTP GET http://localhost:8082/getAttractionRewardPoints?attractionId=1d36dbf9-8c05-4b1a-a88d-58631aea46e8&userId=1f958bd7-f7e7-4ce0-8ef3-1faefb01a470
20:29:19.779 [reactor-http-nio-11] DEBUG reactor.netty.resources.PooledConnectionProvider - [id: 0xad770be0, L:/127.0.0.1:49869 - R:localhost/127.0.0.1:8082] Channel acquired, now 2 active connections and 0 inactive connections
20:29:19.779 [reactor-http-nio-11] DEBUG reactor.netty.http.client.HttpClientConnect - [id: 0xad770be0, L:/127.0.0.1:49869 - R:localhost/127.0.0.1:8082] Handler is being applied: {uri=http://localhost:8082/getAttractionRewardPoints?attractionId=1d36dbf9-8c05-4b1a-a88d-58631aea46e8&userId=1f958bd7-f7e7-4ce0-8ef3-1faefb01a470, method=GET}
20:29:19.780 [reactor-http-nio-11] DEBUG reactor.netty.resources.PooledConnectionProvider - [id: 0xad770be0, L:/127.0.0.1:49869 - R:localhost/127.0.0.1:8082] onStateChange(GET{uri=/getAttractionRewardPoints?attractionId=1d36dbf9-8c05-4b1a-a88d-58631aea46e8&userId=1f958bd7-f7e7-4ce0-8ef3-1faefb01a470, connection=PooledConnection{channel=[id: 0xad770be0, L:/127.0.0.1:49869 - R:localhost/127.0.0.1:8082]}}, [request_sent])
20:29:20.552 [reactor-http-nio-11] DEBUG reactor.netty.http.client.HttpClientOperations - [id: 0xad770be0, L:/127.0.0.1:49869 - R:localhost/127.0.0.1:8082] Received response (auto-read:false) : [Content-Type=application/json, Transfer-Encoding=chunked, Date=Tue, 29 Jun 2021 14:59:20 GMT]
20:29:20.553 [reactor-http-nio-11] DEBUG reactor.netty.resources.PooledConnectionProvider - [id: 0xad770be0, L:/127.0.0.1:49869 - R:localhost/127.0.0.1:8082] onStateChange(GET{uri=/getAttractionRewardPoints?attractionId=1d36dbf9-8c05-4b1a-a88d-58631aea46e8&userId=1f958bd7-f7e7-4ce0-8ef3-1faefb01a470, connection=PooledConnection{channel=[id: 0xad770be0, L:/127.0.0.1:49869 - R:localhost/127.0.0.1:8082]}}, [response_received])
20:29:20.553 [reactor-http-nio-11] DEBUG org.springframework.web.reactive.function.client.ExchangeFunctions - [71b097d4] Response 200 OK
20:29:20.553 [reactor-http-nio-11] DEBUG reactor.netty.channel.FluxReceive - [id: 0xad770be0, L:/127.0.0.1:49869 - R:localhost/127.0.0.1:8082] Subscribing inbound receiver [pending: 0, cancelled:false, inboundDone: false]
20:29:20.553 [reactor-http-nio-11] DEBUG reactor.netty.http.client.HttpClientOperations - [id: 0xad770be0, L:/127.0.0.1:49869 - R:localhost/127.0.0.1:8082] Received last HTTP packet
20:29:20.553 [reactor-http-nio-11] DEBUG org.springframework.core.codec.StringDecoder - [71b097d4] Decoded "887"
20:29:20.553 [reactor-http-nio-11] DEBUG reactor.netty.resources.PooledConnectionProvider - [id: 0xad770be0, L:/127.0.0.1:49869 - R:localhost/127.0.0.1:8082] onStateChange(GET{uri=/getAttractionRewardPoints?attractionId=1d36dbf9-8c05-4b1a-a88d-58631aea46e8&userId=1f958bd7-f7e7-4ce0-8ef3-1faefb01a470, connection=PooledConnection{channel=[id: 0xad770be0, L:/127.0.0.1:49869 - R:localhost/127.0.0.1:8082]}}, [disconnecting])
20:29:20.553 [reactor-http-nio-11] DEBUG reactor.netty.resources.PooledConnectionProvider - [id: 0xad770be0, L:/127.0.0.1:49869 - R:localhost/127.0.0.1:8082] Releasing channel
20:29:20.553 [reactor-http-nio-11] DEBUG reactor.netty.resources.PooledConnectionProvider - [id: 0xad770be0, L:/127.0.0.1:49869 - R:localhost/127.0.0.1:8082] Channel cleaned, now 1 active connections and 1 inactive connections
20:29:20.554 [pool-10-thread-1] DEBUG org.springframework.web.reactive.function.client.ExchangeFunctions - [3ee5fc2c] HTTP GET http://localhost:8082/getAttractionRewardPoints?attractionId=6c85ae6b-00d3-492b-9247-f66b98c1f6ff&userId=1f958bd7-f7e7-4ce0-8ef3-1faefb01a470
20:29:20.554 [reactor-http-nio-11] DEBUG reactor.netty.resources.PooledConnectionProvider - [id: 0xad770be0, L:/127.0.0.1:49869 - R:localhost/127.0.0.1:8082] Channel acquired, now 2 active connections and 0 inactive connections
20:29:20.554 [reactor-http-nio-11] DEBUG reactor.netty.http.client.HttpClientConnect - [id: 0xad770be0, L:/127.0.0.1:49869 - R:localhost/127.0.0.1:8082] Handler is being applied: {uri=http://localhost:8082/getAttractionRewardPoints?attractionId=6c85ae6b-00d3-492b-9247-f66b98c1f6ff&userId=1f958bd7-f7e7-4ce0-8ef3-1faefb01a470, method=GET}
20:29:20.555 [reactor-http-nio-11] DEBUG reactor.netty.resources.PooledConnectionProvider - [id: 0xad770be0, L:/127.0.0.1:49869 - R:localhost/127.0.0.1:8082] onStateChange(GET{uri=/getAttractionRewardPoints?attractionId=6c85ae6b-00d3-492b-9247-f66b98c1f6ff&userId=1f958bd7-f7e7-4ce0-8ef3-1faefb01a470, connection=PooledConnection{channel=[id: 0xad770be0, L:/127.0.0.1:49869 - R:localhost/127.0.0.1:8082]}}, [request_sent])
20:29:20.558 [reactor-http-nio-11] DEBUG reactor.netty.http.client.HttpClientOperations - [id: 0x6e7a501f, L:/127.0.0.1:49867 - R:localhost/127.0.0.1:8082] Received response (auto-read:false) : [Content-Type=application/json, Transfer-Encoding=chunked, Date=Tue, 29 Jun 2021 14:59:20 GMT]
20:29:20.558 [reactor-http-nio-11] DEBUG reactor.netty.resources.PooledConnectionProvider - [id: 0x6e7a501f, L:/127.0.0.1:49867 - R:localhost/127.0.0.1:8082] onStateChange(GET{uri=/getAttractionRewardPoints?attractionId=8e1d9891-1247-4178-95ab-70ea1c03d0f0&userId=1f958bd7-f7e7-4ce0-8ef3-1faefb01a470, connection=PooledConnection{channel=[id: 0x6e7a501f, L:/127.0.0.1:49867 - R:localhost/127.0.0.1:8082]}}, [response_received])
20:29:20.558 [reactor-http-nio-11] DEBUG org.springframework.web.reactive.function.client.ExchangeFunctions - [4d3b7605] Response 200 OK
20:29:20.559 [reactor-http-nio-11] DEBUG reactor.netty.channel.FluxReceive - [id: 0x6e7a501f, L:/127.0.0.1:49867 - R:localhost/127.0.0.1:8082] Subscribing inbound receiver [pending: 0, cancelled:false, inboundDone: false]
20:29:20.559 [reactor-http-nio-11] DEBUG reactor.netty.http.client.HttpClientOperations - [id: 0x6e7a501f, L:/127.0.0.1:49867 - R:localhost/127.0.0.1:8082] Received last HTTP packet
20:29:20.559 [reactor-http-nio-11] DEBUG org.springframework.core.codec.StringDecoder - [4d3b7605] Decoded "979"
20:29:20.559 [reactor-http-nio-11] DEBUG reactor.netty.resources.PooledConnectionProvider - [id: 0x6e7a501f, L:/127.0.0.1:49867 - R:localhost/127.0.0.1:8082] onStateChange(GET{uri=/getAttractionRewardPoints?attractionId=8e1d9891-1247-4178-95ab-70ea1c03d0f0&userId=1f958bd7-f7e7-4ce0-8ef3-1faefb01a470, connection=PooledConnection{channel=[id: 0x6e7a501f, L:/127.0.0.1:49867 - R:localhost/127.0.0.1:8082]}}, [disconnecting])
20:29:20.559 [reactor-http-nio-11] DEBUG reactor.netty.resources.PooledConnectionProvider - [id: 0x6e7a501f, L:/127.0.0.1:49867 - R:localhost/127.0.0.1:8082] Releasing channel
20:29:20.559 [reactor-http-nio-11] DEBUG reactor.netty.resources.PooledConnectionProvider - [id: 0x6e7a501f, L:/127.0.0.1:49867 - R:localhost/127.0.0.1:8082] Channel cleaned, now 1 active connections and 1 inactive connections
20:29:20.559 [Test worker] DEBUG org.springframework.web.reactive.function.client.ExchangeFunctions - [27391219] HTTP GET http://localhost:8082/getAttractionRewardPoints?attractionId=30bbe604-d038-4b10-b05a-74ba4bb41d86&userId=1f958bd7-f7e7-4ce0-8ef3-1faefb01a470
20:29:20.560 [reactor-http-nio-11] DEBUG reactor.netty.resources.PooledConnectionProvider - [id: 0x6e7a501f, L:/127.0.0.1:49867 - R:localhost/127.0.0.1:8082] Channel acquired, now 2 active connections and 0 inactive connections
20:29:20.560 [reactor-http-nio-11] DEBUG reactor.netty.http.client.HttpClientConnect - [id: 0x6e7a501f, L:/127.0.0.1:49867 - R:localhost/127.0.0.1:8082] Handler is being applied: {uri=http://localhost:8082/getAttractionRewardPoints?attractionId=30bbe604-d038-4b10-b05a-74ba4bb41d86&userId=1f958bd7-f7e7-4ce0-8ef3-1faefb01a470, method=GET}
20:29:20.560 [reactor-http-nio-11] DEBUG reactor.netty.resources.PooledConnectionProvider - [id: 0x6e7a501f, L:/127.0.0.1:49867 - R:localhost/127.0.0.1:8082] onStateChange(GET{uri=/getAttractionRewardPoints?attractionId=30bbe604-d038-4b10-b05a-74ba4bb41d86&userId=1f958bd7-f7e7-4ce0-8ef3-1faefb01a470, connection=PooledConnection{channel=[id: 0x6e7a501f, L:/127.0.0.1:49867 - R:localhost/127.0.0.1:8082]}}, [request_sent])
20:29:20.731 [reactor-http-nio-11] DEBUG reactor.netty.http.client.HttpClientOperations - [id: 0xad770be0, L:/127.0.0.1:49869 - R:localhost/127.0.0.1:8082] Received response (auto-read:false) : [Content-Type=application/json, Transfer-Encoding=chunked, Date=Tue, 29 Jun 2021 14:59:20 GMT]
20:29:20.732 [reactor-http-nio-11] DEBUG reactor.netty.resources.PooledConnectionProvider - [id: 0xad770be0, L:/127.0.0.1:49869 - R:localhost/127.0.0.1:8082] onStateChange(GET{uri=/getAttractionRewardPoints?attractionId=6c85ae6b-00d3-492b-9247-f66b98c1f6ff&userId=1f958bd7-f7e7-4ce0-8ef3-1faefb01a470, connection=PooledConnection{channel=[id: 0xad770be0, L:/127.0.0.1:49869 - R:localhost/127.0.0.1:8082]}}, [response_received])
20:29:20.732 [reactor-http-nio-11] DEBUG org.springframework.web.reactive.function.client.ExchangeFunctions - [3ee5fc2c] Response 200 OK
20:29:20.732 [reactor-http-nio-11] DEBUG reactor.netty.channel.FluxReceive - [id: 0xad770be0, L:/127.0.0.1:49869 - R:localhost/127.0.0.1:8082] Subscribing inbound receiver [pending: 0, cancelled:false, inboundDone: false]
20:29:20.733 [reactor-http-nio-11] DEBUG reactor.netty.http.client.HttpClientOperations - [id: 0xad770be0, L:/127.0.0.1:49869 - R:localhost/127.0.0.1:8082] Received last HTTP packet
20:29:20.733 [reactor-http-nio-11] DEBUG org.springframework.core.codec.StringDecoder - [3ee5fc2c] Decoded "569"
20:29:20.733 [reactor-http-nio-11] DEBUG reactor.netty.resources.PooledConnectionProvider - [id: 0xad770be0, L:/127.0.0.1:49869 - R:localhost/127.0.0.1:8082] onStateChange(GET{uri=/getAttractionRewardPoints?attractionId=6c85ae6b-00d3-492b-9247-f66b98c1f6ff&userId=1f958bd7-f7e7-4ce0-8ef3-1faefb01a470, connection=PooledConnection{channel=[id: 0xad770be0, L:/127.0.0.1:49869 - R:localhost/127.0.0.1:8082]}}, [disconnecting])
20:29:20.733 [reactor-http-nio-11] DEBUG reactor.netty.resources.PooledConnectionProvider - [id: 0xad770be0, L:/127.0.0.1:49869 - R:localhost/127.0.0.1:8082] Releasing channel
20:29:20.733 [reactor-http-nio-11] DEBUG reactor.netty.resources.PooledConnectionProvider - [id: 0xad770be0, L:/127.0.0.1:49869 - R:localhost/127.0.0.1:8082] Channel cleaned, now 1 active connections and 1 inactive connections
20:29:20.734 [pool-10-thread-1] DEBUG org.springframework.web.reactive.function.client.ExchangeFunctions - [280d31ac] HTTP GET http://localhost:8082/getAttractionRewardPoints?attractionId=c231cda0-3fe6-4792-8c3a-e8193d7e03ab&userId=1f958bd7-f7e7-4ce0-8ef3-1faefb01a470
20:29:20.735 [reactor-http-nio-11] DEBUG reactor.netty.resources.PooledConnectionProvider - [id: 0xad770be0, L:/127.0.0.1:49869 - R:localhost/127.0.0.1:8082] Channel acquired, now 2 active connections and 0 inactive connections
20:29:20.735 [reactor-http-nio-11] DEBUG reactor.netty.http.client.HttpClientConnect - [id: 0xad770be0, L:/127.0.0.1:49869 - R:localhost/127.0.0.1:8082] Handler is being applied: {uri=http://localhost:8082/getAttractionRewardPoints?attractionId=c231cda0-3fe6-4792-8c3a-e8193d7e03ab&userId=1f958bd7-f7e7-4ce0-8ef3-1faefb01a470, method=GET}
20:29:20.736 [reactor-http-nio-11] DEBUG reactor.netty.resources.PooledConnectionProvider - [id: 0xad770be0, L:/127.0.0.1:49869 - R:localhost/127.0.0.1:8082] onStateChange(GET{uri=/getAttractionRewardPoints?attractionId=c231cda0-3fe6-4792-8c3a-e8193d7e03ab&userId=1f958bd7-f7e7-4ce0-8ef3-1faefb01a470, connection=PooledConnection{channel=[id: 0xad770be0, L:/127.0.0.1:49869 - R:localhost/127.0.0.1:8082]}}, [request_sent])
20:29:21.115 [reactor-http-nio-11] DEBUG reactor.netty.http.client.HttpClientOperations - [id: 0xad770be0, L:/127.0.0.1:49869 - R:localhost/127.0.0.1:8082] Received response (auto-read:false) : [Content-Type=application/json, Transfer-Encoding=chunked, Date=Tue, 29 Jun 2021 14:59:20 GMT]
20:29:21.115 [reactor-http-nio-11] DEBUG reactor.netty.resources.PooledConnectionProvider - [id: 0xad770be0, L:/127.0.0.1:49869 - R:localhost/127.0.0.1:8082] onStateChange(GET{uri=/getAttractionRewardPoints?attractionId=c231cda0-3fe6-4792-8c3a-e8193d7e03ab&userId=1f958bd7-f7e7-4ce0-8ef3-1faefb01a470, connection=PooledConnection{channel=[id: 0xad770be0, L:/127.0.0.1:49869 - R:localhost/127.0.0.1:8082]}}, [response_received])
20:29:21.115 [reactor-http-nio-11] DEBUG org.springframework.web.reactive.function.client.ExchangeFunctions - [280d31ac] Response 200 OK
20:29:21.116 [reactor-http-nio-11] DEBUG reactor.netty.channel.FluxReceive - [id: 0xad770be0, L:/127.0.0.1:49869 - R:localhost/127.0.0.1:8082] Subscribing inbound receiver [pending: 0, cancelled:false, inboundDone: false]
20:29:21.116 [reactor-http-nio-11] DEBUG reactor.netty.http.client.HttpClientOperations - [id: 0xad770be0, L:/127.0.0.1:49869 - R:localhost/127.0.0.1:8082] Received last HTTP packet
20:29:21.116 [reactor-http-nio-11] DEBUG org.springframework.core.codec.StringDecoder - [280d31ac] Decoded "209"
20:29:21.116 [reactor-http-nio-11] DEBUG reactor.netty.resources.PooledConnectionProvider - [id: 0xad770be0, L:/127.0.0.1:49869 - R:localhost/127.0.0.1:8082] onStateChange(GET{uri=/getAttractionRewardPoints?attractionId=c231cda0-3fe6-4792-8c3a-e8193d7e03ab&userId=1f958bd7-f7e7-4ce0-8ef3-1faefb01a470, connection=PooledConnection{channel=[id: 0xad770be0, L:/127.0.0.1:49869 - R:localhost/127.0.0.1:8082]}}, [disconnecting])
20:29:21.116 [reactor-http-nio-11] DEBUG reactor.netty.resources.PooledConnectionProvider - [id: 0xad770be0, L:/127.0.0.1:49869 - R:localhost/127.0.0.1:8082] Releasing channel
20:29:21.116 [reactor-http-nio-11] DEBUG reactor.netty.resources.PooledConnectionProvider - [id: 0xad770be0, L:/127.0.0.1:49869 - R:localhost/127.0.0.1:8082] Channel cleaned, now 1 active connections and 1 inactive connections
20:29:21.117 [pool-10-thread-1] DEBUG org.springframework.web.reactive.function.client.ExchangeFunctions - [6c709e17] HTTP GET http://localhost:8082/getAttractionRewardPoints?attractionId=4f40ace9-0657-447d-acdd-48a930950506&userId=1f958bd7-f7e7-4ce0-8ef3-1faefb01a470
20:29:21.117 [reactor-http-nio-11] DEBUG reactor.netty.resources.PooledConnectionProvider - [id: 0xad770be0, L:/127.0.0.1:49869 - R:localhost/127.0.0.1:8082] Channel acquired, now 2 active connections and 0 inactive connections
20:29:21.117 [reactor-http-nio-11] DEBUG reactor.netty.http.client.HttpClientConnect - [id: 0xad770be0, L:/127.0.0.1:49869 - R:localhost/127.0.0.1:8082] Handler is being applied: {uri=http://localhost:8082/getAttractionRewardPoints?attractionId=4f40ace9-0657-447d-acdd-48a930950506&userId=1f958bd7-f7e7-4ce0-8ef3-1faefb01a470, method=GET}
20:29:21.118 [reactor-http-nio-11] DEBUG reactor.netty.resources.PooledConnectionProvider - [id: 0xad770be0, L:/127.0.0.1:49869 - R:localhost/127.0.0.1:8082] onStateChange(GET{uri=/getAttractionRewardPoints?attractionId=4f40ace9-0657-447d-acdd-48a930950506&userId=1f958bd7-f7e7-4ce0-8ef3-1faefb01a470, connection=PooledConnection{channel=[id: 0xad770be0, L:/127.0.0.1:49869 - R:localhost/127.0.0.1:8082]}}, [request_sent])
20:29:21.307 [reactor-http-nio-11] DEBUG reactor.netty.http.client.HttpClientOperations - [id: 0x6e7a501f, L:/127.0.0.1:49867 - R:localhost/127.0.0.1:8082] Received response (auto-read:false) : [Content-Type=application/json, Transfer-Encoding=chunked, Date=Tue, 29 Jun 2021 14:59:20 GMT]
20:29:21.307 [reactor-http-nio-11] DEBUG reactor.netty.resources.PooledConnectionProvider - [id: 0x6e7a501f, L:/127.0.0.1:49867 - R:localhost/127.0.0.1:8082] onStateChange(GET{uri=/getAttractionRewardPoints?attractionId=30bbe604-d038-4b10-b05a-74ba4bb41d86&userId=1f958bd7-f7e7-4ce0-8ef3-1faefb01a470, connection=PooledConnection{channel=[id: 0x6e7a501f, L:/127.0.0.1:49867 - R:localhost/127.0.0.1:8082]}}, [response_received])
20:29:21.307 [reactor-http-nio-11] DEBUG org.springframework.web.reactive.function.client.ExchangeFunctions - [27391219] Response 200 OK
20:29:21.308 [reactor-http-nio-11] DEBUG reactor.netty.channel.FluxReceive - [id: 0x6e7a501f, L:/127.0.0.1:49867 - R:localhost/127.0.0.1:8082] Subscribing inbound receiver [pending: 0, cancelled:false, inboundDone: false]
20:29:21.309 [reactor-http-nio-11] DEBUG reactor.netty.http.client.HttpClientOperations - [id: 0x6e7a501f, L:/127.0.0.1:49867 - R:localhost/127.0.0.1:8082] Received last HTTP packet
20:29:21.309 [reactor-http-nio-11] DEBUG org.springframework.core.codec.StringDecoder - [27391219] Decoded "169"
20:29:21.309 [reactor-http-nio-11] DEBUG reactor.netty.resources.PooledConnectionProvider - [id: 0x6e7a501f, L:/127.0.0.1:49867 - R:localhost/127.0.0.1:8082] onStateChange(GET{uri=/getAttractionRewardPoints?attractionId=30bbe604-d038-4b10-b05a-74ba4bb41d86&userId=1f958bd7-f7e7-4ce0-8ef3-1faefb01a470, connection=PooledConnection{channel=[id: 0x6e7a501f, L:/127.0.0.1:49867 - R:localhost/127.0.0.1:8082]}}, [disconnecting])
20:29:21.309 [reactor-http-nio-11] DEBUG reactor.netty.resources.PooledConnectionProvider - [id: 0x6e7a501f, L:/127.0.0.1:49867 - R:localhost/127.0.0.1:8082] Releasing channel
20:29:21.309 [reactor-http-nio-11] DEBUG reactor.netty.resources.PooledConnectionProvider - [id: 0x6e7a501f, L:/127.0.0.1:49867 - R:localhost/127.0.0.1:8082] Channel cleaned, now 1 active connections and 1 inactive connections
20:29:21.311 [Test worker] DEBUG org.springframework.web.reactive.function.client.ExchangeFunctions - [4b188c6c] HTTP GET http://localhost:8082/getAttractionRewardPoints?attractionId=7247bb83-a41c-465c-acd2-4e3358479e90&userId=1f958bd7-f7e7-4ce0-8ef3-1faefb01a470
20:29:21.311 [reactor-http-nio-11] DEBUG reactor.netty.resources.PooledConnectionProvider - [id: 0x6e7a501f, L:/127.0.0.1:49867 - R:localhost/127.0.0.1:8082] Channel acquired, now 2 active connections and 0 inactive connections
20:29:21.311 [reactor-http-nio-11] DEBUG reactor.netty.http.client.HttpClientConnect - [id: 0x6e7a501f, L:/127.0.0.1:49867 - R:localhost/127.0.0.1:8082] Handler is being applied: {uri=http://localhost:8082/getAttractionRewardPoints?attractionId=7247bb83-a41c-465c-acd2-4e3358479e90&userId=1f958bd7-f7e7-4ce0-8ef3-1faefb01a470, method=GET}
20:29:21.312 [reactor-http-nio-11] DEBUG reactor.netty.resources.PooledConnectionProvider - [id: 0x6e7a501f, L:/127.0.0.1:49867 - R:localhost/127.0.0.1:8082] onStateChange(GET{uri=/getAttractionRewardPoints?attractionId=7247bb83-a41c-465c-acd2-4e3358479e90&userId=1f958bd7-f7e7-4ce0-8ef3-1faefb01a470, connection=PooledConnection{channel=[id: 0x6e7a501f, L:/127.0.0.1:49867 - R:localhost/127.0.0.1:8082]}}, [request_sent])
20:29:21.624 [reactor-http-nio-11] DEBUG reactor.netty.http.client.HttpClientOperations - [id: 0x6e7a501f, L:/127.0.0.1:49867 - R:localhost/127.0.0.1:8082] Received response (auto-read:false) : [Content-Type=application/json, Transfer-Encoding=chunked, Date=Tue, 29 Jun 2021 14:59:21 GMT]
20:29:21.624 [reactor-http-nio-11] DEBUG reactor.netty.resources.PooledConnectionProvider - [id: 0x6e7a501f, L:/127.0.0.1:49867 - R:localhost/127.0.0.1:8082] onStateChange(GET{uri=/getAttractionRewardPoints?attractionId=7247bb83-a41c-465c-acd2-4e3358479e90&userId=1f958bd7-f7e7-4ce0-8ef3-1faefb01a470, connection=PooledConnection{channel=[id: 0x6e7a501f, L:/127.0.0.1:49867 - R:localhost/127.0.0.1:8082]}}, [response_received])
20:29:21.624 [reactor-http-nio-11] DEBUG org.springframework.web.reactive.function.client.ExchangeFunctions - [4b188c6c] Response 200 OK
20:29:21.625 [reactor-http-nio-11] DEBUG reactor.netty.channel.FluxReceive - [id: 0x6e7a501f, L:/127.0.0.1:49867 - R:localhost/127.0.0.1:8082] Subscribing inbound receiver [pending: 0, cancelled:false, inboundDone: false]
20:29:21.626 [reactor-http-nio-11] DEBUG reactor.netty.http.client.HttpClientOperations - [id: 0x6e7a501f, L:/127.0.0.1:49867 - R:localhost/127.0.0.1:8082] Received last HTTP packet
20:29:21.626 [reactor-http-nio-11] DEBUG org.springframework.core.codec.StringDecoder - [4b188c6c] Decoded "107"
20:29:21.626 [reactor-http-nio-11] DEBUG reactor.netty.resources.PooledConnectionProvider - [id: 0x6e7a501f, L:/127.0.0.1:49867 - R:localhost/127.0.0.1:8082] onStateChange(GET{uri=/getAttractionRewardPoints?attractionId=7247bb83-a41c-465c-acd2-4e3358479e90&userId=1f958bd7-f7e7-4ce0-8ef3-1faefb01a470, connection=PooledConnection{channel=[id: 0x6e7a501f, L:/127.0.0.1:49867 - R:localhost/127.0.0.1:8082]}}, [disconnecting])
20:29:21.627 [reactor-http-nio-11] DEBUG reactor.netty.resources.PooledConnectionProvider - [id: 0x6e7a501f, L:/127.0.0.1:49867 - R:localhost/127.0.0.1:8082] Releasing channel
20:29:21.627 [reactor-http-nio-11] DEBUG reactor.netty.resources.PooledConnectionProvider - [id: 0x6e7a501f, L:/127.0.0.1:49867 - R:localhost/127.0.0.1:8082] Channel cleaned, now 1 active connections and 1 inactive connections
20:29:21.628 [Test worker] DEBUG org.springframework.web.reactive.function.client.ExchangeFunctions - [3d368f2b] HTTP GET http://localhost:8082/getAttractionRewardPoints?attractionId=69984732-997f-4135-9e84-6d3ae0ecb006&userId=1f958bd7-f7e7-4ce0-8ef3-1faefb01a470
20:29:21.628 [reactor-http-nio-11] DEBUG reactor.netty.resources.PooledConnectionProvider - [id: 0x6e7a501f, L:/127.0.0.1:49867 - R:localhost/127.0.0.1:8082] Channel acquired, now 2 active connections and 0 inactive connections
20:29:21.628 [reactor-http-nio-11] DEBUG reactor.netty.http.client.HttpClientConnect - [id: 0x6e7a501f, L:/127.0.0.1:49867 - R:localhost/127.0.0.1:8082] Handler is being applied: {uri=http://localhost:8082/getAttractionRewardPoints?attractionId=69984732-997f-4135-9e84-6d3ae0ecb006&userId=1f958bd7-f7e7-4ce0-8ef3-1faefb01a470, method=GET}
20:29:21.629 [reactor-http-nio-11] DEBUG reactor.netty.resources.PooledConnectionProvider - [id: 0x6e7a501f, L:/127.0.0.1:49867 - R:localhost/127.0.0.1:8082] onStateChange(GET{uri=/getAttractionRewardPoints?attractionId=69984732-997f-4135-9e84-6d3ae0ecb006&userId=1f958bd7-f7e7-4ce0-8ef3-1faefb01a470, connection=PooledConnection{channel=[id: 0x6e7a501f, L:/127.0.0.1:49867 - R:localhost/127.0.0.1:8082]}}, [request_sent])
20:29:21.831 [reactor-http-nio-11] DEBUG reactor.netty.http.client.HttpClientOperations - [id: 0xad770be0, L:/127.0.0.1:49869 - R:localhost/127.0.0.1:8082] Received response (auto-read:false) : [Content-Type=application/json, Transfer-Encoding=chunked, Date=Tue, 29 Jun 2021 14:59:21 GMT]
20:29:21.831 [reactor-http-nio-11] DEBUG reactor.netty.resources.PooledConnectionProvider - [id: 0xad770be0, L:/127.0.0.1:49869 - R:localhost/127.0.0.1:8082] onStateChange(GET{uri=/getAttractionRewardPoints?attractionId=4f40ace9-0657-447d-acdd-48a930950506&userId=1f958bd7-f7e7-4ce0-8ef3-1faefb01a470, connection=PooledConnection{channel=[id: 0xad770be0, L:/127.0.0.1:49869 - R:localhost/127.0.0.1:8082]}}, [response_received])
20:29:21.831 [reactor-http-nio-11] DEBUG org.springframework.web.reactive.function.client.ExchangeFunctions - [6c709e17] Response 200 OK
20:29:21.832 [reactor-http-nio-11] DEBUG reactor.netty.channel.FluxReceive - [id: 0xad770be0, L:/127.0.0.1:49869 - R:localhost/127.0.0.1:8082] Subscribing inbound receiver [pending: 0, cancelled:false, inboundDone: false]
20:29:21.832 [reactor-http-nio-11] DEBUG reactor.netty.http.client.HttpClientOperations - [id: 0xad770be0, L:/127.0.0.1:49869 - R:localhost/127.0.0.1:8082] Received last HTTP packet
20:29:21.833 [reactor-http-nio-11] DEBUG org.springframework.core.codec.StringDecoder - [6c709e17] Decoded "992"
20:29:21.833 [reactor-http-nio-11] DEBUG reactor.netty.resources.PooledConnectionProvider - [id: 0xad770be0, L:/127.0.0.1:49869 - R:localhost/127.0.0.1:8082] onStateChange(GET{uri=/getAttractionRewardPoints?attractionId=4f40ace9-0657-447d-acdd-48a930950506&userId=1f958bd7-f7e7-4ce0-8ef3-1faefb01a470, connection=PooledConnection{channel=[id: 0xad770be0, L:/127.0.0.1:49869 - R:localhost/127.0.0.1:8082]}}, [disconnecting])
20:29:21.834 [reactor-http-nio-11] DEBUG reactor.netty.resources.PooledConnectionProvider - [id: 0xad770be0, L:/127.0.0.1:49869 - R:localhost/127.0.0.1:8082] Releasing channel
20:29:21.834 [reactor-http-nio-11] DEBUG reactor.netty.resources.PooledConnectionProvider - [id: 0xad770be0, L:/127.0.0.1:49869 - R:localhost/127.0.0.1:8082] Channel cleaned, now 1 active connections and 1 inactive connections
20:29:21.835 [pool-10-thread-1] DEBUG org.springframework.web.reactive.function.client.ExchangeFunctions - [190baa7a] HTTP GET http://localhost:8082/getAttractionRewardPoints?attractionId=8e82b391-68fa-4194-a173-2e2c293b7835&userId=1f958bd7-f7e7-4ce0-8ef3-1faefb01a470
20:29:21.835 [reactor-http-nio-11] DEBUG reactor.netty.resources.PooledConnectionProvider - [id: 0xad770be0, L:/127.0.0.1:49869 - R:localhost/127.0.0.1:8082] Channel acquired, now 2 active connections and 0 inactive connections
20:29:21.835 [reactor-http-nio-11] DEBUG reactor.netty.http.client.HttpClientConnect - [id: 0xad770be0, L:/127.0.0.1:49869 - R:localhost/127.0.0.1:8082] Handler is being applied: {uri=http://localhost:8082/getAttractionRewardPoints?attractionId=8e82b391-68fa-4194-a173-2e2c293b7835&userId=1f958bd7-f7e7-4ce0-8ef3-1faefb01a470, method=GET}
20:29:21.836 [reactor-http-nio-11] DEBUG reactor.netty.resources.PooledConnectionProvider - [id: 0xad770be0, L:/127.0.0.1:49869 - R:localhost/127.0.0.1:8082] onStateChange(GET{uri=/getAttractionRewardPoints?attractionId=8e82b391-68fa-4194-a173-2e2c293b7835&userId=1f958bd7-f7e7-4ce0-8ef3-1faefb01a470, connection=PooledConnection{channel=[id: 0xad770be0, L:/127.0.0.1:49869 - R:localhost/127.0.0.1:8082]}}, [request_sent])
20:29:22.117 [reactor-http-nio-11] DEBUG reactor.netty.http.client.HttpClientOperations - [id: 0x6e7a501f, L:/127.0.0.1:49867 - R:localhost/127.0.0.1:8082] Received response (auto-read:false) : [Content-Type=application/json, Transfer-Encoding=chunked, Date=Tue, 29 Jun 2021 14:59:21 GMT]
20:29:22.117 [reactor-http-nio-11] DEBUG reactor.netty.resources.PooledConnectionProvider - [id: 0x6e7a501f, L:/127.0.0.1:49867 - R:localhost/127.0.0.1:8082] onStateChange(GET{uri=/getAttractionRewardPoints?attractionId=69984732-997f-4135-9e84-6d3ae0ecb006&userId=1f958bd7-f7e7-4ce0-8ef3-1faefb01a470, connection=PooledConnection{channel=[id: 0x6e7a501f, L:/127.0.0.1:49867 - R:localhost/127.0.0.1:8082]}}, [response_received])
20:29:22.117 [reactor-http-nio-11] DEBUG org.springframework.web.reactive.function.client.ExchangeFunctions - [3d368f2b] Response 200 OK
20:29:22.118 [reactor-http-nio-11] DEBUG reactor.netty.channel.FluxReceive - [id: 0x6e7a501f, L:/127.0.0.1:49867 - R:localhost/127.0.0.1:8082] Subscribing inbound receiver [pending: 0, cancelled:false, inboundDone: false]
20:29:22.119 [reactor-http-nio-11] DEBUG reactor.netty.http.client.HttpClientOperations - [id: 0x6e7a501f, L:/127.0.0.1:49867 - R:localhost/127.0.0.1:8082] Received last HTTP packet
20:29:22.119 [reactor-http-nio-11] DEBUG org.springframework.core.codec.StringDecoder - [3d368f2b] Decoded "176"
20:29:22.119 [reactor-http-nio-11] DEBUG reactor.netty.resources.PooledConnectionProvider - [id: 0x6e7a501f, L:/127.0.0.1:49867 - R:localhost/127.0.0.1:8082] onStateChange(GET{uri=/getAttractionRewardPoints?attractionId=69984732-997f-4135-9e84-6d3ae0ecb006&userId=1f958bd7-f7e7-4ce0-8ef3-1faefb01a470, connection=PooledConnection{channel=[id: 0x6e7a501f, L:/127.0.0.1:49867 - R:localhost/127.0.0.1:8082]}}, [disconnecting])
20:29:22.119 [reactor-http-nio-11] DEBUG reactor.netty.resources.PooledConnectionProvider - [id: 0x6e7a501f, L:/127.0.0.1:49867 - R:localhost/127.0.0.1:8082] Releasing channel
20:29:22.119 [reactor-http-nio-11] DEBUG reactor.netty.resources.PooledConnectionProvider - [id: 0x6e7a501f, L:/127.0.0.1:49867 - R:localhost/127.0.0.1:8082] Channel cleaned, now 1 active connections and 1 inactive connections
20:29:22.120 [Test worker] DEBUG org.springframework.web.reactive.function.client.ExchangeFunctions - [2bab4dd6] HTTP GET http://localhost:8082/getAttractionRewardPoints?attractionId=c48f31ba-97e2-4b72-b399-3a509057acd8&userId=1f958bd7-f7e7-4ce0-8ef3-1faefb01a470
20:29:22.120 [reactor-http-nio-11] DEBUG reactor.netty.resources.PooledConnectionProvider - [id: 0x6e7a501f, L:/127.0.0.1:49867 - R:localhost/127.0.0.1:8082] Channel acquired, now 2 active connections and 0 inactive connections
20:29:22.120 [reactor-http-nio-11] DEBUG reactor.netty.http.client.HttpClientConnect - [id: 0x6e7a501f, L:/127.0.0.1:49867 - R:localhost/127.0.0.1:8082] Handler is being applied: {uri=http://localhost:8082/getAttractionRewardPoints?attractionId=c48f31ba-97e2-4b72-b399-3a509057acd8&userId=1f958bd7-f7e7-4ce0-8ef3-1faefb01a470, method=GET}
20:29:22.121 [reactor-http-nio-11] DEBUG reactor.netty.resources.PooledConnectionProvider - [id: 0x6e7a501f, L:/127.0.0.1:49867 - R:localhost/127.0.0.1:8082] onStateChange(GET{uri=/getAttractionRewardPoints?attractionId=c48f31ba-97e2-4b72-b399-3a509057acd8&userId=1f958bd7-f7e7-4ce0-8ef3-1faefb01a470, connection=PooledConnection{channel=[id: 0x6e7a501f, L:/127.0.0.1:49867 - R:localhost/127.0.0.1:8082]}}, [request_sent])
20:29:22.324 [reactor-http-nio-11] DEBUG reactor.netty.http.client.HttpClientOperations - [id: 0xad770be0, L:/127.0.0.1:49869 - R:localhost/127.0.0.1:8082] Received response (auto-read:false) : [Content-Type=application/json, Transfer-Encoding=chunked, Date=Tue, 29 Jun 2021 14:59:21 GMT]
20:29:22.324 [reactor-http-nio-11] DEBUG reactor.netty.resources.PooledConnectionProvider - [id: 0xad770be0, L:/127.0.0.1:49869 - R:localhost/127.0.0.1:8082] onStateChange(GET{uri=/getAttractionRewardPoints?attractionId=8e82b391-68fa-4194-a173-2e2c293b7835&userId=1f958bd7-f7e7-4ce0-8ef3-1faefb01a470, connection=PooledConnection{channel=[id: 0xad770be0, L:/127.0.0.1:49869 - R:localhost/127.0.0.1:8082]}}, [response_received])
20:29:22.324 [reactor-http-nio-11] DEBUG org.springframework.web.reactive.function.client.ExchangeFunctions - [190baa7a] Response 200 OK
20:29:22.325 [reactor-http-nio-11] DEBUG reactor.netty.channel.FluxReceive - [id: 0xad770be0, L:/127.0.0.1:49869 - R:localhost/127.0.0.1:8082] Subscribing inbound receiver [pending: 0, cancelled:false, inboundDone: false]
20:29:22.325 [reactor-http-nio-11] DEBUG reactor.netty.http.client.HttpClientOperations - [id: 0xad770be0, L:/127.0.0.1:49869 - R:localhost/127.0.0.1:8082] Received last HTTP packet
20:29:22.325 [reactor-http-nio-11] DEBUG org.springframework.core.codec.StringDecoder - [190baa7a] Decoded "61"
20:29:22.325 [reactor-http-nio-11] DEBUG reactor.netty.resources.PooledConnectionProvider - [id: 0xad770be0, L:/127.0.0.1:49869 - R:localhost/127.0.0.1:8082] onStateChange(GET{uri=/getAttractionRewardPoints?attractionId=8e82b391-68fa-4194-a173-2e2c293b7835&userId=1f958bd7-f7e7-4ce0-8ef3-1faefb01a470, connection=PooledConnection{channel=[id: 0xad770be0, L:/127.0.0.1:49869 - R:localhost/127.0.0.1:8082]}}, [disconnecting])
20:29:22.325 [reactor-http-nio-11] DEBUG reactor.netty.resources.PooledConnectionProvider - [id: 0xad770be0, L:/127.0.0.1:49869 - R:localhost/127.0.0.1:8082] Releasing channel
20:29:22.325 [reactor-http-nio-11] DEBUG reactor.netty.resources.PooledConnectionProvider - [id: 0xad770be0, L:/127.0.0.1:49869 - R:localhost/127.0.0.1:8082] Channel cleaned, now 1 active connections and 1 inactive connections
20:29:22.326 [pool-10-thread-1] DEBUG org.springframework.web.reactive.function.client.ExchangeFunctions - [81e31eb] HTTP GET http://localhost:8082/getAttractionRewardPoints?attractionId=4cc023b5-cd16-4307-be23-e033363361ca&userId=1f958bd7-f7e7-4ce0-8ef3-1faefb01a470
20:29:22.327 [reactor-http-nio-11] DEBUG reactor.netty.resources.PooledConnectionProvider - [id: 0xad770be0, L:/127.0.0.1:49869 - R:localhost/127.0.0.1:8082] Channel acquired, now 2 active connections and 0 inactive connections
20:29:22.327 [reactor-http-nio-11] DEBUG reactor.netty.http.client.HttpClientConnect - [id: 0xad770be0, L:/127.0.0.1:49869 - R:localhost/127.0.0.1:8082] Handler is being applied: {uri=http://localhost:8082/getAttractionRewardPoints?attractionId=4cc023b5-cd16-4307-be23-e033363361ca&userId=1f958bd7-f7e7-4ce0-8ef3-1faefb01a470, method=GET}
20:29:22.328 [reactor-http-nio-11] DEBUG reactor.netty.resources.PooledConnectionProvider - [id: 0xad770be0, L:/127.0.0.1:49869 - R:localhost/127.0.0.1:8082] onStateChange(GET{uri=/getAttractionRewardPoints?attractionId=4cc023b5-cd16-4307-be23-e033363361ca&userId=1f958bd7-f7e7-4ce0-8ef3-1faefb01a470, connection=PooledConnection{channel=[id: 0xad770be0, L:/127.0.0.1:49869 - R:localhost/127.0.0.1:8082]}}, [request_sent])
20:29:22.463 [reactor-http-nio-11] DEBUG reactor.netty.http.client.HttpClientOperations - [id: 0x6e7a501f, L:/127.0.0.1:49867 - R:localhost/127.0.0.1:8082] Received response (auto-read:false) : [Content-Type=application/json, Transfer-Encoding=chunked, Date=Tue, 29 Jun 2021 14:59:21 GMT]
20:29:22.463 [reactor-http-nio-11] DEBUG reactor.netty.resources.PooledConnectionProvider - [id: 0x6e7a501f, L:/127.0.0.1:49867 - R:localhost/127.0.0.1:8082] onStateChange(GET{uri=/getAttractionRewardPoints?attractionId=c48f31ba-97e2-4b72-b399-3a509057acd8&userId=1f958bd7-f7e7-4ce0-8ef3-1faefb01a470, connection=PooledConnection{channel=[id: 0x6e7a501f, L:/127.0.0.1:49867 - R:localhost/127.0.0.1:8082]}}, [response_received])
20:29:22.463 [reactor-http-nio-11] DEBUG org.springframework.web.reactive.function.client.ExchangeFunctions - [2bab4dd6] Response 200 OK
20:29:22.463 [reactor-http-nio-11] DEBUG reactor.netty.channel.FluxReceive - [id: 0x6e7a501f, L:/127.0.0.1:49867 - R:localhost/127.0.0.1:8082] Subscribing inbound receiver [pending: 0, cancelled:false, inboundDone: false]
20:29:22.464 [reactor-http-nio-11] DEBUG reactor.netty.http.client.HttpClientOperations - [id: 0x6e7a501f, L:/127.0.0.1:49867 - R:localhost/127.0.0.1:8082] Received last HTTP packet
20:29:22.464 [reactor-http-nio-11] DEBUG org.springframework.core.codec.StringDecoder - [2bab4dd6] Decoded "394"
20:29:22.464 [reactor-http-nio-11] DEBUG reactor.netty.resources.PooledConnectionProvider - [id: 0x6e7a501f, L:/127.0.0.1:49867 - R:localhost/127.0.0.1:8082] onStateChange(GET{uri=/getAttractionRewardPoints?attractionId=c48f31ba-97e2-4b72-b399-3a509057acd8&userId=1f958bd7-f7e7-4ce0-8ef3-1faefb01a470, connection=PooledConnection{channel=[id: 0x6e7a501f, L:/127.0.0.1:49867 - R:localhost/127.0.0.1:8082]}}, [disconnecting])
20:29:22.464 [reactor-http-nio-11] DEBUG reactor.netty.resources.PooledConnectionProvider - [id: 0x6e7a501f, L:/127.0.0.1:49867 - R:localhost/127.0.0.1:8082] Releasing channel
20:29:22.464 [reactor-http-nio-11] DEBUG reactor.netty.resources.PooledConnectionProvider - [id: 0x6e7a501f, L:/127.0.0.1:49867 - R:localhost/127.0.0.1:8082] Channel cleaned, now 1 active connections and 1 inactive connections
20:29:22.465 [Test worker] DEBUG org.springframework.web.reactive.function.client.ExchangeFunctions - [44ed2b60] HTTP GET http://localhost:8082/getAttractionRewardPoints?attractionId=e43e4e6a-897d-4dbe-bbb5-99486d320191&userId=1f958bd7-f7e7-4ce0-8ef3-1faefb01a470
20:29:22.466 [reactor-http-nio-11] DEBUG reactor.netty.resources.PooledConnectionProvider - [id: 0x6e7a501f, L:/127.0.0.1:49867 - R:localhost/127.0.0.1:8082] Channel acquired, now 2 active connections and 0 inactive connections
20:29:22.466 [reactor-http-nio-11] DEBUG reactor.netty.http.client.HttpClientConnect - [id: 0x6e7a501f, L:/127.0.0.1:49867 - R:localhost/127.0.0.1:8082] Handler is being applied: {uri=http://localhost:8082/getAttractionRewardPoints?attractionId=e43e4e6a-897d-4dbe-bbb5-99486d320191&userId=1f958bd7-f7e7-4ce0-8ef3-1faefb01a470, method=GET}
20:29:22.467 [reactor-http-nio-11] DEBUG reactor.netty.resources.PooledConnectionProvider - [id: 0x6e7a501f, L:/127.0.0.1:49867 - R:localhost/127.0.0.1:8082] onStateChange(GET{uri=/getAttractionRewardPoints?attractionId=e43e4e6a-897d-4dbe-bbb5-99486d320191&userId=1f958bd7-f7e7-4ce0-8ef3-1faefb01a470, connection=PooledConnection{channel=[id: 0x6e7a501f, L:/127.0.0.1:49867 - R:localhost/127.0.0.1:8082]}}, [request_sent])
20:29:22.660 [reactor-http-nio-11] DEBUG reactor.netty.http.client.HttpClientOperations - [id: 0x6e7a501f, L:/127.0.0.1:49867 - R:localhost/127.0.0.1:8082] Received response (auto-read:false) : [Content-Type=application/json, Transfer-Encoding=chunked, Date=Tue, 29 Jun 2021 14:59:22 GMT]
20:29:22.660 [reactor-http-nio-11] DEBUG reactor.netty.resources.PooledConnectionProvider - [id: 0x6e7a501f, L:/127.0.0.1:49867 - R:localhost/127.0.0.1:8082] onStateChange(GET{uri=/getAttractionRewardPoints?attractionId=e43e4e6a-897d-4dbe-bbb5-99486d320191&userId=1f958bd7-f7e7-4ce0-8ef3-1faefb01a470, connection=PooledConnection{channel=[id: 0x6e7a501f, L:/127.0.0.1:49867 - R:localhost/127.0.0.1:8082]}}, [response_received])
20:29:22.660 [reactor-http-nio-11] DEBUG org.springframework.web.reactive.function.client.ExchangeFunctions - [44ed2b60] Response 200 OK
20:29:22.661 [reactor-http-nio-11] DEBUG reactor.netty.channel.FluxReceive - [id: 0x6e7a501f, L:/127.0.0.1:49867 - R:localhost/127.0.0.1:8082] Subscribing inbound receiver [pending: 0, cancelled:false, inboundDone: false]
20:29:22.662 [reactor-http-nio-11] DEBUG reactor.netty.http.client.HttpClientOperations - [id: 0x6e7a501f, L:/127.0.0.1:49867 - R:localhost/127.0.0.1:8082] Received last HTTP packet
20:29:22.662 [reactor-http-nio-11] DEBUG org.springframework.core.codec.StringDecoder - [44ed2b60] Decoded "568"
20:29:22.662 [reactor-http-nio-11] DEBUG reactor.netty.resources.PooledConnectionProvider - [id: 0x6e7a501f, L:/127.0.0.1:49867 - R:localhost/127.0.0.1:8082] onStateChange(GET{uri=/getAttractionRewardPoints?attractionId=e43e4e6a-897d-4dbe-bbb5-99486d320191&userId=1f958bd7-f7e7-4ce0-8ef3-1faefb01a470, connection=PooledConnection{channel=[id: 0x6e7a501f, L:/127.0.0.1:49867 - R:localhost/127.0.0.1:8082]}}, [disconnecting])
20:29:22.662 [reactor-http-nio-11] DEBUG reactor.netty.resources.PooledConnectionProvider - [id: 0x6e7a501f, L:/127.0.0.1:49867 - R:localhost/127.0.0.1:8082] Releasing channel
20:29:22.662 [reactor-http-nio-11] DEBUG reactor.netty.resources.PooledConnectionProvider - [id: 0x6e7a501f, L:/127.0.0.1:49867 - R:localhost/127.0.0.1:8082] Channel cleaned, now 1 active connections and 1 inactive connections
20:29:22.663 [Test worker] DEBUG org.springframework.web.reactive.function.client.ExchangeFunctions - [4b19b47d] HTTP GET http://localhost:8082/getAttractionRewardPoints?attractionId=d4d69ad6-373d-4757-87bd-d71a28992ce2&userId=1f958bd7-f7e7-4ce0-8ef3-1faefb01a470
20:29:22.664 [reactor-http-nio-11] DEBUG reactor.netty.resources.PooledConnectionProvider - [id: 0x6e7a501f, L:/127.0.0.1:49867 - R:localhost/127.0.0.1:8082] Channel acquired, now 2 active connections and 0 inactive connections
20:29:22.664 [reactor-http-nio-11] DEBUG reactor.netty.http.client.HttpClientConnect - [id: 0x6e7a501f, L:/127.0.0.1:49867 - R:localhost/127.0.0.1:8082] Handler is being applied: {uri=http://localhost:8082/getAttractionRewardPoints?attractionId=d4d69ad6-373d-4757-87bd-d71a28992ce2&userId=1f958bd7-f7e7-4ce0-8ef3-1faefb01a470, method=GET}
20:29:22.665 [reactor-http-nio-11] DEBUG reactor.netty.resources.PooledConnectionProvider - [id: 0x6e7a501f, L:/127.0.0.1:49867 - R:localhost/127.0.0.1:8082] onStateChange(GET{uri=/getAttractionRewardPoints?attractionId=d4d69ad6-373d-4757-87bd-d71a28992ce2&userId=1f958bd7-f7e7-4ce0-8ef3-1faefb01a470, connection=PooledConnection{channel=[id: 0x6e7a501f, L:/127.0.0.1:49867 - R:localhost/127.0.0.1:8082]}}, [request_sent])
20:29:22.922 [reactor-http-nio-11] DEBUG reactor.netty.http.client.HttpClientOperations - [id: 0x6e7a501f, L:/127.0.0.1:49867 - R:localhost/127.0.0.1:8082] Received response (auto-read:false) : [Content-Type=application/json, Transfer-Encoding=chunked, Date=Tue, 29 Jun 2021 14:59:22 GMT]
20:29:22.922 [reactor-http-nio-11] DEBUG reactor.netty.resources.PooledConnectionProvider - [id: 0x6e7a501f, L:/127.0.0.1:49867 - R:localhost/127.0.0.1:8082] onStateChange(GET{uri=/getAttractionRewardPoints?attractionId=d4d69ad6-373d-4757-87bd-d71a28992ce2&userId=1f958bd7-f7e7-4ce0-8ef3-1faefb01a470, connection=PooledConnection{channel=[id: 0x6e7a501f, L:/127.0.0.1:49867 - R:localhost/127.0.0.1:8082]}}, [response_received])
20:29:22.922 [reactor-http-nio-11] DEBUG org.springframework.web.reactive.function.client.ExchangeFunctions - [4b19b47d] Response 200 OK
20:29:22.923 [reactor-http-nio-11] DEBUG reactor.netty.channel.FluxReceive - [id: 0x6e7a501f, L:/127.0.0.1:49867 - R:localhost/127.0.0.1:8082] Subscribing inbound receiver [pending: 0, cancelled:false, inboundDone: false]
20:29:22.924 [reactor-http-nio-11] DEBUG reactor.netty.http.client.HttpClientOperations - [id: 0x6e7a501f, L:/127.0.0.1:49867 - R:localhost/127.0.0.1:8082] Received last HTTP packet
20:29:22.924 [reactor-http-nio-11] DEBUG org.springframework.core.codec.StringDecoder - [4b19b47d] Decoded "806"
20:29:22.925 [reactor-http-nio-11] DEBUG reactor.netty.resources.PooledConnectionProvider - [id: 0x6e7a501f, L:/127.0.0.1:49867 - R:localhost/127.0.0.1:8082] onStateChange(GET{uri=/getAttractionRewardPoints?attractionId=d4d69ad6-373d-4757-87bd-d71a28992ce2&userId=1f958bd7-f7e7-4ce0-8ef3-1faefb01a470, connection=PooledConnection{channel=[id: 0x6e7a501f, L:/127.0.0.1:49867 - R:localhost/127.0.0.1:8082]}}, [disconnecting])
20:29:22.925 [reactor-http-nio-11] DEBUG reactor.netty.resources.PooledConnectionProvider - [id: 0x6e7a501f, L:/127.0.0.1:49867 - R:localhost/127.0.0.1:8082] Releasing channel
20:29:22.925 [reactor-http-nio-11] DEBUG reactor.netty.resources.PooledConnectionProvider - [id: 0x6e7a501f, L:/127.0.0.1:49867 - R:localhost/127.0.0.1:8082] Channel cleaned, now 1 active connections and 1 inactive connections
20:29:22.926 [Test worker] DEBUG org.springframework.web.reactive.function.client.ExchangeFunctions - [425f35e2] HTTP GET http://localhost:8082/getAttractionRewardPoints?attractionId=e1ab5586-260c-463f-afa6-88ac26f4c188&userId=1f958bd7-f7e7-4ce0-8ef3-1faefb01a470
20:29:22.927 [reactor-http-nio-11] DEBUG reactor.netty.resources.PooledConnectionProvider - [id: 0x6e7a501f, L:/127.0.0.1:49867 - R:localhost/127.0.0.1:8082] Channel acquired, now 2 active connections and 0 inactive connections
20:29:22.927 [reactor-http-nio-11] DEBUG reactor.netty.http.client.HttpClientConnect - [id: 0x6e7a501f, L:/127.0.0.1:49867 - R:localhost/127.0.0.1:8082] Handler is being applied: {uri=http://localhost:8082/getAttractionRewardPoints?attractionId=e1ab5586-260c-463f-afa6-88ac26f4c188&userId=1f958bd7-f7e7-4ce0-8ef3-1faefb01a470, method=GET}
20:29:22.928 [reactor-http-nio-11] DEBUG reactor.netty.resources.PooledConnectionProvider - [id: 0x6e7a501f, L:/127.0.0.1:49867 - R:localhost/127.0.0.1:8082] onStateChange(GET{uri=/getAttractionRewardPoints?attractionId=e1ab5586-260c-463f-afa6-88ac26f4c188&userId=1f958bd7-f7e7-4ce0-8ef3-1faefb01a470, connection=PooledConnection{channel=[id: 0x6e7a501f, L:/127.0.0.1:49867 - R:localhost/127.0.0.1:8082]}}, [request_sent])
20:29:23.095 [reactor-http-nio-11] DEBUG reactor.netty.http.client.HttpClientOperations - [id: 0xad770be0, L:/127.0.0.1:49869 - R:localhost/127.0.0.1:8082] Received response (auto-read:false) : [Content-Type=application/json, Transfer-Encoding=chunked, Date=Tue, 29 Jun 2021 14:59:22 GMT]
20:29:23.095 [reactor-http-nio-11] DEBUG reactor.netty.resources.PooledConnectionProvider - [id: 0xad770be0, L:/127.0.0.1:49869 - R:localhost/127.0.0.1:8082] onStateChange(GET{uri=/getAttractionRewardPoints?attractionId=4cc023b5-cd16-4307-be23-e033363361ca&userId=1f958bd7-f7e7-4ce0-8ef3-1faefb01a470, connection=PooledConnection{channel=[id: 0xad770be0, L:/127.0.0.1:49869 - R:localhost/127.0.0.1:8082]}}, [response_received])
20:29:23.096 [reactor-http-nio-11] DEBUG org.springframework.web.reactive.function.client.ExchangeFunctions - [81e31eb] Response 200 OK
20:29:23.096 [reactor-http-nio-11] DEBUG reactor.netty.channel.FluxReceive - [id: 0xad770be0, L:/127.0.0.1:49869 - R:localhost/127.0.0.1:8082] Subscribing inbound receiver [pending: 0, cancelled:false, inboundDone: false]
20:29:23.097 [reactor-http-nio-11] DEBUG reactor.netty.http.client.HttpClientOperations - [id: 0xad770be0, L:/127.0.0.1:49869 - R:localhost/127.0.0.1:8082] Received last HTTP packet
20:29:23.097 [reactor-http-nio-11] DEBUG org.springframework.core.codec.StringDecoder - [81e31eb] Decoded "4"
20:29:23.097 [reactor-http-nio-11] DEBUG reactor.netty.resources.PooledConnectionProvider - [id: 0xad770be0, L:/127.0.0.1:49869 - R:localhost/127.0.0.1:8082] onStateChange(GET{uri=/getAttractionRewardPoints?attractionId=4cc023b5-cd16-4307-be23-e033363361ca&userId=1f958bd7-f7e7-4ce0-8ef3-1faefb01a470, connection=PooledConnection{channel=[id: 0xad770be0, L:/127.0.0.1:49869 - R:localhost/127.0.0.1:8082]}}, [disconnecting])
20:29:23.098 [reactor-http-nio-11] DEBUG reactor.netty.resources.PooledConnectionProvider - [id: 0xad770be0, L:/127.0.0.1:49869 - R:localhost/127.0.0.1:8082] Releasing channel
20:29:23.098 [reactor-http-nio-11] DEBUG reactor.netty.resources.PooledConnectionProvider - [id: 0xad770be0, L:/127.0.0.1:49869 - R:localhost/127.0.0.1:8082] Channel cleaned, now 1 active connections and 1 inactive connections
20:29:23.099 [pool-10-thread-1] DEBUG org.springframework.web.reactive.function.client.ExchangeFunctions - [495fe115] HTTP GET http://localhost:8082/getAttractionRewardPoints?attractionId=9950c41e-f1d0-4757-9712-017ab1b364f0&userId=1f958bd7-f7e7-4ce0-8ef3-1faefb01a470
20:29:23.100 [reactor-http-nio-11] DEBUG reactor.netty.resources.PooledConnectionProvider - [id: 0xad770be0, L:/127.0.0.1:49869 - R:localhost/127.0.0.1:8082] Channel acquired, now 2 active connections and 0 inactive connections
20:29:23.100 [reactor-http-nio-11] DEBUG reactor.netty.http.client.HttpClientConnect - [id: 0xad770be0, L:/127.0.0.1:49869 - R:localhost/127.0.0.1:8082] Handler is being applied: {uri=http://localhost:8082/getAttractionRewardPoints?attractionId=9950c41e-f1d0-4757-9712-017ab1b364f0&userId=1f958bd7-f7e7-4ce0-8ef3-1faefb01a470, method=GET}
20:29:23.101 [reactor-http-nio-11] DEBUG reactor.netty.resources.PooledConnectionProvider - [id: 0xad770be0, L:/127.0.0.1:49869 - R:localhost/127.0.0.1:8082] onStateChange(GET{uri=/getAttractionRewardPoints?attractionId=9950c41e-f1d0-4757-9712-017ab1b364f0&userId=1f958bd7-f7e7-4ce0-8ef3-1faefb01a470, connection=PooledConnection{channel=[id: 0xad770be0, L:/127.0.0.1:49869 - R:localhost/127.0.0.1:8082]}}, [request_sent])
20:29:23.335 [reactor-http-nio-11] DEBUG reactor.netty.http.client.HttpClientOperations - [id: 0xad770be0, L:/127.0.0.1:49869 - R:localhost/127.0.0.1:8082] Received response (auto-read:false) : [Content-Type=application/json, Transfer-Encoding=chunked, Date=Tue, 29 Jun 2021 14:59:22 GMT]
20:29:23.335 [reactor-http-nio-11] DEBUG reactor.netty.resources.PooledConnectionProvider - [id: 0xad770be0, L:/127.0.0.1:49869 - R:localhost/127.0.0.1:8082] onStateChange(GET{uri=/getAttractionRewardPoints?attractionId=9950c41e-f1d0-4757-9712-017ab1b364f0&userId=1f958bd7-f7e7-4ce0-8ef3-1faefb01a470, connection=PooledConnection{channel=[id: 0xad770be0, L:/127.0.0.1:49869 - R:localhost/127.0.0.1:8082]}}, [response_received])
20:29:23.335 [reactor-http-nio-11] DEBUG org.springframework.web.reactive.function.client.ExchangeFunctions - [495fe115] Response 200 OK
20:29:23.336 [reactor-http-nio-11] DEBUG reactor.netty.channel.FluxReceive - [id: 0xad770be0, L:/127.0.0.1:49869 - R:localhost/127.0.0.1:8082] Subscribing inbound receiver [pending: 0, cancelled:false, inboundDone: false]
20:29:23.336 [reactor-http-nio-11] DEBUG reactor.netty.http.client.HttpClientOperations - [id: 0xad770be0, L:/127.0.0.1:49869 - R:localhost/127.0.0.1:8082] Received last HTTP packet
20:29:23.336 [reactor-http-nio-11] DEBUG org.springframework.core.codec.StringDecoder - [495fe115] Decoded "151"
20:29:23.337 [reactor-http-nio-11] DEBUG reactor.netty.resources.PooledConnectionProvider - [id: 0xad770be0, L:/127.0.0.1:49869 - R:localhost/127.0.0.1:8082] onStateChange(GET{uri=/getAttractionRewardPoints?attractionId=9950c41e-f1d0-4757-9712-017ab1b364f0&userId=1f958bd7-f7e7-4ce0-8ef3-1faefb01a470, connection=PooledConnection{channel=[id: 0xad770be0, L:/127.0.0.1:49869 - R:localhost/127.0.0.1:8082]}}, [disconnecting])
20:29:23.337 [reactor-http-nio-11] DEBUG reactor.netty.resources.PooledConnectionProvider - [id: 0xad770be0, L:/127.0.0.1:49869 - R:localhost/127.0.0.1:8082] Releasing channel
20:29:23.337 [reactor-http-nio-11] DEBUG reactor.netty.resources.PooledConnectionProvider - [id: 0xad770be0, L:/127.0.0.1:49869 - R:localhost/127.0.0.1:8082] Channel cleaned, now 1 active connections and 1 inactive connections
20:29:23.338 [pool-10-thread-1] DEBUG org.springframework.web.reactive.function.client.ExchangeFunctions - [21375e0f] HTTP GET http://localhost:8082/getAttractionRewardPoints?attractionId=bd3c31dd-0de6-4c5d-990f-9f474731acee&userId=1f958bd7-f7e7-4ce0-8ef3-1faefb01a470
20:29:23.339 [reactor-http-nio-11] DEBUG reactor.netty.resources.PooledConnectionProvider - [id: 0xad770be0, L:/127.0.0.1:49869 - R:localhost/127.0.0.1:8082] Channel acquired, now 2 active connections and 0 inactive connections
20:29:23.339 [reactor-http-nio-11] DEBUG reactor.netty.http.client.HttpClientConnect - [id: 0xad770be0, L:/127.0.0.1:49869 - R:localhost/127.0.0.1:8082] Handler is being applied: {uri=http://localhost:8082/getAttractionRewardPoints?attractionId=bd3c31dd-0de6-4c5d-990f-9f474731acee&userId=1f958bd7-f7e7-4ce0-8ef3-1faefb01a470, method=GET}
20:29:23.340 [reactor-http-nio-11] DEBUG reactor.netty.resources.PooledConnectionProvider - [id: 0xad770be0, L:/127.0.0.1:49869 - R:localhost/127.0.0.1:8082] onStateChange(GET{uri=/getAttractionRewardPoints?attractionId=bd3c31dd-0de6-4c5d-990f-9f474731acee&userId=1f958bd7-f7e7-4ce0-8ef3-1faefb01a470, connection=PooledConnection{channel=[id: 0xad770be0, L:/127.0.0.1:49869 - R:localhost/127.0.0.1:8082]}}, [request_sent])
20:29:23.474 [reactor-http-nio-11] DEBUG reactor.netty.http.client.HttpClientOperations - [id: 0xad770be0, L:/127.0.0.1:49869 - R:localhost/127.0.0.1:8082] Received response (auto-read:false) : [Content-Type=application/json, Transfer-Encoding=chunked, Date=Tue, 29 Jun 2021 14:59:22 GMT]
20:29:23.474 [reactor-http-nio-11] DEBUG reactor.netty.resources.PooledConnectionProvider - [id: 0xad770be0, L:/127.0.0.1:49869 - R:localhost/127.0.0.1:8082] onStateChange(GET{uri=/getAttractionRewardPoints?attractionId=bd3c31dd-0de6-4c5d-990f-9f474731acee&userId=1f958bd7-f7e7-4ce0-8ef3-1faefb01a470, connection=PooledConnection{channel=[id: 0xad770be0, L:/127.0.0.1:49869 - R:localhost/127.0.0.1:8082]}}, [response_received])
20:29:23.474 [reactor-http-nio-11] DEBUG org.springframework.web.reactive.function.client.ExchangeFunctions - [21375e0f] Response 200 OK
20:29:23.475 [reactor-http-nio-11] DEBUG reactor.netty.channel.FluxReceive - [id: 0xad770be0, L:/127.0.0.1:49869 - R:localhost/127.0.0.1:8082] Subscribing inbound receiver [pending: 0, cancelled:false, inboundDone: false]
20:29:23.476 [reactor-http-nio-11] DEBUG reactor.netty.http.client.HttpClientOperations - [id: 0xad770be0, L:/127.0.0.1:49869 - R:localhost/127.0.0.1:8082] Received last HTTP packet
20:29:23.476 [reactor-http-nio-11] DEBUG org.springframework.core.codec.StringDecoder - [21375e0f] Decoded "470"
20:29:23.476 [reactor-http-nio-11] DEBUG reactor.netty.resources.PooledConnectionProvider - [id: 0xad770be0, L:/127.0.0.1:49869 - R:localhost/127.0.0.1:8082] onStateChange(GET{uri=/getAttractionRewardPoints?attractionId=bd3c31dd-0de6-4c5d-990f-9f474731acee&userId=1f958bd7-f7e7-4ce0-8ef3-1faefb01a470, connection=PooledConnection{channel=[id: 0xad770be0, L:/127.0.0.1:49869 - R:localhost/127.0.0.1:8082]}}, [disconnecting])
20:29:23.476 [reactor-http-nio-11] DEBUG reactor.netty.resources.PooledConnectionProvider - [id: 0xad770be0, L:/127.0.0.1:49869 - R:localhost/127.0.0.1:8082] Releasing channel
20:29:23.476 [reactor-http-nio-11] DEBUG reactor.netty.resources.PooledConnectionProvider - [id: 0xad770be0, L:/127.0.0.1:49869 - R:localhost/127.0.0.1:8082] Channel cleaned, now 1 active connections and 1 inactive connections
20:29:23.477 [pool-10-thread-1] DEBUG org.springframework.web.reactive.function.client.ExchangeFunctions - [652b7829] HTTP GET http://localhost:8082/getAttractionRewardPoints?attractionId=e418c139-d655-4c15-8f10-455eab4b5149&userId=1f958bd7-f7e7-4ce0-8ef3-1faefb01a470
20:29:23.478 [reactor-http-nio-11] DEBUG reactor.netty.resources.PooledConnectionProvider - [id: 0xad770be0, L:/127.0.0.1:49869 - R:localhost/127.0.0.1:8082] Channel acquired, now 2 active connections and 0 inactive connections
20:29:23.478 [reactor-http-nio-11] DEBUG reactor.netty.http.client.HttpClientConnect - [id: 0xad770be0, L:/127.0.0.1:49869 - R:localhost/127.0.0.1:8082] Handler is being applied: {uri=http://localhost:8082/getAttractionRewardPoints?attractionId=e418c139-d655-4c15-8f10-455eab4b5149&userId=1f958bd7-f7e7-4ce0-8ef3-1faefb01a470, method=GET}
20:29:23.480 [reactor-http-nio-11] DEBUG reactor.netty.resources.PooledConnectionProvider - [id: 0xad770be0, L:/127.0.0.1:49869 - R:localhost/127.0.0.1:8082] onStateChange(GET{uri=/getAttractionRewardPoints?attractionId=e418c139-d655-4c15-8f10-455eab4b5149&userId=1f958bd7-f7e7-4ce0-8ef3-1faefb01a470, connection=PooledConnection{channel=[id: 0xad770be0, L:/127.0.0.1:49869 - R:localhost/127.0.0.1:8082]}}, [request_sent])
20:29:23.503 [reactor-http-nio-11] DEBUG reactor.netty.http.client.HttpClientOperations - [id: 0xad770be0, L:/127.0.0.1:49869 - R:localhost/127.0.0.1:8082] Received response (auto-read:false) : [Content-Type=application/json, Transfer-Encoding=chunked, Date=Tue, 29 Jun 2021 14:59:22 GMT]
20:29:23.503 [reactor-http-nio-11] DEBUG reactor.netty.resources.PooledConnectionProvider - [id: 0xad770be0, L:/127.0.0.1:49869 - R:localhost/127.0.0.1:8082] onStateChange(GET{uri=/getAttractionRewardPoints?attractionId=e418c139-d655-4c15-8f10-455eab4b5149&userId=1f958bd7-f7e7-4ce0-8ef3-1faefb01a470, connection=PooledConnection{channel=[id: 0xad770be0, L:/127.0.0.1:49869 - R:localhost/127.0.0.1:8082]}}, [response_received])
20:29:23.503 [reactor-http-nio-11] DEBUG org.springframework.web.reactive.function.client.ExchangeFunctions - [652b7829] Response 200 OK
20:29:23.504 [reactor-http-nio-11] DEBUG reactor.netty.channel.FluxReceive - [id: 0xad770be0, L:/127.0.0.1:49869 - R:localhost/127.0.0.1:8082] Subscribing inbound receiver [pending: 0, cancelled:false, inboundDone: false]
20:29:23.505 [reactor-http-nio-11] DEBUG reactor.netty.http.client.HttpClientOperations - [id: 0xad770be0, L:/127.0.0.1:49869 - R:localhost/127.0.0.1:8082] Received last HTTP packet
20:29:23.505 [reactor-http-nio-11] DEBUG org.springframework.core.codec.StringDecoder - [652b7829] Decoded "605"
20:29:23.506 [reactor-http-nio-11] DEBUG reactor.netty.resources.PooledConnectionProvider - [id: 0xad770be0, L:/127.0.0.1:49869 - R:localhost/127.0.0.1:8082] onStateChange(GET{uri=/getAttractionRewardPoints?attractionId=e418c139-d655-4c15-8f10-455eab4b5149&userId=1f958bd7-f7e7-4ce0-8ef3-1faefb01a470, connection=PooledConnection{channel=[id: 0xad770be0, L:/127.0.0.1:49869 - R:localhost/127.0.0.1:8082]}}, [disconnecting])
20:29:23.506 [reactor-http-nio-11] DEBUG reactor.netty.resources.PooledConnectionProvider - [id: 0xad770be0, L:/127.0.0.1:49869 - R:localhost/127.0.0.1:8082] Releasing channel
20:29:23.506 [reactor-http-nio-11] DEBUG reactor.netty.resources.PooledConnectionProvider - [id: 0xad770be0, L:/127.0.0.1:49869 - R:localhost/127.0.0.1:8082] Channel cleaned, now 1 active connections and 1 inactive connections
20:29:23.507 [pool-10-thread-1] DEBUG org.springframework.web.reactive.function.client.ExchangeFunctions - [1c438c0e] HTTP GET http://localhost:8082/getAttractionRewardPoints?attractionId=8949aab3-7fd1-4a6b-90d6-1fef7c2f5db7&userId=1f958bd7-f7e7-4ce0-8ef3-1faefb01a470
20:29:23.507 [reactor-http-nio-11] DEBUG reactor.netty.resources.PooledConnectionProvider - [id: 0xad770be0, L:/127.0.0.1:49869 - R:localhost/127.0.0.1:8082] Channel acquired, now 2 active connections and 0 inactive connections
20:29:23.508 [reactor-http-nio-11] DEBUG reactor.netty.http.client.HttpClientConnect - [id: 0xad770be0, L:/127.0.0.1:49869 - R:localhost/127.0.0.1:8082] Handler is being applied: {uri=http://localhost:8082/getAttractionRewardPoints?attractionId=8949aab3-7fd1-4a6b-90d6-1fef7c2f5db7&userId=1f958bd7-f7e7-4ce0-8ef3-1faefb01a470, method=GET}
20:29:23.508 [reactor-http-nio-11] DEBUG reactor.netty.resources.PooledConnectionProvider - [id: 0xad770be0, L:/127.0.0.1:49869 - R:localhost/127.0.0.1:8082] onStateChange(GET{uri=/getAttractionRewardPoints?attractionId=8949aab3-7fd1-4a6b-90d6-1fef7c2f5db7&userId=1f958bd7-f7e7-4ce0-8ef3-1faefb01a470, connection=PooledConnection{channel=[id: 0xad770be0, L:/127.0.0.1:49869 - R:localhost/127.0.0.1:8082]}}, [request_sent])
20:29:23.673 [reactor-http-nio-11] DEBUG reactor.netty.http.client.HttpClientOperations - [id: 0x6e7a501f, L:/127.0.0.1:49867 - R:localhost/127.0.0.1:8082] Received response (auto-read:false) : [Content-Type=application/json, Transfer-Encoding=chunked, Date=Tue, 29 Jun 2021 14:59:23 GMT]
20:29:23.673 [reactor-http-nio-11] DEBUG reactor.netty.resources.PooledConnectionProvider - [id: 0x6e7a501f, L:/127.0.0.1:49867 - R:localhost/127.0.0.1:8082] onStateChange(GET{uri=/getAttractionRewardPoints?attractionId=e1ab5586-260c-463f-afa6-88ac26f4c188&userId=1f958bd7-f7e7-4ce0-8ef3-1faefb01a470, connection=PooledConnection{channel=[id: 0x6e7a501f, L:/127.0.0.1:49867 - R:localhost/127.0.0.1:8082]}}, [response_received])
20:29:23.673 [reactor-http-nio-11] DEBUG org.springframework.web.reactive.function.client.ExchangeFunctions - [425f35e2] Response 200 OK
20:29:23.674 [reactor-http-nio-11] DEBUG reactor.netty.channel.FluxReceive - [id: 0x6e7a501f, L:/127.0.0.1:49867 - R:localhost/127.0.0.1:8082] Subscribing inbound receiver [pending: 0, cancelled:false, inboundDone: false]
20:29:23.674 [reactor-http-nio-11] DEBUG reactor.netty.http.client.HttpClientOperations - [id: 0x6e7a501f, L:/127.0.0.1:49867 - R:localhost/127.0.0.1:8082] Received last HTTP packet
20:29:23.674 [reactor-http-nio-11] DEBUG org.springframework.core.codec.StringDecoder - [425f35e2] Decoded "383"
20:29:23.674 [reactor-http-nio-11] DEBUG reactor.netty.resources.PooledConnectionProvider - [id: 0x6e7a501f, L:/127.0.0.1:49867 - R:localhost/127.0.0.1:8082] onStateChange(GET{uri=/getAttractionRewardPoints?attractionId=e1ab5586-260c-463f-afa6-88ac26f4c188&userId=1f958bd7-f7e7-4ce0-8ef3-1faefb01a470, connection=PooledConnection{channel=[id: 0x6e7a501f, L:/127.0.0.1:49867 - R:localhost/127.0.0.1:8082]}}, [disconnecting])
20:29:23.675 [reactor-http-nio-11] DEBUG reactor.netty.resources.PooledConnectionProvider - [id: 0x6e7a501f, L:/127.0.0.1:49867 - R:localhost/127.0.0.1:8082] Releasing channel
20:29:23.675 [reactor-http-nio-11] DEBUG reactor.netty.resources.PooledConnectionProvider - [id: 0x6e7a501f, L:/127.0.0.1:49867 - R:localhost/127.0.0.1:8082] Channel cleaned, now 1 active connections and 1 inactive connections
20:29:23.676 [Test worker] DEBUG org.springframework.web.reactive.function.client.ExchangeFunctions - [336b1582] HTTP GET http://localhost:8082/getAttractionRewardPoints?attractionId=0a551029-dfdd-4b24-82e2-67f594d75a58&userId=1f958bd7-f7e7-4ce0-8ef3-1faefb01a470
20:29:23.677 [reactor-http-nio-11] DEBUG reactor.netty.resources.PooledConnectionProvider - [id: 0x6e7a501f, L:/127.0.0.1:49867 - R:localhost/127.0.0.1:8082] Channel acquired, now 2 active connections and 0 inactive connections
20:29:23.677 [reactor-http-nio-11] DEBUG reactor.netty.http.client.HttpClientConnect - [id: 0x6e7a501f, L:/127.0.0.1:49867 - R:localhost/127.0.0.1:8082] Handler is being applied: {uri=http://localhost:8082/getAttractionRewardPoints?attractionId=0a551029-dfdd-4b24-82e2-67f594d75a58&userId=1f958bd7-f7e7-4ce0-8ef3-1faefb01a470, method=GET}
20:29:23.678 [reactor-http-nio-11] DEBUG reactor.netty.resources.PooledConnectionProvider - [id: 0x6e7a501f, L:/127.0.0.1:49867 - R:localhost/127.0.0.1:8082] onStateChange(GET{uri=/getAttractionRewardPoints?attractionId=0a551029-dfdd-4b24-82e2-67f594d75a58&userId=1f958bd7-f7e7-4ce0-8ef3-1faefb01a470, connection=PooledConnection{channel=[id: 0x6e7a501f, L:/127.0.0.1:49867 - R:localhost/127.0.0.1:8082]}}, [request_sent])
20:29:23.781 [reactor-http-nio-11] DEBUG reactor.netty.http.client.HttpClientOperations - [id: 0xad770be0, L:/127.0.0.1:49869 - R:localhost/127.0.0.1:8082] Received response (auto-read:false) : [Content-Type=application/json, Transfer-Encoding=chunked, Date=Tue, 29 Jun 2021 14:59:23 GMT]
20:29:23.781 [reactor-http-nio-11] DEBUG reactor.netty.resources.PooledConnectionProvider - [id: 0xad770be0, L:/127.0.0.1:49869 - R:localhost/127.0.0.1:8082] onStateChange(GET{uri=/getAttractionRewardPoints?attractionId=8949aab3-7fd1-4a6b-90d6-1fef7c2f5db7&userId=1f958bd7-f7e7-4ce0-8ef3-1faefb01a470, connection=PooledConnection{channel=[id: 0xad770be0, L:/127.0.0.1:49869 - R:localhost/127.0.0.1:8082]}}, [response_received])
20:29:23.781 [reactor-http-nio-11] DEBUG org.springframework.web.reactive.function.client.ExchangeFunctions - [1c438c0e] Response 200 OK
20:29:23.782 [reactor-http-nio-11] DEBUG reactor.netty.channel.FluxReceive - [id: 0xad770be0, L:/127.0.0.1:49869 - R:localhost/127.0.0.1:8082] Subscribing inbound receiver [pending: 0, cancelled:false, inboundDone: false]
20:29:23.783 [reactor-http-nio-11] DEBUG reactor.netty.http.client.HttpClientOperations - [id: 0xad770be0, L:/127.0.0.1:49869 - R:localhost/127.0.0.1:8082] Received last HTTP packet
20:29:23.783 [reactor-http-nio-11] DEBUG org.springframework.core.codec.StringDecoder - [1c438c0e] Decoded "736"
20:29:23.783 [reactor-http-nio-11] DEBUG reactor.netty.resources.PooledConnectionProvider - [id: 0xad770be0, L:/127.0.0.1:49869 - R:localhost/127.0.0.1:8082] onStateChange(GET{uri=/getAttractionRewardPoints?attractionId=8949aab3-7fd1-4a6b-90d6-1fef7c2f5db7&userId=1f958bd7-f7e7-4ce0-8ef3-1faefb01a470, connection=PooledConnection{channel=[id: 0xad770be0, L:/127.0.0.1:49869 - R:localhost/127.0.0.1:8082]}}, [disconnecting])
20:29:23.784 [reactor-http-nio-11] DEBUG reactor.netty.resources.PooledConnectionProvider - [id: 0xad770be0, L:/127.0.0.1:49869 - R:localhost/127.0.0.1:8082] Releasing channel
20:29:23.784 [reactor-http-nio-11] DEBUG reactor.netty.resources.PooledConnectionProvider - [id: 0xad770be0, L:/127.0.0.1:49869 - R:localhost/127.0.0.1:8082] Channel cleaned, now 1 active connections and 1 inactive connections
20:29:23.784 [pool-10-thread-1] DEBUG org.springframework.web.reactive.function.client.ExchangeFunctions - [2a2281da] HTTP GET http://localhost:8082/getAttractionRewardPoints?attractionId=adfbdbef-7715-4ace-a98f-9800c4fb6132&userId=1f958bd7-f7e7-4ce0-8ef3-1faefb01a470
20:29:23.785 [reactor-http-nio-11] DEBUG reactor.netty.resources.PooledConnectionProvider - [id: 0xad770be0, L:/127.0.0.1:49869 - R:localhost/127.0.0.1:8082] Channel acquired, now 2 active connections and 0 inactive connections
20:29:23.785 [reactor-http-nio-11] DEBUG reactor.netty.http.client.HttpClientConnect - [id: 0xad770be0, L:/127.0.0.1:49869 - R:localhost/127.0.0.1:8082] Handler is being applied: {uri=http://localhost:8082/getAttractionRewardPoints?attractionId=adfbdbef-7715-4ace-a98f-9800c4fb6132&userId=1f958bd7-f7e7-4ce0-8ef3-1faefb01a470, method=GET}
20:29:23.786 [reactor-http-nio-11] DEBUG reactor.netty.resources.PooledConnectionProvider - [id: 0xad770be0, L:/127.0.0.1:49869 - R:localhost/127.0.0.1:8082] onStateChange(GET{uri=/getAttractionRewardPoints?attractionId=adfbdbef-7715-4ace-a98f-9800c4fb6132&userId=1f958bd7-f7e7-4ce0-8ef3-1faefb01a470, connection=PooledConnection{channel=[id: 0xad770be0, L:/127.0.0.1:49869 - R:localhost/127.0.0.1:8082]}}, [request_sent])
20:29:24.243 [reactor-http-nio-11] DEBUG reactor.netty.http.client.HttpClientOperations - [id: 0x6e7a501f, L:/127.0.0.1:49867 - R:localhost/127.0.0.1:8082] Received response (auto-read:false) : [Content-Type=application/json, Transfer-Encoding=chunked, Date=Tue, 29 Jun 2021 14:59:23 GMT]
20:29:24.243 [reactor-http-nio-11] DEBUG reactor.netty.resources.PooledConnectionProvider - [id: 0x6e7a501f, L:/127.0.0.1:49867 - R:localhost/127.0.0.1:8082] onStateChange(GET{uri=/getAttractionRewardPoints?attractionId=0a551029-dfdd-4b24-82e2-67f594d75a58&userId=1f958bd7-f7e7-4ce0-8ef3-1faefb01a470, connection=PooledConnection{channel=[id: 0x6e7a501f, L:/127.0.0.1:49867 - R:localhost/127.0.0.1:8082]}}, [response_received])
20:29:24.243 [reactor-http-nio-11] DEBUG org.springframework.web.reactive.function.client.ExchangeFunctions - [336b1582] Response 200 OK
20:29:24.244 [reactor-http-nio-11] DEBUG reactor.netty.channel.FluxReceive - [id: 0x6e7a501f, L:/127.0.0.1:49867 - R:localhost/127.0.0.1:8082] Subscribing inbound receiver [pending: 0, cancelled:false, inboundDone: false]
20:29:24.245 [reactor-http-nio-11] DEBUG reactor.netty.http.client.HttpClientOperations - [id: 0x6e7a501f, L:/127.0.0.1:49867 - R:localhost/127.0.0.1:8082] Received last HTTP packet
20:29:24.245 [reactor-http-nio-11] DEBUG org.springframework.core.codec.StringDecoder - [336b1582] Decoded "476"
20:29:24.245 [reactor-http-nio-11] DEBUG reactor.netty.resources.PooledConnectionProvider - [id: 0x6e7a501f, L:/127.0.0.1:49867 - R:localhost/127.0.0.1:8082] onStateChange(GET{uri=/getAttractionRewardPoints?attractionId=0a551029-dfdd-4b24-82e2-67f594d75a58&userId=1f958bd7-f7e7-4ce0-8ef3-1faefb01a470, connection=PooledConnection{channel=[id: 0x6e7a501f, L:/127.0.0.1:49867 - R:localhost/127.0.0.1:8082]}}, [disconnecting])
20:29:24.246 [reactor-http-nio-11] DEBUG reactor.netty.resources.PooledConnectionProvider - [id: 0x6e7a501f, L:/127.0.0.1:49867 - R:localhost/127.0.0.1:8082] Releasing channel
20:29:24.246 [reactor-http-nio-11] DEBUG reactor.netty.resources.PooledConnectionProvider - [id: 0x6e7a501f, L:/127.0.0.1:49867 - R:localhost/127.0.0.1:8082] Channel cleaned, now 1 active connections and 1 inactive connections
20:29:24.247 [Test worker] DEBUG org.springframework.web.reactive.function.client.ExchangeFunctions - [1ef08ea4] HTTP GET http://localhost:8082/getAttractionRewardPoints?attractionId=8550c822-1779-4937-b507-a71189b77164&userId=1f958bd7-f7e7-4ce0-8ef3-1faefb01a470
20:29:24.247 [reactor-http-nio-11] DEBUG reactor.netty.resources.PooledConnectionProvider - [id: 0x6e7a501f, L:/127.0.0.1:49867 - R:localhost/127.0.0.1:8082] Channel acquired, now 2 active connections and 0 inactive connections
20:29:24.247 [reactor-http-nio-11] DEBUG reactor.netty.http.client.HttpClientConnect - [id: 0x6e7a501f, L:/127.0.0.1:49867 - R:localhost/127.0.0.1:8082] Handler is being applied: {uri=http://localhost:8082/getAttractionRewardPoints?attractionId=8550c822-1779-4937-b507-a71189b77164&userId=1f958bd7-f7e7-4ce0-8ef3-1faefb01a470, method=GET}
20:29:24.248 [reactor-http-nio-11] DEBUG reactor.netty.resources.PooledConnectionProvider - [id: 0x6e7a501f, L:/127.0.0.1:49867 - R:localhost/127.0.0.1:8082] onStateChange(GET{uri=/getAttractionRewardPoints?attractionId=8550c822-1779-4937-b507-a71189b77164&userId=1f958bd7-f7e7-4ce0-8ef3-1faefb01a470, connection=PooledConnection{channel=[id: 0x6e7a501f, L:/127.0.0.1:49867 - R:localhost/127.0.0.1:8082]}}, [request_sent])
20:29:24.275 [reactor-http-nio-11] DEBUG reactor.netty.http.client.HttpClientOperations - [id: 0xad770be0, L:/127.0.0.1:49869 - R:localhost/127.0.0.1:8082] Received response (auto-read:false) : [Content-Type=application/json, Transfer-Encoding=chunked, Date=Tue, 29 Jun 2021 14:59:23 GMT]
20:29:24.276 [reactor-http-nio-11] DEBUG reactor.netty.resources.PooledConnectionProvider - [id: 0xad770be0, L:/127.0.0.1:49869 - R:localhost/127.0.0.1:8082] onStateChange(GET{uri=/getAttractionRewardPoints?attractionId=adfbdbef-7715-4ace-a98f-9800c4fb6132&userId=1f958bd7-f7e7-4ce0-8ef3-1faefb01a470, connection=PooledConnection{channel=[id: 0xad770be0, L:/127.0.0.1:49869 - R:localhost/127.0.0.1:8082]}}, [response_received])
20:29:24.276 [reactor-http-nio-11] DEBUG org.springframework.web.reactive.function.client.ExchangeFunctions - [2a2281da] Response 200 OK
20:29:24.277 [reactor-http-nio-11] DEBUG reactor.netty.channel.FluxReceive - [id: 0xad770be0, L:/127.0.0.1:49869 - R:localhost/127.0.0.1:8082] Subscribing inbound receiver [pending: 0, cancelled:false, inboundDone: false]
20:29:24.277 [reactor-http-nio-11] DEBUG reactor.netty.http.client.HttpClientOperations - [id: 0xad770be0, L:/127.0.0.1:49869 - R:localhost/127.0.0.1:8082] Received last HTTP packet
20:29:24.277 [reactor-http-nio-11] DEBUG org.springframework.core.codec.StringDecoder - [2a2281da] Decoded "374"
20:29:24.278 [reactor-http-nio-11] DEBUG reactor.netty.resources.PooledConnectionProvider - [id: 0xad770be0, L:/127.0.0.1:49869 - R:localhost/127.0.0.1:8082] onStateChange(GET{uri=/getAttractionRewardPoints?attractionId=adfbdbef-7715-4ace-a98f-9800c4fb6132&userId=1f958bd7-f7e7-4ce0-8ef3-1faefb01a470, connection=PooledConnection{channel=[id: 0xad770be0, L:/127.0.0.1:49869 - R:localhost/127.0.0.1:8082]}}, [disconnecting])
20:29:24.278 [reactor-http-nio-11] DEBUG reactor.netty.resources.PooledConnectionProvider - [id: 0xad770be0, L:/127.0.0.1:49869 - R:localhost/127.0.0.1:8082] Releasing channel
20:29:24.278 [reactor-http-nio-11] DEBUG reactor.netty.resources.PooledConnectionProvider - [id: 0xad770be0, L:/127.0.0.1:49869 - R:localhost/127.0.0.1:8082] Channel cleaned, now 1 active connections and 1 inactive connections
20:29:24.279 [pool-10-thread-1] DEBUG org.springframework.web.reactive.function.client.ExchangeFunctions - [317e75b7] HTTP GET http://localhost:8082/getAttractionRewardPoints?attractionId=0ea9abed-3800-46cf-8f91-30e58a55884e&userId=1f958bd7-f7e7-4ce0-8ef3-1faefb01a470
20:29:24.279 [reactor-http-nio-11] DEBUG reactor.netty.resources.PooledConnectionProvider - [id: 0xad770be0, L:/127.0.0.1:49869 - R:localhost/127.0.0.1:8082] Channel acquired, now 2 active connections and 0 inactive connections
20:29:24.280 [reactor-http-nio-11] DEBUG reactor.netty.http.client.HttpClientConnect - [id: 0xad770be0, L:/127.0.0.1:49869 - R:localhost/127.0.0.1:8082] Handler is being applied: {uri=http://localhost:8082/getAttractionRewardPoints?attractionId=0ea9abed-3800-46cf-8f91-30e58a55884e&userId=1f958bd7-f7e7-4ce0-8ef3-1faefb01a470, method=GET}
20:29:24.281 [reactor-http-nio-11] DEBUG reactor.netty.resources.PooledConnectionProvider - [id: 0xad770be0, L:/127.0.0.1:49869 - R:localhost/127.0.0.1:8082] onStateChange(GET{uri=/getAttractionRewardPoints?attractionId=0ea9abed-3800-46cf-8f91-30e58a55884e&userId=1f958bd7-f7e7-4ce0-8ef3-1faefb01a470, connection=PooledConnection{channel=[id: 0xad770be0, L:/127.0.0.1:49869 - R:localhost/127.0.0.1:8082]}}, [request_sent])
20:29:24.790 [reactor-http-nio-11] DEBUG reactor.netty.http.client.HttpClientOperations - [id: 0xad770be0, L:/127.0.0.1:49869 - R:localhost/127.0.0.1:8082] Received response (auto-read:false) : [Content-Type=application/json, Transfer-Encoding=chunked, Date=Tue, 29 Jun 2021 14:59:24 GMT]
20:29:24.790 [reactor-http-nio-11] DEBUG reactor.netty.resources.PooledConnectionProvider - [id: 0xad770be0, L:/127.0.0.1:49869 - R:localhost/127.0.0.1:8082] onStateChange(GET{uri=/getAttractionRewardPoints?attractionId=0ea9abed-3800-46cf-8f91-30e58a55884e&userId=1f958bd7-f7e7-4ce0-8ef3-1faefb01a470, connection=PooledConnection{channel=[id: 0xad770be0, L:/127.0.0.1:49869 - R:localhost/127.0.0.1:8082]}}, [response_received])
20:29:24.790 [reactor-http-nio-11] DEBUG org.springframework.web.reactive.function.client.ExchangeFunctions - [317e75b7] Response 200 OK
20:29:24.791 [reactor-http-nio-11] DEBUG reactor.netty.channel.FluxReceive - [id: 0xad770be0, L:/127.0.0.1:49869 - R:localhost/127.0.0.1:8082] Subscribing inbound receiver [pending: 0, cancelled:false, inboundDone: false]
20:29:24.792 [reactor-http-nio-11] DEBUG reactor.netty.http.client.HttpClientOperations - [id: 0xad770be0, L:/127.0.0.1:49869 - R:localhost/127.0.0.1:8082] Received last HTTP packet
20:29:24.792 [reactor-http-nio-11] DEBUG org.springframework.core.codec.StringDecoder - [317e75b7] Decoded "858"
20:29:24.792 [reactor-http-nio-11] DEBUG reactor.netty.resources.PooledConnectionProvider - [id: 0xad770be0, L:/127.0.0.1:49869 - R:localhost/127.0.0.1:8082] onStateChange(GET{uri=/getAttractionRewardPoints?attractionId=0ea9abed-3800-46cf-8f91-30e58a55884e&userId=1f958bd7-f7e7-4ce0-8ef3-1faefb01a470, connection=PooledConnection{channel=[id: 0xad770be0, L:/127.0.0.1:49869 - R:localhost/127.0.0.1:8082]}}, [disconnecting])
20:29:24.792 [reactor-http-nio-11] DEBUG reactor.netty.resources.PooledConnectionProvider - [id: 0xad770be0, L:/127.0.0.1:49869 - R:localhost/127.0.0.1:8082] Releasing channel
20:29:24.793 [reactor-http-nio-11] DEBUG reactor.netty.resources.PooledConnectionProvider - [id: 0xad770be0, L:/127.0.0.1:49869 - R:localhost/127.0.0.1:8082] Channel cleaned, now 1 active connections and 1 inactive connections
20:29:24.793 [pool-10-thread-1] DEBUG org.springframework.web.reactive.function.client.ExchangeFunctions - [faaa981] HTTP GET http://localhost:8082/getAttractionRewardPoints?attractionId=3f2c4207-4cba-4870-95b0-ec18d844c6bc&userId=1f958bd7-f7e7-4ce0-8ef3-1faefb01a470
20:29:24.794 [reactor-http-nio-11] DEBUG reactor.netty.resources.PooledConnectionProvider - [id: 0xad770be0, L:/127.0.0.1:49869 - R:localhost/127.0.0.1:8082] Channel acquired, now 2 active connections and 0 inactive connections
20:29:24.794 [reactor-http-nio-11] DEBUG reactor.netty.http.client.HttpClientConnect - [id: 0xad770be0, L:/127.0.0.1:49869 - R:localhost/127.0.0.1:8082] Handler is being applied: {uri=http://localhost:8082/getAttractionRewardPoints?attractionId=3f2c4207-4cba-4870-95b0-ec18d844c6bc&userId=1f958bd7-f7e7-4ce0-8ef3-1faefb01a470, method=GET}
20:29:24.795 [reactor-http-nio-11] DEBUG reactor.netty.resources.PooledConnectionProvider - [id: 0xad770be0, L:/127.0.0.1:49869 - R:localhost/127.0.0.1:8082] onStateChange(GET{uri=/getAttractionRewardPoints?attractionId=3f2c4207-4cba-4870-95b0-ec18d844c6bc&userId=1f958bd7-f7e7-4ce0-8ef3-1faefb01a470, connection=PooledConnection{channel=[id: 0xad770be0, L:/127.0.0.1:49869 - R:localhost/127.0.0.1:8082]}}, [request_sent])
20:29:24.869 [reactor-http-nio-11] DEBUG reactor.netty.http.client.HttpClientOperations - [id: 0x6e7a501f, L:/127.0.0.1:49867 - R:localhost/127.0.0.1:8082] Received response (auto-read:false) : [Content-Type=application/json, Transfer-Encoding=chunked, Date=Tue, 29 Jun 2021 14:59:24 GMT]
20:29:24.869 [reactor-http-nio-11] DEBUG reactor.netty.resources.PooledConnectionProvider - [id: 0x6e7a501f, L:/127.0.0.1:49867 - R:localhost/127.0.0.1:8082] onStateChange(GET{uri=/getAttractionRewardPoints?attractionId=8550c822-1779-4937-b507-a71189b77164&userId=1f958bd7-f7e7-4ce0-8ef3-1faefb01a470, connection=PooledConnection{channel=[id: 0x6e7a501f, L:/127.0.0.1:49867 - R:localhost/127.0.0.1:8082]}}, [response_received])
20:29:24.869 [reactor-http-nio-11] DEBUG org.springframework.web.reactive.function.client.ExchangeFunctions - [1ef08ea4] Response 200 OK
20:29:24.870 [reactor-http-nio-11] DEBUG reactor.netty.channel.FluxReceive - [id: 0x6e7a501f, L:/127.0.0.1:49867 - R:localhost/127.0.0.1:8082] Subscribing inbound receiver [pending: 0, cancelled:false, inboundDone: false]
20:29:24.871 [reactor-http-nio-11] DEBUG reactor.netty.http.client.HttpClientOperations - [id: 0x6e7a501f, L:/127.0.0.1:49867 - R:localhost/127.0.0.1:8082] Received last HTTP packet
20:29:24.871 [reactor-http-nio-11] DEBUG org.springframework.core.codec.StringDecoder - [1ef08ea4] Decoded "785"
20:29:24.871 [reactor-http-nio-11] DEBUG reactor.netty.resources.PooledConnectionProvider - [id: 0x6e7a501f, L:/127.0.0.1:49867 - R:localhost/127.0.0.1:8082] onStateChange(GET{uri=/getAttractionRewardPoints?attractionId=8550c822-1779-4937-b507-a71189b77164&userId=1f958bd7-f7e7-4ce0-8ef3-1faefb01a470, connection=PooledConnection{channel=[id: 0x6e7a501f, L:/127.0.0.1:49867 - R:localhost/127.0.0.1:8082]}}, [disconnecting])
20:29:24.871 [reactor-http-nio-11] DEBUG reactor.netty.resources.PooledConnectionProvider - [id: 0x6e7a501f, L:/127.0.0.1:49867 - R:localhost/127.0.0.1:8082] Releasing channel
20:29:24.871 [reactor-http-nio-11] DEBUG reactor.netty.resources.PooledConnectionProvider - [id: 0x6e7a501f, L:/127.0.0.1:49867 - R:localhost/127.0.0.1:8082] Channel cleaned, now 1 active connections and 1 inactive connections
20:29:24.872 [Test worker] DEBUG org.springframework.web.reactive.function.client.ExchangeFunctions - [184c6b5b] HTTP GET http://localhost:8082/getAttractionRewardPoints?attractionId=13ba43bf-6137-4ab9-a5f3-f8b19e0f1b89&userId=1f958bd7-f7e7-4ce0-8ef3-1faefb01a470
20:29:24.873 [reactor-http-nio-11] DEBUG reactor.netty.resources.PooledConnectionProvider - [id: 0x6e7a501f, L:/127.0.0.1:49867 - R:localhost/127.0.0.1:8082] Channel acquired, now 2 active connections and 0 inactive connections
20:29:24.873 [reactor-http-nio-11] DEBUG reactor.netty.http.client.HttpClientConnect - [id: 0x6e7a501f, L:/127.0.0.1:49867 - R:localhost/127.0.0.1:8082] Handler is being applied: {uri=http://localhost:8082/getAttractionRewardPoints?attractionId=13ba43bf-6137-4ab9-a5f3-f8b19e0f1b89&userId=1f958bd7-f7e7-4ce0-8ef3-1faefb01a470, method=GET}
20:29:24.874 [reactor-http-nio-11] DEBUG reactor.netty.resources.PooledConnectionProvider - [id: 0x6e7a501f, L:/127.0.0.1:49867 - R:localhost/127.0.0.1:8082] onStateChange(GET{uri=/getAttractionRewardPoints?attractionId=13ba43bf-6137-4ab9-a5f3-f8b19e0f1b89&userId=1f958bd7-f7e7-4ce0-8ef3-1faefb01a470, connection=PooledConnection{channel=[id: 0x6e7a501f, L:/127.0.0.1:49867 - R:localhost/127.0.0.1:8082]}}, [request_sent])
20:29:25.104 [reactor-http-nio-11] DEBUG reactor.netty.http.client.HttpClientOperations - [id: 0x6e7a501f, L:/127.0.0.1:49867 - R:localhost/127.0.0.1:8082] Received response (auto-read:false) : [Content-Type=application/json, Transfer-Encoding=chunked, Date=Tue, 29 Jun 2021 14:59:24 GMT]
20:29:25.104 [reactor-http-nio-11] DEBUG reactor.netty.resources.PooledConnectionProvider - [id: 0x6e7a501f, L:/127.0.0.1:49867 - R:localhost/127.0.0.1:8082] onStateChange(GET{uri=/getAttractionRewardPoints?attractionId=13ba43bf-6137-4ab9-a5f3-f8b19e0f1b89&userId=1f958bd7-f7e7-4ce0-8ef3-1faefb01a470, connection=PooledConnection{channel=[id: 0x6e7a501f, L:/127.0.0.1:49867 - R:localhost/127.0.0.1:8082]}}, [response_received])
20:29:25.104 [reactor-http-nio-11] DEBUG org.springframework.web.reactive.function.client.ExchangeFunctions - [184c6b5b] Response 200 OK
20:29:25.105 [reactor-http-nio-11] DEBUG reactor.netty.channel.FluxReceive - [id: 0x6e7a501f, L:/127.0.0.1:49867 - R:localhost/127.0.0.1:8082] Subscribing inbound receiver [pending: 0, cancelled:false, inboundDone: false]
20:29:25.106 [reactor-http-nio-11] DEBUG reactor.netty.http.client.HttpClientOperations - [id: 0x6e7a501f, L:/127.0.0.1:49867 - R:localhost/127.0.0.1:8082] Received last HTTP packet
20:29:25.106 [reactor-http-nio-11] DEBUG org.springframework.core.codec.StringDecoder - [184c6b5b] Decoded "620"
20:29:25.106 [reactor-http-nio-11] DEBUG reactor.netty.resources.PooledConnectionProvider - [id: 0x6e7a501f, L:/127.0.0.1:49867 - R:localhost/127.0.0.1:8082] onStateChange(GET{uri=/getAttractionRewardPoints?attractionId=13ba43bf-6137-4ab9-a5f3-f8b19e0f1b89&userId=1f958bd7-f7e7-4ce0-8ef3-1faefb01a470, connection=PooledConnection{channel=[id: 0x6e7a501f, L:/127.0.0.1:49867 - R:localhost/127.0.0.1:8082]}}, [disconnecting])
20:29:25.106 [reactor-http-nio-11] DEBUG reactor.netty.resources.PooledConnectionProvider - [id: 0x6e7a501f, L:/127.0.0.1:49867 - R:localhost/127.0.0.1:8082] Releasing channel
20:29:25.107 [reactor-http-nio-11] DEBUG reactor.netty.resources.PooledConnectionProvider - [id: 0x6e7a501f, L:/127.0.0.1:49867 - R:localhost/127.0.0.1:8082] Channel cleaned, now 1 active connections and 1 inactive connections
20:29:25.107 [Test worker] DEBUG org.springframework.web.reactive.function.client.ExchangeFunctions - [2387bd95] HTTP GET http://localhost:8082/getAttractionRewardPoints?attractionId=2341559f-c92b-4c6c-842c-5e482bc9eb05&userId=1f958bd7-f7e7-4ce0-8ef3-1faefb01a470
20:29:25.108 [reactor-http-nio-11] DEBUG reactor.netty.resources.PooledConnectionProvider - [id: 0x6e7a501f, L:/127.0.0.1:49867 - R:localhost/127.0.0.1:8082] Channel acquired, now 2 active connections and 0 inactive connections
20:29:25.108 [reactor-http-nio-11] DEBUG reactor.netty.http.client.HttpClientConnect - [id: 0x6e7a501f, L:/127.0.0.1:49867 - R:localhost/127.0.0.1:8082] Handler is being applied: {uri=http://localhost:8082/getAttractionRewardPoints?attractionId=2341559f-c92b-4c6c-842c-5e482bc9eb05&userId=1f958bd7-f7e7-4ce0-8ef3-1faefb01a470, method=GET}
20:29:25.109 [reactor-http-nio-11] DEBUG reactor.netty.resources.PooledConnectionProvider - [id: 0x6e7a501f, L:/127.0.0.1:49867 - R:localhost/127.0.0.1:8082] onStateChange(GET{uri=/getAttractionRewardPoints?attractionId=2341559f-c92b-4c6c-842c-5e482bc9eb05&userId=1f958bd7-f7e7-4ce0-8ef3-1faefb01a470, connection=PooledConnection{channel=[id: 0x6e7a501f, L:/127.0.0.1:49867 - R:localhost/127.0.0.1:8082]}}, [request_sent])
20:29:25.739 [reactor-http-nio-11] DEBUG reactor.netty.http.client.HttpClientOperations - [id: 0xad770be0, L:/127.0.0.1:49869 - R:localhost/127.0.0.1:8082] Received response (auto-read:false) : [Content-Type=application/json, Transfer-Encoding=chunked, Date=Tue, 29 Jun 2021 14:59:24 GMT]
20:29:25.739 [reactor-http-nio-11] DEBUG reactor.netty.resources.PooledConnectionProvider - [id: 0xad770be0, L:/127.0.0.1:49869 - R:localhost/127.0.0.1:8082] onStateChange(GET{uri=/getAttractionRewardPoints?attractionId=3f2c4207-4cba-4870-95b0-ec18d844c6bc&userId=1f958bd7-f7e7-4ce0-8ef3-1faefb01a470, connection=PooledConnection{channel=[id: 0xad770be0, L:/127.0.0.1:49869 - R:localhost/127.0.0.1:8082]}}, [response_received])
20:29:25.740 [reactor-http-nio-11] DEBUG org.springframework.web.reactive.function.client.ExchangeFunctions - [faaa981] Response 200 OK
20:29:25.740 [reactor-http-nio-11] DEBUG reactor.netty.channel.FluxReceive - [id: 0xad770be0, L:/127.0.0.1:49869 - R:localhost/127.0.0.1:8082] Subscribing inbound receiver [pending: 0, cancelled:false, inboundDone: false]
20:29:25.741 [reactor-http-nio-11] DEBUG reactor.netty.http.client.HttpClientOperations - [id: 0xad770be0, L:/127.0.0.1:49869 - R:localhost/127.0.0.1:8082] Received last HTTP packet
20:29:25.741 [reactor-http-nio-11] DEBUG org.springframework.core.codec.StringDecoder - [faaa981] Decoded "228"
20:29:25.742 [reactor-http-nio-11] DEBUG reactor.netty.resources.PooledConnectionProvider - [id: 0xad770be0, L:/127.0.0.1:49869 - R:localhost/127.0.0.1:8082] onStateChange(GET{uri=/getAttractionRewardPoints?attractionId=3f2c4207-4cba-4870-95b0-ec18d844c6bc&userId=1f958bd7-f7e7-4ce0-8ef3-1faefb01a470, connection=PooledConnection{channel=[id: 0xad770be0, L:/127.0.0.1:49869 - R:localhost/127.0.0.1:8082]}}, [disconnecting])
20:29:25.742 [reactor-http-nio-11] DEBUG reactor.netty.resources.PooledConnectionProvider - [id: 0xad770be0, L:/127.0.0.1:49869 - R:localhost/127.0.0.1:8082] Releasing channel
20:29:25.742 [reactor-http-nio-11] DEBUG reactor.netty.resources.PooledConnectionProvider - [id: 0xad770be0, L:/127.0.0.1:49869 - R:localhost/127.0.0.1:8082] Channel cleaned, now 1 active connections and 1 inactive connections
20:29:25.743 [pool-10-thread-1] DEBUG org.springframework.web.reactive.function.client.ExchangeFunctions - [f097786] HTTP GET http://localhost:8082/getAttractionRewardPoints?attractionId=895c88d8-4833-4fa1-8858-5d7c055c81b6&userId=1f958bd7-f7e7-4ce0-8ef3-1faefb01a470
20:29:25.743 [reactor-http-nio-11] DEBUG reactor.netty.resources.PooledConnectionProvider - [id: 0xad770be0, L:/127.0.0.1:49869 - R:localhost/127.0.0.1:8082] Channel acquired, now 2 active connections and 0 inactive connections
20:29:25.743 [reactor-http-nio-11] DEBUG reactor.netty.http.client.HttpClientConnect - [id: 0xad770be0, L:/127.0.0.1:49869 - R:localhost/127.0.0.1:8082] Handler is being applied: {uri=http://localhost:8082/getAttractionRewardPoints?attractionId=895c88d8-4833-4fa1-8858-5d7c055c81b6&userId=1f958bd7-f7e7-4ce0-8ef3-1faefb01a470, method=GET}
20:29:25.745 [reactor-http-nio-11] DEBUG reactor.netty.resources.PooledConnectionProvider - [id: 0xad770be0, L:/127.0.0.1:49869 - R:localhost/127.0.0.1:8082] onStateChange(GET{uri=/getAttractionRewardPoints?attractionId=895c88d8-4833-4fa1-8858-5d7c055c81b6&userId=1f958bd7-f7e7-4ce0-8ef3-1faefb01a470, connection=PooledConnection{channel=[id: 0xad770be0, L:/127.0.0.1:49869 - R:localhost/127.0.0.1:8082]}}, [request_sent])
20:29:25.866 [reactor-http-nio-11] DEBUG reactor.netty.http.client.HttpClientOperations - [id: 0x6e7a501f, L:/127.0.0.1:49867 - R:localhost/127.0.0.1:8082] Received response (auto-read:false) : [Content-Type=application/json, Transfer-Encoding=chunked, Date=Tue, 29 Jun 2021 14:59:25 GMT]
20:29:25.866 [reactor-http-nio-11] DEBUG reactor.netty.resources.PooledConnectionProvider - [id: 0x6e7a501f, L:/127.0.0.1:49867 - R:localhost/127.0.0.1:8082] onStateChange(GET{uri=/getAttractionRewardPoints?attractionId=2341559f-c92b-4c6c-842c-5e482bc9eb05&userId=1f958bd7-f7e7-4ce0-8ef3-1faefb01a470, connection=PooledConnection{channel=[id: 0x6e7a501f, L:/127.0.0.1:49867 - R:localhost/127.0.0.1:8082]}}, [response_received])
20:29:25.866 [reactor-http-nio-11] DEBUG org.springframework.web.reactive.function.client.ExchangeFunctions - [2387bd95] Response 200 OK
20:29:25.867 [reactor-http-nio-11] DEBUG reactor.netty.channel.FluxReceive - [id: 0x6e7a501f, L:/127.0.0.1:49867 - R:localhost/127.0.0.1:8082] Subscribing inbound receiver [pending: 0, cancelled:false, inboundDone: false]
20:29:25.868 [reactor-http-nio-11] DEBUG reactor.netty.http.client.HttpClientOperations - [id: 0x6e7a501f, L:/127.0.0.1:49867 - R:localhost/127.0.0.1:8082] Received last HTTP packet
20:29:25.868 [reactor-http-nio-11] DEBUG org.springframework.core.codec.StringDecoder - [2387bd95] Decoded "596"
20:29:25.868 [reactor-http-nio-11] DEBUG reactor.netty.resources.PooledConnectionProvider - [id: 0x6e7a501f, L:/127.0.0.1:49867 - R:localhost/127.0.0.1:8082] onStateChange(GET{uri=/getAttractionRewardPoints?attractionId=2341559f-c92b-4c6c-842c-5e482bc9eb05&userId=1f958bd7-f7e7-4ce0-8ef3-1faefb01a470, connection=PooledConnection{channel=[id: 0x6e7a501f, L:/127.0.0.1:49867 - R:localhost/127.0.0.1:8082]}}, [disconnecting])
20:29:25.868 [reactor-http-nio-11] DEBUG reactor.netty.resources.PooledConnectionProvider - [id: 0x6e7a501f, L:/127.0.0.1:49867 - R:localhost/127.0.0.1:8082] Releasing channel
20:29:25.868 [reactor-http-nio-11] DEBUG reactor.netty.resources.PooledConnectionProvider - [id: 0x6e7a501f, L:/127.0.0.1:49867 - R:localhost/127.0.0.1:8082] Channel cleaned, now 1 active connections and 1 inactive connections
20:29:25.869 [Test worker] DEBUG org.springframework.web.reactive.function.client.ExchangeFunctions - [482b7b62] HTTP GET http://localhost:8082/getAttractionRewardPoints?attractionId=118d2651-75a6-416a-afaa-ee3621052c16&userId=1f958bd7-f7e7-4ce0-8ef3-1faefb01a470
20:29:25.870 [reactor-http-nio-11] DEBUG reactor.netty.resources.PooledConnectionProvider - [id: 0x6e7a501f, L:/127.0.0.1:49867 - R:localhost/127.0.0.1:8082] Channel acquired, now 2 active connections and 0 inactive connections
20:29:25.870 [reactor-http-nio-11] DEBUG reactor.netty.http.client.HttpClientConnect - [id: 0x6e7a501f, L:/127.0.0.1:49867 - R:localhost/127.0.0.1:8082] Handler is being applied: {uri=http://localhost:8082/getAttractionRewardPoints?attractionId=118d2651-75a6-416a-afaa-ee3621052c16&userId=1f958bd7-f7e7-4ce0-8ef3-1faefb01a470, method=GET}
20:29:25.871 [reactor-http-nio-11] DEBUG reactor.netty.resources.PooledConnectionProvider - [id: 0x6e7a501f, L:/127.0.0.1:49867 - R:localhost/127.0.0.1:8082] onStateChange(GET{uri=/getAttractionRewardPoints?attractionId=118d2651-75a6-416a-afaa-ee3621052c16&userId=1f958bd7-f7e7-4ce0-8ef3-1faefb01a470, connection=PooledConnection{channel=[id: 0x6e7a501f, L:/127.0.0.1:49867 - R:localhost/127.0.0.1:8082]}}, [request_sent])
20:29:25.910 [reactor-http-nio-11] DEBUG reactor.netty.http.client.HttpClientOperations - [id: 0xad770be0, L:/127.0.0.1:49869 - R:localhost/127.0.0.1:8082] Received response (auto-read:false) : [Content-Type=application/json, Transfer-Encoding=chunked, Date=Tue, 29 Jun 2021 14:59:25 GMT]
20:29:25.911 [reactor-http-nio-11] DEBUG reactor.netty.resources.PooledConnectionProvider - [id: 0xad770be0, L:/127.0.0.1:49869 - R:localhost/127.0.0.1:8082] onStateChange(GET{uri=/getAttractionRewardPoints?attractionId=895c88d8-4833-4fa1-8858-5d7c055c81b6&userId=1f958bd7-f7e7-4ce0-8ef3-1faefb01a470, connection=PooledConnection{channel=[id: 0xad770be0, L:/127.0.0.1:49869 - R:localhost/127.0.0.1:8082]}}, [response_received])
20:29:25.911 [reactor-http-nio-11] DEBUG org.springframework.web.reactive.function.client.ExchangeFunctions - [f097786] Response 200 OK
20:29:25.912 [reactor-http-nio-11] DEBUG reactor.netty.channel.FluxReceive - [id: 0xad770be0, L:/127.0.0.1:49869 - R:localhost/127.0.0.1:8082] Subscribing inbound receiver [pending: 0, cancelled:false, inboundDone: false]
20:29:25.913 [reactor-http-nio-11] DEBUG reactor.netty.http.client.HttpClientOperations - [id: 0xad770be0, L:/127.0.0.1:49869 - R:localhost/127.0.0.1:8082] Received last HTTP packet
20:29:25.913 [reactor-http-nio-11] DEBUG org.springframework.core.codec.StringDecoder - [f097786] Decoded "238"
20:29:25.913 [reactor-http-nio-11] DEBUG reactor.netty.resources.PooledConnectionProvider - [id: 0xad770be0, L:/127.0.0.1:49869 - R:localhost/127.0.0.1:8082] onStateChange(GET{uri=/getAttractionRewardPoints?attractionId=895c88d8-4833-4fa1-8858-5d7c055c81b6&userId=1f958bd7-f7e7-4ce0-8ef3-1faefb01a470, connection=PooledConnection{channel=[id: 0xad770be0, L:/127.0.0.1:49869 - R:localhost/127.0.0.1:8082]}}, [disconnecting])
20:29:25.914 [reactor-http-nio-11] DEBUG reactor.netty.resources.PooledConnectionProvider - [id: 0xad770be0, L:/127.0.0.1:49869 - R:localhost/127.0.0.1:8082] Releasing channel
20:29:25.914 [reactor-http-nio-11] DEBUG reactor.netty.resources.PooledConnectionProvider - [id: 0xad770be0, L:/127.0.0.1:49869 - R:localhost/127.0.0.1:8082] Channel cleaned, now 1 active connections and 1 inactive connections
20:29:25.915 [pool-10-thread-1] DEBUG org.springframework.web.reactive.function.client.ExchangeFunctions - [319b1bec] HTTP GET http://localhost:8082/getAttractionRewardPoints?attractionId=67599ca0-ed97-421c-a7b0-f41d04af2968&userId=1f958bd7-f7e7-4ce0-8ef3-1faefb01a470
20:29:25.915 [reactor-http-nio-11] DEBUG reactor.netty.resources.PooledConnectionProvider - [id: 0xad770be0, L:/127.0.0.1:49869 - R:localhost/127.0.0.1:8082] Channel acquired, now 2 active connections and 0 inactive connections
20:29:25.915 [reactor-http-nio-11] DEBUG reactor.netty.http.client.HttpClientConnect - [id: 0xad770be0, L:/127.0.0.1:49869 - R:localhost/127.0.0.1:8082] Handler is being applied: {uri=http://localhost:8082/getAttractionRewardPoints?attractionId=67599ca0-ed97-421c-a7b0-f41d04af2968&userId=1f958bd7-f7e7-4ce0-8ef3-1faefb01a470, method=GET}
20:29:25.916 [reactor-http-nio-11] DEBUG reactor.netty.resources.PooledConnectionProvider - [id: 0xad770be0, L:/127.0.0.1:49869 - R:localhost/127.0.0.1:8082] onStateChange(GET{uri=/getAttractionRewardPoints?attractionId=67599ca0-ed97-421c-a7b0-f41d04af2968&userId=1f958bd7-f7e7-4ce0-8ef3-1faefb01a470, connection=PooledConnection{channel=[id: 0xad770be0, L:/127.0.0.1:49869 - R:localhost/127.0.0.1:8082]}}, [request_sent])
20:29:26.045 [reactor-http-nio-11] DEBUG reactor.netty.http.client.HttpClientOperations - [id: 0x6e7a501f, L:/127.0.0.1:49867 - R:localhost/127.0.0.1:8082] Received response (auto-read:false) : [Content-Type=application/json, Transfer-Encoding=chunked, Date=Tue, 29 Jun 2021 14:59:25 GMT]
20:29:26.045 [reactor-http-nio-11] DEBUG reactor.netty.resources.PooledConnectionProvider - [id: 0x6e7a501f, L:/127.0.0.1:49867 - R:localhost/127.0.0.1:8082] onStateChange(GET{uri=/getAttractionRewardPoints?attractionId=118d2651-75a6-416a-afaa-ee3621052c16&userId=1f958bd7-f7e7-4ce0-8ef3-1faefb01a470, connection=PooledConnection{channel=[id: 0x6e7a501f, L:/127.0.0.1:49867 - R:localhost/127.0.0.1:8082]}}, [response_received])
20:29:26.045 [reactor-http-nio-11] DEBUG org.springframework.web.reactive.function.client.ExchangeFunctions - [482b7b62] Response 200 OK
20:29:26.046 [reactor-http-nio-11] DEBUG reactor.netty.channel.FluxReceive - [id: 0x6e7a501f, L:/127.0.0.1:49867 - R:localhost/127.0.0.1:8082] Subscribing inbound receiver [pending: 0, cancelled:false, inboundDone: false]
20:29:26.046 [reactor-http-nio-11] DEBUG reactor.netty.http.client.HttpClientOperations - [id: 0x6e7a501f, L:/127.0.0.1:49867 - R:localhost/127.0.0.1:8082] Received last HTTP packet
20:29:26.047 [reactor-http-nio-11] DEBUG org.springframework.core.codec.StringDecoder - [482b7b62] Decoded "923"
20:29:26.047 [reactor-http-nio-11] DEBUG reactor.netty.resources.PooledConnectionProvider - [id: 0x6e7a501f, L:/127.0.0.1:49867 - R:localhost/127.0.0.1:8082] onStateChange(GET{uri=/getAttractionRewardPoints?attractionId=118d2651-75a6-416a-afaa-ee3621052c16&userId=1f958bd7-f7e7-4ce0-8ef3-1faefb01a470, connection=PooledConnection{channel=[id: 0x6e7a501f, L:/127.0.0.1:49867 - R:localhost/127.0.0.1:8082]}}, [disconnecting])
20:29:26.047 [reactor-http-nio-11] DEBUG reactor.netty.resources.PooledConnectionProvider - [id: 0x6e7a501f, L:/127.0.0.1:49867 - R:localhost/127.0.0.1:8082] Releasing channel
20:29:26.047 [reactor-http-nio-11] DEBUG reactor.netty.resources.PooledConnectionProvider - [id: 0x6e7a501f, L:/127.0.0.1:49867 - R:localhost/127.0.0.1:8082] Channel cleaned, now 1 active connections and 1 inactive connections
20:29:26.048 [Test worker] DEBUG org.springframework.web.reactive.function.client.ExchangeFunctions - [5234596d] HTTP GET http://localhost:8082/getAttractionRewardPoints?attractionId=1176c7dd-16ac-4fba-9c8e-5047e1e11db2&userId=1f958bd7-f7e7-4ce0-8ef3-1faefb01a470
20:29:26.048 [reactor-http-nio-11] DEBUG reactor.netty.resources.PooledConnectionProvider - [id: 0x6e7a501f, L:/127.0.0.1:49867 - R:localhost/127.0.0.1:8082] Channel acquired, now 2 active connections and 0 inactive connections
20:29:26.049 [reactor-http-nio-11] DEBUG reactor.netty.http.client.HttpClientConnect - [id: 0x6e7a501f, L:/127.0.0.1:49867 - R:localhost/127.0.0.1:8082] Handler is being applied: {uri=http://localhost:8082/getAttractionRewardPoints?attractionId=1176c7dd-16ac-4fba-9c8e-5047e1e11db2&userId=1f958bd7-f7e7-4ce0-8ef3-1faefb01a470, method=GET}
20:29:26.049 [reactor-http-nio-11] DEBUG reactor.netty.resources.PooledConnectionProvider - [id: 0x6e7a501f, L:/127.0.0.1:49867 - R:localhost/127.0.0.1:8082] onStateChange(GET{uri=/getAttractionRewardPoints?attractionId=1176c7dd-16ac-4fba-9c8e-5047e1e11db2&userId=1f958bd7-f7e7-4ce0-8ef3-1faefb01a470, connection=PooledConnection{channel=[id: 0x6e7a501f, L:/127.0.0.1:49867 - R:localhost/127.0.0.1:8082]}}, [request_sent])
20:29:26.653 [reactor-http-nio-11] DEBUG reactor.netty.http.client.HttpClientOperations - [id: 0x6e7a501f, L:/127.0.0.1:49867 - R:localhost/127.0.0.1:8082] Received response (auto-read:false) : [Content-Type=application/json, Transfer-Encoding=chunked, Date=Tue, 29 Jun 2021 14:59:25 GMT]
20:29:26.653 [reactor-http-nio-11] DEBUG reactor.netty.resources.PooledConnectionProvider - [id: 0x6e7a501f, L:/127.0.0.1:49867 - R:localhost/127.0.0.1:8082] onStateChange(GET{uri=/getAttractionRewardPoints?attractionId=1176c7dd-16ac-4fba-9c8e-5047e1e11db2&userId=1f958bd7-f7e7-4ce0-8ef3-1faefb01a470, connection=PooledConnection{channel=[id: 0x6e7a501f, L:/127.0.0.1:49867 - R:localhost/127.0.0.1:8082]}}, [response_received])
20:29:26.653 [reactor-http-nio-11] DEBUG org.springframework.web.reactive.function.client.ExchangeFunctions - [5234596d] Response 200 OK
20:29:26.654 [reactor-http-nio-11] DEBUG reactor.netty.channel.FluxReceive - [id: 0x6e7a501f, L:/127.0.0.1:49867 - R:localhost/127.0.0.1:8082] Subscribing inbound receiver [pending: 0, cancelled:false, inboundDone: false]
20:29:26.654 [reactor-http-nio-11] DEBUG reactor.netty.http.client.HttpClientOperations - [id: 0x6e7a501f, L:/127.0.0.1:49867 - R:localhost/127.0.0.1:8082] Received last HTTP packet
20:29:26.654 [reactor-http-nio-11] DEBUG org.springframework.core.codec.StringDecoder - [5234596d] Decoded "513"
20:29:26.655 [reactor-http-nio-11] DEBUG reactor.netty.resources.PooledConnectionProvider - [id: 0x6e7a501f, L:/127.0.0.1:49867 - R:localhost/127.0.0.1:8082] onStateChange(GET{uri=/getAttractionRewardPoints?attractionId=1176c7dd-16ac-4fba-9c8e-5047e1e11db2&userId=1f958bd7-f7e7-4ce0-8ef3-1faefb01a470, connection=PooledConnection{channel=[id: 0x6e7a501f, L:/127.0.0.1:49867 - R:localhost/127.0.0.1:8082]}}, [disconnecting])
20:29:26.655 [reactor-http-nio-11] DEBUG reactor.netty.resources.PooledConnectionProvider - [id: 0x6e7a501f, L:/127.0.0.1:49867 - R:localhost/127.0.0.1:8082] Releasing channel
20:29:26.655 [reactor-http-nio-11] DEBUG reactor.netty.resources.PooledConnectionProvider - [id: 0x6e7a501f, L:/127.0.0.1:49867 - R:localhost/127.0.0.1:8082] Channel cleaned, now 1 active connections and 1 inactive connections
20:29:26.660 [Test worker] DEBUG org.springframework.web.reactive.function.client.ExchangeFunctions - [2959e6c3] HTTP GET http://localhost:8082/getAttractionRewardPoints?attractionId=1b964ea8-67aa-440e-9ba5-8c011a362de6&userId=1f958bd7-f7e7-4ce0-8ef3-1faefb01a470
20:29:26.660 [reactor-http-nio-11] DEBUG reactor.netty.resources.PooledConnectionProvider - [id: 0x6e7a501f, L:/127.0.0.1:49867 - R:localhost/127.0.0.1:8082] Channel acquired, now 2 active connections and 0 inactive connections
20:29:26.661 [reactor-http-nio-11] DEBUG reactor.netty.http.client.HttpClientConnect - [id: 0x6e7a501f, L:/127.0.0.1:49867 - R:localhost/127.0.0.1:8082] Handler is being applied: {uri=http://localhost:8082/getAttractionRewardPoints?attractionId=1b964ea8-67aa-440e-9ba5-8c011a362de6&userId=1f958bd7-f7e7-4ce0-8ef3-1faefb01a470, method=GET}
20:29:26.662 [reactor-http-nio-11] DEBUG reactor.netty.resources.PooledConnectionProvider - [id: 0x6e7a501f, L:/127.0.0.1:49867 - R:localhost/127.0.0.1:8082] onStateChange(GET{uri=/getAttractionRewardPoints?attractionId=1b964ea8-67aa-440e-9ba5-8c011a362de6&userId=1f958bd7-f7e7-4ce0-8ef3-1faefb01a470, connection=PooledConnection{channel=[id: 0x6e7a501f, L:/127.0.0.1:49867 - R:localhost/127.0.0.1:8082]}}, [request_sent])
20:29:26.736 [reactor-http-nio-11] DEBUG reactor.netty.http.client.HttpClientOperations - [id: 0xad770be0, L:/127.0.0.1:49869 - R:localhost/127.0.0.1:8082] Received response (auto-read:false) : [Content-Type=application/json, Transfer-Encoding=chunked, Date=Tue, 29 Jun 2021 14:59:25 GMT]
20:29:26.736 [reactor-http-nio-11] DEBUG reactor.netty.resources.PooledConnectionProvider - [id: 0xad770be0, L:/127.0.0.1:49869 - R:localhost/127.0.0.1:8082] onStateChange(GET{uri=/getAttractionRewardPoints?attractionId=67599ca0-ed97-421c-a7b0-f41d04af2968&userId=1f958bd7-f7e7-4ce0-8ef3-1faefb01a470, connection=PooledConnection{channel=[id: 0xad770be0, L:/127.0.0.1:49869 - R:localhost/127.0.0.1:8082]}}, [response_received])
20:29:26.737 [reactor-http-nio-11] DEBUG org.springframework.web.reactive.function.client.ExchangeFunctions - [319b1bec] Response 200 OK
20:29:26.737 [reactor-http-nio-11] DEBUG reactor.netty.channel.FluxReceive - [id: 0xad770be0, L:/127.0.0.1:49869 - R:localhost/127.0.0.1:8082] Subscribing inbound receiver [pending: 0, cancelled:false, inboundDone: false]
20:29:26.737 [reactor-http-nio-11] DEBUG reactor.netty.http.client.HttpClientOperations - [id: 0xad770be0, L:/127.0.0.1:49869 - R:localhost/127.0.0.1:8082] Received last HTTP packet
20:29:26.737 [reactor-http-nio-11] DEBUG org.springframework.core.codec.StringDecoder - [319b1bec] Decoded "152"
20:29:26.737 [reactor-http-nio-11] DEBUG reactor.netty.resources.PooledConnectionProvider - [id: 0xad770be0, L:/127.0.0.1:49869 - R:localhost/127.0.0.1:8082] onStateChange(GET{uri=/getAttractionRewardPoints?attractionId=67599ca0-ed97-421c-a7b0-f41d04af2968&userId=1f958bd7-f7e7-4ce0-8ef3-1faefb01a470, connection=PooledConnection{channel=[id: 0xad770be0, L:/127.0.0.1:49869 - R:localhost/127.0.0.1:8082]}}, [disconnecting])
20:29:26.738 [reactor-http-nio-11] DEBUG reactor.netty.resources.PooledConnectionProvider - [id: 0xad770be0, L:/127.0.0.1:49869 - R:localhost/127.0.0.1:8082] Releasing channel
20:29:26.738 [reactor-http-nio-11] DEBUG reactor.netty.resources.PooledConnectionProvider - [id: 0xad770be0, L:/127.0.0.1:49869 - R:localhost/127.0.0.1:8082] Channel cleaned, now 1 active connections and 1 inactive connections
20:29:26.738 [pool-10-thread-1] DEBUG org.springframework.web.reactive.function.client.ExchangeFunctions - [738a03a5] HTTP GET http://localhost:8082/getAttractionRewardPoints?attractionId=fa9e2082-7716-4964-9ed2-20295754157c&userId=1f958bd7-f7e7-4ce0-8ef3-1faefb01a470
20:29:26.739 [reactor-http-nio-11] DEBUG reactor.netty.resources.PooledConnectionProvider - [id: 0xad770be0, L:/127.0.0.1:49869 - R:localhost/127.0.0.1:8082] Channel acquired, now 2 active connections and 0 inactive connections
20:29:26.739 [reactor-http-nio-11] DEBUG reactor.netty.http.client.HttpClientConnect - [id: 0xad770be0, L:/127.0.0.1:49869 - R:localhost/127.0.0.1:8082] Handler is being applied: {uri=http://localhost:8082/getAttractionRewardPoints?attractionId=fa9e2082-7716-4964-9ed2-20295754157c&userId=1f958bd7-f7e7-4ce0-8ef3-1faefb01a470, method=GET}
20:29:26.739 [reactor-http-nio-11] DEBUG reactor.netty.resources.PooledConnectionProvider - [id: 0xad770be0, L:/127.0.0.1:49869 - R:localhost/127.0.0.1:8082] onStateChange(GET{uri=/getAttractionRewardPoints?attractionId=fa9e2082-7716-4964-9ed2-20295754157c&userId=1f958bd7-f7e7-4ce0-8ef3-1faefb01a470, connection=PooledConnection{channel=[id: 0xad770be0, L:/127.0.0.1:49869 - R:localhost/127.0.0.1:8082]}}, [request_sent])
20:29:27.067 [reactor-http-nio-11] DEBUG reactor.netty.http.client.HttpClientOperations - [id: 0x6e7a501f, L:/127.0.0.1:49867 - R:localhost/127.0.0.1:8082] Received response (auto-read:false) : [Content-Type=application/json, Transfer-Encoding=chunked, Date=Tue, 29 Jun 2021 14:59:27 GMT]
20:29:27.068 [reactor-http-nio-11] DEBUG reactor.netty.resources.PooledConnectionProvider - [id: 0x6e7a501f, L:/127.0.0.1:49867 - R:localhost/127.0.0.1:8082] onStateChange(GET{uri=/getAttractionRewardPoints?attractionId=1b964ea8-67aa-440e-9ba5-8c011a362de6&userId=1f958bd7-f7e7-4ce0-8ef3-1faefb01a470, connection=PooledConnection{channel=[id: 0x6e7a501f, L:/127.0.0.1:49867 - R:localhost/127.0.0.1:8082]}}, [response_received])
20:29:27.068 [reactor-http-nio-11] DEBUG org.springframework.web.reactive.function.client.ExchangeFunctions - [2959e6c3] Response 200 OK
20:29:27.069 [reactor-http-nio-11] DEBUG reactor.netty.channel.FluxReceive - [id: 0x6e7a501f, L:/127.0.0.1:49867 - R:localhost/127.0.0.1:8082] Subscribing inbound receiver [pending: 0, cancelled:false, inboundDone: false]
20:29:27.069 [reactor-http-nio-11] DEBUG reactor.netty.http.client.HttpClientOperations - [id: 0x6e7a501f, L:/127.0.0.1:49867 - R:localhost/127.0.0.1:8082] Received last HTTP packet
20:29:27.069 [reactor-http-nio-11] DEBUG org.springframework.core.codec.StringDecoder - [2959e6c3] Decoded "946"
20:29:27.070 [reactor-http-nio-11] DEBUG reactor.netty.resources.PooledConnectionProvider - [id: 0x6e7a501f, L:/127.0.0.1:49867 - R:localhost/127.0.0.1:8082] onStateChange(GET{uri=/getAttractionRewardPoints?attractionId=1b964ea8-67aa-440e-9ba5-8c011a362de6&userId=1f958bd7-f7e7-4ce0-8ef3-1faefb01a470, connection=PooledConnection{channel=[id: 0x6e7a501f, L:/127.0.0.1:49867 - R:localhost/127.0.0.1:8082]}}, [disconnecting])
20:29:27.070 [reactor-http-nio-11] DEBUG reactor.netty.resources.PooledConnectionProvider - [id: 0x6e7a501f, L:/127.0.0.1:49867 - R:localhost/127.0.0.1:8082] Releasing channel
20:29:27.070 [reactor-http-nio-11] DEBUG reactor.netty.resources.PooledConnectionProvider - [id: 0x6e7a501f, L:/127.0.0.1:49867 - R:localhost/127.0.0.1:8082] Channel cleaned, now 1 active connections and 1 inactive connections
20:29:27.071 [Test worker] DEBUG org.springframework.web.reactive.function.client.ExchangeFunctions - [372c8d68] HTTP GET http://localhost:8082/getAttractionRewardPoints?attractionId=3572620f-44b6-4bca-bc62-ed649b04f144&userId=1f958bd7-f7e7-4ce0-8ef3-1faefb01a470
20:29:27.071 [reactor-http-nio-11] DEBUG reactor.netty.resources.PooledConnectionProvider - [id: 0x6e7a501f, L:/127.0.0.1:49867 - R:localhost/127.0.0.1:8082] Channel acquired, now 2 active connections and 0 inactive connections
20:29:27.071 [reactor-http-nio-11] DEBUG reactor.netty.http.client.HttpClientConnect - [id: 0x6e7a501f, L:/127.0.0.1:49867 - R:localhost/127.0.0.1:8082] Handler is being applied: {uri=http://localhost:8082/getAttractionRewardPoints?attractionId=3572620f-44b6-4bca-bc62-ed649b04f144&userId=1f958bd7-f7e7-4ce0-8ef3-1faefb01a470, method=GET}
20:29:27.072 [reactor-http-nio-11] DEBUG reactor.netty.resources.PooledConnectionProvider - [id: 0x6e7a501f, L:/127.0.0.1:49867 - R:localhost/127.0.0.1:8082] onStateChange(GET{uri=/getAttractionRewardPoints?attractionId=3572620f-44b6-4bca-bc62-ed649b04f144&userId=1f958bd7-f7e7-4ce0-8ef3-1faefb01a470, connection=PooledConnection{channel=[id: 0x6e7a501f, L:/127.0.0.1:49867 - R:localhost/127.0.0.1:8082]}}, [request_sent])
20:29:27.115 [reactor-http-nio-11] DEBUG reactor.netty.http.client.HttpClientOperations - [id: 0x6e7a501f, L:/127.0.0.1:49867 - R:localhost/127.0.0.1:8082] Received response (auto-read:false) : [Content-Type=application/json, Transfer-Encoding=chunked, Date=Tue, 29 Jun 2021 14:59:27 GMT]
20:29:27.115 [reactor-http-nio-11] DEBUG reactor.netty.resources.PooledConnectionProvider - [id: 0x6e7a501f, L:/127.0.0.1:49867 - R:localhost/127.0.0.1:8082] onStateChange(GET{uri=/getAttractionRewardPoints?attractionId=3572620f-44b6-4bca-bc62-ed649b04f144&userId=1f958bd7-f7e7-4ce0-8ef3-1faefb01a470, connection=PooledConnection{channel=[id: 0x6e7a501f, L:/127.0.0.1:49867 - R:localhost/127.0.0.1:8082]}}, [response_received])
20:29:27.115 [reactor-http-nio-11] DEBUG org.springframework.web.reactive.function.client.ExchangeFunctions - [372c8d68] Response 200 OK
20:29:27.116 [reactor-http-nio-11] DEBUG reactor.netty.channel.FluxReceive - [id: 0x6e7a501f, L:/127.0.0.1:49867 - R:localhost/127.0.0.1:8082] Subscribing inbound receiver [pending: 0, cancelled:false, inboundDone: false]
20:29:27.116 [reactor-http-nio-11] DEBUG reactor.netty.http.client.HttpClientOperations - [id: 0x6e7a501f, L:/127.0.0.1:49867 - R:localhost/127.0.0.1:8082] Received last HTTP packet
20:29:27.116 [reactor-http-nio-11] DEBUG org.springframework.core.codec.StringDecoder - [372c8d68] Decoded "374"
20:29:27.116 [reactor-http-nio-11] DEBUG reactor.netty.resources.PooledConnectionProvider - [id: 0x6e7a501f, L:/127.0.0.1:49867 - R:localhost/127.0.0.1:8082] onStateChange(GET{uri=/getAttractionRewardPoints?attractionId=3572620f-44b6-4bca-bc62-ed649b04f144&userId=1f958bd7-f7e7-4ce0-8ef3-1faefb01a470, connection=PooledConnection{channel=[id: 0x6e7a501f, L:/127.0.0.1:49867 - R:localhost/127.0.0.1:8082]}}, [disconnecting])
20:29:27.116 [reactor-http-nio-11] DEBUG reactor.netty.resources.PooledConnectionProvider - [id: 0x6e7a501f, L:/127.0.0.1:49867 - R:localhost/127.0.0.1:8082] Releasing channel
20:29:27.116 [reactor-http-nio-11] DEBUG reactor.netty.resources.PooledConnectionProvider - [id: 0x6e7a501f, L:/127.0.0.1:49867 - R:localhost/127.0.0.1:8082] Channel cleaned, now 1 active connections and 1 inactive connections
20:29:27.117 [Test worker] DEBUG org.springframework.web.reactive.function.client.ExchangeFunctions - [24cf0084] HTTP GET http://localhost:8082/getAttractionRewardPoints?attractionId=7865fec8-4921-4327-af94-6f9fa36d543d&userId=1f958bd7-f7e7-4ce0-8ef3-1faefb01a470
20:29:27.117 [reactor-http-nio-11] DEBUG reactor.netty.resources.PooledConnectionProvider - [id: 0x6e7a501f, L:/127.0.0.1:49867 - R:localhost/127.0.0.1:8082] Channel acquired, now 2 active connections and 0 inactive connections
20:29:27.117 [reactor-http-nio-11] DEBUG reactor.netty.http.client.HttpClientConnect - [id: 0x6e7a501f, L:/127.0.0.1:49867 - R:localhost/127.0.0.1:8082] Handler is being applied: {uri=http://localhost:8082/getAttractionRewardPoints?attractionId=7865fec8-4921-4327-af94-6f9fa36d543d&userId=1f958bd7-f7e7-4ce0-8ef3-1faefb01a470, method=GET}
20:29:27.117 [reactor-http-nio-11] DEBUG reactor.netty.resources.PooledConnectionProvider - [id: 0x6e7a501f, L:/127.0.0.1:49867 - R:localhost/127.0.0.1:8082] onStateChange(GET{uri=/getAttractionRewardPoints?attractionId=7865fec8-4921-4327-af94-6f9fa36d543d&userId=1f958bd7-f7e7-4ce0-8ef3-1faefb01a470, connection=PooledConnection{channel=[id: 0x6e7a501f, L:/127.0.0.1:49867 - R:localhost/127.0.0.1:8082]}}, [request_sent])
20:29:27.564 [reactor-http-nio-11] DEBUG reactor.netty.http.client.HttpClientOperations - [id: 0x6e7a501f, L:/127.0.0.1:49867 - R:localhost/127.0.0.1:8082] Received response (auto-read:false) : [Content-Type=application/json, Transfer-Encoding=chunked, Date=Tue, 29 Jun 2021 14:59:27 GMT]
20:29:27.564 [reactor-http-nio-11] DEBUG reactor.netty.resources.PooledConnectionProvider - [id: 0x6e7a501f, L:/127.0.0.1:49867 - R:localhost/127.0.0.1:8082] onStateChange(GET{uri=/getAttractionRewardPoints?attractionId=7865fec8-4921-4327-af94-6f9fa36d543d&userId=1f958bd7-f7e7-4ce0-8ef3-1faefb01a470, connection=PooledConnection{channel=[id: 0x6e7a501f, L:/127.0.0.1:49867 - R:localhost/127.0.0.1:8082]}}, [response_received])
20:29:27.564 [reactor-http-nio-11] DEBUG org.springframework.web.reactive.function.client.ExchangeFunctions - [24cf0084] Response 200 OK
20:29:27.565 [reactor-http-nio-11] DEBUG reactor.netty.channel.FluxReceive - [id: 0x6e7a501f, L:/127.0.0.1:49867 - R:localhost/127.0.0.1:8082] Subscribing inbound receiver [pending: 0, cancelled:false, inboundDone: false]
20:29:27.566 [reactor-http-nio-11] DEBUG reactor.netty.http.client.HttpClientOperations - [id: 0x6e7a501f, L:/127.0.0.1:49867 - R:localhost/127.0.0.1:8082] Received last HTTP packet
20:29:27.566 [reactor-http-nio-11] DEBUG org.springframework.core.codec.StringDecoder - [24cf0084] Decoded "643"
20:29:27.566 [reactor-http-nio-11] DEBUG reactor.netty.resources.PooledConnectionProvider - [id: 0x6e7a501f, L:/127.0.0.1:49867 - R:localhost/127.0.0.1:8082] onStateChange(GET{uri=/getAttractionRewardPoints?attractionId=7865fec8-4921-4327-af94-6f9fa36d543d&userId=1f958bd7-f7e7-4ce0-8ef3-1faefb01a470, connection=PooledConnection{channel=[id: 0x6e7a501f, L:/127.0.0.1:49867 - R:localhost/127.0.0.1:8082]}}, [disconnecting])
20:29:27.566 [reactor-http-nio-11] DEBUG reactor.netty.resources.PooledConnectionProvider - [id: 0x6e7a501f, L:/127.0.0.1:49867 - R:localhost/127.0.0.1:8082] Releasing channel
20:29:27.566 [reactor-http-nio-11] DEBUG reactor.netty.resources.PooledConnectionProvider - [id: 0x6e7a501f, L:/127.0.0.1:49867 - R:localhost/127.0.0.1:8082] Channel cleaned, now 1 active connections and 1 inactive connections
20:29:27.567 [Test worker] DEBUG org.springframework.web.reactive.function.client.ExchangeFunctions - [5440da41] HTTP GET http://localhost:8082/getAttractionRewardPoints?attractionId=2e55b1e5-52c7-4f08-a6b3-0e9328ec3548&userId=1f958bd7-f7e7-4ce0-8ef3-1faefb01a470
20:29:27.568 [reactor-http-nio-11] DEBUG reactor.netty.resources.PooledConnectionProvider - [id: 0x6e7a501f, L:/127.0.0.1:49867 - R:localhost/127.0.0.1:8082] Channel acquired, now 2 active connections and 0 inactive connections
20:29:27.568 [reactor-http-nio-11] DEBUG reactor.netty.http.client.HttpClientConnect - [id: 0x6e7a501f, L:/127.0.0.1:49867 - R:localhost/127.0.0.1:8082] Handler is being applied: {uri=http://localhost:8082/getAttractionRewardPoints?attractionId=2e55b1e5-52c7-4f08-a6b3-0e9328ec3548&userId=1f958bd7-f7e7-4ce0-8ef3-1faefb01a470, method=GET}
20:29:27.569 [reactor-http-nio-11] DEBUG reactor.netty.resources.PooledConnectionProvider - [id: 0x6e7a501f, L:/127.0.0.1:49867 - R:localhost/127.0.0.1:8082] onStateChange(GET{uri=/getAttractionRewardPoints?attractionId=2e55b1e5-52c7-4f08-a6b3-0e9328ec3548&userId=1f958bd7-f7e7-4ce0-8ef3-1faefb01a470, connection=PooledConnection{channel=[id: 0x6e7a501f, L:/127.0.0.1:49867 - R:localhost/127.0.0.1:8082]}}, [request_sent])
20:29:27.676 [reactor-http-nio-11] DEBUG reactor.netty.http.client.HttpClientOperations - [id: 0xad770be0, L:/127.0.0.1:49869 - R:localhost/127.0.0.1:8082] Received response (auto-read:false) : [Content-Type=application/json, Transfer-Encoding=chunked, Date=Tue, 29 Jun 2021 14:59:27 GMT]
20:29:27.676 [reactor-http-nio-11] DEBUG reactor.netty.resources.PooledConnectionProvider - [id: 0xad770be0, L:/127.0.0.1:49869 - R:localhost/127.0.0.1:8082] onStateChange(GET{uri=/getAttractionRewardPoints?attractionId=fa9e2082-7716-4964-9ed2-20295754157c&userId=1f958bd7-f7e7-4ce0-8ef3-1faefb01a470, connection=PooledConnection{channel=[id: 0xad770be0, L:/127.0.0.1:49869 - R:localhost/127.0.0.1:8082]}}, [response_received])
20:29:27.676 [reactor-http-nio-11] DEBUG org.springframework.web.reactive.function.client.ExchangeFunctions - [738a03a5] Response 200 OK
20:29:27.677 [reactor-http-nio-11] DEBUG reactor.netty.channel.FluxReceive - [id: 0xad770be0, L:/127.0.0.1:49869 - R:localhost/127.0.0.1:8082] Subscribing inbound receiver [pending: 0, cancelled:false, inboundDone: false]
20:29:27.677 [reactor-http-nio-11] DEBUG reactor.netty.http.client.HttpClientOperations - [id: 0xad770be0, L:/127.0.0.1:49869 - R:localhost/127.0.0.1:8082] Received last HTTP packet
20:29:27.678 [reactor-http-nio-11] DEBUG org.springframework.core.codec.StringDecoder - [738a03a5] Decoded "37"
20:29:27.678 [reactor-http-nio-11] DEBUG reactor.netty.resources.PooledConnectionProvider - [id: 0xad770be0, L:/127.0.0.1:49869 - R:localhost/127.0.0.1:8082] onStateChange(GET{uri=/getAttractionRewardPoints?attractionId=fa9e2082-7716-4964-9ed2-20295754157c&userId=1f958bd7-f7e7-4ce0-8ef3-1faefb01a470, connection=PooledConnection{channel=[id: 0xad770be0, L:/127.0.0.1:49869 - R:localhost/127.0.0.1:8082]}}, [disconnecting])
20:29:27.678 [reactor-http-nio-11] DEBUG reactor.netty.resources.PooledConnectionProvider - [id: 0xad770be0, L:/127.0.0.1:49869 - R:localhost/127.0.0.1:8082] Releasing channel
20:29:27.678 [reactor-http-nio-11] DEBUG reactor.netty.resources.PooledConnectionProvider - [id: 0xad770be0, L:/127.0.0.1:49869 - R:localhost/127.0.0.1:8082] Channel cleaned, now 1 active connections and 1 inactive connections
20:29:27.679 [pool-10-thread-1] DEBUG org.springframework.web.reactive.function.client.ExchangeFunctions - [29365af4] HTTP GET http://localhost:8082/getAttractionRewardPoints?attractionId=76cb0e2e-33ca-438a-bd8b-a861974dca04&userId=1f958bd7-f7e7-4ce0-8ef3-1faefb01a470
20:29:27.680 [reactor-http-nio-11] DEBUG reactor.netty.resources.PooledConnectionProvider - [id: 0xad770be0, L:/127.0.0.1:49869 - R:localhost/127.0.0.1:8082] Channel acquired, now 2 active connections and 0 inactive connections
20:29:27.680 [reactor-http-nio-11] DEBUG reactor.netty.http.client.HttpClientConnect - [id: 0xad770be0, L:/127.0.0.1:49869 - R:localhost/127.0.0.1:8082] Handler is being applied: {uri=http://localhost:8082/getAttractionRewardPoints?attractionId=76cb0e2e-33ca-438a-bd8b-a861974dca04&userId=1f958bd7-f7e7-4ce0-8ef3-1faefb01a470, method=GET}
20:29:27.681 [reactor-http-nio-11] DEBUG reactor.netty.resources.PooledConnectionProvider - [id: 0xad770be0, L:/127.0.0.1:49869 - R:localhost/127.0.0.1:8082] onStateChange(GET{uri=/getAttractionRewardPoints?attractionId=76cb0e2e-33ca-438a-bd8b-a861974dca04&userId=1f958bd7-f7e7-4ce0-8ef3-1faefb01a470, connection=PooledConnection{channel=[id: 0xad770be0, L:/127.0.0.1:49869 - R:localhost/127.0.0.1:8082]}}, [request_sent])
20:29:27.731 [reactor-http-nio-11] DEBUG reactor.netty.http.client.HttpClientOperations - [id: 0x6e7a501f, L:/127.0.0.1:49867 - R:localhost/127.0.0.1:8082] Received response (auto-read:false) : [Content-Type=application/json, Transfer-Encoding=chunked, Date=Tue, 29 Jun 2021 14:59:27 GMT]
20:29:27.731 [reactor-http-nio-11] DEBUG reactor.netty.resources.PooledConnectionProvider - [id: 0x6e7a501f, L:/127.0.0.1:49867 - R:localhost/127.0.0.1:8082] onStateChange(GET{uri=/getAttractionRewardPoints?attractionId=2e55b1e5-52c7-4f08-a6b3-0e9328ec3548&userId=1f958bd7-f7e7-4ce0-8ef3-1faefb01a470, connection=PooledConnection{channel=[id: 0x6e7a501f, L:/127.0.0.1:49867 - R:localhost/127.0.0.1:8082]}}, [response_received])
20:29:27.731 [reactor-http-nio-11] DEBUG org.springframework.web.reactive.function.client.ExchangeFunctions - [5440da41] Response 200 OK
20:29:27.732 [reactor-http-nio-11] DEBUG reactor.netty.channel.FluxReceive - [id: 0x6e7a501f, L:/127.0.0.1:49867 - R:localhost/127.0.0.1:8082] Subscribing inbound receiver [pending: 0, cancelled:false, inboundDone: false]
20:29:27.732 [reactor-http-nio-11] DEBUG reactor.netty.http.client.HttpClientOperations - [id: 0x6e7a501f, L:/127.0.0.1:49867 - R:localhost/127.0.0.1:8082] Received last HTTP packet
20:29:27.733 [reactor-http-nio-11] DEBUG org.springframework.core.codec.StringDecoder - [5440da41] Decoded "713"
20:29:27.733 [reactor-http-nio-11] DEBUG reactor.netty.resources.PooledConnectionProvider - [id: 0x6e7a501f, L:/127.0.0.1:49867 - R:localhost/127.0.0.1:8082] onStateChange(GET{uri=/getAttractionRewardPoints?attractionId=2e55b1e5-52c7-4f08-a6b3-0e9328ec3548&userId=1f958bd7-f7e7-4ce0-8ef3-1faefb01a470, connection=PooledConnection{channel=[id: 0x6e7a501f, L:/127.0.0.1:49867 - R:localhost/127.0.0.1:8082]}}, [disconnecting])
20:29:27.733 [reactor-http-nio-11] DEBUG reactor.netty.resources.PooledConnectionProvider - [id: 0x6e7a501f, L:/127.0.0.1:49867 - R:localhost/127.0.0.1:8082] Releasing channel
20:29:27.733 [reactor-http-nio-11] DEBUG reactor.netty.resources.PooledConnectionProvider - [id: 0x6e7a501f, L:/127.0.0.1:49867 - R:localhost/127.0.0.1:8082] Channel cleaned, now 1 active connections and 1 inactive connections
20:29:27.734 [Test worker] DEBUG org.springframework.web.reactive.function.client.ExchangeFunctions - [324951f4] HTTP GET http://localhost:8082/getAttractionRewardPoints?attractionId=1fad0bec-1715-482f-ab03-74c3e7f63afc&userId=1f958bd7-f7e7-4ce0-8ef3-1faefb01a470
20:29:27.735 [reactor-http-nio-11] DEBUG reactor.netty.resources.PooledConnectionProvider - [id: 0x6e7a501f, L:/127.0.0.1:49867 - R:localhost/127.0.0.1:8082] Channel acquired, now 2 active connections and 0 inactive connections
20:29:27.735 [reactor-http-nio-11] DEBUG reactor.netty.http.client.HttpClientConnect - [id: 0x6e7a501f, L:/127.0.0.1:49867 - R:localhost/127.0.0.1:8082] Handler is being applied: {uri=http://localhost:8082/getAttractionRewardPoints?attractionId=1fad0bec-1715-482f-ab03-74c3e7f63afc&userId=1f958bd7-f7e7-4ce0-8ef3-1faefb01a470, method=GET}
20:29:27.736 [reactor-http-nio-11] DEBUG reactor.netty.resources.PooledConnectionProvider - [id: 0x6e7a501f, L:/127.0.0.1:49867 - R:localhost/127.0.0.1:8082] onStateChange(GET{uri=/getAttractionRewardPoints?attractionId=1fad0bec-1715-482f-ab03-74c3e7f63afc&userId=1f958bd7-f7e7-4ce0-8ef3-1faefb01a470, connection=PooledConnection{channel=[id: 0x6e7a501f, L:/127.0.0.1:49867 - R:localhost/127.0.0.1:8082]}}, [request_sent])
20:29:28.232 [reactor-http-nio-11] DEBUG reactor.netty.http.client.HttpClientOperations - [id: 0xad770be0, L:/127.0.0.1:49869 - R:localhost/127.0.0.1:8082] Received response (auto-read:false) : [Content-Type=application/json, Transfer-Encoding=chunked, Date=Tue, 29 Jun 2021 14:59:28 GMT]
20:29:28.232 [reactor-http-nio-11] DEBUG reactor.netty.resources.PooledConnectionProvider - [id: 0xad770be0, L:/127.0.0.1:49869 - R:localhost/127.0.0.1:8082] onStateChange(GET{uri=/getAttractionRewardPoints?attractionId=76cb0e2e-33ca-438a-bd8b-a861974dca04&userId=1f958bd7-f7e7-4ce0-8ef3-1faefb01a470, connection=PooledConnection{channel=[id: 0xad770be0, L:/127.0.0.1:49869 - R:localhost/127.0.0.1:8082]}}, [response_received])
20:29:28.232 [reactor-http-nio-11] DEBUG org.springframework.web.reactive.function.client.ExchangeFunctions - [29365af4] Response 200 OK
20:29:28.233 [reactor-http-nio-11] DEBUG reactor.netty.channel.FluxReceive - [id: 0xad770be0, L:/127.0.0.1:49869 - R:localhost/127.0.0.1:8082] Subscribing inbound receiver [pending: 0, cancelled:false, inboundDone: false]
20:29:28.233 [reactor-http-nio-11] DEBUG reactor.netty.http.client.HttpClientOperations - [id: 0xad770be0, L:/127.0.0.1:49869 - R:localhost/127.0.0.1:8082] Received last HTTP packet
20:29:28.233 [reactor-http-nio-11] DEBUG org.springframework.core.codec.StringDecoder - [29365af4] Decoded "967"
20:29:28.233 [reactor-http-nio-11] DEBUG reactor.netty.resources.PooledConnectionProvider - [id: 0xad770be0, L:/127.0.0.1:49869 - R:localhost/127.0.0.1:8082] onStateChange(GET{uri=/getAttractionRewardPoints?attractionId=76cb0e2e-33ca-438a-bd8b-a861974dca04&userId=1f958bd7-f7e7-4ce0-8ef3-1faefb01a470, connection=PooledConnection{channel=[id: 0xad770be0, L:/127.0.0.1:49869 - R:localhost/127.0.0.1:8082]}}, [disconnecting])
20:29:28.233 [reactor-http-nio-11] DEBUG reactor.netty.resources.PooledConnectionProvider - [id: 0xad770be0, L:/127.0.0.1:49869 - R:localhost/127.0.0.1:8082] Releasing channel
20:29:28.233 [reactor-http-nio-11] DEBUG reactor.netty.resources.PooledConnectionProvider - [id: 0xad770be0, L:/127.0.0.1:49869 - R:localhost/127.0.0.1:8082] Channel cleaned, now 1 active connections and 1 inactive connections
20:29:28.234 [pool-10-thread-1] DEBUG org.springframework.web.reactive.function.client.ExchangeFunctions - [6d47bd13] HTTP GET http://localhost:8082/getAttractionRewardPoints?attractionId=7f26c490-51a6-4ffb-b56e-268874fe3789&userId=1f958bd7-f7e7-4ce0-8ef3-1faefb01a470
20:29:28.235 [reactor-http-nio-11] DEBUG reactor.netty.resources.PooledConnectionProvider - [id: 0xad770be0, L:/127.0.0.1:49869 - R:localhost/127.0.0.1:8082] Channel acquired, now 2 active connections and 0 inactive connections
20:29:28.235 [reactor-http-nio-11] DEBUG reactor.netty.http.client.HttpClientConnect - [id: 0xad770be0, L:/127.0.0.1:49869 - R:localhost/127.0.0.1:8082] Handler is being applied: {uri=http://localhost:8082/getAttractionRewardPoints?attractionId=7f26c490-51a6-4ffb-b56e-268874fe3789&userId=1f958bd7-f7e7-4ce0-8ef3-1faefb01a470, method=GET}
20:29:28.235 [reactor-http-nio-11] DEBUG reactor.netty.resources.PooledConnectionProvider - [id: 0xad770be0, L:/127.0.0.1:49869 - R:localhost/127.0.0.1:8082] onStateChange(GET{uri=/getAttractionRewardPoints?attractionId=7f26c490-51a6-4ffb-b56e-268874fe3789&userId=1f958bd7-f7e7-4ce0-8ef3-1faefb01a470, connection=PooledConnection{channel=[id: 0xad770be0, L:/127.0.0.1:49869 - R:localhost/127.0.0.1:8082]}}, [request_sent])
20:29:28.554 [reactor-http-nio-11] DEBUG reactor.netty.http.client.HttpClientOperations - [id: 0x6e7a501f, L:/127.0.0.1:49867 - R:localhost/127.0.0.1:8082] Received response (auto-read:false) : [Content-Type=application/json, Transfer-Encoding=chunked, Date=Tue, 29 Jun 2021 14:59:28 GMT]
20:29:28.554 [reactor-http-nio-11] DEBUG reactor.netty.resources.PooledConnectionProvider - [id: 0x6e7a501f, L:/127.0.0.1:49867 - R:localhost/127.0.0.1:8082] onStateChange(GET{uri=/getAttractionRewardPoints?attractionId=1fad0bec-1715-482f-ab03-74c3e7f63afc&userId=1f958bd7-f7e7-4ce0-8ef3-1faefb01a470, connection=PooledConnection{channel=[id: 0x6e7a501f, L:/127.0.0.1:49867 - R:localhost/127.0.0.1:8082]}}, [response_received])
20:29:28.554 [reactor-http-nio-11] DEBUG org.springframework.web.reactive.function.client.ExchangeFunctions - [324951f4] Response 200 OK
20:29:28.555 [reactor-http-nio-11] DEBUG reactor.netty.channel.FluxReceive - [id: 0x6e7a501f, L:/127.0.0.1:49867 - R:localhost/127.0.0.1:8082] Subscribing inbound receiver [pending: 0, cancelled:false, inboundDone: false]
20:29:28.555 [reactor-http-nio-11] DEBUG reactor.netty.http.client.HttpClientOperations - [id: 0x6e7a501f, L:/127.0.0.1:49867 - R:localhost/127.0.0.1:8082] Received last HTTP packet
20:29:28.556 [reactor-http-nio-11] DEBUG org.springframework.core.codec.StringDecoder - [324951f4] Decoded "758"
20:29:28.556 [reactor-http-nio-11] DEBUG reactor.netty.resources.PooledConnectionProvider - [id: 0x6e7a501f, L:/127.0.0.1:49867 - R:localhost/127.0.0.1:8082] onStateChange(GET{uri=/getAttractionRewardPoints?attractionId=1fad0bec-1715-482f-ab03-74c3e7f63afc&userId=1f958bd7-f7e7-4ce0-8ef3-1faefb01a470, connection=PooledConnection{channel=[id: 0x6e7a501f, L:/127.0.0.1:49867 - R:localhost/127.0.0.1:8082]}}, [disconnecting])
20:29:28.556 [reactor-http-nio-11] DEBUG reactor.netty.resources.PooledConnectionProvider - [id: 0x6e7a501f, L:/127.0.0.1:49867 - R:localhost/127.0.0.1:8082] Releasing channel
20:29:28.556 [reactor-http-nio-11] DEBUG reactor.netty.resources.PooledConnectionProvider - [id: 0x6e7a501f, L:/127.0.0.1:49867 - R:localhost/127.0.0.1:8082] Channel cleaned, now 1 active connections and 1 inactive connections
20:29:28.557 [Test worker] DEBUG org.springframework.web.reactive.function.client.ExchangeFunctions - [61ddcd18] HTTP GET http://localhost:8082/getAttractionRewardPoints?attractionId=0159ee0a-3006-4e11-ab98-251686ce035a&userId=1f958bd7-f7e7-4ce0-8ef3-1faefb01a470
20:29:28.558 [reactor-http-nio-11] DEBUG reactor.netty.resources.PooledConnectionProvider - [id: 0x6e7a501f, L:/127.0.0.1:49867 - R:localhost/127.0.0.1:8082] Channel acquired, now 2 active connections and 0 inactive connections
20:29:28.558 [reactor-http-nio-11] DEBUG reactor.netty.http.client.HttpClientConnect - [id: 0x6e7a501f, L:/127.0.0.1:49867 - R:localhost/127.0.0.1:8082] Handler is being applied: {uri=http://localhost:8082/getAttractionRewardPoints?attractionId=0159ee0a-3006-4e11-ab98-251686ce035a&userId=1f958bd7-f7e7-4ce0-8ef3-1faefb01a470, method=GET}
20:29:28.559 [reactor-http-nio-11] DEBUG reactor.netty.resources.PooledConnectionProvider - [id: 0x6e7a501f, L:/127.0.0.1:49867 - R:localhost/127.0.0.1:8082] onStateChange(GET{uri=/getAttractionRewardPoints?attractionId=0159ee0a-3006-4e11-ab98-251686ce035a&userId=1f958bd7-f7e7-4ce0-8ef3-1faefb01a470, connection=PooledConnection{channel=[id: 0x6e7a501f, L:/127.0.0.1:49867 - R:localhost/127.0.0.1:8082]}}, [request_sent])
20:29:28.700 [reactor-http-nio-11] DEBUG reactor.netty.http.client.HttpClientOperations - [id: 0xad770be0, L:/127.0.0.1:49869 - R:localhost/127.0.0.1:8082] Received response (auto-read:false) : [Content-Type=application/json, Transfer-Encoding=chunked, Date=Tue, 29 Jun 2021 14:59:28 GMT]
20:29:28.700 [reactor-http-nio-11] DEBUG reactor.netty.resources.PooledConnectionProvider - [id: 0xad770be0, L:/127.0.0.1:49869 - R:localhost/127.0.0.1:8082] onStateChange(GET{uri=/getAttractionRewardPoints?attractionId=7f26c490-51a6-4ffb-b56e-268874fe3789&userId=1f958bd7-f7e7-4ce0-8ef3-1faefb01a470, connection=PooledConnection{channel=[id: 0xad770be0, L:/127.0.0.1:49869 - R:localhost/127.0.0.1:8082]}}, [response_received])
20:29:28.700 [reactor-http-nio-11] DEBUG org.springframework.web.reactive.function.client.ExchangeFunctions - [6d47bd13] Response 200 OK
20:29:28.701 [reactor-http-nio-11] DEBUG reactor.netty.channel.FluxReceive - [id: 0xad770be0, L:/127.0.0.1:49869 - R:localhost/127.0.0.1:8082] Subscribing inbound receiver [pending: 0, cancelled:false, inboundDone: false]
20:29:28.701 [reactor-http-nio-11] DEBUG reactor.netty.http.client.HttpClientOperations - [id: 0xad770be0, L:/127.0.0.1:49869 - R:localhost/127.0.0.1:8082] Received last HTTP packet
20:29:28.701 [reactor-http-nio-11] DEBUG org.springframework.core.codec.StringDecoder - [6d47bd13] Decoded "378"
20:29:28.701 [reactor-http-nio-11] DEBUG reactor.netty.resources.PooledConnectionProvider - [id: 0xad770be0, L:/127.0.0.1:49869 - R:localhost/127.0.0.1:8082] onStateChange(GET{uri=/getAttractionRewardPoints?attractionId=7f26c490-51a6-4ffb-b56e-268874fe3789&userId=1f958bd7-f7e7-4ce0-8ef3-1faefb01a470, connection=PooledConnection{channel=[id: 0xad770be0, L:/127.0.0.1:49869 - R:localhost/127.0.0.1:8082]}}, [disconnecting])
20:29:28.702 [reactor-http-nio-11] DEBUG reactor.netty.resources.PooledConnectionProvider - [id: 0xad770be0, L:/127.0.0.1:49869 - R:localhost/127.0.0.1:8082] Releasing channel
20:29:28.702 [reactor-http-nio-11] DEBUG reactor.netty.resources.PooledConnectionProvider - [id: 0xad770be0, L:/127.0.0.1:49869 - R:localhost/127.0.0.1:8082] Channel cleaned, now 1 active connections and 1 inactive connections
20:29:28.703 [pool-10-thread-1] DEBUG org.springframework.web.reactive.function.client.ExchangeFunctions - [4ea8f2c] HTTP GET http://localhost:8082/getAttractionRewardPoints?attractionId=577f2cc4-4d3e-4989-8034-bcc0762428e9&userId=1f958bd7-f7e7-4ce0-8ef3-1faefb01a470
20:29:28.703 [reactor-http-nio-11] DEBUG reactor.netty.resources.PooledConnectionProvider - [id: 0xad770be0, L:/127.0.0.1:49869 - R:localhost/127.0.0.1:8082] Channel acquired, now 2 active connections and 0 inactive connections
20:29:28.703 [reactor-http-nio-11] DEBUG reactor.netty.http.client.HttpClientConnect - [id: 0xad770be0, L:/127.0.0.1:49869 - R:localhost/127.0.0.1:8082] Handler is being applied: {uri=http://localhost:8082/getAttractionRewardPoints?attractionId=577f2cc4-4d3e-4989-8034-bcc0762428e9&userId=1f958bd7-f7e7-4ce0-8ef3-1faefb01a470, method=GET}
20:29:28.704 [reactor-http-nio-11] DEBUG reactor.netty.resources.PooledConnectionProvider - [id: 0xad770be0, L:/127.0.0.1:49869 - R:localhost/127.0.0.1:8082] onStateChange(GET{uri=/getAttractionRewardPoints?attractionId=577f2cc4-4d3e-4989-8034-bcc0762428e9&userId=1f958bd7-f7e7-4ce0-8ef3-1faefb01a470, connection=PooledConnection{channel=[id: 0xad770be0, L:/127.0.0.1:49869 - R:localhost/127.0.0.1:8082]}}, [request_sent])
20:29:28.835 [reactor-http-nio-11] DEBUG reactor.netty.http.client.HttpClientOperations - [id: 0xad770be0, L:/127.0.0.1:49869 - R:localhost/127.0.0.1:8082] Received response (auto-read:false) : [Content-Type=application/json, Transfer-Encoding=chunked, Date=Tue, 29 Jun 2021 14:59:28 GMT]
20:29:28.835 [reactor-http-nio-11] DEBUG reactor.netty.resources.PooledConnectionProvider - [id: 0xad770be0, L:/127.0.0.1:49869 - R:localhost/127.0.0.1:8082] onStateChange(GET{uri=/getAttractionRewardPoints?attractionId=577f2cc4-4d3e-4989-8034-bcc0762428e9&userId=1f958bd7-f7e7-4ce0-8ef3-1faefb01a470, connection=PooledConnection{channel=[id: 0xad770be0, L:/127.0.0.1:49869 - R:localhost/127.0.0.1:8082]}}, [response_received])
20:29:28.836 [reactor-http-nio-11] DEBUG org.springframework.web.reactive.function.client.ExchangeFunctions - [4ea8f2c] Response 200 OK
20:29:28.836 [reactor-http-nio-11] DEBUG reactor.netty.channel.FluxReceive - [id: 0xad770be0, L:/127.0.0.1:49869 - R:localhost/127.0.0.1:8082] Subscribing inbound receiver [pending: 0, cancelled:false, inboundDone: false]
20:29:28.837 [reactor-http-nio-11] DEBUG reactor.netty.http.client.HttpClientOperations - [id: 0xad770be0, L:/127.0.0.1:49869 - R:localhost/127.0.0.1:8082] Received last HTTP packet
20:29:28.837 [reactor-http-nio-11] DEBUG org.springframework.core.codec.StringDecoder - [4ea8f2c] Decoded "747"
20:29:28.837 [reactor-http-nio-11] DEBUG reactor.netty.resources.PooledConnectionProvider - [id: 0xad770be0, L:/127.0.0.1:49869 - R:localhost/127.0.0.1:8082] onStateChange(GET{uri=/getAttractionRewardPoints?attractionId=577f2cc4-4d3e-4989-8034-bcc0762428e9&userId=1f958bd7-f7e7-4ce0-8ef3-1faefb01a470, connection=PooledConnection{channel=[id: 0xad770be0, L:/127.0.0.1:49869 - R:localhost/127.0.0.1:8082]}}, [disconnecting])
20:29:28.838 [reactor-http-nio-11] DEBUG reactor.netty.resources.PooledConnectionProvider - [id: 0xad770be0, L:/127.0.0.1:49869 - R:localhost/127.0.0.1:8082] Releasing channel
20:29:28.838 [reactor-http-nio-11] DEBUG reactor.netty.resources.PooledConnectionProvider - [id: 0xad770be0, L:/127.0.0.1:49869 - R:localhost/127.0.0.1:8082] Channel cleaned, now 1 active connections and 1 inactive connections
20:29:28.839 [pool-10-thread-1] DEBUG org.springframework.web.reactive.function.client.ExchangeFunctions - [27de233f] HTTP GET http://localhost:8082/getAttractionRewardPoints?attractionId=3aece699-0f4c-4c6a-8c38-953a890af763&userId=1f958bd7-f7e7-4ce0-8ef3-1faefb01a470
20:29:28.839 [reactor-http-nio-11] DEBUG reactor.netty.resources.PooledConnectionProvider - [id: 0xad770be0, L:/127.0.0.1:49869 - R:localhost/127.0.0.1:8082] Channel acquired, now 2 active connections and 0 inactive connections
20:29:28.839 [reactor-http-nio-11] DEBUG reactor.netty.http.client.HttpClientConnect - [id: 0xad770be0, L:/127.0.0.1:49869 - R:localhost/127.0.0.1:8082] Handler is being applied: {uri=http://localhost:8082/getAttractionRewardPoints?attractionId=3aece699-0f4c-4c6a-8c38-953a890af763&userId=1f958bd7-f7e7-4ce0-8ef3-1faefb01a470, method=GET}
20:29:28.840 [reactor-http-nio-11] DEBUG reactor.netty.resources.PooledConnectionProvider - [id: 0xad770be0, L:/127.0.0.1:49869 - R:localhost/127.0.0.1:8082] onStateChange(GET{uri=/getAttractionRewardPoints?attractionId=3aece699-0f4c-4c6a-8c38-953a890af763&userId=1f958bd7-f7e7-4ce0-8ef3-1faefb01a470, connection=PooledConnection{channel=[id: 0xad770be0, L:/127.0.0.1:49869 - R:localhost/127.0.0.1:8082]}}, [request_sent])
20:29:28.879 [reactor-http-nio-11] DEBUG reactor.netty.http.client.HttpClientOperations - [id: 0x6e7a501f, L:/127.0.0.1:49867 - R:localhost/127.0.0.1:8082] Received response (auto-read:false) : [Content-Type=application/json, Transfer-Encoding=chunked, Date=Tue, 29 Jun 2021 14:59:28 GMT]
20:29:28.880 [reactor-http-nio-11] DEBUG reactor.netty.resources.PooledConnectionProvider - [id: 0x6e7a501f, L:/127.0.0.1:49867 - R:localhost/127.0.0.1:8082] onStateChange(GET{uri=/getAttractionRewardPoints?attractionId=0159ee0a-3006-4e11-ab98-251686ce035a&userId=1f958bd7-f7e7-4ce0-8ef3-1faefb01a470, connection=PooledConnection{channel=[id: 0x6e7a501f, L:/127.0.0.1:49867 - R:localhost/127.0.0.1:8082]}}, [response_received])
20:29:28.880 [reactor-http-nio-11] DEBUG org.springframework.web.reactive.function.client.ExchangeFunctions - [61ddcd18] Response 200 OK
20:29:28.881 [reactor-http-nio-11] DEBUG reactor.netty.channel.FluxReceive - [id: 0x6e7a501f, L:/127.0.0.1:49867 - R:localhost/127.0.0.1:8082] Subscribing inbound receiver [pending: 0, cancelled:false, inboundDone: false]
20:29:28.881 [reactor-http-nio-11] DEBUG reactor.netty.http.client.HttpClientOperations - [id: 0x6e7a501f, L:/127.0.0.1:49867 - R:localhost/127.0.0.1:8082] Received last HTTP packet
20:29:28.882 [reactor-http-nio-11] DEBUG org.springframework.core.codec.StringDecoder - [61ddcd18] Decoded "46"
20:29:28.882 [reactor-http-nio-11] DEBUG reactor.netty.resources.PooledConnectionProvider - [id: 0x6e7a501f, L:/127.0.0.1:49867 - R:localhost/127.0.0.1:8082] onStateChange(GET{uri=/getAttractionRewardPoints?attractionId=0159ee0a-3006-4e11-ab98-251686ce035a&userId=1f958bd7-f7e7-4ce0-8ef3-1faefb01a470, connection=PooledConnection{channel=[id: 0x6e7a501f, L:/127.0.0.1:49867 - R:localhost/127.0.0.1:8082]}}, [disconnecting])
20:29:28.882 [reactor-http-nio-11] DEBUG reactor.netty.resources.PooledConnectionProvider - [id: 0x6e7a501f, L:/127.0.0.1:49867 - R:localhost/127.0.0.1:8082] Releasing channel
20:29:28.882 [reactor-http-nio-11] DEBUG reactor.netty.resources.PooledConnectionProvider - [id: 0x6e7a501f, L:/127.0.0.1:49867 - R:localhost/127.0.0.1:8082] Channel cleaned, now 1 active connections and 1 inactive connections
20:29:28.883 [Test worker] DEBUG org.springframework.web.reactive.function.client.ExchangeFunctions - [3dca2a87] HTTP GET http://localhost:8082/getAttractionRewardPoints?attractionId=3463464c-42a2-4f66-abb5-c3a0ebc04d40&userId=1f958bd7-f7e7-4ce0-8ef3-1faefb01a470
20:29:28.884 [reactor-http-nio-11] DEBUG reactor.netty.resources.PooledConnectionProvider - [id: 0x6e7a501f, L:/127.0.0.1:49867 - R:localhost/127.0.0.1:8082] Channel acquired, now 2 active connections and 0 inactive connections
20:29:28.884 [reactor-http-nio-11] DEBUG reactor.netty.http.client.HttpClientConnect - [id: 0x6e7a501f, L:/127.0.0.1:49867 - R:localhost/127.0.0.1:8082] Handler is being applied: {uri=http://localhost:8082/getAttractionRewardPoints?attractionId=3463464c-42a2-4f66-abb5-c3a0ebc04d40&userId=1f958bd7-f7e7-4ce0-8ef3-1faefb01a470, method=GET}
20:29:28.885 [reactor-http-nio-11] DEBUG reactor.netty.resources.PooledConnectionProvider - [id: 0x6e7a501f, L:/127.0.0.1:49867 - R:localhost/127.0.0.1:8082] onStateChange(GET{uri=/getAttractionRewardPoints?attractionId=3463464c-42a2-4f66-abb5-c3a0ebc04d40&userId=1f958bd7-f7e7-4ce0-8ef3-1faefb01a470, connection=PooledConnection{channel=[id: 0x6e7a501f, L:/127.0.0.1:49867 - R:localhost/127.0.0.1:8082]}}, [request_sent])
20:29:29.118 [reactor-http-nio-11] DEBUG reactor.netty.http.client.HttpClientOperations - [id: 0xad770be0, L:/127.0.0.1:49869 - R:localhost/127.0.0.1:8082] Received response (auto-read:false) : [Content-Type=application/json, Transfer-Encoding=chunked, Date=Tue, 29 Jun 2021 14:59:28 GMT]
20:29:29.118 [reactor-http-nio-11] DEBUG reactor.netty.resources.PooledConnectionProvider - [id: 0xad770be0, L:/127.0.0.1:49869 - R:localhost/127.0.0.1:8082] onStateChange(GET{uri=/getAttractionRewardPoints?attractionId=3aece699-0f4c-4c6a-8c38-953a890af763&userId=1f958bd7-f7e7-4ce0-8ef3-1faefb01a470, connection=PooledConnection{channel=[id: 0xad770be0, L:/127.0.0.1:49869 - R:localhost/127.0.0.1:8082]}}, [response_received])
20:29:29.118 [reactor-http-nio-11] DEBUG org.springframework.web.reactive.function.client.ExchangeFunctions - [27de233f] Response 200 OK
20:29:29.119 [reactor-http-nio-11] DEBUG reactor.netty.channel.FluxReceive - [id: 0xad770be0, L:/127.0.0.1:49869 - R:localhost/127.0.0.1:8082] Subscribing inbound receiver [pending: 0, cancelled:false, inboundDone: false]
20:29:29.119 [reactor-http-nio-11] DEBUG reactor.netty.http.client.HttpClientOperations - [id: 0xad770be0, L:/127.0.0.1:49869 - R:localhost/127.0.0.1:8082] Received last HTTP packet
20:29:29.119 [reactor-http-nio-11] DEBUG org.springframework.core.codec.StringDecoder - [27de233f] Decoded "38"
20:29:29.119 [reactor-http-nio-11] DEBUG reactor.netty.resources.PooledConnectionProvider - [id: 0xad770be0, L:/127.0.0.1:49869 - R:localhost/127.0.0.1:8082] onStateChange(GET{uri=/getAttractionRewardPoints?attractionId=3aece699-0f4c-4c6a-8c38-953a890af763&userId=1f958bd7-f7e7-4ce0-8ef3-1faefb01a470, connection=PooledConnection{channel=[id: 0xad770be0, L:/127.0.0.1:49869 - R:localhost/127.0.0.1:8082]}}, [disconnecting])
20:29:29.120 [reactor-http-nio-11] DEBUG reactor.netty.resources.PooledConnectionProvider - [id: 0xad770be0, L:/127.0.0.1:49869 - R:localhost/127.0.0.1:8082] Releasing channel
20:29:29.120 [reactor-http-nio-11] DEBUG reactor.netty.resources.PooledConnectionProvider - [id: 0xad770be0, L:/127.0.0.1:49869 - R:localhost/127.0.0.1:8082] Channel cleaned, now 1 active connections and 1 inactive connections
20:29:29.121 [pool-10-thread-1] DEBUG org.springframework.web.reactive.function.client.ExchangeFunctions - [3c243cca] HTTP GET http://localhost:8082/getAttractionRewardPoints?attractionId=1fef0c6b-aa3d-47af-9c8f-422810ce2307&userId=1f958bd7-f7e7-4ce0-8ef3-1faefb01a470
20:29:29.121 [reactor-http-nio-11] DEBUG reactor.netty.resources.PooledConnectionProvider - [id: 0xad770be0, L:/127.0.0.1:49869 - R:localhost/127.0.0.1:8082] Channel acquired, now 2 active connections and 0 inactive connections
20:29:29.121 [reactor-http-nio-11] DEBUG reactor.netty.http.client.HttpClientConnect - [id: 0xad770be0, L:/127.0.0.1:49869 - R:localhost/127.0.0.1:8082] Handler is being applied: {uri=http://localhost:8082/getAttractionRewardPoints?attractionId=1fef0c6b-aa3d-47af-9c8f-422810ce2307&userId=1f958bd7-f7e7-4ce0-8ef3-1faefb01a470, method=GET}
20:29:29.122 [reactor-http-nio-11] DEBUG reactor.netty.resources.PooledConnectionProvider - [id: 0xad770be0, L:/127.0.0.1:49869 - R:localhost/127.0.0.1:8082] onStateChange(GET{uri=/getAttractionRewardPoints?attractionId=1fef0c6b-aa3d-47af-9c8f-422810ce2307&userId=1f958bd7-f7e7-4ce0-8ef3-1faefb01a470, connection=PooledConnection{channel=[id: 0xad770be0, L:/127.0.0.1:49869 - R:localhost/127.0.0.1:8082]}}, [request_sent])
20:29:29.592 [reactor-http-nio-11] DEBUG reactor.netty.http.client.HttpClientOperations - [id: 0x6e7a501f, L:/127.0.0.1:49867 - R:localhost/127.0.0.1:8082] Received response (auto-read:false) : [Content-Type=application/json, Transfer-Encoding=chunked, Date=Tue, 29 Jun 2021 14:59:29 GMT]
20:29:29.592 [reactor-http-nio-11] DEBUG reactor.netty.resources.PooledConnectionProvider - [id: 0x6e7a501f, L:/127.0.0.1:49867 - R:localhost/127.0.0.1:8082] onStateChange(GET{uri=/getAttractionRewardPoints?attractionId=3463464c-42a2-4f66-abb5-c3a0ebc04d40&userId=1f958bd7-f7e7-4ce0-8ef3-1faefb01a470, connection=PooledConnection{channel=[id: 0x6e7a501f, L:/127.0.0.1:49867 - R:localhost/127.0.0.1:8082]}}, [response_received])
20:29:29.592 [reactor-http-nio-11] DEBUG org.springframework.web.reactive.function.client.ExchangeFunctions - [3dca2a87] Response 200 OK
20:29:29.593 [reactor-http-nio-11] DEBUG reactor.netty.channel.FluxReceive - [id: 0x6e7a501f, L:/127.0.0.1:49867 - R:localhost/127.0.0.1:8082] Subscribing inbound receiver [pending: 0, cancelled:false, inboundDone: false]
20:29:29.593 [reactor-http-nio-11] DEBUG reactor.netty.http.client.HttpClientOperations - [id: 0x6e7a501f, L:/127.0.0.1:49867 - R:localhost/127.0.0.1:8082] Received last HTTP packet
20:29:29.594 [reactor-http-nio-11] DEBUG org.springframework.core.codec.StringDecoder - [3dca2a87] Decoded "967"
20:29:29.594 [reactor-http-nio-11] DEBUG reactor.netty.resources.PooledConnectionProvider - [id: 0x6e7a501f, L:/127.0.0.1:49867 - R:localhost/127.0.0.1:8082] onStateChange(GET{uri=/getAttractionRewardPoints?attractionId=3463464c-42a2-4f66-abb5-c3a0ebc04d40&userId=1f958bd7-f7e7-4ce0-8ef3-1faefb01a470, connection=PooledConnection{channel=[id: 0x6e7a501f, L:/127.0.0.1:49867 - R:localhost/127.0.0.1:8082]}}, [disconnecting])
20:29:29.594 [reactor-http-nio-11] DEBUG reactor.netty.resources.PooledConnectionProvider - [id: 0x6e7a501f, L:/127.0.0.1:49867 - R:localhost/127.0.0.1:8082] Releasing channel
20:29:29.594 [reactor-http-nio-11] DEBUG reactor.netty.resources.PooledConnectionProvider - [id: 0x6e7a501f, L:/127.0.0.1:49867 - R:localhost/127.0.0.1:8082] Channel cleaned, now 1 active connections and 1 inactive connections
20:29:29.595 [Test worker] DEBUG org.springframework.web.reactive.function.client.ExchangeFunctions - [6f8a7dad] HTTP GET http://localhost:8082/getAttractionRewardPoints?attractionId=786679c1-9859-4187-8371-fa685106a915&userId=1f958bd7-f7e7-4ce0-8ef3-1faefb01a470
20:29:29.596 [reactor-http-nio-11] DEBUG reactor.netty.resources.PooledConnectionProvider - [id: 0x6e7a501f, L:/127.0.0.1:49867 - R:localhost/127.0.0.1:8082] Channel acquired, now 2 active connections and 0 inactive connections
20:29:29.596 [reactor-http-nio-11] DEBUG reactor.netty.http.client.HttpClientConnect - [id: 0x6e7a501f, L:/127.0.0.1:49867 - R:localhost/127.0.0.1:8082] Handler is being applied: {uri=http://localhost:8082/getAttractionRewardPoints?attractionId=786679c1-9859-4187-8371-fa685106a915&userId=1f958bd7-f7e7-4ce0-8ef3-1faefb01a470, method=GET}
20:29:29.599 [reactor-http-nio-11] DEBUG reactor.netty.resources.PooledConnectionProvider - [id: 0x6e7a501f, L:/127.0.0.1:49867 - R:localhost/127.0.0.1:8082] onStateChange(GET{uri=/getAttractionRewardPoints?attractionId=786679c1-9859-4187-8371-fa685106a915&userId=1f958bd7-f7e7-4ce0-8ef3-1faefb01a470, connection=PooledConnection{channel=[id: 0x6e7a501f, L:/127.0.0.1:49867 - R:localhost/127.0.0.1:8082]}}, [request_sent])
20:29:29.960 [reactor-http-nio-11] DEBUG reactor.netty.http.client.HttpClientOperations - [id: 0xad770be0, L:/127.0.0.1:49869 - R:localhost/127.0.0.1:8082] Received response (auto-read:false) : [Content-Type=application/json, Transfer-Encoding=chunked, Date=Tue, 29 Jun 2021 14:59:29 GMT]
20:29:29.960 [reactor-http-nio-11] DEBUG reactor.netty.resources.PooledConnectionProvider - [id: 0xad770be0, L:/127.0.0.1:49869 - R:localhost/127.0.0.1:8082] onStateChange(GET{uri=/getAttractionRewardPoints?attractionId=1fef0c6b-aa3d-47af-9c8f-422810ce2307&userId=1f958bd7-f7e7-4ce0-8ef3-1faefb01a470, connection=PooledConnection{channel=[id: 0xad770be0, L:/127.0.0.1:49869 - R:localhost/127.0.0.1:8082]}}, [response_received])
20:29:29.960 [reactor-http-nio-11] DEBUG org.springframework.web.reactive.function.client.ExchangeFunctions - [3c243cca] Response 200 OK
20:29:29.961 [reactor-http-nio-11] DEBUG reactor.netty.channel.FluxReceive - [id: 0xad770be0, L:/127.0.0.1:49869 - R:localhost/127.0.0.1:8082] Subscribing inbound receiver [pending: 0, cancelled:false, inboundDone: false]
20:29:29.961 [reactor-http-nio-11] DEBUG reactor.netty.http.client.HttpClientOperations - [id: 0xad770be0, L:/127.0.0.1:49869 - R:localhost/127.0.0.1:8082] Received last HTTP packet
20:29:29.962 [reactor-http-nio-11] DEBUG org.springframework.core.codec.StringDecoder - [3c243cca] Decoded "145"
20:29:29.962 [reactor-http-nio-11] DEBUG reactor.netty.resources.PooledConnectionProvider - [id: 0xad770be0, L:/127.0.0.1:49869 - R:localhost/127.0.0.1:8082] onStateChange(GET{uri=/getAttractionRewardPoints?attractionId=1fef0c6b-aa3d-47af-9c8f-422810ce2307&userId=1f958bd7-f7e7-4ce0-8ef3-1faefb01a470, connection=PooledConnection{channel=[id: 0xad770be0, L:/127.0.0.1:49869 - R:localhost/127.0.0.1:8082]}}, [disconnecting])
20:29:29.962 [reactor-http-nio-11] DEBUG reactor.netty.resources.PooledConnectionProvider - [id: 0xad770be0, L:/127.0.0.1:49869 - R:localhost/127.0.0.1:8082] Releasing channel
20:29:29.962 [reactor-http-nio-11] DEBUG reactor.netty.resources.PooledConnectionProvider - [id: 0xad770be0, L:/127.0.0.1:49869 - R:localhost/127.0.0.1:8082] Channel cleaned, now 1 active connections and 1 inactive connections
20:29:29.963 [pool-10-thread-1] DEBUG org.springframework.web.reactive.function.client.ExchangeFunctions - [6cdbb178] HTTP GET http://localhost:8082/getAttractionRewardPoints?attractionId=e49aea99-ccc8-4a99-8914-407bddd145f8&userId=1f958bd7-f7e7-4ce0-8ef3-1faefb01a470
20:29:29.964 [reactor-http-nio-11] DEBUG reactor.netty.resources.PooledConnectionProvider - [id: 0xad770be0, L:/127.0.0.1:49869 - R:localhost/127.0.0.1:8082] Channel acquired, now 2 active connections and 0 inactive connections
20:29:29.964 [reactor-http-nio-11] DEBUG reactor.netty.http.client.HttpClientConnect - [id: 0xad770be0, L:/127.0.0.1:49869 - R:localhost/127.0.0.1:8082] Handler is being applied: {uri=http://localhost:8082/getAttractionRewardPoints?attractionId=e49aea99-ccc8-4a99-8914-407bddd145f8&userId=1f958bd7-f7e7-4ce0-8ef3-1faefb01a470, method=GET}
20:29:29.965 [reactor-http-nio-11] DEBUG reactor.netty.resources.PooledConnectionProvider - [id: 0xad770be0, L:/127.0.0.1:49869 - R:localhost/127.0.0.1:8082] onStateChange(GET{uri=/getAttractionRewardPoints?attractionId=e49aea99-ccc8-4a99-8914-407bddd145f8&userId=1f958bd7-f7e7-4ce0-8ef3-1faefb01a470, connection=PooledConnection{channel=[id: 0xad770be0, L:/127.0.0.1:49869 - R:localhost/127.0.0.1:8082]}}, [request_sent])
20:29:30.041 [reactor-http-nio-11] DEBUG reactor.netty.http.client.HttpClientOperations - [id: 0xad770be0, L:/127.0.0.1:49869 - R:localhost/127.0.0.1:8082] Received response (auto-read:false) : [Content-Type=application/json, Transfer-Encoding=chunked, Date=Tue, 29 Jun 2021 14:59:29 GMT]
20:29:30.042 [reactor-http-nio-11] DEBUG reactor.netty.resources.PooledConnectionProvider - [id: 0xad770be0, L:/127.0.0.1:49869 - R:localhost/127.0.0.1:8082] onStateChange(GET{uri=/getAttractionRewardPoints?attractionId=e49aea99-ccc8-4a99-8914-407bddd145f8&userId=1f958bd7-f7e7-4ce0-8ef3-1faefb01a470, connection=PooledConnection{channel=[id: 0xad770be0, L:/127.0.0.1:49869 - R:localhost/127.0.0.1:8082]}}, [response_received])
20:29:30.042 [reactor-http-nio-11] DEBUG org.springframework.web.reactive.function.client.ExchangeFunctions - [6cdbb178] Response 200 OK
20:29:30.042 [reactor-http-nio-11] DEBUG reactor.netty.channel.FluxReceive - [id: 0xad770be0, L:/127.0.0.1:49869 - R:localhost/127.0.0.1:8082] Subscribing inbound receiver [pending: 0, cancelled:false, inboundDone: false]
20:29:30.043 [reactor-http-nio-11] DEBUG reactor.netty.http.client.HttpClientOperations - [id: 0xad770be0, L:/127.0.0.1:49869 - R:localhost/127.0.0.1:8082] Received last HTTP packet
20:29:30.043 [reactor-http-nio-11] DEBUG org.springframework.core.codec.StringDecoder - [6cdbb178] Decoded "357"
20:29:30.043 [reactor-http-nio-11] DEBUG reactor.netty.resources.PooledConnectionProvider - [id: 0xad770be0, L:/127.0.0.1:49869 - R:localhost/127.0.0.1:8082] onStateChange(GET{uri=/getAttractionRewardPoints?attractionId=e49aea99-ccc8-4a99-8914-407bddd145f8&userId=1f958bd7-f7e7-4ce0-8ef3-1faefb01a470, connection=PooledConnection{channel=[id: 0xad770be0, L:/127.0.0.1:49869 - R:localhost/127.0.0.1:8082]}}, [disconnecting])
20:29:30.043 [reactor-http-nio-11] DEBUG reactor.netty.resources.PooledConnectionProvider - [id: 0xad770be0, L:/127.0.0.1:49869 - R:localhost/127.0.0.1:8082] Releasing channel
20:29:30.043 [reactor-http-nio-11] DEBUG reactor.netty.resources.PooledConnectionProvider - [id: 0xad770be0, L:/127.0.0.1:49869 - R:localhost/127.0.0.1:8082] Channel cleaned, now 1 active connections and 1 inactive connections
20:29:30.045 [pool-10-thread-1] DEBUG org.springframework.web.reactive.function.client.ExchangeFunctions - [3c98c020] HTTP GET http://localhost:8082/getAttractionRewardPoints?attractionId=45a76d76-d290-44b1-89a1-2894afc34f09&userId=1f958bd7-f7e7-4ce0-8ef3-1faefb01a470
20:29:30.045 [reactor-http-nio-11] DEBUG reactor.netty.resources.PooledConnectionProvider - [id: 0xad770be0, L:/127.0.0.1:49869 - R:localhost/127.0.0.1:8082] Channel acquired, now 2 active connections and 0 inactive connections
20:29:30.045 [reactor-http-nio-11] DEBUG reactor.netty.http.client.HttpClientConnect - [id: 0xad770be0, L:/127.0.0.1:49869 - R:localhost/127.0.0.1:8082] Handler is being applied: {uri=http://localhost:8082/getAttractionRewardPoints?attractionId=45a76d76-d290-44b1-89a1-2894afc34f09&userId=1f958bd7-f7e7-4ce0-8ef3-1faefb01a470, method=GET}
20:29:30.046 [reactor-http-nio-11] DEBUG reactor.netty.resources.PooledConnectionProvider - [id: 0xad770be0, L:/127.0.0.1:49869 - R:localhost/127.0.0.1:8082] onStateChange(GET{uri=/getAttractionRewardPoints?attractionId=45a76d76-d290-44b1-89a1-2894afc34f09&userId=1f958bd7-f7e7-4ce0-8ef3-1faefb01a470, connection=PooledConnection{channel=[id: 0xad770be0, L:/127.0.0.1:49869 - R:localhost/127.0.0.1:8082]}}, [request_sent])
20:29:30.324 [reactor-http-nio-11] DEBUG reactor.netty.http.client.HttpClientOperations - [id: 0x6e7a501f, L:/127.0.0.1:49867 - R:localhost/127.0.0.1:8082] Received response (auto-read:false) : [Content-Type=application/json, Transfer-Encoding=chunked, Date=Tue, 29 Jun 2021 14:59:29 GMT]
20:29:30.324 [reactor-http-nio-11] DEBUG reactor.netty.resources.PooledConnectionProvider - [id: 0x6e7a501f, L:/127.0.0.1:49867 - R:localhost/127.0.0.1:8082] onStateChange(GET{uri=/getAttractionRewardPoints?attractionId=786679c1-9859-4187-8371-fa685106a915&userId=1f958bd7-f7e7-4ce0-8ef3-1faefb01a470, connection=PooledConnection{channel=[id: 0x6e7a501f, L:/127.0.0.1:49867 - R:localhost/127.0.0.1:8082]}}, [response_received])
20:29:30.324 [reactor-http-nio-11] DEBUG org.springframework.web.reactive.function.client.ExchangeFunctions - [6f8a7dad] Response 200 OK
20:29:30.325 [reactor-http-nio-11] DEBUG reactor.netty.channel.FluxReceive - [id: 0x6e7a501f, L:/127.0.0.1:49867 - R:localhost/127.0.0.1:8082] Subscribing inbound receiver [pending: 0, cancelled:false, inboundDone: false]
20:29:30.325 [reactor-http-nio-11] DEBUG reactor.netty.http.client.HttpClientOperations - [id: 0x6e7a501f, L:/127.0.0.1:49867 - R:localhost/127.0.0.1:8082] Received last HTTP packet
20:29:30.326 [reactor-http-nio-11] DEBUG org.springframework.core.codec.StringDecoder - [6f8a7dad] Decoded "657"
20:29:30.326 [reactor-http-nio-11] DEBUG reactor.netty.resources.PooledConnectionProvider - [id: 0x6e7a501f, L:/127.0.0.1:49867 - R:localhost/127.0.0.1:8082] onStateChange(GET{uri=/getAttractionRewardPoints?attractionId=786679c1-9859-4187-8371-fa685106a915&userId=1f958bd7-f7e7-4ce0-8ef3-1faefb01a470, connection=PooledConnection{channel=[id: 0x6e7a501f, L:/127.0.0.1:49867 - R:localhost/127.0.0.1:8082]}}, [disconnecting])
20:29:30.326 [reactor-http-nio-11] DEBUG reactor.netty.resources.PooledConnectionProvider - [id: 0x6e7a501f, L:/127.0.0.1:49867 - R:localhost/127.0.0.1:8082] Releasing channel
20:29:30.326 [reactor-http-nio-11] DEBUG reactor.netty.resources.PooledConnectionProvider - [id: 0x6e7a501f, L:/127.0.0.1:49867 - R:localhost/127.0.0.1:8082] Channel cleaned, now 1 active connections and 1 inactive connections
20:29:30.327 [Test worker] DEBUG org.springframework.web.reactive.function.client.ExchangeFunctions - [17b44759] HTTP GET http://localhost:8082/getAttractionRewardPoints?attractionId=4abccd1a-5f1f-423a-9cbb-b811728e3470&userId=1f958bd7-f7e7-4ce0-8ef3-1faefb01a470
20:29:30.328 [reactor-http-nio-11] DEBUG reactor.netty.resources.PooledConnectionProvider - [id: 0x6e7a501f, L:/127.0.0.1:49867 - R:localhost/127.0.0.1:8082] Channel acquired, now 2 active connections and 0 inactive connections
20:29:30.328 [reactor-http-nio-11] DEBUG reactor.netty.http.client.HttpClientConnect - [id: 0x6e7a501f, L:/127.0.0.1:49867 - R:localhost/127.0.0.1:8082] Handler is being applied: {uri=http://localhost:8082/getAttractionRewardPoints?attractionId=4abccd1a-5f1f-423a-9cbb-b811728e3470&userId=1f958bd7-f7e7-4ce0-8ef3-1faefb01a470, method=GET}
20:29:30.329 [reactor-http-nio-11] DEBUG reactor.netty.resources.PooledConnectionProvider - [id: 0x6e7a501f, L:/127.0.0.1:49867 - R:localhost/127.0.0.1:8082] onStateChange(GET{uri=/getAttractionRewardPoints?attractionId=4abccd1a-5f1f-423a-9cbb-b811728e3470&userId=1f958bd7-f7e7-4ce0-8ef3-1faefb01a470, connection=PooledConnection{channel=[id: 0x6e7a501f, L:/127.0.0.1:49867 - R:localhost/127.0.0.1:8082]}}, [request_sent])
20:29:30.609 [reactor-http-nio-11] DEBUG reactor.netty.http.client.HttpClientOperations - [id: 0x6e7a501f, L:/127.0.0.1:49867 - R:localhost/127.0.0.1:8082] Received response (auto-read:false) : [Content-Type=application/json, Transfer-Encoding=chunked, Date=Tue, 29 Jun 2021 14:59:30 GMT]
20:29:30.609 [reactor-http-nio-11] DEBUG reactor.netty.resources.PooledConnectionProvider - [id: 0x6e7a501f, L:/127.0.0.1:49867 - R:localhost/127.0.0.1:8082] onStateChange(GET{uri=/getAttractionRewardPoints?attractionId=4abccd1a-5f1f-423a-9cbb-b811728e3470&userId=1f958bd7-f7e7-4ce0-8ef3-1faefb01a470, connection=PooledConnection{channel=[id: 0x6e7a501f, L:/127.0.0.1:49867 - R:localhost/127.0.0.1:8082]}}, [response_received])
20:29:30.610 [reactor-http-nio-11] DEBUG org.springframework.web.reactive.function.client.ExchangeFunctions - [17b44759] Response 200 OK
20:29:30.610 [reactor-http-nio-11] DEBUG reactor.netty.channel.FluxReceive - [id: 0x6e7a501f, L:/127.0.0.1:49867 - R:localhost/127.0.0.1:8082] Subscribing inbound receiver [pending: 0, cancelled:false, inboundDone: false]
20:29:30.610 [reactor-http-nio-11] DEBUG reactor.netty.http.client.HttpClientOperations - [id: 0x6e7a501f, L:/127.0.0.1:49867 - R:localhost/127.0.0.1:8082] Received last HTTP packet
20:29:30.610 [reactor-http-nio-11] DEBUG org.springframework.core.codec.StringDecoder - [17b44759] Decoded "488"
20:29:30.611 [reactor-http-nio-11] DEBUG reactor.netty.resources.PooledConnectionProvider - [id: 0x6e7a501f, L:/127.0.0.1:49867 - R:localhost/127.0.0.1:8082] onStateChange(GET{uri=/getAttractionRewardPoints?attractionId=4abccd1a-5f1f-423a-9cbb-b811728e3470&userId=1f958bd7-f7e7-4ce0-8ef3-1faefb01a470, connection=PooledConnection{channel=[id: 0x6e7a501f, L:/127.0.0.1:49867 - R:localhost/127.0.0.1:8082]}}, [disconnecting])
20:29:30.611 [reactor-http-nio-11] DEBUG reactor.netty.resources.PooledConnectionProvider - [id: 0x6e7a501f, L:/127.0.0.1:49867 - R:localhost/127.0.0.1:8082] Releasing channel
20:29:30.611 [reactor-http-nio-11] DEBUG reactor.netty.resources.PooledConnectionProvider - [id: 0x6e7a501f, L:/127.0.0.1:49867 - R:localhost/127.0.0.1:8082] Channel cleaned, now 1 active connections and 1 inactive connections
20:29:30.611 [Test worker] DEBUG org.springframework.web.reactive.function.client.ExchangeFunctions - [188eedba] HTTP GET http://localhost:8082/getAttractionRewardPoints?attractionId=355df6e3-a3c1-4fd2-8a84-d9689d323d4c&userId=1f958bd7-f7e7-4ce0-8ef3-1faefb01a470
20:29:30.612 [reactor-http-nio-11] DEBUG reactor.netty.resources.PooledConnectionProvider - [id: 0x6e7a501f, L:/127.0.0.1:49867 - R:localhost/127.0.0.1:8082] Channel acquired, now 2 active connections and 0 inactive connections
20:29:30.612 [reactor-http-nio-11] DEBUG reactor.netty.http.client.HttpClientConnect - [id: 0x6e7a501f, L:/127.0.0.1:49867 - R:localhost/127.0.0.1:8082] Handler is being applied: {uri=http://localhost:8082/getAttractionRewardPoints?attractionId=355df6e3-a3c1-4fd2-8a84-d9689d323d4c&userId=1f958bd7-f7e7-4ce0-8ef3-1faefb01a470, method=GET}
20:29:30.613 [reactor-http-nio-11] DEBUG reactor.netty.resources.PooledConnectionProvider - [id: 0x6e7a501f, L:/127.0.0.1:49867 - R:localhost/127.0.0.1:8082] onStateChange(GET{uri=/getAttractionRewardPoints?attractionId=355df6e3-a3c1-4fd2-8a84-d9689d323d4c&userId=1f958bd7-f7e7-4ce0-8ef3-1faefb01a470, connection=PooledConnection{channel=[id: 0x6e7a501f, L:/127.0.0.1:49867 - R:localhost/127.0.0.1:8082]}}, [request_sent])
20:29:30.744 [reactor-http-nio-11] DEBUG reactor.netty.http.client.HttpClientOperations - [id: 0xad770be0, L:/127.0.0.1:49869 - R:localhost/127.0.0.1:8082] Received response (auto-read:false) : [Content-Type=application/json, Transfer-Encoding=chunked, Date=Tue, 29 Jun 2021 14:59:30 GMT]
20:29:30.745 [reactor-http-nio-11] DEBUG reactor.netty.resources.PooledConnectionProvider - [id: 0xad770be0, L:/127.0.0.1:49869 - R:localhost/127.0.0.1:8082] onStateChange(GET{uri=/getAttractionRewardPoints?attractionId=45a76d76-d290-44b1-89a1-2894afc34f09&userId=1f958bd7-f7e7-4ce0-8ef3-1faefb01a470, connection=PooledConnection{channel=[id: 0xad770be0, L:/127.0.0.1:49869 - R:localhost/127.0.0.1:8082]}}, [response_received])
20:29:30.745 [reactor-http-nio-11] DEBUG org.springframework.web.reactive.function.client.ExchangeFunctions - [3c98c020] Response 200 OK
20:29:30.746 [reactor-http-nio-11] DEBUG reactor.netty.channel.FluxReceive - [id: 0xad770be0, L:/127.0.0.1:49869 - R:localhost/127.0.0.1:8082] Subscribing inbound receiver [pending: 0, cancelled:false, inboundDone: false]
20:29:30.746 [reactor-http-nio-11] DEBUG reactor.netty.http.client.HttpClientOperations - [id: 0xad770be0, L:/127.0.0.1:49869 - R:localhost/127.0.0.1:8082] Received last HTTP packet
20:29:30.746 [reactor-http-nio-11] DEBUG org.springframework.core.codec.StringDecoder - [3c98c020] Decoded "499"
20:29:30.746 [reactor-http-nio-11] DEBUG reactor.netty.resources.PooledConnectionProvider - [id: 0xad770be0, L:/127.0.0.1:49869 - R:localhost/127.0.0.1:8082] onStateChange(GET{uri=/getAttractionRewardPoints?attractionId=45a76d76-d290-44b1-89a1-2894afc34f09&userId=1f958bd7-f7e7-4ce0-8ef3-1faefb01a470, connection=PooledConnection{channel=[id: 0xad770be0, L:/127.0.0.1:49869 - R:localhost/127.0.0.1:8082]}}, [disconnecting])
20:29:30.746 [reactor-http-nio-11] DEBUG reactor.netty.resources.PooledConnectionProvider - [id: 0xad770be0, L:/127.0.0.1:49869 - R:localhost/127.0.0.1:8082] Releasing channel
20:29:30.747 [reactor-http-nio-11] DEBUG reactor.netty.resources.PooledConnectionProvider - [id: 0xad770be0, L:/127.0.0.1:49869 - R:localhost/127.0.0.1:8082] Channel cleaned, now 1 active connections and 1 inactive connections
20:29:30.748 [pool-10-thread-1] DEBUG org.springframework.web.reactive.function.client.ExchangeFunctions - [6a89cb57] HTTP GET http://localhost:8082/getAttractionRewardPoints?attractionId=95b6a376-b998-48c6-833f-81167af6c66d&userId=1f958bd7-f7e7-4ce0-8ef3-1faefb01a470
20:29:30.748 [reactor-http-nio-11] DEBUG reactor.netty.resources.PooledConnectionProvider - [id: 0xad770be0, L:/127.0.0.1:49869 - R:localhost/127.0.0.1:8082] Channel acquired, now 2 active connections and 0 inactive connections
20:29:30.748 [reactor-http-nio-11] DEBUG reactor.netty.http.client.HttpClientConnect - [id: 0xad770be0, L:/127.0.0.1:49869 - R:localhost/127.0.0.1:8082] Handler is being applied: {uri=http://localhost:8082/getAttractionRewardPoints?attractionId=95b6a376-b998-48c6-833f-81167af6c66d&userId=1f958bd7-f7e7-4ce0-8ef3-1faefb01a470, method=GET}
20:29:30.749 [reactor-http-nio-11] DEBUG reactor.netty.resources.PooledConnectionProvider - [id: 0xad770be0, L:/127.0.0.1:49869 - R:localhost/127.0.0.1:8082] onStateChange(GET{uri=/getAttractionRewardPoints?attractionId=95b6a376-b998-48c6-833f-81167af6c66d&userId=1f958bd7-f7e7-4ce0-8ef3-1faefb01a470, connection=PooledConnection{channel=[id: 0xad770be0, L:/127.0.0.1:49869 - R:localhost/127.0.0.1:8082]}}, [request_sent])
20:29:30.843 [reactor-http-nio-11] DEBUG reactor.netty.http.client.HttpClientOperations - [id: 0xad770be0, L:/127.0.0.1:49869 - R:localhost/127.0.0.1:8082] Received response (auto-read:false) : [Content-Type=application/json, Transfer-Encoding=chunked, Date=Tue, 29 Jun 2021 14:59:30 GMT]
20:29:30.843 [reactor-http-nio-11] DEBUG reactor.netty.resources.PooledConnectionProvider - [id: 0xad770be0, L:/127.0.0.1:49869 - R:localhost/127.0.0.1:8082] onStateChange(GET{uri=/getAttractionRewardPoints?attractionId=95b6a376-b998-48c6-833f-81167af6c66d&userId=1f958bd7-f7e7-4ce0-8ef3-1faefb01a470, connection=PooledConnection{channel=[id: 0xad770be0, L:/127.0.0.1:49869 - R:localhost/127.0.0.1:8082]}}, [response_received])
20:29:30.843 [reactor-http-nio-11] DEBUG org.springframework.web.reactive.function.client.ExchangeFunctions - [6a89cb57] Response 200 OK
20:29:30.844 [reactor-http-nio-11] DEBUG reactor.netty.channel.FluxReceive - [id: 0xad770be0, L:/127.0.0.1:49869 - R:localhost/127.0.0.1:8082] Subscribing inbound receiver [pending: 0, cancelled:false, inboundDone: false]
20:29:30.844 [reactor-http-nio-11] DEBUG reactor.netty.http.client.HttpClientOperations - [id: 0xad770be0, L:/127.0.0.1:49869 - R:localhost/127.0.0.1:8082] Received last HTTP packet
20:29:30.844 [reactor-http-nio-11] DEBUG org.springframework.core.codec.StringDecoder - [6a89cb57] Decoded "234"
20:29:30.844 [reactor-http-nio-11] DEBUG reactor.netty.resources.PooledConnectionProvider - [id: 0xad770be0, L:/127.0.0.1:49869 - R:localhost/127.0.0.1:8082] onStateChange(GET{uri=/getAttractionRewardPoints?attractionId=95b6a376-b998-48c6-833f-81167af6c66d&userId=1f958bd7-f7e7-4ce0-8ef3-1faefb01a470, connection=PooledConnection{channel=[id: 0xad770be0, L:/127.0.0.1:49869 - R:localhost/127.0.0.1:8082]}}, [disconnecting])
20:29:30.845 [reactor-http-nio-11] DEBUG reactor.netty.resources.PooledConnectionProvider - [id: 0xad770be0, L:/127.0.0.1:49869 - R:localhost/127.0.0.1:8082] Releasing channel
20:29:30.845 [reactor-http-nio-11] DEBUG reactor.netty.resources.PooledConnectionProvider - [id: 0xad770be0, L:/127.0.0.1:49869 - R:localhost/127.0.0.1:8082] Channel cleaned, now 1 active connections and 1 inactive connections
20:29:30.846 [pool-10-thread-1] DEBUG org.springframework.web.reactive.function.client.ExchangeFunctions - [775668a0] HTTP GET http://localhost:8082/getAttractionRewardPoints?attractionId=e81ceeef-c562-4964-9920-3ec69f5c776c&userId=1f958bd7-f7e7-4ce0-8ef3-1faefb01a470
20:29:30.846 [reactor-http-nio-11] DEBUG reactor.netty.resources.PooledConnectionProvider - [id: 0xad770be0, L:/127.0.0.1:49869 - R:localhost/127.0.0.1:8082] Channel acquired, now 2 active connections and 0 inactive connections
20:29:30.847 [reactor-http-nio-11] DEBUG reactor.netty.http.client.HttpClientConnect - [id: 0xad770be0, L:/127.0.0.1:49869 - R:localhost/127.0.0.1:8082] Handler is being applied: {uri=http://localhost:8082/getAttractionRewardPoints?attractionId=e81ceeef-c562-4964-9920-3ec69f5c776c&userId=1f958bd7-f7e7-4ce0-8ef3-1faefb01a470, method=GET}
20:29:30.847 [reactor-http-nio-11] DEBUG reactor.netty.resources.PooledConnectionProvider - [id: 0xad770be0, L:/127.0.0.1:49869 - R:localhost/127.0.0.1:8082] onStateChange(GET{uri=/getAttractionRewardPoints?attractionId=e81ceeef-c562-4964-9920-3ec69f5c776c&userId=1f958bd7-f7e7-4ce0-8ef3-1faefb01a470, connection=PooledConnection{channel=[id: 0xad770be0, L:/127.0.0.1:49869 - R:localhost/127.0.0.1:8082]}}, [request_sent])
20:29:30.865 [reactor-http-nio-11] DEBUG reactor.netty.http.client.HttpClientOperations - [id: 0x6e7a501f, L:/127.0.0.1:49867 - R:localhost/127.0.0.1:8082] Received response (auto-read:false) : [Content-Type=application/json, Transfer-Encoding=chunked, Date=Tue, 29 Jun 2021 14:59:30 GMT]
20:29:30.865 [reactor-http-nio-11] DEBUG reactor.netty.resources.PooledConnectionProvider - [id: 0x6e7a501f, L:/127.0.0.1:49867 - R:localhost/127.0.0.1:8082] onStateChange(GET{uri=/getAttractionRewardPoints?attractionId=355df6e3-a3c1-4fd2-8a84-d9689d323d4c&userId=1f958bd7-f7e7-4ce0-8ef3-1faefb01a470, connection=PooledConnection{channel=[id: 0x6e7a501f, L:/127.0.0.1:49867 - R:localhost/127.0.0.1:8082]}}, [response_received])
20:29:30.865 [reactor-http-nio-11] DEBUG org.springframework.web.reactive.function.client.ExchangeFunctions - [188eedba] Response 200 OK
20:29:30.866 [reactor-http-nio-11] DEBUG reactor.netty.channel.FluxReceive - [id: 0x6e7a501f, L:/127.0.0.1:49867 - R:localhost/127.0.0.1:8082] Subscribing inbound receiver [pending: 0, cancelled:false, inboundDone: false]
20:29:30.866 [reactor-http-nio-11] DEBUG reactor.netty.http.client.HttpClientOperations - [id: 0x6e7a501f, L:/127.0.0.1:49867 - R:localhost/127.0.0.1:8082] Received last HTTP packet
20:29:30.866 [reactor-http-nio-11] DEBUG org.springframework.core.codec.StringDecoder - [188eedba] Decoded "826"
20:29:30.866 [reactor-http-nio-11] DEBUG reactor.netty.resources.PooledConnectionProvider - [id: 0x6e7a501f, L:/127.0.0.1:49867 - R:localhost/127.0.0.1:8082] onStateChange(GET{uri=/getAttractionRewardPoints?attractionId=355df6e3-a3c1-4fd2-8a84-d9689d323d4c&userId=1f958bd7-f7e7-4ce0-8ef3-1faefb01a470, connection=PooledConnection{channel=[id: 0x6e7a501f, L:/127.0.0.1:49867 - R:localhost/127.0.0.1:8082]}}, [disconnecting])
20:29:30.867 [reactor-http-nio-11] DEBUG reactor.netty.resources.PooledConnectionProvider - [id: 0x6e7a501f, L:/127.0.0.1:49867 - R:localhost/127.0.0.1:8082] Releasing channel
20:29:30.867 [reactor-http-nio-11] DEBUG reactor.netty.resources.PooledConnectionProvider - [id: 0x6e7a501f, L:/127.0.0.1:49867 - R:localhost/127.0.0.1:8082] Channel cleaned, now 1 active connections and 1 inactive connections
20:29:30.868 [Test worker] DEBUG org.springframework.web.reactive.function.client.ExchangeFunctions - [74fc623e] HTTP GET http://localhost:8082/getAttractionRewardPoints?attractionId=11855c85-5131-4325-89b9-fff172bdf266&userId=1f958bd7-f7e7-4ce0-8ef3-1faefb01a470
20:29:30.868 [reactor-http-nio-11] DEBUG reactor.netty.resources.PooledConnectionProvider - [id: 0x6e7a501f, L:/127.0.0.1:49867 - R:localhost/127.0.0.1:8082] Channel acquired, now 2 active connections and 0 inactive connections
20:29:30.868 [reactor-http-nio-11] DEBUG reactor.netty.http.client.HttpClientConnect - [id: 0x6e7a501f, L:/127.0.0.1:49867 - R:localhost/127.0.0.1:8082] Handler is being applied: {uri=http://localhost:8082/getAttractionRewardPoints?attractionId=11855c85-5131-4325-89b9-fff172bdf266&userId=1f958bd7-f7e7-4ce0-8ef3-1faefb01a470, method=GET}
20:29:30.869 [reactor-http-nio-11] DEBUG reactor.netty.resources.PooledConnectionProvider - [id: 0x6e7a501f, L:/127.0.0.1:49867 - R:localhost/127.0.0.1:8082] onStateChange(GET{uri=/getAttractionRewardPoints?attractionId=11855c85-5131-4325-89b9-fff172bdf266&userId=1f958bd7-f7e7-4ce0-8ef3-1faefb01a470, connection=PooledConnection{channel=[id: 0x6e7a501f, L:/127.0.0.1:49867 - R:localhost/127.0.0.1:8082]}}, [request_sent])
20:29:31.026 [reactor-http-nio-11] DEBUG reactor.netty.http.client.HttpClientOperations - [id: 0xad770be0, L:/127.0.0.1:49869 - R:localhost/127.0.0.1:8082] Received response (auto-read:false) : [Content-Type=application/json, Transfer-Encoding=chunked, Date=Tue, 29 Jun 2021 14:59:30 GMT]
20:29:31.026 [reactor-http-nio-11] DEBUG reactor.netty.resources.PooledConnectionProvider - [id: 0xad770be0, L:/127.0.0.1:49869 - R:localhost/127.0.0.1:8082] onStateChange(GET{uri=/getAttractionRewardPoints?attractionId=e81ceeef-c562-4964-9920-3ec69f5c776c&userId=1f958bd7-f7e7-4ce0-8ef3-1faefb01a470, connection=PooledConnection{channel=[id: 0xad770be0, L:/127.0.0.1:49869 - R:localhost/127.0.0.1:8082]}}, [response_received])
20:29:31.026 [reactor-http-nio-11] DEBUG org.springframework.web.reactive.function.client.ExchangeFunctions - [775668a0] Response 200 OK
20:29:31.027 [reactor-http-nio-11] DEBUG reactor.netty.channel.FluxReceive - [id: 0xad770be0, L:/127.0.0.1:49869 - R:localhost/127.0.0.1:8082] Subscribing inbound receiver [pending: 0, cancelled:false, inboundDone: false]
20:29:31.027 [reactor-http-nio-11] DEBUG reactor.netty.http.client.HttpClientOperations - [id: 0xad770be0, L:/127.0.0.1:49869 - R:localhost/127.0.0.1:8082] Received last HTTP packet
20:29:31.028 [reactor-http-nio-11] DEBUG org.springframework.core.codec.StringDecoder - [775668a0] Decoded "661"
20:29:31.028 [reactor-http-nio-11] DEBUG reactor.netty.resources.PooledConnectionProvider - [id: 0xad770be0, L:/127.0.0.1:49869 - R:localhost/127.0.0.1:8082] onStateChange(GET{uri=/getAttractionRewardPoints?attractionId=e81ceeef-c562-4964-9920-3ec69f5c776c&userId=1f958bd7-f7e7-4ce0-8ef3-1faefb01a470, connection=PooledConnection{channel=[id: 0xad770be0, L:/127.0.0.1:49869 - R:localhost/127.0.0.1:8082]}}, [disconnecting])
20:29:31.028 [reactor-http-nio-11] DEBUG reactor.netty.resources.PooledConnectionProvider - [id: 0xad770be0, L:/127.0.0.1:49869 - R:localhost/127.0.0.1:8082] Releasing channel
20:29:31.028 [reactor-http-nio-11] DEBUG reactor.netty.resources.PooledConnectionProvider - [id: 0xad770be0, L:/127.0.0.1:49869 - R:localhost/127.0.0.1:8082] Channel cleaned, now 1 active connections and 1 inactive connections
20:29:31.029 [pool-10-thread-1] DEBUG org.springframework.web.reactive.function.client.ExchangeFunctions - [46b74743] HTTP GET http://localhost:8082/getAttractionRewardPoints?attractionId=1d36dbf9-8c05-4b1a-a88d-58631aea46e8&userId=1f958bd7-f7e7-4ce0-8ef3-1faefb01a470
20:29:31.030 [reactor-http-nio-11] DEBUG reactor.netty.resources.PooledConnectionProvider - [id: 0xad770be0, L:/127.0.0.1:49869 - R:localhost/127.0.0.1:8082] Channel acquired, now 2 active connections and 0 inactive connections
20:29:31.030 [reactor-http-nio-11] DEBUG reactor.netty.http.client.HttpClientConnect - [id: 0xad770be0, L:/127.0.0.1:49869 - R:localhost/127.0.0.1:8082] Handler is being applied: {uri=http://localhost:8082/getAttractionRewardPoints?attractionId=1d36dbf9-8c05-4b1a-a88d-58631aea46e8&userId=1f958bd7-f7e7-4ce0-8ef3-1faefb01a470, method=GET}
20:29:31.031 [reactor-http-nio-11] DEBUG reactor.netty.resources.PooledConnectionProvider - [id: 0xad770be0, L:/127.0.0.1:49869 - R:localhost/127.0.0.1:8082] onStateChange(GET{uri=/getAttractionRewardPoints?attractionId=1d36dbf9-8c05-4b1a-a88d-58631aea46e8&userId=1f958bd7-f7e7-4ce0-8ef3-1faefb01a470, connection=PooledConnection{channel=[id: 0xad770be0, L:/127.0.0.1:49869 - R:localhost/127.0.0.1:8082]}}, [request_sent])
20:29:31.592 [reactor-http-nio-11] DEBUG reactor.netty.http.client.HttpClientOperations - [id: 0x6e7a501f, L:/127.0.0.1:49867 - R:localhost/127.0.0.1:8082] Received response (auto-read:false) : [Content-Type=application/json, Transfer-Encoding=chunked, Date=Tue, 29 Jun 2021 14:59:30 GMT]
20:29:31.592 [reactor-http-nio-11] DEBUG reactor.netty.resources.PooledConnectionProvider - [id: 0x6e7a501f, L:/127.0.0.1:49867 - R:localhost/127.0.0.1:8082] onStateChange(GET{uri=/getAttractionRewardPoints?attractionId=11855c85-5131-4325-89b9-fff172bdf266&userId=1f958bd7-f7e7-4ce0-8ef3-1faefb01a470, connection=PooledConnection{channel=[id: 0x6e7a501f, L:/127.0.0.1:49867 - R:localhost/127.0.0.1:8082]}}, [response_received])
20:29:31.592 [reactor-http-nio-11] DEBUG org.springframework.web.reactive.function.client.ExchangeFunctions - [74fc623e] Response 200 OK
20:29:31.592 [reactor-http-nio-11] DEBUG reactor.netty.channel.FluxReceive - [id: 0x6e7a501f, L:/127.0.0.1:49867 - R:localhost/127.0.0.1:8082] Subscribing inbound receiver [pending: 0, cancelled:false, inboundDone: false]
20:29:31.593 [reactor-http-nio-11] DEBUG reactor.netty.http.client.HttpClientOperations - [id: 0x6e7a501f, L:/127.0.0.1:49867 - R:localhost/127.0.0.1:8082] Received last HTTP packet
20:29:31.593 [reactor-http-nio-11] DEBUG org.springframework.core.codec.StringDecoder - [74fc623e] Decoded "458"
20:29:31.594 [reactor-http-nio-11] DEBUG reactor.netty.resources.PooledConnectionProvider - [id: 0x6e7a501f, L:/127.0.0.1:49867 - R:localhost/127.0.0.1:8082] onStateChange(GET{uri=/getAttractionRewardPoints?attractionId=11855c85-5131-4325-89b9-fff172bdf266&userId=1f958bd7-f7e7-4ce0-8ef3-1faefb01a470, connection=PooledConnection{channel=[id: 0x6e7a501f, L:/127.0.0.1:49867 - R:localhost/127.0.0.1:8082]}}, [disconnecting])
20:29:31.594 [reactor-http-nio-11] DEBUG reactor.netty.resources.PooledConnectionProvider - [id: 0x6e7a501f, L:/127.0.0.1:49867 - R:localhost/127.0.0.1:8082] Releasing channel
20:29:31.594 [reactor-http-nio-11] DEBUG reactor.netty.resources.PooledConnectionProvider - [id: 0x6e7a501f, L:/127.0.0.1:49867 - R:localhost/127.0.0.1:8082] Channel cleaned, now 1 active connections and 1 inactive connections
20:29:31.595 [Test worker] DEBUG org.springframework.web.reactive.function.client.ExchangeFunctions - [48a70e19] HTTP GET http://localhost:8082/getAttractionRewardPoints?attractionId=8e1d9891-1247-4178-95ab-70ea1c03d0f0&userId=1f958bd7-f7e7-4ce0-8ef3-1faefb01a470
20:29:31.595 [reactor-http-nio-11] DEBUG reactor.netty.resources.PooledConnectionProvider - [id: 0x6e7a501f, L:/127.0.0.1:49867 - R:localhost/127.0.0.1:8082] Channel acquired, now 2 active connections and 0 inactive connections
20:29:31.595 [reactor-http-nio-11] DEBUG reactor.netty.http.client.HttpClientConnect - [id: 0x6e7a501f, L:/127.0.0.1:49867 - R:localhost/127.0.0.1:8082] Handler is being applied: {uri=http://localhost:8082/getAttractionRewardPoints?attractionId=8e1d9891-1247-4178-95ab-70ea1c03d0f0&userId=1f958bd7-f7e7-4ce0-8ef3-1faefb01a470, method=GET}
20:29:31.596 [reactor-http-nio-11] DEBUG reactor.netty.resources.PooledConnectionProvider - [id: 0x6e7a501f, L:/127.0.0.1:49867 - R:localhost/127.0.0.1:8082] onStateChange(GET{uri=/getAttractionRewardPoints?attractionId=8e1d9891-1247-4178-95ab-70ea1c03d0f0&userId=1f958bd7-f7e7-4ce0-8ef3-1faefb01a470, connection=PooledConnection{channel=[id: 0x6e7a501f, L:/127.0.0.1:49867 - R:localhost/127.0.0.1:8082]}}, [request_sent])
20:29:31.901 [reactor-http-nio-11] DEBUG reactor.netty.http.client.HttpClientOperations - [id: 0x6e7a501f, L:/127.0.0.1:49867 - R:localhost/127.0.0.1:8082] Received response (auto-read:false) : [Content-Type=application/json, Transfer-Encoding=chunked, Date=Tue, 29 Jun 2021 14:59:31 GMT]
20:29:31.901 [reactor-http-nio-11] DEBUG reactor.netty.resources.PooledConnectionProvider - [id: 0x6e7a501f, L:/127.0.0.1:49867 - R:localhost/127.0.0.1:8082] onStateChange(GET{uri=/getAttractionRewardPoints?attractionId=8e1d9891-1247-4178-95ab-70ea1c03d0f0&userId=1f958bd7-f7e7-4ce0-8ef3-1faefb01a470, connection=PooledConnection{channel=[id: 0x6e7a501f, L:/127.0.0.1:49867 - R:localhost/127.0.0.1:8082]}}, [response_received])
20:29:31.901 [reactor-http-nio-11] DEBUG org.springframework.web.reactive.function.client.ExchangeFunctions - [48a70e19] Response 200 OK
20:29:31.901 [reactor-http-nio-11] DEBUG reactor.netty.channel.FluxReceive - [id: 0x6e7a501f, L:/127.0.0.1:49867 - R:localhost/127.0.0.1:8082] Subscribing inbound receiver [pending: 0, cancelled:false, inboundDone: false]
20:29:31.901 [reactor-http-nio-11] DEBUG reactor.netty.http.client.HttpClientOperations - [id: 0x6e7a501f, L:/127.0.0.1:49867 - R:localhost/127.0.0.1:8082] Received last HTTP packet
20:29:31.902 [reactor-http-nio-11] DEBUG org.springframework.core.codec.StringDecoder - [48a70e19] Decoded "363"
20:29:31.902 [reactor-http-nio-11] DEBUG reactor.netty.resources.PooledConnectionProvider - [id: 0x6e7a501f, L:/127.0.0.1:49867 - R:localhost/127.0.0.1:8082] onStateChange(GET{uri=/getAttractionRewardPoints?attractionId=8e1d9891-1247-4178-95ab-70ea1c03d0f0&userId=1f958bd7-f7e7-4ce0-8ef3-1faefb01a470, connection=PooledConnection{channel=[id: 0x6e7a501f, L:/127.0.0.1:49867 - R:localhost/127.0.0.1:8082]}}, [disconnecting])
20:29:31.902 [reactor-http-nio-11] DEBUG reactor.netty.resources.PooledConnectionProvider - [id: 0x6e7a501f, L:/127.0.0.1:49867 - R:localhost/127.0.0.1:8082] Releasing channel
20:29:31.902 [reactor-http-nio-11] DEBUG reactor.netty.resources.PooledConnectionProvider - [id: 0x6e7a501f, L:/127.0.0.1:49867 - R:localhost/127.0.0.1:8082] Channel cleaned, now 1 active connections and 1 inactive connections
20:29:31.902 [Test worker] DEBUG org.springframework.web.reactive.function.client.ExchangeFunctions - [7d1c16db] HTTP GET http://localhost:8082/getAttractionRewardPoints?attractionId=30bbe604-d038-4b10-b05a-74ba4bb41d86&userId=1f958bd7-f7e7-4ce0-8ef3-1faefb01a470
20:29:31.903 [reactor-http-nio-11] DEBUG reactor.netty.resources.PooledConnectionProvider - [id: 0x6e7a501f, L:/127.0.0.1:49867 - R:localhost/127.0.0.1:8082] Channel acquired, now 2 active connections and 0 inactive connections
20:29:31.903 [reactor-http-nio-11] DEBUG reactor.netty.http.client.HttpClientConnect - [id: 0x6e7a501f, L:/127.0.0.1:49867 - R:localhost/127.0.0.1:8082] Handler is being applied: {uri=http://localhost:8082/getAttractionRewardPoints?attractionId=30bbe604-d038-4b10-b05a-74ba4bb41d86&userId=1f958bd7-f7e7-4ce0-8ef3-1faefb01a470, method=GET}
20:29:31.904 [reactor-http-nio-11] DEBUG reactor.netty.resources.PooledConnectionProvider - [id: 0x6e7a501f, L:/127.0.0.1:49867 - R:localhost/127.0.0.1:8082] onStateChange(GET{uri=/getAttractionRewardPoints?attractionId=30bbe604-d038-4b10-b05a-74ba4bb41d86&userId=1f958bd7-f7e7-4ce0-8ef3-1faefb01a470, connection=PooledConnection{channel=[id: 0x6e7a501f, L:/127.0.0.1:49867 - R:localhost/127.0.0.1:8082]}}, [request_sent])
20:29:31.988 [reactor-http-nio-11] DEBUG reactor.netty.http.client.HttpClientOperations - [id: 0xad770be0, L:/127.0.0.1:49869 - R:localhost/127.0.0.1:8082] Received response (auto-read:false) : [Content-Type=application/json, Transfer-Encoding=chunked, Date=Tue, 29 Jun 2021 14:59:31 GMT]
20:29:31.989 [reactor-http-nio-11] DEBUG reactor.netty.resources.PooledConnectionProvider - [id: 0xad770be0, L:/127.0.0.1:49869 - R:localhost/127.0.0.1:8082] onStateChange(GET{uri=/getAttractionRewardPoints?attractionId=1d36dbf9-8c05-4b1a-a88d-58631aea46e8&userId=1f958bd7-f7e7-4ce0-8ef3-1faefb01a470, connection=PooledConnection{channel=[id: 0xad770be0, L:/127.0.0.1:49869 - R:localhost/127.0.0.1:8082]}}, [response_received])
20:29:31.989 [reactor-http-nio-11] DEBUG org.springframework.web.reactive.function.client.ExchangeFunctions - [46b74743] Response 200 OK
20:29:31.989 [reactor-http-nio-11] DEBUG reactor.netty.channel.FluxReceive - [id: 0xad770be0, L:/127.0.0.1:49869 - R:localhost/127.0.0.1:8082] Subscribing inbound receiver [pending: 0, cancelled:false, inboundDone: false]
20:29:31.989 [reactor-http-nio-11] DEBUG reactor.netty.http.client.HttpClientOperations - [id: 0xad770be0, L:/127.0.0.1:49869 - R:localhost/127.0.0.1:8082] Received last HTTP packet
20:29:31.989 [reactor-http-nio-11] DEBUG org.springframework.core.codec.StringDecoder - [46b74743] Decoded "469"
20:29:31.989 [reactor-http-nio-11] DEBUG reactor.netty.resources.PooledConnectionProvider - [id: 0xad770be0, L:/127.0.0.1:49869 - R:localhost/127.0.0.1:8082] onStateChange(GET{uri=/getAttractionRewardPoints?attractionId=1d36dbf9-8c05-4b1a-a88d-58631aea46e8&userId=1f958bd7-f7e7-4ce0-8ef3-1faefb01a470, connection=PooledConnection{channel=[id: 0xad770be0, L:/127.0.0.1:49869 - R:localhost/127.0.0.1:8082]}}, [disconnecting])
20:29:31.990 [reactor-http-nio-11] DEBUG reactor.netty.resources.PooledConnectionProvider - [id: 0xad770be0, L:/127.0.0.1:49869 - R:localhost/127.0.0.1:8082] Releasing channel
20:29:31.990 [reactor-http-nio-11] DEBUG reactor.netty.resources.PooledConnectionProvider - [id: 0xad770be0, L:/127.0.0.1:49869 - R:localhost/127.0.0.1:8082] Channel cleaned, now 1 active connections and 1 inactive connections
20:29:31.990 [pool-10-thread-1] DEBUG org.springframework.web.reactive.function.client.ExchangeFunctions - [3c540675] HTTP GET http://localhost:8082/getAttractionRewardPoints?attractionId=6c85ae6b-00d3-492b-9247-f66b98c1f6ff&userId=1f958bd7-f7e7-4ce0-8ef3-1faefb01a470
20:29:31.991 [reactor-http-nio-11] DEBUG reactor.netty.resources.PooledConnectionProvider - [id: 0xad770be0, L:/127.0.0.1:49869 - R:localhost/127.0.0.1:8082] Channel acquired, now 2 active connections and 0 inactive connections
20:29:31.991 [reactor-http-nio-11] DEBUG reactor.netty.http.client.HttpClientConnect - [id: 0xad770be0, L:/127.0.0.1:49869 - R:localhost/127.0.0.1:8082] Handler is being applied: {uri=http://localhost:8082/getAttractionRewardPoints?attractionId=6c85ae6b-00d3-492b-9247-f66b98c1f6ff&userId=1f958bd7-f7e7-4ce0-8ef3-1faefb01a470, method=GET}
20:29:31.991 [reactor-http-nio-11] DEBUG reactor.netty.resources.PooledConnectionProvider - [id: 0xad770be0, L:/127.0.0.1:49869 - R:localhost/127.0.0.1:8082] onStateChange(GET{uri=/getAttractionRewardPoints?attractionId=6c85ae6b-00d3-492b-9247-f66b98c1f6ff&userId=1f958bd7-f7e7-4ce0-8ef3-1faefb01a470, connection=PooledConnection{channel=[id: 0xad770be0, L:/127.0.0.1:49869 - R:localhost/127.0.0.1:8082]}}, [request_sent])
20:29:32.235 [reactor-http-nio-11] DEBUG reactor.netty.http.client.HttpClientOperations - [id: 0x6e7a501f, L:/127.0.0.1:49867 - R:localhost/127.0.0.1:8082] Received response (auto-read:false) : [Content-Type=application/json, Transfer-Encoding=chunked, Date=Tue, 29 Jun 2021 14:59:31 GMT]
20:29:32.235 [reactor-http-nio-11] DEBUG reactor.netty.resources.PooledConnectionProvider - [id: 0x6e7a501f, L:/127.0.0.1:49867 - R:localhost/127.0.0.1:8082] onStateChange(GET{uri=/getAttractionRewardPoints?attractionId=30bbe604-d038-4b10-b05a-74ba4bb41d86&userId=1f958bd7-f7e7-4ce0-8ef3-1faefb01a470, connection=PooledConnection{channel=[id: 0x6e7a501f, L:/127.0.0.1:49867 - R:localhost/127.0.0.1:8082]}}, [response_received])
20:29:32.235 [reactor-http-nio-11] DEBUG org.springframework.web.reactive.function.client.ExchangeFunctions - [7d1c16db] Response 200 OK
20:29:32.236 [reactor-http-nio-11] DEBUG reactor.netty.channel.FluxReceive - [id: 0x6e7a501f, L:/127.0.0.1:49867 - R:localhost/127.0.0.1:8082] Subscribing inbound receiver [pending: 0, cancelled:false, inboundDone: false]
20:29:32.237 [reactor-http-nio-11] DEBUG reactor.netty.http.client.HttpClientOperations - [id: 0x6e7a501f, L:/127.0.0.1:49867 - R:localhost/127.0.0.1:8082] Received last HTTP packet
20:29:32.237 [reactor-http-nio-11] DEBUG org.springframework.core.codec.StringDecoder - [7d1c16db] Decoded "705"
20:29:32.237 [reactor-http-nio-11] DEBUG reactor.netty.resources.PooledConnectionProvider - [id: 0x6e7a501f, L:/127.0.0.1:49867 - R:localhost/127.0.0.1:8082] onStateChange(GET{uri=/getAttractionRewardPoints?attractionId=30bbe604-d038-4b10-b05a-74ba4bb41d86&userId=1f958bd7-f7e7-4ce0-8ef3-1faefb01a470, connection=PooledConnection{channel=[id: 0x6e7a501f, L:/127.0.0.1:49867 - R:localhost/127.0.0.1:8082]}}, [disconnecting])
20:29:32.237 [reactor-http-nio-11] DEBUG reactor.netty.resources.PooledConnectionProvider - [id: 0x6e7a501f, L:/127.0.0.1:49867 - R:localhost/127.0.0.1:8082] Releasing channel
20:29:32.238 [reactor-http-nio-11] DEBUG reactor.netty.resources.PooledConnectionProvider - [id: 0x6e7a501f, L:/127.0.0.1:49867 - R:localhost/127.0.0.1:8082] Channel cleaned, now 1 active connections and 1 inactive connections
20:29:32.238 [Test worker] DEBUG org.springframework.web.reactive.function.client.ExchangeFunctions - [1290d7ff] HTTP GET http://localhost:8082/getAttractionRewardPoints?attractionId=7247bb83-a41c-465c-acd2-4e3358479e90&userId=1f958bd7-f7e7-4ce0-8ef3-1faefb01a470
20:29:32.239 [reactor-http-nio-11] DEBUG reactor.netty.resources.PooledConnectionProvider - [id: 0x6e7a501f, L:/127.0.0.1:49867 - R:localhost/127.0.0.1:8082] Channel acquired, now 2 active connections and 0 inactive connections
20:29:32.239 [reactor-http-nio-11] DEBUG reactor.netty.http.client.HttpClientConnect - [id: 0x6e7a501f, L:/127.0.0.1:49867 - R:localhost/127.0.0.1:8082] Handler is being applied: {uri=http://localhost:8082/getAttractionRewardPoints?attractionId=7247bb83-a41c-465c-acd2-4e3358479e90&userId=1f958bd7-f7e7-4ce0-8ef3-1faefb01a470, method=GET}
20:29:32.240 [reactor-http-nio-11] DEBUG reactor.netty.resources.PooledConnectionProvider - [id: 0x6e7a501f, L:/127.0.0.1:49867 - R:localhost/127.0.0.1:8082] onStateChange(GET{uri=/getAttractionRewardPoints?attractionId=7247bb83-a41c-465c-acd2-4e3358479e90&userId=1f958bd7-f7e7-4ce0-8ef3-1faefb01a470, connection=PooledConnection{channel=[id: 0x6e7a501f, L:/127.0.0.1:49867 - R:localhost/127.0.0.1:8082]}}, [request_sent])
20:29:32.618 [reactor-http-nio-11] DEBUG reactor.netty.http.client.HttpClientOperations - [id: 0x6e7a501f, L:/127.0.0.1:49867 - R:localhost/127.0.0.1:8082] Received response (auto-read:false) : [Content-Type=application/json, Transfer-Encoding=chunked, Date=Tue, 29 Jun 2021 14:59:31 GMT]
20:29:32.618 [reactor-http-nio-11] DEBUG reactor.netty.resources.PooledConnectionProvider - [id: 0x6e7a501f, L:/127.0.0.1:49867 - R:localhost/127.0.0.1:8082] onStateChange(GET{uri=/getAttractionRewardPoints?attractionId=7247bb83-a41c-465c-acd2-4e3358479e90&userId=1f958bd7-f7e7-4ce0-8ef3-1faefb01a470, connection=PooledConnection{channel=[id: 0x6e7a501f, L:/127.0.0.1:49867 - R:localhost/127.0.0.1:8082]}}, [response_received])
20:29:32.618 [reactor-http-nio-11] DEBUG org.springframework.web.reactive.function.client.ExchangeFunctions - [1290d7ff] Response 200 OK
20:29:32.619 [reactor-http-nio-11] DEBUG reactor.netty.channel.FluxReceive - [id: 0x6e7a501f, L:/127.0.0.1:49867 - R:localhost/127.0.0.1:8082] Subscribing inbound receiver [pending: 0, cancelled:false, inboundDone: false]
20:29:32.619 [reactor-http-nio-11] DEBUG reactor.netty.http.client.HttpClientOperations - [id: 0x6e7a501f, L:/127.0.0.1:49867 - R:localhost/127.0.0.1:8082] Received last HTTP packet
20:29:32.620 [reactor-http-nio-11] DEBUG org.springframework.core.codec.StringDecoder - [1290d7ff] Decoded "489"
20:29:32.620 [reactor-http-nio-11] DEBUG reactor.netty.resources.PooledConnectionProvider - [id: 0x6e7a501f, L:/127.0.0.1:49867 - R:localhost/127.0.0.1:8082] onStateChange(GET{uri=/getAttractionRewardPoints?attractionId=7247bb83-a41c-465c-acd2-4e3358479e90&userId=1f958bd7-f7e7-4ce0-8ef3-1faefb01a470, connection=PooledConnection{channel=[id: 0x6e7a501f, L:/127.0.0.1:49867 - R:localhost/127.0.0.1:8082]}}, [disconnecting])
20:29:32.620 [reactor-http-nio-11] DEBUG reactor.netty.resources.PooledConnectionProvider - [id: 0x6e7a501f, L:/127.0.0.1:49867 - R:localhost/127.0.0.1:8082] Releasing channel
20:29:32.620 [reactor-http-nio-11] DEBUG reactor.netty.resources.PooledConnectionProvider - [id: 0x6e7a501f, L:/127.0.0.1:49867 - R:localhost/127.0.0.1:8082] Channel cleaned, now 1 active connections and 1 inactive connections
20:29:32.621 [Test worker] DEBUG org.springframework.web.reactive.function.client.ExchangeFunctions - [56aba01] HTTP GET http://localhost:8082/getAttractionRewardPoints?attractionId=69984732-997f-4135-9e84-6d3ae0ecb006&userId=1f958bd7-f7e7-4ce0-8ef3-1faefb01a470
20:29:32.622 [reactor-http-nio-11] DEBUG reactor.netty.resources.PooledConnectionProvider - [id: 0x6e7a501f, L:/127.0.0.1:49867 - R:localhost/127.0.0.1:8082] Channel acquired, now 2 active connections and 0 inactive connections
20:29:32.622 [reactor-http-nio-11] DEBUG reactor.netty.http.client.HttpClientConnect - [id: 0x6e7a501f, L:/127.0.0.1:49867 - R:localhost/127.0.0.1:8082] Handler is being applied: {uri=http://localhost:8082/getAttractionRewardPoints?attractionId=69984732-997f-4135-9e84-6d3ae0ecb006&userId=1f958bd7-f7e7-4ce0-8ef3-1faefb01a470, method=GET}
20:29:32.623 [reactor-http-nio-11] DEBUG reactor.netty.resources.PooledConnectionProvider - [id: 0x6e7a501f, L:/127.0.0.1:49867 - R:localhost/127.0.0.1:8082] onStateChange(GET{uri=/getAttractionRewardPoints?attractionId=69984732-997f-4135-9e84-6d3ae0ecb006&userId=1f958bd7-f7e7-4ce0-8ef3-1faefb01a470, connection=PooledConnection{channel=[id: 0x6e7a501f, L:/127.0.0.1:49867 - R:localhost/127.0.0.1:8082]}}, [request_sent])
20:29:32.636 [reactor-http-nio-11] DEBUG reactor.netty.http.client.HttpClientOperations - [id: 0xad770be0, L:/127.0.0.1:49869 - R:localhost/127.0.0.1:8082] Received response (auto-read:false) : [Content-Type=application/json, Transfer-Encoding=chunked, Date=Tue, 29 Jun 2021 14:59:31 GMT]
20:29:32.637 [reactor-http-nio-11] DEBUG reactor.netty.resources.PooledConnectionProvider - [id: 0xad770be0, L:/127.0.0.1:49869 - R:localhost/127.0.0.1:8082] onStateChange(GET{uri=/getAttractionRewardPoints?attractionId=6c85ae6b-00d3-492b-9247-f66b98c1f6ff&userId=1f958bd7-f7e7-4ce0-8ef3-1faefb01a470, connection=PooledConnection{channel=[id: 0xad770be0, L:/127.0.0.1:49869 - R:localhost/127.0.0.1:8082]}}, [response_received])
20:29:32.637 [reactor-http-nio-11] DEBUG org.springframework.web.reactive.function.client.ExchangeFunctions - [3c540675] Response 200 OK
20:29:32.638 [reactor-http-nio-11] DEBUG reactor.netty.channel.FluxReceive - [id: 0xad770be0, L:/127.0.0.1:49869 - R:localhost/127.0.0.1:8082] Subscribing inbound receiver [pending: 0, cancelled:false, inboundDone: false]
20:29:32.638 [reactor-http-nio-11] DEBUG reactor.netty.http.client.HttpClientOperations - [id: 0xad770be0, L:/127.0.0.1:49869 - R:localhost/127.0.0.1:8082] Received last HTTP packet
20:29:32.639 [reactor-http-nio-11] DEBUG org.springframework.core.codec.StringDecoder - [3c540675] Decoded "596"
20:29:32.639 [reactor-http-nio-11] DEBUG reactor.netty.resources.PooledConnectionProvider - [id: 0xad770be0, L:/127.0.0.1:49869 - R:localhost/127.0.0.1:8082] onStateChange(GET{uri=/getAttractionRewardPoints?attractionId=6c85ae6b-00d3-492b-9247-f66b98c1f6ff&userId=1f958bd7-f7e7-4ce0-8ef3-1faefb01a470, connection=PooledConnection{channel=[id: 0xad770be0, L:/127.0.0.1:49869 - R:localhost/127.0.0.1:8082]}}, [disconnecting])
20:29:32.639 [reactor-http-nio-11] DEBUG reactor.netty.resources.PooledConnectionProvider - [id: 0xad770be0, L:/127.0.0.1:49869 - R:localhost/127.0.0.1:8082] Releasing channel
20:29:32.639 [reactor-http-nio-11] DEBUG reactor.netty.resources.PooledConnectionProvider - [id: 0xad770be0, L:/127.0.0.1:49869 - R:localhost/127.0.0.1:8082] Channel cleaned, now 1 active connections and 1 inactive connections
20:29:32.640 [pool-10-thread-1] DEBUG org.springframework.web.reactive.function.client.ExchangeFunctions - [18a3b1db] HTTP GET http://localhost:8082/getAttractionRewardPoints?attractionId=c231cda0-3fe6-4792-8c3a-e8193d7e03ab&userId=1f958bd7-f7e7-4ce0-8ef3-1faefb01a470
20:29:32.640 [reactor-http-nio-11] DEBUG reactor.netty.resources.PooledConnectionProvider - [id: 0xad770be0, L:/127.0.0.1:49869 - R:localhost/127.0.0.1:8082] Channel acquired, now 2 active connections and 0 inactive connections
20:29:32.640 [reactor-http-nio-11] DEBUG reactor.netty.http.client.HttpClientConnect - [id: 0xad770be0, L:/127.0.0.1:49869 - R:localhost/127.0.0.1:8082] Handler is being applied: {uri=http://localhost:8082/getAttractionRewardPoints?attractionId=c231cda0-3fe6-4792-8c3a-e8193d7e03ab&userId=1f958bd7-f7e7-4ce0-8ef3-1faefb01a470, method=GET}
20:29:32.641 [reactor-http-nio-11] DEBUG reactor.netty.resources.PooledConnectionProvider - [id: 0xad770be0, L:/127.0.0.1:49869 - R:localhost/127.0.0.1:8082] onStateChange(GET{uri=/getAttractionRewardPoints?attractionId=c231cda0-3fe6-4792-8c3a-e8193d7e03ab&userId=1f958bd7-f7e7-4ce0-8ef3-1faefb01a470, connection=PooledConnection{channel=[id: 0xad770be0, L:/127.0.0.1:49869 - R:localhost/127.0.0.1:8082]}}, [request_sent])
20:29:33.302 [reactor-http-nio-11] DEBUG reactor.netty.http.client.HttpClientOperations - [id: 0xad770be0, L:/127.0.0.1:49869 - R:localhost/127.0.0.1:8082] Received response (auto-read:false) : [Content-Type=application/json, Transfer-Encoding=chunked, Date=Tue, 29 Jun 2021 14:59:33 GMT]
20:29:33.302 [reactor-http-nio-11] DEBUG reactor.netty.resources.PooledConnectionProvider - [id: 0xad770be0, L:/127.0.0.1:49869 - R:localhost/127.0.0.1:8082] onStateChange(GET{uri=/getAttractionRewardPoints?attractionId=c231cda0-3fe6-4792-8c3a-e8193d7e03ab&userId=1f958bd7-f7e7-4ce0-8ef3-1faefb01a470, connection=PooledConnection{channel=[id: 0xad770be0, L:/127.0.0.1:49869 - R:localhost/127.0.0.1:8082]}}, [response_received])
20:29:33.302 [reactor-http-nio-11] DEBUG org.springframework.web.reactive.function.client.ExchangeFunctions - [18a3b1db] Response 200 OK
20:29:33.303 [reactor-http-nio-11] DEBUG reactor.netty.channel.FluxReceive - [id: 0xad770be0, L:/127.0.0.1:49869 - R:localhost/127.0.0.1:8082] Subscribing inbound receiver [pending: 0, cancelled:false, inboundDone: false]
20:29:33.303 [reactor-http-nio-11] DEBUG reactor.netty.http.client.HttpClientOperations - [id: 0xad770be0, L:/127.0.0.1:49869 - R:localhost/127.0.0.1:8082] Received last HTTP packet
20:29:33.303 [reactor-http-nio-11] DEBUG org.springframework.core.codec.StringDecoder - [18a3b1db] Decoded "402"
20:29:33.303 [reactor-http-nio-11] DEBUG reactor.netty.resources.PooledConnectionProvider - [id: 0xad770be0, L:/127.0.0.1:49869 - R:localhost/127.0.0.1:8082] onStateChange(GET{uri=/getAttractionRewardPoints?attractionId=c231cda0-3fe6-4792-8c3a-e8193d7e03ab&userId=1f958bd7-f7e7-4ce0-8ef3-1faefb01a470, connection=PooledConnection{channel=[id: 0xad770be0, L:/127.0.0.1:49869 - R:localhost/127.0.0.1:8082]}}, [disconnecting])
20:29:33.304 [reactor-http-nio-11] DEBUG reactor.netty.resources.PooledConnectionProvider - [id: 0xad770be0, L:/127.0.0.1:49869 - R:localhost/127.0.0.1:8082] Releasing channel
20:29:33.304 [reactor-http-nio-11] DEBUG reactor.netty.resources.PooledConnectionProvider - [id: 0xad770be0, L:/127.0.0.1:49869 - R:localhost/127.0.0.1:8082] Channel cleaned, now 1 active connections and 1 inactive connections
20:29:33.305 [pool-10-thread-1] DEBUG org.springframework.web.reactive.function.client.ExchangeFunctions - [5c74d907] HTTP GET http://localhost:8082/getAttractionRewardPoints?attractionId=4f40ace9-0657-447d-acdd-48a930950506&userId=1f958bd7-f7e7-4ce0-8ef3-1faefb01a470
20:29:33.305 [reactor-http-nio-11] DEBUG reactor.netty.resources.PooledConnectionProvider - [id: 0xad770be0, L:/127.0.0.1:49869 - R:localhost/127.0.0.1:8082] Channel acquired, now 2 active connections and 0 inactive connections
20:29:33.305 [reactor-http-nio-11] DEBUG reactor.netty.http.client.HttpClientConnect - [id: 0xad770be0, L:/127.0.0.1:49869 - R:localhost/127.0.0.1:8082] Handler is being applied: {uri=http://localhost:8082/getAttractionRewardPoints?attractionId=4f40ace9-0657-447d-acdd-48a930950506&userId=1f958bd7-f7e7-4ce0-8ef3-1faefb01a470, method=GET}
20:29:33.306 [reactor-http-nio-11] DEBUG reactor.netty.resources.PooledConnectionProvider - [id: 0xad770be0, L:/127.0.0.1:49869 - R:localhost/127.0.0.1:8082] onStateChange(GET{uri=/getAttractionRewardPoints?attractionId=4f40ace9-0657-447d-acdd-48a930950506&userId=1f958bd7-f7e7-4ce0-8ef3-1faefb01a470, connection=PooledConnection{channel=[id: 0xad770be0, L:/127.0.0.1:49869 - R:localhost/127.0.0.1:8082]}}, [request_sent])
20:29:33.307 [reactor-http-nio-11] DEBUG reactor.netty.http.client.HttpClientOperations - [id: 0x6e7a501f, L:/127.0.0.1:49867 - R:localhost/127.0.0.1:8082] Received response (auto-read:false) : [Content-Type=application/json, Transfer-Encoding=chunked, Date=Tue, 29 Jun 2021 14:59:33 GMT]
20:29:33.307 [reactor-http-nio-11] DEBUG reactor.netty.resources.PooledConnectionProvider - [id: 0x6e7a501f, L:/127.0.0.1:49867 - R:localhost/127.0.0.1:8082] onStateChange(GET{uri=/getAttractionRewardPoints?attractionId=69984732-997f-4135-9e84-6d3ae0ecb006&userId=1f958bd7-f7e7-4ce0-8ef3-1faefb01a470, connection=PooledConnection{channel=[id: 0x6e7a501f, L:/127.0.0.1:49867 - R:localhost/127.0.0.1:8082]}}, [response_received])
20:29:33.307 [reactor-http-nio-11] DEBUG org.springframework.web.reactive.function.client.ExchangeFunctions - [56aba01] Response 200 OK
20:29:33.308 [reactor-http-nio-11] DEBUG reactor.netty.channel.FluxReceive - [id: 0x6e7a501f, L:/127.0.0.1:49867 - R:localhost/127.0.0.1:8082] Subscribing inbound receiver [pending: 0, cancelled:false, inboundDone: false]
20:29:33.308 [reactor-http-nio-11] DEBUG reactor.netty.http.client.HttpClientOperations - [id: 0x6e7a501f, L:/127.0.0.1:49867 - R:localhost/127.0.0.1:8082] Received last HTTP packet
20:29:33.308 [reactor-http-nio-11] DEBUG org.springframework.core.codec.StringDecoder - [56aba01] Decoded "37"
20:29:33.308 [reactor-http-nio-11] DEBUG reactor.netty.resources.PooledConnectionProvider - [id: 0x6e7a501f, L:/127.0.0.1:49867 - R:localhost/127.0.0.1:8082] onStateChange(GET{uri=/getAttractionRewardPoints?attractionId=69984732-997f-4135-9e84-6d3ae0ecb006&userId=1f958bd7-f7e7-4ce0-8ef3-1faefb01a470, connection=PooledConnection{channel=[id: 0x6e7a501f, L:/127.0.0.1:49867 - R:localhost/127.0.0.1:8082]}}, [disconnecting])
20:29:33.308 [reactor-http-nio-11] DEBUG reactor.netty.resources.PooledConnectionProvider - [id: 0x6e7a501f, L:/127.0.0.1:49867 - R:localhost/127.0.0.1:8082] Releasing channel
20:29:33.309 [reactor-http-nio-11] DEBUG reactor.netty.resources.PooledConnectionProvider - [id: 0x6e7a501f, L:/127.0.0.1:49867 - R:localhost/127.0.0.1:8082] Channel cleaned, now 1 active connections and 1 inactive connections
20:29:33.309 [Test worker] DEBUG org.springframework.web.reactive.function.client.ExchangeFunctions - [754dbb73] HTTP GET http://localhost:8082/getAttractionRewardPoints?attractionId=c48f31ba-97e2-4b72-b399-3a509057acd8&userId=1f958bd7-f7e7-4ce0-8ef3-1faefb01a470
20:29:33.310 [reactor-http-nio-11] DEBUG reactor.netty.resources.PooledConnectionProvider - [id: 0x6e7a501f, L:/127.0.0.1:49867 - R:localhost/127.0.0.1:8082] Channel acquired, now 2 active connections and 0 inactive connections
20:29:33.310 [reactor-http-nio-11] DEBUG reactor.netty.http.client.HttpClientConnect - [id: 0x6e7a501f, L:/127.0.0.1:49867 - R:localhost/127.0.0.1:8082] Handler is being applied: {uri=http://localhost:8082/getAttractionRewardPoints?attractionId=c48f31ba-97e2-4b72-b399-3a509057acd8&userId=1f958bd7-f7e7-4ce0-8ef3-1faefb01a470, method=GET}
20:29:33.312 [reactor-http-nio-11] DEBUG reactor.netty.resources.PooledConnectionProvider - [id: 0x6e7a501f, L:/127.0.0.1:49867 - R:localhost/127.0.0.1:8082] onStateChange(GET{uri=/getAttractionRewardPoints?attractionId=c48f31ba-97e2-4b72-b399-3a509057acd8&userId=1f958bd7-f7e7-4ce0-8ef3-1faefb01a470, connection=PooledConnection{channel=[id: 0x6e7a501f, L:/127.0.0.1:49867 - R:localhost/127.0.0.1:8082]}}, [request_sent])
20:29:33.417 [reactor-http-nio-11] DEBUG reactor.netty.http.client.HttpClientOperations - [id: 0xad770be0, L:/127.0.0.1:49869 - R:localhost/127.0.0.1:8082] Received response (auto-read:false) : [Content-Type=application/json, Transfer-Encoding=chunked, Date=Tue, 29 Jun 2021 14:59:33 GMT]
20:29:33.417 [reactor-http-nio-11] DEBUG reactor.netty.resources.PooledConnectionProvider - [id: 0xad770be0, L:/127.0.0.1:49869 - R:localhost/127.0.0.1:8082] onStateChange(GET{uri=/getAttractionRewardPoints?attractionId=4f40ace9-0657-447d-acdd-48a930950506&userId=1f958bd7-f7e7-4ce0-8ef3-1faefb01a470, connection=PooledConnection{channel=[id: 0xad770be0, L:/127.0.0.1:49869 - R:localhost/127.0.0.1:8082]}}, [response_received])
20:29:33.418 [reactor-http-nio-11] DEBUG org.springframework.web.reactive.function.client.ExchangeFunctions - [5c74d907] Response 200 OK
20:29:33.418 [reactor-http-nio-11] DEBUG reactor.netty.channel.FluxReceive - [id: 0xad770be0, L:/127.0.0.1:49869 - R:localhost/127.0.0.1:8082] Subscribing inbound receiver [pending: 0, cancelled:false, inboundDone: false]
20:29:33.419 [reactor-http-nio-11] DEBUG reactor.netty.http.client.HttpClientOperations - [id: 0xad770be0, L:/127.0.0.1:49869 - R:localhost/127.0.0.1:8082] Received last HTTP packet
20:29:33.419 [reactor-http-nio-11] DEBUG org.springframework.core.codec.StringDecoder - [5c74d907] Decoded "854"
20:29:33.419 [reactor-http-nio-11] DEBUG reactor.netty.resources.PooledConnectionProvider - [id: 0xad770be0, L:/127.0.0.1:49869 - R:localhost/127.0.0.1:8082] onStateChange(GET{uri=/getAttractionRewardPoints?attractionId=4f40ace9-0657-447d-acdd-48a930950506&userId=1f958bd7-f7e7-4ce0-8ef3-1faefb01a470, connection=PooledConnection{channel=[id: 0xad770be0, L:/127.0.0.1:49869 - R:localhost/127.0.0.1:8082]}}, [disconnecting])
20:29:33.420 [reactor-http-nio-11] DEBUG reactor.netty.resources.PooledConnectionProvider - [id: 0xad770be0, L:/127.0.0.1:49869 - R:localhost/127.0.0.1:8082] Releasing channel
20:29:33.420 [reactor-http-nio-11] DEBUG reactor.netty.resources.PooledConnectionProvider - [id: 0xad770be0, L:/127.0.0.1:49869 - R:localhost/127.0.0.1:8082] Channel cleaned, now 1 active connections and 1 inactive connections
20:29:33.421 [pool-10-thread-1] DEBUG org.springframework.web.reactive.function.client.ExchangeFunctions - [20850095] HTTP GET http://localhost:8082/getAttractionRewardPoints?attractionId=8e82b391-68fa-4194-a173-2e2c293b7835&userId=1f958bd7-f7e7-4ce0-8ef3-1faefb01a470
20:29:33.421 [reactor-http-nio-11] DEBUG reactor.netty.resources.PooledConnectionProvider - [id: 0xad770be0, L:/127.0.0.1:49869 - R:localhost/127.0.0.1:8082] Channel acquired, now 2 active connections and 0 inactive connections
20:29:33.421 [reactor-http-nio-11] DEBUG reactor.netty.http.client.HttpClientConnect - [id: 0xad770be0, L:/127.0.0.1:49869 - R:localhost/127.0.0.1:8082] Handler is being applied: {uri=http://localhost:8082/getAttractionRewardPoints?attractionId=8e82b391-68fa-4194-a173-2e2c293b7835&userId=1f958bd7-f7e7-4ce0-8ef3-1faefb01a470, method=GET}
20:29:33.422 [reactor-http-nio-11] DEBUG reactor.netty.resources.PooledConnectionProvider - [id: 0xad770be0, L:/127.0.0.1:49869 - R:localhost/127.0.0.1:8082] onStateChange(GET{uri=/getAttractionRewardPoints?attractionId=8e82b391-68fa-4194-a173-2e2c293b7835&userId=1f958bd7-f7e7-4ce0-8ef3-1faefb01a470, connection=PooledConnection{channel=[id: 0xad770be0, L:/127.0.0.1:49869 - R:localhost/127.0.0.1:8082]}}, [request_sent])
20:29:33.742 [reactor-http-nio-11] DEBUG reactor.netty.http.client.HttpClientOperations - [id: 0xad770be0, L:/127.0.0.1:49869 - R:localhost/127.0.0.1:8082] Received response (auto-read:false) : [Content-Type=application/json, Transfer-Encoding=chunked, Date=Tue, 29 Jun 2021 14:59:33 GMT]
20:29:33.742 [reactor-http-nio-11] DEBUG reactor.netty.resources.PooledConnectionProvider - [id: 0xad770be0, L:/127.0.0.1:49869 - R:localhost/127.0.0.1:8082] onStateChange(GET{uri=/getAttractionRewardPoints?attractionId=8e82b391-68fa-4194-a173-2e2c293b7835&userId=1f958bd7-f7e7-4ce0-8ef3-1faefb01a470, connection=PooledConnection{channel=[id: 0xad770be0, L:/127.0.0.1:49869 - R:localhost/127.0.0.1:8082]}}, [response_received])
20:29:33.742 [reactor-http-nio-11] DEBUG org.springframework.web.reactive.function.client.ExchangeFunctions - [20850095] Response 200 OK
20:29:33.743 [reactor-http-nio-11] DEBUG reactor.netty.channel.FluxReceive - [id: 0xad770be0, L:/127.0.0.1:49869 - R:localhost/127.0.0.1:8082] Subscribing inbound receiver [pending: 0, cancelled:false, inboundDone: false]
20:29:33.743 [reactor-http-nio-11] DEBUG reactor.netty.http.client.HttpClientOperations - [id: 0xad770be0, L:/127.0.0.1:49869 - R:localhost/127.0.0.1:8082] Received last HTTP packet
20:29:33.743 [reactor-http-nio-11] DEBUG org.springframework.core.codec.StringDecoder - [20850095] Decoded "48"
20:29:33.744 [reactor-http-nio-11] DEBUG reactor.netty.resources.PooledConnectionProvider - [id: 0xad770be0, L:/127.0.0.1:49869 - R:localhost/127.0.0.1:8082] onStateChange(GET{uri=/getAttractionRewardPoints?attractionId=8e82b391-68fa-4194-a173-2e2c293b7835&userId=1f958bd7-f7e7-4ce0-8ef3-1faefb01a470, connection=PooledConnection{channel=[id: 0xad770be0, L:/127.0.0.1:49869 - R:localhost/127.0.0.1:8082]}}, [disconnecting])
20:29:33.744 [reactor-http-nio-11] DEBUG reactor.netty.resources.PooledConnectionProvider - [id: 0xad770be0, L:/127.0.0.1:49869 - R:localhost/127.0.0.1:8082] Releasing channel
20:29:33.744 [reactor-http-nio-11] DEBUG reactor.netty.resources.PooledConnectionProvider - [id: 0xad770be0, L:/127.0.0.1:49869 - R:localhost/127.0.0.1:8082] Channel cleaned, now 1 active connections and 1 inactive connections
20:29:33.745 [pool-10-thread-1] DEBUG org.springframework.web.reactive.function.client.ExchangeFunctions - [3cfecd5e] HTTP GET http://localhost:8082/getAttractionRewardPoints?attractionId=4cc023b5-cd16-4307-be23-e033363361ca&userId=1f958bd7-f7e7-4ce0-8ef3-1faefb01a470
20:29:33.745 [reactor-http-nio-11] DEBUG reactor.netty.resources.PooledConnectionProvider - [id: 0xad770be0, L:/127.0.0.1:49869 - R:localhost/127.0.0.1:8082] Channel acquired, now 2 active connections and 0 inactive connections
20:29:33.746 [reactor-http-nio-11] DEBUG reactor.netty.http.client.HttpClientConnect - [id: 0xad770be0, L:/127.0.0.1:49869 - R:localhost/127.0.0.1:8082] Handler is being applied: {uri=http://localhost:8082/getAttractionRewardPoints?attractionId=4cc023b5-cd16-4307-be23-e033363361ca&userId=1f958bd7-f7e7-4ce0-8ef3-1faefb01a470, method=GET}
20:29:33.746 [reactor-http-nio-11] DEBUG reactor.netty.resources.PooledConnectionProvider - [id: 0xad770be0, L:/127.0.0.1:49869 - R:localhost/127.0.0.1:8082] onStateChange(GET{uri=/getAttractionRewardPoints?attractionId=4cc023b5-cd16-4307-be23-e033363361ca&userId=1f958bd7-f7e7-4ce0-8ef3-1faefb01a470, connection=PooledConnection{channel=[id: 0xad770be0, L:/127.0.0.1:49869 - R:localhost/127.0.0.1:8082]}}, [request_sent])
20:29:34.104 [reactor-http-nio-11] DEBUG reactor.netty.http.client.HttpClientOperations - [id: 0x6e7a501f, L:/127.0.0.1:49867 - R:localhost/127.0.0.1:8082] Received response (auto-read:false) : [Content-Type=application/json, Transfer-Encoding=chunked, Date=Tue, 29 Jun 2021 14:59:33 GMT]
20:29:34.105 [reactor-http-nio-11] DEBUG reactor.netty.resources.PooledConnectionProvider - [id: 0x6e7a501f, L:/127.0.0.1:49867 - R:localhost/127.0.0.1:8082] onStateChange(GET{uri=/getAttractionRewardPoints?attractionId=c48f31ba-97e2-4b72-b399-3a509057acd8&userId=1f958bd7-f7e7-4ce0-8ef3-1faefb01a470, connection=PooledConnection{channel=[id: 0x6e7a501f, L:/127.0.0.1:49867 - R:localhost/127.0.0.1:8082]}}, [response_received])
20:29:34.105 [reactor-http-nio-11] DEBUG org.springframework.web.reactive.function.client.ExchangeFunctions - [754dbb73] Response 200 OK
20:29:34.105 [reactor-http-nio-11] DEBUG reactor.netty.channel.FluxReceive - [id: 0x6e7a501f, L:/127.0.0.1:49867 - R:localhost/127.0.0.1:8082] Subscribing inbound receiver [pending: 0, cancelled:false, inboundDone: false]
20:29:34.106 [reactor-http-nio-11] DEBUG reactor.netty.http.client.HttpClientOperations - [id: 0x6e7a501f, L:/127.0.0.1:49867 - R:localhost/127.0.0.1:8082] Received last HTTP packet
20:29:34.106 [reactor-http-nio-11] DEBUG org.springframework.core.codec.StringDecoder - [754dbb73] Decoded "867"
20:29:34.106 [reactor-http-nio-11] DEBUG reactor.netty.resources.PooledConnectionProvider - [id: 0x6e7a501f, L:/127.0.0.1:49867 - R:localhost/127.0.0.1:8082] onStateChange(GET{uri=/getAttractionRewardPoints?attractionId=c48f31ba-97e2-4b72-b399-3a509057acd8&userId=1f958bd7-f7e7-4ce0-8ef3-1faefb01a470, connection=PooledConnection{channel=[id: 0x6e7a501f, L:/127.0.0.1:49867 - R:localhost/127.0.0.1:8082]}}, [disconnecting])
20:29:34.106 [reactor-http-nio-11] DEBUG reactor.netty.resources.PooledConnectionProvider - [id: 0x6e7a501f, L:/127.0.0.1:49867 - R:localhost/127.0.0.1:8082] Releasing channel
20:29:34.106 [reactor-http-nio-11] DEBUG reactor.netty.resources.PooledConnectionProvider - [id: 0x6e7a501f, L:/127.0.0.1:49867 - R:localhost/127.0.0.1:8082] Channel cleaned, now 1 active connections and 1 inactive connections
20:29:34.107 [Test worker] DEBUG org.springframework.web.reactive.function.client.ExchangeFunctions - [68fad1cf] HTTP GET http://localhost:8082/getAttractionRewardPoints?attractionId=e43e4e6a-897d-4dbe-bbb5-99486d320191&userId=1f958bd7-f7e7-4ce0-8ef3-1faefb01a470
20:29:34.108 [reactor-http-nio-11] DEBUG reactor.netty.resources.PooledConnectionProvider - [id: 0x6e7a501f, L:/127.0.0.1:49867 - R:localhost/127.0.0.1:8082] Channel acquired, now 2 active connections and 0 inactive connections
20:29:34.108 [reactor-http-nio-11] DEBUG reactor.netty.http.client.HttpClientConnect - [id: 0x6e7a501f, L:/127.0.0.1:49867 - R:localhost/127.0.0.1:8082] Handler is being applied: {uri=http://localhost:8082/getAttractionRewardPoints?attractionId=e43e4e6a-897d-4dbe-bbb5-99486d320191&userId=1f958bd7-f7e7-4ce0-8ef3-1faefb01a470, method=GET}
20:29:34.109 [reactor-http-nio-11] DEBUG reactor.netty.resources.PooledConnectionProvider - [id: 0x6e7a501f, L:/127.0.0.1:49867 - R:localhost/127.0.0.1:8082] onStateChange(GET{uri=/getAttractionRewardPoints?attractionId=e43e4e6a-897d-4dbe-bbb5-99486d320191&userId=1f958bd7-f7e7-4ce0-8ef3-1faefb01a470, connection=PooledConnection{channel=[id: 0x6e7a501f, L:/127.0.0.1:49867 - R:localhost/127.0.0.1:8082]}}, [request_sent])
20:29:34.124 [reactor-http-nio-11] DEBUG reactor.netty.http.client.HttpClientOperations - [id: 0x6e7a501f, L:/127.0.0.1:49867 - R:localhost/127.0.0.1:8082] Received response (auto-read:false) : [Content-Type=application/json, Transfer-Encoding=chunked, Date=Tue, 29 Jun 2021 14:59:33 GMT]
20:29:34.124 [reactor-http-nio-11] DEBUG reactor.netty.resources.PooledConnectionProvider - [id: 0x6e7a501f, L:/127.0.0.1:49867 - R:localhost/127.0.0.1:8082] onStateChange(GET{uri=/getAttractionRewardPoints?attractionId=e43e4e6a-897d-4dbe-bbb5-99486d320191&userId=1f958bd7-f7e7-4ce0-8ef3-1faefb01a470, connection=PooledConnection{channel=[id: 0x6e7a501f, L:/127.0.0.1:49867 - R:localhost/127.0.0.1:8082]}}, [response_received])
20:29:34.124 [reactor-http-nio-11] DEBUG org.springframework.web.reactive.function.client.ExchangeFunctions - [68fad1cf] Response 200 OK
20:29:34.125 [reactor-http-nio-11] DEBUG reactor.netty.channel.FluxReceive - [id: 0x6e7a501f, L:/127.0.0.1:49867 - R:localhost/127.0.0.1:8082] Subscribing inbound receiver [pending: 0, cancelled:false, inboundDone: false]
20:29:34.125 [reactor-http-nio-11] DEBUG reactor.netty.http.client.HttpClientOperations - [id: 0x6e7a501f, L:/127.0.0.1:49867 - R:localhost/127.0.0.1:8082] Received last HTTP packet
20:29:34.126 [reactor-http-nio-11] DEBUG org.springframework.core.codec.StringDecoder - [68fad1cf] Decoded "520"
20:29:34.126 [reactor-http-nio-11] DEBUG reactor.netty.resources.PooledConnectionProvider - [id: 0x6e7a501f, L:/127.0.0.1:49867 - R:localhost/127.0.0.1:8082] onStateChange(GET{uri=/getAttractionRewardPoints?attractionId=e43e4e6a-897d-4dbe-bbb5-99486d320191&userId=1f958bd7-f7e7-4ce0-8ef3-1faefb01a470, connection=PooledConnection{channel=[id: 0x6e7a501f, L:/127.0.0.1:49867 - R:localhost/127.0.0.1:8082]}}, [disconnecting])
20:29:34.126 [reactor-http-nio-11] DEBUG reactor.netty.resources.PooledConnectionProvider - [id: 0x6e7a501f, L:/127.0.0.1:49867 - R:localhost/127.0.0.1:8082] Releasing channel
20:29:34.126 [reactor-http-nio-11] DEBUG reactor.netty.resources.PooledConnectionProvider - [id: 0x6e7a501f, L:/127.0.0.1:49867 - R:localhost/127.0.0.1:8082] Channel cleaned, now 1 active connections and 1 inactive connections
20:29:34.127 [Test worker] DEBUG org.springframework.web.reactive.function.client.ExchangeFunctions - [7cc1dc00] HTTP GET http://localhost:8082/getAttractionRewardPoints?attractionId=d4d69ad6-373d-4757-87bd-d71a28992ce2&userId=1f958bd7-f7e7-4ce0-8ef3-1faefb01a470
20:29:34.128 [reactor-http-nio-11] DEBUG reactor.netty.resources.PooledConnectionProvider - [id: 0x6e7a501f, L:/127.0.0.1:49867 - R:localhost/127.0.0.1:8082] Channel acquired, now 2 active connections and 0 inactive connections
20:29:34.128 [reactor-http-nio-11] DEBUG reactor.netty.http.client.HttpClientConnect - [id: 0x6e7a501f, L:/127.0.0.1:49867 - R:localhost/127.0.0.1:8082] Handler is being applied: {uri=http://localhost:8082/getAttractionRewardPoints?attractionId=d4d69ad6-373d-4757-87bd-d71a28992ce2&userId=1f958bd7-f7e7-4ce0-8ef3-1faefb01a470, method=GET}
20:29:34.129 [reactor-http-nio-11] DEBUG reactor.netty.resources.PooledConnectionProvider - [id: 0x6e7a501f, L:/127.0.0.1:49867 - R:localhost/127.0.0.1:8082] onStateChange(GET{uri=/getAttractionRewardPoints?attractionId=d4d69ad6-373d-4757-87bd-d71a28992ce2&userId=1f958bd7-f7e7-4ce0-8ef3-1faefb01a470, connection=PooledConnection{channel=[id: 0x6e7a501f, L:/127.0.0.1:49867 - R:localhost/127.0.0.1:8082]}}, [request_sent])
20:29:34.133 [reactor-http-nio-11] DEBUG reactor.netty.http.client.HttpClientOperations - [id: 0xad770be0, L:/127.0.0.1:49869 - R:localhost/127.0.0.1:8082] Received response (auto-read:false) : [Content-Type=application/json, Transfer-Encoding=chunked, Date=Tue, 29 Jun 2021 14:59:33 GMT]
20:29:34.134 [reactor-http-nio-11] DEBUG reactor.netty.resources.PooledConnectionProvider - [id: 0xad770be0, L:/127.0.0.1:49869 - R:localhost/127.0.0.1:8082] onStateChange(GET{uri=/getAttractionRewardPoints?attractionId=4cc023b5-cd16-4307-be23-e033363361ca&userId=1f958bd7-f7e7-4ce0-8ef3-1faefb01a470, connection=PooledConnection{channel=[id: 0xad770be0, L:/127.0.0.1:49869 - R:localhost/127.0.0.1:8082]}}, [response_received])
20:29:34.134 [reactor-http-nio-11] DEBUG org.springframework.web.reactive.function.client.ExchangeFunctions - [3cfecd5e] Response 200 OK
20:29:34.134 [reactor-http-nio-11] DEBUG reactor.netty.channel.FluxReceive - [id: 0xad770be0, L:/127.0.0.1:49869 - R:localhost/127.0.0.1:8082] Subscribing inbound receiver [pending: 0, cancelled:false, inboundDone: false]
20:29:34.135 [reactor-http-nio-11] DEBUG reactor.netty.http.client.HttpClientOperations - [id: 0xad770be0, L:/127.0.0.1:49869 - R:localhost/127.0.0.1:8082] Received last HTTP packet
20:29:34.135 [reactor-http-nio-11] DEBUG org.springframework.core.codec.StringDecoder - [3cfecd5e] Decoded "752"
20:29:34.135 [reactor-http-nio-11] DEBUG reactor.netty.resources.PooledConnectionProvider - [id: 0xad770be0, L:/127.0.0.1:49869 - R:localhost/127.0.0.1:8082] onStateChange(GET{uri=/getAttractionRewardPoints?attractionId=4cc023b5-cd16-4307-be23-e033363361ca&userId=1f958bd7-f7e7-4ce0-8ef3-1faefb01a470, connection=PooledConnection{channel=[id: 0xad770be0, L:/127.0.0.1:49869 - R:localhost/127.0.0.1:8082]}}, [disconnecting])
20:29:34.135 [reactor-http-nio-11] DEBUG reactor.netty.resources.PooledConnectionProvider - [id: 0xad770be0, L:/127.0.0.1:49869 - R:localhost/127.0.0.1:8082] Releasing channel
20:29:34.135 [reactor-http-nio-11] DEBUG reactor.netty.resources.PooledConnectionProvider - [id: 0xad770be0, L:/127.0.0.1:49869 - R:localhost/127.0.0.1:8082] Channel cleaned, now 1 active connections and 1 inactive connections
20:29:34.136 [pool-10-thread-1] DEBUG org.springframework.web.reactive.function.client.ExchangeFunctions - [39568e73] HTTP GET http://localhost:8082/getAttractionRewardPoints?attractionId=9950c41e-f1d0-4757-9712-017ab1b364f0&userId=1f958bd7-f7e7-4ce0-8ef3-1faefb01a470
20:29:34.136 [reactor-http-nio-11] DEBUG reactor.netty.resources.PooledConnectionProvider - [id: 0xad770be0, L:/127.0.0.1:49869 - R:localhost/127.0.0.1:8082] Channel acquired, now 2 active connections and 0 inactive connections
20:29:34.136 [reactor-http-nio-11] DEBUG reactor.netty.http.client.HttpClientConnect - [id: 0xad770be0, L:/127.0.0.1:49869 - R:localhost/127.0.0.1:8082] Handler is being applied: {uri=http://localhost:8082/getAttractionRewardPoints?attractionId=9950c41e-f1d0-4757-9712-017ab1b364f0&userId=1f958bd7-f7e7-4ce0-8ef3-1faefb01a470, method=GET}
20:29:34.137 [reactor-http-nio-11] DEBUG reactor.netty.resources.PooledConnectionProvider - [id: 0xad770be0, L:/127.0.0.1:49869 - R:localhost/127.0.0.1:8082] onStateChange(GET{uri=/getAttractionRewardPoints?attractionId=9950c41e-f1d0-4757-9712-017ab1b364f0&userId=1f958bd7-f7e7-4ce0-8ef3-1faefb01a470, connection=PooledConnection{channel=[id: 0xad770be0, L:/127.0.0.1:49869 - R:localhost/127.0.0.1:8082]}}, [request_sent])
20:29:34.922 [reactor-http-nio-11] DEBUG reactor.netty.http.client.HttpClientOperations - [id: 0xad770be0, L:/127.0.0.1:49869 - R:localhost/127.0.0.1:8082] Received response (auto-read:false) : [Content-Type=application/json, Transfer-Encoding=chunked, Date=Tue, 29 Jun 2021 14:59:34 GMT]
20:29:34.923 [reactor-http-nio-11] DEBUG reactor.netty.resources.PooledConnectionProvider - [id: 0xad770be0, L:/127.0.0.1:49869 - R:localhost/127.0.0.1:8082] onStateChange(GET{uri=/getAttractionRewardPoints?attractionId=9950c41e-f1d0-4757-9712-017ab1b364f0&userId=1f958bd7-f7e7-4ce0-8ef3-1faefb01a470, connection=PooledConnection{channel=[id: 0xad770be0, L:/127.0.0.1:49869 - R:localhost/127.0.0.1:8082]}}, [response_received])
20:29:34.923 [reactor-http-nio-11] DEBUG org.springframework.web.reactive.function.client.ExchangeFunctions - [39568e73] Response 200 OK
20:29:34.924 [reactor-http-nio-11] DEBUG reactor.netty.channel.FluxReceive - [id: 0xad770be0, L:/127.0.0.1:49869 - R:localhost/127.0.0.1:8082] Subscribing inbound receiver [pending: 0, cancelled:false, inboundDone: false]
20:29:34.924 [reactor-http-nio-11] DEBUG reactor.netty.http.client.HttpClientOperations - [id: 0xad770be0, L:/127.0.0.1:49869 - R:localhost/127.0.0.1:8082] Received last HTTP packet
20:29:34.924 [reactor-http-nio-11] DEBUG org.springframework.core.codec.StringDecoder - [39568e73] Decoded "234"
20:29:34.924 [reactor-http-nio-11] DEBUG reactor.netty.resources.PooledConnectionProvider - [id: 0xad770be0, L:/127.0.0.1:49869 - R:localhost/127.0.0.1:8082] onStateChange(GET{uri=/getAttractionRewardPoints?attractionId=9950c41e-f1d0-4757-9712-017ab1b364f0&userId=1f958bd7-f7e7-4ce0-8ef3-1faefb01a470, connection=PooledConnection{channel=[id: 0xad770be0, L:/127.0.0.1:49869 - R:localhost/127.0.0.1:8082]}}, [disconnecting])
20:29:34.925 [reactor-http-nio-11] DEBUG reactor.netty.resources.PooledConnectionProvider - [id: 0xad770be0, L:/127.0.0.1:49869 - R:localhost/127.0.0.1:8082] Releasing channel
20:29:34.925 [reactor-http-nio-11] DEBUG reactor.netty.resources.PooledConnectionProvider - [id: 0xad770be0, L:/127.0.0.1:49869 - R:localhost/127.0.0.1:8082] Channel cleaned, now 1 active connections and 1 inactive connections
20:29:34.926 [pool-10-thread-1] DEBUG org.springframework.web.reactive.function.client.ExchangeFunctions - [4310c4bf] HTTP GET http://localhost:8082/getAttractionRewardPoints?attractionId=bd3c31dd-0de6-4c5d-990f-9f474731acee&userId=1f958bd7-f7e7-4ce0-8ef3-1faefb01a470
20:29:34.926 [reactor-http-nio-11] DEBUG reactor.netty.resources.PooledConnectionProvider - [id: 0xad770be0, L:/127.0.0.1:49869 - R:localhost/127.0.0.1:8082] Channel acquired, now 2 active connections and 0 inactive connections
20:29:34.926 [reactor-http-nio-11] DEBUG reactor.netty.http.client.HttpClientConnect - [id: 0xad770be0, L:/127.0.0.1:49869 - R:localhost/127.0.0.1:8082] Handler is being applied: {uri=http://localhost:8082/getAttractionRewardPoints?attractionId=bd3c31dd-0de6-4c5d-990f-9f474731acee&userId=1f958bd7-f7e7-4ce0-8ef3-1faefb01a470, method=GET}
20:29:34.928 [reactor-http-nio-11] DEBUG reactor.netty.resources.PooledConnectionProvider - [id: 0xad770be0, L:/127.0.0.1:49869 - R:localhost/127.0.0.1:8082] onStateChange(GET{uri=/getAttractionRewardPoints?attractionId=bd3c31dd-0de6-4c5d-990f-9f474731acee&userId=1f958bd7-f7e7-4ce0-8ef3-1faefb01a470, connection=PooledConnection{channel=[id: 0xad770be0, L:/127.0.0.1:49869 - R:localhost/127.0.0.1:8082]}}, [request_sent])
20:29:34.952 [reactor-http-nio-11] DEBUG reactor.netty.http.client.HttpClientOperations - [id: 0x6e7a501f, L:/127.0.0.1:49867 - R:localhost/127.0.0.1:8082] Received response (auto-read:false) : [Content-Type=application/json, Transfer-Encoding=chunked, Date=Tue, 29 Jun 2021 14:59:34 GMT]
20:29:34.952 [reactor-http-nio-11] DEBUG reactor.netty.resources.PooledConnectionProvider - [id: 0x6e7a501f, L:/127.0.0.1:49867 - R:localhost/127.0.0.1:8082] onStateChange(GET{uri=/getAttractionRewardPoints?attractionId=d4d69ad6-373d-4757-87bd-d71a28992ce2&userId=1f958bd7-f7e7-4ce0-8ef3-1faefb01a470, connection=PooledConnection{channel=[id: 0x6e7a501f, L:/127.0.0.1:49867 - R:localhost/127.0.0.1:8082]}}, [response_received])
20:29:34.952 [reactor-http-nio-11] DEBUG org.springframework.web.reactive.function.client.ExchangeFunctions - [7cc1dc00] Response 200 OK
20:29:34.953 [reactor-http-nio-11] DEBUG reactor.netty.channel.FluxReceive - [id: 0x6e7a501f, L:/127.0.0.1:49867 - R:localhost/127.0.0.1:8082] Subscribing inbound receiver [pending: 0, cancelled:false, inboundDone: false]
20:29:34.953 [reactor-http-nio-11] DEBUG reactor.netty.http.client.HttpClientOperations - [id: 0x6e7a501f, L:/127.0.0.1:49867 - R:localhost/127.0.0.1:8082] Received last HTTP packet
20:29:34.953 [reactor-http-nio-11] DEBUG org.springframework.core.codec.StringDecoder - [7cc1dc00] Decoded "651"
20:29:34.953 [reactor-http-nio-11] DEBUG reactor.netty.resources.PooledConnectionProvider - [id: 0x6e7a501f, L:/127.0.0.1:49867 - R:localhost/127.0.0.1:8082] onStateChange(GET{uri=/getAttractionRewardPoints?attractionId=d4d69ad6-373d-4757-87bd-d71a28992ce2&userId=1f958bd7-f7e7-4ce0-8ef3-1faefb01a470, connection=PooledConnection{channel=[id: 0x6e7a501f, L:/127.0.0.1:49867 - R:localhost/127.0.0.1:8082]}}, [disconnecting])
20:29:34.954 [reactor-http-nio-11] DEBUG reactor.netty.resources.PooledConnectionProvider - [id: 0x6e7a501f, L:/127.0.0.1:49867 - R:localhost/127.0.0.1:8082] Releasing channel
20:29:34.954 [reactor-http-nio-11] DEBUG reactor.netty.resources.PooledConnectionProvider - [id: 0x6e7a501f, L:/127.0.0.1:49867 - R:localhost/127.0.0.1:8082] Channel cleaned, now 1 active connections and 1 inactive connections
20:29:34.954 [Test worker] DEBUG org.springframework.web.reactive.function.client.ExchangeFunctions - [2cabdb2b] HTTP GET http://localhost:8082/getAttractionRewardPoints?attractionId=e1ab5586-260c-463f-afa6-88ac26f4c188&userId=1f958bd7-f7e7-4ce0-8ef3-1faefb01a470
20:29:34.955 [reactor-http-nio-11] DEBUG reactor.netty.resources.PooledConnectionProvider - [id: 0x6e7a501f, L:/127.0.0.1:49867 - R:localhost/127.0.0.1:8082] Channel acquired, now 2 active connections and 0 inactive connections
20:29:34.955 [reactor-http-nio-11] DEBUG reactor.netty.http.client.HttpClientConnect - [id: 0x6e7a501f, L:/127.0.0.1:49867 - R:localhost/127.0.0.1:8082] Handler is being applied: {uri=http://localhost:8082/getAttractionRewardPoints?attractionId=e1ab5586-260c-463f-afa6-88ac26f4c188&userId=1f958bd7-f7e7-4ce0-8ef3-1faefb01a470, method=GET}
20:29:34.956 [reactor-http-nio-11] DEBUG reactor.netty.resources.PooledConnectionProvider - [id: 0x6e7a501f, L:/127.0.0.1:49867 - R:localhost/127.0.0.1:8082] onStateChange(GET{uri=/getAttractionRewardPoints?attractionId=e1ab5586-260c-463f-afa6-88ac26f4c188&userId=1f958bd7-f7e7-4ce0-8ef3-1faefb01a470, connection=PooledConnection{channel=[id: 0x6e7a501f, L:/127.0.0.1:49867 - R:localhost/127.0.0.1:8082]}}, [request_sent])
20:29:35.084 [reactor-http-nio-11] DEBUG reactor.netty.http.client.HttpClientOperations - [id: 0x6e7a501f, L:/127.0.0.1:49867 - R:localhost/127.0.0.1:8082] Received response (auto-read:false) : [Content-Type=application/json, Transfer-Encoding=chunked, Date=Tue, 29 Jun 2021 14:59:34 GMT]
20:29:35.084 [reactor-http-nio-11] DEBUG reactor.netty.resources.PooledConnectionProvider - [id: 0x6e7a501f, L:/127.0.0.1:49867 - R:localhost/127.0.0.1:8082] onStateChange(GET{uri=/getAttractionRewardPoints?attractionId=e1ab5586-260c-463f-afa6-88ac26f4c188&userId=1f958bd7-f7e7-4ce0-8ef3-1faefb01a470, connection=PooledConnection{channel=[id: 0x6e7a501f, L:/127.0.0.1:49867 - R:localhost/127.0.0.1:8082]}}, [response_received])
20:29:35.084 [reactor-http-nio-11] DEBUG org.springframework.web.reactive.function.client.ExchangeFunctions - [2cabdb2b] Response 200 OK
20:29:35.085 [reactor-http-nio-11] DEBUG reactor.netty.channel.FluxReceive - [id: 0x6e7a501f, L:/127.0.0.1:49867 - R:localhost/127.0.0.1:8082] Subscribing inbound receiver [pending: 0, cancelled:false, inboundDone: false]
20:29:35.085 [reactor-http-nio-11] DEBUG reactor.netty.http.client.HttpClientOperations - [id: 0x6e7a501f, L:/127.0.0.1:49867 - R:localhost/127.0.0.1:8082] Received last HTTP packet
20:29:35.085 [reactor-http-nio-11] DEBUG org.springframework.core.codec.StringDecoder - [2cabdb2b] Decoded "415"
20:29:35.086 [reactor-http-nio-11] DEBUG reactor.netty.resources.PooledConnectionProvider - [id: 0x6e7a501f, L:/127.0.0.1:49867 - R:localhost/127.0.0.1:8082] onStateChange(GET{uri=/getAttractionRewardPoints?attractionId=e1ab5586-260c-463f-afa6-88ac26f4c188&userId=1f958bd7-f7e7-4ce0-8ef3-1faefb01a470, connection=PooledConnection{channel=[id: 0x6e7a501f, L:/127.0.0.1:49867 - R:localhost/127.0.0.1:8082]}}, [disconnecting])
20:29:35.086 [reactor-http-nio-11] DEBUG reactor.netty.resources.PooledConnectionProvider - [id: 0x6e7a501f, L:/127.0.0.1:49867 - R:localhost/127.0.0.1:8082] Releasing channel
20:29:35.086 [reactor-http-nio-11] DEBUG reactor.netty.resources.PooledConnectionProvider - [id: 0x6e7a501f, L:/127.0.0.1:49867 - R:localhost/127.0.0.1:8082] Channel cleaned, now 1 active connections and 1 inactive connections
20:29:35.086 [Test worker] DEBUG org.springframework.web.reactive.function.client.ExchangeFunctions - [34257bee] HTTP GET http://localhost:8082/getAttractionRewardPoints?attractionId=0a551029-dfdd-4b24-82e2-67f594d75a58&userId=1f958bd7-f7e7-4ce0-8ef3-1faefb01a470
20:29:35.087 [reactor-http-nio-11] DEBUG reactor.netty.resources.PooledConnectionProvider - [id: 0x6e7a501f, L:/127.0.0.1:49867 - R:localhost/127.0.0.1:8082] Channel acquired, now 2 active connections and 0 inactive connections
20:29:35.087 [reactor-http-nio-11] DEBUG reactor.netty.http.client.HttpClientConnect - [id: 0x6e7a501f, L:/127.0.0.1:49867 - R:localhost/127.0.0.1:8082] Handler is being applied: {uri=http://localhost:8082/getAttractionRewardPoints?attractionId=0a551029-dfdd-4b24-82e2-67f594d75a58&userId=1f958bd7-f7e7-4ce0-8ef3-1faefb01a470, method=GET}
20:29:35.088 [reactor-http-nio-11] DEBUG reactor.netty.resources.PooledConnectionProvider - [id: 0x6e7a501f, L:/127.0.0.1:49867 - R:localhost/127.0.0.1:8082] onStateChange(GET{uri=/getAttractionRewardPoints?attractionId=0a551029-dfdd-4b24-82e2-67f594d75a58&userId=1f958bd7-f7e7-4ce0-8ef3-1faefb01a470, connection=PooledConnection{channel=[id: 0x6e7a501f, L:/127.0.0.1:49867 - R:localhost/127.0.0.1:8082]}}, [request_sent])
20:29:35.126 [reactor-http-nio-11] DEBUG reactor.netty.http.client.HttpClientOperations - [id: 0xad770be0, L:/127.0.0.1:49869 - R:localhost/127.0.0.1:8082] Received response (auto-read:false) : [Content-Type=application/json, Transfer-Encoding=chunked, Date=Tue, 29 Jun 2021 14:59:34 GMT]
20:29:35.126 [reactor-http-nio-11] DEBUG reactor.netty.resources.PooledConnectionProvider - [id: 0xad770be0, L:/127.0.0.1:49869 - R:localhost/127.0.0.1:8082] onStateChange(GET{uri=/getAttractionRewardPoints?attractionId=bd3c31dd-0de6-4c5d-990f-9f474731acee&userId=1f958bd7-f7e7-4ce0-8ef3-1faefb01a470, connection=PooledConnection{channel=[id: 0xad770be0, L:/127.0.0.1:49869 - R:localhost/127.0.0.1:8082]}}, [response_received])
20:29:35.126 [reactor-http-nio-11] DEBUG org.springframework.web.reactive.function.client.ExchangeFunctions - [4310c4bf] Response 200 OK
20:29:35.127 [reactor-http-nio-11] DEBUG reactor.netty.channel.FluxReceive - [id: 0xad770be0, L:/127.0.0.1:49869 - R:localhost/127.0.0.1:8082] Subscribing inbound receiver [pending: 0, cancelled:false, inboundDone: false]
20:29:35.128 [reactor-http-nio-11] DEBUG reactor.netty.http.client.HttpClientOperations - [id: 0xad770be0, L:/127.0.0.1:49869 - R:localhost/127.0.0.1:8082] Received last HTTP packet
20:29:35.128 [reactor-http-nio-11] DEBUG org.springframework.core.codec.StringDecoder - [4310c4bf] Decoded "858"
20:29:35.128 [reactor-http-nio-11] DEBUG reactor.netty.resources.PooledConnectionProvider - [id: 0xad770be0, L:/127.0.0.1:49869 - R:localhost/127.0.0.1:8082] onStateChange(GET{uri=/getAttractionRewardPoints?attractionId=bd3c31dd-0de6-4c5d-990f-9f474731acee&userId=1f958bd7-f7e7-4ce0-8ef3-1faefb01a470, connection=PooledConnection{channel=[id: 0xad770be0, L:/127.0.0.1:49869 - R:localhost/127.0.0.1:8082]}}, [disconnecting])
20:29:35.128 [reactor-http-nio-11] DEBUG reactor.netty.resources.PooledConnectionProvider - [id: 0xad770be0, L:/127.0.0.1:49869 - R:localhost/127.0.0.1:8082] Releasing channel
20:29:35.128 [reactor-http-nio-11] DEBUG reactor.netty.resources.PooledConnectionProvider - [id: 0xad770be0, L:/127.0.0.1:49869 - R:localhost/127.0.0.1:8082] Channel cleaned, now 1 active connections and 1 inactive connections
20:29:35.130 [pool-10-thread-1] DEBUG org.springframework.web.reactive.function.client.ExchangeFunctions - [4b99e5e0] HTTP GET http://localhost:8082/getAttractionRewardPoints?attractionId=e418c139-d655-4c15-8f10-455eab4b5149&userId=1f958bd7-f7e7-4ce0-8ef3-1faefb01a470
20:29:35.130 [reactor-http-nio-11] DEBUG reactor.netty.resources.PooledConnectionProvider - [id: 0xad770be0, L:/127.0.0.1:49869 - R:localhost/127.0.0.1:8082] Channel acquired, now 2 active connections and 0 inactive connections
20:29:35.130 [reactor-http-nio-11] DEBUG reactor.netty.http.client.HttpClientConnect - [id: 0xad770be0, L:/127.0.0.1:49869 - R:localhost/127.0.0.1:8082] Handler is being applied: {uri=http://localhost:8082/getAttractionRewardPoints?attractionId=e418c139-d655-4c15-8f10-455eab4b5149&userId=1f958bd7-f7e7-4ce0-8ef3-1faefb01a470, method=GET}
20:29:35.131 [reactor-http-nio-11] DEBUG reactor.netty.resources.PooledConnectionProvider - [id: 0xad770be0, L:/127.0.0.1:49869 - R:localhost/127.0.0.1:8082] onStateChange(GET{uri=/getAttractionRewardPoints?attractionId=e418c139-d655-4c15-8f10-455eab4b5149&userId=1f958bd7-f7e7-4ce0-8ef3-1faefb01a470, connection=PooledConnection{channel=[id: 0xad770be0, L:/127.0.0.1:49869 - R:localhost/127.0.0.1:8082]}}, [request_sent])
20:29:35.211 [reactor-http-nio-11] DEBUG reactor.netty.http.client.HttpClientOperations - [id: 0x6e7a501f, L:/127.0.0.1:49867 - R:localhost/127.0.0.1:8082] Received response (auto-read:false) : [Content-Type=application/json, Transfer-Encoding=chunked, Date=Tue, 29 Jun 2021 14:59:34 GMT]
20:29:35.211 [reactor-http-nio-11] DEBUG reactor.netty.resources.PooledConnectionProvider - [id: 0x6e7a501f, L:/127.0.0.1:49867 - R:localhost/127.0.0.1:8082] onStateChange(GET{uri=/getAttractionRewardPoints?attractionId=0a551029-dfdd-4b24-82e2-67f594d75a58&userId=1f958bd7-f7e7-4ce0-8ef3-1faefb01a470, connection=PooledConnection{channel=[id: 0x6e7a501f, L:/127.0.0.1:49867 - R:localhost/127.0.0.1:8082]}}, [response_received])
20:29:35.212 [reactor-http-nio-11] DEBUG org.springframework.web.reactive.function.client.ExchangeFunctions - [34257bee] Response 200 OK
20:29:35.213 [reactor-http-nio-11] DEBUG reactor.netty.channel.FluxReceive - [id: 0x6e7a501f, L:/127.0.0.1:49867 - R:localhost/127.0.0.1:8082] Subscribing inbound receiver [pending: 0, cancelled:false, inboundDone: false]
20:29:35.213 [reactor-http-nio-11] DEBUG reactor.netty.http.client.HttpClientOperations - [id: 0x6e7a501f, L:/127.0.0.1:49867 - R:localhost/127.0.0.1:8082] Received last HTTP packet
20:29:35.214 [reactor-http-nio-11] DEBUG org.springframework.core.codec.StringDecoder - [34257bee] Decoded "409"
20:29:35.214 [reactor-http-nio-11] DEBUG reactor.netty.resources.PooledConnectionProvider - [id: 0x6e7a501f, L:/127.0.0.1:49867 - R:localhost/127.0.0.1:8082] onStateChange(GET{uri=/getAttractionRewardPoints?attractionId=0a551029-dfdd-4b24-82e2-67f594d75a58&userId=1f958bd7-f7e7-4ce0-8ef3-1faefb01a470, connection=PooledConnection{channel=[id: 0x6e7a501f, L:/127.0.0.1:49867 - R:localhost/127.0.0.1:8082]}}, [disconnecting])
20:29:35.214 [reactor-http-nio-11] DEBUG reactor.netty.resources.PooledConnectionProvider - [id: 0x6e7a501f, L:/127.0.0.1:49867 - R:localhost/127.0.0.1:8082] Releasing channel
20:29:35.214 [reactor-http-nio-11] DEBUG reactor.netty.resources.PooledConnectionProvider - [id: 0x6e7a501f, L:/127.0.0.1:49867 - R:localhost/127.0.0.1:8082] Channel cleaned, now 1 active connections and 1 inactive connections
20:29:35.215 [Test worker] DEBUG org.springframework.web.reactive.function.client.ExchangeFunctions - [aefb00c] HTTP GET http://localhost:8082/getAttractionRewardPoints?attractionId=8550c822-1779-4937-b507-a71189b77164&userId=1f958bd7-f7e7-4ce0-8ef3-1faefb01a470
20:29:35.216 [reactor-http-nio-11] DEBUG reactor.netty.resources.PooledConnectionProvider - [id: 0x6e7a501f, L:/127.0.0.1:49867 - R:localhost/127.0.0.1:8082] Channel acquired, now 2 active connections and 0 inactive connections
20:29:35.216 [reactor-http-nio-11] DEBUG reactor.netty.http.client.HttpClientConnect - [id: 0x6e7a501f, L:/127.0.0.1:49867 - R:localhost/127.0.0.1:8082] Handler is being applied: {uri=http://localhost:8082/getAttractionRewardPoints?attractionId=8550c822-1779-4937-b507-a71189b77164&userId=1f958bd7-f7e7-4ce0-8ef3-1faefb01a470, method=GET}
20:29:35.217 [reactor-http-nio-11] DEBUG reactor.netty.resources.PooledConnectionProvider - [id: 0x6e7a501f, L:/127.0.0.1:49867 - R:localhost/127.0.0.1:8082] onStateChange(GET{uri=/getAttractionRewardPoints?attractionId=8550c822-1779-4937-b507-a71189b77164&userId=1f958bd7-f7e7-4ce0-8ef3-1faefb01a470, connection=PooledConnection{channel=[id: 0x6e7a501f, L:/127.0.0.1:49867 - R:localhost/127.0.0.1:8082]}}, [request_sent])
20:29:35.424 [reactor-http-nio-11] DEBUG reactor.netty.http.client.HttpClientOperations - [id: 0x6e7a501f, L:/127.0.0.1:49867 - R:localhost/127.0.0.1:8082] Received response (auto-read:false) : [Content-Type=application/json, Transfer-Encoding=chunked, Date=Tue, 29 Jun 2021 14:59:34 GMT]
20:29:35.424 [reactor-http-nio-11] DEBUG reactor.netty.resources.PooledConnectionProvider - [id: 0x6e7a501f, L:/127.0.0.1:49867 - R:localhost/127.0.0.1:8082] onStateChange(GET{uri=/getAttractionRewardPoints?attractionId=8550c822-1779-4937-b507-a71189b77164&userId=1f958bd7-f7e7-4ce0-8ef3-1faefb01a470, connection=PooledConnection{channel=[id: 0x6e7a501f, L:/127.0.0.1:49867 - R:localhost/127.0.0.1:8082]}}, [response_received])
20:29:35.424 [reactor-http-nio-11] DEBUG org.springframework.web.reactive.function.client.ExchangeFunctions - [aefb00c] Response 200 OK
20:29:35.425 [reactor-http-nio-11] DEBUG reactor.netty.channel.FluxReceive - [id: 0x6e7a501f, L:/127.0.0.1:49867 - R:localhost/127.0.0.1:8082] Subscribing inbound receiver [pending: 0, cancelled:false, inboundDone: false]
20:29:35.426 [reactor-http-nio-11] DEBUG reactor.netty.http.client.HttpClientOperations - [id: 0x6e7a501f, L:/127.0.0.1:49867 - R:localhost/127.0.0.1:8082] Received last HTTP packet
20:29:35.426 [reactor-http-nio-11] DEBUG org.springframework.core.codec.StringDecoder - [aefb00c] Decoded "886"
20:29:35.426 [reactor-http-nio-11] DEBUG reactor.netty.resources.PooledConnectionProvider - [id: 0x6e7a501f, L:/127.0.0.1:49867 - R:localhost/127.0.0.1:8082] onStateChange(GET{uri=/getAttractionRewardPoints?attractionId=8550c822-1779-4937-b507-a71189b77164&userId=1f958bd7-f7e7-4ce0-8ef3-1faefb01a470, connection=PooledConnection{channel=[id: 0x6e7a501f, L:/127.0.0.1:49867 - R:localhost/127.0.0.1:8082]}}, [disconnecting])
20:29:35.426 [reactor-http-nio-11] DEBUG reactor.netty.resources.PooledConnectionProvider - [id: 0x6e7a501f, L:/127.0.0.1:49867 - R:localhost/127.0.0.1:8082] Releasing channel
20:29:35.426 [reactor-http-nio-11] DEBUG reactor.netty.resources.PooledConnectionProvider - [id: 0x6e7a501f, L:/127.0.0.1:49867 - R:localhost/127.0.0.1:8082] Channel cleaned, now 1 active connections and 1 inactive connections
20:29:35.428 [Test worker] DEBUG org.springframework.web.reactive.function.client.ExchangeFunctions - [78bc4c8d] HTTP GET http://localhost:8082/getAttractionRewardPoints?attractionId=13ba43bf-6137-4ab9-a5f3-f8b19e0f1b89&userId=1f958bd7-f7e7-4ce0-8ef3-1faefb01a470
20:29:35.428 [reactor-http-nio-11] DEBUG reactor.netty.resources.PooledConnectionProvider - [id: 0x6e7a501f, L:/127.0.0.1:49867 - R:localhost/127.0.0.1:8082] Channel acquired, now 2 active connections and 0 inactive connections
20:29:35.428 [reactor-http-nio-11] DEBUG reactor.netty.http.client.HttpClientConnect - [id: 0x6e7a501f, L:/127.0.0.1:49867 - R:localhost/127.0.0.1:8082] Handler is being applied: {uri=http://localhost:8082/getAttractionRewardPoints?attractionId=13ba43bf-6137-4ab9-a5f3-f8b19e0f1b89&userId=1f958bd7-f7e7-4ce0-8ef3-1faefb01a470, method=GET}
20:29:35.429 [reactor-http-nio-11] DEBUG reactor.netty.resources.PooledConnectionProvider - [id: 0x6e7a501f, L:/127.0.0.1:49867 - R:localhost/127.0.0.1:8082] onStateChange(GET{uri=/getAttractionRewardPoints?attractionId=13ba43bf-6137-4ab9-a5f3-f8b19e0f1b89&userId=1f958bd7-f7e7-4ce0-8ef3-1faefb01a470, connection=PooledConnection{channel=[id: 0x6e7a501f, L:/127.0.0.1:49867 - R:localhost/127.0.0.1:8082]}}, [request_sent])
20:29:35.521 [reactor-http-nio-11] DEBUG reactor.netty.http.client.HttpClientOperations - [id: 0xad770be0, L:/127.0.0.1:49869 - R:localhost/127.0.0.1:8082] Received response (auto-read:false) : [Content-Type=application/json, Transfer-Encoding=chunked, Date=Tue, 29 Jun 2021 14:59:34 GMT]
20:29:35.521 [reactor-http-nio-11] DEBUG reactor.netty.resources.PooledConnectionProvider - [id: 0xad770be0, L:/127.0.0.1:49869 - R:localhost/127.0.0.1:8082] onStateChange(GET{uri=/getAttractionRewardPoints?attractionId=e418c139-d655-4c15-8f10-455eab4b5149&userId=1f958bd7-f7e7-4ce0-8ef3-1faefb01a470, connection=PooledConnection{channel=[id: 0xad770be0, L:/127.0.0.1:49869 - R:localhost/127.0.0.1:8082]}}, [response_received])
20:29:35.522 [reactor-http-nio-11] DEBUG org.springframework.web.reactive.function.client.ExchangeFunctions - [4b99e5e0] Response 200 OK
20:29:35.522 [reactor-http-nio-11] DEBUG reactor.netty.channel.FluxReceive - [id: 0xad770be0, L:/127.0.0.1:49869 - R:localhost/127.0.0.1:8082] Subscribing inbound receiver [pending: 0, cancelled:false, inboundDone: false]
20:29:35.524 [reactor-http-nio-11] DEBUG reactor.netty.http.client.HttpClientOperations - [id: 0xad770be0, L:/127.0.0.1:49869 - R:localhost/127.0.0.1:8082] Received last HTTP packet
20:29:35.524 [reactor-http-nio-11] DEBUG org.springframework.core.codec.StringDecoder - [4b99e5e0] Decoded "262"
20:29:35.524 [reactor-http-nio-11] DEBUG reactor.netty.resources.PooledConnectionProvider - [id: 0xad770be0, L:/127.0.0.1:49869 - R:localhost/127.0.0.1:8082] onStateChange(GET{uri=/getAttractionRewardPoints?attractionId=e418c139-d655-4c15-8f10-455eab4b5149&userId=1f958bd7-f7e7-4ce0-8ef3-1faefb01a470, connection=PooledConnection{channel=[id: 0xad770be0, L:/127.0.0.1:49869 - R:localhost/127.0.0.1:8082]}}, [disconnecting])
20:29:35.524 [reactor-http-nio-11] DEBUG reactor.netty.resources.PooledConnectionProvider - [id: 0xad770be0, L:/127.0.0.1:49869 - R:localhost/127.0.0.1:8082] Releasing channel
20:29:35.524 [reactor-http-nio-11] DEBUG reactor.netty.resources.PooledConnectionProvider - [id: 0xad770be0, L:/127.0.0.1:49869 - R:localhost/127.0.0.1:8082] Channel cleaned, now 1 active connections and 1 inactive connections
20:29:35.526 [pool-10-thread-1] DEBUG org.springframework.web.reactive.function.client.ExchangeFunctions - [1c745f0] HTTP GET http://localhost:8082/getAttractionRewardPoints?attractionId=8949aab3-7fd1-4a6b-90d6-1fef7c2f5db7&userId=1f958bd7-f7e7-4ce0-8ef3-1faefb01a470
20:29:35.526 [reactor-http-nio-11] DEBUG reactor.netty.resources.PooledConnectionProvider - [id: 0xad770be0, L:/127.0.0.1:49869 - R:localhost/127.0.0.1:8082] Channel acquired, now 2 active connections and 0 inactive connections
20:29:35.526 [reactor-http-nio-11] DEBUG reactor.netty.http.client.HttpClientConnect - [id: 0xad770be0, L:/127.0.0.1:49869 - R:localhost/127.0.0.1:8082] Handler is being applied: {uri=http://localhost:8082/getAttractionRewardPoints?attractionId=8949aab3-7fd1-4a6b-90d6-1fef7c2f5db7&userId=1f958bd7-f7e7-4ce0-8ef3-1faefb01a470, method=GET}
20:29:35.527 [reactor-http-nio-11] DEBUG reactor.netty.resources.PooledConnectionProvider - [id: 0xad770be0, L:/127.0.0.1:49869 - R:localhost/127.0.0.1:8082] onStateChange(GET{uri=/getAttractionRewardPoints?attractionId=8949aab3-7fd1-4a6b-90d6-1fef7c2f5db7&userId=1f958bd7-f7e7-4ce0-8ef3-1faefb01a470, connection=PooledConnection{channel=[id: 0xad770be0, L:/127.0.0.1:49869 - R:localhost/127.0.0.1:8082]}}, [request_sent])
20:29:35.808 [reactor-http-nio-11] DEBUG reactor.netty.http.client.HttpClientOperations - [id: 0x6e7a501f, L:/127.0.0.1:49867 - R:localhost/127.0.0.1:8082] Received response (auto-read:false) : [Content-Type=application/json, Transfer-Encoding=chunked, Date=Tue, 29 Jun 2021 14:59:34 GMT]
20:29:35.808 [reactor-http-nio-11] DEBUG reactor.netty.resources.PooledConnectionProvider - [id: 0x6e7a501f, L:/127.0.0.1:49867 - R:localhost/127.0.0.1:8082] onStateChange(GET{uri=/getAttractionRewardPoints?attractionId=13ba43bf-6137-4ab9-a5f3-f8b19e0f1b89&userId=1f958bd7-f7e7-4ce0-8ef3-1faefb01a470, connection=PooledConnection{channel=[id: 0x6e7a501f, L:/127.0.0.1:49867 - R:localhost/127.0.0.1:8082]}}, [response_received])
20:29:35.809 [reactor-http-nio-11] DEBUG org.springframework.web.reactive.function.client.ExchangeFunctions - [78bc4c8d] Response 200 OK
20:29:35.809 [reactor-http-nio-11] DEBUG reactor.netty.channel.FluxReceive - [id: 0x6e7a501f, L:/127.0.0.1:49867 - R:localhost/127.0.0.1:8082] Subscribing inbound receiver [pending: 0, cancelled:false, inboundDone: false]
20:29:35.810 [reactor-http-nio-11] DEBUG reactor.netty.http.client.HttpClientOperations - [id: 0x6e7a501f, L:/127.0.0.1:49867 - R:localhost/127.0.0.1:8082] Received last HTTP packet
20:29:35.810 [reactor-http-nio-11] DEBUG org.springframework.core.codec.StringDecoder - [78bc4c8d] Decoded "191"
20:29:35.810 [reactor-http-nio-11] DEBUG reactor.netty.resources.PooledConnectionProvider - [id: 0x6e7a501f, L:/127.0.0.1:49867 - R:localhost/127.0.0.1:8082] onStateChange(GET{uri=/getAttractionRewardPoints?attractionId=13ba43bf-6137-4ab9-a5f3-f8b19e0f1b89&userId=1f958bd7-f7e7-4ce0-8ef3-1faefb01a470, connection=PooledConnection{channel=[id: 0x6e7a501f, L:/127.0.0.1:49867 - R:localhost/127.0.0.1:8082]}}, [disconnecting])
20:29:35.810 [reactor-http-nio-11] DEBUG reactor.netty.resources.PooledConnectionProvider - [id: 0x6e7a501f, L:/127.0.0.1:49867 - R:localhost/127.0.0.1:8082] Releasing channel
20:29:35.811 [reactor-http-nio-11] DEBUG reactor.netty.resources.PooledConnectionProvider - [id: 0x6e7a501f, L:/127.0.0.1:49867 - R:localhost/127.0.0.1:8082] Channel cleaned, now 1 active connections and 1 inactive connections
20:29:35.811 [Test worker] DEBUG org.springframework.web.reactive.function.client.ExchangeFunctions - [a3cb232] HTTP GET http://localhost:8082/getAttractionRewardPoints?attractionId=2341559f-c92b-4c6c-842c-5e482bc9eb05&userId=1f958bd7-f7e7-4ce0-8ef3-1faefb01a470
20:29:35.812 [reactor-http-nio-11] DEBUG reactor.netty.resources.PooledConnectionProvider - [id: 0x6e7a501f, L:/127.0.0.1:49867 - R:localhost/127.0.0.1:8082] Channel acquired, now 2 active connections and 0 inactive connections
20:29:35.812 [reactor-http-nio-11] DEBUG reactor.netty.http.client.HttpClientConnect - [id: 0x6e7a501f, L:/127.0.0.1:49867 - R:localhost/127.0.0.1:8082] Handler is being applied: {uri=http://localhost:8082/getAttractionRewardPoints?attractionId=2341559f-c92b-4c6c-842c-5e482bc9eb05&userId=1f958bd7-f7e7-4ce0-8ef3-1faefb01a470, method=GET}
20:29:35.813 [reactor-http-nio-11] DEBUG reactor.netty.resources.PooledConnectionProvider - [id: 0x6e7a501f, L:/127.0.0.1:49867 - R:localhost/127.0.0.1:8082] onStateChange(GET{uri=/getAttractionRewardPoints?attractionId=2341559f-c92b-4c6c-842c-5e482bc9eb05&userId=1f958bd7-f7e7-4ce0-8ef3-1faefb01a470, connection=PooledConnection{channel=[id: 0x6e7a501f, L:/127.0.0.1:49867 - R:localhost/127.0.0.1:8082]}}, [request_sent])
20:29:36.182 [reactor-http-nio-11] DEBUG reactor.netty.http.client.HttpClientOperations - [id: 0x6e7a501f, L:/127.0.0.1:49867 - R:localhost/127.0.0.1:8082] Received response (auto-read:false) : [Content-Type=application/json, Transfer-Encoding=chunked, Date=Tue, 29 Jun 2021 14:59:36 GMT]
20:29:36.182 [reactor-http-nio-11] DEBUG reactor.netty.resources.PooledConnectionProvider - [id: 0x6e7a501f, L:/127.0.0.1:49867 - R:localhost/127.0.0.1:8082] onStateChange(GET{uri=/getAttractionRewardPoints?attractionId=2341559f-c92b-4c6c-842c-5e482bc9eb05&userId=1f958bd7-f7e7-4ce0-8ef3-1faefb01a470, connection=PooledConnection{channel=[id: 0x6e7a501f, L:/127.0.0.1:49867 - R:localhost/127.0.0.1:8082]}}, [response_received])
20:29:36.182 [reactor-http-nio-11] DEBUG org.springframework.web.reactive.function.client.ExchangeFunctions - [a3cb232] Response 200 OK
20:29:36.183 [reactor-http-nio-11] DEBUG reactor.netty.channel.FluxReceive - [id: 0x6e7a501f, L:/127.0.0.1:49867 - R:localhost/127.0.0.1:8082] Subscribing inbound receiver [pending: 0, cancelled:false, inboundDone: false]
20:29:36.184 [reactor-http-nio-11] DEBUG reactor.netty.http.client.HttpClientOperations - [id: 0x6e7a501f, L:/127.0.0.1:49867 - R:localhost/127.0.0.1:8082] Received last HTTP packet
20:29:36.184 [reactor-http-nio-11] DEBUG org.springframework.core.codec.StringDecoder - [a3cb232] Decoded "14"
20:29:36.184 [reactor-http-nio-11] DEBUG reactor.netty.resources.PooledConnectionProvider - [id: 0x6e7a501f, L:/127.0.0.1:49867 - R:localhost/127.0.0.1:8082] onStateChange(GET{uri=/getAttractionRewardPoints?attractionId=2341559f-c92b-4c6c-842c-5e482bc9eb05&userId=1f958bd7-f7e7-4ce0-8ef3-1faefb01a470, connection=PooledConnection{channel=[id: 0x6e7a501f, L:/127.0.0.1:49867 - R:localhost/127.0.0.1:8082]}}, [disconnecting])
20:29:36.185 [reactor-http-nio-11] DEBUG reactor.netty.resources.PooledConnectionProvider - [id: 0x6e7a501f, L:/127.0.0.1:49867 - R:localhost/127.0.0.1:8082] Releasing channel
20:29:36.185 [reactor-http-nio-11] DEBUG reactor.netty.resources.PooledConnectionProvider - [id: 0x6e7a501f, L:/127.0.0.1:49867 - R:localhost/127.0.0.1:8082] Channel cleaned, now 1 active connections and 1 inactive connections
20:29:36.186 [Test worker] DEBUG org.springframework.web.reactive.function.client.ExchangeFunctions - [15595290] HTTP GET http://localhost:8082/getAttractionRewardPoints?attractionId=118d2651-75a6-416a-afaa-ee3621052c16&userId=1f958bd7-f7e7-4ce0-8ef3-1faefb01a470
20:29:36.186 [reactor-http-nio-11] DEBUG reactor.netty.resources.PooledConnectionProvider - [id: 0x6e7a501f, L:/127.0.0.1:49867 - R:localhost/127.0.0.1:8082] Channel acquired, now 2 active connections and 0 inactive connections
20:29:36.186 [reactor-http-nio-11] DEBUG reactor.netty.http.client.HttpClientConnect - [id: 0x6e7a501f, L:/127.0.0.1:49867 - R:localhost/127.0.0.1:8082] Handler is being applied: {uri=http://localhost:8082/getAttractionRewardPoints?attractionId=118d2651-75a6-416a-afaa-ee3621052c16&userId=1f958bd7-f7e7-4ce0-8ef3-1faefb01a470, method=GET}
20:29:36.187 [reactor-http-nio-11] DEBUG reactor.netty.resources.PooledConnectionProvider - [id: 0x6e7a501f, L:/127.0.0.1:49867 - R:localhost/127.0.0.1:8082] onStateChange(GET{uri=/getAttractionRewardPoints?attractionId=118d2651-75a6-416a-afaa-ee3621052c16&userId=1f958bd7-f7e7-4ce0-8ef3-1faefb01a470, connection=PooledConnection{channel=[id: 0x6e7a501f, L:/127.0.0.1:49867 - R:localhost/127.0.0.1:8082]}}, [request_sent])
20:29:36.230 [reactor-http-nio-11] DEBUG reactor.netty.http.client.HttpClientOperations - [id: 0xad770be0, L:/127.0.0.1:49869 - R:localhost/127.0.0.1:8082] Received response (auto-read:false) : [Content-Type=application/json, Transfer-Encoding=chunked, Date=Tue, 29 Jun 2021 14:59:36 GMT]
20:29:36.231 [reactor-http-nio-11] DEBUG reactor.netty.resources.PooledConnectionProvider - [id: 0xad770be0, L:/127.0.0.1:49869 - R:localhost/127.0.0.1:8082] onStateChange(GET{uri=/getAttractionRewardPoints?attractionId=8949aab3-7fd1-4a6b-90d6-1fef7c2f5db7&userId=1f958bd7-f7e7-4ce0-8ef3-1faefb01a470, connection=PooledConnection{channel=[id: 0xad770be0, L:/127.0.0.1:49869 - R:localhost/127.0.0.1:8082]}}, [response_received])
20:29:36.231 [reactor-http-nio-11] DEBUG org.springframework.web.reactive.function.client.ExchangeFunctions - [1c745f0] Response 200 OK
20:29:36.231 [reactor-http-nio-11] DEBUG reactor.netty.channel.FluxReceive - [id: 0xad770be0, L:/127.0.0.1:49869 - R:localhost/127.0.0.1:8082] Subscribing inbound receiver [pending: 0, cancelled:false, inboundDone: false]
20:29:36.232 [reactor-http-nio-11] DEBUG reactor.netty.http.client.HttpClientOperations - [id: 0xad770be0, L:/127.0.0.1:49869 - R:localhost/127.0.0.1:8082] Received last HTTP packet
20:29:36.233 [reactor-http-nio-11] DEBUG org.springframework.core.codec.StringDecoder - [1c745f0] Decoded "479"
20:29:36.233 [reactor-http-nio-11] DEBUG reactor.netty.resources.PooledConnectionProvider - [id: 0xad770be0, L:/127.0.0.1:49869 - R:localhost/127.0.0.1:8082] onStateChange(GET{uri=/getAttractionRewardPoints?attractionId=8949aab3-7fd1-4a6b-90d6-1fef7c2f5db7&userId=1f958bd7-f7e7-4ce0-8ef3-1faefb01a470, connection=PooledConnection{channel=[id: 0xad770be0, L:/127.0.0.1:49869 - R:localhost/127.0.0.1:8082]}}, [disconnecting])
20:29:36.233 [reactor-http-nio-11] DEBUG reactor.netty.resources.PooledConnectionProvider - [id: 0xad770be0, L:/127.0.0.1:49869 - R:localhost/127.0.0.1:8082] Releasing channel
20:29:36.233 [reactor-http-nio-11] DEBUG reactor.netty.resources.PooledConnectionProvider - [id: 0xad770be0, L:/127.0.0.1:49869 - R:localhost/127.0.0.1:8082] Channel cleaned, now 1 active connections and 1 inactive connections
20:29:36.234 [pool-10-thread-1] DEBUG org.springframework.web.reactive.function.client.ExchangeFunctions - [cef66ad] HTTP GET http://localhost:8082/getAttractionRewardPoints?attractionId=adfbdbef-7715-4ace-a98f-9800c4fb6132&userId=1f958bd7-f7e7-4ce0-8ef3-1faefb01a470
20:29:36.235 [reactor-http-nio-11] DEBUG reactor.netty.resources.PooledConnectionProvider - [id: 0xad770be0, L:/127.0.0.1:49869 - R:localhost/127.0.0.1:8082] Channel acquired, now 2 active connections and 0 inactive connections
20:29:36.235 [reactor-http-nio-11] DEBUG reactor.netty.http.client.HttpClientConnect - [id: 0xad770be0, L:/127.0.0.1:49869 - R:localhost/127.0.0.1:8082] Handler is being applied: {uri=http://localhost:8082/getAttractionRewardPoints?attractionId=adfbdbef-7715-4ace-a98f-9800c4fb6132&userId=1f958bd7-f7e7-4ce0-8ef3-1faefb01a470, method=GET}
20:29:36.236 [reactor-http-nio-11] DEBUG reactor.netty.resources.PooledConnectionProvider - [id: 0xad770be0, L:/127.0.0.1:49869 - R:localhost/127.0.0.1:8082] onStateChange(GET{uri=/getAttractionRewardPoints?attractionId=adfbdbef-7715-4ace-a98f-9800c4fb6132&userId=1f958bd7-f7e7-4ce0-8ef3-1faefb01a470, connection=PooledConnection{channel=[id: 0xad770be0, L:/127.0.0.1:49869 - R:localhost/127.0.0.1:8082]}}, [request_sent])
20:29:36.568 [reactor-http-nio-11] DEBUG reactor.netty.http.client.HttpClientOperations - [id: 0x6e7a501f, L:/127.0.0.1:49867 - R:localhost/127.0.0.1:8082] Received response (auto-read:false) : [Content-Type=application/json, Transfer-Encoding=chunked, Date=Tue, 29 Jun 2021 14:59:36 GMT]
20:29:36.568 [reactor-http-nio-11] DEBUG reactor.netty.resources.PooledConnectionProvider - [id: 0x6e7a501f, L:/127.0.0.1:49867 - R:localhost/127.0.0.1:8082] onStateChange(GET{uri=/getAttractionRewardPoints?attractionId=118d2651-75a6-416a-afaa-ee3621052c16&userId=1f958bd7-f7e7-4ce0-8ef3-1faefb01a470, connection=PooledConnection{channel=[id: 0x6e7a501f, L:/127.0.0.1:49867 - R:localhost/127.0.0.1:8082]}}, [response_received])
20:29:36.568 [reactor-http-nio-11] DEBUG org.springframework.web.reactive.function.client.ExchangeFunctions - [15595290] Response 200 OK
20:29:36.568 [reactor-http-nio-11] DEBUG reactor.netty.channel.FluxReceive - [id: 0x6e7a501f, L:/127.0.0.1:49867 - R:localhost/127.0.0.1:8082] Subscribing inbound receiver [pending: 0, cancelled:false, inboundDone: false]
20:29:36.569 [reactor-http-nio-11] DEBUG reactor.netty.http.client.HttpClientOperations - [id: 0x6e7a501f, L:/127.0.0.1:49867 - R:localhost/127.0.0.1:8082] Received last HTTP packet
20:29:36.569 [reactor-http-nio-11] DEBUG org.springframework.core.codec.StringDecoder - [15595290] Decoded "580"
20:29:36.569 [reactor-http-nio-11] DEBUG reactor.netty.resources.PooledConnectionProvider - [id: 0x6e7a501f, L:/127.0.0.1:49867 - R:localhost/127.0.0.1:8082] onStateChange(GET{uri=/getAttractionRewardPoints?attractionId=118d2651-75a6-416a-afaa-ee3621052c16&userId=1f958bd7-f7e7-4ce0-8ef3-1faefb01a470, connection=PooledConnection{channel=[id: 0x6e7a501f, L:/127.0.0.1:49867 - R:localhost/127.0.0.1:8082]}}, [disconnecting])
20:29:36.569 [reactor-http-nio-11] DEBUG reactor.netty.resources.PooledConnectionProvider - [id: 0x6e7a501f, L:/127.0.0.1:49867 - R:localhost/127.0.0.1:8082] Releasing channel
20:29:36.569 [reactor-http-nio-11] DEBUG reactor.netty.resources.PooledConnectionProvider - [id: 0x6e7a501f, L:/127.0.0.1:49867 - R:localhost/127.0.0.1:8082] Channel cleaned, now 1 active connections and 1 inactive connections
20:29:36.570 [Test worker] DEBUG org.springframework.web.reactive.function.client.ExchangeFunctions - [6241efe7] HTTP GET http://localhost:8082/getAttractionRewardPoints?attractionId=1176c7dd-16ac-4fba-9c8e-5047e1e11db2&userId=1f958bd7-f7e7-4ce0-8ef3-1faefb01a470
20:29:36.570 [reactor-http-nio-11] DEBUG reactor.netty.resources.PooledConnectionProvider - [id: 0x6e7a501f, L:/127.0.0.1:49867 - R:localhost/127.0.0.1:8082] Channel acquired, now 2 active connections and 0 inactive connections
20:29:36.570 [reactor-http-nio-11] DEBUG reactor.netty.http.client.HttpClientConnect - [id: 0x6e7a501f, L:/127.0.0.1:49867 - R:localhost/127.0.0.1:8082] Handler is being applied: {uri=http://localhost:8082/getAttractionRewardPoints?attractionId=1176c7dd-16ac-4fba-9c8e-5047e1e11db2&userId=1f958bd7-f7e7-4ce0-8ef3-1faefb01a470, method=GET}
20:29:36.571 [reactor-http-nio-11] DEBUG reactor.netty.resources.PooledConnectionProvider - [id: 0x6e7a501f, L:/127.0.0.1:49867 - R:localhost/127.0.0.1:8082] onStateChange(GET{uri=/getAttractionRewardPoints?attractionId=1176c7dd-16ac-4fba-9c8e-5047e1e11db2&userId=1f958bd7-f7e7-4ce0-8ef3-1faefb01a470, connection=PooledConnection{channel=[id: 0x6e7a501f, L:/127.0.0.1:49867 - R:localhost/127.0.0.1:8082]}}, [request_sent])
20:29:36.934 [reactor-http-nio-11] DEBUG reactor.netty.http.client.HttpClientOperations - [id: 0xad770be0, L:/127.0.0.1:49869 - R:localhost/127.0.0.1:8082] Received response (auto-read:false) : [Content-Type=application/json, Transfer-Encoding=chunked, Date=Tue, 29 Jun 2021 14:59:36 GMT]
20:29:36.934 [reactor-http-nio-11] DEBUG reactor.netty.resources.PooledConnectionProvider - [id: 0xad770be0, L:/127.0.0.1:49869 - R:localhost/127.0.0.1:8082] onStateChange(GET{uri=/getAttractionRewardPoints?attractionId=adfbdbef-7715-4ace-a98f-9800c4fb6132&userId=1f958bd7-f7e7-4ce0-8ef3-1faefb01a470, connection=PooledConnection{channel=[id: 0xad770be0, L:/127.0.0.1:49869 - R:localhost/127.0.0.1:8082]}}, [response_received])
20:29:36.934 [reactor-http-nio-11] DEBUG org.springframework.web.reactive.function.client.ExchangeFunctions - [cef66ad] Response 200 OK
20:29:36.935 [reactor-http-nio-11] DEBUG reactor.netty.channel.FluxReceive - [id: 0xad770be0, L:/127.0.0.1:49869 - R:localhost/127.0.0.1:8082] Subscribing inbound receiver [pending: 0, cancelled:false, inboundDone: false]
20:29:36.936 [reactor-http-nio-11] DEBUG reactor.netty.http.client.HttpClientOperations - [id: 0xad770be0, L:/127.0.0.1:49869 - R:localhost/127.0.0.1:8082] Received last HTTP packet
20:29:36.936 [reactor-http-nio-11] DEBUG org.springframework.core.codec.StringDecoder - [cef66ad] Decoded "453"
20:29:36.936 [reactor-http-nio-11] DEBUG reactor.netty.resources.PooledConnectionProvider - [id: 0xad770be0, L:/127.0.0.1:49869 - R:localhost/127.0.0.1:8082] onStateChange(GET{uri=/getAttractionRewardPoints?attractionId=adfbdbef-7715-4ace-a98f-9800c4fb6132&userId=1f958bd7-f7e7-4ce0-8ef3-1faefb01a470, connection=PooledConnection{channel=[id: 0xad770be0, L:/127.0.0.1:49869 - R:localhost/127.0.0.1:8082]}}, [disconnecting])
20:29:36.936 [reactor-http-nio-11] DEBUG reactor.netty.resources.PooledConnectionProvider - [id: 0xad770be0, L:/127.0.0.1:49869 - R:localhost/127.0.0.1:8082] Releasing channel
20:29:36.937 [reactor-http-nio-11] DEBUG reactor.netty.resources.PooledConnectionProvider - [id: 0xad770be0, L:/127.0.0.1:49869 - R:localhost/127.0.0.1:8082] Channel cleaned, now 1 active connections and 1 inactive connections
20:29:36.938 [pool-10-thread-1] DEBUG org.springframework.web.reactive.function.client.ExchangeFunctions - [491f7eb3] HTTP GET http://localhost:8082/getAttractionRewardPoints?attractionId=0ea9abed-3800-46cf-8f91-30e58a55884e&userId=1f958bd7-f7e7-4ce0-8ef3-1faefb01a470
20:29:36.939 [reactor-http-nio-11] DEBUG reactor.netty.resources.PooledConnectionProvider - [id: 0xad770be0, L:/127.0.0.1:49869 - R:localhost/127.0.0.1:8082] Channel acquired, now 2 active connections and 0 inactive connections
20:29:36.939 [reactor-http-nio-11] DEBUG reactor.netty.http.client.HttpClientConnect - [id: 0xad770be0, L:/127.0.0.1:49869 - R:localhost/127.0.0.1:8082] Handler is being applied: {uri=http://localhost:8082/getAttractionRewardPoints?attractionId=0ea9abed-3800-46cf-8f91-30e58a55884e&userId=1f958bd7-f7e7-4ce0-8ef3-1faefb01a470, method=GET}
20:29:36.940 [reactor-http-nio-11] DEBUG reactor.netty.resources.PooledConnectionProvider - [id: 0xad770be0, L:/127.0.0.1:49869 - R:localhost/127.0.0.1:8082] onStateChange(GET{uri=/getAttractionRewardPoints?attractionId=0ea9abed-3800-46cf-8f91-30e58a55884e&userId=1f958bd7-f7e7-4ce0-8ef3-1faefb01a470, connection=PooledConnection{channel=[id: 0xad770be0, L:/127.0.0.1:49869 - R:localhost/127.0.0.1:8082]}}, [request_sent])
20:29:37.179 [reactor-http-nio-11] DEBUG reactor.netty.http.client.HttpClientOperations - [id: 0x6e7a501f, L:/127.0.0.1:49867 - R:localhost/127.0.0.1:8082] Received response (auto-read:false) : [Content-Type=application/json, Transfer-Encoding=chunked, Date=Tue, 29 Jun 2021 14:59:36 GMT]
20:29:37.179 [reactor-http-nio-11] DEBUG reactor.netty.resources.PooledConnectionProvider - [id: 0x6e7a501f, L:/127.0.0.1:49867 - R:localhost/127.0.0.1:8082] onStateChange(GET{uri=/getAttractionRewardPoints?attractionId=1176c7dd-16ac-4fba-9c8e-5047e1e11db2&userId=1f958bd7-f7e7-4ce0-8ef3-1faefb01a470, connection=PooledConnection{channel=[id: 0x6e7a501f, L:/127.0.0.1:49867 - R:localhost/127.0.0.1:8082]}}, [response_received])
20:29:37.179 [reactor-http-nio-11] DEBUG org.springframework.web.reactive.function.client.ExchangeFunctions - [6241efe7] Response 200 OK
20:29:37.180 [reactor-http-nio-11] DEBUG reactor.netty.channel.FluxReceive - [id: 0x6e7a501f, L:/127.0.0.1:49867 - R:localhost/127.0.0.1:8082] Subscribing inbound receiver [pending: 0, cancelled:false, inboundDone: false]
20:29:37.180 [reactor-http-nio-11] DEBUG reactor.netty.http.client.HttpClientOperations - [id: 0x6e7a501f, L:/127.0.0.1:49867 - R:localhost/127.0.0.1:8082] Received last HTTP packet
20:29:37.181 [reactor-http-nio-11] DEBUG org.springframework.core.codec.StringDecoder - [6241efe7] Decoded "901"
20:29:37.181 [reactor-http-nio-11] DEBUG reactor.netty.resources.PooledConnectionProvider - [id: 0x6e7a501f, L:/127.0.0.1:49867 - R:localhost/127.0.0.1:8082] onStateChange(GET{uri=/getAttractionRewardPoints?attractionId=1176c7dd-16ac-4fba-9c8e-5047e1e11db2&userId=1f958bd7-f7e7-4ce0-8ef3-1faefb01a470, connection=PooledConnection{channel=[id: 0x6e7a501f, L:/127.0.0.1:49867 - R:localhost/127.0.0.1:8082]}}, [disconnecting])
20:29:37.181 [reactor-http-nio-11] DEBUG reactor.netty.resources.PooledConnectionProvider - [id: 0x6e7a501f, L:/127.0.0.1:49867 - R:localhost/127.0.0.1:8082] Releasing channel
20:29:37.181 [reactor-http-nio-11] DEBUG reactor.netty.resources.PooledConnectionProvider - [id: 0x6e7a501f, L:/127.0.0.1:49867 - R:localhost/127.0.0.1:8082] Channel cleaned, now 1 active connections and 1 inactive connections
20:29:37.182 [Test worker] DEBUG org.springframework.web.reactive.function.client.ExchangeFunctions - [78031f06] HTTP GET http://localhost:8082/getAttractionRewardPoints?attractionId=1b964ea8-67aa-440e-9ba5-8c011a362de6&userId=1f958bd7-f7e7-4ce0-8ef3-1faefb01a470
20:29:37.183 [reactor-http-nio-11] DEBUG reactor.netty.resources.PooledConnectionProvider - [id: 0x6e7a501f, L:/127.0.0.1:49867 - R:localhost/127.0.0.1:8082] Channel acquired, now 2 active connections and 0 inactive connections
20:29:37.183 [reactor-http-nio-11] DEBUG reactor.netty.http.client.HttpClientConnect - [id: 0x6e7a501f, L:/127.0.0.1:49867 - R:localhost/127.0.0.1:8082] Handler is being applied: {uri=http://localhost:8082/getAttractionRewardPoints?attractionId=1b964ea8-67aa-440e-9ba5-8c011a362de6&userId=1f958bd7-f7e7-4ce0-8ef3-1faefb01a470, method=GET}
20:29:37.184 [reactor-http-nio-11] DEBUG reactor.netty.resources.PooledConnectionProvider - [id: 0x6e7a501f, L:/127.0.0.1:49867 - R:localhost/127.0.0.1:8082] onStateChange(GET{uri=/getAttractionRewardPoints?attractionId=1b964ea8-67aa-440e-9ba5-8c011a362de6&userId=1f958bd7-f7e7-4ce0-8ef3-1faefb01a470, connection=PooledConnection{channel=[id: 0x6e7a501f, L:/127.0.0.1:49867 - R:localhost/127.0.0.1:8082]}}, [request_sent])
20:29:37.362 [reactor-http-nio-11] DEBUG reactor.netty.http.client.HttpClientOperations - [id: 0xad770be0, L:/127.0.0.1:49869 - R:localhost/127.0.0.1:8082] Received response (auto-read:false) : [Content-Type=application/json, Transfer-Encoding=chunked, Date=Tue, 29 Jun 2021 14:59:37 GMT]
20:29:37.363 [reactor-http-nio-11] DEBUG reactor.netty.resources.PooledConnectionProvider - [id: 0xad770be0, L:/127.0.0.1:49869 - R:localhost/127.0.0.1:8082] onStateChange(GET{uri=/getAttractionRewardPoints?attractionId=0ea9abed-3800-46cf-8f91-30e58a55884e&userId=1f958bd7-f7e7-4ce0-8ef3-1faefb01a470, connection=PooledConnection{channel=[id: 0xad770be0, L:/127.0.0.1:49869 - R:localhost/127.0.0.1:8082]}}, [response_received])
20:29:37.363 [reactor-http-nio-11] DEBUG org.springframework.web.reactive.function.client.ExchangeFunctions - [491f7eb3] Response 200 OK
20:29:37.364 [reactor-http-nio-11] DEBUG reactor.netty.channel.FluxReceive - [id: 0xad770be0, L:/127.0.0.1:49869 - R:localhost/127.0.0.1:8082] Subscribing inbound receiver [pending: 0, cancelled:false, inboundDone: false]
20:29:37.364 [reactor-http-nio-11] DEBUG reactor.netty.http.client.HttpClientOperations - [id: 0xad770be0, L:/127.0.0.1:49869 - R:localhost/127.0.0.1:8082] Received last HTTP packet
20:29:37.365 [reactor-http-nio-11] DEBUG org.springframework.core.codec.StringDecoder - [491f7eb3] Decoded "369"
20:29:37.365 [reactor-http-nio-11] DEBUG reactor.netty.resources.PooledConnectionProvider - [id: 0xad770be0, L:/127.0.0.1:49869 - R:localhost/127.0.0.1:8082] onStateChange(GET{uri=/getAttractionRewardPoints?attractionId=0ea9abed-3800-46cf-8f91-30e58a55884e&userId=1f958bd7-f7e7-4ce0-8ef3-1faefb01a470, connection=PooledConnection{channel=[id: 0xad770be0, L:/127.0.0.1:49869 - R:localhost/127.0.0.1:8082]}}, [disconnecting])
20:29:37.365 [reactor-http-nio-11] DEBUG reactor.netty.resources.PooledConnectionProvider - [id: 0xad770be0, L:/127.0.0.1:49869 - R:localhost/127.0.0.1:8082] Releasing channel
20:29:37.365 [reactor-http-nio-11] DEBUG reactor.netty.resources.PooledConnectionProvider - [id: 0xad770be0, L:/127.0.0.1:49869 - R:localhost/127.0.0.1:8082] Channel cleaned, now 1 active connections and 1 inactive connections
20:29:37.367 [pool-10-thread-1] DEBUG org.springframework.web.reactive.function.client.ExchangeFunctions - [4d2d2495] HTTP GET http://localhost:8082/getAttractionRewardPoints?attractionId=3f2c4207-4cba-4870-95b0-ec18d844c6bc&userId=1f958bd7-f7e7-4ce0-8ef3-1faefb01a470
20:29:37.367 [reactor-http-nio-11] DEBUG reactor.netty.resources.PooledConnectionProvider - [id: 0xad770be0, L:/127.0.0.1:49869 - R:localhost/127.0.0.1:8082] Channel acquired, now 2 active connections and 0 inactive connections
20:29:37.368 [reactor-http-nio-11] DEBUG reactor.netty.http.client.HttpClientConnect - [id: 0xad770be0, L:/127.0.0.1:49869 - R:localhost/127.0.0.1:8082] Handler is being applied: {uri=http://localhost:8082/getAttractionRewardPoints?attractionId=3f2c4207-4cba-4870-95b0-ec18d844c6bc&userId=1f958bd7-f7e7-4ce0-8ef3-1faefb01a470, method=GET}
20:29:37.369 [reactor-http-nio-11] DEBUG reactor.netty.resources.PooledConnectionProvider - [id: 0xad770be0, L:/127.0.0.1:49869 - R:localhost/127.0.0.1:8082] onStateChange(GET{uri=/getAttractionRewardPoints?attractionId=3f2c4207-4cba-4870-95b0-ec18d844c6bc&userId=1f958bd7-f7e7-4ce0-8ef3-1faefb01a470, connection=PooledConnection{channel=[id: 0xad770be0, L:/127.0.0.1:49869 - R:localhost/127.0.0.1:8082]}}, [request_sent])
20:29:37.550 [reactor-http-nio-11] DEBUG reactor.netty.http.client.HttpClientOperations - [id: 0x6e7a501f, L:/127.0.0.1:49867 - R:localhost/127.0.0.1:8082] Received response (auto-read:false) : [Content-Type=application/json, Transfer-Encoding=chunked, Date=Tue, 29 Jun 2021 14:59:37 GMT]
20:29:37.550 [reactor-http-nio-11] DEBUG reactor.netty.resources.PooledConnectionProvider - [id: 0x6e7a501f, L:/127.0.0.1:49867 - R:localhost/127.0.0.1:8082] onStateChange(GET{uri=/getAttractionRewardPoints?attractionId=1b964ea8-67aa-440e-9ba5-8c011a362de6&userId=1f958bd7-f7e7-4ce0-8ef3-1faefb01a470, connection=PooledConnection{channel=[id: 0x6e7a501f, L:/127.0.0.1:49867 - R:localhost/127.0.0.1:8082]}}, [response_received])
20:29:37.550 [reactor-http-nio-11] DEBUG org.springframework.web.reactive.function.client.ExchangeFunctions - [78031f06] Response 200 OK
20:29:37.551 [reactor-http-nio-11] DEBUG reactor.netty.channel.FluxReceive - [id: 0x6e7a501f, L:/127.0.0.1:49867 - R:localhost/127.0.0.1:8082] Subscribing inbound receiver [pending: 0, cancelled:false, inboundDone: false]
20:29:37.551 [reactor-http-nio-11] DEBUG reactor.netty.http.client.HttpClientOperations - [id: 0x6e7a501f, L:/127.0.0.1:49867 - R:localhost/127.0.0.1:8082] Received last HTTP packet
20:29:37.551 [reactor-http-nio-11] DEBUG org.springframework.core.codec.StringDecoder - [78031f06] Decoded "610"
20:29:37.551 [reactor-http-nio-11] DEBUG reactor.netty.resources.PooledConnectionProvider - [id: 0x6e7a501f, L:/127.0.0.1:49867 - R:localhost/127.0.0.1:8082] onStateChange(GET{uri=/getAttractionRewardPoints?attractionId=1b964ea8-67aa-440e-9ba5-8c011a362de6&userId=1f958bd7-f7e7-4ce0-8ef3-1faefb01a470, connection=PooledConnection{channel=[id: 0x6e7a501f, L:/127.0.0.1:49867 - R:localhost/127.0.0.1:8082]}}, [disconnecting])
20:29:37.551 [reactor-http-nio-11] DEBUG reactor.netty.resources.PooledConnectionProvider - [id: 0x6e7a501f, L:/127.0.0.1:49867 - R:localhost/127.0.0.1:8082] Releasing channel
20:29:37.551 [reactor-http-nio-11] DEBUG reactor.netty.resources.PooledConnectionProvider - [id: 0x6e7a501f, L:/127.0.0.1:49867 - R:localhost/127.0.0.1:8082] Channel cleaned, now 1 active connections and 1 inactive connections
20:29:37.552 [Test worker] DEBUG org.springframework.web.reactive.function.client.ExchangeFunctions - [17c18f16] HTTP GET http://localhost:8082/getAttractionRewardPoints?attractionId=3572620f-44b6-4bca-bc62-ed649b04f144&userId=1f958bd7-f7e7-4ce0-8ef3-1faefb01a470
20:29:37.552 [reactor-http-nio-11] DEBUG reactor.netty.resources.PooledConnectionProvider - [id: 0x6e7a501f, L:/127.0.0.1:49867 - R:localhost/127.0.0.1:8082] Channel acquired, now 2 active connections and 0 inactive connections
20:29:37.552 [reactor-http-nio-11] DEBUG reactor.netty.http.client.HttpClientConnect - [id: 0x6e7a501f, L:/127.0.0.1:49867 - R:localhost/127.0.0.1:8082] Handler is being applied: {uri=http://localhost:8082/getAttractionRewardPoints?attractionId=3572620f-44b6-4bca-bc62-ed649b04f144&userId=1f958bd7-f7e7-4ce0-8ef3-1faefb01a470, method=GET}
20:29:37.553 [reactor-http-nio-11] DEBUG reactor.netty.resources.PooledConnectionProvider - [id: 0x6e7a501f, L:/127.0.0.1:49867 - R:localhost/127.0.0.1:8082] onStateChange(GET{uri=/getAttractionRewardPoints?attractionId=3572620f-44b6-4bca-bc62-ed649b04f144&userId=1f958bd7-f7e7-4ce0-8ef3-1faefb01a470, connection=PooledConnection{channel=[id: 0x6e7a501f, L:/127.0.0.1:49867 - R:localhost/127.0.0.1:8082]}}, [request_sent])
20:29:37.605 [reactor-http-nio-11] DEBUG reactor.netty.http.client.HttpClientOperations - [id: 0x6e7a501f, L:/127.0.0.1:49867 - R:localhost/127.0.0.1:8082] Received response (auto-read:false) : [Content-Type=application/json, Transfer-Encoding=chunked, Date=Tue, 29 Jun 2021 14:59:37 GMT]
20:29:37.605 [reactor-http-nio-11] DEBUG reactor.netty.resources.PooledConnectionProvider - [id: 0x6e7a501f, L:/127.0.0.1:49867 - R:localhost/127.0.0.1:8082] onStateChange(GET{uri=/getAttractionRewardPoints?attractionId=3572620f-44b6-4bca-bc62-ed649b04f144&userId=1f958bd7-f7e7-4ce0-8ef3-1faefb01a470, connection=PooledConnection{channel=[id: 0x6e7a501f, L:/127.0.0.1:49867 - R:localhost/127.0.0.1:8082]}}, [response_received])
20:29:37.606 [reactor-http-nio-11] DEBUG org.springframework.web.reactive.function.client.ExchangeFunctions - [17c18f16] Response 200 OK
20:29:37.606 [reactor-http-nio-11] DEBUG reactor.netty.channel.FluxReceive - [id: 0x6e7a501f, L:/127.0.0.1:49867 - R:localhost/127.0.0.1:8082] Subscribing inbound receiver [pending: 0, cancelled:false, inboundDone: false]
20:29:37.607 [reactor-http-nio-11] DEBUG reactor.netty.http.client.HttpClientOperations - [id: 0x6e7a501f, L:/127.0.0.1:49867 - R:localhost/127.0.0.1:8082] Received last HTTP packet
20:29:37.607 [reactor-http-nio-11] DEBUG org.springframework.core.codec.StringDecoder - [17c18f16] Decoded "13"
20:29:37.607 [reactor-http-nio-11] DEBUG reactor.netty.resources.PooledConnectionProvider - [id: 0x6e7a501f, L:/127.0.0.1:49867 - R:localhost/127.0.0.1:8082] onStateChange(GET{uri=/getAttractionRewardPoints?attractionId=3572620f-44b6-4bca-bc62-ed649b04f144&userId=1f958bd7-f7e7-4ce0-8ef3-1faefb01a470, connection=PooledConnection{channel=[id: 0x6e7a501f, L:/127.0.0.1:49867 - R:localhost/127.0.0.1:8082]}}, [disconnecting])
20:29:37.607 [reactor-http-nio-11] DEBUG reactor.netty.resources.PooledConnectionProvider - [id: 0x6e7a501f, L:/127.0.0.1:49867 - R:localhost/127.0.0.1:8082] Releasing channel
20:29:37.607 [reactor-http-nio-11] DEBUG reactor.netty.resources.PooledConnectionProvider - [id: 0x6e7a501f, L:/127.0.0.1:49867 - R:localhost/127.0.0.1:8082] Channel cleaned, now 1 active connections and 1 inactive connections
20:29:37.609 [Test worker] DEBUG org.springframework.web.reactive.function.client.ExchangeFunctions - [48d382ac] HTTP GET http://localhost:8082/getAttractionRewardPoints?attractionId=7865fec8-4921-4327-af94-6f9fa36d543d&userId=1f958bd7-f7e7-4ce0-8ef3-1faefb01a470
20:29:37.609 [reactor-http-nio-11] DEBUG reactor.netty.resources.PooledConnectionProvider - [id: 0x6e7a501f, L:/127.0.0.1:49867 - R:localhost/127.0.0.1:8082] Channel acquired, now 2 active connections and 0 inactive connections
20:29:37.609 [reactor-http-nio-11] DEBUG reactor.netty.http.client.HttpClientConnect - [id: 0x6e7a501f, L:/127.0.0.1:49867 - R:localhost/127.0.0.1:8082] Handler is being applied: {uri=http://localhost:8082/getAttractionRewardPoints?attractionId=7865fec8-4921-4327-af94-6f9fa36d543d&userId=1f958bd7-f7e7-4ce0-8ef3-1faefb01a470, method=GET}
20:29:37.611 [reactor-http-nio-11] DEBUG reactor.netty.resources.PooledConnectionProvider - [id: 0x6e7a501f, L:/127.0.0.1:49867 - R:localhost/127.0.0.1:8082] onStateChange(GET{uri=/getAttractionRewardPoints?attractionId=7865fec8-4921-4327-af94-6f9fa36d543d&userId=1f958bd7-f7e7-4ce0-8ef3-1faefb01a470, connection=PooledConnection{channel=[id: 0x6e7a501f, L:/127.0.0.1:49867 - R:localhost/127.0.0.1:8082]}}, [request_sent])
20:29:37.655 [reactor-http-nio-11] DEBUG reactor.netty.http.client.HttpClientOperations - [id: 0xad770be0, L:/127.0.0.1:49869 - R:localhost/127.0.0.1:8082] Received response (auto-read:false) : [Content-Type=application/json, Transfer-Encoding=chunked, Date=Tue, 29 Jun 2021 14:59:37 GMT]
20:29:37.656 [reactor-http-nio-11] DEBUG reactor.netty.resources.PooledConnectionProvider - [id: 0xad770be0, L:/127.0.0.1:49869 - R:localhost/127.0.0.1:8082] onStateChange(GET{uri=/getAttractionRewardPoints?attractionId=3f2c4207-4cba-4870-95b0-ec18d844c6bc&userId=1f958bd7-f7e7-4ce0-8ef3-1faefb01a470, connection=PooledConnection{channel=[id: 0xad770be0, L:/127.0.0.1:49869 - R:localhost/127.0.0.1:8082]}}, [response_received])
20:29:37.656 [reactor-http-nio-11] DEBUG org.springframework.web.reactive.function.client.ExchangeFunctions - [4d2d2495] Response 200 OK
20:29:37.656 [reactor-http-nio-11] DEBUG reactor.netty.channel.FluxReceive - [id: 0xad770be0, L:/127.0.0.1:49869 - R:localhost/127.0.0.1:8082] Subscribing inbound receiver [pending: 0, cancelled:false, inboundDone: false]
20:29:37.657 [reactor-http-nio-11] DEBUG reactor.netty.http.client.HttpClientOperations - [id: 0xad770be0, L:/127.0.0.1:49869 - R:localhost/127.0.0.1:8082] Received last HTTP packet
20:29:37.657 [reactor-http-nio-11] DEBUG org.springframework.core.codec.StringDecoder - [4d2d2495] Decoded "328"
20:29:37.657 [reactor-http-nio-11] DEBUG reactor.netty.resources.PooledConnectionProvider - [id: 0xad770be0, L:/127.0.0.1:49869 - R:localhost/127.0.0.1:8082] onStateChange(GET{uri=/getAttractionRewardPoints?attractionId=3f2c4207-4cba-4870-95b0-ec18d844c6bc&userId=1f958bd7-f7e7-4ce0-8ef3-1faefb01a470, connection=PooledConnection{channel=[id: 0xad770be0, L:/127.0.0.1:49869 - R:localhost/127.0.0.1:8082]}}, [disconnecting])
20:29:37.658 [reactor-http-nio-11] DEBUG reactor.netty.resources.PooledConnectionProvider - [id: 0xad770be0, L:/127.0.0.1:49869 - R:localhost/127.0.0.1:8082] Releasing channel
20:29:37.658 [reactor-http-nio-11] DEBUG reactor.netty.resources.PooledConnectionProvider - [id: 0xad770be0, L:/127.0.0.1:49869 - R:localhost/127.0.0.1:8082] Channel cleaned, now 1 active connections and 1 inactive connections
20:29:37.658 [pool-10-thread-1] DEBUG org.springframework.web.reactive.function.client.ExchangeFunctions - [767e1005] HTTP GET http://localhost:8082/getAttractionRewardPoints?attractionId=895c88d8-4833-4fa1-8858-5d7c055c81b6&userId=1f958bd7-f7e7-4ce0-8ef3-1faefb01a470
20:29:37.659 [reactor-http-nio-11] DEBUG reactor.netty.resources.PooledConnectionProvider - [id: 0xad770be0, L:/127.0.0.1:49869 - R:localhost/127.0.0.1:8082] Channel acquired, now 2 active connections and 0 inactive connections
20:29:37.659 [reactor-http-nio-11] DEBUG reactor.netty.http.client.HttpClientConnect - [id: 0xad770be0, L:/127.0.0.1:49869 - R:localhost/127.0.0.1:8082] Handler is being applied: {uri=http://localhost:8082/getAttractionRewardPoints?attractionId=895c88d8-4833-4fa1-8858-5d7c055c81b6&userId=1f958bd7-f7e7-4ce0-8ef3-1faefb01a470, method=GET}
20:29:37.660 [reactor-http-nio-11] DEBUG reactor.netty.resources.PooledConnectionProvider - [id: 0xad770be0, L:/127.0.0.1:49869 - R:localhost/127.0.0.1:8082] onStateChange(GET{uri=/getAttractionRewardPoints?attractionId=895c88d8-4833-4fa1-8858-5d7c055c81b6&userId=1f958bd7-f7e7-4ce0-8ef3-1faefb01a470, connection=PooledConnection{channel=[id: 0xad770be0, L:/127.0.0.1:49869 - R:localhost/127.0.0.1:8082]}}, [request_sent])
20:29:38.449 [reactor-http-nio-11] DEBUG reactor.netty.http.client.HttpClientOperations - [id: 0xad770be0, L:/127.0.0.1:49869 - R:localhost/127.0.0.1:8082] Received response (auto-read:false) : [Content-Type=application/json, Transfer-Encoding=chunked, Date=Tue, 29 Jun 2021 14:59:38 GMT]
20:29:38.449 [reactor-http-nio-11] DEBUG reactor.netty.resources.PooledConnectionProvider - [id: 0xad770be0, L:/127.0.0.1:49869 - R:localhost/127.0.0.1:8082] onStateChange(GET{uri=/getAttractionRewardPoints?attractionId=895c88d8-4833-4fa1-8858-5d7c055c81b6&userId=1f958bd7-f7e7-4ce0-8ef3-1faefb01a470, connection=PooledConnection{channel=[id: 0xad770be0, L:/127.0.0.1:49869 - R:localhost/127.0.0.1:8082]}}, [response_received])
20:29:38.449 [reactor-http-nio-11] DEBUG org.springframework.web.reactive.function.client.ExchangeFunctions - [767e1005] Response 200 OK
20:29:38.450 [reactor-http-nio-11] DEBUG reactor.netty.channel.FluxReceive - [id: 0xad770be0, L:/127.0.0.1:49869 - R:localhost/127.0.0.1:8082] Subscribing inbound receiver [pending: 0, cancelled:false, inboundDone: false]
20:29:38.450 [reactor-http-nio-11] DEBUG reactor.netty.http.client.HttpClientOperations - [id: 0xad770be0, L:/127.0.0.1:49869 - R:localhost/127.0.0.1:8082] Received last HTTP packet
20:29:38.451 [reactor-http-nio-11] DEBUG org.springframework.core.codec.StringDecoder - [767e1005] Decoded "206"
20:29:38.451 [reactor-http-nio-11] DEBUG reactor.netty.resources.PooledConnectionProvider - [id: 0xad770be0, L:/127.0.0.1:49869 - R:localhost/127.0.0.1:8082] onStateChange(GET{uri=/getAttractionRewardPoints?attractionId=895c88d8-4833-4fa1-8858-5d7c055c81b6&userId=1f958bd7-f7e7-4ce0-8ef3-1faefb01a470, connection=PooledConnection{channel=[id: 0xad770be0, L:/127.0.0.1:49869 - R:localhost/127.0.0.1:8082]}}, [disconnecting])
20:29:38.451 [reactor-http-nio-11] DEBUG reactor.netty.resources.PooledConnectionProvider - [id: 0xad770be0, L:/127.0.0.1:49869 - R:localhost/127.0.0.1:8082] Releasing channel
20:29:38.451 [reactor-http-nio-11] DEBUG reactor.netty.resources.PooledConnectionProvider - [id: 0xad770be0, L:/127.0.0.1:49869 - R:localhost/127.0.0.1:8082] Channel cleaned, now 1 active connections and 1 inactive connections
20:29:38.452 [pool-10-thread-1] DEBUG org.springframework.web.reactive.function.client.ExchangeFunctions - [153ca69] HTTP GET http://localhost:8082/getAttractionRewardPoints?attractionId=67599ca0-ed97-421c-a7b0-f41d04af2968&userId=1f958bd7-f7e7-4ce0-8ef3-1faefb01a470
20:29:38.453 [reactor-http-nio-11] DEBUG reactor.netty.resources.PooledConnectionProvider - [id: 0xad770be0, L:/127.0.0.1:49869 - R:localhost/127.0.0.1:8082] Channel acquired, now 2 active connections and 0 inactive connections
20:29:38.453 [reactor-http-nio-11] DEBUG reactor.netty.http.client.HttpClientConnect - [id: 0xad770be0, L:/127.0.0.1:49869 - R:localhost/127.0.0.1:8082] Handler is being applied: {uri=http://localhost:8082/getAttractionRewardPoints?attractionId=67599ca0-ed97-421c-a7b0-f41d04af2968&userId=1f958bd7-f7e7-4ce0-8ef3-1faefb01a470, method=GET}
20:29:38.454 [reactor-http-nio-11] DEBUG reactor.netty.resources.PooledConnectionProvider - [id: 0xad770be0, L:/127.0.0.1:49869 - R:localhost/127.0.0.1:8082] onStateChange(GET{uri=/getAttractionRewardPoints?attractionId=67599ca0-ed97-421c-a7b0-f41d04af2968&userId=1f958bd7-f7e7-4ce0-8ef3-1faefb01a470, connection=PooledConnection{channel=[id: 0xad770be0, L:/127.0.0.1:49869 - R:localhost/127.0.0.1:8082]}}, [request_sent])
20:29:38.541 [reactor-http-nio-11] DEBUG reactor.netty.http.client.HttpClientOperations - [id: 0x6e7a501f, L:/127.0.0.1:49867 - R:localhost/127.0.0.1:8082] Received response (auto-read:false) : [Content-Type=application/json, Transfer-Encoding=chunked, Date=Tue, 29 Jun 2021 14:59:38 GMT]
20:29:38.541 [reactor-http-nio-11] DEBUG reactor.netty.resources.PooledConnectionProvider - [id: 0x6e7a501f, L:/127.0.0.1:49867 - R:localhost/127.0.0.1:8082] onStateChange(GET{uri=/getAttractionRewardPoints?attractionId=7865fec8-4921-4327-af94-6f9fa36d543d&userId=1f958bd7-f7e7-4ce0-8ef3-1faefb01a470, connection=PooledConnection{channel=[id: 0x6e7a501f, L:/127.0.0.1:49867 - R:localhost/127.0.0.1:8082]}}, [response_received])
20:29:38.541 [reactor-http-nio-11] DEBUG org.springframework.web.reactive.function.client.ExchangeFunctions - [48d382ac] Response 200 OK
20:29:38.542 [reactor-http-nio-11] DEBUG reactor.netty.channel.FluxReceive - [id: 0x6e7a501f, L:/127.0.0.1:49867 - R:localhost/127.0.0.1:8082] Subscribing inbound receiver [pending: 0, cancelled:false, inboundDone: false]
20:29:38.542 [reactor-http-nio-11] DEBUG reactor.netty.http.client.HttpClientOperations - [id: 0x6e7a501f, L:/127.0.0.1:49867 - R:localhost/127.0.0.1:8082] Received last HTTP packet
20:29:38.542 [reactor-http-nio-11] DEBUG org.springframework.core.codec.StringDecoder - [48d382ac] Decoded "138"
20:29:38.542 [reactor-http-nio-11] DEBUG reactor.netty.resources.PooledConnectionProvider - [id: 0x6e7a501f, L:/127.0.0.1:49867 - R:localhost/127.0.0.1:8082] onStateChange(GET{uri=/getAttractionRewardPoints?attractionId=7865fec8-4921-4327-af94-6f9fa36d543d&userId=1f958bd7-f7e7-4ce0-8ef3-1faefb01a470, connection=PooledConnection{channel=[id: 0x6e7a501f, L:/127.0.0.1:49867 - R:localhost/127.0.0.1:8082]}}, [disconnecting])
20:29:38.542 [reactor-http-nio-11] DEBUG reactor.netty.resources.PooledConnectionProvider - [id: 0x6e7a501f, L:/127.0.0.1:49867 - R:localhost/127.0.0.1:8082] Releasing channel
20:29:38.543 [reactor-http-nio-11] DEBUG reactor.netty.resources.PooledConnectionProvider - [id: 0x6e7a501f, L:/127.0.0.1:49867 - R:localhost/127.0.0.1:8082] Channel cleaned, now 1 active connections and 1 inactive connections
20:29:38.543 [Test worker] DEBUG org.springframework.web.reactive.function.client.ExchangeFunctions - [25806286] HTTP GET http://localhost:8082/getAttractionRewardPoints?attractionId=2e55b1e5-52c7-4f08-a6b3-0e9328ec3548&userId=1f958bd7-f7e7-4ce0-8ef3-1faefb01a470
20:29:38.544 [reactor-http-nio-11] DEBUG reactor.netty.resources.PooledConnectionProvider - [id: 0x6e7a501f, L:/127.0.0.1:49867 - R:localhost/127.0.0.1:8082] Channel acquired, now 2 active connections and 0 inactive connections
20:29:38.544 [reactor-http-nio-11] DEBUG reactor.netty.http.client.HttpClientConnect - [id: 0x6e7a501f, L:/127.0.0.1:49867 - R:localhost/127.0.0.1:8082] Handler is being applied: {uri=http://localhost:8082/getAttractionRewardPoints?attractionId=2e55b1e5-52c7-4f08-a6b3-0e9328ec3548&userId=1f958bd7-f7e7-4ce0-8ef3-1faefb01a470, method=GET}
20:29:38.545 [reactor-http-nio-11] DEBUG reactor.netty.resources.PooledConnectionProvider - [id: 0x6e7a501f, L:/127.0.0.1:49867 - R:localhost/127.0.0.1:8082] onStateChange(GET{uri=/getAttractionRewardPoints?attractionId=2e55b1e5-52c7-4f08-a6b3-0e9328ec3548&userId=1f958bd7-f7e7-4ce0-8ef3-1faefb01a470, connection=PooledConnection{channel=[id: 0x6e7a501f, L:/127.0.0.1:49867 - R:localhost/127.0.0.1:8082]}}, [request_sent])
20:29:39.153 [reactor-http-nio-11] DEBUG reactor.netty.http.client.HttpClientOperations - [id: 0x6e7a501f, L:/127.0.0.1:49867 - R:localhost/127.0.0.1:8082] Received response (auto-read:false) : [Content-Type=application/json, Transfer-Encoding=chunked, Date=Tue, 29 Jun 2021 14:59:38 GMT, Connection=close]
20:29:39.153 [reactor-http-nio-11] DEBUG reactor.netty.resources.PooledConnectionProvider - [id: 0x6e7a501f, L:/127.0.0.1:49867 - R:localhost/127.0.0.1:8082] onStateChange(GET{uri=/getAttractionRewardPoints?attractionId=2e55b1e5-52c7-4f08-a6b3-0e9328ec3548&userId=1f958bd7-f7e7-4ce0-8ef3-1faefb01a470, connection=PooledConnection{channel=[id: 0x6e7a501f, L:/127.0.0.1:49867 - R:localhost/127.0.0.1:8082]}}, [response_received])
20:29:39.154 [reactor-http-nio-11] DEBUG org.springframework.web.reactive.function.client.ExchangeFunctions - [25806286] Response 200 OK
20:29:39.154 [reactor-http-nio-11] DEBUG reactor.netty.channel.FluxReceive - [id: 0x6e7a501f, L:/127.0.0.1:49867 - R:localhost/127.0.0.1:8082] Subscribing inbound receiver [pending: 0, cancelled:false, inboundDone: false]
20:29:39.155 [reactor-http-nio-11] DEBUG reactor.netty.http.client.HttpClientOperations - [id: 0x6e7a501f, L:/127.0.0.1:49867 - R:localhost/127.0.0.1:8082] Received last HTTP packet
20:29:39.155 [reactor-http-nio-11] DEBUG org.springframework.core.codec.StringDecoder - [25806286] Decoded "431"
20:29:39.155 [reactor-http-nio-11] DEBUG reactor.netty.resources.PooledConnectionProvider - [id: 0x6e7a501f, L:/127.0.0.1:49867 - R:localhost/127.0.0.1:8082] onStateChange(GET{uri=/getAttractionRewardPoints?attractionId=2e55b1e5-52c7-4f08-a6b3-0e9328ec3548&userId=1f958bd7-f7e7-4ce0-8ef3-1faefb01a470, connection=PooledConnection{channel=[id: 0x6e7a501f, L:/127.0.0.1:49867 - R:localhost/127.0.0.1:8082]}}, [disconnecting])
20:29:39.156 [reactor-http-nio-11] DEBUG reactor.netty.resources.PooledConnectionProvider - [id: 0x6e7a501f, L:/127.0.0.1:49867 ! R:localhost/127.0.0.1:8082] Channel cleaned, now 1 active connections and 1 inactive connections
20:29:39.156 [reactor-http-nio-11] DEBUG reactor.netty.resources.PooledConnectionProvider - [id: 0x6e7a501f, L:/127.0.0.1:49867 ! R:localhost/127.0.0.1:8082] Channel closed, now 1 active connections and 0 inactive connections
20:29:39.156 [Test worker] DEBUG org.springframework.web.reactive.function.client.ExchangeFunctions - [459bb21f] HTTP GET http://localhost:8082/getAttractionRewardPoints?attractionId=1fad0bec-1715-482f-ab03-74c3e7f63afc&userId=1f958bd7-f7e7-4ce0-8ef3-1faefb01a470
20:29:39.156 [reactor-http-nio-11] DEBUG reactor.netty.resources.PooledConnectionProvider - [id: 0x6e7a501f, L:/127.0.0.1:49867 ! R:localhost/127.0.0.1:8082] onStateChange(PooledConnection{channel=[id: 0x6e7a501f, L:/127.0.0.1:49867 ! R:localhost/127.0.0.1:8082]}, [disconnecting])
20:29:39.157 [reactor-http-nio-14] DEBUG reactor.netty.resources.PooledConnectionProvider - [id: 0xd648e0a7] Created new pooled channel, now 1 active connections and 1 inactive connections
20:29:39.158 [reactor-http-nio-14] DEBUG reactor.netty.channel.BootstrapHandlers - [id: 0xd648e0a7] Initialized pipeline DefaultChannelPipeline{(BootstrapHandlers$BootstrapInitializerHandler#0 = reactor.netty.channel.BootstrapHandlers$BootstrapInitializerHandler), (SimpleChannelPool$1#0 = io.netty.channel.pool.SimpleChannelPool$1), (reactor.left.httpCodec = io.netty.handler.codec.http.HttpClientCodec), (reactor.left.decompressor = io.netty.handler.codec.http.HttpContentDecompressor), (reactor.right.reactiveBridge = reactor.netty.channel.ChannelOperationsHandler)}
20:29:39.160 [reactor-http-nio-14] DEBUG reactor.netty.resources.PooledConnectionProvider - [id: 0xd648e0a7, L:/127.0.0.1:49871 - R:localhost/127.0.0.1:8082] onStateChange(PooledConnection{channel=[id: 0xd648e0a7, L:/127.0.0.1:49871 - R:localhost/127.0.0.1:8082]}, [connected])
20:29:39.161 [reactor-http-nio-14] DEBUG reactor.netty.resources.PooledConnectionProvider - [id: 0xd648e0a7, L:/127.0.0.1:49871 - R:localhost/127.0.0.1:8082] onStateChange(GET{uri=/, connection=PooledConnection{channel=[id: 0xd648e0a7, L:/127.0.0.1:49871 - R:localhost/127.0.0.1:8082]}}, [configured])
20:29:39.161 [reactor-http-nio-14] DEBUG reactor.netty.resources.PooledConnectionProvider - [id: 0xd648e0a7, L:/127.0.0.1:49871 - R:localhost/127.0.0.1:8082] Registering pool release on close event for channel
20:29:39.161 [reactor-http-nio-14] DEBUG reactor.netty.http.client.HttpClientConnect - [id: 0xd648e0a7, L:/127.0.0.1:49871 - R:localhost/127.0.0.1:8082] Handler is being applied: {uri=http://localhost:8082/getAttractionRewardPoints?attractionId=1fad0bec-1715-482f-ab03-74c3e7f63afc&userId=1f958bd7-f7e7-4ce0-8ef3-1faefb01a470, method=GET}
20:29:39.176 [reactor-http-nio-14] DEBUG reactor.netty.resources.PooledConnectionProvider - [id: 0xd648e0a7, L:/127.0.0.1:49871 - R:localhost/127.0.0.1:8082] onStateChange(GET{uri=/getAttractionRewardPoints?attractionId=1fad0bec-1715-482f-ab03-74c3e7f63afc&userId=1f958bd7-f7e7-4ce0-8ef3-1faefb01a470, connection=PooledConnection{channel=[id: 0xd648e0a7, L:/127.0.0.1:49871 - R:localhost/127.0.0.1:8082]}}, [request_sent])
20:29:39.176 [reactor-http-nio-14] DEBUG reactor.netty.resources.PooledConnectionProvider - [id: 0xd648e0a7, L:/127.0.0.1:49871 - R:localhost/127.0.0.1:8082] Channel connected, now 2 active connections and 0 inactive connections
20:29:39.258 [reactor-http-nio-11] DEBUG reactor.netty.http.client.HttpClientOperations - [id: 0xad770be0, L:/127.0.0.1:49869 - R:localhost/127.0.0.1:8082] Received response (auto-read:false) : [Content-Type=application/json, Transfer-Encoding=chunked, Date=Tue, 29 Jun 2021 14:59:38 GMT]
20:29:39.258 [reactor-http-nio-11] DEBUG reactor.netty.resources.PooledConnectionProvider - [id: 0xad770be0, L:/127.0.0.1:49869 - R:localhost/127.0.0.1:8082] onStateChange(GET{uri=/getAttractionRewardPoints?attractionId=67599ca0-ed97-421c-a7b0-f41d04af2968&userId=1f958bd7-f7e7-4ce0-8ef3-1faefb01a470, connection=PooledConnection{channel=[id: 0xad770be0, L:/127.0.0.1:49869 - R:localhost/127.0.0.1:8082]}}, [response_received])
20:29:39.258 [reactor-http-nio-11] DEBUG org.springframework.web.reactive.function.client.ExchangeFunctions - [153ca69] Response 200 OK
20:29:39.259 [reactor-http-nio-11] DEBUG reactor.netty.channel.FluxReceive - [id: 0xad770be0, L:/127.0.0.1:49869 - R:localhost/127.0.0.1:8082] Subscribing inbound receiver [pending: 0, cancelled:false, inboundDone: false]
20:29:39.260 [reactor-http-nio-11] DEBUG reactor.netty.http.client.HttpClientOperations - [id: 0xad770be0, L:/127.0.0.1:49869 - R:localhost/127.0.0.1:8082] Received last HTTP packet
20:29:39.260 [reactor-http-nio-11] DEBUG org.springframework.core.codec.StringDecoder - [153ca69] Decoded "167"
20:29:39.260 [reactor-http-nio-11] DEBUG reactor.netty.resources.PooledConnectionProvider - [id: 0xad770be0, L:/127.0.0.1:49869 - R:localhost/127.0.0.1:8082] onStateChange(GET{uri=/getAttractionRewardPoints?attractionId=67599ca0-ed97-421c-a7b0-f41d04af2968&userId=1f958bd7-f7e7-4ce0-8ef3-1faefb01a470, connection=PooledConnection{channel=[id: 0xad770be0, L:/127.0.0.1:49869 - R:localhost/127.0.0.1:8082]}}, [disconnecting])
20:29:39.260 [reactor-http-nio-11] DEBUG reactor.netty.resources.PooledConnectionProvider - [id: 0xad770be0, L:/127.0.0.1:49869 - R:localhost/127.0.0.1:8082] Releasing channel
20:29:39.260 [reactor-http-nio-11] DEBUG reactor.netty.resources.PooledConnectionProvider - [id: 0xad770be0, L:/127.0.0.1:49869 - R:localhost/127.0.0.1:8082] Channel cleaned, now 1 active connections and 1 inactive connections
20:29:39.261 [pool-10-thread-1] DEBUG org.springframework.web.reactive.function.client.ExchangeFunctions - [330bd616] HTTP GET http://localhost:8082/getAttractionRewardPoints?attractionId=fa9e2082-7716-4964-9ed2-20295754157c&userId=1f958bd7-f7e7-4ce0-8ef3-1faefb01a470
20:29:39.262 [reactor-http-nio-11] DEBUG reactor.netty.resources.PooledConnectionProvider - [id: 0xad770be0, L:/127.0.0.1:49869 - R:localhost/127.0.0.1:8082] Channel acquired, now 2 active connections and 0 inactive connections
20:29:39.262 [reactor-http-nio-11] DEBUG reactor.netty.http.client.HttpClientConnect - [id: 0xad770be0, L:/127.0.0.1:49869 - R:localhost/127.0.0.1:8082] Handler is being applied: {uri=http://localhost:8082/getAttractionRewardPoints?attractionId=fa9e2082-7716-4964-9ed2-20295754157c&userId=1f958bd7-f7e7-4ce0-8ef3-1faefb01a470, method=GET}
20:29:39.263 [reactor-http-nio-11] DEBUG reactor.netty.resources.PooledConnectionProvider - [id: 0xad770be0, L:/127.0.0.1:49869 - R:localhost/127.0.0.1:8082] onStateChange(GET{uri=/getAttractionRewardPoints?attractionId=fa9e2082-7716-4964-9ed2-20295754157c&userId=1f958bd7-f7e7-4ce0-8ef3-1faefb01a470, connection=PooledConnection{channel=[id: 0xad770be0, L:/127.0.0.1:49869 - R:localhost/127.0.0.1:8082]}}, [request_sent])
20:29:39.297 [reactor-http-nio-14] DEBUG reactor.netty.http.client.HttpClientOperations - [id: 0xd648e0a7, L:/127.0.0.1:49871 - R:localhost/127.0.0.1:8082] Received response (auto-read:false) : [Content-Type=application/json, Transfer-Encoding=chunked, Date=Tue, 29 Jun 2021 14:59:38 GMT]
20:29:39.297 [reactor-http-nio-14] DEBUG reactor.netty.resources.PooledConnectionProvider - [id: 0xd648e0a7, L:/127.0.0.1:49871 - R:localhost/127.0.0.1:8082] onStateChange(GET{uri=/getAttractionRewardPoints?attractionId=1fad0bec-1715-482f-ab03-74c3e7f63afc&userId=1f958bd7-f7e7-4ce0-8ef3-1faefb01a470, connection=PooledConnection{channel=[id: 0xd648e0a7, L:/127.0.0.1:49871 - R:localhost/127.0.0.1:8082]}}, [response_received])
20:29:39.298 [reactor-http-nio-14] DEBUG org.springframework.web.reactive.function.client.ExchangeFunctions - [459bb21f] Response 200 OK
20:29:39.298 [reactor-http-nio-14] DEBUG reactor.netty.channel.FluxReceive - [id: 0xd648e0a7, L:/127.0.0.1:49871 - R:localhost/127.0.0.1:8082] Subscribing inbound receiver [pending: 0, cancelled:false, inboundDone: false]
20:29:39.299 [reactor-http-nio-14] DEBUG reactor.netty.http.client.HttpClientOperations - [id: 0xd648e0a7, L:/127.0.0.1:49871 - R:localhost/127.0.0.1:8082] Received last HTTP packet
20:29:39.299 [reactor-http-nio-14] DEBUG org.springframework.core.codec.StringDecoder - [459bb21f] Decoded "667"
20:29:39.299 [reactor-http-nio-14] DEBUG reactor.netty.resources.PooledConnectionProvider - [id: 0xd648e0a7, L:/127.0.0.1:49871 - R:localhost/127.0.0.1:8082] onStateChange(GET{uri=/getAttractionRewardPoints?attractionId=1fad0bec-1715-482f-ab03-74c3e7f63afc&userId=1f958bd7-f7e7-4ce0-8ef3-1faefb01a470, connection=PooledConnection{channel=[id: 0xd648e0a7, L:/127.0.0.1:49871 - R:localhost/127.0.0.1:8082]}}, [disconnecting])
20:29:39.300 [reactor-http-nio-14] DEBUG reactor.netty.resources.PooledConnectionProvider - [id: 0xd648e0a7, L:/127.0.0.1:49871 - R:localhost/127.0.0.1:8082] Releasing channel
20:29:39.300 [reactor-http-nio-14] DEBUG reactor.netty.resources.PooledConnectionProvider - [id: 0xd648e0a7, L:/127.0.0.1:49871 - R:localhost/127.0.0.1:8082] Channel cleaned, now 1 active connections and 1 inactive connections
20:29:39.301 [Test worker] DEBUG org.springframework.web.reactive.function.client.ExchangeFunctions - [5eb92c85] HTTP GET http://localhost:8082/getAttractionRewardPoints?attractionId=0159ee0a-3006-4e11-ab98-251686ce035a&userId=1f958bd7-f7e7-4ce0-8ef3-1faefb01a470
20:29:39.302 [reactor-http-nio-14] DEBUG reactor.netty.resources.PooledConnectionProvider - [id: 0xd648e0a7, L:/127.0.0.1:49871 - R:localhost/127.0.0.1:8082] Channel acquired, now 2 active connections and 0 inactive connections
20:29:39.302 [reactor-http-nio-14] DEBUG reactor.netty.http.client.HttpClientConnect - [id: 0xd648e0a7, L:/127.0.0.1:49871 - R:localhost/127.0.0.1:8082] Handler is being applied: {uri=http://localhost:8082/getAttractionRewardPoints?attractionId=0159ee0a-3006-4e11-ab98-251686ce035a&userId=1f958bd7-f7e7-4ce0-8ef3-1faefb01a470, method=GET}
20:29:39.303 [reactor-http-nio-14] DEBUG reactor.netty.resources.PooledConnectionProvider - [id: 0xd648e0a7, L:/127.0.0.1:49871 - R:localhost/127.0.0.1:8082] onStateChange(GET{uri=/getAttractionRewardPoints?attractionId=0159ee0a-3006-4e11-ab98-251686ce035a&userId=1f958bd7-f7e7-4ce0-8ef3-1faefb01a470, connection=PooledConnection{channel=[id: 0xd648e0a7, L:/127.0.0.1:49871 - R:localhost/127.0.0.1:8082]}}, [request_sent])
20:29:39.333 [reactor-http-nio-14] DEBUG reactor.netty.http.client.HttpClientOperations - [id: 0xd648e0a7, L:/127.0.0.1:49871 - R:localhost/127.0.0.1:8082] Received response (auto-read:false) : [Content-Type=application/json, Transfer-Encoding=chunked, Date=Tue, 29 Jun 2021 14:59:38 GMT]
20:29:39.333 [reactor-http-nio-14] DEBUG reactor.netty.resources.PooledConnectionProvider - [id: 0xd648e0a7, L:/127.0.0.1:49871 - R:localhost/127.0.0.1:8082] onStateChange(GET{uri=/getAttractionRewardPoints?attractionId=0159ee0a-3006-4e11-ab98-251686ce035a&userId=1f958bd7-f7e7-4ce0-8ef3-1faefb01a470, connection=PooledConnection{channel=[id: 0xd648e0a7, L:/127.0.0.1:49871 - R:localhost/127.0.0.1:8082]}}, [response_received])
20:29:39.333 [reactor-http-nio-14] DEBUG org.springframework.web.reactive.function.client.ExchangeFunctions - [5eb92c85] Response 200 OK
20:29:39.334 [reactor-http-nio-14] DEBUG reactor.netty.channel.FluxReceive - [id: 0xd648e0a7, L:/127.0.0.1:49871 - R:localhost/127.0.0.1:8082] Subscribing inbound receiver [pending: 0, cancelled:false, inboundDone: false]
20:29:39.334 [reactor-http-nio-14] DEBUG reactor.netty.http.client.HttpClientOperations - [id: 0xd648e0a7, L:/127.0.0.1:49871 - R:localhost/127.0.0.1:8082] Received last HTTP packet
20:29:39.335 [reactor-http-nio-14] DEBUG org.springframework.core.codec.StringDecoder - [5eb92c85] Decoded "943"
20:29:39.335 [reactor-http-nio-14] DEBUG reactor.netty.resources.PooledConnectionProvider - [id: 0xd648e0a7, L:/127.0.0.1:49871 - R:localhost/127.0.0.1:8082] onStateChange(GET{uri=/getAttractionRewardPoints?attractionId=0159ee0a-3006-4e11-ab98-251686ce035a&userId=1f958bd7-f7e7-4ce0-8ef3-1faefb01a470, connection=PooledConnection{channel=[id: 0xd648e0a7, L:/127.0.0.1:49871 - R:localhost/127.0.0.1:8082]}}, [disconnecting])
20:29:39.335 [reactor-http-nio-14] DEBUG reactor.netty.resources.PooledConnectionProvider - [id: 0xd648e0a7, L:/127.0.0.1:49871 - R:localhost/127.0.0.1:8082] Releasing channel
20:29:39.335 [reactor-http-nio-14] DEBUG reactor.netty.resources.PooledConnectionProvider - [id: 0xd648e0a7, L:/127.0.0.1:49871 - R:localhost/127.0.0.1:8082] Channel cleaned, now 1 active connections and 1 inactive connections
20:29:39.335 [pool-10-thread-1] DEBUG org.springframework.web.reactive.function.client.ExchangeFunctions - [330bd616] Cancel signal (to close connection)
20:29:39.336 [Test worker] INFO tourGuide.service.TourGuideService - TestMode enabled
20:29:39.336 [Test worker] DEBUG tourGuide.service.TourGuideService - Initializing users
20:29:39.336 [Test worker] DEBUG tourGuide.service.TourGuideService - Created 0 internal test users.
20:29:39.336 [Test worker] DEBUG tourGuide.service.TourGuideService - Finished initializing users
20:29:39.337 [reactor-http-nio-11] DEBUG reactor.netty.resources.PooledConnectionProvider - [id: 0xad770be0, L:/127.0.0.1:49869 ! R:localhost/127.0.0.1:8082] Channel cleaned, now 0 active connections and 2 inactive connections
20:29:39.337 [reactor-http-nio-11] DEBUG reactor.netty.resources.PooledConnectionProvider - [id: 0xad770be0, L:/127.0.0.1:49869 ! R:localhost/127.0.0.1:8082] Channel closed, now 0 active connections and 1 inactive connections
20:29:39.337 [pool-11-thread-1] DEBUG tourGuide.tracker.Tracker - Begin Tracker. Tracking 0 users.
20:29:39.337 [pool-11-thread-1] DEBUG tourGuide.tracker.Tracker - Tracker Time Elapsed: 0 seconds.
20:29:39.337 [pool-11-thread-1] DEBUG tourGuide.tracker.Tracker - Tracker sleeping
20:29:39.338 [Test worker] DEBUG org.springframework.web.reactive.function.client.ExchangeFunctions - [340a804b] HTTP GET http://localhost:8081/getAttractions
20:29:39.339 [reactor-http-nio-15] DEBUG reactor.netty.resources.PooledConnectionProvider - [id: 0x3b57da73, L:/127.0.0.1:49868 - R:localhost/127.0.0.1:8081] Channel acquired, now 1 active connections and 1 inactive connections
20:29:39.339 [reactor-http-nio-15] DEBUG reactor.netty.http.client.HttpClientConnect - [id: 0x3b57da73, L:/127.0.0.1:49868 - R:localhost/127.0.0.1:8081] Handler is being applied: {uri=http://localhost:8081/getAttractions, method=GET}
20:29:39.340 [reactor-http-nio-15] DEBUG reactor.netty.resources.PooledConnectionProvider - [id: 0x3b57da73, L:/127.0.0.1:49868 - R:localhost/127.0.0.1:8081] onStateChange(GET{uri=/getAttractions, connection=PooledConnection{channel=[id: 0x3b57da73, L:/127.0.0.1:49868 - R:localhost/127.0.0.1:8081]}}, [request_sent])
20:29:39.358 [reactor-http-nio-15] DEBUG reactor.netty.http.client.HttpClientOperations - [id: 0x3b57da73, L:/127.0.0.1:49868 - R:localhost/127.0.0.1:8081] Received response (auto-read:false) : [Content-Type=application/json, Transfer-Encoding=chunked, Date=Tue, 29 Jun 2021 14:59:39 GMT]
20:29:39.359 [reactor-http-nio-15] DEBUG reactor.netty.resources.PooledConnectionProvider - [id: 0x3b57da73, L:/127.0.0.1:49868 - R:localhost/127.0.0.1:8081] onStateChange(GET{uri=/getAttractions, connection=PooledConnection{channel=[id: 0x3b57da73, L:/127.0.0.1:49868 - R:localhost/127.0.0.1:8081]}}, [response_received])
20:29:39.359 [reactor-http-nio-15] DEBUG org.springframework.web.reactive.function.client.ExchangeFunctions - [340a804b] Response 200 OK
20:29:39.359 [reactor-http-nio-15] DEBUG reactor.netty.channel.FluxReceive - [id: 0x3b57da73, L:/127.0.0.1:49868 - R:localhost/127.0.0.1:8081] Subscribing inbound receiver [pending: 0, cancelled:false, inboundDone: false]
20:29:39.360 [reactor-http-nio-15] DEBUG reactor.netty.http.client.HttpClientOperations - [id: 0x3b57da73, L:/127.0.0.1:49868 - R:localhost/127.0.0.1:8081] Received last HTTP packet
20:29:39.361 [reactor-http-nio-15] DEBUG org.springframework.core.codec.StringDecoder - [340a804b] Decoded "[{"longitude":-117.922008,"latitude":33.817595,"attractionName":"Disneyland","city":"Anaheim","stat (truncated)...
20:29:39.361 [reactor-http-nio-15] DEBUG reactor.netty.resources.PooledConnectionProvider - [id: 0x3b57da73, L:/127.0.0.1:49868 - R:localhost/127.0.0.1:8081] onStateChange(GET{uri=/getAttractions, connection=PooledConnection{channel=[id: 0x3b57da73, L:/127.0.0.1:49868 - R:localhost/127.0.0.1:8081]}}, [disconnecting])
20:29:39.361 [reactor-http-nio-15] DEBUG reactor.netty.resources.PooledConnectionProvider - [id: 0x3b57da73, L:/127.0.0.1:49868 - R:localhost/127.0.0.1:8081] Releasing channel
20:29:39.361 [reactor-http-nio-15] DEBUG reactor.netty.resources.PooledConnectionProvider - [id: 0x3b57da73, L:/127.0.0.1:49868 - R:localhost/127.0.0.1:8081] Channel cleaned, now 0 active connections and 2 inactive connections
20:29:39.364 [Test worker] DEBUG org.springframework.web.reactive.function.client.ExchangeFunctions - [23404f4b] HTTP GET http://localhost:8081/getUserLocation?userId=66474a15-ed08-41e7-b0f5-c2ea7f3e8fc9
20:29:39.365 [reactor-http-nio-15] DEBUG reactor.netty.resources.PooledConnectionProvider - [id: 0x05482a00, L:/127.0.0.1:49865 - R:localhost/127.0.0.1:8081] Channel acquired, now 1 active connections and 1 inactive connections
20:29:39.365 [reactor-http-nio-15] DEBUG reactor.netty.http.client.HttpClientConnect - [id: 0x05482a00, L:/127.0.0.1:49865 - R:localhost/127.0.0.1:8081] Handler is being applied: {uri=http://localhost:8081/getUserLocation?userId=66474a15-ed08-41e7-b0f5-c2ea7f3e8fc9, method=GET}
20:29:39.365 [reactor-http-nio-15] DEBUG reactor.netty.resources.PooledConnectionProvider - [id: 0x05482a00, L:/127.0.0.1:49865 - R:localhost/127.0.0.1:8081] onStateChange(GET{uri=/getUserLocation?userId=66474a15-ed08-41e7-b0f5-c2ea7f3e8fc9, connection=PooledConnection{channel=[id: 0x05482a00, L:/127.0.0.1:49865 - R:localhost/127.0.0.1:8081]}}, [request_sent])
20:29:39.401 [reactor-http-nio-15] DEBUG reactor.netty.http.client.HttpClientOperations - [id: 0x05482a00, L:/127.0.0.1:49865 - R:localhost/127.0.0.1:8081] Received response (auto-read:false) : [Content-Type=application/json, Transfer-Encoding=chunked, Date=Tue, 29 Jun 2021 14:59:39 GMT]
20:29:39.401 [reactor-http-nio-15] DEBUG reactor.netty.resources.PooledConnectionProvider - [id: 0x05482a00, L:/127.0.0.1:49865 - R:localhost/127.0.0.1:8081] onStateChange(GET{uri=/getUserLocation?userId=66474a15-ed08-41e7-b0f5-c2ea7f3e8fc9, connection=PooledConnection{channel=[id: 0x05482a00, L:/127.0.0.1:49865 - R:localhost/127.0.0.1:8081]}}, [response_received])
20:29:39.401 [reactor-http-nio-15] DEBUG org.springframework.web.reactive.function.client.ExchangeFunctions - [23404f4b] Response 200 OK
20:29:39.401 [reactor-http-nio-15] DEBUG reactor.netty.channel.FluxReceive - [id: 0x05482a00, L:/127.0.0.1:49865 - R:localhost/127.0.0.1:8081] Subscribing inbound receiver [pending: 0, cancelled:false, inboundDone: false]
20:29:39.401 [reactor-http-nio-15] DEBUG reactor.netty.http.client.HttpClientOperations - [id: 0x05482a00, L:/127.0.0.1:49865 - R:localhost/127.0.0.1:8081] Received last HTTP packet
20:29:39.401 [reactor-http-nio-15] DEBUG org.springframework.core.codec.StringDecoder - [23404f4b] Decoded "{"userId":"66474a15-ed08-41e7-b0f5-c2ea7f3e8fc9","location":{"longitude":-177.407236,"latitude":29. (truncated)...
20:29:39.402 [reactor-http-nio-15] DEBUG reactor.netty.resources.PooledConnectionProvider - [id: 0x05482a00, L:/127.0.0.1:49865 - R:localhost/127.0.0.1:8081] onStateChange(GET{uri=/getUserLocation?userId=66474a15-ed08-41e7-b0f5-c2ea7f3e8fc9, connection=PooledConnection{channel=[id: 0x05482a00, L:/127.0.0.1:49865 - R:localhost/127.0.0.1:8081]}}, [disconnecting])
20:29:39.402 [reactor-http-nio-15] DEBUG reactor.netty.resources.PooledConnectionProvider - [id: 0x05482a00, L:/127.0.0.1:49865 - R:localhost/127.0.0.1:8081] Releasing channel
20:29:39.402 [reactor-http-nio-15] DEBUG reactor.netty.resources.PooledConnectionProvider - [id: 0x05482a00, L:/127.0.0.1:49865 - R:localhost/127.0.0.1:8081] Channel cleaned, now 0 active connections and 2 inactive connections
20:29:39.403 [Test worker] DEBUG org.springframework.web.reactive.function.client.ExchangeFunctions - [71211bdc] HTTP GET http://localhost:8081/getAttractions
20:29:39.404 [reactor-http-nio-15] DEBUG reactor.netty.resources.PooledConnectionProvider - [id: 0x3b57da73, L:/127.0.0.1:49868 - R:localhost/127.0.0.1:8081] Channel acquired, now 1 active connections and 1 inactive connections
20:29:39.404 [reactor-http-nio-15] DEBUG reactor.netty.http.client.HttpClientConnect - [id: 0x3b57da73, L:/127.0.0.1:49868 - R:localhost/127.0.0.1:8081] Handler is being applied: {uri=http://localhost:8081/getAttractions, method=GET}
20:29:39.404 [reactor-http-nio-15] DEBUG reactor.netty.resources.PooledConnectionProvider - [id: 0x3b57da73, L:/127.0.0.1:49868 - R:localhost/127.0.0.1:8081] onStateChange(GET{uri=/getAttractions, connection=PooledConnection{channel=[id: 0x3b57da73, L:/127.0.0.1:49868 - R:localhost/127.0.0.1:8081]}}, [request_sent])
20:29:39.418 [reactor-http-nio-15] DEBUG reactor.netty.http.client.HttpClientOperations - [id: 0x3b57da73, L:/127.0.0.1:49868 - R:localhost/127.0.0.1:8081] Received response (auto-read:false) : [Content-Type=application/json, Transfer-Encoding=chunked, Date=Tue, 29 Jun 2021 14:59:39 GMT]
20:29:39.418 [reactor-http-nio-15] DEBUG reactor.netty.resources.PooledConnectionProvider - [id: 0x3b57da73, L:/127.0.0.1:49868 - R:localhost/127.0.0.1:8081] onStateChange(GET{uri=/getAttractions, connection=PooledConnection{channel=[id: 0x3b57da73, L:/127.0.0.1:49868 - R:localhost/127.0.0.1:8081]}}, [response_received])
20:29:39.418 [reactor-http-nio-15] DEBUG org.springframework.web.reactive.function.client.ExchangeFunctions - [71211bdc] Response 200 OK
20:29:39.419 [reactor-http-nio-15] DEBUG reactor.netty.channel.FluxReceive - [id: 0x3b57da73, L:/127.0.0.1:49868 - R:localhost/127.0.0.1:8081] Subscribing inbound receiver [pending: 0, cancelled:false, inboundDone: false]
20:29:39.419 [reactor-http-nio-15] DEBUG reactor.netty.http.client.HttpClientOperations - [id: 0x3b57da73, L:/127.0.0.1:49868 - R:localhost/127.0.0.1:8081] Received last HTTP packet
20:29:39.420 [reactor-http-nio-15] DEBUG org.springframework.core.codec.StringDecoder - [71211bdc] Decoded "[{"longitude":-117.922008,"latitude":33.817595,"attractionName":"Disneyland","city":"Anaheim","stat (truncated)...
20:29:39.420 [reactor-http-nio-15] DEBUG reactor.netty.resources.PooledConnectionProvider - [id: 0x3b57da73, L:/127.0.0.1:49868 - R:localhost/127.0.0.1:8081] onStateChange(GET{uri=/getAttractions, connection=PooledConnection{channel=[id: 0x3b57da73, L:/127.0.0.1:49868 - R:localhost/127.0.0.1:8081]}}, [disconnecting])
20:29:39.420 [reactor-http-nio-15] DEBUG reactor.netty.resources.PooledConnectionProvider - [id: 0x3b57da73, L:/127.0.0.1:49868 - R:localhost/127.0.0.1:8081] Releasing channel
20:29:39.420 [reactor-http-nio-15] DEBUG reactor.netty.resources.PooledConnectionProvider - [id: 0x3b57da73, L:/127.0.0.1:49868 - R:localhost/127.0.0.1:8081] Channel cleaned, now 0 active connections and 2 inactive connections
20:29:39.422 [Test worker] DEBUG org.springframework.web.reactive.function.client.ExchangeFunctions - [13fe8459] HTTP GET http://localhost:8082/getAttractionRewardPoints?attractionId=d8568978-a36f-45e2-9ba1-b5a1f387011c&userId=66474a15-ed08-41e7-b0f5-c2ea7f3e8fc9
20:29:39.422 [reactor-http-nio-14] DEBUG reactor.netty.resources.PooledConnectionProvider - [id: 0xd648e0a7, L:/127.0.0.1:49871 - R:localhost/127.0.0.1:8082] Channel acquired, now 1 active connections and 0 inactive connections
20:29:39.422 [reactor-http-nio-14] DEBUG reactor.netty.http.client.HttpClientConnect - [id: 0xd648e0a7, L:/127.0.0.1:49871 - R:localhost/127.0.0.1:8082] Handler is being applied: {uri=http://localhost:8082/getAttractionRewardPoints?attractionId=d8568978-a36f-45e2-9ba1-b5a1f387011c&userId=66474a15-ed08-41e7-b0f5-c2ea7f3e8fc9, method=GET}
20:29:39.423 [reactor-http-nio-14] DEBUG reactor.netty.resources.PooledConnectionProvider - [id: 0xd648e0a7, L:/127.0.0.1:49871 - R:localhost/127.0.0.1:8082] onStateChange(GET{uri=/getAttractionRewardPoints?attractionId=d8568978-a36f-45e2-9ba1-b5a1f387011c&userId=66474a15-ed08-41e7-b0f5-c2ea7f3e8fc9, connection=PooledConnection{channel=[id: 0xd648e0a7, L:/127.0.0.1:49871 - R:localhost/127.0.0.1:8082]}}, [request_sent])
20:29:39.841 [reactor-http-nio-14] DEBUG reactor.netty.http.client.HttpClientOperations - [id: 0xd648e0a7, L:/127.0.0.1:49871 - R:localhost/127.0.0.1:8082] Received response (auto-read:false) : [Content-Type=application/json, Transfer-Encoding=chunked, Date=Tue, 29 Jun 2021 14:59:39 GMT]
20:29:39.841 [reactor-http-nio-14] DEBUG reactor.netty.resources.PooledConnectionProvider - [id: 0xd648e0a7, L:/127.0.0.1:49871 - R:localhost/127.0.0.1:8082] onStateChange(GET{uri=/getAttractionRewardPoints?attractionId=d8568978-a36f-45e2-9ba1-b5a1f387011c&userId=66474a15-ed08-41e7-b0f5-c2ea7f3e8fc9, connection=PooledConnection{channel=[id: 0xd648e0a7, L:/127.0.0.1:49871 - R:localhost/127.0.0.1:8082]}}, [response_received])
20:29:39.841 [reactor-http-nio-14] DEBUG org.springframework.web.reactive.function.client.ExchangeFunctions - [13fe8459] Response 200 OK
20:29:39.842 [reactor-http-nio-14] DEBUG reactor.netty.channel.FluxReceive - [id: 0xd648e0a7, L:/127.0.0.1:49871 - R:localhost/127.0.0.1:8082] Subscribing inbound receiver [pending: 0, cancelled:false, inboundDone: false]
20:29:39.843 [reactor-http-nio-14] DEBUG reactor.netty.http.client.HttpClientOperations - [id: 0xd648e0a7, L:/127.0.0.1:49871 - R:localhost/127.0.0.1:8082] Received last HTTP packet
20:29:39.843 [reactor-http-nio-14] DEBUG org.springframework.core.codec.StringDecoder - [13fe8459] Decoded "893"
20:29:39.843 [reactor-http-nio-14] DEBUG reactor.netty.resources.PooledConnectionProvider - [id: 0xd648e0a7, L:/127.0.0.1:49871 - R:localhost/127.0.0.1:8082] onStateChange(GET{uri=/getAttractionRewardPoints?attractionId=d8568978-a36f-45e2-9ba1-b5a1f387011c&userId=66474a15-ed08-41e7-b0f5-c2ea7f3e8fc9, connection=PooledConnection{channel=[id: 0xd648e0a7, L:/127.0.0.1:49871 - R:localhost/127.0.0.1:8082]}}, [disconnecting])
20:29:39.843 [reactor-http-nio-14] DEBUG reactor.netty.resources.PooledConnectionProvider - [id: 0xd648e0a7, L:/127.0.0.1:49871 - R:localhost/127.0.0.1:8082] Releasing channel
20:29:39.843 [reactor-http-nio-14] DEBUG reactor.netty.resources.PooledConnectionProvider - [id: 0xd648e0a7, L:/127.0.0.1:49871 - R:localhost/127.0.0.1:8082] Channel cleaned, now 0 active connections and 1 inactive connections
20:29:39.846 [Test worker] DEBUG org.springframework.web.reactive.function.client.ExchangeFunctions - [731646b5] HTTP GET http://localhost:8081/getAttractions
20:29:39.846 [reactor-http-nio-15] DEBUG reactor.netty.resources.PooledConnectionProvider - [id: 0x05482a00, L:/127.0.0.1:49865 - R:localhost/127.0.0.1:8081] Channel acquired, now 1 active connections and 1 inactive connections
20:29:39.846 [reactor-http-nio-15] DEBUG reactor.netty.http.client.HttpClientConnect - [id: 0x05482a00, L:/127.0.0.1:49865 - R:localhost/127.0.0.1:8081] Handler is being applied: {uri=http://localhost:8081/getAttractions, method=GET}
20:29:39.847 [reactor-http-nio-15] DEBUG reactor.netty.resources.PooledConnectionProvider - [id: 0x05482a00, L:/127.0.0.1:49865 - R:localhost/127.0.0.1:8081] onStateChange(GET{uri=/getAttractions, connection=PooledConnection{channel=[id: 0x05482a00, L:/127.0.0.1:49865 - R:localhost/127.0.0.1:8081]}}, [request_sent])
20:29:39.863 [reactor-http-nio-15] DEBUG reactor.netty.http.client.HttpClientOperations - [id: 0x05482a00, L:/127.0.0.1:49865 - R:localhost/127.0.0.1:8081] Received response (auto-read:false) : [Content-Type=application/json, Transfer-Encoding=chunked, Date=Tue, 29 Jun 2021 14:59:39 GMT]
20:29:39.864 [reactor-http-nio-15] DEBUG reactor.netty.resources.PooledConnectionProvider - [id: 0x05482a00, L:/127.0.0.1:49865 - R:localhost/127.0.0.1:8081] onStateChange(GET{uri=/getAttractions, connection=PooledConnection{channel=[id: 0x05482a00, L:/127.0.0.1:49865 - R:localhost/127.0.0.1:8081]}}, [response_received])
20:29:39.864 [reactor-http-nio-15] DEBUG org.springframework.web.reactive.function.client.ExchangeFunctions - [731646b5] Response 200 OK
20:29:39.865 [reactor-http-nio-15] DEBUG reactor.netty.channel.FluxReceive - [id: 0x05482a00, L:/127.0.0.1:49865 - R:localhost/127.0.0.1:8081] Subscribing inbound receiver [pending: 0, cancelled:false, inboundDone: false]
20:29:39.866 [reactor-http-nio-15] DEBUG reactor.netty.http.client.HttpClientOperations - [id: 0x05482a00, L:/127.0.0.1:49865 - R:localhost/127.0.0.1:8081] Received last HTTP packet
20:29:39.866 [reactor-http-nio-15] DEBUG org.springframework.core.codec.StringDecoder - [731646b5] Decoded "[{"longitude":-117.922008,"latitude":33.817595,"attractionName":"Disneyland","city":"Anaheim","stat (truncated)...
20:29:39.866 [reactor-http-nio-15] DEBUG reactor.netty.resources.PooledConnectionProvider - [id: 0x05482a00, L:/127.0.0.1:49865 - R:localhost/127.0.0.1:8081] onStateChange(GET{uri=/getAttractions, connection=PooledConnection{channel=[id: 0x05482a00, L:/127.0.0.1:49865 - R:localhost/127.0.0.1:8081]}}, [disconnecting])
20:29:39.867 [reactor-http-nio-15] DEBUG reactor.netty.resources.PooledConnectionProvider - [id: 0x05482a00, L:/127.0.0.1:49865 - R:localhost/127.0.0.1:8081] Releasing channel
20:29:39.867 [reactor-http-nio-15] DEBUG reactor.netty.resources.PooledConnectionProvider - [id: 0x05482a00, L:/127.0.0.1:49865 - R:localhost/127.0.0.1:8081] Channel cleaned, now 0 active connections and 2 inactive connections
]]></system-out>
  <system-err><![CDATA[]]></system-err>
</testsuite>
