<?xml version="1.0" encoding="UTF-8"?>
<testsuite name="tourGuide.TestPerformance" tests="2" skipped="0" failures="0" errors="0" timestamp="2021-06-11T15:10:46" hostname="Rahuls-MacBook-Pro.local" time="1.889">
  <properties/>
  <testcase name="highVolumeTrackLocation" classname="tourGuide.TestPerformance" time="0.355"/>
  <testcase name="highVolumeGetRewards" classname="tourGuide.TestPerformance" time="1.534"/>
  <system-out><![CDATA[20:40:46.762 [Test worker] INFO tourGuide.service.TourGuideService - TestMode enabled
20:40:46.762 [Test worker] DEBUG tourGuide.service.TourGuideService - Initializing users
20:40:46.772 [Test worker] DEBUG tourGuide.service.TourGuideService - Created 100 internal test users.
20:40:46.772 [Test worker] DEBUG tourGuide.service.TourGuideService - Finished initializing users
20:40:46.772 [pool-11-thread-1] DEBUG tourGuide.tracker.Tracker - Begin Tracker. Tracking 100 users.
20:40:46.773 [pool-11-thread-1] DEBUG org.springframework.web.reactive.function.client.ExchangeFunctions - [368b21d4] HTTP GET http://localhost:8081/getUserLocation?userId=9e053e91-c300-45f6-9cf3-5e2b4feb9345
20:40:46.774 [reactor-http-nio-16] DEBUG reactor.netty.resources.PooledConnectionProvider - [id: 0xa01a053c, L:/127.0.0.1:50244 - R:localhost/127.0.0.1:8081] Channel acquired, now 1 active connections and 0 inactive connections
20:40:46.774 [reactor-http-nio-16] DEBUG reactor.netty.http.client.HttpClientConnect - [id: 0xa01a053c, L:/127.0.0.1:50244 - R:localhost/127.0.0.1:8081] Handler is being applied: {uri=http://localhost:8081/getUserLocation?userId=9e053e91-c300-45f6-9cf3-5e2b4feb9345, method=GET}
20:40:46.774 [pool-12-thread-1] DEBUG org.springframework.web.reactive.function.client.ExchangeFunctions - [5fd86098] HTTP GET http://localhost:8081/getUserLocation?userId=9e053e91-c300-45f6-9cf3-5e2b4feb9345
20:40:46.774 [pool-12-thread-3] DEBUG org.springframework.web.reactive.function.client.ExchangeFunctions - [305f5380] HTTP GET http://localhost:8081/getUserLocation?userId=e61f0bb6-eeba-45ce-b75c-ecc1c01545a0
20:40:46.774 [pool-12-thread-2] DEBUG org.springframework.web.reactive.function.client.ExchangeFunctions - [47db1fff] HTTP GET http://localhost:8081/getUserLocation?userId=054df462-02e0-4f1d-b1ec-c2c3a4647a87
20:40:46.774 [pool-12-thread-4] DEBUG org.springframework.web.reactive.function.client.ExchangeFunctions - [429c2269] HTTP GET http://localhost:8081/getUserLocation?userId=e33d40da-6433-4878-bafa-410913e18a6c
20:40:46.775 [pool-12-thread-5] DEBUG org.springframework.web.reactive.function.client.ExchangeFunctions - [609f335e] HTTP GET http://localhost:8081/getUserLocation?userId=b2065956-6fa2-4bce-9858-39026287ae87
20:40:46.775 [reactor-http-nio-16] DEBUG reactor.netty.resources.PooledConnectionProvider - [id: 0xa01a053c, L:/127.0.0.1:50244 - R:localhost/127.0.0.1:8081] onStateChange(GET{uri=/getUserLocation?userId=9e053e91-c300-45f6-9cf3-5e2b4feb9345, connection=PooledConnection{channel=[id: 0xa01a053c, L:/127.0.0.1:50244 - R:localhost/127.0.0.1:8081]}}, [request_sent])
20:40:46.775 [reactor-http-nio-15] DEBUG reactor.netty.resources.PooledConnectionProvider - [id: 0x9e2c9a54] Created new pooled channel, now 1 active connections and 1 inactive connections
20:40:46.775 [reactor-http-nio-2] DEBUG reactor.netty.resources.PooledConnectionProvider - [id: 0x25eb9b2e] Created new pooled channel, now 1 active connections and 2 inactive connections
20:40:46.775 [reactor-http-nio-11] DEBUG reactor.netty.resources.PooledConnectionProvider - [id: 0xad9667d1] Created new pooled channel, now 1 active connections and 4 inactive connections
20:40:46.776 [reactor-http-nio-15] DEBUG reactor.netty.channel.BootstrapHandlers - [id: 0x9e2c9a54] Initialized pipeline DefaultChannelPipeline{(BootstrapHandlers$BootstrapInitializerHandler#0 = reactor.netty.channel.BootstrapHandlers$BootstrapInitializerHandler), (SimpleChannelPool$1#0 = io.netty.channel.pool.SimpleChannelPool$1), (reactor.left.httpCodec = io.netty.handler.codec.http.HttpClientCodec), (reactor.left.decompressor = io.netty.handler.codec.http.HttpContentDecompressor), (reactor.right.reactiveBridge = reactor.netty.channel.ChannelOperationsHandler)}
20:40:46.776 [reactor-http-nio-2] DEBUG reactor.netty.channel.BootstrapHandlers - [id: 0x25eb9b2e] Initialized pipeline DefaultChannelPipeline{(BootstrapHandlers$BootstrapInitializerHandler#0 = reactor.netty.channel.BootstrapHandlers$BootstrapInitializerHandler), (SimpleChannelPool$1#0 = io.netty.channel.pool.SimpleChannelPool$1), (reactor.left.httpCodec = io.netty.handler.codec.http.HttpClientCodec), (reactor.left.decompressor = io.netty.handler.codec.http.HttpContentDecompressor), (reactor.right.reactiveBridge = reactor.netty.channel.ChannelOperationsHandler)}
20:40:46.776 [reactor-http-nio-11] DEBUG reactor.netty.channel.BootstrapHandlers - [id: 0xad9667d1] Initialized pipeline DefaultChannelPipeline{(BootstrapHandlers$BootstrapInitializerHandler#0 = reactor.netty.channel.BootstrapHandlers$BootstrapInitializerHandler), (SimpleChannelPool$1#0 = io.netty.channel.pool.SimpleChannelPool$1), (reactor.left.httpCodec = io.netty.handler.codec.http.HttpClientCodec), (reactor.left.decompressor = io.netty.handler.codec.http.HttpContentDecompressor), (reactor.right.reactiveBridge = reactor.netty.channel.ChannelOperationsHandler)}
20:40:46.776 [pool-12-thread-6] DEBUG org.springframework.web.reactive.function.client.ExchangeFunctions - [121e73de] HTTP GET http://localhost:8081/getUserLocation?userId=fdb1a21e-600f-459f-a7f1-6589cf6a7cb6
20:40:46.775 [reactor-http-nio-10] DEBUG reactor.netty.resources.PooledConnectionProvider - [id: 0x2c66aa2f] Created new pooled channel, now 1 active connections and 3 inactive connections
20:40:46.776 [reactor-http-nio-15] DEBUG reactor.netty.resources.PooledConnectionProvider - [id: 0x9e2c9a54, L:/127.0.0.1:50246 - R:localhost/127.0.0.1:8081] onStateChange(PooledConnection{channel=[id: 0x9e2c9a54, L:/127.0.0.1:50246 - R:localhost/127.0.0.1:8081]}, [connected])
20:40:46.776 [reactor-http-nio-11] DEBUG reactor.netty.resources.PooledConnectionProvider - [id: 0xad9667d1, L:/127.0.0.1:50248 - R:localhost/127.0.0.1:8081] onStateChange(PooledConnection{channel=[id: 0xad9667d1, L:/127.0.0.1:50248 - R:localhost/127.0.0.1:8081]}, [connected])
20:40:46.775 [reactor-http-nio-12] DEBUG reactor.netty.resources.PooledConnectionProvider - [id: 0x9cfe3e33] Created new pooled channel, now 1 active connections and 5 inactive connections
20:40:46.777 [reactor-http-nio-11] DEBUG reactor.netty.resources.PooledConnectionProvider - [id: 0xad9667d1, L:/127.0.0.1:50248 - R:localhost/127.0.0.1:8081] onStateChange(GET{uri=/, connection=PooledConnection{channel=[id: 0xad9667d1, L:/127.0.0.1:50248 - R:localhost/127.0.0.1:8081]}}, [configured])
20:40:46.777 [reactor-http-nio-2] DEBUG reactor.netty.resources.PooledConnectionProvider - [id: 0x25eb9b2e, L:/127.0.0.1:50247 - R:localhost/127.0.0.1:8081] onStateChange(PooledConnection{channel=[id: 0x25eb9b2e, L:/127.0.0.1:50247 - R:localhost/127.0.0.1:8081]}, [connected])
20:40:46.777 [reactor-http-nio-2] DEBUG reactor.netty.resources.PooledConnectionProvider - [id: 0x25eb9b2e, L:/127.0.0.1:50247 - R:localhost/127.0.0.1:8081] onStateChange(GET{uri=/, connection=PooledConnection{channel=[id: 0x25eb9b2e, L:/127.0.0.1:50247 - R:localhost/127.0.0.1:8081]}}, [configured])
20:40:46.777 [reactor-http-nio-2] DEBUG reactor.netty.resources.PooledConnectionProvider - [id: 0x25eb9b2e, L:/127.0.0.1:50247 - R:localhost/127.0.0.1:8081] Registering pool release on close event for channel
20:40:46.777 [reactor-http-nio-14] DEBUG reactor.netty.resources.PooledConnectionProvider - [id: 0xe42ed116] Created new pooled channel, now 2 active connections and 5 inactive connections
20:40:46.777 [reactor-http-nio-12] DEBUG reactor.netty.channel.BootstrapHandlers - [id: 0x9cfe3e33] Initialized pipeline DefaultChannelPipeline{(BootstrapHandlers$BootstrapInitializerHandler#0 = reactor.netty.channel.BootstrapHandlers$BootstrapInitializerHandler), (SimpleChannelPool$1#0 = io.netty.channel.pool.SimpleChannelPool$1), (reactor.left.httpCodec = io.netty.handler.codec.http.HttpClientCodec), (reactor.left.decompressor = io.netty.handler.codec.http.HttpContentDecompressor), (reactor.right.reactiveBridge = reactor.netty.channel.ChannelOperationsHandler)}
20:40:46.777 [pool-12-thread-7] DEBUG org.springframework.web.reactive.function.client.ExchangeFunctions - [485bdd20] HTTP GET http://localhost:8081/getUserLocation?userId=96338cdc-065f-4cff-94c0-9d7ab880e920
20:40:46.778 [reactor-http-nio-12] DEBUG reactor.netty.resources.PooledConnectionProvider - [id: 0x9cfe3e33, L:/127.0.0.1:50249 - R:localhost/127.0.0.1:8081] onStateChange(PooledConnection{channel=[id: 0x9cfe3e33, L:/127.0.0.1:50249 - R:localhost/127.0.0.1:8081]}, [connected])
20:40:46.778 [reactor-http-nio-12] DEBUG reactor.netty.resources.PooledConnectionProvider - [id: 0x9cfe3e33, L:/127.0.0.1:50249 - R:localhost/127.0.0.1:8081] onStateChange(GET{uri=/, connection=PooledConnection{channel=[id: 0x9cfe3e33, L:/127.0.0.1:50249 - R:localhost/127.0.0.1:8081]}}, [configured])
20:40:46.778 [reactor-http-nio-11] DEBUG reactor.netty.resources.PooledConnectionProvider - [id: 0xad9667d1, L:/127.0.0.1:50248 - R:localhost/127.0.0.1:8081] Registering pool release on close event for channel
20:40:46.778 [reactor-http-nio-11] DEBUG reactor.netty.http.client.HttpClientConnect - [id: 0xad9667d1, L:/127.0.0.1:50248 - R:localhost/127.0.0.1:8081] Handler is being applied: {uri=http://localhost:8081/getUserLocation?userId=e61f0bb6-eeba-45ce-b75c-ecc1c01545a0, method=GET}
20:40:46.778 [pool-12-thread-9] DEBUG org.springframework.web.reactive.function.client.ExchangeFunctions - [79a99f57] HTTP GET http://localhost:8081/getUserLocation?userId=281f11a1-0ca1-49bb-b4d1-c6949a180f20
20:40:46.777 [reactor-http-nio-15] DEBUG reactor.netty.resources.PooledConnectionProvider - [id: 0x9e2c9a54, L:/127.0.0.1:50246 - R:localhost/127.0.0.1:8081] onStateChange(GET{uri=/, connection=PooledConnection{channel=[id: 0x9e2c9a54, L:/127.0.0.1:50246 - R:localhost/127.0.0.1:8081]}}, [configured])
20:40:46.778 [reactor-http-nio-15] DEBUG reactor.netty.resources.PooledConnectionProvider - [id: 0x9e2c9a54, L:/127.0.0.1:50246 - R:localhost/127.0.0.1:8081] Registering pool release on close event for channel
20:40:46.779 [reactor-http-nio-12] DEBUG reactor.netty.resources.PooledConnectionProvider - [id: 0x9cfe3e33, L:/127.0.0.1:50249 - R:localhost/127.0.0.1:8081] Registering pool release on close event for channel
20:40:46.778 [reactor-http-nio-15] DEBUG reactor.netty.http.client.HttpClientConnect - [id: 0x9e2c9a54, L:/127.0.0.1:50246 - R:localhost/127.0.0.1:8081] Handler is being applied: {uri=http://localhost:8081/getUserLocation?userId=9e053e91-c300-45f6-9cf3-5e2b4feb9345, method=GET}
20:40:46.779 [reactor-http-nio-12] DEBUG reactor.netty.http.client.HttpClientConnect - [id: 0x9cfe3e33, L:/127.0.0.1:50249 - R:localhost/127.0.0.1:8081] Handler is being applied: {uri=http://localhost:8081/getUserLocation?userId=b2065956-6fa2-4bce-9858-39026287ae87, method=GET}
20:40:46.780 [reactor-http-nio-11] DEBUG reactor.netty.resources.PooledConnectionProvider - [id: 0xad9667d1, L:/127.0.0.1:50248 - R:localhost/127.0.0.1:8081] onStateChange(GET{uri=/getUserLocation?userId=e61f0bb6-eeba-45ce-b75c-ecc1c01545a0, connection=PooledConnection{channel=[id: 0xad9667d1, L:/127.0.0.1:50248 - R:localhost/127.0.0.1:8081]}}, [request_sent])
20:40:46.780 [reactor-http-nio-11] DEBUG reactor.netty.resources.PooledConnectionProvider - [id: 0xad9667d1, L:/127.0.0.1:50248 - R:localhost/127.0.0.1:8081] Channel connected, now 5 active connections and 2 inactive connections
20:40:46.777 [reactor-http-nio-10] DEBUG reactor.netty.channel.BootstrapHandlers - [id: 0x2c66aa2f] Initialized pipeline DefaultChannelPipeline{(BootstrapHandlers$BootstrapInitializerHandler#0 = reactor.netty.channel.BootstrapHandlers$BootstrapInitializerHandler), (SimpleChannelPool$1#0 = io.netty.channel.pool.SimpleChannelPool$1), (reactor.left.httpCodec = io.netty.handler.codec.http.HttpClientCodec), (reactor.left.decompressor = io.netty.handler.codec.http.HttpContentDecompressor), (reactor.right.reactiveBridge = reactor.netty.channel.ChannelOperationsHandler)}
20:40:46.780 [reactor-http-nio-15] DEBUG reactor.netty.resources.PooledConnectionProvider - [id: 0x9e2c9a54, L:/127.0.0.1:50246 - R:localhost/127.0.0.1:8081] onStateChange(GET{uri=/getUserLocation?userId=9e053e91-c300-45f6-9cf3-5e2b4feb9345, connection=PooledConnection{channel=[id: 0x9e2c9a54, L:/127.0.0.1:50246 - R:localhost/127.0.0.1:8081]}}, [request_sent])
20:40:46.780 [reactor-http-nio-16] DEBUG reactor.netty.resources.PooledConnectionProvider - [id: 0x0ffc5b2c] Created new pooled channel, now 5 active connections and 3 inactive connections
20:40:46.781 [reactor-http-nio-10] DEBUG reactor.netty.resources.PooledConnectionProvider - [id: 0x8372a394] Created new pooled channel, now 5 active connections and 4 inactive connections
20:40:46.781 [reactor-http-nio-16] DEBUG reactor.netty.channel.BootstrapHandlers - [id: 0x0ffc5b2c] Initialized pipeline DefaultChannelPipeline{(BootstrapHandlers$BootstrapInitializerHandler#0 = reactor.netty.channel.BootstrapHandlers$BootstrapInitializerHandler), (SimpleChannelPool$1#0 = io.netty.channel.pool.SimpleChannelPool$1), (reactor.left.httpCodec = io.netty.handler.codec.http.HttpClientCodec), (reactor.left.decompressor = io.netty.handler.codec.http.HttpContentDecompressor), (reactor.right.reactiveBridge = reactor.netty.channel.ChannelOperationsHandler)}
20:40:46.781 [reactor-http-nio-10] DEBUG reactor.netty.channel.BootstrapHandlers - [id: 0x8372a394] Initialized pipeline DefaultChannelPipeline{(BootstrapHandlers$BootstrapInitializerHandler#0 = reactor.netty.channel.BootstrapHandlers$BootstrapInitializerHandler), (SimpleChannelPool$1#0 = io.netty.channel.pool.SimpleChannelPool$1), (reactor.left.httpCodec = io.netty.handler.codec.http.HttpClientCodec), (reactor.left.decompressor = io.netty.handler.codec.http.HttpContentDecompressor), (reactor.right.reactiveBridge = reactor.netty.channel.ChannelOperationsHandler)}
20:40:46.782 [pool-12-thread-10] DEBUG org.springframework.web.reactive.function.client.ExchangeFunctions - [57a0020a] HTTP GET http://localhost:8081/getUserLocation?userId=25560be8-fcfc-48ba-9967-710b2eaec3de
20:40:46.777 [reactor-http-nio-2] DEBUG reactor.netty.http.client.HttpClientConnect - [id: 0x25eb9b2e, L:/127.0.0.1:50247 - R:localhost/127.0.0.1:8081] Handler is being applied: {uri=http://localhost:8081/getUserLocation?userId=054df462-02e0-4f1d-b1ec-c2c3a4647a87, method=GET}
20:40:46.782 [reactor-http-nio-10] DEBUG reactor.netty.resources.PooledConnectionProvider - [id: 0x2c66aa2f, L:/127.0.0.1:50251 - R:localhost/127.0.0.1:8081] onStateChange(PooledConnection{channel=[id: 0x2c66aa2f, L:/127.0.0.1:50251 - R:localhost/127.0.0.1:8081]}, [connected])
20:40:46.782 [pool-12-thread-11] DEBUG org.springframework.web.reactive.function.client.ExchangeFunctions - [61eff44d] HTTP GET http://localhost:8081/getUserLocation?userId=69bf16a7-2486-48c2-bbcc-a83de379622d
20:40:46.782 [reactor-http-nio-10] DEBUG reactor.netty.resources.PooledConnectionProvider - [id: 0x2c66aa2f, L:/127.0.0.1:50251 - R:localhost/127.0.0.1:8081] onStateChange(GET{uri=/, connection=PooledConnection{channel=[id: 0x2c66aa2f, L:/127.0.0.1:50251 - R:localhost/127.0.0.1:8081]}}, [configured])
20:40:46.783 [reactor-http-nio-16] DEBUG reactor.netty.resources.PooledConnectionProvider - [id: 0x0ffc5b2c, L:/127.0.0.1:50250 - R:localhost/127.0.0.1:8081] onStateChange(PooledConnection{channel=[id: 0x0ffc5b2c, L:/127.0.0.1:50250 - R:localhost/127.0.0.1:8081]}, [connected])
20:40:46.783 [reactor-http-nio-16] DEBUG reactor.netty.resources.PooledConnectionProvider - [id: 0x0ffc5b2c, L:/127.0.0.1:50250 - R:localhost/127.0.0.1:8081] onStateChange(GET{uri=/, connection=PooledConnection{channel=[id: 0x0ffc5b2c, L:/127.0.0.1:50250 - R:localhost/127.0.0.1:8081]}}, [configured])
20:40:46.777 [reactor-http-nio-14] DEBUG reactor.netty.channel.BootstrapHandlers - [id: 0xe42ed116] Initialized pipeline DefaultChannelPipeline{(BootstrapHandlers$BootstrapInitializerHandler#0 = reactor.netty.channel.BootstrapHandlers$BootstrapInitializerHandler), (SimpleChannelPool$1#0 = io.netty.channel.pool.SimpleChannelPool$1), (reactor.left.httpCodec = io.netty.handler.codec.http.HttpClientCodec), (reactor.left.decompressor = io.netty.handler.codec.http.HttpContentDecompressor), (reactor.right.reactiveBridge = reactor.netty.channel.ChannelOperationsHandler)}
20:40:46.778 [pool-12-thread-8] DEBUG org.springframework.web.reactive.function.client.ExchangeFunctions - [7a90d022] HTTP GET http://localhost:8081/getUserLocation?userId=9732d60f-fbab-44d8-96fc-bf7a9b7b6145
20:40:46.785 [pool-12-thread-12] DEBUG org.springframework.web.reactive.function.client.ExchangeFunctions - [572d5f78] HTTP GET http://localhost:8081/getUserLocation?userId=13a62ff5-9ae6-4a3f-a6b0-71eb84b5291b
20:40:46.788 [pool-12-thread-13] DEBUG org.springframework.web.reactive.function.client.ExchangeFunctions - [11cd4870] HTTP GET http://localhost:8081/getUserLocation?userId=ebb8fe74-1b6f-4573-ba76-9b4d1fbc18bc
20:40:46.780 [reactor-http-nio-15] DEBUG reactor.netty.resources.PooledConnectionProvider - [id: 0x9e2c9a54, L:/127.0.0.1:50246 - R:localhost/127.0.0.1:8081] Channel connected, now 5 active connections and 3 inactive connections
20:40:46.790 [reactor-http-nio-16] DEBUG reactor.netty.resources.PooledConnectionProvider - [id: 0x55a55ac0] Created new pooled channel, now 5 active connections and 7 inactive connections
20:40:46.791 [reactor-http-nio-16] DEBUG reactor.netty.channel.BootstrapHandlers - [id: 0x55a55ac0] Initialized pipeline DefaultChannelPipeline{(BootstrapHandlers$BootstrapInitializerHandler#0 = reactor.netty.channel.BootstrapHandlers$BootstrapInitializerHandler), (SimpleChannelPool$1#0 = io.netty.channel.pool.SimpleChannelPool$1), (reactor.left.httpCodec = io.netty.handler.codec.http.HttpClientCodec), (reactor.left.decompressor = io.netty.handler.codec.http.HttpContentDecompressor), (reactor.right.reactiveBridge = reactor.netty.channel.ChannelOperationsHandler)}
20:40:46.791 [reactor-http-nio-16] DEBUG reactor.netty.resources.PooledConnectionProvider - [id: 0x0ffc5b2c, L:/127.0.0.1:50250 - R:localhost/127.0.0.1:8081] Registering pool release on close event for channel
20:40:46.783 [reactor-http-nio-10] DEBUG reactor.netty.resources.PooledConnectionProvider - [id: 0x8372a394, L:/127.0.0.1:50252 - R:localhost/127.0.0.1:8081] onStateChange(PooledConnection{channel=[id: 0x8372a394, L:/127.0.0.1:50252 - R:localhost/127.0.0.1:8081]}, [connected])
20:40:46.792 [reactor-http-nio-16] DEBUG reactor.netty.http.client.HttpClientConnect - [id: 0x0ffc5b2c, L:/127.0.0.1:50250 - R:localhost/127.0.0.1:8081] Handler is being applied: {uri=http://localhost:8081/getUserLocation?userId=96338cdc-065f-4cff-94c0-9d7ab880e920, method=GET}
20:40:46.792 [pool-12-thread-14] DEBUG org.springframework.web.reactive.function.client.ExchangeFunctions - [7305736f] HTTP GET http://localhost:8081/getUserLocation?userId=61c8724f-05d3-479d-967b-4c144bb4fb0f
20:40:46.783 [reactor-http-nio-14] DEBUG reactor.netty.resources.PooledConnectionProvider - [id: 0x9dcbcf4f] Created new pooled channel, now 5 active connections and 6 inactive connections
20:40:46.793 [reactor-http-nio-14] DEBUG reactor.netty.channel.BootstrapHandlers - [id: 0x9dcbcf4f] Initialized pipeline DefaultChannelPipeline{(BootstrapHandlers$BootstrapInitializerHandler#0 = reactor.netty.channel.BootstrapHandlers$BootstrapInitializerHandler), (SimpleChannelPool$1#0 = io.netty.channel.pool.SimpleChannelPool$1), (reactor.left.httpCodec = io.netty.handler.codec.http.HttpClientCodec), (reactor.left.decompressor = io.netty.handler.codec.http.HttpContentDecompressor), (reactor.right.reactiveBridge = reactor.netty.channel.ChannelOperationsHandler)}
20:40:46.793 [reactor-http-nio-16] DEBUG reactor.netty.resources.PooledConnectionProvider - [id: 0x0ffc5b2c, L:/127.0.0.1:50250 - R:localhost/127.0.0.1:8081] onStateChange(GET{uri=/getUserLocation?userId=96338cdc-065f-4cff-94c0-9d7ab880e920, connection=PooledConnection{channel=[id: 0x0ffc5b2c, L:/127.0.0.1:50250 - R:localhost/127.0.0.1:8081]}}, [request_sent])
20:40:46.793 [reactor-http-nio-16] DEBUG reactor.netty.resources.PooledConnectionProvider - [id: 0x0ffc5b2c, L:/127.0.0.1:50250 - R:localhost/127.0.0.1:8081] Channel connected, now 6 active connections and 6 inactive connections
20:40:46.793 [reactor-http-nio-14] DEBUG reactor.netty.resources.PooledConnectionProvider - [id: 0x111e98d4] Created new pooled channel, now 6 active connections and 7 inactive connections
20:40:46.783 [reactor-http-nio-13] DEBUG reactor.netty.resources.PooledConnectionProvider - [id: 0xd31561fb] Created new pooled channel, now 5 active connections and 6 inactive connections
20:40:46.794 [pool-12-thread-15] DEBUG org.springframework.web.reactive.function.client.ExchangeFunctions - [1ee1d572] HTTP GET http://localhost:8081/getUserLocation?userId=1d02a7f7-cd85-4fb8-af96-bd0ac41f5904
20:40:46.794 [reactor-http-nio-13] DEBUG reactor.netty.channel.BootstrapHandlers - [id: 0xd31561fb] Initialized pipeline DefaultChannelPipeline{(BootstrapHandlers$BootstrapInitializerHandler#0 = reactor.netty.channel.BootstrapHandlers$BootstrapInitializerHandler), (SimpleChannelPool$1#0 = io.netty.channel.pool.SimpleChannelPool$1), (reactor.left.httpCodec = io.netty.handler.codec.http.HttpClientCodec), (reactor.left.decompressor = io.netty.handler.codec.http.HttpContentDecompressor), (reactor.right.reactiveBridge = reactor.netty.channel.ChannelOperationsHandler)}
20:40:46.792 [reactor-http-nio-10] DEBUG reactor.netty.resources.PooledConnectionProvider - [id: 0x8372a394, L:/127.0.0.1:50252 - R:localhost/127.0.0.1:8081] onStateChange(GET{uri=/, connection=PooledConnection{channel=[id: 0x8372a394, L:/127.0.0.1:50252 - R:localhost/127.0.0.1:8081]}}, [configured])
20:40:46.794 [reactor-http-nio-10] DEBUG reactor.netty.resources.PooledConnectionProvider - [id: 0x2c66aa2f, L:/127.0.0.1:50251 - R:localhost/127.0.0.1:8081] Registering pool release on close event for channel
20:40:46.794 [reactor-http-nio-10] DEBUG reactor.netty.http.client.HttpClientConnect - [id: 0x2c66aa2f, L:/127.0.0.1:50251 - R:localhost/127.0.0.1:8081] Handler is being applied: {uri=http://localhost:8081/getUserLocation?userId=e33d40da-6433-4878-bafa-410913e18a6c, method=GET}
20:40:46.795 [reactor-http-nio-13] DEBUG reactor.netty.resources.PooledConnectionProvider - [id: 0xd31561fb, L:/127.0.0.1:50256 - R:localhost/127.0.0.1:8081] onStateChange(PooledConnection{channel=[id: 0xd31561fb, L:/127.0.0.1:50256 - R:localhost/127.0.0.1:8081]}, [connected])
20:40:46.795 [reactor-http-nio-13] DEBUG reactor.netty.resources.PooledConnectionProvider - [id: 0xd31561fb, L:/127.0.0.1:50256 - R:localhost/127.0.0.1:8081] onStateChange(GET{uri=/, connection=PooledConnection{channel=[id: 0xd31561fb, L:/127.0.0.1:50256 - R:localhost/127.0.0.1:8081]}}, [configured])
20:40:46.793 [reactor-http-nio-14] DEBUG reactor.netty.channel.BootstrapHandlers - [id: 0x111e98d4] Initialized pipeline DefaultChannelPipeline{(BootstrapHandlers$BootstrapInitializerHandler#0 = reactor.netty.channel.BootstrapHandlers$BootstrapInitializerHandler), (SimpleChannelPool$1#0 = io.netty.channel.pool.SimpleChannelPool$1), (reactor.left.httpCodec = io.netty.handler.codec.http.HttpClientCodec), (reactor.left.decompressor = io.netty.handler.codec.http.HttpContentDecompressor), (reactor.right.reactiveBridge = reactor.netty.channel.ChannelOperationsHandler)}
20:40:46.795 [pool-12-thread-16] DEBUG org.springframework.web.reactive.function.client.ExchangeFunctions - [c939bd4] HTTP GET http://localhost:8081/getUserLocation?userId=fbb7ed1f-897f-40e1-a2d5-120399568e99
20:40:46.796 [reactor-http-nio-14] DEBUG reactor.netty.resources.PooledConnectionProvider - [id: 0xe42ed116, L:/127.0.0.1:50253 - R:localhost/127.0.0.1:8081] onStateChange(PooledConnection{channel=[id: 0xe42ed116, L:/127.0.0.1:50253 - R:localhost/127.0.0.1:8081]}, [connected])
20:40:46.796 [reactor-http-nio-14] DEBUG reactor.netty.resources.PooledConnectionProvider - [id: 0xe42ed116, L:/127.0.0.1:50253 - R:localhost/127.0.0.1:8081] onStateChange(GET{uri=/, connection=PooledConnection{channel=[id: 0xe42ed116, L:/127.0.0.1:50253 - R:localhost/127.0.0.1:8081]}}, [configured])
20:40:46.796 [reactor-http-nio-10] DEBUG reactor.netty.resources.PooledConnectionProvider - [id: 0x2c66aa2f, L:/127.0.0.1:50251 - R:localhost/127.0.0.1:8081] onStateChange(GET{uri=/getUserLocation?userId=e33d40da-6433-4878-bafa-410913e18a6c, connection=PooledConnection{channel=[id: 0x2c66aa2f, L:/127.0.0.1:50251 - R:localhost/127.0.0.1:8081]}}, [request_sent])
20:40:46.793 [reactor-http-nio-16] DEBUG reactor.netty.resources.PooledConnectionProvider - [id: 0x55a55ac0, L:/127.0.0.1:50255 - R:localhost/127.0.0.1:8081] onStateChange(PooledConnection{channel=[id: 0x55a55ac0, L:/127.0.0.1:50255 - R:localhost/127.0.0.1:8081]}, [connected])
20:40:46.796 [reactor-http-nio-16] DEBUG reactor.netty.resources.PooledConnectionProvider - [id: 0x55a55ac0, L:/127.0.0.1:50255 - R:localhost/127.0.0.1:8081] onStateChange(GET{uri=/, connection=PooledConnection{channel=[id: 0x55a55ac0, L:/127.0.0.1:50255 - R:localhost/127.0.0.1:8081]}}, [configured])
20:40:46.796 [reactor-http-nio-16] DEBUG reactor.netty.resources.PooledConnectionProvider - [id: 0x55a55ac0, L:/127.0.0.1:50255 - R:localhost/127.0.0.1:8081] Registering pool release on close event for channel
20:40:46.797 [reactor-http-nio-16] DEBUG reactor.netty.http.client.HttpClientConnect - [id: 0x55a55ac0, L:/127.0.0.1:50255 - R:localhost/127.0.0.1:8081] Handler is being applied: {uri=http://localhost:8081/getUserLocation?userId=9732d60f-fbab-44d8-96fc-bf7a9b7b6145, method=GET}
20:40:46.797 [reactor-http-nio-13] DEBUG reactor.netty.resources.PooledConnectionProvider - [id: 0xd31561fb, L:/127.0.0.1:50256 - R:localhost/127.0.0.1:8081] Registering pool release on close event for channel
20:40:46.797 [reactor-http-nio-13] DEBUG reactor.netty.http.client.HttpClientConnect - [id: 0xd31561fb, L:/127.0.0.1:50256 - R:localhost/127.0.0.1:8081] Handler is being applied: {uri=http://localhost:8081/getUserLocation?userId=25560be8-fcfc-48ba-9967-710b2eaec3de, method=GET}
20:40:46.796 [reactor-http-nio-14] DEBUG reactor.netty.resources.PooledConnectionProvider - [id: 0x9dcbcf4f, L:/127.0.0.1:50254 - R:localhost/127.0.0.1:8081] onStateChange(PooledConnection{channel=[id: 0x9dcbcf4f, L:/127.0.0.1:50254 - R:localhost/127.0.0.1:8081]}, [connected])
20:40:46.798 [reactor-http-nio-14] DEBUG reactor.netty.resources.PooledConnectionProvider - [id: 0x9dcbcf4f, L:/127.0.0.1:50254 - R:localhost/127.0.0.1:8081] onStateChange(GET{uri=/, connection=PooledConnection{channel=[id: 0x9dcbcf4f, L:/127.0.0.1:50254 - R:localhost/127.0.0.1:8081]}}, [configured])
20:40:46.798 [pool-12-thread-17] DEBUG org.springframework.web.reactive.function.client.ExchangeFunctions - [1f351ed0] HTTP GET http://localhost:8081/getUserLocation?userId=c131aa27-ef45-4cf8-81ac-396f5ff0c195
20:40:46.798 [reactor-http-nio-14] DEBUG reactor.netty.resources.PooledConnectionProvider - [id: 0xe42ed116, L:/127.0.0.1:50253 - R:localhost/127.0.0.1:8081] Registering pool release on close event for channel
20:40:46.796 [reactor-http-nio-10] DEBUG reactor.netty.resources.PooledConnectionProvider - [id: 0x2c66aa2f, L:/127.0.0.1:50251 - R:localhost/127.0.0.1:8081] Channel connected, now 7 active connections and 6 inactive connections
20:40:46.798 [reactor-http-nio-14] DEBUG reactor.netty.http.client.HttpClientConnect - [id: 0xe42ed116, L:/127.0.0.1:50253 - R:localhost/127.0.0.1:8081] Handler is being applied: {uri=http://localhost:8081/getUserLocation?userId=fdb1a21e-600f-459f-a7f1-6589cf6a7cb6, method=GET}
20:40:46.798 [reactor-http-nio-10] DEBUG reactor.netty.resources.PooledConnectionProvider - [id: 0x89be4937] Created new pooled channel, now 10 active connections and 4 inactive connections
20:40:46.798 [reactor-http-nio-16] DEBUG reactor.netty.resources.PooledConnectionProvider - [id: 0x55a55ac0, L:/127.0.0.1:50255 - R:localhost/127.0.0.1:8081] onStateChange(GET{uri=/getUserLocation?userId=9732d60f-fbab-44d8-96fc-bf7a9b7b6145, connection=PooledConnection{channel=[id: 0x55a55ac0, L:/127.0.0.1:50255 - R:localhost/127.0.0.1:8081]}}, [request_sent])
20:40:46.798 [reactor-http-nio-10] DEBUG reactor.netty.channel.BootstrapHandlers - [id: 0x89be4937] Initialized pipeline DefaultChannelPipeline{(BootstrapHandlers$BootstrapInitializerHandler#0 = reactor.netty.channel.BootstrapHandlers$BootstrapInitializerHandler), (SimpleChannelPool$1#0 = io.netty.channel.pool.SimpleChannelPool$1), (reactor.left.httpCodec = io.netty.handler.codec.http.HttpClientCodec), (reactor.left.decompressor = io.netty.handler.codec.http.HttpContentDecompressor), (reactor.right.reactiveBridge = reactor.netty.channel.ChannelOperationsHandler)}
20:40:46.798 [reactor-http-nio-16] DEBUG reactor.netty.resources.PooledConnectionProvider - [id: 0x55a55ac0, L:/127.0.0.1:50255 - R:localhost/127.0.0.1:8081] Channel connected, now 10 active connections and 4 inactive connections
20:40:46.799 [reactor-http-nio-10] DEBUG reactor.netty.resources.PooledConnectionProvider - [id: 0x5829f75f] Created new pooled channel, now 10 active connections and 5 inactive connections
20:40:46.799 [reactor-http-nio-16] DEBUG reactor.netty.resources.PooledConnectionProvider - [id: 0xb476bc26] Created new pooled channel, now 10 active connections and 6 inactive connections
20:40:46.799 [pool-12-thread-18] DEBUG org.springframework.web.reactive.function.client.ExchangeFunctions - [215d5e04] HTTP GET http://localhost:8081/getUserLocation?userId=f52ee41e-7a17-4d84-8618-ba5f9af949e3
20:40:46.799 [reactor-http-nio-10] DEBUG reactor.netty.channel.BootstrapHandlers - [id: 0x5829f75f] Initialized pipeline DefaultChannelPipeline{(BootstrapHandlers$BootstrapInitializerHandler#0 = reactor.netty.channel.BootstrapHandlers$BootstrapInitializerHandler), (SimpleChannelPool$1#0 = io.netty.channel.pool.SimpleChannelPool$1), (reactor.left.httpCodec = io.netty.handler.codec.http.HttpClientCodec), (reactor.left.decompressor = io.netty.handler.codec.http.HttpContentDecompressor), (reactor.right.reactiveBridge = reactor.netty.channel.ChannelOperationsHandler)}
20:40:46.799 [pool-12-thread-19] DEBUG org.springframework.web.reactive.function.client.ExchangeFunctions - [4e3d5641] HTTP GET http://localhost:8081/getUserLocation?userId=352b50b7-8115-4ce0-85c9-5027c8390430
20:40:46.799 [reactor-http-nio-13] DEBUG reactor.netty.resources.PooledConnectionProvider - [id: 0xd31561fb, L:/127.0.0.1:50256 - R:localhost/127.0.0.1:8081] onStateChange(GET{uri=/getUserLocation?userId=25560be8-fcfc-48ba-9967-710b2eaec3de, connection=PooledConnection{channel=[id: 0xd31561fb, L:/127.0.0.1:50256 - R:localhost/127.0.0.1:8081]}}, [request_sent])
20:40:46.800 [reactor-http-nio-13] DEBUG reactor.netty.resources.PooledConnectionProvider - [id: 0xd31561fb, L:/127.0.0.1:50256 - R:localhost/127.0.0.1:8081] Channel connected, now 10 active connections and 6 inactive connections
20:40:46.799 [reactor-http-nio-16] DEBUG reactor.netty.channel.BootstrapHandlers - [id: 0xb476bc26] Initialized pipeline DefaultChannelPipeline{(BootstrapHandlers$BootstrapInitializerHandler#0 = reactor.netty.channel.BootstrapHandlers$BootstrapInitializerHandler), (SimpleChannelPool$1#0 = io.netty.channel.pool.SimpleChannelPool$1), (reactor.left.httpCodec = io.netty.handler.codec.http.HttpClientCodec), (reactor.left.decompressor = io.netty.handler.codec.http.HttpContentDecompressor), (reactor.right.reactiveBridge = reactor.netty.channel.ChannelOperationsHandler)}
20:40:46.800 [reactor-http-nio-10] DEBUG reactor.netty.resources.PooledConnectionProvider - [id: 0x89be4937, L:/127.0.0.1:50258 - R:localhost/127.0.0.1:8081] onStateChange(PooledConnection{channel=[id: 0x89be4937, L:/127.0.0.1:50258 - R:localhost/127.0.0.1:8081]}, [connected])
20:40:46.800 [reactor-http-nio-16] DEBUG reactor.netty.resources.PooledConnectionProvider - [id: 0x9f9296cb] Created new pooled channel, now 10 active connections and 8 inactive connections
20:40:46.800 [reactor-http-nio-14] DEBUG reactor.netty.resources.PooledConnectionProvider - [id: 0xe42ed116, L:/127.0.0.1:50253 - R:localhost/127.0.0.1:8081] onStateChange(GET{uri=/getUserLocation?userId=fdb1a21e-600f-459f-a7f1-6589cf6a7cb6, connection=PooledConnection{channel=[id: 0xe42ed116, L:/127.0.0.1:50253 - R:localhost/127.0.0.1:8081]}}, [request_sent])
20:40:46.800 [reactor-http-nio-10] DEBUG reactor.netty.resources.PooledConnectionProvider - [id: 0x89be4937, L:/127.0.0.1:50258 - R:localhost/127.0.0.1:8081] onStateChange(GET{uri=/, connection=PooledConnection{channel=[id: 0x89be4937, L:/127.0.0.1:50258 - R:localhost/127.0.0.1:8081]}}, [configured])
20:40:46.800 [reactor-http-nio-14] DEBUG reactor.netty.resources.PooledConnectionProvider - [id: 0xe42ed116, L:/127.0.0.1:50253 - R:localhost/127.0.0.1:8081] Channel connected, now 10 active connections and 8 inactive connections
20:40:46.800 [reactor-http-nio-16] DEBUG reactor.netty.channel.BootstrapHandlers - [id: 0x9f9296cb] Initialized pipeline DefaultChannelPipeline{(BootstrapHandlers$BootstrapInitializerHandler#0 = reactor.netty.channel.BootstrapHandlers$BootstrapInitializerHandler), (SimpleChannelPool$1#0 = io.netty.channel.pool.SimpleChannelPool$1), (reactor.left.httpCodec = io.netty.handler.codec.http.HttpClientCodec), (reactor.left.decompressor = io.netty.handler.codec.http.HttpContentDecompressor), (reactor.right.reactiveBridge = reactor.netty.channel.ChannelOperationsHandler)}
20:40:46.801 [reactor-http-nio-10] DEBUG reactor.netty.resources.PooledConnectionProvider - [id: 0x5829f75f, L:/127.0.0.1:50259 - R:localhost/127.0.0.1:8081] onStateChange(PooledConnection{channel=[id: 0x5829f75f, L:/127.0.0.1:50259 - R:localhost/127.0.0.1:8081]}, [connected])
20:40:46.801 [reactor-http-nio-14] DEBUG reactor.netty.resources.PooledConnectionProvider - [id: 0x111e98d4, L:/127.0.0.1:50257 - R:localhost/127.0.0.1:8081] onStateChange(PooledConnection{channel=[id: 0x111e98d4, L:/127.0.0.1:50257 - R:localhost/127.0.0.1:8081]}, [connected])
20:40:46.801 [reactor-http-nio-10] DEBUG reactor.netty.resources.PooledConnectionProvider - [id: 0x5829f75f, L:/127.0.0.1:50259 - R:localhost/127.0.0.1:8081] onStateChange(GET{uri=/, connection=PooledConnection{channel=[id: 0x5829f75f, L:/127.0.0.1:50259 - R:localhost/127.0.0.1:8081]}}, [configured])
20:40:46.800 [reactor-http-nio-15] DEBUG reactor.netty.resources.PooledConnectionProvider - [id: 0x70de3664] Created new pooled channel, now 10 active connections and 8 inactive connections
20:40:46.801 [reactor-http-nio-16] DEBUG reactor.netty.resources.PooledConnectionProvider - [id: 0xb476bc26, L:/127.0.0.1:50260 - R:localhost/127.0.0.1:8081] onStateChange(PooledConnection{channel=[id: 0xb476bc26, L:/127.0.0.1:50260 - R:localhost/127.0.0.1:8081]}, [connected])
20:40:46.801 [reactor-http-nio-15] DEBUG reactor.netty.channel.BootstrapHandlers - [id: 0x70de3664] Initialized pipeline DefaultChannelPipeline{(BootstrapHandlers$BootstrapInitializerHandler#0 = reactor.netty.channel.BootstrapHandlers$BootstrapInitializerHandler), (SimpleChannelPool$1#0 = io.netty.channel.pool.SimpleChannelPool$1), (reactor.left.httpCodec = io.netty.handler.codec.http.HttpClientCodec), (reactor.left.decompressor = io.netty.handler.codec.http.HttpContentDecompressor), (reactor.right.reactiveBridge = reactor.netty.channel.ChannelOperationsHandler)}
20:40:46.801 [reactor-http-nio-16] DEBUG reactor.netty.resources.PooledConnectionProvider - [id: 0xb476bc26, L:/127.0.0.1:50260 - R:localhost/127.0.0.1:8081] onStateChange(GET{uri=/, connection=PooledConnection{channel=[id: 0xb476bc26, L:/127.0.0.1:50260 - R:localhost/127.0.0.1:8081]}}, [configured])
20:40:46.802 [reactor-http-nio-16] DEBUG reactor.netty.resources.PooledConnectionProvider - [id: 0x9f9296cb, L:/127.0.0.1:50261 - R:localhost/127.0.0.1:8081] onStateChange(PooledConnection{channel=[id: 0x9f9296cb, L:/127.0.0.1:50261 - R:localhost/127.0.0.1:8081]}, [connected])
20:40:46.801 [reactor-http-nio-14] DEBUG reactor.netty.resources.PooledConnectionProvider - [id: 0x111e98d4, L:/127.0.0.1:50257 - R:localhost/127.0.0.1:8081] onStateChange(GET{uri=/, connection=PooledConnection{channel=[id: 0x111e98d4, L:/127.0.0.1:50257 - R:localhost/127.0.0.1:8081]}}, [configured])
20:40:46.802 [reactor-http-nio-14] DEBUG reactor.netty.resources.PooledConnectionProvider - [id: 0x111e98d4, L:/127.0.0.1:50257 - R:localhost/127.0.0.1:8081] Registering pool release on close event for channel
20:40:46.802 [reactor-http-nio-16] DEBUG reactor.netty.resources.PooledConnectionProvider - [id: 0x9f9296cb, L:/127.0.0.1:50261 - R:localhost/127.0.0.1:8081] onStateChange(GET{uri=/, connection=PooledConnection{channel=[id: 0x9f9296cb, L:/127.0.0.1:50261 - R:localhost/127.0.0.1:8081]}}, [configured])
20:40:46.802 [reactor-http-nio-16] DEBUG reactor.netty.resources.PooledConnectionProvider - [id: 0xb476bc26, L:/127.0.0.1:50260 - R:localhost/127.0.0.1:8081] Registering pool release on close event for channel
20:40:46.802 [reactor-http-nio-15] DEBUG reactor.netty.resources.PooledConnectionProvider - [id: 0x70de3664, L:/127.0.0.1:50262 - R:localhost/127.0.0.1:8081] onStateChange(PooledConnection{channel=[id: 0x70de3664, L:/127.0.0.1:50262 - R:localhost/127.0.0.1:8081]}, [connected])
20:40:46.802 [reactor-http-nio-16] DEBUG reactor.netty.http.client.HttpClientConnect - [id: 0xb476bc26, L:/127.0.0.1:50260 - R:localhost/127.0.0.1:8081] Handler is being applied: {uri=http://localhost:8081/getUserLocation?userId=1d02a7f7-cd85-4fb8-af96-bd0ac41f5904, method=GET}
20:40:46.802 [reactor-http-nio-15] DEBUG reactor.netty.resources.PooledConnectionProvider - [id: 0x70de3664, L:/127.0.0.1:50262 - R:localhost/127.0.0.1:8081] onStateChange(GET{uri=/, connection=PooledConnection{channel=[id: 0x70de3664, L:/127.0.0.1:50262 - R:localhost/127.0.0.1:8081]}}, [configured])
20:40:46.802 [pool-12-thread-20] DEBUG org.springframework.web.reactive.function.client.ExchangeFunctions - [5a298b72] HTTP GET http://localhost:8081/getUserLocation?userId=c8d16f54-75a8-408c-b4e6-e2f10073abb0
20:40:46.803 [reactor-http-nio-15] DEBUG reactor.netty.resources.PooledConnectionProvider - [id: 0x70de3664, L:/127.0.0.1:50262 - R:localhost/127.0.0.1:8081] Registering pool release on close event for channel
20:40:46.802 [reactor-http-nio-14] DEBUG reactor.netty.http.client.HttpClientConnect - [id: 0x111e98d4, L:/127.0.0.1:50257 - R:localhost/127.0.0.1:8081] Handler is being applied: {uri=http://localhost:8081/getUserLocation?userId=61c8724f-05d3-479d-967b-4c144bb4fb0f, method=GET}
20:40:46.803 [pool-12-thread-21] DEBUG org.springframework.web.reactive.function.client.ExchangeFunctions - [4eb08062] HTTP GET http://localhost:8081/getUserLocation?userId=0b1b005f-faca-4e12-8880-d520de88b48a
20:40:46.803 [reactor-http-nio-16] DEBUG reactor.netty.resources.PooledConnectionProvider - [id: 0xb476bc26, L:/127.0.0.1:50260 - R:localhost/127.0.0.1:8081] onStateChange(GET{uri=/getUserLocation?userId=1d02a7f7-cd85-4fb8-af96-bd0ac41f5904, connection=PooledConnection{channel=[id: 0xb476bc26, L:/127.0.0.1:50260 - R:localhost/127.0.0.1:8081]}}, [request_sent])
20:40:46.803 [reactor-http-nio-16] DEBUG reactor.netty.resources.PooledConnectionProvider - [id: 0xb476bc26, L:/127.0.0.1:50260 - R:localhost/127.0.0.1:8081] Channel connected, now 13 active connections and 5 inactive connections
20:40:46.803 [reactor-http-nio-12] DEBUG reactor.netty.resources.PooledConnectionProvider - [id: 0x9cfe3e33, L:/127.0.0.1:50249 - R:localhost/127.0.0.1:8081] onStateChange(GET{uri=/getUserLocation?userId=b2065956-6fa2-4bce-9858-39026287ae87, connection=PooledConnection{channel=[id: 0x9cfe3e33, L:/127.0.0.1:50249 - R:localhost/127.0.0.1:8081]}}, [request_sent])
20:40:46.804 [reactor-http-nio-12] DEBUG reactor.netty.resources.PooledConnectionProvider - [id: 0x9cfe3e33, L:/127.0.0.1:50249 - R:localhost/127.0.0.1:8081] Channel connected, now 13 active connections and 5 inactive connections
20:40:46.804 [reactor-http-nio-14] DEBUG reactor.netty.resources.PooledConnectionProvider - [id: 0x111e98d4, L:/127.0.0.1:50257 - R:localhost/127.0.0.1:8081] onStateChange(GET{uri=/getUserLocation?userId=61c8724f-05d3-479d-967b-4c144bb4fb0f, connection=PooledConnection{channel=[id: 0x111e98d4, L:/127.0.0.1:50257 - R:localhost/127.0.0.1:8081]}}, [request_sent])
20:40:46.804 [reactor-http-nio-14] DEBUG reactor.netty.resources.PooledConnectionProvider - [id: 0x111e98d4, L:/127.0.0.1:50257 - R:localhost/127.0.0.1:8081] Channel connected, now 13 active connections and 5 inactive connections
20:40:46.804 [reactor-http-nio-12] DEBUG reactor.netty.resources.PooledConnectionProvider - [id: 0x9b24452d] Created new pooled channel, now 13 active connections and 6 inactive connections
20:40:46.804 [pool-12-thread-22] DEBUG org.springframework.web.reactive.function.client.ExchangeFunctions - [28c84eb0] HTTP GET http://localhost:8081/getUserLocation?userId=8792bad0-59c4-4af9-9bb1-e853ba841d9f
20:40:46.804 [reactor-http-nio-11] DEBUG reactor.netty.resources.PooledConnectionProvider - [id: 0x5ee0aef5] Created new pooled channel, now 13 active connections and 7 inactive connections
20:40:46.804 [reactor-http-nio-12] DEBUG reactor.netty.channel.BootstrapHandlers - [id: 0x9b24452d] Initialized pipeline DefaultChannelPipeline{(BootstrapHandlers$BootstrapInitializerHandler#0 = reactor.netty.channel.BootstrapHandlers$BootstrapInitializerHandler), (SimpleChannelPool$1#0 = io.netty.channel.pool.SimpleChannelPool$1), (reactor.left.httpCodec = io.netty.handler.codec.http.HttpClientCodec), (reactor.left.decompressor = io.netty.handler.codec.http.HttpContentDecompressor), (reactor.right.reactiveBridge = reactor.netty.channel.ChannelOperationsHandler)}
20:40:46.803 [reactor-http-nio-15] DEBUG reactor.netty.http.client.HttpClientConnect - [id: 0x70de3664, L:/127.0.0.1:50262 - R:localhost/127.0.0.1:8081] Handler is being applied: {uri=http://localhost:8081/getUserLocation?userId=f52ee41e-7a17-4d84-8618-ba5f9af949e3, method=GET}
20:40:46.804 [reactor-http-nio-12] DEBUG reactor.netty.resources.PooledConnectionProvider - [id: 0x3e41c192] Created new pooled channel, now 14 active connections and 7 inactive connections
20:40:46.804 [reactor-http-nio-11] DEBUG reactor.netty.channel.BootstrapHandlers - [id: 0x5ee0aef5] Initialized pipeline DefaultChannelPipeline{(BootstrapHandlers$BootstrapInitializerHandler#0 = reactor.netty.channel.BootstrapHandlers$BootstrapInitializerHandler), (SimpleChannelPool$1#0 = io.netty.channel.pool.SimpleChannelPool$1), (reactor.left.httpCodec = io.netty.handler.codec.http.HttpClientCodec), (reactor.left.decompressor = io.netty.handler.codec.http.HttpContentDecompressor), (reactor.right.reactiveBridge = reactor.netty.channel.ChannelOperationsHandler)}
20:40:46.805 [reactor-http-nio-12] DEBUG reactor.netty.channel.BootstrapHandlers - [id: 0x3e41c192] Initialized pipeline DefaultChannelPipeline{(BootstrapHandlers$BootstrapInitializerHandler#0 = reactor.netty.channel.BootstrapHandlers$BootstrapInitializerHandler), (SimpleChannelPool$1#0 = io.netty.channel.pool.SimpleChannelPool$1), (reactor.left.httpCodec = io.netty.handler.codec.http.HttpClientCodec), (reactor.left.decompressor = io.netty.handler.codec.http.HttpContentDecompressor), (reactor.right.reactiveBridge = reactor.netty.channel.ChannelOperationsHandler)}
20:40:46.805 [reactor-http-nio-12] DEBUG reactor.netty.resources.PooledConnectionProvider - [id: 0xdb7d5510] Created new pooled channel, now 15 active connections and 7 inactive connections
20:40:46.805 [reactor-http-nio-11] DEBUG reactor.netty.resources.PooledConnectionProvider - [id: 0x5ee0aef5, L:/127.0.0.1:50263 - R:localhost/127.0.0.1:8081] onStateChange(PooledConnection{channel=[id: 0x5ee0aef5, L:/127.0.0.1:50263 - R:localhost/127.0.0.1:8081]}, [connected])
20:40:46.805 [reactor-http-nio-11] DEBUG reactor.netty.resources.PooledConnectionProvider - [id: 0x5ee0aef5, L:/127.0.0.1:50263 - R:localhost/127.0.0.1:8081] onStateChange(GET{uri=/, connection=PooledConnection{channel=[id: 0x5ee0aef5, L:/127.0.0.1:50263 - R:localhost/127.0.0.1:8081]}}, [configured])
20:40:46.804 [reactor-http-nio-16] DEBUG reactor.netty.resources.PooledConnectionProvider - [id: 0x9f9296cb, L:/127.0.0.1:50261 - R:localhost/127.0.0.1:8081] Registering pool release on close event for channel
20:40:46.806 [reactor-http-nio-2] DEBUG reactor.netty.resources.PooledConnectionProvider - [id: 0x25eb9b2e, L:/127.0.0.1:50247 - R:localhost/127.0.0.1:8081] onStateChange(GET{uri=/getUserLocation?userId=054df462-02e0-4f1d-b1ec-c2c3a4647a87, connection=PooledConnection{channel=[id: 0x25eb9b2e, L:/127.0.0.1:50247 - R:localhost/127.0.0.1:8081]}}, [request_sent])
20:40:46.806 [reactor-http-nio-16] DEBUG reactor.netty.http.client.HttpClientConnect - [id: 0x9f9296cb, L:/127.0.0.1:50261 - R:localhost/127.0.0.1:8081] Handler is being applied: {uri=http://localhost:8081/getUserLocation?userId=352b50b7-8115-4ce0-85c9-5027c8390430, method=GET}
20:40:46.806 [reactor-http-nio-2] DEBUG reactor.netty.resources.PooledConnectionProvider - [id: 0x25eb9b2e, L:/127.0.0.1:50247 - R:localhost/127.0.0.1:8081] Channel connected, now 15 active connections and 7 inactive connections
20:40:46.805 [reactor-http-nio-15] DEBUG reactor.netty.resources.PooledConnectionProvider - [id: 0x70de3664, L:/127.0.0.1:50262 - R:localhost/127.0.0.1:8081] onStateChange(GET{uri=/getUserLocation?userId=f52ee41e-7a17-4d84-8618-ba5f9af949e3, connection=PooledConnection{channel=[id: 0x70de3664, L:/127.0.0.1:50262 - R:localhost/127.0.0.1:8081]}}, [request_sent])
20:40:46.806 [reactor-http-nio-15] DEBUG reactor.netty.resources.PooledConnectionProvider - [id: 0x70de3664, L:/127.0.0.1:50262 - R:localhost/127.0.0.1:8081] Channel connected, now 15 active connections and 7 inactive connections
20:40:46.805 [pool-12-thread-23] DEBUG org.springframework.web.reactive.function.client.ExchangeFunctions - [29cef31e] HTTP GET http://localhost:8081/getUserLocation?userId=a5e28e7b-ce49-4b09-a0c6-c3d21eaa6c6e
20:40:46.806 [reactor-http-nio-11] DEBUG reactor.netty.resources.PooledConnectionProvider - [id: 0x5ee0aef5, L:/127.0.0.1:50263 - R:localhost/127.0.0.1:8081] Registering pool release on close event for channel
20:40:46.806 [reactor-http-nio-11] DEBUG reactor.netty.http.client.HttpClientConnect - [id: 0x5ee0aef5, L:/127.0.0.1:50263 - R:localhost/127.0.0.1:8081] Handler is being applied: {uri=http://localhost:8081/getUserLocation?userId=c8d16f54-75a8-408c-b4e6-e2f10073abb0, method=GET}
20:40:46.806 [pool-12-thread-24] DEBUG org.springframework.web.reactive.function.client.ExchangeFunctions - [2b19096b] HTTP GET http://localhost:8081/getUserLocation?userId=2f6c5db8-7505-4580-ad14-0a7b4366cdb8
20:40:46.807 [reactor-http-nio-16] DEBUG reactor.netty.resources.PooledConnectionProvider - [id: 0x9f9296cb, L:/127.0.0.1:50261 - R:localhost/127.0.0.1:8081] onStateChange(GET{uri=/getUserLocation?userId=352b50b7-8115-4ce0-85c9-5027c8390430, connection=PooledConnection{channel=[id: 0x9f9296cb, L:/127.0.0.1:50261 - R:localhost/127.0.0.1:8081]}}, [request_sent])
20:40:46.807 [pool-12-thread-25] DEBUG org.springframework.web.reactive.function.client.ExchangeFunctions - [a315fbd] HTTP GET http://localhost:8081/getUserLocation?userId=9119c8e9-7a87-4b9a-9719-5d3ea645ef3a
20:40:46.807 [reactor-http-nio-16] DEBUG reactor.netty.resources.PooledConnectionProvider - [id: 0x9f9296cb, L:/127.0.0.1:50261 - R:localhost/127.0.0.1:8081] Channel connected, now 17 active connections and 5 inactive connections
20:40:46.805 [reactor-http-nio-14] DEBUG reactor.netty.resources.PooledConnectionProvider - [id: 0x9dcbcf4f, L:/127.0.0.1:50254 - R:localhost/127.0.0.1:8081] Registering pool release on close event for channel
20:40:46.807 [reactor-http-nio-11] DEBUG reactor.netty.resources.PooledConnectionProvider - [id: 0x5ee0aef5, L:/127.0.0.1:50263 - R:localhost/127.0.0.1:8081] onStateChange(GET{uri=/getUserLocation?userId=c8d16f54-75a8-408c-b4e6-e2f10073abb0, connection=PooledConnection{channel=[id: 0x5ee0aef5, L:/127.0.0.1:50263 - R:localhost/127.0.0.1:8081]}}, [request_sent])
20:40:46.807 [reactor-http-nio-11] DEBUG reactor.netty.resources.PooledConnectionProvider - [id: 0x5ee0aef5, L:/127.0.0.1:50263 - R:localhost/127.0.0.1:8081] Channel connected, now 17 active connections and 5 inactive connections
20:40:46.807 [reactor-http-nio-2] DEBUG reactor.netty.resources.PooledConnectionProvider - [id: 0x3355f769] Created new pooled channel, now 17 active connections and 6 inactive connections
20:40:46.808 [reactor-http-nio-11] DEBUG reactor.netty.resources.PooledConnectionProvider - [id: 0xf4ffa1a5] Created new pooled channel, now 17 active connections and 7 inactive connections
20:40:46.808 [reactor-http-nio-2] DEBUG reactor.netty.channel.BootstrapHandlers - [id: 0x3355f769] Initialized pipeline DefaultChannelPipeline{(BootstrapHandlers$BootstrapInitializerHandler#0 = reactor.netty.channel.BootstrapHandlers$BootstrapInitializerHandler), (SimpleChannelPool$1#0 = io.netty.channel.pool.SimpleChannelPool$1), (reactor.left.httpCodec = io.netty.handler.codec.http.HttpClientCodec), (reactor.left.decompressor = io.netty.handler.codec.http.HttpContentDecompressor), (reactor.right.reactiveBridge = reactor.netty.channel.ChannelOperationsHandler)}
20:40:46.805 [reactor-http-nio-12] DEBUG reactor.netty.channel.BootstrapHandlers - [id: 0xdb7d5510] Initialized pipeline DefaultChannelPipeline{(BootstrapHandlers$BootstrapInitializerHandler#0 = reactor.netty.channel.BootstrapHandlers$BootstrapInitializerHandler), (SimpleChannelPool$1#0 = io.netty.channel.pool.SimpleChannelPool$1), (reactor.left.httpCodec = io.netty.handler.codec.http.HttpClientCodec), (reactor.left.decompressor = io.netty.handler.codec.http.HttpContentDecompressor), (reactor.right.reactiveBridge = reactor.netty.channel.ChannelOperationsHandler)}
20:40:46.808 [reactor-http-nio-11] DEBUG reactor.netty.channel.BootstrapHandlers - [id: 0xf4ffa1a5] Initialized pipeline DefaultChannelPipeline{(BootstrapHandlers$BootstrapInitializerHandler#0 = reactor.netty.channel.BootstrapHandlers$BootstrapInitializerHandler), (SimpleChannelPool$1#0 = io.netty.channel.pool.SimpleChannelPool$1), (reactor.left.httpCodec = io.netty.handler.codec.http.HttpClientCodec), (reactor.left.decompressor = io.netty.handler.codec.http.HttpContentDecompressor), (reactor.right.reactiveBridge = reactor.netty.channel.ChannelOperationsHandler)}
20:40:46.806 [reactor-http-nio-10] DEBUG reactor.netty.resources.PooledConnectionProvider - [id: 0x8372a394, L:/127.0.0.1:50252 - R:localhost/127.0.0.1:8081] Registering pool release on close event for channel
20:40:46.808 [reactor-http-nio-12] DEBUG reactor.netty.resources.PooledConnectionProvider - [id: 0xbbaa0872] Created new pooled channel, now 17 active connections and 8 inactive connections
20:40:46.808 [reactor-http-nio-10] DEBUG reactor.netty.http.client.HttpClientConnect - [id: 0x8372a394, L:/127.0.0.1:50252 - R:localhost/127.0.0.1:8081] Handler is being applied: {uri=http://localhost:8081/getUserLocation?userId=281f11a1-0ca1-49bb-b4d1-c6949a180f20, method=GET}
20:40:46.807 [reactor-http-nio-14] DEBUG reactor.netty.http.client.HttpClientConnect - [id: 0x9dcbcf4f, L:/127.0.0.1:50254 - R:localhost/127.0.0.1:8081] Handler is being applied: {uri=http://localhost:8081/getUserLocation?userId=69bf16a7-2486-48c2-bbcc-a83de379622d, method=GET}
20:40:46.809 [reactor-http-nio-11] DEBUG reactor.netty.resources.PooledConnectionProvider - [id: 0xf4ffa1a5, L:/127.0.0.1:50267 - R:localhost/127.0.0.1:8081] onStateChange(PooledConnection{channel=[id: 0xf4ffa1a5, L:/127.0.0.1:50267 - R:localhost/127.0.0.1:8081]}, [connected])
20:40:46.809 [reactor-http-nio-11] DEBUG reactor.netty.resources.PooledConnectionProvider - [id: 0xf4ffa1a5, L:/127.0.0.1:50267 - R:localhost/127.0.0.1:8081] onStateChange(GET{uri=/, connection=PooledConnection{channel=[id: 0xf4ffa1a5, L:/127.0.0.1:50267 - R:localhost/127.0.0.1:8081]}}, [configured])
20:40:46.809 [reactor-http-nio-2] DEBUG reactor.netty.resources.PooledConnectionProvider - [id: 0x3355f769, L:/127.0.0.1:50264 - R:localhost/127.0.0.1:8081] onStateChange(PooledConnection{channel=[id: 0x3355f769, L:/127.0.0.1:50264 - R:localhost/127.0.0.1:8081]}, [connected])
20:40:46.809 [reactor-http-nio-2] DEBUG reactor.netty.resources.PooledConnectionProvider - [id: 0x3355f769, L:/127.0.0.1:50264 - R:localhost/127.0.0.1:8081] onStateChange(GET{uri=/, connection=PooledConnection{channel=[id: 0x3355f769, L:/127.0.0.1:50264 - R:localhost/127.0.0.1:8081]}}, [configured])
20:40:46.808 [pool-12-thread-26] DEBUG org.springframework.web.reactive.function.client.ExchangeFunctions - [411d2fc3] HTTP GET http://localhost:8081/getUserLocation?userId=490cdbdb-1142-4b62-a314-3f39fdf91eb6
20:40:46.809 [reactor-http-nio-14] DEBUG reactor.netty.resources.PooledConnectionProvider - [id: 0x9dcbcf4f, L:/127.0.0.1:50254 - R:localhost/127.0.0.1:8081] onStateChange(GET{uri=/getUserLocation?userId=69bf16a7-2486-48c2-bbcc-a83de379622d, connection=PooledConnection{channel=[id: 0x9dcbcf4f, L:/127.0.0.1:50254 - R:localhost/127.0.0.1:8081]}}, [request_sent])
20:40:46.809 [reactor-http-nio-11] DEBUG reactor.netty.resources.PooledConnectionProvider - [id: 0xf4ffa1a5, L:/127.0.0.1:50267 - R:localhost/127.0.0.1:8081] Registering pool release on close event for channel
20:40:46.809 [reactor-http-nio-11] DEBUG reactor.netty.http.client.HttpClientConnect - [id: 0xf4ffa1a5, L:/127.0.0.1:50267 - R:localhost/127.0.0.1:8081] Handler is being applied: {uri=http://localhost:8081/getUserLocation?userId=2f6c5db8-7505-4580-ad14-0a7b4366cdb8, method=GET}
20:40:46.809 [pool-12-thread-28] DEBUG org.springframework.web.reactive.function.client.ExchangeFunctions - [17e9de60] HTTP GET http://localhost:8081/getUserLocation?userId=2000127c-9d9a-44d4-9c79-e9453dff6cf7
20:40:46.810 [reactor-http-nio-2] DEBUG reactor.netty.resources.PooledConnectionProvider - [id: 0x3355f769, L:/127.0.0.1:50264 - R:localhost/127.0.0.1:8081] Registering pool release on close event for channel
20:40:46.810 [reactor-http-nio-2] DEBUG reactor.netty.http.client.HttpClientConnect - [id: 0x3355f769, L:/127.0.0.1:50264 - R:localhost/127.0.0.1:8081] Handler is being applied: {uri=http://localhost:8081/getUserLocation?userId=a5e28e7b-ce49-4b09-a0c6-c3d21eaa6c6e, method=GET}
20:40:46.808 [reactor-http-nio-12] DEBUG reactor.netty.channel.BootstrapHandlers - [id: 0xbbaa0872] Initialized pipeline DefaultChannelPipeline{(BootstrapHandlers$BootstrapInitializerHandler#0 = reactor.netty.channel.BootstrapHandlers$BootstrapInitializerHandler), (SimpleChannelPool$1#0 = io.netty.channel.pool.SimpleChannelPool$1), (reactor.left.httpCodec = io.netty.handler.codec.http.HttpClientCodec), (reactor.left.decompressor = io.netty.handler.codec.http.HttpContentDecompressor), (reactor.right.reactiveBridge = reactor.netty.channel.ChannelOperationsHandler)}
20:40:46.810 [reactor-http-nio-15] DEBUG reactor.netty.resources.PooledConnectionProvider - [id: 0xd82da432] Created new pooled channel, now 19 active connections and 7 inactive connections
20:40:46.808 [pool-12-thread-27] DEBUG org.springframework.web.reactive.function.client.ExchangeFunctions - [7cd025ae] HTTP GET http://localhost:8081/getUserLocation?userId=4b512504-14eb-46d8-8dd6-f83488a74380
20:40:46.810 [reactor-http-nio-11] DEBUG reactor.netty.resources.PooledConnectionProvider - [id: 0xf4ffa1a5, L:/127.0.0.1:50267 - R:localhost/127.0.0.1:8081] onStateChange(GET{uri=/getUserLocation?userId=2f6c5db8-7505-4580-ad14-0a7b4366cdb8, connection=PooledConnection{channel=[id: 0xf4ffa1a5, L:/127.0.0.1:50267 - R:localhost/127.0.0.1:8081]}}, [request_sent])
20:40:46.810 [pool-12-thread-29] DEBUG org.springframework.web.reactive.function.client.ExchangeFunctions - [2be73efd] HTTP GET http://localhost:8081/getUserLocation?userId=9bb1a555-241a-4905-adf2-8e3c48514ccf
20:40:46.810 [reactor-http-nio-11] DEBUG reactor.netty.resources.PooledConnectionProvider - [id: 0xf4ffa1a5, L:/127.0.0.1:50267 - R:localhost/127.0.0.1:8081] Channel connected, now 19 active connections and 7 inactive connections
20:40:46.811 [reactor-http-nio-16] DEBUG reactor.netty.resources.PooledConnectionProvider - [id: 0x1e073caa] Created new pooled channel, now 19 active connections and 8 inactive connections
20:40:46.811 [reactor-http-nio-12] DEBUG reactor.netty.resources.PooledConnectionProvider - [id: 0x9b24452d, L:/127.0.0.1:50265 - R:localhost/127.0.0.1:8081] onStateChange(PooledConnection{channel=[id: 0x9b24452d, L:/127.0.0.1:50265 - R:localhost/127.0.0.1:8081]}, [connected])
20:40:46.811 [reactor-http-nio-16] DEBUG reactor.netty.channel.BootstrapHandlers - [id: 0x1e073caa] Initialized pipeline DefaultChannelPipeline{(BootstrapHandlers$BootstrapInitializerHandler#0 = reactor.netty.channel.BootstrapHandlers$BootstrapInitializerHandler), (SimpleChannelPool$1#0 = io.netty.channel.pool.SimpleChannelPool$1), (reactor.left.httpCodec = io.netty.handler.codec.http.HttpClientCodec), (reactor.left.decompressor = io.netty.handler.codec.http.HttpContentDecompressor), (reactor.right.reactiveBridge = reactor.netty.channel.ChannelOperationsHandler)}
20:40:46.811 [reactor-http-nio-12] DEBUG reactor.netty.resources.PooledConnectionProvider - [id: 0x9b24452d, L:/127.0.0.1:50265 - R:localhost/127.0.0.1:8081] onStateChange(GET{uri=/, connection=PooledConnection{channel=[id: 0x9b24452d, L:/127.0.0.1:50265 - R:localhost/127.0.0.1:8081]}}, [configured])
20:40:46.811 [reactor-http-nio-2] DEBUG reactor.netty.resources.PooledConnectionProvider - [id: 0x3355f769, L:/127.0.0.1:50264 - R:localhost/127.0.0.1:8081] onStateChange(GET{uri=/getUserLocation?userId=a5e28e7b-ce49-4b09-a0c6-c3d21eaa6c6e, connection=PooledConnection{channel=[id: 0x3355f769, L:/127.0.0.1:50264 - R:localhost/127.0.0.1:8081]}}, [request_sent])
20:40:46.811 [reactor-http-nio-2] DEBUG reactor.netty.resources.PooledConnectionProvider - [id: 0x3355f769, L:/127.0.0.1:50264 - R:localhost/127.0.0.1:8081] Channel connected, now 19 active connections and 8 inactive connections
20:40:46.809 [reactor-http-nio-10] DEBUG reactor.netty.resources.PooledConnectionProvider - [id: 0x8372a394, L:/127.0.0.1:50252 - R:localhost/127.0.0.1:8081] onStateChange(GET{uri=/getUserLocation?userId=281f11a1-0ca1-49bb-b4d1-c6949a180f20, connection=PooledConnection{channel=[id: 0x8372a394, L:/127.0.0.1:50252 - R:localhost/127.0.0.1:8081]}}, [request_sent])
20:40:46.811 [reactor-http-nio-16] DEBUG reactor.netty.resources.PooledConnectionProvider - [id: 0x1e073caa, L:/127.0.0.1:50270 - R:localhost/127.0.0.1:8081] onStateChange(PooledConnection{channel=[id: 0x1e073caa, L:/127.0.0.1:50270 - R:localhost/127.0.0.1:8081]}, [connected])
20:40:46.811 [reactor-http-nio-11] DEBUG reactor.netty.resources.PooledConnectionProvider - [id: 0x1785ce4e] Created new pooled channel, now 19 active connections and 9 inactive connections
20:40:46.811 [reactor-http-nio-10] DEBUG reactor.netty.resources.PooledConnectionProvider - [id: 0x8372a394, L:/127.0.0.1:50252 - R:localhost/127.0.0.1:8081] Channel connected, now 19 active connections and 9 inactive connections
20:40:46.811 [reactor-http-nio-16] DEBUG reactor.netty.resources.PooledConnectionProvider - [id: 0x1e073caa, L:/127.0.0.1:50270 - R:localhost/127.0.0.1:8081] onStateChange(GET{uri=/, connection=PooledConnection{channel=[id: 0x1e073caa, L:/127.0.0.1:50270 - R:localhost/127.0.0.1:8081]}}, [configured])
20:40:46.809 [reactor-http-nio-14] DEBUG reactor.netty.resources.PooledConnectionProvider - [id: 0x9dcbcf4f, L:/127.0.0.1:50254 - R:localhost/127.0.0.1:8081] Channel connected, now 18 active connections and 7 inactive connections
20:40:46.812 [reactor-http-nio-10] DEBUG reactor.netty.resources.PooledConnectionProvider - [id: 0x89be4937, L:/127.0.0.1:50258 - R:localhost/127.0.0.1:8081] Registering pool release on close event for channel
20:40:46.812 [reactor-http-nio-11] DEBUG reactor.netty.channel.BootstrapHandlers - [id: 0x1785ce4e] Initialized pipeline DefaultChannelPipeline{(BootstrapHandlers$BootstrapInitializerHandler#0 = reactor.netty.channel.BootstrapHandlers$BootstrapInitializerHandler), (SimpleChannelPool$1#0 = io.netty.channel.pool.SimpleChannelPool$1), (reactor.left.httpCodec = io.netty.handler.codec.http.HttpClientCodec), (reactor.left.decompressor = io.netty.handler.codec.http.HttpContentDecompressor), (reactor.right.reactiveBridge = reactor.netty.channel.ChannelOperationsHandler)}
20:40:46.810 [reactor-http-nio-15] DEBUG reactor.netty.channel.BootstrapHandlers - [id: 0xd82da432] Initialized pipeline DefaultChannelPipeline{(BootstrapHandlers$BootstrapInitializerHandler#0 = reactor.netty.channel.BootstrapHandlers$BootstrapInitializerHandler), (SimpleChannelPool$1#0 = io.netty.channel.pool.SimpleChannelPool$1), (reactor.left.httpCodec = io.netty.handler.codec.http.HttpClientCodec), (reactor.left.decompressor = io.netty.handler.codec.http.HttpContentDecompressor), (reactor.right.reactiveBridge = reactor.netty.channel.ChannelOperationsHandler)}
20:40:46.812 [reactor-http-nio-10] DEBUG reactor.netty.http.client.HttpClientConnect - [id: 0x89be4937, L:/127.0.0.1:50258 - R:localhost/127.0.0.1:8081] Handler is being applied: {uri=http://localhost:8081/getUserLocation?userId=13a62ff5-9ae6-4a3f-a6b0-71eb84b5291b, method=GET}
20:40:46.811 [reactor-http-nio-12] DEBUG reactor.netty.resources.PooledConnectionProvider - [id: 0x3e41c192, L:/127.0.0.1:50266 - R:localhost/127.0.0.1:8081] onStateChange(PooledConnection{channel=[id: 0x3e41c192, L:/127.0.0.1:50266 - R:localhost/127.0.0.1:8081]}, [connected])
20:40:46.812 [reactor-http-nio-12] DEBUG reactor.netty.resources.PooledConnectionProvider - [id: 0x3e41c192, L:/127.0.0.1:50266 - R:localhost/127.0.0.1:8081] onStateChange(GET{uri=/, connection=PooledConnection{channel=[id: 0x3e41c192, L:/127.0.0.1:50266 - R:localhost/127.0.0.1:8081]}}, [configured])
20:40:46.812 [reactor-http-nio-15] DEBUG reactor.netty.resources.PooledConnectionProvider - [id: 0xd82da432, L:/127.0.0.1:50272 - R:localhost/127.0.0.1:8081] onStateChange(PooledConnection{channel=[id: 0xd82da432, L:/127.0.0.1:50272 - R:localhost/127.0.0.1:8081]}, [connected])
20:40:46.811 [pool-12-thread-30] DEBUG org.springframework.web.reactive.function.client.ExchangeFunctions - [44ddcd56] HTTP GET http://localhost:8081/getUserLocation?userId=c4702493-1d89-4ba5-ba69-8c9a56ed53f7
20:40:46.813 [reactor-http-nio-11] DEBUG reactor.netty.resources.PooledConnectionProvider - [id: 0x1785ce4e, L:/127.0.0.1:50271 - R:localhost/127.0.0.1:8081] onStateChange(PooledConnection{channel=[id: 0x1785ce4e, L:/127.0.0.1:50271 - R:localhost/127.0.0.1:8081]}, [connected])
20:40:46.813 [reactor-http-nio-11] DEBUG reactor.netty.resources.PooledConnectionProvider - [id: 0x1785ce4e, L:/127.0.0.1:50271 - R:localhost/127.0.0.1:8081] onStateChange(GET{uri=/, connection=PooledConnection{channel=[id: 0x1785ce4e, L:/127.0.0.1:50271 - R:localhost/127.0.0.1:8081]}}, [configured])
20:40:46.813 [pool-12-thread-31] DEBUG org.springframework.web.reactive.function.client.ExchangeFunctions - [1bde7379] HTTP GET http://localhost:8081/getUserLocation?userId=c78ae1b9-8b91-4e82-84a1-22ccf4500895
20:40:46.813 [reactor-http-nio-10] DEBUG reactor.netty.resources.PooledConnectionProvider - [id: 0x89be4937, L:/127.0.0.1:50258 - R:localhost/127.0.0.1:8081] onStateChange(GET{uri=/getUserLocation?userId=13a62ff5-9ae6-4a3f-a6b0-71eb84b5291b, connection=PooledConnection{channel=[id: 0x89be4937, L:/127.0.0.1:50258 - R:localhost/127.0.0.1:8081]}}, [request_sent])
20:40:46.813 [reactor-http-nio-10] DEBUG reactor.netty.resources.PooledConnectionProvider - [id: 0x89be4937, L:/127.0.0.1:50258 - R:localhost/127.0.0.1:8081] Channel connected, now 20 active connections and 9 inactive connections
20:40:46.813 [reactor-http-nio-10] DEBUG reactor.netty.resources.PooledConnectionProvider - [id: 0x5829f75f, L:/127.0.0.1:50259 - R:localhost/127.0.0.1:8081] Registering pool release on close event for channel
20:40:46.812 [reactor-http-nio-14] DEBUG reactor.netty.resources.PooledConnectionProvider - [id: 0xebe13634] Created new pooled channel, now 20 active connections and 9 inactive connections
20:40:46.813 [reactor-http-nio-11] DEBUG reactor.netty.resources.PooledConnectionProvider - [id: 0x1785ce4e, L:/127.0.0.1:50271 - R:localhost/127.0.0.1:8081] Registering pool release on close event for channel
20:40:46.813 [reactor-http-nio-11] DEBUG reactor.netty.http.client.HttpClientConnect - [id: 0x1785ce4e, L:/127.0.0.1:50271 - R:localhost/127.0.0.1:8081] Handler is being applied: {uri=http://localhost:8081/getUserLocation?userId=4b512504-14eb-46d8-8dd6-f83488a74380, method=GET}
20:40:46.813 [reactor-http-nio-14] DEBUG reactor.netty.channel.BootstrapHandlers - [id: 0xebe13634] Initialized pipeline DefaultChannelPipeline{(BootstrapHandlers$BootstrapInitializerHandler#0 = reactor.netty.channel.BootstrapHandlers$BootstrapInitializerHandler), (SimpleChannelPool$1#0 = io.netty.channel.pool.SimpleChannelPool$1), (reactor.left.httpCodec = io.netty.handler.codec.http.HttpClientCodec), (reactor.left.decompressor = io.netty.handler.codec.http.HttpContentDecompressor), (reactor.right.reactiveBridge = reactor.netty.channel.ChannelOperationsHandler)}
20:40:46.812 [reactor-http-nio-15] DEBUG reactor.netty.resources.PooledConnectionProvider - [id: 0xd82da432, L:/127.0.0.1:50272 - R:localhost/127.0.0.1:8081] onStateChange(GET{uri=/, connection=PooledConnection{channel=[id: 0xd82da432, L:/127.0.0.1:50272 - R:localhost/127.0.0.1:8081]}}, [configured])
20:40:46.814 [reactor-http-nio-15] DEBUG reactor.netty.resources.PooledConnectionProvider - [id: 0xd82da432, L:/127.0.0.1:50272 - R:localhost/127.0.0.1:8081] Registering pool release on close event for channel
20:40:46.814 [pool-12-thread-32] DEBUG org.springframework.web.reactive.function.client.ExchangeFunctions - [811a5d7] HTTP GET http://localhost:8081/getUserLocation?userId=57ce57dd-4896-420a-84e3-f34ec3a5d1ef
20:40:46.814 [reactor-http-nio-15] DEBUG reactor.netty.http.client.HttpClientConnect - [id: 0xd82da432, L:/127.0.0.1:50272 - R:localhost/127.0.0.1:8081] Handler is being applied: {uri=http://localhost:8081/getUserLocation?userId=490cdbdb-1142-4b62-a314-3f39fdf91eb6, method=GET}
20:40:46.812 [reactor-http-nio-12] DEBUG reactor.netty.resources.PooledConnectionProvider - [id: 0xdb7d5510, L:/127.0.0.1:50268 - R:localhost/127.0.0.1:8081] onStateChange(PooledConnection{channel=[id: 0xdb7d5510, L:/127.0.0.1:50268 - R:localhost/127.0.0.1:8081]}, [connected])
20:40:46.814 [reactor-http-nio-16] DEBUG reactor.netty.resources.PooledConnectionProvider - [id: 0x1e073caa, L:/127.0.0.1:50270 - R:localhost/127.0.0.1:8081] Registering pool release on close event for channel
20:40:46.814 [reactor-http-nio-12] DEBUG reactor.netty.resources.PooledConnectionProvider - [id: 0xdb7d5510, L:/127.0.0.1:50268 - R:localhost/127.0.0.1:8081] onStateChange(GET{uri=/, connection=PooledConnection{channel=[id: 0xdb7d5510, L:/127.0.0.1:50268 - R:localhost/127.0.0.1:8081]}}, [configured])
20:40:46.814 [reactor-http-nio-16] DEBUG reactor.netty.http.client.HttpClientConnect - [id: 0x1e073caa, L:/127.0.0.1:50270 - R:localhost/127.0.0.1:8081] Handler is being applied: {uri=http://localhost:8081/getUserLocation?userId=2000127c-9d9a-44d4-9c79-e9453dff6cf7, method=GET}
20:40:46.814 [reactor-http-nio-11] DEBUG reactor.netty.resources.PooledConnectionProvider - [id: 0x1785ce4e, L:/127.0.0.1:50271 - R:localhost/127.0.0.1:8081] onStateChange(GET{uri=/getUserLocation?userId=4b512504-14eb-46d8-8dd6-f83488a74380, connection=PooledConnection{channel=[id: 0x1785ce4e, L:/127.0.0.1:50271 - R:localhost/127.0.0.1:8081]}}, [request_sent])
20:40:46.814 [reactor-http-nio-12] DEBUG reactor.netty.resources.PooledConnectionProvider - [id: 0xbbaa0872, L:/127.0.0.1:50269 - R:localhost/127.0.0.1:8081] onStateChange(PooledConnection{channel=[id: 0xbbaa0872, L:/127.0.0.1:50269 - R:localhost/127.0.0.1:8081]}, [connected])
20:40:46.814 [reactor-http-nio-11] DEBUG reactor.netty.resources.PooledConnectionProvider - [id: 0x1785ce4e, L:/127.0.0.1:50271 - R:localhost/127.0.0.1:8081] Channel connected, now 24 active connections and 5 inactive connections
20:40:46.814 [reactor-http-nio-12] DEBUG reactor.netty.resources.PooledConnectionProvider - [id: 0xbbaa0872, L:/127.0.0.1:50269 - R:localhost/127.0.0.1:8081] onStateChange(GET{uri=/, connection=PooledConnection{channel=[id: 0xbbaa0872, L:/127.0.0.1:50269 - R:localhost/127.0.0.1:8081]}}, [configured])
20:40:46.813 [reactor-http-nio-10] DEBUG reactor.netty.http.client.HttpClientConnect - [id: 0x5829f75f, L:/127.0.0.1:50259 - R:localhost/127.0.0.1:8081] Handler is being applied: {uri=http://localhost:8081/getUserLocation?userId=fbb7ed1f-897f-40e1-a2d5-120399568e99, method=GET}
20:40:46.815 [reactor-http-nio-15] DEBUG reactor.netty.resources.PooledConnectionProvider - [id: 0xd82da432, L:/127.0.0.1:50272 - R:localhost/127.0.0.1:8081] onStateChange(GET{uri=/getUserLocation?userId=490cdbdb-1142-4b62-a314-3f39fdf91eb6, connection=PooledConnection{channel=[id: 0xd82da432, L:/127.0.0.1:50272 - R:localhost/127.0.0.1:8081]}}, [request_sent])
20:40:46.815 [reactor-http-nio-15] DEBUG reactor.netty.resources.PooledConnectionProvider - [id: 0xd82da432, L:/127.0.0.1:50272 - R:localhost/127.0.0.1:8081] Channel connected, now 24 active connections and 6 inactive connections
20:40:46.815 [reactor-http-nio-15] DEBUG reactor.netty.resources.PooledConnectionProvider - [id: 0x21231b13] Created new pooled channel, now 24 active connections and 7 inactive connections
20:40:46.815 [reactor-http-nio-16] DEBUG reactor.netty.resources.PooledConnectionProvider - [id: 0x1e073caa, L:/127.0.0.1:50270 - R:localhost/127.0.0.1:8081] onStateChange(GET{uri=/getUserLocation?userId=2000127c-9d9a-44d4-9c79-e9453dff6cf7, connection=PooledConnection{channel=[id: 0x1e073caa, L:/127.0.0.1:50270 - R:localhost/127.0.0.1:8081]}}, [request_sent])
20:40:46.815 [reactor-http-nio-15] DEBUG reactor.netty.channel.BootstrapHandlers - [id: 0x21231b13] Initialized pipeline DefaultChannelPipeline{(BootstrapHandlers$BootstrapInitializerHandler#0 = reactor.netty.channel.BootstrapHandlers$BootstrapInitializerHandler), (SimpleChannelPool$1#0 = io.netty.channel.pool.SimpleChannelPool$1), (reactor.left.httpCodec = io.netty.handler.codec.http.HttpClientCodec), (reactor.left.decompressor = io.netty.handler.codec.http.HttpContentDecompressor), (reactor.right.reactiveBridge = reactor.netty.channel.ChannelOperationsHandler)}
20:40:46.814 [reactor-http-nio-14] DEBUG reactor.netty.resources.PooledConnectionProvider - [id: 0xebe13634, L:/127.0.0.1:50273 - R:localhost/127.0.0.1:8081] onStateChange(PooledConnection{channel=[id: 0xebe13634, L:/127.0.0.1:50273 - R:localhost/127.0.0.1:8081]}, [connected])
20:40:46.815 [reactor-http-nio-12] DEBUG reactor.netty.resources.PooledConnectionProvider - [id: 0x0d270386] Created new pooled channel, now 24 active connections and 7 inactive connections
20:40:46.815 [reactor-http-nio-14] DEBUG reactor.netty.resources.PooledConnectionProvider - [id: 0xebe13634, L:/127.0.0.1:50273 - R:localhost/127.0.0.1:8081] onStateChange(GET{uri=/, connection=PooledConnection{channel=[id: 0xebe13634, L:/127.0.0.1:50273 - R:localhost/127.0.0.1:8081]}}, [configured])
20:40:46.815 [pool-12-thread-34] DEBUG org.springframework.web.reactive.function.client.ExchangeFunctions - [7ce08953] HTTP GET http://localhost:8081/getUserLocation?userId=10fea299-4aaf-4a95-9110-4ecdfb778102
20:40:46.815 [reactor-http-nio-16] DEBUG reactor.netty.resources.PooledConnectionProvider - [id: 0x1e073caa, L:/127.0.0.1:50270 - R:localhost/127.0.0.1:8081] Channel connected, now 24 active connections and 7 inactive connections
20:40:46.816 [reactor-http-nio-12] DEBUG reactor.netty.channel.BootstrapHandlers - [id: 0x0d270386] Initialized pipeline DefaultChannelPipeline{(BootstrapHandlers$BootstrapInitializerHandler#0 = reactor.netty.channel.BootstrapHandlers$BootstrapInitializerHandler), (SimpleChannelPool$1#0 = io.netty.channel.pool.SimpleChannelPool$1), (reactor.left.httpCodec = io.netty.handler.codec.http.HttpClientCodec), (reactor.left.decompressor = io.netty.handler.codec.http.HttpContentDecompressor), (reactor.right.reactiveBridge = reactor.netty.channel.ChannelOperationsHandler)}
20:40:46.816 [reactor-http-nio-16] DEBUG reactor.netty.resources.PooledConnectionProvider - [id: 0x736d1567] Created new pooled channel, now 25 active connections and 7 inactive connections
20:40:46.816 [reactor-http-nio-12] DEBUG reactor.netty.resources.PooledConnectionProvider - [id: 0x9b24452d, L:/127.0.0.1:50265 - R:localhost/127.0.0.1:8081] Registering pool release on close event for channel
20:40:46.816 [reactor-http-nio-16] DEBUG reactor.netty.channel.BootstrapHandlers - [id: 0x736d1567] Initialized pipeline DefaultChannelPipeline{(BootstrapHandlers$BootstrapInitializerHandler#0 = reactor.netty.channel.BootstrapHandlers$BootstrapInitializerHandler), (SimpleChannelPool$1#0 = io.netty.channel.pool.SimpleChannelPool$1), (reactor.left.httpCodec = io.netty.handler.codec.http.HttpClientCodec), (reactor.left.decompressor = io.netty.handler.codec.http.HttpContentDecompressor), (reactor.right.reactiveBridge = reactor.netty.channel.ChannelOperationsHandler)}
20:40:46.816 [reactor-http-nio-12] DEBUG reactor.netty.http.client.HttpClientConnect - [id: 0x9b24452d, L:/127.0.0.1:50265 - R:localhost/127.0.0.1:8081] Handler is being applied: {uri=http://localhost:8081/getUserLocation?userId=ebb8fe74-1b6f-4573-ba76-9b4d1fbc18bc, method=GET}
20:40:46.815 [pool-12-thread-33] DEBUG org.springframework.web.reactive.function.client.ExchangeFunctions - [1c67effe] HTTP GET http://localhost:8081/getUserLocation?userId=cbc8fb19-a429-4587-bf03-d3ee045c24e5
20:40:46.815 [reactor-http-nio-14] DEBUG reactor.netty.resources.PooledConnectionProvider - [id: 0xebe13634, L:/127.0.0.1:50273 - R:localhost/127.0.0.1:8081] Registering pool release on close event for channel
20:40:46.816 [reactor-http-nio-16] DEBUG reactor.netty.resources.PooledConnectionProvider - [id: 0x736d1567, L:/127.0.0.1:50275 - R:localhost/127.0.0.1:8081] onStateChange(PooledConnection{channel=[id: 0x736d1567, L:/127.0.0.1:50275 - R:localhost/127.0.0.1:8081]}, [connected])
20:40:46.816 [reactor-http-nio-14] DEBUG reactor.netty.http.client.HttpClientConnect - [id: 0xebe13634, L:/127.0.0.1:50273 - R:localhost/127.0.0.1:8081] Handler is being applied: {uri=http://localhost:8081/getUserLocation?userId=8792bad0-59c4-4af9-9bb1-e853ba841d9f, method=GET}
20:40:46.817 [reactor-http-nio-16] DEBUG reactor.netty.resources.PooledConnectionProvider - [id: 0x736d1567, L:/127.0.0.1:50275 - R:localhost/127.0.0.1:8081] onStateChange(GET{uri=/, connection=PooledConnection{channel=[id: 0x736d1567, L:/127.0.0.1:50275 - R:localhost/127.0.0.1:8081]}}, [configured])
20:40:46.817 [pool-12-thread-35] DEBUG org.springframework.web.reactive.function.client.ExchangeFunctions - [48b12808] HTTP GET http://localhost:8081/getUserLocation?userId=4505bef4-d423-479e-ac3b-34a9bf0207d5
20:40:46.816 [reactor-http-nio-10] DEBUG reactor.netty.resources.PooledConnectionProvider - [id: 0x5829f75f, L:/127.0.0.1:50259 - R:localhost/127.0.0.1:8081] onStateChange(GET{uri=/getUserLocation?userId=fbb7ed1f-897f-40e1-a2d5-120399568e99, connection=PooledConnection{channel=[id: 0x5829f75f, L:/127.0.0.1:50259 - R:localhost/127.0.0.1:8081]}}, [request_sent])
20:40:46.817 [reactor-http-nio-10] DEBUG reactor.netty.resources.PooledConnectionProvider - [id: 0x5829f75f, L:/127.0.0.1:50259 - R:localhost/127.0.0.1:8081] Channel connected, now 26 active connections and 6 inactive connections
20:40:46.817 [reactor-http-nio-16] DEBUG reactor.netty.resources.PooledConnectionProvider - [id: 0x736d1567, L:/127.0.0.1:50275 - R:localhost/127.0.0.1:8081] Registering pool release on close event for channel
20:40:46.817 [reactor-http-nio-10] DEBUG reactor.netty.resources.PooledConnectionProvider - [id: 0xb124e91d] Created new pooled channel, now 27 active connections and 6 inactive connections
20:40:46.817 [reactor-http-nio-16] DEBUG reactor.netty.http.client.HttpClientConnect - [id: 0x736d1567, L:/127.0.0.1:50275 - R:localhost/127.0.0.1:8081] Handler is being applied: {uri=http://localhost:8081/getUserLocation?userId=c4702493-1d89-4ba5-ba69-8c9a56ed53f7, method=GET}
20:40:46.817 [reactor-http-nio-14] DEBUG reactor.netty.resources.PooledConnectionProvider - [id: 0xebe13634, L:/127.0.0.1:50273 - R:localhost/127.0.0.1:8081] onStateChange(GET{uri=/getUserLocation?userId=8792bad0-59c4-4af9-9bb1-e853ba841d9f, connection=PooledConnection{channel=[id: 0xebe13634, L:/127.0.0.1:50273 - R:localhost/127.0.0.1:8081]}}, [request_sent])
20:40:46.818 [reactor-http-nio-14] DEBUG reactor.netty.resources.PooledConnectionProvider - [id: 0xebe13634, L:/127.0.0.1:50273 - R:localhost/127.0.0.1:8081] Channel connected, now 27 active connections and 6 inactive connections
20:40:46.818 [reactor-http-nio-14] DEBUG reactor.netty.resources.PooledConnectionProvider - [id: 0x8b4459b6] Created new pooled channel, now 27 active connections and 7 inactive connections
20:40:46.816 [reactor-http-nio-15] DEBUG reactor.netty.resources.PooledConnectionProvider - [id: 0x21231b13, L:/127.0.0.1:50274 - R:localhost/127.0.0.1:8081] onStateChange(PooledConnection{channel=[id: 0x21231b13, L:/127.0.0.1:50274 - R:localhost/127.0.0.1:8081]}, [connected])
20:40:46.818 [reactor-http-nio-14] DEBUG reactor.netty.channel.BootstrapHandlers - [id: 0x8b4459b6] Initialized pipeline DefaultChannelPipeline{(BootstrapHandlers$BootstrapInitializerHandler#0 = reactor.netty.channel.BootstrapHandlers$BootstrapInitializerHandler), (SimpleChannelPool$1#0 = io.netty.channel.pool.SimpleChannelPool$1), (reactor.left.httpCodec = io.netty.handler.codec.http.HttpClientCodec), (reactor.left.decompressor = io.netty.handler.codec.http.HttpContentDecompressor), (reactor.right.reactiveBridge = reactor.netty.channel.ChannelOperationsHandler)}
20:40:46.817 [reactor-http-nio-12] DEBUG reactor.netty.resources.PooledConnectionProvider - [id: 0x9b24452d, L:/127.0.0.1:50265 - R:localhost/127.0.0.1:8081] onStateChange(GET{uri=/getUserLocation?userId=ebb8fe74-1b6f-4573-ba76-9b4d1fbc18bc, connection=PooledConnection{channel=[id: 0x9b24452d, L:/127.0.0.1:50265 - R:localhost/127.0.0.1:8081]}}, [request_sent])
20:40:46.818 [reactor-http-nio-12] DEBUG reactor.netty.resources.PooledConnectionProvider - [id: 0x9b24452d, L:/127.0.0.1:50265 - R:localhost/127.0.0.1:8081] Channel connected, now 27 active connections and 7 inactive connections
20:40:46.818 [reactor-http-nio-10] DEBUG reactor.netty.channel.BootstrapHandlers - [id: 0xb124e91d] Initialized pipeline DefaultChannelPipeline{(BootstrapHandlers$BootstrapInitializerHandler#0 = reactor.netty.channel.BootstrapHandlers$BootstrapInitializerHandler), (SimpleChannelPool$1#0 = io.netty.channel.pool.SimpleChannelPool$1), (reactor.left.httpCodec = io.netty.handler.codec.http.HttpClientCodec), (reactor.left.decompressor = io.netty.handler.codec.http.HttpContentDecompressor), (reactor.right.reactiveBridge = reactor.netty.channel.ChannelOperationsHandler)}
20:40:46.818 [reactor-http-nio-12] DEBUG reactor.netty.resources.PooledConnectionProvider - [id: 0x3e41c192, L:/127.0.0.1:50266 - R:localhost/127.0.0.1:8081] Registering pool release on close event for channel
20:40:46.819 [reactor-http-nio-12] DEBUG reactor.netty.http.client.HttpClientConnect - [id: 0x3e41c192, L:/127.0.0.1:50266 - R:localhost/127.0.0.1:8081] Handler is being applied: {uri=http://localhost:8081/getUserLocation?userId=c131aa27-ef45-4cf8-81ac-396f5ff0c195, method=GET}
20:40:46.819 [reactor-http-nio-14] DEBUG reactor.netty.resources.PooledConnectionProvider - [id: 0x8b4459b6, L:/127.0.0.1:50276 - R:localhost/127.0.0.1:8081] onStateChange(PooledConnection{channel=[id: 0x8b4459b6, L:/127.0.0.1:50276 - R:localhost/127.0.0.1:8081]}, [connected])
20:40:46.819 [pool-12-thread-37] DEBUG org.springframework.web.reactive.function.client.ExchangeFunctions - [734b95c5] HTTP GET http://localhost:8081/getUserLocation?userId=e89c873b-ebe7-4b95-9069-3af030c5ae20
20:40:46.819 [reactor-http-nio-14] DEBUG reactor.netty.resources.PooledConnectionProvider - [id: 0x8b4459b6, L:/127.0.0.1:50276 - R:localhost/127.0.0.1:8081] onStateChange(GET{uri=/, connection=PooledConnection{channel=[id: 0x8b4459b6, L:/127.0.0.1:50276 - R:localhost/127.0.0.1:8081]}}, [configured])
20:40:46.819 [pool-12-thread-38] DEBUG org.springframework.web.reactive.function.client.ExchangeFunctions - [3496e06f] HTTP GET http://localhost:8081/getUserLocation?userId=4c0d1c96-323e-4b4d-a714-43072a0d12ea
20:40:46.819 [reactor-http-nio-10] DEBUG reactor.netty.resources.PooledConnectionProvider - [id: 0xb124e91d, L:/127.0.0.1:50277 - R:localhost/127.0.0.1:8081] onStateChange(PooledConnection{channel=[id: 0xb124e91d, L:/127.0.0.1:50277 - R:localhost/127.0.0.1:8081]}, [connected])
20:40:46.819 [reactor-http-nio-10] DEBUG reactor.netty.resources.PooledConnectionProvider - [id: 0xb124e91d, L:/127.0.0.1:50277 - R:localhost/127.0.0.1:8081] onStateChange(GET{uri=/, connection=PooledConnection{channel=[id: 0xb124e91d, L:/127.0.0.1:50277 - R:localhost/127.0.0.1:8081]}}, [configured])
20:40:46.818 [pool-12-thread-36] DEBUG org.springframework.web.reactive.function.client.ExchangeFunctions - [4de96650] HTTP GET http://localhost:8081/getUserLocation?userId=9aa6c03a-1942-45e9-8e1c-c4d437d20705
20:40:46.818 [reactor-http-nio-15] DEBUG reactor.netty.resources.PooledConnectionProvider - [id: 0x21231b13, L:/127.0.0.1:50274 - R:localhost/127.0.0.1:8081] onStateChange(GET{uri=/, connection=PooledConnection{channel=[id: 0x21231b13, L:/127.0.0.1:50274 - R:localhost/127.0.0.1:8081]}}, [configured])
20:40:46.820 [reactor-http-nio-15] DEBUG reactor.netty.resources.PooledConnectionProvider - [id: 0x21231b13, L:/127.0.0.1:50274 - R:localhost/127.0.0.1:8081] Registering pool release on close event for channel
20:40:46.820 [reactor-http-nio-11] DEBUG reactor.netty.resources.PooledConnectionProvider - [id: 0xcd2f5c0e] Created new pooled channel, now 30 active connections and 5 inactive connections
20:40:46.820 [reactor-http-nio-15] DEBUG reactor.netty.http.client.HttpClientConnect - [id: 0x21231b13, L:/127.0.0.1:50274 - R:localhost/127.0.0.1:8081] Handler is being applied: {uri=http://localhost:8081/getUserLocation?userId=c78ae1b9-8b91-4e82-84a1-22ccf4500895, method=GET}
20:40:46.820 [reactor-http-nio-10] DEBUG reactor.netty.resources.PooledConnectionProvider - [id: 0xb124e91d, L:/127.0.0.1:50277 - R:localhost/127.0.0.1:8081] Registering pool release on close event for channel
20:40:46.818 [reactor-http-nio-16] DEBUG reactor.netty.resources.PooledConnectionProvider - [id: 0x736d1567, L:/127.0.0.1:50275 - R:localhost/127.0.0.1:8081] onStateChange(GET{uri=/getUserLocation?userId=c4702493-1d89-4ba5-ba69-8c9a56ed53f7, connection=PooledConnection{channel=[id: 0x736d1567, L:/127.0.0.1:50275 - R:localhost/127.0.0.1:8081]}}, [request_sent])
20:40:46.820 [reactor-http-nio-10] DEBUG reactor.netty.http.client.HttpClientConnect - [id: 0xb124e91d, L:/127.0.0.1:50277 - R:localhost/127.0.0.1:8081] Handler is being applied: {uri=http://localhost:8081/getUserLocation?userId=57ce57dd-4896-420a-84e3-f34ec3a5d1ef, method=GET}
20:40:46.820 [reactor-http-nio-11] DEBUG reactor.netty.channel.BootstrapHandlers - [id: 0xcd2f5c0e] Initialized pipeline DefaultChannelPipeline{(BootstrapHandlers$BootstrapInitializerHandler#0 = reactor.netty.channel.BootstrapHandlers$BootstrapInitializerHandler), (SimpleChannelPool$1#0 = io.netty.channel.pool.SimpleChannelPool$1), (reactor.left.httpCodec = io.netty.handler.codec.http.HttpClientCodec), (reactor.left.decompressor = io.netty.handler.codec.http.HttpContentDecompressor), (reactor.right.reactiveBridge = reactor.netty.channel.ChannelOperationsHandler)}
20:40:46.821 [pool-12-thread-39] DEBUG org.springframework.web.reactive.function.client.ExchangeFunctions - [5e3c16c2] HTTP GET http://localhost:8081/getUserLocation?userId=26ea04a4-8f5d-4bf8-87e5-651164d1f768
20:40:46.820 [reactor-http-nio-12] DEBUG reactor.netty.resources.PooledConnectionProvider - [id: 0x3e41c192, L:/127.0.0.1:50266 - R:localhost/127.0.0.1:8081] onStateChange(GET{uri=/getUserLocation?userId=c131aa27-ef45-4cf8-81ac-396f5ff0c195, connection=PooledConnection{channel=[id: 0x3e41c192, L:/127.0.0.1:50266 - R:localhost/127.0.0.1:8081]}}, [request_sent])
20:40:46.821 [reactor-http-nio-12] DEBUG reactor.netty.resources.PooledConnectionProvider - [id: 0x3e41c192, L:/127.0.0.1:50266 - R:localhost/127.0.0.1:8081] Channel connected, now 31 active connections and 4 inactive connections
20:40:46.821 [reactor-http-nio-11] DEBUG reactor.netty.resources.PooledConnectionProvider - [id: 0xcd2f5c0e, L:/127.0.0.1:50278 - R:localhost/127.0.0.1:8081] onStateChange(PooledConnection{channel=[id: 0xcd2f5c0e, L:/127.0.0.1:50278 - R:localhost/127.0.0.1:8081]}, [connected])
20:40:46.821 [reactor-http-nio-15] DEBUG reactor.netty.resources.PooledConnectionProvider - [id: 0x21231b13, L:/127.0.0.1:50274 - R:localhost/127.0.0.1:8081] onStateChange(GET{uri=/getUserLocation?userId=c78ae1b9-8b91-4e82-84a1-22ccf4500895, connection=PooledConnection{channel=[id: 0x21231b13, L:/127.0.0.1:50274 - R:localhost/127.0.0.1:8081]}}, [request_sent])
20:40:46.820 [reactor-http-nio-14] DEBUG reactor.netty.resources.PooledConnectionProvider - [id: 0x8b4459b6, L:/127.0.0.1:50276 - R:localhost/127.0.0.1:8081] Registering pool release on close event for channel
20:40:46.821 [reactor-http-nio-11] DEBUG reactor.netty.resources.PooledConnectionProvider - [id: 0xcd2f5c0e, L:/127.0.0.1:50278 - R:localhost/127.0.0.1:8081] onStateChange(GET{uri=/, connection=PooledConnection{channel=[id: 0xcd2f5c0e, L:/127.0.0.1:50278 - R:localhost/127.0.0.1:8081]}}, [configured])
20:40:46.821 [reactor-http-nio-11] DEBUG reactor.netty.resources.PooledConnectionProvider - [id: 0xcd2f5c0e, L:/127.0.0.1:50278 - R:localhost/127.0.0.1:8081] Registering pool release on close event for channel
20:40:46.821 [reactor-http-nio-11] DEBUG reactor.netty.http.client.HttpClientConnect - [id: 0xcd2f5c0e, L:/127.0.0.1:50278 - R:localhost/127.0.0.1:8081] Handler is being applied: {uri=http://localhost:8081/getUserLocation?userId=e89c873b-ebe7-4b95-9069-3af030c5ae20, method=GET}
20:40:46.821 [reactor-http-nio-12] DEBUG reactor.netty.resources.PooledConnectionProvider - [id: 0x83103ed5] Created new pooled channel, now 32 active connections and 4 inactive connections
20:40:46.820 [reactor-http-nio-16] DEBUG reactor.netty.resources.PooledConnectionProvider - [id: 0x736d1567, L:/127.0.0.1:50275 - R:localhost/127.0.0.1:8081] Channel connected, now 31 active connections and 4 inactive connections
20:40:46.822 [reactor-http-nio-16] DEBUG reactor.netty.resources.PooledConnectionProvider - [id: 0x33d4d541] Created new pooled channel, now 32 active connections and 5 inactive connections
20:40:46.821 [reactor-http-nio-10] DEBUG reactor.netty.resources.PooledConnectionProvider - [id: 0xb124e91d, L:/127.0.0.1:50277 - R:localhost/127.0.0.1:8081] onStateChange(GET{uri=/getUserLocation?userId=57ce57dd-4896-420a-84e3-f34ec3a5d1ef, connection=PooledConnection{channel=[id: 0xb124e91d, L:/127.0.0.1:50277 - R:localhost/127.0.0.1:8081]}}, [request_sent])
20:40:46.822 [reactor-http-nio-10] DEBUG reactor.netty.resources.PooledConnectionProvider - [id: 0xb124e91d, L:/127.0.0.1:50277 - R:localhost/127.0.0.1:8081] Channel connected, now 32 active connections and 5 inactive connections
20:40:46.821 [pool-12-thread-40] DEBUG org.springframework.web.reactive.function.client.ExchangeFunctions - [3959f726] HTTP GET http://localhost:8081/getUserLocation?userId=9f70f8e3-77b9-44e4-9a08-fe113487ddf8
20:40:46.822 [reactor-http-nio-11] DEBUG reactor.netty.resources.PooledConnectionProvider - [id: 0xcd2f5c0e, L:/127.0.0.1:50278 - R:localhost/127.0.0.1:8081] onStateChange(GET{uri=/getUserLocation?userId=e89c873b-ebe7-4b95-9069-3af030c5ae20, connection=PooledConnection{channel=[id: 0xcd2f5c0e, L:/127.0.0.1:50278 - R:localhost/127.0.0.1:8081]}}, [request_sent])
20:40:46.822 [reactor-http-nio-11] DEBUG reactor.netty.resources.PooledConnectionProvider - [id: 0xcd2f5c0e, L:/127.0.0.1:50278 - R:localhost/127.0.0.1:8081] Channel connected, now 32 active connections and 5 inactive connections
20:40:46.821 [reactor-http-nio-15] DEBUG reactor.netty.resources.PooledConnectionProvider - [id: 0x21231b13, L:/127.0.0.1:50274 - R:localhost/127.0.0.1:8081] Channel connected, now 31 active connections and 4 inactive connections
20:40:46.821 [reactor-http-nio-14] DEBUG reactor.netty.http.client.HttpClientConnect - [id: 0x8b4459b6, L:/127.0.0.1:50276 - R:localhost/127.0.0.1:8081] Handler is being applied: {uri=http://localhost:8081/getUserLocation?userId=cbc8fb19-a429-4587-bf03-d3ee045c24e5, method=GET}
20:40:46.823 [pool-12-thread-42] DEBUG org.springframework.web.reactive.function.client.ExchangeFunctions - [7b6d1fa4] HTTP GET http://localhost:8081/getUserLocation?userId=50a96c54-47a4-483b-869d-886d52a973b3
20:40:46.822 [reactor-http-nio-12] DEBUG reactor.netty.channel.BootstrapHandlers - [id: 0x83103ed5] Initialized pipeline DefaultChannelPipeline{(BootstrapHandlers$BootstrapInitializerHandler#0 = reactor.netty.channel.BootstrapHandlers$BootstrapInitializerHandler), (SimpleChannelPool$1#0 = io.netty.channel.pool.SimpleChannelPool$1), (reactor.left.httpCodec = io.netty.handler.codec.http.HttpClientCodec), (reactor.left.decompressor = io.netty.handler.codec.http.HttpContentDecompressor), (reactor.right.reactiveBridge = reactor.netty.channel.ChannelOperationsHandler)}
20:40:46.823 [reactor-http-nio-12] DEBUG reactor.netty.resources.PooledConnectionProvider - [id: 0xdb7d5510, L:/127.0.0.1:50268 - R:localhost/127.0.0.1:8081] Registering pool release on close event for channel
20:40:46.823 [reactor-http-nio-12] DEBUG reactor.netty.http.client.HttpClientConnect - [id: 0xdb7d5510, L:/127.0.0.1:50268 - R:localhost/127.0.0.1:8081] Handler is being applied: {uri=http://localhost:8081/getUserLocation?userId=0b1b005f-faca-4e12-8880-d520de88b48a, method=GET}
20:40:46.823 [reactor-http-nio-10] DEBUG reactor.netty.resources.PooledConnectionProvider - [id: 0x78591639] Created new pooled channel, now 33 active connections and 5 inactive connections
20:40:46.822 [reactor-http-nio-16] DEBUG reactor.netty.channel.BootstrapHandlers - [id: 0x33d4d541] Initialized pipeline DefaultChannelPipeline{(BootstrapHandlers$BootstrapInitializerHandler#0 = reactor.netty.channel.BootstrapHandlers$BootstrapInitializerHandler), (SimpleChannelPool$1#0 = io.netty.channel.pool.SimpleChannelPool$1), (reactor.left.httpCodec = io.netty.handler.codec.http.HttpClientCodec), (reactor.left.decompressor = io.netty.handler.codec.http.HttpContentDecompressor), (reactor.right.reactiveBridge = reactor.netty.channel.ChannelOperationsHandler)}
20:40:46.824 [reactor-http-nio-10] DEBUG reactor.netty.channel.BootstrapHandlers - [id: 0x78591639] Initialized pipeline DefaultChannelPipeline{(BootstrapHandlers$BootstrapInitializerHandler#0 = reactor.netty.channel.BootstrapHandlers$BootstrapInitializerHandler), (SimpleChannelPool$1#0 = io.netty.channel.pool.SimpleChannelPool$1), (reactor.left.httpCodec = io.netty.handler.codec.http.HttpClientCodec), (reactor.left.decompressor = io.netty.handler.codec.http.HttpContentDecompressor), (reactor.right.reactiveBridge = reactor.netty.channel.ChannelOperationsHandler)}
20:40:46.824 [reactor-http-nio-16] DEBUG reactor.netty.resources.PooledConnectionProvider - [id: 0x2be3660e] Created new pooled channel, now 33 active connections and 6 inactive connections
20:40:46.822 [pool-12-thread-41] DEBUG org.springframework.web.reactive.function.client.ExchangeFunctions - [4c53bf8f] HTTP GET http://localhost:8081/getUserLocation?userId=d7c3c469-23a4-4235-bb5c-e4c1ff30bf9a
20:40:46.824 [reactor-http-nio-16] DEBUG reactor.netty.channel.BootstrapHandlers - [id: 0x2be3660e] Initialized pipeline DefaultChannelPipeline{(BootstrapHandlers$BootstrapInitializerHandler#0 = reactor.netty.channel.BootstrapHandlers$BootstrapInitializerHandler), (SimpleChannelPool$1#0 = io.netty.channel.pool.SimpleChannelPool$1), (reactor.left.httpCodec = io.netty.handler.codec.http.HttpClientCodec), (reactor.left.decompressor = io.netty.handler.codec.http.HttpContentDecompressor), (reactor.right.reactiveBridge = reactor.netty.channel.ChannelOperationsHandler)}
20:40:46.824 [reactor-http-nio-10] DEBUG reactor.netty.resources.PooledConnectionProvider - [id: 0x78591639, L:/127.0.0.1:50280 - R:localhost/127.0.0.1:8081] onStateChange(PooledConnection{channel=[id: 0x78591639, L:/127.0.0.1:50280 - R:localhost/127.0.0.1:8081]}, [connected])
20:40:46.824 [reactor-http-nio-12] DEBUG reactor.netty.resources.PooledConnectionProvider - [id: 0xdb7d5510, L:/127.0.0.1:50268 - R:localhost/127.0.0.1:8081] onStateChange(GET{uri=/getUserLocation?userId=0b1b005f-faca-4e12-8880-d520de88b48a, connection=PooledConnection{channel=[id: 0xdb7d5510, L:/127.0.0.1:50268 - R:localhost/127.0.0.1:8081]}}, [request_sent])
20:40:46.824 [reactor-http-nio-10] DEBUG reactor.netty.resources.PooledConnectionProvider - [id: 0x78591639, L:/127.0.0.1:50280 - R:localhost/127.0.0.1:8081] onStateChange(GET{uri=/, connection=PooledConnection{channel=[id: 0x78591639, L:/127.0.0.1:50280 - R:localhost/127.0.0.1:8081]}}, [configured])
20:40:46.823 [pool-12-thread-43] DEBUG org.springframework.web.reactive.function.client.ExchangeFunctions - [71e46937] HTTP GET http://localhost:8081/getUserLocation?userId=a6aa10ef-143a-464f-b831-381f6af2af68
20:40:46.825 [reactor-http-nio-16] DEBUG reactor.netty.resources.PooledConnectionProvider - [id: 0x33d4d541, L:/127.0.0.1:50281 - R:localhost/127.0.0.1:8081] onStateChange(PooledConnection{channel=[id: 0x33d4d541, L:/127.0.0.1:50281 - R:localhost/127.0.0.1:8081]}, [connected])
20:40:46.824 [reactor-http-nio-14] DEBUG reactor.netty.resources.PooledConnectionProvider - [id: 0x8b4459b6, L:/127.0.0.1:50276 - R:localhost/127.0.0.1:8081] onStateChange(GET{uri=/getUserLocation?userId=cbc8fb19-a429-4587-bf03-d3ee045c24e5, connection=PooledConnection{channel=[id: 0x8b4459b6, L:/127.0.0.1:50276 - R:localhost/127.0.0.1:8081]}}, [request_sent])
20:40:46.825 [reactor-http-nio-14] DEBUG reactor.netty.resources.PooledConnectionProvider - [id: 0x8b4459b6, L:/127.0.0.1:50276 - R:localhost/127.0.0.1:8081] Channel connected, now 34 active connections and 5 inactive connections
20:40:46.825 [reactor-http-nio-14] DEBUG reactor.netty.resources.PooledConnectionProvider - [id: 0x37820d17] Created new pooled channel, now 34 active connections and 7 inactive connections
20:40:46.824 [pool-12-thread-44] DEBUG org.springframework.web.reactive.function.client.ExchangeFunctions - [50792af8] HTTP GET http://localhost:8081/getUserLocation?userId=31711ac1-4771-4147-a47d-ced3a008a059
20:40:46.825 [reactor-http-nio-14] DEBUG reactor.netty.channel.BootstrapHandlers - [id: 0x37820d17] Initialized pipeline DefaultChannelPipeline{(BootstrapHandlers$BootstrapInitializerHandler#0 = reactor.netty.channel.BootstrapHandlers$BootstrapInitializerHandler), (SimpleChannelPool$1#0 = io.netty.channel.pool.SimpleChannelPool$1), (reactor.left.httpCodec = io.netty.handler.codec.http.HttpClientCodec), (reactor.left.decompressor = io.netty.handler.codec.http.HttpContentDecompressor), (reactor.right.reactiveBridge = reactor.netty.channel.ChannelOperationsHandler)}
20:40:46.826 [pool-12-thread-45] DEBUG org.springframework.web.reactive.function.client.ExchangeFunctions - [68574acb] HTTP GET http://localhost:8081/getUserLocation?userId=8cf88738-f1cc-4aa0-89d9-1511dc6a0689
20:40:46.824 [reactor-http-nio-12] DEBUG reactor.netty.resources.PooledConnectionProvider - [id: 0xdb7d5510, L:/127.0.0.1:50268 - R:localhost/127.0.0.1:8081] Channel connected, now 33 active connections and 6 inactive connections
20:40:46.826 [pool-12-thread-46] DEBUG org.springframework.web.reactive.function.client.ExchangeFunctions - [2d9ddb6b] HTTP GET http://localhost:8081/getUserLocation?userId=4aa35eeb-bac9-4161-9366-a7aa4157e443
20:40:46.826 [reactor-http-nio-14] DEBUG reactor.netty.resources.PooledConnectionProvider - [id: 0x37820d17, L:/127.0.0.1:50283 - R:localhost/127.0.0.1:8081] onStateChange(PooledConnection{channel=[id: 0x37820d17, L:/127.0.0.1:50283 - R:localhost/127.0.0.1:8081]}, [connected])
20:40:46.826 [reactor-http-nio-14] DEBUG reactor.netty.resources.PooledConnectionProvider - [id: 0x37820d17, L:/127.0.0.1:50283 - R:localhost/127.0.0.1:8081] onStateChange(GET{uri=/, connection=PooledConnection{channel=[id: 0x37820d17, L:/127.0.0.1:50283 - R:localhost/127.0.0.1:8081]}}, [configured])
20:40:46.826 [reactor-http-nio-11] DEBUG reactor.netty.resources.PooledConnectionProvider - [id: 0xf8610755] Created new pooled channel, now 35 active connections and 7 inactive connections
20:40:46.825 [reactor-http-nio-10] DEBUG reactor.netty.resources.PooledConnectionProvider - [id: 0x78591639, L:/127.0.0.1:50280 - R:localhost/127.0.0.1:8081] Registering pool release on close event for channel
20:40:46.827 [reactor-http-nio-10] DEBUG reactor.netty.http.client.HttpClientConnect - [id: 0x78591639, L:/127.0.0.1:50280 - R:localhost/127.0.0.1:8081] Handler is being applied: {uri=http://localhost:8081/getUserLocation?userId=9f70f8e3-77b9-44e4-9a08-fe113487ddf8, method=GET}
20:40:46.827 [reactor-http-nio-13] DEBUG reactor.netty.resources.PooledConnectionProvider - [id: 0x7744abeb] Created new pooled channel, now 35 active connections and 8 inactive connections
20:40:46.825 [reactor-http-nio-16] DEBUG reactor.netty.resources.PooledConnectionProvider - [id: 0x33d4d541, L:/127.0.0.1:50281 - R:localhost/127.0.0.1:8081] onStateChange(GET{uri=/, connection=PooledConnection{channel=[id: 0x33d4d541, L:/127.0.0.1:50281 - R:localhost/127.0.0.1:8081]}}, [configured])
20:40:46.827 [pool-12-thread-47] DEBUG org.springframework.web.reactive.function.client.ExchangeFunctions - [73dd8e48] HTTP GET http://localhost:8081/getUserLocation?userId=c72b9585-4a23-4eec-8ce7-8e91df1f9c11
20:40:46.827 [reactor-http-nio-16] DEBUG reactor.netty.resources.PooledConnectionProvider - [id: 0x2be3660e, L:/127.0.0.1:50282 - R:localhost/127.0.0.1:8081] onStateChange(PooledConnection{channel=[id: 0x2be3660e, L:/127.0.0.1:50282 - R:localhost/127.0.0.1:8081]}, [connected])
20:40:46.827 [reactor-http-nio-16] DEBUG reactor.netty.resources.PooledConnectionProvider - [id: 0x2be3660e, L:/127.0.0.1:50282 - R:localhost/127.0.0.1:8081] onStateChange(GET{uri=/, connection=PooledConnection{channel=[id: 0x2be3660e, L:/127.0.0.1:50282 - R:localhost/127.0.0.1:8081]}}, [configured])
20:40:46.828 [reactor-http-nio-16] DEBUG reactor.netty.resources.PooledConnectionProvider - [id: 0x33d4d541, L:/127.0.0.1:50281 - R:localhost/127.0.0.1:8081] Registering pool release on close event for channel
20:40:46.825 [reactor-http-nio-15] DEBUG reactor.netty.resources.PooledConnectionProvider - [id: 0xb80ff19f] Created new pooled channel, now 34 active connections and 7 inactive connections
20:40:46.828 [reactor-http-nio-16] DEBUG reactor.netty.http.client.HttpClientConnect - [id: 0x33d4d541, L:/127.0.0.1:50281 - R:localhost/127.0.0.1:8081] Handler is being applied: {uri=http://localhost:8081/getUserLocation?userId=4505bef4-d423-479e-ac3b-34a9bf0207d5, method=GET}
20:40:46.828 [reactor-http-nio-15] DEBUG reactor.netty.channel.BootstrapHandlers - [id: 0xb80ff19f] Initialized pipeline DefaultChannelPipeline{(BootstrapHandlers$BootstrapInitializerHandler#0 = reactor.netty.channel.BootstrapHandlers$BootstrapInitializerHandler), (SimpleChannelPool$1#0 = io.netty.channel.pool.SimpleChannelPool$1), (reactor.left.httpCodec = io.netty.handler.codec.http.HttpClientCodec), (reactor.left.decompressor = io.netty.handler.codec.http.HttpContentDecompressor), (reactor.right.reactiveBridge = reactor.netty.channel.ChannelOperationsHandler)}
20:40:46.828 [reactor-http-nio-10] DEBUG reactor.netty.resources.PooledConnectionProvider - [id: 0x78591639, L:/127.0.0.1:50280 - R:localhost/127.0.0.1:8081] onStateChange(GET{uri=/getUserLocation?userId=9f70f8e3-77b9-44e4-9a08-fe113487ddf8, connection=PooledConnection{channel=[id: 0x78591639, L:/127.0.0.1:50280 - R:localhost/127.0.0.1:8081]}}, [request_sent])
20:40:46.828 [reactor-http-nio-10] DEBUG reactor.netty.resources.PooledConnectionProvider - [id: 0x78591639, L:/127.0.0.1:50280 - R:localhost/127.0.0.1:8081] Channel connected, now 37 active connections and 6 inactive connections
20:40:46.826 [reactor-http-nio-12] DEBUG reactor.netty.resources.PooledConnectionProvider - [id: 0xbbaa0872, L:/127.0.0.1:50269 - R:localhost/127.0.0.1:8081] Registering pool release on close event for channel
20:40:46.828 [reactor-http-nio-12] DEBUG reactor.netty.http.client.HttpClientConnect - [id: 0xbbaa0872, L:/127.0.0.1:50269 - R:localhost/127.0.0.1:8081] Handler is being applied: {uri=http://localhost:8081/getUserLocation?userId=9119c8e9-7a87-4b9a-9719-5d3ea645ef3a, method=GET}
20:40:46.828 [reactor-http-nio-16] DEBUG reactor.netty.resources.PooledConnectionProvider - [id: 0x33d4d541, L:/127.0.0.1:50281 - R:localhost/127.0.0.1:8081] onStateChange(GET{uri=/getUserLocation?userId=4505bef4-d423-479e-ac3b-34a9bf0207d5, connection=PooledConnection{channel=[id: 0x33d4d541, L:/127.0.0.1:50281 - R:localhost/127.0.0.1:8081]}}, [request_sent])
20:40:46.829 [reactor-http-nio-15] DEBUG reactor.netty.resources.PooledConnectionProvider - [id: 0xb80ff19f, L:/127.0.0.1:50284 - R:localhost/127.0.0.1:8081] onStateChange(PooledConnection{channel=[id: 0xb80ff19f, L:/127.0.0.1:50284 - R:localhost/127.0.0.1:8081]}, [connected])
20:40:46.829 [reactor-http-nio-16] DEBUG reactor.netty.resources.PooledConnectionProvider - [id: 0x33d4d541, L:/127.0.0.1:50281 - R:localhost/127.0.0.1:8081] Channel connected, now 37 active connections and 6 inactive connections
20:40:46.829 [reactor-http-nio-15] DEBUG reactor.netty.resources.PooledConnectionProvider - [id: 0xb80ff19f, L:/127.0.0.1:50284 - R:localhost/127.0.0.1:8081] onStateChange(GET{uri=/, connection=PooledConnection{channel=[id: 0xb80ff19f, L:/127.0.0.1:50284 - R:localhost/127.0.0.1:8081]}}, [configured])
20:40:46.829 [reactor-http-nio-16] DEBUG reactor.netty.resources.PooledConnectionProvider - [id: 0x4ab47f8c] Created new pooled channel, now 37 active connections and 7 inactive connections
20:40:46.829 [pool-12-thread-49] DEBUG org.springframework.web.reactive.function.client.ExchangeFunctions - [b88e00f] HTTP GET http://localhost:8081/getUserLocation?userId=fb8fa689-b7b5-4c95-b497-c1a0801db23d
20:40:46.827 [reactor-http-nio-11] DEBUG reactor.netty.channel.BootstrapHandlers - [id: 0xf8610755] Initialized pipeline DefaultChannelPipeline{(BootstrapHandlers$BootstrapInitializerHandler#0 = reactor.netty.channel.BootstrapHandlers$BootstrapInitializerHandler), (SimpleChannelPool$1#0 = io.netty.channel.pool.SimpleChannelPool$1), (reactor.left.httpCodec = io.netty.handler.codec.http.HttpClientCodec), (reactor.left.decompressor = io.netty.handler.codec.http.HttpContentDecompressor), (reactor.right.reactiveBridge = reactor.netty.channel.ChannelOperationsHandler)}
20:40:46.829 [reactor-http-nio-12] DEBUG reactor.netty.resources.PooledConnectionProvider - [id: 0xbbaa0872, L:/127.0.0.1:50269 - R:localhost/127.0.0.1:8081] onStateChange(GET{uri=/getUserLocation?userId=9119c8e9-7a87-4b9a-9719-5d3ea645ef3a, connection=PooledConnection{channel=[id: 0xbbaa0872, L:/127.0.0.1:50269 - R:localhost/127.0.0.1:8081]}}, [request_sent])
20:40:46.830 [reactor-http-nio-12] DEBUG reactor.netty.resources.PooledConnectionProvider - [id: 0xbbaa0872, L:/127.0.0.1:50269 - R:localhost/127.0.0.1:8081] Channel connected, now 37 active connections and 7 inactive connections
20:40:46.830 [reactor-http-nio-12] DEBUG reactor.netty.resources.PooledConnectionProvider - [id: 0x70cf3415] Created new pooled channel, now 37 active connections and 8 inactive connections
20:40:46.827 [reactor-http-nio-14] DEBUG reactor.netty.resources.PooledConnectionProvider - [id: 0x37820d17, L:/127.0.0.1:50283 - R:localhost/127.0.0.1:8081] Registering pool release on close event for channel
20:40:46.830 [reactor-http-nio-14] DEBUG reactor.netty.http.client.HttpClientConnect - [id: 0x37820d17, L:/127.0.0.1:50283 - R:localhost/127.0.0.1:8081] Handler is being applied: {uri=http://localhost:8081/getUserLocation?userId=9aa6c03a-1942-45e9-8e1c-c4d437d20705, method=GET}
20:40:46.827 [reactor-http-nio-13] DEBUG reactor.netty.channel.BootstrapHandlers - [id: 0x7744abeb] Initialized pipeline DefaultChannelPipeline{(BootstrapHandlers$BootstrapInitializerHandler#0 = reactor.netty.channel.BootstrapHandlers$BootstrapInitializerHandler), (SimpleChannelPool$1#0 = io.netty.channel.pool.SimpleChannelPool$1), (reactor.left.httpCodec = io.netty.handler.codec.http.HttpClientCodec), (reactor.left.decompressor = io.netty.handler.codec.http.HttpContentDecompressor), (reactor.right.reactiveBridge = reactor.netty.channel.ChannelOperationsHandler)}
20:40:46.828 [pool-12-thread-48] DEBUG org.springframework.web.reactive.function.client.ExchangeFunctions - [f89819] HTTP GET http://localhost:8081/getUserLocation?userId=bf6e25b2-1237-4cc9-9166-cf4f111f7fbd
20:40:46.831 [reactor-http-nio-15] DEBUG reactor.netty.resources.PooledConnectionProvider - [id: 0xb80ff19f, L:/127.0.0.1:50284 - R:localhost/127.0.0.1:8081] Registering pool release on close event for channel
20:40:46.831 [pool-12-thread-51] DEBUG org.springframework.web.reactive.function.client.ExchangeFunctions - [33e3638] HTTP GET http://localhost:8081/getUserLocation?userId=af1042fd-d78f-4cc8-8ab1-46c2f7ee5261
20:40:46.829 [reactor-http-nio-16] DEBUG reactor.netty.channel.BootstrapHandlers - [id: 0x4ab47f8c] Initialized pipeline DefaultChannelPipeline{(BootstrapHandlers$BootstrapInitializerHandler#0 = reactor.netty.channel.BootstrapHandlers$BootstrapInitializerHandler), (SimpleChannelPool$1#0 = io.netty.channel.pool.SimpleChannelPool$1), (reactor.left.httpCodec = io.netty.handler.codec.http.HttpClientCodec), (reactor.left.decompressor = io.netty.handler.codec.http.HttpContentDecompressor), (reactor.right.reactiveBridge = reactor.netty.channel.ChannelOperationsHandler)}
20:40:46.831 [reactor-http-nio-15] DEBUG reactor.netty.http.client.HttpClientConnect - [id: 0xb80ff19f, L:/127.0.0.1:50284 - R:localhost/127.0.0.1:8081] Handler is being applied: {uri=http://localhost:8081/getUserLocation?userId=d7c3c469-23a4-4235-bb5c-e4c1ff30bf9a, method=GET}
20:40:46.832 [reactor-http-nio-16] DEBUG reactor.netty.resources.PooledConnectionProvider - [id: 0x30c6031c] Created new pooled channel, now 38 active connections and 9 inactive connections
20:40:46.830 [reactor-http-nio-10] DEBUG reactor.netty.resources.PooledConnectionProvider - [id: 0xfd5cebe1] Created new pooled channel, now 37 active connections and 9 inactive connections
20:40:46.832 [reactor-http-nio-16] DEBUG reactor.netty.channel.BootstrapHandlers - [id: 0x30c6031c] Initialized pipeline DefaultChannelPipeline{(BootstrapHandlers$BootstrapInitializerHandler#0 = reactor.netty.channel.BootstrapHandlers$BootstrapInitializerHandler), (SimpleChannelPool$1#0 = io.netty.channel.pool.SimpleChannelPool$1), (reactor.left.httpCodec = io.netty.handler.codec.http.HttpClientCodec), (reactor.left.decompressor = io.netty.handler.codec.http.HttpContentDecompressor), (reactor.right.reactiveBridge = reactor.netty.channel.ChannelOperationsHandler)}
20:40:46.830 [reactor-http-nio-12] DEBUG reactor.netty.channel.BootstrapHandlers - [id: 0x70cf3415] Initialized pipeline DefaultChannelPipeline{(BootstrapHandlers$BootstrapInitializerHandler#0 = reactor.netty.channel.BootstrapHandlers$BootstrapInitializerHandler), (SimpleChannelPool$1#0 = io.netty.channel.pool.SimpleChannelPool$1), (reactor.left.httpCodec = io.netty.handler.codec.http.HttpClientCodec), (reactor.left.decompressor = io.netty.handler.codec.http.HttpContentDecompressor), (reactor.right.reactiveBridge = reactor.netty.channel.ChannelOperationsHandler)}
20:40:46.832 [reactor-http-nio-16] DEBUG reactor.netty.resources.PooledConnectionProvider - [id: 0x2be3660e, L:/127.0.0.1:50282 - R:localhost/127.0.0.1:8081] Registering pool release on close event for channel
20:40:46.833 [reactor-http-nio-16] DEBUG reactor.netty.http.client.HttpClientConnect - [id: 0x2be3660e, L:/127.0.0.1:50282 - R:localhost/127.0.0.1:8081] Handler is being applied: {uri=http://localhost:8081/getUserLocation?userId=26ea04a4-8f5d-4bf8-87e5-651164d1f768, method=GET}
20:40:46.830 [reactor-http-nio-11] DEBUG reactor.netty.resources.PooledConnectionProvider - [id: 0xf8610755, L:/127.0.0.1:50285 - R:localhost/127.0.0.1:8081] onStateChange(PooledConnection{channel=[id: 0xf8610755, L:/127.0.0.1:50285 - R:localhost/127.0.0.1:8081]}, [connected])
20:40:46.833 [reactor-http-nio-12] DEBUG reactor.netty.resources.PooledConnectionProvider - [id: 0xcea183ce] Created new pooled channel, now 39 active connections and 9 inactive connections
20:40:46.833 [reactor-http-nio-11] DEBUG reactor.netty.resources.PooledConnectionProvider - [id: 0xf8610755, L:/127.0.0.1:50285 - R:localhost/127.0.0.1:8081] onStateChange(GET{uri=/, connection=PooledConnection{channel=[id: 0xf8610755, L:/127.0.0.1:50285 - R:localhost/127.0.0.1:8081]}}, [configured])
20:40:46.833 [reactor-http-nio-11] DEBUG reactor.netty.resources.PooledConnectionProvider - [id: 0xf8610755, L:/127.0.0.1:50285 - R:localhost/127.0.0.1:8081] Registering pool release on close event for channel
20:40:46.833 [reactor-http-nio-12] DEBUG reactor.netty.channel.BootstrapHandlers - [id: 0xcea183ce] Initialized pipeline DefaultChannelPipeline{(BootstrapHandlers$BootstrapInitializerHandler#0 = reactor.netty.channel.BootstrapHandlers$BootstrapInitializerHandler), (SimpleChannelPool$1#0 = io.netty.channel.pool.SimpleChannelPool$1), (reactor.left.httpCodec = io.netty.handler.codec.http.HttpClientCodec), (reactor.left.decompressor = io.netty.handler.codec.http.HttpContentDecompressor), (reactor.right.reactiveBridge = reactor.netty.channel.ChannelOperationsHandler)}
20:40:46.830 [pool-12-thread-50] DEBUG org.springframework.web.reactive.function.client.ExchangeFunctions - [5b4dd251] HTTP GET http://localhost:8081/getUserLocation?userId=12d950e1-b014-4db7-a006-641a8d83be48
20:40:46.834 [reactor-http-nio-12] DEBUG reactor.netty.resources.PooledConnectionProvider - [id: 0x0d270386, L:/127.0.0.1:50279 - R:localhost/127.0.0.1:8081] onStateChange(PooledConnection{channel=[id: 0x0d270386, L:/127.0.0.1:50279 - R:localhost/127.0.0.1:8081]}, [connected])
20:40:46.831 [reactor-http-nio-13] DEBUG reactor.netty.resources.PooledConnectionProvider - [id: 0x7744abeb, L:/127.0.0.1:50286 - R:localhost/127.0.0.1:8081] onStateChange(PooledConnection{channel=[id: 0x7744abeb, L:/127.0.0.1:50286 - R:localhost/127.0.0.1:8081]}, [connected])
20:40:46.831 [reactor-http-nio-14] DEBUG reactor.netty.resources.PooledConnectionProvider - [id: 0x37820d17, L:/127.0.0.1:50283 - R:localhost/127.0.0.1:8081] onStateChange(GET{uri=/getUserLocation?userId=9aa6c03a-1942-45e9-8e1c-c4d437d20705, connection=PooledConnection{channel=[id: 0x37820d17, L:/127.0.0.1:50283 - R:localhost/127.0.0.1:8081]}}, [request_sent])
20:40:46.835 [reactor-http-nio-14] DEBUG reactor.netty.resources.PooledConnectionProvider - [id: 0x37820d17, L:/127.0.0.1:50283 - R:localhost/127.0.0.1:8081] Channel connected, now 40 active connections and 8 inactive connections
20:40:46.832 [pool-12-thread-52] DEBUG org.springframework.web.reactive.function.client.ExchangeFunctions - [61e04166] HTTP GET http://localhost:8081/getUserLocation?userId=75b471ac-13cf-4b7c-af38-cbb940016b2e
20:40:46.835 [reactor-http-nio-14] DEBUG reactor.netty.resources.PooledConnectionProvider - [id: 0x281b17dd] Created new pooled channel, now 40 active connections and 9 inactive connections
20:40:46.835 [reactor-http-nio-14] DEBUG reactor.netty.channel.BootstrapHandlers - [id: 0x281b17dd] Initialized pipeline DefaultChannelPipeline{(BootstrapHandlers$BootstrapInitializerHandler#0 = reactor.netty.channel.BootstrapHandlers$BootstrapInitializerHandler), (SimpleChannelPool$1#0 = io.netty.channel.pool.SimpleChannelPool$1), (reactor.left.httpCodec = io.netty.handler.codec.http.HttpClientCodec), (reactor.left.decompressor = io.netty.handler.codec.http.HttpContentDecompressor), (reactor.right.reactiveBridge = reactor.netty.channel.ChannelOperationsHandler)}
20:40:46.832 [reactor-http-nio-10] DEBUG reactor.netty.channel.BootstrapHandlers - [id: 0xfd5cebe1] Initialized pipeline DefaultChannelPipeline{(BootstrapHandlers$BootstrapInitializerHandler#0 = reactor.netty.channel.BootstrapHandlers$BootstrapInitializerHandler), (SimpleChannelPool$1#0 = io.netty.channel.pool.SimpleChannelPool$1), (reactor.left.httpCodec = io.netty.handler.codec.http.HttpClientCodec), (reactor.left.decompressor = io.netty.handler.codec.http.HttpContentDecompressor), (reactor.right.reactiveBridge = reactor.netty.channel.ChannelOperationsHandler)}
20:40:46.835 [reactor-http-nio-14] DEBUG reactor.netty.resources.PooledConnectionProvider - [id: 0xdc980221] Created new pooled channel, now 40 active connections and 10 inactive connections
20:40:46.836 [pool-12-thread-56] DEBUG org.springframework.web.reactive.function.client.ExchangeFunctions - [22a9a493] HTTP GET http://localhost:8081/getUserLocation?userId=f6e50702-e9a2-4d91-a55d-e1268d47ee78
20:40:46.833 [reactor-http-nio-15] DEBUG reactor.netty.resources.PooledConnectionProvider - [id: 0xb80ff19f, L:/127.0.0.1:50284 - R:localhost/127.0.0.1:8081] onStateChange(GET{uri=/getUserLocation?userId=d7c3c469-23a4-4235-bb5c-e4c1ff30bf9a, connection=PooledConnection{channel=[id: 0xb80ff19f, L:/127.0.0.1:50284 - R:localhost/127.0.0.1:8081]}}, [request_sent])
20:40:46.836 [reactor-http-nio-15] DEBUG reactor.netty.resources.PooledConnectionProvider - [id: 0xb80ff19f, L:/127.0.0.1:50284 - R:localhost/127.0.0.1:8081] Channel connected, now 40 active connections and 11 inactive connections
20:40:46.833 [reactor-http-nio-11] DEBUG reactor.netty.http.client.HttpClientConnect - [id: 0xf8610755, L:/127.0.0.1:50285 - R:localhost/127.0.0.1:8081] Handler is being applied: {uri=http://localhost:8081/getUserLocation?userId=31711ac1-4771-4147-a47d-ced3a008a059, method=GET}
20:40:46.834 [pool-12-thread-53] DEBUG org.springframework.web.reactive.function.client.ExchangeFunctions - [6be70986] HTTP GET http://localhost:8081/getUserLocation?userId=e9b270a9-3735-48f4-9418-565aba58a5c4
20:40:46.834 [reactor-http-nio-16] DEBUG reactor.netty.resources.PooledConnectionProvider - [id: 0x2be3660e, L:/127.0.0.1:50282 - R:localhost/127.0.0.1:8081] onStateChange(GET{uri=/getUserLocation?userId=26ea04a4-8f5d-4bf8-87e5-651164d1f768, connection=PooledConnection{channel=[id: 0x2be3660e, L:/127.0.0.1:50282 - R:localhost/127.0.0.1:8081]}}, [request_sent])
20:40:46.837 [reactor-http-nio-16] DEBUG reactor.netty.resources.PooledConnectionProvider - [id: 0x2be3660e, L:/127.0.0.1:50282 - R:localhost/127.0.0.1:8081] Channel connected, now 40 active connections and 11 inactive connections
20:40:46.837 [pool-12-thread-57] DEBUG org.springframework.web.reactive.function.client.ExchangeFunctions - [1700a98b] HTTP GET http://localhost:8081/getUserLocation?userId=c4961ba2-9c6f-431b-9dc9-e17813c9de62
20:40:46.834 [reactor-http-nio-12] DEBUG reactor.netty.resources.PooledConnectionProvider - [id: 0x0d270386, L:/127.0.0.1:50279 - R:localhost/127.0.0.1:8081] onStateChange(GET{uri=/, connection=PooledConnection{channel=[id: 0x0d270386, L:/127.0.0.1:50279 - R:localhost/127.0.0.1:8081]}}, [configured])
20:40:46.838 [pool-12-thread-58] DEBUG org.springframework.web.reactive.function.client.ExchangeFunctions - [43f5cd35] HTTP GET http://localhost:8081/getUserLocation?userId=7bb93e4a-6ab6-40ce-8a42-883b97f35fa0
20:40:46.838 [reactor-http-nio-16] DEBUG reactor.netty.resources.PooledConnectionProvider - [id: 0xe937ed28] Created new pooled channel, now 40 active connections and 12 inactive connections
20:40:46.834 [pool-12-thread-54] DEBUG org.springframework.web.reactive.function.client.ExchangeFunctions - [772024af] HTTP GET http://localhost:8081/getUserLocation?userId=55890608-3760-4a04-91ff-5c8935b9f0bd
20:40:46.838 [reactor-http-nio-16] DEBUG reactor.netty.channel.BootstrapHandlers - [id: 0xe937ed28] Initialized pipeline DefaultChannelPipeline{(BootstrapHandlers$BootstrapInitializerHandler#0 = reactor.netty.channel.BootstrapHandlers$BootstrapInitializerHandler), (SimpleChannelPool$1#0 = io.netty.channel.pool.SimpleChannelPool$1), (reactor.left.httpCodec = io.netty.handler.codec.http.HttpClientCodec), (reactor.left.decompressor = io.netty.handler.codec.http.HttpContentDecompressor), (reactor.right.reactiveBridge = reactor.netty.channel.ChannelOperationsHandler)}
20:40:46.839 [reactor-http-nio-2] DEBUG reactor.netty.resources.PooledConnectionProvider - [id: 0xce2d8eaa] Created new pooled channel, now 40 active connections and 13 inactive connections
20:40:46.839 [pool-12-thread-59] DEBUG org.springframework.web.reactive.function.client.ExchangeFunctions - [2977eae6] HTTP GET http://localhost:8081/getUserLocation?userId=6bb3ce59-695a-4b0c-ad84-5d9c6c19fb6a
20:40:46.839 [reactor-http-nio-16] DEBUG reactor.netty.resources.PooledConnectionProvider - [id: 0x4ab47f8c, L:/127.0.0.1:50291 - R:localhost/127.0.0.1:8081] onStateChange(PooledConnection{channel=[id: 0x4ab47f8c, L:/127.0.0.1:50291 - R:localhost/127.0.0.1:8081]}, [connected])
20:40:46.839 [reactor-http-nio-16] DEBUG reactor.netty.resources.PooledConnectionProvider - [id: 0x4ab47f8c, L:/127.0.0.1:50291 - R:localhost/127.0.0.1:8081] onStateChange(GET{uri=/, connection=PooledConnection{channel=[id: 0x4ab47f8c, L:/127.0.0.1:50291 - R:localhost/127.0.0.1:8081]}}, [configured])
20:40:46.839 [reactor-http-nio-16] DEBUG reactor.netty.resources.PooledConnectionProvider - [id: 0x30c6031c, L:/127.0.0.1:50292 - R:localhost/127.0.0.1:8081] onStateChange(PooledConnection{channel=[id: 0x30c6031c, L:/127.0.0.1:50292 - R:localhost/127.0.0.1:8081]}, [connected])
20:40:46.840 [reactor-http-nio-16] DEBUG reactor.netty.resources.PooledConnectionProvider - [id: 0x30c6031c, L:/127.0.0.1:50292 - R:localhost/127.0.0.1:8081] onStateChange(GET{uri=/, connection=PooledConnection{channel=[id: 0x30c6031c, L:/127.0.0.1:50292 - R:localhost/127.0.0.1:8081]}}, [configured])
20:40:46.834 [reactor-http-nio-13] DEBUG reactor.netty.resources.PooledConnectionProvider - [id: 0x7744abeb, L:/127.0.0.1:50286 - R:localhost/127.0.0.1:8081] onStateChange(GET{uri=/, connection=PooledConnection{channel=[id: 0x7744abeb, L:/127.0.0.1:50286 - R:localhost/127.0.0.1:8081]}}, [configured])
20:40:46.840 [reactor-http-nio-16] DEBUG reactor.netty.resources.PooledConnectionProvider - [id: 0xe937ed28, L:/127.0.0.1:50293 - R:localhost/127.0.0.1:8081] onStateChange(PooledConnection{channel=[id: 0xe937ed28, L:/127.0.0.1:50293 - R:localhost/127.0.0.1:8081]}, [connected])
20:40:46.840 [reactor-http-nio-13] DEBUG reactor.netty.resources.PooledConnectionProvider - [id: 0x86f0206d] Created new pooled channel, now 40 active connections and 14 inactive connections
20:40:46.840 [reactor-http-nio-16] DEBUG reactor.netty.resources.PooledConnectionProvider - [id: 0xe937ed28, L:/127.0.0.1:50293 - R:localhost/127.0.0.1:8081] onStateChange(GET{uri=/, connection=PooledConnection{channel=[id: 0xe937ed28, L:/127.0.0.1:50293 - R:localhost/127.0.0.1:8081]}}, [configured])
20:40:46.840 [pool-12-thread-60] DEBUG org.springframework.web.reactive.function.client.ExchangeFunctions - [7d221f59] HTTP GET http://localhost:8081/getUserLocation?userId=7598188c-afd1-4297-8e39-70849a0f660e
20:40:46.835 [pool-12-thread-55] DEBUG org.springframework.web.reactive.function.client.ExchangeFunctions - [68612fd2] HTTP GET http://localhost:8081/getUserLocation?userId=349d4dde-02a0-4330-8a8f-12af1ee96ecd
20:40:46.840 [reactor-http-nio-13] DEBUG reactor.netty.channel.BootstrapHandlers - [id: 0x86f0206d] Initialized pipeline DefaultChannelPipeline{(BootstrapHandlers$BootstrapInitializerHandler#0 = reactor.netty.channel.BootstrapHandlers$BootstrapInitializerHandler), (SimpleChannelPool$1#0 = io.netty.channel.pool.SimpleChannelPool$1), (reactor.left.httpCodec = io.netty.handler.codec.http.HttpClientCodec), (reactor.left.decompressor = io.netty.handler.codec.http.HttpContentDecompressor), (reactor.right.reactiveBridge = reactor.netty.channel.ChannelOperationsHandler)}
20:40:46.836 [reactor-http-nio-14] DEBUG reactor.netty.channel.BootstrapHandlers - [id: 0xdc980221] Initialized pipeline DefaultChannelPipeline{(BootstrapHandlers$BootstrapInitializerHandler#0 = reactor.netty.channel.BootstrapHandlers$BootstrapInitializerHandler), (SimpleChannelPool$1#0 = io.netty.channel.pool.SimpleChannelPool$1), (reactor.left.httpCodec = io.netty.handler.codec.http.HttpClientCodec), (reactor.left.decompressor = io.netty.handler.codec.http.HttpContentDecompressor), (reactor.right.reactiveBridge = reactor.netty.channel.ChannelOperationsHandler)}
20:40:46.841 [pool-12-thread-61] DEBUG org.springframework.web.reactive.function.client.ExchangeFunctions - [7eb00f62] HTTP GET http://localhost:8081/getUserLocation?userId=d88ca432-0da9-429c-8a8f-9e30e84dda62
20:40:46.836 [reactor-http-nio-10] DEBUG reactor.netty.resources.PooledConnectionProvider - [id: 0xeb8d3006] Created new pooled channel, now 40 active connections and 11 inactive connections
20:40:46.837 [reactor-http-nio-11] DEBUG reactor.netty.resources.PooledConnectionProvider - [id: 0xf8610755, L:/127.0.0.1:50285 - R:localhost/127.0.0.1:8081] onStateChange(GET{uri=/getUserLocation?userId=31711ac1-4771-4147-a47d-ced3a008a059, connection=PooledConnection{channel=[id: 0xf8610755, L:/127.0.0.1:50285 - R:localhost/127.0.0.1:8081]}}, [request_sent])
20:40:46.838 [reactor-http-nio-12] DEBUG reactor.netty.resources.PooledConnectionProvider - [id: 0x83103ed5, L:/127.0.0.1:50287 - R:localhost/127.0.0.1:8081] onStateChange(PooledConnection{channel=[id: 0x83103ed5, L:/127.0.0.1:50287 - R:localhost/127.0.0.1:8081]}, [connected])
20:40:46.839 [reactor-http-nio-2] DEBUG reactor.netty.channel.BootstrapHandlers - [id: 0xce2d8eaa] Initialized pipeline DefaultChannelPipeline{(BootstrapHandlers$BootstrapInitializerHandler#0 = reactor.netty.channel.BootstrapHandlers$BootstrapInitializerHandler), (SimpleChannelPool$1#0 = io.netty.channel.pool.SimpleChannelPool$1), (reactor.left.httpCodec = io.netty.handler.codec.http.HttpClientCodec), (reactor.left.decompressor = io.netty.handler.codec.http.HttpContentDecompressor), (reactor.right.reactiveBridge = reactor.netty.channel.ChannelOperationsHandler)}
20:40:46.842 [pool-12-thread-62] DEBUG org.springframework.web.reactive.function.client.ExchangeFunctions - [7d64b303] HTTP GET http://localhost:8081/getUserLocation?userId=390b281b-8689-4545-9e1b-0f3233a7c49e
20:40:46.840 [reactor-http-nio-16] DEBUG reactor.netty.resources.PooledConnectionProvider - [id: 0x30c6031c, L:/127.0.0.1:50292 - R:localhost/127.0.0.1:8081] Registering pool release on close event for channel
20:40:46.840 [reactor-http-nio-13] DEBUG reactor.netty.resources.PooledConnectionProvider - [id: 0x7744abeb, L:/127.0.0.1:50286 - R:localhost/127.0.0.1:8081] Registering pool release on close event for channel
20:40:46.842 [reactor-http-nio-2] DEBUG reactor.netty.resources.PooledConnectionProvider - [id: 0xb9fd1fe8] Created new pooled channel, now 42 active connections and 14 inactive connections
20:40:46.842 [reactor-http-nio-13] DEBUG reactor.netty.http.client.HttpClientConnect - [id: 0x7744abeb, L:/127.0.0.1:50286 - R:localhost/127.0.0.1:8081] Handler is being applied: {uri=http://localhost:8081/getUserLocation?userId=8cf88738-f1cc-4aa0-89d9-1511dc6a0689, method=GET}
20:40:46.841 [reactor-http-nio-14] DEBUG reactor.netty.resources.PooledConnectionProvider - [id: 0xeea4a5eb] Created new pooled channel, now 42 active connections and 13 inactive connections
20:40:46.842 [pool-12-thread-63] DEBUG org.springframework.web.reactive.function.client.ExchangeFunctions - [3f851781] HTTP GET http://localhost:8081/getUserLocation?userId=91f6b415-2e50-4521-b455-43990d5266d8
20:40:46.841 [reactor-http-nio-11] DEBUG reactor.netty.resources.PooledConnectionProvider - [id: 0xf8610755, L:/127.0.0.1:50285 - R:localhost/127.0.0.1:8081] Channel connected, now 42 active connections and 13 inactive connections
20:40:46.841 [reactor-http-nio-10] DEBUG reactor.netty.channel.BootstrapHandlers - [id: 0xeb8d3006] Initialized pipeline DefaultChannelPipeline{(BootstrapHandlers$BootstrapInitializerHandler#0 = reactor.netty.channel.BootstrapHandlers$BootstrapInitializerHandler), (SimpleChannelPool$1#0 = io.netty.channel.pool.SimpleChannelPool$1), (reactor.left.httpCodec = io.netty.handler.codec.http.HttpClientCodec), (reactor.left.decompressor = io.netty.handler.codec.http.HttpContentDecompressor), (reactor.right.reactiveBridge = reactor.netty.channel.ChannelOperationsHandler)}
20:40:46.842 [reactor-http-nio-12] DEBUG reactor.netty.resources.PooledConnectionProvider - [id: 0x83103ed5, L:/127.0.0.1:50287 - R:localhost/127.0.0.1:8081] onStateChange(GET{uri=/, connection=PooledConnection{channel=[id: 0x83103ed5, L:/127.0.0.1:50287 - R:localhost/127.0.0.1:8081]}}, [configured])
20:40:46.843 [pool-12-thread-64] DEBUG org.springframework.web.reactive.function.client.ExchangeFunctions - [8112739] HTTP GET http://localhost:8081/getUserLocation?userId=10d9018d-dc7d-430f-a6ed-b85ec99009de
20:40:46.843 [reactor-http-nio-10] DEBUG reactor.netty.resources.PooledConnectionProvider - [id: 0x074029b1] Created new pooled channel, now 42 active connections and 15 inactive connections
20:40:46.843 [reactor-http-nio-12] DEBUG reactor.netty.resources.PooledConnectionProvider - [id: 0x70cf3415, L:/127.0.0.1:50288 - R:localhost/127.0.0.1:8081] onStateChange(PooledConnection{channel=[id: 0x70cf3415, L:/127.0.0.1:50288 - R:localhost/127.0.0.1:8081]}, [connected])
20:40:46.843 [reactor-http-nio-12] DEBUG reactor.netty.resources.PooledConnectionProvider - [id: 0x70cf3415, L:/127.0.0.1:50288 - R:localhost/127.0.0.1:8081] onStateChange(GET{uri=/, connection=PooledConnection{channel=[id: 0x70cf3415, L:/127.0.0.1:50288 - R:localhost/127.0.0.1:8081]}}, [configured])
20:40:46.842 [reactor-http-nio-16] DEBUG reactor.netty.http.client.HttpClientConnect - [id: 0x30c6031c, L:/127.0.0.1:50292 - R:localhost/127.0.0.1:8081] Handler is being applied: {uri=http://localhost:8081/getUserLocation?userId=c72b9585-4a23-4eec-8ce7-8e91df1f9c11, method=GET}
20:40:46.843 [reactor-http-nio-13] DEBUG reactor.netty.resources.PooledConnectionProvider - [id: 0x7744abeb, L:/127.0.0.1:50286 - R:localhost/127.0.0.1:8081] onStateChange(GET{uri=/getUserLocation?userId=8cf88738-f1cc-4aa0-89d9-1511dc6a0689, connection=PooledConnection{channel=[id: 0x7744abeb, L:/127.0.0.1:50286 - R:localhost/127.0.0.1:8081]}}, [request_sent])
20:40:46.842 [reactor-http-nio-2] DEBUG reactor.netty.channel.BootstrapHandlers - [id: 0xb9fd1fe8] Initialized pipeline DefaultChannelPipeline{(BootstrapHandlers$BootstrapInitializerHandler#0 = reactor.netty.channel.BootstrapHandlers$BootstrapInitializerHandler), (SimpleChannelPool$1#0 = io.netty.channel.pool.SimpleChannelPool$1), (reactor.left.httpCodec = io.netty.handler.codec.http.HttpClientCodec), (reactor.left.decompressor = io.netty.handler.codec.http.HttpContentDecompressor), (reactor.right.reactiveBridge = reactor.netty.channel.ChannelOperationsHandler)}
20:40:46.843 [reactor-http-nio-12] DEBUG reactor.netty.resources.PooledConnectionProvider - [id: 0xcea183ce, L:/127.0.0.1:50289 - R:localhost/127.0.0.1:8081] onStateChange(PooledConnection{channel=[id: 0xcea183ce, L:/127.0.0.1:50289 - R:localhost/127.0.0.1:8081]}, [connected])
20:40:46.843 [reactor-http-nio-12] DEBUG reactor.netty.resources.PooledConnectionProvider - [id: 0xcea183ce, L:/127.0.0.1:50289 - R:localhost/127.0.0.1:8081] onStateChange(GET{uri=/, connection=PooledConnection{channel=[id: 0xcea183ce, L:/127.0.0.1:50289 - R:localhost/127.0.0.1:8081]}}, [configured])
20:40:46.842 [reactor-http-nio-14] DEBUG reactor.netty.channel.BootstrapHandlers - [id: 0xeea4a5eb] Initialized pipeline DefaultChannelPipeline{(BootstrapHandlers$BootstrapInitializerHandler#0 = reactor.netty.channel.BootstrapHandlers$BootstrapInitializerHandler), (SimpleChannelPool$1#0 = io.netty.channel.pool.SimpleChannelPool$1), (reactor.left.httpCodec = io.netty.handler.codec.http.HttpClientCodec), (reactor.left.decompressor = io.netty.handler.codec.http.HttpContentDecompressor), (reactor.right.reactiveBridge = reactor.netty.channel.ChannelOperationsHandler)}
20:40:46.843 [reactor-http-nio-10] DEBUG reactor.netty.channel.BootstrapHandlers - [id: 0x074029b1] Initialized pipeline DefaultChannelPipeline{(BootstrapHandlers$BootstrapInitializerHandler#0 = reactor.netty.channel.BootstrapHandlers$BootstrapInitializerHandler), (SimpleChannelPool$1#0 = io.netty.channel.pool.SimpleChannelPool$1), (reactor.left.httpCodec = io.netty.handler.codec.http.HttpClientCodec), (reactor.left.decompressor = io.netty.handler.codec.http.HttpContentDecompressor), (reactor.right.reactiveBridge = reactor.netty.channel.ChannelOperationsHandler)}
20:40:46.843 [reactor-http-nio-13] DEBUG reactor.netty.resources.PooledConnectionProvider - [id: 0x7744abeb, L:/127.0.0.1:50286 - R:localhost/127.0.0.1:8081] Channel connected, now 42 active connections and 15 inactive connections
20:40:46.844 [reactor-http-nio-12] DEBUG reactor.netty.resources.PooledConnectionProvider - [id: 0x0d270386, L:/127.0.0.1:50279 - R:localhost/127.0.0.1:8081] Registering pool release on close event for channel
20:40:46.844 [reactor-http-nio-10] DEBUG reactor.netty.resources.PooledConnectionProvider - [id: 0x163b3bc4] Created new pooled channel, now 43 active connections and 16 inactive connections
20:40:46.844 [reactor-http-nio-14] DEBUG reactor.netty.resources.PooledConnectionProvider - [id: 0xcd551a5c] Created new pooled channel, now 43 active connections and 17 inactive connections
20:40:46.844 [reactor-http-nio-12] DEBUG reactor.netty.http.client.HttpClientConnect - [id: 0x0d270386, L:/127.0.0.1:50279 - R:localhost/127.0.0.1:8081] Handler is being applied: {uri=http://localhost:8081/getUserLocation?userId=9bb1a555-241a-4905-adf2-8e3c48514ccf, method=GET}
20:40:46.844 [reactor-http-nio-10] DEBUG reactor.netty.channel.BootstrapHandlers - [id: 0x163b3bc4] Initialized pipeline DefaultChannelPipeline{(BootstrapHandlers$BootstrapInitializerHandler#0 = reactor.netty.channel.BootstrapHandlers$BootstrapInitializerHandler), (SimpleChannelPool$1#0 = io.netty.channel.pool.SimpleChannelPool$1), (reactor.left.httpCodec = io.netty.handler.codec.http.HttpClientCodec), (reactor.left.decompressor = io.netty.handler.codec.http.HttpContentDecompressor), (reactor.right.reactiveBridge = reactor.netty.channel.ChannelOperationsHandler)}
20:40:46.844 [reactor-http-nio-2] DEBUG reactor.netty.resources.PooledConnectionProvider - [id: 0x7ef0c167] Created new pooled channel, now 43 active connections and 15 inactive connections
20:40:46.844 [reactor-http-nio-14] DEBUG reactor.netty.channel.BootstrapHandlers - [id: 0xcd551a5c] Initialized pipeline DefaultChannelPipeline{(BootstrapHandlers$BootstrapInitializerHandler#0 = reactor.netty.channel.BootstrapHandlers$BootstrapInitializerHandler), (SimpleChannelPool$1#0 = io.netty.channel.pool.SimpleChannelPool$1), (reactor.left.httpCodec = io.netty.handler.codec.http.HttpClientCodec), (reactor.left.decompressor = io.netty.handler.codec.http.HttpContentDecompressor), (reactor.right.reactiveBridge = reactor.netty.channel.ChannelOperationsHandler)}
20:40:46.844 [reactor-http-nio-2] DEBUG reactor.netty.channel.BootstrapHandlers - [id: 0x7ef0c167] Initialized pipeline DefaultChannelPipeline{(BootstrapHandlers$BootstrapInitializerHandler#0 = reactor.netty.channel.BootstrapHandlers$BootstrapInitializerHandler), (SimpleChannelPool$1#0 = io.netty.channel.pool.SimpleChannelPool$1), (reactor.left.httpCodec = io.netty.handler.codec.http.HttpClientCodec), (reactor.left.decompressor = io.netty.handler.codec.http.HttpContentDecompressor), (reactor.right.reactiveBridge = reactor.netty.channel.ChannelOperationsHandler)}
20:40:46.844 [reactor-http-nio-10] DEBUG reactor.netty.resources.PooledConnectionProvider - [id: 0x2a5ccfca] Created new pooled channel, now 43 active connections and 18 inactive connections
20:40:46.845 [reactor-http-nio-13] DEBUG reactor.netty.http.client.HttpClientOperations - [id: 0xd31561fb, L:/127.0.0.1:50256 - R:localhost/127.0.0.1:8081] Received response (auto-read:false) : [Content-Type=application/json, Transfer-Encoding=chunked, Date=Fri, 11 Jun 2021 15:10:46 GMT]
20:40:46.845 [reactor-http-nio-13] DEBUG reactor.netty.resources.PooledConnectionProvider - [id: 0xd31561fb, L:/127.0.0.1:50256 - R:localhost/127.0.0.1:8081] onStateChange(GET{uri=/getUserLocation?userId=25560be8-fcfc-48ba-9967-710b2eaec3de, connection=PooledConnection{channel=[id: 0xd31561fb, L:/127.0.0.1:50256 - R:localhost/127.0.0.1:8081]}}, [response_received])
20:40:46.845 [reactor-http-nio-14] DEBUG reactor.netty.resources.PooledConnectionProvider - [id: 0x8d5a3bc9] Created new pooled channel, now 43 active connections and 19 inactive connections
20:40:46.844 [reactor-http-nio-16] DEBUG reactor.netty.resources.PooledConnectionProvider - [id: 0x30c6031c, L:/127.0.0.1:50292 - R:localhost/127.0.0.1:8081] onStateChange(GET{uri=/getUserLocation?userId=c72b9585-4a23-4eec-8ce7-8e91df1f9c11, connection=PooledConnection{channel=[id: 0x30c6031c, L:/127.0.0.1:50292 - R:localhost/127.0.0.1:8081]}}, [request_sent])
20:40:46.845 [reactor-http-nio-16] DEBUG reactor.netty.resources.PooledConnectionProvider - [id: 0x30c6031c, L:/127.0.0.1:50292 - R:localhost/127.0.0.1:8081] Channel connected, now 43 active connections and 19 inactive connections
20:40:46.845 [reactor-http-nio-16] DEBUG reactor.netty.resources.PooledConnectionProvider - [id: 0xe937ed28, L:/127.0.0.1:50293 - R:localhost/127.0.0.1:8081] Registering pool release on close event for channel
20:40:46.845 [reactor-http-nio-14] DEBUG reactor.netty.channel.BootstrapHandlers - [id: 0x8d5a3bc9] Initialized pipeline DefaultChannelPipeline{(BootstrapHandlers$BootstrapInitializerHandler#0 = reactor.netty.channel.BootstrapHandlers$BootstrapInitializerHandler), (SimpleChannelPool$1#0 = io.netty.channel.pool.SimpleChannelPool$1), (reactor.left.httpCodec = io.netty.handler.codec.http.HttpClientCodec), (reactor.left.decompressor = io.netty.handler.codec.http.HttpContentDecompressor), (reactor.right.reactiveBridge = reactor.netty.channel.ChannelOperationsHandler)}
20:40:46.845 [reactor-http-nio-16] DEBUG reactor.netty.http.client.HttpClientConnect - [id: 0xe937ed28, L:/127.0.0.1:50293 - R:localhost/127.0.0.1:8081] Handler is being applied: {uri=http://localhost:8081/getUserLocation?userId=12d950e1-b014-4db7-a006-641a8d83be48, method=GET}
20:40:46.845 [reactor-http-nio-10] DEBUG reactor.netty.channel.BootstrapHandlers - [id: 0x2a5ccfca] Initialized pipeline DefaultChannelPipeline{(BootstrapHandlers$BootstrapInitializerHandler#0 = reactor.netty.channel.BootstrapHandlers$BootstrapInitializerHandler), (SimpleChannelPool$1#0 = io.netty.channel.pool.SimpleChannelPool$1), (reactor.left.httpCodec = io.netty.handler.codec.http.HttpClientCodec), (reactor.left.decompressor = io.netty.handler.codec.http.HttpContentDecompressor), (reactor.right.reactiveBridge = reactor.netty.channel.ChannelOperationsHandler)}
20:40:46.845 [reactor-http-nio-12] DEBUG reactor.netty.resources.PooledConnectionProvider - [id: 0x0d270386, L:/127.0.0.1:50279 - R:localhost/127.0.0.1:8081] onStateChange(GET{uri=/getUserLocation?userId=9bb1a555-241a-4905-adf2-8e3c48514ccf, connection=PooledConnection{channel=[id: 0x0d270386, L:/127.0.0.1:50279 - R:localhost/127.0.0.1:8081]}}, [request_sent])
20:40:46.845 [reactor-http-nio-12] DEBUG reactor.netty.resources.PooledConnectionProvider - [id: 0x0d270386, L:/127.0.0.1:50279 - R:localhost/127.0.0.1:8081] Channel connected, now 44 active connections and 18 inactive connections
20:40:46.845 [reactor-http-nio-13] DEBUG org.springframework.web.reactive.function.client.ExchangeFunctions - [57a0020a] Response 200 OK
20:40:46.846 [reactor-http-nio-10] DEBUG reactor.netty.resources.PooledConnectionProvider - [id: 0xfd5cebe1, L:/127.0.0.1:50290 - R:localhost/127.0.0.1:8081] onStateChange(PooledConnection{channel=[id: 0xfd5cebe1, L:/127.0.0.1:50290 - R:localhost/127.0.0.1:8081]}, [connected])
20:40:46.846 [reactor-http-nio-16] DEBUG reactor.netty.resources.PooledConnectionProvider - [id: 0xe937ed28, L:/127.0.0.1:50293 - R:localhost/127.0.0.1:8081] onStateChange(GET{uri=/getUserLocation?userId=12d950e1-b014-4db7-a006-641a8d83be48, connection=PooledConnection{channel=[id: 0xe937ed28, L:/127.0.0.1:50293 - R:localhost/127.0.0.1:8081]}}, [request_sent])
20:40:46.846 [reactor-http-nio-14] DEBUG reactor.netty.http.client.HttpClientOperations - [id: 0xe42ed116, L:/127.0.0.1:50253 - R:localhost/127.0.0.1:8081] Received response (auto-read:false) : [Content-Type=application/json, Transfer-Encoding=chunked, Date=Fri, 11 Jun 2021 15:10:46 GMT]
20:40:46.846 [reactor-http-nio-16] DEBUG reactor.netty.resources.PooledConnectionProvider - [id: 0xe937ed28, L:/127.0.0.1:50293 - R:localhost/127.0.0.1:8081] Channel connected, now 44 active connections and 19 inactive connections
20:40:46.846 [reactor-http-nio-10] DEBUG reactor.netty.resources.PooledConnectionProvider - [id: 0xfd5cebe1, L:/127.0.0.1:50290 - R:localhost/127.0.0.1:8081] onStateChange(GET{uri=/, connection=PooledConnection{channel=[id: 0xfd5cebe1, L:/127.0.0.1:50290 - R:localhost/127.0.0.1:8081]}}, [configured])
20:40:46.845 [reactor-http-nio-2] DEBUG reactor.netty.resources.PooledConnectionProvider - [id: 0xce2d8eaa, L:/127.0.0.1:50295 - R:localhost/127.0.0.1:8081] onStateChange(PooledConnection{channel=[id: 0xce2d8eaa, L:/127.0.0.1:50295 - R:localhost/127.0.0.1:8081]}, [connected])
20:40:46.846 [reactor-http-nio-12] DEBUG reactor.netty.resources.PooledConnectionProvider - [id: 0x76564411] Created new pooled channel, now 44 active connections and 19 inactive connections
20:40:46.846 [reactor-http-nio-14] DEBUG reactor.netty.resources.PooledConnectionProvider - [id: 0xe42ed116, L:/127.0.0.1:50253 - R:localhost/127.0.0.1:8081] onStateChange(GET{uri=/getUserLocation?userId=fdb1a21e-600f-459f-a7f1-6589cf6a7cb6, connection=PooledConnection{channel=[id: 0xe42ed116, L:/127.0.0.1:50253 - R:localhost/127.0.0.1:8081]}}, [response_received])
20:40:46.846 [reactor-http-nio-10] DEBUG reactor.netty.resources.PooledConnectionProvider - [id: 0xeb8d3006, L:/127.0.0.1:50297 - R:localhost/127.0.0.1:8081] onStateChange(PooledConnection{channel=[id: 0xeb8d3006, L:/127.0.0.1:50297 - R:localhost/127.0.0.1:8081]}, [connected])
20:40:46.846 [reactor-http-nio-16] DEBUG reactor.netty.resources.PooledConnectionProvider - [id: 0x4ab47f8c, L:/127.0.0.1:50291 - R:localhost/127.0.0.1:8081] Registering pool release on close event for channel
20:40:46.846 [reactor-http-nio-2] DEBUG reactor.netty.resources.PooledConnectionProvider - [id: 0xce2d8eaa, L:/127.0.0.1:50295 - R:localhost/127.0.0.1:8081] onStateChange(GET{uri=/, connection=PooledConnection{channel=[id: 0xce2d8eaa, L:/127.0.0.1:50295 - R:localhost/127.0.0.1:8081]}}, [configured])
20:40:46.846 [reactor-http-nio-13] DEBUG reactor.netty.channel.FluxReceive - [id: 0xd31561fb, L:/127.0.0.1:50256 - R:localhost/127.0.0.1:8081] Subscribing inbound receiver [pending: 0, cancelled:false, inboundDone: false]
20:40:46.847 [reactor-http-nio-14] DEBUG org.springframework.web.reactive.function.client.ExchangeFunctions - [121e73de] Response 200 OK
20:40:46.847 [reactor-http-nio-12] DEBUG reactor.netty.channel.BootstrapHandlers - [id: 0x76564411] Initialized pipeline DefaultChannelPipeline{(BootstrapHandlers$BootstrapInitializerHandler#0 = reactor.netty.channel.BootstrapHandlers$BootstrapInitializerHandler), (SimpleChannelPool$1#0 = io.netty.channel.pool.SimpleChannelPool$1), (reactor.left.httpCodec = io.netty.handler.codec.http.HttpClientCodec), (reactor.left.decompressor = io.netty.handler.codec.http.HttpContentDecompressor), (reactor.right.reactiveBridge = reactor.netty.channel.ChannelOperationsHandler)}
20:40:46.847 [reactor-http-nio-10] DEBUG reactor.netty.resources.PooledConnectionProvider - [id: 0xeb8d3006, L:/127.0.0.1:50297 - R:localhost/127.0.0.1:8081] onStateChange(GET{uri=/, connection=PooledConnection{channel=[id: 0xeb8d3006, L:/127.0.0.1:50297 - R:localhost/127.0.0.1:8081]}}, [configured])
20:40:46.847 [reactor-http-nio-12] DEBUG reactor.netty.resources.PooledConnectionProvider - [id: 0xa6263615] Created new pooled channel, now 45 active connections and 19 inactive connections
20:40:46.847 [reactor-http-nio-16] DEBUG reactor.netty.http.client.HttpClientConnect - [id: 0x4ab47f8c, L:/127.0.0.1:50291 - R:localhost/127.0.0.1:8081] Handler is being applied: {uri=http://localhost:8081/getUserLocation?userId=a6aa10ef-143a-464f-b831-381f6af2af68, method=GET}
20:40:46.847 [reactor-http-nio-10] DEBUG reactor.netty.resources.PooledConnectionProvider - [id: 0x074029b1, L:/127.0.0.1:50304 - R:localhost/127.0.0.1:8081] onStateChange(PooledConnection{channel=[id: 0x074029b1, L:/127.0.0.1:50304 - R:localhost/127.0.0.1:8081]}, [connected])
20:40:46.847 [reactor-http-nio-2] DEBUG reactor.netty.resources.PooledConnectionProvider - [id: 0xb9fd1fe8, L:/127.0.0.1:50299 - R:localhost/127.0.0.1:8081] onStateChange(PooledConnection{channel=[id: 0xb9fd1fe8, L:/127.0.0.1:50299 - R:localhost/127.0.0.1:8081]}, [connected])
20:40:46.847 [reactor-http-nio-12] DEBUG reactor.netty.channel.BootstrapHandlers - [id: 0xa6263615] Initialized pipeline DefaultChannelPipeline{(BootstrapHandlers$BootstrapInitializerHandler#0 = reactor.netty.channel.BootstrapHandlers$BootstrapInitializerHandler), (SimpleChannelPool$1#0 = io.netty.channel.pool.SimpleChannelPool$1), (reactor.left.httpCodec = io.netty.handler.codec.http.HttpClientCodec), (reactor.left.decompressor = io.netty.handler.codec.http.HttpContentDecompressor), (reactor.right.reactiveBridge = reactor.netty.channel.ChannelOperationsHandler)}
20:40:46.847 [reactor-http-nio-14] DEBUG reactor.netty.channel.FluxReceive - [id: 0xe42ed116, L:/127.0.0.1:50253 - R:localhost/127.0.0.1:8081] Subscribing inbound receiver [pending: 0, cancelled:false, inboundDone: false]
20:40:46.847 [reactor-http-nio-13] DEBUG reactor.netty.http.client.HttpClientOperations - [id: 0xd31561fb, L:/127.0.0.1:50256 - R:localhost/127.0.0.1:8081] Received last HTTP packet
20:40:46.847 [reactor-http-nio-2] DEBUG reactor.netty.resources.PooledConnectionProvider - [id: 0xb9fd1fe8, L:/127.0.0.1:50299 - R:localhost/127.0.0.1:8081] onStateChange(GET{uri=/, connection=PooledConnection{channel=[id: 0xb9fd1fe8, L:/127.0.0.1:50299 - R:localhost/127.0.0.1:8081]}}, [configured])
20:40:46.847 [reactor-http-nio-10] DEBUG reactor.netty.resources.PooledConnectionProvider - [id: 0x074029b1, L:/127.0.0.1:50304 - R:localhost/127.0.0.1:8081] onStateChange(GET{uri=/, connection=PooledConnection{channel=[id: 0x074029b1, L:/127.0.0.1:50304 - R:localhost/127.0.0.1:8081]}}, [configured])
20:40:46.848 [reactor-http-nio-13] DEBUG org.springframework.core.codec.StringDecoder - [57a0020a] Decoded "{"userId":"25560be8-fcfc-48ba-9967-710b2eaec3de","location":{"longitude":165.00939,"latitude":-68.8 (truncated)...
20:40:46.848 [reactor-http-nio-12] DEBUG reactor.netty.resources.PooledConnectionProvider - [id: 0xb65f99c8] Created new pooled channel, now 45 active connections and 20 inactive connections
20:40:46.848 [reactor-http-nio-2] DEBUG reactor.netty.resources.PooledConnectionProvider - [id: 0x7ef0c167, L:/127.0.0.1:50300 - R:localhost/127.0.0.1:8081] onStateChange(PooledConnection{channel=[id: 0x7ef0c167, L:/127.0.0.1:50300 - R:localhost/127.0.0.1:8081]}, [connected])
20:40:46.848 [reactor-http-nio-14] DEBUG reactor.netty.http.client.HttpClientOperations - [id: 0xe42ed116, L:/127.0.0.1:50253 - R:localhost/127.0.0.1:8081] Received last HTTP packet
20:40:46.848 [reactor-http-nio-10] DEBUG reactor.netty.resources.PooledConnectionProvider - [id: 0x163b3bc4, L:/127.0.0.1:50305 - R:localhost/127.0.0.1:8081] onStateChange(PooledConnection{channel=[id: 0x163b3bc4, L:/127.0.0.1:50305 - R:localhost/127.0.0.1:8081]}, [connected])
20:40:46.848 [reactor-http-nio-2] DEBUG reactor.netty.resources.PooledConnectionProvider - [id: 0x7ef0c167, L:/127.0.0.1:50300 - R:localhost/127.0.0.1:8081] onStateChange(GET{uri=/, connection=PooledConnection{channel=[id: 0x7ef0c167, L:/127.0.0.1:50300 - R:localhost/127.0.0.1:8081]}}, [configured])
20:40:46.848 [reactor-http-nio-2] DEBUG reactor.netty.resources.PooledConnectionProvider - [id: 0xce2d8eaa, L:/127.0.0.1:50295 - R:localhost/127.0.0.1:8081] Registering pool release on close event for channel
20:40:46.848 [reactor-http-nio-12] DEBUG reactor.netty.channel.BootstrapHandlers - [id: 0xb65f99c8] Initialized pipeline DefaultChannelPipeline{(BootstrapHandlers$BootstrapInitializerHandler#0 = reactor.netty.channel.BootstrapHandlers$BootstrapInitializerHandler), (SimpleChannelPool$1#0 = io.netty.channel.pool.SimpleChannelPool$1), (reactor.left.httpCodec = io.netty.handler.codec.http.HttpClientCodec), (reactor.left.decompressor = io.netty.handler.codec.http.HttpContentDecompressor), (reactor.right.reactiveBridge = reactor.netty.channel.ChannelOperationsHandler)}
20:40:46.848 [reactor-http-nio-13] DEBUG reactor.netty.resources.PooledConnectionProvider - [id: 0xd31561fb, L:/127.0.0.1:50256 - R:localhost/127.0.0.1:8081] onStateChange(GET{uri=/getUserLocation?userId=25560be8-fcfc-48ba-9967-710b2eaec3de, connection=PooledConnection{channel=[id: 0xd31561fb, L:/127.0.0.1:50256 - R:localhost/127.0.0.1:8081]}}, [disconnecting])
20:40:46.848 [reactor-http-nio-13] DEBUG reactor.netty.resources.PooledConnectionProvider - [id: 0xd31561fb, L:/127.0.0.1:50256 - R:localhost/127.0.0.1:8081] Releasing channel
20:40:46.848 [reactor-http-nio-13] DEBUG reactor.netty.resources.PooledConnectionProvider - [id: 0xd31561fb, L:/127.0.0.1:50256 - R:localhost/127.0.0.1:8081] Channel cleaned, now 46 active connections and 19 inactive connections
20:40:46.848 [reactor-http-nio-10] DEBUG reactor.netty.resources.PooledConnectionProvider - [id: 0x163b3bc4, L:/127.0.0.1:50305 - R:localhost/127.0.0.1:8081] onStateChange(GET{uri=/, connection=PooledConnection{channel=[id: 0x163b3bc4, L:/127.0.0.1:50305 - R:localhost/127.0.0.1:8081]}}, [configured])
20:40:46.848 [reactor-http-nio-14] DEBUG org.springframework.core.codec.StringDecoder - [121e73de] Decoded "{"userId":"fdb1a21e-600f-459f-a7f1-6589cf6a7cb6","location":{"longitude":159.613271,"latitude":-71. (truncated)...
20:40:46.848 [reactor-http-nio-16] DEBUG reactor.netty.resources.PooledConnectionProvider - [id: 0x4ab47f8c, L:/127.0.0.1:50291 - R:localhost/127.0.0.1:8081] onStateChange(GET{uri=/getUserLocation?userId=a6aa10ef-143a-464f-b831-381f6af2af68, connection=PooledConnection{channel=[id: 0x4ab47f8c, L:/127.0.0.1:50291 - R:localhost/127.0.0.1:8081]}}, [request_sent])
20:40:46.848 [reactor-http-nio-14] DEBUG reactor.netty.resources.PooledConnectionProvider - [id: 0xe42ed116, L:/127.0.0.1:50253 - R:localhost/127.0.0.1:8081] onStateChange(GET{uri=/getUserLocation?userId=fdb1a21e-600f-459f-a7f1-6589cf6a7cb6, connection=PooledConnection{channel=[id: 0xe42ed116, L:/127.0.0.1:50253 - R:localhost/127.0.0.1:8081]}}, [disconnecting])
20:40:46.849 [reactor-http-nio-14] DEBUG reactor.netty.resources.PooledConnectionProvider - [id: 0xe42ed116, L:/127.0.0.1:50253 - R:localhost/127.0.0.1:8081] Releasing channel
20:40:46.848 [reactor-http-nio-2] DEBUG reactor.netty.http.client.HttpClientConnect - [id: 0xce2d8eaa, L:/127.0.0.1:50295 - R:localhost/127.0.0.1:8081] Handler is being applied: {uri=http://localhost:8081/getUserLocation?userId=c4961ba2-9c6f-431b-9dc9-e17813c9de62, method=GET}
20:40:46.849 [reactor-http-nio-14] DEBUG reactor.netty.resources.PooledConnectionProvider - [id: 0xe42ed116, L:/127.0.0.1:50253 - R:localhost/127.0.0.1:8081] Channel cleaned, now 45 active connections and 20 inactive connections
20:40:46.849 [reactor-http-nio-13] DEBUG reactor.netty.resources.PooledConnectionProvider - [id: 0x86f0206d, L:/127.0.0.1:50296 - R:localhost/127.0.0.1:8081] onStateChange(PooledConnection{channel=[id: 0x86f0206d, L:/127.0.0.1:50296 - R:localhost/127.0.0.1:8081]}, [connected])
20:40:46.849 [reactor-http-nio-13] DEBUG reactor.netty.resources.PooledConnectionProvider - [id: 0x86f0206d, L:/127.0.0.1:50296 - R:localhost/127.0.0.1:8081] onStateChange(GET{uri=/, connection=PooledConnection{channel=[id: 0x86f0206d, L:/127.0.0.1:50296 - R:localhost/127.0.0.1:8081]}}, [configured])
20:40:46.849 [reactor-http-nio-13] DEBUG reactor.netty.resources.PooledConnectionProvider - [id: 0x86f0206d, L:/127.0.0.1:50296 - R:localhost/127.0.0.1:8081] Registering pool release on close event for channel
20:40:46.849 [reactor-http-nio-14] DEBUG reactor.netty.resources.PooledConnectionProvider - [id: 0x281b17dd, L:/127.0.0.1:50294 - R:localhost/127.0.0.1:8081] onStateChange(PooledConnection{channel=[id: 0x281b17dd, L:/127.0.0.1:50294 - R:localhost/127.0.0.1:8081]}, [connected])
20:40:46.849 [reactor-http-nio-13] DEBUG reactor.netty.http.client.HttpClientConnect - [id: 0x86f0206d, L:/127.0.0.1:50296 - R:localhost/127.0.0.1:8081] Handler is being applied: {uri=http://localhost:8081/getUserLocation?userId=bf6e25b2-1237-4cc9-9166-cf4f111f7fbd, method=GET}
20:40:46.849 [reactor-http-nio-14] DEBUG reactor.netty.resources.PooledConnectionProvider - [id: 0x281b17dd, L:/127.0.0.1:50294 - R:localhost/127.0.0.1:8081] onStateChange(GET{uri=/, connection=PooledConnection{channel=[id: 0x281b17dd, L:/127.0.0.1:50294 - R:localhost/127.0.0.1:8081]}}, [configured])
20:40:46.849 [reactor-http-nio-14] DEBUG reactor.netty.resources.PooledConnectionProvider - [id: 0xdc980221, L:/127.0.0.1:50298 - R:localhost/127.0.0.1:8081] onStateChange(PooledConnection{channel=[id: 0xdc980221, L:/127.0.0.1:50298 - R:localhost/127.0.0.1:8081]}, [connected])
20:40:46.850 [reactor-http-nio-14] DEBUG reactor.netty.resources.PooledConnectionProvider - [id: 0xdc980221, L:/127.0.0.1:50298 - R:localhost/127.0.0.1:8081] onStateChange(GET{uri=/, connection=PooledConnection{channel=[id: 0xdc980221, L:/127.0.0.1:50298 - R:localhost/127.0.0.1:8081]}}, [configured])
20:40:46.850 [reactor-http-nio-2] DEBUG reactor.netty.resources.PooledConnectionProvider - [id: 0xce2d8eaa, L:/127.0.0.1:50295 - R:localhost/127.0.0.1:8081] onStateChange(GET{uri=/getUserLocation?userId=c4961ba2-9c6f-431b-9dc9-e17813c9de62, connection=PooledConnection{channel=[id: 0xce2d8eaa, L:/127.0.0.1:50295 - R:localhost/127.0.0.1:8081]}}, [request_sent])
20:40:46.850 [reactor-http-nio-15] DEBUG reactor.netty.http.client.HttpClientOperations - [id: 0xd82da432, L:/127.0.0.1:50272 - R:localhost/127.0.0.1:8081] Received response (auto-read:false) : [Content-Type=application/json, Transfer-Encoding=chunked, Date=Fri, 11 Jun 2021 15:10:46 GMT]
20:40:46.850 [reactor-http-nio-14] DEBUG reactor.netty.resources.PooledConnectionProvider - [id: 0xeea4a5eb, L:/127.0.0.1:50301 - R:localhost/127.0.0.1:8081] onStateChange(PooledConnection{channel=[id: 0xeea4a5eb, L:/127.0.0.1:50301 - R:localhost/127.0.0.1:8081]}, [connected])
20:40:46.848 [reactor-http-nio-12] DEBUG reactor.netty.resources.PooledConnectionProvider - [id: 0x83103ed5, L:/127.0.0.1:50287 - R:localhost/127.0.0.1:8081] Registering pool release on close event for channel
20:40:46.850 [reactor-http-nio-14] DEBUG reactor.netty.resources.PooledConnectionProvider - [id: 0xeea4a5eb, L:/127.0.0.1:50301 - R:localhost/127.0.0.1:8081] onStateChange(GET{uri=/, connection=PooledConnection{channel=[id: 0xeea4a5eb, L:/127.0.0.1:50301 - R:localhost/127.0.0.1:8081]}}, [configured])
20:40:46.850 [reactor-http-nio-12] DEBUG reactor.netty.http.client.HttpClientConnect - [id: 0x83103ed5, L:/127.0.0.1:50287 - R:localhost/127.0.0.1:8081] Handler is being applied: {uri=http://localhost:8081/getUserLocation?userId=10fea299-4aaf-4a95-9110-4ecdfb778102, method=GET}
20:40:46.849 [reactor-http-nio-10] DEBUG reactor.netty.resources.PooledConnectionProvider - [id: 0x2a5ccfca, L:/127.0.0.1:50306 - R:localhost/127.0.0.1:8081] onStateChange(PooledConnection{channel=[id: 0x2a5ccfca, L:/127.0.0.1:50306 - R:localhost/127.0.0.1:8081]}, [connected])
20:40:46.850 [reactor-http-nio-14] DEBUG reactor.netty.resources.PooledConnectionProvider - [id: 0xcd551a5c, L:/127.0.0.1:50302 - R:localhost/127.0.0.1:8081] onStateChange(PooledConnection{channel=[id: 0xcd551a5c, L:/127.0.0.1:50302 - R:localhost/127.0.0.1:8081]}, [connected])
20:40:46.850 [reactor-http-nio-10] DEBUG reactor.netty.resources.PooledConnectionProvider - [id: 0x2a5ccfca, L:/127.0.0.1:50306 - R:localhost/127.0.0.1:8081] onStateChange(GET{uri=/, connection=PooledConnection{channel=[id: 0x2a5ccfca, L:/127.0.0.1:50306 - R:localhost/127.0.0.1:8081]}}, [configured])
20:40:46.850 [reactor-http-nio-14] DEBUG reactor.netty.resources.PooledConnectionProvider - [id: 0xcd551a5c, L:/127.0.0.1:50302 - R:localhost/127.0.0.1:8081] onStateChange(GET{uri=/, connection=PooledConnection{channel=[id: 0xcd551a5c, L:/127.0.0.1:50302 - R:localhost/127.0.0.1:8081]}}, [configured])
20:40:46.849 [reactor-http-nio-16] DEBUG reactor.netty.resources.PooledConnectionProvider - [id: 0x4ab47f8c, L:/127.0.0.1:50291 - R:localhost/127.0.0.1:8081] Channel connected, now 46 active connections and 19 inactive connections
20:40:46.851 [reactor-http-nio-14] DEBUG reactor.netty.resources.PooledConnectionProvider - [id: 0x8d5a3bc9, L:/127.0.0.1:50303 - R:localhost/127.0.0.1:8081] onStateChange(PooledConnection{channel=[id: 0x8d5a3bc9, L:/127.0.0.1:50303 - R:localhost/127.0.0.1:8081]}, [connected])
20:40:46.851 [pool-12-thread-10] DEBUG org.springframework.web.reactive.function.client.ExchangeFunctions - [5967f68e] HTTP GET http://localhost:8081/getAttractions
20:40:46.851 [reactor-http-nio-14] DEBUG reactor.netty.resources.PooledConnectionProvider - [id: 0x8d5a3bc9, L:/127.0.0.1:50303 - R:localhost/127.0.0.1:8081] onStateChange(GET{uri=/, connection=PooledConnection{channel=[id: 0x8d5a3bc9, L:/127.0.0.1:50303 - R:localhost/127.0.0.1:8081]}}, [configured])
20:40:46.851 [reactor-http-nio-12] DEBUG reactor.netty.resources.PooledConnectionProvider - [id: 0x83103ed5, L:/127.0.0.1:50287 - R:localhost/127.0.0.1:8081] onStateChange(GET{uri=/getUserLocation?userId=10fea299-4aaf-4a95-9110-4ecdfb778102, connection=PooledConnection{channel=[id: 0x83103ed5, L:/127.0.0.1:50287 - R:localhost/127.0.0.1:8081]}}, [request_sent])
20:40:46.851 [reactor-http-nio-12] DEBUG reactor.netty.resources.PooledConnectionProvider - [id: 0x83103ed5, L:/127.0.0.1:50287 - R:localhost/127.0.0.1:8081] Channel connected, now 46 active connections and 19 inactive connections
20:40:46.851 [reactor-http-nio-10] DEBUG reactor.netty.resources.PooledConnectionProvider - [id: 0x074029b1, L:/127.0.0.1:50304 - R:localhost/127.0.0.1:8081] Registering pool release on close event for channel
20:40:46.850 [reactor-http-nio-2] DEBUG reactor.netty.resources.PooledConnectionProvider - [id: 0xce2d8eaa, L:/127.0.0.1:50295 - R:localhost/127.0.0.1:8081] Channel connected, now 46 active connections and 19 inactive connections
20:40:46.851 [reactor-http-nio-10] DEBUG reactor.netty.http.client.HttpClientConnect - [id: 0x074029b1, L:/127.0.0.1:50304 - R:localhost/127.0.0.1:8081] Handler is being applied: {uri=http://localhost:8081/getUserLocation?userId=7bb93e4a-6ab6-40ce-8a42-883b97f35fa0, method=GET}
20:40:46.851 [reactor-http-nio-2] DEBUG reactor.netty.resources.PooledConnectionProvider - [id: 0xb9fd1fe8, L:/127.0.0.1:50299 - R:localhost/127.0.0.1:8081] Registering pool release on close event for channel
20:40:46.850 [reactor-http-nio-15] DEBUG reactor.netty.resources.PooledConnectionProvider - [id: 0xd82da432, L:/127.0.0.1:50272 - R:localhost/127.0.0.1:8081] onStateChange(GET{uri=/getUserLocation?userId=490cdbdb-1142-4b62-a314-3f39fdf91eb6, connection=PooledConnection{channel=[id: 0xd82da432, L:/127.0.0.1:50272 - R:localhost/127.0.0.1:8081]}}, [response_received])
20:40:46.850 [reactor-http-nio-13] DEBUG reactor.netty.resources.PooledConnectionProvider - [id: 0x86f0206d, L:/127.0.0.1:50296 - R:localhost/127.0.0.1:8081] onStateChange(GET{uri=/getUserLocation?userId=bf6e25b2-1237-4cc9-9166-cf4f111f7fbd, connection=PooledConnection{channel=[id: 0x86f0206d, L:/127.0.0.1:50296 - R:localhost/127.0.0.1:8081]}}, [request_sent])
20:40:46.851 [reactor-http-nio-15] DEBUG org.springframework.web.reactive.function.client.ExchangeFunctions - [411d2fc3] Response 200 OK
20:40:46.851 [pool-12-thread-6] DEBUG org.springframework.web.reactive.function.client.ExchangeFunctions - [1cd98fed] HTTP GET http://localhost:8081/getAttractions
20:40:46.852 [reactor-http-nio-13] DEBUG reactor.netty.resources.PooledConnectionProvider - [id: 0x86f0206d, L:/127.0.0.1:50296 - R:localhost/127.0.0.1:8081] Channel connected, now 49 active connections and 16 inactive connections
20:40:46.851 [reactor-http-nio-12] DEBUG reactor.netty.resources.PooledConnectionProvider - [id: 0xcea183ce, L:/127.0.0.1:50289 - R:localhost/127.0.0.1:8081] Registering pool release on close event for channel
20:40:46.852 [reactor-http-nio-14] DEBUG reactor.netty.resources.PooledConnectionProvider - [id: 0xeea4a5eb, L:/127.0.0.1:50301 - R:localhost/127.0.0.1:8081] Registering pool release on close event for channel
20:40:46.852 [reactor-http-nio-13] DEBUG reactor.netty.resources.PooledConnectionProvider - [id: 0xd31561fb, L:/127.0.0.1:50256 - R:localhost/127.0.0.1:8081] Channel acquired, now 51 active connections and 14 inactive connections
20:40:46.851 [reactor-http-nio-2] DEBUG reactor.netty.http.client.HttpClientConnect - [id: 0xb9fd1fe8, L:/127.0.0.1:50299 - R:localhost/127.0.0.1:8081] Handler is being applied: {uri=http://localhost:8081/getUserLocation?userId=7598188c-afd1-4297-8e39-70849a0f660e, method=GET}
20:40:46.852 [reactor-http-nio-15] DEBUG reactor.netty.channel.FluxReceive - [id: 0xd82da432, L:/127.0.0.1:50272 - R:localhost/127.0.0.1:8081] Subscribing inbound receiver [pending: 0, cancelled:false, inboundDone: false]
20:40:46.852 [reactor-http-nio-13] DEBUG reactor.netty.http.client.HttpClientConnect - [id: 0xd31561fb, L:/127.0.0.1:50256 - R:localhost/127.0.0.1:8081] Handler is being applied: {uri=http://localhost:8081/getAttractions, method=GET}
20:40:46.852 [reactor-http-nio-12] DEBUG reactor.netty.http.client.HttpClientConnect - [id: 0xcea183ce, L:/127.0.0.1:50289 - R:localhost/127.0.0.1:8081] Handler is being applied: {uri=http://localhost:8081/getUserLocation?userId=50a96c54-47a4-483b-869d-886d52a973b3, method=GET}
20:40:46.852 [reactor-http-nio-14] DEBUG reactor.netty.http.client.HttpClientConnect - [id: 0xeea4a5eb, L:/127.0.0.1:50301 - R:localhost/127.0.0.1:8081] Handler is being applied: {uri=http://localhost:8081/getUserLocation?userId=e9b270a9-3735-48f4-9418-565aba58a5c4, method=GET}
20:40:46.853 [reactor-http-nio-15] DEBUG reactor.netty.http.client.HttpClientOperations - [id: 0xd82da432, L:/127.0.0.1:50272 - R:localhost/127.0.0.1:8081] Received last HTTP packet
20:40:46.852 [reactor-http-nio-10] DEBUG reactor.netty.resources.PooledConnectionProvider - [id: 0x074029b1, L:/127.0.0.1:50304 - R:localhost/127.0.0.1:8081] onStateChange(GET{uri=/getUserLocation?userId=7bb93e4a-6ab6-40ce-8a42-883b97f35fa0, connection=PooledConnection{channel=[id: 0x074029b1, L:/127.0.0.1:50304 - R:localhost/127.0.0.1:8081]}}, [request_sent])
20:40:46.853 [reactor-http-nio-10] DEBUG reactor.netty.resources.PooledConnectionProvider - [id: 0x074029b1, L:/127.0.0.1:50304 - R:localhost/127.0.0.1:8081] Channel connected, now 51 active connections and 14 inactive connections
20:40:46.853 [reactor-http-nio-10] DEBUG reactor.netty.resources.PooledConnectionProvider - [id: 0x163b3bc4, L:/127.0.0.1:50305 - R:localhost/127.0.0.1:8081] Registering pool release on close event for channel
20:40:46.853 [reactor-http-nio-10] DEBUG reactor.netty.http.client.HttpClientConnect - [id: 0x163b3bc4, L:/127.0.0.1:50305 - R:localhost/127.0.0.1:8081] Handler is being applied: {uri=http://localhost:8081/getUserLocation?userId=349d4dde-02a0-4330-8a8f-12af1ee96ecd, method=GET}
20:40:46.853 [reactor-http-nio-2] DEBUG reactor.netty.resources.PooledConnectionProvider - [id: 0xb9fd1fe8, L:/127.0.0.1:50299 - R:localhost/127.0.0.1:8081] onStateChange(GET{uri=/getUserLocation?userId=7598188c-afd1-4297-8e39-70849a0f660e, connection=PooledConnection{channel=[id: 0xb9fd1fe8, L:/127.0.0.1:50299 - R:localhost/127.0.0.1:8081]}}, [request_sent])
20:40:46.853 [reactor-http-nio-12] DEBUG reactor.netty.resources.PooledConnectionProvider - [id: 0xcea183ce, L:/127.0.0.1:50289 - R:localhost/127.0.0.1:8081] onStateChange(GET{uri=/getUserLocation?userId=50a96c54-47a4-483b-869d-886d52a973b3, connection=PooledConnection{channel=[id: 0xcea183ce, L:/127.0.0.1:50289 - R:localhost/127.0.0.1:8081]}}, [request_sent])
20:40:46.853 [reactor-http-nio-14] DEBUG reactor.netty.resources.PooledConnectionProvider - [id: 0xeea4a5eb, L:/127.0.0.1:50301 - R:localhost/127.0.0.1:8081] onStateChange(GET{uri=/getUserLocation?userId=e9b270a9-3735-48f4-9418-565aba58a5c4, connection=PooledConnection{channel=[id: 0xeea4a5eb, L:/127.0.0.1:50301 - R:localhost/127.0.0.1:8081]}}, [request_sent])
20:40:46.853 [reactor-http-nio-15] DEBUG org.springframework.core.codec.StringDecoder - [411d2fc3] Decoded "{"userId":"490cdbdb-1142-4b62-a314-3f39fdf91eb6","location":{"longitude":51.843321,"latitude":-75.3 (truncated)...
20:40:46.853 [reactor-http-nio-14] DEBUG reactor.netty.resources.PooledConnectionProvider - [id: 0xeea4a5eb, L:/127.0.0.1:50301 - R:localhost/127.0.0.1:8081] Channel connected, now 52 active connections and 13 inactive connections
20:40:46.853 [reactor-http-nio-14] DEBUG reactor.netty.resources.PooledConnectionProvider - [id: 0xcd551a5c, L:/127.0.0.1:50302 - R:localhost/127.0.0.1:8081] Registering pool release on close event for channel
20:40:46.853 [reactor-http-nio-15] DEBUG reactor.netty.resources.PooledConnectionProvider - [id: 0xd82da432, L:/127.0.0.1:50272 - R:localhost/127.0.0.1:8081] onStateChange(GET{uri=/getUserLocation?userId=490cdbdb-1142-4b62-a314-3f39fdf91eb6, connection=PooledConnection{channel=[id: 0xd82da432, L:/127.0.0.1:50272 - R:localhost/127.0.0.1:8081]}}, [disconnecting])
20:40:46.853 [reactor-http-nio-15] DEBUG reactor.netty.resources.PooledConnectionProvider - [id: 0xd82da432, L:/127.0.0.1:50272 - R:localhost/127.0.0.1:8081] Releasing channel
20:40:46.853 [reactor-http-nio-13] DEBUG reactor.netty.resources.PooledConnectionProvider - [id: 0xd31561fb, L:/127.0.0.1:50256 - R:localhost/127.0.0.1:8081] onStateChange(GET{uri=/getAttractions, connection=PooledConnection{channel=[id: 0xd31561fb, L:/127.0.0.1:50256 - R:localhost/127.0.0.1:8081]}}, [request_sent])
20:40:46.853 [reactor-http-nio-14] DEBUG reactor.netty.http.client.HttpClientConnect - [id: 0xcd551a5c, L:/127.0.0.1:50302 - R:localhost/127.0.0.1:8081] Handler is being applied: {uri=http://localhost:8081/getUserLocation?userId=6bb3ce59-695a-4b0c-ad84-5d9c6c19fb6a, method=GET}
20:40:46.853 [reactor-http-nio-15] DEBUG reactor.netty.resources.PooledConnectionProvider - [id: 0xd82da432, L:/127.0.0.1:50272 - R:localhost/127.0.0.1:8081] Channel cleaned, now 52 active connections and 13 inactive connections
20:40:46.853 [reactor-http-nio-2] DEBUG reactor.netty.resources.PooledConnectionProvider - [id: 0xb9fd1fe8, L:/127.0.0.1:50299 - R:localhost/127.0.0.1:8081] Channel connected, now 52 active connections and 13 inactive connections
20:40:46.854 [reactor-http-nio-2] DEBUG reactor.netty.resources.PooledConnectionProvider - [id: 0x7ef0c167, L:/127.0.0.1:50300 - R:localhost/127.0.0.1:8081] Registering pool release on close event for channel
20:40:46.853 [reactor-http-nio-12] DEBUG reactor.netty.resources.PooledConnectionProvider - [id: 0xcea183ce, L:/127.0.0.1:50289 - R:localhost/127.0.0.1:8081] Channel connected, now 52 active connections and 13 inactive connections
20:40:46.854 [reactor-http-nio-12] DEBUG reactor.netty.resources.PooledConnectionProvider - [id: 0x70cf3415, L:/127.0.0.1:50288 - R:localhost/127.0.0.1:8081] Registering pool release on close event for channel
20:40:46.854 [reactor-http-nio-12] DEBUG reactor.netty.http.client.HttpClientConnect - [id: 0x70cf3415, L:/127.0.0.1:50288 - R:localhost/127.0.0.1:8081] Handler is being applied: {uri=http://localhost:8081/getUserLocation?userId=4c0d1c96-323e-4b4d-a714-43072a0d12ea, method=GET}
20:40:46.854 [reactor-http-nio-10] DEBUG reactor.netty.resources.PooledConnectionProvider - [id: 0x163b3bc4, L:/127.0.0.1:50305 - R:localhost/127.0.0.1:8081] onStateChange(GET{uri=/getUserLocation?userId=349d4dde-02a0-4330-8a8f-12af1ee96ecd, connection=PooledConnection{channel=[id: 0x163b3bc4, L:/127.0.0.1:50305 - R:localhost/127.0.0.1:8081]}}, [request_sent])
20:40:46.854 [reactor-http-nio-14] DEBUG reactor.netty.resources.PooledConnectionProvider - [id: 0xcd551a5c, L:/127.0.0.1:50302 - R:localhost/127.0.0.1:8081] onStateChange(GET{uri=/getUserLocation?userId=6bb3ce59-695a-4b0c-ad84-5d9c6c19fb6a, connection=PooledConnection{channel=[id: 0xcd551a5c, L:/127.0.0.1:50302 - R:localhost/127.0.0.1:8081]}}, [request_sent])
20:40:46.854 [reactor-http-nio-14] DEBUG reactor.netty.resources.PooledConnectionProvider - [id: 0xcd551a5c, L:/127.0.0.1:50302 - R:localhost/127.0.0.1:8081] Channel connected, now 54 active connections and 11 inactive connections
20:40:46.854 [reactor-http-nio-2] DEBUG reactor.netty.http.client.HttpClientConnect - [id: 0x7ef0c167, L:/127.0.0.1:50300 - R:localhost/127.0.0.1:8081] Handler is being applied: {uri=http://localhost:8081/getUserLocation?userId=91f6b415-2e50-4521-b455-43990d5266d8, method=GET}
20:40:46.854 [reactor-http-nio-14] DEBUG reactor.netty.resources.PooledConnectionProvider - [id: 0x8d5a3bc9, L:/127.0.0.1:50303 - R:localhost/127.0.0.1:8081] Registering pool release on close event for channel
20:40:46.854 [reactor-http-nio-14] DEBUG reactor.netty.http.client.HttpClientConnect - [id: 0x8d5a3bc9, L:/127.0.0.1:50303 - R:localhost/127.0.0.1:8081] Handler is being applied: {uri=http://localhost:8081/getUserLocation?userId=390b281b-8689-4545-9e1b-0f3233a7c49e, method=GET}
20:40:46.854 [reactor-http-nio-15] DEBUG reactor.netty.http.client.HttpClientOperations - [id: 0x9e2c9a54, L:/127.0.0.1:50246 - R:localhost/127.0.0.1:8081] Received response (auto-read:false) : [Content-Type=application/json, Transfer-Encoding=chunked, Date=Fri, 11 Jun 2021 15:10:46 GMT]
20:40:46.855 [reactor-http-nio-15] DEBUG reactor.netty.resources.PooledConnectionProvider - [id: 0x9e2c9a54, L:/127.0.0.1:50246 - R:localhost/127.0.0.1:8081] onStateChange(GET{uri=/getUserLocation?userId=9e053e91-c300-45f6-9cf3-5e2b4feb9345, connection=PooledConnection{channel=[id: 0x9e2c9a54, L:/127.0.0.1:50246 - R:localhost/127.0.0.1:8081]}}, [response_received])
20:40:46.855 [reactor-http-nio-15] DEBUG org.springframework.web.reactive.function.client.ExchangeFunctions - [5fd86098] Response 200 OK
20:40:46.854 [reactor-http-nio-10] DEBUG reactor.netty.resources.PooledConnectionProvider - [id: 0x163b3bc4, L:/127.0.0.1:50305 - R:localhost/127.0.0.1:8081] Channel connected, now 54 active connections and 11 inactive connections
20:40:46.855 [reactor-http-nio-10] DEBUG reactor.netty.resources.PooledConnectionProvider - [id: 0x2a5ccfca, L:/127.0.0.1:50306 - R:localhost/127.0.0.1:8081] Registering pool release on close event for channel
20:40:46.855 [reactor-http-nio-12] DEBUG reactor.netty.resources.PooledConnectionProvider - [id: 0x70cf3415, L:/127.0.0.1:50288 - R:localhost/127.0.0.1:8081] onStateChange(GET{uri=/getUserLocation?userId=4c0d1c96-323e-4b4d-a714-43072a0d12ea, connection=PooledConnection{channel=[id: 0x70cf3415, L:/127.0.0.1:50288 - R:localhost/127.0.0.1:8081]}}, [request_sent])
20:40:46.855 [reactor-http-nio-12] DEBUG reactor.netty.resources.PooledConnectionProvider - [id: 0x70cf3415, L:/127.0.0.1:50288 - R:localhost/127.0.0.1:8081] Channel connected, now 56 active connections and 9 inactive connections
20:40:46.855 [reactor-http-nio-10] DEBUG reactor.netty.http.client.HttpClientConnect - [id: 0x2a5ccfca, L:/127.0.0.1:50306 - R:localhost/127.0.0.1:8081] Handler is being applied: {uri=http://localhost:8081/getUserLocation?userId=10d9018d-dc7d-430f-a6ed-b85ec99009de, method=GET}
20:40:46.855 [reactor-http-nio-2] DEBUG reactor.netty.resources.PooledConnectionProvider - [id: 0x7ef0c167, L:/127.0.0.1:50300 - R:localhost/127.0.0.1:8081] onStateChange(GET{uri=/getUserLocation?userId=91f6b415-2e50-4521-b455-43990d5266d8, connection=PooledConnection{channel=[id: 0x7ef0c167, L:/127.0.0.1:50300 - R:localhost/127.0.0.1:8081]}}, [request_sent])
20:40:46.855 [reactor-http-nio-2] DEBUG reactor.netty.resources.PooledConnectionProvider - [id: 0x7ef0c167, L:/127.0.0.1:50300 - R:localhost/127.0.0.1:8081] Channel connected, now 56 active connections and 9 inactive connections
20:40:46.855 [reactor-http-nio-15] DEBUG reactor.netty.channel.FluxReceive - [id: 0x9e2c9a54, L:/127.0.0.1:50246 - R:localhost/127.0.0.1:8081] Subscribing inbound receiver [pending: 0, cancelled:false, inboundDone: false]
20:40:46.856 [reactor-http-nio-14] DEBUG reactor.netty.resources.PooledConnectionProvider - [id: 0x8d5a3bc9, L:/127.0.0.1:50303 - R:localhost/127.0.0.1:8081] onStateChange(GET{uri=/getUserLocation?userId=390b281b-8689-4545-9e1b-0f3233a7c49e, connection=PooledConnection{channel=[id: 0x8d5a3bc9, L:/127.0.0.1:50303 - R:localhost/127.0.0.1:8081]}}, [request_sent])
20:40:46.856 [reactor-http-nio-14] DEBUG reactor.netty.resources.PooledConnectionProvider - [id: 0x8d5a3bc9, L:/127.0.0.1:50303 - R:localhost/127.0.0.1:8081] Channel connected, now 56 active connections and 9 inactive connections
20:40:46.856 [reactor-http-nio-14] DEBUG reactor.netty.resources.PooledConnectionProvider - [id: 0x281b17dd, L:/127.0.0.1:50294 - R:localhost/127.0.0.1:8081] Registering pool release on close event for channel
20:40:46.856 [reactor-http-nio-15] DEBUG reactor.netty.http.client.HttpClientOperations - [id: 0x9e2c9a54, L:/127.0.0.1:50246 - R:localhost/127.0.0.1:8081] Received last HTTP packet
20:40:46.856 [reactor-http-nio-14] DEBUG reactor.netty.http.client.HttpClientConnect - [id: 0x281b17dd, L:/127.0.0.1:50294 - R:localhost/127.0.0.1:8081] Handler is being applied: {uri=http://localhost:8081/getUserLocation?userId=4aa35eeb-bac9-4161-9366-a7aa4157e443, method=GET}
20:40:46.856 [pool-12-thread-26] DEBUG org.springframework.web.reactive.function.client.ExchangeFunctions - [4fdac990] HTTP GET http://localhost:8081/getAttractions
20:40:46.856 [reactor-http-nio-10] DEBUG reactor.netty.resources.PooledConnectionProvider - [id: 0x2a5ccfca, L:/127.0.0.1:50306 - R:localhost/127.0.0.1:8081] onStateChange(GET{uri=/getUserLocation?userId=10d9018d-dc7d-430f-a6ed-b85ec99009de, connection=PooledConnection{channel=[id: 0x2a5ccfca, L:/127.0.0.1:50306 - R:localhost/127.0.0.1:8081]}}, [request_sent])
20:40:46.856 [reactor-http-nio-15] DEBUG org.springframework.core.codec.StringDecoder - [5fd86098] Decoded "{"userId":"9e053e91-c300-45f6-9cf3-5e2b4feb9345","location":{"longitude":-174.034617,"latitude":-3. (truncated)...
20:40:46.856 [reactor-http-nio-12] DEBUG reactor.netty.resources.PooledConnectionProvider - [id: 0x76564411, L:/127.0.0.1:50307 - R:localhost/127.0.0.1:8081] onStateChange(PooledConnection{channel=[id: 0x76564411, L:/127.0.0.1:50307 - R:localhost/127.0.0.1:8081]}, [connected])
20:40:46.857 [reactor-http-nio-15] DEBUG reactor.netty.resources.PooledConnectionProvider - [id: 0x9e2c9a54, L:/127.0.0.1:50246 - R:localhost/127.0.0.1:8081] onStateChange(GET{uri=/getUserLocation?userId=9e053e91-c300-45f6-9cf3-5e2b4feb9345, connection=PooledConnection{channel=[id: 0x9e2c9a54, L:/127.0.0.1:50246 - R:localhost/127.0.0.1:8081]}}, [disconnecting])
20:40:46.857 [reactor-http-nio-15] DEBUG reactor.netty.resources.PooledConnectionProvider - [id: 0x9e2c9a54, L:/127.0.0.1:50246 - R:localhost/127.0.0.1:8081] Releasing channel
20:40:46.857 [reactor-http-nio-15] DEBUG reactor.netty.resources.PooledConnectionProvider - [id: 0x9e2c9a54, L:/127.0.0.1:50246 - R:localhost/127.0.0.1:8081] Channel cleaned, now 56 active connections and 9 inactive connections
20:40:46.857 [reactor-http-nio-12] DEBUG reactor.netty.resources.PooledConnectionProvider - [id: 0x76564411, L:/127.0.0.1:50307 - R:localhost/127.0.0.1:8081] onStateChange(GET{uri=/, connection=PooledConnection{channel=[id: 0x76564411, L:/127.0.0.1:50307 - R:localhost/127.0.0.1:8081]}}, [configured])
20:40:46.856 [reactor-http-nio-10] DEBUG reactor.netty.resources.PooledConnectionProvider - [id: 0x2a5ccfca, L:/127.0.0.1:50306 - R:localhost/127.0.0.1:8081] Channel connected, now 57 active connections and 8 inactive connections
20:40:46.857 [reactor-http-nio-10] DEBUG reactor.netty.resources.PooledConnectionProvider - [id: 0xfd5cebe1, L:/127.0.0.1:50290 - R:localhost/127.0.0.1:8081] Registering pool release on close event for channel
20:40:46.857 [reactor-http-nio-12] DEBUG reactor.netty.resources.PooledConnectionProvider - [id: 0xa6263615, L:/127.0.0.1:50308 - R:localhost/127.0.0.1:8081] onStateChange(PooledConnection{channel=[id: 0xa6263615, L:/127.0.0.1:50308 - R:localhost/127.0.0.1:8081]}, [connected])
20:40:46.857 [reactor-http-nio-10] DEBUG reactor.netty.http.client.HttpClientConnect - [id: 0xfd5cebe1, L:/127.0.0.1:50290 - R:localhost/127.0.0.1:8081] Handler is being applied: {uri=http://localhost:8081/getUserLocation?userId=fb8fa689-b7b5-4c95-b497-c1a0801db23d, method=GET}
20:40:46.857 [reactor-http-nio-12] DEBUG reactor.netty.resources.PooledConnectionProvider - [id: 0xa6263615, L:/127.0.0.1:50308 - R:localhost/127.0.0.1:8081] onStateChange(GET{uri=/, connection=PooledConnection{channel=[id: 0xa6263615, L:/127.0.0.1:50308 - R:localhost/127.0.0.1:8081]}}, [configured])
20:40:46.857 [reactor-http-nio-14] DEBUG reactor.netty.resources.PooledConnectionProvider - [id: 0x281b17dd, L:/127.0.0.1:50294 - R:localhost/127.0.0.1:8081] onStateChange(GET{uri=/getUserLocation?userId=4aa35eeb-bac9-4161-9366-a7aa4157e443, connection=PooledConnection{channel=[id: 0x281b17dd, L:/127.0.0.1:50294 - R:localhost/127.0.0.1:8081]}}, [request_sent])
20:40:46.857 [reactor-http-nio-14] DEBUG reactor.netty.resources.PooledConnectionProvider - [id: 0x281b17dd, L:/127.0.0.1:50294 - R:localhost/127.0.0.1:8081] Channel connected, now 57 active connections and 8 inactive connections
20:40:46.857 [reactor-http-nio-14] DEBUG reactor.netty.resources.PooledConnectionProvider - [id: 0xdc980221, L:/127.0.0.1:50298 - R:localhost/127.0.0.1:8081] Registering pool release on close event for channel
20:40:46.857 [reactor-http-nio-12] DEBUG reactor.netty.resources.PooledConnectionProvider - [id: 0xb65f99c8, L:/127.0.0.1:50309 - R:localhost/127.0.0.1:8081] onStateChange(PooledConnection{channel=[id: 0xb65f99c8, L:/127.0.0.1:50309 - R:localhost/127.0.0.1:8081]}, [connected])
20:40:46.857 [reactor-http-nio-14] DEBUG reactor.netty.http.client.HttpClientConnect - [id: 0xdc980221, L:/127.0.0.1:50298 - R:localhost/127.0.0.1:8081] Handler is being applied: {uri=http://localhost:8081/getUserLocation?userId=af1042fd-d78f-4cc8-8ab1-46c2f7ee5261, method=GET}
20:40:46.858 [reactor-http-nio-12] DEBUG reactor.netty.resources.PooledConnectionProvider - [id: 0xb65f99c8, L:/127.0.0.1:50309 - R:localhost/127.0.0.1:8081] onStateChange(GET{uri=/, connection=PooledConnection{channel=[id: 0xb65f99c8, L:/127.0.0.1:50309 - R:localhost/127.0.0.1:8081]}}, [configured])
20:40:46.858 [reactor-http-nio-12] DEBUG reactor.netty.resources.PooledConnectionProvider - [id: 0x76564411, L:/127.0.0.1:50307 - R:localhost/127.0.0.1:8081] Registering pool release on close event for channel
20:40:46.858 [reactor-http-nio-12] DEBUG reactor.netty.http.client.HttpClientConnect - [id: 0x76564411, L:/127.0.0.1:50307 - R:localhost/127.0.0.1:8081] Handler is being applied: {uri=http://localhost:8081/getUserLocation?userId=f6e50702-e9a2-4d91-a55d-e1268d47ee78, method=GET}
20:40:46.858 [reactor-http-nio-10] DEBUG reactor.netty.resources.PooledConnectionProvider - [id: 0xfd5cebe1, L:/127.0.0.1:50290 - R:localhost/127.0.0.1:8081] onStateChange(GET{uri=/getUserLocation?userId=fb8fa689-b7b5-4c95-b497-c1a0801db23d, connection=PooledConnection{channel=[id: 0xfd5cebe1, L:/127.0.0.1:50290 - R:localhost/127.0.0.1:8081]}}, [request_sent])
20:40:46.858 [reactor-http-nio-10] DEBUG reactor.netty.resources.PooledConnectionProvider - [id: 0xfd5cebe1, L:/127.0.0.1:50290 - R:localhost/127.0.0.1:8081] Channel connected, now 59 active connections and 6 inactive connections
20:40:46.858 [reactor-http-nio-10] DEBUG reactor.netty.resources.PooledConnectionProvider - [id: 0xeb8d3006, L:/127.0.0.1:50297 - R:localhost/127.0.0.1:8081] Registering pool release on close event for channel
20:40:46.858 [reactor-http-nio-14] DEBUG reactor.netty.resources.PooledConnectionProvider - [id: 0xdc980221, L:/127.0.0.1:50298 - R:localhost/127.0.0.1:8081] onStateChange(GET{uri=/getUserLocation?userId=af1042fd-d78f-4cc8-8ab1-46c2f7ee5261, connection=PooledConnection{channel=[id: 0xdc980221, L:/127.0.0.1:50298 - R:localhost/127.0.0.1:8081]}}, [request_sent])
20:40:46.858 [reactor-http-nio-14] DEBUG reactor.netty.resources.PooledConnectionProvider - [id: 0xdc980221, L:/127.0.0.1:50298 - R:localhost/127.0.0.1:8081] Channel connected, now 60 active connections and 5 inactive connections
20:40:46.858 [reactor-http-nio-10] DEBUG reactor.netty.http.client.HttpClientConnect - [id: 0xeb8d3006, L:/127.0.0.1:50297 - R:localhost/127.0.0.1:8081] Handler is being applied: {uri=http://localhost:8081/getUserLocation?userId=75b471ac-13cf-4b7c-af38-cbb940016b2e, method=GET}
20:40:46.858 [reactor-http-nio-14] DEBUG reactor.netty.resources.PooledConnectionProvider - [id: 0xe42ed116, L:/127.0.0.1:50253 - R:localhost/127.0.0.1:8081] Channel acquired, now 61 active connections and 4 inactive connections
20:40:46.858 [reactor-http-nio-14] DEBUG reactor.netty.http.client.HttpClientConnect - [id: 0xe42ed116, L:/127.0.0.1:50253 - R:localhost/127.0.0.1:8081] Handler is being applied: {uri=http://localhost:8081/getAttractions, method=GET}
20:40:46.859 [reactor-http-nio-15] DEBUG reactor.netty.http.client.HttpClientOperations - [id: 0x21231b13, L:/127.0.0.1:50274 - R:localhost/127.0.0.1:8081] Received response (auto-read:false) : [Content-Type=application/json, Transfer-Encoding=chunked, Date=Fri, 11 Jun 2021 15:10:46 GMT]
20:40:46.859 [reactor-http-nio-12] DEBUG reactor.netty.resources.PooledConnectionProvider - [id: 0x76564411, L:/127.0.0.1:50307 - R:localhost/127.0.0.1:8081] onStateChange(GET{uri=/getUserLocation?userId=f6e50702-e9a2-4d91-a55d-e1268d47ee78, connection=PooledConnection{channel=[id: 0x76564411, L:/127.0.0.1:50307 - R:localhost/127.0.0.1:8081]}}, [request_sent])
20:40:46.859 [reactor-http-nio-15] DEBUG reactor.netty.resources.PooledConnectionProvider - [id: 0x21231b13, L:/127.0.0.1:50274 - R:localhost/127.0.0.1:8081] onStateChange(GET{uri=/getUserLocation?userId=c78ae1b9-8b91-4e82-84a1-22ccf4500895, connection=PooledConnection{channel=[id: 0x21231b13, L:/127.0.0.1:50274 - R:localhost/127.0.0.1:8081]}}, [response_received])
20:40:46.859 [reactor-http-nio-12] DEBUG reactor.netty.resources.PooledConnectionProvider - [id: 0x76564411, L:/127.0.0.1:50307 - R:localhost/127.0.0.1:8081] Channel connected, now 61 active connections and 4 inactive connections
20:40:46.859 [reactor-http-nio-12] DEBUG reactor.netty.resources.PooledConnectionProvider - [id: 0xa6263615, L:/127.0.0.1:50308 - R:localhost/127.0.0.1:8081] Registering pool release on close event for channel
20:40:46.859 [reactor-http-nio-15] DEBUG org.springframework.web.reactive.function.client.ExchangeFunctions - [1bde7379] Response 200 OK
20:40:46.859 [reactor-http-nio-12] DEBUG reactor.netty.http.client.HttpClientConnect - [id: 0xa6263615, L:/127.0.0.1:50308 - R:localhost/127.0.0.1:8081] Handler is being applied: {uri=http://localhost:8081/getUserLocation?userId=55890608-3760-4a04-91ff-5c8935b9f0bd, method=GET}
20:40:46.859 [reactor-http-nio-14] DEBUG reactor.netty.resources.PooledConnectionProvider - [id: 0xe42ed116, L:/127.0.0.1:50253 - R:localhost/127.0.0.1:8081] onStateChange(GET{uri=/getAttractions, connection=PooledConnection{channel=[id: 0xe42ed116, L:/127.0.0.1:50253 - R:localhost/127.0.0.1:8081]}}, [request_sent])
20:40:46.859 [reactor-http-nio-15] DEBUG reactor.netty.channel.FluxReceive - [id: 0x21231b13, L:/127.0.0.1:50274 - R:localhost/127.0.0.1:8081] Subscribing inbound receiver [pending: 0, cancelled:false, inboundDone: false]
20:40:46.859 [pool-12-thread-1] DEBUG org.springframework.web.reactive.function.client.ExchangeFunctions - [511f9513] HTTP GET http://localhost:8081/getAttractions
20:40:46.859 [reactor-http-nio-14] DEBUG reactor.netty.http.client.HttpClientOperations - [id: 0x9dcbcf4f, L:/127.0.0.1:50254 - R:localhost/127.0.0.1:8081] Received response (auto-read:false) : [Content-Type=application/json, Transfer-Encoding=chunked, Date=Fri, 11 Jun 2021 15:10:46 GMT]
20:40:46.860 [reactor-http-nio-14] DEBUG reactor.netty.resources.PooledConnectionProvider - [id: 0x9dcbcf4f, L:/127.0.0.1:50254 - R:localhost/127.0.0.1:8081] onStateChange(GET{uri=/getUserLocation?userId=69bf16a7-2486-48c2-bbcc-a83de379622d, connection=PooledConnection{channel=[id: 0x9dcbcf4f, L:/127.0.0.1:50254 - R:localhost/127.0.0.1:8081]}}, [response_received])
20:40:46.859 [reactor-http-nio-12] DEBUG reactor.netty.resources.PooledConnectionProvider - [id: 0xa6263615, L:/127.0.0.1:50308 - R:localhost/127.0.0.1:8081] onStateChange(GET{uri=/getUserLocation?userId=55890608-3760-4a04-91ff-5c8935b9f0bd, connection=PooledConnection{channel=[id: 0xa6263615, L:/127.0.0.1:50308 - R:localhost/127.0.0.1:8081]}}, [request_sent])
20:40:46.860 [reactor-http-nio-12] DEBUG reactor.netty.resources.PooledConnectionProvider - [id: 0xa6263615, L:/127.0.0.1:50308 - R:localhost/127.0.0.1:8081] Channel connected, now 62 active connections and 3 inactive connections
20:40:46.859 [reactor-http-nio-10] DEBUG reactor.netty.resources.PooledConnectionProvider - [id: 0xeb8d3006, L:/127.0.0.1:50297 - R:localhost/127.0.0.1:8081] onStateChange(GET{uri=/getUserLocation?userId=75b471ac-13cf-4b7c-af38-cbb940016b2e, connection=PooledConnection{channel=[id: 0xeb8d3006, L:/127.0.0.1:50297 - R:localhost/127.0.0.1:8081]}}, [request_sent])
20:40:46.860 [reactor-http-nio-12] DEBUG reactor.netty.resources.PooledConnectionProvider - [id: 0xb65f99c8, L:/127.0.0.1:50309 - R:localhost/127.0.0.1:8081] Registering pool release on close event for channel
20:40:46.860 [reactor-http-nio-10] DEBUG reactor.netty.resources.PooledConnectionProvider - [id: 0xeb8d3006, L:/127.0.0.1:50297 - R:localhost/127.0.0.1:8081] Channel connected, now 63 active connections and 2 inactive connections
20:40:46.860 [reactor-http-nio-12] DEBUG reactor.netty.http.client.HttpClientConnect - [id: 0xb65f99c8, L:/127.0.0.1:50309 - R:localhost/127.0.0.1:8081] Handler is being applied: {uri=http://localhost:8081/getUserLocation?userId=d88ca432-0da9-429c-8a8f-9e30e84dda62, method=GET}
20:40:46.860 [reactor-http-nio-16] DEBUG reactor.netty.http.client.HttpClientOperations - [id: 0xb476bc26, L:/127.0.0.1:50260 - R:localhost/127.0.0.1:8081] Received response (auto-read:false) : [Content-Type=application/json, Transfer-Encoding=chunked, Date=Fri, 11 Jun 2021 15:10:46 GMT]
20:40:46.859 [reactor-http-nio-15] DEBUG reactor.netty.http.client.HttpClientOperations - [id: 0x21231b13, L:/127.0.0.1:50274 - R:localhost/127.0.0.1:8081] Received last HTTP packet
20:40:46.860 [reactor-http-nio-16] DEBUG reactor.netty.resources.PooledConnectionProvider - [id: 0xb476bc26, L:/127.0.0.1:50260 - R:localhost/127.0.0.1:8081] onStateChange(GET{uri=/getUserLocation?userId=1d02a7f7-cd85-4fb8-af96-bd0ac41f5904, connection=PooledConnection{channel=[id: 0xb476bc26, L:/127.0.0.1:50260 - R:localhost/127.0.0.1:8081]}}, [response_received])
20:40:46.860 [reactor-http-nio-16] DEBUG org.springframework.web.reactive.function.client.ExchangeFunctions - [1ee1d572] Response 200 OK
20:40:46.860 [reactor-http-nio-10] DEBUG reactor.netty.http.client.HttpClientOperations - [id: 0x89be4937, L:/127.0.0.1:50258 - R:localhost/127.0.0.1:8081] Received response (auto-read:false) : [Content-Type=application/json, Transfer-Encoding=chunked, Date=Fri, 11 Jun 2021 15:10:46 GMT]
20:40:46.860 [reactor-http-nio-10] DEBUG reactor.netty.resources.PooledConnectionProvider - [id: 0x89be4937, L:/127.0.0.1:50258 - R:localhost/127.0.0.1:8081] onStateChange(GET{uri=/getUserLocation?userId=13a62ff5-9ae6-4a3f-a6b0-71eb84b5291b, connection=PooledConnection{channel=[id: 0x89be4937, L:/127.0.0.1:50258 - R:localhost/127.0.0.1:8081]}}, [response_received])
20:40:46.860 [reactor-http-nio-15] DEBUG org.springframework.core.codec.StringDecoder - [1bde7379] Decoded "{"userId":"c78ae1b9-8b91-4e82-84a1-22ccf4500895","location":{"longitude":156.537537,"latitude":-0.8 (truncated)...
20:40:46.860 [reactor-http-nio-14] DEBUG org.springframework.web.reactive.function.client.ExchangeFunctions - [61eff44d] Response 200 OK
20:40:46.860 [reactor-http-nio-15] DEBUG reactor.netty.resources.PooledConnectionProvider - [id: 0x21231b13, L:/127.0.0.1:50274 - R:localhost/127.0.0.1:8081] onStateChange(GET{uri=/getUserLocation?userId=c78ae1b9-8b91-4e82-84a1-22ccf4500895, connection=PooledConnection{channel=[id: 0x21231b13, L:/127.0.0.1:50274 - R:localhost/127.0.0.1:8081]}}, [disconnecting])
20:40:46.861 [reactor-http-nio-15] DEBUG reactor.netty.resources.PooledConnectionProvider - [id: 0x21231b13, L:/127.0.0.1:50274 - R:localhost/127.0.0.1:8081] Releasing channel
20:40:46.861 [reactor-http-nio-15] DEBUG reactor.netty.resources.PooledConnectionProvider - [id: 0x21231b13, L:/127.0.0.1:50274 - R:localhost/127.0.0.1:8081] Channel cleaned, now 62 active connections and 3 inactive connections
20:40:46.861 [reactor-http-nio-15] DEBUG reactor.netty.resources.PooledConnectionProvider - [id: 0xd82da432, L:/127.0.0.1:50272 - R:localhost/127.0.0.1:8081] Channel acquired, now 63 active connections and 2 inactive connections
20:40:46.861 [reactor-http-nio-10] DEBUG org.springframework.web.reactive.function.client.ExchangeFunctions - [572d5f78] Response 200 OK
20:40:46.861 [reactor-http-nio-15] DEBUG reactor.netty.http.client.HttpClientConnect - [id: 0xd82da432, L:/127.0.0.1:50272 - R:localhost/127.0.0.1:8081] Handler is being applied: {uri=http://localhost:8081/getAttractions, method=GET}
20:40:46.861 [reactor-http-nio-16] DEBUG reactor.netty.channel.FluxReceive - [id: 0xb476bc26, L:/127.0.0.1:50260 - R:localhost/127.0.0.1:8081] Subscribing inbound receiver [pending: 0, cancelled:false, inboundDone: false]
20:40:46.861 [reactor-http-nio-10] DEBUG reactor.netty.channel.FluxReceive - [id: 0x89be4937, L:/127.0.0.1:50258 - R:localhost/127.0.0.1:8081] Subscribing inbound receiver [pending: 0, cancelled:false, inboundDone: false]
20:40:46.861 [reactor-http-nio-12] DEBUG reactor.netty.resources.PooledConnectionProvider - [id: 0xb65f99c8, L:/127.0.0.1:50309 - R:localhost/127.0.0.1:8081] onStateChange(GET{uri=/getUserLocation?userId=d88ca432-0da9-429c-8a8f-9e30e84dda62, connection=PooledConnection{channel=[id: 0xb65f99c8, L:/127.0.0.1:50309 - R:localhost/127.0.0.1:8081]}}, [request_sent])
20:40:46.861 [reactor-http-nio-12] DEBUG reactor.netty.resources.PooledConnectionProvider - [id: 0xb65f99c8, L:/127.0.0.1:50309 - R:localhost/127.0.0.1:8081] Channel connected, now 63 active connections and 2 inactive connections
20:40:46.861 [reactor-http-nio-14] DEBUG reactor.netty.channel.FluxReceive - [id: 0x9dcbcf4f, L:/127.0.0.1:50254 - R:localhost/127.0.0.1:8081] Subscribing inbound receiver [pending: 0, cancelled:false, inboundDone: false]
20:40:46.862 [reactor-http-nio-10] DEBUG reactor.netty.http.client.HttpClientOperations - [id: 0x89be4937, L:/127.0.0.1:50258 - R:localhost/127.0.0.1:8081] Received last HTTP packet
20:40:46.862 [reactor-http-nio-15] DEBUG reactor.netty.resources.PooledConnectionProvider - [id: 0xd82da432, L:/127.0.0.1:50272 - R:localhost/127.0.0.1:8081] onStateChange(GET{uri=/getAttractions, connection=PooledConnection{channel=[id: 0xd82da432, L:/127.0.0.1:50272 - R:localhost/127.0.0.1:8081]}}, [request_sent])
20:40:46.862 [reactor-http-nio-10] DEBUG org.springframework.core.codec.StringDecoder - [572d5f78] Decoded "{"userId":"13a62ff5-9ae6-4a3f-a6b0-71eb84b5291b","location":{"longitude":-7.195741,"latitude":15.47 (truncated)...
20:40:46.861 [reactor-http-nio-16] DEBUG reactor.netty.http.client.HttpClientOperations - [id: 0xb476bc26, L:/127.0.0.1:50260 - R:localhost/127.0.0.1:8081] Received last HTTP packet
20:40:46.862 [reactor-http-nio-10] DEBUG reactor.netty.resources.PooledConnectionProvider - [id: 0x89be4937, L:/127.0.0.1:50258 - R:localhost/127.0.0.1:8081] onStateChange(GET{uri=/getUserLocation?userId=13a62ff5-9ae6-4a3f-a6b0-71eb84b5291b, connection=PooledConnection{channel=[id: 0x89be4937, L:/127.0.0.1:50258 - R:localhost/127.0.0.1:8081]}}, [disconnecting])
20:40:46.862 [reactor-http-nio-14] DEBUG reactor.netty.http.client.HttpClientOperations - [id: 0x9dcbcf4f, L:/127.0.0.1:50254 - R:localhost/127.0.0.1:8081] Received last HTTP packet
20:40:46.862 [reactor-http-nio-16] DEBUG org.springframework.core.codec.StringDecoder - [1ee1d572] Decoded "{"userId":"1d02a7f7-cd85-4fb8-af96-bd0ac41f5904","location":{"longitude":-101.80701,"latitude":-40. (truncated)...
20:40:46.862 [reactor-http-nio-10] DEBUG reactor.netty.resources.PooledConnectionProvider - [id: 0x89be4937, L:/127.0.0.1:50258 - R:localhost/127.0.0.1:8081] Releasing channel
20:40:46.862 [reactor-http-nio-14] DEBUG org.springframework.core.codec.StringDecoder - [61eff44d] Decoded "{"userId":"69bf16a7-2486-48c2-bbcc-a83de379622d","location":{"longitude":114.409043,"latitude":-42. (truncated)...
20:40:46.862 [reactor-http-nio-16] DEBUG reactor.netty.resources.PooledConnectionProvider - [id: 0xb476bc26, L:/127.0.0.1:50260 - R:localhost/127.0.0.1:8081] onStateChange(GET{uri=/getUserLocation?userId=1d02a7f7-cd85-4fb8-af96-bd0ac41f5904, connection=PooledConnection{channel=[id: 0xb476bc26, L:/127.0.0.1:50260 - R:localhost/127.0.0.1:8081]}}, [disconnecting])
20:40:46.862 [reactor-http-nio-10] DEBUG reactor.netty.resources.PooledConnectionProvider - [id: 0x89be4937, L:/127.0.0.1:50258 - R:localhost/127.0.0.1:8081] Channel cleaned, now 62 active connections and 3 inactive connections
20:40:46.862 [reactor-http-nio-16] DEBUG reactor.netty.resources.PooledConnectionProvider - [id: 0xb476bc26, L:/127.0.0.1:50260 - R:localhost/127.0.0.1:8081] Releasing channel
20:40:46.862 [reactor-http-nio-14] DEBUG reactor.netty.resources.PooledConnectionProvider - [id: 0x9dcbcf4f, L:/127.0.0.1:50254 - R:localhost/127.0.0.1:8081] onStateChange(GET{uri=/getUserLocation?userId=69bf16a7-2486-48c2-bbcc-a83de379622d, connection=PooledConnection{channel=[id: 0x9dcbcf4f, L:/127.0.0.1:50254 - R:localhost/127.0.0.1:8081]}}, [disconnecting])
20:40:46.862 [reactor-http-nio-14] DEBUG reactor.netty.resources.PooledConnectionProvider - [id: 0x9dcbcf4f, L:/127.0.0.1:50254 - R:localhost/127.0.0.1:8081] Releasing channel
20:40:46.863 [reactor-http-nio-14] DEBUG reactor.netty.resources.PooledConnectionProvider - [id: 0x9dcbcf4f, L:/127.0.0.1:50254 - R:localhost/127.0.0.1:8081] Channel cleaned, now 60 active connections and 5 inactive connections
20:40:46.862 [reactor-http-nio-16] DEBUG reactor.netty.resources.PooledConnectionProvider - [id: 0xb476bc26, L:/127.0.0.1:50260 - R:localhost/127.0.0.1:8081] Channel cleaned, now 61 active connections and 4 inactive connections
20:40:46.863 [reactor-http-nio-15] DEBUG reactor.netty.resources.PooledConnectionProvider - [id: 0x9e2c9a54, L:/127.0.0.1:50246 - R:localhost/127.0.0.1:8081] Channel acquired, now 61 active connections and 4 inactive connections
20:40:46.863 [reactor-http-nio-15] DEBUG reactor.netty.http.client.HttpClientConnect - [id: 0x9e2c9a54, L:/127.0.0.1:50246 - R:localhost/127.0.0.1:8081] Handler is being applied: {uri=http://localhost:8081/getAttractions, method=GET}
20:40:46.864 [pool-12-thread-31] DEBUG org.springframework.web.reactive.function.client.ExchangeFunctions - [15198e72] HTTP GET http://localhost:8081/getAttractions
20:40:46.864 [reactor-http-nio-15] DEBUG reactor.netty.resources.PooledConnectionProvider - [id: 0x9e2c9a54, L:/127.0.0.1:50246 - R:localhost/127.0.0.1:8081] onStateChange(GET{uri=/getAttractions, connection=PooledConnection{channel=[id: 0x9e2c9a54, L:/127.0.0.1:50246 - R:localhost/127.0.0.1:8081]}}, [request_sent])
20:40:46.864 [reactor-http-nio-15] DEBUG reactor.netty.resources.PooledConnectionProvider - [id: 0x21231b13, L:/127.0.0.1:50274 - R:localhost/127.0.0.1:8081] Channel acquired, now 62 active connections and 3 inactive connections
20:40:46.864 [pool-12-thread-12] DEBUG org.springframework.web.reactive.function.client.ExchangeFunctions - [59eaabed] HTTP GET http://localhost:8081/getAttractions
20:40:46.864 [reactor-http-nio-15] DEBUG reactor.netty.http.client.HttpClientConnect - [id: 0x21231b13, L:/127.0.0.1:50274 - R:localhost/127.0.0.1:8081] Handler is being applied: {uri=http://localhost:8081/getAttractions, method=GET}
20:40:46.865 [pool-12-thread-15] DEBUG org.springframework.web.reactive.function.client.ExchangeFunctions - [102638de] HTTP GET http://localhost:8081/getAttractions
20:40:46.865 [pool-12-thread-11] DEBUG org.springframework.web.reactive.function.client.ExchangeFunctions - [6f280600] HTTP GET http://localhost:8081/getAttractions
20:40:46.865 [reactor-http-nio-10] DEBUG reactor.netty.resources.PooledConnectionProvider - [id: 0x89be4937, L:/127.0.0.1:50258 - R:localhost/127.0.0.1:8081] Channel acquired, now 63 active connections and 2 inactive connections
20:40:46.865 [reactor-http-nio-15] DEBUG reactor.netty.resources.PooledConnectionProvider - [id: 0x21231b13, L:/127.0.0.1:50274 - R:localhost/127.0.0.1:8081] onStateChange(GET{uri=/getAttractions, connection=PooledConnection{channel=[id: 0x21231b13, L:/127.0.0.1:50274 - R:localhost/127.0.0.1:8081]}}, [request_sent])
20:40:46.866 [reactor-http-nio-10] DEBUG reactor.netty.http.client.HttpClientConnect - [id: 0x89be4937, L:/127.0.0.1:50258 - R:localhost/127.0.0.1:8081] Handler is being applied: {uri=http://localhost:8081/getAttractions, method=GET}
20:40:46.866 [reactor-http-nio-16] DEBUG reactor.netty.resources.PooledConnectionProvider - [id: 0xb476bc26, L:/127.0.0.1:50260 - R:localhost/127.0.0.1:8081] Channel acquired, now 64 active connections and 1 inactive connections
20:40:46.866 [reactor-http-nio-16] DEBUG reactor.netty.http.client.HttpClientConnect - [id: 0xb476bc26, L:/127.0.0.1:50260 - R:localhost/127.0.0.1:8081] Handler is being applied: {uri=http://localhost:8081/getAttractions, method=GET}
20:40:46.866 [reactor-http-nio-13] DEBUG reactor.netty.http.client.HttpClientOperations - [id: 0xd31561fb, L:/127.0.0.1:50256 - R:localhost/127.0.0.1:8081] Received response (auto-read:false) : [Content-Type=application/json, Transfer-Encoding=chunked, Date=Fri, 11 Jun 2021 15:10:46 GMT]
20:40:46.866 [reactor-http-nio-13] DEBUG reactor.netty.resources.PooledConnectionProvider - [id: 0xd31561fb, L:/127.0.0.1:50256 - R:localhost/127.0.0.1:8081] onStateChange(GET{uri=/getAttractions, connection=PooledConnection{channel=[id: 0xd31561fb, L:/127.0.0.1:50256 - R:localhost/127.0.0.1:8081]}}, [response_received])
20:40:46.866 [reactor-http-nio-12] DEBUG reactor.netty.http.client.HttpClientOperations - [id: 0xdb7d5510, L:/127.0.0.1:50268 - R:localhost/127.0.0.1:8081] Received response (auto-read:false) : [Content-Type=application/json, Transfer-Encoding=chunked, Date=Fri, 11 Jun 2021 15:10:46 GMT]
20:40:46.866 [reactor-http-nio-12] DEBUG reactor.netty.resources.PooledConnectionProvider - [id: 0xdb7d5510, L:/127.0.0.1:50268 - R:localhost/127.0.0.1:8081] onStateChange(GET{uri=/getUserLocation?userId=0b1b005f-faca-4e12-8880-d520de88b48a, connection=PooledConnection{channel=[id: 0xdb7d5510, L:/127.0.0.1:50268 - R:localhost/127.0.0.1:8081]}}, [response_received])
20:40:46.866 [reactor-http-nio-12] DEBUG org.springframework.web.reactive.function.client.ExchangeFunctions - [4eb08062] Response 200 OK
20:40:46.866 [reactor-http-nio-13] DEBUG org.springframework.web.reactive.function.client.ExchangeFunctions - [5967f68e] Response 200 OK
20:40:46.867 [reactor-http-nio-16] DEBUG reactor.netty.resources.PooledConnectionProvider - [id: 0xb476bc26, L:/127.0.0.1:50260 - R:localhost/127.0.0.1:8081] onStateChange(GET{uri=/getAttractions, connection=PooledConnection{channel=[id: 0xb476bc26, L:/127.0.0.1:50260 - R:localhost/127.0.0.1:8081]}}, [request_sent])
20:40:46.867 [reactor-http-nio-13] DEBUG reactor.netty.channel.FluxReceive - [id: 0xd31561fb, L:/127.0.0.1:50256 - R:localhost/127.0.0.1:8081] Subscribing inbound receiver [pending: 0, cancelled:false, inboundDone: false]
20:40:46.867 [reactor-http-nio-12] DEBUG reactor.netty.channel.FluxReceive - [id: 0xdb7d5510, L:/127.0.0.1:50268 - R:localhost/127.0.0.1:8081] Subscribing inbound receiver [pending: 0, cancelled:false, inboundDone: false]
20:40:46.868 [reactor-http-nio-12] DEBUG reactor.netty.http.client.HttpClientOperations - [id: 0xdb7d5510, L:/127.0.0.1:50268 - R:localhost/127.0.0.1:8081] Received last HTTP packet
20:40:46.868 [reactor-http-nio-13] DEBUG reactor.netty.http.client.HttpClientOperations - [id: 0xd31561fb, L:/127.0.0.1:50256 - R:localhost/127.0.0.1:8081] Received last HTTP packet
20:40:46.868 [reactor-http-nio-12] DEBUG org.springframework.core.codec.StringDecoder - [4eb08062] Decoded "{"userId":"0b1b005f-faca-4e12-8880-d520de88b48a","location":{"longitude":124.755452,"latitude":79.8 (truncated)...
20:40:46.868 [reactor-http-nio-12] DEBUG reactor.netty.resources.PooledConnectionProvider - [id: 0xdb7d5510, L:/127.0.0.1:50268 - R:localhost/127.0.0.1:8081] onStateChange(GET{uri=/getUserLocation?userId=0b1b005f-faca-4e12-8880-d520de88b48a, connection=PooledConnection{channel=[id: 0xdb7d5510, L:/127.0.0.1:50268 - R:localhost/127.0.0.1:8081]}}, [disconnecting])
20:40:46.868 [reactor-http-nio-12] DEBUG reactor.netty.resources.PooledConnectionProvider - [id: 0xdb7d5510, L:/127.0.0.1:50268 - R:localhost/127.0.0.1:8081] Releasing channel
20:40:46.867 [reactor-http-nio-10] DEBUG reactor.netty.resources.PooledConnectionProvider - [id: 0x89be4937, L:/127.0.0.1:50258 - R:localhost/127.0.0.1:8081] onStateChange(GET{uri=/getAttractions, connection=PooledConnection{channel=[id: 0x89be4937, L:/127.0.0.1:50258 - R:localhost/127.0.0.1:8081]}}, [request_sent])
20:40:46.868 [reactor-http-nio-13] DEBUG org.springframework.core.codec.StringDecoder - [5967f68e] Decoded "[{"longitude":-117.922008,"latitude":33.817595,"attractionName":"Disneyland","city":"Anaheim","stat (truncated)...
20:40:46.868 [reactor-http-nio-13] DEBUG reactor.netty.resources.PooledConnectionProvider - [id: 0xd31561fb, L:/127.0.0.1:50256 - R:localhost/127.0.0.1:8081] onStateChange(GET{uri=/getAttractions, connection=PooledConnection{channel=[id: 0xd31561fb, L:/127.0.0.1:50256 - R:localhost/127.0.0.1:8081]}}, [disconnecting])
20:40:46.869 [reactor-http-nio-13] DEBUG reactor.netty.resources.PooledConnectionProvider - [id: 0xd31561fb, L:/127.0.0.1:50256 - R:localhost/127.0.0.1:8081] Releasing channel
20:40:46.869 [reactor-http-nio-13] DEBUG reactor.netty.resources.PooledConnectionProvider - [id: 0xd31561fb, L:/127.0.0.1:50256 - R:localhost/127.0.0.1:8081] Channel cleaned, now 62 active connections and 3 inactive connections
20:40:46.868 [reactor-http-nio-12] DEBUG reactor.netty.resources.PooledConnectionProvider - [id: 0xdb7d5510, L:/127.0.0.1:50268 - R:localhost/127.0.0.1:8081] Channel cleaned, now 63 active connections and 2 inactive connections
20:40:46.869 [reactor-http-nio-16] DEBUG reactor.netty.http.client.HttpClientOperations - [id: 0x9f9296cb, L:/127.0.0.1:50261 - R:localhost/127.0.0.1:8081] Received response (auto-read:false) : [Content-Type=application/json, Transfer-Encoding=chunked, Date=Fri, 11 Jun 2021 15:10:46 GMT]
20:40:46.869 [reactor-http-nio-16] DEBUG reactor.netty.resources.PooledConnectionProvider - [id: 0x9f9296cb, L:/127.0.0.1:50261 - R:localhost/127.0.0.1:8081] onStateChange(GET{uri=/getUserLocation?userId=352b50b7-8115-4ce0-85c9-5027c8390430, connection=PooledConnection{channel=[id: 0x9f9296cb, L:/127.0.0.1:50261 - R:localhost/127.0.0.1:8081]}}, [response_received])
20:40:46.869 [reactor-http-nio-16] DEBUG org.springframework.web.reactive.function.client.ExchangeFunctions - [4e3d5641] Response 200 OK
20:40:46.869 [reactor-http-nio-2] DEBUG reactor.netty.http.client.HttpClientOperations - [id: 0x25eb9b2e, L:/127.0.0.1:50247 - R:localhost/127.0.0.1:8081] Received response (auto-read:false) : [Content-Type=application/json, Transfer-Encoding=chunked, Date=Fri, 11 Jun 2021 15:10:46 GMT]
20:40:46.870 [reactor-http-nio-14] DEBUG reactor.netty.http.client.HttpClientOperations - [id: 0x37820d17, L:/127.0.0.1:50283 - R:localhost/127.0.0.1:8081] Received response (auto-read:false) : [Content-Type=application/json, Transfer-Encoding=chunked, Date=Fri, 11 Jun 2021 15:10:46 GMT]
20:40:46.869 [reactor-http-nio-11] DEBUG reactor.netty.http.client.HttpClientOperations - [id: 0xad9667d1, L:/127.0.0.1:50248 - R:localhost/127.0.0.1:8081] Received response (auto-read:false) : [Content-Type=application/json, Transfer-Encoding=chunked, Date=Fri, 11 Jun 2021 15:10:46 GMT]
20:40:46.870 [reactor-http-nio-14] DEBUG reactor.netty.resources.PooledConnectionProvider - [id: 0x37820d17, L:/127.0.0.1:50283 - R:localhost/127.0.0.1:8081] onStateChange(GET{uri=/getUserLocation?userId=9aa6c03a-1942-45e9-8e1c-c4d437d20705, connection=PooledConnection{channel=[id: 0x37820d17, L:/127.0.0.1:50283 - R:localhost/127.0.0.1:8081]}}, [response_received])
20:40:46.870 [reactor-http-nio-11] DEBUG reactor.netty.resources.PooledConnectionProvider - [id: 0xad9667d1, L:/127.0.0.1:50248 - R:localhost/127.0.0.1:8081] onStateChange(GET{uri=/getUserLocation?userId=e61f0bb6-eeba-45ce-b75c-ecc1c01545a0, connection=PooledConnection{channel=[id: 0xad9667d1, L:/127.0.0.1:50248 - R:localhost/127.0.0.1:8081]}}, [response_received])
20:40:46.870 [reactor-http-nio-14] DEBUG org.springframework.web.reactive.function.client.ExchangeFunctions - [4de96650] Response 200 OK
20:40:46.870 [reactor-http-nio-16] DEBUG reactor.netty.channel.FluxReceive - [id: 0x9f9296cb, L:/127.0.0.1:50261 - R:localhost/127.0.0.1:8081] Subscribing inbound receiver [pending: 0, cancelled:false, inboundDone: false]
20:40:46.870 [reactor-http-nio-2] DEBUG reactor.netty.resources.PooledConnectionProvider - [id: 0x25eb9b2e, L:/127.0.0.1:50247 - R:localhost/127.0.0.1:8081] onStateChange(GET{uri=/getUserLocation?userId=054df462-02e0-4f1d-b1ec-c2c3a4647a87, connection=PooledConnection{channel=[id: 0x25eb9b2e, L:/127.0.0.1:50247 - R:localhost/127.0.0.1:8081]}}, [response_received])
20:40:46.870 [reactor-http-nio-11] DEBUG org.springframework.web.reactive.function.client.ExchangeFunctions - [305f5380] Response 200 OK
20:40:46.870 [reactor-http-nio-2] DEBUG org.springframework.web.reactive.function.client.ExchangeFunctions - [47db1fff] Response 200 OK
20:40:46.870 [reactor-http-nio-16] DEBUG reactor.netty.http.client.HttpClientOperations - [id: 0x9f9296cb, L:/127.0.0.1:50261 - R:localhost/127.0.0.1:8081] Received last HTTP packet
20:40:46.870 [reactor-http-nio-14] DEBUG reactor.netty.channel.FluxReceive - [id: 0x37820d17, L:/127.0.0.1:50283 - R:localhost/127.0.0.1:8081] Subscribing inbound receiver [pending: 0, cancelled:false, inboundDone: false]
20:40:46.870 [reactor-http-nio-11] DEBUG reactor.netty.channel.FluxReceive - [id: 0xad9667d1, L:/127.0.0.1:50248 - R:localhost/127.0.0.1:8081] Subscribing inbound receiver [pending: 0, cancelled:false, inboundDone: false]
20:40:46.870 [reactor-http-nio-2] DEBUG reactor.netty.channel.FluxReceive - [id: 0x25eb9b2e, L:/127.0.0.1:50247 - R:localhost/127.0.0.1:8081] Subscribing inbound receiver [pending: 0, cancelled:false, inboundDone: false]
20:40:46.870 [reactor-http-nio-16] DEBUG org.springframework.core.codec.StringDecoder - [4e3d5641] Decoded "{"userId":"352b50b7-8115-4ce0-85c9-5027c8390430","location":{"longitude":-53.513517,"latitude":-71. (truncated)...
20:40:46.870 [reactor-http-nio-16] DEBUG reactor.netty.resources.PooledConnectionProvider - [id: 0x9f9296cb, L:/127.0.0.1:50261 - R:localhost/127.0.0.1:8081] onStateChange(GET{uri=/getUserLocation?userId=352b50b7-8115-4ce0-85c9-5027c8390430, connection=PooledConnection{channel=[id: 0x9f9296cb, L:/127.0.0.1:50261 - R:localhost/127.0.0.1:8081]}}, [disconnecting])
20:40:46.870 [reactor-http-nio-16] DEBUG reactor.netty.resources.PooledConnectionProvider - [id: 0x9f9296cb, L:/127.0.0.1:50261 - R:localhost/127.0.0.1:8081] Releasing channel
20:40:46.871 [reactor-http-nio-14] DEBUG reactor.netty.http.client.HttpClientOperations - [id: 0x37820d17, L:/127.0.0.1:50283 - R:localhost/127.0.0.1:8081] Received last HTTP packet
20:40:46.871 [reactor-http-nio-2] DEBUG reactor.netty.http.client.HttpClientOperations - [id: 0x25eb9b2e, L:/127.0.0.1:50247 - R:localhost/127.0.0.1:8081] Received last HTTP packet
20:40:46.871 [reactor-http-nio-2] DEBUG org.springframework.core.codec.StringDecoder - [47db1fff] Decoded "{"userId":"054df462-02e0-4f1d-b1ec-c2c3a4647a87","location":{"longitude":-103.800098,"latitude":6.0 (truncated)...
20:40:46.871 [reactor-http-nio-11] DEBUG reactor.netty.http.client.HttpClientOperations - [id: 0xad9667d1, L:/127.0.0.1:50248 - R:localhost/127.0.0.1:8081] Received last HTTP packet
20:40:46.872 [pool-12-thread-21] DEBUG org.springframework.web.reactive.function.client.ExchangeFunctions - [407767c4] HTTP GET http://localhost:8081/getAttractions
20:40:46.871 [reactor-http-nio-16] DEBUG reactor.netty.resources.PooledConnectionProvider - [id: 0x9f9296cb, L:/127.0.0.1:50261 - R:localhost/127.0.0.1:8081] Channel cleaned, now 61 active connections and 4 inactive connections
20:40:46.871 [reactor-http-nio-2] DEBUG reactor.netty.resources.PooledConnectionProvider - [id: 0x25eb9b2e, L:/127.0.0.1:50247 - R:localhost/127.0.0.1:8081] onStateChange(GET{uri=/getUserLocation?userId=054df462-02e0-4f1d-b1ec-c2c3a4647a87, connection=PooledConnection{channel=[id: 0x25eb9b2e, L:/127.0.0.1:50247 - R:localhost/127.0.0.1:8081]}}, [disconnecting])
20:40:46.872 [reactor-http-nio-2] DEBUG reactor.netty.resources.PooledConnectionProvider - [id: 0x25eb9b2e, L:/127.0.0.1:50247 - R:localhost/127.0.0.1:8081] Releasing channel
20:40:46.872 [reactor-http-nio-2] DEBUG reactor.netty.resources.PooledConnectionProvider - [id: 0x25eb9b2e, L:/127.0.0.1:50247 - R:localhost/127.0.0.1:8081] Channel cleaned, now 60 active connections and 5 inactive connections
20:40:46.871 [reactor-http-nio-14] DEBUG org.springframework.core.codec.StringDecoder - [4de96650] Decoded "{"userId":"9aa6c03a-1942-45e9-8e1c-c4d437d20705","location":{"longitude":-2.50446,"latitude":83.897 (truncated)...
20:40:46.872 [reactor-http-nio-14] DEBUG reactor.netty.resources.PooledConnectionProvider - [id: 0x37820d17, L:/127.0.0.1:50283 - R:localhost/127.0.0.1:8081] onStateChange(GET{uri=/getUserLocation?userId=9aa6c03a-1942-45e9-8e1c-c4d437d20705, connection=PooledConnection{channel=[id: 0x37820d17, L:/127.0.0.1:50283 - R:localhost/127.0.0.1:8081]}}, [disconnecting])
20:40:46.872 [reactor-http-nio-14] DEBUG reactor.netty.resources.PooledConnectionProvider - [id: 0x37820d17, L:/127.0.0.1:50283 - R:localhost/127.0.0.1:8081] Releasing channel
20:40:46.872 [reactor-http-nio-14] DEBUG reactor.netty.resources.PooledConnectionProvider - [id: 0x37820d17, L:/127.0.0.1:50283 - R:localhost/127.0.0.1:8081] Channel cleaned, now 59 active connections and 6 inactive connections
20:40:46.872 [reactor-http-nio-16] DEBUG reactor.netty.http.client.HttpClientOperations - [id: 0xa01a053c, L:/127.0.0.1:50244 - R:localhost/127.0.0.1:8081] Received response (auto-read:false) : [Content-Type=application/json, Transfer-Encoding=chunked, Date=Fri, 11 Jun 2021 15:10:46 GMT]
20:40:46.872 [reactor-http-nio-16] DEBUG reactor.netty.resources.PooledConnectionProvider - [id: 0xa01a053c, L:/127.0.0.1:50244 - R:localhost/127.0.0.1:8081] onStateChange(GET{uri=/getUserLocation?userId=9e053e91-c300-45f6-9cf3-5e2b4feb9345, connection=PooledConnection{channel=[id: 0xa01a053c, L:/127.0.0.1:50244 - R:localhost/127.0.0.1:8081]}}, [response_received])
20:40:46.872 [reactor-http-nio-14] DEBUG reactor.netty.resources.PooledConnectionProvider - [id: 0x9dcbcf4f, L:/127.0.0.1:50254 - R:localhost/127.0.0.1:8081] Channel acquired, now 60 active connections and 5 inactive connections
20:40:46.873 [reactor-http-nio-16] DEBUG org.springframework.web.reactive.function.client.ExchangeFunctions - [368b21d4] Response 200 OK
20:40:46.872 [reactor-http-nio-11] DEBUG org.springframework.core.codec.StringDecoder - [305f5380] Decoded "{"userId":"e61f0bb6-eeba-45ce-b75c-ecc1c01545a0","location":{"longitude":-134.320001,"latitude":49. (truncated)...
20:40:46.873 [reactor-http-nio-11] DEBUG reactor.netty.resources.PooledConnectionProvider - [id: 0xad9667d1, L:/127.0.0.1:50248 - R:localhost/127.0.0.1:8081] onStateChange(GET{uri=/getUserLocation?userId=e61f0bb6-eeba-45ce-b75c-ecc1c01545a0, connection=PooledConnection{channel=[id: 0xad9667d1, L:/127.0.0.1:50248 - R:localhost/127.0.0.1:8081]}}, [disconnecting])
20:40:46.873 [reactor-http-nio-11] DEBUG reactor.netty.resources.PooledConnectionProvider - [id: 0xad9667d1, L:/127.0.0.1:50248 - R:localhost/127.0.0.1:8081] Releasing channel
20:40:46.873 [reactor-http-nio-14] DEBUG reactor.netty.http.client.HttpClientConnect - [id: 0x9dcbcf4f, L:/127.0.0.1:50254 - R:localhost/127.0.0.1:8081] Handler is being applied: {uri=http://localhost:8081/getAttractions, method=GET}
20:40:46.873 [reactor-http-nio-11] DEBUG reactor.netty.resources.PooledConnectionProvider - [id: 0xad9667d1, L:/127.0.0.1:50248 - R:localhost/127.0.0.1:8081] Channel cleaned, now 59 active connections and 6 inactive connections
20:40:46.873 [reactor-http-nio-16] DEBUG reactor.netty.channel.FluxReceive - [id: 0xa01a053c, L:/127.0.0.1:50244 - R:localhost/127.0.0.1:8081] Subscribing inbound receiver [pending: 0, cancelled:false, inboundDone: false]
20:40:46.873 [reactor-http-nio-16] DEBUG reactor.netty.http.client.HttpClientOperations - [id: 0xa01a053c, L:/127.0.0.1:50244 - R:localhost/127.0.0.1:8081] Received last HTTP packet
20:40:46.874 [reactor-http-nio-16] DEBUG org.springframework.core.codec.StringDecoder - [368b21d4] Decoded "{"userId":"9e053e91-c300-45f6-9cf3-5e2b4feb9345","location":{"longitude":15.285101,"latitude":-38.8 (truncated)...
20:40:46.874 [reactor-http-nio-16] DEBUG reactor.netty.resources.PooledConnectionProvider - [id: 0xa01a053c, L:/127.0.0.1:50244 - R:localhost/127.0.0.1:8081] onStateChange(GET{uri=/getUserLocation?userId=9e053e91-c300-45f6-9cf3-5e2b4feb9345, connection=PooledConnection{channel=[id: 0xa01a053c, L:/127.0.0.1:50244 - R:localhost/127.0.0.1:8081]}}, [disconnecting])
20:40:46.874 [reactor-http-nio-16] DEBUG reactor.netty.resources.PooledConnectionProvider - [id: 0xa01a053c, L:/127.0.0.1:50244 - R:localhost/127.0.0.1:8081] Releasing channel
20:40:46.874 [reactor-http-nio-14] DEBUG reactor.netty.resources.PooledConnectionProvider - [id: 0x9dcbcf4f, L:/127.0.0.1:50254 - R:localhost/127.0.0.1:8081] onStateChange(GET{uri=/getAttractions, connection=PooledConnection{channel=[id: 0x9dcbcf4f, L:/127.0.0.1:50254 - R:localhost/127.0.0.1:8081]}}, [request_sent])
20:40:46.874 [pool-12-thread-2] DEBUG org.springframework.web.reactive.function.client.ExchangeFunctions - [491cf974] HTTP GET http://localhost:8081/getAttractions
20:40:46.874 [reactor-http-nio-16] DEBUG reactor.netty.resources.PooledConnectionProvider - [id: 0xa01a053c, L:/127.0.0.1:50244 - R:localhost/127.0.0.1:8081] Channel cleaned, now 58 active connections and 7 inactive connections
20:40:46.873 [pool-12-thread-10] DEBUG org.springframework.web.reactive.function.client.ExchangeFunctions - [5d58697a] HTTP GET http://localhost:8081/getUserLocation?userId=034873b7-7a01-4de1-9eaa-4f6e740c61db
20:40:46.874 [reactor-http-nio-11] DEBUG reactor.netty.http.client.HttpClientOperations - [id: 0x1785ce4e, L:/127.0.0.1:50271 - R:localhost/127.0.0.1:8081] Received response (auto-read:false) : [Content-Type=application/json, Transfer-Encoding=chunked, Date=Fri, 11 Jun 2021 15:10:46 GMT]
20:40:46.874 [reactor-http-nio-14] DEBUG reactor.netty.http.client.HttpClientOperations - [id: 0xebe13634, L:/127.0.0.1:50273 - R:localhost/127.0.0.1:8081] Received response (auto-read:false) : [Content-Type=application/json, Transfer-Encoding=chunked, Date=Fri, 11 Jun 2021 15:10:46 GMT]
20:40:46.874 [reactor-http-nio-11] DEBUG reactor.netty.resources.PooledConnectionProvider - [id: 0x1785ce4e, L:/127.0.0.1:50271 - R:localhost/127.0.0.1:8081] onStateChange(GET{uri=/getUserLocation?userId=4b512504-14eb-46d8-8dd6-f83488a74380, connection=PooledConnection{channel=[id: 0x1785ce4e, L:/127.0.0.1:50271 - R:localhost/127.0.0.1:8081]}}, [response_received])
20:40:46.874 [reactor-http-nio-16] DEBUG reactor.netty.http.client.HttpClientOperations - [id: 0x55a55ac0, L:/127.0.0.1:50255 - R:localhost/127.0.0.1:8081] Received response (auto-read:false) : [Content-Type=application/json, Transfer-Encoding=chunked, Date=Fri, 11 Jun 2021 15:10:46 GMT]
20:40:46.875 [pool-12-thread-3] DEBUG org.springframework.web.reactive.function.client.ExchangeFunctions - [3e98bbfb] HTTP GET http://localhost:8081/getAttractions
20:40:46.875 [reactor-http-nio-16] DEBUG reactor.netty.resources.PooledConnectionProvider - [id: 0x55a55ac0, L:/127.0.0.1:50255 - R:localhost/127.0.0.1:8081] onStateChange(GET{uri=/getUserLocation?userId=9732d60f-fbab-44d8-96fc-bf7a9b7b6145, connection=PooledConnection{channel=[id: 0x55a55ac0, L:/127.0.0.1:50255 - R:localhost/127.0.0.1:8081]}}, [response_received])
20:40:46.873 [pool-12-thread-19] DEBUG org.springframework.web.reactive.function.client.ExchangeFunctions - [40faa1f6] HTTP GET http://localhost:8081/getAttractions
20:40:46.874 [reactor-http-nio-12] DEBUG reactor.netty.resources.PooledConnectionProvider - [id: 0xdb7d5510, L:/127.0.0.1:50268 - R:localhost/127.0.0.1:8081] Channel acquired, now 59 active connections and 6 inactive connections
20:40:46.874 [reactor-http-nio-11] DEBUG org.springframework.web.reactive.function.client.ExchangeFunctions - [7cd025ae] Response 200 OK
20:40:46.874 [reactor-http-nio-14] DEBUG reactor.netty.resources.PooledConnectionProvider - [id: 0xebe13634, L:/127.0.0.1:50273 - R:localhost/127.0.0.1:8081] onStateChange(GET{uri=/getUserLocation?userId=8792bad0-59c4-4af9-9bb1-e853ba841d9f, connection=PooledConnection{channel=[id: 0xebe13634, L:/127.0.0.1:50273 - R:localhost/127.0.0.1:8081]}}, [response_received])
20:40:46.875 [reactor-http-nio-12] DEBUG reactor.netty.http.client.HttpClientConnect - [id: 0xdb7d5510, L:/127.0.0.1:50268 - R:localhost/127.0.0.1:8081] Handler is being applied: {uri=http://localhost:8081/getAttractions, method=GET}
20:40:46.875 [pool-12-thread-36] DEBUG org.springframework.web.reactive.function.client.ExchangeFunctions - [432e919d] HTTP GET http://localhost:8081/getAttractions
20:40:46.876 [reactor-http-nio-14] DEBUG org.springframework.web.reactive.function.client.ExchangeFunctions - [28c84eb0] Response 200 OK
20:40:46.875 [reactor-http-nio-16] DEBUG org.springframework.web.reactive.function.client.ExchangeFunctions - [7a90d022] Response 200 OK
20:40:46.876 [reactor-http-nio-11] DEBUG reactor.netty.channel.FluxReceive - [id: 0x1785ce4e, L:/127.0.0.1:50271 - R:localhost/127.0.0.1:8081] Subscribing inbound receiver [pending: 0, cancelled:false, inboundDone: false]
20:40:46.876 [reactor-http-nio-14] DEBUG reactor.netty.channel.FluxReceive - [id: 0xebe13634, L:/127.0.0.1:50273 - R:localhost/127.0.0.1:8081] Subscribing inbound receiver [pending: 0, cancelled:false, inboundDone: false]
20:40:46.876 [reactor-http-nio-10] DEBUG reactor.netty.http.client.HttpClientOperations - [id: 0x2c66aa2f, L:/127.0.0.1:50251 - R:localhost/127.0.0.1:8081] Received response (auto-read:false) : [Content-Type=application/json, Transfer-Encoding=chunked, Date=Fri, 11 Jun 2021 15:10:46 GMT]
20:40:46.876 [reactor-http-nio-10] DEBUG reactor.netty.resources.PooledConnectionProvider - [id: 0x2c66aa2f, L:/127.0.0.1:50251 - R:localhost/127.0.0.1:8081] onStateChange(GET{uri=/getUserLocation?userId=e33d40da-6433-4878-bafa-410913e18a6c, connection=PooledConnection{channel=[id: 0x2c66aa2f, L:/127.0.0.1:50251 - R:localhost/127.0.0.1:8081]}}, [response_received])
20:40:46.876 [reactor-http-nio-16] DEBUG reactor.netty.channel.FluxReceive - [id: 0x55a55ac0, L:/127.0.0.1:50255 - R:localhost/127.0.0.1:8081] Subscribing inbound receiver [pending: 0, cancelled:false, inboundDone: false]
20:40:46.876 [reactor-http-nio-12] DEBUG reactor.netty.resources.PooledConnectionProvider - [id: 0xdb7d5510, L:/127.0.0.1:50268 - R:localhost/127.0.0.1:8081] onStateChange(GET{uri=/getAttractions, connection=PooledConnection{channel=[id: 0xdb7d5510, L:/127.0.0.1:50268 - R:localhost/127.0.0.1:8081]}}, [request_sent])
20:40:46.876 [reactor-http-nio-10] DEBUG org.springframework.web.reactive.function.client.ExchangeFunctions - [429c2269] Response 200 OK
20:40:46.876 [reactor-http-nio-14] DEBUG reactor.netty.http.client.HttpClientOperations - [id: 0xebe13634, L:/127.0.0.1:50273 - R:localhost/127.0.0.1:8081] Received last HTTP packet
20:40:46.876 [reactor-http-nio-16] DEBUG reactor.netty.http.client.HttpClientOperations - [id: 0x55a55ac0, L:/127.0.0.1:50255 - R:localhost/127.0.0.1:8081] Received last HTTP packet
20:40:46.877 [reactor-http-nio-14] DEBUG org.springframework.core.codec.StringDecoder - [28c84eb0] Decoded "{"userId":"8792bad0-59c4-4af9-9bb1-e853ba841d9f","location":{"longitude":76.333489,"latitude":66.48 (truncated)...
20:40:46.877 [reactor-http-nio-16] DEBUG org.springframework.core.codec.StringDecoder - [7a90d022] Decoded "{"userId":"9732d60f-fbab-44d8-96fc-bf7a9b7b6145","location":{"longitude":-136.102909,"latitude":-12 (truncated)...
20:40:46.877 [reactor-http-nio-14] DEBUG reactor.netty.resources.PooledConnectionProvider - [id: 0xebe13634, L:/127.0.0.1:50273 - R:localhost/127.0.0.1:8081] onStateChange(GET{uri=/getUserLocation?userId=8792bad0-59c4-4af9-9bb1-e853ba841d9f, connection=PooledConnection{channel=[id: 0xebe13634, L:/127.0.0.1:50273 - R:localhost/127.0.0.1:8081]}}, [disconnecting])
20:40:46.877 [reactor-http-nio-16] DEBUG reactor.netty.resources.PooledConnectionProvider - [id: 0x55a55ac0, L:/127.0.0.1:50255 - R:localhost/127.0.0.1:8081] onStateChange(GET{uri=/getUserLocation?userId=9732d60f-fbab-44d8-96fc-bf7a9b7b6145, connection=PooledConnection{channel=[id: 0x55a55ac0, L:/127.0.0.1:50255 - R:localhost/127.0.0.1:8081]}}, [disconnecting])
20:40:46.877 [reactor-http-nio-16] DEBUG reactor.netty.resources.PooledConnectionProvider - [id: 0x55a55ac0, L:/127.0.0.1:50255 - R:localhost/127.0.0.1:8081] Releasing channel
20:40:46.877 [reactor-http-nio-13] DEBUG reactor.netty.resources.PooledConnectionProvider - [id: 0xd31561fb, L:/127.0.0.1:50256 - R:localhost/127.0.0.1:8081] Channel acquired, now 60 active connections and 5 inactive connections
20:40:46.876 [reactor-http-nio-11] DEBUG reactor.netty.http.client.HttpClientOperations - [id: 0x1785ce4e, L:/127.0.0.1:50271 - R:localhost/127.0.0.1:8081] Received last HTTP packet
20:40:46.877 [reactor-http-nio-12] DEBUG reactor.netty.http.client.HttpClientOperations - [id: 0x3e41c192, L:/127.0.0.1:50266 - R:localhost/127.0.0.1:8081] Received response (auto-read:false) : [Content-Type=application/json, Transfer-Encoding=chunked, Date=Fri, 11 Jun 2021 15:10:46 GMT]
20:40:46.877 [reactor-http-nio-12] DEBUG reactor.netty.resources.PooledConnectionProvider - [id: 0x3e41c192, L:/127.0.0.1:50266 - R:localhost/127.0.0.1:8081] onStateChange(GET{uri=/getUserLocation?userId=c131aa27-ef45-4cf8-81ac-396f5ff0c195, connection=PooledConnection{channel=[id: 0x3e41c192, L:/127.0.0.1:50266 - R:localhost/127.0.0.1:8081]}}, [response_received])
20:40:46.877 [reactor-http-nio-13] DEBUG reactor.netty.http.client.HttpClientConnect - [id: 0xd31561fb, L:/127.0.0.1:50256 - R:localhost/127.0.0.1:8081] Handler is being applied: {uri=http://localhost:8081/getAttractions, method=GET}
20:40:46.877 [reactor-http-nio-12] DEBUG org.springframework.web.reactive.function.client.ExchangeFunctions - [1f351ed0] Response 200 OK
20:40:46.877 [reactor-http-nio-14] DEBUG reactor.netty.resources.PooledConnectionProvider - [id: 0xebe13634, L:/127.0.0.1:50273 - R:localhost/127.0.0.1:8081] Releasing channel
20:40:46.877 [reactor-http-nio-15] DEBUG reactor.netty.http.client.HttpClientOperations - [id: 0x9e2c9a54, L:/127.0.0.1:50246 - R:localhost/127.0.0.1:8081] Received response (auto-read:false) : [Content-Type=application/json, Transfer-Encoding=chunked, Date=Fri, 11 Jun 2021 15:10:46 GMT]
20:40:46.877 [reactor-http-nio-14] DEBUG reactor.netty.resources.PooledConnectionProvider - [id: 0xebe13634, L:/127.0.0.1:50273 - R:localhost/127.0.0.1:8081] Channel cleaned, now 58 active connections and 7 inactive connections
20:40:46.877 [reactor-http-nio-16] DEBUG reactor.netty.resources.PooledConnectionProvider - [id: 0x55a55ac0, L:/127.0.0.1:50255 - R:localhost/127.0.0.1:8081] Channel cleaned, now 59 active connections and 6 inactive connections
20:40:46.878 [reactor-http-nio-13] DEBUG reactor.netty.resources.PooledConnectionProvider - [id: 0xd31561fb, L:/127.0.0.1:50256 - R:localhost/127.0.0.1:8081] onStateChange(GET{uri=/getAttractions, connection=PooledConnection{channel=[id: 0xd31561fb, L:/127.0.0.1:50256 - R:localhost/127.0.0.1:8081]}}, [request_sent])
20:40:46.878 [reactor-http-nio-12] DEBUG reactor.netty.channel.FluxReceive - [id: 0x3e41c192, L:/127.0.0.1:50266 - R:localhost/127.0.0.1:8081] Subscribing inbound receiver [pending: 0, cancelled:false, inboundDone: false]
20:40:46.878 [reactor-http-nio-16] DEBUG reactor.netty.http.client.HttpClientOperations - [id: 0x736d1567, L:/127.0.0.1:50275 - R:localhost/127.0.0.1:8081] Received response (auto-read:false) : [Content-Type=application/json, Transfer-Encoding=chunked, Date=Fri, 11 Jun 2021 15:10:46 GMT]
20:40:46.878 [reactor-http-nio-16] DEBUG reactor.netty.resources.PooledConnectionProvider - [id: 0x736d1567, L:/127.0.0.1:50275 - R:localhost/127.0.0.1:8081] onStateChange(GET{uri=/getUserLocation?userId=c4702493-1d89-4ba5-ba69-8c9a56ed53f7, connection=PooledConnection{channel=[id: 0x736d1567, L:/127.0.0.1:50275 - R:localhost/127.0.0.1:8081]}}, [response_received])
20:40:46.877 [reactor-http-nio-10] DEBUG reactor.netty.channel.FluxReceive - [id: 0x2c66aa2f, L:/127.0.0.1:50251 - R:localhost/127.0.0.1:8081] Subscribing inbound receiver [pending: 0, cancelled:false, inboundDone: false]
20:40:46.878 [reactor-http-nio-16] DEBUG org.springframework.web.reactive.function.client.ExchangeFunctions - [44ddcd56] Response 200 OK
20:40:46.878 [reactor-http-nio-2] DEBUG reactor.netty.resources.PooledConnectionProvider - [id: 0x25eb9b2e, L:/127.0.0.1:50247 - R:localhost/127.0.0.1:8081] Channel acquired, now 59 active connections and 6 inactive connections
20:40:46.879 [reactor-http-nio-10] DEBUG reactor.netty.http.client.HttpClientOperations - [id: 0x2c66aa2f, L:/127.0.0.1:50251 - R:localhost/127.0.0.1:8081] Received last HTTP packet
20:40:46.877 [reactor-http-nio-11] DEBUG org.springframework.core.codec.StringDecoder - [7cd025ae] Decoded "{"userId":"4b512504-14eb-46d8-8dd6-f83488a74380","location":{"longitude":-143.402716,"latitude":-35 (truncated)...
20:40:46.879 [reactor-http-nio-10] DEBUG org.springframework.core.codec.StringDecoder - [429c2269] Decoded "{"userId":"e33d40da-6433-4878-bafa-410913e18a6c","location":{"longitude":-11.748028,"latitude":24.0 (truncated)...
20:40:46.879 [reactor-http-nio-11] DEBUG reactor.netty.resources.PooledConnectionProvider - [id: 0x1785ce4e, L:/127.0.0.1:50271 - R:localhost/127.0.0.1:8081] onStateChange(GET{uri=/getUserLocation?userId=4b512504-14eb-46d8-8dd6-f83488a74380, connection=PooledConnection{channel=[id: 0x1785ce4e, L:/127.0.0.1:50271 - R:localhost/127.0.0.1:8081]}}, [disconnecting])
20:40:46.879 [reactor-http-nio-16] DEBUG reactor.netty.channel.FluxReceive - [id: 0x736d1567, L:/127.0.0.1:50275 - R:localhost/127.0.0.1:8081] Subscribing inbound receiver [pending: 0, cancelled:false, inboundDone: false]
20:40:46.879 [reactor-http-nio-11] DEBUG reactor.netty.resources.PooledConnectionProvider - [id: 0x1785ce4e, L:/127.0.0.1:50271 - R:localhost/127.0.0.1:8081] Releasing channel
20:40:46.879 [reactor-http-nio-11] DEBUG reactor.netty.resources.PooledConnectionProvider - [id: 0x1785ce4e, L:/127.0.0.1:50271 - R:localhost/127.0.0.1:8081] Channel cleaned, now 58 active connections and 7 inactive connections
20:40:46.879 [reactor-http-nio-16] DEBUG reactor.netty.http.client.HttpClientOperations - [id: 0x736d1567, L:/127.0.0.1:50275 - R:localhost/127.0.0.1:8081] Received last HTTP packet
20:40:46.879 [pool-12-thread-22] DEBUG org.springframework.web.reactive.function.client.ExchangeFunctions - [260fb5d9] HTTP GET http://localhost:8081/getAttractions
20:40:46.879 [reactor-http-nio-16] DEBUG org.springframework.core.codec.StringDecoder - [44ddcd56] Decoded "{"userId":"c4702493-1d89-4ba5-ba69-8c9a56ed53f7","location":{"longitude":172.926619,"latitude":-13. (truncated)...
20:40:46.877 [pool-11-thread-1] DEBUG org.springframework.web.reactive.function.client.ExchangeFunctions - [384cd975] HTTP GET http://localhost:8081/getAttractions
20:40:46.879 [reactor-http-nio-16] DEBUG reactor.netty.resources.PooledConnectionProvider - [id: 0x736d1567, L:/127.0.0.1:50275 - R:localhost/127.0.0.1:8081] onStateChange(GET{uri=/getUserLocation?userId=c4702493-1d89-4ba5-ba69-8c9a56ed53f7, connection=PooledConnection{channel=[id: 0x736d1567, L:/127.0.0.1:50275 - R:localhost/127.0.0.1:8081]}}, [disconnecting])
20:40:46.879 [reactor-http-nio-16] DEBUG reactor.netty.resources.PooledConnectionProvider - [id: 0x736d1567, L:/127.0.0.1:50275 - R:localhost/127.0.0.1:8081] Releasing channel
20:40:46.880 [reactor-http-nio-16] DEBUG reactor.netty.resources.PooledConnectionProvider - [id: 0x736d1567, L:/127.0.0.1:50275 - R:localhost/127.0.0.1:8081] Channel cleaned, now 57 active connections and 8 inactive connections
20:40:46.877 [reactor-http-nio-15] DEBUG reactor.netty.resources.PooledConnectionProvider - [id: 0x9e2c9a54, L:/127.0.0.1:50246 - R:localhost/127.0.0.1:8081] onStateChange(GET{uri=/getAttractions, connection=PooledConnection{channel=[id: 0x9e2c9a54, L:/127.0.0.1:50246 - R:localhost/127.0.0.1:8081]}}, [response_received])
20:40:46.878 [reactor-http-nio-14] DEBUG reactor.netty.http.client.HttpClientOperations - [id: 0xe42ed116, L:/127.0.0.1:50253 - R:localhost/127.0.0.1:8081] Received response (auto-read:false) : [Content-Type=application/json, Transfer-Encoding=chunked, Date=Fri, 11 Jun 2021 15:10:46 GMT]
20:40:46.878 [reactor-http-nio-12] DEBUG reactor.netty.http.client.HttpClientOperations - [id: 0x3e41c192, L:/127.0.0.1:50266 - R:localhost/127.0.0.1:8081] Received last HTTP packet
20:40:46.879 [reactor-http-nio-2] DEBUG reactor.netty.http.client.HttpClientConnect - [id: 0x25eb9b2e, L:/127.0.0.1:50247 - R:localhost/127.0.0.1:8081] Handler is being applied: {uri=http://localhost:8081/getAttractions, method=GET}
20:40:46.879 [reactor-http-nio-10] DEBUG reactor.netty.resources.PooledConnectionProvider - [id: 0x2c66aa2f, L:/127.0.0.1:50251 - R:localhost/127.0.0.1:8081] onStateChange(GET{uri=/getUserLocation?userId=e33d40da-6433-4878-bafa-410913e18a6c, connection=PooledConnection{channel=[id: 0x2c66aa2f, L:/127.0.0.1:50251 - R:localhost/127.0.0.1:8081]}}, [disconnecting])
20:40:46.880 [reactor-http-nio-10] DEBUG reactor.netty.resources.PooledConnectionProvider - [id: 0x2c66aa2f, L:/127.0.0.1:50251 - R:localhost/127.0.0.1:8081] Releasing channel
20:40:46.880 [reactor-http-nio-16] DEBUG reactor.netty.http.client.HttpClientOperations - [id: 0x0ffc5b2c, L:/127.0.0.1:50250 - R:localhost/127.0.0.1:8081] Received response (auto-read:false) : [Content-Type=application/json, Transfer-Encoding=chunked, Date=Fri, 11 Jun 2021 15:10:46 GMT]
20:40:46.880 [reactor-http-nio-12] DEBUG org.springframework.core.codec.StringDecoder - [1f351ed0] Decoded "{"userId":"c131aa27-ef45-4cf8-81ac-396f5ff0c195","location":{"longitude":-18.479854,"latitude":72.1 (truncated)...
20:40:46.879 [pool-12-thread-8] DEBUG org.springframework.web.reactive.function.client.ExchangeFunctions - [74572100] HTTP GET http://localhost:8081/getAttractions
20:40:46.880 [reactor-http-nio-12] DEBUG reactor.netty.resources.PooledConnectionProvider - [id: 0x3e41c192, L:/127.0.0.1:50266 - R:localhost/127.0.0.1:8081] onStateChange(GET{uri=/getUserLocation?userId=c131aa27-ef45-4cf8-81ac-396f5ff0c195, connection=PooledConnection{channel=[id: 0x3e41c192, L:/127.0.0.1:50266 - R:localhost/127.0.0.1:8081]}}, [disconnecting])
20:40:46.880 [reactor-http-nio-12] DEBUG reactor.netty.resources.PooledConnectionProvider - [id: 0x3e41c192, L:/127.0.0.1:50266 - R:localhost/127.0.0.1:8081] Releasing channel
20:40:46.880 [reactor-http-nio-12] DEBUG reactor.netty.resources.PooledConnectionProvider - [id: 0x3e41c192, L:/127.0.0.1:50266 - R:localhost/127.0.0.1:8081] Channel cleaned, now 55 active connections and 10 inactive connections
20:40:46.880 [reactor-http-nio-11] DEBUG reactor.netty.http.client.HttpClientOperations - [id: 0xf8610755, L:/127.0.0.1:50285 - R:localhost/127.0.0.1:8081] Received response (auto-read:false) : [Content-Type=application/json, Transfer-Encoding=chunked, Date=Fri, 11 Jun 2021 15:10:46 GMT]
20:40:46.881 [reactor-http-nio-11] DEBUG reactor.netty.resources.PooledConnectionProvider - [id: 0xf8610755, L:/127.0.0.1:50285 - R:localhost/127.0.0.1:8081] onStateChange(GET{uri=/getUserLocation?userId=31711ac1-4771-4147-a47d-ced3a008a059, connection=PooledConnection{channel=[id: 0xf8610755, L:/127.0.0.1:50285 - R:localhost/127.0.0.1:8081]}}, [response_received])
20:40:46.881 [reactor-http-nio-11] DEBUG org.springframework.web.reactive.function.client.ExchangeFunctions - [50792af8] Response 200 OK
20:40:46.881 [reactor-http-nio-2] DEBUG reactor.netty.resources.PooledConnectionProvider - [id: 0x25eb9b2e, L:/127.0.0.1:50247 - R:localhost/127.0.0.1:8081] onStateChange(GET{uri=/getAttractions, connection=PooledConnection{channel=[id: 0x25eb9b2e, L:/127.0.0.1:50247 - R:localhost/127.0.0.1:8081]}}, [request_sent])
20:40:46.880 [reactor-http-nio-15] DEBUG org.springframework.web.reactive.function.client.ExchangeFunctions - [511f9513] Response 200 OK
20:40:46.880 [reactor-http-nio-14] DEBUG reactor.netty.resources.PooledConnectionProvider - [id: 0xe42ed116, L:/127.0.0.1:50253 - R:localhost/127.0.0.1:8081] onStateChange(GET{uri=/getAttractions, connection=PooledConnection{channel=[id: 0xe42ed116, L:/127.0.0.1:50253 - R:localhost/127.0.0.1:8081]}}, [response_received])
20:40:46.881 [reactor-http-nio-14] DEBUG org.springframework.web.reactive.function.client.ExchangeFunctions - [1cd98fed] Response 200 OK
20:40:46.881 [pool-12-thread-27] DEBUG org.springframework.web.reactive.function.client.ExchangeFunctions - [7217c444] HTTP GET http://localhost:8081/getAttractions
20:40:46.881 [pool-12-thread-30] DEBUG org.springframework.web.reactive.function.client.ExchangeFunctions - [4a1a3bbd] HTTP GET http://localhost:8081/getAttractions
20:40:46.880 [reactor-http-nio-10] DEBUG reactor.netty.resources.PooledConnectionProvider - [id: 0x2c66aa2f, L:/127.0.0.1:50251 - R:localhost/127.0.0.1:8081] Channel cleaned, now 56 active connections and 9 inactive connections
20:40:46.880 [reactor-http-nio-16] DEBUG reactor.netty.resources.PooledConnectionProvider - [id: 0x0ffc5b2c, L:/127.0.0.1:50250 - R:localhost/127.0.0.1:8081] onStateChange(GET{uri=/getUserLocation?userId=96338cdc-065f-4cff-94c0-9d7ab880e920, connection=PooledConnection{channel=[id: 0x0ffc5b2c, L:/127.0.0.1:50250 - R:localhost/127.0.0.1:8081]}}, [response_received])
20:40:46.881 [reactor-http-nio-15] DEBUG reactor.netty.channel.FluxReceive - [id: 0x9e2c9a54, L:/127.0.0.1:50246 - R:localhost/127.0.0.1:8081] Subscribing inbound receiver [pending: 0, cancelled:false, inboundDone: false]
20:40:46.881 [reactor-http-nio-11] DEBUG reactor.netty.channel.FluxReceive - [id: 0xf8610755, L:/127.0.0.1:50285 - R:localhost/127.0.0.1:8081] Subscribing inbound receiver [pending: 0, cancelled:false, inboundDone: false]
20:40:46.881 [pool-12-thread-4] DEBUG org.springframework.web.reactive.function.client.ExchangeFunctions - [4c5bd44a] HTTP GET http://localhost:8081/getAttractions
20:40:46.882 [reactor-http-nio-14] DEBUG reactor.netty.channel.FluxReceive - [id: 0xe42ed116, L:/127.0.0.1:50253 - R:localhost/127.0.0.1:8081] Subscribing inbound receiver [pending: 0, cancelled:false, inboundDone: false]
20:40:46.882 [reactor-http-nio-16] DEBUG org.springframework.web.reactive.function.client.ExchangeFunctions - [485bdd20] Response 200 OK
20:40:46.882 [reactor-http-nio-11] DEBUG reactor.netty.http.client.HttpClientOperations - [id: 0xf8610755, L:/127.0.0.1:50285 - R:localhost/127.0.0.1:8081] Received last HTTP packet
20:40:46.882 [reactor-http-nio-11] DEBUG org.springframework.core.codec.StringDecoder - [50792af8] Decoded "{"userId":"31711ac1-4771-4147-a47d-ced3a008a059","location":{"longitude":130.594656,"latitude":-5.3 (truncated)...
20:40:46.882 [reactor-http-nio-10] DEBUG reactor.netty.http.client.HttpClientOperations - [id: 0x89be4937, L:/127.0.0.1:50258 - R:localhost/127.0.0.1:8081] Received response (auto-read:false) : [Content-Type=application/json, Transfer-Encoding=chunked, Date=Fri, 11 Jun 2021 15:10:46 GMT]
20:40:46.882 [reactor-http-nio-11] DEBUG reactor.netty.resources.PooledConnectionProvider - [id: 0xf8610755, L:/127.0.0.1:50285 - R:localhost/127.0.0.1:8081] onStateChange(GET{uri=/getUserLocation?userId=31711ac1-4771-4147-a47d-ced3a008a059, connection=PooledConnection{channel=[id: 0xf8610755, L:/127.0.0.1:50285 - R:localhost/127.0.0.1:8081]}}, [disconnecting])
20:40:46.882 [reactor-http-nio-11] DEBUG reactor.netty.resources.PooledConnectionProvider - [id: 0xf8610755, L:/127.0.0.1:50285 - R:localhost/127.0.0.1:8081] Releasing channel
20:40:46.882 [reactor-http-nio-15] DEBUG reactor.netty.http.client.HttpClientOperations - [id: 0x9e2c9a54, L:/127.0.0.1:50246 - R:localhost/127.0.0.1:8081] Received last HTTP packet
20:40:46.882 [reactor-http-nio-10] DEBUG reactor.netty.resources.PooledConnectionProvider - [id: 0x89be4937, L:/127.0.0.1:50258 - R:localhost/127.0.0.1:8081] onStateChange(GET{uri=/getAttractions, connection=PooledConnection{channel=[id: 0x89be4937, L:/127.0.0.1:50258 - R:localhost/127.0.0.1:8081]}}, [response_received])
20:40:46.882 [reactor-http-nio-11] DEBUG reactor.netty.resources.PooledConnectionProvider - [id: 0xf8610755, L:/127.0.0.1:50285 - R:localhost/127.0.0.1:8081] Channel cleaned, now 54 active connections and 11 inactive connections
20:40:46.883 [reactor-http-nio-10] DEBUG org.springframework.web.reactive.function.client.ExchangeFunctions - [59eaabed] Response 200 OK
20:40:46.882 [reactor-http-nio-14] DEBUG reactor.netty.http.client.HttpClientOperations - [id: 0xe42ed116, L:/127.0.0.1:50253 - R:localhost/127.0.0.1:8081] Received last HTTP packet
20:40:46.883 [reactor-http-nio-15] DEBUG org.springframework.core.codec.StringDecoder - [511f9513] Decoded "[{"longitude":-117.922008,"latitude":33.817595,"attractionName":"Disneyland","city":"Anaheim","stat (truncated)...
20:40:46.883 [reactor-http-nio-16] DEBUG reactor.netty.channel.FluxReceive - [id: 0x0ffc5b2c, L:/127.0.0.1:50250 - R:localhost/127.0.0.1:8081] Subscribing inbound receiver [pending: 0, cancelled:false, inboundDone: false]
20:40:46.883 [reactor-http-nio-15] DEBUG reactor.netty.resources.PooledConnectionProvider - [id: 0x9e2c9a54, L:/127.0.0.1:50246 - R:localhost/127.0.0.1:8081] onStateChange(GET{uri=/getAttractions, connection=PooledConnection{channel=[id: 0x9e2c9a54, L:/127.0.0.1:50246 - R:localhost/127.0.0.1:8081]}}, [disconnecting])
20:40:46.883 [reactor-http-nio-15] DEBUG reactor.netty.resources.PooledConnectionProvider - [id: 0x9e2c9a54, L:/127.0.0.1:50246 - R:localhost/127.0.0.1:8081] Releasing channel
20:40:46.883 [reactor-http-nio-15] DEBUG reactor.netty.resources.PooledConnectionProvider - [id: 0x9e2c9a54, L:/127.0.0.1:50246 - R:localhost/127.0.0.1:8081] Channel cleaned, now 53 active connections and 12 inactive connections
20:40:46.883 [reactor-http-nio-10] DEBUG reactor.netty.channel.FluxReceive - [id: 0x89be4937, L:/127.0.0.1:50258 - R:localhost/127.0.0.1:8081] Subscribing inbound receiver [pending: 0, cancelled:false, inboundDone: false]
20:40:46.883 [pool-12-thread-17] DEBUG org.springframework.web.reactive.function.client.ExchangeFunctions - [11f2f346] HTTP GET http://localhost:8081/getAttractions
20:40:46.883 [reactor-http-nio-16] DEBUG reactor.netty.http.client.HttpClientOperations - [id: 0x0ffc5b2c, L:/127.0.0.1:50250 - R:localhost/127.0.0.1:8081] Received last HTTP packet
20:40:46.883 [reactor-http-nio-16] DEBUG org.springframework.core.codec.StringDecoder - [485bdd20] Decoded "{"userId":"96338cdc-065f-4cff-94c0-9d7ab880e920","location":{"longitude":-53.495765,"latitude":82.9 (truncated)...
20:40:46.883 [reactor-http-nio-16] DEBUG reactor.netty.resources.PooledConnectionProvider - [id: 0x0ffc5b2c, L:/127.0.0.1:50250 - R:localhost/127.0.0.1:8081] onStateChange(GET{uri=/getUserLocation?userId=96338cdc-065f-4cff-94c0-9d7ab880e920, connection=PooledConnection{channel=[id: 0x0ffc5b2c, L:/127.0.0.1:50250 - R:localhost/127.0.0.1:8081]}}, [disconnecting])
20:40:46.883 [reactor-http-nio-16] DEBUG reactor.netty.resources.PooledConnectionProvider - [id: 0x0ffc5b2c, L:/127.0.0.1:50250 - R:localhost/127.0.0.1:8081] Releasing channel
20:40:46.883 [reactor-http-nio-15] DEBUG reactor.netty.http.client.HttpClientOperations - [id: 0x21231b13, L:/127.0.0.1:50274 - R:localhost/127.0.0.1:8081] Received response (auto-read:false) : [Content-Type=application/json, Transfer-Encoding=chunked, Date=Fri, 11 Jun 2021 15:10:46 GMT]
20:40:46.884 [reactor-http-nio-16] DEBUG reactor.netty.resources.PooledConnectionProvider - [id: 0x0ffc5b2c, L:/127.0.0.1:50250 - R:localhost/127.0.0.1:8081] Channel cleaned, now 52 active connections and 13 inactive connections
20:40:46.883 [reactor-http-nio-14] DEBUG org.springframework.core.codec.StringDecoder - [1cd98fed] Decoded "[{"longitude":-117.922008,"latitude":33.817595,"attractionName":"Disneyland","city":"Anaheim","stat (truncated)...
20:40:46.884 [reactor-http-nio-10] DEBUG reactor.netty.http.client.HttpClientOperations - [id: 0x89be4937, L:/127.0.0.1:50258 - R:localhost/127.0.0.1:8081] Received last HTTP packet
20:40:46.883 [reactor-http-nio-11] DEBUG reactor.netty.http.client.HttpClientOperations - [id: 0x5ee0aef5, L:/127.0.0.1:50263 - R:localhost/127.0.0.1:8081] Received response (auto-read:false) : [Content-Type=application/json, Transfer-Encoding=chunked, Date=Fri, 11 Jun 2021 15:10:46 GMT]
20:40:46.884 [reactor-http-nio-11] DEBUG reactor.netty.resources.PooledConnectionProvider - [id: 0x5ee0aef5, L:/127.0.0.1:50263 - R:localhost/127.0.0.1:8081] onStateChange(GET{uri=/getUserLocation?userId=c8d16f54-75a8-408c-b4e6-e2f10073abb0, connection=PooledConnection{channel=[id: 0x5ee0aef5, L:/127.0.0.1:50263 - R:localhost/127.0.0.1:8081]}}, [response_received])
20:40:46.884 [reactor-http-nio-16] DEBUG reactor.netty.http.client.HttpClientOperations - [id: 0xb476bc26, L:/127.0.0.1:50260 - R:localhost/127.0.0.1:8081] Received response (auto-read:false) : [Content-Type=application/json, Transfer-Encoding=chunked, Date=Fri, 11 Jun 2021 15:10:46 GMT]
20:40:46.884 [reactor-http-nio-16] DEBUG reactor.netty.resources.PooledConnectionProvider - [id: 0xb476bc26, L:/127.0.0.1:50260 - R:localhost/127.0.0.1:8081] onStateChange(GET{uri=/getAttractions, connection=PooledConnection{channel=[id: 0xb476bc26, L:/127.0.0.1:50260 - R:localhost/127.0.0.1:8081]}}, [response_received])
20:40:46.884 [reactor-http-nio-15] DEBUG reactor.netty.resources.PooledConnectionProvider - [id: 0x21231b13, L:/127.0.0.1:50274 - R:localhost/127.0.0.1:8081] onStateChange(GET{uri=/getAttractions, connection=PooledConnection{channel=[id: 0x21231b13, L:/127.0.0.1:50274 - R:localhost/127.0.0.1:8081]}}, [response_received])
20:40:46.884 [reactor-http-nio-16] DEBUG org.springframework.web.reactive.function.client.ExchangeFunctions - [102638de] Response 200 OK
20:40:46.884 [reactor-http-nio-10] DEBUG org.springframework.core.codec.StringDecoder - [59eaabed] Decoded "[{"longitude":-117.922008,"latitude":33.817595,"attractionName":"Disneyland","city":"Anaheim","stat (truncated)...
20:40:46.884 [reactor-http-nio-15] DEBUG org.springframework.web.reactive.function.client.ExchangeFunctions - [15198e72] Response 200 OK
20:40:46.884 [reactor-http-nio-14] DEBUG reactor.netty.resources.PooledConnectionProvider - [id: 0xe42ed116, L:/127.0.0.1:50253 - R:localhost/127.0.0.1:8081] onStateChange(GET{uri=/getAttractions, connection=PooledConnection{channel=[id: 0xe42ed116, L:/127.0.0.1:50253 - R:localhost/127.0.0.1:8081]}}, [disconnecting])
20:40:46.884 [reactor-http-nio-14] DEBUG reactor.netty.resources.PooledConnectionProvider - [id: 0xe42ed116, L:/127.0.0.1:50253 - R:localhost/127.0.0.1:8081] Releasing channel
20:40:46.884 [reactor-http-nio-14] DEBUG reactor.netty.resources.PooledConnectionProvider - [id: 0xe42ed116, L:/127.0.0.1:50253 - R:localhost/127.0.0.1:8081] Channel cleaned, now 51 active connections and 14 inactive connections
20:40:46.885 [reactor-http-nio-14] DEBUG reactor.netty.resources.PooledConnectionProvider - [id: 0x37820d17, L:/127.0.0.1:50283 - R:localhost/127.0.0.1:8081] Channel acquired, now 52 active connections and 13 inactive connections
20:40:46.885 [reactor-http-nio-15] DEBUG reactor.netty.channel.FluxReceive - [id: 0x21231b13, L:/127.0.0.1:50274 - R:localhost/127.0.0.1:8081] Subscribing inbound receiver [pending: 0, cancelled:false, inboundDone: false]
20:40:46.885 [pool-12-thread-44] DEBUG org.springframework.web.reactive.function.client.ExchangeFunctions - [5ebede87] HTTP GET http://localhost:8081/getAttractions
20:40:46.885 [reactor-http-nio-16] DEBUG reactor.netty.channel.FluxReceive - [id: 0xb476bc26, L:/127.0.0.1:50260 - R:localhost/127.0.0.1:8081] Subscribing inbound receiver [pending: 0, cancelled:false, inboundDone: false]
20:40:46.885 [reactor-http-nio-15] DEBUG reactor.netty.http.client.HttpClientOperations - [id: 0x21231b13, L:/127.0.0.1:50274 - R:localhost/127.0.0.1:8081] Received last HTTP packet
20:40:46.884 [reactor-http-nio-11] DEBUG org.springframework.web.reactive.function.client.ExchangeFunctions - [5a298b72] Response 200 OK
20:40:46.885 [reactor-http-nio-16] DEBUG reactor.netty.http.client.HttpClientOperations - [id: 0xb476bc26, L:/127.0.0.1:50260 - R:localhost/127.0.0.1:8081] Received last HTTP packet
20:40:46.886 [pool-12-thread-7] DEBUG org.springframework.web.reactive.function.client.ExchangeFunctions - [469c3a5b] HTTP GET http://localhost:8081/getAttractions
20:40:46.886 [reactor-http-nio-15] DEBUG org.springframework.core.codec.StringDecoder - [15198e72] Decoded "[{"longitude":-117.922008,"latitude":33.817595,"attractionName":"Disneyland","city":"Anaheim","stat (truncated)...
20:40:46.886 [reactor-http-nio-11] DEBUG reactor.netty.channel.FluxReceive - [id: 0x5ee0aef5, L:/127.0.0.1:50263 - R:localhost/127.0.0.1:8081] Subscribing inbound receiver [pending: 0, cancelled:false, inboundDone: false]
20:40:46.886 [reactor-http-nio-16] DEBUG org.springframework.core.codec.StringDecoder - [102638de] Decoded "[{"longitude":-117.922008,"latitude":33.817595,"attractionName":"Disneyland","city":"Anaheim","stat (truncated)...
20:40:46.886 [reactor-http-nio-15] DEBUG reactor.netty.resources.PooledConnectionProvider - [id: 0x21231b13, L:/127.0.0.1:50274 - R:localhost/127.0.0.1:8081] onStateChange(GET{uri=/getAttractions, connection=PooledConnection{channel=[id: 0x21231b13, L:/127.0.0.1:50274 - R:localhost/127.0.0.1:8081]}}, [disconnecting])
20:40:46.886 [reactor-http-nio-15] DEBUG reactor.netty.resources.PooledConnectionProvider - [id: 0x21231b13, L:/127.0.0.1:50274 - R:localhost/127.0.0.1:8081] Releasing channel
20:40:46.886 [reactor-http-nio-16] DEBUG reactor.netty.resources.PooledConnectionProvider - [id: 0xb476bc26, L:/127.0.0.1:50260 - R:localhost/127.0.0.1:8081] onStateChange(GET{uri=/getAttractions, connection=PooledConnection{channel=[id: 0xb476bc26, L:/127.0.0.1:50260 - R:localhost/127.0.0.1:8081]}}, [disconnecting])
20:40:46.886 [reactor-http-nio-16] DEBUG reactor.netty.resources.PooledConnectionProvider - [id: 0xb476bc26, L:/127.0.0.1:50260 - R:localhost/127.0.0.1:8081] Releasing channel
20:40:46.886 [reactor-http-nio-15] DEBUG reactor.netty.resources.PooledConnectionProvider - [id: 0x21231b13, L:/127.0.0.1:50274 - R:localhost/127.0.0.1:8081] Channel cleaned, now 51 active connections and 14 inactive connections
20:40:46.886 [reactor-http-nio-16] DEBUG reactor.netty.resources.PooledConnectionProvider - [id: 0xb476bc26, L:/127.0.0.1:50260 - R:localhost/127.0.0.1:8081] Channel cleaned, now 50 active connections and 15 inactive connections
20:40:46.884 [reactor-http-nio-10] DEBUG reactor.netty.resources.PooledConnectionProvider - [id: 0x89be4937, L:/127.0.0.1:50258 - R:localhost/127.0.0.1:8081] onStateChange(GET{uri=/getAttractions, connection=PooledConnection{channel=[id: 0x89be4937, L:/127.0.0.1:50258 - R:localhost/127.0.0.1:8081]}}, [disconnecting])
20:40:46.886 [reactor-http-nio-16] DEBUG reactor.netty.resources.PooledConnectionProvider - [id: 0x9f9296cb, L:/127.0.0.1:50261 - R:localhost/127.0.0.1:8081] Channel acquired, now 51 active connections and 14 inactive connections
20:40:46.886 [reactor-http-nio-16] DEBUG reactor.netty.http.client.HttpClientConnect - [id: 0x9f9296cb, L:/127.0.0.1:50261 - R:localhost/127.0.0.1:8081] Handler is being applied: {uri=http://localhost:8081/getUserLocation?userId=034873b7-7a01-4de1-9eaa-4f6e740c61db, method=GET}
20:40:46.887 [pool-12-thread-1] DEBUG org.springframework.web.reactive.function.client.ExchangeFunctions - [55200be8] HTTP GET http://localhost:8081/getUserLocation?userId=ae4cd197-e938-4f93-9e82-99f6db13ae0f
20:40:46.885 [reactor-http-nio-14] DEBUG reactor.netty.http.client.HttpClientConnect - [id: 0x37820d17, L:/127.0.0.1:50283 - R:localhost/127.0.0.1:8081] Handler is being applied: {uri=http://localhost:8081/getAttractions, method=GET}
20:40:46.887 [reactor-http-nio-16] DEBUG reactor.netty.resources.PooledConnectionProvider - [id: 0x9f9296cb, L:/127.0.0.1:50261 - R:localhost/127.0.0.1:8081] onStateChange(GET{uri=/getUserLocation?userId=034873b7-7a01-4de1-9eaa-4f6e740c61db, connection=PooledConnection{channel=[id: 0x9f9296cb, L:/127.0.0.1:50261 - R:localhost/127.0.0.1:8081]}}, [request_sent])
20:40:46.887 [pool-12-thread-6] DEBUG org.springframework.web.reactive.function.client.ExchangeFunctions - [18e618ae] HTTP GET http://localhost:8081/getUserLocation?userId=8a80cf51-342a-47d9-99e0-dbd9bb75585e
20:40:46.887 [reactor-http-nio-16] DEBUG reactor.netty.resources.PooledConnectionProvider - [id: 0xa01a053c, L:/127.0.0.1:50244 - R:localhost/127.0.0.1:8081] Channel acquired, now 52 active connections and 13 inactive connections
20:40:46.887 [reactor-http-nio-16] DEBUG reactor.netty.http.client.HttpClientConnect - [id: 0xa01a053c, L:/127.0.0.1:50244 - R:localhost/127.0.0.1:8081] Handler is being applied: {uri=http://localhost:8081/getAttractions, method=GET}
20:40:46.887 [pool-12-thread-12] DEBUG org.springframework.web.reactive.function.client.ExchangeFunctions - [5dd53408] HTTP GET http://localhost:8081/getUserLocation?userId=eeb509ac-5c2c-4b76-9f8d-4518ff45b9cc
20:40:46.886 [reactor-http-nio-11] DEBUG reactor.netty.http.client.HttpClientOperations - [id: 0x5ee0aef5, L:/127.0.0.1:50263 - R:localhost/127.0.0.1:8081] Received last HTTP packet
20:40:46.888 [reactor-http-nio-11] DEBUG org.springframework.core.codec.StringDecoder - [5a298b72] Decoded "{"userId":"c8d16f54-75a8-408c-b4e6-e2f10073abb0","location":{"longitude":150.538102,"latitude":-13. (truncated)...
20:40:46.888 [reactor-http-nio-16] DEBUG reactor.netty.resources.PooledConnectionProvider - [id: 0xa01a053c, L:/127.0.0.1:50244 - R:localhost/127.0.0.1:8081] onStateChange(GET{uri=/getAttractions, connection=PooledConnection{channel=[id: 0xa01a053c, L:/127.0.0.1:50244 - R:localhost/127.0.0.1:8081]}}, [request_sent])
20:40:46.888 [reactor-http-nio-11] DEBUG reactor.netty.resources.PooledConnectionProvider - [id: 0x5ee0aef5, L:/127.0.0.1:50263 - R:localhost/127.0.0.1:8081] onStateChange(GET{uri=/getUserLocation?userId=c8d16f54-75a8-408c-b4e6-e2f10073abb0, connection=PooledConnection{channel=[id: 0x5ee0aef5, L:/127.0.0.1:50263 - R:localhost/127.0.0.1:8081]}}, [disconnecting])
20:40:46.888 [reactor-http-nio-11] DEBUG reactor.netty.resources.PooledConnectionProvider - [id: 0x5ee0aef5, L:/127.0.0.1:50263 - R:localhost/127.0.0.1:8081] Releasing channel
20:40:46.888 [reactor-http-nio-16] DEBUG reactor.netty.resources.PooledConnectionProvider - [id: 0x55a55ac0, L:/127.0.0.1:50255 - R:localhost/127.0.0.1:8081] Channel acquired, now 53 active connections and 12 inactive connections
20:40:46.888 [reactor-http-nio-11] DEBUG reactor.netty.resources.PooledConnectionProvider - [id: 0x5ee0aef5, L:/127.0.0.1:50263 - R:localhost/127.0.0.1:8081] Channel cleaned, now 52 active connections and 13 inactive connections
20:40:46.888 [reactor-http-nio-16] DEBUG reactor.netty.http.client.HttpClientConnect - [id: 0x55a55ac0, L:/127.0.0.1:50255 - R:localhost/127.0.0.1:8081] Handler is being applied: {uri=http://localhost:8081/getAttractions, method=GET}
20:40:46.888 [reactor-http-nio-11] DEBUG reactor.netty.resources.PooledConnectionProvider - [id: 0x1785ce4e, L:/127.0.0.1:50271 - R:localhost/127.0.0.1:8081] Channel acquired, now 53 active connections and 12 inactive connections
20:40:46.888 [reactor-http-nio-12] DEBUG reactor.netty.http.client.HttpClientOperations - [id: 0x9b24452d, L:/127.0.0.1:50265 - R:localhost/127.0.0.1:8081] Received response (auto-read:false) : [Content-Type=application/json, Transfer-Encoding=chunked, Date=Fri, 11 Jun 2021 15:10:46 GMT]
20:40:46.888 [reactor-http-nio-12] DEBUG reactor.netty.resources.PooledConnectionProvider - [id: 0x9b24452d, L:/127.0.0.1:50265 - R:localhost/127.0.0.1:8081] onStateChange(GET{uri=/getUserLocation?userId=ebb8fe74-1b6f-4573-ba76-9b4d1fbc18bc, connection=PooledConnection{channel=[id: 0x9b24452d, L:/127.0.0.1:50265 - R:localhost/127.0.0.1:8081]}}, [response_received])
20:40:46.889 [reactor-http-nio-12] DEBUG org.springframework.web.reactive.function.client.ExchangeFunctions - [11cd4870] Response 200 OK
20:40:46.886 [reactor-http-nio-10] DEBUG reactor.netty.resources.PooledConnectionProvider - [id: 0x89be4937, L:/127.0.0.1:50258 - R:localhost/127.0.0.1:8081] Releasing channel
20:40:46.889 [reactor-http-nio-10] DEBUG reactor.netty.resources.PooledConnectionProvider - [id: 0x89be4937, L:/127.0.0.1:50258 - R:localhost/127.0.0.1:8081] Channel cleaned, now 52 active connections and 13 inactive connections
20:40:46.889 [reactor-http-nio-16] DEBUG reactor.netty.resources.PooledConnectionProvider - [id: 0x55a55ac0, L:/127.0.0.1:50255 - R:localhost/127.0.0.1:8081] onStateChange(GET{uri=/getAttractions, connection=PooledConnection{channel=[id: 0x55a55ac0, L:/127.0.0.1:50255 - R:localhost/127.0.0.1:8081]}}, [request_sent])
20:40:46.889 [reactor-http-nio-16] DEBUG reactor.netty.resources.PooledConnectionProvider - [id: 0x736d1567, L:/127.0.0.1:50275 - R:localhost/127.0.0.1:8081] Channel acquired, now 53 active connections and 12 inactive connections
20:40:46.890 [reactor-http-nio-16] DEBUG reactor.netty.http.client.HttpClientConnect - [id: 0x736d1567, L:/127.0.0.1:50275 - R:localhost/127.0.0.1:8081] Handler is being applied: {uri=http://localhost:8081/getAttractions, method=GET}
20:40:46.886 [reactor-http-nio-15] DEBUG reactor.netty.http.client.HttpClientOperations - [id: 0xd82da432, L:/127.0.0.1:50272 - R:localhost/127.0.0.1:8081] Received response (auto-read:false) : [Content-Type=application/json, Transfer-Encoding=chunked, Date=Fri, 11 Jun 2021 15:10:46 GMT]
20:40:46.890 [reactor-http-nio-13] DEBUG reactor.netty.http.client.HttpClientOperations - [id: 0xd31561fb, L:/127.0.0.1:50256 - R:localhost/127.0.0.1:8081] Received response (auto-read:false) : [Content-Type=application/json, Transfer-Encoding=chunked, Date=Fri, 11 Jun 2021 15:10:46 GMT]
20:40:46.890 [reactor-http-nio-15] DEBUG reactor.netty.resources.PooledConnectionProvider - [id: 0xd82da432, L:/127.0.0.1:50272 - R:localhost/127.0.0.1:8081] onStateChange(GET{uri=/getAttractions, connection=PooledConnection{channel=[id: 0xd82da432, L:/127.0.0.1:50272 - R:localhost/127.0.0.1:8081]}}, [response_received])
20:40:46.888 [reactor-http-nio-14] DEBUG reactor.netty.resources.PooledConnectionProvider - [id: 0x37820d17, L:/127.0.0.1:50283 - R:localhost/127.0.0.1:8081] onStateChange(GET{uri=/getAttractions, connection=PooledConnection{channel=[id: 0x37820d17, L:/127.0.0.1:50283 - R:localhost/127.0.0.1:8081]}}, [request_sent])
20:40:46.890 [pool-12-thread-15] DEBUG org.springframework.web.reactive.function.client.ExchangeFunctions - [1419be02] HTTP GET http://localhost:8081/getUserLocation?userId=bec71e7f-deaa-4eac-95f9-08c5fdd1cee3
20:40:46.890 [reactor-http-nio-15] DEBUG org.springframework.web.reactive.function.client.ExchangeFunctions - [4fdac990] Response 200 OK
20:40:46.888 [reactor-http-nio-11] DEBUG reactor.netty.http.client.HttpClientConnect - [id: 0x1785ce4e, L:/127.0.0.1:50271 - R:localhost/127.0.0.1:8081] Handler is being applied: {uri=http://localhost:8081/getAttractions, method=GET}
20:40:46.890 [reactor-http-nio-10] DEBUG reactor.netty.resources.PooledConnectionProvider - [id: 0x2c66aa2f, L:/127.0.0.1:50251 - R:localhost/127.0.0.1:8081] Channel acquired, now 54 active connections and 11 inactive connections
20:40:46.890 [reactor-http-nio-10] DEBUG reactor.netty.http.client.HttpClientConnect - [id: 0x2c66aa2f, L:/127.0.0.1:50251 - R:localhost/127.0.0.1:8081] Handler is being applied: {uri=http://localhost:8081/getAttractions, method=GET}
20:40:46.891 [reactor-http-nio-14] DEBUG reactor.netty.http.client.HttpClientOperations - [id: 0x8b4459b6, L:/127.0.0.1:50276 - R:localhost/127.0.0.1:8081] Received response (auto-read:false) : [Content-Type=application/json, Transfer-Encoding=chunked, Date=Fri, 11 Jun 2021 15:10:46 GMT]
20:40:46.889 [reactor-http-nio-12] DEBUG reactor.netty.channel.FluxReceive - [id: 0x9b24452d, L:/127.0.0.1:50265 - R:localhost/127.0.0.1:8081] Subscribing inbound receiver [pending: 0, cancelled:false, inboundDone: false]
20:40:46.890 [reactor-http-nio-13] DEBUG reactor.netty.resources.PooledConnectionProvider - [id: 0xd31561fb, L:/127.0.0.1:50256 - R:localhost/127.0.0.1:8081] onStateChange(GET{uri=/getAttractions, connection=PooledConnection{channel=[id: 0xd31561fb, L:/127.0.0.1:50256 - R:localhost/127.0.0.1:8081]}}, [response_received])
20:40:46.890 [pool-12-thread-31] DEBUG org.springframework.web.reactive.function.client.ExchangeFunctions - [11261809] HTTP GET http://localhost:8081/getUserLocation?userId=691232f4-b8a7-4289-999e-6473969f0239
20:40:46.891 [reactor-http-nio-13] DEBUG org.springframework.web.reactive.function.client.ExchangeFunctions - [491cf974] Response 200 OK
20:40:46.891 [reactor-http-nio-11] DEBUG reactor.netty.resources.PooledConnectionProvider - [id: 0x1785ce4e, L:/127.0.0.1:50271 - R:localhost/127.0.0.1:8081] onStateChange(GET{uri=/getAttractions, connection=PooledConnection{channel=[id: 0x1785ce4e, L:/127.0.0.1:50271 - R:localhost/127.0.0.1:8081]}}, [request_sent])
20:40:46.891 [reactor-http-nio-12] DEBUG reactor.netty.http.client.HttpClientOperations - [id: 0x9b24452d, L:/127.0.0.1:50265 - R:localhost/127.0.0.1:8081] Received last HTTP packet
20:40:46.891 [reactor-http-nio-10] DEBUG reactor.netty.resources.PooledConnectionProvider - [id: 0x2c66aa2f, L:/127.0.0.1:50251 - R:localhost/127.0.0.1:8081] onStateChange(GET{uri=/getAttractions, connection=PooledConnection{channel=[id: 0x2c66aa2f, L:/127.0.0.1:50251 - R:localhost/127.0.0.1:8081]}}, [request_sent])
20:40:46.891 [reactor-http-nio-12] DEBUG org.springframework.core.codec.StringDecoder - [11cd4870] Decoded "{"userId":"ebb8fe74-1b6f-4573-ba76-9b4d1fbc18bc","location":{"longitude":-73.172584,"latitude":-19. (truncated)...
20:40:46.891 [reactor-http-nio-15] DEBUG reactor.netty.channel.FluxReceive - [id: 0xd82da432, L:/127.0.0.1:50272 - R:localhost/127.0.0.1:8081] Subscribing inbound receiver [pending: 0, cancelled:false, inboundDone: false]
20:40:46.891 [reactor-http-nio-16] DEBUG reactor.netty.resources.PooledConnectionProvider - [id: 0x736d1567, L:/127.0.0.1:50275 - R:localhost/127.0.0.1:8081] onStateChange(GET{uri=/getAttractions, connection=PooledConnection{channel=[id: 0x736d1567, L:/127.0.0.1:50275 - R:localhost/127.0.0.1:8081]}}, [request_sent])
20:40:46.891 [reactor-http-nio-14] DEBUG reactor.netty.resources.PooledConnectionProvider - [id: 0x8b4459b6, L:/127.0.0.1:50276 - R:localhost/127.0.0.1:8081] onStateChange(GET{uri=/getUserLocation?userId=cbc8fb19-a429-4587-bf03-d3ee045c24e5, connection=PooledConnection{channel=[id: 0x8b4459b6, L:/127.0.0.1:50276 - R:localhost/127.0.0.1:8081]}}, [response_received])
20:40:46.891 [reactor-http-nio-13] DEBUG reactor.netty.channel.FluxReceive - [id: 0xd31561fb, L:/127.0.0.1:50256 - R:localhost/127.0.0.1:8081] Subscribing inbound receiver [pending: 0, cancelled:false, inboundDone: false]
20:40:46.891 [reactor-http-nio-14] DEBUG org.springframework.web.reactive.function.client.ExchangeFunctions - [1c67effe] Response 200 OK
20:40:46.891 [pool-12-thread-20] DEBUG org.springframework.web.reactive.function.client.ExchangeFunctions - [54ee7e47] HTTP GET http://localhost:8081/getAttractions
20:40:46.891 [reactor-http-nio-11] DEBUG reactor.netty.resources.PooledConnectionProvider - [id: 0xad9667d1, L:/127.0.0.1:50248 - R:localhost/127.0.0.1:8081] Channel acquired, now 55 active connections and 10 inactive connections
20:40:46.892 [reactor-http-nio-13] DEBUG reactor.netty.http.client.HttpClientOperations - [id: 0xd31561fb, L:/127.0.0.1:50256 - R:localhost/127.0.0.1:8081] Received last HTTP packet
20:40:46.891 [reactor-http-nio-12] DEBUG reactor.netty.resources.PooledConnectionProvider - [id: 0x9b24452d, L:/127.0.0.1:50265 - R:localhost/127.0.0.1:8081] onStateChange(GET{uri=/getUserLocation?userId=ebb8fe74-1b6f-4573-ba76-9b4d1fbc18bc, connection=PooledConnection{channel=[id: 0x9b24452d, L:/127.0.0.1:50265 - R:localhost/127.0.0.1:8081]}}, [disconnecting])
20:40:46.892 [reactor-http-nio-12] DEBUG reactor.netty.resources.PooledConnectionProvider - [id: 0x9b24452d, L:/127.0.0.1:50265 - R:localhost/127.0.0.1:8081] Releasing channel
20:40:46.892 [reactor-http-nio-15] DEBUG reactor.netty.http.client.HttpClientOperations - [id: 0xd82da432, L:/127.0.0.1:50272 - R:localhost/127.0.0.1:8081] Received last HTTP packet
20:40:46.892 [reactor-http-nio-12] DEBUG reactor.netty.resources.PooledConnectionProvider - [id: 0x9b24452d, L:/127.0.0.1:50265 - R:localhost/127.0.0.1:8081] Channel cleaned, now 55 active connections and 10 inactive connections
20:40:46.891 [reactor-http-nio-16] DEBUG reactor.netty.resources.PooledConnectionProvider - [id: 0x0ffc5b2c, L:/127.0.0.1:50250 - R:localhost/127.0.0.1:8081] Channel acquired, now 56 active connections and 9 inactive connections
20:40:46.892 [reactor-http-nio-14] DEBUG reactor.netty.channel.FluxReceive - [id: 0x8b4459b6, L:/127.0.0.1:50276 - R:localhost/127.0.0.1:8081] Subscribing inbound receiver [pending: 0, cancelled:false, inboundDone: false]
20:40:46.892 [reactor-http-nio-16] DEBUG reactor.netty.http.client.HttpClientConnect - [id: 0x0ffc5b2c, L:/127.0.0.1:50250 - R:localhost/127.0.0.1:8081] Handler is being applied: {uri=http://localhost:8081/getUserLocation?userId=ae4cd197-e938-4f93-9e82-99f6db13ae0f, method=GET}
20:40:46.892 [reactor-http-nio-13] DEBUG org.springframework.core.codec.StringDecoder - [491cf974] Decoded "[{"longitude":-117.922008,"latitude":33.817595,"attractionName":"Disneyland","city":"Anaheim","stat (truncated)...
20:40:46.892 [reactor-http-nio-15] DEBUG org.springframework.core.codec.StringDecoder - [4fdac990] Decoded "[{"longitude":-117.922008,"latitude":33.817595,"attractionName":"Disneyland","city":"Anaheim","stat (truncated)...
20:40:46.892 [reactor-http-nio-13] DEBUG reactor.netty.resources.PooledConnectionProvider - [id: 0xd31561fb, L:/127.0.0.1:50256 - R:localhost/127.0.0.1:8081] onStateChange(GET{uri=/getAttractions, connection=PooledConnection{channel=[id: 0xd31561fb, L:/127.0.0.1:50256 - R:localhost/127.0.0.1:8081]}}, [disconnecting])
20:40:46.892 [reactor-http-nio-15] DEBUG reactor.netty.resources.PooledConnectionProvider - [id: 0xd82da432, L:/127.0.0.1:50272 - R:localhost/127.0.0.1:8081] onStateChange(GET{uri=/getAttractions, connection=PooledConnection{channel=[id: 0xd82da432, L:/127.0.0.1:50272 - R:localhost/127.0.0.1:8081]}}, [disconnecting])
20:40:46.892 [reactor-http-nio-15] DEBUG reactor.netty.resources.PooledConnectionProvider - [id: 0xd82da432, L:/127.0.0.1:50272 - R:localhost/127.0.0.1:8081] Releasing channel
20:40:46.892 [reactor-http-nio-11] DEBUG reactor.netty.http.client.HttpClientConnect - [id: 0xad9667d1, L:/127.0.0.1:50248 - R:localhost/127.0.0.1:8081] Handler is being applied: {uri=http://localhost:8081/getAttractions, method=GET}
20:40:46.892 [reactor-http-nio-15] DEBUG reactor.netty.resources.PooledConnectionProvider - [id: 0xd82da432, L:/127.0.0.1:50272 - R:localhost/127.0.0.1:8081] Channel cleaned, now 54 active connections and 11 inactive connections
20:40:46.893 [reactor-http-nio-15] DEBUG reactor.netty.http.client.HttpClientOperations - [id: 0x70de3664, L:/127.0.0.1:50262 - R:localhost/127.0.0.1:8081] Received response (auto-read:false) : [Content-Type=application/json, Transfer-Encoding=chunked, Date=Fri, 11 Jun 2021 15:10:46 GMT]
20:40:46.893 [reactor-http-nio-15] DEBUG reactor.netty.resources.PooledConnectionProvider - [id: 0x70de3664, L:/127.0.0.1:50262 - R:localhost/127.0.0.1:8081] onStateChange(GET{uri=/getUserLocation?userId=f52ee41e-7a17-4d84-8618-ba5f9af949e3, connection=PooledConnection{channel=[id: 0x70de3664, L:/127.0.0.1:50262 - R:localhost/127.0.0.1:8081]}}, [response_received])
20:40:46.893 [reactor-http-nio-15] DEBUG org.springframework.web.reactive.function.client.ExchangeFunctions - [215d5e04] Response 200 OK
20:40:46.893 [reactor-http-nio-11] DEBUG reactor.netty.resources.PooledConnectionProvider - [id: 0xad9667d1, L:/127.0.0.1:50248 - R:localhost/127.0.0.1:8081] onStateChange(GET{uri=/getAttractions, connection=PooledConnection{channel=[id: 0xad9667d1, L:/127.0.0.1:50248 - R:localhost/127.0.0.1:8081]}}, [request_sent])
20:40:46.893 [reactor-http-nio-2] DEBUG reactor.netty.http.client.HttpClientOperations - [id: 0x25eb9b2e, L:/127.0.0.1:50247 - R:localhost/127.0.0.1:8081] Received response (auto-read:false) : [Content-Type=application/json, Transfer-Encoding=chunked, Date=Fri, 11 Jun 2021 15:10:46 GMT]
20:40:46.893 [reactor-http-nio-2] DEBUG reactor.netty.resources.PooledConnectionProvider - [id: 0x25eb9b2e, L:/127.0.0.1:50247 - R:localhost/127.0.0.1:8081] onStateChange(GET{uri=/getAttractions, connection=PooledConnection{channel=[id: 0x25eb9b2e, L:/127.0.0.1:50247 - R:localhost/127.0.0.1:8081]}}, [response_received])
20:40:46.894 [reactor-http-nio-15] DEBUG reactor.netty.channel.FluxReceive - [id: 0x70de3664, L:/127.0.0.1:50262 - R:localhost/127.0.0.1:8081] Subscribing inbound receiver [pending: 0, cancelled:false, inboundDone: false]
20:40:46.892 [reactor-http-nio-12] DEBUG reactor.netty.http.client.HttpClientOperations - [id: 0xdb7d5510, L:/127.0.0.1:50268 - R:localhost/127.0.0.1:8081] Received response (auto-read:false) : [Content-Type=application/json, Transfer-Encoding=chunked, Date=Fri, 11 Jun 2021 15:10:46 GMT]
20:40:46.894 [pool-12-thread-13] DEBUG org.springframework.web.reactive.function.client.ExchangeFunctions - [5e37be02] HTTP GET http://localhost:8081/getAttractions
20:40:46.894 [reactor-http-nio-12] DEBUG reactor.netty.resources.PooledConnectionProvider - [id: 0xdb7d5510, L:/127.0.0.1:50268 - R:localhost/127.0.0.1:8081] onStateChange(GET{uri=/getAttractions, connection=PooledConnection{channel=[id: 0xdb7d5510, L:/127.0.0.1:50268 - R:localhost/127.0.0.1:8081]}}, [response_received])
20:40:46.894 [reactor-http-nio-11] DEBUG reactor.netty.http.client.HttpClientOperations - [id: 0xcd2f5c0e, L:/127.0.0.1:50278 - R:localhost/127.0.0.1:8081] Received response (auto-read:false) : [Content-Type=application/json, Transfer-Encoding=chunked, Date=Fri, 11 Jun 2021 15:10:46 GMT]
20:40:46.894 [reactor-http-nio-12] DEBUG org.springframework.web.reactive.function.client.ExchangeFunctions - [407767c4] Response 200 OK
20:40:46.892 [reactor-http-nio-14] DEBUG reactor.netty.http.client.HttpClientOperations - [id: 0x8b4459b6, L:/127.0.0.1:50276 - R:localhost/127.0.0.1:8081] Received last HTTP packet
20:40:46.892 [reactor-http-nio-10] DEBUG reactor.netty.http.client.HttpClientOperations - [id: 0x5829f75f, L:/127.0.0.1:50259 - R:localhost/127.0.0.1:8081] Received response (auto-read:false) : [Content-Type=application/json, Transfer-Encoding=chunked, Date=Fri, 11 Jun 2021 15:10:46 GMT]
20:40:46.894 [reactor-http-nio-10] DEBUG reactor.netty.resources.PooledConnectionProvider - [id: 0x5829f75f, L:/127.0.0.1:50259 - R:localhost/127.0.0.1:8081] onStateChange(GET{uri=/getUserLocation?userId=fbb7ed1f-897f-40e1-a2d5-120399568e99, connection=PooledConnection{channel=[id: 0x5829f75f, L:/127.0.0.1:50259 - R:localhost/127.0.0.1:8081]}}, [response_received])
20:40:46.892 [reactor-http-nio-13] DEBUG reactor.netty.resources.PooledConnectionProvider - [id: 0xd31561fb, L:/127.0.0.1:50256 - R:localhost/127.0.0.1:8081] Releasing channel
20:40:46.893 [reactor-http-nio-16] DEBUG reactor.netty.resources.PooledConnectionProvider - [id: 0x0ffc5b2c, L:/127.0.0.1:50250 - R:localhost/127.0.0.1:8081] onStateChange(GET{uri=/getUserLocation?userId=ae4cd197-e938-4f93-9e82-99f6db13ae0f, connection=PooledConnection{channel=[id: 0x0ffc5b2c, L:/127.0.0.1:50250 - R:localhost/127.0.0.1:8081]}}, [request_sent])
20:40:46.894 [reactor-http-nio-10] DEBUG org.springframework.web.reactive.function.client.ExchangeFunctions - [c939bd4] Response 200 OK
20:40:46.894 [reactor-http-nio-13] DEBUG reactor.netty.resources.PooledConnectionProvider - [id: 0xd31561fb, L:/127.0.0.1:50256 - R:localhost/127.0.0.1:8081] Channel cleaned, now 53 active connections and 12 inactive connections
20:40:46.894 [reactor-http-nio-2] DEBUG org.springframework.web.reactive.function.client.ExchangeFunctions - [3e98bbfb] Response 200 OK
20:40:46.894 [reactor-http-nio-16] DEBUG reactor.netty.resources.PooledConnectionProvider - [id: 0xb476bc26, L:/127.0.0.1:50260 - R:localhost/127.0.0.1:8081] Channel acquired, now 54 active connections and 11 inactive connections
20:40:46.894 [reactor-http-nio-12] DEBUG reactor.netty.channel.FluxReceive - [id: 0xdb7d5510, L:/127.0.0.1:50268 - R:localhost/127.0.0.1:8081] Subscribing inbound receiver [pending: 0, cancelled:false, inboundDone: false]
20:40:46.894 [reactor-http-nio-16] DEBUG reactor.netty.http.client.HttpClientConnect - [id: 0xb476bc26, L:/127.0.0.1:50260 - R:localhost/127.0.0.1:8081] Handler is being applied: {uri=http://localhost:8081/getUserLocation?userId=bec71e7f-deaa-4eac-95f9-08c5fdd1cee3, method=GET}
20:40:46.894 [reactor-http-nio-10] DEBUG reactor.netty.channel.FluxReceive - [id: 0x5829f75f, L:/127.0.0.1:50259 - R:localhost/127.0.0.1:8081] Subscribing inbound receiver [pending: 0, cancelled:false, inboundDone: false]
20:40:46.894 [reactor-http-nio-11] DEBUG reactor.netty.resources.PooledConnectionProvider - [id: 0xcd2f5c0e, L:/127.0.0.1:50278 - R:localhost/127.0.0.1:8081] onStateChange(GET{uri=/getUserLocation?userId=e89c873b-ebe7-4b95-9069-3af030c5ae20, connection=PooledConnection{channel=[id: 0xcd2f5c0e, L:/127.0.0.1:50278 - R:localhost/127.0.0.1:8081]}}, [response_received])
20:40:46.895 [reactor-http-nio-2] DEBUG reactor.netty.channel.FluxReceive - [id: 0x25eb9b2e, L:/127.0.0.1:50247 - R:localhost/127.0.0.1:8081] Subscribing inbound receiver [pending: 0, cancelled:false, inboundDone: false]
20:40:46.895 [reactor-http-nio-11] DEBUG org.springframework.web.reactive.function.client.ExchangeFunctions - [734b95c5] Response 200 OK
20:40:46.895 [reactor-http-nio-10] DEBUG reactor.netty.http.client.HttpClientOperations - [id: 0x5829f75f, L:/127.0.0.1:50259 - R:localhost/127.0.0.1:8081] Received last HTTP packet
20:40:46.895 [reactor-http-nio-12] DEBUG reactor.netty.http.client.HttpClientOperations - [id: 0xdb7d5510, L:/127.0.0.1:50268 - R:localhost/127.0.0.1:8081] Received last HTTP packet
20:40:46.894 [reactor-http-nio-15] DEBUG reactor.netty.http.client.HttpClientOperations - [id: 0x70de3664, L:/127.0.0.1:50262 - R:localhost/127.0.0.1:8081] Received last HTTP packet
20:40:46.895 [reactor-http-nio-11] DEBUG reactor.netty.channel.FluxReceive - [id: 0xcd2f5c0e, L:/127.0.0.1:50278 - R:localhost/127.0.0.1:8081] Subscribing inbound receiver [pending: 0, cancelled:false, inboundDone: false]
20:40:46.895 [reactor-http-nio-16] DEBUG reactor.netty.resources.PooledConnectionProvider - [id: 0xb476bc26, L:/127.0.0.1:50260 - R:localhost/127.0.0.1:8081] onStateChange(GET{uri=/getUserLocation?userId=bec71e7f-deaa-4eac-95f9-08c5fdd1cee3, connection=PooledConnection{channel=[id: 0xb476bc26, L:/127.0.0.1:50260 - R:localhost/127.0.0.1:8081]}}, [request_sent])
20:40:46.895 [reactor-http-nio-15] DEBUG org.springframework.core.codec.StringDecoder - [215d5e04] Decoded "{"userId":"f52ee41e-7a17-4d84-8618-ba5f9af949e3","location":{"longitude":-75.621361,"latitude":38.3 (truncated)...
20:40:46.895 [reactor-http-nio-15] DEBUG reactor.netty.resources.PooledConnectionProvider - [id: 0x70de3664, L:/127.0.0.1:50262 - R:localhost/127.0.0.1:8081] onStateChange(GET{uri=/getUserLocation?userId=f52ee41e-7a17-4d84-8618-ba5f9af949e3, connection=PooledConnection{channel=[id: 0x70de3664, L:/127.0.0.1:50262 - R:localhost/127.0.0.1:8081]}}, [disconnecting])
20:40:46.895 [reactor-http-nio-15] DEBUG reactor.netty.resources.PooledConnectionProvider - [id: 0x70de3664, L:/127.0.0.1:50262 - R:localhost/127.0.0.1:8081] Releasing channel
20:40:46.895 [reactor-http-nio-15] DEBUG reactor.netty.resources.PooledConnectionProvider - [id: 0x70de3664, L:/127.0.0.1:50262 - R:localhost/127.0.0.1:8081] Channel cleaned, now 53 active connections and 12 inactive connections
20:40:46.894 [reactor-http-nio-14] DEBUG org.springframework.core.codec.StringDecoder - [1c67effe] Decoded "{"userId":"cbc8fb19-a429-4587-bf03-d3ee045c24e5","location":{"longitude":-161.373172,"latitude":-47 (truncated)...
20:40:46.896 [reactor-http-nio-11] DEBUG reactor.netty.http.client.HttpClientOperations - [id: 0xcd2f5c0e, L:/127.0.0.1:50278 - R:localhost/127.0.0.1:8081] Received last HTTP packet
20:40:46.896 [reactor-http-nio-14] DEBUG reactor.netty.resources.PooledConnectionProvider - [id: 0x8b4459b6, L:/127.0.0.1:50276 - R:localhost/127.0.0.1:8081] onStateChange(GET{uri=/getUserLocation?userId=cbc8fb19-a429-4587-bf03-d3ee045c24e5, connection=PooledConnection{channel=[id: 0x8b4459b6, L:/127.0.0.1:50276 - R:localhost/127.0.0.1:8081]}}, [disconnecting])
20:40:46.896 [reactor-http-nio-14] DEBUG reactor.netty.resources.PooledConnectionProvider - [id: 0x8b4459b6, L:/127.0.0.1:50276 - R:localhost/127.0.0.1:8081] Releasing channel
20:40:46.896 [reactor-http-nio-11] DEBUG org.springframework.core.codec.StringDecoder - [734b95c5] Decoded "{"userId":"e89c873b-ebe7-4b95-9069-3af030c5ae20","location":{"longitude":59.733802,"latitude":33.90 (truncated)...
20:40:46.896 [reactor-http-nio-14] DEBUG reactor.netty.resources.PooledConnectionProvider - [id: 0x8b4459b6, L:/127.0.0.1:50276 - R:localhost/127.0.0.1:8081] Channel cleaned, now 52 active connections and 13 inactive connections
20:40:46.896 [reactor-http-nio-11] DEBUG reactor.netty.resources.PooledConnectionProvider - [id: 0xcd2f5c0e, L:/127.0.0.1:50278 - R:localhost/127.0.0.1:8081] onStateChange(GET{uri=/getUserLocation?userId=e89c873b-ebe7-4b95-9069-3af030c5ae20, connection=PooledConnection{channel=[id: 0xcd2f5c0e, L:/127.0.0.1:50278 - R:localhost/127.0.0.1:8081]}}, [disconnecting])
20:40:46.896 [reactor-http-nio-11] DEBUG reactor.netty.resources.PooledConnectionProvider - [id: 0xcd2f5c0e, L:/127.0.0.1:50278 - R:localhost/127.0.0.1:8081] Releasing channel
20:40:46.896 [reactor-http-nio-11] DEBUG reactor.netty.resources.PooledConnectionProvider - [id: 0xcd2f5c0e, L:/127.0.0.1:50278 - R:localhost/127.0.0.1:8081] Channel cleaned, now 51 active connections and 14 inactive connections
20:40:46.896 [reactor-http-nio-11] DEBUG reactor.netty.resources.PooledConnectionProvider - [id: 0xf8610755, L:/127.0.0.1:50285 - R:localhost/127.0.0.1:8081] Channel acquired, now 52 active connections and 13 inactive connections
20:40:46.896 [pool-12-thread-26] DEBUG org.springframework.web.reactive.function.client.ExchangeFunctions - [4be544b3] HTTP GET http://localhost:8081/getUserLocation?userId=cc61425e-ccf3-4b21-9d7e-7a1e4e315cb9
20:40:46.895 [reactor-http-nio-10] DEBUG org.springframework.core.codec.StringDecoder - [c939bd4] Decoded "{"userId":"fbb7ed1f-897f-40e1-a2d5-120399568e99","location":{"longitude":162.976776,"latitude":-10. (truncated)...
20:40:46.896 [reactor-http-nio-11] DEBUG reactor.netty.http.client.HttpClientConnect - [id: 0xf8610755, L:/127.0.0.1:50285 - R:localhost/127.0.0.1:8081] Handler is being applied: {uri=http://localhost:8081/getAttractions, method=GET}
20:40:46.896 [reactor-http-nio-10] DEBUG reactor.netty.resources.PooledConnectionProvider - [id: 0x5829f75f, L:/127.0.0.1:50259 - R:localhost/127.0.0.1:8081] onStateChange(GET{uri=/getUserLocation?userId=fbb7ed1f-897f-40e1-a2d5-120399568e99, connection=PooledConnection{channel=[id: 0x5829f75f, L:/127.0.0.1:50259 - R:localhost/127.0.0.1:8081]}}, [disconnecting])
20:40:46.896 [reactor-http-nio-10] DEBUG reactor.netty.resources.PooledConnectionProvider - [id: 0x5829f75f, L:/127.0.0.1:50259 - R:localhost/127.0.0.1:8081] Releasing channel
20:40:46.896 [reactor-http-nio-10] DEBUG reactor.netty.resources.PooledConnectionProvider - [id: 0x5829f75f, L:/127.0.0.1:50259 - R:localhost/127.0.0.1:8081] Channel cleaned, now 51 active connections and 14 inactive connections
20:40:46.895 [reactor-http-nio-2] DEBUG reactor.netty.http.client.HttpClientOperations - [id: 0x25eb9b2e, L:/127.0.0.1:50247 - R:localhost/127.0.0.1:8081] Received last HTTP packet
20:40:46.897 [reactor-http-nio-11] DEBUG reactor.netty.resources.PooledConnectionProvider - [id: 0xf8610755, L:/127.0.0.1:50285 - R:localhost/127.0.0.1:8081] onStateChange(GET{uri=/getAttractions, connection=PooledConnection{channel=[id: 0xf8610755, L:/127.0.0.1:50285 - R:localhost/127.0.0.1:8081]}}, [request_sent])
20:40:46.897 [reactor-http-nio-2] DEBUG org.springframework.core.codec.StringDecoder - [3e98bbfb] Decoded "[{"longitude":-117.922008,"latitude":33.817595,"attractionName":"Disneyland","city":"Anaheim","stat (truncated)...
20:40:46.897 [reactor-http-nio-2] DEBUG reactor.netty.resources.PooledConnectionProvider - [id: 0x25eb9b2e, L:/127.0.0.1:50247 - R:localhost/127.0.0.1:8081] onStateChange(GET{uri=/getAttractions, connection=PooledConnection{channel=[id: 0x25eb9b2e, L:/127.0.0.1:50247 - R:localhost/127.0.0.1:8081]}}, [disconnecting])
20:40:46.897 [reactor-http-nio-2] DEBUG reactor.netty.resources.PooledConnectionProvider - [id: 0x25eb9b2e, L:/127.0.0.1:50247 - R:localhost/127.0.0.1:8081] Releasing channel
20:40:46.897 [reactor-http-nio-2] DEBUG reactor.netty.resources.PooledConnectionProvider - [id: 0x25eb9b2e, L:/127.0.0.1:50247 - R:localhost/127.0.0.1:8081] Channel cleaned, now 50 active connections and 15 inactive connections
20:40:46.895 [reactor-http-nio-12] DEBUG org.springframework.core.codec.StringDecoder - [407767c4] Decoded "[{"longitude":-117.922008,"latitude":33.817595,"attractionName":"Disneyland","city":"Anaheim","stat (truncated)...
20:40:46.897 [reactor-http-nio-10] DEBUG reactor.netty.resources.PooledConnectionProvider - [id: 0x89be4937, L:/127.0.0.1:50258 - R:localhost/127.0.0.1:8081] Channel acquired, now 51 active connections and 14 inactive connections
20:40:46.897 [reactor-http-nio-12] DEBUG reactor.netty.resources.PooledConnectionProvider - [id: 0xdb7d5510, L:/127.0.0.1:50268 - R:localhost/127.0.0.1:8081] onStateChange(GET{uri=/getAttractions, connection=PooledConnection{channel=[id: 0xdb7d5510, L:/127.0.0.1:50268 - R:localhost/127.0.0.1:8081]}}, [disconnecting])
20:40:46.897 [reactor-http-nio-12] DEBUG reactor.netty.resources.PooledConnectionProvider - [id: 0xdb7d5510, L:/127.0.0.1:50268 - R:localhost/127.0.0.1:8081] Releasing channel
20:40:46.897 [reactor-http-nio-10] DEBUG reactor.netty.http.client.HttpClientConnect - [id: 0x89be4937, L:/127.0.0.1:50258 - R:localhost/127.0.0.1:8081] Handler is being applied: {uri=http://localhost:8081/getAttractions, method=GET}
20:40:46.896 [pool-12-thread-2] DEBUG org.springframework.web.reactive.function.client.ExchangeFunctions - [4d23748f] HTTP GET http://localhost:8081/getUserLocation?userId=aed4c7c3-12f8-489b-b253-733224552f37
20:40:46.898 [pool-12-thread-33] DEBUG org.springframework.web.reactive.function.client.ExchangeFunctions - [12a01202] HTTP GET http://localhost:8081/getAttractions
20:40:46.898 [reactor-http-nio-15] DEBUG reactor.netty.resources.PooledConnectionProvider - [id: 0x9e2c9a54, L:/127.0.0.1:50246 - R:localhost/127.0.0.1:8081] Channel acquired, now 51 active connections and 14 inactive connections
20:40:46.896 [reactor-http-nio-14] DEBUG reactor.netty.http.client.HttpClientOperations - [id: 0x9dcbcf4f, L:/127.0.0.1:50254 - R:localhost/127.0.0.1:8081] Received response (auto-read:false) : [Content-Type=application/json, Transfer-Encoding=chunked, Date=Fri, 11 Jun 2021 15:10:46 GMT]
20:40:46.898 [reactor-http-nio-14] DEBUG reactor.netty.resources.PooledConnectionProvider - [id: 0x9dcbcf4f, L:/127.0.0.1:50254 - R:localhost/127.0.0.1:8081] onStateChange(GET{uri=/getAttractions, connection=PooledConnection{channel=[id: 0x9dcbcf4f, L:/127.0.0.1:50254 - R:localhost/127.0.0.1:8081]}}, [response_received])
20:40:46.897 [reactor-http-nio-16] DEBUG reactor.netty.http.client.HttpClientOperations - [id: 0xe937ed28, L:/127.0.0.1:50293 - R:localhost/127.0.0.1:8081] Received response (auto-read:false) : [Content-Type=application/json, Transfer-Encoding=chunked, Date=Fri, 11 Jun 2021 15:10:46 GMT]
20:40:46.898 [pool-12-thread-16] DEBUG org.springframework.web.reactive.function.client.ExchangeFunctions - [2546436] HTTP GET http://localhost:8081/getAttractions
20:40:46.898 [reactor-http-nio-16] DEBUG reactor.netty.resources.PooledConnectionProvider - [id: 0xe937ed28, L:/127.0.0.1:50293 - R:localhost/127.0.0.1:8081] onStateChange(GET{uri=/getUserLocation?userId=12d950e1-b014-4db7-a006-641a8d83be48, connection=PooledConnection{channel=[id: 0xe937ed28, L:/127.0.0.1:50293 - R:localhost/127.0.0.1:8081]}}, [response_received])
20:40:46.897 [reactor-http-nio-12] DEBUG reactor.netty.resources.PooledConnectionProvider - [id: 0xdb7d5510, L:/127.0.0.1:50268 - R:localhost/127.0.0.1:8081] Channel cleaned, now 50 active connections and 15 inactive connections
20:40:46.898 [reactor-http-nio-10] DEBUG reactor.netty.resources.PooledConnectionProvider - [id: 0x89be4937, L:/127.0.0.1:50258 - R:localhost/127.0.0.1:8081] onStateChange(GET{uri=/getAttractions, connection=PooledConnection{channel=[id: 0x89be4937, L:/127.0.0.1:50258 - R:localhost/127.0.0.1:8081]}}, [request_sent])
20:40:46.899 [reactor-http-nio-16] DEBUG org.springframework.web.reactive.function.client.ExchangeFunctions - [5b4dd251] Response 200 OK
20:40:46.898 [pool-12-thread-18] DEBUG org.springframework.web.reactive.function.client.ExchangeFunctions - [2f9ab45f] HTTP GET http://localhost:8081/getAttractions
20:40:46.899 [reactor-http-nio-13] DEBUG reactor.netty.resources.PooledConnectionProvider - [id: 0xd31561fb, L:/127.0.0.1:50256 - R:localhost/127.0.0.1:8081] Channel acquired, now 52 active connections and 13 inactive connections
20:40:46.898 [pool-12-thread-37] DEBUG org.springframework.web.reactive.function.client.ExchangeFunctions - [7d8c65dc] HTTP GET http://localhost:8081/getAttractions
20:40:46.899 [reactor-http-nio-12] DEBUG reactor.netty.http.client.HttpClientOperations - [id: 0x83103ed5, L:/127.0.0.1:50287 - R:localhost/127.0.0.1:8081] Received response (auto-read:false) : [Content-Type=application/json, Transfer-Encoding=chunked, Date=Fri, 11 Jun 2021 15:10:46 GMT]
20:40:46.899 [reactor-http-nio-12] DEBUG reactor.netty.resources.PooledConnectionProvider - [id: 0x83103ed5, L:/127.0.0.1:50287 - R:localhost/127.0.0.1:8081] onStateChange(GET{uri=/getUserLocation?userId=10fea299-4aaf-4a95-9110-4ecdfb778102, connection=PooledConnection{channel=[id: 0x83103ed5, L:/127.0.0.1:50287 - R:localhost/127.0.0.1:8081]}}, [response_received])
20:40:46.899 [reactor-http-nio-16] DEBUG reactor.netty.channel.FluxReceive - [id: 0xe937ed28, L:/127.0.0.1:50293 - R:localhost/127.0.0.1:8081] Subscribing inbound receiver [pending: 0, cancelled:false, inboundDone: false]
20:40:46.898 [reactor-http-nio-15] DEBUG reactor.netty.http.client.HttpClientConnect - [id: 0x9e2c9a54, L:/127.0.0.1:50246 - R:localhost/127.0.0.1:8081] Handler is being applied: {uri=http://localhost:8081/getAttractions, method=GET}
20:40:46.898 [reactor-http-nio-14] DEBUG org.springframework.web.reactive.function.client.ExchangeFunctions - [6f280600] Response 200 OK
20:40:46.900 [reactor-http-nio-16] DEBUG reactor.netty.http.client.HttpClientOperations - [id: 0xe937ed28, L:/127.0.0.1:50293 - R:localhost/127.0.0.1:8081] Received last HTTP packet
20:40:46.899 [reactor-http-nio-13] DEBUG reactor.netty.http.client.HttpClientConnect - [id: 0xd31561fb, L:/127.0.0.1:50256 - R:localhost/127.0.0.1:8081] Handler is being applied: {uri=http://localhost:8081/getUserLocation?userId=aed4c7c3-12f8-489b-b253-733224552f37, method=GET}
20:40:46.900 [reactor-http-nio-16] DEBUG org.springframework.core.codec.StringDecoder - [5b4dd251] Decoded "{"userId":"12d950e1-b014-4db7-a006-641a8d83be48","location":{"longitude":1.943439,"latitude":48.004 (truncated)...
20:40:46.899 [reactor-http-nio-12] DEBUG org.springframework.web.reactive.function.client.ExchangeFunctions - [7ce08953] Response 200 OK
20:40:46.900 [pool-12-thread-3] DEBUG org.springframework.web.reactive.function.client.ExchangeFunctions - [3aa738f0] HTTP GET http://localhost:8081/getUserLocation?userId=9fde1513-7a8b-46ce-b6cc-1a169b186155
20:40:46.901 [reactor-http-nio-12] DEBUG reactor.netty.channel.FluxReceive - [id: 0x83103ed5, L:/127.0.0.1:50287 - R:localhost/127.0.0.1:8081] Subscribing inbound receiver [pending: 0, cancelled:false, inboundDone: false]
20:40:46.901 [reactor-http-nio-13] DEBUG reactor.netty.resources.PooledConnectionProvider - [id: 0xd31561fb, L:/127.0.0.1:50256 - R:localhost/127.0.0.1:8081] onStateChange(GET{uri=/getUserLocation?userId=aed4c7c3-12f8-489b-b253-733224552f37, connection=PooledConnection{channel=[id: 0xd31561fb, L:/127.0.0.1:50256 - R:localhost/127.0.0.1:8081]}}, [request_sent])
20:40:46.901 [reactor-http-nio-12] DEBUG reactor.netty.http.client.HttpClientOperations - [id: 0x83103ed5, L:/127.0.0.1:50287 - R:localhost/127.0.0.1:8081] Received last HTTP packet
20:40:46.900 [reactor-http-nio-16] DEBUG reactor.netty.resources.PooledConnectionProvider - [id: 0xe937ed28, L:/127.0.0.1:50293 - R:localhost/127.0.0.1:8081] onStateChange(GET{uri=/getUserLocation?userId=12d950e1-b014-4db7-a006-641a8d83be48, connection=PooledConnection{channel=[id: 0xe937ed28, L:/127.0.0.1:50293 - R:localhost/127.0.0.1:8081]}}, [disconnecting])
20:40:46.901 [reactor-http-nio-16] DEBUG reactor.netty.resources.PooledConnectionProvider - [id: 0xe937ed28, L:/127.0.0.1:50293 - R:localhost/127.0.0.1:8081] Releasing channel
20:40:46.901 [reactor-http-nio-16] DEBUG reactor.netty.resources.PooledConnectionProvider - [id: 0xe937ed28, L:/127.0.0.1:50293 - R:localhost/127.0.0.1:8081] Channel cleaned, now 51 active connections and 14 inactive connections
20:40:46.901 [reactor-http-nio-12] DEBUG org.springframework.core.codec.StringDecoder - [7ce08953] Decoded "{"userId":"10fea299-4aaf-4a95-9110-4ecdfb778102","location":{"longitude":161.975148,"latitude":-51. (truncated)...
20:40:46.901 [reactor-http-nio-12] DEBUG reactor.netty.resources.PooledConnectionProvider - [id: 0x83103ed5, L:/127.0.0.1:50287 - R:localhost/127.0.0.1:8081] onStateChange(GET{uri=/getUserLocation?userId=10fea299-4aaf-4a95-9110-4ecdfb778102, connection=PooledConnection{channel=[id: 0x83103ed5, L:/127.0.0.1:50287 - R:localhost/127.0.0.1:8081]}}, [disconnecting])
20:40:46.901 [reactor-http-nio-12] DEBUG reactor.netty.resources.PooledConnectionProvider - [id: 0x83103ed5, L:/127.0.0.1:50287 - R:localhost/127.0.0.1:8081] Releasing channel
20:40:46.901 [reactor-http-nio-12] DEBUG reactor.netty.resources.PooledConnectionProvider - [id: 0x83103ed5, L:/127.0.0.1:50287 - R:localhost/127.0.0.1:8081] Channel cleaned, now 50 active connections and 15 inactive connections
20:40:46.901 [reactor-http-nio-11] DEBUG reactor.netty.resources.PooledConnectionProvider - [id: 0xcd2f5c0e, L:/127.0.0.1:50278 - R:localhost/127.0.0.1:8081] Channel acquired, now 51 active connections and 14 inactive connections
20:40:46.900 [reactor-http-nio-14] DEBUG reactor.netty.channel.FluxReceive - [id: 0x9dcbcf4f, L:/127.0.0.1:50254 - R:localhost/127.0.0.1:8081] Subscribing inbound receiver [pending: 0, cancelled:false, inboundDone: false]
20:40:46.902 [pool-12-thread-21] DEBUG org.springframework.web.reactive.function.client.ExchangeFunctions - [4448eb12] HTTP GET http://localhost:8081/getUserLocation?userId=316cfed4-8562-4959-9e54-7ee84511e11d
20:40:46.902 [reactor-http-nio-11] DEBUG reactor.netty.http.client.HttpClientConnect - [id: 0xcd2f5c0e, L:/127.0.0.1:50278 - R:localhost/127.0.0.1:8081] Handler is being applied: {uri=http://localhost:8081/getAttractions, method=GET}
20:40:46.902 [reactor-http-nio-16] DEBUG reactor.netty.http.client.HttpClientOperations - [id: 0xa01a053c, L:/127.0.0.1:50244 - R:localhost/127.0.0.1:8081] Received response (auto-read:false) : [Content-Type=application/json, Transfer-Encoding=chunked, Date=Fri, 11 Jun 2021 15:10:46 GMT]
20:40:46.902 [reactor-http-nio-12] DEBUG reactor.netty.http.client.HttpClientOperations - [id: 0x0d270386, L:/127.0.0.1:50279 - R:localhost/127.0.0.1:8081] Received response (auto-read:false) : [Content-Type=application/json, Transfer-Encoding=chunked, Date=Fri, 11 Jun 2021 15:10:46 GMT]
20:40:46.902 [reactor-http-nio-16] DEBUG reactor.netty.resources.PooledConnectionProvider - [id: 0xa01a053c, L:/127.0.0.1:50244 - R:localhost/127.0.0.1:8081] onStateChange(GET{uri=/getAttractions, connection=PooledConnection{channel=[id: 0xa01a053c, L:/127.0.0.1:50244 - R:localhost/127.0.0.1:8081]}}, [response_received])
20:40:46.902 [reactor-http-nio-16] DEBUG org.springframework.web.reactive.function.client.ExchangeFunctions - [260fb5d9] Response 200 OK
20:40:46.902 [reactor-http-nio-14] DEBUG reactor.netty.http.client.HttpClientOperations - [id: 0x9dcbcf4f, L:/127.0.0.1:50254 - R:localhost/127.0.0.1:8081] Received last HTTP packet
20:40:46.900 [reactor-http-nio-15] DEBUG reactor.netty.resources.PooledConnectionProvider - [id: 0x9e2c9a54, L:/127.0.0.1:50246 - R:localhost/127.0.0.1:8081] onStateChange(GET{uri=/getAttractions, connection=PooledConnection{channel=[id: 0x9e2c9a54, L:/127.0.0.1:50246 - R:localhost/127.0.0.1:8081]}}, [request_sent])
20:40:46.902 [reactor-http-nio-15] DEBUG reactor.netty.resources.PooledConnectionProvider - [id: 0xd82da432, L:/127.0.0.1:50272 - R:localhost/127.0.0.1:8081] Channel acquired, now 52 active connections and 13 inactive connections
20:40:46.902 [reactor-http-nio-11] DEBUG reactor.netty.resources.PooledConnectionProvider - [id: 0xcd2f5c0e, L:/127.0.0.1:50278 - R:localhost/127.0.0.1:8081] onStateChange(GET{uri=/getAttractions, connection=PooledConnection{channel=[id: 0xcd2f5c0e, L:/127.0.0.1:50278 - R:localhost/127.0.0.1:8081]}}, [request_sent])
20:40:46.902 [reactor-http-nio-15] DEBUG reactor.netty.http.client.HttpClientConnect - [id: 0xd82da432, L:/127.0.0.1:50272 - R:localhost/127.0.0.1:8081] Handler is being applied: {uri=http://localhost:8081/getUserLocation?userId=cc61425e-ccf3-4b21-9d7e-7a1e4e315cb9, method=GET}
20:40:46.902 [reactor-http-nio-16] DEBUG reactor.netty.channel.FluxReceive - [id: 0xa01a053c, L:/127.0.0.1:50244 - R:localhost/127.0.0.1:8081] Subscribing inbound receiver [pending: 0, cancelled:false, inboundDone: false]
20:40:46.903 [reactor-http-nio-14] DEBUG org.springframework.core.codec.StringDecoder - [6f280600] Decoded "[{"longitude":-117.922008,"latitude":33.817595,"attractionName":"Disneyland","city":"Anaheim","stat (truncated)...
20:40:46.903 [reactor-http-nio-14] DEBUG reactor.netty.resources.PooledConnectionProvider - [id: 0x9dcbcf4f, L:/127.0.0.1:50254 - R:localhost/127.0.0.1:8081] onStateChange(GET{uri=/getAttractions, connection=PooledConnection{channel=[id: 0x9dcbcf4f, L:/127.0.0.1:50254 - R:localhost/127.0.0.1:8081]}}, [disconnecting])
20:40:46.903 [reactor-http-nio-14] DEBUG reactor.netty.resources.PooledConnectionProvider - [id: 0x9dcbcf4f, L:/127.0.0.1:50254 - R:localhost/127.0.0.1:8081] Releasing channel
20:40:46.903 [reactor-http-nio-14] DEBUG reactor.netty.resources.PooledConnectionProvider - [id: 0x9dcbcf4f, L:/127.0.0.1:50254 - R:localhost/127.0.0.1:8081] Channel cleaned, now 51 active connections and 14 inactive connections
20:40:46.903 [reactor-http-nio-11] DEBUG reactor.netty.http.client.HttpClientOperations - [id: 0x1785ce4e, L:/127.0.0.1:50271 - R:localhost/127.0.0.1:8081] Received response (auto-read:false) : [Content-Type=application/json, Transfer-Encoding=chunked, Date=Fri, 11 Jun 2021 15:10:46 GMT]
20:40:46.903 [reactor-http-nio-11] DEBUG reactor.netty.resources.PooledConnectionProvider - [id: 0x1785ce4e, L:/127.0.0.1:50271 - R:localhost/127.0.0.1:8081] onStateChange(GET{uri=/getAttractions, connection=PooledConnection{channel=[id: 0x1785ce4e, L:/127.0.0.1:50271 - R:localhost/127.0.0.1:8081]}}, [response_received])
20:40:46.901 [reactor-http-nio-2] DEBUG reactor.netty.http.client.HttpClientOperations - [id: 0x3355f769, L:/127.0.0.1:50264 - R:localhost/127.0.0.1:8081] Received response (auto-read:false) : [Content-Type=application/json, Transfer-Encoding=chunked, Date=Fri, 11 Jun 2021 15:10:46 GMT]
20:40:46.903 [reactor-http-nio-11] DEBUG org.springframework.web.reactive.function.client.ExchangeFunctions - [7217c444] Response 200 OK
20:40:46.903 [reactor-http-nio-2] DEBUG reactor.netty.resources.PooledConnectionProvider - [id: 0x3355f769, L:/127.0.0.1:50264 - R:localhost/127.0.0.1:8081] onStateChange(GET{uri=/getUserLocation?userId=a5e28e7b-ce49-4b09-a0c6-c3d21eaa6c6e, connection=PooledConnection{channel=[id: 0x3355f769, L:/127.0.0.1:50264 - R:localhost/127.0.0.1:8081]}}, [response_received])
20:40:46.903 [reactor-http-nio-14] DEBUG reactor.netty.resources.PooledConnectionProvider - [id: 0xebe13634, L:/127.0.0.1:50273 - R:localhost/127.0.0.1:8081] Channel acquired, now 52 active connections and 13 inactive connections
20:40:46.903 [reactor-http-nio-2] DEBUG org.springframework.web.reactive.function.client.ExchangeFunctions - [29cef31e] Response 200 OK
20:40:46.903 [reactor-http-nio-14] DEBUG reactor.netty.http.client.HttpClientConnect - [id: 0xebe13634, L:/127.0.0.1:50273 - R:localhost/127.0.0.1:8081] Handler is being applied: {uri=http://localhost:8081/getAttractions, method=GET}
20:40:46.904 [reactor-http-nio-2] DEBUG reactor.netty.channel.FluxReceive - [id: 0x3355f769, L:/127.0.0.1:50264 - R:localhost/127.0.0.1:8081] Subscribing inbound receiver [pending: 0, cancelled:false, inboundDone: false]
20:40:46.902 [reactor-http-nio-12] DEBUG reactor.netty.resources.PooledConnectionProvider - [id: 0x0d270386, L:/127.0.0.1:50279 - R:localhost/127.0.0.1:8081] onStateChange(GET{uri=/getUserLocation?userId=9bb1a555-241a-4905-adf2-8e3c48514ccf, connection=PooledConnection{channel=[id: 0x0d270386, L:/127.0.0.1:50279 - R:localhost/127.0.0.1:8081]}}, [response_received])
20:40:46.904 [reactor-http-nio-12] DEBUG org.springframework.web.reactive.function.client.ExchangeFunctions - [2be73efd] Response 200 OK
20:40:46.904 [reactor-http-nio-2] DEBUG reactor.netty.http.client.HttpClientOperations - [id: 0x3355f769, L:/127.0.0.1:50264 - R:localhost/127.0.0.1:8081] Received last HTTP packet
20:40:46.902 [pool-12-thread-50] DEBUG org.springframework.web.reactive.function.client.ExchangeFunctions - [558a2748] HTTP GET http://localhost:8081/getAttractions
20:40:46.904 [reactor-http-nio-10] DEBUG reactor.netty.http.client.HttpClientOperations - [id: 0x2c66aa2f, L:/127.0.0.1:50251 - R:localhost/127.0.0.1:8081] Received response (auto-read:false) : [Content-Type=application/json, Transfer-Encoding=chunked, Date=Fri, 11 Jun 2021 15:10:46 GMT]
20:40:46.904 [reactor-http-nio-14] DEBUG reactor.netty.resources.PooledConnectionProvider - [id: 0xebe13634, L:/127.0.0.1:50273 - R:localhost/127.0.0.1:8081] onStateChange(GET{uri=/getAttractions, connection=PooledConnection{channel=[id: 0xebe13634, L:/127.0.0.1:50273 - R:localhost/127.0.0.1:8081]}}, [request_sent])
20:40:46.904 [reactor-http-nio-2] DEBUG org.springframework.core.codec.StringDecoder - [29cef31e] Decoded "{"userId":"a5e28e7b-ce49-4b09-a0c6-c3d21eaa6c6e","location":{"longitude":-105.956496,"latitude":61. (truncated)...
20:40:46.904 [reactor-http-nio-14] DEBUG reactor.netty.resources.PooledConnectionProvider - [id: 0xe42ed116, L:/127.0.0.1:50253 - R:localhost/127.0.0.1:8081] Channel acquired, now 53 active connections and 12 inactive connections
20:40:46.904 [reactor-http-nio-14] DEBUG reactor.netty.http.client.HttpClientConnect - [id: 0xe42ed116, L:/127.0.0.1:50253 - R:localhost/127.0.0.1:8081] Handler is being applied: {uri=http://localhost:8081/getUserLocation?userId=8a80cf51-342a-47d9-99e0-dbd9bb75585e, method=GET}
20:40:46.905 [reactor-http-nio-12] DEBUG reactor.netty.channel.FluxReceive - [id: 0x0d270386, L:/127.0.0.1:50279 - R:localhost/127.0.0.1:8081] Subscribing inbound receiver [pending: 0, cancelled:false, inboundDone: false]
20:40:46.903 [reactor-http-nio-16] DEBUG reactor.netty.http.client.HttpClientOperations - [id: 0xa01a053c, L:/127.0.0.1:50244 - R:localhost/127.0.0.1:8081] Received last HTTP packet
20:40:46.903 [reactor-http-nio-15] DEBUG reactor.netty.resources.PooledConnectionProvider - [id: 0xd82da432, L:/127.0.0.1:50272 - R:localhost/127.0.0.1:8081] onStateChange(GET{uri=/getUserLocation?userId=cc61425e-ccf3-4b21-9d7e-7a1e4e315cb9, connection=PooledConnection{channel=[id: 0xd82da432, L:/127.0.0.1:50272 - R:localhost/127.0.0.1:8081]}}, [request_sent])
20:40:46.906 [reactor-http-nio-16] DEBUG org.springframework.core.codec.StringDecoder - [260fb5d9] Decoded "[{"longitude":-117.922008,"latitude":33.817595,"attractionName":"Disneyland","city":"Anaheim","stat (truncated)...
20:40:46.906 [reactor-http-nio-16] DEBUG reactor.netty.resources.PooledConnectionProvider - [id: 0xa01a053c, L:/127.0.0.1:50244 - R:localhost/127.0.0.1:8081] onStateChange(GET{uri=/getAttractions, connection=PooledConnection{channel=[id: 0xa01a053c, L:/127.0.0.1:50244 - R:localhost/127.0.0.1:8081]}}, [disconnecting])
20:40:46.906 [reactor-http-nio-14] DEBUG reactor.netty.resources.PooledConnectionProvider - [id: 0xe42ed116, L:/127.0.0.1:50253 - R:localhost/127.0.0.1:8081] onStateChange(GET{uri=/getUserLocation?userId=8a80cf51-342a-47d9-99e0-dbd9bb75585e, connection=PooledConnection{channel=[id: 0xe42ed116, L:/127.0.0.1:50253 - R:localhost/127.0.0.1:8081]}}, [request_sent])
20:40:46.904 [reactor-http-nio-11] DEBUG reactor.netty.channel.FluxReceive - [id: 0x1785ce4e, L:/127.0.0.1:50271 - R:localhost/127.0.0.1:8081] Subscribing inbound receiver [pending: 0, cancelled:false, inboundDone: false]
20:40:46.904 [pool-12-thread-34] DEBUG org.springframework.web.reactive.function.client.ExchangeFunctions - [722778bf] HTTP GET http://localhost:8081/getAttractions
20:40:46.904 [reactor-http-nio-10] DEBUG reactor.netty.resources.PooledConnectionProvider - [id: 0x2c66aa2f, L:/127.0.0.1:50251 - R:localhost/127.0.0.1:8081] onStateChange(GET{uri=/getAttractions, connection=PooledConnection{channel=[id: 0x2c66aa2f, L:/127.0.0.1:50251 - R:localhost/127.0.0.1:8081]}}, [response_received])
20:40:46.907 [reactor-http-nio-14] DEBUG reactor.netty.http.client.HttpClientOperations - [id: 0x37820d17, L:/127.0.0.1:50283 - R:localhost/127.0.0.1:8081] Received response (auto-read:false) : [Content-Type=application/json, Transfer-Encoding=chunked, Date=Fri, 11 Jun 2021 15:10:46 GMT]
20:40:46.907 [reactor-http-nio-14] DEBUG reactor.netty.resources.PooledConnectionProvider - [id: 0x37820d17, L:/127.0.0.1:50283 - R:localhost/127.0.0.1:8081] onStateChange(GET{uri=/getAttractions, connection=PooledConnection{channel=[id: 0x37820d17, L:/127.0.0.1:50283 - R:localhost/127.0.0.1:8081]}}, [response_received])
20:40:46.907 [reactor-http-nio-14] DEBUG org.springframework.web.reactive.function.client.ExchangeFunctions - [40faa1f6] Response 200 OK
20:40:46.904 [reactor-http-nio-2] DEBUG reactor.netty.resources.PooledConnectionProvider - [id: 0x3355f769, L:/127.0.0.1:50264 - R:localhost/127.0.0.1:8081] onStateChange(GET{uri=/getUserLocation?userId=a5e28e7b-ce49-4b09-a0c6-c3d21eaa6c6e, connection=PooledConnection{channel=[id: 0x3355f769, L:/127.0.0.1:50264 - R:localhost/127.0.0.1:8081]}}, [disconnecting])
20:40:46.907 [reactor-http-nio-2] DEBUG reactor.netty.resources.PooledConnectionProvider - [id: 0x3355f769, L:/127.0.0.1:50264 - R:localhost/127.0.0.1:8081] Releasing channel
20:40:46.907 [reactor-http-nio-2] DEBUG reactor.netty.resources.PooledConnectionProvider - [id: 0x3355f769, L:/127.0.0.1:50264 - R:localhost/127.0.0.1:8081] Channel cleaned, now 52 active connections and 13 inactive connections
20:40:46.905 [reactor-http-nio-12] DEBUG reactor.netty.http.client.HttpClientOperations - [id: 0x0d270386, L:/127.0.0.1:50279 - R:localhost/127.0.0.1:8081] Received last HTTP packet
20:40:46.907 [reactor-http-nio-14] DEBUG reactor.netty.channel.FluxReceive - [id: 0x37820d17, L:/127.0.0.1:50283 - R:localhost/127.0.0.1:8081] Subscribing inbound receiver [pending: 0, cancelled:false, inboundDone: false]
20:40:46.907 [pool-12-thread-23] DEBUG org.springframework.web.reactive.function.client.ExchangeFunctions - [27091857] HTTP GET http://localhost:8081/getAttractions
20:40:46.907 [reactor-http-nio-12] DEBUG org.springframework.core.codec.StringDecoder - [2be73efd] Decoded "{"userId":"9bb1a555-241a-4905-adf2-8e3c48514ccf","location":{"longitude":-174.430652,"latitude":-21 (truncated)...
20:40:46.908 [reactor-http-nio-12] DEBUG reactor.netty.resources.PooledConnectionProvider - [id: 0x0d270386, L:/127.0.0.1:50279 - R:localhost/127.0.0.1:8081] onStateChange(GET{uri=/getUserLocation?userId=9bb1a555-241a-4905-adf2-8e3c48514ccf, connection=PooledConnection{channel=[id: 0x0d270386, L:/127.0.0.1:50279 - R:localhost/127.0.0.1:8081]}}, [disconnecting])
20:40:46.908 [reactor-http-nio-2] DEBUG reactor.netty.http.client.HttpClientOperations - [id: 0xce2d8eaa, L:/127.0.0.1:50295 - R:localhost/127.0.0.1:8081] Received response (auto-read:false) : [Content-Type=application/json, Transfer-Encoding=chunked, Date=Fri, 11 Jun 2021 15:10:46 GMT]
20:40:46.908 [reactor-http-nio-2] DEBUG reactor.netty.resources.PooledConnectionProvider - [id: 0xce2d8eaa, L:/127.0.0.1:50295 - R:localhost/127.0.0.1:8081] onStateChange(GET{uri=/getUserLocation?userId=c4961ba2-9c6f-431b-9dc9-e17813c9de62, connection=PooledConnection{channel=[id: 0xce2d8eaa, L:/127.0.0.1:50295 - R:localhost/127.0.0.1:8081]}}, [response_received])
20:40:46.908 [reactor-http-nio-2] DEBUG org.springframework.web.reactive.function.client.ExchangeFunctions - [1700a98b] Response 200 OK
20:40:46.906 [reactor-http-nio-16] DEBUG reactor.netty.resources.PooledConnectionProvider - [id: 0xa01a053c, L:/127.0.0.1:50244 - R:localhost/127.0.0.1:8081] Releasing channel
20:40:46.908 [reactor-http-nio-14] DEBUG reactor.netty.http.client.HttpClientOperations - [id: 0x37820d17, L:/127.0.0.1:50283 - R:localhost/127.0.0.1:8081] Received last HTTP packet
20:40:46.907 [reactor-http-nio-10] DEBUG org.springframework.web.reactive.function.client.ExchangeFunctions - [4c5bd44a] Response 200 OK
20:40:46.907 [reactor-http-nio-11] DEBUG reactor.netty.http.client.HttpClientOperations - [id: 0x1785ce4e, L:/127.0.0.1:50271 - R:localhost/127.0.0.1:8081] Received last HTTP packet
20:40:46.908 [reactor-http-nio-2] DEBUG reactor.netty.channel.FluxReceive - [id: 0xce2d8eaa, L:/127.0.0.1:50295 - R:localhost/127.0.0.1:8081] Subscribing inbound receiver [pending: 0, cancelled:false, inboundDone: false]
20:40:46.908 [reactor-http-nio-10] DEBUG reactor.netty.channel.FluxReceive - [id: 0x2c66aa2f, L:/127.0.0.1:50251 - R:localhost/127.0.0.1:8081] Subscribing inbound receiver [pending: 0, cancelled:false, inboundDone: false]
20:40:46.909 [reactor-http-nio-11] DEBUG org.springframework.core.codec.StringDecoder - [7217c444] Decoded "[{"longitude":-117.922008,"latitude":33.817595,"attractionName":"Disneyland","city":"Anaheim","stat (truncated)...
20:40:46.909 [reactor-http-nio-2] DEBUG reactor.netty.http.client.HttpClientOperations - [id: 0xce2d8eaa, L:/127.0.0.1:50295 - R:localhost/127.0.0.1:8081] Received last HTTP packet
20:40:46.908 [reactor-http-nio-12] DEBUG reactor.netty.resources.PooledConnectionProvider - [id: 0x0d270386, L:/127.0.0.1:50279 - R:localhost/127.0.0.1:8081] Releasing channel
20:40:46.909 [reactor-http-nio-12] DEBUG reactor.netty.resources.PooledConnectionProvider - [id: 0x0d270386, L:/127.0.0.1:50279 - R:localhost/127.0.0.1:8081] Channel cleaned, now 50 active connections and 15 inactive connections
20:40:46.910 [reactor-http-nio-12] DEBUG reactor.netty.http.client.HttpClientOperations - [id: 0xbbaa0872, L:/127.0.0.1:50269 - R:localhost/127.0.0.1:8081] Received response (auto-read:false) : [Content-Type=application/json, Transfer-Encoding=chunked, Date=Fri, 11 Jun 2021 15:10:46 GMT]
20:40:46.910 [reactor-http-nio-12] DEBUG reactor.netty.resources.PooledConnectionProvider - [id: 0xbbaa0872, L:/127.0.0.1:50269 - R:localhost/127.0.0.1:8081] onStateChange(GET{uri=/getUserLocation?userId=9119c8e9-7a87-4b9a-9719-5d3ea645ef3a, connection=PooledConnection{channel=[id: 0xbbaa0872, L:/127.0.0.1:50269 - R:localhost/127.0.0.1:8081]}}, [response_received])
20:40:46.908 [pool-12-thread-11] DEBUG org.springframework.web.reactive.function.client.ExchangeFunctions - [6b179f3d] HTTP GET http://localhost:8081/getUserLocation?userId=283a43c4-21cb-40ce-be70-3217f436e2ab
20:40:46.910 [reactor-http-nio-12] DEBUG org.springframework.web.reactive.function.client.ExchangeFunctions - [a315fbd] Response 200 OK
20:40:46.908 [reactor-http-nio-16] DEBUG reactor.netty.resources.PooledConnectionProvider - [id: 0xa01a053c, L:/127.0.0.1:50244 - R:localhost/127.0.0.1:8081] Channel cleaned, now 51 active connections and 14 inactive connections
20:40:46.908 [reactor-http-nio-14] DEBUG org.springframework.core.codec.StringDecoder - [40faa1f6] Decoded "[{"longitude":-117.922008,"latitude":33.817595,"attractionName":"Disneyland","city":"Anaheim","stat (truncated)...
20:40:46.909 [reactor-http-nio-11] DEBUG reactor.netty.resources.PooledConnectionProvider - [id: 0x1785ce4e, L:/127.0.0.1:50271 - R:localhost/127.0.0.1:8081] onStateChange(GET{uri=/getAttractions, connection=PooledConnection{channel=[id: 0x1785ce4e, L:/127.0.0.1:50271 - R:localhost/127.0.0.1:8081]}}, [disconnecting])
20:40:46.910 [reactor-http-nio-11] DEBUG reactor.netty.resources.PooledConnectionProvider - [id: 0x1785ce4e, L:/127.0.0.1:50271 - R:localhost/127.0.0.1:8081] Releasing channel
20:40:46.910 [reactor-http-nio-14] DEBUG reactor.netty.resources.PooledConnectionProvider - [id: 0x37820d17, L:/127.0.0.1:50283 - R:localhost/127.0.0.1:8081] onStateChange(GET{uri=/getAttractions, connection=PooledConnection{channel=[id: 0x37820d17, L:/127.0.0.1:50283 - R:localhost/127.0.0.1:8081]}}, [disconnecting])
20:40:46.910 [reactor-http-nio-14] DEBUG reactor.netty.resources.PooledConnectionProvider - [id: 0x37820d17, L:/127.0.0.1:50283 - R:localhost/127.0.0.1:8081] Releasing channel
20:40:46.910 [reactor-http-nio-11] DEBUG reactor.netty.resources.PooledConnectionProvider - [id: 0x1785ce4e, L:/127.0.0.1:50271 - R:localhost/127.0.0.1:8081] Channel cleaned, now 49 active connections and 16 inactive connections
20:40:46.910 [reactor-http-nio-12] DEBUG reactor.netty.channel.FluxReceive - [id: 0xbbaa0872, L:/127.0.0.1:50269 - R:localhost/127.0.0.1:8081] Subscribing inbound receiver [pending: 0, cancelled:false, inboundDone: false]
20:40:46.909 [reactor-http-nio-2] DEBUG org.springframework.core.codec.StringDecoder - [1700a98b] Decoded "{"userId":"c4961ba2-9c6f-431b-9dc9-e17813c9de62","location":{"longitude":156.810719,"latitude":84.4 (truncated)...
20:40:46.909 [reactor-http-nio-10] DEBUG reactor.netty.http.client.HttpClientOperations - [id: 0x2c66aa2f, L:/127.0.0.1:50251 - R:localhost/127.0.0.1:8081] Received last HTTP packet
20:40:46.911 [reactor-http-nio-16] DEBUG reactor.netty.http.client.HttpClientOperations - [id: 0x55a55ac0, L:/127.0.0.1:50255 - R:localhost/127.0.0.1:8081] Received response (auto-read:false) : [Content-Type=application/json, Transfer-Encoding=chunked, Date=Fri, 11 Jun 2021 15:10:46 GMT]
20:40:46.911 [reactor-http-nio-11] DEBUG reactor.netty.resources.PooledConnectionProvider - [id: 0x5ee0aef5, L:/127.0.0.1:50263 - R:localhost/127.0.0.1:8081] Channel acquired, now 49 active connections and 16 inactive connections
20:40:46.911 [reactor-http-nio-16] DEBUG reactor.netty.resources.PooledConnectionProvider - [id: 0x55a55ac0, L:/127.0.0.1:50255 - R:localhost/127.0.0.1:8081] onStateChange(GET{uri=/getAttractions, connection=PooledConnection{channel=[id: 0x55a55ac0, L:/127.0.0.1:50255 - R:localhost/127.0.0.1:8081]}}, [response_received])
20:40:46.911 [reactor-http-nio-16] DEBUG org.springframework.web.reactive.function.client.ExchangeFunctions - [384cd975] Response 200 OK
20:40:46.911 [reactor-http-nio-12] DEBUG reactor.netty.http.client.HttpClientOperations - [id: 0xbbaa0872, L:/127.0.0.1:50269 - R:localhost/127.0.0.1:8081] Received last HTTP packet
20:40:46.911 [reactor-http-nio-12] DEBUG org.springframework.core.codec.StringDecoder - [a315fbd] Decoded "{"userId":"9119c8e9-7a87-4b9a-9719-5d3ea645ef3a","location":{"longitude":-157.507935,"latitude":-65 (truncated)...
20:40:46.911 [reactor-http-nio-10] DEBUG org.springframework.core.codec.StringDecoder - [4c5bd44a] Decoded "[{"longitude":-117.922008,"latitude":33.817595,"attractionName":"Disneyland","city":"Anaheim","stat (truncated)...
20:40:46.911 [reactor-http-nio-12] DEBUG reactor.netty.resources.PooledConnectionProvider - [id: 0xbbaa0872, L:/127.0.0.1:50269 - R:localhost/127.0.0.1:8081] onStateChange(GET{uri=/getUserLocation?userId=9119c8e9-7a87-4b9a-9719-5d3ea645ef3a, connection=PooledConnection{channel=[id: 0xbbaa0872, L:/127.0.0.1:50269 - R:localhost/127.0.0.1:8081]}}, [disconnecting])
20:40:46.911 [reactor-http-nio-12] DEBUG reactor.netty.resources.PooledConnectionProvider - [id: 0xbbaa0872, L:/127.0.0.1:50269 - R:localhost/127.0.0.1:8081] Releasing channel
20:40:46.911 [reactor-http-nio-15] DEBUG reactor.netty.resources.PooledConnectionProvider - [id: 0x70de3664, L:/127.0.0.1:50262 - R:localhost/127.0.0.1:8081] Channel acquired, now 50 active connections and 15 inactive connections
20:40:46.911 [reactor-http-nio-10] DEBUG reactor.netty.resources.PooledConnectionProvider - [id: 0x2c66aa2f, L:/127.0.0.1:50251 - R:localhost/127.0.0.1:8081] onStateChange(GET{uri=/getAttractions, connection=PooledConnection{channel=[id: 0x2c66aa2f, L:/127.0.0.1:50251 - R:localhost/127.0.0.1:8081]}}, [disconnecting])
20:40:46.911 [reactor-http-nio-10] DEBUG reactor.netty.resources.PooledConnectionProvider - [id: 0x2c66aa2f, L:/127.0.0.1:50251 - R:localhost/127.0.0.1:8081] Releasing channel
20:40:46.911 [reactor-http-nio-16] DEBUG reactor.netty.channel.FluxReceive - [id: 0x55a55ac0, L:/127.0.0.1:50255 - R:localhost/127.0.0.1:8081] Subscribing inbound receiver [pending: 0, cancelled:false, inboundDone: false]
20:40:46.910 [pool-12-thread-22] DEBUG org.springframework.web.reactive.function.client.ExchangeFunctions - [223025c0] HTTP GET http://localhost:8081/getUserLocation?userId=81c20e67-853c-4db2-a20e-6a06041c9598
20:40:46.910 [pool-12-thread-29] DEBUG org.springframework.web.reactive.function.client.ExchangeFunctions - [2520c5f1] HTTP GET http://localhost:8081/getAttractions
20:40:46.912 [reactor-http-nio-16] DEBUG reactor.netty.http.client.HttpClientOperations - [id: 0x55a55ac0, L:/127.0.0.1:50255 - R:localhost/127.0.0.1:8081] Received last HTTP packet
20:40:46.913 [reactor-http-nio-16] DEBUG org.springframework.core.codec.StringDecoder - [384cd975] Decoded "[{"longitude":-117.922008,"latitude":33.817595,"attractionName":"Disneyland","city":"Anaheim","stat (truncated)...
20:40:46.913 [reactor-http-nio-16] DEBUG reactor.netty.resources.PooledConnectionProvider - [id: 0x55a55ac0, L:/127.0.0.1:50255 - R:localhost/127.0.0.1:8081] onStateChange(GET{uri=/getAttractions, connection=PooledConnection{channel=[id: 0x55a55ac0, L:/127.0.0.1:50255 - R:localhost/127.0.0.1:8081]}}, [disconnecting])
20:40:46.913 [reactor-http-nio-16] DEBUG reactor.netty.resources.PooledConnectionProvider - [id: 0x55a55ac0, L:/127.0.0.1:50255 - R:localhost/127.0.0.1:8081] Releasing channel
20:40:46.913 [reactor-http-nio-16] DEBUG reactor.netty.resources.PooledConnectionProvider - [id: 0x55a55ac0, L:/127.0.0.1:50255 - R:localhost/127.0.0.1:8081] Channel cleaned, now 47 active connections and 18 inactive connections
20:40:46.913 [pool-12-thread-27] DEBUG org.springframework.web.reactive.function.client.ExchangeFunctions - [76284ede] HTTP GET http://localhost:8081/getUserLocation?userId=3586d5b7-4433-45c9-83a0-11cc7ac14053
20:40:46.913 [pool-12-thread-57] DEBUG org.springframework.web.reactive.function.client.ExchangeFunctions - [19c7451b] HTTP GET http://localhost:8081/getAttractions
20:40:46.910 [reactor-http-nio-14] DEBUG reactor.netty.resources.PooledConnectionProvider - [id: 0x37820d17, L:/127.0.0.1:50283 - R:localhost/127.0.0.1:8081] Channel cleaned, now 48 active connections and 17 inactive connections
20:40:46.913 [reactor-http-nio-16] DEBUG reactor.netty.http.client.HttpClientOperations - [id: 0x736d1567, L:/127.0.0.1:50275 - R:localhost/127.0.0.1:8081] Received response (auto-read:false) : [Content-Type=application/json, Transfer-Encoding=chunked, Date=Fri, 11 Jun 2021 15:10:46 GMT]
20:40:46.911 [reactor-http-nio-2] DEBUG reactor.netty.resources.PooledConnectionProvider - [id: 0xce2d8eaa, L:/127.0.0.1:50295 - R:localhost/127.0.0.1:8081] onStateChange(GET{uri=/getUserLocation?userId=c4961ba2-9c6f-431b-9dc9-e17813c9de62, connection=PooledConnection{channel=[id: 0xce2d8eaa, L:/127.0.0.1:50295 - R:localhost/127.0.0.1:8081]}}, [disconnecting])
20:40:46.914 [reactor-http-nio-2] DEBUG reactor.netty.resources.PooledConnectionProvider - [id: 0xce2d8eaa, L:/127.0.0.1:50295 - R:localhost/127.0.0.1:8081] Releasing channel
20:40:46.914 [reactor-http-nio-2] DEBUG reactor.netty.resources.PooledConnectionProvider - [id: 0xce2d8eaa, L:/127.0.0.1:50295 - R:localhost/127.0.0.1:8081] Channel cleaned, now 46 active connections and 19 inactive connections
20:40:46.914 [pool-12-thread-19] DEBUG org.springframework.web.reactive.function.client.ExchangeFunctions - [44c53d31] HTTP GET http://localhost:8081/getUserLocation?userId=0db136c7-eef8-44b3-a847-f8e9a3d7828b
20:40:46.911 [reactor-http-nio-11] DEBUG reactor.netty.http.client.HttpClientConnect - [id: 0x5ee0aef5, L:/127.0.0.1:50263 - R:localhost/127.0.0.1:8081] Handler is being applied: {uri=http://localhost:8081/getUserLocation?userId=691232f4-b8a7-4289-999e-6473969f0239, method=GET}
20:40:46.914 [reactor-http-nio-14] DEBUG reactor.netty.http.client.HttpClientOperations - [id: 0x111e98d4, L:/127.0.0.1:50257 - R:localhost/127.0.0.1:8081] Received response (auto-read:false) : [Content-Type=application/json, Transfer-Encoding=chunked, Date=Fri, 11 Jun 2021 15:10:46 GMT]
20:40:46.914 [reactor-http-nio-14] DEBUG reactor.netty.resources.PooledConnectionProvider - [id: 0x111e98d4, L:/127.0.0.1:50257 - R:localhost/127.0.0.1:8081] onStateChange(GET{uri=/getUserLocation?userId=61c8724f-05d3-479d-967b-4c144bb4fb0f, connection=PooledConnection{channel=[id: 0x111e98d4, L:/127.0.0.1:50257 - R:localhost/127.0.0.1:8081]}}, [response_received])
20:40:46.914 [reactor-http-nio-14] DEBUG org.springframework.web.reactive.function.client.ExchangeFunctions - [7305736f] Response 200 OK
20:40:46.911 [reactor-http-nio-12] DEBUG reactor.netty.resources.PooledConnectionProvider - [id: 0xbbaa0872, L:/127.0.0.1:50269 - R:localhost/127.0.0.1:8081] Channel cleaned, now 49 active connections and 16 inactive connections
20:40:46.914 [reactor-http-nio-2] DEBUG reactor.netty.http.client.HttpClientOperations - [id: 0xb9fd1fe8, L:/127.0.0.1:50299 - R:localhost/127.0.0.1:8081] Received response (auto-read:false) : [Content-Type=application/json, Transfer-Encoding=chunked, Date=Fri, 11 Jun 2021 15:10:46 GMT]
20:40:46.914 [reactor-http-nio-12] DEBUG reactor.netty.resources.PooledConnectionProvider - [id: 0x3e41c192, L:/127.0.0.1:50266 - R:localhost/127.0.0.1:8081] Channel acquired, now 47 active connections and 18 inactive connections
20:40:46.914 [reactor-http-nio-2] DEBUG reactor.netty.resources.PooledConnectionProvider - [id: 0xb9fd1fe8, L:/127.0.0.1:50299 - R:localhost/127.0.0.1:8081] onStateChange(GET{uri=/getUserLocation?userId=7598188c-afd1-4297-8e39-70849a0f660e, connection=PooledConnection{channel=[id: 0xb9fd1fe8, L:/127.0.0.1:50299 - R:localhost/127.0.0.1:8081]}}, [response_received])
20:40:46.914 [reactor-http-nio-12] DEBUG reactor.netty.http.client.HttpClientConnect - [id: 0x3e41c192, L:/127.0.0.1:50266 - R:localhost/127.0.0.1:8081] Handler is being applied: {uri=http://localhost:8081/getAttractions, method=GET}
20:40:46.911 [reactor-http-nio-10] DEBUG reactor.netty.resources.PooledConnectionProvider - [id: 0x2c66aa2f, L:/127.0.0.1:50251 - R:localhost/127.0.0.1:8081] Channel cleaned, now 48 active connections and 17 inactive connections
20:40:46.915 [reactor-http-nio-14] DEBUG reactor.netty.channel.FluxReceive - [id: 0x111e98d4, L:/127.0.0.1:50257 - R:localhost/127.0.0.1:8081] Subscribing inbound receiver [pending: 0, cancelled:false, inboundDone: false]
20:40:46.915 [reactor-http-nio-10] DEBUG reactor.netty.resources.PooledConnectionProvider - [id: 0x5829f75f, L:/127.0.0.1:50259 - R:localhost/127.0.0.1:8081] Channel acquired, now 48 active connections and 17 inactive connections
20:40:46.915 [reactor-http-nio-11] DEBUG reactor.netty.resources.PooledConnectionProvider - [id: 0x5ee0aef5, L:/127.0.0.1:50263 - R:localhost/127.0.0.1:8081] onStateChange(GET{uri=/getUserLocation?userId=691232f4-b8a7-4289-999e-6473969f0239, connection=PooledConnection{channel=[id: 0x5ee0aef5, L:/127.0.0.1:50263 - R:localhost/127.0.0.1:8081]}}, [request_sent])
20:40:46.915 [reactor-http-nio-10] DEBUG reactor.netty.http.client.HttpClientConnect - [id: 0x5829f75f, L:/127.0.0.1:50259 - R:localhost/127.0.0.1:8081] Handler is being applied: {uri=http://localhost:8081/getAttractions, method=GET}
20:40:46.915 [pool-12-thread-4] DEBUG org.springframework.web.reactive.function.client.ExchangeFunctions - [48644919] HTTP GET http://localhost:8081/getUserLocation?userId=2ca4b761-a1c7-4037-a48b-bf6f6a62d400
20:40:46.915 [reactor-http-nio-14] DEBUG reactor.netty.http.client.HttpClientOperations - [id: 0x111e98d4, L:/127.0.0.1:50257 - R:localhost/127.0.0.1:8081] Received last HTTP packet
20:40:46.915 [reactor-http-nio-14] DEBUG org.springframework.core.codec.StringDecoder - [7305736f] Decoded "{"userId":"61c8724f-05d3-479d-967b-4c144bb4fb0f","location":{"longitude":-6.064134,"latitude":-1.03 (truncated)...
20:40:46.911 [reactor-http-nio-15] DEBUG reactor.netty.http.client.HttpClientConnect - [id: 0x70de3664, L:/127.0.0.1:50262 - R:localhost/127.0.0.1:8081] Handler is being applied: {uri=http://localhost:8081/getAttractions, method=GET}
20:40:46.915 [reactor-http-nio-11] DEBUG reactor.netty.http.client.HttpClientOperations - [id: 0xad9667d1, L:/127.0.0.1:50248 - R:localhost/127.0.0.1:8081] Received response (auto-read:false) : [Content-Type=application/json, Transfer-Encoding=chunked, Date=Fri, 11 Jun 2021 15:10:46 GMT]
20:40:46.915 [reactor-http-nio-11] DEBUG reactor.netty.resources.PooledConnectionProvider - [id: 0xad9667d1, L:/127.0.0.1:50248 - R:localhost/127.0.0.1:8081] onStateChange(GET{uri=/getAttractions, connection=PooledConnection{channel=[id: 0xad9667d1, L:/127.0.0.1:50248 - R:localhost/127.0.0.1:8081]}}, [response_received])
20:40:46.915 [reactor-http-nio-10] DEBUG reactor.netty.resources.PooledConnectionProvider - [id: 0x5829f75f, L:/127.0.0.1:50259 - R:localhost/127.0.0.1:8081] onStateChange(GET{uri=/getAttractions, connection=PooledConnection{channel=[id: 0x5829f75f, L:/127.0.0.1:50259 - R:localhost/127.0.0.1:8081]}}, [request_sent])
20:40:46.916 [reactor-http-nio-11] DEBUG org.springframework.web.reactive.function.client.ExchangeFunctions - [432e919d] Response 200 OK
20:40:46.914 [reactor-http-nio-16] DEBUG reactor.netty.resources.PooledConnectionProvider - [id: 0x736d1567, L:/127.0.0.1:50275 - R:localhost/127.0.0.1:8081] onStateChange(GET{uri=/getAttractions, connection=PooledConnection{channel=[id: 0x736d1567, L:/127.0.0.1:50275 - R:localhost/127.0.0.1:8081]}}, [response_received])
20:40:46.916 [reactor-http-nio-16] DEBUG org.springframework.web.reactive.function.client.ExchangeFunctions - [4a1a3bbd] Response 200 OK
20:40:46.914 [pool-12-thread-25] DEBUG org.springframework.web.reactive.function.client.ExchangeFunctions - [4f6a08b] HTTP GET http://localhost:8081/getAttractions
20:40:46.916 [reactor-http-nio-11] DEBUG reactor.netty.channel.FluxReceive - [id: 0xad9667d1, L:/127.0.0.1:50248 - R:localhost/127.0.0.1:8081] Subscribing inbound receiver [pending: 0, cancelled:false, inboundDone: false]
20:40:46.916 [reactor-http-nio-15] DEBUG reactor.netty.resources.PooledConnectionProvider - [id: 0x70de3664, L:/127.0.0.1:50262 - R:localhost/127.0.0.1:8081] onStateChange(GET{uri=/getAttractions, connection=PooledConnection{channel=[id: 0x70de3664, L:/127.0.0.1:50262 - R:localhost/127.0.0.1:8081]}}, [request_sent])
20:40:46.916 [reactor-http-nio-16] DEBUG reactor.netty.channel.FluxReceive - [id: 0x736d1567, L:/127.0.0.1:50275 - R:localhost/127.0.0.1:8081] Subscribing inbound receiver [pending: 0, cancelled:false, inboundDone: false]
20:40:46.917 [reactor-http-nio-13] DEBUG reactor.netty.http.client.HttpClientOperations - [id: 0x7744abeb, L:/127.0.0.1:50286 - R:localhost/127.0.0.1:8081] Received response (auto-read:false) : [Content-Type=application/json, Transfer-Encoding=chunked, Date=Fri, 11 Jun 2021 15:10:46 GMT]
20:40:46.917 [reactor-http-nio-13] DEBUG reactor.netty.resources.PooledConnectionProvider - [id: 0x7744abeb, L:/127.0.0.1:50286 - R:localhost/127.0.0.1:8081] onStateChange(GET{uri=/getUserLocation?userId=8cf88738-f1cc-4aa0-89d9-1511dc6a0689, connection=PooledConnection{channel=[id: 0x7744abeb, L:/127.0.0.1:50286 - R:localhost/127.0.0.1:8081]}}, [response_received])
20:40:46.914 [reactor-http-nio-2] DEBUG org.springframework.web.reactive.function.client.ExchangeFunctions - [7d221f59] Response 200 OK
20:40:46.917 [reactor-http-nio-15] DEBUG reactor.netty.http.client.HttpClientOperations - [id: 0x9e2c9a54, L:/127.0.0.1:50246 - R:localhost/127.0.0.1:8081] Received response (auto-read:false) : [Content-Type=application/json, Transfer-Encoding=chunked, Date=Fri, 11 Jun 2021 15:10:46 GMT]
20:40:46.917 [reactor-http-nio-15] DEBUG reactor.netty.resources.PooledConnectionProvider - [id: 0x9e2c9a54, L:/127.0.0.1:50246 - R:localhost/127.0.0.1:8081] onStateChange(GET{uri=/getAttractions, connection=PooledConnection{channel=[id: 0x9e2c9a54, L:/127.0.0.1:50246 - R:localhost/127.0.0.1:8081]}}, [response_received])
20:40:46.917 [reactor-http-nio-13] DEBUG org.springframework.web.reactive.function.client.ExchangeFunctions - [68574acb] Response 200 OK
20:40:46.917 [reactor-http-nio-15] DEBUG org.springframework.web.reactive.function.client.ExchangeFunctions - [469c3a5b] Response 200 OK
20:40:46.917 [pool-11-thread-1] DEBUG org.springframework.web.reactive.function.client.ExchangeFunctions - [3c734aa4] HTTP GET http://localhost:8081/getUserLocation?userId=054df462-02e0-4f1d-b1ec-c2c3a4647a87
20:40:46.915 [reactor-http-nio-12] DEBUG reactor.netty.resources.PooledConnectionProvider - [id: 0x3e41c192, L:/127.0.0.1:50266 - R:localhost/127.0.0.1:8081] onStateChange(GET{uri=/getAttractions, connection=PooledConnection{channel=[id: 0x3e41c192, L:/127.0.0.1:50266 - R:localhost/127.0.0.1:8081]}}, [request_sent])
20:40:46.917 [reactor-http-nio-2] DEBUG reactor.netty.channel.FluxReceive - [id: 0xb9fd1fe8, L:/127.0.0.1:50299 - R:localhost/127.0.0.1:8081] Subscribing inbound receiver [pending: 0, cancelled:false, inboundDone: false]
20:40:46.915 [reactor-http-nio-14] DEBUG reactor.netty.resources.PooledConnectionProvider - [id: 0x111e98d4, L:/127.0.0.1:50257 - R:localhost/127.0.0.1:8081] onStateChange(GET{uri=/getUserLocation?userId=61c8724f-05d3-479d-967b-4c144bb4fb0f, connection=PooledConnection{channel=[id: 0x111e98d4, L:/127.0.0.1:50257 - R:localhost/127.0.0.1:8081]}}, [disconnecting])
20:40:46.918 [reactor-http-nio-14] DEBUG reactor.netty.resources.PooledConnectionProvider - [id: 0x111e98d4, L:/127.0.0.1:50257 - R:localhost/127.0.0.1:8081] Releasing channel
20:40:46.916 [reactor-http-nio-10] DEBUG reactor.netty.resources.PooledConnectionProvider - [id: 0x2c66aa2f, L:/127.0.0.1:50251 - R:localhost/127.0.0.1:8081] Channel acquired, now 49 active connections and 16 inactive connections
20:40:46.918 [reactor-http-nio-14] DEBUG reactor.netty.resources.PooledConnectionProvider - [id: 0x111e98d4, L:/127.0.0.1:50257 - R:localhost/127.0.0.1:8081] Channel cleaned, now 48 active connections and 17 inactive connections
20:40:46.918 [reactor-http-nio-2] DEBUG reactor.netty.http.client.HttpClientOperations - [id: 0xb9fd1fe8, L:/127.0.0.1:50299 - R:localhost/127.0.0.1:8081] Received last HTTP packet
20:40:46.918 [reactor-http-nio-10] DEBUG reactor.netty.http.client.HttpClientConnect - [id: 0x2c66aa2f, L:/127.0.0.1:50251 - R:localhost/127.0.0.1:8081] Handler is being applied: {uri=http://localhost:8081/getUserLocation?userId=2ca4b761-a1c7-4037-a48b-bf6f6a62d400, method=GET}
20:40:46.918 [reactor-http-nio-14] DEBUG reactor.netty.resources.PooledConnectionProvider - [id: 0x8b4459b6, L:/127.0.0.1:50276 - R:localhost/127.0.0.1:8081] Channel acquired, now 49 active connections and 16 inactive connections
20:40:46.917 [reactor-http-nio-11] DEBUG reactor.netty.http.client.HttpClientOperations - [id: 0xad9667d1, L:/127.0.0.1:50248 - R:localhost/127.0.0.1:8081] Received last HTTP packet
20:40:46.918 [reactor-http-nio-2] DEBUG org.springframework.core.codec.StringDecoder - [7d221f59] Decoded "{"userId":"7598188c-afd1-4297-8e39-70849a0f660e","location":{"longitude":-72.482198,"latitude":-31. (truncated)...
20:40:46.918 [reactor-http-nio-14] DEBUG reactor.netty.http.client.HttpClientConnect - [id: 0x8b4459b6, L:/127.0.0.1:50276 - R:localhost/127.0.0.1:8081] Handler is being applied: {uri=http://localhost:8081/getAttractions, method=GET}
20:40:46.918 [reactor-http-nio-2] DEBUG reactor.netty.resources.PooledConnectionProvider - [id: 0xb9fd1fe8, L:/127.0.0.1:50299 - R:localhost/127.0.0.1:8081] onStateChange(GET{uri=/getUserLocation?userId=7598188c-afd1-4297-8e39-70849a0f660e, connection=PooledConnection{channel=[id: 0xb9fd1fe8, L:/127.0.0.1:50299 - R:localhost/127.0.0.1:8081]}}, [disconnecting])
20:40:46.918 [reactor-http-nio-2] DEBUG reactor.netty.resources.PooledConnectionProvider - [id: 0xb9fd1fe8, L:/127.0.0.1:50299 - R:localhost/127.0.0.1:8081] Releasing channel
20:40:46.918 [reactor-http-nio-12] DEBUG reactor.netty.http.client.HttpClientOperations - [id: 0x9cfe3e33, L:/127.0.0.1:50249 - R:localhost/127.0.0.1:8081] Received response (auto-read:false) : [Content-Type=application/json, Transfer-Encoding=chunked, Date=Fri, 11 Jun 2021 15:10:46 GMT]
20:40:46.918 [reactor-http-nio-2] DEBUG reactor.netty.resources.PooledConnectionProvider - [id: 0xb9fd1fe8, L:/127.0.0.1:50299 - R:localhost/127.0.0.1:8081] Channel cleaned, now 48 active connections and 17 inactive connections
20:40:46.918 [pool-12-thread-14] DEBUG org.springframework.web.reactive.function.client.ExchangeFunctions - [7dc2837f] HTTP GET http://localhost:8081/getAttractions
20:40:46.917 [reactor-http-nio-16] DEBUG reactor.netty.http.client.HttpClientOperations - [id: 0x736d1567, L:/127.0.0.1:50275 - R:localhost/127.0.0.1:8081] Received last HTTP packet
20:40:46.918 [reactor-http-nio-2] DEBUG reactor.netty.resources.PooledConnectionProvider - [id: 0x25eb9b2e, L:/127.0.0.1:50247 - R:localhost/127.0.0.1:8081] Channel acquired, now 49 active connections and 16 inactive connections
20:40:46.918 [reactor-http-nio-2] DEBUG reactor.netty.http.client.HttpClientConnect - [id: 0x25eb9b2e, L:/127.0.0.1:50247 - R:localhost/127.0.0.1:8081] Handler is being applied: {uri=http://localhost:8081/getUserLocation?userId=9fde1513-7a8b-46ce-b6cc-1a169b186155, method=GET}
20:40:46.917 [reactor-http-nio-13] DEBUG reactor.netty.channel.FluxReceive - [id: 0x7744abeb, L:/127.0.0.1:50286 - R:localhost/127.0.0.1:8081] Subscribing inbound receiver [pending: 0, cancelled:false, inboundDone: false]
20:40:46.917 [reactor-http-nio-15] DEBUG reactor.netty.channel.FluxReceive - [id: 0x9e2c9a54, L:/127.0.0.1:50246 - R:localhost/127.0.0.1:8081] Subscribing inbound receiver [pending: 0, cancelled:false, inboundDone: false]
20:40:46.919 [reactor-http-nio-16] DEBUG org.springframework.core.codec.StringDecoder - [4a1a3bbd] Decoded "[{"longitude":-117.922008,"latitude":33.817595,"attractionName":"Disneyland","city":"Anaheim","stat (truncated)...
20:40:46.919 [reactor-http-nio-10] DEBUG reactor.netty.resources.PooledConnectionProvider - [id: 0x2c66aa2f, L:/127.0.0.1:50251 - R:localhost/127.0.0.1:8081] onStateChange(GET{uri=/getUserLocation?userId=2ca4b761-a1c7-4037-a48b-bf6f6a62d400, connection=PooledConnection{channel=[id: 0x2c66aa2f, L:/127.0.0.1:50251 - R:localhost/127.0.0.1:8081]}}, [request_sent])
20:40:46.919 [reactor-http-nio-14] DEBUG reactor.netty.resources.PooledConnectionProvider - [id: 0x8b4459b6, L:/127.0.0.1:50276 - R:localhost/127.0.0.1:8081] onStateChange(GET{uri=/getAttractions, connection=PooledConnection{channel=[id: 0x8b4459b6, L:/127.0.0.1:50276 - R:localhost/127.0.0.1:8081]}}, [request_sent])
20:40:46.919 [reactor-http-nio-13] DEBUG reactor.netty.http.client.HttpClientOperations - [id: 0x7744abeb, L:/127.0.0.1:50286 - R:localhost/127.0.0.1:8081] Received last HTTP packet
20:40:46.918 [reactor-http-nio-12] DEBUG reactor.netty.resources.PooledConnectionProvider - [id: 0x9cfe3e33, L:/127.0.0.1:50249 - R:localhost/127.0.0.1:8081] onStateChange(GET{uri=/getUserLocation?userId=b2065956-6fa2-4bce-9858-39026287ae87, connection=PooledConnection{channel=[id: 0x9cfe3e33, L:/127.0.0.1:50249 - R:localhost/127.0.0.1:8081]}}, [response_received])
20:40:46.919 [reactor-http-nio-15] DEBUG reactor.netty.http.client.HttpClientOperations - [id: 0x9e2c9a54, L:/127.0.0.1:50246 - R:localhost/127.0.0.1:8081] Received last HTTP packet
20:40:46.919 [reactor-http-nio-12] DEBUG org.springframework.web.reactive.function.client.ExchangeFunctions - [609f335e] Response 200 OK
20:40:46.919 [reactor-http-nio-2] DEBUG reactor.netty.resources.PooledConnectionProvider - [id: 0x25eb9b2e, L:/127.0.0.1:50247 - R:localhost/127.0.0.1:8081] onStateChange(GET{uri=/getUserLocation?userId=9fde1513-7a8b-46ce-b6cc-1a169b186155, connection=PooledConnection{channel=[id: 0x25eb9b2e, L:/127.0.0.1:50247 - R:localhost/127.0.0.1:8081]}}, [request_sent])
20:40:46.919 [reactor-http-nio-11] DEBUG org.springframework.core.codec.StringDecoder - [432e919d] Decoded "[{"longitude":-117.922008,"latitude":33.817595,"attractionName":"Disneyland","city":"Anaheim","stat (truncated)...
20:40:46.919 [reactor-http-nio-11] DEBUG reactor.netty.resources.PooledConnectionProvider - [id: 0xad9667d1, L:/127.0.0.1:50248 - R:localhost/127.0.0.1:8081] onStateChange(GET{uri=/getAttractions, connection=PooledConnection{channel=[id: 0xad9667d1, L:/127.0.0.1:50248 - R:localhost/127.0.0.1:8081]}}, [disconnecting])
20:40:46.919 [reactor-http-nio-11] DEBUG reactor.netty.resources.PooledConnectionProvider - [id: 0xad9667d1, L:/127.0.0.1:50248 - R:localhost/127.0.0.1:8081] Releasing channel
20:40:46.919 [reactor-http-nio-11] DEBUG reactor.netty.resources.PooledConnectionProvider - [id: 0xad9667d1, L:/127.0.0.1:50248 - R:localhost/127.0.0.1:8081] Channel cleaned, now 48 active connections and 17 inactive connections
20:40:46.919 [reactor-http-nio-16] DEBUG reactor.netty.resources.PooledConnectionProvider - [id: 0x736d1567, L:/127.0.0.1:50275 - R:localhost/127.0.0.1:8081] onStateChange(GET{uri=/getAttractions, connection=PooledConnection{channel=[id: 0x736d1567, L:/127.0.0.1:50275 - R:localhost/127.0.0.1:8081]}}, [disconnecting])
20:40:46.920 [reactor-http-nio-10] DEBUG reactor.netty.http.client.HttpClientOperations - [id: 0x8372a394, L:/127.0.0.1:50252 - R:localhost/127.0.0.1:8081] Received response (auto-read:false) : [Content-Type=application/json, Transfer-Encoding=chunked, Date=Fri, 11 Jun 2021 15:10:46 GMT]
20:40:46.920 [reactor-http-nio-10] DEBUG reactor.netty.resources.PooledConnectionProvider - [id: 0x8372a394, L:/127.0.0.1:50252 - R:localhost/127.0.0.1:8081] onStateChange(GET{uri=/getUserLocation?userId=281f11a1-0ca1-49bb-b4d1-c6949a180f20, connection=PooledConnection{channel=[id: 0x8372a394, L:/127.0.0.1:50252 - R:localhost/127.0.0.1:8081]}}, [response_received])
20:40:46.920 [reactor-http-nio-12] DEBUG reactor.netty.channel.FluxReceive - [id: 0x9cfe3e33, L:/127.0.0.1:50249 - R:localhost/127.0.0.1:8081] Subscribing inbound receiver [pending: 0, cancelled:false, inboundDone: false]
20:40:46.920 [reactor-http-nio-10] DEBUG org.springframework.web.reactive.function.client.ExchangeFunctions - [79a99f57] Response 200 OK
20:40:46.920 [reactor-http-nio-2] DEBUG reactor.netty.http.client.HttpClientOperations - [id: 0x7ef0c167, L:/127.0.0.1:50300 - R:localhost/127.0.0.1:8081] Received response (auto-read:false) : [Content-Type=application/json, Transfer-Encoding=chunked, Date=Fri, 11 Jun 2021 15:10:46 GMT]
20:40:46.920 [reactor-http-nio-11] DEBUG reactor.netty.http.client.HttpClientOperations - [id: 0xf8610755, L:/127.0.0.1:50285 - R:localhost/127.0.0.1:8081] Received response (auto-read:false) : [Content-Type=application/json, Transfer-Encoding=chunked, Date=Fri, 11 Jun 2021 15:10:46 GMT]
20:40:46.920 [reactor-http-nio-11] DEBUG reactor.netty.resources.PooledConnectionProvider - [id: 0xf8610755, L:/127.0.0.1:50285 - R:localhost/127.0.0.1:8081] onStateChange(GET{uri=/getAttractions, connection=PooledConnection{channel=[id: 0xf8610755, L:/127.0.0.1:50285 - R:localhost/127.0.0.1:8081]}}, [response_received])
20:40:46.920 [reactor-http-nio-12] DEBUG reactor.netty.http.client.HttpClientOperations - [id: 0x9cfe3e33, L:/127.0.0.1:50249 - R:localhost/127.0.0.1:8081] Received last HTTP packet
20:40:46.919 [reactor-http-nio-13] DEBUG org.springframework.core.codec.StringDecoder - [68574acb] Decoded "{"userId":"8cf88738-f1cc-4aa0-89d9-1511dc6a0689","location":{"longitude":-117.965332,"latitude":11. (truncated)...
20:40:46.920 [reactor-http-nio-11] DEBUG org.springframework.web.reactive.function.client.ExchangeFunctions - [5ebede87] Response 200 OK
20:40:46.920 [reactor-http-nio-13] DEBUG reactor.netty.resources.PooledConnectionProvider - [id: 0x7744abeb, L:/127.0.0.1:50286 - R:localhost/127.0.0.1:8081] onStateChange(GET{uri=/getUserLocation?userId=8cf88738-f1cc-4aa0-89d9-1511dc6a0689, connection=PooledConnection{channel=[id: 0x7744abeb, L:/127.0.0.1:50286 - R:localhost/127.0.0.1:8081]}}, [disconnecting])
20:40:46.920 [reactor-http-nio-13] DEBUG reactor.netty.resources.PooledConnectionProvider - [id: 0x7744abeb, L:/127.0.0.1:50286 - R:localhost/127.0.0.1:8081] Releasing channel
20:40:46.920 [reactor-http-nio-12] DEBUG org.springframework.core.codec.StringDecoder - [609f335e] Decoded "{"userId":"b2065956-6fa2-4bce-9858-39026287ae87","location":{"longitude":-52.845273,"latitude":52.7 (truncated)...
20:40:46.920 [reactor-http-nio-13] DEBUG reactor.netty.resources.PooledConnectionProvider - [id: 0x7744abeb, L:/127.0.0.1:50286 - R:localhost/127.0.0.1:8081] Channel cleaned, now 47 active connections and 18 inactive connections
20:40:46.920 [reactor-http-nio-10] DEBUG reactor.netty.channel.FluxReceive - [id: 0x8372a394, L:/127.0.0.1:50252 - R:localhost/127.0.0.1:8081] Subscribing inbound receiver [pending: 0, cancelled:false, inboundDone: false]
20:40:46.919 [reactor-http-nio-14] DEBUG reactor.netty.http.client.HttpClientOperations - [id: 0xebe13634, L:/127.0.0.1:50273 - R:localhost/127.0.0.1:8081] Received response (auto-read:false) : [Content-Type=application/json, Transfer-Encoding=chunked, Date=Fri, 11 Jun 2021 15:10:46 GMT]
20:40:46.921 [pool-12-thread-60] DEBUG org.springframework.web.reactive.function.client.ExchangeFunctions - [73e5ee8d] HTTP GET http://localhost:8081/getAttractions
20:40:46.921 [reactor-http-nio-11] DEBUG reactor.netty.channel.FluxReceive - [id: 0xf8610755, L:/127.0.0.1:50285 - R:localhost/127.0.0.1:8081] Subscribing inbound receiver [pending: 0, cancelled:false, inboundDone: false]
20:40:46.920 [reactor-http-nio-16] DEBUG reactor.netty.resources.PooledConnectionProvider - [id: 0x736d1567, L:/127.0.0.1:50275 - R:localhost/127.0.0.1:8081] Releasing channel
20:40:46.921 [reactor-http-nio-16] DEBUG reactor.netty.resources.PooledConnectionProvider - [id: 0x736d1567, L:/127.0.0.1:50275 - R:localhost/127.0.0.1:8081] Channel cleaned, now 46 active connections and 19 inactive connections
20:40:46.920 [reactor-http-nio-15] DEBUG org.springframework.core.codec.StringDecoder - [469c3a5b] Decoded "[{"longitude":-117.922008,"latitude":33.817595,"attractionName":"Disneyland","city":"Anaheim","stat (truncated)...
20:40:46.921 [reactor-http-nio-15] DEBUG reactor.netty.resources.PooledConnectionProvider - [id: 0x9e2c9a54, L:/127.0.0.1:50246 - R:localhost/127.0.0.1:8081] onStateChange(GET{uri=/getAttractions, connection=PooledConnection{channel=[id: 0x9e2c9a54, L:/127.0.0.1:50246 - R:localhost/127.0.0.1:8081]}}, [disconnecting])
20:40:46.921 [reactor-http-nio-15] DEBUG reactor.netty.resources.PooledConnectionProvider - [id: 0x9e2c9a54, L:/127.0.0.1:50246 - R:localhost/127.0.0.1:8081] Releasing channel
20:40:46.921 [reactor-http-nio-15] DEBUG reactor.netty.resources.PooledConnectionProvider - [id: 0x9e2c9a54, L:/127.0.0.1:50246 - R:localhost/127.0.0.1:8081] Channel cleaned, now 45 active connections and 20 inactive connections
20:40:46.921 [reactor-http-nio-11] DEBUG reactor.netty.http.client.HttpClientOperations - [id: 0xf8610755, L:/127.0.0.1:50285 - R:localhost/127.0.0.1:8081] Received last HTTP packet
20:40:46.921 [reactor-http-nio-16] DEBUG reactor.netty.http.client.HttpClientOperations - [id: 0x2be3660e, L:/127.0.0.1:50282 - R:localhost/127.0.0.1:8081] Received response (auto-read:false) : [Content-Type=application/json, Transfer-Encoding=chunked, Date=Fri, 11 Jun 2021 15:10:46 GMT]
20:40:46.921 [reactor-http-nio-16] DEBUG reactor.netty.resources.PooledConnectionProvider - [id: 0x2be3660e, L:/127.0.0.1:50282 - R:localhost/127.0.0.1:8081] onStateChange(GET{uri=/getUserLocation?userId=26ea04a4-8f5d-4bf8-87e5-651164d1f768, connection=PooledConnection{channel=[id: 0x2be3660e, L:/127.0.0.1:50282 - R:localhost/127.0.0.1:8081]}}, [response_received])
20:40:46.921 [reactor-http-nio-15] DEBUG reactor.netty.http.client.HttpClientOperations - [id: 0xb80ff19f, L:/127.0.0.1:50284 - R:localhost/127.0.0.1:8081] Received response (auto-read:false) : [Content-Type=application/json, Transfer-Encoding=chunked, Date=Fri, 11 Jun 2021 15:10:46 GMT]
20:40:46.921 [reactor-http-nio-15] DEBUG reactor.netty.resources.PooledConnectionProvider - [id: 0xb80ff19f, L:/127.0.0.1:50284 - R:localhost/127.0.0.1:8081] onStateChange(GET{uri=/getUserLocation?userId=d7c3c469-23a4-4235-bb5c-e4c1ff30bf9a, connection=PooledConnection{channel=[id: 0xb80ff19f, L:/127.0.0.1:50284 - R:localhost/127.0.0.1:8081]}}, [response_received])
20:40:46.922 [reactor-http-nio-15] DEBUG org.springframework.web.reactive.function.client.ExchangeFunctions - [4c53bf8f] Response 200 OK
20:40:46.922 [reactor-http-nio-11] DEBUG org.springframework.core.codec.StringDecoder - [5ebede87] Decoded "[{"longitude":-117.922008,"latitude":33.817595,"attractionName":"Disneyland","city":"Anaheim","stat (truncated)...
20:40:46.922 [reactor-http-nio-11] DEBUG reactor.netty.resources.PooledConnectionProvider - [id: 0xf8610755, L:/127.0.0.1:50285 - R:localhost/127.0.0.1:8081] onStateChange(GET{uri=/getAttractions, connection=PooledConnection{channel=[id: 0xf8610755, L:/127.0.0.1:50285 - R:localhost/127.0.0.1:8081]}}, [disconnecting])
20:40:46.922 [reactor-http-nio-11] DEBUG reactor.netty.resources.PooledConnectionProvider - [id: 0xf8610755, L:/127.0.0.1:50285 - R:localhost/127.0.0.1:8081] Releasing channel
20:40:46.922 [reactor-http-nio-11] DEBUG reactor.netty.resources.PooledConnectionProvider - [id: 0xf8610755, L:/127.0.0.1:50285 - R:localhost/127.0.0.1:8081] Channel cleaned, now 44 active connections and 21 inactive connections
20:40:46.922 [reactor-http-nio-15] DEBUG reactor.netty.channel.FluxReceive - [id: 0xb80ff19f, L:/127.0.0.1:50284 - R:localhost/127.0.0.1:8081] Subscribing inbound receiver [pending: 0, cancelled:false, inboundDone: false]
20:40:46.922 [reactor-http-nio-11] DEBUG reactor.netty.http.client.HttpClientOperations - [id: 0xf4ffa1a5, L:/127.0.0.1:50267 - R:localhost/127.0.0.1:8081] Received response (auto-read:false) : [Content-Type=application/json, Transfer-Encoding=chunked, Date=Fri, 11 Jun 2021 15:10:46 GMT]
20:40:46.922 [reactor-http-nio-11] DEBUG reactor.netty.resources.PooledConnectionProvider - [id: 0xf4ffa1a5, L:/127.0.0.1:50267 - R:localhost/127.0.0.1:8081] onStateChange(GET{uri=/getUserLocation?userId=2f6c5db8-7505-4580-ad14-0a7b4366cdb8, connection=PooledConnection{channel=[id: 0xf4ffa1a5, L:/127.0.0.1:50267 - R:localhost/127.0.0.1:8081]}}, [response_received])
20:40:46.922 [reactor-http-nio-11] DEBUG org.springframework.web.reactive.function.client.ExchangeFunctions - [2b19096b] Response 200 OK
20:40:46.920 [reactor-http-nio-2] DEBUG reactor.netty.resources.PooledConnectionProvider - [id: 0x7ef0c167, L:/127.0.0.1:50300 - R:localhost/127.0.0.1:8081] onStateChange(GET{uri=/getUserLocation?userId=91f6b415-2e50-4521-b455-43990d5266d8, connection=PooledConnection{channel=[id: 0x7ef0c167, L:/127.0.0.1:50300 - R:localhost/127.0.0.1:8081]}}, [response_received])
20:40:46.920 [reactor-http-nio-12] DEBUG reactor.netty.resources.PooledConnectionProvider - [id: 0x9cfe3e33, L:/127.0.0.1:50249 - R:localhost/127.0.0.1:8081] onStateChange(GET{uri=/getUserLocation?userId=b2065956-6fa2-4bce-9858-39026287ae87, connection=PooledConnection{channel=[id: 0x9cfe3e33, L:/127.0.0.1:50249 - R:localhost/127.0.0.1:8081]}}, [disconnecting])
20:40:46.923 [reactor-http-nio-12] DEBUG reactor.netty.resources.PooledConnectionProvider - [id: 0x9cfe3e33, L:/127.0.0.1:50249 - R:localhost/127.0.0.1:8081] Releasing channel
20:40:46.923 [reactor-http-nio-11] DEBUG reactor.netty.channel.FluxReceive - [id: 0xf4ffa1a5, L:/127.0.0.1:50267 - R:localhost/127.0.0.1:8081] Subscribing inbound receiver [pending: 0, cancelled:false, inboundDone: false]
20:40:46.923 [reactor-http-nio-12] DEBUG reactor.netty.resources.PooledConnectionProvider - [id: 0x9cfe3e33, L:/127.0.0.1:50249 - R:localhost/127.0.0.1:8081] Channel cleaned, now 43 active connections and 22 inactive connections
20:40:46.923 [pool-12-thread-5] DEBUG org.springframework.web.reactive.function.client.ExchangeFunctions - [6e58c13d] HTTP GET http://localhost:8081/getAttractions
20:40:46.923 [pool-12-thread-36] DEBUG org.springframework.web.reactive.function.client.ExchangeFunctions - [47110d20] HTTP GET http://localhost:8081/getUserLocation?userId=badd29c1-5969-484c-89be-a030e8933851
20:40:46.923 [reactor-http-nio-11] DEBUG reactor.netty.http.client.HttpClientOperations - [id: 0xf4ffa1a5, L:/127.0.0.1:50267 - R:localhost/127.0.0.1:8081] Received last HTTP packet
20:40:46.923 [reactor-http-nio-12] DEBUG reactor.netty.http.client.HttpClientOperations - [id: 0x70cf3415, L:/127.0.0.1:50288 - R:localhost/127.0.0.1:8081] Received response (auto-read:false) : [Content-Type=application/json, Transfer-Encoding=chunked, Date=Fri, 11 Jun 2021 15:10:46 GMT]
20:40:46.923 [reactor-http-nio-12] DEBUG reactor.netty.resources.PooledConnectionProvider - [id: 0x70cf3415, L:/127.0.0.1:50288 - R:localhost/127.0.0.1:8081] onStateChange(GET{uri=/getUserLocation?userId=4c0d1c96-323e-4b4d-a714-43072a0d12ea, connection=PooledConnection{channel=[id: 0x70cf3415, L:/127.0.0.1:50288 - R:localhost/127.0.0.1:8081]}}, [response_received])
20:40:46.921 [reactor-http-nio-14] DEBUG reactor.netty.resources.PooledConnectionProvider - [id: 0xebe13634, L:/127.0.0.1:50273 - R:localhost/127.0.0.1:8081] onStateChange(GET{uri=/getAttractions, connection=PooledConnection{channel=[id: 0xebe13634, L:/127.0.0.1:50273 - R:localhost/127.0.0.1:8081]}}, [response_received])
20:40:46.921 [reactor-http-nio-10] DEBUG reactor.netty.http.client.HttpClientOperations - [id: 0x8372a394, L:/127.0.0.1:50252 - R:localhost/127.0.0.1:8081] Received last HTTP packet
20:40:46.924 [reactor-http-nio-12] DEBUG org.springframework.web.reactive.function.client.ExchangeFunctions - [3496e06f] Response 200 OK
20:40:46.924 [reactor-http-nio-14] DEBUG org.springframework.web.reactive.function.client.ExchangeFunctions - [74572100] Response 200 OK
20:40:46.921 [reactor-http-nio-16] DEBUG org.springframework.web.reactive.function.client.ExchangeFunctions - [5e3c16c2] Response 200 OK
20:40:46.924 [reactor-http-nio-13] DEBUG reactor.netty.http.client.HttpClientOperations - [id: 0x86f0206d, L:/127.0.0.1:50296 - R:localhost/127.0.0.1:8081] Received response (auto-read:false) : [Content-Type=application/json, Transfer-Encoding=chunked, Date=Fri, 11 Jun 2021 15:10:46 GMT]
20:40:46.924 [reactor-http-nio-13] DEBUG reactor.netty.resources.PooledConnectionProvider - [id: 0x86f0206d, L:/127.0.0.1:50296 - R:localhost/127.0.0.1:8081] onStateChange(GET{uri=/getUserLocation?userId=bf6e25b2-1237-4cc9-9166-cf4f111f7fbd, connection=PooledConnection{channel=[id: 0x86f0206d, L:/127.0.0.1:50296 - R:localhost/127.0.0.1:8081]}}, [response_received])
20:40:46.924 [reactor-http-nio-10] DEBUG org.springframework.core.codec.StringDecoder - [79a99f57] Decoded "{"userId":"281f11a1-0ca1-49bb-b4d1-c6949a180f20","location":{"longitude":21.674077,"latitude":-68.6 (truncated)...
20:40:46.924 [reactor-http-nio-13] DEBUG org.springframework.web.reactive.function.client.ExchangeFunctions - [f89819] Response 200 OK
20:40:46.924 [reactor-http-nio-12] DEBUG reactor.netty.channel.FluxReceive - [id: 0x70cf3415, L:/127.0.0.1:50288 - R:localhost/127.0.0.1:8081] Subscribing inbound receiver [pending: 0, cancelled:false, inboundDone: false]
20:40:46.924 [reactor-http-nio-14] DEBUG reactor.netty.channel.FluxReceive - [id: 0xebe13634, L:/127.0.0.1:50273 - R:localhost/127.0.0.1:8081] Subscribing inbound receiver [pending: 0, cancelled:false, inboundDone: false]
20:40:46.924 [reactor-http-nio-16] DEBUG reactor.netty.channel.FluxReceive - [id: 0x2be3660e, L:/127.0.0.1:50282 - R:localhost/127.0.0.1:8081] Subscribing inbound receiver [pending: 0, cancelled:false, inboundDone: false]
20:40:46.924 [reactor-http-nio-10] DEBUG reactor.netty.resources.PooledConnectionProvider - [id: 0x8372a394, L:/127.0.0.1:50252 - R:localhost/127.0.0.1:8081] onStateChange(GET{uri=/getUserLocation?userId=281f11a1-0ca1-49bb-b4d1-c6949a180f20, connection=PooledConnection{channel=[id: 0x8372a394, L:/127.0.0.1:50252 - R:localhost/127.0.0.1:8081]}}, [disconnecting])
20:40:46.924 [reactor-http-nio-10] DEBUG reactor.netty.resources.PooledConnectionProvider - [id: 0x8372a394, L:/127.0.0.1:50252 - R:localhost/127.0.0.1:8081] Releasing channel
20:40:46.924 [reactor-http-nio-10] DEBUG reactor.netty.resources.PooledConnectionProvider - [id: 0x8372a394, L:/127.0.0.1:50252 - R:localhost/127.0.0.1:8081] Channel cleaned, now 42 active connections and 23 inactive connections
20:40:46.924 [reactor-http-nio-16] DEBUG reactor.netty.http.client.HttpClientOperations - [id: 0x2be3660e, L:/127.0.0.1:50282 - R:localhost/127.0.0.1:8081] Received last HTTP packet
20:40:46.922 [reactor-http-nio-15] DEBUG reactor.netty.http.client.HttpClientOperations - [id: 0xb80ff19f, L:/127.0.0.1:50284 - R:localhost/127.0.0.1:8081] Received last HTTP packet
20:40:46.925 [reactor-http-nio-14] DEBUG reactor.netty.http.client.HttpClientOperations - [id: 0xebe13634, L:/127.0.0.1:50273 - R:localhost/127.0.0.1:8081] Received last HTTP packet
20:40:46.925 [reactor-http-nio-10] DEBUG reactor.netty.http.client.HttpClientOperations - [id: 0x89be4937, L:/127.0.0.1:50258 - R:localhost/127.0.0.1:8081] Received response (auto-read:false) : [Content-Type=application/json, Transfer-Encoding=chunked, Date=Fri, 11 Jun 2021 15:10:46 GMT]
20:40:46.923 [pool-12-thread-30] DEBUG org.springframework.web.reactive.function.client.ExchangeFunctions - [4e25a626] HTTP GET http://localhost:8081/getUserLocation?userId=d847e3e9-255e-4385-b39e-3db300c6c9d0
20:40:46.923 [reactor-http-nio-2] DEBUG org.springframework.web.reactive.function.client.ExchangeFunctions - [3f851781] Response 200 OK
20:40:46.925 [reactor-http-nio-10] DEBUG reactor.netty.resources.PooledConnectionProvider - [id: 0x89be4937, L:/127.0.0.1:50258 - R:localhost/127.0.0.1:8081] onStateChange(GET{uri=/getAttractions, connection=PooledConnection{channel=[id: 0x89be4937, L:/127.0.0.1:50258 - R:localhost/127.0.0.1:8081]}}, [response_received])
20:40:46.923 [pool-12-thread-45] DEBUG org.springframework.web.reactive.function.client.ExchangeFunctions - [6690b9b1] HTTP GET http://localhost:8081/getAttractions
20:40:46.925 [reactor-http-nio-10] DEBUG org.springframework.web.reactive.function.client.ExchangeFunctions - [54ee7e47] Response 200 OK
20:40:46.923 [reactor-http-nio-11] DEBUG org.springframework.core.codec.StringDecoder - [2b19096b] Decoded "{"userId":"2f6c5db8-7505-4580-ad14-0a7b4366cdb8","location":{"longitude":-20.303028,"latitude":54.4 (truncated)...
20:40:46.925 [reactor-http-nio-14] DEBUG org.springframework.core.codec.StringDecoder - [74572100] Decoded "[{"longitude":-117.922008,"latitude":33.817595,"attractionName":"Disneyland","city":"Anaheim","stat (truncated)...
20:40:46.925 [reactor-http-nio-11] DEBUG reactor.netty.resources.PooledConnectionProvider - [id: 0xf4ffa1a5, L:/127.0.0.1:50267 - R:localhost/127.0.0.1:8081] onStateChange(GET{uri=/getUserLocation?userId=2f6c5db8-7505-4580-ad14-0a7b4366cdb8, connection=PooledConnection{channel=[id: 0xf4ffa1a5, L:/127.0.0.1:50267 - R:localhost/127.0.0.1:8081]}}, [disconnecting])
20:40:46.925 [reactor-http-nio-11] DEBUG reactor.netty.resources.PooledConnectionProvider - [id: 0xf4ffa1a5, L:/127.0.0.1:50267 - R:localhost/127.0.0.1:8081] Releasing channel
20:40:46.925 [reactor-http-nio-14] DEBUG reactor.netty.resources.PooledConnectionProvider - [id: 0xebe13634, L:/127.0.0.1:50273 - R:localhost/127.0.0.1:8081] onStateChange(GET{uri=/getAttractions, connection=PooledConnection{channel=[id: 0xebe13634, L:/127.0.0.1:50273 - R:localhost/127.0.0.1:8081]}}, [disconnecting])
20:40:46.925 [reactor-http-nio-14] DEBUG reactor.netty.resources.PooledConnectionProvider - [id: 0xebe13634, L:/127.0.0.1:50273 - R:localhost/127.0.0.1:8081] Releasing channel
20:40:46.925 [reactor-http-nio-11] DEBUG reactor.netty.resources.PooledConnectionProvider - [id: 0xf4ffa1a5, L:/127.0.0.1:50267 - R:localhost/127.0.0.1:8081] Channel cleaned, now 41 active connections and 24 inactive connections
20:40:46.925 [reactor-http-nio-14] DEBUG reactor.netty.resources.PooledConnectionProvider - [id: 0xebe13634, L:/127.0.0.1:50273 - R:localhost/127.0.0.1:8081] Channel cleaned, now 40 active connections and 25 inactive connections
20:40:46.924 [reactor-http-nio-12] DEBUG reactor.netty.http.client.HttpClientOperations - [id: 0x70cf3415, L:/127.0.0.1:50288 - R:localhost/127.0.0.1:8081] Received last HTTP packet
20:40:46.925 [reactor-http-nio-2] DEBUG reactor.netty.channel.FluxReceive - [id: 0x7ef0c167, L:/127.0.0.1:50300 - R:localhost/127.0.0.1:8081] Subscribing inbound receiver [pending: 0, cancelled:false, inboundDone: false]
20:40:46.925 [reactor-http-nio-12] DEBUG org.springframework.core.codec.StringDecoder - [3496e06f] Decoded "{"userId":"4c0d1c96-323e-4b4d-a714-43072a0d12ea","location":{"longitude":93.095524,"latitude":-83.9 (truncated)...
20:40:46.925 [pool-12-thread-44] DEBUG org.springframework.web.reactive.function.client.ExchangeFunctions - [5a814188] HTTP GET http://localhost:8081/getUserLocation?userId=6426e66b-0159-4860-a901-027a0666855e
20:40:46.925 [reactor-http-nio-12] DEBUG reactor.netty.resources.PooledConnectionProvider - [id: 0x70cf3415, L:/127.0.0.1:50288 - R:localhost/127.0.0.1:8081] onStateChange(GET{uri=/getUserLocation?userId=4c0d1c96-323e-4b4d-a714-43072a0d12ea, connection=PooledConnection{channel=[id: 0x70cf3415, L:/127.0.0.1:50288 - R:localhost/127.0.0.1:8081]}}, [disconnecting])
20:40:46.926 [reactor-http-nio-12] DEBUG reactor.netty.resources.PooledConnectionProvider - [id: 0x70cf3415, L:/127.0.0.1:50288 - R:localhost/127.0.0.1:8081] Releasing channel
20:40:46.924 [reactor-http-nio-13] DEBUG reactor.netty.channel.FluxReceive - [id: 0x86f0206d, L:/127.0.0.1:50296 - R:localhost/127.0.0.1:8081] Subscribing inbound receiver [pending: 0, cancelled:false, inboundDone: false]
20:40:46.926 [reactor-http-nio-11] DEBUG reactor.netty.http.client.HttpClientOperations - [id: 0xcd2f5c0e, L:/127.0.0.1:50278 - R:localhost/127.0.0.1:8081] Received response (auto-read:false) : [Content-Type=application/json, Transfer-Encoding=chunked, Date=Fri, 11 Jun 2021 15:10:46 GMT]
20:40:46.926 [reactor-http-nio-11] DEBUG reactor.netty.resources.PooledConnectionProvider - [id: 0xcd2f5c0e, L:/127.0.0.1:50278 - R:localhost/127.0.0.1:8081] onStateChange(GET{uri=/getAttractions, connection=PooledConnection{channel=[id: 0xcd2f5c0e, L:/127.0.0.1:50278 - R:localhost/127.0.0.1:8081]}}, [response_received])
20:40:46.925 [pool-12-thread-7] DEBUG org.springframework.web.reactive.function.client.ExchangeFunctions - [42a3b650] HTTP GET http://localhost:8081/getUserLocation?userId=a54fca0a-2e6c-4477-8e94-270787ca53ac
20:40:46.926 [reactor-http-nio-11] DEBUG org.springframework.web.reactive.function.client.ExchangeFunctions - [2f9ab45f] Response 200 OK
20:40:46.925 [reactor-http-nio-16] DEBUG org.springframework.core.codec.StringDecoder - [5e3c16c2] Decoded "{"userId":"26ea04a4-8f5d-4bf8-87e5-651164d1f768","location":{"longitude":144.026546,"latitude":-29. (truncated)...
20:40:46.926 [reactor-http-nio-13] DEBUG reactor.netty.http.client.HttpClientOperations - [id: 0x86f0206d, L:/127.0.0.1:50296 - R:localhost/127.0.0.1:8081] Received last HTTP packet
20:40:46.926 [reactor-http-nio-16] DEBUG reactor.netty.resources.PooledConnectionProvider - [id: 0x2be3660e, L:/127.0.0.1:50282 - R:localhost/127.0.0.1:8081] onStateChange(GET{uri=/getUserLocation?userId=26ea04a4-8f5d-4bf8-87e5-651164d1f768, connection=PooledConnection{channel=[id: 0x2be3660e, L:/127.0.0.1:50282 - R:localhost/127.0.0.1:8081]}}, [disconnecting])
20:40:46.926 [reactor-http-nio-16] DEBUG reactor.netty.resources.PooledConnectionProvider - [id: 0x2be3660e, L:/127.0.0.1:50282 - R:localhost/127.0.0.1:8081] Releasing channel
20:40:46.926 [reactor-http-nio-16] DEBUG reactor.netty.resources.PooledConnectionProvider - [id: 0x2be3660e, L:/127.0.0.1:50282 - R:localhost/127.0.0.1:8081] Channel cleaned, now 39 active connections and 26 inactive connections
20:40:46.926 [reactor-http-nio-13] DEBUG org.springframework.core.codec.StringDecoder - [f89819] Decoded "{"userId":"bf6e25b2-1237-4cc9-9166-cf4f111f7fbd","location":{"longitude":-146.998611,"latitude":-56 (truncated)...
20:40:46.926 [reactor-http-nio-16] DEBUG reactor.netty.resources.PooledConnectionProvider - [id: 0xa01a053c, L:/127.0.0.1:50244 - R:localhost/127.0.0.1:8081] Channel acquired, now 40 active connections and 25 inactive connections
20:40:46.925 [reactor-http-nio-15] DEBUG org.springframework.core.codec.StringDecoder - [4c53bf8f] Decoded "{"userId":"d7c3c469-23a4-4235-bb5c-e4c1ff30bf9a","location":{"longitude":-129.996575,"latitude":15. (truncated)...
20:40:46.926 [reactor-http-nio-11] DEBUG reactor.netty.channel.FluxReceive - [id: 0xcd2f5c0e, L:/127.0.0.1:50278 - R:localhost/127.0.0.1:8081] Subscribing inbound receiver [pending: 0, cancelled:false, inboundDone: false]
20:40:46.926 [reactor-http-nio-15] DEBUG reactor.netty.resources.PooledConnectionProvider - [id: 0xb80ff19f, L:/127.0.0.1:50284 - R:localhost/127.0.0.1:8081] onStateChange(GET{uri=/getUserLocation?userId=d7c3c469-23a4-4235-bb5c-e4c1ff30bf9a, connection=PooledConnection{channel=[id: 0xb80ff19f, L:/127.0.0.1:50284 - R:localhost/127.0.0.1:8081]}}, [disconnecting])
20:40:46.926 [reactor-http-nio-15] DEBUG reactor.netty.resources.PooledConnectionProvider - [id: 0xb80ff19f, L:/127.0.0.1:50284 - R:localhost/127.0.0.1:8081] Releasing channel
20:40:46.926 [reactor-http-nio-15] DEBUG reactor.netty.resources.PooledConnectionProvider - [id: 0xb80ff19f, L:/127.0.0.1:50284 - R:localhost/127.0.0.1:8081] Channel cleaned, now 39 active connections and 26 inactive connections
20:40:46.926 [reactor-http-nio-15] DEBUG reactor.netty.resources.PooledConnectionProvider - [id: 0x21231b13, L:/127.0.0.1:50274 - R:localhost/127.0.0.1:8081] Channel acquired, now 40 active connections and 25 inactive connections
20:40:46.927 [reactor-http-nio-15] DEBUG reactor.netty.http.client.HttpClientConnect - [id: 0x21231b13, L:/127.0.0.1:50274 - R:localhost/127.0.0.1:8081] Handler is being applied: {uri=http://localhost:8081/getUserLocation?userId=eeb509ac-5c2c-4b76-9f8d-4518ff45b9cc, method=GET}
20:40:46.927 [reactor-http-nio-11] DEBUG reactor.netty.http.client.HttpClientOperations - [id: 0xcd2f5c0e, L:/127.0.0.1:50278 - R:localhost/127.0.0.1:8081] Received last HTTP packet
20:40:46.927 [pool-12-thread-9] DEBUG org.springframework.web.reactive.function.client.ExchangeFunctions - [776e7e12] HTTP GET http://localhost:8081/getAttractions
20:40:46.927 [pool-12-thread-24] DEBUG org.springframework.web.reactive.function.client.ExchangeFunctions - [25dee278] HTTP GET http://localhost:8081/getAttractions
20:40:46.925 [reactor-http-nio-14] DEBUG reactor.netty.resources.PooledConnectionProvider - [id: 0x111e98d4, L:/127.0.0.1:50257 - R:localhost/127.0.0.1:8081] Channel acquired, now 41 active connections and 24 inactive connections
20:40:46.927 [reactor-http-nio-14] DEBUG reactor.netty.http.client.HttpClientConnect - [id: 0x111e98d4, L:/127.0.0.1:50257 - R:localhost/127.0.0.1:8081] Handler is being applied: {uri=http://localhost:8081/getAttractions, method=GET}
20:40:46.927 [reactor-http-nio-11] DEBUG org.springframework.core.codec.StringDecoder - [2f9ab45f] Decoded "[{"longitude":-117.922008,"latitude":33.817595,"attractionName":"Disneyland","city":"Anaheim","stat (truncated)...
20:40:46.927 [reactor-http-nio-11] DEBUG reactor.netty.resources.PooledConnectionProvider - [id: 0xcd2f5c0e, L:/127.0.0.1:50278 - R:localhost/127.0.0.1:8081] onStateChange(GET{uri=/getAttractions, connection=PooledConnection{channel=[id: 0xcd2f5c0e, L:/127.0.0.1:50278 - R:localhost/127.0.0.1:8081]}}, [disconnecting])
20:40:46.927 [reactor-http-nio-11] DEBUG reactor.netty.resources.PooledConnectionProvider - [id: 0xcd2f5c0e, L:/127.0.0.1:50278 - R:localhost/127.0.0.1:8081] Releasing channel
20:40:46.927 [reactor-http-nio-11] DEBUG reactor.netty.resources.PooledConnectionProvider - [id: 0xcd2f5c0e, L:/127.0.0.1:50278 - R:localhost/127.0.0.1:8081] Channel cleaned, now 39 active connections and 26 inactive connections
20:40:46.927 [reactor-http-nio-15] DEBUG reactor.netty.resources.PooledConnectionProvider - [id: 0x21231b13, L:/127.0.0.1:50274 - R:localhost/127.0.0.1:8081] onStateChange(GET{uri=/getUserLocation?userId=eeb509ac-5c2c-4b76-9f8d-4518ff45b9cc, connection=PooledConnection{channel=[id: 0x21231b13, L:/127.0.0.1:50274 - R:localhost/127.0.0.1:8081]}}, [request_sent])
20:40:46.927 [reactor-http-nio-11] DEBUG reactor.netty.resources.PooledConnectionProvider - [id: 0x1785ce4e, L:/127.0.0.1:50271 - R:localhost/127.0.0.1:8081] Channel acquired, now 40 active connections and 25 inactive connections
20:40:46.928 [pool-12-thread-38] DEBUG org.springframework.web.reactive.function.client.ExchangeFunctions - [3a51188d] HTTP GET http://localhost:8081/getAttractions
20:40:46.925 [reactor-http-nio-10] DEBUG reactor.netty.channel.FluxReceive - [id: 0x89be4937, L:/127.0.0.1:50258 - R:localhost/127.0.0.1:8081] Subscribing inbound receiver [pending: 0, cancelled:false, inboundDone: false]
20:40:46.928 [reactor-http-nio-14] DEBUG reactor.netty.resources.PooledConnectionProvider - [id: 0x111e98d4, L:/127.0.0.1:50257 - R:localhost/127.0.0.1:8081] onStateChange(GET{uri=/getAttractions, connection=PooledConnection{channel=[id: 0x111e98d4, L:/127.0.0.1:50257 - R:localhost/127.0.0.1:8081]}}, [request_sent])
20:40:46.928 [reactor-http-nio-10] DEBUG reactor.netty.http.client.HttpClientOperations - [id: 0x89be4937, L:/127.0.0.1:50258 - R:localhost/127.0.0.1:8081] Received last HTTP packet
20:40:46.928 [pool-12-thread-39] DEBUG org.springframework.web.reactive.function.client.ExchangeFunctions - [50fbf375] HTTP GET http://localhost:8081/getAttractions
20:40:46.928 [pool-12-thread-8] DEBUG org.springframework.web.reactive.function.client.ExchangeFunctions - [7068bb52] HTTP GET http://localhost:8081/getUserLocation?userId=901c6426-f84c-4080-bede-32acc4f07893
20:40:46.929 [reactor-http-nio-10] DEBUG org.springframework.core.codec.StringDecoder - [54ee7e47] Decoded "[{"longitude":-117.922008,"latitude":33.817595,"attractionName":"Disneyland","city":"Anaheim","stat (truncated)...
20:40:46.926 [reactor-http-nio-12] DEBUG reactor.netty.resources.PooledConnectionProvider - [id: 0x70cf3415, L:/127.0.0.1:50288 - R:localhost/127.0.0.1:8081] Channel cleaned, now 40 active connections and 25 inactive connections
20:40:46.929 [reactor-http-nio-10] DEBUG reactor.netty.resources.PooledConnectionProvider - [id: 0x89be4937, L:/127.0.0.1:50258 - R:localhost/127.0.0.1:8081] onStateChange(GET{uri=/getAttractions, connection=PooledConnection{channel=[id: 0x89be4937, L:/127.0.0.1:50258 - R:localhost/127.0.0.1:8081]}}, [disconnecting])
20:40:46.929 [reactor-http-nio-10] DEBUG reactor.netty.resources.PooledConnectionProvider - [id: 0x89be4937, L:/127.0.0.1:50258 - R:localhost/127.0.0.1:8081] Releasing channel
20:40:46.929 [reactor-http-nio-10] DEBUG reactor.netty.resources.PooledConnectionProvider - [id: 0x89be4937, L:/127.0.0.1:50258 - R:localhost/127.0.0.1:8081] Channel cleaned, now 39 active connections and 26 inactive connections
20:40:46.929 [reactor-http-nio-12] DEBUG reactor.netty.resources.PooledConnectionProvider - [id: 0x83103ed5, L:/127.0.0.1:50287 - R:localhost/127.0.0.1:8081] Channel acquired, now 40 active connections and 25 inactive connections
20:40:46.929 [reactor-http-nio-12] DEBUG reactor.netty.http.client.HttpClientConnect - [id: 0x83103ed5, L:/127.0.0.1:50287 - R:localhost/127.0.0.1:8081] Handler is being applied: {uri=http://localhost:8081/getAttractions, method=GET}
20:40:46.929 [pool-12-thread-41] DEBUG org.springframework.web.reactive.function.client.ExchangeFunctions - [42944875] HTTP GET http://localhost:8081/getAttractions
20:40:46.926 [reactor-http-nio-2] DEBUG reactor.netty.http.client.HttpClientOperations - [id: 0x7ef0c167, L:/127.0.0.1:50300 - R:localhost/127.0.0.1:8081] Received last HTTP packet
20:40:46.929 [reactor-http-nio-10] DEBUG reactor.netty.http.client.HttpClientOperations - [id: 0xfd5cebe1, L:/127.0.0.1:50290 - R:localhost/127.0.0.1:8081] Received response (auto-read:false) : [Content-Type=application/json, Transfer-Encoding=chunked, Date=Fri, 11 Jun 2021 15:10:46 GMT]
20:40:46.929 [reactor-http-nio-10] DEBUG reactor.netty.resources.PooledConnectionProvider - [id: 0xfd5cebe1, L:/127.0.0.1:50290 - R:localhost/127.0.0.1:8081] onStateChange(GET{uri=/getUserLocation?userId=fb8fa689-b7b5-4c95-b497-c1a0801db23d, connection=PooledConnection{channel=[id: 0xfd5cebe1, L:/127.0.0.1:50290 - R:localhost/127.0.0.1:8081]}}, [response_received])
20:40:46.926 [reactor-http-nio-13] DEBUG reactor.netty.resources.PooledConnectionProvider - [id: 0x86f0206d, L:/127.0.0.1:50296 - R:localhost/127.0.0.1:8081] onStateChange(GET{uri=/getUserLocation?userId=bf6e25b2-1237-4cc9-9166-cf4f111f7fbd, connection=PooledConnection{channel=[id: 0x86f0206d, L:/127.0.0.1:50296 - R:localhost/127.0.0.1:8081]}}, [disconnecting])
20:40:46.930 [reactor-http-nio-13] DEBUG reactor.netty.resources.PooledConnectionProvider - [id: 0x86f0206d, L:/127.0.0.1:50296 - R:localhost/127.0.0.1:8081] Releasing channel
20:40:46.930 [reactor-http-nio-13] DEBUG reactor.netty.resources.PooledConnectionProvider - [id: 0x86f0206d, L:/127.0.0.1:50296 - R:localhost/127.0.0.1:8081] Channel cleaned, now 39 active connections and 26 inactive connections
20:40:46.926 [reactor-http-nio-16] DEBUG reactor.netty.http.client.HttpClientConnect - [id: 0xa01a053c, L:/127.0.0.1:50244 - R:localhost/127.0.0.1:8081] Handler is being applied: {uri=http://localhost:8081/getUserLocation?userId=81c20e67-853c-4db2-a20e-6a06041c9598, method=GET}
20:40:46.928 [reactor-http-nio-11] DEBUG reactor.netty.http.client.HttpClientConnect - [id: 0x1785ce4e, L:/127.0.0.1:50271 - R:localhost/127.0.0.1:8081] Handler is being applied: {uri=http://localhost:8081/getUserLocation?userId=3586d5b7-4433-45c9-83a0-11cc7ac14053, method=GET}
20:40:46.930 [reactor-http-nio-15] DEBUG reactor.netty.http.client.HttpClientOperations - [id: 0x70de3664, L:/127.0.0.1:50262 - R:localhost/127.0.0.1:8081] Received response (auto-read:false) : [Content-Type=application/json, Transfer-Encoding=chunked, Date=Fri, 11 Jun 2021 15:10:46 GMT]
20:40:46.930 [reactor-http-nio-15] DEBUG reactor.netty.resources.PooledConnectionProvider - [id: 0x70de3664, L:/127.0.0.1:50262 - R:localhost/127.0.0.1:8081] onStateChange(GET{uri=/getAttractions, connection=PooledConnection{channel=[id: 0x70de3664, L:/127.0.0.1:50262 - R:localhost/127.0.0.1:8081]}}, [response_received])
20:40:46.930 [reactor-http-nio-12] DEBUG reactor.netty.resources.PooledConnectionProvider - [id: 0x83103ed5, L:/127.0.0.1:50287 - R:localhost/127.0.0.1:8081] onStateChange(GET{uri=/getAttractions, connection=PooledConnection{channel=[id: 0x83103ed5, L:/127.0.0.1:50287 - R:localhost/127.0.0.1:8081]}}, [request_sent])
20:40:46.929 [reactor-http-nio-14] DEBUG reactor.netty.http.client.HttpClientOperations - [id: 0xeea4a5eb, L:/127.0.0.1:50301 - R:localhost/127.0.0.1:8081] Received response (auto-read:false) : [Content-Type=application/json, Transfer-Encoding=chunked, Date=Fri, 11 Jun 2021 15:10:46 GMT]
20:40:46.930 [reactor-http-nio-12] DEBUG reactor.netty.resources.PooledConnectionProvider - [id: 0x0d270386, L:/127.0.0.1:50279 - R:localhost/127.0.0.1:8081] Channel acquired, now 40 active connections and 25 inactive connections
20:40:46.930 [reactor-http-nio-14] DEBUG reactor.netty.resources.PooledConnectionProvider - [id: 0xeea4a5eb, L:/127.0.0.1:50301 - R:localhost/127.0.0.1:8081] onStateChange(GET{uri=/getUserLocation?userId=e9b270a9-3735-48f4-9418-565aba58a5c4, connection=PooledConnection{channel=[id: 0xeea4a5eb, L:/127.0.0.1:50301 - R:localhost/127.0.0.1:8081]}}, [response_received])
20:40:46.930 [reactor-http-nio-12] DEBUG reactor.netty.http.client.HttpClientConnect - [id: 0x0d270386, L:/127.0.0.1:50279 - R:localhost/127.0.0.1:8081] Handler is being applied: {uri=http://localhost:8081/getAttractions, method=GET}
20:40:46.929 [pool-12-thread-48] DEBUG org.springframework.web.reactive.function.client.ExchangeFunctions - [e3f6676] HTTP GET http://localhost:8081/getAttractions
20:40:46.930 [reactor-http-nio-16] DEBUG reactor.netty.resources.PooledConnectionProvider - [id: 0xa01a053c, L:/127.0.0.1:50244 - R:localhost/127.0.0.1:8081] onStateChange(GET{uri=/getUserLocation?userId=81c20e67-853c-4db2-a20e-6a06041c9598, connection=PooledConnection{channel=[id: 0xa01a053c, L:/127.0.0.1:50244 - R:localhost/127.0.0.1:8081]}}, [request_sent])
20:40:46.929 [reactor-http-nio-2] DEBUG org.springframework.core.codec.StringDecoder - [3f851781] Decoded "{"userId":"91f6b415-2e50-4521-b455-43990d5266d8","location":{"longitude":-38.081955,"latitude":-24. (truncated)...
20:40:46.931 [reactor-http-nio-11] DEBUG reactor.netty.resources.PooledConnectionProvider - [id: 0x1785ce4e, L:/127.0.0.1:50271 - R:localhost/127.0.0.1:8081] onStateChange(GET{uri=/getUserLocation?userId=3586d5b7-4433-45c9-83a0-11cc7ac14053, connection=PooledConnection{channel=[id: 0x1785ce4e, L:/127.0.0.1:50271 - R:localhost/127.0.0.1:8081]}}, [request_sent])
20:40:46.931 [reactor-http-nio-16] DEBUG reactor.netty.resources.PooledConnectionProvider - [id: 0xe937ed28, L:/127.0.0.1:50293 - R:localhost/127.0.0.1:8081] Channel acquired, now 41 active connections and 24 inactive connections
20:40:46.931 [reactor-http-nio-2] DEBUG reactor.netty.resources.PooledConnectionProvider - [id: 0x7ef0c167, L:/127.0.0.1:50300 - R:localhost/127.0.0.1:8081] onStateChange(GET{uri=/getUserLocation?userId=91f6b415-2e50-4521-b455-43990d5266d8, connection=PooledConnection{channel=[id: 0x7ef0c167, L:/127.0.0.1:50300 - R:localhost/127.0.0.1:8081]}}, [disconnecting])
20:40:46.931 [reactor-http-nio-2] DEBUG reactor.netty.resources.PooledConnectionProvider - [id: 0x7ef0c167, L:/127.0.0.1:50300 - R:localhost/127.0.0.1:8081] Releasing channel
20:40:46.930 [reactor-http-nio-10] DEBUG org.springframework.web.reactive.function.client.ExchangeFunctions - [b88e00f] Response 200 OK
20:40:46.931 [reactor-http-nio-11] DEBUG reactor.netty.resources.PooledConnectionProvider - [id: 0xf8610755, L:/127.0.0.1:50285 - R:localhost/127.0.0.1:8081] Channel acquired, now 41 active connections and 24 inactive connections
20:40:46.931 [reactor-http-nio-12] DEBUG reactor.netty.resources.PooledConnectionProvider - [id: 0x0d270386, L:/127.0.0.1:50279 - R:localhost/127.0.0.1:8081] onStateChange(GET{uri=/getAttractions, connection=PooledConnection{channel=[id: 0x0d270386, L:/127.0.0.1:50279 - R:localhost/127.0.0.1:8081]}}, [request_sent])
20:40:46.931 [reactor-http-nio-11] DEBUG reactor.netty.http.client.HttpClientConnect - [id: 0xf8610755, L:/127.0.0.1:50285 - R:localhost/127.0.0.1:8081] Handler is being applied: {uri=http://localhost:8081/getUserLocation?userId=6426e66b-0159-4860-a901-027a0666855e, method=GET}
20:40:46.931 [reactor-http-nio-12] DEBUG reactor.netty.resources.PooledConnectionProvider - [id: 0xbbaa0872, L:/127.0.0.1:50269 - R:localhost/127.0.0.1:8081] Channel acquired, now 42 active connections and 23 inactive connections
20:40:46.930 [reactor-http-nio-15] DEBUG org.springframework.web.reactive.function.client.ExchangeFunctions - [12a01202] Response 200 OK
20:40:46.931 [reactor-http-nio-12] DEBUG reactor.netty.http.client.HttpClientConnect - [id: 0xbbaa0872, L:/127.0.0.1:50269 - R:localhost/127.0.0.1:8081] Handler is being applied: {uri=http://localhost:8081/getUserLocation?userId=0db136c7-eef8-44b3-a847-f8e9a3d7828b, method=GET}
20:40:46.931 [reactor-http-nio-10] DEBUG reactor.netty.channel.FluxReceive - [id: 0xfd5cebe1, L:/127.0.0.1:50290 - R:localhost/127.0.0.1:8081] Subscribing inbound receiver [pending: 0, cancelled:false, inboundDone: false]
20:40:46.932 [reactor-http-nio-15] DEBUG reactor.netty.channel.FluxReceive - [id: 0x70de3664, L:/127.0.0.1:50262 - R:localhost/127.0.0.1:8081] Subscribing inbound receiver [pending: 0, cancelled:false, inboundDone: false]
20:40:46.930 [reactor-http-nio-14] DEBUG org.springframework.web.reactive.function.client.ExchangeFunctions - [6be70986] Response 200 OK
20:40:46.932 [reactor-http-nio-10] DEBUG reactor.netty.http.client.HttpClientOperations - [id: 0xfd5cebe1, L:/127.0.0.1:50290 - R:localhost/127.0.0.1:8081] Received last HTTP packet
20:40:46.932 [reactor-http-nio-12] DEBUG reactor.netty.resources.PooledConnectionProvider - [id: 0xbbaa0872, L:/127.0.0.1:50269 - R:localhost/127.0.0.1:8081] onStateChange(GET{uri=/getUserLocation?userId=0db136c7-eef8-44b3-a847-f8e9a3d7828b, connection=PooledConnection{channel=[id: 0xbbaa0872, L:/127.0.0.1:50269 - R:localhost/127.0.0.1:8081]}}, [request_sent])
20:40:46.932 [reactor-http-nio-12] DEBUG reactor.netty.resources.PooledConnectionProvider - [id: 0x9cfe3e33, L:/127.0.0.1:50249 - R:localhost/127.0.0.1:8081] Channel acquired, now 43 active connections and 22 inactive connections
20:40:46.932 [reactor-http-nio-10] DEBUG org.springframework.core.codec.StringDecoder - [b88e00f] Decoded "{"userId":"fb8fa689-b7b5-4c95-b497-c1a0801db23d","location":{"longitude":97.451914,"latitude":-81.0 (truncated)...
20:40:46.931 [reactor-http-nio-16] DEBUG reactor.netty.http.client.HttpClientConnect - [id: 0xe937ed28, L:/127.0.0.1:50293 - R:localhost/127.0.0.1:8081] Handler is being applied: {uri=http://localhost:8081/getAttractions, method=GET}
20:40:46.932 [reactor-http-nio-10] DEBUG reactor.netty.resources.PooledConnectionProvider - [id: 0xfd5cebe1, L:/127.0.0.1:50290 - R:localhost/127.0.0.1:8081] onStateChange(GET{uri=/getUserLocation?userId=fb8fa689-b7b5-4c95-b497-c1a0801db23d, connection=PooledConnection{channel=[id: 0xfd5cebe1, L:/127.0.0.1:50290 - R:localhost/127.0.0.1:8081]}}, [disconnecting])
20:40:46.932 [reactor-http-nio-12] DEBUG reactor.netty.http.client.HttpClientConnect - [id: 0x9cfe3e33, L:/127.0.0.1:50249 - R:localhost/127.0.0.1:8081] Handler is being applied: {uri=http://localhost:8081/getUserLocation?userId=a54fca0a-2e6c-4477-8e94-270787ca53ac, method=GET}
20:40:46.932 [reactor-http-nio-14] DEBUG reactor.netty.channel.FluxReceive - [id: 0xeea4a5eb, L:/127.0.0.1:50301 - R:localhost/127.0.0.1:8081] Subscribing inbound receiver [pending: 0, cancelled:false, inboundDone: false]
20:40:46.931 [pool-12-thread-18] DEBUG org.springframework.web.reactive.function.client.ExchangeFunctions - [2ba53574] HTTP GET http://localhost:8081/getUserLocation?userId=19dbf0b3-acf4-4aa0-9ca5-83103a6cc1cc
20:40:46.931 [reactor-http-nio-2] DEBUG reactor.netty.resources.PooledConnectionProvider - [id: 0x7ef0c167, L:/127.0.0.1:50300 - R:localhost/127.0.0.1:8081] Channel cleaned, now 41 active connections and 24 inactive connections
20:40:46.933 [reactor-http-nio-14] DEBUG reactor.netty.http.client.HttpClientOperations - [id: 0xeea4a5eb, L:/127.0.0.1:50301 - R:localhost/127.0.0.1:8081] Received last HTTP packet
20:40:46.932 [reactor-http-nio-11] DEBUG reactor.netty.resources.PooledConnectionProvider - [id: 0xf8610755, L:/127.0.0.1:50285 - R:localhost/127.0.0.1:8081] onStateChange(GET{uri=/getUserLocation?userId=6426e66b-0159-4860-a901-027a0666855e, connection=PooledConnection{channel=[id: 0xf8610755, L:/127.0.0.1:50285 - R:localhost/127.0.0.1:8081]}}, [request_sent])
20:40:46.933 [reactor-http-nio-14] DEBUG org.springframework.core.codec.StringDecoder - [6be70986] Decoded "{"userId":"e9b270a9-3735-48f4-9418-565aba58a5c4","location":{"longitude":160.516815,"latitude":-66. (truncated)...
20:40:46.933 [reactor-http-nio-16] DEBUG reactor.netty.resources.PooledConnectionProvider - [id: 0xe937ed28, L:/127.0.0.1:50293 - R:localhost/127.0.0.1:8081] onStateChange(GET{uri=/getAttractions, connection=PooledConnection{channel=[id: 0xe937ed28, L:/127.0.0.1:50293 - R:localhost/127.0.0.1:8081]}}, [request_sent])
20:40:46.933 [reactor-http-nio-11] DEBUG reactor.netty.resources.PooledConnectionProvider - [id: 0xcd2f5c0e, L:/127.0.0.1:50278 - R:localhost/127.0.0.1:8081] Channel acquired, now 45 active connections and 20 inactive connections
20:40:46.932 [reactor-http-nio-15] DEBUG reactor.netty.http.client.HttpClientOperations - [id: 0x70de3664, L:/127.0.0.1:50262 - R:localhost/127.0.0.1:8081] Received last HTTP packet
20:40:46.933 [pool-12-thread-20] DEBUG org.springframework.web.reactive.function.client.ExchangeFunctions - [50d1e002] HTTP GET http://localhost:8081/getUserLocation?userId=04f99b0a-0139-45e2-bfc1-978385cb056a
20:40:46.933 [pool-12-thread-63] DEBUG org.springframework.web.reactive.function.client.ExchangeFunctions - [3142ee01] HTTP GET http://localhost:8081/getAttractions
20:40:46.932 [reactor-http-nio-10] DEBUG reactor.netty.resources.PooledConnectionProvider - [id: 0xfd5cebe1, L:/127.0.0.1:50290 - R:localhost/127.0.0.1:8081] Releasing channel
20:40:46.933 [reactor-http-nio-10] DEBUG reactor.netty.resources.PooledConnectionProvider - [id: 0xfd5cebe1, L:/127.0.0.1:50290 - R:localhost/127.0.0.1:8081] Channel cleaned, now 44 active connections and 21 inactive connections
20:40:46.933 [reactor-http-nio-2] DEBUG reactor.netty.resources.PooledConnectionProvider - [id: 0x3355f769, L:/127.0.0.1:50264 - R:localhost/127.0.0.1:8081] Channel acquired, now 44 active connections and 21 inactive connections
20:40:46.934 [reactor-http-nio-15] DEBUG org.springframework.core.codec.StringDecoder - [12a01202] Decoded "[{"longitude":-117.922008,"latitude":33.817595,"attractionName":"Disneyland","city":"Anaheim","stat (truncated)...
20:40:46.934 [reactor-http-nio-2] DEBUG reactor.netty.http.client.HttpClientConnect - [id: 0x3355f769, L:/127.0.0.1:50264 - R:localhost/127.0.0.1:8081] Handler is being applied: {uri=http://localhost:8081/getUserLocation?userId=283a43c4-21cb-40ce-be70-3217f436e2ab, method=GET}
20:40:46.933 [reactor-http-nio-12] DEBUG reactor.netty.resources.PooledConnectionProvider - [id: 0x9cfe3e33, L:/127.0.0.1:50249 - R:localhost/127.0.0.1:8081] onStateChange(GET{uri=/getUserLocation?userId=a54fca0a-2e6c-4477-8e94-270787ca53ac, connection=PooledConnection{channel=[id: 0x9cfe3e33, L:/127.0.0.1:50249 - R:localhost/127.0.0.1:8081]}}, [request_sent])
20:40:46.934 [reactor-http-nio-15] DEBUG reactor.netty.resources.PooledConnectionProvider - [id: 0x70de3664, L:/127.0.0.1:50262 - R:localhost/127.0.0.1:8081] onStateChange(GET{uri=/getAttractions, connection=PooledConnection{channel=[id: 0x70de3664, L:/127.0.0.1:50262 - R:localhost/127.0.0.1:8081]}}, [disconnecting])
20:40:46.934 [reactor-http-nio-15] DEBUG reactor.netty.resources.PooledConnectionProvider - [id: 0x70de3664, L:/127.0.0.1:50262 - R:localhost/127.0.0.1:8081] Releasing channel
20:40:46.934 [reactor-http-nio-15] DEBUG reactor.netty.resources.PooledConnectionProvider - [id: 0x70de3664, L:/127.0.0.1:50262 - R:localhost/127.0.0.1:8081] Channel cleaned, now 45 active connections and 20 inactive connections
20:40:46.934 [reactor-http-nio-12] DEBUG reactor.netty.resources.PooledConnectionProvider - [id: 0x9b24452d, L:/127.0.0.1:50265 - R:localhost/127.0.0.1:8081] Channel acquired, now 45 active connections and 20 inactive connections
20:40:46.934 [reactor-http-nio-12] DEBUG reactor.netty.http.client.HttpClientConnect - [id: 0x9b24452d, L:/127.0.0.1:50265 - R:localhost/127.0.0.1:8081] Handler is being applied: {uri=http://localhost:8081/getAttractions, method=GET}
20:40:46.934 [reactor-http-nio-15] DEBUG reactor.netty.resources.PooledConnectionProvider - [id: 0x9e2c9a54, L:/127.0.0.1:50246 - R:localhost/127.0.0.1:8081] Channel acquired, now 46 active connections and 19 inactive connections
20:40:46.934 [reactor-http-nio-15] DEBUG reactor.netty.http.client.HttpClientConnect - [id: 0x9e2c9a54, L:/127.0.0.1:50246 - R:localhost/127.0.0.1:8081] Handler is being applied: {uri=http://localhost:8081/getAttractions, method=GET}
20:40:46.934 [reactor-http-nio-10] DEBUG reactor.netty.http.client.HttpClientOperations - [id: 0xeb8d3006, L:/127.0.0.1:50297 - R:localhost/127.0.0.1:8081] Received response (auto-read:false) : [Content-Type=application/json, Transfer-Encoding=chunked, Date=Fri, 11 Jun 2021 15:10:46 GMT]
20:40:46.934 [reactor-http-nio-10] DEBUG reactor.netty.resources.PooledConnectionProvider - [id: 0xeb8d3006, L:/127.0.0.1:50297 - R:localhost/127.0.0.1:8081] onStateChange(GET{uri=/getUserLocation?userId=75b471ac-13cf-4b7c-af38-cbb940016b2e, connection=PooledConnection{channel=[id: 0xeb8d3006, L:/127.0.0.1:50297 - R:localhost/127.0.0.1:8081]}}, [response_received])
20:40:46.933 [reactor-http-nio-14] DEBUG reactor.netty.resources.PooledConnectionProvider - [id: 0xeea4a5eb, L:/127.0.0.1:50301 - R:localhost/127.0.0.1:8081] onStateChange(GET{uri=/getUserLocation?userId=e9b270a9-3735-48f4-9418-565aba58a5c4, connection=PooledConnection{channel=[id: 0xeea4a5eb, L:/127.0.0.1:50301 - R:localhost/127.0.0.1:8081]}}, [disconnecting])
20:40:46.934 [reactor-http-nio-14] DEBUG reactor.netty.resources.PooledConnectionProvider - [id: 0xeea4a5eb, L:/127.0.0.1:50301 - R:localhost/127.0.0.1:8081] Releasing channel
20:40:46.934 [reactor-http-nio-14] DEBUG reactor.netty.resources.PooledConnectionProvider - [id: 0xeea4a5eb, L:/127.0.0.1:50301 - R:localhost/127.0.0.1:8081] Channel cleaned, now 45 active connections and 20 inactive connections
20:40:46.934 [reactor-http-nio-14] DEBUG reactor.netty.resources.PooledConnectionProvider - [id: 0xebe13634, L:/127.0.0.1:50273 - R:localhost/127.0.0.1:8081] Channel acquired, now 46 active connections and 19 inactive connections
20:40:46.934 [pool-12-thread-49] DEBUG org.springframework.web.reactive.function.client.ExchangeFunctions - [54f1f0e] HTTP GET http://localhost:8081/getAttractions
20:40:46.933 [reactor-http-nio-11] DEBUG reactor.netty.http.client.HttpClientConnect - [id: 0xcd2f5c0e, L:/127.0.0.1:50278 - R:localhost/127.0.0.1:8081] Handler is being applied: {uri=http://localhost:8081/getAttractions, method=GET}
20:40:46.935 [reactor-http-nio-12] DEBUG reactor.netty.resources.PooledConnectionProvider - [id: 0x9b24452d, L:/127.0.0.1:50265 - R:localhost/127.0.0.1:8081] onStateChange(GET{uri=/getAttractions, connection=PooledConnection{channel=[id: 0x9b24452d, L:/127.0.0.1:50265 - R:localhost/127.0.0.1:8081]}}, [request_sent])
20:40:46.933 [reactor-http-nio-16] DEBUG reactor.netty.http.client.HttpClientOperations - [id: 0x4ab47f8c, L:/127.0.0.1:50291 - R:localhost/127.0.0.1:8081] Received response (auto-read:false) : [Content-Type=application/json, Transfer-Encoding=chunked, Date=Fri, 11 Jun 2021 15:10:46 GMT]
20:40:46.935 [reactor-http-nio-12] DEBUG reactor.netty.resources.PooledConnectionProvider - [id: 0xdb7d5510, L:/127.0.0.1:50268 - R:localhost/127.0.0.1:8081] Channel acquired, now 47 active connections and 18 inactive connections
20:40:46.935 [reactor-http-nio-15] DEBUG reactor.netty.resources.PooledConnectionProvider - [id: 0x9e2c9a54, L:/127.0.0.1:50246 - R:localhost/127.0.0.1:8081] onStateChange(GET{uri=/getAttractions, connection=PooledConnection{channel=[id: 0x9e2c9a54, L:/127.0.0.1:50246 - R:localhost/127.0.0.1:8081]}}, [request_sent])
20:40:46.935 [reactor-http-nio-16] DEBUG reactor.netty.resources.PooledConnectionProvider - [id: 0x4ab47f8c, L:/127.0.0.1:50291 - R:localhost/127.0.0.1:8081] onStateChange(GET{uri=/getUserLocation?userId=a6aa10ef-143a-464f-b831-381f6af2af68, connection=PooledConnection{channel=[id: 0x4ab47f8c, L:/127.0.0.1:50291 - R:localhost/127.0.0.1:8081]}}, [response_received])
20:40:46.935 [reactor-http-nio-12] DEBUG reactor.netty.http.client.HttpClientConnect - [id: 0xdb7d5510, L:/127.0.0.1:50268 - R:localhost/127.0.0.1:8081] Handler is being applied: {uri=http://localhost:8081/getUserLocation?userId=316cfed4-8562-4959-9e54-7ee84511e11d, method=GET}
20:40:46.935 [reactor-http-nio-16] DEBUG org.springframework.web.reactive.function.client.ExchangeFunctions - [71e46937] Response 200 OK
20:40:46.934 [reactor-http-nio-13] DEBUG reactor.netty.resources.PooledConnectionProvider - [id: 0x86f0206d, L:/127.0.0.1:50296 - R:localhost/127.0.0.1:8081] Channel acquired, now 45 active connections and 20 inactive connections
20:40:46.935 [reactor-http-nio-13] DEBUG reactor.netty.http.client.HttpClientConnect - [id: 0x86f0206d, L:/127.0.0.1:50296 - R:localhost/127.0.0.1:8081] Handler is being applied: {uri=http://localhost:8081/getUserLocation?userId=04f99b0a-0139-45e2-bfc1-978385cb056a, method=GET}
20:40:46.934 [reactor-http-nio-10] DEBUG org.springframework.web.reactive.function.client.ExchangeFunctions - [61e04166] Response 200 OK
20:40:46.935 [reactor-http-nio-11] DEBUG reactor.netty.resources.PooledConnectionProvider - [id: 0xcd2f5c0e, L:/127.0.0.1:50278 - R:localhost/127.0.0.1:8081] onStateChange(GET{uri=/getAttractions, connection=PooledConnection{channel=[id: 0xcd2f5c0e, L:/127.0.0.1:50278 - R:localhost/127.0.0.1:8081]}}, [request_sent])
20:40:46.935 [reactor-http-nio-16] DEBUG reactor.netty.channel.FluxReceive - [id: 0x4ab47f8c, L:/127.0.0.1:50291 - R:localhost/127.0.0.1:8081] Subscribing inbound receiver [pending: 0, cancelled:false, inboundDone: false]
20:40:46.935 [reactor-http-nio-11] DEBUG reactor.netty.resources.PooledConnectionProvider - [id: 0xad9667d1, L:/127.0.0.1:50248 - R:localhost/127.0.0.1:8081] Channel acquired, now 48 active connections and 17 inactive connections
20:40:46.934 [reactor-http-nio-2] DEBUG reactor.netty.resources.PooledConnectionProvider - [id: 0x3355f769, L:/127.0.0.1:50264 - R:localhost/127.0.0.1:8081] onStateChange(GET{uri=/getUserLocation?userId=283a43c4-21cb-40ce-be70-3217f436e2ab, connection=PooledConnection{channel=[id: 0x3355f769, L:/127.0.0.1:50264 - R:localhost/127.0.0.1:8081]}}, [request_sent])
20:40:46.936 [reactor-http-nio-2] DEBUG reactor.netty.resources.PooledConnectionProvider - [id: 0xce2d8eaa, L:/127.0.0.1:50295 - R:localhost/127.0.0.1:8081] Channel acquired, now 49 active connections and 16 inactive connections
20:40:46.936 [reactor-http-nio-11] DEBUG reactor.netty.http.client.HttpClientConnect - [id: 0xad9667d1, L:/127.0.0.1:50248 - R:localhost/127.0.0.1:8081] Handler is being applied: {uri=http://localhost:8081/getUserLocation?userId=badd29c1-5969-484c-89be-a030e8933851, method=GET}
20:40:46.936 [reactor-http-nio-12] DEBUG reactor.netty.resources.PooledConnectionProvider - [id: 0xdb7d5510, L:/127.0.0.1:50268 - R:localhost/127.0.0.1:8081] onStateChange(GET{uri=/getUserLocation?userId=316cfed4-8562-4959-9e54-7ee84511e11d, connection=PooledConnection{channel=[id: 0xdb7d5510, L:/127.0.0.1:50268 - R:localhost/127.0.0.1:8081]}}, [request_sent])
20:40:46.936 [reactor-http-nio-2] DEBUG reactor.netty.http.client.HttpClientConnect - [id: 0xce2d8eaa, L:/127.0.0.1:50295 - R:localhost/127.0.0.1:8081] Handler is being applied: {uri=http://localhost:8081/getUserLocation?userId=054df462-02e0-4f1d-b1ec-c2c3a4647a87, method=GET}
20:40:46.936 [reactor-http-nio-16] DEBUG reactor.netty.http.client.HttpClientOperations - [id: 0x4ab47f8c, L:/127.0.0.1:50291 - R:localhost/127.0.0.1:8081] Received last HTTP packet
20:40:46.935 [reactor-http-nio-14] DEBUG reactor.netty.http.client.HttpClientConnect - [id: 0xebe13634, L:/127.0.0.1:50273 - R:localhost/127.0.0.1:8081] Handler is being applied: {uri=http://localhost:8081/getAttractions, method=GET}
20:40:46.936 [reactor-http-nio-16] DEBUG org.springframework.core.codec.StringDecoder - [71e46937] Decoded "{"userId":"a6aa10ef-143a-464f-b831-381f6af2af68","location":{"longitude":146.739637,"latitude":-36. (truncated)...
20:40:46.935 [pool-12-thread-53] DEBUG org.springframework.web.reactive.function.client.ExchangeFunctions - [6520ea8a] HTTP GET http://localhost:8081/getAttractions
20:40:46.936 [reactor-http-nio-16] DEBUG reactor.netty.resources.PooledConnectionProvider - [id: 0x4ab47f8c, L:/127.0.0.1:50291 - R:localhost/127.0.0.1:8081] onStateChange(GET{uri=/getUserLocation?userId=a6aa10ef-143a-464f-b831-381f6af2af68, connection=PooledConnection{channel=[id: 0x4ab47f8c, L:/127.0.0.1:50291 - R:localhost/127.0.0.1:8081]}}, [disconnecting])
20:40:46.936 [reactor-http-nio-16] DEBUG reactor.netty.resources.PooledConnectionProvider - [id: 0x4ab47f8c, L:/127.0.0.1:50291 - R:localhost/127.0.0.1:8081] Releasing channel
20:40:46.936 [reactor-http-nio-16] DEBUG reactor.netty.resources.PooledConnectionProvider - [id: 0x4ab47f8c, L:/127.0.0.1:50291 - R:localhost/127.0.0.1:8081] Channel cleaned, now 48 active connections and 17 inactive connections
20:40:46.936 [reactor-http-nio-12] DEBUG reactor.netty.http.client.HttpClientOperations - [id: 0xa6263615, L:/127.0.0.1:50308 - R:localhost/127.0.0.1:8081] Received response (auto-read:false) : [Content-Type=application/json, Transfer-Encoding=chunked, Date=Fri, 11 Jun 2021 15:10:46 GMT]
20:40:46.936 [reactor-http-nio-10] DEBUG reactor.netty.channel.FluxReceive - [id: 0xeb8d3006, L:/127.0.0.1:50297 - R:localhost/127.0.0.1:8081] Subscribing inbound receiver [pending: 0, cancelled:false, inboundDone: false]
20:40:46.936 [reactor-http-nio-12] DEBUG reactor.netty.resources.PooledConnectionProvider - [id: 0xa6263615, L:/127.0.0.1:50308 - R:localhost/127.0.0.1:8081] onStateChange(GET{uri=/getUserLocation?userId=55890608-3760-4a04-91ff-5c8935b9f0bd, connection=PooledConnection{channel=[id: 0xa6263615, L:/127.0.0.1:50308 - R:localhost/127.0.0.1:8081]}}, [response_received])
20:40:46.936 [reactor-http-nio-12] DEBUG org.springframework.web.reactive.function.client.ExchangeFunctions - [772024af] Response 200 OK
20:40:46.936 [reactor-http-nio-2] DEBUG reactor.netty.resources.PooledConnectionProvider - [id: 0xce2d8eaa, L:/127.0.0.1:50295 - R:localhost/127.0.0.1:8081] onStateChange(GET{uri=/getUserLocation?userId=054df462-02e0-4f1d-b1ec-c2c3a4647a87, connection=PooledConnection{channel=[id: 0xce2d8eaa, L:/127.0.0.1:50295 - R:localhost/127.0.0.1:8081]}}, [request_sent])
20:40:46.937 [reactor-http-nio-14] DEBUG reactor.netty.resources.PooledConnectionProvider - [id: 0xebe13634, L:/127.0.0.1:50273 - R:localhost/127.0.0.1:8081] onStateChange(GET{uri=/getAttractions, connection=PooledConnection{channel=[id: 0xebe13634, L:/127.0.0.1:50273 - R:localhost/127.0.0.1:8081]}}, [request_sent])
20:40:46.937 [reactor-http-nio-10] DEBUG reactor.netty.http.client.HttpClientOperations - [id: 0xeb8d3006, L:/127.0.0.1:50297 - R:localhost/127.0.0.1:8081] Received last HTTP packet
20:40:46.936 [reactor-http-nio-13] DEBUG reactor.netty.resources.PooledConnectionProvider - [id: 0x86f0206d, L:/127.0.0.1:50296 - R:localhost/127.0.0.1:8081] onStateChange(GET{uri=/getUserLocation?userId=04f99b0a-0139-45e2-bfc1-978385cb056a, connection=PooledConnection{channel=[id: 0x86f0206d, L:/127.0.0.1:50296 - R:localhost/127.0.0.1:8081]}}, [request_sent])
20:40:46.937 [reactor-http-nio-14] DEBUG reactor.netty.resources.PooledConnectionProvider - [id: 0x37820d17, L:/127.0.0.1:50283 - R:localhost/127.0.0.1:8081] Channel acquired, now 49 active connections and 16 inactive connections
20:40:46.937 [reactor-http-nio-13] DEBUG reactor.netty.resources.PooledConnectionProvider - [id: 0x7744abeb, L:/127.0.0.1:50286 - R:localhost/127.0.0.1:8081] Channel acquired, now 50 active connections and 15 inactive connections
20:40:46.937 [reactor-http-nio-12] DEBUG reactor.netty.channel.FluxReceive - [id: 0xa6263615, L:/127.0.0.1:50308 - R:localhost/127.0.0.1:8081] Subscribing inbound receiver [pending: 0, cancelled:false, inboundDone: false]
20:40:46.937 [reactor-http-nio-13] DEBUG reactor.netty.http.client.HttpClientConnect - [id: 0x7744abeb, L:/127.0.0.1:50286 - R:localhost/127.0.0.1:8081] Handler is being applied: {uri=http://localhost:8081/getAttractions, method=GET}
20:40:46.937 [pool-12-thread-33] DEBUG org.springframework.web.reactive.function.client.ExchangeFunctions - [169f848e] HTTP GET http://localhost:8081/getUserLocation?userId=f572ddc3-2507-4419-af89-7100750bb696
20:40:46.936 [reactor-http-nio-11] DEBUG reactor.netty.resources.PooledConnectionProvider - [id: 0xad9667d1, L:/127.0.0.1:50248 - R:localhost/127.0.0.1:8081] onStateChange(GET{uri=/getUserLocation?userId=badd29c1-5969-484c-89be-a030e8933851, connection=PooledConnection{channel=[id: 0xad9667d1, L:/127.0.0.1:50248 - R:localhost/127.0.0.1:8081]}}, [request_sent])
20:40:46.937 [reactor-http-nio-16] DEBUG reactor.netty.http.client.HttpClientOperations - [id: 0x1e073caa, L:/127.0.0.1:50270 - R:localhost/127.0.0.1:8081] Received response (auto-read:false) : [Content-Type=application/json, Transfer-Encoding=chunked, Date=Fri, 11 Jun 2021 15:10:46 GMT]
20:40:46.937 [reactor-http-nio-10] DEBUG org.springframework.core.codec.StringDecoder - [61e04166] Decoded "{"userId":"75b471ac-13cf-4b7c-af38-cbb940016b2e","location":{"longitude":-51.678496,"latitude":-37. (truncated)...
20:40:46.937 [reactor-http-nio-16] DEBUG reactor.netty.resources.PooledConnectionProvider - [id: 0x1e073caa, L:/127.0.0.1:50270 - R:localhost/127.0.0.1:8081] onStateChange(GET{uri=/getUserLocation?userId=2000127c-9d9a-44d4-9c79-e9453dff6cf7, connection=PooledConnection{channel=[id: 0x1e073caa, L:/127.0.0.1:50270 - R:localhost/127.0.0.1:8081]}}, [response_received])
20:40:46.937 [reactor-http-nio-12] DEBUG reactor.netty.http.client.HttpClientOperations - [id: 0xa6263615, L:/127.0.0.1:50308 - R:localhost/127.0.0.1:8081] Received last HTTP packet
20:40:46.937 [reactor-http-nio-14] DEBUG reactor.netty.http.client.HttpClientConnect - [id: 0x37820d17, L:/127.0.0.1:50283 - R:localhost/127.0.0.1:8081] Handler is being applied: {uri=http://localhost:8081/getAttractions, method=GET}
20:40:46.937 [reactor-http-nio-16] DEBUG org.springframework.web.reactive.function.client.ExchangeFunctions - [17e9de60] Response 200 OK
20:40:46.937 [reactor-http-nio-10] DEBUG reactor.netty.resources.PooledConnectionProvider - [id: 0xeb8d3006, L:/127.0.0.1:50297 - R:localhost/127.0.0.1:8081] onStateChange(GET{uri=/getUserLocation?userId=75b471ac-13cf-4b7c-af38-cbb940016b2e, connection=PooledConnection{channel=[id: 0xeb8d3006, L:/127.0.0.1:50297 - R:localhost/127.0.0.1:8081]}}, [disconnecting])
20:40:46.937 [reactor-http-nio-10] DEBUG reactor.netty.resources.PooledConnectionProvider - [id: 0xeb8d3006, L:/127.0.0.1:50297 - R:localhost/127.0.0.1:8081] Releasing channel
20:40:46.938 [reactor-http-nio-12] DEBUG org.springframework.core.codec.StringDecoder - [772024af] Decoded "{"userId":"55890608-3760-4a04-91ff-5c8935b9f0bd","location":{"longitude":128.923162,"latitude":25.9 (truncated)...
20:40:46.938 [reactor-http-nio-10] DEBUG reactor.netty.resources.PooledConnectionProvider - [id: 0xeb8d3006, L:/127.0.0.1:50297 - R:localhost/127.0.0.1:8081] Channel cleaned, now 49 active connections and 16 inactive connections
20:40:46.938 [reactor-http-nio-12] DEBUG reactor.netty.resources.PooledConnectionProvider - [id: 0xa6263615, L:/127.0.0.1:50308 - R:localhost/127.0.0.1:8081] onStateChange(GET{uri=/getUserLocation?userId=55890608-3760-4a04-91ff-5c8935b9f0bd, connection=PooledConnection{channel=[id: 0xa6263615, L:/127.0.0.1:50308 - R:localhost/127.0.0.1:8081]}}, [disconnecting])
20:40:46.938 [reactor-http-nio-12] DEBUG reactor.netty.resources.PooledConnectionProvider - [id: 0xa6263615, L:/127.0.0.1:50308 - R:localhost/127.0.0.1:8081] Releasing channel
20:40:46.938 [reactor-http-nio-12] DEBUG reactor.netty.resources.PooledConnectionProvider - [id: 0xa6263615, L:/127.0.0.1:50308 - R:localhost/127.0.0.1:8081] Channel cleaned, now 48 active connections and 17 inactive connections
20:40:46.938 [reactor-http-nio-13] DEBUG reactor.netty.resources.PooledConnectionProvider - [id: 0x7744abeb, L:/127.0.0.1:50286 - R:localhost/127.0.0.1:8081] onStateChange(GET{uri=/getAttractions, connection=PooledConnection{channel=[id: 0x7744abeb, L:/127.0.0.1:50286 - R:localhost/127.0.0.1:8081]}}, [request_sent])
20:40:46.938 [reactor-http-nio-16] DEBUG reactor.netty.channel.FluxReceive - [id: 0x1e073caa, L:/127.0.0.1:50270 - R:localhost/127.0.0.1:8081] Subscribing inbound receiver [pending: 0, cancelled:false, inboundDone: false]
20:40:46.938 [reactor-http-nio-10] DEBUG reactor.netty.http.client.HttpClientOperations - [id: 0xb124e91d, L:/127.0.0.1:50277 - R:localhost/127.0.0.1:8081] Received response (auto-read:false) : [Content-Type=application/json, Transfer-Encoding=chunked, Date=Fri, 11 Jun 2021 15:10:46 GMT]
20:40:46.938 [reactor-http-nio-10] DEBUG reactor.netty.resources.PooledConnectionProvider - [id: 0xb124e91d, L:/127.0.0.1:50277 - R:localhost/127.0.0.1:8081] onStateChange(GET{uri=/getUserLocation?userId=57ce57dd-4896-420a-84e3-f34ec3a5d1ef, connection=PooledConnection{channel=[id: 0xb124e91d, L:/127.0.0.1:50277 - R:localhost/127.0.0.1:8081]}}, [response_received])
20:40:46.938 [reactor-http-nio-14] DEBUG reactor.netty.resources.PooledConnectionProvider - [id: 0x37820d17, L:/127.0.0.1:50283 - R:localhost/127.0.0.1:8081] onStateChange(GET{uri=/getAttractions, connection=PooledConnection{channel=[id: 0x37820d17, L:/127.0.0.1:50283 - R:localhost/127.0.0.1:8081]}}, [request_sent])
20:40:46.938 [reactor-http-nio-12] DEBUG reactor.netty.http.client.HttpClientOperations - [id: 0x76564411, L:/127.0.0.1:50307 - R:localhost/127.0.0.1:8081] Received response (auto-read:false) : [Content-Type=application/json, Transfer-Encoding=chunked, Date=Fri, 11 Jun 2021 15:10:46 GMT]
20:40:46.938 [reactor-http-nio-12] DEBUG reactor.netty.resources.PooledConnectionProvider - [id: 0x76564411, L:/127.0.0.1:50307 - R:localhost/127.0.0.1:8081] onStateChange(GET{uri=/getUserLocation?userId=f6e50702-e9a2-4d91-a55d-e1268d47ee78, connection=PooledConnection{channel=[id: 0x76564411, L:/127.0.0.1:50307 - R:localhost/127.0.0.1:8081]}}, [response_received])
20:40:46.938 [reactor-http-nio-10] DEBUG org.springframework.web.reactive.function.client.ExchangeFunctions - [811a5d7] Response 200 OK
20:40:46.938 [reactor-http-nio-16] DEBUG reactor.netty.http.client.HttpClientOperations - [id: 0x1e073caa, L:/127.0.0.1:50270 - R:localhost/127.0.0.1:8081] Received last HTTP packet
20:40:46.938 [reactor-http-nio-12] DEBUG org.springframework.web.reactive.function.client.ExchangeFunctions - [22a9a493] Response 200 OK
20:40:46.938 [reactor-http-nio-14] DEBUG reactor.netty.resources.PooledConnectionProvider - [id: 0x9dcbcf4f, L:/127.0.0.1:50254 - R:localhost/127.0.0.1:8081] Channel acquired, now 49 active connections and 16 inactive connections
20:40:46.939 [reactor-http-nio-16] DEBUG org.springframework.core.codec.StringDecoder - [17e9de60] Decoded "{"userId":"2000127c-9d9a-44d4-9c79-e9453dff6cf7","location":{"longitude":148.562214,"latitude":73.7 (truncated)...
20:40:46.939 [reactor-http-nio-16] DEBUG reactor.netty.resources.PooledConnectionProvider - [id: 0x1e073caa, L:/127.0.0.1:50270 - R:localhost/127.0.0.1:8081] onStateChange(GET{uri=/getUserLocation?userId=2000127c-9d9a-44d4-9c79-e9453dff6cf7, connection=PooledConnection{channel=[id: 0x1e073caa, L:/127.0.0.1:50270 - R:localhost/127.0.0.1:8081]}}, [disconnecting])
20:40:46.939 [reactor-http-nio-16] DEBUG reactor.netty.resources.PooledConnectionProvider - [id: 0x1e073caa, L:/127.0.0.1:50270 - R:localhost/127.0.0.1:8081] Releasing channel
20:40:46.939 [reactor-http-nio-12] DEBUG reactor.netty.channel.FluxReceive - [id: 0x76564411, L:/127.0.0.1:50307 - R:localhost/127.0.0.1:8081] Subscribing inbound receiver [pending: 0, cancelled:false, inboundDone: false]
20:40:46.939 [reactor-http-nio-10] DEBUG reactor.netty.channel.FluxReceive - [id: 0xb124e91d, L:/127.0.0.1:50277 - R:localhost/127.0.0.1:8081] Subscribing inbound receiver [pending: 0, cancelled:false, inboundDone: false]
20:40:46.939 [reactor-http-nio-14] DEBUG reactor.netty.http.client.HttpClientConnect - [id: 0x9dcbcf4f, L:/127.0.0.1:50254 - R:localhost/127.0.0.1:8081] Handler is being applied: {uri=http://localhost:8081/getAttractions, method=GET}
20:40:46.939 [pool-12-thread-43] DEBUG org.springframework.web.reactive.function.client.ExchangeFunctions - [7f23997b] HTTP GET http://localhost:8081/getAttractions
20:40:46.939 [reactor-http-nio-10] DEBUG reactor.netty.http.client.HttpClientOperations - [id: 0xb124e91d, L:/127.0.0.1:50277 - R:localhost/127.0.0.1:8081] Received last HTTP packet
20:40:46.939 [reactor-http-nio-16] DEBUG reactor.netty.resources.PooledConnectionProvider - [id: 0x1e073caa, L:/127.0.0.1:50270 - R:localhost/127.0.0.1:8081] Channel cleaned, now 48 active connections and 17 inactive connections
20:40:46.939 [reactor-http-nio-10] DEBUG org.springframework.core.codec.StringDecoder - [811a5d7] Decoded "{"userId":"57ce57dd-4896-420a-84e3-f34ec3a5d1ef","location":{"longitude":-83.757737,"latitude":-82. (truncated)...
20:40:46.939 [reactor-http-nio-12] DEBUG reactor.netty.http.client.HttpClientOperations - [id: 0x76564411, L:/127.0.0.1:50307 - R:localhost/127.0.0.1:8081] Received last HTTP packet
20:40:46.939 [reactor-http-nio-10] DEBUG reactor.netty.resources.PooledConnectionProvider - [id: 0xb124e91d, L:/127.0.0.1:50277 - R:localhost/127.0.0.1:8081] onStateChange(GET{uri=/getUserLocation?userId=57ce57dd-4896-420a-84e3-f34ec3a5d1ef, connection=PooledConnection{channel=[id: 0xb124e91d, L:/127.0.0.1:50277 - R:localhost/127.0.0.1:8081]}}, [disconnecting])
20:40:46.940 [reactor-http-nio-10] DEBUG reactor.netty.resources.PooledConnectionProvider - [id: 0xb124e91d, L:/127.0.0.1:50277 - R:localhost/127.0.0.1:8081] Releasing channel
20:40:46.940 [reactor-http-nio-12] DEBUG org.springframework.core.codec.StringDecoder - [22a9a493] Decoded "{"userId":"f6e50702-e9a2-4d91-a55d-e1268d47ee78","location":{"longitude":-41.911748,"latitude":-63. (truncated)...
20:40:46.940 [pool-12-thread-52] DEBUG org.springframework.web.reactive.function.client.ExchangeFunctions - [6f27a32a] HTTP GET http://localhost:8081/getAttractions
20:40:46.940 [reactor-http-nio-10] DEBUG reactor.netty.resources.PooledConnectionProvider - [id: 0xb124e91d, L:/127.0.0.1:50277 - R:localhost/127.0.0.1:8081] Channel cleaned, now 47 active connections and 18 inactive connections
20:40:46.940 [reactor-http-nio-12] DEBUG reactor.netty.resources.PooledConnectionProvider - [id: 0x76564411, L:/127.0.0.1:50307 - R:localhost/127.0.0.1:8081] onStateChange(GET{uri=/getUserLocation?userId=f6e50702-e9a2-4d91-a55d-e1268d47ee78, connection=PooledConnection{channel=[id: 0x76564411, L:/127.0.0.1:50307 - R:localhost/127.0.0.1:8081]}}, [disconnecting])
20:40:46.940 [reactor-http-nio-12] DEBUG reactor.netty.resources.PooledConnectionProvider - [id: 0x76564411, L:/127.0.0.1:50307 - R:localhost/127.0.0.1:8081] Releasing channel
20:40:46.940 [pool-12-thread-54] DEBUG org.springframework.web.reactive.function.client.ExchangeFunctions - [79e7c43b] HTTP GET http://localhost:8081/getAttractions
20:40:46.940 [reactor-http-nio-12] DEBUG reactor.netty.resources.PooledConnectionProvider - [id: 0x76564411, L:/127.0.0.1:50307 - R:localhost/127.0.0.1:8081] Channel cleaned, now 46 active connections and 19 inactive connections
20:40:46.940 [reactor-http-nio-16] DEBUG reactor.netty.http.client.HttpClientOperations - [id: 0x33d4d541, L:/127.0.0.1:50281 - R:localhost/127.0.0.1:8081] Received response (auto-read:false) : [Content-Type=application/json, Transfer-Encoding=chunked, Date=Fri, 11 Jun 2021 15:10:46 GMT]
20:40:46.940 [reactor-http-nio-16] DEBUG reactor.netty.resources.PooledConnectionProvider - [id: 0x33d4d541, L:/127.0.0.1:50281 - R:localhost/127.0.0.1:8081] onStateChange(GET{uri=/getUserLocation?userId=4505bef4-d423-479e-ac3b-34a9bf0207d5, connection=PooledConnection{channel=[id: 0x33d4d541, L:/127.0.0.1:50281 - R:localhost/127.0.0.1:8081]}}, [response_received])
20:40:46.940 [reactor-http-nio-14] DEBUG reactor.netty.resources.PooledConnectionProvider - [id: 0x9dcbcf4f, L:/127.0.0.1:50254 - R:localhost/127.0.0.1:8081] onStateChange(GET{uri=/getAttractions, connection=PooledConnection{channel=[id: 0x9dcbcf4f, L:/127.0.0.1:50254 - R:localhost/127.0.0.1:8081]}}, [request_sent])
20:40:46.940 [reactor-http-nio-16] DEBUG org.springframework.web.reactive.function.client.ExchangeFunctions - [48b12808] Response 200 OK
20:40:46.940 [reactor-http-nio-10] DEBUG reactor.netty.http.client.HttpClientOperations - [id: 0x78591639, L:/127.0.0.1:50280 - R:localhost/127.0.0.1:8081] Received response (auto-read:false) : [Content-Type=application/json, Transfer-Encoding=chunked, Date=Fri, 11 Jun 2021 15:10:46 GMT]
20:40:46.940 [reactor-http-nio-10] DEBUG reactor.netty.resources.PooledConnectionProvider - [id: 0x78591639, L:/127.0.0.1:50280 - R:localhost/127.0.0.1:8081] onStateChange(GET{uri=/getUserLocation?userId=9f70f8e3-77b9-44e4-9a08-fe113487ddf8, connection=PooledConnection{channel=[id: 0x78591639, L:/127.0.0.1:50280 - R:localhost/127.0.0.1:8081]}}, [response_received])
20:40:46.940 [reactor-http-nio-12] DEBUG reactor.netty.http.client.HttpClientOperations - [id: 0x3e41c192, L:/127.0.0.1:50266 - R:localhost/127.0.0.1:8081] Received response (auto-read:false) : [Content-Type=application/json, Transfer-Encoding=chunked, Date=Fri, 11 Jun 2021 15:10:46 GMT]
20:40:46.940 [reactor-http-nio-2] DEBUG reactor.netty.resources.PooledConnectionProvider - [id: 0xb9fd1fe8, L:/127.0.0.1:50299 - R:localhost/127.0.0.1:8081] Channel acquired, now 47 active connections and 18 inactive connections
20:40:46.940 [reactor-http-nio-10] DEBUG org.springframework.web.reactive.function.client.ExchangeFunctions - [3959f726] Response 200 OK
20:40:46.940 [reactor-http-nio-11] DEBUG reactor.netty.resources.PooledConnectionProvider - [id: 0xf4ffa1a5, L:/127.0.0.1:50267 - R:localhost/127.0.0.1:8081] Channel acquired, now 48 active connections and 17 inactive connections
20:40:46.940 [reactor-http-nio-11] DEBUG reactor.netty.http.client.HttpClientConnect - [id: 0xf4ffa1a5, L:/127.0.0.1:50267 - R:localhost/127.0.0.1:8081] Handler is being applied: {uri=http://localhost:8081/getAttractions, method=GET}
20:40:46.940 [reactor-http-nio-2] DEBUG reactor.netty.http.client.HttpClientConnect - [id: 0xb9fd1fe8, L:/127.0.0.1:50299 - R:localhost/127.0.0.1:8081] Handler is being applied: {uri=http://localhost:8081/getAttractions, method=GET}
20:40:46.941 [reactor-http-nio-14] DEBUG reactor.netty.http.client.HttpClientOperations - [id: 0xdc980221, L:/127.0.0.1:50298 - R:localhost/127.0.0.1:8081] Received response (auto-read:false) : [Content-Type=application/json, Transfer-Encoding=chunked, Date=Fri, 11 Jun 2021 15:10:46 GMT]
20:40:46.941 [reactor-http-nio-16] DEBUG reactor.netty.channel.FluxReceive - [id: 0x33d4d541, L:/127.0.0.1:50281 - R:localhost/127.0.0.1:8081] Subscribing inbound receiver [pending: 0, cancelled:false, inboundDone: false]
20:40:46.941 [reactor-http-nio-14] DEBUG reactor.netty.resources.PooledConnectionProvider - [id: 0xdc980221, L:/127.0.0.1:50298 - R:localhost/127.0.0.1:8081] onStateChange(GET{uri=/getUserLocation?userId=af1042fd-d78f-4cc8-8ab1-46c2f7ee5261, connection=PooledConnection{channel=[id: 0xdc980221, L:/127.0.0.1:50298 - R:localhost/127.0.0.1:8081]}}, [response_received])
20:40:46.941 [reactor-http-nio-14] DEBUG org.springframework.web.reactive.function.client.ExchangeFunctions - [33e3638] Response 200 OK
20:40:46.940 [reactor-http-nio-12] DEBUG reactor.netty.resources.PooledConnectionProvider - [id: 0x3e41c192, L:/127.0.0.1:50266 - R:localhost/127.0.0.1:8081] onStateChange(GET{uri=/getAttractions, connection=PooledConnection{channel=[id: 0x3e41c192, L:/127.0.0.1:50266 - R:localhost/127.0.0.1:8081]}}, [response_received])
20:40:46.941 [pool-12-thread-28] DEBUG org.springframework.web.reactive.function.client.ExchangeFunctions - [192e22ed] HTTP GET http://localhost:8081/getAttractions
20:40:46.941 [reactor-http-nio-12] DEBUG org.springframework.web.reactive.function.client.ExchangeFunctions - [11f2f346] Response 200 OK
20:40:46.941 [reactor-http-nio-11] DEBUG reactor.netty.resources.PooledConnectionProvider - [id: 0xf4ffa1a5, L:/127.0.0.1:50267 - R:localhost/127.0.0.1:8081] onStateChange(GET{uri=/getAttractions, connection=PooledConnection{channel=[id: 0xf4ffa1a5, L:/127.0.0.1:50267 - R:localhost/127.0.0.1:8081]}}, [request_sent])
20:40:46.941 [reactor-http-nio-10] DEBUG reactor.netty.channel.FluxReceive - [id: 0x78591639, L:/127.0.0.1:50280 - R:localhost/127.0.0.1:8081] Subscribing inbound receiver [pending: 0, cancelled:false, inboundDone: false]
20:40:46.941 [reactor-http-nio-16] DEBUG reactor.netty.http.client.HttpClientOperations - [id: 0x33d4d541, L:/127.0.0.1:50281 - R:localhost/127.0.0.1:8081] Received last HTTP packet
20:40:46.941 [reactor-http-nio-2] DEBUG reactor.netty.resources.PooledConnectionProvider - [id: 0xb9fd1fe8, L:/127.0.0.1:50299 - R:localhost/127.0.0.1:8081] onStateChange(GET{uri=/getAttractions, connection=PooledConnection{channel=[id: 0xb9fd1fe8, L:/127.0.0.1:50299 - R:localhost/127.0.0.1:8081]}}, [request_sent])
20:40:46.942 [reactor-http-nio-16] DEBUG org.springframework.core.codec.StringDecoder - [48b12808] Decoded "{"userId":"4505bef4-d423-479e-ac3b-34a9bf0207d5","location":{"longitude":8.820548,"latitude":41.630 (truncated)...
20:40:46.942 [reactor-http-nio-10] DEBUG reactor.netty.http.client.HttpClientOperations - [id: 0x78591639, L:/127.0.0.1:50280 - R:localhost/127.0.0.1:8081] Received last HTTP packet
20:40:46.941 [reactor-http-nio-14] DEBUG reactor.netty.channel.FluxReceive - [id: 0xdc980221, L:/127.0.0.1:50298 - R:localhost/127.0.0.1:8081] Subscribing inbound receiver [pending: 0, cancelled:false, inboundDone: false]
20:40:46.942 [reactor-http-nio-2] DEBUG reactor.netty.resources.PooledConnectionProvider - [id: 0x7ef0c167, L:/127.0.0.1:50300 - R:localhost/127.0.0.1:8081] Channel acquired, now 49 active connections and 16 inactive connections
20:40:46.942 [reactor-http-nio-12] DEBUG reactor.netty.channel.FluxReceive - [id: 0x3e41c192, L:/127.0.0.1:50266 - R:localhost/127.0.0.1:8081] Subscribing inbound receiver [pending: 0, cancelled:false, inboundDone: false]
20:40:46.942 [reactor-http-nio-16] DEBUG reactor.netty.resources.PooledConnectionProvider - [id: 0x33d4d541, L:/127.0.0.1:50281 - R:localhost/127.0.0.1:8081] onStateChange(GET{uri=/getUserLocation?userId=4505bef4-d423-479e-ac3b-34a9bf0207d5, connection=PooledConnection{channel=[id: 0x33d4d541, L:/127.0.0.1:50281 - R:localhost/127.0.0.1:8081]}}, [disconnecting])
20:40:46.942 [pool-12-thread-56] DEBUG org.springframework.web.reactive.function.client.ExchangeFunctions - [2c6e5eb6] HTTP GET http://localhost:8081/getAttractions
20:40:46.942 [reactor-http-nio-2] DEBUG reactor.netty.http.client.HttpClientConnect - [id: 0x7ef0c167, L:/127.0.0.1:50300 - R:localhost/127.0.0.1:8081] Handler is being applied: {uri=http://localhost:8081/getAttractions, method=GET}
20:40:46.942 [reactor-http-nio-10] DEBUG org.springframework.core.codec.StringDecoder - [3959f726] Decoded "{"userId":"9f70f8e3-77b9-44e4-9a08-fe113487ddf8","location":{"longitude":80.442163,"latitude":4.930 (truncated)...
20:40:46.942 [reactor-http-nio-16] DEBUG reactor.netty.resources.PooledConnectionProvider - [id: 0x33d4d541, L:/127.0.0.1:50281 - R:localhost/127.0.0.1:8081] Releasing channel
20:40:46.942 [reactor-http-nio-10] DEBUG reactor.netty.resources.PooledConnectionProvider - [id: 0x78591639, L:/127.0.0.1:50280 - R:localhost/127.0.0.1:8081] onStateChange(GET{uri=/getUserLocation?userId=9f70f8e3-77b9-44e4-9a08-fe113487ddf8, connection=PooledConnection{channel=[id: 0x78591639, L:/127.0.0.1:50280 - R:localhost/127.0.0.1:8081]}}, [disconnecting])
20:40:46.942 [reactor-http-nio-14] DEBUG reactor.netty.http.client.HttpClientOperations - [id: 0xdc980221, L:/127.0.0.1:50298 - R:localhost/127.0.0.1:8081] Received last HTTP packet
20:40:46.942 [pool-12-thread-32] DEBUG org.springframework.web.reactive.function.client.ExchangeFunctions - [6d65aa5] HTTP GET http://localhost:8081/getAttractions
20:40:46.942 [reactor-http-nio-16] DEBUG reactor.netty.resources.PooledConnectionProvider - [id: 0x33d4d541, L:/127.0.0.1:50281 - R:localhost/127.0.0.1:8081] Channel cleaned, now 48 active connections and 17 inactive connections
20:40:46.942 [reactor-http-nio-10] DEBUG reactor.netty.resources.PooledConnectionProvider - [id: 0x78591639, L:/127.0.0.1:50280 - R:localhost/127.0.0.1:8081] Releasing channel
20:40:46.942 [reactor-http-nio-14] DEBUG org.springframework.core.codec.StringDecoder - [33e3638] Decoded "{"userId":"af1042fd-d78f-4cc8-8ab1-46c2f7ee5261","location":{"longitude":165.215726,"latitude":-19. (truncated)...
20:40:46.942 [reactor-http-nio-16] DEBUG reactor.netty.resources.PooledConnectionProvider - [id: 0x55a55ac0, L:/127.0.0.1:50255 - R:localhost/127.0.0.1:8081] Channel acquired, now 49 active connections and 16 inactive connections
20:40:46.943 [reactor-http-nio-10] DEBUG reactor.netty.resources.PooledConnectionProvider - [id: 0x78591639, L:/127.0.0.1:50280 - R:localhost/127.0.0.1:8081] Channel cleaned, now 48 active connections and 17 inactive connections
20:40:46.943 [reactor-http-nio-16] DEBUG reactor.netty.http.client.HttpClientConnect - [id: 0x55a55ac0, L:/127.0.0.1:50255 - R:localhost/127.0.0.1:8081] Handler is being applied: {uri=http://localhost:8081/getAttractions, method=GET}
20:40:46.942 [reactor-http-nio-12] DEBUG reactor.netty.http.client.HttpClientOperations - [id: 0x3e41c192, L:/127.0.0.1:50266 - R:localhost/127.0.0.1:8081] Received last HTTP packet
20:40:46.943 [reactor-http-nio-2] DEBUG reactor.netty.resources.PooledConnectionProvider - [id: 0x7ef0c167, L:/127.0.0.1:50300 - R:localhost/127.0.0.1:8081] onStateChange(GET{uri=/getAttractions, connection=PooledConnection{channel=[id: 0x7ef0c167, L:/127.0.0.1:50300 - R:localhost/127.0.0.1:8081]}}, [request_sent])
20:40:46.943 [reactor-http-nio-10] DEBUG reactor.netty.http.client.HttpClientOperations - [id: 0x5829f75f, L:/127.0.0.1:50259 - R:localhost/127.0.0.1:8081] Received response (auto-read:false) : [Content-Type=application/json, Transfer-Encoding=chunked, Date=Fri, 11 Jun 2021 15:10:46 GMT]
20:40:46.943 [reactor-http-nio-10] DEBUG reactor.netty.resources.PooledConnectionProvider - [id: 0x5829f75f, L:/127.0.0.1:50259 - R:localhost/127.0.0.1:8081] onStateChange(GET{uri=/getAttractions, connection=PooledConnection{channel=[id: 0x5829f75f, L:/127.0.0.1:50259 - R:localhost/127.0.0.1:8081]}}, [response_received])
20:40:46.943 [reactor-http-nio-12] DEBUG org.springframework.core.codec.StringDecoder - [11f2f346] Decoded "[{"longitude":-117.922008,"latitude":33.817595,"attractionName":"Disneyland","city":"Anaheim","stat (truncated)...
20:40:46.943 [reactor-http-nio-16] DEBUG reactor.netty.resources.PooledConnectionProvider - [id: 0x55a55ac0, L:/127.0.0.1:50255 - R:localhost/127.0.0.1:8081] onStateChange(GET{uri=/getAttractions, connection=PooledConnection{channel=[id: 0x55a55ac0, L:/127.0.0.1:50255 - R:localhost/127.0.0.1:8081]}}, [request_sent])
20:40:46.943 [reactor-http-nio-14] DEBUG reactor.netty.resources.PooledConnectionProvider - [id: 0xdc980221, L:/127.0.0.1:50298 - R:localhost/127.0.0.1:8081] onStateChange(GET{uri=/getUserLocation?userId=af1042fd-d78f-4cc8-8ab1-46c2f7ee5261, connection=PooledConnection{channel=[id: 0xdc980221, L:/127.0.0.1:50298 - R:localhost/127.0.0.1:8081]}}, [disconnecting])
20:40:46.944 [reactor-http-nio-14] DEBUG reactor.netty.resources.PooledConnectionProvider - [id: 0xdc980221, L:/127.0.0.1:50298 - R:localhost/127.0.0.1:8081] Releasing channel
20:40:46.943 [reactor-http-nio-10] DEBUG org.springframework.web.reactive.function.client.ExchangeFunctions - [7d8c65dc] Response 200 OK
20:40:46.944 [reactor-http-nio-14] DEBUG reactor.netty.resources.PooledConnectionProvider - [id: 0xdc980221, L:/127.0.0.1:50298 - R:localhost/127.0.0.1:8081] Channel cleaned, now 48 active connections and 17 inactive connections
20:40:46.943 [reactor-http-nio-12] DEBUG reactor.netty.resources.PooledConnectionProvider - [id: 0x3e41c192, L:/127.0.0.1:50266 - R:localhost/127.0.0.1:8081] onStateChange(GET{uri=/getAttractions, connection=PooledConnection{channel=[id: 0x3e41c192, L:/127.0.0.1:50266 - R:localhost/127.0.0.1:8081]}}, [disconnecting])
20:40:46.944 [reactor-http-nio-12] DEBUG reactor.netty.resources.PooledConnectionProvider - [id: 0x3e41c192, L:/127.0.0.1:50266 - R:localhost/127.0.0.1:8081] Releasing channel
20:40:46.944 [reactor-http-nio-12] DEBUG reactor.netty.resources.PooledConnectionProvider - [id: 0x3e41c192, L:/127.0.0.1:50266 - R:localhost/127.0.0.1:8081] Channel cleaned, now 47 active connections and 18 inactive connections
20:40:46.944 [reactor-http-nio-16] DEBUG reactor.netty.resources.PooledConnectionProvider - [id: 0x736d1567, L:/127.0.0.1:50275 - R:localhost/127.0.0.1:8081] Channel acquired, now 49 active connections and 16 inactive connections
20:40:46.944 [reactor-http-nio-16] DEBUG reactor.netty.http.client.HttpClientConnect - [id: 0x736d1567, L:/127.0.0.1:50275 - R:localhost/127.0.0.1:8081] Handler is being applied: {uri=http://localhost:8081/getUserLocation?userId=d847e3e9-255e-4385-b39e-3db300c6c9d0, method=GET}
20:40:46.944 [reactor-http-nio-12] DEBUG reactor.netty.http.client.HttpClientOperations - [id: 0xcea183ce, L:/127.0.0.1:50289 - R:localhost/127.0.0.1:8081] Received response (auto-read:false) : [Content-Type=application/json, Transfer-Encoding=chunked, Date=Fri, 11 Jun 2021 15:10:46 GMT]
20:40:46.944 [reactor-http-nio-10] DEBUG reactor.netty.channel.FluxReceive - [id: 0x5829f75f, L:/127.0.0.1:50259 - R:localhost/127.0.0.1:8081] Subscribing inbound receiver [pending: 0, cancelled:false, inboundDone: false]
20:40:46.944 [reactor-http-nio-12] DEBUG reactor.netty.resources.PooledConnectionProvider - [id: 0xcea183ce, L:/127.0.0.1:50289 - R:localhost/127.0.0.1:8081] onStateChange(GET{uri=/getUserLocation?userId=50a96c54-47a4-483b-869d-886d52a973b3, connection=PooledConnection{channel=[id: 0xcea183ce, L:/127.0.0.1:50289 - R:localhost/127.0.0.1:8081]}}, [response_received])
20:40:46.944 [pool-12-thread-40] DEBUG org.springframework.web.reactive.function.client.ExchangeFunctions - [379e0e7d] HTTP GET http://localhost:8081/getAttractions
20:40:46.944 [reactor-http-nio-12] DEBUG org.springframework.web.reactive.function.client.ExchangeFunctions - [7b6d1fa4] Response 200 OK
20:40:46.944 [pool-12-thread-51] DEBUG org.springframework.web.reactive.function.client.ExchangeFunctions - [df9d82f] HTTP GET http://localhost:8081/getAttractions
20:40:46.944 [reactor-http-nio-14] DEBUG reactor.netty.http.client.HttpClientOperations - [id: 0x8b4459b6, L:/127.0.0.1:50276 - R:localhost/127.0.0.1:8081] Received response (auto-read:false) : [Content-Type=application/json, Transfer-Encoding=chunked, Date=Fri, 11 Jun 2021 15:10:46 GMT]
20:40:46.944 [reactor-http-nio-14] DEBUG reactor.netty.resources.PooledConnectionProvider - [id: 0x8b4459b6, L:/127.0.0.1:50276 - R:localhost/127.0.0.1:8081] onStateChange(GET{uri=/getAttractions, connection=PooledConnection{channel=[id: 0x8b4459b6, L:/127.0.0.1:50276 - R:localhost/127.0.0.1:8081]}}, [response_received])
20:40:46.944 [pool-12-thread-35] DEBUG org.springframework.web.reactive.function.client.ExchangeFunctions - [4676df6e] HTTP GET http://localhost:8081/getAttractions
20:40:46.945 [reactor-http-nio-14] DEBUG org.springframework.web.reactive.function.client.ExchangeFunctions - [2546436] Response 200 OK
20:40:46.945 [reactor-http-nio-12] DEBUG reactor.netty.channel.FluxReceive - [id: 0xcea183ce, L:/127.0.0.1:50289 - R:localhost/127.0.0.1:8081] Subscribing inbound receiver [pending: 0, cancelled:false, inboundDone: false]
20:40:46.945 [reactor-http-nio-16] DEBUG reactor.netty.resources.PooledConnectionProvider - [id: 0x736d1567, L:/127.0.0.1:50275 - R:localhost/127.0.0.1:8081] onStateChange(GET{uri=/getUserLocation?userId=d847e3e9-255e-4385-b39e-3db300c6c9d0, connection=PooledConnection{channel=[id: 0x736d1567, L:/127.0.0.1:50275 - R:localhost/127.0.0.1:8081]}}, [request_sent])
20:40:46.945 [reactor-http-nio-10] DEBUG reactor.netty.http.client.HttpClientOperations - [id: 0x5829f75f, L:/127.0.0.1:50259 - R:localhost/127.0.0.1:8081] Received last HTTP packet
20:40:46.945 [reactor-http-nio-16] DEBUG reactor.netty.resources.PooledConnectionProvider - [id: 0x2be3660e, L:/127.0.0.1:50282 - R:localhost/127.0.0.1:8081] Channel acquired, now 48 active connections and 17 inactive connections
20:40:46.945 [reactor-http-nio-12] DEBUG reactor.netty.http.client.HttpClientOperations - [id: 0xcea183ce, L:/127.0.0.1:50289 - R:localhost/127.0.0.1:8081] Received last HTTP packet
20:40:46.945 [reactor-http-nio-16] DEBUG reactor.netty.http.client.HttpClientConnect - [id: 0x2be3660e, L:/127.0.0.1:50282 - R:localhost/127.0.0.1:8081] Handler is being applied: {uri=http://localhost:8081/getUserLocation?userId=901c6426-f84c-4080-bede-32acc4f07893, method=GET}
20:40:46.945 [reactor-http-nio-12] DEBUG org.springframework.core.codec.StringDecoder - [7b6d1fa4] Decoded "{"userId":"50a96c54-47a4-483b-869d-886d52a973b3","location":{"longitude":-22.721643,"latitude":-46. (truncated)...
20:40:46.945 [reactor-http-nio-10] DEBUG org.springframework.core.codec.StringDecoder - [7d8c65dc] Decoded "[{"longitude":-117.922008,"latitude":33.817595,"attractionName":"Disneyland","city":"Anaheim","stat (truncated)...
20:40:46.945 [reactor-http-nio-12] DEBUG reactor.netty.resources.PooledConnectionProvider - [id: 0xcea183ce, L:/127.0.0.1:50289 - R:localhost/127.0.0.1:8081] onStateChange(GET{uri=/getUserLocation?userId=50a96c54-47a4-483b-869d-886d52a973b3, connection=PooledConnection{channel=[id: 0xcea183ce, L:/127.0.0.1:50289 - R:localhost/127.0.0.1:8081]}}, [disconnecting])
20:40:46.946 [reactor-http-nio-12] DEBUG reactor.netty.resources.PooledConnectionProvider - [id: 0xcea183ce, L:/127.0.0.1:50289 - R:localhost/127.0.0.1:8081] Releasing channel
20:40:46.945 [reactor-http-nio-10] DEBUG reactor.netty.resources.PooledConnectionProvider - [id: 0x5829f75f, L:/127.0.0.1:50259 - R:localhost/127.0.0.1:8081] onStateChange(GET{uri=/getAttractions, connection=PooledConnection{channel=[id: 0x5829f75f, L:/127.0.0.1:50259 - R:localhost/127.0.0.1:8081]}}, [disconnecting])
20:40:46.946 [reactor-http-nio-10] DEBUG reactor.netty.resources.PooledConnectionProvider - [id: 0x5829f75f, L:/127.0.0.1:50259 - R:localhost/127.0.0.1:8081] Releasing channel
20:40:46.946 [reactor-http-nio-10] DEBUG reactor.netty.resources.PooledConnectionProvider - [id: 0x5829f75f, L:/127.0.0.1:50259 - R:localhost/127.0.0.1:8081] Channel cleaned, now 46 active connections and 19 inactive connections
20:40:46.945 [reactor-http-nio-14] DEBUG reactor.netty.channel.FluxReceive - [id: 0x8b4459b6, L:/127.0.0.1:50276 - R:localhost/127.0.0.1:8081] Subscribing inbound receiver [pending: 0, cancelled:false, inboundDone: false]
20:40:46.946 [reactor-http-nio-16] DEBUG reactor.netty.resources.PooledConnectionProvider - [id: 0x2be3660e, L:/127.0.0.1:50282 - R:localhost/127.0.0.1:8081] onStateChange(GET{uri=/getUserLocation?userId=901c6426-f84c-4080-bede-32acc4f07893, connection=PooledConnection{channel=[id: 0x2be3660e, L:/127.0.0.1:50282 - R:localhost/127.0.0.1:8081]}}, [request_sent])
20:40:46.946 [reactor-http-nio-15] DEBUG reactor.netty.http.client.HttpClientOperations - [id: 0x9e2c9a54, L:/127.0.0.1:50246 - R:localhost/127.0.0.1:8081] Received response (auto-read:false) : [Content-Type=application/json, Transfer-Encoding=chunked, Date=Fri, 11 Jun 2021 15:10:46 GMT]
20:40:46.946 [reactor-http-nio-12] DEBUG reactor.netty.resources.PooledConnectionProvider - [id: 0xcea183ce, L:/127.0.0.1:50289 - R:localhost/127.0.0.1:8081] Channel cleaned, now 47 active connections and 18 inactive connections
20:40:46.946 [reactor-http-nio-15] DEBUG reactor.netty.resources.PooledConnectionProvider - [id: 0x9e2c9a54, L:/127.0.0.1:50246 - R:localhost/127.0.0.1:8081] onStateChange(GET{uri=/getAttractions, connection=PooledConnection{channel=[id: 0x9e2c9a54, L:/127.0.0.1:50246 - R:localhost/127.0.0.1:8081]}}, [response_received])
20:40:46.946 [reactor-http-nio-16] DEBUG reactor.netty.resources.PooledConnectionProvider - [id: 0x33d4d541, L:/127.0.0.1:50281 - R:localhost/127.0.0.1:8081] Channel acquired, now 47 active connections and 18 inactive connections
20:40:46.946 [reactor-http-nio-14] DEBUG reactor.netty.http.client.HttpClientOperations - [id: 0x8b4459b6, L:/127.0.0.1:50276 - R:localhost/127.0.0.1:8081] Received last HTTP packet
20:40:46.946 [reactor-http-nio-16] DEBUG reactor.netty.http.client.HttpClientConnect - [id: 0x33d4d541, L:/127.0.0.1:50281 - R:localhost/127.0.0.1:8081] Handler is being applied: {uri=http://localhost:8081/getAttractions, method=GET}
20:40:46.947 [reactor-http-nio-12] DEBUG reactor.netty.http.client.HttpClientOperations - [id: 0xb65f99c8, L:/127.0.0.1:50309 - R:localhost/127.0.0.1:8081] Received response (auto-read:false) : [Content-Type=application/json, Transfer-Encoding=chunked, Date=Fri, 11 Jun 2021 15:10:46 GMT]
20:40:46.947 [reactor-http-nio-12] DEBUG reactor.netty.resources.PooledConnectionProvider - [id: 0xb65f99c8, L:/127.0.0.1:50309 - R:localhost/127.0.0.1:8081] onStateChange(GET{uri=/getUserLocation?userId=d88ca432-0da9-429c-8a8f-9e30e84dda62, connection=PooledConnection{channel=[id: 0xb65f99c8, L:/127.0.0.1:50309 - R:localhost/127.0.0.1:8081]}}, [response_received])
20:40:46.947 [reactor-http-nio-14] DEBUG org.springframework.core.codec.StringDecoder - [2546436] Decoded "[{"longitude":-117.922008,"latitude":33.817595,"attractionName":"Disneyland","city":"Anaheim","stat (truncated)...
20:40:46.946 [reactor-http-nio-10] DEBUG reactor.netty.http.client.HttpClientOperations - [id: 0x074029b1, L:/127.0.0.1:50304 - R:localhost/127.0.0.1:8081] Received response (auto-read:false) : [Content-Type=application/json, Transfer-Encoding=chunked, Date=Fri, 11 Jun 2021 15:10:46 GMT]
20:40:46.947 [reactor-http-nio-14] DEBUG reactor.netty.resources.PooledConnectionProvider - [id: 0x8b4459b6, L:/127.0.0.1:50276 - R:localhost/127.0.0.1:8081] onStateChange(GET{uri=/getAttractions, connection=PooledConnection{channel=[id: 0x8b4459b6, L:/127.0.0.1:50276 - R:localhost/127.0.0.1:8081]}}, [disconnecting])
20:40:46.947 [reactor-http-nio-10] DEBUG reactor.netty.resources.PooledConnectionProvider - [id: 0x074029b1, L:/127.0.0.1:50304 - R:localhost/127.0.0.1:8081] onStateChange(GET{uri=/getUserLocation?userId=7bb93e4a-6ab6-40ce-8a42-883b97f35fa0, connection=PooledConnection{channel=[id: 0x074029b1, L:/127.0.0.1:50304 - R:localhost/127.0.0.1:8081]}}, [response_received])
20:40:46.947 [reactor-http-nio-10] DEBUG org.springframework.web.reactive.function.client.ExchangeFunctions - [43f5cd35] Response 200 OK
20:40:46.946 [reactor-http-nio-15] DEBUG org.springframework.web.reactive.function.client.ExchangeFunctions - [6690b9b1] Response 200 OK
20:40:46.947 [reactor-http-nio-12] DEBUG org.springframework.web.reactive.function.client.ExchangeFunctions - [7eb00f62] Response 200 OK
20:40:46.947 [reactor-http-nio-11] DEBUG reactor.netty.http.client.HttpClientOperations - [id: 0xcd2f5c0e, L:/127.0.0.1:50278 - R:localhost/127.0.0.1:8081] Received response (auto-read:false) : [Content-Type=application/json, Transfer-Encoding=chunked, Date=Fri, 11 Jun 2021 15:10:46 GMT]
20:40:46.947 [reactor-http-nio-11] DEBUG reactor.netty.resources.PooledConnectionProvider - [id: 0xcd2f5c0e, L:/127.0.0.1:50278 - R:localhost/127.0.0.1:8081] onStateChange(GET{uri=/getAttractions, connection=PooledConnection{channel=[id: 0xcd2f5c0e, L:/127.0.0.1:50278 - R:localhost/127.0.0.1:8081]}}, [response_received])
20:40:46.947 [reactor-http-nio-16] DEBUG reactor.netty.resources.PooledConnectionProvider - [id: 0x33d4d541, L:/127.0.0.1:50281 - R:localhost/127.0.0.1:8081] onStateChange(GET{uri=/getAttractions, connection=PooledConnection{channel=[id: 0x33d4d541, L:/127.0.0.1:50281 - R:localhost/127.0.0.1:8081]}}, [request_sent])
20:40:46.947 [reactor-http-nio-16] DEBUG reactor.netty.resources.PooledConnectionProvider - [id: 0x1e073caa, L:/127.0.0.1:50270 - R:localhost/127.0.0.1:8081] Channel acquired, now 48 active connections and 17 inactive connections
20:40:46.948 [reactor-http-nio-10] DEBUG reactor.netty.channel.FluxReceive - [id: 0x074029b1, L:/127.0.0.1:50304 - R:localhost/127.0.0.1:8081] Subscribing inbound receiver [pending: 0, cancelled:false, inboundDone: false]
20:40:46.947 [reactor-http-nio-14] DEBUG reactor.netty.resources.PooledConnectionProvider - [id: 0x8b4459b6, L:/127.0.0.1:50276 - R:localhost/127.0.0.1:8081] Releasing channel
20:40:46.948 [reactor-http-nio-16] DEBUG reactor.netty.http.client.HttpClientConnect - [id: 0x1e073caa, L:/127.0.0.1:50270 - R:localhost/127.0.0.1:8081] Handler is being applied: {uri=http://localhost:8081/getAttractions, method=GET}
20:40:46.948 [reactor-http-nio-14] DEBUG reactor.netty.resources.PooledConnectionProvider - [id: 0x8b4459b6, L:/127.0.0.1:50276 - R:localhost/127.0.0.1:8081] Channel cleaned, now 47 active connections and 18 inactive connections
20:40:46.948 [pool-12-thread-42] DEBUG org.springframework.web.reactive.function.client.ExchangeFunctions - [75aaeeb9] HTTP GET http://localhost:8081/getAttractions
20:40:46.948 [reactor-http-nio-10] DEBUG reactor.netty.http.client.HttpClientOperations - [id: 0x074029b1, L:/127.0.0.1:50304 - R:localhost/127.0.0.1:8081] Received last HTTP packet
20:40:46.948 [reactor-http-nio-10] DEBUG org.springframework.core.codec.StringDecoder - [43f5cd35] Decoded "{"userId":"7bb93e4a-6ab6-40ce-8a42-883b97f35fa0","location":{"longitude":-37.296304,"latitude":-83. (truncated)...
20:40:46.947 [pool-12-thread-17] DEBUG org.springframework.web.reactive.function.client.ExchangeFunctions - [15cd75a0] HTTP GET http://localhost:8081/getUserLocation?userId=8993f139-68d7-468e-b1a8-34e7f71b5350
20:40:46.948 [reactor-http-nio-14] DEBUG reactor.netty.http.client.HttpClientOperations - [id: 0x111e98d4, L:/127.0.0.1:50257 - R:localhost/127.0.0.1:8081] Received response (auto-read:false) : [Content-Type=application/json, Transfer-Encoding=chunked, Date=Fri, 11 Jun 2021 15:10:46 GMT]
20:40:46.947 [reactor-http-nio-11] DEBUG org.springframework.web.reactive.function.client.ExchangeFunctions - [e3f6676] Response 200 OK
20:40:46.948 [reactor-http-nio-14] DEBUG reactor.netty.resources.PooledConnectionProvider - [id: 0x111e98d4, L:/127.0.0.1:50257 - R:localhost/127.0.0.1:8081] onStateChange(GET{uri=/getAttractions, connection=PooledConnection{channel=[id: 0x111e98d4, L:/127.0.0.1:50257 - R:localhost/127.0.0.1:8081]}}, [response_received])
20:40:46.948 [reactor-http-nio-14] DEBUG org.springframework.web.reactive.function.client.ExchangeFunctions - [7dc2837f] Response 200 OK
20:40:46.948 [reactor-http-nio-16] DEBUG reactor.netty.resources.PooledConnectionProvider - [id: 0x1e073caa, L:/127.0.0.1:50270 - R:localhost/127.0.0.1:8081] onStateChange(GET{uri=/getAttractions, connection=PooledConnection{channel=[id: 0x1e073caa, L:/127.0.0.1:50270 - R:localhost/127.0.0.1:8081]}}, [request_sent])
20:40:46.949 [reactor-http-nio-14] DEBUG reactor.netty.channel.FluxReceive - [id: 0x111e98d4, L:/127.0.0.1:50257 - R:localhost/127.0.0.1:8081] Subscribing inbound receiver [pending: 0, cancelled:false, inboundDone: false]
20:40:46.948 [reactor-http-nio-15] DEBUG reactor.netty.channel.FluxReceive - [id: 0x9e2c9a54, L:/127.0.0.1:50246 - R:localhost/127.0.0.1:8081] Subscribing inbound receiver [pending: 0, cancelled:false, inboundDone: false]
20:40:46.949 [reactor-http-nio-16] DEBUG reactor.netty.http.client.HttpClientOperations - [id: 0x0ffc5b2c, L:/127.0.0.1:50250 - R:localhost/127.0.0.1:8081] Received response (auto-read:false) : [Content-Type=application/json, Transfer-Encoding=chunked, Date=Fri, 11 Jun 2021 15:10:46 GMT]
20:40:46.949 [pool-12-thread-37] DEBUG org.springframework.web.reactive.function.client.ExchangeFunctions - [79b3feb5] HTTP GET http://localhost:8081/getUserLocation?userId=21376d17-b01b-4e15-85f4-ef7cc1d6e9f7
20:40:46.949 [reactor-http-nio-16] DEBUG reactor.netty.resources.PooledConnectionProvider - [id: 0x0ffc5b2c, L:/127.0.0.1:50250 - R:localhost/127.0.0.1:8081] onStateChange(GET{uri=/getUserLocation?userId=ae4cd197-e938-4f93-9e82-99f6db13ae0f, connection=PooledConnection{channel=[id: 0x0ffc5b2c, L:/127.0.0.1:50250 - R:localhost/127.0.0.1:8081]}}, [response_received])
20:40:46.948 [reactor-http-nio-12] DEBUG reactor.netty.channel.FluxReceive - [id: 0xb65f99c8, L:/127.0.0.1:50309 - R:localhost/127.0.0.1:8081] Subscribing inbound receiver [pending: 0, cancelled:false, inboundDone: false]
20:40:46.949 [reactor-http-nio-16] DEBUG org.springframework.web.reactive.function.client.ExchangeFunctions - [55200be8] Response 200 OK
20:40:46.949 [reactor-http-nio-15] DEBUG reactor.netty.http.client.HttpClientOperations - [id: 0x9e2c9a54, L:/127.0.0.1:50246 - R:localhost/127.0.0.1:8081] Received last HTTP packet
20:40:46.949 [reactor-http-nio-14] DEBUG reactor.netty.http.client.HttpClientOperations - [id: 0x111e98d4, L:/127.0.0.1:50257 - R:localhost/127.0.0.1:8081] Received last HTTP packet
20:40:46.948 [reactor-http-nio-10] DEBUG reactor.netty.resources.PooledConnectionProvider - [id: 0x074029b1, L:/127.0.0.1:50304 - R:localhost/127.0.0.1:8081] onStateChange(GET{uri=/getUserLocation?userId=7bb93e4a-6ab6-40ce-8a42-883b97f35fa0, connection=PooledConnection{channel=[id: 0x074029b1, L:/127.0.0.1:50304 - R:localhost/127.0.0.1:8081]}}, [disconnecting])
20:40:46.950 [reactor-http-nio-10] DEBUG reactor.netty.resources.PooledConnectionProvider - [id: 0x074029b1, L:/127.0.0.1:50304 - R:localhost/127.0.0.1:8081] Releasing channel
20:40:46.950 [reactor-http-nio-10] DEBUG reactor.netty.resources.PooledConnectionProvider - [id: 0x074029b1, L:/127.0.0.1:50304 - R:localhost/127.0.0.1:8081] Channel cleaned, now 46 active connections and 19 inactive connections
20:40:46.950 [reactor-http-nio-15] DEBUG org.springframework.core.codec.StringDecoder - [6690b9b1] Decoded "[{"longitude":-117.922008,"latitude":33.817595,"attractionName":"Disneyland","city":"Anaheim","stat (truncated)...
20:40:46.950 [reactor-http-nio-16] DEBUG reactor.netty.channel.FluxReceive - [id: 0x0ffc5b2c, L:/127.0.0.1:50250 - R:localhost/127.0.0.1:8081] Subscribing inbound receiver [pending: 0, cancelled:false, inboundDone: false]
20:40:46.950 [reactor-http-nio-15] DEBUG reactor.netty.resources.PooledConnectionProvider - [id: 0x9e2c9a54, L:/127.0.0.1:50246 - R:localhost/127.0.0.1:8081] onStateChange(GET{uri=/getAttractions, connection=PooledConnection{channel=[id: 0x9e2c9a54, L:/127.0.0.1:50246 - R:localhost/127.0.0.1:8081]}}, [disconnecting])
20:40:46.950 [reactor-http-nio-14] DEBUG org.springframework.core.codec.StringDecoder - [7dc2837f] Decoded "[{"longitude":-117.922008,"latitude":33.817595,"attractionName":"Disneyland","city":"Anaheim","stat (truncated)...
20:40:46.950 [reactor-http-nio-10] DEBUG reactor.netty.resources.PooledConnectionProvider - [id: 0x89be4937, L:/127.0.0.1:50258 - R:localhost/127.0.0.1:8081] Channel acquired, now 47 active connections and 18 inactive connections
20:40:46.949 [reactor-http-nio-11] DEBUG reactor.netty.channel.FluxReceive - [id: 0xcd2f5c0e, L:/127.0.0.1:50278 - R:localhost/127.0.0.1:8081] Subscribing inbound receiver [pending: 0, cancelled:false, inboundDone: false]
20:40:46.950 [reactor-http-nio-16] DEBUG reactor.netty.http.client.HttpClientOperations - [id: 0x0ffc5b2c, L:/127.0.0.1:50250 - R:localhost/127.0.0.1:8081] Received last HTTP packet
20:40:46.950 [reactor-http-nio-10] DEBUG reactor.netty.http.client.HttpClientConnect - [id: 0x89be4937, L:/127.0.0.1:50258 - R:localhost/127.0.0.1:8081] Handler is being applied: {uri=http://localhost:8081/getUserLocation?userId=19dbf0b3-acf4-4aa0-9ca5-83103a6cc1cc, method=GET}
20:40:46.950 [reactor-http-nio-13] DEBUG reactor.netty.http.client.HttpClientOperations - [id: 0x7744abeb, L:/127.0.0.1:50286 - R:localhost/127.0.0.1:8081] Received response (auto-read:false) : [Content-Type=application/json, Transfer-Encoding=chunked, Date=Fri, 11 Jun 2021 15:10:46 GMT]
20:40:46.950 [reactor-http-nio-16] DEBUG org.springframework.core.codec.StringDecoder - [55200be8] Decoded "{"userId":"ae4cd197-e938-4f93-9e82-99f6db13ae0f","location":{"longitude":177.601525,"latitude":-11. (truncated)...
20:40:46.950 [reactor-http-nio-13] DEBUG reactor.netty.resources.PooledConnectionProvider - [id: 0x7744abeb, L:/127.0.0.1:50286 - R:localhost/127.0.0.1:8081] onStateChange(GET{uri=/getAttractions, connection=PooledConnection{channel=[id: 0x7744abeb, L:/127.0.0.1:50286 - R:localhost/127.0.0.1:8081]}}, [response_received])
20:40:46.950 [reactor-http-nio-16] DEBUG reactor.netty.resources.PooledConnectionProvider - [id: 0x0ffc5b2c, L:/127.0.0.1:50250 - R:localhost/127.0.0.1:8081] onStateChange(GET{uri=/getUserLocation?userId=ae4cd197-e938-4f93-9e82-99f6db13ae0f, connection=PooledConnection{channel=[id: 0x0ffc5b2c, L:/127.0.0.1:50250 - R:localhost/127.0.0.1:8081]}}, [disconnecting])
20:40:46.950 [reactor-http-nio-16] DEBUG reactor.netty.resources.PooledConnectionProvider - [id: 0x0ffc5b2c, L:/127.0.0.1:50250 - R:localhost/127.0.0.1:8081] Releasing channel
20:40:46.950 [reactor-http-nio-13] DEBUG org.springframework.web.reactive.function.client.ExchangeFunctions - [6e58c13d] Response 200 OK
20:40:46.949 [reactor-http-nio-12] DEBUG reactor.netty.http.client.HttpClientOperations - [id: 0xb65f99c8, L:/127.0.0.1:50309 - R:localhost/127.0.0.1:8081] Received last HTTP packet
20:40:46.950 [reactor-http-nio-16] DEBUG reactor.netty.resources.PooledConnectionProvider - [id: 0x0ffc5b2c, L:/127.0.0.1:50250 - R:localhost/127.0.0.1:8081] Channel cleaned, now 46 active connections and 19 inactive connections
20:40:46.951 [pool-12-thread-58] DEBUG org.springframework.web.reactive.function.client.ExchangeFunctions - [4d322b3b] HTTP GET http://localhost:8081/getAttractions
20:40:46.951 [reactor-http-nio-12] DEBUG org.springframework.core.codec.StringDecoder - [7eb00f62] Decoded "{"userId":"d88ca432-0da9-429c-8a8f-9e30e84dda62","location":{"longitude":81.713251,"latitude":16.24 (truncated)...
20:40:46.951 [reactor-http-nio-16] DEBUG reactor.netty.http.client.HttpClientOperations - [id: 0xe937ed28, L:/127.0.0.1:50293 - R:localhost/127.0.0.1:8081] Received response (auto-read:false) : [Content-Type=application/json, Transfer-Encoding=chunked, Date=Fri, 11 Jun 2021 15:10:46 GMT]
20:40:46.951 [reactor-http-nio-12] DEBUG reactor.netty.resources.PooledConnectionProvider - [id: 0xb65f99c8, L:/127.0.0.1:50309 - R:localhost/127.0.0.1:8081] onStateChange(GET{uri=/getUserLocation?userId=d88ca432-0da9-429c-8a8f-9e30e84dda62, connection=PooledConnection{channel=[id: 0xb65f99c8, L:/127.0.0.1:50309 - R:localhost/127.0.0.1:8081]}}, [disconnecting])
20:40:46.951 [reactor-http-nio-12] DEBUG reactor.netty.resources.PooledConnectionProvider - [id: 0xb65f99c8, L:/127.0.0.1:50309 - R:localhost/127.0.0.1:8081] Releasing channel
20:40:46.950 [reactor-http-nio-15] DEBUG reactor.netty.resources.PooledConnectionProvider - [id: 0x9e2c9a54, L:/127.0.0.1:50246 - R:localhost/127.0.0.1:8081] Releasing channel
20:40:46.951 [reactor-http-nio-12] DEBUG reactor.netty.resources.PooledConnectionProvider - [id: 0xb65f99c8, L:/127.0.0.1:50309 - R:localhost/127.0.0.1:8081] Channel cleaned, now 45 active connections and 20 inactive connections
20:40:46.951 [reactor-http-nio-15] DEBUG reactor.netty.resources.PooledConnectionProvider - [id: 0x9e2c9a54, L:/127.0.0.1:50246 - R:localhost/127.0.0.1:8081] Channel cleaned, now 44 active connections and 21 inactive connections
20:40:46.951 [reactor-http-nio-12] DEBUG reactor.netty.resources.PooledConnectionProvider - [id: 0xa6263615, L:/127.0.0.1:50308 - R:localhost/127.0.0.1:8081] Channel acquired, now 45 active connections and 20 inactive connections
20:40:46.951 [reactor-http-nio-15] DEBUG reactor.netty.resources.PooledConnectionProvider - [id: 0x70de3664, L:/127.0.0.1:50262 - R:localhost/127.0.0.1:8081] Channel acquired, now 46 active connections and 19 inactive connections
20:40:46.951 [reactor-http-nio-12] DEBUG reactor.netty.http.client.HttpClientConnect - [id: 0xa6263615, L:/127.0.0.1:50308 - R:localhost/127.0.0.1:8081] Handler is being applied: {uri=http://localhost:8081/getAttractions, method=GET}
20:40:46.950 [reactor-http-nio-14] DEBUG reactor.netty.resources.PooledConnectionProvider - [id: 0x111e98d4, L:/127.0.0.1:50257 - R:localhost/127.0.0.1:8081] onStateChange(GET{uri=/getAttractions, connection=PooledConnection{channel=[id: 0x111e98d4, L:/127.0.0.1:50257 - R:localhost/127.0.0.1:8081]}}, [disconnecting])
20:40:46.951 [reactor-http-nio-14] DEBUG reactor.netty.resources.PooledConnectionProvider - [id: 0x111e98d4, L:/127.0.0.1:50257 - R:localhost/127.0.0.1:8081] Releasing channel
20:40:46.950 [reactor-http-nio-11] DEBUG reactor.netty.http.client.HttpClientOperations - [id: 0xcd2f5c0e, L:/127.0.0.1:50278 - R:localhost/127.0.0.1:8081] Received last HTTP packet
20:40:46.952 [reactor-http-nio-14] DEBUG reactor.netty.resources.PooledConnectionProvider - [id: 0x111e98d4, L:/127.0.0.1:50257 - R:localhost/127.0.0.1:8081] Channel cleaned, now 45 active connections and 20 inactive connections
20:40:46.952 [reactor-http-nio-14] DEBUG reactor.netty.resources.PooledConnectionProvider - [id: 0xeea4a5eb, L:/127.0.0.1:50301 - R:localhost/127.0.0.1:8081] Channel acquired, now 46 active connections and 19 inactive connections
20:40:46.951 [pool-12-thread-16] DEBUG org.springframework.web.reactive.function.client.ExchangeFunctions - [66bf0a4] HTTP GET http://localhost:8081/getUserLocation?userId=30ff6050-17e9-468c-a8a1-59371476fea0
20:40:46.952 [reactor-http-nio-14] DEBUG reactor.netty.http.client.HttpClientConnect - [id: 0xeea4a5eb, L:/127.0.0.1:50301 - R:localhost/127.0.0.1:8081] Handler is being applied: {uri=http://localhost:8081/getUserLocation?userId=f572ddc3-2507-4419-af89-7100750bb696, method=GET}
20:40:46.951 [reactor-http-nio-13] DEBUG reactor.netty.channel.FluxReceive - [id: 0x7744abeb, L:/127.0.0.1:50286 - R:localhost/127.0.0.1:8081] Subscribing inbound receiver [pending: 0, cancelled:false, inboundDone: false]
20:40:46.952 [reactor-http-nio-12] DEBUG reactor.netty.resources.PooledConnectionProvider - [id: 0xa6263615, L:/127.0.0.1:50308 - R:localhost/127.0.0.1:8081] onStateChange(GET{uri=/getAttractions, connection=PooledConnection{channel=[id: 0xa6263615, L:/127.0.0.1:50308 - R:localhost/127.0.0.1:8081]}}, [request_sent])
20:40:46.952 [reactor-http-nio-11] DEBUG org.springframework.core.codec.StringDecoder - [e3f6676] Decoded "[{"longitude":-117.922008,"latitude":33.817595,"attractionName":"Disneyland","city":"Anaheim","stat (truncated)...
20:40:46.952 [reactor-http-nio-12] DEBUG reactor.netty.resources.PooledConnectionProvider - [id: 0x70cf3415, L:/127.0.0.1:50288 - R:localhost/127.0.0.1:8081] Channel acquired, now 47 active connections and 18 inactive connections
20:40:46.951 [reactor-http-nio-16] DEBUG reactor.netty.resources.PooledConnectionProvider - [id: 0xe937ed28, L:/127.0.0.1:50293 - R:localhost/127.0.0.1:8081] onStateChange(GET{uri=/getAttractions, connection=PooledConnection{channel=[id: 0xe937ed28, L:/127.0.0.1:50293 - R:localhost/127.0.0.1:8081]}}, [response_received])
20:40:46.952 [reactor-http-nio-12] DEBUG reactor.netty.http.client.HttpClientConnect - [id: 0x70cf3415, L:/127.0.0.1:50288 - R:localhost/127.0.0.1:8081] Handler is being applied: {uri=http://localhost:8081/getAttractions, method=GET}
20:40:46.952 [reactor-http-nio-16] DEBUG org.springframework.web.reactive.function.client.ExchangeFunctions - [558a2748] Response 200 OK
20:40:46.952 [reactor-http-nio-14] DEBUG reactor.netty.resources.PooledConnectionProvider - [id: 0xeea4a5eb, L:/127.0.0.1:50301 - R:localhost/127.0.0.1:8081] onStateChange(GET{uri=/getUserLocation?userId=f572ddc3-2507-4419-af89-7100750bb696, connection=PooledConnection{channel=[id: 0xeea4a5eb, L:/127.0.0.1:50301 - R:localhost/127.0.0.1:8081]}}, [request_sent])
20:40:46.953 [reactor-http-nio-14] DEBUG reactor.netty.resources.PooledConnectionProvider - [id: 0x8b4459b6, L:/127.0.0.1:50276 - R:localhost/127.0.0.1:8081] Channel acquired, now 48 active connections and 17 inactive connections
20:40:46.953 [pool-12-thread-1] DEBUG org.springframework.web.reactive.function.client.ExchangeFunctions - [10229f28] HTTP GET http://localhost:8081/getAttractions
20:40:46.953 [reactor-http-nio-14] DEBUG reactor.netty.http.client.HttpClientConnect - [id: 0x8b4459b6, L:/127.0.0.1:50276 - R:localhost/127.0.0.1:8081] Handler is being applied: {uri=http://localhost:8081/getAttractions, method=GET}
20:40:46.953 [pool-12-thread-61] DEBUG org.springframework.web.reactive.function.client.ExchangeFunctions - [7077eec4] HTTP GET http://localhost:8081/getAttractions
20:40:46.953 [reactor-http-nio-16] DEBUG reactor.netty.channel.FluxReceive - [id: 0xe937ed28, L:/127.0.0.1:50293 - R:localhost/127.0.0.1:8081] Subscribing inbound receiver [pending: 0, cancelled:false, inboundDone: false]
20:40:46.953 [reactor-http-nio-12] DEBUG reactor.netty.resources.PooledConnectionProvider - [id: 0x70cf3415, L:/127.0.0.1:50288 - R:localhost/127.0.0.1:8081] onStateChange(GET{uri=/getAttractions, connection=PooledConnection{channel=[id: 0x70cf3415, L:/127.0.0.1:50288 - R:localhost/127.0.0.1:8081]}}, [request_sent])
20:40:46.953 [reactor-http-nio-13] DEBUG reactor.netty.http.client.HttpClientOperations - [id: 0x7744abeb, L:/127.0.0.1:50286 - R:localhost/127.0.0.1:8081] Received last HTTP packet
20:40:46.953 [reactor-http-nio-12] DEBUG reactor.netty.resources.PooledConnectionProvider - [id: 0xcea183ce, L:/127.0.0.1:50289 - R:localhost/127.0.0.1:8081] Channel acquired, now 49 active connections and 16 inactive connections
20:40:46.953 [reactor-http-nio-12] DEBUG reactor.netty.http.client.HttpClientConnect - [id: 0xcea183ce, L:/127.0.0.1:50289 - R:localhost/127.0.0.1:8081] Handler is being applied: {uri=http://localhost:8081/getUserLocation?userId=8993f139-68d7-468e-b1a8-34e7f71b5350, method=GET}
20:40:46.953 [reactor-http-nio-16] DEBUG reactor.netty.http.client.HttpClientOperations - [id: 0xe937ed28, L:/127.0.0.1:50293 - R:localhost/127.0.0.1:8081] Received last HTTP packet
20:40:46.953 [reactor-http-nio-14] DEBUG reactor.netty.resources.PooledConnectionProvider - [id: 0x8b4459b6, L:/127.0.0.1:50276 - R:localhost/127.0.0.1:8081] onStateChange(GET{uri=/getAttractions, connection=PooledConnection{channel=[id: 0x8b4459b6, L:/127.0.0.1:50276 - R:localhost/127.0.0.1:8081]}}, [request_sent])
20:40:46.953 [reactor-http-nio-13] DEBUG org.springframework.core.codec.StringDecoder - [6e58c13d] Decoded "[{"longitude":-117.922008,"latitude":33.817595,"attractionName":"Disneyland","city":"Anaheim","stat (truncated)...
20:40:46.954 [pool-12-thread-14] DEBUG org.springframework.web.reactive.function.client.ExchangeFunctions - [79fd181f] HTTP GET http://localhost:8081/getUserLocation?userId=38b491e5-63bc-4217-a6f3-4e28c978a5af
20:40:46.951 [reactor-http-nio-10] DEBUG reactor.netty.resources.PooledConnectionProvider - [id: 0x89be4937, L:/127.0.0.1:50258 - R:localhost/127.0.0.1:8081] onStateChange(GET{uri=/getUserLocation?userId=19dbf0b3-acf4-4aa0-9ca5-83103a6cc1cc, connection=PooledConnection{channel=[id: 0x89be4937, L:/127.0.0.1:50258 - R:localhost/127.0.0.1:8081]}}, [request_sent])
20:40:46.954 [reactor-http-nio-10] DEBUG reactor.netty.resources.PooledConnectionProvider - [id: 0x8372a394, L:/127.0.0.1:50252 - R:localhost/127.0.0.1:8081] Channel acquired, now 50 active connections and 15 inactive connections
20:40:46.954 [reactor-http-nio-10] DEBUG reactor.netty.http.client.HttpClientConnect - [id: 0x8372a394, L:/127.0.0.1:50252 - R:localhost/127.0.0.1:8081] Handler is being applied: {uri=http://localhost:8081/getAttractions, method=GET}
20:40:46.954 [reactor-http-nio-2] DEBUG reactor.netty.http.client.HttpClientOperations - [id: 0xb9fd1fe8, L:/127.0.0.1:50299 - R:localhost/127.0.0.1:8081] Received response (auto-read:false) : [Content-Type=application/json, Transfer-Encoding=chunked, Date=Fri, 11 Jun 2021 15:10:46 GMT]
20:40:46.954 [reactor-http-nio-2] DEBUG reactor.netty.resources.PooledConnectionProvider - [id: 0xb9fd1fe8, L:/127.0.0.1:50299 - R:localhost/127.0.0.1:8081] onStateChange(GET{uri=/getAttractions, connection=PooledConnection{channel=[id: 0xb9fd1fe8, L:/127.0.0.1:50299 - R:localhost/127.0.0.1:8081]}}, [response_received])
20:40:46.951 [reactor-http-nio-15] DEBUG reactor.netty.http.client.HttpClientConnect - [id: 0x70de3664, L:/127.0.0.1:50262 - R:localhost/127.0.0.1:8081] Handler is being applied: {uri=http://localhost:8081/getAttractions, method=GET}
20:40:46.954 [reactor-http-nio-2] DEBUG org.springframework.web.reactive.function.client.ExchangeFunctions - [73e5ee8d] Response 200 OK
20:40:46.952 [reactor-http-nio-11] DEBUG reactor.netty.resources.PooledConnectionProvider - [id: 0xcd2f5c0e, L:/127.0.0.1:50278 - R:localhost/127.0.0.1:8081] onStateChange(GET{uri=/getAttractions, connection=PooledConnection{channel=[id: 0xcd2f5c0e, L:/127.0.0.1:50278 - R:localhost/127.0.0.1:8081]}}, [disconnecting])
20:40:46.955 [reactor-http-nio-11] DEBUG reactor.netty.resources.PooledConnectionProvider - [id: 0xcd2f5c0e, L:/127.0.0.1:50278 - R:localhost/127.0.0.1:8081] Releasing channel
20:40:46.954 [reactor-http-nio-16] DEBUG org.springframework.core.codec.StringDecoder - [558a2748] Decoded "[{"longitude":-117.922008,"latitude":33.817595,"attractionName":"Disneyland","city":"Anaheim","stat (truncated)...
20:40:46.955 [reactor-http-nio-11] DEBUG reactor.netty.resources.PooledConnectionProvider - [id: 0xcd2f5c0e, L:/127.0.0.1:50278 - R:localhost/127.0.0.1:8081] Channel cleaned, now 49 active connections and 16 inactive connections
20:40:46.955 [reactor-http-nio-2] DEBUG reactor.netty.channel.FluxReceive - [id: 0xb9fd1fe8, L:/127.0.0.1:50299 - R:localhost/127.0.0.1:8081] Subscribing inbound receiver [pending: 0, cancelled:false, inboundDone: false]
20:40:46.954 [reactor-http-nio-13] DEBUG reactor.netty.resources.PooledConnectionProvider - [id: 0x7744abeb, L:/127.0.0.1:50286 - R:localhost/127.0.0.1:8081] onStateChange(GET{uri=/getAttractions, connection=PooledConnection{channel=[id: 0x7744abeb, L:/127.0.0.1:50286 - R:localhost/127.0.0.1:8081]}}, [disconnecting])
20:40:46.955 [reactor-http-nio-13] DEBUG reactor.netty.resources.PooledConnectionProvider - [id: 0x7744abeb, L:/127.0.0.1:50286 - R:localhost/127.0.0.1:8081] Releasing channel
20:40:46.954 [pool-12-thread-45] DEBUG org.springframework.web.reactive.function.client.ExchangeFunctions - [62af21bb] HTTP GET http://localhost:8081/getUserLocation?userId=07f554a2-9f8b-402e-844d-6866e6e69fd5
20:40:46.955 [reactor-http-nio-13] DEBUG reactor.netty.resources.PooledConnectionProvider - [id: 0x7744abeb, L:/127.0.0.1:50286 - R:localhost/127.0.0.1:8081] Channel cleaned, now 48 active connections and 17 inactive connections
20:40:46.955 [reactor-http-nio-11] DEBUG reactor.netty.http.client.HttpClientOperations - [id: 0xf4ffa1a5, L:/127.0.0.1:50267 - R:localhost/127.0.0.1:8081] Received response (auto-read:false) : [Content-Type=application/json, Transfer-Encoding=chunked, Date=Fri, 11 Jun 2021 15:10:46 GMT]
20:40:46.954 [reactor-http-nio-14] DEBUG reactor.netty.http.client.HttpClientOperations - [id: 0xcd551a5c, L:/127.0.0.1:50302 - R:localhost/127.0.0.1:8081] Received response (auto-read:false) : [Content-Type=application/json, Transfer-Encoding=chunked, Date=Fri, 11 Jun 2021 15:10:46 GMT]
20:40:46.956 [reactor-http-nio-11] DEBUG reactor.netty.resources.PooledConnectionProvider - [id: 0xf4ffa1a5, L:/127.0.0.1:50267 - R:localhost/127.0.0.1:8081] onStateChange(GET{uri=/getAttractions, connection=PooledConnection{channel=[id: 0xf4ffa1a5, L:/127.0.0.1:50267 - R:localhost/127.0.0.1:8081]}}, [response_received])
20:40:46.954 [reactor-http-nio-12] DEBUG reactor.netty.resources.PooledConnectionProvider - [id: 0xcea183ce, L:/127.0.0.1:50289 - R:localhost/127.0.0.1:8081] onStateChange(GET{uri=/getUserLocation?userId=8993f139-68d7-468e-b1a8-34e7f71b5350, connection=PooledConnection{channel=[id: 0xcea183ce, L:/127.0.0.1:50289 - R:localhost/127.0.0.1:8081]}}, [request_sent])
20:40:46.956 [reactor-http-nio-2] DEBUG reactor.netty.http.client.HttpClientOperations - [id: 0xb9fd1fe8, L:/127.0.0.1:50299 - R:localhost/127.0.0.1:8081] Received last HTTP packet
20:40:46.955 [reactor-http-nio-16] DEBUG reactor.netty.resources.PooledConnectionProvider - [id: 0xe937ed28, L:/127.0.0.1:50293 - R:localhost/127.0.0.1:8081] onStateChange(GET{uri=/getAttractions, connection=PooledConnection{channel=[id: 0xe937ed28, L:/127.0.0.1:50293 - R:localhost/127.0.0.1:8081]}}, [disconnecting])
20:40:46.956 [reactor-http-nio-16] DEBUG reactor.netty.resources.PooledConnectionProvider - [id: 0xe937ed28, L:/127.0.0.1:50293 - R:localhost/127.0.0.1:8081] Releasing channel
20:40:46.956 [reactor-http-nio-12] DEBUG reactor.netty.resources.PooledConnectionProvider - [id: 0x3e41c192, L:/127.0.0.1:50266 - R:localhost/127.0.0.1:8081] Channel acquired, now 49 active connections and 16 inactive connections
20:40:46.955 [reactor-http-nio-10] DEBUG reactor.netty.resources.PooledConnectionProvider - [id: 0x8372a394, L:/127.0.0.1:50252 - R:localhost/127.0.0.1:8081] onStateChange(GET{uri=/getAttractions, connection=PooledConnection{channel=[id: 0x8372a394, L:/127.0.0.1:50252 - R:localhost/127.0.0.1:8081]}}, [request_sent])
20:40:46.956 [reactor-http-nio-13] DEBUG reactor.netty.http.client.HttpClientOperations - [id: 0xd31561fb, L:/127.0.0.1:50256 - R:localhost/127.0.0.1:8081] Received response (auto-read:false) : [Content-Type=application/json, Transfer-Encoding=chunked, Date=Fri, 11 Jun 2021 15:10:46 GMT]
20:40:46.955 [reactor-http-nio-15] DEBUG reactor.netty.resources.PooledConnectionProvider - [id: 0x70de3664, L:/127.0.0.1:50262 - R:localhost/127.0.0.1:8081] onStateChange(GET{uri=/getAttractions, connection=PooledConnection{channel=[id: 0x70de3664, L:/127.0.0.1:50262 - R:localhost/127.0.0.1:8081]}}, [request_sent])
20:40:46.956 [reactor-http-nio-12] DEBUG reactor.netty.http.client.HttpClientConnect - [id: 0x3e41c192, L:/127.0.0.1:50266 - R:localhost/127.0.0.1:8081] Handler is being applied: {uri=http://localhost:8081/getAttractions, method=GET}
20:40:46.956 [reactor-http-nio-2] DEBUG org.springframework.core.codec.StringDecoder - [73e5ee8d] Decoded "[{"longitude":-117.922008,"latitude":33.817595,"attractionName":"Disneyland","city":"Anaheim","stat (truncated)...
20:40:46.956 [reactor-http-nio-15] DEBUG reactor.netty.resources.PooledConnectionProvider - [id: 0xb80ff19f, L:/127.0.0.1:50284 - R:localhost/127.0.0.1:8081] Channel acquired, now 49 active connections and 16 inactive connections
20:40:46.956 [reactor-http-nio-2] DEBUG reactor.netty.resources.PooledConnectionProvider - [id: 0xb9fd1fe8, L:/127.0.0.1:50299 - R:localhost/127.0.0.1:8081] onStateChange(GET{uri=/getAttractions, connection=PooledConnection{channel=[id: 0xb9fd1fe8, L:/127.0.0.1:50299 - R:localhost/127.0.0.1:8081]}}, [disconnecting])
20:40:46.956 [reactor-http-nio-2] DEBUG reactor.netty.resources.PooledConnectionProvider - [id: 0xb9fd1fe8, L:/127.0.0.1:50299 - R:localhost/127.0.0.1:8081] Releasing channel
20:40:46.956 [reactor-http-nio-15] DEBUG reactor.netty.http.client.HttpClientConnect - [id: 0xb80ff19f, L:/127.0.0.1:50284 - R:localhost/127.0.0.1:8081] Handler is being applied: {uri=http://localhost:8081/getAttractions, method=GET}
20:40:46.956 [reactor-http-nio-2] DEBUG reactor.netty.resources.PooledConnectionProvider - [id: 0xb9fd1fe8, L:/127.0.0.1:50299 - R:localhost/127.0.0.1:8081] Channel cleaned, now 48 active connections and 17 inactive connections
20:40:46.956 [reactor-http-nio-14] DEBUG reactor.netty.resources.PooledConnectionProvider - [id: 0xcd551a5c, L:/127.0.0.1:50302 - R:localhost/127.0.0.1:8081] onStateChange(GET{uri=/getUserLocation?userId=6bb3ce59-695a-4b0c-ad84-5d9c6c19fb6a, connection=PooledConnection{channel=[id: 0xcd551a5c, L:/127.0.0.1:50302 - R:localhost/127.0.0.1:8081]}}, [response_received])
20:40:46.956 [reactor-http-nio-14] DEBUG org.springframework.web.reactive.function.client.ExchangeFunctions - [2977eae6] Response 200 OK
20:40:46.957 [reactor-http-nio-10] DEBUG reactor.netty.http.client.HttpClientOperations - [id: 0x163b3bc4, L:/127.0.0.1:50305 - R:localhost/127.0.0.1:8081] Received response (auto-read:false) : [Content-Type=application/json, Transfer-Encoding=chunked, Date=Fri, 11 Jun 2021 15:10:46 GMT]
20:40:46.957 [reactor-http-nio-2] DEBUG reactor.netty.http.client.HttpClientOperations - [id: 0x7ef0c167, L:/127.0.0.1:50300 - R:localhost/127.0.0.1:8081] Received response (auto-read:false) : [Content-Type=application/json, Transfer-Encoding=chunked, Date=Fri, 11 Jun 2021 15:10:46 GMT]
20:40:46.957 [reactor-http-nio-2] DEBUG reactor.netty.resources.PooledConnectionProvider - [id: 0x7ef0c167, L:/127.0.0.1:50300 - R:localhost/127.0.0.1:8081] onStateChange(GET{uri=/getAttractions, connection=PooledConnection{channel=[id: 0x7ef0c167, L:/127.0.0.1:50300 - R:localhost/127.0.0.1:8081]}}, [response_received])
20:40:46.957 [reactor-http-nio-15] DEBUG reactor.netty.resources.PooledConnectionProvider - [id: 0xb80ff19f, L:/127.0.0.1:50284 - R:localhost/127.0.0.1:8081] onStateChange(GET{uri=/getAttractions, connection=PooledConnection{channel=[id: 0xb80ff19f, L:/127.0.0.1:50284 - R:localhost/127.0.0.1:8081]}}, [request_sent])
20:40:46.957 [reactor-http-nio-2] DEBUG org.springframework.web.reactive.function.client.ExchangeFunctions - [3142ee01] Response 200 OK
20:40:46.957 [reactor-http-nio-14] DEBUG reactor.netty.channel.FluxReceive - [id: 0xcd551a5c, L:/127.0.0.1:50302 - R:localhost/127.0.0.1:8081] Subscribing inbound receiver [pending: 0, cancelled:false, inboundDone: false]
20:40:46.956 [reactor-http-nio-11] DEBUG org.springframework.web.reactive.function.client.ExchangeFunctions - [25dee278] Response 200 OK
20:40:46.957 [reactor-http-nio-14] DEBUG reactor.netty.http.client.HttpClientOperations - [id: 0xcd551a5c, L:/127.0.0.1:50302 - R:localhost/127.0.0.1:8081] Received last HTTP packet
20:40:46.957 [reactor-http-nio-2] DEBUG reactor.netty.channel.FluxReceive - [id: 0x7ef0c167, L:/127.0.0.1:50300 - R:localhost/127.0.0.1:8081] Subscribing inbound receiver [pending: 0, cancelled:false, inboundDone: false]
20:40:46.956 [reactor-http-nio-16] DEBUG reactor.netty.resources.PooledConnectionProvider - [id: 0xe937ed28, L:/127.0.0.1:50293 - R:localhost/127.0.0.1:8081] Channel cleaned, now 48 active connections and 17 inactive connections
20:40:46.957 [reactor-http-nio-14] DEBUG org.springframework.core.codec.StringDecoder - [2977eae6] Decoded "{"userId":"6bb3ce59-695a-4b0c-ad84-5d9c6c19fb6a","location":{"longitude":-108.345245,"latitude":55. (truncated)...
20:40:46.957 [reactor-http-nio-11] DEBUG reactor.netty.channel.FluxReceive - [id: 0xf4ffa1a5, L:/127.0.0.1:50267 - R:localhost/127.0.0.1:8081] Subscribing inbound receiver [pending: 0, cancelled:false, inboundDone: false]
20:40:46.957 [reactor-http-nio-14] DEBUG reactor.netty.resources.PooledConnectionProvider - [id: 0xcd551a5c, L:/127.0.0.1:50302 - R:localhost/127.0.0.1:8081] onStateChange(GET{uri=/getUserLocation?userId=6bb3ce59-695a-4b0c-ad84-5d9c6c19fb6a, connection=PooledConnection{channel=[id: 0xcd551a5c, L:/127.0.0.1:50302 - R:localhost/127.0.0.1:8081]}}, [disconnecting])
20:40:46.958 [reactor-http-nio-14] DEBUG reactor.netty.resources.PooledConnectionProvider - [id: 0xcd551a5c, L:/127.0.0.1:50302 - R:localhost/127.0.0.1:8081] Releasing channel
20:40:46.958 [reactor-http-nio-14] DEBUG reactor.netty.resources.PooledConnectionProvider - [id: 0xcd551a5c, L:/127.0.0.1:50302 - R:localhost/127.0.0.1:8081] Channel cleaned, now 47 active connections and 18 inactive connections
20:40:46.962 [reactor-http-nio-16] DEBUG reactor.netty.http.client.HttpClientOperations - [id: 0x30c6031c, L:/127.0.0.1:50292 - R:localhost/127.0.0.1:8081] Received response (auto-read:false) : [Content-Type=application/json, Transfer-Encoding=chunked, Date=Fri, 11 Jun 2021 15:10:46 GMT]
20:40:46.956 [reactor-http-nio-13] DEBUG reactor.netty.resources.PooledConnectionProvider - [id: 0xd31561fb, L:/127.0.0.1:50256 - R:localhost/127.0.0.1:8081] onStateChange(GET{uri=/getUserLocation?userId=aed4c7c3-12f8-489b-b253-733224552f37, connection=PooledConnection{channel=[id: 0xd31561fb, L:/127.0.0.1:50256 - R:localhost/127.0.0.1:8081]}}, [response_received])
20:40:46.962 [reactor-http-nio-2] DEBUG reactor.netty.http.client.HttpClientOperations - [id: 0x7ef0c167, L:/127.0.0.1:50300 - R:localhost/127.0.0.1:8081] Received last HTTP packet
20:40:46.962 [reactor-http-nio-13] DEBUG org.springframework.web.reactive.function.client.ExchangeFunctions - [4d23748f] Response 200 OK
20:40:46.962 [pool-12-thread-5] DEBUG org.springframework.web.reactive.function.client.ExchangeFunctions - [6a67582e] HTTP GET http://localhost:8081/getUserLocation?userId=93d76f23-358a-4699-b128-134a0659bd43
20:40:46.957 [reactor-http-nio-12] DEBUG reactor.netty.resources.PooledConnectionProvider - [id: 0x3e41c192, L:/127.0.0.1:50266 - R:localhost/127.0.0.1:8081] onStateChange(GET{uri=/getAttractions, connection=PooledConnection{channel=[id: 0x3e41c192, L:/127.0.0.1:50266 - R:localhost/127.0.0.1:8081]}}, [request_sent])
20:40:46.963 [reactor-http-nio-12] DEBUG reactor.netty.resources.PooledConnectionProvider - [id: 0xb65f99c8, L:/127.0.0.1:50309 - R:localhost/127.0.0.1:8081] Channel acquired, now 48 active connections and 17 inactive connections
20:40:46.957 [reactor-http-nio-10] DEBUG reactor.netty.resources.PooledConnectionProvider - [id: 0x163b3bc4, L:/127.0.0.1:50305 - R:localhost/127.0.0.1:8081] onStateChange(GET{uri=/getUserLocation?userId=349d4dde-02a0-4330-8a8f-12af1ee96ecd, connection=PooledConnection{channel=[id: 0x163b3bc4, L:/127.0.0.1:50305 - R:localhost/127.0.0.1:8081]}}, [response_received])
20:40:46.963 [reactor-http-nio-12] DEBUG reactor.netty.http.client.HttpClientConnect - [id: 0xb65f99c8, L:/127.0.0.1:50309 - R:localhost/127.0.0.1:8081] Handler is being applied: {uri=http://localhost:8081/getAttractions, method=GET}
20:40:46.957 [pool-12-thread-48] DEBUG org.springframework.web.reactive.function.client.ExchangeFunctions - [a00f369] HTTP GET http://localhost:8081/getUserLocation?userId=ce120466-7fc3-4527-acdd-96bfc2d97ae2
20:40:46.962 [reactor-http-nio-16] DEBUG reactor.netty.resources.PooledConnectionProvider - [id: 0x30c6031c, L:/127.0.0.1:50292 - R:localhost/127.0.0.1:8081] onStateChange(GET{uri=/getUserLocation?userId=c72b9585-4a23-4eec-8ce7-8e91df1f9c11, connection=PooledConnection{channel=[id: 0x30c6031c, L:/127.0.0.1:50292 - R:localhost/127.0.0.1:8081]}}, [response_received])
20:40:46.962 [reactor-http-nio-11] DEBUG reactor.netty.http.client.HttpClientOperations - [id: 0xf4ffa1a5, L:/127.0.0.1:50267 - R:localhost/127.0.0.1:8081] Received last HTTP packet
20:40:46.963 [reactor-http-nio-14] DEBUG reactor.netty.http.client.HttpClientOperations - [id: 0xebe13634, L:/127.0.0.1:50273 - R:localhost/127.0.0.1:8081] Received response (auto-read:false) : [Content-Type=application/json, Transfer-Encoding=chunked, Date=Fri, 11 Jun 2021 15:10:46 GMT]
20:40:46.963 [reactor-http-nio-2] DEBUG org.springframework.core.codec.StringDecoder - [3142ee01] Decoded "[{"longitude":-117.922008,"latitude":33.817595,"attractionName":"Disneyland","city":"Anaheim","stat (truncated)...
20:40:46.963 [reactor-http-nio-10] DEBUG org.springframework.web.reactive.function.client.ExchangeFunctions - [68612fd2] Response 200 OK
20:40:46.963 [reactor-http-nio-2] DEBUG reactor.netty.resources.PooledConnectionProvider - [id: 0x7ef0c167, L:/127.0.0.1:50300 - R:localhost/127.0.0.1:8081] onStateChange(GET{uri=/getAttractions, connection=PooledConnection{channel=[id: 0x7ef0c167, L:/127.0.0.1:50300 - R:localhost/127.0.0.1:8081]}}, [disconnecting])
20:40:46.963 [reactor-http-nio-2] DEBUG reactor.netty.resources.PooledConnectionProvider - [id: 0x7ef0c167, L:/127.0.0.1:50300 - R:localhost/127.0.0.1:8081] Releasing channel
20:40:46.963 [reactor-http-nio-2] DEBUG reactor.netty.resources.PooledConnectionProvider - [id: 0x7ef0c167, L:/127.0.0.1:50300 - R:localhost/127.0.0.1:8081] Channel cleaned, now 47 active connections and 18 inactive connections
20:40:46.963 [reactor-http-nio-13] DEBUG reactor.netty.channel.FluxReceive - [id: 0xd31561fb, L:/127.0.0.1:50256 - R:localhost/127.0.0.1:8081] Subscribing inbound receiver [pending: 0, cancelled:false, inboundDone: false]
20:40:46.964 [reactor-http-nio-15] DEBUG reactor.netty.http.client.HttpClientOperations - [id: 0xd82da432, L:/127.0.0.1:50272 - R:localhost/127.0.0.1:8081] Received response (auto-read:false) : [Content-Type=application/json, Transfer-Encoding=chunked, Date=Fri, 11 Jun 2021 15:10:46 GMT]
20:40:46.964 [reactor-http-nio-15] DEBUG reactor.netty.resources.PooledConnectionProvider - [id: 0xd82da432, L:/127.0.0.1:50272 - R:localhost/127.0.0.1:8081] onStateChange(GET{uri=/getUserLocation?userId=cc61425e-ccf3-4b21-9d7e-7a1e4e315cb9, connection=PooledConnection{channel=[id: 0xd82da432, L:/127.0.0.1:50272 - R:localhost/127.0.0.1:8081]}}, [response_received])
20:40:46.964 [reactor-http-nio-12] DEBUG reactor.netty.resources.PooledConnectionProvider - [id: 0xb65f99c8, L:/127.0.0.1:50309 - R:localhost/127.0.0.1:8081] onStateChange(GET{uri=/getAttractions, connection=PooledConnection{channel=[id: 0xb65f99c8, L:/127.0.0.1:50309 - R:localhost/127.0.0.1:8081]}}, [request_sent])
20:40:46.964 [reactor-http-nio-15] DEBUG org.springframework.web.reactive.function.client.ExchangeFunctions - [4be544b3] Response 200 OK
20:40:46.964 [reactor-http-nio-12] DEBUG reactor.netty.resources.PooledConnectionProvider - [id: 0x76564411, L:/127.0.0.1:50307 - R:localhost/127.0.0.1:8081] Channel acquired, now 48 active connections and 17 inactive connections
20:40:46.964 [reactor-http-nio-13] DEBUG reactor.netty.http.client.HttpClientOperations - [id: 0xd31561fb, L:/127.0.0.1:50256 - R:localhost/127.0.0.1:8081] Received last HTTP packet
20:40:46.964 [reactor-http-nio-10] DEBUG reactor.netty.channel.FluxReceive - [id: 0x163b3bc4, L:/127.0.0.1:50305 - R:localhost/127.0.0.1:8081] Subscribing inbound receiver [pending: 0, cancelled:false, inboundDone: false]
20:40:46.964 [reactor-http-nio-12] DEBUG reactor.netty.http.client.HttpClientConnect - [id: 0x76564411, L:/127.0.0.1:50307 - R:localhost/127.0.0.1:8081] Handler is being applied: {uri=http://localhost:8081/getAttractions, method=GET}
20:40:46.964 [reactor-http-nio-13] DEBUG org.springframework.core.codec.StringDecoder - [4d23748f] Decoded "{"userId":"aed4c7c3-12f8-489b-b253-733224552f37","location":{"longitude":-36.555919,"latitude":-55. (truncated)...
20:40:46.964 [reactor-http-nio-13] DEBUG reactor.netty.resources.PooledConnectionProvider - [id: 0xd31561fb, L:/127.0.0.1:50256 - R:localhost/127.0.0.1:8081] onStateChange(GET{uri=/getUserLocation?userId=aed4c7c3-12f8-489b-b253-733224552f37, connection=PooledConnection{channel=[id: 0xd31561fb, L:/127.0.0.1:50256 - R:localhost/127.0.0.1:8081]}}, [disconnecting])
20:40:46.964 [reactor-http-nio-13] DEBUG reactor.netty.resources.PooledConnectionProvider - [id: 0xd31561fb, L:/127.0.0.1:50256 - R:localhost/127.0.0.1:8081] Releasing channel
20:40:46.964 [reactor-http-nio-10] DEBUG reactor.netty.http.client.HttpClientOperations - [id: 0x163b3bc4, L:/127.0.0.1:50305 - R:localhost/127.0.0.1:8081] Received last HTTP packet
20:40:46.963 [reactor-http-nio-16] DEBUG org.springframework.web.reactive.function.client.ExchangeFunctions - [73dd8e48] Response 200 OK
20:40:46.964 [reactor-http-nio-10] DEBUG org.springframework.core.codec.StringDecoder - [68612fd2] Decoded "{"userId":"349d4dde-02a0-4330-8a8f-12af1ee96ecd","location":{"longitude":-91.843794,"latitude":-42. (truncated)...
20:40:46.963 [reactor-http-nio-14] DEBUG reactor.netty.resources.PooledConnectionProvider - [id: 0xebe13634, L:/127.0.0.1:50273 - R:localhost/127.0.0.1:8081] onStateChange(GET{uri=/getAttractions, connection=PooledConnection{channel=[id: 0xebe13634, L:/127.0.0.1:50273 - R:localhost/127.0.0.1:8081]}}, [response_received])
20:40:46.964 [pool-12-thread-60] DEBUG org.springframework.web.reactive.function.client.ExchangeFunctions - [77da7429] HTTP GET http://localhost:8081/getUserLocation?userId=12fe00fb-9935-4c53-91d1-c17701000cc3
20:40:46.964 [reactor-http-nio-10] DEBUG reactor.netty.resources.PooledConnectionProvider - [id: 0x163b3bc4, L:/127.0.0.1:50305 - R:localhost/127.0.0.1:8081] onStateChange(GET{uri=/getUserLocation?userId=349d4dde-02a0-4330-8a8f-12af1ee96ecd, connection=PooledConnection{channel=[id: 0x163b3bc4, L:/127.0.0.1:50305 - R:localhost/127.0.0.1:8081]}}, [disconnecting])
20:40:46.964 [reactor-http-nio-10] DEBUG reactor.netty.resources.PooledConnectionProvider - [id: 0x163b3bc4, L:/127.0.0.1:50305 - R:localhost/127.0.0.1:8081] Releasing channel
20:40:46.964 [reactor-http-nio-10] DEBUG reactor.netty.resources.PooledConnectionProvider - [id: 0x163b3bc4, L:/127.0.0.1:50305 - R:localhost/127.0.0.1:8081] Channel cleaned, now 46 active connections and 19 inactive connections
20:40:46.964 [reactor-http-nio-11] DEBUG org.springframework.core.codec.StringDecoder - [25dee278] Decoded "[{"longitude":-117.922008,"latitude":33.817595,"attractionName":"Disneyland","city":"Anaheim","stat (truncated)...
20:40:46.965 [reactor-http-nio-16] DEBUG reactor.netty.channel.FluxReceive - [id: 0x30c6031c, L:/127.0.0.1:50292 - R:localhost/127.0.0.1:8081] Subscribing inbound receiver [pending: 0, cancelled:false, inboundDone: false]
20:40:46.965 [reactor-http-nio-11] DEBUG reactor.netty.resources.PooledConnectionProvider - [id: 0xf4ffa1a5, L:/127.0.0.1:50267 - R:localhost/127.0.0.1:8081] onStateChange(GET{uri=/getAttractions, connection=PooledConnection{channel=[id: 0xf4ffa1a5, L:/127.0.0.1:50267 - R:localhost/127.0.0.1:8081]}}, [disconnecting])
20:40:46.965 [reactor-http-nio-11] DEBUG reactor.netty.resources.PooledConnectionProvider - [id: 0xf4ffa1a5, L:/127.0.0.1:50267 - R:localhost/127.0.0.1:8081] Releasing channel
20:40:46.965 [reactor-http-nio-11] DEBUG reactor.netty.resources.PooledConnectionProvider - [id: 0xf4ffa1a5, L:/127.0.0.1:50267 - R:localhost/127.0.0.1:8081] Channel cleaned, now 45 active connections and 20 inactive connections
20:40:46.965 [reactor-http-nio-16] DEBUG reactor.netty.http.client.HttpClientOperations - [id: 0x30c6031c, L:/127.0.0.1:50292 - R:localhost/127.0.0.1:8081] Received last HTTP packet
20:40:46.964 [reactor-http-nio-15] DEBUG reactor.netty.channel.FluxReceive - [id: 0xd82da432, L:/127.0.0.1:50272 - R:localhost/127.0.0.1:8081] Subscribing inbound receiver [pending: 0, cancelled:false, inboundDone: false]
20:40:46.965 [reactor-http-nio-16] DEBUG org.springframework.core.codec.StringDecoder - [73dd8e48] Decoded "{"userId":"c72b9585-4a23-4eec-8ce7-8e91df1f9c11","location":{"longitude":56.487285,"latitude":-46.9 (truncated)...
20:40:46.965 [reactor-http-nio-16] DEBUG reactor.netty.resources.PooledConnectionProvider - [id: 0x30c6031c, L:/127.0.0.1:50292 - R:localhost/127.0.0.1:8081] onStateChange(GET{uri=/getUserLocation?userId=c72b9585-4a23-4eec-8ce7-8e91df1f9c11, connection=PooledConnection{channel=[id: 0x30c6031c, L:/127.0.0.1:50292 - R:localhost/127.0.0.1:8081]}}, [disconnecting])
20:40:46.965 [reactor-http-nio-16] DEBUG reactor.netty.resources.PooledConnectionProvider - [id: 0x30c6031c, L:/127.0.0.1:50292 - R:localhost/127.0.0.1:8081] Releasing channel
20:40:46.965 [reactor-http-nio-16] DEBUG reactor.netty.resources.PooledConnectionProvider - [id: 0x30c6031c, L:/127.0.0.1:50292 - R:localhost/127.0.0.1:8081] Channel cleaned, now 44 active connections and 21 inactive connections
20:40:46.965 [reactor-http-nio-15] DEBUG reactor.netty.http.client.HttpClientOperations - [id: 0xd82da432, L:/127.0.0.1:50272 - R:localhost/127.0.0.1:8081] Received last HTTP packet
20:40:46.965 [reactor-http-nio-16] DEBUG reactor.netty.resources.PooledConnectionProvider - [id: 0x0ffc5b2c, L:/127.0.0.1:50250 - R:localhost/127.0.0.1:8081] Channel acquired, now 45 active connections and 20 inactive connections
20:40:46.965 [reactor-http-nio-15] DEBUG org.springframework.core.codec.StringDecoder - [4be544b3] Decoded "{"userId":"cc61425e-ccf3-4b21-9d7e-7a1e4e315cb9","location":{"longitude":-101.02032,"latitude":30.7 (truncated)...
20:40:46.965 [reactor-http-nio-16] DEBUG reactor.netty.http.client.HttpClientConnect - [id: 0x0ffc5b2c, L:/127.0.0.1:50250 - R:localhost/127.0.0.1:8081] Handler is being applied: {uri=http://localhost:8081/getAttractions, method=GET}
20:40:46.964 [reactor-http-nio-13] DEBUG reactor.netty.resources.PooledConnectionProvider - [id: 0xd31561fb, L:/127.0.0.1:50256 - R:localhost/127.0.0.1:8081] Channel cleaned, now 47 active connections and 18 inactive connections
20:40:46.965 [reactor-http-nio-15] DEBUG reactor.netty.resources.PooledConnectionProvider - [id: 0xd82da432, L:/127.0.0.1:50272 - R:localhost/127.0.0.1:8081] onStateChange(GET{uri=/getUserLocation?userId=cc61425e-ccf3-4b21-9d7e-7a1e4e315cb9, connection=PooledConnection{channel=[id: 0xd82da432, L:/127.0.0.1:50272 - R:localhost/127.0.0.1:8081]}}, [disconnecting])
20:40:46.966 [reactor-http-nio-15] DEBUG reactor.netty.resources.PooledConnectionProvider - [id: 0xd82da432, L:/127.0.0.1:50272 - R:localhost/127.0.0.1:8081] Releasing channel
20:40:46.966 [reactor-http-nio-15] DEBUG reactor.netty.resources.PooledConnectionProvider - [id: 0xd82da432, L:/127.0.0.1:50272 - R:localhost/127.0.0.1:8081] Channel cleaned, now 45 active connections and 20 inactive connections
20:40:46.966 [reactor-http-nio-16] DEBUG reactor.netty.resources.PooledConnectionProvider - [id: 0x0ffc5b2c, L:/127.0.0.1:50250 - R:localhost/127.0.0.1:8081] onStateChange(GET{uri=/getAttractions, connection=PooledConnection{channel=[id: 0x0ffc5b2c, L:/127.0.0.1:50250 - R:localhost/127.0.0.1:8081]}}, [request_sent])
20:40:46.966 [pool-12-thread-2] DEBUG org.springframework.web.reactive.function.client.ExchangeFunctions - [821f34f] HTTP GET http://localhost:8081/getAttractions
20:40:46.966 [reactor-http-nio-16] DEBUG reactor.netty.resources.PooledConnectionProvider - [id: 0x4ab47f8c, L:/127.0.0.1:50291 - R:localhost/127.0.0.1:8081] Channel acquired, now 46 active connections and 19 inactive connections
20:40:46.964 [pool-12-thread-59] DEBUG org.springframework.web.reactive.function.client.ExchangeFunctions - [27b011b8] HTTP GET http://localhost:8081/getAttractions
20:40:46.966 [reactor-http-nio-16] DEBUG reactor.netty.http.client.HttpClientConnect - [id: 0x4ab47f8c, L:/127.0.0.1:50291 - R:localhost/127.0.0.1:8081] Handler is being applied: {uri=http://localhost:8081/getAttractions, method=GET}
20:40:46.967 [reactor-http-nio-2] DEBUG reactor.netty.resources.PooledConnectionProvider - [id: 0xb9fd1fe8, L:/127.0.0.1:50299 - R:localhost/127.0.0.1:8081] Channel acquired, now 47 active connections and 18 inactive connections
20:40:46.964 [reactor-http-nio-14] DEBUG org.springframework.web.reactive.function.client.ExchangeFunctions - [3a51188d] Response 200 OK
20:40:46.967 [reactor-http-nio-2] DEBUG reactor.netty.http.client.HttpClientConnect - [id: 0xb9fd1fe8, L:/127.0.0.1:50299 - R:localhost/127.0.0.1:8081] Handler is being applied: {uri=http://localhost:8081/getAttractions, method=GET}
20:40:46.965 [reactor-http-nio-12] DEBUG reactor.netty.resources.PooledConnectionProvider - [id: 0x76564411, L:/127.0.0.1:50307 - R:localhost/127.0.0.1:8081] onStateChange(GET{uri=/getAttractions, connection=PooledConnection{channel=[id: 0x76564411, L:/127.0.0.1:50307 - R:localhost/127.0.0.1:8081]}}, [request_sent])
20:40:46.968 [reactor-http-nio-16] DEBUG reactor.netty.resources.PooledConnectionProvider - [id: 0x4ab47f8c, L:/127.0.0.1:50291 - R:localhost/127.0.0.1:8081] onStateChange(GET{uri=/getAttractions, connection=PooledConnection{channel=[id: 0x4ab47f8c, L:/127.0.0.1:50291 - R:localhost/127.0.0.1:8081]}}, [request_sent])
20:40:46.968 [pool-12-thread-50] DEBUG org.springframework.web.reactive.function.client.ExchangeFunctions - [51b5b921] HTTP GET http://localhost:8081/getUserLocation?userId=aabe1f59-e0d2-4adb-bfd2-ec100c8027f5
20:40:46.965 [reactor-http-nio-10] DEBUG reactor.netty.http.client.HttpClientOperations - [id: 0x2a5ccfca, L:/127.0.0.1:50306 - R:localhost/127.0.0.1:8081] Received response (auto-read:false) : [Content-Type=application/json, Transfer-Encoding=chunked, Date=Fri, 11 Jun 2021 15:10:46 GMT]
20:40:46.968 [pool-12-thread-26] DEBUG org.springframework.web.reactive.function.client.ExchangeFunctions - [ee7c3ab] HTTP GET http://localhost:8081/getAttractions
20:40:46.968 [reactor-http-nio-11] DEBUG reactor.netty.http.client.HttpClientOperations - [id: 0x5ee0aef5, L:/127.0.0.1:50263 - R:localhost/127.0.0.1:8081] Received response (auto-read:false) : [Content-Type=application/json, Transfer-Encoding=chunked, Date=Fri, 11 Jun 2021 15:10:46 GMT]
20:40:46.968 [reactor-http-nio-16] DEBUG reactor.netty.http.client.HttpClientOperations - [id: 0x55a55ac0, L:/127.0.0.1:50255 - R:localhost/127.0.0.1:8081] Received response (auto-read:false) : [Content-Type=application/json, Transfer-Encoding=chunked, Date=Fri, 11 Jun 2021 15:10:46 GMT]
20:40:46.968 [reactor-http-nio-11] DEBUG reactor.netty.resources.PooledConnectionProvider - [id: 0x5ee0aef5, L:/127.0.0.1:50263 - R:localhost/127.0.0.1:8081] onStateChange(GET{uri=/getUserLocation?userId=691232f4-b8a7-4289-999e-6473969f0239, connection=PooledConnection{channel=[id: 0x5ee0aef5, L:/127.0.0.1:50263 - R:localhost/127.0.0.1:8081]}}, [response_received])
20:40:46.966 [reactor-http-nio-13] DEBUG reactor.netty.resources.PooledConnectionProvider - [id: 0x7744abeb, L:/127.0.0.1:50286 - R:localhost/127.0.0.1:8081] Channel acquired, now 45 active connections and 20 inactive connections
20:40:46.966 [pool-12-thread-55] DEBUG org.springframework.web.reactive.function.client.ExchangeFunctions - [66a6dcae] HTTP GET http://localhost:8081/getAttractions
20:40:46.968 [reactor-http-nio-11] DEBUG org.springframework.web.reactive.function.client.ExchangeFunctions - [11261809] Response 200 OK
20:40:46.967 [pool-12-thread-63] DEBUG org.springframework.web.reactive.function.client.ExchangeFunctions - [357d7cf1] HTTP GET http://localhost:8081/getUserLocation?userId=7a01899e-aef6-4bc9-8103-ba521a2216ed
20:40:46.968 [reactor-http-nio-13] DEBUG reactor.netty.http.client.HttpClientConnect - [id: 0x7744abeb, L:/127.0.0.1:50286 - R:localhost/127.0.0.1:8081] Handler is being applied: {uri=http://localhost:8081/getUserLocation?userId=ce120466-7fc3-4527-acdd-96bfc2d97ae2, method=GET}
20:40:46.968 [reactor-http-nio-14] DEBUG reactor.netty.channel.FluxReceive - [id: 0xebe13634, L:/127.0.0.1:50273 - R:localhost/127.0.0.1:8081] Subscribing inbound receiver [pending: 0, cancelled:false, inboundDone: false]
20:40:46.968 [reactor-http-nio-2] DEBUG reactor.netty.resources.PooledConnectionProvider - [id: 0xb9fd1fe8, L:/127.0.0.1:50299 - R:localhost/127.0.0.1:8081] onStateChange(GET{uri=/getAttractions, connection=PooledConnection{channel=[id: 0xb9fd1fe8, L:/127.0.0.1:50299 - R:localhost/127.0.0.1:8081]}}, [request_sent])
20:40:46.968 [pool-12-thread-47] DEBUG org.springframework.web.reactive.function.client.ExchangeFunctions - [7d1a6e43] HTTP GET http://localhost:8081/getAttractions
20:40:46.968 [pool-12-thread-24] DEBUG org.springframework.web.reactive.function.client.ExchangeFunctions - [21e1621b] HTTP GET http://localhost:8081/getUserLocation?userId=ed11bd43-a995-40f7-bf02-33f3d9afdf12
20:40:46.969 [reactor-http-nio-2] DEBUG reactor.netty.resources.PooledConnectionProvider - [id: 0x7ef0c167, L:/127.0.0.1:50300 - R:localhost/127.0.0.1:8081] Channel acquired, now 48 active connections and 17 inactive connections
20:40:46.968 [reactor-http-nio-10] DEBUG reactor.netty.resources.PooledConnectionProvider - [id: 0x2a5ccfca, L:/127.0.0.1:50306 - R:localhost/127.0.0.1:8081] onStateChange(GET{uri=/getUserLocation?userId=10d9018d-dc7d-430f-a6ed-b85ec99009de, connection=PooledConnection{channel=[id: 0x2a5ccfca, L:/127.0.0.1:50306 - R:localhost/127.0.0.1:8081]}}, [response_received])
20:40:46.969 [reactor-http-nio-11] DEBUG reactor.netty.channel.FluxReceive - [id: 0x5ee0aef5, L:/127.0.0.1:50263 - R:localhost/127.0.0.1:8081] Subscribing inbound receiver [pending: 0, cancelled:false, inboundDone: false]
20:40:46.968 [reactor-http-nio-15] DEBUG reactor.netty.http.client.HttpClientOperations - [id: 0x70de3664, L:/127.0.0.1:50262 - R:localhost/127.0.0.1:8081] Received response (auto-read:false) : [Content-Type=application/json, Transfer-Encoding=chunked, Date=Fri, 11 Jun 2021 15:10:46 GMT]
20:40:46.968 [reactor-http-nio-12] DEBUG reactor.netty.http.client.HttpClientOperations - [id: 0xa6263615, L:/127.0.0.1:50308 - R:localhost/127.0.0.1:8081] Received response (auto-read:false) : [Content-Type=application/json, Transfer-Encoding=chunked, Date=Fri, 11 Jun 2021 15:10:46 GMT]
20:40:46.968 [reactor-http-nio-16] DEBUG reactor.netty.resources.PooledConnectionProvider - [id: 0x55a55ac0, L:/127.0.0.1:50255 - R:localhost/127.0.0.1:8081] onStateChange(GET{uri=/getAttractions, connection=PooledConnection{channel=[id: 0x55a55ac0, L:/127.0.0.1:50255 - R:localhost/127.0.0.1:8081]}}, [response_received])
20:40:46.969 [reactor-http-nio-14] DEBUG reactor.netty.http.client.HttpClientOperations - [id: 0xebe13634, L:/127.0.0.1:50273 - R:localhost/127.0.0.1:8081] Received last HTTP packet
20:40:46.969 [reactor-http-nio-10] DEBUG org.springframework.web.reactive.function.client.ExchangeFunctions - [8112739] Response 200 OK
20:40:46.969 [reactor-http-nio-16] DEBUG org.springframework.web.reactive.function.client.ExchangeFunctions - [4f6a08b] Response 200 OK
20:40:46.969 [reactor-http-nio-2] DEBUG reactor.netty.http.client.HttpClientConnect - [id: 0x7ef0c167, L:/127.0.0.1:50300 - R:localhost/127.0.0.1:8081] Handler is being applied: {uri=http://localhost:8081/getUserLocation?userId=aabe1f59-e0d2-4adb-bfd2-ec100c8027f5, method=GET}
20:40:46.969 [reactor-http-nio-11] DEBUG reactor.netty.http.client.HttpClientOperations - [id: 0x5ee0aef5, L:/127.0.0.1:50263 - R:localhost/127.0.0.1:8081] Received last HTTP packet
20:40:46.969 [reactor-http-nio-15] DEBUG reactor.netty.resources.PooledConnectionProvider - [id: 0x70de3664, L:/127.0.0.1:50262 - R:localhost/127.0.0.1:8081] onStateChange(GET{uri=/getAttractions, connection=PooledConnection{channel=[id: 0x70de3664, L:/127.0.0.1:50262 - R:localhost/127.0.0.1:8081]}}, [response_received])
20:40:46.969 [reactor-http-nio-11] DEBUG org.springframework.core.codec.StringDecoder - [11261809] Decoded "{"userId":"691232f4-b8a7-4289-999e-6473969f0239","location":{"longitude":179.359034,"latitude":28.5 (truncated)...
20:40:46.969 [reactor-http-nio-15] DEBUG org.springframework.web.reactive.function.client.ExchangeFunctions - [6520ea8a] Response 200 OK
20:40:46.969 [reactor-http-nio-11] DEBUG reactor.netty.resources.PooledConnectionProvider - [id: 0x5ee0aef5, L:/127.0.0.1:50263 - R:localhost/127.0.0.1:8081] onStateChange(GET{uri=/getUserLocation?userId=691232f4-b8a7-4289-999e-6473969f0239, connection=PooledConnection{channel=[id: 0x5ee0aef5, L:/127.0.0.1:50263 - R:localhost/127.0.0.1:8081]}}, [disconnecting])
20:40:46.969 [reactor-http-nio-11] DEBUG reactor.netty.resources.PooledConnectionProvider - [id: 0x5ee0aef5, L:/127.0.0.1:50263 - R:localhost/127.0.0.1:8081] Releasing channel
20:40:46.969 [reactor-http-nio-11] DEBUG reactor.netty.resources.PooledConnectionProvider - [id: 0x5ee0aef5, L:/127.0.0.1:50263 - R:localhost/127.0.0.1:8081] Channel cleaned, now 47 active connections and 18 inactive connections
20:40:46.969 [reactor-http-nio-10] DEBUG reactor.netty.channel.FluxReceive - [id: 0x2a5ccfca, L:/127.0.0.1:50306 - R:localhost/127.0.0.1:8081] Subscribing inbound receiver [pending: 0, cancelled:false, inboundDone: false]
20:40:46.970 [reactor-http-nio-14] DEBUG org.springframework.core.codec.StringDecoder - [3a51188d] Decoded "[{"longitude":-117.922008,"latitude":33.817595,"attractionName":"Disneyland","city":"Anaheim","stat (truncated)...
20:40:46.970 [reactor-http-nio-11] DEBUG reactor.netty.resources.PooledConnectionProvider - [id: 0xcd2f5c0e, L:/127.0.0.1:50278 - R:localhost/127.0.0.1:8081] Channel acquired, now 48 active connections and 17 inactive connections
20:40:46.970 [reactor-http-nio-14] DEBUG reactor.netty.resources.PooledConnectionProvider - [id: 0xebe13634, L:/127.0.0.1:50273 - R:localhost/127.0.0.1:8081] onStateChange(GET{uri=/getAttractions, connection=PooledConnection{channel=[id: 0xebe13634, L:/127.0.0.1:50273 - R:localhost/127.0.0.1:8081]}}, [disconnecting])
20:40:46.970 [reactor-http-nio-14] DEBUG reactor.netty.resources.PooledConnectionProvider - [id: 0xebe13634, L:/127.0.0.1:50273 - R:localhost/127.0.0.1:8081] Releasing channel
20:40:46.970 [reactor-http-nio-11] DEBUG reactor.netty.http.client.HttpClientConnect - [id: 0xcd2f5c0e, L:/127.0.0.1:50278 - R:localhost/127.0.0.1:8081] Handler is being applied: {uri=http://localhost:8081/getUserLocation?userId=93d76f23-358a-4699-b128-134a0659bd43, method=GET}
20:40:46.970 [reactor-http-nio-15] DEBUG reactor.netty.channel.FluxReceive - [id: 0x70de3664, L:/127.0.0.1:50262 - R:localhost/127.0.0.1:8081] Subscribing inbound receiver [pending: 0, cancelled:false, inboundDone: false]
20:40:46.970 [reactor-http-nio-10] DEBUG reactor.netty.http.client.HttpClientOperations - [id: 0x2a5ccfca, L:/127.0.0.1:50306 - R:localhost/127.0.0.1:8081] Received last HTTP packet
20:40:46.970 [reactor-http-nio-10] DEBUG org.springframework.core.codec.StringDecoder - [8112739] Decoded "{"userId":"10d9018d-dc7d-430f-a6ed-b85ec99009de","location":{"longitude":61.813774,"latitude":-26.8 (truncated)...
20:40:46.970 [reactor-http-nio-15] DEBUG reactor.netty.http.client.HttpClientOperations - [id: 0x70de3664, L:/127.0.0.1:50262 - R:localhost/127.0.0.1:8081] Received last HTTP packet
20:40:46.970 [reactor-http-nio-10] DEBUG reactor.netty.resources.PooledConnectionProvider - [id: 0x2a5ccfca, L:/127.0.0.1:50306 - R:localhost/127.0.0.1:8081] onStateChange(GET{uri=/getUserLocation?userId=10d9018d-dc7d-430f-a6ed-b85ec99009de, connection=PooledConnection{channel=[id: 0x2a5ccfca, L:/127.0.0.1:50306 - R:localhost/127.0.0.1:8081]}}, [disconnecting])
20:40:46.970 [reactor-http-nio-10] DEBUG reactor.netty.resources.PooledConnectionProvider - [id: 0x2a5ccfca, L:/127.0.0.1:50306 - R:localhost/127.0.0.1:8081] Releasing channel
20:40:46.970 [reactor-http-nio-10] DEBUG reactor.netty.resources.PooledConnectionProvider - [id: 0x2a5ccfca, L:/127.0.0.1:50306 - R:localhost/127.0.0.1:8081] Channel cleaned, now 46 active connections and 19 inactive connections
20:40:46.970 [reactor-http-nio-10] DEBUG reactor.netty.resources.PooledConnectionProvider - [id: 0x78591639, L:/127.0.0.1:50280 - R:localhost/127.0.0.1:8081] Channel acquired, now 47 active connections and 18 inactive connections
20:40:46.970 [reactor-http-nio-10] DEBUG reactor.netty.http.client.HttpClientConnect - [id: 0x78591639, L:/127.0.0.1:50280 - R:localhost/127.0.0.1:8081] Handler is being applied: {uri=http://localhost:8081/getAttractions, method=GET}
20:40:46.970 [reactor-http-nio-11] DEBUG reactor.netty.resources.PooledConnectionProvider - [id: 0xcd2f5c0e, L:/127.0.0.1:50278 - R:localhost/127.0.0.1:8081] onStateChange(GET{uri=/getUserLocation?userId=93d76f23-358a-4699-b128-134a0659bd43, connection=PooledConnection{channel=[id: 0xcd2f5c0e, L:/127.0.0.1:50278 - R:localhost/127.0.0.1:8081]}}, [request_sent])
20:40:46.970 [reactor-http-nio-15] DEBUG org.springframework.core.codec.StringDecoder - [6520ea8a] Decoded "[{"longitude":-117.922008,"latitude":33.817595,"attractionName":"Disneyland","city":"Anaheim","stat (truncated)...
20:40:46.970 [reactor-http-nio-15] DEBUG reactor.netty.resources.PooledConnectionProvider - [id: 0x70de3664, L:/127.0.0.1:50262 - R:localhost/127.0.0.1:8081] onStateChange(GET{uri=/getAttractions, connection=PooledConnection{channel=[id: 0x70de3664, L:/127.0.0.1:50262 - R:localhost/127.0.0.1:8081]}}, [disconnecting])
20:40:46.971 [reactor-http-nio-15] DEBUG reactor.netty.resources.PooledConnectionProvider - [id: 0x70de3664, L:/127.0.0.1:50262 - R:localhost/127.0.0.1:8081] Releasing channel
20:40:46.971 [reactor-http-nio-15] DEBUG reactor.netty.resources.PooledConnectionProvider - [id: 0x70de3664, L:/127.0.0.1:50262 - R:localhost/127.0.0.1:8081] Channel cleaned, now 46 active connections and 19 inactive connections
20:40:46.971 [reactor-http-nio-10] DEBUG reactor.netty.resources.PooledConnectionProvider - [id: 0x78591639, L:/127.0.0.1:50280 - R:localhost/127.0.0.1:8081] onStateChange(GET{uri=/getAttractions, connection=PooledConnection{channel=[id: 0x78591639, L:/127.0.0.1:50280 - R:localhost/127.0.0.1:8081]}}, [request_sent])
20:40:46.971 [reactor-http-nio-15] DEBUG reactor.netty.http.client.HttpClientOperations - [id: 0xb80ff19f, L:/127.0.0.1:50284 - R:localhost/127.0.0.1:8081] Received response (auto-read:false) : [Content-Type=application/json, Transfer-Encoding=chunked, Date=Fri, 11 Jun 2021 15:10:46 GMT]
20:40:46.971 [reactor-http-nio-15] DEBUG reactor.netty.resources.PooledConnectionProvider - [id: 0xb80ff19f, L:/127.0.0.1:50284 - R:localhost/127.0.0.1:8081] onStateChange(GET{uri=/getAttractions, connection=PooledConnection{channel=[id: 0xb80ff19f, L:/127.0.0.1:50284 - R:localhost/127.0.0.1:8081]}}, [response_received])
20:40:46.971 [reactor-http-nio-15] DEBUG org.springframework.web.reactive.function.client.ExchangeFunctions - [42944875] Response 200 OK
20:40:46.972 [reactor-http-nio-15] DEBUG reactor.netty.channel.FluxReceive - [id: 0xb80ff19f, L:/127.0.0.1:50284 - R:localhost/127.0.0.1:8081] Subscribing inbound receiver [pending: 0, cancelled:false, inboundDone: false]
20:40:46.972 [pool-12-thread-31] DEBUG org.springframework.web.reactive.function.client.ExchangeFunctions - [54248449] HTTP GET http://localhost:8081/getAttractions
20:40:46.969 [reactor-http-nio-12] DEBUG reactor.netty.resources.PooledConnectionProvider - [id: 0xa6263615, L:/127.0.0.1:50308 - R:localhost/127.0.0.1:8081] onStateChange(GET{uri=/getAttractions, connection=PooledConnection{channel=[id: 0xa6263615, L:/127.0.0.1:50308 - R:localhost/127.0.0.1:8081]}}, [response_received])
20:40:46.972 [reactor-http-nio-12] DEBUG org.springframework.web.reactive.function.client.ExchangeFunctions - [79e7c43b] Response 200 OK
20:40:46.972 [reactor-http-nio-15] DEBUG reactor.netty.http.client.HttpClientOperations - [id: 0xb80ff19f, L:/127.0.0.1:50284 - R:localhost/127.0.0.1:8081] Received last HTTP packet
20:40:46.972 [reactor-http-nio-11] DEBUG reactor.netty.http.client.HttpClientOperations - [id: 0xf8610755, L:/127.0.0.1:50285 - R:localhost/127.0.0.1:8081] Received response (auto-read:false) : [Content-Type=application/json, Transfer-Encoding=chunked, Date=Fri, 11 Jun 2021 15:10:46 GMT]
20:40:46.972 [reactor-http-nio-11] DEBUG reactor.netty.resources.PooledConnectionProvider - [id: 0xf8610755, L:/127.0.0.1:50285 - R:localhost/127.0.0.1:8081] onStateChange(GET{uri=/getUserLocation?userId=6426e66b-0159-4860-a901-027a0666855e, connection=PooledConnection{channel=[id: 0xf8610755, L:/127.0.0.1:50285 - R:localhost/127.0.0.1:8081]}}, [response_received])
20:40:46.972 [reactor-http-nio-11] DEBUG org.springframework.web.reactive.function.client.ExchangeFunctions - [5a814188] Response 200 OK
20:40:46.972 [pool-12-thread-38] DEBUG org.springframework.web.reactive.function.client.ExchangeFunctions - [3e6e8b1f] HTTP GET http://localhost:8081/getUserLocation?userId=afa01f29-69d1-44f6-a765-1042261b0a26
20:40:46.973 [reactor-http-nio-12] DEBUG reactor.netty.channel.FluxReceive - [id: 0xa6263615, L:/127.0.0.1:50308 - R:localhost/127.0.0.1:8081] Subscribing inbound receiver [pending: 0, cancelled:false, inboundDone: false]
20:40:46.969 [reactor-http-nio-13] DEBUG reactor.netty.resources.PooledConnectionProvider - [id: 0x7744abeb, L:/127.0.0.1:50286 - R:localhost/127.0.0.1:8081] onStateChange(GET{uri=/getUserLocation?userId=ce120466-7fc3-4527-acdd-96bfc2d97ae2, connection=PooledConnection{channel=[id: 0x7744abeb, L:/127.0.0.1:50286 - R:localhost/127.0.0.1:8081]}}, [request_sent])
20:40:46.973 [reactor-http-nio-11] DEBUG reactor.netty.channel.FluxReceive - [id: 0xf8610755, L:/127.0.0.1:50285 - R:localhost/127.0.0.1:8081] Subscribing inbound receiver [pending: 0, cancelled:false, inboundDone: false]
20:40:46.969 [reactor-http-nio-16] DEBUG reactor.netty.channel.FluxReceive - [id: 0x55a55ac0, L:/127.0.0.1:50255 - R:localhost/127.0.0.1:8081] Subscribing inbound receiver [pending: 0, cancelled:false, inboundDone: false]
20:40:46.973 [reactor-http-nio-11] DEBUG reactor.netty.http.client.HttpClientOperations - [id: 0xf8610755, L:/127.0.0.1:50285 - R:localhost/127.0.0.1:8081] Received last HTTP packet
20:40:46.973 [reactor-http-nio-12] DEBUG reactor.netty.http.client.HttpClientOperations - [id: 0xa6263615, L:/127.0.0.1:50308 - R:localhost/127.0.0.1:8081] Received last HTTP packet
20:40:46.973 [reactor-http-nio-16] DEBUG reactor.netty.http.client.HttpClientOperations - [id: 0x55a55ac0, L:/127.0.0.1:50255 - R:localhost/127.0.0.1:8081] Received last HTTP packet
20:40:46.973 [reactor-http-nio-11] DEBUG org.springframework.core.codec.StringDecoder - [5a814188] Decoded "{"userId":"6426e66b-0159-4860-a901-027a0666855e","location":{"longitude":146.476627,"latitude":62.4 (truncated)...
20:40:46.973 [reactor-http-nio-11] DEBUG reactor.netty.resources.PooledConnectionProvider - [id: 0xf8610755, L:/127.0.0.1:50285 - R:localhost/127.0.0.1:8081] onStateChange(GET{uri=/getUserLocation?userId=6426e66b-0159-4860-a901-027a0666855e, connection=PooledConnection{channel=[id: 0xf8610755, L:/127.0.0.1:50285 - R:localhost/127.0.0.1:8081]}}, [disconnecting])
20:40:46.973 [reactor-http-nio-11] DEBUG reactor.netty.resources.PooledConnectionProvider - [id: 0xf8610755, L:/127.0.0.1:50285 - R:localhost/127.0.0.1:8081] Releasing channel
20:40:46.973 [reactor-http-nio-11] DEBUG reactor.netty.resources.PooledConnectionProvider - [id: 0xf8610755, L:/127.0.0.1:50285 - R:localhost/127.0.0.1:8081] Channel cleaned, now 46 active connections and 19 inactive connections
20:40:46.973 [reactor-http-nio-12] DEBUG org.springframework.core.codec.StringDecoder - [79e7c43b] Decoded "[{"longitude":-117.922008,"latitude":33.817595,"attractionName":"Disneyland","city":"Anaheim","stat (truncated)...
20:40:46.974 [reactor-http-nio-12] DEBUG reactor.netty.resources.PooledConnectionProvider - [id: 0xa6263615, L:/127.0.0.1:50308 - R:localhost/127.0.0.1:8081] onStateChange(GET{uri=/getAttractions, connection=PooledConnection{channel=[id: 0xa6263615, L:/127.0.0.1:50308 - R:localhost/127.0.0.1:8081]}}, [disconnecting])
20:40:46.974 [reactor-http-nio-12] DEBUG reactor.netty.resources.PooledConnectionProvider - [id: 0xa6263615, L:/127.0.0.1:50308 - R:localhost/127.0.0.1:8081] Releasing channel
20:40:46.974 [reactor-http-nio-12] DEBUG reactor.netty.resources.PooledConnectionProvider - [id: 0xa6263615, L:/127.0.0.1:50308 - R:localhost/127.0.0.1:8081] Channel cleaned, now 45 active connections and 20 inactive connections
20:40:46.970 [reactor-http-nio-14] DEBUG reactor.netty.resources.PooledConnectionProvider - [id: 0xebe13634, L:/127.0.0.1:50273 - R:localhost/127.0.0.1:8081] Channel cleaned, now 47 active connections and 18 inactive connections
20:40:46.975 [reactor-http-nio-12] DEBUG reactor.netty.http.client.HttpClientOperations - [id: 0x83103ed5, L:/127.0.0.1:50287 - R:localhost/127.0.0.1:8081] Received response (auto-read:false) : [Content-Type=application/json, Transfer-Encoding=chunked, Date=Fri, 11 Jun 2021 15:10:46 GMT]
20:40:46.975 [reactor-http-nio-14] DEBUG reactor.netty.http.client.HttpClientOperations - [id: 0x37820d17, L:/127.0.0.1:50283 - R:localhost/127.0.0.1:8081] Received response (auto-read:false) : [Content-Type=application/json, Transfer-Encoding=chunked, Date=Fri, 11 Jun 2021 15:10:46 GMT]
20:40:46.975 [reactor-http-nio-12] DEBUG reactor.netty.resources.PooledConnectionProvider - [id: 0x83103ed5, L:/127.0.0.1:50287 - R:localhost/127.0.0.1:8081] onStateChange(GET{uri=/getAttractions, connection=PooledConnection{channel=[id: 0x83103ed5, L:/127.0.0.1:50287 - R:localhost/127.0.0.1:8081]}}, [response_received])
20:40:46.975 [reactor-http-nio-14] DEBUG reactor.netty.resources.PooledConnectionProvider - [id: 0x37820d17, L:/127.0.0.1:50283 - R:localhost/127.0.0.1:8081] onStateChange(GET{uri=/getAttractions, connection=PooledConnection{channel=[id: 0x37820d17, L:/127.0.0.1:50283 - R:localhost/127.0.0.1:8081]}}, [response_received])
20:40:46.975 [reactor-http-nio-14] DEBUG org.springframework.web.reactive.function.client.ExchangeFunctions - [19c7451b] Response 200 OK
20:40:46.970 [reactor-http-nio-2] DEBUG reactor.netty.resources.PooledConnectionProvider - [id: 0x7ef0c167, L:/127.0.0.1:50300 - R:localhost/127.0.0.1:8081] onStateChange(GET{uri=/getUserLocation?userId=aabe1f59-e0d2-4adb-bfd2-ec100c8027f5, connection=PooledConnection{channel=[id: 0x7ef0c167, L:/127.0.0.1:50300 - R:localhost/127.0.0.1:8081]}}, [request_sent])
20:40:46.975 [reactor-http-nio-14] DEBUG reactor.netty.channel.FluxReceive - [id: 0x37820d17, L:/127.0.0.1:50283 - R:localhost/127.0.0.1:8081] Subscribing inbound receiver [pending: 0, cancelled:false, inboundDone: false]
20:40:46.975 [pool-12-thread-44] DEBUG org.springframework.web.reactive.function.client.ExchangeFunctions - [1f83d4bc] HTTP GET http://localhost:8081/getAttractions
20:40:46.971 [reactor-http-nio-10] DEBUG reactor.netty.resources.PooledConnectionProvider - [id: 0xfd5cebe1, L:/127.0.0.1:50290 - R:localhost/127.0.0.1:8081] Channel acquired, now 47 active connections and 18 inactive connections
20:40:46.972 [pool-12-thread-64] DEBUG org.springframework.web.reactive.function.client.ExchangeFunctions - [6d6c84b] HTTP GET http://localhost:8081/getAttractions
20:40:46.973 [reactor-http-nio-15] DEBUG org.springframework.core.codec.StringDecoder - [42944875] Decoded "[{"longitude":-117.922008,"latitude":33.817595,"attractionName":"Disneyland","city":"Anaheim","stat (truncated)...
20:40:46.973 [pool-12-thread-53] DEBUG org.springframework.web.reactive.function.client.ExchangeFunctions - [611f62f6] HTTP GET http://localhost:8081/getUserLocation?userId=0a6c3708-dbbf-4f7b-82d5-d3df3ef74586
20:40:46.976 [reactor-http-nio-15] DEBUG reactor.netty.resources.PooledConnectionProvider - [id: 0xb80ff19f, L:/127.0.0.1:50284 - R:localhost/127.0.0.1:8081] onStateChange(GET{uri=/getAttractions, connection=PooledConnection{channel=[id: 0xb80ff19f, L:/127.0.0.1:50284 - R:localhost/127.0.0.1:8081]}}, [disconnecting])
20:40:46.976 [reactor-http-nio-15] DEBUG reactor.netty.resources.PooledConnectionProvider - [id: 0xb80ff19f, L:/127.0.0.1:50284 - R:localhost/127.0.0.1:8081] Releasing channel
20:40:46.976 [reactor-http-nio-15] DEBUG reactor.netty.resources.PooledConnectionProvider - [id: 0xb80ff19f, L:/127.0.0.1:50284 - R:localhost/127.0.0.1:8081] Channel cleaned, now 44 active connections and 21 inactive connections
20:40:46.976 [reactor-http-nio-11] DEBUG reactor.netty.resources.PooledConnectionProvider - [id: 0xf8610755, L:/127.0.0.1:50285 - R:localhost/127.0.0.1:8081] Channel acquired, now 45 active connections and 20 inactive connections
20:40:46.974 [reactor-http-nio-16] DEBUG org.springframework.core.codec.StringDecoder - [4f6a08b] Decoded "[{"longitude":-117.922008,"latitude":33.817595,"attractionName":"Disneyland","city":"Anaheim","stat (truncated)...
20:40:46.976 [reactor-http-nio-11] DEBUG reactor.netty.http.client.HttpClientConnect - [id: 0xf8610755, L:/127.0.0.1:50285 - R:localhost/127.0.0.1:8081] Handler is being applied: {uri=http://localhost:8081/getUserLocation?userId=0a6c3708-dbbf-4f7b-82d5-d3df3ef74586, method=GET}
20:40:46.977 [reactor-http-nio-14] DEBUG reactor.netty.http.client.HttpClientOperations - [id: 0x37820d17, L:/127.0.0.1:50283 - R:localhost/127.0.0.1:8081] Received last HTTP packet
20:40:46.977 [reactor-http-nio-16] DEBUG reactor.netty.resources.PooledConnectionProvider - [id: 0x55a55ac0, L:/127.0.0.1:50255 - R:localhost/127.0.0.1:8081] onStateChange(GET{uri=/getAttractions, connection=PooledConnection{channel=[id: 0x55a55ac0, L:/127.0.0.1:50255 - R:localhost/127.0.0.1:8081]}}, [disconnecting])
20:40:46.977 [reactor-http-nio-16] DEBUG reactor.netty.resources.PooledConnectionProvider - [id: 0x55a55ac0, L:/127.0.0.1:50255 - R:localhost/127.0.0.1:8081] Releasing channel
20:40:46.977 [reactor-http-nio-16] DEBUG reactor.netty.resources.PooledConnectionProvider - [id: 0x55a55ac0, L:/127.0.0.1:50255 - R:localhost/127.0.0.1:8081] Channel cleaned, now 44 active connections and 21 inactive connections
20:40:46.977 [reactor-http-nio-14] DEBUG org.springframework.core.codec.StringDecoder - [19c7451b] Decoded "[{"longitude":-117.922008,"latitude":33.817595,"attractionName":"Disneyland","city":"Anaheim","stat (truncated)...
20:40:46.977 [reactor-http-nio-14] DEBUG reactor.netty.resources.PooledConnectionProvider - [id: 0x37820d17, L:/127.0.0.1:50283 - R:localhost/127.0.0.1:8081] onStateChange(GET{uri=/getAttractions, connection=PooledConnection{channel=[id: 0x37820d17, L:/127.0.0.1:50283 - R:localhost/127.0.0.1:8081]}}, [disconnecting])
20:40:46.977 [reactor-http-nio-14] DEBUG reactor.netty.resources.PooledConnectionProvider - [id: 0x37820d17, L:/127.0.0.1:50283 - R:localhost/127.0.0.1:8081] Releasing channel
20:40:46.977 [reactor-http-nio-14] DEBUG reactor.netty.resources.PooledConnectionProvider - [id: 0x37820d17, L:/127.0.0.1:50283 - R:localhost/127.0.0.1:8081] Channel cleaned, now 43 active connections and 22 inactive connections
20:40:46.978 [reactor-http-nio-11] DEBUG reactor.netty.resources.PooledConnectionProvider - [id: 0xf8610755, L:/127.0.0.1:50285 - R:localhost/127.0.0.1:8081] onStateChange(GET{uri=/getUserLocation?userId=0a6c3708-dbbf-4f7b-82d5-d3df3ef74586, connection=PooledConnection{channel=[id: 0xf8610755, L:/127.0.0.1:50285 - R:localhost/127.0.0.1:8081]}}, [request_sent])
20:40:46.978 [reactor-http-nio-11] DEBUG reactor.netty.resources.PooledConnectionProvider - [id: 0x5ee0aef5, L:/127.0.0.1:50263 - R:localhost/127.0.0.1:8081] Channel acquired, now 44 active connections and 21 inactive connections
20:40:46.978 [reactor-http-nio-11] DEBUG reactor.netty.http.client.HttpClientConnect - [id: 0x5ee0aef5, L:/127.0.0.1:50263 - R:localhost/127.0.0.1:8081] Handler is being applied: {uri=http://localhost:8081/getAttractions, method=GET}
20:40:46.979 [reactor-http-nio-11] DEBUG reactor.netty.resources.PooledConnectionProvider - [id: 0x5ee0aef5, L:/127.0.0.1:50263 - R:localhost/127.0.0.1:8081] onStateChange(GET{uri=/getAttractions, connection=PooledConnection{channel=[id: 0x5ee0aef5, L:/127.0.0.1:50263 - R:localhost/127.0.0.1:8081]}}, [request_sent])
20:40:46.975 [reactor-http-nio-12] DEBUG org.springframework.web.reactive.function.client.ExchangeFunctions - [722778bf] Response 200 OK
20:40:46.979 [reactor-http-nio-14] DEBUG reactor.netty.http.client.HttpClientOperations - [id: 0x8d5a3bc9, L:/127.0.0.1:50303 - R:localhost/127.0.0.1:8081] Received response (auto-read:false) : [Content-Type=application/json, Transfer-Encoding=chunked, Date=Fri, 11 Jun 2021 15:10:46 GMT]
20:40:46.979 [reactor-http-nio-2] DEBUG reactor.netty.http.client.HttpClientOperations - [id: 0xb9fd1fe8, L:/127.0.0.1:50299 - R:localhost/127.0.0.1:8081] Received response (auto-read:false) : [Content-Type=application/json, Transfer-Encoding=chunked, Date=Fri, 11 Jun 2021 15:10:46 GMT]
20:40:46.979 [reactor-http-nio-14] DEBUG reactor.netty.resources.PooledConnectionProvider - [id: 0x8d5a3bc9, L:/127.0.0.1:50303 - R:localhost/127.0.0.1:8081] onStateChange(GET{uri=/getUserLocation?userId=390b281b-8689-4545-9e1b-0f3233a7c49e, connection=PooledConnection{channel=[id: 0x8d5a3bc9, L:/127.0.0.1:50303 - R:localhost/127.0.0.1:8081]}}, [response_received])
20:40:46.979 [reactor-http-nio-16] DEBUG reactor.netty.http.client.HttpClientOperations - [id: 0xb476bc26, L:/127.0.0.1:50260 - R:localhost/127.0.0.1:8081] Received response (auto-read:false) : [Content-Type=application/json, Transfer-Encoding=chunked, Date=Fri, 11 Jun 2021 15:10:46 GMT]
20:40:46.979 [reactor-http-nio-16] DEBUG reactor.netty.resources.PooledConnectionProvider - [id: 0xb476bc26, L:/127.0.0.1:50260 - R:localhost/127.0.0.1:8081] onStateChange(GET{uri=/getUserLocation?userId=bec71e7f-deaa-4eac-95f9-08c5fdd1cee3, connection=PooledConnection{channel=[id: 0xb476bc26, L:/127.0.0.1:50260 - R:localhost/127.0.0.1:8081]}}, [response_received])
20:40:46.976 [reactor-http-nio-10] DEBUG reactor.netty.http.client.HttpClientConnect - [id: 0xfd5cebe1, L:/127.0.0.1:50290 - R:localhost/127.0.0.1:8081] Handler is being applied: {uri=http://localhost:8081/getAttractions, method=GET}
20:40:46.979 [reactor-http-nio-2] DEBUG reactor.netty.resources.PooledConnectionProvider - [id: 0xb9fd1fe8, L:/127.0.0.1:50299 - R:localhost/127.0.0.1:8081] onStateChange(GET{uri=/getAttractions, connection=PooledConnection{channel=[id: 0xb9fd1fe8, L:/127.0.0.1:50299 - R:localhost/127.0.0.1:8081]}}, [response_received])
20:40:46.979 [reactor-http-nio-2] DEBUG org.springframework.web.reactive.function.client.ExchangeFunctions - [821f34f] Response 200 OK
20:40:46.979 [reactor-http-nio-14] DEBUG org.springframework.web.reactive.function.client.ExchangeFunctions - [7d64b303] Response 200 OK
20:40:46.979 [reactor-http-nio-16] DEBUG org.springframework.web.reactive.function.client.ExchangeFunctions - [1419be02] Response 200 OK
20:40:46.980 [reactor-http-nio-12] DEBUG reactor.netty.channel.FluxReceive - [id: 0x83103ed5, L:/127.0.0.1:50287 - R:localhost/127.0.0.1:8081] Subscribing inbound receiver [pending: 0, cancelled:false, inboundDone: false]
20:40:46.980 [reactor-http-nio-2] DEBUG reactor.netty.channel.FluxReceive - [id: 0xb9fd1fe8, L:/127.0.0.1:50299 - R:localhost/127.0.0.1:8081] Subscribing inbound receiver [pending: 0, cancelled:false, inboundDone: false]
20:40:46.980 [reactor-http-nio-10] DEBUG reactor.netty.resources.PooledConnectionProvider - [id: 0xfd5cebe1, L:/127.0.0.1:50290 - R:localhost/127.0.0.1:8081] onStateChange(GET{uri=/getAttractions, connection=PooledConnection{channel=[id: 0xfd5cebe1, L:/127.0.0.1:50290 - R:localhost/127.0.0.1:8081]}}, [request_sent])
20:40:46.980 [reactor-http-nio-2] DEBUG reactor.netty.http.client.HttpClientOperations - [id: 0xb9fd1fe8, L:/127.0.0.1:50299 - R:localhost/127.0.0.1:8081] Received last HTTP packet
20:40:46.980 [reactor-http-nio-10] DEBUG reactor.netty.resources.PooledConnectionProvider - [id: 0x074029b1, L:/127.0.0.1:50304 - R:localhost/127.0.0.1:8081] Channel acquired, now 45 active connections and 20 inactive connections
20:40:46.980 [reactor-http-nio-10] DEBUG reactor.netty.http.client.HttpClientConnect - [id: 0x074029b1, L:/127.0.0.1:50304 - R:localhost/127.0.0.1:8081] Handler is being applied: {uri=http://localhost:8081/getUserLocation?userId=30ff6050-17e9-468c-a8a1-59371476fea0, method=GET}
20:40:46.980 [reactor-http-nio-12] DEBUG reactor.netty.http.client.HttpClientOperations - [id: 0x83103ed5, L:/127.0.0.1:50287 - R:localhost/127.0.0.1:8081] Received last HTTP packet
20:40:46.981 [reactor-http-nio-16] DEBUG reactor.netty.channel.FluxReceive - [id: 0xb476bc26, L:/127.0.0.1:50260 - R:localhost/127.0.0.1:8081] Subscribing inbound receiver [pending: 0, cancelled:false, inboundDone: false]
20:40:46.981 [reactor-http-nio-2] DEBUG org.springframework.core.codec.StringDecoder - [821f34f] Decoded "[{"longitude":-117.922008,"latitude":33.817595,"attractionName":"Disneyland","city":"Anaheim","stat (truncated)...
20:40:46.981 [reactor-http-nio-2] DEBUG reactor.netty.resources.PooledConnectionProvider - [id: 0xb9fd1fe8, L:/127.0.0.1:50299 - R:localhost/127.0.0.1:8081] onStateChange(GET{uri=/getAttractions, connection=PooledConnection{channel=[id: 0xb9fd1fe8, L:/127.0.0.1:50299 - R:localhost/127.0.0.1:8081]}}, [disconnecting])
20:40:46.981 [reactor-http-nio-2] DEBUG reactor.netty.resources.PooledConnectionProvider - [id: 0xb9fd1fe8, L:/127.0.0.1:50299 - R:localhost/127.0.0.1:8081] Releasing channel
20:40:46.981 [reactor-http-nio-2] DEBUG reactor.netty.resources.PooledConnectionProvider - [id: 0xb9fd1fe8, L:/127.0.0.1:50299 - R:localhost/127.0.0.1:8081] Channel cleaned, now 45 active connections and 20 inactive connections
20:40:46.980 [reactor-http-nio-15] DEBUG reactor.netty.resources.PooledConnectionProvider - [id: 0x9e2c9a54, L:/127.0.0.1:50246 - R:localhost/127.0.0.1:8081] Channel acquired, now 46 active connections and 19 inactive connections
20:40:46.981 [reactor-http-nio-10] DEBUG reactor.netty.resources.PooledConnectionProvider - [id: 0x074029b1, L:/127.0.0.1:50304 - R:localhost/127.0.0.1:8081] onStateChange(GET{uri=/getUserLocation?userId=30ff6050-17e9-468c-a8a1-59371476fea0, connection=PooledConnection{channel=[id: 0x074029b1, L:/127.0.0.1:50304 - R:localhost/127.0.0.1:8081]}}, [request_sent])
20:40:46.981 [reactor-http-nio-10] DEBUG reactor.netty.resources.PooledConnectionProvider - [id: 0xeb8d3006, L:/127.0.0.1:50297 - R:localhost/127.0.0.1:8081] Channel acquired, now 46 active connections and 19 inactive connections
20:40:46.981 [reactor-http-nio-15] DEBUG reactor.netty.http.client.HttpClientConnect - [id: 0x9e2c9a54, L:/127.0.0.1:50246 - R:localhost/127.0.0.1:8081] Handler is being applied: {uri=http://localhost:8081/getUserLocation?userId=38b491e5-63bc-4217-a6f3-4e28c978a5af, method=GET}
20:40:46.981 [reactor-http-nio-10] DEBUG reactor.netty.http.client.HttpClientConnect - [id: 0xeb8d3006, L:/127.0.0.1:50297 - R:localhost/127.0.0.1:8081] Handler is being applied: {uri=http://localhost:8081/getAttractions, method=GET}
20:40:46.982 [reactor-http-nio-16] DEBUG reactor.netty.http.client.HttpClientOperations - [id: 0xb476bc26, L:/127.0.0.1:50260 - R:localhost/127.0.0.1:8081] Received last HTTP packet
20:40:46.982 [reactor-http-nio-16] DEBUG org.springframework.core.codec.StringDecoder - [1419be02] Decoded "{"userId":"bec71e7f-deaa-4eac-95f9-08c5fdd1cee3","location":{"longitude":2.284292,"latitude":42.598 (truncated)...
20:40:46.982 [reactor-http-nio-16] DEBUG reactor.netty.resources.PooledConnectionProvider - [id: 0xb476bc26, L:/127.0.0.1:50260 - R:localhost/127.0.0.1:8081] onStateChange(GET{uri=/getUserLocation?userId=bec71e7f-deaa-4eac-95f9-08c5fdd1cee3, connection=PooledConnection{channel=[id: 0xb476bc26, L:/127.0.0.1:50260 - R:localhost/127.0.0.1:8081]}}, [disconnecting])
20:40:46.982 [reactor-http-nio-16] DEBUG reactor.netty.resources.PooledConnectionProvider - [id: 0xb476bc26, L:/127.0.0.1:50260 - R:localhost/127.0.0.1:8081] Releasing channel
20:40:46.982 [reactor-http-nio-16] DEBUG reactor.netty.resources.PooledConnectionProvider - [id: 0xb476bc26, L:/127.0.0.1:50260 - R:localhost/127.0.0.1:8081] Channel cleaned, now 45 active connections and 20 inactive connections
20:40:46.982 [reactor-http-nio-15] DEBUG reactor.netty.resources.PooledConnectionProvider - [id: 0x9e2c9a54, L:/127.0.0.1:50246 - R:localhost/127.0.0.1:8081] onStateChange(GET{uri=/getUserLocation?userId=38b491e5-63bc-4217-a6f3-4e28c978a5af, connection=PooledConnection{channel=[id: 0x9e2c9a54, L:/127.0.0.1:50246 - R:localhost/127.0.0.1:8081]}}, [request_sent])
20:40:46.982 [reactor-http-nio-12] DEBUG org.springframework.core.codec.StringDecoder - [722778bf] Decoded "[{"longitude":-117.922008,"latitude":33.817595,"attractionName":"Disneyland","city":"Anaheim","stat (truncated)...
20:40:46.982 [reactor-http-nio-12] DEBUG reactor.netty.resources.PooledConnectionProvider - [id: 0x83103ed5, L:/127.0.0.1:50287 - R:localhost/127.0.0.1:8081] onStateChange(GET{uri=/getAttractions, connection=PooledConnection{channel=[id: 0x83103ed5, L:/127.0.0.1:50287 - R:localhost/127.0.0.1:8081]}}, [disconnecting])
20:40:46.983 [reactor-http-nio-12] DEBUG reactor.netty.resources.PooledConnectionProvider - [id: 0x83103ed5, L:/127.0.0.1:50287 - R:localhost/127.0.0.1:8081] Releasing channel
20:40:46.983 [reactor-http-nio-12] DEBUG reactor.netty.resources.PooledConnectionProvider - [id: 0x83103ed5, L:/127.0.0.1:50287 - R:localhost/127.0.0.1:8081] Channel cleaned, now 44 active connections and 21 inactive connections
20:40:46.981 [reactor-http-nio-14] DEBUG reactor.netty.channel.FluxReceive - [id: 0x8d5a3bc9, L:/127.0.0.1:50303 - R:localhost/127.0.0.1:8081] Subscribing inbound receiver [pending: 0, cancelled:false, inboundDone: false]
20:40:46.982 [reactor-http-nio-10] DEBUG reactor.netty.resources.PooledConnectionProvider - [id: 0xeb8d3006, L:/127.0.0.1:50297 - R:localhost/127.0.0.1:8081] onStateChange(GET{uri=/getAttractions, connection=PooledConnection{channel=[id: 0xeb8d3006, L:/127.0.0.1:50297 - R:localhost/127.0.0.1:8081]}}, [request_sent])
20:40:46.983 [reactor-http-nio-12] DEBUG reactor.netty.http.client.HttpClientOperations - [id: 0x0d270386, L:/127.0.0.1:50279 - R:localhost/127.0.0.1:8081] Received response (auto-read:false) : [Content-Type=application/json, Transfer-Encoding=chunked, Date=Fri, 11 Jun 2021 15:10:46 GMT]
20:40:46.983 [reactor-http-nio-10] DEBUG reactor.netty.resources.PooledConnectionProvider - [id: 0x5829f75f, L:/127.0.0.1:50259 - R:localhost/127.0.0.1:8081] Channel acquired, now 45 active connections and 20 inactive connections
20:40:46.983 [reactor-http-nio-12] DEBUG reactor.netty.resources.PooledConnectionProvider - [id: 0x0d270386, L:/127.0.0.1:50279 - R:localhost/127.0.0.1:8081] onStateChange(GET{uri=/getAttractions, connection=PooledConnection{channel=[id: 0x0d270386, L:/127.0.0.1:50279 - R:localhost/127.0.0.1:8081]}}, [response_received])
20:40:46.983 [reactor-http-nio-14] DEBUG reactor.netty.http.client.HttpClientOperations - [id: 0x8d5a3bc9, L:/127.0.0.1:50303 - R:localhost/127.0.0.1:8081] Received last HTTP packet
20:40:46.983 [reactor-http-nio-10] DEBUG reactor.netty.http.client.HttpClientConnect - [id: 0x5829f75f, L:/127.0.0.1:50259 - R:localhost/127.0.0.1:8081] Handler is being applied: {uri=http://localhost:8081/getUserLocation?userId=21376d17-b01b-4e15-85f4-ef7cc1d6e9f7, method=GET}
20:40:46.983 [reactor-http-nio-14] DEBUG org.springframework.core.codec.StringDecoder - [7d64b303] Decoded "{"userId":"390b281b-8689-4545-9e1b-0f3233a7c49e","location":{"longitude":-173.652438,"latitude":-29 (truncated)...
20:40:46.983 [reactor-http-nio-14] DEBUG reactor.netty.resources.PooledConnectionProvider - [id: 0x8d5a3bc9, L:/127.0.0.1:50303 - R:localhost/127.0.0.1:8081] onStateChange(GET{uri=/getUserLocation?userId=390b281b-8689-4545-9e1b-0f3233a7c49e, connection=PooledConnection{channel=[id: 0x8d5a3bc9, L:/127.0.0.1:50303 - R:localhost/127.0.0.1:8081]}}, [disconnecting])
20:40:46.983 [reactor-http-nio-14] DEBUG reactor.netty.resources.PooledConnectionProvider - [id: 0x8d5a3bc9, L:/127.0.0.1:50303 - R:localhost/127.0.0.1:8081] Releasing channel
20:40:46.983 [reactor-http-nio-14] DEBUG reactor.netty.resources.PooledConnectionProvider - [id: 0x8d5a3bc9, L:/127.0.0.1:50303 - R:localhost/127.0.0.1:8081] Channel cleaned, now 44 active connections and 21 inactive connections
20:40:46.984 [reactor-http-nio-14] DEBUG reactor.netty.http.client.HttpClientOperations - [id: 0x9dcbcf4f, L:/127.0.0.1:50254 - R:localhost/127.0.0.1:8081] Received response (auto-read:false) : [Content-Type=application/json, Transfer-Encoding=chunked, Date=Fri, 11 Jun 2021 15:10:46 GMT]
20:40:46.984 [reactor-http-nio-14] DEBUG reactor.netty.resources.PooledConnectionProvider - [id: 0x9dcbcf4f, L:/127.0.0.1:50254 - R:localhost/127.0.0.1:8081] onStateChange(GET{uri=/getAttractions, connection=PooledConnection{channel=[id: 0x9dcbcf4f, L:/127.0.0.1:50254 - R:localhost/127.0.0.1:8081]}}, [response_received])
20:40:46.984 [reactor-http-nio-10] DEBUG reactor.netty.resources.PooledConnectionProvider - [id: 0x5829f75f, L:/127.0.0.1:50259 - R:localhost/127.0.0.1:8081] onStateChange(GET{uri=/getUserLocation?userId=21376d17-b01b-4e15-85f4-ef7cc1d6e9f7, connection=PooledConnection{channel=[id: 0x5829f75f, L:/127.0.0.1:50259 - R:localhost/127.0.0.1:8081]}}, [request_sent])
20:40:46.984 [reactor-http-nio-13] DEBUG reactor.netty.resources.PooledConnectionProvider - [id: 0xd31561fb, L:/127.0.0.1:50256 - R:localhost/127.0.0.1:8081] Channel acquired, now 45 active connections and 20 inactive connections
20:40:46.984 [reactor-http-nio-13] DEBUG reactor.netty.http.client.HttpClientConnect - [id: 0xd31561fb, L:/127.0.0.1:50256 - R:localhost/127.0.0.1:8081] Handler is being applied: {uri=http://localhost:8081/getAttractions, method=GET}
20:40:46.984 [reactor-http-nio-15] DEBUG reactor.netty.resources.PooledConnectionProvider - [id: 0x70de3664, L:/127.0.0.1:50262 - R:localhost/127.0.0.1:8081] Channel acquired, now 46 active connections and 19 inactive connections
20:40:46.985 [reactor-http-nio-15] DEBUG reactor.netty.http.client.HttpClientConnect - [id: 0x70de3664, L:/127.0.0.1:50262 - R:localhost/127.0.0.1:8081] Handler is being applied: {uri=http://localhost:8081/getAttractions, method=GET}
20:40:46.983 [reactor-http-nio-16] DEBUG reactor.netty.http.client.HttpClientOperations - [id: 0x33d4d541, L:/127.0.0.1:50281 - R:localhost/127.0.0.1:8081] Received response (auto-read:false) : [Content-Type=application/json, Transfer-Encoding=chunked, Date=Fri, 11 Jun 2021 15:10:46 GMT]
20:40:46.985 [reactor-http-nio-16] DEBUG reactor.netty.resources.PooledConnectionProvider - [id: 0x33d4d541, L:/127.0.0.1:50281 - R:localhost/127.0.0.1:8081] onStateChange(GET{uri=/getAttractions, connection=PooledConnection{channel=[id: 0x33d4d541, L:/127.0.0.1:50281 - R:localhost/127.0.0.1:8081]}}, [response_received])
20:40:46.985 [reactor-http-nio-16] DEBUG org.springframework.web.reactive.function.client.ExchangeFunctions - [379e0e7d] Response 200 OK
20:40:46.985 [reactor-http-nio-13] DEBUG reactor.netty.resources.PooledConnectionProvider - [id: 0xd31561fb, L:/127.0.0.1:50256 - R:localhost/127.0.0.1:8081] onStateChange(GET{uri=/getAttractions, connection=PooledConnection{channel=[id: 0xd31561fb, L:/127.0.0.1:50256 - R:localhost/127.0.0.1:8081]}}, [request_sent])
20:40:46.985 [pool-12-thread-62] DEBUG org.springframework.web.reactive.function.client.ExchangeFunctions - [73a352df] HTTP GET http://localhost:8081/getAttractions
20:40:46.983 [reactor-http-nio-12] DEBUG org.springframework.web.reactive.function.client.ExchangeFunctions - [2520c5f1] Response 200 OK
20:40:46.984 [pool-12-thread-15] DEBUG org.springframework.web.reactive.function.client.ExchangeFunctions - [511b32e5] HTTP GET http://localhost:8081/getAttractions
20:40:46.984 [reactor-http-nio-14] DEBUG org.springframework.web.reactive.function.client.ExchangeFunctions - [27091857] Response 200 OK
20:40:46.985 [reactor-http-nio-10] DEBUG reactor.netty.http.client.HttpClientOperations - [id: 0x8372a394, L:/127.0.0.1:50252 - R:localhost/127.0.0.1:8081] Received response (auto-read:false) : [Content-Type=application/json, Transfer-Encoding=chunked, Date=Fri, 11 Jun 2021 15:10:46 GMT]
20:40:46.985 [reactor-http-nio-15] DEBUG reactor.netty.resources.PooledConnectionProvider - [id: 0x70de3664, L:/127.0.0.1:50262 - R:localhost/127.0.0.1:8081] onStateChange(GET{uri=/getAttractions, connection=PooledConnection{channel=[id: 0x70de3664, L:/127.0.0.1:50262 - R:localhost/127.0.0.1:8081]}}, [request_sent])
20:40:46.986 [reactor-http-nio-10] DEBUG reactor.netty.resources.PooledConnectionProvider - [id: 0x8372a394, L:/127.0.0.1:50252 - R:localhost/127.0.0.1:8081] onStateChange(GET{uri=/getAttractions, connection=PooledConnection{channel=[id: 0x8372a394, L:/127.0.0.1:50252 - R:localhost/127.0.0.1:8081]}}, [response_received])
20:40:46.986 [reactor-http-nio-12] DEBUG reactor.netty.channel.FluxReceive - [id: 0x0d270386, L:/127.0.0.1:50279 - R:localhost/127.0.0.1:8081] Subscribing inbound receiver [pending: 0, cancelled:false, inboundDone: false]
20:40:46.986 [reactor-http-nio-15] DEBUG reactor.netty.resources.PooledConnectionProvider - [id: 0xb80ff19f, L:/127.0.0.1:50284 - R:localhost/127.0.0.1:8081] Channel acquired, now 47 active connections and 18 inactive connections
20:40:46.986 [reactor-http-nio-10] DEBUG org.springframework.web.reactive.function.client.ExchangeFunctions - [776e7e12] Response 200 OK
20:40:46.986 [reactor-http-nio-15] DEBUG reactor.netty.http.client.HttpClientConnect - [id: 0xb80ff19f, L:/127.0.0.1:50284 - R:localhost/127.0.0.1:8081] Handler is being applied: {uri=http://localhost:8081/getAttractions, method=GET}
20:40:46.986 [reactor-http-nio-14] DEBUG reactor.netty.channel.FluxReceive - [id: 0x9dcbcf4f, L:/127.0.0.1:50254 - R:localhost/127.0.0.1:8081] Subscribing inbound receiver [pending: 0, cancelled:false, inboundDone: false]
20:40:46.986 [reactor-http-nio-12] DEBUG reactor.netty.http.client.HttpClientOperations - [id: 0x0d270386, L:/127.0.0.1:50279 - R:localhost/127.0.0.1:8081] Received last HTTP packet
20:40:46.986 [reactor-http-nio-10] DEBUG reactor.netty.channel.FluxReceive - [id: 0x8372a394, L:/127.0.0.1:50252 - R:localhost/127.0.0.1:8081] Subscribing inbound receiver [pending: 0, cancelled:false, inboundDone: false]
20:40:46.986 [reactor-http-nio-14] DEBUG reactor.netty.http.client.HttpClientOperations - [id: 0x9dcbcf4f, L:/127.0.0.1:50254 - R:localhost/127.0.0.1:8081] Received last HTTP packet
20:40:46.986 [reactor-http-nio-12] DEBUG org.springframework.core.codec.StringDecoder - [2520c5f1] Decoded "[{"longitude":-117.922008,"latitude":33.817595,"attractionName":"Disneyland","city":"Anaheim","stat (truncated)...
20:40:46.986 [reactor-http-nio-12] DEBUG reactor.netty.resources.PooledConnectionProvider - [id: 0x0d270386, L:/127.0.0.1:50279 - R:localhost/127.0.0.1:8081] onStateChange(GET{uri=/getAttractions, connection=PooledConnection{channel=[id: 0x0d270386, L:/127.0.0.1:50279 - R:localhost/127.0.0.1:8081]}}, [disconnecting])
20:40:46.987 [reactor-http-nio-12] DEBUG reactor.netty.resources.PooledConnectionProvider - [id: 0x0d270386, L:/127.0.0.1:50279 - R:localhost/127.0.0.1:8081] Releasing channel
20:40:46.987 [reactor-http-nio-10] DEBUG reactor.netty.http.client.HttpClientOperations - [id: 0x8372a394, L:/127.0.0.1:50252 - R:localhost/127.0.0.1:8081] Received last HTTP packet
20:40:46.987 [reactor-http-nio-12] DEBUG reactor.netty.resources.PooledConnectionProvider - [id: 0x0d270386, L:/127.0.0.1:50279 - R:localhost/127.0.0.1:8081] Channel cleaned, now 46 active connections and 19 inactive connections
20:40:46.987 [reactor-http-nio-16] DEBUG reactor.netty.channel.FluxReceive - [id: 0x33d4d541, L:/127.0.0.1:50281 - R:localhost/127.0.0.1:8081] Subscribing inbound receiver [pending: 0, cancelled:false, inboundDone: false]
20:40:46.987 [reactor-http-nio-14] DEBUG org.springframework.core.codec.StringDecoder - [27091857] Decoded "[{"longitude":-117.922008,"latitude":33.817595,"attractionName":"Disneyland","city":"Anaheim","stat (truncated)...
20:40:46.987 [reactor-http-nio-14] DEBUG reactor.netty.resources.PooledConnectionProvider - [id: 0x9dcbcf4f, L:/127.0.0.1:50254 - R:localhost/127.0.0.1:8081] onStateChange(GET{uri=/getAttractions, connection=PooledConnection{channel=[id: 0x9dcbcf4f, L:/127.0.0.1:50254 - R:localhost/127.0.0.1:8081]}}, [disconnecting])
20:40:46.987 [reactor-http-nio-14] DEBUG reactor.netty.resources.PooledConnectionProvider - [id: 0x9dcbcf4f, L:/127.0.0.1:50254 - R:localhost/127.0.0.1:8081] Releasing channel
20:40:46.987 [reactor-http-nio-10] DEBUG org.springframework.core.codec.StringDecoder - [776e7e12] Decoded "[{"longitude":-117.922008,"latitude":33.817595,"attractionName":"Disneyland","city":"Anaheim","stat (truncated)...
20:40:46.987 [reactor-http-nio-10] DEBUG reactor.netty.resources.PooledConnectionProvider - [id: 0x8372a394, L:/127.0.0.1:50252 - R:localhost/127.0.0.1:8081] onStateChange(GET{uri=/getAttractions, connection=PooledConnection{channel=[id: 0x8372a394, L:/127.0.0.1:50252 - R:localhost/127.0.0.1:8081]}}, [disconnecting])
20:40:46.987 [reactor-http-nio-10] DEBUG reactor.netty.resources.PooledConnectionProvider - [id: 0x8372a394, L:/127.0.0.1:50252 - R:localhost/127.0.0.1:8081] Releasing channel
20:40:46.987 [reactor-http-nio-10] DEBUG reactor.netty.resources.PooledConnectionProvider - [id: 0x8372a394, L:/127.0.0.1:50252 - R:localhost/127.0.0.1:8081] Channel cleaned, now 44 active connections and 21 inactive connections
20:40:46.987 [reactor-http-nio-15] DEBUG reactor.netty.resources.PooledConnectionProvider - [id: 0xb80ff19f, L:/127.0.0.1:50284 - R:localhost/127.0.0.1:8081] onStateChange(GET{uri=/getAttractions, connection=PooledConnection{channel=[id: 0xb80ff19f, L:/127.0.0.1:50284 - R:localhost/127.0.0.1:8081]}}, [request_sent])
20:40:46.987 [reactor-http-nio-10] DEBUG reactor.netty.http.client.HttpClientOperations - [id: 0x78591639, L:/127.0.0.1:50280 - R:localhost/127.0.0.1:8081] Received response (auto-read:false) : [Content-Type=application/json, Transfer-Encoding=chunked, Date=Fri, 11 Jun 2021 15:10:46 GMT]
20:40:46.988 [reactor-http-nio-10] DEBUG reactor.netty.resources.PooledConnectionProvider - [id: 0x78591639, L:/127.0.0.1:50280 - R:localhost/127.0.0.1:8081] onStateChange(GET{uri=/getAttractions, connection=PooledConnection{channel=[id: 0x78591639, L:/127.0.0.1:50280 - R:localhost/127.0.0.1:8081]}}, [response_received])
20:40:46.988 [reactor-http-nio-10] DEBUG org.springframework.web.reactive.function.client.ExchangeFunctions - [df9d82f] Response 200 OK
20:40:46.988 [reactor-http-nio-10] DEBUG reactor.netty.channel.FluxReceive - [id: 0x78591639, L:/127.0.0.1:50280 - R:localhost/127.0.0.1:8081] Subscribing inbound receiver [pending: 0, cancelled:false, inboundDone: false]
20:40:46.989 [reactor-http-nio-16] DEBUG reactor.netty.http.client.HttpClientOperations - [id: 0x33d4d541, L:/127.0.0.1:50281 - R:localhost/127.0.0.1:8081] Received last HTTP packet
20:40:46.989 [reactor-http-nio-10] DEBUG reactor.netty.http.client.HttpClientOperations - [id: 0x78591639, L:/127.0.0.1:50280 - R:localhost/127.0.0.1:8081] Received last HTTP packet
20:40:46.987 [reactor-http-nio-14] DEBUG reactor.netty.resources.PooledConnectionProvider - [id: 0x9dcbcf4f, L:/127.0.0.1:50254 - R:localhost/127.0.0.1:8081] Channel cleaned, now 45 active connections and 20 inactive connections
20:40:46.987 [reactor-http-nio-12] DEBUG reactor.netty.http.client.HttpClientOperations - [id: 0x9b24452d, L:/127.0.0.1:50265 - R:localhost/127.0.0.1:8081] Received response (auto-read:false) : [Content-Type=application/json, Transfer-Encoding=chunked, Date=Fri, 11 Jun 2021 15:10:46 GMT]
20:40:46.990 [reactor-http-nio-14] DEBUG reactor.netty.resources.PooledConnectionProvider - [id: 0xdc980221, L:/127.0.0.1:50298 - R:localhost/127.0.0.1:8081] Channel acquired, now 45 active connections and 20 inactive connections
20:40:46.990 [reactor-http-nio-12] DEBUG reactor.netty.resources.PooledConnectionProvider - [id: 0x9b24452d, L:/127.0.0.1:50265 - R:localhost/127.0.0.1:8081] onStateChange(GET{uri=/getAttractions, connection=PooledConnection{channel=[id: 0x9b24452d, L:/127.0.0.1:50265 - R:localhost/127.0.0.1:8081]}}, [response_received])
20:40:46.990 [reactor-http-nio-16] DEBUG org.springframework.core.codec.StringDecoder - [379e0e7d] Decoded "[{"longitude":-117.922008,"latitude":33.817595,"attractionName":"Disneyland","city":"Anaheim","stat (truncated)...
20:40:46.990 [reactor-http-nio-12] DEBUG org.springframework.web.reactive.function.client.ExchangeFunctions - [5e37be02] Response 200 OK
20:40:46.990 [reactor-http-nio-16] DEBUG reactor.netty.resources.PooledConnectionProvider - [id: 0x33d4d541, L:/127.0.0.1:50281 - R:localhost/127.0.0.1:8081] onStateChange(GET{uri=/getAttractions, connection=PooledConnection{channel=[id: 0x33d4d541, L:/127.0.0.1:50281 - R:localhost/127.0.0.1:8081]}}, [disconnecting])
20:40:46.990 [reactor-http-nio-16] DEBUG reactor.netty.resources.PooledConnectionProvider - [id: 0x33d4d541, L:/127.0.0.1:50281 - R:localhost/127.0.0.1:8081] Releasing channel
20:40:46.990 [reactor-http-nio-16] DEBUG reactor.netty.resources.PooledConnectionProvider - [id: 0x33d4d541, L:/127.0.0.1:50281 - R:localhost/127.0.0.1:8081] Channel cleaned, now 44 active connections and 21 inactive connections
20:40:46.990 [reactor-http-nio-10] DEBUG org.springframework.core.codec.StringDecoder - [df9d82f] Decoded "[{"longitude":-117.922008,"latitude":33.817595,"attractionName":"Disneyland","city":"Anaheim","stat (truncated)...
20:40:46.990 [reactor-http-nio-12] DEBUG reactor.netty.channel.FluxReceive - [id: 0x9b24452d, L:/127.0.0.1:50265 - R:localhost/127.0.0.1:8081] Subscribing inbound receiver [pending: 0, cancelled:false, inboundDone: false]
20:40:46.990 [reactor-http-nio-10] DEBUG reactor.netty.resources.PooledConnectionProvider - [id: 0x78591639, L:/127.0.0.1:50280 - R:localhost/127.0.0.1:8081] onStateChange(GET{uri=/getAttractions, connection=PooledConnection{channel=[id: 0x78591639, L:/127.0.0.1:50280 - R:localhost/127.0.0.1:8081]}}, [disconnecting])
20:40:46.990 [reactor-http-nio-10] DEBUG reactor.netty.resources.PooledConnectionProvider - [id: 0x78591639, L:/127.0.0.1:50280 - R:localhost/127.0.0.1:8081] Releasing channel
20:40:46.990 [reactor-http-nio-16] DEBUG reactor.netty.http.client.HttpClientOperations - [id: 0x1e073caa, L:/127.0.0.1:50270 - R:localhost/127.0.0.1:8081] Received response (auto-read:false) : [Content-Type=application/json, Transfer-Encoding=chunked, Date=Fri, 11 Jun 2021 15:10:46 GMT]
20:40:46.991 [reactor-http-nio-16] DEBUG reactor.netty.resources.PooledConnectionProvider - [id: 0x1e073caa, L:/127.0.0.1:50270 - R:localhost/127.0.0.1:8081] onStateChange(GET{uri=/getAttractions, connection=PooledConnection{channel=[id: 0x1e073caa, L:/127.0.0.1:50270 - R:localhost/127.0.0.1:8081]}}, [response_received])
20:40:46.991 [reactor-http-nio-16] DEBUG org.springframework.web.reactive.function.client.ExchangeFunctions - [192e22ed] Response 200 OK
20:40:46.991 [reactor-http-nio-11] DEBUG reactor.netty.http.client.HttpClientOperations - [id: 0x5ee0aef5, L:/127.0.0.1:50263 - R:localhost/127.0.0.1:8081] Received response (auto-read:false) : [Content-Type=application/json, Transfer-Encoding=chunked, Date=Fri, 11 Jun 2021 15:10:46 GMT]
20:40:46.991 [reactor-http-nio-11] DEBUG reactor.netty.resources.PooledConnectionProvider - [id: 0x5ee0aef5, L:/127.0.0.1:50263 - R:localhost/127.0.0.1:8081] onStateChange(GET{uri=/getAttractions, connection=PooledConnection{channel=[id: 0x5ee0aef5, L:/127.0.0.1:50263 - R:localhost/127.0.0.1:8081]}}, [response_received])
20:40:46.991 [reactor-http-nio-11] DEBUG org.springframework.web.reactive.function.client.ExchangeFunctions - [54248449] Response 200 OK
20:40:46.990 [reactor-http-nio-10] DEBUG reactor.netty.resources.PooledConnectionProvider - [id: 0x78591639, L:/127.0.0.1:50280 - R:localhost/127.0.0.1:8081] Channel cleaned, now 43 active connections and 22 inactive connections
20:40:46.991 [reactor-http-nio-10] DEBUG reactor.netty.resources.PooledConnectionProvider - [id: 0x2a5ccfca, L:/127.0.0.1:50306 - R:localhost/127.0.0.1:8081] Channel acquired, now 44 active connections and 21 inactive connections
20:40:46.991 [reactor-http-nio-10] DEBUG reactor.netty.http.client.HttpClientConnect - [id: 0x2a5ccfca, L:/127.0.0.1:50306 - R:localhost/127.0.0.1:8081] Handler is being applied: {uri=http://localhost:8081/getAttractions, method=GET}
20:40:46.992 [reactor-http-nio-11] DEBUG reactor.netty.channel.FluxReceive - [id: 0x5ee0aef5, L:/127.0.0.1:50263 - R:localhost/127.0.0.1:8081] Subscribing inbound receiver [pending: 0, cancelled:false, inboundDone: false]
20:40:46.992 [reactor-http-nio-16] DEBUG reactor.netty.channel.FluxReceive - [id: 0x1e073caa, L:/127.0.0.1:50270 - R:localhost/127.0.0.1:8081] Subscribing inbound receiver [pending: 0, cancelled:false, inboundDone: false]
20:40:46.990 [reactor-http-nio-14] DEBUG reactor.netty.http.client.HttpClientConnect - [id: 0xdc980221, L:/127.0.0.1:50298 - R:localhost/127.0.0.1:8081] Handler is being applied: {uri=http://localhost:8081/getAttractions, method=GET}
20:40:46.992 [reactor-http-nio-11] DEBUG reactor.netty.http.client.HttpClientOperations - [id: 0x5ee0aef5, L:/127.0.0.1:50263 - R:localhost/127.0.0.1:8081] Received last HTTP packet
20:40:46.992 [reactor-http-nio-10] DEBUG reactor.netty.resources.PooledConnectionProvider - [id: 0x2a5ccfca, L:/127.0.0.1:50306 - R:localhost/127.0.0.1:8081] onStateChange(GET{uri=/getAttractions, connection=PooledConnection{channel=[id: 0x2a5ccfca, L:/127.0.0.1:50306 - R:localhost/127.0.0.1:8081]}}, [request_sent])
20:40:46.992 [reactor-http-nio-10] DEBUG reactor.netty.resources.PooledConnectionProvider - [id: 0x163b3bc4, L:/127.0.0.1:50305 - R:localhost/127.0.0.1:8081] Channel acquired, now 45 active connections and 20 inactive connections
20:40:46.992 [reactor-http-nio-16] DEBUG reactor.netty.http.client.HttpClientOperations - [id: 0x1e073caa, L:/127.0.0.1:50270 - R:localhost/127.0.0.1:8081] Received last HTTP packet
20:40:46.992 [reactor-http-nio-10] DEBUG reactor.netty.http.client.HttpClientConnect - [id: 0x163b3bc4, L:/127.0.0.1:50305 - R:localhost/127.0.0.1:8081] Handler is being applied: {uri=http://localhost:8081/getAttractions, method=GET}
20:40:46.993 [reactor-http-nio-11] DEBUG org.springframework.core.codec.StringDecoder - [54248449] Decoded "[{"longitude":-117.922008,"latitude":33.817595,"attractionName":"Disneyland","city":"Anaheim","stat (truncated)...
20:40:46.993 [reactor-http-nio-11] DEBUG reactor.netty.resources.PooledConnectionProvider - [id: 0x5ee0aef5, L:/127.0.0.1:50263 - R:localhost/127.0.0.1:8081] onStateChange(GET{uri=/getAttractions, connection=PooledConnection{channel=[id: 0x5ee0aef5, L:/127.0.0.1:50263 - R:localhost/127.0.0.1:8081]}}, [disconnecting])
20:40:46.993 [reactor-http-nio-11] DEBUG reactor.netty.resources.PooledConnectionProvider - [id: 0x5ee0aef5, L:/127.0.0.1:50263 - R:localhost/127.0.0.1:8081] Releasing channel
20:40:46.993 [reactor-http-nio-11] DEBUG reactor.netty.resources.PooledConnectionProvider - [id: 0x5ee0aef5, L:/127.0.0.1:50263 - R:localhost/127.0.0.1:8081] Channel cleaned, now 44 active connections and 21 inactive connections
20:40:46.993 [reactor-http-nio-14] DEBUG reactor.netty.resources.PooledConnectionProvider - [id: 0xdc980221, L:/127.0.0.1:50298 - R:localhost/127.0.0.1:8081] onStateChange(GET{uri=/getAttractions, connection=PooledConnection{channel=[id: 0xdc980221, L:/127.0.0.1:50298 - R:localhost/127.0.0.1:8081]}}, [request_sent])
20:40:46.993 [reactor-http-nio-16] DEBUG org.springframework.core.codec.StringDecoder - [192e22ed] Decoded "[{"longitude":-117.922008,"latitude":33.817595,"attractionName":"Disneyland","city":"Anaheim","stat (truncated)...
20:40:46.993 [reactor-http-nio-16] DEBUG reactor.netty.resources.PooledConnectionProvider - [id: 0x1e073caa, L:/127.0.0.1:50270 - R:localhost/127.0.0.1:8081] onStateChange(GET{uri=/getAttractions, connection=PooledConnection{channel=[id: 0x1e073caa, L:/127.0.0.1:50270 - R:localhost/127.0.0.1:8081]}}, [disconnecting])
20:40:46.993 [reactor-http-nio-16] DEBUG reactor.netty.resources.PooledConnectionProvider - [id: 0x1e073caa, L:/127.0.0.1:50270 - R:localhost/127.0.0.1:8081] Releasing channel
20:40:46.993 [reactor-http-nio-16] DEBUG reactor.netty.resources.PooledConnectionProvider - [id: 0x1e073caa, L:/127.0.0.1:50270 - R:localhost/127.0.0.1:8081] Channel cleaned, now 45 active connections and 20 inactive connections
20:40:46.993 [reactor-http-nio-15] DEBUG reactor.netty.resources.PooledConnectionProvider - [id: 0xd82da432, L:/127.0.0.1:50272 - R:localhost/127.0.0.1:8081] Channel acquired, now 45 active connections and 20 inactive connections
20:40:46.994 [reactor-http-nio-15] DEBUG reactor.netty.http.client.HttpClientConnect - [id: 0xd82da432, L:/127.0.0.1:50272 - R:localhost/127.0.0.1:8081] Handler is being applied: {uri=http://localhost:8081/getUserLocation?userId=ed11bd43-a995-40f7-bf02-33f3d9afdf12, method=GET}
20:40:46.994 [reactor-http-nio-16] DEBUG reactor.netty.http.client.HttpClientOperations - [id: 0xa01a053c, L:/127.0.0.1:50244 - R:localhost/127.0.0.1:8081] Received response (auto-read:false) : [Content-Type=application/json, Transfer-Encoding=chunked, Date=Fri, 11 Jun 2021 15:10:46 GMT]
20:40:46.994 [reactor-http-nio-16] DEBUG reactor.netty.resources.PooledConnectionProvider - [id: 0xa01a053c, L:/127.0.0.1:50244 - R:localhost/127.0.0.1:8081] onStateChange(GET{uri=/getUserLocation?userId=81c20e67-853c-4db2-a20e-6a06041c9598, connection=PooledConnection{channel=[id: 0xa01a053c, L:/127.0.0.1:50244 - R:localhost/127.0.0.1:8081]}}, [response_received])
20:40:46.994 [reactor-http-nio-10] DEBUG reactor.netty.resources.PooledConnectionProvider - [id: 0x163b3bc4, L:/127.0.0.1:50305 - R:localhost/127.0.0.1:8081] onStateChange(GET{uri=/getAttractions, connection=PooledConnection{channel=[id: 0x163b3bc4, L:/127.0.0.1:50305 - R:localhost/127.0.0.1:8081]}}, [request_sent])
20:40:46.994 [reactor-http-nio-16] DEBUG org.springframework.web.reactive.function.client.ExchangeFunctions - [223025c0] Response 200 OK
20:40:46.994 [reactor-http-nio-10] DEBUG reactor.netty.resources.PooledConnectionProvider - [id: 0xb124e91d, L:/127.0.0.1:50277 - R:localhost/127.0.0.1:8081] Channel acquired, now 46 active connections and 19 inactive connections
20:40:46.994 [reactor-http-nio-10] DEBUG reactor.netty.http.client.HttpClientConnect - [id: 0xb124e91d, L:/127.0.0.1:50277 - R:localhost/127.0.0.1:8081] Handler is being applied: {uri=http://localhost:8081/getAttractions, method=GET}
20:40:46.993 [reactor-http-nio-14] DEBUG reactor.netty.resources.PooledConnectionProvider - [id: 0x111e98d4, L:/127.0.0.1:50257 - R:localhost/127.0.0.1:8081] Channel acquired, now 45 active connections and 20 inactive connections
20:40:46.994 [reactor-http-nio-12] DEBUG reactor.netty.http.client.HttpClientOperations - [id: 0x9b24452d, L:/127.0.0.1:50265 - R:localhost/127.0.0.1:8081] Received last HTTP packet
20:40:46.995 [reactor-http-nio-10] DEBUG reactor.netty.resources.PooledConnectionProvider - [id: 0xb124e91d, L:/127.0.0.1:50277 - R:localhost/127.0.0.1:8081] onStateChange(GET{uri=/getAttractions, connection=PooledConnection{channel=[id: 0xb124e91d, L:/127.0.0.1:50277 - R:localhost/127.0.0.1:8081]}}, [request_sent])
20:40:46.995 [reactor-http-nio-16] DEBUG reactor.netty.channel.FluxReceive - [id: 0xa01a053c, L:/127.0.0.1:50244 - R:localhost/127.0.0.1:8081] Subscribing inbound receiver [pending: 0, cancelled:false, inboundDone: false]
20:40:46.995 [reactor-http-nio-15] DEBUG reactor.netty.resources.PooledConnectionProvider - [id: 0xd82da432, L:/127.0.0.1:50272 - R:localhost/127.0.0.1:8081] onStateChange(GET{uri=/getUserLocation?userId=ed11bd43-a995-40f7-bf02-33f3d9afdf12, connection=PooledConnection{channel=[id: 0xd82da432, L:/127.0.0.1:50272 - R:localhost/127.0.0.1:8081]}}, [request_sent])
20:40:46.995 [reactor-http-nio-12] DEBUG org.springframework.core.codec.StringDecoder - [5e37be02] Decoded "[{"longitude":-117.922008,"latitude":33.817595,"attractionName":"Disneyland","city":"Anaheim","stat (truncated)...
20:40:46.995 [reactor-http-nio-16] DEBUG reactor.netty.http.client.HttpClientOperations - [id: 0xa01a053c, L:/127.0.0.1:50244 - R:localhost/127.0.0.1:8081] Received last HTTP packet
20:40:46.995 [reactor-http-nio-14] DEBUG reactor.netty.http.client.HttpClientConnect - [id: 0x111e98d4, L:/127.0.0.1:50257 - R:localhost/127.0.0.1:8081] Handler is being applied: {uri=http://localhost:8081/getUserLocation?userId=07f554a2-9f8b-402e-844d-6866e6e69fd5, method=GET}
20:40:46.996 [reactor-http-nio-16] DEBUG org.springframework.core.codec.StringDecoder - [223025c0] Decoded "{"userId":"81c20e67-853c-4db2-a20e-6a06041c9598","location":{"longitude":-134.570904,"latitude":2.5 (truncated)...
20:40:46.996 [reactor-http-nio-16] DEBUG reactor.netty.resources.PooledConnectionProvider - [id: 0xa01a053c, L:/127.0.0.1:50244 - R:localhost/127.0.0.1:8081] onStateChange(GET{uri=/getUserLocation?userId=81c20e67-853c-4db2-a20e-6a06041c9598, connection=PooledConnection{channel=[id: 0xa01a053c, L:/127.0.0.1:50244 - R:localhost/127.0.0.1:8081]}}, [disconnecting])
20:40:46.996 [reactor-http-nio-16] DEBUG reactor.netty.resources.PooledConnectionProvider - [id: 0xa01a053c, L:/127.0.0.1:50244 - R:localhost/127.0.0.1:8081] Releasing channel
20:40:46.995 [reactor-http-nio-10] DEBUG reactor.netty.http.client.HttpClientOperations - [id: 0xfd5cebe1, L:/127.0.0.1:50290 - R:localhost/127.0.0.1:8081] Received response (auto-read:false) : [Content-Type=application/json, Transfer-Encoding=chunked, Date=Fri, 11 Jun 2021 15:10:46 GMT]
20:40:46.996 [reactor-http-nio-10] DEBUG reactor.netty.resources.PooledConnectionProvider - [id: 0xfd5cebe1, L:/127.0.0.1:50290 - R:localhost/127.0.0.1:8081] onStateChange(GET{uri=/getAttractions, connection=PooledConnection{channel=[id: 0xfd5cebe1, L:/127.0.0.1:50290 - R:localhost/127.0.0.1:8081]}}, [response_received])
20:40:46.996 [reactor-http-nio-10] DEBUG org.springframework.web.reactive.function.client.ExchangeFunctions - [54f1f0e] Response 200 OK
20:40:46.997 [reactor-http-nio-14] DEBUG reactor.netty.resources.PooledConnectionProvider - [id: 0x111e98d4, L:/127.0.0.1:50257 - R:localhost/127.0.0.1:8081] onStateChange(GET{uri=/getUserLocation?userId=07f554a2-9f8b-402e-844d-6866e6e69fd5, connection=PooledConnection{channel=[id: 0x111e98d4, L:/127.0.0.1:50257 - R:localhost/127.0.0.1:8081]}}, [request_sent])
20:40:46.996 [reactor-http-nio-12] DEBUG reactor.netty.resources.PooledConnectionProvider - [id: 0x9b24452d, L:/127.0.0.1:50265 - R:localhost/127.0.0.1:8081] onStateChange(GET{uri=/getAttractions, connection=PooledConnection{channel=[id: 0x9b24452d, L:/127.0.0.1:50265 - R:localhost/127.0.0.1:8081]}}, [disconnecting])
20:40:46.997 [reactor-http-nio-12] DEBUG reactor.netty.resources.PooledConnectionProvider - [id: 0x9b24452d, L:/127.0.0.1:50265 - R:localhost/127.0.0.1:8081] Releasing channel
20:40:46.997 [reactor-http-nio-14] DEBUG reactor.netty.http.client.HttpClientOperations - [id: 0xe42ed116, L:/127.0.0.1:50253 - R:localhost/127.0.0.1:8081] Received response (auto-read:false) : [Content-Type=application/json, Transfer-Encoding=chunked, Date=Fri, 11 Jun 2021 15:10:46 GMT]
20:40:46.996 [reactor-http-nio-13] DEBUG reactor.netty.http.client.HttpClientOperations - [id: 0xd31561fb, L:/127.0.0.1:50256 - R:localhost/127.0.0.1:8081] Received response (auto-read:false) : [Content-Type=application/json, Transfer-Encoding=chunked, Date=Fri, 11 Jun 2021 15:10:46 GMT]
20:40:46.997 [reactor-http-nio-14] DEBUG reactor.netty.resources.PooledConnectionProvider - [id: 0xe42ed116, L:/127.0.0.1:50253 - R:localhost/127.0.0.1:8081] onStateChange(GET{uri=/getUserLocation?userId=8a80cf51-342a-47d9-99e0-dbd9bb75585e, connection=PooledConnection{channel=[id: 0xe42ed116, L:/127.0.0.1:50253 - R:localhost/127.0.0.1:8081]}}, [response_received])
20:40:46.996 [reactor-http-nio-11] DEBUG reactor.netty.http.client.HttpClientOperations - [id: 0x1785ce4e, L:/127.0.0.1:50271 - R:localhost/127.0.0.1:8081] Received response (auto-read:false) : [Content-Type=application/json, Transfer-Encoding=chunked, Date=Fri, 11 Jun 2021 15:10:46 GMT]
20:40:46.997 [reactor-http-nio-13] DEBUG reactor.netty.resources.PooledConnectionProvider - [id: 0xd31561fb, L:/127.0.0.1:50256 - R:localhost/127.0.0.1:8081] onStateChange(GET{uri=/getAttractions, connection=PooledConnection{channel=[id: 0xd31561fb, L:/127.0.0.1:50256 - R:localhost/127.0.0.1:8081]}}, [response_received])
20:40:46.997 [reactor-http-nio-14] DEBUG org.springframework.web.reactive.function.client.ExchangeFunctions - [18e618ae] Response 200 OK
20:40:46.997 [reactor-http-nio-13] DEBUG org.springframework.web.reactive.function.client.ExchangeFunctions - [ee7c3ab] Response 200 OK
20:40:46.997 [reactor-http-nio-11] DEBUG reactor.netty.resources.PooledConnectionProvider - [id: 0x1785ce4e, L:/127.0.0.1:50271 - R:localhost/127.0.0.1:8081] onStateChange(GET{uri=/getUserLocation?userId=3586d5b7-4433-45c9-83a0-11cc7ac14053, connection=PooledConnection{channel=[id: 0x1785ce4e, L:/127.0.0.1:50271 - R:localhost/127.0.0.1:8081]}}, [response_received])
20:40:46.996 [reactor-http-nio-15] DEBUG reactor.netty.http.client.HttpClientOperations - [id: 0x70de3664, L:/127.0.0.1:50262 - R:localhost/127.0.0.1:8081] Received response (auto-read:false) : [Content-Type=application/json, Transfer-Encoding=chunked, Date=Fri, 11 Jun 2021 15:10:46 GMT]
20:40:46.997 [reactor-http-nio-15] DEBUG reactor.netty.resources.PooledConnectionProvider - [id: 0x70de3664, L:/127.0.0.1:50262 - R:localhost/127.0.0.1:8081] onStateChange(GET{uri=/getAttractions, connection=PooledConnection{channel=[id: 0x70de3664, L:/127.0.0.1:50262 - R:localhost/127.0.0.1:8081]}}, [response_received])
20:40:46.998 [reactor-http-nio-15] DEBUG org.springframework.web.reactive.function.client.ExchangeFunctions - [6d6c84b] Response 200 OK
20:40:46.998 [reactor-http-nio-13] DEBUG reactor.netty.channel.FluxReceive - [id: 0xd31561fb, L:/127.0.0.1:50256 - R:localhost/127.0.0.1:8081] Subscribing inbound receiver [pending: 0, cancelled:false, inboundDone: false]
20:40:46.996 [reactor-http-nio-16] DEBUG reactor.netty.resources.PooledConnectionProvider - [id: 0xa01a053c, L:/127.0.0.1:50244 - R:localhost/127.0.0.1:8081] Channel cleaned, now 45 active connections and 20 inactive connections
20:40:46.997 [reactor-http-nio-10] DEBUG reactor.netty.channel.FluxReceive - [id: 0xfd5cebe1, L:/127.0.0.1:50290 - R:localhost/127.0.0.1:8081] Subscribing inbound receiver [pending: 0, cancelled:false, inboundDone: false]
20:40:46.998 [pool-12-thread-22] DEBUG org.springframework.web.reactive.function.client.ExchangeFunctions - [6732bfe2] HTTP GET http://localhost:8081/getAttractions
20:40:46.998 [reactor-http-nio-16] DEBUG reactor.netty.resources.PooledConnectionProvider - [id: 0xe937ed28, L:/127.0.0.1:50293 - R:localhost/127.0.0.1:8081] Channel acquired, now 45 active connections and 20 inactive connections
20:40:46.998 [reactor-http-nio-13] DEBUG reactor.netty.http.client.HttpClientOperations - [id: 0xd31561fb, L:/127.0.0.1:50256 - R:localhost/127.0.0.1:8081] Received last HTTP packet
20:40:46.998 [reactor-http-nio-16] DEBUG reactor.netty.http.client.HttpClientConnect - [id: 0xe937ed28, L:/127.0.0.1:50293 - R:localhost/127.0.0.1:8081] Handler is being applied: {uri=http://localhost:8081/getUserLocation?userId=12fe00fb-9935-4c53-91d1-c17701000cc3, method=GET}
20:40:46.997 [reactor-http-nio-12] DEBUG reactor.netty.resources.PooledConnectionProvider - [id: 0x9b24452d, L:/127.0.0.1:50265 - R:localhost/127.0.0.1:8081] Channel cleaned, now 44 active connections and 21 inactive connections
20:40:46.997 [reactor-http-nio-11] DEBUG org.springframework.web.reactive.function.client.ExchangeFunctions - [76284ede] Response 200 OK
20:40:46.998 [reactor-http-nio-10] DEBUG reactor.netty.http.client.HttpClientOperations - [id: 0xfd5cebe1, L:/127.0.0.1:50290 - R:localhost/127.0.0.1:8081] Received last HTTP packet
20:40:46.998 [reactor-http-nio-13] DEBUG org.springframework.core.codec.StringDecoder - [ee7c3ab] Decoded "[{"longitude":-117.922008,"latitude":33.817595,"attractionName":"Disneyland","city":"Anaheim","stat (truncated)...
20:40:46.998 [reactor-http-nio-13] DEBUG reactor.netty.resources.PooledConnectionProvider - [id: 0xd31561fb, L:/127.0.0.1:50256 - R:localhost/127.0.0.1:8081] onStateChange(GET{uri=/getAttractions, connection=PooledConnection{channel=[id: 0xd31561fb, L:/127.0.0.1:50256 - R:localhost/127.0.0.1:8081]}}, [disconnecting])
20:40:46.999 [reactor-http-nio-13] DEBUG reactor.netty.resources.PooledConnectionProvider - [id: 0xd31561fb, L:/127.0.0.1:50256 - R:localhost/127.0.0.1:8081] Releasing channel
20:40:46.999 [reactor-http-nio-16] DEBUG reactor.netty.resources.PooledConnectionProvider - [id: 0xe937ed28, L:/127.0.0.1:50293 - R:localhost/127.0.0.1:8081] onStateChange(GET{uri=/getUserLocation?userId=12fe00fb-9935-4c53-91d1-c17701000cc3, connection=PooledConnection{channel=[id: 0xe937ed28, L:/127.0.0.1:50293 - R:localhost/127.0.0.1:8081]}}, [request_sent])
20:40:46.999 [reactor-http-nio-13] DEBUG reactor.netty.resources.PooledConnectionProvider - [id: 0xd31561fb, L:/127.0.0.1:50256 - R:localhost/127.0.0.1:8081] Channel cleaned, now 44 active connections and 21 inactive connections
20:40:46.999 [reactor-http-nio-10] DEBUG org.springframework.core.codec.StringDecoder - [54f1f0e] Decoded "[{"longitude":-117.922008,"latitude":33.817595,"attractionName":"Disneyland","city":"Anaheim","stat (truncated)...
20:40:46.999 [reactor-http-nio-10] DEBUG reactor.netty.resources.PooledConnectionProvider - [id: 0xfd5cebe1, L:/127.0.0.1:50290 - R:localhost/127.0.0.1:8081] onStateChange(GET{uri=/getAttractions, connection=PooledConnection{channel=[id: 0xfd5cebe1, L:/127.0.0.1:50290 - R:localhost/127.0.0.1:8081]}}, [disconnecting])
20:40:46.999 [reactor-http-nio-10] DEBUG reactor.netty.resources.PooledConnectionProvider - [id: 0xfd5cebe1, L:/127.0.0.1:50290 - R:localhost/127.0.0.1:8081] Releasing channel
20:40:46.999 [reactor-http-nio-10] DEBUG reactor.netty.resources.PooledConnectionProvider - [id: 0xfd5cebe1, L:/127.0.0.1:50290 - R:localhost/127.0.0.1:8081] Channel cleaned, now 43 active connections and 22 inactive connections
20:40:46.999 [reactor-http-nio-16] DEBUG reactor.netty.http.client.HttpClientOperations - [id: 0x4ab47f8c, L:/127.0.0.1:50291 - R:localhost/127.0.0.1:8081] Received response (auto-read:false) : [Content-Type=application/json, Transfer-Encoding=chunked, Date=Fri, 11 Jun 2021 15:10:46 GMT]
20:40:46.999 [reactor-http-nio-16] DEBUG reactor.netty.resources.PooledConnectionProvider - [id: 0x4ab47f8c, L:/127.0.0.1:50291 - R:localhost/127.0.0.1:8081] onStateChange(GET{uri=/getAttractions, connection=PooledConnection{channel=[id: 0x4ab47f8c, L:/127.0.0.1:50291 - R:localhost/127.0.0.1:8081]}}, [response_received])
20:40:46.999 [reactor-http-nio-10] DEBUG reactor.netty.http.client.HttpClientOperations - [id: 0xeb8d3006, L:/127.0.0.1:50297 - R:localhost/127.0.0.1:8081] Received response (auto-read:false) : [Content-Type=application/json, Transfer-Encoding=chunked, Date=Fri, 11 Jun 2021 15:10:46 GMT]
20:40:46.999 [reactor-http-nio-10] DEBUG reactor.netty.resources.PooledConnectionProvider - [id: 0xeb8d3006, L:/127.0.0.1:50297 - R:localhost/127.0.0.1:8081] onStateChange(GET{uri=/getAttractions, connection=PooledConnection{channel=[id: 0xeb8d3006, L:/127.0.0.1:50297 - R:localhost/127.0.0.1:8081]}}, [response_received])
20:40:46.999 [reactor-http-nio-16] DEBUG org.springframework.web.reactive.function.client.ExchangeFunctions - [7f23997b] Response 200 OK
20:40:46.999 [reactor-http-nio-10] DEBUG org.springframework.web.reactive.function.client.ExchangeFunctions - [6f27a32a] Response 200 OK
20:40:46.999 [reactor-http-nio-12] DEBUG reactor.netty.http.client.HttpClientOperations - [id: 0x70cf3415, L:/127.0.0.1:50288 - R:localhost/127.0.0.1:8081] Received response (auto-read:false) : [Content-Type=application/json, Transfer-Encoding=chunked, Date=Fri, 11 Jun 2021 15:10:46 GMT]
20:40:46.999 [reactor-http-nio-12] DEBUG reactor.netty.resources.PooledConnectionProvider - [id: 0x70cf3415, L:/127.0.0.1:50288 - R:localhost/127.0.0.1:8081] onStateChange(GET{uri=/getAttractions, connection=PooledConnection{channel=[id: 0x70cf3415, L:/127.0.0.1:50288 - R:localhost/127.0.0.1:8081]}}, [response_received])
20:40:46.999 [reactor-http-nio-12] DEBUG org.springframework.web.reactive.function.client.ExchangeFunctions - [50fbf375] Response 200 OK
20:40:46.999 [reactor-http-nio-10] DEBUG reactor.netty.channel.FluxReceive - [id: 0xeb8d3006, L:/127.0.0.1:50297 - R:localhost/127.0.0.1:8081] Subscribing inbound receiver [pending: 0, cancelled:false, inboundDone: false]
20:40:47.000 [reactor-http-nio-12] DEBUG reactor.netty.channel.FluxReceive - [id: 0x70cf3415, L:/127.0.0.1:50288 - R:localhost/127.0.0.1:8081] Subscribing inbound receiver [pending: 0, cancelled:false, inboundDone: false]
20:40:46.998 [reactor-http-nio-14] DEBUG reactor.netty.channel.FluxReceive - [id: 0xe42ed116, L:/127.0.0.1:50253 - R:localhost/127.0.0.1:8081] Subscribing inbound receiver [pending: 0, cancelled:false, inboundDone: false]
20:40:46.998 [reactor-http-nio-15] DEBUG reactor.netty.channel.FluxReceive - [id: 0x70de3664, L:/127.0.0.1:50262 - R:localhost/127.0.0.1:8081] Subscribing inbound receiver [pending: 0, cancelled:false, inboundDone: false]
20:40:47.000 [reactor-http-nio-10] DEBUG reactor.netty.http.client.HttpClientOperations - [id: 0xeb8d3006, L:/127.0.0.1:50297 - R:localhost/127.0.0.1:8081] Received last HTTP packet
20:40:47.000 [reactor-http-nio-12] DEBUG reactor.netty.http.client.HttpClientOperations - [id: 0x70cf3415, L:/127.0.0.1:50288 - R:localhost/127.0.0.1:8081] Received last HTTP packet
20:40:47.000 [reactor-http-nio-15] DEBUG reactor.netty.http.client.HttpClientOperations - [id: 0x70de3664, L:/127.0.0.1:50262 - R:localhost/127.0.0.1:8081] Received last HTTP packet
20:40:46.999 [reactor-http-nio-11] DEBUG reactor.netty.channel.FluxReceive - [id: 0x1785ce4e, L:/127.0.0.1:50271 - R:localhost/127.0.0.1:8081] Subscribing inbound receiver [pending: 0, cancelled:false, inboundDone: false]
20:40:47.000 [reactor-http-nio-10] DEBUG org.springframework.core.codec.StringDecoder - [6f27a32a] Decoded "[{"longitude":-117.922008,"latitude":33.817595,"attractionName":"Disneyland","city":"Anaheim","stat (truncated)...
20:40:47.000 [reactor-http-nio-10] DEBUG reactor.netty.resources.PooledConnectionProvider - [id: 0xeb8d3006, L:/127.0.0.1:50297 - R:localhost/127.0.0.1:8081] onStateChange(GET{uri=/getAttractions, connection=PooledConnection{channel=[id: 0xeb8d3006, L:/127.0.0.1:50297 - R:localhost/127.0.0.1:8081]}}, [disconnecting])
20:40:47.000 [reactor-http-nio-10] DEBUG reactor.netty.resources.PooledConnectionProvider - [id: 0xeb8d3006, L:/127.0.0.1:50297 - R:localhost/127.0.0.1:8081] Releasing channel
20:40:47.000 [reactor-http-nio-12] DEBUG org.springframework.core.codec.StringDecoder - [50fbf375] Decoded "[{"longitude":-117.922008,"latitude":33.817595,"attractionName":"Disneyland","city":"Anaheim","stat (truncated)...
20:40:47.000 [reactor-http-nio-10] DEBUG reactor.netty.resources.PooledConnectionProvider - [id: 0xeb8d3006, L:/127.0.0.1:50297 - R:localhost/127.0.0.1:8081] Channel cleaned, now 42 active connections and 23 inactive connections
20:40:47.000 [reactor-http-nio-12] DEBUG reactor.netty.resources.PooledConnectionProvider - [id: 0x70cf3415, L:/127.0.0.1:50288 - R:localhost/127.0.0.1:8081] onStateChange(GET{uri=/getAttractions, connection=PooledConnection{channel=[id: 0x70cf3415, L:/127.0.0.1:50288 - R:localhost/127.0.0.1:8081]}}, [disconnecting])
20:40:47.000 [reactor-http-nio-12] DEBUG reactor.netty.resources.PooledConnectionProvider - [id: 0x70cf3415, L:/127.0.0.1:50288 - R:localhost/127.0.0.1:8081] Releasing channel
20:40:47.001 [reactor-http-nio-12] DEBUG reactor.netty.resources.PooledConnectionProvider - [id: 0x70cf3415, L:/127.0.0.1:50288 - R:localhost/127.0.0.1:8081] Channel cleaned, now 41 active connections and 24 inactive connections
20:40:47.001 [reactor-http-nio-11] DEBUG reactor.netty.http.client.HttpClientOperations - [id: 0x1785ce4e, L:/127.0.0.1:50271 - R:localhost/127.0.0.1:8081] Received last HTTP packet
20:40:47.001 [reactor-http-nio-12] DEBUG reactor.netty.resources.PooledConnectionProvider - [id: 0xa6263615, L:/127.0.0.1:50308 - R:localhost/127.0.0.1:8081] Channel acquired, now 42 active connections and 23 inactive connections
20:40:47.001 [reactor-http-nio-11] DEBUG org.springframework.core.codec.StringDecoder - [76284ede] Decoded "{"userId":"3586d5b7-4433-45c9-83a0-11cc7ac14053","location":{"longitude":137.452199,"latitude":-49. (truncated)...
20:40:47.001 [reactor-http-nio-11] DEBUG reactor.netty.resources.PooledConnectionProvider - [id: 0x1785ce4e, L:/127.0.0.1:50271 - R:localhost/127.0.0.1:8081] onStateChange(GET{uri=/getUserLocation?userId=3586d5b7-4433-45c9-83a0-11cc7ac14053, connection=PooledConnection{channel=[id: 0x1785ce4e, L:/127.0.0.1:50271 - R:localhost/127.0.0.1:8081]}}, [disconnecting])
20:40:47.001 [reactor-http-nio-11] DEBUG reactor.netty.resources.PooledConnectionProvider - [id: 0x1785ce4e, L:/127.0.0.1:50271 - R:localhost/127.0.0.1:8081] Releasing channel
20:40:47.001 [reactor-http-nio-11] DEBUG reactor.netty.resources.PooledConnectionProvider - [id: 0x1785ce4e, L:/127.0.0.1:50271 - R:localhost/127.0.0.1:8081] Channel cleaned, now 41 active connections and 24 inactive connections
20:40:47.001 [reactor-http-nio-11] DEBUG reactor.netty.resources.PooledConnectionProvider - [id: 0xf4ffa1a5, L:/127.0.0.1:50267 - R:localhost/127.0.0.1:8081] Channel acquired, now 42 active connections and 23 inactive connections
20:40:46.999 [reactor-http-nio-16] DEBUG reactor.netty.channel.FluxReceive - [id: 0x4ab47f8c, L:/127.0.0.1:50291 - R:localhost/127.0.0.1:8081] Subscribing inbound receiver [pending: 0, cancelled:false, inboundDone: false]
20:40:47.001 [reactor-http-nio-11] DEBUG reactor.netty.http.client.HttpClientConnect - [id: 0xf4ffa1a5, L:/127.0.0.1:50267 - R:localhost/127.0.0.1:8081] Handler is being applied: {uri=http://localhost:8081/getUserLocation?userId=7a01899e-aef6-4bc9-8103-ba521a2216ed, method=GET}
20:40:47.001 [reactor-http-nio-15] DEBUG org.springframework.core.codec.StringDecoder - [6d6c84b] Decoded "[{"longitude":-117.922008,"latitude":33.817595,"attractionName":"Disneyland","city":"Anaheim","stat (truncated)...
20:40:47.001 [reactor-http-nio-16] DEBUG reactor.netty.http.client.HttpClientOperations - [id: 0x4ab47f8c, L:/127.0.0.1:50291 - R:localhost/127.0.0.1:8081] Received last HTTP packet
20:40:47.001 [reactor-http-nio-2] DEBUG reactor.netty.http.client.HttpClientOperations - [id: 0x3355f769, L:/127.0.0.1:50264 - R:localhost/127.0.0.1:8081] Received response (auto-read:false) : [Content-Type=application/json, Transfer-Encoding=chunked, Date=Fri, 11 Jun 2021 15:10:46 GMT]
20:40:47.002 [reactor-http-nio-11] DEBUG reactor.netty.resources.PooledConnectionProvider - [id: 0xf4ffa1a5, L:/127.0.0.1:50267 - R:localhost/127.0.0.1:8081] onStateChange(GET{uri=/getUserLocation?userId=7a01899e-aef6-4bc9-8103-ba521a2216ed, connection=PooledConnection{channel=[id: 0xf4ffa1a5, L:/127.0.0.1:50267 - R:localhost/127.0.0.1:8081]}}, [request_sent])
20:40:47.002 [reactor-http-nio-2] DEBUG reactor.netty.resources.PooledConnectionProvider - [id: 0x3355f769, L:/127.0.0.1:50264 - R:localhost/127.0.0.1:8081] onStateChange(GET{uri=/getUserLocation?userId=283a43c4-21cb-40ce-be70-3217f436e2ab, connection=PooledConnection{channel=[id: 0x3355f769, L:/127.0.0.1:50264 - R:localhost/127.0.0.1:8081]}}, [response_received])
20:40:47.002 [reactor-http-nio-16] DEBUG org.springframework.core.codec.StringDecoder - [7f23997b] Decoded "[{"longitude":-117.922008,"latitude":33.817595,"attractionName":"Disneyland","city":"Anaheim","stat (truncated)...
20:40:47.002 [reactor-http-nio-2] DEBUG org.springframework.web.reactive.function.client.ExchangeFunctions - [6b179f3d] Response 200 OK
20:40:47.002 [reactor-http-nio-15] DEBUG reactor.netty.resources.PooledConnectionProvider - [id: 0x70de3664, L:/127.0.0.1:50262 - R:localhost/127.0.0.1:8081] onStateChange(GET{uri=/getAttractions, connection=PooledConnection{channel=[id: 0x70de3664, L:/127.0.0.1:50262 - R:localhost/127.0.0.1:8081]}}, [disconnecting])
20:40:47.002 [reactor-http-nio-15] DEBUG reactor.netty.resources.PooledConnectionProvider - [id: 0x70de3664, L:/127.0.0.1:50262 - R:localhost/127.0.0.1:8081] Releasing channel
20:40:47.002 [reactor-http-nio-15] DEBUG reactor.netty.resources.PooledConnectionProvider - [id: 0x70de3664, L:/127.0.0.1:50262 - R:localhost/127.0.0.1:8081] Channel cleaned, now 41 active connections and 24 inactive connections
20:40:47.002 [reactor-http-nio-2] DEBUG reactor.netty.channel.FluxReceive - [id: 0x3355f769, L:/127.0.0.1:50264 - R:localhost/127.0.0.1:8081] Subscribing inbound receiver [pending: 0, cancelled:false, inboundDone: false]
20:40:47.002 [reactor-http-nio-15] DEBUG reactor.netty.http.client.HttpClientOperations - [id: 0xb80ff19f, L:/127.0.0.1:50284 - R:localhost/127.0.0.1:8081] Received response (auto-read:false) : [Content-Type=application/json, Transfer-Encoding=chunked, Date=Fri, 11 Jun 2021 15:10:46 GMT]
20:40:47.002 [pool-12-thread-27] DEBUG org.springframework.web.reactive.function.client.ExchangeFunctions - [332ace7f] HTTP GET http://localhost:8081/getAttractions
20:40:47.002 [reactor-http-nio-15] DEBUG reactor.netty.resources.PooledConnectionProvider - [id: 0xb80ff19f, L:/127.0.0.1:50284 - R:localhost/127.0.0.1:8081] onStateChange(GET{uri=/getAttractions, connection=PooledConnection{channel=[id: 0xb80ff19f, L:/127.0.0.1:50284 - R:localhost/127.0.0.1:8081]}}, [response_received])
20:40:47.002 [reactor-http-nio-15] DEBUG org.springframework.web.reactive.function.client.ExchangeFunctions - [511b32e5] Response 200 OK
20:40:47.002 [reactor-http-nio-2] DEBUG reactor.netty.http.client.HttpClientOperations - [id: 0x3355f769, L:/127.0.0.1:50264 - R:localhost/127.0.0.1:8081] Received last HTTP packet
20:40:47.003 [reactor-http-nio-2] DEBUG org.springframework.core.codec.StringDecoder - [6b179f3d] Decoded "{"userId":"283a43c4-21cb-40ce-be70-3217f436e2ab","location":{"longitude":93.366327,"latitude":60.82 (truncated)...
20:40:47.003 [reactor-http-nio-2] DEBUG reactor.netty.resources.PooledConnectionProvider - [id: 0x3355f769, L:/127.0.0.1:50264 - R:localhost/127.0.0.1:8081] onStateChange(GET{uri=/getUserLocation?userId=283a43c4-21cb-40ce-be70-3217f436e2ab, connection=PooledConnection{channel=[id: 0x3355f769, L:/127.0.0.1:50264 - R:localhost/127.0.0.1:8081]}}, [disconnecting])
20:40:47.003 [reactor-http-nio-2] DEBUG reactor.netty.resources.PooledConnectionProvider - [id: 0x3355f769, L:/127.0.0.1:50264 - R:localhost/127.0.0.1:8081] Releasing channel
20:40:47.003 [reactor-http-nio-2] DEBUG reactor.netty.resources.PooledConnectionProvider - [id: 0x3355f769, L:/127.0.0.1:50264 - R:localhost/127.0.0.1:8081] Channel cleaned, now 40 active connections and 25 inactive connections
20:40:47.003 [reactor-http-nio-15] DEBUG reactor.netty.channel.FluxReceive - [id: 0xb80ff19f, L:/127.0.0.1:50284 - R:localhost/127.0.0.1:8081] Subscribing inbound receiver [pending: 0, cancelled:false, inboundDone: false]
20:40:47.001 [reactor-http-nio-12] DEBUG reactor.netty.http.client.HttpClientConnect - [id: 0xa6263615, L:/127.0.0.1:50308 - R:localhost/127.0.0.1:8081] Handler is being applied: {uri=http://localhost:8081/getAttractions, method=GET}
20:40:47.001 [reactor-http-nio-14] DEBUG reactor.netty.http.client.HttpClientOperations - [id: 0xe42ed116, L:/127.0.0.1:50253 - R:localhost/127.0.0.1:8081] Received last HTTP packet
20:40:47.003 [reactor-http-nio-15] DEBUG reactor.netty.http.client.HttpClientOperations - [id: 0xb80ff19f, L:/127.0.0.1:50284 - R:localhost/127.0.0.1:8081] Received last HTTP packet
20:40:47.003 [reactor-http-nio-10] DEBUG reactor.netty.http.client.HttpClientOperations - [id: 0x2c66aa2f, L:/127.0.0.1:50251 - R:localhost/127.0.0.1:8081] Received response (auto-read:false) : [Content-Type=application/json, Transfer-Encoding=chunked, Date=Fri, 11 Jun 2021 15:10:46 GMT]
20:40:47.003 [reactor-http-nio-14] DEBUG org.springframework.core.codec.StringDecoder - [18e618ae] Decoded "{"userId":"8a80cf51-342a-47d9-99e0-dbd9bb75585e","location":{"longitude":-90.710687,"latitude":-38. (truncated)...
20:40:47.003 [reactor-http-nio-10] DEBUG reactor.netty.resources.PooledConnectionProvider - [id: 0x2c66aa2f, L:/127.0.0.1:50251 - R:localhost/127.0.0.1:8081] onStateChange(GET{uri=/getUserLocation?userId=2ca4b761-a1c7-4037-a48b-bf6f6a62d400, connection=PooledConnection{channel=[id: 0x2c66aa2f, L:/127.0.0.1:50251 - R:localhost/127.0.0.1:8081]}}, [response_received])
20:40:47.003 [reactor-http-nio-10] DEBUG org.springframework.web.reactive.function.client.ExchangeFunctions - [48644919] Response 200 OK
20:40:47.003 [reactor-http-nio-15] DEBUG org.springframework.core.codec.StringDecoder - [511b32e5] Decoded "[{"longitude":-117.922008,"latitude":33.817595,"attractionName":"Disneyland","city":"Anaheim","stat (truncated)...
20:40:47.003 [reactor-http-nio-15] DEBUG reactor.netty.resources.PooledConnectionProvider - [id: 0xb80ff19f, L:/127.0.0.1:50284 - R:localhost/127.0.0.1:8081] onStateChange(GET{uri=/getAttractions, connection=PooledConnection{channel=[id: 0xb80ff19f, L:/127.0.0.1:50284 - R:localhost/127.0.0.1:8081]}}, [disconnecting])
20:40:47.004 [reactor-http-nio-15] DEBUG reactor.netty.resources.PooledConnectionProvider - [id: 0xb80ff19f, L:/127.0.0.1:50284 - R:localhost/127.0.0.1:8081] Releasing channel
20:40:47.004 [reactor-http-nio-15] DEBUG reactor.netty.resources.PooledConnectionProvider - [id: 0xb80ff19f, L:/127.0.0.1:50284 - R:localhost/127.0.0.1:8081] Channel cleaned, now 39 active connections and 26 inactive connections
20:40:47.004 [reactor-http-nio-10] DEBUG reactor.netty.channel.FluxReceive - [id: 0x2c66aa2f, L:/127.0.0.1:50251 - R:localhost/127.0.0.1:8081] Subscribing inbound receiver [pending: 0, cancelled:false, inboundDone: false]
20:40:47.004 [reactor-http-nio-14] DEBUG reactor.netty.resources.PooledConnectionProvider - [id: 0xe42ed116, L:/127.0.0.1:50253 - R:localhost/127.0.0.1:8081] onStateChange(GET{uri=/getUserLocation?userId=8a80cf51-342a-47d9-99e0-dbd9bb75585e, connection=PooledConnection{channel=[id: 0xe42ed116, L:/127.0.0.1:50253 - R:localhost/127.0.0.1:8081]}}, [disconnecting])
20:40:47.004 [reactor-http-nio-14] DEBUG reactor.netty.resources.PooledConnectionProvider - [id: 0xe42ed116, L:/127.0.0.1:50253 - R:localhost/127.0.0.1:8081] Releasing channel
20:40:47.004 [reactor-http-nio-10] DEBUG reactor.netty.http.client.HttpClientOperations - [id: 0x2c66aa2f, L:/127.0.0.1:50251 - R:localhost/127.0.0.1:8081] Received last HTTP packet
20:40:47.004 [reactor-http-nio-14] DEBUG reactor.netty.resources.PooledConnectionProvider - [id: 0xe42ed116, L:/127.0.0.1:50253 - R:localhost/127.0.0.1:8081] Channel cleaned, now 38 active connections and 27 inactive connections
20:40:47.004 [reactor-http-nio-10] DEBUG org.springframework.core.codec.StringDecoder - [48644919] Decoded "{"userId":"2ca4b761-a1c7-4037-a48b-bf6f6a62d400","location":{"longitude":39.593669,"latitude":-31.7 (truncated)...
20:40:47.004 [reactor-http-nio-10] DEBUG reactor.netty.resources.PooledConnectionProvider - [id: 0x2c66aa2f, L:/127.0.0.1:50251 - R:localhost/127.0.0.1:8081] onStateChange(GET{uri=/getUserLocation?userId=2ca4b761-a1c7-4037-a48b-bf6f6a62d400, connection=PooledConnection{channel=[id: 0x2c66aa2f, L:/127.0.0.1:50251 - R:localhost/127.0.0.1:8081]}}, [disconnecting])
20:40:47.004 [reactor-http-nio-10] DEBUG reactor.netty.resources.PooledConnectionProvider - [id: 0x2c66aa2f, L:/127.0.0.1:50251 - R:localhost/127.0.0.1:8081] Releasing channel
20:40:47.004 [reactor-http-nio-10] DEBUG reactor.netty.resources.PooledConnectionProvider - [id: 0x2c66aa2f, L:/127.0.0.1:50251 - R:localhost/127.0.0.1:8081] Channel cleaned, now 37 active connections and 28 inactive connections
20:40:47.004 [reactor-http-nio-14] DEBUG reactor.netty.http.client.HttpClientOperations - [id: 0x281b17dd, L:/127.0.0.1:50294 - R:localhost/127.0.0.1:8081] Received response (auto-read:false) : [Content-Type=application/json, Transfer-Encoding=chunked, Date=Fri, 11 Jun 2021 15:10:46 GMT]
20:40:47.005 [reactor-http-nio-14] DEBUG reactor.netty.resources.PooledConnectionProvider - [id: 0x281b17dd, L:/127.0.0.1:50294 - R:localhost/127.0.0.1:8081] onStateChange(GET{uri=/getUserLocation?userId=4aa35eeb-bac9-4161-9366-a7aa4157e443, connection=PooledConnection{channel=[id: 0x281b17dd, L:/127.0.0.1:50294 - R:localhost/127.0.0.1:8081]}}, [response_received])
20:40:47.005 [reactor-http-nio-14] DEBUG org.springframework.web.reactive.function.client.ExchangeFunctions - [2d9ddb6b] Response 200 OK
20:40:47.005 [reactor-http-nio-10] DEBUG reactor.netty.http.client.HttpClientOperations - [id: 0x2a5ccfca, L:/127.0.0.1:50306 - R:localhost/127.0.0.1:8081] Received response (auto-read:false) : [Content-Type=application/json, Transfer-Encoding=chunked, Date=Fri, 11 Jun 2021 15:10:46 GMT]
20:40:47.005 [reactor-http-nio-10] DEBUG reactor.netty.resources.PooledConnectionProvider - [id: 0x2a5ccfca, L:/127.0.0.1:50306 - R:localhost/127.0.0.1:8081] onStateChange(GET{uri=/getAttractions, connection=PooledConnection{channel=[id: 0x2a5ccfca, L:/127.0.0.1:50306 - R:localhost/127.0.0.1:8081]}}, [response_received])
20:40:47.005 [reactor-http-nio-10] DEBUG org.springframework.web.reactive.function.client.ExchangeFunctions - [1f83d4bc] Response 200 OK
20:40:47.002 [reactor-http-nio-16] DEBUG reactor.netty.resources.PooledConnectionProvider - [id: 0x4ab47f8c, L:/127.0.0.1:50291 - R:localhost/127.0.0.1:8081] onStateChange(GET{uri=/getAttractions, connection=PooledConnection{channel=[id: 0x4ab47f8c, L:/127.0.0.1:50291 - R:localhost/127.0.0.1:8081]}}, [disconnecting])
20:40:47.004 [pool-12-thread-11] DEBUG org.springframework.web.reactive.function.client.ExchangeFunctions - [2e150c3b] HTTP GET http://localhost:8081/getAttractions
20:40:47.005 [pool-12-thread-6] DEBUG org.springframework.web.reactive.function.client.ExchangeFunctions - [5de485d6] HTTP GET http://localhost:8081/getAttractions
20:40:47.005 [reactor-http-nio-14] DEBUG reactor.netty.channel.FluxReceive - [id: 0x281b17dd, L:/127.0.0.1:50294 - R:localhost/127.0.0.1:8081] Subscribing inbound receiver [pending: 0, cancelled:false, inboundDone: false]
20:40:47.005 [reactor-http-nio-16] DEBUG reactor.netty.resources.PooledConnectionProvider - [id: 0x4ab47f8c, L:/127.0.0.1:50291 - R:localhost/127.0.0.1:8081] Releasing channel
20:40:47.005 [reactor-http-nio-16] DEBUG reactor.netty.resources.PooledConnectionProvider - [id: 0x4ab47f8c, L:/127.0.0.1:50291 - R:localhost/127.0.0.1:8081] Channel cleaned, now 36 active connections and 29 inactive connections
20:40:47.005 [reactor-http-nio-10] DEBUG reactor.netty.channel.FluxReceive - [id: 0x2a5ccfca, L:/127.0.0.1:50306 - R:localhost/127.0.0.1:8081] Subscribing inbound receiver [pending: 0, cancelled:false, inboundDone: false]
20:40:47.005 [reactor-http-nio-14] DEBUG reactor.netty.http.client.HttpClientOperations - [id: 0x281b17dd, L:/127.0.0.1:50294 - R:localhost/127.0.0.1:8081] Received last HTTP packet
20:40:47.006 [reactor-http-nio-14] DEBUG org.springframework.core.codec.StringDecoder - [2d9ddb6b] Decoded "{"userId":"4aa35eeb-bac9-4161-9366-a7aa4157e443","location":{"longitude":28.902274,"latitude":-74.7 (truncated)...
20:40:47.006 [reactor-http-nio-14] DEBUG reactor.netty.resources.PooledConnectionProvider - [id: 0x281b17dd, L:/127.0.0.1:50294 - R:localhost/127.0.0.1:8081] onStateChange(GET{uri=/getUserLocation?userId=4aa35eeb-bac9-4161-9366-a7aa4157e443, connection=PooledConnection{channel=[id: 0x281b17dd, L:/127.0.0.1:50294 - R:localhost/127.0.0.1:8081]}}, [disconnecting])
20:40:47.006 [reactor-http-nio-14] DEBUG reactor.netty.resources.PooledConnectionProvider - [id: 0x281b17dd, L:/127.0.0.1:50294 - R:localhost/127.0.0.1:8081] Releasing channel
20:40:47.006 [reactor-http-nio-16] DEBUG reactor.netty.http.client.HttpClientOperations - [id: 0x0ffc5b2c, L:/127.0.0.1:50250 - R:localhost/127.0.0.1:8081] Received response (auto-read:false) : [Content-Type=application/json, Transfer-Encoding=chunked, Date=Fri, 11 Jun 2021 15:10:46 GMT]
20:40:47.006 [reactor-http-nio-16] DEBUG reactor.netty.resources.PooledConnectionProvider - [id: 0x0ffc5b2c, L:/127.0.0.1:50250 - R:localhost/127.0.0.1:8081] onStateChange(GET{uri=/getAttractions, connection=PooledConnection{channel=[id: 0x0ffc5b2c, L:/127.0.0.1:50250 - R:localhost/127.0.0.1:8081]}}, [response_received])
20:40:47.006 [pool-12-thread-4] DEBUG org.springframework.web.reactive.function.client.ExchangeFunctions - [d66de71] HTTP GET http://localhost:8081/getAttractions
20:40:47.005 [reactor-http-nio-12] DEBUG reactor.netty.resources.PooledConnectionProvider - [id: 0xa6263615, L:/127.0.0.1:50308 - R:localhost/127.0.0.1:8081] onStateChange(GET{uri=/getAttractions, connection=PooledConnection{channel=[id: 0xa6263615, L:/127.0.0.1:50308 - R:localhost/127.0.0.1:8081]}}, [request_sent])
20:40:47.006 [reactor-http-nio-14] DEBUG reactor.netty.resources.PooledConnectionProvider - [id: 0x281b17dd, L:/127.0.0.1:50294 - R:localhost/127.0.0.1:8081] Channel cleaned, now 35 active connections and 30 inactive connections
20:40:47.006 [reactor-http-nio-10] DEBUG reactor.netty.http.client.HttpClientOperations - [id: 0x2a5ccfca, L:/127.0.0.1:50306 - R:localhost/127.0.0.1:8081] Received last HTTP packet
20:40:47.006 [reactor-http-nio-16] DEBUG org.springframework.web.reactive.function.client.ExchangeFunctions - [7077eec4] Response 200 OK
20:40:47.006 [reactor-http-nio-12] DEBUG reactor.netty.http.client.HttpClientOperations - [id: 0x3e41c192, L:/127.0.0.1:50266 - R:localhost/127.0.0.1:8081] Received response (auto-read:false) : [Content-Type=application/json, Transfer-Encoding=chunked, Date=Fri, 11 Jun 2021 15:10:46 GMT]
20:40:47.006 [reactor-http-nio-10] DEBUG org.springframework.core.codec.StringDecoder - [1f83d4bc] Decoded "[{"longitude":-117.922008,"latitude":33.817595,"attractionName":"Disneyland","city":"Anaheim","stat (truncated)...
20:40:47.006 [reactor-http-nio-10] DEBUG reactor.netty.resources.PooledConnectionProvider - [id: 0x2a5ccfca, L:/127.0.0.1:50306 - R:localhost/127.0.0.1:8081] onStateChange(GET{uri=/getAttractions, connection=PooledConnection{channel=[id: 0x2a5ccfca, L:/127.0.0.1:50306 - R:localhost/127.0.0.1:8081]}}, [disconnecting])
20:40:47.006 [reactor-http-nio-10] DEBUG reactor.netty.resources.PooledConnectionProvider - [id: 0x2a5ccfca, L:/127.0.0.1:50306 - R:localhost/127.0.0.1:8081] Releasing channel
20:40:47.007 [reactor-http-nio-10] DEBUG reactor.netty.resources.PooledConnectionProvider - [id: 0x2a5ccfca, L:/127.0.0.1:50306 - R:localhost/127.0.0.1:8081] Channel cleaned, now 34 active connections and 31 inactive connections
20:40:47.007 [reactor-http-nio-16] DEBUG reactor.netty.channel.FluxReceive - [id: 0x0ffc5b2c, L:/127.0.0.1:50250 - R:localhost/127.0.0.1:8081] Subscribing inbound receiver [pending: 0, cancelled:false, inboundDone: false]
20:40:47.007 [reactor-http-nio-10] DEBUG reactor.netty.http.client.HttpClientOperations - [id: 0x163b3bc4, L:/127.0.0.1:50305 - R:localhost/127.0.0.1:8081] Received response (auto-read:false) : [Content-Type=application/json, Transfer-Encoding=chunked, Date=Fri, 11 Jun 2021 15:10:46 GMT]
20:40:47.007 [reactor-http-nio-10] DEBUG reactor.netty.resources.PooledConnectionProvider - [id: 0x163b3bc4, L:/127.0.0.1:50305 - R:localhost/127.0.0.1:8081] onStateChange(GET{uri=/getAttractions, connection=PooledConnection{channel=[id: 0x163b3bc4, L:/127.0.0.1:50305 - R:localhost/127.0.0.1:8081]}}, [response_received])
20:40:47.007 [reactor-http-nio-16] DEBUG reactor.netty.http.client.HttpClientOperations - [id: 0x0ffc5b2c, L:/127.0.0.1:50250 - R:localhost/127.0.0.1:8081] Received last HTTP packet
20:40:47.007 [reactor-http-nio-10] DEBUG org.springframework.web.reactive.function.client.ExchangeFunctions - [66a6dcae] Response 200 OK
20:40:47.007 [pool-12-thread-46] DEBUG org.springframework.web.reactive.function.client.ExchangeFunctions - [235a30a8] HTTP GET http://localhost:8081/getAttractions
20:40:47.007 [reactor-http-nio-16] DEBUG org.springframework.core.codec.StringDecoder - [7077eec4] Decoded "[{"longitude":-117.922008,"latitude":33.817595,"attractionName":"Disneyland","city":"Anaheim","stat (truncated)...
20:40:47.007 [reactor-http-nio-10] DEBUG reactor.netty.channel.FluxReceive - [id: 0x163b3bc4, L:/127.0.0.1:50305 - R:localhost/127.0.0.1:8081] Subscribing inbound receiver [pending: 0, cancelled:false, inboundDone: false]
20:40:47.006 [reactor-http-nio-14] DEBUG reactor.netty.http.client.HttpClientOperations - [id: 0x8b4459b6, L:/127.0.0.1:50276 - R:localhost/127.0.0.1:8081] Received response (auto-read:false) : [Content-Type=application/json, Transfer-Encoding=chunked, Date=Fri, 11 Jun 2021 15:10:46 GMT]
20:40:47.008 [reactor-http-nio-16] DEBUG reactor.netty.resources.PooledConnectionProvider - [id: 0x0ffc5b2c, L:/127.0.0.1:50250 - R:localhost/127.0.0.1:8081] onStateChange(GET{uri=/getAttractions, connection=PooledConnection{channel=[id: 0x0ffc5b2c, L:/127.0.0.1:50250 - R:localhost/127.0.0.1:8081]}}, [disconnecting])
20:40:47.008 [reactor-http-nio-14] DEBUG reactor.netty.resources.PooledConnectionProvider - [id: 0x8b4459b6, L:/127.0.0.1:50276 - R:localhost/127.0.0.1:8081] onStateChange(GET{uri=/getAttractions, connection=PooledConnection{channel=[id: 0x8b4459b6, L:/127.0.0.1:50276 - R:localhost/127.0.0.1:8081]}}, [response_received])
20:40:47.006 [reactor-http-nio-12] DEBUG reactor.netty.resources.PooledConnectionProvider - [id: 0x3e41c192, L:/127.0.0.1:50266 - R:localhost/127.0.0.1:8081] onStateChange(GET{uri=/getAttractions, connection=PooledConnection{channel=[id: 0x3e41c192, L:/127.0.0.1:50266 - R:localhost/127.0.0.1:8081]}}, [response_received])
20:40:47.008 [reactor-http-nio-14] DEBUG org.springframework.web.reactive.function.client.ExchangeFunctions - [4d322b3b] Response 200 OK
20:40:47.008 [reactor-http-nio-12] DEBUG org.springframework.web.reactive.function.client.ExchangeFunctions - [75aaeeb9] Response 200 OK
20:40:47.008 [reactor-http-nio-16] DEBUG reactor.netty.resources.PooledConnectionProvider - [id: 0x0ffc5b2c, L:/127.0.0.1:50250 - R:localhost/127.0.0.1:8081] Releasing channel
20:40:47.008 [reactor-http-nio-16] DEBUG reactor.netty.resources.PooledConnectionProvider - [id: 0x0ffc5b2c, L:/127.0.0.1:50250 - R:localhost/127.0.0.1:8081] Channel cleaned, now 33 active connections and 32 inactive connections
20:40:47.008 [reactor-http-nio-12] DEBUG reactor.netty.channel.FluxReceive - [id: 0x3e41c192, L:/127.0.0.1:50266 - R:localhost/127.0.0.1:8081] Subscribing inbound receiver [pending: 0, cancelled:false, inboundDone: false]
20:40:47.008 [reactor-http-nio-14] DEBUG reactor.netty.channel.FluxReceive - [id: 0x8b4459b6, L:/127.0.0.1:50276 - R:localhost/127.0.0.1:8081] Subscribing inbound receiver [pending: 0, cancelled:false, inboundDone: false]
20:40:47.008 [reactor-http-nio-10] DEBUG reactor.netty.http.client.HttpClientOperations - [id: 0x163b3bc4, L:/127.0.0.1:50305 - R:localhost/127.0.0.1:8081] Received last HTTP packet
20:40:47.008 [reactor-http-nio-16] DEBUG reactor.netty.http.client.HttpClientOperations - [id: 0x9f9296cb, L:/127.0.0.1:50261 - R:localhost/127.0.0.1:8081] Received response (auto-read:false) : [Content-Type=application/json, Transfer-Encoding=chunked, Date=Fri, 11 Jun 2021 15:10:46 GMT]
20:40:47.008 [reactor-http-nio-12] DEBUG reactor.netty.http.client.HttpClientOperations - [id: 0x3e41c192, L:/127.0.0.1:50266 - R:localhost/127.0.0.1:8081] Received last HTTP packet
20:40:47.008 [reactor-http-nio-16] DEBUG reactor.netty.resources.PooledConnectionProvider - [id: 0x9f9296cb, L:/127.0.0.1:50261 - R:localhost/127.0.0.1:8081] onStateChange(GET{uri=/getUserLocation?userId=034873b7-7a01-4de1-9eaa-4f6e740c61db, connection=PooledConnection{channel=[id: 0x9f9296cb, L:/127.0.0.1:50261 - R:localhost/127.0.0.1:8081]}}, [response_received])
20:40:47.008 [reactor-http-nio-16] DEBUG org.springframework.web.reactive.function.client.ExchangeFunctions - [5d58697a] Response 200 OK
20:40:47.009 [reactor-http-nio-14] DEBUG reactor.netty.http.client.HttpClientOperations - [id: 0x8b4459b6, L:/127.0.0.1:50276 - R:localhost/127.0.0.1:8081] Received last HTTP packet
20:40:47.009 [reactor-http-nio-10] DEBUG org.springframework.core.codec.StringDecoder - [66a6dcae] Decoded "[{"longitude":-117.922008,"latitude":33.817595,"attractionName":"Disneyland","city":"Anaheim","stat (truncated)...
20:40:47.009 [reactor-http-nio-10] DEBUG reactor.netty.resources.PooledConnectionProvider - [id: 0x163b3bc4, L:/127.0.0.1:50305 - R:localhost/127.0.0.1:8081] onStateChange(GET{uri=/getAttractions, connection=PooledConnection{channel=[id: 0x163b3bc4, L:/127.0.0.1:50305 - R:localhost/127.0.0.1:8081]}}, [disconnecting])
20:40:47.009 [reactor-http-nio-10] DEBUG reactor.netty.resources.PooledConnectionProvider - [id: 0x163b3bc4, L:/127.0.0.1:50305 - R:localhost/127.0.0.1:8081] Releasing channel
20:40:47.009 [reactor-http-nio-16] DEBUG reactor.netty.channel.FluxReceive - [id: 0x9f9296cb, L:/127.0.0.1:50261 - R:localhost/127.0.0.1:8081] Subscribing inbound receiver [pending: 0, cancelled:false, inboundDone: false]
20:40:47.009 [reactor-http-nio-10] DEBUG reactor.netty.resources.PooledConnectionProvider - [id: 0x163b3bc4, L:/127.0.0.1:50305 - R:localhost/127.0.0.1:8081] Channel cleaned, now 32 active connections and 33 inactive connections
20:40:47.009 [reactor-http-nio-12] DEBUG org.springframework.core.codec.StringDecoder - [75aaeeb9] Decoded "[{"longitude":-117.922008,"latitude":33.817595,"attractionName":"Disneyland","city":"Anaheim","stat (truncated)...
20:40:47.009 [reactor-http-nio-12] DEBUG reactor.netty.resources.PooledConnectionProvider - [id: 0x3e41c192, L:/127.0.0.1:50266 - R:localhost/127.0.0.1:8081] onStateChange(GET{uri=/getAttractions, connection=PooledConnection{channel=[id: 0x3e41c192, L:/127.0.0.1:50266 - R:localhost/127.0.0.1:8081]}}, [disconnecting])
20:40:47.009 [reactor-http-nio-12] DEBUG reactor.netty.resources.PooledConnectionProvider - [id: 0x3e41c192, L:/127.0.0.1:50266 - R:localhost/127.0.0.1:8081] Releasing channel
20:40:47.009 [reactor-http-nio-10] DEBUG reactor.netty.http.client.HttpClientOperations - [id: 0xb124e91d, L:/127.0.0.1:50277 - R:localhost/127.0.0.1:8081] Received response (auto-read:false) : [Content-Type=application/json, Transfer-Encoding=chunked, Date=Fri, 11 Jun 2021 15:10:46 GMT]
20:40:47.009 [reactor-http-nio-10] DEBUG reactor.netty.resources.PooledConnectionProvider - [id: 0xb124e91d, L:/127.0.0.1:50277 - R:localhost/127.0.0.1:8081] onStateChange(GET{uri=/getAttractions, connection=PooledConnection{channel=[id: 0xb124e91d, L:/127.0.0.1:50277 - R:localhost/127.0.0.1:8081]}}, [response_received])
20:40:47.009 [reactor-http-nio-10] DEBUG org.springframework.web.reactive.function.client.ExchangeFunctions - [2c6e5eb6] Response 200 OK
20:40:47.009 [reactor-http-nio-16] DEBUG reactor.netty.http.client.HttpClientOperations - [id: 0x9f9296cb, L:/127.0.0.1:50261 - R:localhost/127.0.0.1:8081] Received last HTTP packet
20:40:47.010 [reactor-http-nio-2] DEBUG reactor.netty.http.client.HttpClientOperations - [id: 0x25eb9b2e, L:/127.0.0.1:50247 - R:localhost/127.0.0.1:8081] Received response (auto-read:false) : [Content-Type=application/json, Transfer-Encoding=chunked, Date=Fri, 11 Jun 2021 15:10:46 GMT]
20:40:47.010 [reactor-http-nio-2] DEBUG reactor.netty.resources.PooledConnectionProvider - [id: 0x25eb9b2e, L:/127.0.0.1:50247 - R:localhost/127.0.0.1:8081] onStateChange(GET{uri=/getUserLocation?userId=9fde1513-7a8b-46ce-b6cc-1a169b186155, connection=PooledConnection{channel=[id: 0x25eb9b2e, L:/127.0.0.1:50247 - R:localhost/127.0.0.1:8081]}}, [response_received])
20:40:47.010 [reactor-http-nio-10] DEBUG reactor.netty.channel.FluxReceive - [id: 0xb124e91d, L:/127.0.0.1:50277 - R:localhost/127.0.0.1:8081] Subscribing inbound receiver [pending: 0, cancelled:false, inboundDone: false]
20:40:47.010 [reactor-http-nio-2] DEBUG org.springframework.web.reactive.function.client.ExchangeFunctions - [3aa738f0] Response 200 OK
20:40:47.009 [reactor-http-nio-12] DEBUG reactor.netty.resources.PooledConnectionProvider - [id: 0x3e41c192, L:/127.0.0.1:50266 - R:localhost/127.0.0.1:8081] Channel cleaned, now 31 active connections and 34 inactive connections
20:40:47.009 [reactor-http-nio-14] DEBUG org.springframework.core.codec.StringDecoder - [4d322b3b] Decoded "[{"longitude":-117.922008,"latitude":33.817595,"attractionName":"Disneyland","city":"Anaheim","stat (truncated)...
20:40:47.010 [reactor-http-nio-2] DEBUG reactor.netty.channel.FluxReceive - [id: 0x25eb9b2e, L:/127.0.0.1:50247 - R:localhost/127.0.0.1:8081] Subscribing inbound receiver [pending: 0, cancelled:false, inboundDone: false]
20:40:47.010 [reactor-http-nio-16] DEBUG org.springframework.core.codec.StringDecoder - [5d58697a] Decoded "{"userId":"034873b7-7a01-4de1-9eaa-4f6e740c61db","location":{"longitude":26.538357,"latitude":-10.0 (truncated)...
20:40:47.010 [reactor-http-nio-16] DEBUG reactor.netty.resources.PooledConnectionProvider - [id: 0x9f9296cb, L:/127.0.0.1:50261 - R:localhost/127.0.0.1:8081] onStateChange(GET{uri=/getUserLocation?userId=034873b7-7a01-4de1-9eaa-4f6e740c61db, connection=PooledConnection{channel=[id: 0x9f9296cb, L:/127.0.0.1:50261 - R:localhost/127.0.0.1:8081]}}, [disconnecting])
20:40:47.010 [reactor-http-nio-16] DEBUG reactor.netty.resources.PooledConnectionProvider - [id: 0x9f9296cb, L:/127.0.0.1:50261 - R:localhost/127.0.0.1:8081] Releasing channel
20:40:47.010 [reactor-http-nio-16] DEBUG reactor.netty.resources.PooledConnectionProvider - [id: 0x9f9296cb, L:/127.0.0.1:50261 - R:localhost/127.0.0.1:8081] Channel cleaned, now 30 active connections and 35 inactive connections
20:40:47.010 [reactor-http-nio-2] DEBUG reactor.netty.http.client.HttpClientOperations - [id: 0x25eb9b2e, L:/127.0.0.1:50247 - R:localhost/127.0.0.1:8081] Received last HTTP packet
20:40:47.011 [reactor-http-nio-2] DEBUG org.springframework.core.codec.StringDecoder - [3aa738f0] Decoded "{"userId":"9fde1513-7a8b-46ce-b6cc-1a169b186155","location":{"longitude":-39.192863,"latitude":-84. (truncated)...
20:40:47.011 [reactor-http-nio-2] DEBUG reactor.netty.resources.PooledConnectionProvider - [id: 0x25eb9b2e, L:/127.0.0.1:50247 - R:localhost/127.0.0.1:8081] onStateChange(GET{uri=/getUserLocation?userId=9fde1513-7a8b-46ce-b6cc-1a169b186155, connection=PooledConnection{channel=[id: 0x25eb9b2e, L:/127.0.0.1:50247 - R:localhost/127.0.0.1:8081]}}, [disconnecting])
20:40:47.011 [reactor-http-nio-2] DEBUG reactor.netty.resources.PooledConnectionProvider - [id: 0x25eb9b2e, L:/127.0.0.1:50247 - R:localhost/127.0.0.1:8081] Releasing channel
20:40:47.011 [reactor-http-nio-12] DEBUG reactor.netty.http.client.HttpClientOperations - [id: 0x76564411, L:/127.0.0.1:50307 - R:localhost/127.0.0.1:8081] Received response (auto-read:false) : [Content-Type=application/json, Transfer-Encoding=chunked, Date=Fri, 11 Jun 2021 15:10:46 GMT]
20:40:47.011 [reactor-http-nio-13] DEBUG reactor.netty.http.client.HttpClientOperations - [id: 0x86f0206d, L:/127.0.0.1:50296 - R:localhost/127.0.0.1:8081] Received response (auto-read:false) : [Content-Type=application/json, Transfer-Encoding=chunked, Date=Fri, 11 Jun 2021 15:10:46 GMT]
20:40:47.011 [reactor-http-nio-13] DEBUG reactor.netty.resources.PooledConnectionProvider - [id: 0x86f0206d, L:/127.0.0.1:50296 - R:localhost/127.0.0.1:8081] onStateChange(GET{uri=/getUserLocation?userId=04f99b0a-0139-45e2-bfc1-978385cb056a, connection=PooledConnection{channel=[id: 0x86f0206d, L:/127.0.0.1:50296 - R:localhost/127.0.0.1:8081]}}, [response_received])
20:40:47.010 [reactor-http-nio-14] DEBUG reactor.netty.resources.PooledConnectionProvider - [id: 0x8b4459b6, L:/127.0.0.1:50276 - R:localhost/127.0.0.1:8081] onStateChange(GET{uri=/getAttractions, connection=PooledConnection{channel=[id: 0x8b4459b6, L:/127.0.0.1:50276 - R:localhost/127.0.0.1:8081]}}, [disconnecting])
20:40:47.011 [reactor-http-nio-14] DEBUG reactor.netty.resources.PooledConnectionProvider - [id: 0x8b4459b6, L:/127.0.0.1:50276 - R:localhost/127.0.0.1:8081] Releasing channel
20:40:47.011 [reactor-http-nio-14] DEBUG reactor.netty.resources.PooledConnectionProvider - [id: 0x8b4459b6, L:/127.0.0.1:50276 - R:localhost/127.0.0.1:8081] Channel cleaned, now 28 active connections and 37 inactive connections
20:40:47.011 [reactor-http-nio-14] DEBUG reactor.netty.resources.PooledConnectionProvider - [id: 0xcd551a5c, L:/127.0.0.1:50302 - R:localhost/127.0.0.1:8081] Channel acquired, now 29 active connections and 36 inactive connections
20:40:47.011 [reactor-http-nio-14] DEBUG reactor.netty.http.client.HttpClientConnect - [id: 0xcd551a5c, L:/127.0.0.1:50302 - R:localhost/127.0.0.1:8081] Handler is being applied: {uri=http://localhost:8081/getAttractions, method=GET}
20:40:47.010 [reactor-http-nio-10] DEBUG reactor.netty.http.client.HttpClientOperations - [id: 0xb124e91d, L:/127.0.0.1:50277 - R:localhost/127.0.0.1:8081] Received last HTTP packet
20:40:47.011 [reactor-http-nio-2] DEBUG reactor.netty.resources.PooledConnectionProvider - [id: 0x25eb9b2e, L:/127.0.0.1:50247 - R:localhost/127.0.0.1:8081] Channel cleaned, now 29 active connections and 36 inactive connections
20:40:47.011 [reactor-http-nio-16] DEBUG reactor.netty.http.client.HttpClientOperations - [id: 0x736d1567, L:/127.0.0.1:50275 - R:localhost/127.0.0.1:8081] Received response (auto-read:false) : [Content-Type=application/json, Transfer-Encoding=chunked, Date=Fri, 11 Jun 2021 15:10:46 GMT]
20:40:47.011 [reactor-http-nio-16] DEBUG reactor.netty.resources.PooledConnectionProvider - [id: 0x736d1567, L:/127.0.0.1:50275 - R:localhost/127.0.0.1:8081] onStateChange(GET{uri=/getUserLocation?userId=d847e3e9-255e-4385-b39e-3db300c6c9d0, connection=PooledConnection{channel=[id: 0x736d1567, L:/127.0.0.1:50275 - R:localhost/127.0.0.1:8081]}}, [response_received])
20:40:47.012 [reactor-http-nio-16] DEBUG org.springframework.web.reactive.function.client.ExchangeFunctions - [4e25a626] Response 200 OK
20:40:47.012 [pool-12-thread-10] DEBUG org.springframework.web.reactive.function.client.ExchangeFunctions - [185afcb5] HTTP GET http://localhost:8081/getAttractions
20:40:47.012 [reactor-http-nio-14] DEBUG reactor.netty.resources.PooledConnectionProvider - [id: 0xcd551a5c, L:/127.0.0.1:50302 - R:localhost/127.0.0.1:8081] onStateChange(GET{uri=/getAttractions, connection=PooledConnection{channel=[id: 0xcd551a5c, L:/127.0.0.1:50302 - R:localhost/127.0.0.1:8081]}}, [request_sent])
20:40:47.011 [reactor-http-nio-12] DEBUG reactor.netty.resources.PooledConnectionProvider - [id: 0x76564411, L:/127.0.0.1:50307 - R:localhost/127.0.0.1:8081] onStateChange(GET{uri=/getAttractions, connection=PooledConnection{channel=[id: 0x76564411, L:/127.0.0.1:50307 - R:localhost/127.0.0.1:8081]}}, [response_received])
20:40:47.011 [reactor-http-nio-13] DEBUG org.springframework.web.reactive.function.client.ExchangeFunctions - [50d1e002] Response 200 OK
20:40:47.012 [reactor-http-nio-10] DEBUG org.springframework.core.codec.StringDecoder - [2c6e5eb6] Decoded "[{"longitude":-117.922008,"latitude":33.817595,"attractionName":"Disneyland","city":"Anaheim","stat (truncated)...
20:40:47.012 [reactor-http-nio-14] DEBUG reactor.netty.resources.PooledConnectionProvider - [id: 0xebe13634, L:/127.0.0.1:50273 - R:localhost/127.0.0.1:8081] Channel acquired, now 30 active connections and 35 inactive connections
20:40:47.012 [reactor-http-nio-10] DEBUG reactor.netty.resources.PooledConnectionProvider - [id: 0xb124e91d, L:/127.0.0.1:50277 - R:localhost/127.0.0.1:8081] onStateChange(GET{uri=/getAttractions, connection=PooledConnection{channel=[id: 0xb124e91d, L:/127.0.0.1:50277 - R:localhost/127.0.0.1:8081]}}, [disconnecting])
20:40:47.012 [pool-12-thread-3] DEBUG org.springframework.web.reactive.function.client.ExchangeFunctions - [7fa5b1c0] HTTP GET http://localhost:8081/getAttractions
20:40:47.012 [reactor-http-nio-14] DEBUG reactor.netty.http.client.HttpClientConnect - [id: 0xebe13634, L:/127.0.0.1:50273 - R:localhost/127.0.0.1:8081] Handler is being applied: {uri=http://localhost:8081/getUserLocation?userId=afa01f29-69d1-44f6-a765-1042261b0a26, method=GET}
20:40:47.012 [reactor-http-nio-12] DEBUG org.springframework.web.reactive.function.client.ExchangeFunctions - [6d65aa5] Response 200 OK
20:40:47.012 [reactor-http-nio-13] DEBUG reactor.netty.channel.FluxReceive - [id: 0x86f0206d, L:/127.0.0.1:50296 - R:localhost/127.0.0.1:8081] Subscribing inbound receiver [pending: 0, cancelled:false, inboundDone: false]
20:40:47.012 [reactor-http-nio-16] DEBUG reactor.netty.channel.FluxReceive - [id: 0x736d1567, L:/127.0.0.1:50275 - R:localhost/127.0.0.1:8081] Subscribing inbound receiver [pending: 0, cancelled:false, inboundDone: false]
20:40:47.012 [reactor-http-nio-13] DEBUG reactor.netty.http.client.HttpClientOperations - [id: 0x86f0206d, L:/127.0.0.1:50296 - R:localhost/127.0.0.1:8081] Received last HTTP packet
20:40:47.012 [reactor-http-nio-12] DEBUG reactor.netty.channel.FluxReceive - [id: 0x76564411, L:/127.0.0.1:50307 - R:localhost/127.0.0.1:8081] Subscribing inbound receiver [pending: 0, cancelled:false, inboundDone: false]
20:40:47.012 [reactor-http-nio-10] DEBUG reactor.netty.resources.PooledConnectionProvider - [id: 0xb124e91d, L:/127.0.0.1:50277 - R:localhost/127.0.0.1:8081] Releasing channel
20:40:47.013 [reactor-http-nio-10] DEBUG reactor.netty.resources.PooledConnectionProvider - [id: 0xb124e91d, L:/127.0.0.1:50277 - R:localhost/127.0.0.1:8081] Channel cleaned, now 29 active connections and 36 inactive connections
20:40:47.013 [reactor-http-nio-13] DEBUG org.springframework.core.codec.StringDecoder - [50d1e002] Decoded "{"userId":"04f99b0a-0139-45e2-bfc1-978385cb056a","location":{"longitude":-101.885069,"latitude":-78 (truncated)...
20:40:47.013 [reactor-http-nio-16] DEBUG reactor.netty.http.client.HttpClientOperations - [id: 0x736d1567, L:/127.0.0.1:50275 - R:localhost/127.0.0.1:8081] Received last HTTP packet
20:40:47.013 [reactor-http-nio-12] DEBUG reactor.netty.http.client.HttpClientOperations - [id: 0x76564411, L:/127.0.0.1:50307 - R:localhost/127.0.0.1:8081] Received last HTTP packet
20:40:47.013 [reactor-http-nio-16] DEBUG org.springframework.core.codec.StringDecoder - [4e25a626] Decoded "{"userId":"d847e3e9-255e-4385-b39e-3db300c6c9d0","location":{"longitude":21.401033,"latitude":18.98 (truncated)...
20:40:47.013 [reactor-http-nio-14] DEBUG reactor.netty.resources.PooledConnectionProvider - [id: 0xebe13634, L:/127.0.0.1:50273 - R:localhost/127.0.0.1:8081] onStateChange(GET{uri=/getUserLocation?userId=afa01f29-69d1-44f6-a765-1042261b0a26, connection=PooledConnection{channel=[id: 0xebe13634, L:/127.0.0.1:50273 - R:localhost/127.0.0.1:8081]}}, [request_sent])
20:40:47.013 [reactor-http-nio-13] DEBUG reactor.netty.resources.PooledConnectionProvider - [id: 0x86f0206d, L:/127.0.0.1:50296 - R:localhost/127.0.0.1:8081] onStateChange(GET{uri=/getUserLocation?userId=04f99b0a-0139-45e2-bfc1-978385cb056a, connection=PooledConnection{channel=[id: 0x86f0206d, L:/127.0.0.1:50296 - R:localhost/127.0.0.1:8081]}}, [disconnecting])
20:40:47.013 [reactor-http-nio-13] DEBUG reactor.netty.resources.PooledConnectionProvider - [id: 0x86f0206d, L:/127.0.0.1:50296 - R:localhost/127.0.0.1:8081] Releasing channel
20:40:47.013 [reactor-http-nio-13] DEBUG reactor.netty.resources.PooledConnectionProvider - [id: 0x86f0206d, L:/127.0.0.1:50296 - R:localhost/127.0.0.1:8081] Channel cleaned, now 28 active connections and 37 inactive connections
20:40:47.014 [reactor-http-nio-12] DEBUG org.springframework.core.codec.StringDecoder - [6d65aa5] Decoded "[{"longitude":-117.922008,"latitude":33.817595,"attractionName":"Disneyland","city":"Anaheim","stat (truncated)...
20:40:47.014 [reactor-http-nio-12] DEBUG reactor.netty.resources.PooledConnectionProvider - [id: 0x76564411, L:/127.0.0.1:50307 - R:localhost/127.0.0.1:8081] onStateChange(GET{uri=/getAttractions, connection=PooledConnection{channel=[id: 0x76564411, L:/127.0.0.1:50307 - R:localhost/127.0.0.1:8081]}}, [disconnecting])
20:40:47.014 [reactor-http-nio-12] DEBUG reactor.netty.resources.PooledConnectionProvider - [id: 0x76564411, L:/127.0.0.1:50307 - R:localhost/127.0.0.1:8081] Releasing channel
20:40:47.014 [reactor-http-nio-12] DEBUG reactor.netty.resources.PooledConnectionProvider - [id: 0x76564411, L:/127.0.0.1:50307 - R:localhost/127.0.0.1:8081] Channel cleaned, now 27 active connections and 38 inactive connections
20:40:47.014 [reactor-http-nio-14] DEBUG reactor.netty.http.client.HttpClientOperations - [id: 0xdc980221, L:/127.0.0.1:50298 - R:localhost/127.0.0.1:8081] Received response (auto-read:false) : [Content-Type=application/json, Transfer-Encoding=chunked, Date=Fri, 11 Jun 2021 15:10:46 GMT]
20:40:47.014 [reactor-http-nio-14] DEBUG reactor.netty.resources.PooledConnectionProvider - [id: 0xdc980221, L:/127.0.0.1:50298 - R:localhost/127.0.0.1:8081] onStateChange(GET{uri=/getAttractions, connection=PooledConnection{channel=[id: 0xdc980221, L:/127.0.0.1:50298 - R:localhost/127.0.0.1:8081]}}, [response_received])
20:40:47.014 [reactor-http-nio-14] DEBUG org.springframework.web.reactive.function.client.ExchangeFunctions - [4676df6e] Response 200 OK
20:40:47.014 [reactor-http-nio-12] DEBUG reactor.netty.http.client.HttpClientOperations - [id: 0xb65f99c8, L:/127.0.0.1:50309 - R:localhost/127.0.0.1:8081] Received response (auto-read:false) : [Content-Type=application/json, Transfer-Encoding=chunked, Date=Fri, 11 Jun 2021 15:10:46 GMT]
20:40:47.014 [reactor-http-nio-12] DEBUG reactor.netty.resources.PooledConnectionProvider - [id: 0xb65f99c8, L:/127.0.0.1:50309 - R:localhost/127.0.0.1:8081] onStateChange(GET{uri=/getAttractions, connection=PooledConnection{channel=[id: 0xb65f99c8, L:/127.0.0.1:50309 - R:localhost/127.0.0.1:8081]}}, [response_received])
20:40:47.014 [reactor-http-nio-12] DEBUG org.springframework.web.reactive.function.client.ExchangeFunctions - [10229f28] Response 200 OK
20:40:47.014 [pool-12-thread-30] DEBUG org.springframework.web.reactive.function.client.ExchangeFunctions - [b273186] HTTP GET http://localhost:8081/getAttractions
20:40:47.014 [reactor-http-nio-14] DEBUG reactor.netty.channel.FluxReceive - [id: 0xdc980221, L:/127.0.0.1:50298 - R:localhost/127.0.0.1:8081] Subscribing inbound receiver [pending: 0, cancelled:false, inboundDone: false]
20:40:47.015 [reactor-http-nio-12] DEBUG reactor.netty.channel.FluxReceive - [id: 0xb65f99c8, L:/127.0.0.1:50309 - R:localhost/127.0.0.1:8081] Subscribing inbound receiver [pending: 0, cancelled:false, inboundDone: false]
20:40:47.013 [reactor-http-nio-16] DEBUG reactor.netty.resources.PooledConnectionProvider - [id: 0x736d1567, L:/127.0.0.1:50275 - R:localhost/127.0.0.1:8081] onStateChange(GET{uri=/getUserLocation?userId=d847e3e9-255e-4385-b39e-3db300c6c9d0, connection=PooledConnection{channel=[id: 0x736d1567, L:/127.0.0.1:50275 - R:localhost/127.0.0.1:8081]}}, [disconnecting])
20:40:47.014 [pool-12-thread-20] DEBUG org.springframework.web.reactive.function.client.ExchangeFunctions - [15d3747c] HTTP GET http://localhost:8081/getAttractions
20:40:47.015 [reactor-http-nio-16] DEBUG reactor.netty.resources.PooledConnectionProvider - [id: 0x736d1567, L:/127.0.0.1:50275 - R:localhost/127.0.0.1:8081] Releasing channel
20:40:47.015 [reactor-http-nio-16] DEBUG reactor.netty.resources.PooledConnectionProvider - [id: 0x736d1567, L:/127.0.0.1:50275 - R:localhost/127.0.0.1:8081] Channel cleaned, now 26 active connections and 39 inactive connections
20:40:47.015 [reactor-http-nio-16] DEBUG reactor.netty.resources.PooledConnectionProvider - [id: 0x30c6031c, L:/127.0.0.1:50292 - R:localhost/127.0.0.1:8081] Channel acquired, now 27 active connections and 38 inactive connections
20:40:47.015 [reactor-http-nio-12] DEBUG reactor.netty.http.client.HttpClientOperations - [id: 0xb65f99c8, L:/127.0.0.1:50309 - R:localhost/127.0.0.1:8081] Received last HTTP packet
20:40:47.015 [reactor-http-nio-14] DEBUG reactor.netty.http.client.HttpClientOperations - [id: 0xdc980221, L:/127.0.0.1:50298 - R:localhost/127.0.0.1:8081] Received last HTTP packet
20:40:47.015 [reactor-http-nio-16] DEBUG reactor.netty.http.client.HttpClientConnect - [id: 0x30c6031c, L:/127.0.0.1:50292 - R:localhost/127.0.0.1:8081] Handler is being applied: {uri=http://localhost:8081/getAttractions, method=GET}
20:40:47.016 [reactor-http-nio-12] DEBUG org.springframework.core.codec.StringDecoder - [10229f28] Decoded "[{"longitude":-117.922008,"latitude":33.817595,"attractionName":"Disneyland","city":"Anaheim","stat (truncated)...
20:40:47.016 [reactor-http-nio-14] DEBUG org.springframework.core.codec.StringDecoder - [4676df6e] Decoded "[{"longitude":-117.922008,"latitude":33.817595,"attractionName":"Disneyland","city":"Anaheim","stat (truncated)...
20:40:47.016 [reactor-http-nio-12] DEBUG reactor.netty.resources.PooledConnectionProvider - [id: 0xb65f99c8, L:/127.0.0.1:50309 - R:localhost/127.0.0.1:8081] onStateChange(GET{uri=/getAttractions, connection=PooledConnection{channel=[id: 0xb65f99c8, L:/127.0.0.1:50309 - R:localhost/127.0.0.1:8081]}}, [disconnecting])
20:40:47.016 [reactor-http-nio-12] DEBUG reactor.netty.resources.PooledConnectionProvider - [id: 0xb65f99c8, L:/127.0.0.1:50309 - R:localhost/127.0.0.1:8081] Releasing channel
20:40:47.016 [reactor-http-nio-12] DEBUG reactor.netty.resources.PooledConnectionProvider - [id: 0xb65f99c8, L:/127.0.0.1:50309 - R:localhost/127.0.0.1:8081] Channel cleaned, now 26 active connections and 39 inactive connections
20:40:47.016 [reactor-http-nio-14] DEBUG reactor.netty.resources.PooledConnectionProvider - [id: 0xdc980221, L:/127.0.0.1:50298 - R:localhost/127.0.0.1:8081] onStateChange(GET{uri=/getAttractions, connection=PooledConnection{channel=[id: 0xdc980221, L:/127.0.0.1:50298 - R:localhost/127.0.0.1:8081]}}, [disconnecting])
20:40:47.016 [reactor-http-nio-16] DEBUG reactor.netty.resources.PooledConnectionProvider - [id: 0x30c6031c, L:/127.0.0.1:50292 - R:localhost/127.0.0.1:8081] onStateChange(GET{uri=/getAttractions, connection=PooledConnection{channel=[id: 0x30c6031c, L:/127.0.0.1:50292 - R:localhost/127.0.0.1:8081]}}, [request_sent])
20:40:47.016 [reactor-http-nio-14] DEBUG reactor.netty.resources.PooledConnectionProvider - [id: 0xdc980221, L:/127.0.0.1:50298 - R:localhost/127.0.0.1:8081] Releasing channel
20:40:47.016 [reactor-http-nio-12] DEBUG reactor.netty.http.client.HttpClientOperations - [id: 0xdb7d5510, L:/127.0.0.1:50268 - R:localhost/127.0.0.1:8081] Received response (auto-read:false) : [Content-Type=application/json, Transfer-Encoding=chunked, Date=Fri, 11 Jun 2021 15:10:46 GMT]
20:40:47.016 [reactor-http-nio-14] DEBUG reactor.netty.resources.PooledConnectionProvider - [id: 0xdc980221, L:/127.0.0.1:50298 - R:localhost/127.0.0.1:8081] Channel cleaned, now 25 active connections and 40 inactive connections
20:40:47.016 [reactor-http-nio-12] DEBUG reactor.netty.resources.PooledConnectionProvider - [id: 0xdb7d5510, L:/127.0.0.1:50268 - R:localhost/127.0.0.1:8081] onStateChange(GET{uri=/getUserLocation?userId=316cfed4-8562-4959-9e54-7ee84511e11d, connection=PooledConnection{channel=[id: 0xdb7d5510, L:/127.0.0.1:50268 - R:localhost/127.0.0.1:8081]}}, [response_received])
20:40:47.016 [reactor-http-nio-14] DEBUG reactor.netty.resources.PooledConnectionProvider - [id: 0x9dcbcf4f, L:/127.0.0.1:50254 - R:localhost/127.0.0.1:8081] Channel acquired, now 26 active connections and 39 inactive connections
20:40:47.016 [reactor-http-nio-2] DEBUG reactor.netty.resources.PooledConnectionProvider - [id: 0xb9fd1fe8, L:/127.0.0.1:50299 - R:localhost/127.0.0.1:8081] Channel acquired, now 28 active connections and 37 inactive connections
20:40:47.016 [reactor-http-nio-14] DEBUG reactor.netty.http.client.HttpClientConnect - [id: 0x9dcbcf4f, L:/127.0.0.1:50254 - R:localhost/127.0.0.1:8081] Handler is being applied: {uri=http://localhost:8081/getAttractions, method=GET}
20:40:47.016 [reactor-http-nio-12] DEBUG org.springframework.web.reactive.function.client.ExchangeFunctions - [4448eb12] Response 200 OK
20:40:47.016 [reactor-http-nio-2] DEBUG reactor.netty.http.client.HttpClientConnect - [id: 0xb9fd1fe8, L:/127.0.0.1:50299 - R:localhost/127.0.0.1:8081] Handler is being applied: {uri=http://localhost:8081/getAttractions, method=GET}
20:40:47.016 [reactor-http-nio-16] DEBUG reactor.netty.resources.PooledConnectionProvider - [id: 0x55a55ac0, L:/127.0.0.1:50255 - R:localhost/127.0.0.1:8081] Channel acquired, now 28 active connections and 37 inactive connections
20:40:47.017 [reactor-http-nio-16] DEBUG reactor.netty.http.client.HttpClientConnect - [id: 0x55a55ac0, L:/127.0.0.1:50255 - R:localhost/127.0.0.1:8081] Handler is being applied: {uri=http://localhost:8081/getAttractions, method=GET}
20:40:47.017 [reactor-http-nio-14] DEBUG reactor.netty.resources.PooledConnectionProvider - [id: 0x9dcbcf4f, L:/127.0.0.1:50254 - R:localhost/127.0.0.1:8081] onStateChange(GET{uri=/getAttractions, connection=PooledConnection{channel=[id: 0x9dcbcf4f, L:/127.0.0.1:50254 - R:localhost/127.0.0.1:8081]}}, [request_sent])
20:40:47.017 [reactor-http-nio-14] DEBUG reactor.netty.resources.PooledConnectionProvider - [id: 0x8d5a3bc9, L:/127.0.0.1:50303 - R:localhost/127.0.0.1:8081] Channel acquired, now 29 active connections and 36 inactive connections
20:40:47.017 [reactor-http-nio-2] DEBUG reactor.netty.resources.PooledConnectionProvider - [id: 0xb9fd1fe8, L:/127.0.0.1:50299 - R:localhost/127.0.0.1:8081] onStateChange(GET{uri=/getAttractions, connection=PooledConnection{channel=[id: 0xb9fd1fe8, L:/127.0.0.1:50299 - R:localhost/127.0.0.1:8081]}}, [request_sent])
20:40:47.017 [reactor-http-nio-12] DEBUG reactor.netty.channel.FluxReceive - [id: 0xdb7d5510, L:/127.0.0.1:50268 - R:localhost/127.0.0.1:8081] Subscribing inbound receiver [pending: 0, cancelled:false, inboundDone: false]
20:40:47.017 [reactor-http-nio-14] DEBUG reactor.netty.http.client.HttpClientConnect - [id: 0x8d5a3bc9, L:/127.0.0.1:50303 - R:localhost/127.0.0.1:8081] Handler is being applied: {uri=http://localhost:8081/getAttractions, method=GET}
20:40:47.017 [reactor-http-nio-12] DEBUG reactor.netty.http.client.HttpClientOperations - [id: 0xdb7d5510, L:/127.0.0.1:50268 - R:localhost/127.0.0.1:8081] Received last HTTP packet
20:40:47.017 [reactor-http-nio-16] DEBUG reactor.netty.resources.PooledConnectionProvider - [id: 0x55a55ac0, L:/127.0.0.1:50255 - R:localhost/127.0.0.1:8081] onStateChange(GET{uri=/getAttractions, connection=PooledConnection{channel=[id: 0x55a55ac0, L:/127.0.0.1:50255 - R:localhost/127.0.0.1:8081]}}, [request_sent])
20:40:47.018 [reactor-http-nio-12] DEBUG org.springframework.core.codec.StringDecoder - [4448eb12] Decoded "{"userId":"316cfed4-8562-4959-9e54-7ee84511e11d","location":{"longitude":82.914989,"latitude":-0.30 (truncated)...
20:40:47.018 [reactor-http-nio-16] DEBUG reactor.netty.resources.PooledConnectionProvider - [id: 0xb476bc26, L:/127.0.0.1:50260 - R:localhost/127.0.0.1:8081] Channel acquired, now 30 active connections and 35 inactive connections
20:40:47.018 [reactor-http-nio-16] DEBUG reactor.netty.http.client.HttpClientConnect - [id: 0xb476bc26, L:/127.0.0.1:50260 - R:localhost/127.0.0.1:8081] Handler is being applied: {uri=http://localhost:8081/getAttractions, method=GET}
20:40:47.018 [reactor-http-nio-14] DEBUG reactor.netty.resources.PooledConnectionProvider - [id: 0x8d5a3bc9, L:/127.0.0.1:50303 - R:localhost/127.0.0.1:8081] onStateChange(GET{uri=/getAttractions, connection=PooledConnection{channel=[id: 0x8d5a3bc9, L:/127.0.0.1:50303 - R:localhost/127.0.0.1:8081]}}, [request_sent])
20:40:47.018 [reactor-http-nio-12] DEBUG reactor.netty.resources.PooledConnectionProvider - [id: 0xdb7d5510, L:/127.0.0.1:50268 - R:localhost/127.0.0.1:8081] onStateChange(GET{uri=/getUserLocation?userId=316cfed4-8562-4959-9e54-7ee84511e11d, connection=PooledConnection{channel=[id: 0xdb7d5510, L:/127.0.0.1:50268 - R:localhost/127.0.0.1:8081]}}, [disconnecting])
20:40:47.018 [reactor-http-nio-12] DEBUG reactor.netty.resources.PooledConnectionProvider - [id: 0xdb7d5510, L:/127.0.0.1:50268 - R:localhost/127.0.0.1:8081] Releasing channel
20:40:47.018 [reactor-http-nio-14] DEBUG reactor.netty.resources.PooledConnectionProvider - [id: 0x37820d17, L:/127.0.0.1:50283 - R:localhost/127.0.0.1:8081] Channel acquired, now 31 active connections and 34 inactive connections
20:40:47.018 [reactor-http-nio-12] DEBUG reactor.netty.resources.PooledConnectionProvider - [id: 0xdb7d5510, L:/127.0.0.1:50268 - R:localhost/127.0.0.1:8081] Channel cleaned, now 30 active connections and 35 inactive connections
20:40:47.018 [reactor-http-nio-14] DEBUG reactor.netty.http.client.HttpClientConnect - [id: 0x37820d17, L:/127.0.0.1:50283 - R:localhost/127.0.0.1:8081] Handler is being applied: {uri=http://localhost:8081/getAttractions, method=GET}
20:40:47.018 [reactor-http-nio-2] DEBUG reactor.netty.http.client.HttpClientOperations - [id: 0x7ef0c167, L:/127.0.0.1:50300 - R:localhost/127.0.0.1:8081] Received response (auto-read:false) : [Content-Type=application/json, Transfer-Encoding=chunked, Date=Fri, 11 Jun 2021 15:10:46 GMT]
20:40:47.018 [reactor-http-nio-2] DEBUG reactor.netty.resources.PooledConnectionProvider - [id: 0x7ef0c167, L:/127.0.0.1:50300 - R:localhost/127.0.0.1:8081] onStateChange(GET{uri=/getUserLocation?userId=aabe1f59-e0d2-4adb-bfd2-ec100c8027f5, connection=PooledConnection{channel=[id: 0x7ef0c167, L:/127.0.0.1:50300 - R:localhost/127.0.0.1:8081]}}, [response_received])
20:40:47.018 [reactor-http-nio-16] DEBUG reactor.netty.resources.PooledConnectionProvider - [id: 0xb476bc26, L:/127.0.0.1:50260 - R:localhost/127.0.0.1:8081] onStateChange(GET{uri=/getAttractions, connection=PooledConnection{channel=[id: 0xb476bc26, L:/127.0.0.1:50260 - R:localhost/127.0.0.1:8081]}}, [request_sent])
20:40:47.018 [reactor-http-nio-2] DEBUG org.springframework.web.reactive.function.client.ExchangeFunctions - [51b5b921] Response 200 OK
20:40:47.019 [reactor-http-nio-16] DEBUG reactor.netty.resources.PooledConnectionProvider - [id: 0x33d4d541, L:/127.0.0.1:50281 - R:localhost/127.0.0.1:8081] Channel acquired, now 31 active connections and 34 inactive connections
20:40:47.019 [reactor-http-nio-12] DEBUG reactor.netty.http.client.HttpClientOperations - [id: 0xcea183ce, L:/127.0.0.1:50289 - R:localhost/127.0.0.1:8081] Received response (auto-read:false) : [Content-Type=application/json, Transfer-Encoding=chunked, Date=Fri, 11 Jun 2021 15:10:46 GMT]
20:40:47.019 [reactor-http-nio-14] DEBUG reactor.netty.resources.PooledConnectionProvider - [id: 0x37820d17, L:/127.0.0.1:50283 - R:localhost/127.0.0.1:8081] onStateChange(GET{uri=/getAttractions, connection=PooledConnection{channel=[id: 0x37820d17, L:/127.0.0.1:50283 - R:localhost/127.0.0.1:8081]}}, [request_sent])
20:40:47.019 [reactor-http-nio-12] DEBUG reactor.netty.resources.PooledConnectionProvider - [id: 0xcea183ce, L:/127.0.0.1:50289 - R:localhost/127.0.0.1:8081] onStateChange(GET{uri=/getUserLocation?userId=8993f139-68d7-468e-b1a8-34e7f71b5350, connection=PooledConnection{channel=[id: 0xcea183ce, L:/127.0.0.1:50289 - R:localhost/127.0.0.1:8081]}}, [response_received])
20:40:47.019 [reactor-http-nio-16] DEBUG reactor.netty.http.client.HttpClientConnect - [id: 0x33d4d541, L:/127.0.0.1:50281 - R:localhost/127.0.0.1:8081] Handler is being applied: {uri=http://localhost:8081/getAttractions, method=GET}
20:40:47.019 [reactor-http-nio-2] DEBUG reactor.netty.channel.FluxReceive - [id: 0x7ef0c167, L:/127.0.0.1:50300 - R:localhost/127.0.0.1:8081] Subscribing inbound receiver [pending: 0, cancelled:false, inboundDone: false]
20:40:47.019 [reactor-http-nio-12] DEBUG org.springframework.web.reactive.function.client.ExchangeFunctions - [15cd75a0] Response 200 OK
20:40:47.019 [reactor-http-nio-10] DEBUG reactor.netty.resources.PooledConnectionProvider - [id: 0x8372a394, L:/127.0.0.1:50252 - R:localhost/127.0.0.1:8081] Channel acquired, now 32 active connections and 33 inactive connections
20:40:47.019 [reactor-http-nio-10] DEBUG reactor.netty.http.client.HttpClientConnect - [id: 0x8372a394, L:/127.0.0.1:50252 - R:localhost/127.0.0.1:8081] Handler is being applied: {uri=http://localhost:8081/getAttractions, method=GET}
20:40:47.019 [pool-12-thread-21] DEBUG org.springframework.web.reactive.function.client.ExchangeFunctions - [14a6dff] HTTP GET http://localhost:8081/getAttractions
20:40:47.019 [reactor-http-nio-12] DEBUG reactor.netty.channel.FluxReceive - [id: 0xcea183ce, L:/127.0.0.1:50289 - R:localhost/127.0.0.1:8081] Subscribing inbound receiver [pending: 0, cancelled:false, inboundDone: false]
20:40:47.019 [reactor-http-nio-2] DEBUG reactor.netty.http.client.HttpClientOperations - [id: 0x7ef0c167, L:/127.0.0.1:50300 - R:localhost/127.0.0.1:8081] Received last HTTP packet
20:40:47.019 [reactor-http-nio-2] DEBUG org.springframework.core.codec.StringDecoder - [51b5b921] Decoded "{"userId":"aabe1f59-e0d2-4adb-bfd2-ec100c8027f5","location":{"longitude":0.168576,"latitude":-57.35 (truncated)...
20:40:47.020 [reactor-http-nio-12] DEBUG reactor.netty.http.client.HttpClientOperations - [id: 0xcea183ce, L:/127.0.0.1:50289 - R:localhost/127.0.0.1:8081] Received last HTTP packet
20:40:47.020 [reactor-http-nio-2] DEBUG reactor.netty.resources.PooledConnectionProvider - [id: 0x7ef0c167, L:/127.0.0.1:50300 - R:localhost/127.0.0.1:8081] onStateChange(GET{uri=/getUserLocation?userId=aabe1f59-e0d2-4adb-bfd2-ec100c8027f5, connection=PooledConnection{channel=[id: 0x7ef0c167, L:/127.0.0.1:50300 - R:localhost/127.0.0.1:8081]}}, [disconnecting])
20:40:47.020 [reactor-http-nio-2] DEBUG reactor.netty.resources.PooledConnectionProvider - [id: 0x7ef0c167, L:/127.0.0.1:50300 - R:localhost/127.0.0.1:8081] Releasing channel
20:40:47.020 [reactor-http-nio-12] DEBUG org.springframework.core.codec.StringDecoder - [15cd75a0] Decoded "{"userId":"8993f139-68d7-468e-b1a8-34e7f71b5350","location":{"longitude":-54.271466,"latitude":27.0 (truncated)...
20:40:47.020 [reactor-http-nio-2] DEBUG reactor.netty.resources.PooledConnectionProvider - [id: 0x7ef0c167, L:/127.0.0.1:50300 - R:localhost/127.0.0.1:8081] Channel cleaned, now 31 active connections and 34 inactive connections
20:40:47.020 [reactor-http-nio-12] DEBUG reactor.netty.resources.PooledConnectionProvider - [id: 0xcea183ce, L:/127.0.0.1:50289 - R:localhost/127.0.0.1:8081] onStateChange(GET{uri=/getUserLocation?userId=8993f139-68d7-468e-b1a8-34e7f71b5350, connection=PooledConnection{channel=[id: 0xcea183ce, L:/127.0.0.1:50289 - R:localhost/127.0.0.1:8081]}}, [disconnecting])
20:40:47.020 [reactor-http-nio-12] DEBUG reactor.netty.resources.PooledConnectionProvider - [id: 0xcea183ce, L:/127.0.0.1:50289 - R:localhost/127.0.0.1:8081] Releasing channel
20:40:47.020 [reactor-http-nio-12] DEBUG reactor.netty.resources.PooledConnectionProvider - [id: 0xcea183ce, L:/127.0.0.1:50289 - R:localhost/127.0.0.1:8081] Channel cleaned, now 30 active connections and 35 inactive connections
20:40:47.020 [reactor-http-nio-12] DEBUG reactor.netty.resources.PooledConnectionProvider - [id: 0x0d270386, L:/127.0.0.1:50279 - R:localhost/127.0.0.1:8081] Channel acquired, now 31 active connections and 34 inactive connections
20:40:47.020 [reactor-http-nio-12] DEBUG reactor.netty.http.client.HttpClientConnect - [id: 0x0d270386, L:/127.0.0.1:50279 - R:localhost/127.0.0.1:8081] Handler is being applied: {uri=http://localhost:8081/getAttractions, method=GET}
20:40:47.020 [reactor-http-nio-16] DEBUG reactor.netty.resources.PooledConnectionProvider - [id: 0x33d4d541, L:/127.0.0.1:50281 - R:localhost/127.0.0.1:8081] onStateChange(GET{uri=/getAttractions, connection=PooledConnection{channel=[id: 0x33d4d541, L:/127.0.0.1:50281 - R:localhost/127.0.0.1:8081]}}, [request_sent])
20:40:47.021 [reactor-http-nio-12] DEBUG reactor.netty.resources.PooledConnectionProvider - [id: 0x0d270386, L:/127.0.0.1:50279 - R:localhost/127.0.0.1:8081] onStateChange(GET{uri=/getAttractions, connection=PooledConnection{channel=[id: 0x0d270386, L:/127.0.0.1:50279 - R:localhost/127.0.0.1:8081]}}, [request_sent])
20:40:47.021 [reactor-http-nio-10] DEBUG reactor.netty.resources.PooledConnectionProvider - [id: 0x8372a394, L:/127.0.0.1:50252 - R:localhost/127.0.0.1:8081] onStateChange(GET{uri=/getAttractions, connection=PooledConnection{channel=[id: 0x8372a394, L:/127.0.0.1:50252 - R:localhost/127.0.0.1:8081]}}, [request_sent])
20:40:47.021 [reactor-http-nio-12] DEBUG reactor.netty.http.client.HttpClientOperations - [id: 0x9cfe3e33, L:/127.0.0.1:50249 - R:localhost/127.0.0.1:8081] Received response (auto-read:false) : [Content-Type=application/json, Transfer-Encoding=chunked, Date=Fri, 11 Jun 2021 15:10:46 GMT]
20:40:47.021 [reactor-http-nio-12] DEBUG reactor.netty.resources.PooledConnectionProvider - [id: 0x9cfe3e33, L:/127.0.0.1:50249 - R:localhost/127.0.0.1:8081] onStateChange(GET{uri=/getUserLocation?userId=a54fca0a-2e6c-4477-8e94-270787ca53ac, connection=PooledConnection{channel=[id: 0x9cfe3e33, L:/127.0.0.1:50249 - R:localhost/127.0.0.1:8081]}}, [response_received])
20:40:47.021 [pool-12-thread-17] DEBUG org.springframework.web.reactive.function.client.ExchangeFunctions - [50cff97d] HTTP GET http://localhost:8081/getAttractions
20:40:47.021 [pool-12-thread-50] DEBUG org.springframework.web.reactive.function.client.ExchangeFunctions - [14b72d73] HTTP GET http://localhost:8081/getAttractions
20:40:47.021 [reactor-http-nio-10] DEBUG reactor.netty.http.client.HttpClientOperations - [id: 0x89be4937, L:/127.0.0.1:50258 - R:localhost/127.0.0.1:8081] Received response (auto-read:false) : [Content-Type=application/json, Transfer-Encoding=chunked, Date=Fri, 11 Jun 2021 15:10:46 GMT]
20:40:47.021 [reactor-http-nio-10] DEBUG reactor.netty.resources.PooledConnectionProvider - [id: 0x89be4937, L:/127.0.0.1:50258 - R:localhost/127.0.0.1:8081] onStateChange(GET{uri=/getUserLocation?userId=19dbf0b3-acf4-4aa0-9ca5-83103a6cc1cc, connection=PooledConnection{channel=[id: 0x89be4937, L:/127.0.0.1:50258 - R:localhost/127.0.0.1:8081]}}, [response_received])
20:40:47.021 [reactor-http-nio-12] DEBUG org.springframework.web.reactive.function.client.ExchangeFunctions - [42a3b650] Response 200 OK
20:40:47.021 [reactor-http-nio-10] DEBUG org.springframework.web.reactive.function.client.ExchangeFunctions - [2ba53574] Response 200 OK
20:40:47.021 [reactor-http-nio-11] DEBUG reactor.netty.resources.PooledConnectionProvider - [id: 0x5ee0aef5, L:/127.0.0.1:50263 - R:localhost/127.0.0.1:8081] Channel acquired, now 32 active connections and 33 inactive connections
20:40:47.021 [reactor-http-nio-11] DEBUG reactor.netty.http.client.HttpClientConnect - [id: 0x5ee0aef5, L:/127.0.0.1:50263 - R:localhost/127.0.0.1:8081] Handler is being applied: {uri=http://localhost:8081/getAttractions, method=GET}
20:40:47.022 [reactor-http-nio-12] DEBUG reactor.netty.channel.FluxReceive - [id: 0x9cfe3e33, L:/127.0.0.1:50249 - R:localhost/127.0.0.1:8081] Subscribing inbound receiver [pending: 0, cancelled:false, inboundDone: false]
20:40:47.022 [reactor-http-nio-10] DEBUG reactor.netty.channel.FluxReceive - [id: 0x89be4937, L:/127.0.0.1:50258 - R:localhost/127.0.0.1:8081] Subscribing inbound receiver [pending: 0, cancelled:false, inboundDone: false]
20:40:47.022 [reactor-http-nio-12] DEBUG reactor.netty.http.client.HttpClientOperations - [id: 0x9cfe3e33, L:/127.0.0.1:50249 - R:localhost/127.0.0.1:8081] Received last HTTP packet
20:40:47.022 [reactor-http-nio-10] DEBUG reactor.netty.http.client.HttpClientOperations - [id: 0x89be4937, L:/127.0.0.1:50258 - R:localhost/127.0.0.1:8081] Received last HTTP packet
20:40:47.022 [reactor-http-nio-12] DEBUG org.springframework.core.codec.StringDecoder - [42a3b650] Decoded "{"userId":"a54fca0a-2e6c-4477-8e94-270787ca53ac","location":{"longitude":-63.598897,"latitude":47.4 (truncated)...
20:40:47.022 [reactor-http-nio-10] DEBUG org.springframework.core.codec.StringDecoder - [2ba53574] Decoded "{"userId":"19dbf0b3-acf4-4aa0-9ca5-83103a6cc1cc","location":{"longitude":-31.345757,"latitude":-30. (truncated)...
20:40:47.022 [reactor-http-nio-11] DEBUG reactor.netty.resources.PooledConnectionProvider - [id: 0x5ee0aef5, L:/127.0.0.1:50263 - R:localhost/127.0.0.1:8081] onStateChange(GET{uri=/getAttractions, connection=PooledConnection{channel=[id: 0x5ee0aef5, L:/127.0.0.1:50263 - R:localhost/127.0.0.1:8081]}}, [request_sent])
20:40:47.022 [reactor-http-nio-10] DEBUG reactor.netty.resources.PooledConnectionProvider - [id: 0x89be4937, L:/127.0.0.1:50258 - R:localhost/127.0.0.1:8081] onStateChange(GET{uri=/getUserLocation?userId=19dbf0b3-acf4-4aa0-9ca5-83103a6cc1cc, connection=PooledConnection{channel=[id: 0x89be4937, L:/127.0.0.1:50258 - R:localhost/127.0.0.1:8081]}}, [disconnecting])
20:40:47.022 [reactor-http-nio-10] DEBUG reactor.netty.resources.PooledConnectionProvider - [id: 0x89be4937, L:/127.0.0.1:50258 - R:localhost/127.0.0.1:8081] Releasing channel
20:40:47.022 [reactor-http-nio-10] DEBUG reactor.netty.resources.PooledConnectionProvider - [id: 0x89be4937, L:/127.0.0.1:50258 - R:localhost/127.0.0.1:8081] Channel cleaned, now 31 active connections and 34 inactive connections
20:40:47.022 [reactor-http-nio-12] DEBUG reactor.netty.resources.PooledConnectionProvider - [id: 0x9cfe3e33, L:/127.0.0.1:50249 - R:localhost/127.0.0.1:8081] onStateChange(GET{uri=/getUserLocation?userId=a54fca0a-2e6c-4477-8e94-270787ca53ac, connection=PooledConnection{channel=[id: 0x9cfe3e33, L:/127.0.0.1:50249 - R:localhost/127.0.0.1:8081]}}, [disconnecting])
20:40:47.023 [reactor-http-nio-12] DEBUG reactor.netty.resources.PooledConnectionProvider - [id: 0x9cfe3e33, L:/127.0.0.1:50249 - R:localhost/127.0.0.1:8081] Releasing channel
20:40:47.023 [reactor-http-nio-11] DEBUG reactor.netty.http.client.HttpClientOperations - [id: 0xad9667d1, L:/127.0.0.1:50248 - R:localhost/127.0.0.1:8081] Received response (auto-read:false) : [Content-Type=application/json, Transfer-Encoding=chunked, Date=Fri, 11 Jun 2021 15:10:46 GMT]
20:40:47.023 [reactor-http-nio-12] DEBUG reactor.netty.resources.PooledConnectionProvider - [id: 0x9cfe3e33, L:/127.0.0.1:50249 - R:localhost/127.0.0.1:8081] Channel cleaned, now 31 active connections and 34 inactive connections
20:40:47.023 [reactor-http-nio-11] DEBUG reactor.netty.resources.PooledConnectionProvider - [id: 0xad9667d1, L:/127.0.0.1:50248 - R:localhost/127.0.0.1:8081] onStateChange(GET{uri=/getUserLocation?userId=badd29c1-5969-484c-89be-a030e8933851, connection=PooledConnection{channel=[id: 0xad9667d1, L:/127.0.0.1:50248 - R:localhost/127.0.0.1:8081]}}, [response_received])
20:40:47.023 [reactor-http-nio-10] DEBUG reactor.netty.resources.PooledConnectionProvider - [id: 0x78591639, L:/127.0.0.1:50280 - R:localhost/127.0.0.1:8081] Channel acquired, now 32 active connections and 33 inactive connections
20:40:47.023 [reactor-http-nio-11] DEBUG org.springframework.web.reactive.function.client.ExchangeFunctions - [47110d20] Response 200 OK
20:40:47.023 [reactor-http-nio-2] DEBUG reactor.netty.http.client.HttpClientOperations - [id: 0xce2d8eaa, L:/127.0.0.1:50295 - R:localhost/127.0.0.1:8081] Received response (auto-read:false) : [Content-Type=application/json, Transfer-Encoding=chunked, Date=Fri, 11 Jun 2021 15:10:46 GMT]
20:40:47.023 [reactor-http-nio-2] DEBUG reactor.netty.resources.PooledConnectionProvider - [id: 0xce2d8eaa, L:/127.0.0.1:50295 - R:localhost/127.0.0.1:8081] onStateChange(GET{uri=/getUserLocation?userId=054df462-02e0-4f1d-b1ec-c2c3a4647a87, connection=PooledConnection{channel=[id: 0xce2d8eaa, L:/127.0.0.1:50295 - R:localhost/127.0.0.1:8081]}}, [response_received])
20:40:47.023 [reactor-http-nio-2] DEBUG org.springframework.web.reactive.function.client.ExchangeFunctions - [3c734aa4] Response 200 OK
20:40:47.023 [reactor-http-nio-10] DEBUG reactor.netty.http.client.HttpClientConnect - [id: 0x78591639, L:/127.0.0.1:50280 - R:localhost/127.0.0.1:8081] Handler is being applied: {uri=http://localhost:8081/getAttractions, method=GET}
20:40:47.023 [reactor-http-nio-11] DEBUG reactor.netty.channel.FluxReceive - [id: 0xad9667d1, L:/127.0.0.1:50248 - R:localhost/127.0.0.1:8081] Subscribing inbound receiver [pending: 0, cancelled:false, inboundDone: false]
20:40:47.023 [reactor-http-nio-2] DEBUG reactor.netty.channel.FluxReceive - [id: 0xce2d8eaa, L:/127.0.0.1:50295 - R:localhost/127.0.0.1:8081] Subscribing inbound receiver [pending: 0, cancelled:false, inboundDone: false]
20:40:47.023 [reactor-http-nio-12] DEBUG reactor.netty.http.client.HttpClientOperations - [id: 0xa6263615, L:/127.0.0.1:50308 - R:localhost/127.0.0.1:8081] Received response (auto-read:false) : [Content-Type=application/json, Transfer-Encoding=chunked, Date=Fri, 11 Jun 2021 15:10:46 GMT]
20:40:47.023 [reactor-http-nio-12] DEBUG reactor.netty.resources.PooledConnectionProvider - [id: 0xa6263615, L:/127.0.0.1:50308 - R:localhost/127.0.0.1:8081] onStateChange(GET{uri=/getAttractions, connection=PooledConnection{channel=[id: 0xa6263615, L:/127.0.0.1:50308 - R:localhost/127.0.0.1:8081]}}, [response_received])
20:40:47.023 [reactor-http-nio-12] DEBUG org.springframework.web.reactive.function.client.ExchangeFunctions - [73a352df] Response 200 OK
20:40:47.023 [reactor-http-nio-11] DEBUG reactor.netty.http.client.HttpClientOperations - [id: 0xad9667d1, L:/127.0.0.1:50248 - R:localhost/127.0.0.1:8081] Received last HTTP packet
20:40:47.023 [reactor-http-nio-2] DEBUG reactor.netty.http.client.HttpClientOperations - [id: 0xce2d8eaa, L:/127.0.0.1:50295 - R:localhost/127.0.0.1:8081] Received last HTTP packet
20:40:47.024 [reactor-http-nio-2] DEBUG org.springframework.core.codec.StringDecoder - [3c734aa4] Decoded "{"userId":"054df462-02e0-4f1d-b1ec-c2c3a4647a87","location":{"longitude":87.235067,"latitude":-26.6 (truncated)...
20:40:47.024 [reactor-http-nio-2] DEBUG reactor.netty.resources.PooledConnectionProvider - [id: 0xce2d8eaa, L:/127.0.0.1:50295 - R:localhost/127.0.0.1:8081] onStateChange(GET{uri=/getUserLocation?userId=054df462-02e0-4f1d-b1ec-c2c3a4647a87, connection=PooledConnection{channel=[id: 0xce2d8eaa, L:/127.0.0.1:50295 - R:localhost/127.0.0.1:8081]}}, [disconnecting])
20:40:47.024 [pool-12-thread-18] DEBUG org.springframework.web.reactive.function.client.ExchangeFunctions - [6ea7be64] HTTP GET http://localhost:8081/getAttractions
20:40:47.024 [reactor-http-nio-11] DEBUG org.springframework.core.codec.StringDecoder - [47110d20] Decoded "{"userId":"badd29c1-5969-484c-89be-a030e8933851","location":{"longitude":33.356389,"latitude":-10.2 (truncated)...
20:40:47.024 [pool-12-thread-7] DEBUG org.springframework.web.reactive.function.client.ExchangeFunctions - [7a13060] HTTP GET http://localhost:8081/getAttractions
20:40:47.024 [reactor-http-nio-11] DEBUG reactor.netty.resources.PooledConnectionProvider - [id: 0xad9667d1, L:/127.0.0.1:50248 - R:localhost/127.0.0.1:8081] onStateChange(GET{uri=/getUserLocation?userId=badd29c1-5969-484c-89be-a030e8933851, connection=PooledConnection{channel=[id: 0xad9667d1, L:/127.0.0.1:50248 - R:localhost/127.0.0.1:8081]}}, [disconnecting])
20:40:47.024 [reactor-http-nio-11] DEBUG reactor.netty.resources.PooledConnectionProvider - [id: 0xad9667d1, L:/127.0.0.1:50248 - R:localhost/127.0.0.1:8081] Releasing channel
20:40:47.024 [reactor-http-nio-2] DEBUG reactor.netty.resources.PooledConnectionProvider - [id: 0xce2d8eaa, L:/127.0.0.1:50295 - R:localhost/127.0.0.1:8081] Releasing channel
20:40:47.024 [reactor-http-nio-11] DEBUG reactor.netty.resources.PooledConnectionProvider - [id: 0xad9667d1, L:/127.0.0.1:50248 - R:localhost/127.0.0.1:8081] Channel cleaned, now 30 active connections and 35 inactive connections
20:40:47.024 [reactor-http-nio-2] DEBUG reactor.netty.resources.PooledConnectionProvider - [id: 0xce2d8eaa, L:/127.0.0.1:50295 - R:localhost/127.0.0.1:8081] Channel cleaned, now 29 active connections and 36 inactive connections
20:40:47.024 [reactor-http-nio-10] DEBUG reactor.netty.resources.PooledConnectionProvider - [id: 0x78591639, L:/127.0.0.1:50280 - R:localhost/127.0.0.1:8081] onStateChange(GET{uri=/getAttractions, connection=PooledConnection{channel=[id: 0x78591639, L:/127.0.0.1:50280 - R:localhost/127.0.0.1:8081]}}, [request_sent])
20:40:47.023 [reactor-http-nio-14] DEBUG reactor.netty.http.client.HttpClientOperations - [id: 0xcd551a5c, L:/127.0.0.1:50302 - R:localhost/127.0.0.1:8081] Received response (auto-read:false) : [Content-Type=application/json, Transfer-Encoding=chunked, Date=Fri, 11 Jun 2021 15:10:46 GMT]
20:40:47.024 [reactor-http-nio-14] DEBUG reactor.netty.resources.PooledConnectionProvider - [id: 0xcd551a5c, L:/127.0.0.1:50302 - R:localhost/127.0.0.1:8081] onStateChange(GET{uri=/getAttractions, connection=PooledConnection{channel=[id: 0xcd551a5c, L:/127.0.0.1:50302 - R:localhost/127.0.0.1:8081]}}, [response_received])
20:40:47.024 [reactor-http-nio-16] DEBUG reactor.netty.resources.PooledConnectionProvider - [id: 0x1e073caa, L:/127.0.0.1:50270 - R:localhost/127.0.0.1:8081] Channel acquired, now 30 active connections and 35 inactive connections
20:40:47.024 [reactor-http-nio-12] DEBUG reactor.netty.channel.FluxReceive - [id: 0xa6263615, L:/127.0.0.1:50308 - R:localhost/127.0.0.1:8081] Subscribing inbound receiver [pending: 0, cancelled:false, inboundDone: false]
20:40:47.024 [reactor-http-nio-16] DEBUG reactor.netty.http.client.HttpClientConnect - [id: 0x1e073caa, L:/127.0.0.1:50270 - R:localhost/127.0.0.1:8081] Handler is being applied: {uri=http://localhost:8081/getAttractions, method=GET}
20:40:47.024 [reactor-http-nio-14] DEBUG org.springframework.web.reactive.function.client.ExchangeFunctions - [27b011b8] Response 200 OK
20:40:47.024 [reactor-http-nio-12] DEBUG reactor.netty.http.client.HttpClientOperations - [id: 0xa6263615, L:/127.0.0.1:50308 - R:localhost/127.0.0.1:8081] Received last HTTP packet
20:40:47.025 [reactor-http-nio-14] DEBUG reactor.netty.channel.FluxReceive - [id: 0xcd551a5c, L:/127.0.0.1:50302 - R:localhost/127.0.0.1:8081] Subscribing inbound receiver [pending: 0, cancelled:false, inboundDone: false]
20:40:47.025 [reactor-http-nio-16] DEBUG reactor.netty.resources.PooledConnectionProvider - [id: 0x1e073caa, L:/127.0.0.1:50270 - R:localhost/127.0.0.1:8081] onStateChange(GET{uri=/getAttractions, connection=PooledConnection{channel=[id: 0x1e073caa, L:/127.0.0.1:50270 - R:localhost/127.0.0.1:8081]}}, [request_sent])
20:40:47.025 [reactor-http-nio-12] DEBUG org.springframework.core.codec.StringDecoder - [73a352df] Decoded "[{"longitude":-117.922008,"latitude":33.817595,"attractionName":"Disneyland","city":"Anaheim","stat (truncated)...
20:40:47.025 [pool-11-thread-1] DEBUG org.springframework.web.reactive.function.client.ExchangeFunctions - [7971d34e] HTTP GET http://localhost:8081/getAttractions
20:40:47.025 [reactor-http-nio-12] DEBUG reactor.netty.resources.PooledConnectionProvider - [id: 0xa6263615, L:/127.0.0.1:50308 - R:localhost/127.0.0.1:8081] onStateChange(GET{uri=/getAttractions, connection=PooledConnection{channel=[id: 0xa6263615, L:/127.0.0.1:50308 - R:localhost/127.0.0.1:8081]}}, [disconnecting])
20:40:47.025 [reactor-http-nio-12] DEBUG reactor.netty.resources.PooledConnectionProvider - [id: 0xa6263615, L:/127.0.0.1:50308 - R:localhost/127.0.0.1:8081] Releasing channel
20:40:47.025 [reactor-http-nio-16] DEBUG reactor.netty.resources.PooledConnectionProvider - [id: 0xa01a053c, L:/127.0.0.1:50244 - R:localhost/127.0.0.1:8081] Channel acquired, now 31 active connections and 34 inactive connections
20:40:47.025 [pool-12-thread-36] DEBUG org.springframework.web.reactive.function.client.ExchangeFunctions - [2139ba6] HTTP GET http://localhost:8081/getAttractions
20:40:47.025 [reactor-http-nio-13] DEBUG reactor.netty.resources.PooledConnectionProvider - [id: 0xd31561fb, L:/127.0.0.1:50256 - R:localhost/127.0.0.1:8081] Channel acquired, now 31 active connections and 34 inactive connections
20:40:47.025 [reactor-http-nio-14] DEBUG reactor.netty.http.client.HttpClientOperations - [id: 0xcd551a5c, L:/127.0.0.1:50302 - R:localhost/127.0.0.1:8081] Received last HTTP packet
20:40:47.025 [reactor-http-nio-16] DEBUG reactor.netty.http.client.HttpClientConnect - [id: 0xa01a053c, L:/127.0.0.1:50244 - R:localhost/127.0.0.1:8081] Handler is being applied: {uri=http://localhost:8081/getAttractions, method=GET}
20:40:47.025 [reactor-http-nio-13] DEBUG reactor.netty.http.client.HttpClientConnect - [id: 0xd31561fb, L:/127.0.0.1:50256 - R:localhost/127.0.0.1:8081] Handler is being applied: {uri=http://localhost:8081/getAttractions, method=GET}
20:40:47.026 [reactor-http-nio-14] DEBUG org.springframework.core.codec.StringDecoder - [27b011b8] Decoded "[{"longitude":-117.922008,"latitude":33.817595,"attractionName":"Disneyland","city":"Anaheim","stat (truncated)...
20:40:47.026 [reactor-http-nio-14] DEBUG reactor.netty.resources.PooledConnectionProvider - [id: 0xcd551a5c, L:/127.0.0.1:50302 - R:localhost/127.0.0.1:8081] onStateChange(GET{uri=/getAttractions, connection=PooledConnection{channel=[id: 0xcd551a5c, L:/127.0.0.1:50302 - R:localhost/127.0.0.1:8081]}}, [disconnecting])
20:40:47.026 [reactor-http-nio-14] DEBUG reactor.netty.resources.PooledConnectionProvider - [id: 0xcd551a5c, L:/127.0.0.1:50302 - R:localhost/127.0.0.1:8081] Releasing channel
20:40:47.026 [reactor-http-nio-14] DEBUG reactor.netty.resources.PooledConnectionProvider - [id: 0xcd551a5c, L:/127.0.0.1:50302 - R:localhost/127.0.0.1:8081] Channel cleaned, now 30 active connections and 35 inactive connections
20:40:47.026 [reactor-http-nio-16] DEBUG reactor.netty.resources.PooledConnectionProvider - [id: 0xa01a053c, L:/127.0.0.1:50244 - R:localhost/127.0.0.1:8081] onStateChange(GET{uri=/getAttractions, connection=PooledConnection{channel=[id: 0xa01a053c, L:/127.0.0.1:50244 - R:localhost/127.0.0.1:8081]}}, [request_sent])
20:40:47.026 [reactor-http-nio-10] DEBUG reactor.netty.resources.PooledConnectionProvider - [id: 0xfd5cebe1, L:/127.0.0.1:50290 - R:localhost/127.0.0.1:8081] Channel acquired, now 31 active connections and 34 inactive connections
20:40:47.026 [reactor-http-nio-13] DEBUG reactor.netty.resources.PooledConnectionProvider - [id: 0xd31561fb, L:/127.0.0.1:50256 - R:localhost/127.0.0.1:8081] onStateChange(GET{uri=/getAttractions, connection=PooledConnection{channel=[id: 0xd31561fb, L:/127.0.0.1:50256 - R:localhost/127.0.0.1:8081]}}, [request_sent])
20:40:47.026 [reactor-http-nio-12] DEBUG reactor.netty.resources.PooledConnectionProvider - [id: 0xa6263615, L:/127.0.0.1:50308 - R:localhost/127.0.0.1:8081] Channel cleaned, now 31 active connections and 34 inactive connections
20:40:47.026 [reactor-http-nio-15] DEBUG reactor.netty.http.client.HttpClientOperations - [id: 0x21231b13, L:/127.0.0.1:50274 - R:localhost/127.0.0.1:8081] Received response (auto-read:false) : [Content-Type=application/json, Transfer-Encoding=chunked, Date=Fri, 11 Jun 2021 15:10:46 GMT]
20:40:47.026 [reactor-http-nio-10] DEBUG reactor.netty.http.client.HttpClientConnect - [id: 0xfd5cebe1, L:/127.0.0.1:50290 - R:localhost/127.0.0.1:8081] Handler is being applied: {uri=http://localhost:8081/getAttractions, method=GET}
20:40:47.026 [reactor-http-nio-15] DEBUG reactor.netty.resources.PooledConnectionProvider - [id: 0x21231b13, L:/127.0.0.1:50274 - R:localhost/127.0.0.1:8081] onStateChange(GET{uri=/getUserLocation?userId=eeb509ac-5c2c-4b76-9f8d-4518ff45b9cc, connection=PooledConnection{channel=[id: 0x21231b13, L:/127.0.0.1:50274 - R:localhost/127.0.0.1:8081]}}, [response_received])
20:40:47.026 [reactor-http-nio-15] DEBUG org.springframework.web.reactive.function.client.ExchangeFunctions - [5dd53408] Response 200 OK
20:40:47.027 [reactor-http-nio-12] DEBUG reactor.netty.http.client.HttpClientOperations - [id: 0xbbaa0872, L:/127.0.0.1:50269 - R:localhost/127.0.0.1:8081] Received response (auto-read:false) : [Content-Type=application/json, Transfer-Encoding=chunked, Date=Fri, 11 Jun 2021 15:10:46 GMT]
20:40:47.027 [reactor-http-nio-12] DEBUG reactor.netty.resources.PooledConnectionProvider - [id: 0xbbaa0872, L:/127.0.0.1:50269 - R:localhost/127.0.0.1:8081] onStateChange(GET{uri=/getUserLocation?userId=0db136c7-eef8-44b3-a847-f8e9a3d7828b, connection=PooledConnection{channel=[id: 0xbbaa0872, L:/127.0.0.1:50269 - R:localhost/127.0.0.1:8081]}}, [response_received])
20:40:47.027 [reactor-http-nio-12] DEBUG org.springframework.web.reactive.function.client.ExchangeFunctions - [44c53d31] Response 200 OK
20:40:47.027 [reactor-http-nio-16] DEBUG reactor.netty.http.client.HttpClientOperations - [id: 0x30c6031c, L:/127.0.0.1:50292 - R:localhost/127.0.0.1:8081] Received response (auto-read:false) : [Content-Type=application/json, Transfer-Encoding=chunked, Date=Fri, 11 Jun 2021 15:10:46 GMT]
20:40:47.027 [reactor-http-nio-16] DEBUG reactor.netty.resources.PooledConnectionProvider - [id: 0x30c6031c, L:/127.0.0.1:50292 - R:localhost/127.0.0.1:8081] onStateChange(GET{uri=/getAttractions, connection=PooledConnection{channel=[id: 0x30c6031c, L:/127.0.0.1:50292 - R:localhost/127.0.0.1:8081]}}, [response_received])
20:40:47.027 [reactor-http-nio-15] DEBUG reactor.netty.channel.FluxReceive - [id: 0x21231b13, L:/127.0.0.1:50274 - R:localhost/127.0.0.1:8081] Subscribing inbound receiver [pending: 0, cancelled:false, inboundDone: false]
20:40:47.027 [reactor-http-nio-10] DEBUG reactor.netty.resources.PooledConnectionProvider - [id: 0xfd5cebe1, L:/127.0.0.1:50290 - R:localhost/127.0.0.1:8081] onStateChange(GET{uri=/getAttractions, connection=PooledConnection{channel=[id: 0xfd5cebe1, L:/127.0.0.1:50290 - R:localhost/127.0.0.1:8081]}}, [request_sent])
20:40:47.027 [reactor-http-nio-12] DEBUG reactor.netty.channel.FluxReceive - [id: 0xbbaa0872, L:/127.0.0.1:50269 - R:localhost/127.0.0.1:8081] Subscribing inbound receiver [pending: 0, cancelled:false, inboundDone: false]
20:40:47.027 [reactor-http-nio-16] DEBUG org.springframework.web.reactive.function.client.ExchangeFunctions - [7d1a6e43] Response 200 OK
20:40:47.027 [reactor-http-nio-12] DEBUG reactor.netty.http.client.HttpClientOperations - [id: 0xbbaa0872, L:/127.0.0.1:50269 - R:localhost/127.0.0.1:8081] Received last HTTP packet
20:40:47.027 [reactor-http-nio-15] DEBUG reactor.netty.http.client.HttpClientOperations - [id: 0x21231b13, L:/127.0.0.1:50274 - R:localhost/127.0.0.1:8081] Received last HTTP packet
20:40:47.027 [reactor-http-nio-12] DEBUG org.springframework.core.codec.StringDecoder - [44c53d31] Decoded "{"userId":"0db136c7-eef8-44b3-a847-f8e9a3d7828b","location":{"longitude":59.928192,"latitude":-75.0 (truncated)...
20:40:47.027 [reactor-http-nio-12] DEBUG reactor.netty.resources.PooledConnectionProvider - [id: 0xbbaa0872, L:/127.0.0.1:50269 - R:localhost/127.0.0.1:8081] onStateChange(GET{uri=/getUserLocation?userId=0db136c7-eef8-44b3-a847-f8e9a3d7828b, connection=PooledConnection{channel=[id: 0xbbaa0872, L:/127.0.0.1:50269 - R:localhost/127.0.0.1:8081]}}, [disconnecting])
20:40:47.028 [reactor-http-nio-12] DEBUG reactor.netty.resources.PooledConnectionProvider - [id: 0xbbaa0872, L:/127.0.0.1:50269 - R:localhost/127.0.0.1:8081] Releasing channel
20:40:47.028 [reactor-http-nio-2] DEBUG reactor.netty.http.client.HttpClientOperations - [id: 0xb9fd1fe8, L:/127.0.0.1:50299 - R:localhost/127.0.0.1:8081] Received response (auto-read:false) : [Content-Type=application/json, Transfer-Encoding=chunked, Date=Fri, 11 Jun 2021 15:10:46 GMT]
20:40:47.028 [reactor-http-nio-16] DEBUG reactor.netty.channel.FluxReceive - [id: 0x30c6031c, L:/127.0.0.1:50292 - R:localhost/127.0.0.1:8081] Subscribing inbound receiver [pending: 0, cancelled:false, inboundDone: false]
20:40:47.028 [reactor-http-nio-2] DEBUG reactor.netty.resources.PooledConnectionProvider - [id: 0xb9fd1fe8, L:/127.0.0.1:50299 - R:localhost/127.0.0.1:8081] onStateChange(GET{uri=/getAttractions, connection=PooledConnection{channel=[id: 0xb9fd1fe8, L:/127.0.0.1:50299 - R:localhost/127.0.0.1:8081]}}, [response_received])
20:40:47.028 [reactor-http-nio-14] DEBUG reactor.netty.http.client.HttpClientOperations - [id: 0x9dcbcf4f, L:/127.0.0.1:50254 - R:localhost/127.0.0.1:8081] Received response (auto-read:false) : [Content-Type=application/json, Transfer-Encoding=chunked, Date=Fri, 11 Jun 2021 15:10:46 GMT]
20:40:47.028 [reactor-http-nio-15] DEBUG org.springframework.core.codec.StringDecoder - [5dd53408] Decoded "{"userId":"eeb509ac-5c2c-4b76-9f8d-4518ff45b9cc","location":{"longitude":-41.545169,"latitude":81.3 (truncated)...
20:40:47.028 [reactor-http-nio-14] DEBUG reactor.netty.resources.PooledConnectionProvider - [id: 0x9dcbcf4f, L:/127.0.0.1:50254 - R:localhost/127.0.0.1:8081] onStateChange(GET{uri=/getAttractions, connection=PooledConnection{channel=[id: 0x9dcbcf4f, L:/127.0.0.1:50254 - R:localhost/127.0.0.1:8081]}}, [response_received])
20:40:47.028 [reactor-http-nio-14] DEBUG org.springframework.web.reactive.function.client.ExchangeFunctions - [7fa5b1c0] Response 200 OK
20:40:47.028 [reactor-http-nio-12] DEBUG reactor.netty.resources.PooledConnectionProvider - [id: 0xbbaa0872, L:/127.0.0.1:50269 - R:localhost/127.0.0.1:8081] Channel cleaned, now 30 active connections and 35 inactive connections
20:40:47.028 [reactor-http-nio-2] DEBUG org.springframework.web.reactive.function.client.ExchangeFunctions - [5de485d6] Response 200 OK
20:40:47.028 [reactor-http-nio-12] DEBUG reactor.netty.resources.PooledConnectionProvider - [id: 0x83103ed5, L:/127.0.0.1:50287 - R:localhost/127.0.0.1:8081] Channel acquired, now 31 active connections and 34 inactive connections
20:40:47.028 [reactor-http-nio-12] DEBUG reactor.netty.http.client.HttpClientConnect - [id: 0x83103ed5, L:/127.0.0.1:50287 - R:localhost/127.0.0.1:8081] Handler is being applied: {uri=http://localhost:8081/getAttractions, method=GET}
20:40:47.028 [reactor-http-nio-14] DEBUG reactor.netty.channel.FluxReceive - [id: 0x9dcbcf4f, L:/127.0.0.1:50254 - R:localhost/127.0.0.1:8081] Subscribing inbound receiver [pending: 0, cancelled:false, inboundDone: false]
20:40:47.029 [reactor-http-nio-16] DEBUG reactor.netty.http.client.HttpClientOperations - [id: 0x30c6031c, L:/127.0.0.1:50292 - R:localhost/127.0.0.1:8081] Received last HTTP packet
20:40:47.029 [reactor-http-nio-2] DEBUG reactor.netty.channel.FluxReceive - [id: 0xb9fd1fe8, L:/127.0.0.1:50299 - R:localhost/127.0.0.1:8081] Subscribing inbound receiver [pending: 0, cancelled:false, inboundDone: false]
20:40:47.029 [reactor-http-nio-14] DEBUG reactor.netty.http.client.HttpClientOperations - [id: 0x9dcbcf4f, L:/127.0.0.1:50254 - R:localhost/127.0.0.1:8081] Received last HTTP packet
20:40:47.029 [reactor-http-nio-2] DEBUG reactor.netty.http.client.HttpClientOperations - [id: 0xb9fd1fe8, L:/127.0.0.1:50299 - R:localhost/127.0.0.1:8081] Received last HTTP packet
20:40:47.029 [reactor-http-nio-16] DEBUG org.springframework.core.codec.StringDecoder - [7d1a6e43] Decoded "[{"longitude":-117.922008,"latitude":33.817595,"attractionName":"Disneyland","city":"Anaheim","stat (truncated)...
20:40:47.029 [reactor-http-nio-16] DEBUG reactor.netty.resources.PooledConnectionProvider - [id: 0x30c6031c, L:/127.0.0.1:50292 - R:localhost/127.0.0.1:8081] onStateChange(GET{uri=/getAttractions, connection=PooledConnection{channel=[id: 0x30c6031c, L:/127.0.0.1:50292 - R:localhost/127.0.0.1:8081]}}, [disconnecting])
20:40:47.029 [pool-12-thread-19] DEBUG org.springframework.web.reactive.function.client.ExchangeFunctions - [1c7abcd] HTTP GET http://localhost:8081/getAttractions
20:40:47.029 [reactor-http-nio-14] DEBUG org.springframework.core.codec.StringDecoder - [7fa5b1c0] Decoded "[{"longitude":-117.922008,"latitude":33.817595,"attractionName":"Disneyland","city":"Anaheim","stat (truncated)...
20:40:47.028 [reactor-http-nio-15] DEBUG reactor.netty.resources.PooledConnectionProvider - [id: 0x21231b13, L:/127.0.0.1:50274 - R:localhost/127.0.0.1:8081] onStateChange(GET{uri=/getUserLocation?userId=eeb509ac-5c2c-4b76-9f8d-4518ff45b9cc, connection=PooledConnection{channel=[id: 0x21231b13, L:/127.0.0.1:50274 - R:localhost/127.0.0.1:8081]}}, [disconnecting])
20:40:47.029 [reactor-http-nio-15] DEBUG reactor.netty.resources.PooledConnectionProvider - [id: 0x21231b13, L:/127.0.0.1:50274 - R:localhost/127.0.0.1:8081] Releasing channel
20:40:47.029 [reactor-http-nio-14] DEBUG reactor.netty.resources.PooledConnectionProvider - [id: 0x9dcbcf4f, L:/127.0.0.1:50254 - R:localhost/127.0.0.1:8081] onStateChange(GET{uri=/getAttractions, connection=PooledConnection{channel=[id: 0x9dcbcf4f, L:/127.0.0.1:50254 - R:localhost/127.0.0.1:8081]}}, [disconnecting])
20:40:47.029 [reactor-http-nio-14] DEBUG reactor.netty.resources.PooledConnectionProvider - [id: 0x9dcbcf4f, L:/127.0.0.1:50254 - R:localhost/127.0.0.1:8081] Releasing channel
20:40:47.029 [reactor-http-nio-15] DEBUG reactor.netty.resources.PooledConnectionProvider - [id: 0x21231b13, L:/127.0.0.1:50274 - R:localhost/127.0.0.1:8081] Channel cleaned, now 30 active connections and 35 inactive connections
20:40:47.029 [reactor-http-nio-12] DEBUG reactor.netty.resources.PooledConnectionProvider - [id: 0x83103ed5, L:/127.0.0.1:50287 - R:localhost/127.0.0.1:8081] onStateChange(GET{uri=/getAttractions, connection=PooledConnection{channel=[id: 0x83103ed5, L:/127.0.0.1:50287 - R:localhost/127.0.0.1:8081]}}, [request_sent])
20:40:47.029 [reactor-http-nio-2] DEBUG org.springframework.core.codec.StringDecoder - [5de485d6] Decoded "[{"longitude":-117.922008,"latitude":33.817595,"attractionName":"Disneyland","city":"Anaheim","stat (truncated)...
20:40:47.029 [reactor-http-nio-16] DEBUG reactor.netty.resources.PooledConnectionProvider - [id: 0x30c6031c, L:/127.0.0.1:50292 - R:localhost/127.0.0.1:8081] Releasing channel
20:40:47.029 [reactor-http-nio-2] DEBUG reactor.netty.resources.PooledConnectionProvider - [id: 0xb9fd1fe8, L:/127.0.0.1:50299 - R:localhost/127.0.0.1:8081] onStateChange(GET{uri=/getAttractions, connection=PooledConnection{channel=[id: 0xb9fd1fe8, L:/127.0.0.1:50299 - R:localhost/127.0.0.1:8081]}}, [disconnecting])
20:40:47.029 [reactor-http-nio-14] DEBUG reactor.netty.resources.PooledConnectionProvider - [id: 0x9dcbcf4f, L:/127.0.0.1:50254 - R:localhost/127.0.0.1:8081] Channel cleaned, now 29 active connections and 36 inactive connections
20:40:47.029 [reactor-http-nio-16] DEBUG reactor.netty.resources.PooledConnectionProvider - [id: 0x30c6031c, L:/127.0.0.1:50292 - R:localhost/127.0.0.1:8081] Channel cleaned, now 29 active connections and 36 inactive connections
20:40:47.029 [reactor-http-nio-10] DEBUG reactor.netty.resources.PooledConnectionProvider - [id: 0xeb8d3006, L:/127.0.0.1:50297 - R:localhost/127.0.0.1:8081] Channel acquired, now 30 active connections and 35 inactive connections
20:40:47.029 [reactor-http-nio-12] DEBUG reactor.netty.resources.PooledConnectionProvider - [id: 0x9b24452d, L:/127.0.0.1:50265 - R:localhost/127.0.0.1:8081] Channel acquired, now 30 active connections and 35 inactive connections
20:40:47.029 [pool-12-thread-12] DEBUG org.springframework.web.reactive.function.client.ExchangeFunctions - [18d7a1d6] HTTP GET http://localhost:8081/getAttractions
20:40:47.030 [reactor-http-nio-12] DEBUG reactor.netty.http.client.HttpClientConnect - [id: 0x9b24452d, L:/127.0.0.1:50265 - R:localhost/127.0.0.1:8081] Handler is being applied: {uri=http://localhost:8081/getAttractions, method=GET}
20:40:47.029 [reactor-http-nio-2] DEBUG reactor.netty.resources.PooledConnectionProvider - [id: 0xb9fd1fe8, L:/127.0.0.1:50299 - R:localhost/127.0.0.1:8081] Releasing channel
20:40:47.030 [reactor-http-nio-2] DEBUG reactor.netty.resources.PooledConnectionProvider - [id: 0xb9fd1fe8, L:/127.0.0.1:50299 - R:localhost/127.0.0.1:8081] Channel cleaned, now 29 active connections and 36 inactive connections
20:40:47.030 [reactor-http-nio-16] DEBUG reactor.netty.http.client.HttpClientOperations - [id: 0x55a55ac0, L:/127.0.0.1:50255 - R:localhost/127.0.0.1:8081] Received response (auto-read:false) : [Content-Type=application/json, Transfer-Encoding=chunked, Date=Fri, 11 Jun 2021 15:10:46 GMT]
20:40:47.030 [reactor-http-nio-16] DEBUG reactor.netty.resources.PooledConnectionProvider - [id: 0x55a55ac0, L:/127.0.0.1:50255 - R:localhost/127.0.0.1:8081] onStateChange(GET{uri=/getAttractions, connection=PooledConnection{channel=[id: 0x55a55ac0, L:/127.0.0.1:50255 - R:localhost/127.0.0.1:8081]}}, [response_received])
20:40:47.029 [reactor-http-nio-10] DEBUG reactor.netty.http.client.HttpClientConnect - [id: 0xeb8d3006, L:/127.0.0.1:50297 - R:localhost/127.0.0.1:8081] Handler is being applied: {uri=http://localhost:8081/getAttractions, method=GET}
20:40:47.030 [reactor-http-nio-16] DEBUG org.springframework.web.reactive.function.client.ExchangeFunctions - [6732bfe2] Response 200 OK
20:40:47.030 [reactor-http-nio-14] DEBUG reactor.netty.http.client.HttpClientOperations - [id: 0x8d5a3bc9, L:/127.0.0.1:50303 - R:localhost/127.0.0.1:8081] Received response (auto-read:false) : [Content-Type=application/json, Transfer-Encoding=chunked, Date=Fri, 11 Jun 2021 15:10:46 GMT]
20:40:47.030 [reactor-http-nio-14] DEBUG reactor.netty.resources.PooledConnectionProvider - [id: 0x8d5a3bc9, L:/127.0.0.1:50303 - R:localhost/127.0.0.1:8081] onStateChange(GET{uri=/getAttractions, connection=PooledConnection{channel=[id: 0x8d5a3bc9, L:/127.0.0.1:50303 - R:localhost/127.0.0.1:8081]}}, [response_received])
20:40:47.030 [reactor-http-nio-14] DEBUG org.springframework.web.reactive.function.client.ExchangeFunctions - [235a30a8] Response 200 OK
20:40:47.030 [reactor-http-nio-16] DEBUG reactor.netty.channel.FluxReceive - [id: 0x55a55ac0, L:/127.0.0.1:50255 - R:localhost/127.0.0.1:8081] Subscribing inbound receiver [pending: 0, cancelled:false, inboundDone: false]
20:40:47.030 [reactor-http-nio-10] DEBUG reactor.netty.resources.PooledConnectionProvider - [id: 0xeb8d3006, L:/127.0.0.1:50297 - R:localhost/127.0.0.1:8081] onStateChange(GET{uri=/getAttractions, connection=PooledConnection{channel=[id: 0xeb8d3006, L:/127.0.0.1:50297 - R:localhost/127.0.0.1:8081]}}, [request_sent])
20:40:47.031 [reactor-http-nio-16] DEBUG reactor.netty.http.client.HttpClientOperations - [id: 0x55a55ac0, L:/127.0.0.1:50255 - R:localhost/127.0.0.1:8081] Received last HTTP packet
20:40:47.031 [reactor-http-nio-12] DEBUG reactor.netty.resources.PooledConnectionProvider - [id: 0x9b24452d, L:/127.0.0.1:50265 - R:localhost/127.0.0.1:8081] onStateChange(GET{uri=/getAttractions, connection=PooledConnection{channel=[id: 0x9b24452d, L:/127.0.0.1:50265 - R:localhost/127.0.0.1:8081]}}, [request_sent])
20:40:47.031 [reactor-http-nio-14] DEBUG reactor.netty.channel.FluxReceive - [id: 0x8d5a3bc9, L:/127.0.0.1:50303 - R:localhost/127.0.0.1:8081] Subscribing inbound receiver [pending: 0, cancelled:false, inboundDone: false]
20:40:47.031 [reactor-http-nio-16] DEBUG org.springframework.core.codec.StringDecoder - [6732bfe2] Decoded "[{"longitude":-117.922008,"latitude":33.817595,"attractionName":"Disneyland","city":"Anaheim","stat (truncated)...
20:40:47.031 [reactor-http-nio-16] DEBUG reactor.netty.resources.PooledConnectionProvider - [id: 0x55a55ac0, L:/127.0.0.1:50255 - R:localhost/127.0.0.1:8081] onStateChange(GET{uri=/getAttractions, connection=PooledConnection{channel=[id: 0x55a55ac0, L:/127.0.0.1:50255 - R:localhost/127.0.0.1:8081]}}, [disconnecting])
20:40:47.031 [reactor-http-nio-16] DEBUG reactor.netty.resources.PooledConnectionProvider - [id: 0x55a55ac0, L:/127.0.0.1:50255 - R:localhost/127.0.0.1:8081] Releasing channel
20:40:47.031 [reactor-http-nio-16] DEBUG reactor.netty.resources.PooledConnectionProvider - [id: 0x55a55ac0, L:/127.0.0.1:50255 - R:localhost/127.0.0.1:8081] Channel cleaned, now 28 active connections and 37 inactive connections
20:40:47.031 [reactor-http-nio-14] DEBUG reactor.netty.http.client.HttpClientOperations - [id: 0x8d5a3bc9, L:/127.0.0.1:50303 - R:localhost/127.0.0.1:8081] Received last HTTP packet
20:40:47.031 [reactor-http-nio-10] DEBUG reactor.netty.http.client.HttpClientOperations - [id: 0x8372a394, L:/127.0.0.1:50252 - R:localhost/127.0.0.1:8081] Received response (auto-read:false) : [Content-Type=application/json, Transfer-Encoding=chunked, Date=Fri, 11 Jun 2021 15:10:46 GMT]
20:40:47.031 [reactor-http-nio-10] DEBUG reactor.netty.resources.PooledConnectionProvider - [id: 0x8372a394, L:/127.0.0.1:50252 - R:localhost/127.0.0.1:8081] onStateChange(GET{uri=/getAttractions, connection=PooledConnection{channel=[id: 0x8372a394, L:/127.0.0.1:50252 - R:localhost/127.0.0.1:8081]}}, [response_received])
20:40:47.032 [reactor-http-nio-16] DEBUG reactor.netty.http.client.HttpClientOperations - [id: 0xb476bc26, L:/127.0.0.1:50260 - R:localhost/127.0.0.1:8081] Received response (auto-read:false) : [Content-Type=application/json, Transfer-Encoding=chunked, Date=Fri, 11 Jun 2021 15:10:46 GMT]
20:40:47.032 [reactor-http-nio-16] DEBUG reactor.netty.resources.PooledConnectionProvider - [id: 0xb476bc26, L:/127.0.0.1:50260 - R:localhost/127.0.0.1:8081] onStateChange(GET{uri=/getAttractions, connection=PooledConnection{channel=[id: 0xb476bc26, L:/127.0.0.1:50260 - R:localhost/127.0.0.1:8081]}}, [response_received])
20:40:47.032 [reactor-http-nio-14] DEBUG org.springframework.core.codec.StringDecoder - [235a30a8] Decoded "[{"longitude":-117.922008,"latitude":33.817595,"attractionName":"Disneyland","city":"Anaheim","stat (truncated)...
20:40:47.032 [reactor-http-nio-16] DEBUG org.springframework.web.reactive.function.client.ExchangeFunctions - [2e150c3b] Response 200 OK
20:40:47.032 [reactor-http-nio-14] DEBUG reactor.netty.resources.PooledConnectionProvider - [id: 0x8d5a3bc9, L:/127.0.0.1:50303 - R:localhost/127.0.0.1:8081] onStateChange(GET{uri=/getAttractions, connection=PooledConnection{channel=[id: 0x8d5a3bc9, L:/127.0.0.1:50303 - R:localhost/127.0.0.1:8081]}}, [disconnecting])
20:40:47.032 [reactor-http-nio-14] DEBUG reactor.netty.resources.PooledConnectionProvider - [id: 0x8d5a3bc9, L:/127.0.0.1:50303 - R:localhost/127.0.0.1:8081] Releasing channel
20:40:47.032 [reactor-http-nio-14] DEBUG reactor.netty.resources.PooledConnectionProvider - [id: 0x8d5a3bc9, L:/127.0.0.1:50303 - R:localhost/127.0.0.1:8081] Channel cleaned, now 27 active connections and 38 inactive connections
20:40:47.032 [reactor-http-nio-10] DEBUG org.springframework.web.reactive.function.client.ExchangeFunctions - [b273186] Response 200 OK
20:40:47.032 [reactor-http-nio-12] DEBUG reactor.netty.http.client.HttpClientOperations - [id: 0x0d270386, L:/127.0.0.1:50279 - R:localhost/127.0.0.1:8081] Received response (auto-read:false) : [Content-Type=application/json, Transfer-Encoding=chunked, Date=Fri, 11 Jun 2021 15:10:46 GMT]
20:40:47.032 [reactor-http-nio-12] DEBUG reactor.netty.resources.PooledConnectionProvider - [id: 0x0d270386, L:/127.0.0.1:50279 - R:localhost/127.0.0.1:8081] onStateChange(GET{uri=/getAttractions, connection=PooledConnection{channel=[id: 0x0d270386, L:/127.0.0.1:50279 - R:localhost/127.0.0.1:8081]}}, [response_received])
20:40:47.032 [reactor-http-nio-10] DEBUG reactor.netty.channel.FluxReceive - [id: 0x8372a394, L:/127.0.0.1:50252 - R:localhost/127.0.0.1:8081] Subscribing inbound receiver [pending: 0, cancelled:false, inboundDone: false]
20:40:47.032 [reactor-http-nio-12] DEBUG org.springframework.web.reactive.function.client.ExchangeFunctions - [185afcb5] Response 200 OK
20:40:47.032 [reactor-http-nio-10] DEBUG reactor.netty.http.client.HttpClientOperations - [id: 0x8372a394, L:/127.0.0.1:50252 - R:localhost/127.0.0.1:8081] Received last HTTP packet
20:40:47.032 [reactor-http-nio-14] DEBUG reactor.netty.http.client.HttpClientOperations - [id: 0x37820d17, L:/127.0.0.1:50283 - R:localhost/127.0.0.1:8081] Received response (auto-read:false) : [Content-Type=application/json, Transfer-Encoding=chunked, Date=Fri, 11 Jun 2021 15:10:46 GMT]
20:40:47.033 [reactor-http-nio-12] DEBUG reactor.netty.channel.FluxReceive - [id: 0x0d270386, L:/127.0.0.1:50279 - R:localhost/127.0.0.1:8081] Subscribing inbound receiver [pending: 0, cancelled:false, inboundDone: false]
20:40:47.033 [reactor-http-nio-14] DEBUG reactor.netty.resources.PooledConnectionProvider - [id: 0x37820d17, L:/127.0.0.1:50283 - R:localhost/127.0.0.1:8081] onStateChange(GET{uri=/getAttractions, connection=PooledConnection{channel=[id: 0x37820d17, L:/127.0.0.1:50283 - R:localhost/127.0.0.1:8081]}}, [response_received])
20:40:47.033 [reactor-http-nio-11] DEBUG reactor.netty.http.client.HttpClientOperations - [id: 0x5ee0aef5, L:/127.0.0.1:50263 - R:localhost/127.0.0.1:8081] Received response (auto-read:false) : [Content-Type=application/json, Transfer-Encoding=chunked, Date=Fri, 11 Jun 2021 15:10:46 GMT]
20:40:47.033 [reactor-http-nio-12] DEBUG reactor.netty.http.client.HttpClientOperations - [id: 0x0d270386, L:/127.0.0.1:50279 - R:localhost/127.0.0.1:8081] Received last HTTP packet
20:40:47.032 [reactor-http-nio-16] DEBUG reactor.netty.channel.FluxReceive - [id: 0xb476bc26, L:/127.0.0.1:50260 - R:localhost/127.0.0.1:8081] Subscribing inbound receiver [pending: 0, cancelled:false, inboundDone: false]
20:40:47.033 [reactor-http-nio-14] DEBUG org.springframework.web.reactive.function.client.ExchangeFunctions - [332ace7f] Response 200 OK
20:40:47.033 [reactor-http-nio-11] DEBUG reactor.netty.resources.PooledConnectionProvider - [id: 0x5ee0aef5, L:/127.0.0.1:50263 - R:localhost/127.0.0.1:8081] onStateChange(GET{uri=/getAttractions, connection=PooledConnection{channel=[id: 0x5ee0aef5, L:/127.0.0.1:50263 - R:localhost/127.0.0.1:8081]}}, [response_received])
20:40:47.033 [reactor-http-nio-10] DEBUG org.springframework.core.codec.StringDecoder - [b273186] Decoded "[{"longitude":-117.922008,"latitude":33.817595,"attractionName":"Disneyland","city":"Anaheim","stat (truncated)...
20:40:47.033 [reactor-http-nio-11] DEBUG org.springframework.web.reactive.function.client.ExchangeFunctions - [50cff97d] Response 200 OK
20:40:47.033 [reactor-http-nio-16] DEBUG reactor.netty.http.client.HttpClientOperations - [id: 0xb476bc26, L:/127.0.0.1:50260 - R:localhost/127.0.0.1:8081] Received last HTTP packet
20:40:47.033 [reactor-http-nio-12] DEBUG org.springframework.core.codec.StringDecoder - [185afcb5] Decoded "[{"longitude":-117.922008,"latitude":33.817595,"attractionName":"Disneyland","city":"Anaheim","stat (truncated)...
20:40:47.033 [reactor-http-nio-12] DEBUG reactor.netty.resources.PooledConnectionProvider - [id: 0x0d270386, L:/127.0.0.1:50279 - R:localhost/127.0.0.1:8081] onStateChange(GET{uri=/getAttractions, connection=PooledConnection{channel=[id: 0x0d270386, L:/127.0.0.1:50279 - R:localhost/127.0.0.1:8081]}}, [disconnecting])
20:40:47.033 [reactor-http-nio-12] DEBUG reactor.netty.resources.PooledConnectionProvider - [id: 0x0d270386, L:/127.0.0.1:50279 - R:localhost/127.0.0.1:8081] Releasing channel
20:40:47.033 [reactor-http-nio-12] DEBUG reactor.netty.resources.PooledConnectionProvider - [id: 0x0d270386, L:/127.0.0.1:50279 - R:localhost/127.0.0.1:8081] Channel cleaned, now 26 active connections and 39 inactive connections
20:40:47.034 [reactor-http-nio-11] DEBUG reactor.netty.channel.FluxReceive - [id: 0x5ee0aef5, L:/127.0.0.1:50263 - R:localhost/127.0.0.1:8081] Subscribing inbound receiver [pending: 0, cancelled:false, inboundDone: false]
20:40:47.033 [reactor-http-nio-10] DEBUG reactor.netty.resources.PooledConnectionProvider - [id: 0x8372a394, L:/127.0.0.1:50252 - R:localhost/127.0.0.1:8081] onStateChange(GET{uri=/getAttractions, connection=PooledConnection{channel=[id: 0x8372a394, L:/127.0.0.1:50252 - R:localhost/127.0.0.1:8081]}}, [disconnecting])
20:40:47.034 [reactor-http-nio-10] DEBUG reactor.netty.resources.PooledConnectionProvider - [id: 0x8372a394, L:/127.0.0.1:50252 - R:localhost/127.0.0.1:8081] Releasing channel
20:40:47.034 [reactor-http-nio-10] DEBUG reactor.netty.resources.PooledConnectionProvider - [id: 0x8372a394, L:/127.0.0.1:50252 - R:localhost/127.0.0.1:8081] Channel cleaned, now 25 active connections and 40 inactive connections
20:40:47.034 [reactor-http-nio-11] DEBUG reactor.netty.http.client.HttpClientOperations - [id: 0x5ee0aef5, L:/127.0.0.1:50263 - R:localhost/127.0.0.1:8081] Received last HTTP packet
20:40:47.033 [reactor-http-nio-14] DEBUG reactor.netty.channel.FluxReceive - [id: 0x37820d17, L:/127.0.0.1:50283 - R:localhost/127.0.0.1:8081] Subscribing inbound receiver [pending: 0, cancelled:false, inboundDone: false]
20:40:47.034 [reactor-http-nio-16] DEBUG org.springframework.core.codec.StringDecoder - [2e150c3b] Decoded "[{"longitude":-117.922008,"latitude":33.817595,"attractionName":"Disneyland","city":"Anaheim","stat (truncated)...
20:40:47.034 [reactor-http-nio-11] DEBUG org.springframework.core.codec.StringDecoder - [50cff97d] Decoded "[{"longitude":-117.922008,"latitude":33.817595,"attractionName":"Disneyland","city":"Anaheim","stat (truncated)...
20:40:47.034 [reactor-http-nio-16] DEBUG reactor.netty.resources.PooledConnectionProvider - [id: 0xb476bc26, L:/127.0.0.1:50260 - R:localhost/127.0.0.1:8081] onStateChange(GET{uri=/getAttractions, connection=PooledConnection{channel=[id: 0xb476bc26, L:/127.0.0.1:50260 - R:localhost/127.0.0.1:8081]}}, [disconnecting])
20:40:47.034 [reactor-http-nio-16] DEBUG reactor.netty.resources.PooledConnectionProvider - [id: 0xb476bc26, L:/127.0.0.1:50260 - R:localhost/127.0.0.1:8081] Releasing channel
20:40:47.034 [reactor-http-nio-11] DEBUG reactor.netty.resources.PooledConnectionProvider - [id: 0x5ee0aef5, L:/127.0.0.1:50263 - R:localhost/127.0.0.1:8081] onStateChange(GET{uri=/getAttractions, connection=PooledConnection{channel=[id: 0x5ee0aef5, L:/127.0.0.1:50263 - R:localhost/127.0.0.1:8081]}}, [disconnecting])
20:40:47.034 [reactor-http-nio-11] DEBUG reactor.netty.resources.PooledConnectionProvider - [id: 0x5ee0aef5, L:/127.0.0.1:50263 - R:localhost/127.0.0.1:8081] Releasing channel
20:40:47.035 [reactor-http-nio-11] DEBUG reactor.netty.resources.PooledConnectionProvider - [id: 0x5ee0aef5, L:/127.0.0.1:50263 - R:localhost/127.0.0.1:8081] Channel cleaned, now 23 active connections and 42 inactive connections
20:40:47.035 [reactor-http-nio-16] DEBUG reactor.netty.resources.PooledConnectionProvider - [id: 0xb476bc26, L:/127.0.0.1:50260 - R:localhost/127.0.0.1:8081] Channel cleaned, now 23 active connections and 42 inactive connections
20:40:47.035 [reactor-http-nio-14] DEBUG reactor.netty.http.client.HttpClientOperations - [id: 0x37820d17, L:/127.0.0.1:50283 - R:localhost/127.0.0.1:8081] Received last HTTP packet
20:40:47.035 [reactor-http-nio-10] DEBUG reactor.netty.http.client.HttpClientOperations - [id: 0x78591639, L:/127.0.0.1:50280 - R:localhost/127.0.0.1:8081] Received response (auto-read:false) : [Content-Type=application/json, Transfer-Encoding=chunked, Date=Fri, 11 Jun 2021 15:10:46 GMT]
20:40:47.035 [reactor-http-nio-12] DEBUG reactor.netty.resources.PooledConnectionProvider - [id: 0x70cf3415, L:/127.0.0.1:50288 - R:localhost/127.0.0.1:8081] Channel acquired, now 24 active connections and 41 inactive connections
20:40:47.035 [reactor-http-nio-10] DEBUG reactor.netty.resources.PooledConnectionProvider - [id: 0x78591639, L:/127.0.0.1:50280 - R:localhost/127.0.0.1:8081] onStateChange(GET{uri=/getAttractions, connection=PooledConnection{channel=[id: 0x78591639, L:/127.0.0.1:50280 - R:localhost/127.0.0.1:8081]}}, [response_received])
20:40:47.035 [reactor-http-nio-12] DEBUG reactor.netty.http.client.HttpClientConnect - [id: 0x70cf3415, L:/127.0.0.1:50288 - R:localhost/127.0.0.1:8081] Handler is being applied: {uri=http://localhost:8081/getAttractions, method=GET}
20:40:47.035 [reactor-http-nio-11] DEBUG reactor.netty.http.client.HttpClientOperations - [id: 0xf4ffa1a5, L:/127.0.0.1:50267 - R:localhost/127.0.0.1:8081] Received response (auto-read:false) : [Content-Type=application/json, Transfer-Encoding=chunked, Date=Fri, 11 Jun 2021 15:10:46 GMT]
20:40:47.035 [reactor-http-nio-14] DEBUG org.springframework.core.codec.StringDecoder - [332ace7f] Decoded "[{"longitude":-117.922008,"latitude":33.817595,"attractionName":"Disneyland","city":"Anaheim","stat (truncated)...
20:40:47.035 [reactor-http-nio-14] DEBUG reactor.netty.resources.PooledConnectionProvider - [id: 0x37820d17, L:/127.0.0.1:50283 - R:localhost/127.0.0.1:8081] onStateChange(GET{uri=/getAttractions, connection=PooledConnection{channel=[id: 0x37820d17, L:/127.0.0.1:50283 - R:localhost/127.0.0.1:8081]}}, [disconnecting])
20:40:47.035 [reactor-http-nio-14] DEBUG reactor.netty.resources.PooledConnectionProvider - [id: 0x37820d17, L:/127.0.0.1:50283 - R:localhost/127.0.0.1:8081] Releasing channel
20:40:47.035 [reactor-http-nio-16] DEBUG reactor.netty.http.client.HttpClientOperations - [id: 0x33d4d541, L:/127.0.0.1:50281 - R:localhost/127.0.0.1:8081] Received response (auto-read:false) : [Content-Type=application/json, Transfer-Encoding=chunked, Date=Fri, 11 Jun 2021 15:10:46 GMT]
20:40:47.035 [reactor-http-nio-14] DEBUG reactor.netty.resources.PooledConnectionProvider - [id: 0x37820d17, L:/127.0.0.1:50283 - R:localhost/127.0.0.1:8081] Channel cleaned, now 23 active connections and 42 inactive connections
20:40:47.035 [reactor-http-nio-11] DEBUG reactor.netty.resources.PooledConnectionProvider - [id: 0xf4ffa1a5, L:/127.0.0.1:50267 - R:localhost/127.0.0.1:8081] onStateChange(GET{uri=/getUserLocation?userId=7a01899e-aef6-4bc9-8103-ba521a2216ed, connection=PooledConnection{channel=[id: 0xf4ffa1a5, L:/127.0.0.1:50267 - R:localhost/127.0.0.1:8081]}}, [response_received])
20:40:47.035 [reactor-http-nio-10] DEBUG org.springframework.web.reactive.function.client.ExchangeFunctions - [14a6dff] Response 200 OK
20:40:47.036 [reactor-http-nio-11] DEBUG org.springframework.web.reactive.function.client.ExchangeFunctions - [357d7cf1] Response 200 OK
20:40:47.036 [reactor-http-nio-15] DEBUG reactor.netty.http.client.HttpClientOperations - [id: 0x9e2c9a54, L:/127.0.0.1:50246 - R:localhost/127.0.0.1:8081] Received response (auto-read:false) : [Content-Type=application/json, Transfer-Encoding=chunked, Date=Fri, 11 Jun 2021 15:10:46 GMT]
20:40:47.036 [reactor-http-nio-15] DEBUG reactor.netty.resources.PooledConnectionProvider - [id: 0x9e2c9a54, L:/127.0.0.1:50246 - R:localhost/127.0.0.1:8081] onStateChange(GET{uri=/getUserLocation?userId=38b491e5-63bc-4217-a6f3-4e28c978a5af, connection=PooledConnection{channel=[id: 0x9e2c9a54, L:/127.0.0.1:50246 - R:localhost/127.0.0.1:8081]}}, [response_received])
20:40:47.036 [reactor-http-nio-12] DEBUG reactor.netty.resources.PooledConnectionProvider - [id: 0x70cf3415, L:/127.0.0.1:50288 - R:localhost/127.0.0.1:8081] onStateChange(GET{uri=/getAttractions, connection=PooledConnection{channel=[id: 0x70cf3415, L:/127.0.0.1:50288 - R:localhost/127.0.0.1:8081]}}, [request_sent])
20:40:47.036 [reactor-http-nio-15] DEBUG org.springframework.web.reactive.function.client.ExchangeFunctions - [79fd181f] Response 200 OK
20:40:47.036 [reactor-http-nio-14] DEBUG reactor.netty.http.client.HttpClientOperations - [id: 0xeea4a5eb, L:/127.0.0.1:50301 - R:localhost/127.0.0.1:8081] Received response (auto-read:false) : [Content-Type=application/json, Transfer-Encoding=chunked, Date=Fri, 11 Jun 2021 15:10:46 GMT]
20:40:47.035 [reactor-http-nio-16] DEBUG reactor.netty.resources.PooledConnectionProvider - [id: 0x33d4d541, L:/127.0.0.1:50281 - R:localhost/127.0.0.1:8081] onStateChange(GET{uri=/getAttractions, connection=PooledConnection{channel=[id: 0x33d4d541, L:/127.0.0.1:50281 - R:localhost/127.0.0.1:8081]}}, [response_received])
20:40:47.036 [reactor-http-nio-16] DEBUG org.springframework.web.reactive.function.client.ExchangeFunctions - [15d3747c] Response 200 OK
20:40:47.036 [reactor-http-nio-14] DEBUG reactor.netty.resources.PooledConnectionProvider - [id: 0xeea4a5eb, L:/127.0.0.1:50301 - R:localhost/127.0.0.1:8081] onStateChange(GET{uri=/getUserLocation?userId=f572ddc3-2507-4419-af89-7100750bb696, connection=PooledConnection{channel=[id: 0xeea4a5eb, L:/127.0.0.1:50301 - R:localhost/127.0.0.1:8081]}}, [response_received])
20:40:47.036 [reactor-http-nio-11] DEBUG reactor.netty.channel.FluxReceive - [id: 0xf4ffa1a5, L:/127.0.0.1:50267 - R:localhost/127.0.0.1:8081] Subscribing inbound receiver [pending: 0, cancelled:false, inboundDone: false]
20:40:47.036 [reactor-http-nio-16] DEBUG reactor.netty.channel.FluxReceive - [id: 0x33d4d541, L:/127.0.0.1:50281 - R:localhost/127.0.0.1:8081] Subscribing inbound receiver [pending: 0, cancelled:false, inboundDone: false]
20:40:47.036 [reactor-http-nio-14] DEBUG org.springframework.web.reactive.function.client.ExchangeFunctions - [169f848e] Response 200 OK
20:40:47.036 [reactor-http-nio-10] DEBUG reactor.netty.channel.FluxReceive - [id: 0x78591639, L:/127.0.0.1:50280 - R:localhost/127.0.0.1:8081] Subscribing inbound receiver [pending: 0, cancelled:false, inboundDone: false]
20:40:47.036 [reactor-http-nio-15] DEBUG reactor.netty.channel.FluxReceive - [id: 0x9e2c9a54, L:/127.0.0.1:50246 - R:localhost/127.0.0.1:8081] Subscribing inbound receiver [pending: 0, cancelled:false, inboundDone: false]
20:40:47.036 [reactor-http-nio-11] DEBUG reactor.netty.http.client.HttpClientOperations - [id: 0xf4ffa1a5, L:/127.0.0.1:50267 - R:localhost/127.0.0.1:8081] Received last HTTP packet
20:40:47.037 [reactor-http-nio-14] DEBUG reactor.netty.channel.FluxReceive - [id: 0xeea4a5eb, L:/127.0.0.1:50301 - R:localhost/127.0.0.1:8081] Subscribing inbound receiver [pending: 0, cancelled:false, inboundDone: false]
20:40:47.036 [reactor-http-nio-16] DEBUG reactor.netty.http.client.HttpClientOperations - [id: 0x33d4d541, L:/127.0.0.1:50281 - R:localhost/127.0.0.1:8081] Received last HTTP packet
20:40:47.037 [reactor-http-nio-15] DEBUG reactor.netty.http.client.HttpClientOperations - [id: 0x9e2c9a54, L:/127.0.0.1:50246 - R:localhost/127.0.0.1:8081] Received last HTTP packet
20:40:47.037 [reactor-http-nio-11] DEBUG org.springframework.core.codec.StringDecoder - [357d7cf1] Decoded "{"userId":"7a01899e-aef6-4bc9-8103-ba521a2216ed","location":{"longitude":-172.87335,"latitude":48.7 (truncated)...
20:40:47.037 [reactor-http-nio-13] DEBUG reactor.netty.http.client.HttpClientOperations - [id: 0xd31561fb, L:/127.0.0.1:50256 - R:localhost/127.0.0.1:8081] Received response (auto-read:false) : [Content-Type=application/json, Transfer-Encoding=chunked, Date=Fri, 11 Jun 2021 15:10:46 GMT]
20:40:47.037 [reactor-http-nio-14] DEBUG reactor.netty.http.client.HttpClientOperations - [id: 0xeea4a5eb, L:/127.0.0.1:50301 - R:localhost/127.0.0.1:8081] Received last HTTP packet
20:40:47.037 [reactor-http-nio-11] DEBUG reactor.netty.resources.PooledConnectionProvider - [id: 0xf4ffa1a5, L:/127.0.0.1:50267 - R:localhost/127.0.0.1:8081] onStateChange(GET{uri=/getUserLocation?userId=7a01899e-aef6-4bc9-8103-ba521a2216ed, connection=PooledConnection{channel=[id: 0xf4ffa1a5, L:/127.0.0.1:50267 - R:localhost/127.0.0.1:8081]}}, [disconnecting])
20:40:47.037 [reactor-http-nio-11] DEBUG reactor.netty.resources.PooledConnectionProvider - [id: 0xf4ffa1a5, L:/127.0.0.1:50267 - R:localhost/127.0.0.1:8081] Releasing channel
20:40:47.037 [reactor-http-nio-13] DEBUG reactor.netty.resources.PooledConnectionProvider - [id: 0xd31561fb, L:/127.0.0.1:50256 - R:localhost/127.0.0.1:8081] onStateChange(GET{uri=/getAttractions, connection=PooledConnection{channel=[id: 0xd31561fb, L:/127.0.0.1:50256 - R:localhost/127.0.0.1:8081]}}, [response_received])
20:40:47.037 [reactor-http-nio-14] DEBUG org.springframework.core.codec.StringDecoder - [169f848e] Decoded "{"userId":"f572ddc3-2507-4419-af89-7100750bb696","location":{"longitude":-174.63939,"latitude":27.5 (truncated)...
20:40:47.037 [reactor-http-nio-11] DEBUG reactor.netty.resources.PooledConnectionProvider - [id: 0xf4ffa1a5, L:/127.0.0.1:50267 - R:localhost/127.0.0.1:8081] Channel cleaned, now 22 active connections and 43 inactive connections
20:40:47.037 [reactor-http-nio-13] DEBUG org.springframework.web.reactive.function.client.ExchangeFunctions - [7971d34e] Response 200 OK
20:40:47.037 [reactor-http-nio-16] DEBUG org.springframework.core.codec.StringDecoder - [15d3747c] Decoded "[{"longitude":-117.922008,"latitude":33.817595,"attractionName":"Disneyland","city":"Anaheim","stat (truncated)...
20:40:47.037 [reactor-http-nio-16] DEBUG reactor.netty.resources.PooledConnectionProvider - [id: 0x33d4d541, L:/127.0.0.1:50281 - R:localhost/127.0.0.1:8081] onStateChange(GET{uri=/getAttractions, connection=PooledConnection{channel=[id: 0x33d4d541, L:/127.0.0.1:50281 - R:localhost/127.0.0.1:8081]}}, [disconnecting])
20:40:47.037 [reactor-http-nio-16] DEBUG reactor.netty.resources.PooledConnectionProvider - [id: 0x33d4d541, L:/127.0.0.1:50281 - R:localhost/127.0.0.1:8081] Releasing channel
20:40:47.037 [reactor-http-nio-16] DEBUG reactor.netty.resources.PooledConnectionProvider - [id: 0x33d4d541, L:/127.0.0.1:50281 - R:localhost/127.0.0.1:8081] Channel cleaned, now 21 active connections and 44 inactive connections
20:40:47.038 [reactor-http-nio-10] DEBUG reactor.netty.http.client.HttpClientOperations - [id: 0x78591639, L:/127.0.0.1:50280 - R:localhost/127.0.0.1:8081] Received last HTTP packet
20:40:47.037 [reactor-http-nio-14] DEBUG reactor.netty.resources.PooledConnectionProvider - [id: 0xeea4a5eb, L:/127.0.0.1:50301 - R:localhost/127.0.0.1:8081] onStateChange(GET{uri=/getUserLocation?userId=f572ddc3-2507-4419-af89-7100750bb696, connection=PooledConnection{channel=[id: 0xeea4a5eb, L:/127.0.0.1:50301 - R:localhost/127.0.0.1:8081]}}, [disconnecting])
20:40:47.038 [reactor-http-nio-14] DEBUG reactor.netty.resources.PooledConnectionProvider - [id: 0xeea4a5eb, L:/127.0.0.1:50301 - R:localhost/127.0.0.1:8081] Releasing channel
20:40:47.038 [reactor-http-nio-14] DEBUG reactor.netty.resources.PooledConnectionProvider - [id: 0xeea4a5eb, L:/127.0.0.1:50301 - R:localhost/127.0.0.1:8081] Channel cleaned, now 20 active connections and 45 inactive connections
20:40:47.038 [reactor-http-nio-16] DEBUG reactor.netty.http.client.HttpClientOperations - [id: 0x1e073caa, L:/127.0.0.1:50270 - R:localhost/127.0.0.1:8081] Received response (auto-read:false) : [Content-Type=application/json, Transfer-Encoding=chunked, Date=Fri, 11 Jun 2021 15:10:46 GMT]
20:40:47.038 [reactor-http-nio-16] DEBUG reactor.netty.resources.PooledConnectionProvider - [id: 0x1e073caa, L:/127.0.0.1:50270 - R:localhost/127.0.0.1:8081] onStateChange(GET{uri=/getAttractions, connection=PooledConnection{channel=[id: 0x1e073caa, L:/127.0.0.1:50270 - R:localhost/127.0.0.1:8081]}}, [response_received])
20:40:47.038 [reactor-http-nio-16] DEBUG org.springframework.web.reactive.function.client.ExchangeFunctions - [14b72d73] Response 200 OK
20:40:47.037 [reactor-http-nio-15] DEBUG org.springframework.core.codec.StringDecoder - [79fd181f] Decoded "{"userId":"38b491e5-63bc-4217-a6f3-4e28c978a5af","location":{"longitude":160.802764,"latitude":-49. (truncated)...
20:40:47.038 [reactor-http-nio-13] DEBUG reactor.netty.channel.FluxReceive - [id: 0xd31561fb, L:/127.0.0.1:50256 - R:localhost/127.0.0.1:8081] Subscribing inbound receiver [pending: 0, cancelled:false, inboundDone: false]
20:40:47.038 [reactor-http-nio-10] DEBUG org.springframework.core.codec.StringDecoder - [14a6dff] Decoded "[{"longitude":-117.922008,"latitude":33.817595,"attractionName":"Disneyland","city":"Anaheim","stat (truncated)...
20:40:47.038 [reactor-http-nio-10] DEBUG reactor.netty.resources.PooledConnectionProvider - [id: 0x78591639, L:/127.0.0.1:50280 - R:localhost/127.0.0.1:8081] onStateChange(GET{uri=/getAttractions, connection=PooledConnection{channel=[id: 0x78591639, L:/127.0.0.1:50280 - R:localhost/127.0.0.1:8081]}}, [disconnecting])
20:40:47.038 [reactor-http-nio-10] DEBUG reactor.netty.resources.PooledConnectionProvider - [id: 0x78591639, L:/127.0.0.1:50280 - R:localhost/127.0.0.1:8081] Releasing channel
20:40:47.038 [reactor-http-nio-10] DEBUG reactor.netty.resources.PooledConnectionProvider - [id: 0x78591639, L:/127.0.0.1:50280 - R:localhost/127.0.0.1:8081] Channel cleaned, now 19 active connections and 46 inactive connections
20:40:47.038 [reactor-http-nio-13] DEBUG reactor.netty.http.client.HttpClientOperations - [id: 0xd31561fb, L:/127.0.0.1:50256 - R:localhost/127.0.0.1:8081] Received last HTTP packet
20:40:47.038 [pool-12-thread-33] DEBUG org.springframework.web.reactive.function.client.ExchangeFunctions - [539d1839] HTTP GET http://localhost:8081/getAttractions
20:40:47.038 [pool-12-thread-63] DEBUG org.springframework.web.reactive.function.client.ExchangeFunctions - [707fe43a] HTTP GET http://localhost:8081/getAttractions
20:40:47.039 [reactor-http-nio-15] DEBUG reactor.netty.resources.PooledConnectionProvider - [id: 0x9e2c9a54, L:/127.0.0.1:50246 - R:localhost/127.0.0.1:8081] onStateChange(GET{uri=/getUserLocation?userId=38b491e5-63bc-4217-a6f3-4e28c978a5af, connection=PooledConnection{channel=[id: 0x9e2c9a54, L:/127.0.0.1:50246 - R:localhost/127.0.0.1:8081]}}, [disconnecting])
20:40:47.039 [reactor-http-nio-15] DEBUG reactor.netty.resources.PooledConnectionProvider - [id: 0x9e2c9a54, L:/127.0.0.1:50246 - R:localhost/127.0.0.1:8081] Releasing channel
20:40:47.039 [reactor-http-nio-15] DEBUG reactor.netty.resources.PooledConnectionProvider - [id: 0x9e2c9a54, L:/127.0.0.1:50246 - R:localhost/127.0.0.1:8081] Channel cleaned, now 18 active connections and 47 inactive connections
20:40:47.039 [reactor-http-nio-13] DEBUG org.springframework.core.codec.StringDecoder - [7971d34e] Decoded "[{"longitude":-117.922008,"latitude":33.817595,"attractionName":"Disneyland","city":"Anaheim","stat (truncated)...
20:40:47.039 [reactor-http-nio-13] DEBUG reactor.netty.resources.PooledConnectionProvider - [id: 0xd31561fb, L:/127.0.0.1:50256 - R:localhost/127.0.0.1:8081] onStateChange(GET{uri=/getAttractions, connection=PooledConnection{channel=[id: 0xd31561fb, L:/127.0.0.1:50256 - R:localhost/127.0.0.1:8081]}}, [disconnecting])
20:40:47.039 [reactor-http-nio-13] DEBUG reactor.netty.resources.PooledConnectionProvider - [id: 0xd31561fb, L:/127.0.0.1:50256 - R:localhost/127.0.0.1:8081] Releasing channel
20:40:47.039 [reactor-http-nio-13] DEBUG reactor.netty.resources.PooledConnectionProvider - [id: 0xd31561fb, L:/127.0.0.1:50256 - R:localhost/127.0.0.1:8081] Channel cleaned, now 17 active connections and 48 inactive connections
20:40:47.039 [reactor-http-nio-10] DEBUG reactor.netty.http.client.HttpClientOperations - [id: 0xfd5cebe1, L:/127.0.0.1:50290 - R:localhost/127.0.0.1:8081] Received response (auto-read:false) : [Content-Type=application/json, Transfer-Encoding=chunked, Date=Fri, 11 Jun 2021 15:10:46 GMT]
20:40:47.039 [reactor-http-nio-10] DEBUG reactor.netty.resources.PooledConnectionProvider - [id: 0xfd5cebe1, L:/127.0.0.1:50290 - R:localhost/127.0.0.1:8081] onStateChange(GET{uri=/getAttractions, connection=PooledConnection{channel=[id: 0xfd5cebe1, L:/127.0.0.1:50290 - R:localhost/127.0.0.1:8081]}}, [response_received])
20:40:47.039 [reactor-http-nio-15] DEBUG reactor.netty.resources.PooledConnectionProvider - [id: 0x70de3664, L:/127.0.0.1:50262 - R:localhost/127.0.0.1:8081] Channel acquired, now 18 active connections and 47 inactive connections
20:40:47.040 [reactor-http-nio-10] DEBUG org.springframework.web.reactive.function.client.ExchangeFunctions - [2139ba6] Response 200 OK
20:40:47.039 [reactor-http-nio-16] DEBUG reactor.netty.channel.FluxReceive - [id: 0x1e073caa, L:/127.0.0.1:50270 - R:localhost/127.0.0.1:8081] Subscribing inbound receiver [pending: 0, cancelled:false, inboundDone: false]
20:40:47.040 [reactor-http-nio-15] DEBUG reactor.netty.http.client.HttpClientConnect - [id: 0x70de3664, L:/127.0.0.1:50262 - R:localhost/127.0.0.1:8081] Handler is being applied: {uri=http://localhost:8081/getAttractions, method=GET}
20:40:47.040 [reactor-http-nio-11] DEBUG reactor.netty.http.client.HttpClientOperations - [id: 0xf8610755, L:/127.0.0.1:50285 - R:localhost/127.0.0.1:8081] Received response (auto-read:false) : [Content-Type=application/json, Transfer-Encoding=chunked, Date=Fri, 11 Jun 2021 15:10:46 GMT]
20:40:47.040 [reactor-http-nio-11] DEBUG reactor.netty.resources.PooledConnectionProvider - [id: 0xf8610755, L:/127.0.0.1:50285 - R:localhost/127.0.0.1:8081] onStateChange(GET{uri=/getUserLocation?userId=0a6c3708-dbbf-4f7b-82d5-d3df3ef74586, connection=PooledConnection{channel=[id: 0xf8610755, L:/127.0.0.1:50285 - R:localhost/127.0.0.1:8081]}}, [response_received])
20:40:47.040 [pool-12-thread-14] DEBUG org.springframework.web.reactive.function.client.ExchangeFunctions - [3cff8944] HTTP GET http://localhost:8081/getAttractions
20:40:47.040 [reactor-http-nio-11] DEBUG org.springframework.web.reactive.function.client.ExchangeFunctions - [611f62f6] Response 200 OK
20:40:47.040 [reactor-http-nio-10] DEBUG reactor.netty.channel.FluxReceive - [id: 0xfd5cebe1, L:/127.0.0.1:50290 - R:localhost/127.0.0.1:8081] Subscribing inbound receiver [pending: 0, cancelled:false, inboundDone: false]
20:40:47.040 [reactor-http-nio-12] DEBUG reactor.netty.http.client.HttpClientOperations - [id: 0x83103ed5, L:/127.0.0.1:50287 - R:localhost/127.0.0.1:8081] Received response (auto-read:false) : [Content-Type=application/json, Transfer-Encoding=chunked, Date=Fri, 11 Jun 2021 15:10:46 GMT]
20:40:47.040 [reactor-http-nio-11] DEBUG reactor.netty.channel.FluxReceive - [id: 0xf8610755, L:/127.0.0.1:50285 - R:localhost/127.0.0.1:8081] Subscribing inbound receiver [pending: 0, cancelled:false, inboundDone: false]
20:40:47.040 [reactor-http-nio-15] DEBUG reactor.netty.resources.PooledConnectionProvider - [id: 0x70de3664, L:/127.0.0.1:50262 - R:localhost/127.0.0.1:8081] onStateChange(GET{uri=/getAttractions, connection=PooledConnection{channel=[id: 0x70de3664, L:/127.0.0.1:50262 - R:localhost/127.0.0.1:8081]}}, [request_sent])
20:40:47.040 [reactor-http-nio-12] DEBUG reactor.netty.resources.PooledConnectionProvider - [id: 0x83103ed5, L:/127.0.0.1:50287 - R:localhost/127.0.0.1:8081] onStateChange(GET{uri=/getAttractions, connection=PooledConnection{channel=[id: 0x83103ed5, L:/127.0.0.1:50287 - R:localhost/127.0.0.1:8081]}}, [response_received])
20:40:47.040 [reactor-http-nio-10] DEBUG reactor.netty.http.client.HttpClientOperations - [id: 0xfd5cebe1, L:/127.0.0.1:50290 - R:localhost/127.0.0.1:8081] Received last HTTP packet
20:40:47.040 [reactor-http-nio-16] DEBUG reactor.netty.http.client.HttpClientOperations - [id: 0x1e073caa, L:/127.0.0.1:50270 - R:localhost/127.0.0.1:8081] Received last HTTP packet
20:40:47.040 [reactor-http-nio-11] DEBUG reactor.netty.http.client.HttpClientOperations - [id: 0xf8610755, L:/127.0.0.1:50285 - R:localhost/127.0.0.1:8081] Received last HTTP packet
20:40:47.040 [reactor-http-nio-11] DEBUG org.springframework.core.codec.StringDecoder - [611f62f6] Decoded "{"userId":"0a6c3708-dbbf-4f7b-82d5-d3df3ef74586","location":{"longitude":70.072676,"latitude":80.64 (truncated)...
20:40:47.040 [pool-11-thread-1] DEBUG org.springframework.web.reactive.function.client.ExchangeFunctions - [169bc835] HTTP GET http://localhost:8081/getUserLocation?userId=e61f0bb6-eeba-45ce-b75c-ecc1c01545a0
20:40:47.041 [reactor-http-nio-16] DEBUG org.springframework.core.codec.StringDecoder - [14b72d73] Decoded "[{"longitude":-117.922008,"latitude":33.817595,"attractionName":"Disneyland","city":"Anaheim","stat (truncated)...
20:40:47.040 [reactor-http-nio-12] DEBUG org.springframework.web.reactive.function.client.ExchangeFunctions - [d66de71] Response 200 OK
20:40:47.041 [reactor-http-nio-16] DEBUG reactor.netty.resources.PooledConnectionProvider - [id: 0x1e073caa, L:/127.0.0.1:50270 - R:localhost/127.0.0.1:8081] onStateChange(GET{uri=/getAttractions, connection=PooledConnection{channel=[id: 0x1e073caa, L:/127.0.0.1:50270 - R:localhost/127.0.0.1:8081]}}, [disconnecting])
20:40:47.041 [reactor-http-nio-16] DEBUG reactor.netty.resources.PooledConnectionProvider - [id: 0x1e073caa, L:/127.0.0.1:50270 - R:localhost/127.0.0.1:8081] Releasing channel
20:40:47.040 [reactor-http-nio-11] DEBUG reactor.netty.resources.PooledConnectionProvider - [id: 0xf8610755, L:/127.0.0.1:50285 - R:localhost/127.0.0.1:8081] onStateChange(GET{uri=/getUserLocation?userId=0a6c3708-dbbf-4f7b-82d5-d3df3ef74586, connection=PooledConnection{channel=[id: 0xf8610755, L:/127.0.0.1:50285 - R:localhost/127.0.0.1:8081]}}, [disconnecting])
20:40:47.041 [reactor-http-nio-11] DEBUG reactor.netty.resources.PooledConnectionProvider - [id: 0xf8610755, L:/127.0.0.1:50285 - R:localhost/127.0.0.1:8081] Releasing channel
20:40:47.041 [reactor-http-nio-10] DEBUG org.springframework.core.codec.StringDecoder - [2139ba6] Decoded "[{"longitude":-117.922008,"latitude":33.817595,"attractionName":"Disneyland","city":"Anaheim","stat (truncated)...
20:40:47.041 [reactor-http-nio-16] DEBUG reactor.netty.resources.PooledConnectionProvider - [id: 0x1e073caa, L:/127.0.0.1:50270 - R:localhost/127.0.0.1:8081] Channel cleaned, now 16 active connections and 49 inactive connections
20:40:47.041 [reactor-http-nio-10] DEBUG reactor.netty.resources.PooledConnectionProvider - [id: 0xfd5cebe1, L:/127.0.0.1:50290 - R:localhost/127.0.0.1:8081] onStateChange(GET{uri=/getAttractions, connection=PooledConnection{channel=[id: 0xfd5cebe1, L:/127.0.0.1:50290 - R:localhost/127.0.0.1:8081]}}, [disconnecting])
20:40:47.041 [reactor-http-nio-10] DEBUG reactor.netty.resources.PooledConnectionProvider - [id: 0xfd5cebe1, L:/127.0.0.1:50290 - R:localhost/127.0.0.1:8081] Releasing channel
20:40:47.041 [reactor-http-nio-10] DEBUG reactor.netty.resources.PooledConnectionProvider - [id: 0xfd5cebe1, L:/127.0.0.1:50290 - R:localhost/127.0.0.1:8081] Channel cleaned, now 15 active connections and 50 inactive connections
20:40:47.041 [reactor-http-nio-12] DEBUG reactor.netty.channel.FluxReceive - [id: 0x83103ed5, L:/127.0.0.1:50287 - R:localhost/127.0.0.1:8081] Subscribing inbound receiver [pending: 0, cancelled:false, inboundDone: false]
20:40:47.041 [reactor-http-nio-11] DEBUG reactor.netty.resources.PooledConnectionProvider - [id: 0xf8610755, L:/127.0.0.1:50285 - R:localhost/127.0.0.1:8081] Channel cleaned, now 17 active connections and 48 inactive connections
20:40:47.041 [reactor-http-nio-12] DEBUG reactor.netty.http.client.HttpClientOperations - [id: 0x83103ed5, L:/127.0.0.1:50287 - R:localhost/127.0.0.1:8081] Received last HTTP packet
20:40:47.042 [reactor-http-nio-10] DEBUG reactor.netty.http.client.HttpClientOperations - [id: 0x074029b1, L:/127.0.0.1:50304 - R:localhost/127.0.0.1:8081] Received response (auto-read:false) : [Content-Type=application/json, Transfer-Encoding=chunked, Date=Fri, 11 Jun 2021 15:10:46 GMT]
20:40:47.042 [reactor-http-nio-10] DEBUG reactor.netty.resources.PooledConnectionProvider - [id: 0x074029b1, L:/127.0.0.1:50304 - R:localhost/127.0.0.1:8081] onStateChange(GET{uri=/getUserLocation?userId=30ff6050-17e9-468c-a8a1-59371476fea0, connection=PooledConnection{channel=[id: 0x074029b1, L:/127.0.0.1:50304 - R:localhost/127.0.0.1:8081]}}, [response_received])
20:40:47.042 [reactor-http-nio-11] DEBUG reactor.netty.resources.PooledConnectionProvider - [id: 0x1785ce4e, L:/127.0.0.1:50271 - R:localhost/127.0.0.1:8081] Channel acquired, now 17 active connections and 48 inactive connections
20:40:47.042 [reactor-http-nio-10] DEBUG org.springframework.web.reactive.function.client.ExchangeFunctions - [66bf0a4] Response 200 OK
20:40:47.041 [reactor-http-nio-16] DEBUG reactor.netty.http.client.HttpClientOperations - [id: 0xa01a053c, L:/127.0.0.1:50244 - R:localhost/127.0.0.1:8081] Received response (auto-read:false) : [Content-Type=application/json, Transfer-Encoding=chunked, Date=Fri, 11 Jun 2021 15:10:46 GMT]
20:40:47.042 [reactor-http-nio-12] DEBUG org.springframework.core.codec.StringDecoder - [d66de71] Decoded "[{"longitude":-117.922008,"latitude":33.817595,"attractionName":"Disneyland","city":"Anaheim","stat (truncated)...
20:40:47.042 [reactor-http-nio-2] DEBUG reactor.netty.resources.PooledConnectionProvider - [id: 0x3355f769, L:/127.0.0.1:50264 - R:localhost/127.0.0.1:8081] Channel acquired, now 17 active connections and 48 inactive connections
20:40:47.042 [reactor-http-nio-12] DEBUG reactor.netty.resources.PooledConnectionProvider - [id: 0x83103ed5, L:/127.0.0.1:50287 - R:localhost/127.0.0.1:8081] onStateChange(GET{uri=/getAttractions, connection=PooledConnection{channel=[id: 0x83103ed5, L:/127.0.0.1:50287 - R:localhost/127.0.0.1:8081]}}, [disconnecting])
20:40:47.042 [reactor-http-nio-12] DEBUG reactor.netty.resources.PooledConnectionProvider - [id: 0x83103ed5, L:/127.0.0.1:50287 - R:localhost/127.0.0.1:8081] Releasing channel
20:40:47.042 [reactor-http-nio-11] DEBUG reactor.netty.http.client.HttpClientConnect - [id: 0x1785ce4e, L:/127.0.0.1:50271 - R:localhost/127.0.0.1:8081] Handler is being applied: {uri=http://localhost:8081/getAttractions, method=GET}
20:40:47.042 [pool-12-thread-53] DEBUG org.springframework.web.reactive.function.client.ExchangeFunctions - [241de0b1] HTTP GET http://localhost:8081/getAttractions
20:40:47.042 [reactor-http-nio-2] DEBUG reactor.netty.http.client.HttpClientConnect - [id: 0x3355f769, L:/127.0.0.1:50264 - R:localhost/127.0.0.1:8081] Handler is being applied: {uri=http://localhost:8081/getAttractions, method=GET}
20:40:47.042 [reactor-http-nio-12] DEBUG reactor.netty.resources.PooledConnectionProvider - [id: 0x83103ed5, L:/127.0.0.1:50287 - R:localhost/127.0.0.1:8081] Channel cleaned, now 16 active connections and 49 inactive connections
20:40:47.042 [reactor-http-nio-16] DEBUG reactor.netty.resources.PooledConnectionProvider - [id: 0xa01a053c, L:/127.0.0.1:50244 - R:localhost/127.0.0.1:8081] onStateChange(GET{uri=/getAttractions, connection=PooledConnection{channel=[id: 0xa01a053c, L:/127.0.0.1:50244 - R:localhost/127.0.0.1:8081]}}, [response_received])
20:40:47.042 [reactor-http-nio-10] DEBUG reactor.netty.channel.FluxReceive - [id: 0x074029b1, L:/127.0.0.1:50304 - R:localhost/127.0.0.1:8081] Subscribing inbound receiver [pending: 0, cancelled:false, inboundDone: false]
20:40:47.042 [reactor-http-nio-15] DEBUG reactor.netty.resources.PooledConnectionProvider - [id: 0xb80ff19f, L:/127.0.0.1:50284 - R:localhost/127.0.0.1:8081] Channel acquired, now 17 active connections and 48 inactive connections
20:40:47.042 [reactor-http-nio-16] DEBUG org.springframework.web.reactive.function.client.ExchangeFunctions - [6ea7be64] Response 200 OK
20:40:47.043 [reactor-http-nio-15] DEBUG reactor.netty.http.client.HttpClientConnect - [id: 0xb80ff19f, L:/127.0.0.1:50284 - R:localhost/127.0.0.1:8081] Handler is being applied: {uri=http://localhost:8081/getUserLocation?userId=e61f0bb6-eeba-45ce-b75c-ecc1c01545a0, method=GET}
20:40:47.043 [reactor-http-nio-12] DEBUG reactor.netty.http.client.HttpClientOperations - [id: 0x9b24452d, L:/127.0.0.1:50265 - R:localhost/127.0.0.1:8081] Received response (auto-read:false) : [Content-Type=application/json, Transfer-Encoding=chunked, Date=Fri, 11 Jun 2021 15:10:46 GMT]
20:40:47.043 [reactor-http-nio-12] DEBUG reactor.netty.resources.PooledConnectionProvider - [id: 0x9b24452d, L:/127.0.0.1:50265 - R:localhost/127.0.0.1:8081] onStateChange(GET{uri=/getAttractions, connection=PooledConnection{channel=[id: 0x9b24452d, L:/127.0.0.1:50265 - R:localhost/127.0.0.1:8081]}}, [response_received])
20:40:47.043 [reactor-http-nio-11] DEBUG reactor.netty.resources.PooledConnectionProvider - [id: 0x1785ce4e, L:/127.0.0.1:50271 - R:localhost/127.0.0.1:8081] onStateChange(GET{uri=/getAttractions, connection=PooledConnection{channel=[id: 0x1785ce4e, L:/127.0.0.1:50271 - R:localhost/127.0.0.1:8081]}}, [request_sent])
20:40:47.043 [reactor-http-nio-2] DEBUG reactor.netty.resources.PooledConnectionProvider - [id: 0x3355f769, L:/127.0.0.1:50264 - R:localhost/127.0.0.1:8081] onStateChange(GET{uri=/getAttractions, connection=PooledConnection{channel=[id: 0x3355f769, L:/127.0.0.1:50264 - R:localhost/127.0.0.1:8081]}}, [request_sent])
20:40:47.043 [reactor-http-nio-12] DEBUG org.springframework.web.reactive.function.client.ExchangeFunctions - [7a13060] Response 200 OK
20:40:47.043 [reactor-http-nio-10] DEBUG reactor.netty.http.client.HttpClientOperations - [id: 0x074029b1, L:/127.0.0.1:50304 - R:localhost/127.0.0.1:8081] Received last HTTP packet
20:40:47.043 [reactor-http-nio-14] DEBUG reactor.netty.resources.PooledConnectionProvider - [id: 0xe42ed116, L:/127.0.0.1:50253 - R:localhost/127.0.0.1:8081] Channel acquired, now 18 active connections and 47 inactive connections
20:40:47.043 [reactor-http-nio-10] DEBUG org.springframework.core.codec.StringDecoder - [66bf0a4] Decoded "{"userId":"30ff6050-17e9-468c-a8a1-59371476fea0","location":{"longitude":20.278715,"latitude":75.13 (truncated)...
20:40:47.043 [reactor-http-nio-16] DEBUG reactor.netty.channel.FluxReceive - [id: 0xa01a053c, L:/127.0.0.1:50244 - R:localhost/127.0.0.1:8081] Subscribing inbound receiver [pending: 0, cancelled:false, inboundDone: false]
20:40:47.043 [reactor-http-nio-10] DEBUG reactor.netty.resources.PooledConnectionProvider - [id: 0x074029b1, L:/127.0.0.1:50304 - R:localhost/127.0.0.1:8081] onStateChange(GET{uri=/getUserLocation?userId=30ff6050-17e9-468c-a8a1-59371476fea0, connection=PooledConnection{channel=[id: 0x074029b1, L:/127.0.0.1:50304 - R:localhost/127.0.0.1:8081]}}, [disconnecting])
20:40:47.043 [reactor-http-nio-10] DEBUG reactor.netty.resources.PooledConnectionProvider - [id: 0x074029b1, L:/127.0.0.1:50304 - R:localhost/127.0.0.1:8081] Releasing channel
20:40:47.043 [reactor-http-nio-10] DEBUG reactor.netty.resources.PooledConnectionProvider - [id: 0x074029b1, L:/127.0.0.1:50304 - R:localhost/127.0.0.1:8081] Channel cleaned, now 17 active connections and 48 inactive connections
20:40:47.043 [reactor-http-nio-15] DEBUG reactor.netty.resources.PooledConnectionProvider - [id: 0xb80ff19f, L:/127.0.0.1:50284 - R:localhost/127.0.0.1:8081] onStateChange(GET{uri=/getUserLocation?userId=e61f0bb6-eeba-45ce-b75c-ecc1c01545a0, connection=PooledConnection{channel=[id: 0xb80ff19f, L:/127.0.0.1:50284 - R:localhost/127.0.0.1:8081]}}, [request_sent])
20:40:47.043 [reactor-http-nio-14] DEBUG reactor.netty.http.client.HttpClientConnect - [id: 0xe42ed116, L:/127.0.0.1:50253 - R:localhost/127.0.0.1:8081] Handler is being applied: {uri=http://localhost:8081/getAttractions, method=GET}
20:40:47.043 [reactor-http-nio-12] DEBUG reactor.netty.channel.FluxReceive - [id: 0x9b24452d, L:/127.0.0.1:50265 - R:localhost/127.0.0.1:8081] Subscribing inbound receiver [pending: 0, cancelled:false, inboundDone: false]
20:40:47.044 [reactor-http-nio-16] DEBUG reactor.netty.http.client.HttpClientOperations - [id: 0xa01a053c, L:/127.0.0.1:50244 - R:localhost/127.0.0.1:8081] Received last HTTP packet
20:40:47.044 [reactor-http-nio-10] DEBUG reactor.netty.http.client.HttpClientOperations - [id: 0xeb8d3006, L:/127.0.0.1:50297 - R:localhost/127.0.0.1:8081] Received response (auto-read:false) : [Content-Type=application/json, Transfer-Encoding=chunked, Date=Fri, 11 Jun 2021 15:10:46 GMT]
20:40:47.044 [reactor-http-nio-10] DEBUG reactor.netty.resources.PooledConnectionProvider - [id: 0xeb8d3006, L:/127.0.0.1:50297 - R:localhost/127.0.0.1:8081] onStateChange(GET{uri=/getAttractions, connection=PooledConnection{channel=[id: 0xeb8d3006, L:/127.0.0.1:50297 - R:localhost/127.0.0.1:8081]}}, [response_received])
20:40:47.044 [reactor-http-nio-12] DEBUG reactor.netty.http.client.HttpClientOperations - [id: 0x9b24452d, L:/127.0.0.1:50265 - R:localhost/127.0.0.1:8081] Received last HTTP packet
20:40:47.044 [reactor-http-nio-10] DEBUG org.springframework.web.reactive.function.client.ExchangeFunctions - [1c7abcd] Response 200 OK
20:40:47.044 [reactor-http-nio-12] DEBUG org.springframework.core.codec.StringDecoder - [7a13060] Decoded "[{"longitude":-117.922008,"latitude":33.817595,"attractionName":"Disneyland","city":"Anaheim","stat (truncated)...
20:40:47.044 [reactor-http-nio-12] DEBUG reactor.netty.resources.PooledConnectionProvider - [id: 0x9b24452d, L:/127.0.0.1:50265 - R:localhost/127.0.0.1:8081] onStateChange(GET{uri=/getAttractions, connection=PooledConnection{channel=[id: 0x9b24452d, L:/127.0.0.1:50265 - R:localhost/127.0.0.1:8081]}}, [disconnecting])
20:40:47.044 [reactor-http-nio-12] DEBUG reactor.netty.resources.PooledConnectionProvider - [id: 0x9b24452d, L:/127.0.0.1:50265 - R:localhost/127.0.0.1:8081] Releasing channel
20:40:47.044 [reactor-http-nio-12] DEBUG reactor.netty.resources.PooledConnectionProvider - [id: 0x9b24452d, L:/127.0.0.1:50265 - R:localhost/127.0.0.1:8081] Channel cleaned, now 16 active connections and 49 inactive connections
20:40:47.044 [reactor-http-nio-10] DEBUG reactor.netty.channel.FluxReceive - [id: 0xeb8d3006, L:/127.0.0.1:50297 - R:localhost/127.0.0.1:8081] Subscribing inbound receiver [pending: 0, cancelled:false, inboundDone: false]
20:40:47.044 [reactor-http-nio-14] DEBUG reactor.netty.resources.PooledConnectionProvider - [id: 0xe42ed116, L:/127.0.0.1:50253 - R:localhost/127.0.0.1:8081] onStateChange(GET{uri=/getAttractions, connection=PooledConnection{channel=[id: 0xe42ed116, L:/127.0.0.1:50253 - R:localhost/127.0.0.1:8081]}}, [request_sent])
20:40:47.045 [pool-12-thread-16] DEBUG org.springframework.web.reactive.function.client.ExchangeFunctions - [43696e0d] HTTP GET http://localhost:8081/getAttractions
20:40:47.045 [reactor-http-nio-10] DEBUG reactor.netty.http.client.HttpClientOperations - [id: 0xeb8d3006, L:/127.0.0.1:50297 - R:localhost/127.0.0.1:8081] Received last HTTP packet
20:40:47.045 [reactor-http-nio-16] DEBUG org.springframework.core.codec.StringDecoder - [6ea7be64] Decoded "[{"longitude":-117.922008,"latitude":33.817595,"attractionName":"Disneyland","city":"Anaheim","stat (truncated)...
20:40:47.045 [reactor-http-nio-16] DEBUG reactor.netty.resources.PooledConnectionProvider - [id: 0xa01a053c, L:/127.0.0.1:50244 - R:localhost/127.0.0.1:8081] onStateChange(GET{uri=/getAttractions, connection=PooledConnection{channel=[id: 0xa01a053c, L:/127.0.0.1:50244 - R:localhost/127.0.0.1:8081]}}, [disconnecting])
20:40:47.045 [reactor-http-nio-16] DEBUG reactor.netty.resources.PooledConnectionProvider - [id: 0xa01a053c, L:/127.0.0.1:50244 - R:localhost/127.0.0.1:8081] Releasing channel
20:40:47.045 [reactor-http-nio-16] DEBUG reactor.netty.resources.PooledConnectionProvider - [id: 0xa01a053c, L:/127.0.0.1:50244 - R:localhost/127.0.0.1:8081] Channel cleaned, now 15 active connections and 50 inactive connections
20:40:47.045 [reactor-http-nio-10] DEBUG org.springframework.core.codec.StringDecoder - [1c7abcd] Decoded "[{"longitude":-117.922008,"latitude":33.817595,"attractionName":"Disneyland","city":"Anaheim","stat (truncated)...
20:40:47.046 [reactor-http-nio-10] DEBUG reactor.netty.resources.PooledConnectionProvider - [id: 0xeb8d3006, L:/127.0.0.1:50297 - R:localhost/127.0.0.1:8081] onStateChange(GET{uri=/getAttractions, connection=PooledConnection{channel=[id: 0xeb8d3006, L:/127.0.0.1:50297 - R:localhost/127.0.0.1:8081]}}, [disconnecting])
20:40:47.046 [reactor-http-nio-10] DEBUG reactor.netty.resources.PooledConnectionProvider - [id: 0xeb8d3006, L:/127.0.0.1:50297 - R:localhost/127.0.0.1:8081] Releasing channel
20:40:47.046 [reactor-http-nio-10] DEBUG reactor.netty.resources.PooledConnectionProvider - [id: 0xeb8d3006, L:/127.0.0.1:50297 - R:localhost/127.0.0.1:8081] Channel cleaned, now 14 active connections and 51 inactive connections
20:40:47.046 [reactor-http-nio-10] DEBUG reactor.netty.resources.PooledConnectionProvider - [id: 0x2c66aa2f, L:/127.0.0.1:50251 - R:localhost/127.0.0.1:8081] Channel acquired, now 15 active connections and 50 inactive connections
20:40:47.046 [reactor-http-nio-10] DEBUG reactor.netty.http.client.HttpClientConnect - [id: 0x2c66aa2f, L:/127.0.0.1:50251 - R:localhost/127.0.0.1:8081] Handler is being applied: {uri=http://localhost:8081/getAttractions, method=GET}
20:40:47.047 [reactor-http-nio-10] DEBUG reactor.netty.resources.PooledConnectionProvider - [id: 0x2c66aa2f, L:/127.0.0.1:50251 - R:localhost/127.0.0.1:8081] onStateChange(GET{uri=/getAttractions, connection=PooledConnection{channel=[id: 0x2c66aa2f, L:/127.0.0.1:50251 - R:localhost/127.0.0.1:8081]}}, [request_sent])
20:40:47.047 [reactor-http-nio-12] DEBUG reactor.netty.http.client.HttpClientOperations - [id: 0x70cf3415, L:/127.0.0.1:50288 - R:localhost/127.0.0.1:8081] Received response (auto-read:false) : [Content-Type=application/json, Transfer-Encoding=chunked, Date=Fri, 11 Jun 2021 15:10:46 GMT]
20:40:47.047 [reactor-http-nio-13] DEBUG reactor.netty.http.client.HttpClientOperations - [id: 0x7744abeb, L:/127.0.0.1:50286 - R:localhost/127.0.0.1:8081] Received response (auto-read:false) : [Content-Type=application/json, Transfer-Encoding=chunked, Date=Fri, 11 Jun 2021 15:10:46 GMT]
20:40:47.047 [reactor-http-nio-16] DEBUG reactor.netty.http.client.HttpClientOperations - [id: 0x2be3660e, L:/127.0.0.1:50282 - R:localhost/127.0.0.1:8081] Received response (auto-read:false) : [Content-Type=application/json, Transfer-Encoding=chunked, Date=Fri, 11 Jun 2021 15:10:46 GMT]
20:40:47.047 [reactor-http-nio-12] DEBUG reactor.netty.resources.PooledConnectionProvider - [id: 0x70cf3415, L:/127.0.0.1:50288 - R:localhost/127.0.0.1:8081] onStateChange(GET{uri=/getAttractions, connection=PooledConnection{channel=[id: 0x70cf3415, L:/127.0.0.1:50288 - R:localhost/127.0.0.1:8081]}}, [response_received])
20:40:47.048 [reactor-http-nio-16] DEBUG reactor.netty.resources.PooledConnectionProvider - [id: 0x2be3660e, L:/127.0.0.1:50282 - R:localhost/127.0.0.1:8081] onStateChange(GET{uri=/getUserLocation?userId=901c6426-f84c-4080-bede-32acc4f07893, connection=PooledConnection{channel=[id: 0x2be3660e, L:/127.0.0.1:50282 - R:localhost/127.0.0.1:8081]}}, [response_received])
20:40:47.048 [reactor-http-nio-13] DEBUG reactor.netty.resources.PooledConnectionProvider - [id: 0x7744abeb, L:/127.0.0.1:50286 - R:localhost/127.0.0.1:8081] onStateChange(GET{uri=/getUserLocation?userId=ce120466-7fc3-4527-acdd-96bfc2d97ae2, connection=PooledConnection{channel=[id: 0x7744abeb, L:/127.0.0.1:50286 - R:localhost/127.0.0.1:8081]}}, [response_received])
20:40:47.048 [reactor-http-nio-12] DEBUG org.springframework.web.reactive.function.client.ExchangeFunctions - [18d7a1d6] Response 200 OK
20:40:47.048 [reactor-http-nio-16] DEBUG org.springframework.web.reactive.function.client.ExchangeFunctions - [7068bb52] Response 200 OK
20:40:47.048 [reactor-http-nio-13] DEBUG org.springframework.web.reactive.function.client.ExchangeFunctions - [a00f369] Response 200 OK
20:40:47.048 [reactor-http-nio-16] DEBUG reactor.netty.channel.FluxReceive - [id: 0x2be3660e, L:/127.0.0.1:50282 - R:localhost/127.0.0.1:8081] Subscribing inbound receiver [pending: 0, cancelled:false, inboundDone: false]
20:40:47.048 [reactor-http-nio-12] DEBUG reactor.netty.channel.FluxReceive - [id: 0x70cf3415, L:/127.0.0.1:50288 - R:localhost/127.0.0.1:8081] Subscribing inbound receiver [pending: 0, cancelled:false, inboundDone: false]
20:40:47.048 [reactor-http-nio-13] DEBUG reactor.netty.channel.FluxReceive - [id: 0x7744abeb, L:/127.0.0.1:50286 - R:localhost/127.0.0.1:8081] Subscribing inbound receiver [pending: 0, cancelled:false, inboundDone: false]
20:40:47.048 [reactor-http-nio-16] DEBUG reactor.netty.http.client.HttpClientOperations - [id: 0x2be3660e, L:/127.0.0.1:50282 - R:localhost/127.0.0.1:8081] Received last HTTP packet
20:40:47.048 [reactor-http-nio-13] DEBUG reactor.netty.http.client.HttpClientOperations - [id: 0x7744abeb, L:/127.0.0.1:50286 - R:localhost/127.0.0.1:8081] Received last HTTP packet
20:40:47.048 [reactor-http-nio-12] DEBUG reactor.netty.http.client.HttpClientOperations - [id: 0x70cf3415, L:/127.0.0.1:50288 - R:localhost/127.0.0.1:8081] Received last HTTP packet
20:40:47.048 [reactor-http-nio-16] DEBUG org.springframework.core.codec.StringDecoder - [7068bb52] Decoded "{"userId":"901c6426-f84c-4080-bede-32acc4f07893","location":{"longitude":55.261404,"latitude":24.69 (truncated)...
20:40:47.048 [reactor-http-nio-13] DEBUG org.springframework.core.codec.StringDecoder - [a00f369] Decoded "{"userId":"ce120466-7fc3-4527-acdd-96bfc2d97ae2","location":{"longitude":-153.747523,"latitude":44. (truncated)...
20:40:47.048 [reactor-http-nio-16] DEBUG reactor.netty.resources.PooledConnectionProvider - [id: 0x2be3660e, L:/127.0.0.1:50282 - R:localhost/127.0.0.1:8081] onStateChange(GET{uri=/getUserLocation?userId=901c6426-f84c-4080-bede-32acc4f07893, connection=PooledConnection{channel=[id: 0x2be3660e, L:/127.0.0.1:50282 - R:localhost/127.0.0.1:8081]}}, [disconnecting])
20:40:47.048 [reactor-http-nio-16] DEBUG reactor.netty.resources.PooledConnectionProvider - [id: 0x2be3660e, L:/127.0.0.1:50282 - R:localhost/127.0.0.1:8081] Releasing channel
20:40:47.049 [reactor-http-nio-16] DEBUG reactor.netty.resources.PooledConnectionProvider - [id: 0x2be3660e, L:/127.0.0.1:50282 - R:localhost/127.0.0.1:8081] Channel cleaned, now 14 active connections and 51 inactive connections
20:40:47.049 [reactor-http-nio-13] DEBUG reactor.netty.resources.PooledConnectionProvider - [id: 0x7744abeb, L:/127.0.0.1:50286 - R:localhost/127.0.0.1:8081] onStateChange(GET{uri=/getUserLocation?userId=ce120466-7fc3-4527-acdd-96bfc2d97ae2, connection=PooledConnection{channel=[id: 0x7744abeb, L:/127.0.0.1:50286 - R:localhost/127.0.0.1:8081]}}, [disconnecting])
20:40:47.049 [reactor-http-nio-13] DEBUG reactor.netty.resources.PooledConnectionProvider - [id: 0x7744abeb, L:/127.0.0.1:50286 - R:localhost/127.0.0.1:8081] Releasing channel
20:40:47.049 [reactor-http-nio-13] DEBUG reactor.netty.resources.PooledConnectionProvider - [id: 0x7744abeb, L:/127.0.0.1:50286 - R:localhost/127.0.0.1:8081] Channel cleaned, now 13 active connections and 52 inactive connections
20:40:47.049 [reactor-http-nio-12] DEBUG org.springframework.core.codec.StringDecoder - [18d7a1d6] Decoded "[{"longitude":-117.922008,"latitude":33.817595,"attractionName":"Disneyland","city":"Anaheim","stat (truncated)...
20:40:47.049 [reactor-http-nio-12] DEBUG reactor.netty.resources.PooledConnectionProvider - [id: 0x70cf3415, L:/127.0.0.1:50288 - R:localhost/127.0.0.1:8081] onStateChange(GET{uri=/getAttractions, connection=PooledConnection{channel=[id: 0x70cf3415, L:/127.0.0.1:50288 - R:localhost/127.0.0.1:8081]}}, [disconnecting])
20:40:47.049 [reactor-http-nio-12] DEBUG reactor.netty.resources.PooledConnectionProvider - [id: 0x70cf3415, L:/127.0.0.1:50288 - R:localhost/127.0.0.1:8081] Releasing channel
20:40:47.049 [reactor-http-nio-12] DEBUG reactor.netty.resources.PooledConnectionProvider - [id: 0x70cf3415, L:/127.0.0.1:50288 - R:localhost/127.0.0.1:8081] Channel cleaned, now 12 active connections and 53 inactive connections
20:40:47.050 [pool-12-thread-8] DEBUG org.springframework.web.reactive.function.client.ExchangeFunctions - [356a2b3b] HTTP GET http://localhost:8081/getAttractions
20:40:47.050 [pool-12-thread-48] DEBUG org.springframework.web.reactive.function.client.ExchangeFunctions - [4f026c4d] HTTP GET http://localhost:8081/getAttractions
20:40:47.050 [reactor-http-nio-16] DEBUG reactor.netty.resources.PooledConnectionProvider - [id: 0x4ab47f8c, L:/127.0.0.1:50291 - R:localhost/127.0.0.1:8081] Channel acquired, now 13 active connections and 52 inactive connections
20:40:47.050 [reactor-http-nio-16] DEBUG reactor.netty.http.client.HttpClientConnect - [id: 0x4ab47f8c, L:/127.0.0.1:50291 - R:localhost/127.0.0.1:8081] Handler is being applied: {uri=http://localhost:8081/getAttractions, method=GET}
20:40:47.051 [reactor-http-nio-16] DEBUG reactor.netty.resources.PooledConnectionProvider - [id: 0x4ab47f8c, L:/127.0.0.1:50291 - R:localhost/127.0.0.1:8081] onStateChange(GET{uri=/getAttractions, connection=PooledConnection{channel=[id: 0x4ab47f8c, L:/127.0.0.1:50291 - R:localhost/127.0.0.1:8081]}}, [request_sent])
20:40:47.051 [reactor-http-nio-14] DEBUG reactor.netty.resources.PooledConnectionProvider - [id: 0x281b17dd, L:/127.0.0.1:50294 - R:localhost/127.0.0.1:8081] Channel acquired, now 14 active connections and 51 inactive connections
20:40:47.051 [reactor-http-nio-14] DEBUG reactor.netty.http.client.HttpClientConnect - [id: 0x281b17dd, L:/127.0.0.1:50294 - R:localhost/127.0.0.1:8081] Handler is being applied: {uri=http://localhost:8081/getAttractions, method=GET}
20:40:47.051 [reactor-http-nio-15] DEBUG reactor.netty.http.client.HttpClientOperations - [id: 0xd82da432, L:/127.0.0.1:50272 - R:localhost/127.0.0.1:8081] Received response (auto-read:false) : [Content-Type=application/json, Transfer-Encoding=chunked, Date=Fri, 11 Jun 2021 15:10:46 GMT]
20:40:47.051 [reactor-http-nio-15] DEBUG reactor.netty.resources.PooledConnectionProvider - [id: 0xd82da432, L:/127.0.0.1:50272 - R:localhost/127.0.0.1:8081] onStateChange(GET{uri=/getUserLocation?userId=ed11bd43-a995-40f7-bf02-33f3d9afdf12, connection=PooledConnection{channel=[id: 0xd82da432, L:/127.0.0.1:50272 - R:localhost/127.0.0.1:8081]}}, [response_received])
20:40:47.051 [reactor-http-nio-15] DEBUG org.springframework.web.reactive.function.client.ExchangeFunctions - [21e1621b] Response 200 OK
20:40:47.051 [reactor-http-nio-14] DEBUG reactor.netty.resources.PooledConnectionProvider - [id: 0x281b17dd, L:/127.0.0.1:50294 - R:localhost/127.0.0.1:8081] onStateChange(GET{uri=/getAttractions, connection=PooledConnection{channel=[id: 0x281b17dd, L:/127.0.0.1:50294 - R:localhost/127.0.0.1:8081]}}, [request_sent])
20:40:47.052 [reactor-http-nio-15] DEBUG reactor.netty.channel.FluxReceive - [id: 0xd82da432, L:/127.0.0.1:50272 - R:localhost/127.0.0.1:8081] Subscribing inbound receiver [pending: 0, cancelled:false, inboundDone: false]
20:40:47.052 [reactor-http-nio-15] DEBUG reactor.netty.http.client.HttpClientOperations - [id: 0xd82da432, L:/127.0.0.1:50272 - R:localhost/127.0.0.1:8081] Received last HTTP packet
20:40:47.052 [reactor-http-nio-15] DEBUG org.springframework.core.codec.StringDecoder - [21e1621b] Decoded "{"userId":"ed11bd43-a995-40f7-bf02-33f3d9afdf12","location":{"longitude":70.075107,"latitude":-75.7 (truncated)...
20:40:47.052 [reactor-http-nio-15] DEBUG reactor.netty.resources.PooledConnectionProvider - [id: 0xd82da432, L:/127.0.0.1:50272 - R:localhost/127.0.0.1:8081] onStateChange(GET{uri=/getUserLocation?userId=ed11bd43-a995-40f7-bf02-33f3d9afdf12, connection=PooledConnection{channel=[id: 0xd82da432, L:/127.0.0.1:50272 - R:localhost/127.0.0.1:8081]}}, [disconnecting])
20:40:47.052 [reactor-http-nio-15] DEBUG reactor.netty.resources.PooledConnectionProvider - [id: 0xd82da432, L:/127.0.0.1:50272 - R:localhost/127.0.0.1:8081] Releasing channel
20:40:47.052 [reactor-http-nio-15] DEBUG reactor.netty.resources.PooledConnectionProvider - [id: 0xd82da432, L:/127.0.0.1:50272 - R:localhost/127.0.0.1:8081] Channel cleaned, now 13 active connections and 52 inactive connections
20:40:47.052 [reactor-http-nio-15] DEBUG reactor.netty.http.client.HttpClientOperations - [id: 0x70de3664, L:/127.0.0.1:50262 - R:localhost/127.0.0.1:8081] Received response (auto-read:false) : [Content-Type=application/json, Transfer-Encoding=chunked, Date=Fri, 11 Jun 2021 15:10:46 GMT]
20:40:47.053 [reactor-http-nio-15] DEBUG reactor.netty.resources.PooledConnectionProvider - [id: 0x70de3664, L:/127.0.0.1:50262 - R:localhost/127.0.0.1:8081] onStateChange(GET{uri=/getAttractions, connection=PooledConnection{channel=[id: 0x70de3664, L:/127.0.0.1:50262 - R:localhost/127.0.0.1:8081]}}, [response_received])
20:40:47.053 [reactor-http-nio-15] DEBUG org.springframework.web.reactive.function.client.ExchangeFunctions - [707fe43a] Response 200 OK
20:40:47.053 [reactor-http-nio-15] DEBUG reactor.netty.channel.FluxReceive - [id: 0x70de3664, L:/127.0.0.1:50262 - R:localhost/127.0.0.1:8081] Subscribing inbound receiver [pending: 0, cancelled:false, inboundDone: false]
20:40:47.053 [pool-12-thread-24] DEBUG org.springframework.web.reactive.function.client.ExchangeFunctions - [64e3e843] HTTP GET http://localhost:8081/getAttractions
20:40:47.053 [reactor-http-nio-15] DEBUG reactor.netty.http.client.HttpClientOperations - [id: 0x70de3664, L:/127.0.0.1:50262 - R:localhost/127.0.0.1:8081] Received last HTTP packet
20:40:47.053 [reactor-http-nio-10] DEBUG reactor.netty.resources.PooledConnectionProvider - [id: 0x2a5ccfca, L:/127.0.0.1:50306 - R:localhost/127.0.0.1:8081] Channel acquired, now 14 active connections and 51 inactive connections
20:40:47.053 [reactor-http-nio-10] DEBUG reactor.netty.http.client.HttpClientConnect - [id: 0x2a5ccfca, L:/127.0.0.1:50306 - R:localhost/127.0.0.1:8081] Handler is being applied: {uri=http://localhost:8081/getAttractions, method=GET}
20:40:47.054 [reactor-http-nio-15] DEBUG org.springframework.core.codec.StringDecoder - [707fe43a] Decoded "[{"longitude":-117.922008,"latitude":33.817595,"attractionName":"Disneyland","city":"Anaheim","stat (truncated)...
20:40:47.054 [reactor-http-nio-15] DEBUG reactor.netty.resources.PooledConnectionProvider - [id: 0x70de3664, L:/127.0.0.1:50262 - R:localhost/127.0.0.1:8081] onStateChange(GET{uri=/getAttractions, connection=PooledConnection{channel=[id: 0x70de3664, L:/127.0.0.1:50262 - R:localhost/127.0.0.1:8081]}}, [disconnecting])
20:40:47.054 [reactor-http-nio-15] DEBUG reactor.netty.resources.PooledConnectionProvider - [id: 0x70de3664, L:/127.0.0.1:50262 - R:localhost/127.0.0.1:8081] Releasing channel
20:40:47.054 [reactor-http-nio-15] DEBUG reactor.netty.resources.PooledConnectionProvider - [id: 0x70de3664, L:/127.0.0.1:50262 - R:localhost/127.0.0.1:8081] Channel cleaned, now 13 active connections and 52 inactive connections
20:40:47.054 [reactor-http-nio-10] DEBUG reactor.netty.resources.PooledConnectionProvider - [id: 0x2a5ccfca, L:/127.0.0.1:50306 - R:localhost/127.0.0.1:8081] onStateChange(GET{uri=/getAttractions, connection=PooledConnection{channel=[id: 0x2a5ccfca, L:/127.0.0.1:50306 - R:localhost/127.0.0.1:8081]}}, [request_sent])
20:40:47.055 [reactor-http-nio-11] DEBUG reactor.netty.http.client.HttpClientOperations - [id: 0x1785ce4e, L:/127.0.0.1:50271 - R:localhost/127.0.0.1:8081] Received response (auto-read:false) : [Content-Type=application/json, Transfer-Encoding=chunked, Date=Fri, 11 Jun 2021 15:10:46 GMT]
20:40:47.055 [reactor-http-nio-2] DEBUG reactor.netty.http.client.HttpClientOperations - [id: 0x3355f769, L:/127.0.0.1:50264 - R:localhost/127.0.0.1:8081] Received response (auto-read:false) : [Content-Type=application/json, Transfer-Encoding=chunked, Date=Fri, 11 Jun 2021 15:10:46 GMT]
20:40:47.055 [reactor-http-nio-11] DEBUG reactor.netty.resources.PooledConnectionProvider - [id: 0x1785ce4e, L:/127.0.0.1:50271 - R:localhost/127.0.0.1:8081] onStateChange(GET{uri=/getAttractions, connection=PooledConnection{channel=[id: 0x1785ce4e, L:/127.0.0.1:50271 - R:localhost/127.0.0.1:8081]}}, [response_received])
20:40:47.055 [reactor-http-nio-2] DEBUG reactor.netty.resources.PooledConnectionProvider - [id: 0x3355f769, L:/127.0.0.1:50264 - R:localhost/127.0.0.1:8081] onStateChange(GET{uri=/getAttractions, connection=PooledConnection{channel=[id: 0x3355f769, L:/127.0.0.1:50264 - R:localhost/127.0.0.1:8081]}}, [response_received])
20:40:47.055 [reactor-http-nio-2] DEBUG org.springframework.web.reactive.function.client.ExchangeFunctions - [3cff8944] Response 200 OK
20:40:47.055 [reactor-http-nio-14] DEBUG reactor.netty.http.client.HttpClientOperations - [id: 0xe42ed116, L:/127.0.0.1:50253 - R:localhost/127.0.0.1:8081] Received response (auto-read:false) : [Content-Type=application/json, Transfer-Encoding=chunked, Date=Fri, 11 Jun 2021 15:10:46 GMT]
20:40:47.055 [reactor-http-nio-11] DEBUG org.springframework.web.reactive.function.client.ExchangeFunctions - [539d1839] Response 200 OK
20:40:47.055 [reactor-http-nio-14] DEBUG reactor.netty.resources.PooledConnectionProvider - [id: 0xe42ed116, L:/127.0.0.1:50253 - R:localhost/127.0.0.1:8081] onStateChange(GET{uri=/getAttractions, connection=PooledConnection{channel=[id: 0xe42ed116, L:/127.0.0.1:50253 - R:localhost/127.0.0.1:8081]}}, [response_received])
20:40:47.055 [reactor-http-nio-14] DEBUG org.springframework.web.reactive.function.client.ExchangeFunctions - [241de0b1] Response 200 OK
20:40:47.055 [reactor-http-nio-2] DEBUG reactor.netty.channel.FluxReceive - [id: 0x3355f769, L:/127.0.0.1:50264 - R:localhost/127.0.0.1:8081] Subscribing inbound receiver [pending: 0, cancelled:false, inboundDone: false]
20:40:47.055 [reactor-http-nio-11] DEBUG reactor.netty.channel.FluxReceive - [id: 0x1785ce4e, L:/127.0.0.1:50271 - R:localhost/127.0.0.1:8081] Subscribing inbound receiver [pending: 0, cancelled:false, inboundDone: false]
20:40:47.055 [reactor-http-nio-14] DEBUG reactor.netty.channel.FluxReceive - [id: 0xe42ed116, L:/127.0.0.1:50253 - R:localhost/127.0.0.1:8081] Subscribing inbound receiver [pending: 0, cancelled:false, inboundDone: false]
20:40:47.056 [reactor-http-nio-14] DEBUG reactor.netty.http.client.HttpClientOperations - [id: 0xe42ed116, L:/127.0.0.1:50253 - R:localhost/127.0.0.1:8081] Received last HTTP packet
20:40:47.056 [reactor-http-nio-11] DEBUG reactor.netty.http.client.HttpClientOperations - [id: 0x1785ce4e, L:/127.0.0.1:50271 - R:localhost/127.0.0.1:8081] Received last HTTP packet
20:40:47.056 [reactor-http-nio-2] DEBUG reactor.netty.http.client.HttpClientOperations - [id: 0x3355f769, L:/127.0.0.1:50264 - R:localhost/127.0.0.1:8081] Received last HTTP packet
20:40:47.056 [reactor-http-nio-11] DEBUG org.springframework.core.codec.StringDecoder - [539d1839] Decoded "[{"longitude":-117.922008,"latitude":33.817595,"attractionName":"Disneyland","city":"Anaheim","stat (truncated)...
20:40:47.056 [reactor-http-nio-2] DEBUG org.springframework.core.codec.StringDecoder - [3cff8944] Decoded "[{"longitude":-117.922008,"latitude":33.817595,"attractionName":"Disneyland","city":"Anaheim","stat (truncated)...
20:40:47.056 [reactor-http-nio-11] DEBUG reactor.netty.resources.PooledConnectionProvider - [id: 0x1785ce4e, L:/127.0.0.1:50271 - R:localhost/127.0.0.1:8081] onStateChange(GET{uri=/getAttractions, connection=PooledConnection{channel=[id: 0x1785ce4e, L:/127.0.0.1:50271 - R:localhost/127.0.0.1:8081]}}, [disconnecting])
20:40:47.056 [reactor-http-nio-11] DEBUG reactor.netty.resources.PooledConnectionProvider - [id: 0x1785ce4e, L:/127.0.0.1:50271 - R:localhost/127.0.0.1:8081] Releasing channel
20:40:47.056 [reactor-http-nio-2] DEBUG reactor.netty.resources.PooledConnectionProvider - [id: 0x3355f769, L:/127.0.0.1:50264 - R:localhost/127.0.0.1:8081] onStateChange(GET{uri=/getAttractions, connection=PooledConnection{channel=[id: 0x3355f769, L:/127.0.0.1:50264 - R:localhost/127.0.0.1:8081]}}, [disconnecting])
20:40:47.056 [reactor-http-nio-11] DEBUG reactor.netty.resources.PooledConnectionProvider - [id: 0x1785ce4e, L:/127.0.0.1:50271 - R:localhost/127.0.0.1:8081] Channel cleaned, now 12 active connections and 53 inactive connections
20:40:47.056 [reactor-http-nio-2] DEBUG reactor.netty.resources.PooledConnectionProvider - [id: 0x3355f769, L:/127.0.0.1:50264 - R:localhost/127.0.0.1:8081] Releasing channel
20:40:47.056 [reactor-http-nio-2] DEBUG reactor.netty.resources.PooledConnectionProvider - [id: 0x3355f769, L:/127.0.0.1:50264 - R:localhost/127.0.0.1:8081] Channel cleaned, now 11 active connections and 54 inactive connections
20:40:47.056 [reactor-http-nio-14] DEBUG org.springframework.core.codec.StringDecoder - [241de0b1] Decoded "[{"longitude":-117.922008,"latitude":33.817595,"attractionName":"Disneyland","city":"Anaheim","stat (truncated)...
20:40:47.056 [reactor-http-nio-11] DEBUG reactor.netty.http.client.HttpClientOperations - [id: 0xcd2f5c0e, L:/127.0.0.1:50278 - R:localhost/127.0.0.1:8081] Received response (auto-read:false) : [Content-Type=application/json, Transfer-Encoding=chunked, Date=Fri, 11 Jun 2021 15:10:46 GMT]
20:40:47.056 [reactor-http-nio-11] DEBUG reactor.netty.resources.PooledConnectionProvider - [id: 0xcd2f5c0e, L:/127.0.0.1:50278 - R:localhost/127.0.0.1:8081] onStateChange(GET{uri=/getUserLocation?userId=93d76f23-358a-4699-b128-134a0659bd43, connection=PooledConnection{channel=[id: 0xcd2f5c0e, L:/127.0.0.1:50278 - R:localhost/127.0.0.1:8081]}}, [response_received])
20:40:47.056 [reactor-http-nio-11] DEBUG org.springframework.web.reactive.function.client.ExchangeFunctions - [6a67582e] Response 200 OK
20:40:47.057 [reactor-http-nio-11] DEBUG reactor.netty.channel.FluxReceive - [id: 0xcd2f5c0e, L:/127.0.0.1:50278 - R:localhost/127.0.0.1:8081] Subscribing inbound receiver [pending: 0, cancelled:false, inboundDone: false]
20:40:47.057 [reactor-http-nio-11] DEBUG reactor.netty.http.client.HttpClientOperations - [id: 0xcd2f5c0e, L:/127.0.0.1:50278 - R:localhost/127.0.0.1:8081] Received last HTTP packet
20:40:47.057 [reactor-http-nio-11] DEBUG org.springframework.core.codec.StringDecoder - [6a67582e] Decoded "{"userId":"93d76f23-358a-4699-b128-134a0659bd43","location":{"longitude":-149.920196,"latitude":62. (truncated)...
20:40:47.057 [reactor-http-nio-11] DEBUG reactor.netty.resources.PooledConnectionProvider - [id: 0xcd2f5c0e, L:/127.0.0.1:50278 - R:localhost/127.0.0.1:8081] onStateChange(GET{uri=/getUserLocation?userId=93d76f23-358a-4699-b128-134a0659bd43, connection=PooledConnection{channel=[id: 0xcd2f5c0e, L:/127.0.0.1:50278 - R:localhost/127.0.0.1:8081]}}, [disconnecting])
20:40:47.057 [reactor-http-nio-11] DEBUG reactor.netty.resources.PooledConnectionProvider - [id: 0xcd2f5c0e, L:/127.0.0.1:50278 - R:localhost/127.0.0.1:8081] Releasing channel
20:40:47.057 [reactor-http-nio-11] DEBUG reactor.netty.resources.PooledConnectionProvider - [id: 0xcd2f5c0e, L:/127.0.0.1:50278 - R:localhost/127.0.0.1:8081] Channel cleaned, now 10 active connections and 55 inactive connections
20:40:47.057 [reactor-http-nio-14] DEBUG reactor.netty.resources.PooledConnectionProvider - [id: 0xe42ed116, L:/127.0.0.1:50253 - R:localhost/127.0.0.1:8081] onStateChange(GET{uri=/getAttractions, connection=PooledConnection{channel=[id: 0xe42ed116, L:/127.0.0.1:50253 - R:localhost/127.0.0.1:8081]}}, [disconnecting])
20:40:47.057 [reactor-http-nio-14] DEBUG reactor.netty.resources.PooledConnectionProvider - [id: 0xe42ed116, L:/127.0.0.1:50253 - R:localhost/127.0.0.1:8081] Releasing channel
20:40:47.057 [reactor-http-nio-14] DEBUG reactor.netty.resources.PooledConnectionProvider - [id: 0xe42ed116, L:/127.0.0.1:50253 - R:localhost/127.0.0.1:8081] Channel cleaned, now 9 active connections and 56 inactive connections
20:40:47.058 [reactor-http-nio-10] DEBUG reactor.netty.http.client.HttpClientOperations - [id: 0x2c66aa2f, L:/127.0.0.1:50251 - R:localhost/127.0.0.1:8081] Received response (auto-read:false) : [Content-Type=application/json, Transfer-Encoding=chunked, Date=Fri, 11 Jun 2021 15:10:46 GMT]
20:40:47.058 [reactor-http-nio-10] DEBUG reactor.netty.resources.PooledConnectionProvider - [id: 0x2c66aa2f, L:/127.0.0.1:50251 - R:localhost/127.0.0.1:8081] onStateChange(GET{uri=/getAttractions, connection=PooledConnection{channel=[id: 0x2c66aa2f, L:/127.0.0.1:50251 - R:localhost/127.0.0.1:8081]}}, [response_received])
20:40:47.058 [reactor-http-nio-10] DEBUG org.springframework.web.reactive.function.client.ExchangeFunctions - [43696e0d] Response 200 OK
20:40:47.058 [reactor-http-nio-10] DEBUG reactor.netty.channel.FluxReceive - [id: 0x2c66aa2f, L:/127.0.0.1:50251 - R:localhost/127.0.0.1:8081] Subscribing inbound receiver [pending: 0, cancelled:false, inboundDone: false]
20:40:47.058 [reactor-http-nio-10] DEBUG reactor.netty.http.client.HttpClientOperations - [id: 0x2c66aa2f, L:/127.0.0.1:50251 - R:localhost/127.0.0.1:8081] Received last HTTP packet
20:40:47.058 [pool-12-thread-5] DEBUG org.springframework.web.reactive.function.client.ExchangeFunctions - [2f65cb06] HTTP GET http://localhost:8081/getAttractions
20:40:47.059 [reactor-http-nio-10] DEBUG org.springframework.core.codec.StringDecoder - [43696e0d] Decoded "[{"longitude":-117.922008,"latitude":33.817595,"attractionName":"Disneyland","city":"Anaheim","stat (truncated)...
20:40:47.059 [reactor-http-nio-10] DEBUG reactor.netty.resources.PooledConnectionProvider - [id: 0x2c66aa2f, L:/127.0.0.1:50251 - R:localhost/127.0.0.1:8081] onStateChange(GET{uri=/getAttractions, connection=PooledConnection{channel=[id: 0x2c66aa2f, L:/127.0.0.1:50251 - R:localhost/127.0.0.1:8081]}}, [disconnecting])
20:40:47.059 [reactor-http-nio-10] DEBUG reactor.netty.resources.PooledConnectionProvider - [id: 0x2c66aa2f, L:/127.0.0.1:50251 - R:localhost/127.0.0.1:8081] Releasing channel
20:40:47.059 [reactor-http-nio-10] DEBUG reactor.netty.resources.PooledConnectionProvider - [id: 0x2c66aa2f, L:/127.0.0.1:50251 - R:localhost/127.0.0.1:8081] Channel cleaned, now 8 active connections and 57 inactive connections
20:40:47.059 [reactor-http-nio-16] DEBUG reactor.netty.resources.PooledConnectionProvider - [id: 0x0ffc5b2c, L:/127.0.0.1:50250 - R:localhost/127.0.0.1:8081] Channel acquired, now 9 active connections and 56 inactive connections
20:40:47.059 [reactor-http-nio-16] DEBUG reactor.netty.http.client.HttpClientConnect - [id: 0x0ffc5b2c, L:/127.0.0.1:50250 - R:localhost/127.0.0.1:8081] Handler is being applied: {uri=http://localhost:8081/getAttractions, method=GET}
20:40:47.060 [reactor-http-nio-16] DEBUG reactor.netty.resources.PooledConnectionProvider - [id: 0x0ffc5b2c, L:/127.0.0.1:50250 - R:localhost/127.0.0.1:8081] onStateChange(GET{uri=/getAttractions, connection=PooledConnection{channel=[id: 0x0ffc5b2c, L:/127.0.0.1:50250 - R:localhost/127.0.0.1:8081]}}, [request_sent])
20:40:47.062 [reactor-http-nio-16] DEBUG reactor.netty.http.client.HttpClientOperations - [id: 0x4ab47f8c, L:/127.0.0.1:50291 - R:localhost/127.0.0.1:8081] Received response (auto-read:false) : [Content-Type=application/json, Transfer-Encoding=chunked, Date=Fri, 11 Jun 2021 15:10:46 GMT]
20:40:47.062 [reactor-http-nio-16] DEBUG reactor.netty.resources.PooledConnectionProvider - [id: 0x4ab47f8c, L:/127.0.0.1:50291 - R:localhost/127.0.0.1:8081] onStateChange(GET{uri=/getAttractions, connection=PooledConnection{channel=[id: 0x4ab47f8c, L:/127.0.0.1:50291 - R:localhost/127.0.0.1:8081]}}, [response_received])
20:40:47.062 [reactor-http-nio-16] DEBUG org.springframework.web.reactive.function.client.ExchangeFunctions - [356a2b3b] Response 200 OK
20:40:47.063 [reactor-http-nio-16] DEBUG reactor.netty.channel.FluxReceive - [id: 0x4ab47f8c, L:/127.0.0.1:50291 - R:localhost/127.0.0.1:8081] Subscribing inbound receiver [pending: 0, cancelled:false, inboundDone: false]
20:40:47.063 [reactor-http-nio-16] DEBUG reactor.netty.http.client.HttpClientOperations - [id: 0x4ab47f8c, L:/127.0.0.1:50291 - R:localhost/127.0.0.1:8081] Received last HTTP packet
20:40:47.063 [reactor-http-nio-16] DEBUG org.springframework.core.codec.StringDecoder - [356a2b3b] Decoded "[{"longitude":-117.922008,"latitude":33.817595,"attractionName":"Disneyland","city":"Anaheim","stat (truncated)...
20:40:47.063 [reactor-http-nio-14] DEBUG reactor.netty.http.client.HttpClientOperations - [id: 0x281b17dd, L:/127.0.0.1:50294 - R:localhost/127.0.0.1:8081] Received response (auto-read:false) : [Content-Type=application/json, Transfer-Encoding=chunked, Date=Fri, 11 Jun 2021 15:10:46 GMT]
20:40:47.063 [reactor-http-nio-14] DEBUG reactor.netty.resources.PooledConnectionProvider - [id: 0x281b17dd, L:/127.0.0.1:50294 - R:localhost/127.0.0.1:8081] onStateChange(GET{uri=/getAttractions, connection=PooledConnection{channel=[id: 0x281b17dd, L:/127.0.0.1:50294 - R:localhost/127.0.0.1:8081]}}, [response_received])
20:40:47.063 [reactor-http-nio-16] DEBUG reactor.netty.resources.PooledConnectionProvider - [id: 0x4ab47f8c, L:/127.0.0.1:50291 - R:localhost/127.0.0.1:8081] onStateChange(GET{uri=/getAttractions, connection=PooledConnection{channel=[id: 0x4ab47f8c, L:/127.0.0.1:50291 - R:localhost/127.0.0.1:8081]}}, [disconnecting])
20:40:47.063 [reactor-http-nio-16] DEBUG reactor.netty.resources.PooledConnectionProvider - [id: 0x4ab47f8c, L:/127.0.0.1:50291 - R:localhost/127.0.0.1:8081] Releasing channel
20:40:47.063 [reactor-http-nio-14] DEBUG org.springframework.web.reactive.function.client.ExchangeFunctions - [4f026c4d] Response 200 OK
20:40:47.063 [reactor-http-nio-16] DEBUG reactor.netty.resources.PooledConnectionProvider - [id: 0x4ab47f8c, L:/127.0.0.1:50291 - R:localhost/127.0.0.1:8081] Channel cleaned, now 8 active connections and 57 inactive connections
20:40:47.064 [reactor-http-nio-14] DEBUG reactor.netty.channel.FluxReceive - [id: 0x281b17dd, L:/127.0.0.1:50294 - R:localhost/127.0.0.1:8081] Subscribing inbound receiver [pending: 0, cancelled:false, inboundDone: false]
20:40:47.064 [reactor-http-nio-14] DEBUG reactor.netty.http.client.HttpClientOperations - [id: 0x281b17dd, L:/127.0.0.1:50294 - R:localhost/127.0.0.1:8081] Received last HTTP packet
20:40:47.064 [reactor-http-nio-14] DEBUG org.springframework.core.codec.StringDecoder - [4f026c4d] Decoded "[{"longitude":-117.922008,"latitude":33.817595,"attractionName":"Disneyland","city":"Anaheim","stat (truncated)...
20:40:47.064 [reactor-http-nio-14] DEBUG reactor.netty.resources.PooledConnectionProvider - [id: 0x281b17dd, L:/127.0.0.1:50294 - R:localhost/127.0.0.1:8081] onStateChange(GET{uri=/getAttractions, connection=PooledConnection{channel=[id: 0x281b17dd, L:/127.0.0.1:50294 - R:localhost/127.0.0.1:8081]}}, [disconnecting])
20:40:47.065 [reactor-http-nio-14] DEBUG reactor.netty.resources.PooledConnectionProvider - [id: 0x281b17dd, L:/127.0.0.1:50294 - R:localhost/127.0.0.1:8081] Releasing channel
20:40:47.065 [reactor-http-nio-14] DEBUG reactor.netty.resources.PooledConnectionProvider - [id: 0x281b17dd, L:/127.0.0.1:50294 - R:localhost/127.0.0.1:8081] Channel cleaned, now 7 active connections and 58 inactive connections
20:40:47.065 [reactor-http-nio-10] DEBUG reactor.netty.http.client.HttpClientOperations - [id: 0x2a5ccfca, L:/127.0.0.1:50306 - R:localhost/127.0.0.1:8081] Received response (auto-read:false) : [Content-Type=application/json, Transfer-Encoding=chunked, Date=Fri, 11 Jun 2021 15:10:46 GMT]
20:40:47.065 [reactor-http-nio-10] DEBUG reactor.netty.resources.PooledConnectionProvider - [id: 0x2a5ccfca, L:/127.0.0.1:50306 - R:localhost/127.0.0.1:8081] onStateChange(GET{uri=/getAttractions, connection=PooledConnection{channel=[id: 0x2a5ccfca, L:/127.0.0.1:50306 - R:localhost/127.0.0.1:8081]}}, [response_received])
20:40:47.065 [reactor-http-nio-10] DEBUG org.springframework.web.reactive.function.client.ExchangeFunctions - [64e3e843] Response 200 OK
20:40:47.065 [reactor-http-nio-10] DEBUG reactor.netty.channel.FluxReceive - [id: 0x2a5ccfca, L:/127.0.0.1:50306 - R:localhost/127.0.0.1:8081] Subscribing inbound receiver [pending: 0, cancelled:false, inboundDone: false]
20:40:47.065 [reactor-http-nio-10] DEBUG reactor.netty.http.client.HttpClientOperations - [id: 0x2a5ccfca, L:/127.0.0.1:50306 - R:localhost/127.0.0.1:8081] Received last HTTP packet
20:40:47.066 [reactor-http-nio-10] DEBUG org.springframework.core.codec.StringDecoder - [64e3e843] Decoded "[{"longitude":-117.922008,"latitude":33.817595,"attractionName":"Disneyland","city":"Anaheim","stat (truncated)...
20:40:47.066 [reactor-http-nio-10] DEBUG reactor.netty.resources.PooledConnectionProvider - [id: 0x2a5ccfca, L:/127.0.0.1:50306 - R:localhost/127.0.0.1:8081] onStateChange(GET{uri=/getAttractions, connection=PooledConnection{channel=[id: 0x2a5ccfca, L:/127.0.0.1:50306 - R:localhost/127.0.0.1:8081]}}, [disconnecting])
20:40:47.066 [reactor-http-nio-10] DEBUG reactor.netty.resources.PooledConnectionProvider - [id: 0x2a5ccfca, L:/127.0.0.1:50306 - R:localhost/127.0.0.1:8081] Releasing channel
20:40:47.066 [reactor-http-nio-10] DEBUG reactor.netty.resources.PooledConnectionProvider - [id: 0x2a5ccfca, L:/127.0.0.1:50306 - R:localhost/127.0.0.1:8081] Channel cleaned, now 6 active connections and 59 inactive connections
20:40:47.070 [reactor-http-nio-16] DEBUG reactor.netty.http.client.HttpClientOperations - [id: 0xe937ed28, L:/127.0.0.1:50293 - R:localhost/127.0.0.1:8081] Received response (auto-read:false) : [Content-Type=application/json, Transfer-Encoding=chunked, Date=Fri, 11 Jun 2021 15:10:46 GMT]
20:40:47.070 [reactor-http-nio-16] DEBUG reactor.netty.resources.PooledConnectionProvider - [id: 0xe937ed28, L:/127.0.0.1:50293 - R:localhost/127.0.0.1:8081] onStateChange(GET{uri=/getUserLocation?userId=12fe00fb-9935-4c53-91d1-c17701000cc3, connection=PooledConnection{channel=[id: 0xe937ed28, L:/127.0.0.1:50293 - R:localhost/127.0.0.1:8081]}}, [response_received])
20:40:47.070 [reactor-http-nio-10] DEBUG reactor.netty.http.client.HttpClientOperations - [id: 0x5829f75f, L:/127.0.0.1:50259 - R:localhost/127.0.0.1:8081] Received response (auto-read:false) : [Content-Type=application/json, Transfer-Encoding=chunked, Date=Fri, 11 Jun 2021 15:10:46 GMT]
20:40:47.070 [reactor-http-nio-10] DEBUG reactor.netty.resources.PooledConnectionProvider - [id: 0x5829f75f, L:/127.0.0.1:50259 - R:localhost/127.0.0.1:8081] onStateChange(GET{uri=/getUserLocation?userId=21376d17-b01b-4e15-85f4-ef7cc1d6e9f7, connection=PooledConnection{channel=[id: 0x5829f75f, L:/127.0.0.1:50259 - R:localhost/127.0.0.1:8081]}}, [response_received])
20:40:47.071 [reactor-http-nio-16] DEBUG org.springframework.web.reactive.function.client.ExchangeFunctions - [77da7429] Response 200 OK
20:40:47.071 [reactor-http-nio-10] DEBUG org.springframework.web.reactive.function.client.ExchangeFunctions - [79b3feb5] Response 200 OK
20:40:47.071 [reactor-http-nio-10] DEBUG reactor.netty.channel.FluxReceive - [id: 0x5829f75f, L:/127.0.0.1:50259 - R:localhost/127.0.0.1:8081] Subscribing inbound receiver [pending: 0, cancelled:false, inboundDone: false]
20:40:47.071 [reactor-http-nio-10] DEBUG reactor.netty.http.client.HttpClientOperations - [id: 0x5829f75f, L:/127.0.0.1:50259 - R:localhost/127.0.0.1:8081] Received last HTTP packet
20:40:47.071 [reactor-http-nio-16] DEBUG reactor.netty.channel.FluxReceive - [id: 0xe937ed28, L:/127.0.0.1:50293 - R:localhost/127.0.0.1:8081] Subscribing inbound receiver [pending: 0, cancelled:false, inboundDone: false]
20:40:47.071 [reactor-http-nio-10] DEBUG org.springframework.core.codec.StringDecoder - [79b3feb5] Decoded "{"userId":"21376d17-b01b-4e15-85f4-ef7cc1d6e9f7","location":{"longitude":-162.623588,"latitude":-78 (truncated)...
20:40:47.071 [reactor-http-nio-10] DEBUG reactor.netty.resources.PooledConnectionProvider - [id: 0x5829f75f, L:/127.0.0.1:50259 - R:localhost/127.0.0.1:8081] onStateChange(GET{uri=/getUserLocation?userId=21376d17-b01b-4e15-85f4-ef7cc1d6e9f7, connection=PooledConnection{channel=[id: 0x5829f75f, L:/127.0.0.1:50259 - R:localhost/127.0.0.1:8081]}}, [disconnecting])
20:40:47.072 [reactor-http-nio-10] DEBUG reactor.netty.resources.PooledConnectionProvider - [id: 0x5829f75f, L:/127.0.0.1:50259 - R:localhost/127.0.0.1:8081] Releasing channel
20:40:47.072 [reactor-http-nio-10] DEBUG reactor.netty.resources.PooledConnectionProvider - [id: 0x5829f75f, L:/127.0.0.1:50259 - R:localhost/127.0.0.1:8081] Channel cleaned, now 5 active connections and 60 inactive connections
20:40:47.072 [reactor-http-nio-16] DEBUG reactor.netty.http.client.HttpClientOperations - [id: 0xe937ed28, L:/127.0.0.1:50293 - R:localhost/127.0.0.1:8081] Received last HTTP packet
20:40:47.072 [reactor-http-nio-16] DEBUG org.springframework.core.codec.StringDecoder - [77da7429] Decoded "{"userId":"12fe00fb-9935-4c53-91d1-c17701000cc3","location":{"longitude":66.61789,"latitude":63.715 (truncated)...
20:40:47.072 [reactor-http-nio-16] DEBUG reactor.netty.resources.PooledConnectionProvider - [id: 0xe937ed28, L:/127.0.0.1:50293 - R:localhost/127.0.0.1:8081] onStateChange(GET{uri=/getUserLocation?userId=12fe00fb-9935-4c53-91d1-c17701000cc3, connection=PooledConnection{channel=[id: 0xe937ed28, L:/127.0.0.1:50293 - R:localhost/127.0.0.1:8081]}}, [disconnecting])
20:40:47.072 [reactor-http-nio-16] DEBUG reactor.netty.resources.PooledConnectionProvider - [id: 0xe937ed28, L:/127.0.0.1:50293 - R:localhost/127.0.0.1:8081] Releasing channel
20:40:47.072 [reactor-http-nio-16] DEBUG reactor.netty.resources.PooledConnectionProvider - [id: 0xe937ed28, L:/127.0.0.1:50293 - R:localhost/127.0.0.1:8081] Channel cleaned, now 4 active connections and 61 inactive connections
20:40:47.072 [reactor-http-nio-16] DEBUG reactor.netty.http.client.HttpClientOperations - [id: 0x0ffc5b2c, L:/127.0.0.1:50250 - R:localhost/127.0.0.1:8081] Received response (auto-read:false) : [Content-Type=application/json, Transfer-Encoding=chunked, Date=Fri, 11 Jun 2021 15:10:46 GMT]
20:40:47.072 [reactor-http-nio-16] DEBUG reactor.netty.resources.PooledConnectionProvider - [id: 0x0ffc5b2c, L:/127.0.0.1:50250 - R:localhost/127.0.0.1:8081] onStateChange(GET{uri=/getAttractions, connection=PooledConnection{channel=[id: 0x0ffc5b2c, L:/127.0.0.1:50250 - R:localhost/127.0.0.1:8081]}}, [response_received])
20:40:47.072 [reactor-http-nio-16] DEBUG org.springframework.web.reactive.function.client.ExchangeFunctions - [2f65cb06] Response 200 OK
20:40:47.073 [pool-12-thread-37] DEBUG org.springframework.web.reactive.function.client.ExchangeFunctions - [3cb16fe7] HTTP GET http://localhost:8081/getAttractions
20:40:47.073 [pool-12-thread-60] DEBUG org.springframework.web.reactive.function.client.ExchangeFunctions - [32d8e4b6] HTTP GET http://localhost:8081/getAttractions
20:40:47.073 [reactor-http-nio-16] DEBUG reactor.netty.channel.FluxReceive - [id: 0x0ffc5b2c, L:/127.0.0.1:50250 - R:localhost/127.0.0.1:8081] Subscribing inbound receiver [pending: 0, cancelled:false, inboundDone: false]
20:40:47.073 [reactor-http-nio-12] DEBUG reactor.netty.resources.PooledConnectionProvider - [id: 0x3e41c192, L:/127.0.0.1:50266 - R:localhost/127.0.0.1:8081] Channel acquired, now 5 active connections and 60 inactive connections
20:40:47.073 [reactor-http-nio-10] DEBUG reactor.netty.resources.PooledConnectionProvider - [id: 0x163b3bc4, L:/127.0.0.1:50305 - R:localhost/127.0.0.1:8081] Channel acquired, now 6 active connections and 59 inactive connections
20:40:47.073 [reactor-http-nio-16] DEBUG reactor.netty.http.client.HttpClientOperations - [id: 0x0ffc5b2c, L:/127.0.0.1:50250 - R:localhost/127.0.0.1:8081] Received last HTTP packet
20:40:47.073 [reactor-http-nio-12] DEBUG reactor.netty.http.client.HttpClientConnect - [id: 0x3e41c192, L:/127.0.0.1:50266 - R:localhost/127.0.0.1:8081] Handler is being applied: {uri=http://localhost:8081/getAttractions, method=GET}
20:40:47.073 [reactor-http-nio-10] DEBUG reactor.netty.http.client.HttpClientConnect - [id: 0x163b3bc4, L:/127.0.0.1:50305 - R:localhost/127.0.0.1:8081] Handler is being applied: {uri=http://localhost:8081/getAttractions, method=GET}
20:40:47.073 [reactor-http-nio-16] DEBUG org.springframework.core.codec.StringDecoder - [2f65cb06] Decoded "[{"longitude":-117.922008,"latitude":33.817595,"attractionName":"Disneyland","city":"Anaheim","stat (truncated)...
20:40:47.074 [reactor-http-nio-12] DEBUG reactor.netty.resources.PooledConnectionProvider - [id: 0x3e41c192, L:/127.0.0.1:50266 - R:localhost/127.0.0.1:8081] onStateChange(GET{uri=/getAttractions, connection=PooledConnection{channel=[id: 0x3e41c192, L:/127.0.0.1:50266 - R:localhost/127.0.0.1:8081]}}, [request_sent])
20:40:47.074 [reactor-http-nio-10] DEBUG reactor.netty.resources.PooledConnectionProvider - [id: 0x163b3bc4, L:/127.0.0.1:50305 - R:localhost/127.0.0.1:8081] onStateChange(GET{uri=/getAttractions, connection=PooledConnection{channel=[id: 0x163b3bc4, L:/127.0.0.1:50305 - R:localhost/127.0.0.1:8081]}}, [request_sent])
20:40:47.074 [reactor-http-nio-16] DEBUG reactor.netty.resources.PooledConnectionProvider - [id: 0x0ffc5b2c, L:/127.0.0.1:50250 - R:localhost/127.0.0.1:8081] onStateChange(GET{uri=/getAttractions, connection=PooledConnection{channel=[id: 0x0ffc5b2c, L:/127.0.0.1:50250 - R:localhost/127.0.0.1:8081]}}, [disconnecting])
20:40:47.074 [reactor-http-nio-16] DEBUG reactor.netty.resources.PooledConnectionProvider - [id: 0x0ffc5b2c, L:/127.0.0.1:50250 - R:localhost/127.0.0.1:8081] Releasing channel
20:40:47.074 [reactor-http-nio-16] DEBUG reactor.netty.resources.PooledConnectionProvider - [id: 0x0ffc5b2c, L:/127.0.0.1:50250 - R:localhost/127.0.0.1:8081] Channel cleaned, now 5 active connections and 60 inactive connections
20:40:47.082 [reactor-http-nio-14] DEBUG reactor.netty.http.client.HttpClientOperations - [id: 0xebe13634, L:/127.0.0.1:50273 - R:localhost/127.0.0.1:8081] Received response (auto-read:false) : [Content-Type=application/json, Transfer-Encoding=chunked, Date=Fri, 11 Jun 2021 15:10:46 GMT]
20:40:47.083 [reactor-http-nio-14] DEBUG reactor.netty.resources.PooledConnectionProvider - [id: 0xebe13634, L:/127.0.0.1:50273 - R:localhost/127.0.0.1:8081] onStateChange(GET{uri=/getUserLocation?userId=afa01f29-69d1-44f6-a765-1042261b0a26, connection=PooledConnection{channel=[id: 0xebe13634, L:/127.0.0.1:50273 - R:localhost/127.0.0.1:8081]}}, [response_received])
20:40:47.083 [reactor-http-nio-14] DEBUG org.springframework.web.reactive.function.client.ExchangeFunctions - [3e6e8b1f] Response 200 OK
20:40:47.083 [reactor-http-nio-14] DEBUG reactor.netty.channel.FluxReceive - [id: 0xebe13634, L:/127.0.0.1:50273 - R:localhost/127.0.0.1:8081] Subscribing inbound receiver [pending: 0, cancelled:false, inboundDone: false]
20:40:47.083 [reactor-http-nio-14] DEBUG reactor.netty.http.client.HttpClientOperations - [id: 0xebe13634, L:/127.0.0.1:50273 - R:localhost/127.0.0.1:8081] Received last HTTP packet
20:40:47.083 [reactor-http-nio-14] DEBUG org.springframework.core.codec.StringDecoder - [3e6e8b1f] Decoded "{"userId":"afa01f29-69d1-44f6-a765-1042261b0a26","location":{"longitude":43.897404,"latitude":-52.5 (truncated)...
20:40:47.083 [reactor-http-nio-14] DEBUG reactor.netty.resources.PooledConnectionProvider - [id: 0xebe13634, L:/127.0.0.1:50273 - R:localhost/127.0.0.1:8081] onStateChange(GET{uri=/getUserLocation?userId=afa01f29-69d1-44f6-a765-1042261b0a26, connection=PooledConnection{channel=[id: 0xebe13634, L:/127.0.0.1:50273 - R:localhost/127.0.0.1:8081]}}, [disconnecting])
20:40:47.083 [reactor-http-nio-14] DEBUG reactor.netty.resources.PooledConnectionProvider - [id: 0xebe13634, L:/127.0.0.1:50273 - R:localhost/127.0.0.1:8081] Releasing channel
20:40:47.083 [reactor-http-nio-14] DEBUG reactor.netty.resources.PooledConnectionProvider - [id: 0xebe13634, L:/127.0.0.1:50273 - R:localhost/127.0.0.1:8081] Channel cleaned, now 4 active connections and 61 inactive connections
20:40:47.085 [pool-12-thread-38] DEBUG org.springframework.web.reactive.function.client.ExchangeFunctions - [7b6c12b6] HTTP GET http://localhost:8081/getAttractions
20:40:47.085 [reactor-http-nio-16] DEBUG reactor.netty.resources.PooledConnectionProvider - [id: 0x9f9296cb, L:/127.0.0.1:50261 - R:localhost/127.0.0.1:8081] Channel acquired, now 5 active connections and 60 inactive connections
20:40:47.085 [reactor-http-nio-16] DEBUG reactor.netty.http.client.HttpClientConnect - [id: 0x9f9296cb, L:/127.0.0.1:50261 - R:localhost/127.0.0.1:8081] Handler is being applied: {uri=http://localhost:8081/getAttractions, method=GET}
20:40:47.085 [reactor-http-nio-12] DEBUG reactor.netty.http.client.HttpClientOperations - [id: 0x3e41c192, L:/127.0.0.1:50266 - R:localhost/127.0.0.1:8081] Received response (auto-read:false) : [Content-Type=application/json, Transfer-Encoding=chunked, Date=Fri, 11 Jun 2021 15:10:46 GMT]
20:40:47.085 [reactor-http-nio-12] DEBUG reactor.netty.resources.PooledConnectionProvider - [id: 0x3e41c192, L:/127.0.0.1:50266 - R:localhost/127.0.0.1:8081] onStateChange(GET{uri=/getAttractions, connection=PooledConnection{channel=[id: 0x3e41c192, L:/127.0.0.1:50266 - R:localhost/127.0.0.1:8081]}}, [response_received])
20:40:47.085 [reactor-http-nio-10] DEBUG reactor.netty.http.client.HttpClientOperations - [id: 0x163b3bc4, L:/127.0.0.1:50305 - R:localhost/127.0.0.1:8081] Received response (auto-read:false) : [Content-Type=application/json, Transfer-Encoding=chunked, Date=Fri, 11 Jun 2021 15:10:46 GMT]
20:40:47.086 [reactor-http-nio-12] DEBUG org.springframework.web.reactive.function.client.ExchangeFunctions - [32d8e4b6] Response 200 OK
20:40:47.086 [reactor-http-nio-10] DEBUG reactor.netty.resources.PooledConnectionProvider - [id: 0x163b3bc4, L:/127.0.0.1:50305 - R:localhost/127.0.0.1:8081] onStateChange(GET{uri=/getAttractions, connection=PooledConnection{channel=[id: 0x163b3bc4, L:/127.0.0.1:50305 - R:localhost/127.0.0.1:8081]}}, [response_received])
20:40:47.086 [reactor-http-nio-10] DEBUG org.springframework.web.reactive.function.client.ExchangeFunctions - [3cb16fe7] Response 200 OK
20:40:47.086 [reactor-http-nio-16] DEBUG reactor.netty.resources.PooledConnectionProvider - [id: 0x9f9296cb, L:/127.0.0.1:50261 - R:localhost/127.0.0.1:8081] onStateChange(GET{uri=/getAttractions, connection=PooledConnection{channel=[id: 0x9f9296cb, L:/127.0.0.1:50261 - R:localhost/127.0.0.1:8081]}}, [request_sent])
20:40:47.086 [reactor-http-nio-12] DEBUG reactor.netty.channel.FluxReceive - [id: 0x3e41c192, L:/127.0.0.1:50266 - R:localhost/127.0.0.1:8081] Subscribing inbound receiver [pending: 0, cancelled:false, inboundDone: false]
20:40:47.086 [reactor-http-nio-10] DEBUG reactor.netty.channel.FluxReceive - [id: 0x163b3bc4, L:/127.0.0.1:50305 - R:localhost/127.0.0.1:8081] Subscribing inbound receiver [pending: 0, cancelled:false, inboundDone: false]
20:40:47.086 [reactor-http-nio-12] DEBUG reactor.netty.http.client.HttpClientOperations - [id: 0x3e41c192, L:/127.0.0.1:50266 - R:localhost/127.0.0.1:8081] Received last HTTP packet
20:40:47.086 [reactor-http-nio-10] DEBUG reactor.netty.http.client.HttpClientOperations - [id: 0x163b3bc4, L:/127.0.0.1:50305 - R:localhost/127.0.0.1:8081] Received last HTTP packet
20:40:47.087 [reactor-http-nio-12] DEBUG org.springframework.core.codec.StringDecoder - [32d8e4b6] Decoded "[{"longitude":-117.922008,"latitude":33.817595,"attractionName":"Disneyland","city":"Anaheim","stat (truncated)...
20:40:47.087 [reactor-http-nio-10] DEBUG org.springframework.core.codec.StringDecoder - [3cb16fe7] Decoded "[{"longitude":-117.922008,"latitude":33.817595,"attractionName":"Disneyland","city":"Anaheim","stat (truncated)...
20:40:47.087 [reactor-http-nio-10] DEBUG reactor.netty.resources.PooledConnectionProvider - [id: 0x163b3bc4, L:/127.0.0.1:50305 - R:localhost/127.0.0.1:8081] onStateChange(GET{uri=/getAttractions, connection=PooledConnection{channel=[id: 0x163b3bc4, L:/127.0.0.1:50305 - R:localhost/127.0.0.1:8081]}}, [disconnecting])
20:40:47.087 [reactor-http-nio-10] DEBUG reactor.netty.resources.PooledConnectionProvider - [id: 0x163b3bc4, L:/127.0.0.1:50305 - R:localhost/127.0.0.1:8081] Releasing channel
20:40:47.087 [reactor-http-nio-10] DEBUG reactor.netty.resources.PooledConnectionProvider - [id: 0x163b3bc4, L:/127.0.0.1:50305 - R:localhost/127.0.0.1:8081] Channel cleaned, now 4 active connections and 61 inactive connections
20:40:47.087 [reactor-http-nio-12] DEBUG reactor.netty.resources.PooledConnectionProvider - [id: 0x3e41c192, L:/127.0.0.1:50266 - R:localhost/127.0.0.1:8081] onStateChange(GET{uri=/getAttractions, connection=PooledConnection{channel=[id: 0x3e41c192, L:/127.0.0.1:50266 - R:localhost/127.0.0.1:8081]}}, [disconnecting])
20:40:47.087 [reactor-http-nio-12] DEBUG reactor.netty.resources.PooledConnectionProvider - [id: 0x3e41c192, L:/127.0.0.1:50266 - R:localhost/127.0.0.1:8081] Releasing channel
20:40:47.087 [reactor-http-nio-12] DEBUG reactor.netty.resources.PooledConnectionProvider - [id: 0x3e41c192, L:/127.0.0.1:50266 - R:localhost/127.0.0.1:8081] Channel cleaned, now 3 active connections and 62 inactive connections
20:40:47.099 [reactor-http-nio-16] DEBUG reactor.netty.http.client.HttpClientOperations - [id: 0x9f9296cb, L:/127.0.0.1:50261 - R:localhost/127.0.0.1:8081] Received response (auto-read:false) : [Content-Type=application/json, Transfer-Encoding=chunked, Date=Fri, 11 Jun 2021 15:10:46 GMT]
20:40:47.099 [reactor-http-nio-14] DEBUG reactor.netty.http.client.HttpClientOperations - [id: 0x111e98d4, L:/127.0.0.1:50257 - R:localhost/127.0.0.1:8081] Received response (auto-read:false) : [Content-Type=application/json, Transfer-Encoding=chunked, Date=Fri, 11 Jun 2021 15:10:46 GMT]
20:40:47.099 [reactor-http-nio-16] DEBUG reactor.netty.resources.PooledConnectionProvider - [id: 0x9f9296cb, L:/127.0.0.1:50261 - R:localhost/127.0.0.1:8081] onStateChange(GET{uri=/getAttractions, connection=PooledConnection{channel=[id: 0x9f9296cb, L:/127.0.0.1:50261 - R:localhost/127.0.0.1:8081]}}, [response_received])
20:40:47.099 [reactor-http-nio-14] DEBUG reactor.netty.resources.PooledConnectionProvider - [id: 0x111e98d4, L:/127.0.0.1:50257 - R:localhost/127.0.0.1:8081] onStateChange(GET{uri=/getUserLocation?userId=07f554a2-9f8b-402e-844d-6866e6e69fd5, connection=PooledConnection{channel=[id: 0x111e98d4, L:/127.0.0.1:50257 - R:localhost/127.0.0.1:8081]}}, [response_received])
20:40:47.099 [reactor-http-nio-14] DEBUG org.springframework.web.reactive.function.client.ExchangeFunctions - [62af21bb] Response 200 OK
20:40:47.099 [reactor-http-nio-16] DEBUG org.springframework.web.reactive.function.client.ExchangeFunctions - [7b6c12b6] Response 200 OK
20:40:47.100 [reactor-http-nio-16] DEBUG reactor.netty.channel.FluxReceive - [id: 0x9f9296cb, L:/127.0.0.1:50261 - R:localhost/127.0.0.1:8081] Subscribing inbound receiver [pending: 0, cancelled:false, inboundDone: false]
20:40:47.100 [reactor-http-nio-14] DEBUG reactor.netty.channel.FluxReceive - [id: 0x111e98d4, L:/127.0.0.1:50257 - R:localhost/127.0.0.1:8081] Subscribing inbound receiver [pending: 0, cancelled:false, inboundDone: false]
20:40:47.100 [reactor-http-nio-14] DEBUG reactor.netty.http.client.HttpClientOperations - [id: 0x111e98d4, L:/127.0.0.1:50257 - R:localhost/127.0.0.1:8081] Received last HTTP packet
20:40:47.100 [reactor-http-nio-14] DEBUG org.springframework.core.codec.StringDecoder - [62af21bb] Decoded "{"userId":"07f554a2-9f8b-402e-844d-6866e6e69fd5","location":{"longitude":173.946794,"latitude":0.22 (truncated)...
20:40:47.100 [reactor-http-nio-16] DEBUG reactor.netty.http.client.HttpClientOperations - [id: 0x9f9296cb, L:/127.0.0.1:50261 - R:localhost/127.0.0.1:8081] Received last HTTP packet
20:40:47.100 [reactor-http-nio-14] DEBUG reactor.netty.resources.PooledConnectionProvider - [id: 0x111e98d4, L:/127.0.0.1:50257 - R:localhost/127.0.0.1:8081] onStateChange(GET{uri=/getUserLocation?userId=07f554a2-9f8b-402e-844d-6866e6e69fd5, connection=PooledConnection{channel=[id: 0x111e98d4, L:/127.0.0.1:50257 - R:localhost/127.0.0.1:8081]}}, [disconnecting])
20:40:47.100 [reactor-http-nio-14] DEBUG reactor.netty.resources.PooledConnectionProvider - [id: 0x111e98d4, L:/127.0.0.1:50257 - R:localhost/127.0.0.1:8081] Releasing channel
20:40:47.100 [reactor-http-nio-14] DEBUG reactor.netty.resources.PooledConnectionProvider - [id: 0x111e98d4, L:/127.0.0.1:50257 - R:localhost/127.0.0.1:8081] Channel cleaned, now 2 active connections and 63 inactive connections
20:40:47.100 [reactor-http-nio-16] DEBUG org.springframework.core.codec.StringDecoder - [7b6c12b6] Decoded "[{"longitude":-117.922008,"latitude":33.817595,"attractionName":"Disneyland","city":"Anaheim","stat (truncated)...
20:40:47.100 [reactor-http-nio-16] DEBUG reactor.netty.resources.PooledConnectionProvider - [id: 0x9f9296cb, L:/127.0.0.1:50261 - R:localhost/127.0.0.1:8081] onStateChange(GET{uri=/getAttractions, connection=PooledConnection{channel=[id: 0x9f9296cb, L:/127.0.0.1:50261 - R:localhost/127.0.0.1:8081]}}, [disconnecting])
20:40:47.100 [reactor-http-nio-16] DEBUG reactor.netty.resources.PooledConnectionProvider - [id: 0x9f9296cb, L:/127.0.0.1:50261 - R:localhost/127.0.0.1:8081] Releasing channel
20:40:47.100 [reactor-http-nio-16] DEBUG reactor.netty.resources.PooledConnectionProvider - [id: 0x9f9296cb, L:/127.0.0.1:50261 - R:localhost/127.0.0.1:8081] Channel cleaned, now 1 active connections and 64 inactive connections
20:40:47.101 [pool-12-thread-45] DEBUG org.springframework.web.reactive.function.client.ExchangeFunctions - [27adb38a] HTTP GET http://localhost:8081/getAttractions
20:40:47.101 [reactor-http-nio-2] DEBUG reactor.netty.resources.PooledConnectionProvider - [id: 0x25eb9b2e, L:/127.0.0.1:50247 - R:localhost/127.0.0.1:8081] Channel acquired, now 2 active connections and 63 inactive connections
20:40:47.102 [reactor-http-nio-2] DEBUG reactor.netty.http.client.HttpClientConnect - [id: 0x25eb9b2e, L:/127.0.0.1:50247 - R:localhost/127.0.0.1:8081] Handler is being applied: {uri=http://localhost:8081/getAttractions, method=GET}
20:40:47.102 [reactor-http-nio-2] DEBUG reactor.netty.resources.PooledConnectionProvider - [id: 0x25eb9b2e, L:/127.0.0.1:50247 - R:localhost/127.0.0.1:8081] onStateChange(GET{uri=/getAttractions, connection=PooledConnection{channel=[id: 0x25eb9b2e, L:/127.0.0.1:50247 - R:localhost/127.0.0.1:8081]}}, [request_sent])
20:40:47.115 [reactor-http-nio-2] DEBUG reactor.netty.http.client.HttpClientOperations - [id: 0x25eb9b2e, L:/127.0.0.1:50247 - R:localhost/127.0.0.1:8081] Received response (auto-read:false) : [Content-Type=application/json, Transfer-Encoding=chunked, Date=Fri, 11 Jun 2021 15:10:46 GMT]
20:40:47.115 [reactor-http-nio-2] DEBUG reactor.netty.resources.PooledConnectionProvider - [id: 0x25eb9b2e, L:/127.0.0.1:50247 - R:localhost/127.0.0.1:8081] onStateChange(GET{uri=/getAttractions, connection=PooledConnection{channel=[id: 0x25eb9b2e, L:/127.0.0.1:50247 - R:localhost/127.0.0.1:8081]}}, [response_received])
20:40:47.116 [reactor-http-nio-2] DEBUG org.springframework.web.reactive.function.client.ExchangeFunctions - [27adb38a] Response 200 OK
20:40:47.116 [reactor-http-nio-2] DEBUG reactor.netty.channel.FluxReceive - [id: 0x25eb9b2e, L:/127.0.0.1:50247 - R:localhost/127.0.0.1:8081] Subscribing inbound receiver [pending: 0, cancelled:false, inboundDone: false]
20:40:47.116 [reactor-http-nio-2] DEBUG reactor.netty.http.client.HttpClientOperations - [id: 0x25eb9b2e, L:/127.0.0.1:50247 - R:localhost/127.0.0.1:8081] Received last HTTP packet
20:40:47.116 [reactor-http-nio-2] DEBUG org.springframework.core.codec.StringDecoder - [27adb38a] Decoded "[{"longitude":-117.922008,"latitude":33.817595,"attractionName":"Disneyland","city":"Anaheim","stat (truncated)...
20:40:47.116 [reactor-http-nio-2] DEBUG reactor.netty.resources.PooledConnectionProvider - [id: 0x25eb9b2e, L:/127.0.0.1:50247 - R:localhost/127.0.0.1:8081] onStateChange(GET{uri=/getAttractions, connection=PooledConnection{channel=[id: 0x25eb9b2e, L:/127.0.0.1:50247 - R:localhost/127.0.0.1:8081]}}, [disconnecting])
20:40:47.116 [reactor-http-nio-2] DEBUG reactor.netty.resources.PooledConnectionProvider - [id: 0x25eb9b2e, L:/127.0.0.1:50247 - R:localhost/127.0.0.1:8081] Releasing channel
20:40:47.116 [reactor-http-nio-2] DEBUG reactor.netty.resources.PooledConnectionProvider - [id: 0x25eb9b2e, L:/127.0.0.1:50247 - R:localhost/127.0.0.1:8081] Channel cleaned, now 1 active connections and 64 inactive connections
highVolumeTrackLocation: Time Elapsed: 0 seconds.
20:40:47.117 [pool-11-thread-1] DEBUG org.springframework.web.reactive.function.client.ExchangeFunctions - [169bc835] Cancel signal (to close connection)
20:40:47.117 [Test worker] INFO tourGuide.service.TourGuideService - TestMode enabled
20:40:47.117 [Test worker] DEBUG tourGuide.service.TourGuideService - Initializing users
20:40:47.118 [reactor-http-nio-15] DEBUG reactor.netty.resources.PooledConnectionProvider - [id: 0xb80ff19f, L:/127.0.0.1:50284 ! R:localhost/127.0.0.1:8081] Channel cleaned, now 0 active connections and 65 inactive connections
20:40:47.118 [reactor-http-nio-15] DEBUG reactor.netty.resources.PooledConnectionProvider - [id: 0xb80ff19f, L:/127.0.0.1:50284 ! R:localhost/127.0.0.1:8081] Channel closed, now 0 active connections and 64 inactive connections
20:40:47.124 [Test worker] DEBUG tourGuide.service.TourGuideService - Created 100 internal test users.
20:40:47.124 [Test worker] DEBUG tourGuide.service.TourGuideService - Finished initializing users
20:40:47.124 [pool-13-thread-1] DEBUG tourGuide.tracker.Tracker - Begin Tracker. Tracking 100 users.
20:40:47.124 [Test worker] DEBUG org.springframework.web.reactive.function.client.ExchangeFunctions - [2f006966] HTTP GET http://localhost:8081/getAttractions
20:40:47.124 [pool-13-thread-1] DEBUG org.springframework.web.reactive.function.client.ExchangeFunctions - [59cdb788] HTTP GET http://localhost:8081/getUserLocation?userId=23fbd6bf-60c3-451f-a9df-607efaa168ce
20:40:47.125 [reactor-http-nio-14] DEBUG reactor.netty.resources.PooledConnectionProvider - [id: 0x8b4459b6, L:/127.0.0.1:50276 - R:localhost/127.0.0.1:8081] Channel acquired, now 1 active connections and 63 inactive connections
20:40:47.125 [reactor-http-nio-10] DEBUG reactor.netty.resources.PooledConnectionProvider - [id: 0xb124e91d, L:/127.0.0.1:50277 - R:localhost/127.0.0.1:8081] Channel acquired, now 2 active connections and 62 inactive connections
20:40:47.125 [reactor-http-nio-14] DEBUG reactor.netty.http.client.HttpClientConnect - [id: 0x8b4459b6, L:/127.0.0.1:50276 - R:localhost/127.0.0.1:8081] Handler is being applied: {uri=http://localhost:8081/getAttractions, method=GET}
20:40:47.125 [reactor-http-nio-10] DEBUG reactor.netty.http.client.HttpClientConnect - [id: 0xb124e91d, L:/127.0.0.1:50277 - R:localhost/127.0.0.1:8081] Handler is being applied: {uri=http://localhost:8081/getUserLocation?userId=23fbd6bf-60c3-451f-a9df-607efaa168ce, method=GET}
20:40:47.125 [reactor-http-nio-10] DEBUG reactor.netty.resources.PooledConnectionProvider - [id: 0xb124e91d, L:/127.0.0.1:50277 - R:localhost/127.0.0.1:8081] onStateChange(GET{uri=/getUserLocation?userId=23fbd6bf-60c3-451f-a9df-607efaa168ce, connection=PooledConnection{channel=[id: 0xb124e91d, L:/127.0.0.1:50277 - R:localhost/127.0.0.1:8081]}}, [request_sent])
20:40:47.125 [reactor-http-nio-14] DEBUG reactor.netty.resources.PooledConnectionProvider - [id: 0x8b4459b6, L:/127.0.0.1:50276 - R:localhost/127.0.0.1:8081] onStateChange(GET{uri=/getAttractions, connection=PooledConnection{channel=[id: 0x8b4459b6, L:/127.0.0.1:50276 - R:localhost/127.0.0.1:8081]}}, [request_sent])
20:40:47.139 [reactor-http-nio-14] DEBUG reactor.netty.http.client.HttpClientOperations - [id: 0x8b4459b6, L:/127.0.0.1:50276 - R:localhost/127.0.0.1:8081] Received response (auto-read:false) : [Content-Type=application/json, Transfer-Encoding=chunked, Date=Fri, 11 Jun 2021 15:10:46 GMT]
20:40:47.139 [reactor-http-nio-14] DEBUG reactor.netty.resources.PooledConnectionProvider - [id: 0x8b4459b6, L:/127.0.0.1:50276 - R:localhost/127.0.0.1:8081] onStateChange(GET{uri=/getAttractions, connection=PooledConnection{channel=[id: 0x8b4459b6, L:/127.0.0.1:50276 - R:localhost/127.0.0.1:8081]}}, [response_received])
20:40:47.139 [reactor-http-nio-14] DEBUG org.springframework.web.reactive.function.client.ExchangeFunctions - [2f006966] Response 200 OK
20:40:47.139 [reactor-http-nio-14] DEBUG reactor.netty.channel.FluxReceive - [id: 0x8b4459b6, L:/127.0.0.1:50276 - R:localhost/127.0.0.1:8081] Subscribing inbound receiver [pending: 0, cancelled:false, inboundDone: false]
20:40:47.139 [reactor-http-nio-14] DEBUG reactor.netty.http.client.HttpClientOperations - [id: 0x8b4459b6, L:/127.0.0.1:50276 - R:localhost/127.0.0.1:8081] Received last HTTP packet
20:40:47.140 [reactor-http-nio-14] DEBUG org.springframework.core.codec.StringDecoder - [2f006966] Decoded "[{"longitude":-117.922008,"latitude":33.817595,"attractionName":"Disneyland","city":"Anaheim","stat (truncated)...
20:40:47.140 [reactor-http-nio-14] DEBUG reactor.netty.resources.PooledConnectionProvider - [id: 0x8b4459b6, L:/127.0.0.1:50276 - R:localhost/127.0.0.1:8081] onStateChange(GET{uri=/getAttractions, connection=PooledConnection{channel=[id: 0x8b4459b6, L:/127.0.0.1:50276 - R:localhost/127.0.0.1:8081]}}, [disconnecting])
20:40:47.140 [reactor-http-nio-14] DEBUG reactor.netty.resources.PooledConnectionProvider - [id: 0x8b4459b6, L:/127.0.0.1:50276 - R:localhost/127.0.0.1:8081] Releasing channel
20:40:47.140 [reactor-http-nio-14] DEBUG reactor.netty.resources.PooledConnectionProvider - [id: 0x8b4459b6, L:/127.0.0.1:50276 - R:localhost/127.0.0.1:8081] Channel cleaned, now 1 active connections and 63 inactive connections
20:40:47.142 [pool-14-thread-2] DEBUG org.springframework.web.reactive.function.client.ExchangeFunctions - [18f71a5] HTTP GET http://localhost:8081/getAttractions
20:40:47.142 [pool-14-thread-3] DEBUG org.springframework.web.reactive.function.client.ExchangeFunctions - [29a533a0] HTTP GET http://localhost:8081/getAttractions
20:40:47.142 [pool-14-thread-1] DEBUG org.springframework.web.reactive.function.client.ExchangeFunctions - [1a944b8c] HTTP GET http://localhost:8081/getAttractions
20:40:47.142 [pool-14-thread-6] DEBUG org.springframework.web.reactive.function.client.ExchangeFunctions - [1f8fcc15] HTTP GET http://localhost:8081/getAttractions
20:40:47.142 [pool-14-thread-5] DEBUG org.springframework.web.reactive.function.client.ExchangeFunctions - [67a18c50] HTTP GET http://localhost:8081/getAttractions
20:40:47.142 [pool-14-thread-4] DEBUG org.springframework.web.reactive.function.client.ExchangeFunctions - [1039957b] HTTP GET http://localhost:8081/getAttractions
20:40:47.142 [reactor-http-nio-12] DEBUG reactor.netty.resources.PooledConnectionProvider - [id: 0xb65f99c8, L:/127.0.0.1:50309 - R:localhost/127.0.0.1:8081] Channel acquired, now 3 active connections and 61 inactive connections
20:40:47.142 [reactor-http-nio-13] DEBUG reactor.netty.resources.PooledConnectionProvider - [id: 0x86f0206d, L:/127.0.0.1:50296 - R:localhost/127.0.0.1:8081] Channel acquired, now 3 active connections and 61 inactive connections
20:40:47.143 [reactor-http-nio-13] DEBUG reactor.netty.http.client.HttpClientConnect - [id: 0x86f0206d, L:/127.0.0.1:50296 - R:localhost/127.0.0.1:8081] Handler is being applied: {uri=http://localhost:8081/getAttractions, method=GET}
20:40:47.143 [reactor-http-nio-16] DEBUG reactor.netty.resources.PooledConnectionProvider - [id: 0x736d1567, L:/127.0.0.1:50275 - R:localhost/127.0.0.1:8081] Channel acquired, now 4 active connections and 60 inactive connections
20:40:47.143 [pool-14-thread-7] DEBUG org.springframework.web.reactive.function.client.ExchangeFunctions - [64a6ff86] HTTP GET http://localhost:8081/getAttractions
20:40:47.143 [reactor-http-nio-12] DEBUG reactor.netty.http.client.HttpClientConnect - [id: 0xb65f99c8, L:/127.0.0.1:50309 - R:localhost/127.0.0.1:8081] Handler is being applied: {uri=http://localhost:8081/getAttractions, method=GET}
20:40:47.143 [reactor-http-nio-16] DEBUG reactor.netty.http.client.HttpClientConnect - [id: 0x736d1567, L:/127.0.0.1:50275 - R:localhost/127.0.0.1:8081] Handler is being applied: {uri=http://localhost:8081/getAttractions, method=GET}
20:40:47.143 [pool-14-thread-8] DEBUG org.springframework.web.reactive.function.client.ExchangeFunctions - [1c78d864] HTTP GET http://localhost:8081/getAttractions
20:40:47.143 [pool-14-thread-9] DEBUG org.springframework.web.reactive.function.client.ExchangeFunctions - [13256ef1] HTTP GET http://localhost:8081/getAttractions
20:40:47.143 [reactor-http-nio-13] DEBUG reactor.netty.resources.PooledConnectionProvider - [id: 0x86f0206d, L:/127.0.0.1:50296 - R:localhost/127.0.0.1:8081] onStateChange(GET{uri=/getAttractions, connection=PooledConnection{channel=[id: 0x86f0206d, L:/127.0.0.1:50296 - R:localhost/127.0.0.1:8081]}}, [request_sent])
20:40:47.143 [reactor-http-nio-12] DEBUG reactor.netty.resources.PooledConnectionProvider - [id: 0xb65f99c8, L:/127.0.0.1:50309 - R:localhost/127.0.0.1:8081] onStateChange(GET{uri=/getAttractions, connection=PooledConnection{channel=[id: 0xb65f99c8, L:/127.0.0.1:50309 - R:localhost/127.0.0.1:8081]}}, [request_sent])
20:40:47.143 [reactor-http-nio-12] DEBUG reactor.netty.resources.PooledConnectionProvider - [id: 0x76564411, L:/127.0.0.1:50307 - R:localhost/127.0.0.1:8081] Channel acquired, now 5 active connections and 59 inactive connections
20:40:47.144 [reactor-http-nio-16] DEBUG reactor.netty.resources.PooledConnectionProvider - [id: 0x736d1567, L:/127.0.0.1:50275 - R:localhost/127.0.0.1:8081] onStateChange(GET{uri=/getAttractions, connection=PooledConnection{channel=[id: 0x736d1567, L:/127.0.0.1:50275 - R:localhost/127.0.0.1:8081]}}, [request_sent])
20:40:47.144 [reactor-http-nio-12] DEBUG reactor.netty.http.client.HttpClientConnect - [id: 0x76564411, L:/127.0.0.1:50307 - R:localhost/127.0.0.1:8081] Handler is being applied: {uri=http://localhost:8081/getAttractions, method=GET}
20:40:47.144 [reactor-http-nio-14] DEBUG reactor.netty.resources.PooledConnectionProvider - [id: 0xdc980221, L:/127.0.0.1:50298 - R:localhost/127.0.0.1:8081] Channel acquired, now 6 active connections and 58 inactive connections
20:40:47.144 [reactor-http-nio-2] DEBUG reactor.netty.resources.PooledConnectionProvider - [id: 0x7ef0c167, L:/127.0.0.1:50300 - R:localhost/127.0.0.1:8081] Channel acquired, now 7 active connections and 57 inactive connections
20:40:47.144 [reactor-http-nio-14] DEBUG reactor.netty.http.client.HttpClientConnect - [id: 0xdc980221, L:/127.0.0.1:50298 - R:localhost/127.0.0.1:8081] Handler is being applied: {uri=http://localhost:8081/getAttractions, method=GET}
20:40:47.144 [reactor-http-nio-2] DEBUG reactor.netty.http.client.HttpClientConnect - [id: 0x7ef0c167, L:/127.0.0.1:50300 - R:localhost/127.0.0.1:8081] Handler is being applied: {uri=http://localhost:8081/getAttractions, method=GET}
20:40:47.144 [pool-14-thread-10] DEBUG org.springframework.web.reactive.function.client.ExchangeFunctions - [3bb57f14] HTTP GET http://localhost:8081/getAttractions
20:40:47.144 [reactor-http-nio-2] DEBUG reactor.netty.resources.PooledConnectionProvider - [id: 0x7ef0c167, L:/127.0.0.1:50300 - R:localhost/127.0.0.1:8081] onStateChange(GET{uri=/getAttractions, connection=PooledConnection{channel=[id: 0x7ef0c167, L:/127.0.0.1:50300 - R:localhost/127.0.0.1:8081]}}, [request_sent])
20:40:47.144 [reactor-http-nio-12] DEBUG reactor.netty.resources.PooledConnectionProvider - [id: 0x76564411, L:/127.0.0.1:50307 - R:localhost/127.0.0.1:8081] onStateChange(GET{uri=/getAttractions, connection=PooledConnection{channel=[id: 0x76564411, L:/127.0.0.1:50307 - R:localhost/127.0.0.1:8081]}}, [request_sent])
20:40:47.144 [reactor-http-nio-10] DEBUG reactor.netty.resources.PooledConnectionProvider - [id: 0x89be4937, L:/127.0.0.1:50258 - R:localhost/127.0.0.1:8081] Channel acquired, now 8 active connections and 56 inactive connections
20:40:47.144 [reactor-http-nio-14] DEBUG reactor.netty.resources.PooledConnectionProvider - [id: 0xdc980221, L:/127.0.0.1:50298 - R:localhost/127.0.0.1:8081] onStateChange(GET{uri=/getAttractions, connection=PooledConnection{channel=[id: 0xdc980221, L:/127.0.0.1:50298 - R:localhost/127.0.0.1:8081]}}, [request_sent])
20:40:47.145 [reactor-http-nio-10] DEBUG reactor.netty.http.client.HttpClientConnect - [id: 0x89be4937, L:/127.0.0.1:50258 - R:localhost/127.0.0.1:8081] Handler is being applied: {uri=http://localhost:8081/getAttractions, method=GET}
20:40:47.145 [reactor-http-nio-12] DEBUG reactor.netty.resources.PooledConnectionProvider - [id: 0xcea183ce, L:/127.0.0.1:50289 - R:localhost/127.0.0.1:8081] Channel acquired, now 9 active connections and 55 inactive connections
20:40:47.145 [pool-14-thread-11] DEBUG org.springframework.web.reactive.function.client.ExchangeFunctions - [4e04d657] HTTP GET http://localhost:8081/getAttractions
20:40:47.145 [pool-14-thread-12] DEBUG org.springframework.web.reactive.function.client.ExchangeFunctions - [77d96aca] HTTP GET http://localhost:8081/getAttractions
20:40:47.145 [reactor-http-nio-10] DEBUG reactor.netty.resources.PooledConnectionProvider - [id: 0x89be4937, L:/127.0.0.1:50258 - R:localhost/127.0.0.1:8081] onStateChange(GET{uri=/getAttractions, connection=PooledConnection{channel=[id: 0x89be4937, L:/127.0.0.1:50258 - R:localhost/127.0.0.1:8081]}}, [request_sent])
20:40:47.145 [reactor-http-nio-11] DEBUG reactor.netty.resources.PooledConnectionProvider - [id: 0xad9667d1, L:/127.0.0.1:50248 - R:localhost/127.0.0.1:8081] Channel acquired, now 10 active connections and 54 inactive connections
20:40:47.145 [reactor-http-nio-12] DEBUG reactor.netty.http.client.HttpClientConnect - [id: 0xcea183ce, L:/127.0.0.1:50289 - R:localhost/127.0.0.1:8081] Handler is being applied: {uri=http://localhost:8081/getAttractions, method=GET}
20:40:47.145 [reactor-http-nio-11] DEBUG reactor.netty.http.client.HttpClientConnect - [id: 0xad9667d1, L:/127.0.0.1:50248 - R:localhost/127.0.0.1:8081] Handler is being applied: {uri=http://localhost:8081/getAttractions, method=GET}
20:40:47.146 [pool-14-thread-13] DEBUG org.springframework.web.reactive.function.client.ExchangeFunctions - [2ed6552] HTTP GET http://localhost:8081/getAttractions
20:40:47.146 [reactor-http-nio-12] DEBUG reactor.netty.resources.PooledConnectionProvider - [id: 0xcea183ce, L:/127.0.0.1:50289 - R:localhost/127.0.0.1:8081] onStateChange(GET{uri=/getAttractions, connection=PooledConnection{channel=[id: 0xcea183ce, L:/127.0.0.1:50289 - R:localhost/127.0.0.1:8081]}}, [request_sent])
20:40:47.146 [reactor-http-nio-12] DEBUG reactor.netty.resources.PooledConnectionProvider - [id: 0xdb7d5510, L:/127.0.0.1:50268 - R:localhost/127.0.0.1:8081] Channel acquired, now 11 active connections and 53 inactive connections
20:40:47.146 [reactor-http-nio-12] DEBUG reactor.netty.http.client.HttpClientConnect - [id: 0xdb7d5510, L:/127.0.0.1:50268 - R:localhost/127.0.0.1:8081] Handler is being applied: {uri=http://localhost:8081/getAttractions, method=GET}
20:40:47.146 [pool-14-thread-14] DEBUG org.springframework.web.reactive.function.client.ExchangeFunctions - [415c1ac1] HTTP GET http://localhost:8081/getAttractions
20:40:47.146 [reactor-http-nio-11] DEBUG reactor.netty.resources.PooledConnectionProvider - [id: 0xad9667d1, L:/127.0.0.1:50248 - R:localhost/127.0.0.1:8081] onStateChange(GET{uri=/getAttractions, connection=PooledConnection{channel=[id: 0xad9667d1, L:/127.0.0.1:50248 - R:localhost/127.0.0.1:8081]}}, [request_sent])
20:40:47.146 [pool-14-thread-15] DEBUG org.springframework.web.reactive.function.client.ExchangeFunctions - [3521034a] HTTP GET http://localhost:8081/getAttractions
20:40:47.147 [reactor-http-nio-14] DEBUG reactor.netty.resources.PooledConnectionProvider - [id: 0xcd551a5c, L:/127.0.0.1:50302 - R:localhost/127.0.0.1:8081] Channel acquired, now 12 active connections and 52 inactive connections
20:40:47.147 [pool-14-thread-16] DEBUG org.springframework.web.reactive.function.client.ExchangeFunctions - [3f5a663b] HTTP GET http://localhost:8081/getAttractions
20:40:47.147 [reactor-http-nio-12] DEBUG reactor.netty.resources.PooledConnectionProvider - [id: 0xdb7d5510, L:/127.0.0.1:50268 - R:localhost/127.0.0.1:8081] onStateChange(GET{uri=/getAttractions, connection=PooledConnection{channel=[id: 0xdb7d5510, L:/127.0.0.1:50268 - R:localhost/127.0.0.1:8081]}}, [request_sent])
20:40:47.147 [reactor-http-nio-14] DEBUG reactor.netty.http.client.HttpClientConnect - [id: 0xcd551a5c, L:/127.0.0.1:50302 - R:localhost/127.0.0.1:8081] Handler is being applied: {uri=http://localhost:8081/getAttractions, method=GET}
20:40:47.147 [reactor-http-nio-12] DEBUG reactor.netty.resources.PooledConnectionProvider - [id: 0x9cfe3e33, L:/127.0.0.1:50249 - R:localhost/127.0.0.1:8081] Channel acquired, now 13 active connections and 51 inactive connections
20:40:47.147 [reactor-http-nio-12] DEBUG reactor.netty.http.client.HttpClientConnect - [id: 0x9cfe3e33, L:/127.0.0.1:50249 - R:localhost/127.0.0.1:8081] Handler is being applied: {uri=http://localhost:8081/getAttractions, method=GET}
20:40:47.147 [pool-14-thread-17] DEBUG org.springframework.web.reactive.function.client.ExchangeFunctions - [290fb562] HTTP GET http://localhost:8081/getAttractions
20:40:47.147 [reactor-http-nio-14] DEBUG reactor.netty.resources.PooledConnectionProvider - [id: 0xcd551a5c, L:/127.0.0.1:50302 - R:localhost/127.0.0.1:8081] onStateChange(GET{uri=/getAttractions, connection=PooledConnection{channel=[id: 0xcd551a5c, L:/127.0.0.1:50302 - R:localhost/127.0.0.1:8081]}}, [request_sent])
20:40:47.148 [reactor-http-nio-15] DEBUG reactor.netty.resources.PooledConnectionProvider - [id: 0x21231b13, L:/127.0.0.1:50274 - R:localhost/127.0.0.1:8081] Channel acquired, now 14 active connections and 50 inactive connections
20:40:47.148 [pool-14-thread-18] DEBUG org.springframework.web.reactive.function.client.ExchangeFunctions - [733315b6] HTTP GET http://localhost:8081/getAttractions
20:40:47.148 [reactor-http-nio-12] DEBUG reactor.netty.resources.PooledConnectionProvider - [id: 0x9cfe3e33, L:/127.0.0.1:50249 - R:localhost/127.0.0.1:8081] onStateChange(GET{uri=/getAttractions, connection=PooledConnection{channel=[id: 0x9cfe3e33, L:/127.0.0.1:50249 - R:localhost/127.0.0.1:8081]}}, [request_sent])
20:40:47.148 [reactor-http-nio-15] DEBUG reactor.netty.http.client.HttpClientConnect - [id: 0x21231b13, L:/127.0.0.1:50274 - R:localhost/127.0.0.1:8081] Handler is being applied: {uri=http://localhost:8081/getAttractions, method=GET}
20:40:47.148 [reactor-http-nio-14] DEBUG reactor.netty.resources.PooledConnectionProvider - [id: 0x9dcbcf4f, L:/127.0.0.1:50254 - R:localhost/127.0.0.1:8081] Channel acquired, now 15 active connections and 49 inactive connections
20:40:47.148 [reactor-http-nio-14] DEBUG reactor.netty.http.client.HttpClientConnect - [id: 0x9dcbcf4f, L:/127.0.0.1:50254 - R:localhost/127.0.0.1:8081] Handler is being applied: {uri=http://localhost:8081/getAttractions, method=GET}
20:40:47.148 [reactor-http-nio-2] DEBUG reactor.netty.resources.PooledConnectionProvider - [id: 0xce2d8eaa, L:/127.0.0.1:50295 - R:localhost/127.0.0.1:8081] Channel acquired, now 16 active connections and 48 inactive connections
20:40:47.148 [pool-14-thread-19] DEBUG org.springframework.web.reactive.function.client.ExchangeFunctions - [5a77050e] HTTP GET http://localhost:8081/getAttractions
20:40:47.148 [reactor-http-nio-12] DEBUG reactor.netty.resources.PooledConnectionProvider - [id: 0xa6263615, L:/127.0.0.1:50308 - R:localhost/127.0.0.1:8081] Channel acquired, now 17 active connections and 47 inactive connections
20:40:47.148 [reactor-http-nio-15] DEBUG reactor.netty.resources.PooledConnectionProvider - [id: 0x21231b13, L:/127.0.0.1:50274 - R:localhost/127.0.0.1:8081] onStateChange(GET{uri=/getAttractions, connection=PooledConnection{channel=[id: 0x21231b13, L:/127.0.0.1:50274 - R:localhost/127.0.0.1:8081]}}, [request_sent])
20:40:47.148 [reactor-http-nio-12] DEBUG reactor.netty.http.client.HttpClientConnect - [id: 0xa6263615, L:/127.0.0.1:50308 - R:localhost/127.0.0.1:8081] Handler is being applied: {uri=http://localhost:8081/getAttractions, method=GET}
20:40:47.148 [pool-14-thread-20] DEBUG org.springframework.web.reactive.function.client.ExchangeFunctions - [33296e60] HTTP GET http://localhost:8081/getAttractions
20:40:47.148 [reactor-http-nio-2] DEBUG reactor.netty.http.client.HttpClientConnect - [id: 0xce2d8eaa, L:/127.0.0.1:50295 - R:localhost/127.0.0.1:8081] Handler is being applied: {uri=http://localhost:8081/getAttractions, method=GET}
20:40:47.149 [reactor-http-nio-14] DEBUG reactor.netty.resources.PooledConnectionProvider - [id: 0x9dcbcf4f, L:/127.0.0.1:50254 - R:localhost/127.0.0.1:8081] onStateChange(GET{uri=/getAttractions, connection=PooledConnection{channel=[id: 0x9dcbcf4f, L:/127.0.0.1:50254 - R:localhost/127.0.0.1:8081]}}, [request_sent])
20:40:47.148 [reactor-http-nio-16] DEBUG reactor.netty.resources.PooledConnectionProvider - [id: 0x30c6031c, L:/127.0.0.1:50292 - R:localhost/127.0.0.1:8081] Channel acquired, now 18 active connections and 46 inactive connections
20:40:47.149 [reactor-http-nio-12] DEBUG reactor.netty.resources.PooledConnectionProvider - [id: 0xa6263615, L:/127.0.0.1:50308 - R:localhost/127.0.0.1:8081] onStateChange(GET{uri=/getAttractions, connection=PooledConnection{channel=[id: 0xa6263615, L:/127.0.0.1:50308 - R:localhost/127.0.0.1:8081]}}, [request_sent])
20:40:47.149 [reactor-http-nio-12] DEBUG reactor.netty.resources.PooledConnectionProvider - [id: 0xbbaa0872, L:/127.0.0.1:50269 - R:localhost/127.0.0.1:8081] Channel acquired, now 19 active connections and 45 inactive connections
20:40:47.149 [reactor-http-nio-12] DEBUG reactor.netty.http.client.HttpClientConnect - [id: 0xbbaa0872, L:/127.0.0.1:50269 - R:localhost/127.0.0.1:8081] Handler is being applied: {uri=http://localhost:8081/getAttractions, method=GET}
20:40:47.149 [reactor-http-nio-16] DEBUG reactor.netty.http.client.HttpClientConnect - [id: 0x30c6031c, L:/127.0.0.1:50292 - R:localhost/127.0.0.1:8081] Handler is being applied: {uri=http://localhost:8081/getAttractions, method=GET}
20:40:47.149 [pool-14-thread-21] DEBUG org.springframework.web.reactive.function.client.ExchangeFunctions - [578d14cb] HTTP GET http://localhost:8081/getAttractions
20:40:47.149 [reactor-http-nio-2] DEBUG reactor.netty.resources.PooledConnectionProvider - [id: 0xce2d8eaa, L:/127.0.0.1:50295 - R:localhost/127.0.0.1:8081] onStateChange(GET{uri=/getAttractions, connection=PooledConnection{channel=[id: 0xce2d8eaa, L:/127.0.0.1:50295 - R:localhost/127.0.0.1:8081]}}, [request_sent])
20:40:47.150 [reactor-http-nio-12] DEBUG reactor.netty.resources.PooledConnectionProvider - [id: 0xbbaa0872, L:/127.0.0.1:50269 - R:localhost/127.0.0.1:8081] onStateChange(GET{uri=/getAttractions, connection=PooledConnection{channel=[id: 0xbbaa0872, L:/127.0.0.1:50269 - R:localhost/127.0.0.1:8081]}}, [request_sent])
20:40:47.150 [pool-14-thread-22] DEBUG org.springframework.web.reactive.function.client.ExchangeFunctions - [25d682d9] HTTP GET http://localhost:8081/getAttractions
20:40:47.150 [reactor-http-nio-16] DEBUG reactor.netty.resources.PooledConnectionProvider - [id: 0x30c6031c, L:/127.0.0.1:50292 - R:localhost/127.0.0.1:8081] onStateChange(GET{uri=/getAttractions, connection=PooledConnection{channel=[id: 0x30c6031c, L:/127.0.0.1:50292 - R:localhost/127.0.0.1:8081]}}, [request_sent])
20:40:47.150 [reactor-http-nio-14] DEBUG reactor.netty.resources.PooledConnectionProvider - [id: 0x8d5a3bc9, L:/127.0.0.1:50303 - R:localhost/127.0.0.1:8081] Channel acquired, now 20 active connections and 44 inactive connections
20:40:47.150 [reactor-http-nio-2] DEBUG reactor.netty.resources.PooledConnectionProvider - [id: 0xb9fd1fe8, L:/127.0.0.1:50299 - R:localhost/127.0.0.1:8081] Channel acquired, now 21 active connections and 43 inactive connections
20:40:47.150 [reactor-http-nio-2] DEBUG reactor.netty.http.client.HttpClientConnect - [id: 0xb9fd1fe8, L:/127.0.0.1:50299 - R:localhost/127.0.0.1:8081] Handler is being applied: {uri=http://localhost:8081/getAttractions, method=GET}
20:40:47.150 [reactor-http-nio-14] DEBUG reactor.netty.http.client.HttpClientConnect - [id: 0x8d5a3bc9, L:/127.0.0.1:50303 - R:localhost/127.0.0.1:8081] Handler is being applied: {uri=http://localhost:8081/getAttractions, method=GET}
20:40:47.150 [pool-14-thread-23] DEBUG org.springframework.web.reactive.function.client.ExchangeFunctions - [3dd22619] HTTP GET http://localhost:8081/getAttractions
20:40:47.151 [reactor-http-nio-14] DEBUG reactor.netty.resources.PooledConnectionProvider - [id: 0x8d5a3bc9, L:/127.0.0.1:50303 - R:localhost/127.0.0.1:8081] onStateChange(GET{uri=/getAttractions, connection=PooledConnection{channel=[id: 0x8d5a3bc9, L:/127.0.0.1:50303 - R:localhost/127.0.0.1:8081]}}, [request_sent])
20:40:47.150 [reactor-http-nio-16] DEBUG reactor.netty.resources.PooledConnectionProvider - [id: 0x55a55ac0, L:/127.0.0.1:50255 - R:localhost/127.0.0.1:8081] Channel acquired, now 22 active connections and 42 inactive connections
20:40:47.151 [reactor-http-nio-16] DEBUG reactor.netty.http.client.HttpClientConnect - [id: 0x55a55ac0, L:/127.0.0.1:50255 - R:localhost/127.0.0.1:8081] Handler is being applied: {uri=http://localhost:8081/getAttractions, method=GET}
20:40:47.151 [reactor-http-nio-2] DEBUG reactor.netty.resources.PooledConnectionProvider - [id: 0xb9fd1fe8, L:/127.0.0.1:50299 - R:localhost/127.0.0.1:8081] onStateChange(GET{uri=/getAttractions, connection=PooledConnection{channel=[id: 0xb9fd1fe8, L:/127.0.0.1:50299 - R:localhost/127.0.0.1:8081]}}, [request_sent])
20:40:47.151 [pool-14-thread-24] DEBUG org.springframework.web.reactive.function.client.ExchangeFunctions - [48554300] HTTP GET http://localhost:8081/getAttractions
20:40:47.151 [pool-14-thread-25] DEBUG org.springframework.web.reactive.function.client.ExchangeFunctions - [7d71f7b0] HTTP GET http://localhost:8081/getAttractions
20:40:47.151 [reactor-http-nio-12] DEBUG reactor.netty.resources.PooledConnectionProvider - [id: 0x0d270386, L:/127.0.0.1:50279 - R:localhost/127.0.0.1:8081] Channel acquired, now 23 active connections and 41 inactive connections
20:40:47.151 [reactor-http-nio-10] DEBUG reactor.netty.resources.PooledConnectionProvider - [id: 0x8372a394, L:/127.0.0.1:50252 - R:localhost/127.0.0.1:8081] Channel acquired, now 24 active connections and 40 inactive connections
20:40:47.151 [reactor-http-nio-12] DEBUG reactor.netty.http.client.HttpClientConnect - [id: 0x0d270386, L:/127.0.0.1:50279 - R:localhost/127.0.0.1:8081] Handler is being applied: {uri=http://localhost:8081/getAttractions, method=GET}
20:40:47.151 [reactor-http-nio-10] DEBUG reactor.netty.http.client.HttpClientConnect - [id: 0x8372a394, L:/127.0.0.1:50252 - R:localhost/127.0.0.1:8081] Handler is being applied: {uri=http://localhost:8081/getAttractions, method=GET}
20:40:47.151 [pool-14-thread-26] DEBUG org.springframework.web.reactive.function.client.ExchangeFunctions - [6313f6b9] HTTP GET http://localhost:8081/getAttractions
20:40:47.152 [reactor-http-nio-16] DEBUG reactor.netty.resources.PooledConnectionProvider - [id: 0x55a55ac0, L:/127.0.0.1:50255 - R:localhost/127.0.0.1:8081] onStateChange(GET{uri=/getAttractions, connection=PooledConnection{channel=[id: 0x55a55ac0, L:/127.0.0.1:50255 - R:localhost/127.0.0.1:8081]}}, [request_sent])
20:40:47.152 [reactor-http-nio-10] DEBUG reactor.netty.resources.PooledConnectionProvider - [id: 0x8372a394, L:/127.0.0.1:50252 - R:localhost/127.0.0.1:8081] onStateChange(GET{uri=/getAttractions, connection=PooledConnection{channel=[id: 0x8372a394, L:/127.0.0.1:50252 - R:localhost/127.0.0.1:8081]}}, [request_sent])
20:40:47.152 [reactor-http-nio-11] DEBUG reactor.netty.resources.PooledConnectionProvider - [id: 0x5ee0aef5, L:/127.0.0.1:50263 - R:localhost/127.0.0.1:8081] Channel acquired, now 25 active connections and 39 inactive connections
20:40:47.152 [pool-14-thread-27] DEBUG org.springframework.web.reactive.function.client.ExchangeFunctions - [31e3fdf9] HTTP GET http://localhost:8081/getAttractions
20:40:47.152 [reactor-http-nio-14] DEBUG reactor.netty.resources.PooledConnectionProvider - [id: 0x37820d17, L:/127.0.0.1:50283 - R:localhost/127.0.0.1:8081] Channel acquired, now 27 active connections and 37 inactive connections
20:40:47.152 [reactor-http-nio-14] DEBUG reactor.netty.http.client.HttpClientConnect - [id: 0x37820d17, L:/127.0.0.1:50283 - R:localhost/127.0.0.1:8081] Handler is being applied: {uri=http://localhost:8081/getAttractions, method=GET}
20:40:47.152 [reactor-http-nio-12] DEBUG reactor.netty.resources.PooledConnectionProvider - [id: 0x0d270386, L:/127.0.0.1:50279 - R:localhost/127.0.0.1:8081] onStateChange(GET{uri=/getAttractions, connection=PooledConnection{channel=[id: 0x0d270386, L:/127.0.0.1:50279 - R:localhost/127.0.0.1:8081]}}, [request_sent])
20:40:47.152 [reactor-http-nio-16] DEBUG reactor.netty.resources.PooledConnectionProvider - [id: 0xb476bc26, L:/127.0.0.1:50260 - R:localhost/127.0.0.1:8081] Channel acquired, now 26 active connections and 38 inactive connections
20:40:47.152 [pool-14-thread-28] DEBUG org.springframework.web.reactive.function.client.ExchangeFunctions - [11980ef1] HTTP GET http://localhost:8081/getAttractions
20:40:47.152 [reactor-http-nio-16] DEBUG reactor.netty.http.client.HttpClientConnect - [id: 0xb476bc26, L:/127.0.0.1:50260 - R:localhost/127.0.0.1:8081] Handler is being applied: {uri=http://localhost:8081/getAttractions, method=GET}
20:40:47.152 [reactor-http-nio-11] DEBUG reactor.netty.http.client.HttpClientConnect - [id: 0x5ee0aef5, L:/127.0.0.1:50263 - R:localhost/127.0.0.1:8081] Handler is being applied: {uri=http://localhost:8081/getAttractions, method=GET}
20:40:47.153 [pool-14-thread-29] DEBUG org.springframework.web.reactive.function.client.ExchangeFunctions - [41612860] HTTP GET http://localhost:8081/getAttractions
20:40:47.153 [reactor-http-nio-16] DEBUG reactor.netty.resources.PooledConnectionProvider - [id: 0xb476bc26, L:/127.0.0.1:50260 - R:localhost/127.0.0.1:8081] onStateChange(GET{uri=/getAttractions, connection=PooledConnection{channel=[id: 0xb476bc26, L:/127.0.0.1:50260 - R:localhost/127.0.0.1:8081]}}, [request_sent])
20:40:47.153 [reactor-http-nio-11] DEBUG reactor.netty.resources.PooledConnectionProvider - [id: 0x5ee0aef5, L:/127.0.0.1:50263 - R:localhost/127.0.0.1:8081] onStateChange(GET{uri=/getAttractions, connection=PooledConnection{channel=[id: 0x5ee0aef5, L:/127.0.0.1:50263 - R:localhost/127.0.0.1:8081]}}, [request_sent])
20:40:47.153 [pool-14-thread-30] DEBUG org.springframework.web.reactive.function.client.ExchangeFunctions - [1aee4e79] HTTP GET http://localhost:8081/getAttractions
20:40:47.153 [reactor-http-nio-14] DEBUG reactor.netty.resources.PooledConnectionProvider - [id: 0x37820d17, L:/127.0.0.1:50283 - R:localhost/127.0.0.1:8081] onStateChange(GET{uri=/getAttractions, connection=PooledConnection{channel=[id: 0x37820d17, L:/127.0.0.1:50283 - R:localhost/127.0.0.1:8081]}}, [request_sent])
20:40:47.153 [reactor-http-nio-16] DEBUG reactor.netty.resources.PooledConnectionProvider - [id: 0x33d4d541, L:/127.0.0.1:50281 - R:localhost/127.0.0.1:8081] Channel acquired, now 29 active connections and 35 inactive connections
20:40:47.153 [reactor-http-nio-11] DEBUG reactor.netty.resources.PooledConnectionProvider - [id: 0xf4ffa1a5, L:/127.0.0.1:50267 - R:localhost/127.0.0.1:8081] Channel acquired, now 28 active connections and 36 inactive connections
20:40:47.153 [reactor-http-nio-16] DEBUG reactor.netty.http.client.HttpClientConnect - [id: 0x33d4d541, L:/127.0.0.1:50281 - R:localhost/127.0.0.1:8081] Handler is being applied: {uri=http://localhost:8081/getAttractions, method=GET}
20:40:47.153 [reactor-http-nio-11] DEBUG reactor.netty.http.client.HttpClientConnect - [id: 0xf4ffa1a5, L:/127.0.0.1:50267 - R:localhost/127.0.0.1:8081] Handler is being applied: {uri=http://localhost:8081/getAttractions, method=GET}
20:40:47.154 [reactor-http-nio-14] DEBUG reactor.netty.resources.PooledConnectionProvider - [id: 0xeea4a5eb, L:/127.0.0.1:50301 - R:localhost/127.0.0.1:8081] Channel acquired, now 30 active connections and 34 inactive connections
20:40:47.154 [reactor-http-nio-10] DEBUG reactor.netty.resources.PooledConnectionProvider - [id: 0x78591639, L:/127.0.0.1:50280 - R:localhost/127.0.0.1:8081] Channel acquired, now 31 active connections and 33 inactive connections
20:40:47.154 [reactor-http-nio-10] DEBUG reactor.netty.http.client.HttpClientConnect - [id: 0x78591639, L:/127.0.0.1:50280 - R:localhost/127.0.0.1:8081] Handler is being applied: {uri=http://localhost:8081/getAttractions, method=GET}
20:40:47.154 [reactor-http-nio-16] DEBUG reactor.netty.resources.PooledConnectionProvider - [id: 0x33d4d541, L:/127.0.0.1:50281 - R:localhost/127.0.0.1:8081] onStateChange(GET{uri=/getAttractions, connection=PooledConnection{channel=[id: 0x33d4d541, L:/127.0.0.1:50281 - R:localhost/127.0.0.1:8081]}}, [request_sent])
20:40:47.154 [pool-14-thread-32] DEBUG org.springframework.web.reactive.function.client.ExchangeFunctions - [7c22f64b] HTTP GET http://localhost:8081/getAttractions
20:40:47.154 [pool-14-thread-31] DEBUG org.springframework.web.reactive.function.client.ExchangeFunctions - [16b35913] HTTP GET http://localhost:8081/getAttractions
20:40:47.154 [pool-14-thread-33] DEBUG org.springframework.web.reactive.function.client.ExchangeFunctions - [212dbc8e] HTTP GET http://localhost:8081/getAttractions
20:40:47.155 [reactor-http-nio-15] DEBUG reactor.netty.resources.PooledConnectionProvider - [id: 0x9e2c9a54, L:/127.0.0.1:50246 - R:localhost/127.0.0.1:8081] Channel acquired, now 32 active connections and 32 inactive connections
20:40:47.154 [reactor-http-nio-14] DEBUG reactor.netty.http.client.HttpClientConnect - [id: 0xeea4a5eb, L:/127.0.0.1:50301 - R:localhost/127.0.0.1:8081] Handler is being applied: {uri=http://localhost:8081/getAttractions, method=GET}
20:40:47.155 [reactor-http-nio-15] DEBUG reactor.netty.http.client.HttpClientConnect - [id: 0x9e2c9a54, L:/127.0.0.1:50246 - R:localhost/127.0.0.1:8081] Handler is being applied: {uri=http://localhost:8081/getAttractions, method=GET}
20:40:47.154 [reactor-http-nio-11] DEBUG reactor.netty.resources.PooledConnectionProvider - [id: 0xf4ffa1a5, L:/127.0.0.1:50267 - R:localhost/127.0.0.1:8081] onStateChange(GET{uri=/getAttractions, connection=PooledConnection{channel=[id: 0xf4ffa1a5, L:/127.0.0.1:50267 - R:localhost/127.0.0.1:8081]}}, [request_sent])
20:40:47.155 [reactor-http-nio-16] DEBUG reactor.netty.http.client.HttpClientOperations - [id: 0x736d1567, L:/127.0.0.1:50275 - R:localhost/127.0.0.1:8081] Received response (auto-read:false) : [Content-Type=application/json, Transfer-Encoding=chunked, Date=Fri, 11 Jun 2021 15:10:46 GMT]
20:40:47.155 [reactor-http-nio-16] DEBUG reactor.netty.resources.PooledConnectionProvider - [id: 0x736d1567, L:/127.0.0.1:50275 - R:localhost/127.0.0.1:8081] onStateChange(GET{uri=/getAttractions, connection=PooledConnection{channel=[id: 0x736d1567, L:/127.0.0.1:50275 - R:localhost/127.0.0.1:8081]}}, [response_received])
20:40:47.155 [reactor-http-nio-15] DEBUG reactor.netty.resources.PooledConnectionProvider - [id: 0x9e2c9a54, L:/127.0.0.1:50246 - R:localhost/127.0.0.1:8081] onStateChange(GET{uri=/getAttractions, connection=PooledConnection{channel=[id: 0x9e2c9a54, L:/127.0.0.1:50246 - R:localhost/127.0.0.1:8081]}}, [request_sent])
20:40:47.155 [reactor-http-nio-16] DEBUG org.springframework.web.reactive.function.client.ExchangeFunctions - [1a944b8c] Response 200 OK
20:40:47.154 [reactor-http-nio-10] DEBUG reactor.netty.resources.PooledConnectionProvider - [id: 0x78591639, L:/127.0.0.1:50280 - R:localhost/127.0.0.1:8081] onStateChange(GET{uri=/getAttractions, connection=PooledConnection{channel=[id: 0x78591639, L:/127.0.0.1:50280 - R:localhost/127.0.0.1:8081]}}, [request_sent])
20:40:47.156 [reactor-http-nio-13] DEBUG reactor.netty.http.client.HttpClientOperations - [id: 0x86f0206d, L:/127.0.0.1:50296 - R:localhost/127.0.0.1:8081] Received response (auto-read:false) : [Content-Type=application/json, Transfer-Encoding=chunked, Date=Fri, 11 Jun 2021 15:10:46 GMT]
20:40:47.156 [reactor-http-nio-16] DEBUG reactor.netty.channel.FluxReceive - [id: 0x736d1567, L:/127.0.0.1:50275 - R:localhost/127.0.0.1:8081] Subscribing inbound receiver [pending: 0, cancelled:false, inboundDone: false]
20:40:47.156 [pool-14-thread-35] DEBUG org.springframework.web.reactive.function.client.ExchangeFunctions - [124bb389] HTTP GET http://localhost:8081/getAttractions
20:40:47.155 [reactor-http-nio-14] DEBUG reactor.netty.resources.PooledConnectionProvider - [id: 0xeea4a5eb, L:/127.0.0.1:50301 - R:localhost/127.0.0.1:8081] onStateChange(GET{uri=/getAttractions, connection=PooledConnection{channel=[id: 0xeea4a5eb, L:/127.0.0.1:50301 - R:localhost/127.0.0.1:8081]}}, [request_sent])
20:40:47.156 [reactor-http-nio-12] DEBUG reactor.netty.http.client.HttpClientOperations - [id: 0x76564411, L:/127.0.0.1:50307 - R:localhost/127.0.0.1:8081] Received response (auto-read:false) : [Content-Type=application/json, Transfer-Encoding=chunked, Date=Fri, 11 Jun 2021 15:10:46 GMT]
20:40:47.156 [reactor-http-nio-12] DEBUG reactor.netty.resources.PooledConnectionProvider - [id: 0x76564411, L:/127.0.0.1:50307 - R:localhost/127.0.0.1:8081] onStateChange(GET{uri=/getAttractions, connection=PooledConnection{channel=[id: 0x76564411, L:/127.0.0.1:50307 - R:localhost/127.0.0.1:8081]}}, [response_received])
20:40:47.156 [reactor-http-nio-14] DEBUG reactor.netty.http.client.HttpClientOperations - [id: 0xdc980221, L:/127.0.0.1:50298 - R:localhost/127.0.0.1:8081] Received response (auto-read:false) : [Content-Type=application/json, Transfer-Encoding=chunked, Date=Fri, 11 Jun 2021 15:10:46 GMT]
20:40:47.156 [reactor-http-nio-14] DEBUG reactor.netty.resources.PooledConnectionProvider - [id: 0xdc980221, L:/127.0.0.1:50298 - R:localhost/127.0.0.1:8081] onStateChange(GET{uri=/getAttractions, connection=PooledConnection{channel=[id: 0xdc980221, L:/127.0.0.1:50298 - R:localhost/127.0.0.1:8081]}}, [response_received])
20:40:47.156 [reactor-http-nio-12] DEBUG org.springframework.web.reactive.function.client.ExchangeFunctions - [29a533a0] Response 200 OK
20:40:47.155 [pool-14-thread-34] DEBUG org.springframework.web.reactive.function.client.ExchangeFunctions - [67a4c53d] HTTP GET http://localhost:8081/getAttractions
20:40:47.157 [reactor-http-nio-10] DEBUG reactor.netty.http.client.HttpClientOperations - [id: 0x89be4937, L:/127.0.0.1:50258 - R:localhost/127.0.0.1:8081] Received response (auto-read:false) : [Content-Type=application/json, Transfer-Encoding=chunked, Date=Fri, 11 Jun 2021 15:10:46 GMT]
20:40:47.156 [reactor-http-nio-13] DEBUG reactor.netty.resources.PooledConnectionProvider - [id: 0x86f0206d, L:/127.0.0.1:50296 - R:localhost/127.0.0.1:8081] onStateChange(GET{uri=/getAttractions, connection=PooledConnection{channel=[id: 0x86f0206d, L:/127.0.0.1:50296 - R:localhost/127.0.0.1:8081]}}, [response_received])
20:40:47.157 [reactor-http-nio-10] DEBUG reactor.netty.resources.PooledConnectionProvider - [id: 0x89be4937, L:/127.0.0.1:50258 - R:localhost/127.0.0.1:8081] onStateChange(GET{uri=/getAttractions, connection=PooledConnection{channel=[id: 0x89be4937, L:/127.0.0.1:50258 - R:localhost/127.0.0.1:8081]}}, [response_received])
20:40:47.157 [reactor-http-nio-13] DEBUG org.springframework.web.reactive.function.client.ExchangeFunctions - [18f71a5] Response 200 OK
20:40:47.156 [reactor-http-nio-2] DEBUG reactor.netty.http.client.HttpClientOperations - [id: 0x7ef0c167, L:/127.0.0.1:50300 - R:localhost/127.0.0.1:8081] Received response (auto-read:false) : [Content-Type=application/json, Transfer-Encoding=chunked, Date=Fri, 11 Jun 2021 15:10:46 GMT]
20:40:47.157 [reactor-http-nio-2] DEBUG reactor.netty.resources.PooledConnectionProvider - [id: 0x7ef0c167, L:/127.0.0.1:50300 - R:localhost/127.0.0.1:8081] onStateChange(GET{uri=/getAttractions, connection=PooledConnection{channel=[id: 0x7ef0c167, L:/127.0.0.1:50300 - R:localhost/127.0.0.1:8081]}}, [response_received])
20:40:47.157 [pool-14-thread-36] DEBUG org.springframework.web.reactive.function.client.ExchangeFunctions - [71c405d5] HTTP GET http://localhost:8081/getAttractions
20:40:47.157 [reactor-http-nio-13] DEBUG reactor.netty.channel.FluxReceive - [id: 0x86f0206d, L:/127.0.0.1:50296 - R:localhost/127.0.0.1:8081] Subscribing inbound receiver [pending: 0, cancelled:false, inboundDone: false]
20:40:47.156 [reactor-http-nio-16] DEBUG reactor.netty.http.client.HttpClientOperations - [id: 0x736d1567, L:/127.0.0.1:50275 - R:localhost/127.0.0.1:8081] Received last HTTP packet
20:40:47.157 [reactor-http-nio-11] DEBUG reactor.netty.http.client.HttpClientOperations - [id: 0xad9667d1, L:/127.0.0.1:50248 - R:localhost/127.0.0.1:8081] Received response (auto-read:false) : [Content-Type=application/json, Transfer-Encoding=chunked, Date=Fri, 11 Jun 2021 15:10:46 GMT]
20:40:47.157 [reactor-http-nio-11] DEBUG reactor.netty.resources.PooledConnectionProvider - [id: 0xad9667d1, L:/127.0.0.1:50248 - R:localhost/127.0.0.1:8081] onStateChange(GET{uri=/getAttractions, connection=PooledConnection{channel=[id: 0xad9667d1, L:/127.0.0.1:50248 - R:localhost/127.0.0.1:8081]}}, [response_received])
20:40:47.156 [reactor-http-nio-14] DEBUG org.springframework.web.reactive.function.client.ExchangeFunctions - [67a18c50] Response 200 OK
20:40:47.157 [reactor-http-nio-11] DEBUG org.springframework.web.reactive.function.client.ExchangeFunctions - [4e04d657] Response 200 OK
20:40:47.157 [reactor-http-nio-13] DEBUG reactor.netty.http.client.HttpClientOperations - [id: 0x86f0206d, L:/127.0.0.1:50296 - R:localhost/127.0.0.1:8081] Received last HTTP packet
20:40:47.157 [reactor-http-nio-16] DEBUG org.springframework.core.codec.StringDecoder - [1a944b8c] Decoded "[{"longitude":-117.922008,"latitude":33.817595,"attractionName":"Disneyland","city":"Anaheim","stat (truncated)...
20:40:47.158 [reactor-http-nio-16] DEBUG reactor.netty.resources.PooledConnectionProvider - [id: 0x736d1567, L:/127.0.0.1:50275 - R:localhost/127.0.0.1:8081] onStateChange(GET{uri=/getAttractions, connection=PooledConnection{channel=[id: 0x736d1567, L:/127.0.0.1:50275 - R:localhost/127.0.0.1:8081]}}, [disconnecting])
20:40:47.158 [reactor-http-nio-14] DEBUG reactor.netty.channel.FluxReceive - [id: 0xdc980221, L:/127.0.0.1:50298 - R:localhost/127.0.0.1:8081] Subscribing inbound receiver [pending: 0, cancelled:false, inboundDone: false]
20:40:47.157 [reactor-http-nio-12] DEBUG reactor.netty.channel.FluxReceive - [id: 0x76564411, L:/127.0.0.1:50307 - R:localhost/127.0.0.1:8081] Subscribing inbound receiver [pending: 0, cancelled:false, inboundDone: false]
20:40:47.158 [reactor-http-nio-13] DEBUG org.springframework.core.codec.StringDecoder - [18f71a5] Decoded "[{"longitude":-117.922008,"latitude":33.817595,"attractionName":"Disneyland","city":"Anaheim","stat (truncated)...
20:40:47.158 [reactor-http-nio-14] DEBUG reactor.netty.http.client.HttpClientOperations - [id: 0xdc980221, L:/127.0.0.1:50298 - R:localhost/127.0.0.1:8081] Received last HTTP packet
20:40:47.158 [reactor-http-nio-13] DEBUG reactor.netty.resources.PooledConnectionProvider - [id: 0x86f0206d, L:/127.0.0.1:50296 - R:localhost/127.0.0.1:8081] onStateChange(GET{uri=/getAttractions, connection=PooledConnection{channel=[id: 0x86f0206d, L:/127.0.0.1:50296 - R:localhost/127.0.0.1:8081]}}, [disconnecting])
20:40:47.158 [reactor-http-nio-13] DEBUG reactor.netty.resources.PooledConnectionProvider - [id: 0x86f0206d, L:/127.0.0.1:50296 - R:localhost/127.0.0.1:8081] Releasing channel
20:40:47.158 [reactor-http-nio-13] DEBUG reactor.netty.resources.PooledConnectionProvider - [id: 0x86f0206d, L:/127.0.0.1:50296 - R:localhost/127.0.0.1:8081] Channel cleaned, now 31 active connections and 33 inactive connections
20:40:47.157 [reactor-http-nio-10] DEBUG org.springframework.web.reactive.function.client.ExchangeFunctions - [13256ef1] Response 200 OK
20:40:47.158 [reactor-http-nio-14] DEBUG org.springframework.core.codec.StringDecoder - [67a18c50] Decoded "[{"longitude":-117.922008,"latitude":33.817595,"attractionName":"Disneyland","city":"Anaheim","stat (truncated)...
20:40:47.158 [reactor-http-nio-14] DEBUG reactor.netty.resources.PooledConnectionProvider - [id: 0xdc980221, L:/127.0.0.1:50298 - R:localhost/127.0.0.1:8081] onStateChange(GET{uri=/getAttractions, connection=PooledConnection{channel=[id: 0xdc980221, L:/127.0.0.1:50298 - R:localhost/127.0.0.1:8081]}}, [disconnecting])
20:40:47.158 [reactor-http-nio-14] DEBUG reactor.netty.resources.PooledConnectionProvider - [id: 0xdc980221, L:/127.0.0.1:50298 - R:localhost/127.0.0.1:8081] Releasing channel
20:40:47.158 [reactor-http-nio-14] DEBUG reactor.netty.resources.PooledConnectionProvider - [id: 0xdc980221, L:/127.0.0.1:50298 - R:localhost/127.0.0.1:8081] Channel cleaned, now 30 active connections and 34 inactive connections
20:40:47.158 [reactor-http-nio-10] DEBUG reactor.netty.channel.FluxReceive - [id: 0x89be4937, L:/127.0.0.1:50258 - R:localhost/127.0.0.1:8081] Subscribing inbound receiver [pending: 0, cancelled:false, inboundDone: false]
20:40:47.158 [pool-14-thread-38] DEBUG org.springframework.web.reactive.function.client.ExchangeFunctions - [1b23e620] HTTP GET http://localhost:8081/getAttractions
20:40:47.158 [reactor-http-nio-10] DEBUG reactor.netty.http.client.HttpClientOperations - [id: 0x89be4937, L:/127.0.0.1:50258 - R:localhost/127.0.0.1:8081] Received last HTTP packet
20:40:47.159 [reactor-http-nio-10] DEBUG org.springframework.core.codec.StringDecoder - [13256ef1] Decoded "[{"longitude":-117.922008,"latitude":33.817595,"attractionName":"Disneyland","city":"Anaheim","stat (truncated)...
20:40:47.159 [reactor-http-nio-10] DEBUG reactor.netty.resources.PooledConnectionProvider - [id: 0x89be4937, L:/127.0.0.1:50258 - R:localhost/127.0.0.1:8081] onStateChange(GET{uri=/getAttractions, connection=PooledConnection{channel=[id: 0x89be4937, L:/127.0.0.1:50258 - R:localhost/127.0.0.1:8081]}}, [disconnecting])
20:40:47.159 [reactor-http-nio-10] DEBUG reactor.netty.resources.PooledConnectionProvider - [id: 0x89be4937, L:/127.0.0.1:50258 - R:localhost/127.0.0.1:8081] Releasing channel
20:40:47.159 [reactor-http-nio-10] DEBUG reactor.netty.resources.PooledConnectionProvider - [id: 0x89be4937, L:/127.0.0.1:50258 - R:localhost/127.0.0.1:8081] Channel cleaned, now 29 active connections and 35 inactive connections
20:40:47.159 [pool-14-thread-1] DEBUG org.springframework.web.reactive.function.client.ExchangeFunctions - [1453a6ae] HTTP GET http://localhost:8082/getAttractionRewardPoints?attractionId=dd7b5c28-fdb7-4847-9be5-c7bd8f0b7fb6&userId=23fbd6bf-60c3-451f-a9df-607efaa168ce
20:40:47.157 [reactor-http-nio-2] DEBUG org.springframework.web.reactive.function.client.ExchangeFunctions - [64a6ff86] Response 200 OK
20:40:47.159 [pool-14-thread-2] DEBUG org.springframework.web.reactive.function.client.ExchangeFunctions - [f488fe4] HTTP GET http://localhost:8082/getAttractionRewardPoints?attractionId=9674c363-7e68-4914-94a6-cc0eb1aa5102&userId=d170487e-72e1-4ce4-bd73-4a1408049279
20:40:47.159 [pool-14-thread-39] DEBUG org.springframework.web.reactive.function.client.ExchangeFunctions - [2a26b31d] HTTP GET http://localhost:8081/getAttractions
20:40:47.159 [reactor-http-nio-14] DEBUG reactor.netty.http.client.HttpClientOperations - [id: 0xcd551a5c, L:/127.0.0.1:50302 - R:localhost/127.0.0.1:8081] Received response (auto-read:false) : [Content-Type=application/json, Transfer-Encoding=chunked, Date=Fri, 11 Jun 2021 15:10:46 GMT]
20:40:47.159 [reactor-http-nio-14] DEBUG reactor.netty.resources.PooledConnectionProvider - [id: 0xcd551a5c, L:/127.0.0.1:50302 - R:localhost/127.0.0.1:8081] onStateChange(GET{uri=/getAttractions, connection=PooledConnection{channel=[id: 0xcd551a5c, L:/127.0.0.1:50302 - R:localhost/127.0.0.1:8081]}}, [response_received])
20:40:47.159 [reactor-http-nio-14] DEBUG org.springframework.web.reactive.function.client.ExchangeFunctions - [415c1ac1] Response 200 OK
20:40:47.160 [reactor-http-nio-14] DEBUG reactor.netty.channel.FluxReceive - [id: 0xcd551a5c, L:/127.0.0.1:50302 - R:localhost/127.0.0.1:8081] Subscribing inbound receiver [pending: 0, cancelled:false, inboundDone: false]
20:40:47.158 [pool-14-thread-37] DEBUG org.springframework.web.reactive.function.client.ExchangeFunctions - [1c71f4f9] HTTP GET http://localhost:8081/getAttractions
20:40:47.160 [pool-14-thread-5] DEBUG org.springframework.web.reactive.function.client.ExchangeFunctions - [69667ed4] HTTP GET http://localhost:8082/getAttractionRewardPoints?attractionId=62f01f4a-d6db-43a9-97ee-19e6c3b1092c&userId=6f1bfbe2-5d0e-4f69-a759-5f0ceb9ac8d1
20:40:47.160 [reactor-http-nio-10] DEBUG reactor.netty.resources.PooledConnectionProvider - [id: 0x074029b1, L:/127.0.0.1:50304 - R:localhost/127.0.0.1:8081] Channel acquired, now 30 active connections and 34 inactive connections
20:40:47.160 [reactor-http-nio-10] DEBUG reactor.netty.http.client.HttpClientConnect - [id: 0x074029b1, L:/127.0.0.1:50304 - R:localhost/127.0.0.1:8081] Handler is being applied: {uri=http://localhost:8081/getAttractions, method=GET}
20:40:47.158 [reactor-http-nio-11] DEBUG reactor.netty.channel.FluxReceive - [id: 0xad9667d1, L:/127.0.0.1:50248 - R:localhost/127.0.0.1:8081] Subscribing inbound receiver [pending: 0, cancelled:false, inboundDone: false]
20:40:47.160 [pool-14-thread-9] DEBUG org.springframework.web.reactive.function.client.ExchangeFunctions - [1de292e5] HTTP GET http://localhost:8082/getAttractionRewardPoints?attractionId=a05f06dd-2035-40fe-bb72-adf596203ce7&userId=1da437be-9583-41be-8b6e-c788f717657c
20:40:47.161 [reactor-http-nio-11] DEBUG reactor.netty.http.client.HttpClientOperations - [id: 0xad9667d1, L:/127.0.0.1:50248 - R:localhost/127.0.0.1:8081] Received last HTTP packet
20:40:47.161 [pool-14-thread-40] DEBUG org.springframework.web.reactive.function.client.ExchangeFunctions - [5f98453e] HTTP GET http://localhost:8081/getAttractions
20:40:47.161 [reactor-http-nio-10] DEBUG reactor.netty.resources.PooledConnectionProvider - [id: 0x074029b1, L:/127.0.0.1:50304 - R:localhost/127.0.0.1:8081] onStateChange(GET{uri=/getAttractions, connection=PooledConnection{channel=[id: 0x074029b1, L:/127.0.0.1:50304 - R:localhost/127.0.0.1:8081]}}, [request_sent])
20:40:47.158 [reactor-http-nio-16] DEBUG reactor.netty.resources.PooledConnectionProvider - [id: 0x736d1567, L:/127.0.0.1:50275 - R:localhost/127.0.0.1:8081] Releasing channel
20:40:47.161 [reactor-http-nio-11] DEBUG org.springframework.core.codec.StringDecoder - [4e04d657] Decoded "[{"longitude":-117.922008,"latitude":33.817595,"attractionName":"Disneyland","city":"Anaheim","stat (truncated)...
20:40:47.161 [reactor-http-nio-16] DEBUG reactor.netty.resources.PooledConnectionProvider - [id: 0x736d1567, L:/127.0.0.1:50275 - R:localhost/127.0.0.1:8081] Channel cleaned, now 29 active connections and 35 inactive connections
20:40:47.161 [reactor-http-nio-11] DEBUG reactor.netty.resources.PooledConnectionProvider - [id: 0xad9667d1, L:/127.0.0.1:50248 - R:localhost/127.0.0.1:8081] onStateChange(GET{uri=/getAttractions, connection=PooledConnection{channel=[id: 0xad9667d1, L:/127.0.0.1:50248 - R:localhost/127.0.0.1:8081]}}, [disconnecting])
20:40:47.161 [reactor-http-nio-11] DEBUG reactor.netty.resources.PooledConnectionProvider - [id: 0xad9667d1, L:/127.0.0.1:50248 - R:localhost/127.0.0.1:8081] Releasing channel
20:40:47.158 [reactor-http-nio-12] DEBUG reactor.netty.http.client.HttpClientOperations - [id: 0x76564411, L:/127.0.0.1:50307 - R:localhost/127.0.0.1:8081] Received last HTTP packet
20:40:47.161 [reactor-http-nio-15] DEBUG reactor.netty.http.client.HttpClientOperations - [id: 0x21231b13, L:/127.0.0.1:50274 - R:localhost/127.0.0.1:8081] Received response (auto-read:false) : [Content-Type=application/json, Transfer-Encoding=chunked, Date=Fri, 11 Jun 2021 15:10:46 GMT]
20:40:47.161 [reactor-http-nio-15] DEBUG reactor.netty.resources.PooledConnectionProvider - [id: 0x21231b13, L:/127.0.0.1:50274 - R:localhost/127.0.0.1:8081] onStateChange(GET{uri=/getAttractions, connection=PooledConnection{channel=[id: 0x21231b13, L:/127.0.0.1:50274 - R:localhost/127.0.0.1:8081]}}, [response_received])
20:40:47.161 [reactor-http-nio-15] DEBUG org.springframework.web.reactive.function.client.ExchangeFunctions - [3f5a663b] Response 200 OK
20:40:47.161 [reactor-http-nio-12] DEBUG org.springframework.core.codec.StringDecoder - [29a533a0] Decoded "[{"longitude":-117.922008,"latitude":33.817595,"attractionName":"Disneyland","city":"Anaheim","stat (truncated)...
20:40:47.161 [reactor-http-nio-16] DEBUG reactor.netty.http.client.HttpClientOperations - [id: 0x30c6031c, L:/127.0.0.1:50292 - R:localhost/127.0.0.1:8081] Received response (auto-read:false) : [Content-Type=application/json, Transfer-Encoding=chunked, Date=Fri, 11 Jun 2021 15:10:46 GMT]
20:40:47.161 [reactor-http-nio-16] DEBUG reactor.netty.resources.PooledConnectionProvider - [id: 0x30c6031c, L:/127.0.0.1:50292 - R:localhost/127.0.0.1:8081] onStateChange(GET{uri=/getAttractions, connection=PooledConnection{channel=[id: 0x30c6031c, L:/127.0.0.1:50292 - R:localhost/127.0.0.1:8081]}}, [response_received])
20:40:47.161 [reactor-http-nio-16] DEBUG org.springframework.web.reactive.function.client.ExchangeFunctions - [733315b6] Response 200 OK
20:40:47.162 [reactor-http-nio-15] DEBUG reactor.netty.channel.FluxReceive - [id: 0x21231b13, L:/127.0.0.1:50274 - R:localhost/127.0.0.1:8081] Subscribing inbound receiver [pending: 0, cancelled:false, inboundDone: false]
20:40:47.162 [reactor-http-nio-16] DEBUG reactor.netty.channel.FluxReceive - [id: 0x30c6031c, L:/127.0.0.1:50292 - R:localhost/127.0.0.1:8081] Subscribing inbound receiver [pending: 0, cancelled:false, inboundDone: false]
20:40:47.162 [reactor-http-nio-13] DEBUG reactor.netty.resources.PooledConnectionProvider - [id: 0xd31561fb, L:/127.0.0.1:50256 - R:localhost/127.0.0.1:8081] Channel acquired, now 29 active connections and 35 inactive connections
20:40:47.162 [reactor-http-nio-15] DEBUG reactor.netty.http.client.HttpClientOperations - [id: 0x21231b13, L:/127.0.0.1:50274 - R:localhost/127.0.0.1:8081] Received last HTTP packet
20:40:47.162 [reactor-http-nio-13] DEBUG reactor.netty.http.client.HttpClientConnect - [id: 0xd31561fb, L:/127.0.0.1:50256 - R:localhost/127.0.0.1:8081] Handler is being applied: {uri=http://localhost:8081/getAttractions, method=GET}
20:40:47.160 [reactor-http-nio-2] DEBUG reactor.netty.channel.FluxReceive - [id: 0x7ef0c167, L:/127.0.0.1:50300 - R:localhost/127.0.0.1:8081] Subscribing inbound receiver [pending: 0, cancelled:false, inboundDone: false]
20:40:47.162 [pool-14-thread-41] DEBUG org.springframework.web.reactive.function.client.ExchangeFunctions - [1a7abe7b] HTTP GET http://localhost:8081/getAttractions
20:40:47.162 [reactor-http-nio-2] DEBUG reactor.netty.http.client.HttpClientOperations - [id: 0x7ef0c167, L:/127.0.0.1:50300 - R:localhost/127.0.0.1:8081] Received last HTTP packet
20:40:47.162 [reactor-http-nio-15] DEBUG org.springframework.core.codec.StringDecoder - [3f5a663b] Decoded "[{"longitude":-117.922008,"latitude":33.817595,"attractionName":"Disneyland","city":"Anaheim","stat (truncated)...
20:40:47.162 [reactor-http-nio-15] DEBUG reactor.netty.resources.PooledConnectionProvider - [id: 0x21231b13, L:/127.0.0.1:50274 - R:localhost/127.0.0.1:8081] onStateChange(GET{uri=/getAttractions, connection=PooledConnection{channel=[id: 0x21231b13, L:/127.0.0.1:50274 - R:localhost/127.0.0.1:8081]}}, [disconnecting])
20:40:47.162 [reactor-http-nio-15] DEBUG reactor.netty.resources.PooledConnectionProvider - [id: 0x21231b13, L:/127.0.0.1:50274 - R:localhost/127.0.0.1:8081] Releasing channel
20:40:47.162 [reactor-http-nio-15] DEBUG reactor.netty.resources.PooledConnectionProvider - [id: 0x21231b13, L:/127.0.0.1:50274 - R:localhost/127.0.0.1:8081] Channel cleaned, now 28 active connections and 36 inactive connections
20:40:47.162 [pool-14-thread-11] DEBUG org.springframework.web.reactive.function.client.ExchangeFunctions - [40c331e7] HTTP GET http://localhost:8082/getAttractionRewardPoints?attractionId=a9116681-59e2-4c91-bfd2-7d1cd2828e9a&userId=816c454d-d322-4805-b497-d3d29659d0bf
20:40:47.162 [reactor-http-nio-2] DEBUG org.springframework.core.codec.StringDecoder - [64a6ff86] Decoded "[{"longitude":-117.922008,"latitude":33.817595,"attractionName":"Disneyland","city":"Anaheim","stat (truncated)...
20:40:47.162 [reactor-http-nio-15] DEBUG reactor.netty.resources.PooledConnectionProvider - [id: 0x802bc0b0] Created new pooled channel, now 0 active connections and 2 inactive connections
20:40:47.162 [reactor-http-nio-2] DEBUG reactor.netty.resources.PooledConnectionProvider - [id: 0x7ef0c167, L:/127.0.0.1:50300 - R:localhost/127.0.0.1:8081] onStateChange(GET{uri=/getAttractions, connection=PooledConnection{channel=[id: 0x7ef0c167, L:/127.0.0.1:50300 - R:localhost/127.0.0.1:8081]}}, [disconnecting])
20:40:47.162 [reactor-http-nio-2] DEBUG reactor.netty.resources.PooledConnectionProvider - [id: 0x7ef0c167, L:/127.0.0.1:50300 - R:localhost/127.0.0.1:8081] Releasing channel
20:40:47.162 [reactor-http-nio-13] DEBUG reactor.netty.resources.PooledConnectionProvider - [id: 0xd31561fb, L:/127.0.0.1:50256 - R:localhost/127.0.0.1:8081] onStateChange(GET{uri=/getAttractions, connection=PooledConnection{channel=[id: 0xd31561fb, L:/127.0.0.1:50256 - R:localhost/127.0.0.1:8081]}}, [request_sent])
20:40:47.162 [reactor-http-nio-2] DEBUG reactor.netty.resources.PooledConnectionProvider - [id: 0x7ef0c167, L:/127.0.0.1:50300 - R:localhost/127.0.0.1:8081] Channel cleaned, now 27 active connections and 37 inactive connections
20:40:47.162 [reactor-http-nio-15] DEBUG reactor.netty.channel.BootstrapHandlers - [id: 0x802bc0b0] Initialized pipeline DefaultChannelPipeline{(BootstrapHandlers$BootstrapInitializerHandler#0 = reactor.netty.channel.BootstrapHandlers$BootstrapInitializerHandler), (SimpleChannelPool$1#0 = io.netty.channel.pool.SimpleChannelPool$1), (reactor.left.httpCodec = io.netty.handler.codec.http.HttpClientCodec), (reactor.left.decompressor = io.netty.handler.codec.http.HttpContentDecompressor), (reactor.right.reactiveBridge = reactor.netty.channel.ChannelOperationsHandler)}
20:40:47.163 [reactor-http-nio-2] DEBUG reactor.netty.resources.PooledConnectionProvider - [id: 0x8fdb8005] Created new pooled channel, now 0 active connections and 3 inactive connections
20:40:47.163 [reactor-http-nio-2] DEBUG reactor.netty.channel.BootstrapHandlers - [id: 0x8fdb8005] Initialized pipeline DefaultChannelPipeline{(BootstrapHandlers$BootstrapInitializerHandler#0 = reactor.netty.channel.BootstrapHandlers$BootstrapInitializerHandler), (SimpleChannelPool$1#0 = io.netty.channel.pool.SimpleChannelPool$1), (reactor.left.httpCodec = io.netty.handler.codec.http.HttpClientCodec), (reactor.left.decompressor = io.netty.handler.codec.http.HttpContentDecompressor), (reactor.right.reactiveBridge = reactor.netty.channel.ChannelOperationsHandler)}
20:40:47.163 [reactor-http-nio-15] DEBUG reactor.netty.resources.PooledConnectionProvider - [id: 0x802bc0b0, L:/127.0.0.1:50310 - R:localhost/127.0.0.1:8082] onStateChange(PooledConnection{channel=[id: 0x802bc0b0, L:/127.0.0.1:50310 - R:localhost/127.0.0.1:8082]}, [connected])
20:40:47.163 [reactor-http-nio-15] DEBUG reactor.netty.resources.PooledConnectionProvider - [id: 0x802bc0b0, L:/127.0.0.1:50310 - R:localhost/127.0.0.1:8082] onStateChange(GET{uri=/, connection=PooledConnection{channel=[id: 0x802bc0b0, L:/127.0.0.1:50310 - R:localhost/127.0.0.1:8082]}}, [configured])
20:40:47.163 [reactor-http-nio-2] DEBUG reactor.netty.http.client.HttpClientOperations - [id: 0xce2d8eaa, L:/127.0.0.1:50295 - R:localhost/127.0.0.1:8081] Received response (auto-read:false) : [Content-Type=application/json, Transfer-Encoding=chunked, Date=Fri, 11 Jun 2021 15:10:46 GMT]
20:40:47.163 [pool-14-thread-3] DEBUG org.springframework.web.reactive.function.client.ExchangeFunctions - [2762c8e4] HTTP GET http://localhost:8082/getAttractionRewardPoints?attractionId=c24a6714-cf43-4f65-a580-9aebb1895347&userId=f85b3121-c728-45cd-8299-1d8e7cb2fdec
20:40:47.163 [reactor-http-nio-2] DEBUG reactor.netty.resources.PooledConnectionProvider - [id: 0xce2d8eaa, L:/127.0.0.1:50295 - R:localhost/127.0.0.1:8081] onStateChange(GET{uri=/getAttractions, connection=PooledConnection{channel=[id: 0xce2d8eaa, L:/127.0.0.1:50295 - R:localhost/127.0.0.1:8081]}}, [response_received])
20:40:47.163 [reactor-http-nio-2] DEBUG org.springframework.web.reactive.function.client.ExchangeFunctions - [77d96aca] Response 200 OK
20:40:47.164 [reactor-http-nio-2] DEBUG reactor.netty.channel.FluxReceive - [id: 0xce2d8eaa, L:/127.0.0.1:50295 - R:localhost/127.0.0.1:8081] Subscribing inbound receiver [pending: 0, cancelled:false, inboundDone: false]
20:40:47.160 [reactor-http-nio-14] DEBUG reactor.netty.http.client.HttpClientOperations - [id: 0xcd551a5c, L:/127.0.0.1:50302 - R:localhost/127.0.0.1:8081] Received last HTTP packet
20:40:47.164 [pool-14-thread-7] DEBUG org.springframework.web.reactive.function.client.ExchangeFunctions - [6a611d62] HTTP GET http://localhost:8082/getAttractionRewardPoints?attractionId=8115ad77-bdfa-4399-860d-b8462339a047&userId=d7956f97-769b-4f4c-ba7b-6a06cf13a5d5
20:40:47.164 [reactor-http-nio-10] DEBUG reactor.netty.http.client.HttpClientOperations - [id: 0x8372a394, L:/127.0.0.1:50252 - R:localhost/127.0.0.1:8081] Received response (auto-read:false) : [Content-Type=application/json, Transfer-Encoding=chunked, Date=Fri, 11 Jun 2021 15:10:46 GMT]
20:40:47.164 [reactor-http-nio-10] DEBUG reactor.netty.resources.PooledConnectionProvider - [id: 0x8372a394, L:/127.0.0.1:50252 - R:localhost/127.0.0.1:8081] onStateChange(GET{uri=/getAttractions, connection=PooledConnection{channel=[id: 0x8372a394, L:/127.0.0.1:50252 - R:localhost/127.0.0.1:8081]}}, [response_received])
20:40:47.164 [reactor-http-nio-14] DEBUG org.springframework.core.codec.StringDecoder - [415c1ac1] Decoded "[{"longitude":-117.922008,"latitude":33.817595,"attractionName":"Disneyland","city":"Anaheim","stat (truncated)...
20:40:47.164 [reactor-http-nio-10] DEBUG org.springframework.web.reactive.function.client.ExchangeFunctions - [3dd22619] Response 200 OK
20:40:47.161 [reactor-http-nio-11] DEBUG reactor.netty.resources.PooledConnectionProvider - [id: 0xad9667d1, L:/127.0.0.1:50248 - R:localhost/127.0.0.1:8081] Channel cleaned, now 28 active connections and 36 inactive connections
20:40:47.165 [reactor-http-nio-11] DEBUG reactor.netty.resources.PooledConnectionProvider - [id: 0xf8610755, L:/127.0.0.1:50285 - R:localhost/127.0.0.1:8081] Channel acquired, now 28 active connections and 36 inactive connections
20:40:47.161 [reactor-http-nio-12] DEBUG reactor.netty.resources.PooledConnectionProvider - [id: 0x76564411, L:/127.0.0.1:50307 - R:localhost/127.0.0.1:8081] onStateChange(GET{uri=/getAttractions, connection=PooledConnection{channel=[id: 0x76564411, L:/127.0.0.1:50307 - R:localhost/127.0.0.1:8081]}}, [disconnecting])
20:40:47.165 [reactor-http-nio-12] DEBUG reactor.netty.resources.PooledConnectionProvider - [id: 0x76564411, L:/127.0.0.1:50307 - R:localhost/127.0.0.1:8081] Releasing channel
20:40:47.165 [reactor-http-nio-12] DEBUG reactor.netty.resources.PooledConnectionProvider - [id: 0x76564411, L:/127.0.0.1:50307 - R:localhost/127.0.0.1:8081] Channel cleaned, now 27 active connections and 37 inactive connections
20:40:47.165 [reactor-http-nio-12] DEBUG reactor.netty.resources.PooledConnectionProvider - [id: 0x83103ed5, L:/127.0.0.1:50287 - R:localhost/127.0.0.1:8081] Channel acquired, now 28 active connections and 36 inactive connections
20:40:47.165 [reactor-http-nio-12] DEBUG reactor.netty.http.client.HttpClientConnect - [id: 0x83103ed5, L:/127.0.0.1:50287 - R:localhost/127.0.0.1:8081] Handler is being applied: {uri=http://localhost:8081/getAttractions, method=GET}
20:40:47.162 [reactor-http-nio-16] DEBUG reactor.netty.http.client.HttpClientOperations - [id: 0x30c6031c, L:/127.0.0.1:50292 - R:localhost/127.0.0.1:8081] Received last HTTP packet
20:40:47.165 [pool-14-thread-43] DEBUG org.springframework.web.reactive.function.client.ExchangeFunctions - [6d58909b] HTTP GET http://localhost:8081/getAttractions
20:40:47.165 [reactor-http-nio-16] DEBUG org.springframework.core.codec.StringDecoder - [733315b6] Decoded "[{"longitude":-117.922008,"latitude":33.817595,"attractionName":"Disneyland","city":"Anaheim","stat (truncated)...
20:40:47.166 [reactor-http-nio-16] DEBUG reactor.netty.resources.PooledConnectionProvider - [id: 0x30c6031c, L:/127.0.0.1:50292 - R:localhost/127.0.0.1:8081] onStateChange(GET{uri=/getAttractions, connection=PooledConnection{channel=[id: 0x30c6031c, L:/127.0.0.1:50292 - R:localhost/127.0.0.1:8081]}}, [disconnecting])
20:40:47.166 [reactor-http-nio-16] DEBUG reactor.netty.resources.PooledConnectionProvider - [id: 0x30c6031c, L:/127.0.0.1:50292 - R:localhost/127.0.0.1:8081] Releasing channel
20:40:47.166 [reactor-http-nio-16] DEBUG reactor.netty.resources.PooledConnectionProvider - [id: 0x30c6031c, L:/127.0.0.1:50292 - R:localhost/127.0.0.1:8081] Channel cleaned, now 27 active connections and 37 inactive connections
20:40:47.166 [reactor-http-nio-16] DEBUG reactor.netty.resources.PooledConnectionProvider - [id: 0x1e073caa, L:/127.0.0.1:50270 - R:localhost/127.0.0.1:8081] Channel acquired, now 28 active connections and 36 inactive connections
20:40:47.166 [reactor-http-nio-16] DEBUG reactor.netty.http.client.HttpClientConnect - [id: 0x1e073caa, L:/127.0.0.1:50270 - R:localhost/127.0.0.1:8081] Handler is being applied: {uri=http://localhost:8081/getAttractions, method=GET}
20:40:47.166 [pool-14-thread-14] DEBUG org.springframework.web.reactive.function.client.ExchangeFunctions - [4f9bfc9a] HTTP GET http://localhost:8082/getAttractionRewardPoints?attractionId=29fae92d-95fd-4148-bade-4ebec623c90a&userId=c6122490-b36d-45f6-a904-5a942663205e
20:40:47.166 [reactor-http-nio-16] DEBUG reactor.netty.resources.PooledConnectionProvider - [id: 0x1e073caa, L:/127.0.0.1:50270 - R:localhost/127.0.0.1:8081] onStateChange(GET{uri=/getAttractions, connection=PooledConnection{channel=[id: 0x1e073caa, L:/127.0.0.1:50270 - R:localhost/127.0.0.1:8081]}}, [request_sent])
20:40:47.166 [reactor-http-nio-16] DEBUG reactor.netty.resources.PooledConnectionProvider - [id: 0xa01a053c, L:/127.0.0.1:50244 - R:localhost/127.0.0.1:8081] Channel acquired, now 29 active connections and 35 inactive connections
20:40:47.163 [pool-14-thread-42] DEBUG org.springframework.web.reactive.function.client.ExchangeFunctions - [3440f814] HTTP GET http://localhost:8081/getAttractions
20:40:47.164 [pool-14-thread-16] DEBUG org.springframework.web.reactive.function.client.ExchangeFunctions - [319d9fa0] HTTP GET http://localhost:8082/getAttractionRewardPoints?attractionId=1c6dbaf9-8ed8-4e10-8198-602b57d71ce0&userId=938e8970-3a09-49df-a1c1-a1756eb19b58
20:40:47.167 [pool-14-thread-44] DEBUG org.springframework.web.reactive.function.client.ExchangeFunctions - [368c1cd9] HTTP GET http://localhost:8081/getAttractions
20:40:47.167 [pool-14-thread-18] DEBUG org.springframework.web.reactive.function.client.ExchangeFunctions - [7df4f5a0] HTTP GET http://localhost:8082/getAttractionRewardPoints?attractionId=a48db609-76d5-4d0d-9087-109060203925&userId=c657fb61-970d-4e69-ba8d-272c1eeb2bbf
20:40:47.164 [reactor-http-nio-2] DEBUG reactor.netty.http.client.HttpClientOperations - [id: 0xce2d8eaa, L:/127.0.0.1:50295 - R:localhost/127.0.0.1:8081] Received last HTTP packet
20:40:47.164 [reactor-http-nio-14] DEBUG reactor.netty.resources.PooledConnectionProvider - [id: 0xcd551a5c, L:/127.0.0.1:50302 - R:localhost/127.0.0.1:8081] onStateChange(GET{uri=/getAttractions, connection=PooledConnection{channel=[id: 0xcd551a5c, L:/127.0.0.1:50302 - R:localhost/127.0.0.1:8081]}}, [disconnecting])
20:40:47.167 [reactor-http-nio-14] DEBUG reactor.netty.resources.PooledConnectionProvider - [id: 0xcd551a5c, L:/127.0.0.1:50302 - R:localhost/127.0.0.1:8081] Releasing channel
20:40:47.167 [reactor-http-nio-14] DEBUG reactor.netty.resources.PooledConnectionProvider - [id: 0xcd551a5c, L:/127.0.0.1:50302 - R:localhost/127.0.0.1:8081] Channel cleaned, now 28 active connections and 36 inactive connections
20:40:47.167 [reactor-http-nio-2] DEBUG org.springframework.core.codec.StringDecoder - [77d96aca] Decoded "[{"longitude":-117.922008,"latitude":33.817595,"attractionName":"Disneyland","city":"Anaheim","stat (truncated)...
20:40:47.167 [reactor-http-nio-2] DEBUG reactor.netty.resources.PooledConnectionProvider - [id: 0xce2d8eaa, L:/127.0.0.1:50295 - R:localhost/127.0.0.1:8081] onStateChange(GET{uri=/getAttractions, connection=PooledConnection{channel=[id: 0xce2d8eaa, L:/127.0.0.1:50295 - R:localhost/127.0.0.1:8081]}}, [disconnecting])
20:40:47.167 [reactor-http-nio-2] DEBUG reactor.netty.resources.PooledConnectionProvider - [id: 0xce2d8eaa, L:/127.0.0.1:50295 - R:localhost/127.0.0.1:8081] Releasing channel
20:40:47.167 [reactor-http-nio-2] DEBUG reactor.netty.resources.PooledConnectionProvider - [id: 0xce2d8eaa, L:/127.0.0.1:50295 - R:localhost/127.0.0.1:8081] Channel cleaned, now 27 active connections and 37 inactive connections
20:40:47.167 [reactor-http-nio-14] DEBUG reactor.netty.resources.PooledConnectionProvider - [id: 0x53a45341] Created new pooled channel, now 1 active connections and 3 inactive connections
20:40:47.168 [pool-14-thread-45] DEBUG org.springframework.web.reactive.function.client.ExchangeFunctions - [58e5a5ee] HTTP GET http://localhost:8081/getAttractions
20:40:47.168 [reactor-http-nio-14] DEBUG reactor.netty.channel.BootstrapHandlers - [id: 0x53a45341] Initialized pipeline DefaultChannelPipeline{(BootstrapHandlers$BootstrapInitializerHandler#0 = reactor.netty.channel.BootstrapHandlers$BootstrapInitializerHandler), (SimpleChannelPool$1#0 = io.netty.channel.pool.SimpleChannelPool$1), (reactor.left.httpCodec = io.netty.handler.codec.http.HttpClientCodec), (reactor.left.decompressor = io.netty.handler.codec.http.HttpContentDecompressor), (reactor.right.reactiveBridge = reactor.netty.channel.ChannelOperationsHandler)}
20:40:47.168 [reactor-http-nio-14] DEBUG reactor.netty.resources.PooledConnectionProvider - [id: 0x7879d49c] Created new pooled channel, now 1 active connections and 4 inactive connections
20:40:47.165 [reactor-http-nio-15] DEBUG reactor.netty.resources.PooledConnectionProvider - [id: 0x802bc0b0, L:/127.0.0.1:50310 - R:localhost/127.0.0.1:8082] Registering pool release on close event for channel
20:40:47.168 [reactor-http-nio-15] DEBUG reactor.netty.http.client.HttpClientConnect - [id: 0x802bc0b0, L:/127.0.0.1:50310 - R:localhost/127.0.0.1:8082] Handler is being applied: {uri=http://localhost:8082/getAttractionRewardPoints?attractionId=a05f06dd-2035-40fe-bb72-adf596203ce7&userId=1da437be-9583-41be-8b6e-c788f717657c, method=GET}
20:40:47.168 [pool-14-thread-46] DEBUG org.springframework.web.reactive.function.client.ExchangeFunctions - [6cf1ecae] HTTP GET http://localhost:8081/getAttractions
20:40:47.165 [reactor-http-nio-11] DEBUG reactor.netty.http.client.HttpClientConnect - [id: 0xf8610755, L:/127.0.0.1:50285 - R:localhost/127.0.0.1:8081] Handler is being applied: {uri=http://localhost:8081/getAttractions, method=GET}
20:40:47.165 [reactor-http-nio-10] DEBUG reactor.netty.channel.FluxReceive - [id: 0x8372a394, L:/127.0.0.1:50252 - R:localhost/127.0.0.1:8081] Subscribing inbound receiver [pending: 0, cancelled:false, inboundDone: false]
20:40:47.168 [reactor-http-nio-10] DEBUG reactor.netty.http.client.HttpClientOperations - [id: 0x8372a394, L:/127.0.0.1:50252 - R:localhost/127.0.0.1:8081] Received last HTTP packet
20:40:47.168 [reactor-http-nio-11] DEBUG reactor.netty.resources.PooledConnectionProvider - [id: 0xf8610755, L:/127.0.0.1:50285 - R:localhost/127.0.0.1:8081] onStateChange(GET{uri=/getAttractions, connection=PooledConnection{channel=[id: 0xf8610755, L:/127.0.0.1:50285 - R:localhost/127.0.0.1:8081]}}, [request_sent])
20:40:47.168 [reactor-http-nio-15] DEBUG reactor.netty.resources.PooledConnectionProvider - [id: 0x802bc0b0, L:/127.0.0.1:50310 - R:localhost/127.0.0.1:8082] onStateChange(GET{uri=/getAttractionRewardPoints?attractionId=a05f06dd-2035-40fe-bb72-adf596203ce7&userId=1da437be-9583-41be-8b6e-c788f717657c, connection=PooledConnection{channel=[id: 0x802bc0b0, L:/127.0.0.1:50310 - R:localhost/127.0.0.1:8082]}}, [request_sent])
20:40:47.169 [reactor-http-nio-11] DEBUG reactor.netty.resources.PooledConnectionProvider - [id: 0x3ff0fce5, L:/127.0.0.1:50245 - R:localhost/127.0.0.1:8082] Channel acquired, now 2 active connections and 3 inactive connections
20:40:47.169 [reactor-http-nio-11] DEBUG reactor.netty.http.client.HttpClientConnect - [id: 0x3ff0fce5, L:/127.0.0.1:50245 - R:localhost/127.0.0.1:8082] Handler is being applied: {uri=http://localhost:8082/getAttractionRewardPoints?attractionId=dd7b5c28-fdb7-4847-9be5-c7bd8f0b7fb6&userId=23fbd6bf-60c3-451f-a9df-607efaa168ce, method=GET}
20:40:47.169 [pool-14-thread-47] DEBUG org.springframework.web.reactive.function.client.ExchangeFunctions - [115aea71] HTTP GET http://localhost:8081/getAttractions
20:40:47.166 [reactor-http-nio-12] DEBUG reactor.netty.resources.PooledConnectionProvider - [id: 0x83103ed5, L:/127.0.0.1:50287 - R:localhost/127.0.0.1:8081] onStateChange(GET{uri=/getAttractions, connection=PooledConnection{channel=[id: 0x83103ed5, L:/127.0.0.1:50287 - R:localhost/127.0.0.1:8081]}}, [request_sent])
20:40:47.169 [reactor-http-nio-12] DEBUG reactor.netty.resources.PooledConnectionProvider - [id: 0x393991de] Created new pooled channel, now 2 active connections and 4 inactive connections
20:40:47.169 [reactor-http-nio-12] DEBUG reactor.netty.channel.BootstrapHandlers - [id: 0x393991de] Initialized pipeline DefaultChannelPipeline{(BootstrapHandlers$BootstrapInitializerHandler#0 = reactor.netty.channel.BootstrapHandlers$BootstrapInitializerHandler), (SimpleChannelPool$1#0 = io.netty.channel.pool.SimpleChannelPool$1), (reactor.left.httpCodec = io.netty.handler.codec.http.HttpClientCodec), (reactor.left.decompressor = io.netty.handler.codec.http.HttpContentDecompressor), (reactor.right.reactiveBridge = reactor.netty.channel.ChannelOperationsHandler)}
20:40:47.167 [reactor-http-nio-16] DEBUG reactor.netty.http.client.HttpClientConnect - [id: 0xa01a053c, L:/127.0.0.1:50244 - R:localhost/127.0.0.1:8081] Handler is being applied: {uri=http://localhost:8081/getAttractions, method=GET}
20:40:47.169 [reactor-http-nio-12] DEBUG reactor.netty.resources.PooledConnectionProvider - [id: 0xe5e5d890] Created new pooled channel, now 2 active connections and 5 inactive connections
20:40:47.170 [reactor-http-nio-12] DEBUG reactor.netty.channel.BootstrapHandlers - [id: 0xe5e5d890] Initialized pipeline DefaultChannelPipeline{(BootstrapHandlers$BootstrapInitializerHandler#0 = reactor.netty.channel.BootstrapHandlers$BootstrapInitializerHandler), (SimpleChannelPool$1#0 = io.netty.channel.pool.SimpleChannelPool$1), (reactor.left.httpCodec = io.netty.handler.codec.http.HttpClientCodec), (reactor.left.decompressor = io.netty.handler.codec.http.HttpContentDecompressor), (reactor.right.reactiveBridge = reactor.netty.channel.ChannelOperationsHandler)}
20:40:47.170 [reactor-http-nio-16] DEBUG reactor.netty.resources.PooledConnectionProvider - [id: 0xa01a053c, L:/127.0.0.1:50244 - R:localhost/127.0.0.1:8081] onStateChange(GET{uri=/getAttractions, connection=PooledConnection{channel=[id: 0xa01a053c, L:/127.0.0.1:50244 - R:localhost/127.0.0.1:8081]}}, [request_sent])
20:40:47.170 [reactor-http-nio-16] DEBUG reactor.netty.resources.PooledConnectionProvider - [id: 0x2be3660e, L:/127.0.0.1:50282 - R:localhost/127.0.0.1:8081] Channel acquired, now 28 active connections and 36 inactive connections
20:40:47.170 [reactor-http-nio-16] DEBUG reactor.netty.http.client.HttpClientConnect - [id: 0x2be3660e, L:/127.0.0.1:50282 - R:localhost/127.0.0.1:8081] Handler is being applied: {uri=http://localhost:8081/getAttractions, method=GET}
20:40:47.170 [pool-14-thread-49] DEBUG org.springframework.web.reactive.function.client.ExchangeFunctions - [3aa40814] HTTP GET http://localhost:8081/getAttractions
20:40:47.170 [reactor-http-nio-12] DEBUG reactor.netty.http.client.HttpClientOperations - [id: 0xb65f99c8, L:/127.0.0.1:50309 - R:localhost/127.0.0.1:8081] Received response (auto-read:false) : [Content-Type=application/json, Transfer-Encoding=chunked, Date=Fri, 11 Jun 2021 15:10:46 GMT]
20:40:47.170 [reactor-http-nio-12] DEBUG reactor.netty.resources.PooledConnectionProvider - [id: 0xb65f99c8, L:/127.0.0.1:50309 - R:localhost/127.0.0.1:8081] onStateChange(GET{uri=/getAttractions, connection=PooledConnection{channel=[id: 0xb65f99c8, L:/127.0.0.1:50309 - R:localhost/127.0.0.1:8081]}}, [response_received])
20:40:47.171 [reactor-http-nio-12] DEBUG org.springframework.web.reactive.function.client.ExchangeFunctions - [1f8fcc15] Response 200 OK
20:40:47.171 [reactor-http-nio-16] DEBUG reactor.netty.resources.PooledConnectionProvider - [id: 0x2be3660e, L:/127.0.0.1:50282 - R:localhost/127.0.0.1:8081] onStateChange(GET{uri=/getAttractions, connection=PooledConnection{channel=[id: 0x2be3660e, L:/127.0.0.1:50282 - R:localhost/127.0.0.1:8081]}}, [request_sent])
20:40:47.168 [reactor-http-nio-2] DEBUG reactor.netty.http.client.HttpClientOperations - [id: 0xb9fd1fe8, L:/127.0.0.1:50299 - R:localhost/127.0.0.1:8081] Received response (auto-read:false) : [Content-Type=application/json, Transfer-Encoding=chunked, Date=Fri, 11 Jun 2021 15:10:46 GMT]
20:40:47.171 [reactor-http-nio-2] DEBUG reactor.netty.resources.PooledConnectionProvider - [id: 0xb9fd1fe8, L:/127.0.0.1:50299 - R:localhost/127.0.0.1:8081] onStateChange(GET{uri=/getAttractions, connection=PooledConnection{channel=[id: 0xb9fd1fe8, L:/127.0.0.1:50299 - R:localhost/127.0.0.1:8081]}}, [response_received])
20:40:47.171 [reactor-http-nio-2] DEBUG org.springframework.web.reactive.function.client.ExchangeFunctions - [5a77050e] Response 200 OK
20:40:47.168 [reactor-http-nio-14] DEBUG reactor.netty.channel.BootstrapHandlers - [id: 0x7879d49c] Initialized pipeline DefaultChannelPipeline{(BootstrapHandlers$BootstrapInitializerHandler#0 = reactor.netty.channel.BootstrapHandlers$BootstrapInitializerHandler), (SimpleChannelPool$1#0 = io.netty.channel.pool.SimpleChannelPool$1), (reactor.left.httpCodec = io.netty.handler.codec.http.HttpClientCodec), (reactor.left.decompressor = io.netty.handler.codec.http.HttpContentDecompressor), (reactor.right.reactiveBridge = reactor.netty.channel.ChannelOperationsHandler)}
20:40:47.171 [reactor-http-nio-2] DEBUG reactor.netty.channel.FluxReceive - [id: 0xb9fd1fe8, L:/127.0.0.1:50299 - R:localhost/127.0.0.1:8081] Subscribing inbound receiver [pending: 0, cancelled:false, inboundDone: false]
20:40:47.172 [reactor-http-nio-2] DEBUG reactor.netty.http.client.HttpClientOperations - [id: 0xb9fd1fe8, L:/127.0.0.1:50299 - R:localhost/127.0.0.1:8081] Received last HTTP packet
20:40:47.169 [reactor-http-nio-15] DEBUG reactor.netty.resources.PooledConnectionProvider - [id: 0x802bc0b0, L:/127.0.0.1:50310 - R:localhost/127.0.0.1:8082] Channel connected, now 2 active connections and 3 inactive connections
20:40:47.172 [pool-14-thread-51] DEBUG org.springframework.web.reactive.function.client.ExchangeFunctions - [2338f6a0] HTTP GET http://localhost:8081/getAttractions
20:40:47.172 [reactor-http-nio-2] DEBUG org.springframework.core.codec.StringDecoder - [5a77050e] Decoded "[{"longitude":-117.922008,"latitude":33.817595,"attractionName":"Disneyland","city":"Anaheim","stat (truncated)...
20:40:47.172 [reactor-http-nio-14] DEBUG reactor.netty.http.client.HttpClientOperations - [id: 0x9dcbcf4f, L:/127.0.0.1:50254 - R:localhost/127.0.0.1:8081] Received response (auto-read:false) : [Content-Type=application/json, Transfer-Encoding=chunked, Date=Fri, 11 Jun 2021 15:10:46 GMT]
20:40:47.172 [reactor-http-nio-2] DEBUG reactor.netty.resources.PooledConnectionProvider - [id: 0xb9fd1fe8, L:/127.0.0.1:50299 - R:localhost/127.0.0.1:8081] onStateChange(GET{uri=/getAttractions, connection=PooledConnection{channel=[id: 0xb9fd1fe8, L:/127.0.0.1:50299 - R:localhost/127.0.0.1:8081]}}, [disconnecting])
20:40:47.172 [reactor-http-nio-14] DEBUG reactor.netty.resources.PooledConnectionProvider - [id: 0x9dcbcf4f, L:/127.0.0.1:50254 - R:localhost/127.0.0.1:8081] onStateChange(GET{uri=/getAttractions, connection=PooledConnection{channel=[id: 0x9dcbcf4f, L:/127.0.0.1:50254 - R:localhost/127.0.0.1:8081]}}, [response_received])
20:40:47.172 [reactor-http-nio-14] DEBUG org.springframework.web.reactive.function.client.ExchangeFunctions - [290fb562] Response 200 OK
20:40:47.169 [reactor-http-nio-10] DEBUG org.springframework.core.codec.StringDecoder - [3dd22619] Decoded "[{"longitude":-117.922008,"latitude":33.817595,"attractionName":"Disneyland","city":"Anaheim","stat (truncated)...
20:40:47.172 [reactor-http-nio-10] DEBUG reactor.netty.resources.PooledConnectionProvider - [id: 0x8372a394, L:/127.0.0.1:50252 - R:localhost/127.0.0.1:8081] onStateChange(GET{uri=/getAttractions, connection=PooledConnection{channel=[id: 0x8372a394, L:/127.0.0.1:50252 - R:localhost/127.0.0.1:8081]}}, [disconnecting])
20:40:47.172 [reactor-http-nio-10] DEBUG reactor.netty.resources.PooledConnectionProvider - [id: 0x8372a394, L:/127.0.0.1:50252 - R:localhost/127.0.0.1:8081] Releasing channel
20:40:47.172 [reactor-http-nio-13] DEBUG reactor.netty.resources.PooledConnectionProvider - [id: 0x7744abeb, L:/127.0.0.1:50286 - R:localhost/127.0.0.1:8081] Channel acquired, now 28 active connections and 36 inactive connections
20:40:47.172 [reactor-http-nio-10] DEBUG reactor.netty.resources.PooledConnectionProvider - [id: 0x8372a394, L:/127.0.0.1:50252 - R:localhost/127.0.0.1:8081] Channel cleaned, now 28 active connections and 36 inactive connections
20:40:47.172 [reactor-http-nio-13] DEBUG reactor.netty.http.client.HttpClientConnect - [id: 0x7744abeb, L:/127.0.0.1:50286 - R:localhost/127.0.0.1:8081] Handler is being applied: {uri=http://localhost:8081/getAttractions, method=GET}
20:40:47.173 [reactor-http-nio-14] DEBUG reactor.netty.channel.FluxReceive - [id: 0x9dcbcf4f, L:/127.0.0.1:50254 - R:localhost/127.0.0.1:8081] Subscribing inbound receiver [pending: 0, cancelled:false, inboundDone: false]
20:40:47.173 [reactor-http-nio-10] DEBUG reactor.netty.resources.PooledConnectionProvider - [id: 0x5a8b58bb] Created new pooled channel, now 2 active connections and 7 inactive connections
20:40:47.173 [reactor-http-nio-10] DEBUG reactor.netty.channel.BootstrapHandlers - [id: 0x5a8b58bb] Initialized pipeline DefaultChannelPipeline{(BootstrapHandlers$BootstrapInitializerHandler#0 = reactor.netty.channel.BootstrapHandlers$BootstrapInitializerHandler), (SimpleChannelPool$1#0 = io.netty.channel.pool.SimpleChannelPool$1), (reactor.left.httpCodec = io.netty.handler.codec.http.HttpClientCodec), (reactor.left.decompressor = io.netty.handler.codec.http.HttpContentDecompressor), (reactor.right.reactiveBridge = reactor.netty.channel.ChannelOperationsHandler)}
20:40:47.173 [reactor-http-nio-14] DEBUG reactor.netty.http.client.HttpClientOperations - [id: 0x9dcbcf4f, L:/127.0.0.1:50254 - R:localhost/127.0.0.1:8081] Received last HTTP packet
20:40:47.173 [reactor-http-nio-10] DEBUG reactor.netty.resources.PooledConnectionProvider - [id: 0xfd5cebe1, L:/127.0.0.1:50290 - R:localhost/127.0.0.1:8081] Channel acquired, now 29 active connections and 35 inactive connections
20:40:47.173 [reactor-http-nio-10] DEBUG reactor.netty.http.client.HttpClientConnect - [id: 0xfd5cebe1, L:/127.0.0.1:50290 - R:localhost/127.0.0.1:8081] Handler is being applied: {uri=http://localhost:8081/getAttractions, method=GET}
20:40:47.173 [reactor-http-nio-13] DEBUG reactor.netty.resources.PooledConnectionProvider - [id: 0x7744abeb, L:/127.0.0.1:50286 - R:localhost/127.0.0.1:8081] onStateChange(GET{uri=/getAttractions, connection=PooledConnection{channel=[id: 0x7744abeb, L:/127.0.0.1:50286 - R:localhost/127.0.0.1:8081]}}, [request_sent])
20:40:47.173 [reactor-http-nio-14] DEBUG org.springframework.core.codec.StringDecoder - [290fb562] Decoded "[{"longitude":-117.922008,"latitude":33.817595,"attractionName":"Disneyland","city":"Anaheim","stat (truncated)...
20:40:47.173 [reactor-http-nio-14] DEBUG reactor.netty.resources.PooledConnectionProvider - [id: 0x9dcbcf4f, L:/127.0.0.1:50254 - R:localhost/127.0.0.1:8081] onStateChange(GET{uri=/getAttractions, connection=PooledConnection{channel=[id: 0x9dcbcf4f, L:/127.0.0.1:50254 - R:localhost/127.0.0.1:8081]}}, [disconnecting])
20:40:47.173 [reactor-http-nio-14] DEBUG reactor.netty.resources.PooledConnectionProvider - [id: 0x9dcbcf4f, L:/127.0.0.1:50254 - R:localhost/127.0.0.1:8081] Releasing channel
20:40:47.173 [reactor-http-nio-14] DEBUG reactor.netty.resources.PooledConnectionProvider - [id: 0x9dcbcf4f, L:/127.0.0.1:50254 - R:localhost/127.0.0.1:8081] Channel cleaned, now 28 active connections and 36 inactive connections
20:40:47.169 [pool-14-thread-12] DEBUG org.springframework.web.reactive.function.client.ExchangeFunctions - [791e8a41] HTTP GET http://localhost:8082/getAttractionRewardPoints?attractionId=20e67fe7-057a-46b4-a9d6-ac23659dc6bb&userId=680e27d8-39ee-4621-b3ad-8e38753716f8
20:40:47.173 [pool-14-thread-52] DEBUG org.springframework.web.reactive.function.client.ExchangeFunctions - [1c407ac8] HTTP GET http://localhost:8081/getAttractions
20:40:47.173 [reactor-http-nio-10] DEBUG reactor.netty.resources.PooledConnectionProvider - [id: 0xfd5cebe1, L:/127.0.0.1:50290 - R:localhost/127.0.0.1:8081] onStateChange(GET{uri=/getAttractions, connection=PooledConnection{channel=[id: 0xfd5cebe1, L:/127.0.0.1:50290 - R:localhost/127.0.0.1:8081]}}, [request_sent])
20:40:47.173 [reactor-http-nio-14] DEBUG reactor.netty.http.client.HttpClientOperations - [id: 0x8d5a3bc9, L:/127.0.0.1:50303 - R:localhost/127.0.0.1:8081] Received response (auto-read:false) : [Content-Type=application/json, Transfer-Encoding=chunked, Date=Fri, 11 Jun 2021 15:10:46 GMT]
20:40:47.174 [reactor-http-nio-14] DEBUG reactor.netty.resources.PooledConnectionProvider - [id: 0x8d5a3bc9, L:/127.0.0.1:50303 - R:localhost/127.0.0.1:8081] onStateChange(GET{uri=/getAttractions, connection=PooledConnection{channel=[id: 0x8d5a3bc9, L:/127.0.0.1:50303 - R:localhost/127.0.0.1:8081]}}, [response_received])
20:40:47.174 [reactor-http-nio-14] DEBUG org.springframework.web.reactive.function.client.ExchangeFunctions - [578d14cb] Response 200 OK
20:40:47.174 [pool-14-thread-19] DEBUG org.springframework.web.reactive.function.client.ExchangeFunctions - [54b0e030] HTTP GET http://localhost:8082/getAttractionRewardPoints?attractionId=ef2dbc1a-19a8-41c7-88f7-a909aeda59f5&userId=1ccf1930-b326-4af5-a5a9-dedeaf059389
20:40:47.174 [reactor-http-nio-14] DEBUG reactor.netty.channel.FluxReceive - [id: 0x8d5a3bc9, L:/127.0.0.1:50303 - R:localhost/127.0.0.1:8081] Subscribing inbound receiver [pending: 0, cancelled:false, inboundDone: false]
20:40:47.174 [reactor-http-nio-14] DEBUG reactor.netty.http.client.HttpClientOperations - [id: 0x8d5a3bc9, L:/127.0.0.1:50303 - R:localhost/127.0.0.1:8081] Received last HTTP packet
20:40:47.169 [pool-14-thread-48] DEBUG org.springframework.web.reactive.function.client.ExchangeFunctions - [249eb07c] HTTP GET http://localhost:8081/getAttractions
20:40:47.177 [reactor-http-nio-13] DEBUG reactor.netty.http.client.HttpClientOperations - [id: 0xd31561fb, L:/127.0.0.1:50256 - R:localhost/127.0.0.1:8081] Received response (auto-read:false) : [Content-Type=application/json, Transfer-Encoding=chunked, Date=Fri, 11 Jun 2021 15:10:46 GMT]
20:40:47.177 [reactor-http-nio-13] DEBUG reactor.netty.resources.PooledConnectionProvider - [id: 0xd31561fb, L:/127.0.0.1:50256 - R:localhost/127.0.0.1:8081] onStateChange(GET{uri=/getAttractions, connection=PooledConnection{channel=[id: 0xd31561fb, L:/127.0.0.1:50256 - R:localhost/127.0.0.1:8081]}}, [response_received])
20:40:47.177 [reactor-http-nio-14] DEBUG org.springframework.core.codec.StringDecoder - [578d14cb] Decoded "[{"longitude":-117.922008,"latitude":33.817595,"attractionName":"Disneyland","city":"Anaheim","stat (truncated)...
20:40:47.177 [reactor-http-nio-14] DEBUG reactor.netty.resources.PooledConnectionProvider - [id: 0x8d5a3bc9, L:/127.0.0.1:50303 - R:localhost/127.0.0.1:8081] onStateChange(GET{uri=/getAttractions, connection=PooledConnection{channel=[id: 0x8d5a3bc9, L:/127.0.0.1:50303 - R:localhost/127.0.0.1:8081]}}, [disconnecting])
20:40:47.177 [reactor-http-nio-14] DEBUG reactor.netty.resources.PooledConnectionProvider - [id: 0x8d5a3bc9, L:/127.0.0.1:50303 - R:localhost/127.0.0.1:8081] Releasing channel
20:40:47.177 [reactor-http-nio-14] DEBUG reactor.netty.resources.PooledConnectionProvider - [id: 0x8d5a3bc9, L:/127.0.0.1:50303 - R:localhost/127.0.0.1:8081] Channel cleaned, now 28 active connections and 36 inactive connections
20:40:47.177 [pool-14-thread-54] DEBUG org.springframework.web.reactive.function.client.ExchangeFunctions - [1dfa0dd6] HTTP GET http://localhost:8081/getAttractions
20:40:47.178 [reactor-http-nio-14] DEBUG reactor.netty.http.client.HttpClientOperations - [id: 0x37820d17, L:/127.0.0.1:50283 - R:localhost/127.0.0.1:8081] Received response (auto-read:false) : [Content-Type=application/json, Transfer-Encoding=chunked, Date=Fri, 11 Jun 2021 15:10:46 GMT]
20:40:47.178 [reactor-http-nio-14] DEBUG reactor.netty.resources.PooledConnectionProvider - [id: 0x37820d17, L:/127.0.0.1:50283 - R:localhost/127.0.0.1:8081] onStateChange(GET{uri=/getAttractions, connection=PooledConnection{channel=[id: 0x37820d17, L:/127.0.0.1:50283 - R:localhost/127.0.0.1:8081]}}, [response_received])
20:40:47.178 [reactor-http-nio-14] DEBUG org.springframework.web.reactive.function.client.ExchangeFunctions - [6313f6b9] Response 200 OK
20:40:47.170 [reactor-http-nio-11] DEBUG reactor.netty.resources.PooledConnectionProvider - [id: 0x3ff0fce5, L:/127.0.0.1:50245 - R:localhost/127.0.0.1:8082] onStateChange(GET{uri=/getAttractionRewardPoints?attractionId=dd7b5c28-fdb7-4847-9be5-c7bd8f0b7fb6&userId=23fbd6bf-60c3-451f-a9df-607efaa168ce, connection=PooledConnection{channel=[id: 0x3ff0fce5, L:/127.0.0.1:50245 - R:localhost/127.0.0.1:8082]}}, [request_sent])
20:40:47.178 [reactor-http-nio-11] DEBUG reactor.netty.resources.PooledConnectionProvider - [id: 0xcd2f5c0e, L:/127.0.0.1:50278 - R:localhost/127.0.0.1:8081] Channel acquired, now 29 active connections and 35 inactive connections
20:40:47.178 [reactor-http-nio-14] DEBUG reactor.netty.channel.FluxReceive - [id: 0x37820d17, L:/127.0.0.1:50283 - R:localhost/127.0.0.1:8081] Subscribing inbound receiver [pending: 0, cancelled:false, inboundDone: false]
20:40:47.178 [reactor-http-nio-11] DEBUG reactor.netty.http.client.HttpClientConnect - [id: 0xcd2f5c0e, L:/127.0.0.1:50278 - R:localhost/127.0.0.1:8081] Handler is being applied: {uri=http://localhost:8081/getAttractions, method=GET}
20:40:47.171 [reactor-http-nio-12] DEBUG reactor.netty.channel.FluxReceive - [id: 0xb65f99c8, L:/127.0.0.1:50309 - R:localhost/127.0.0.1:8081] Subscribing inbound receiver [pending: 0, cancelled:false, inboundDone: false]
20:40:47.178 [reactor-http-nio-14] DEBUG reactor.netty.http.client.HttpClientOperations - [id: 0x37820d17, L:/127.0.0.1:50283 - R:localhost/127.0.0.1:8081] Received last HTTP packet
20:40:47.178 [pool-14-thread-55] DEBUG org.springframework.web.reactive.function.client.ExchangeFunctions - [162576dc] HTTP GET http://localhost:8081/getAttractions
20:40:47.178 [reactor-http-nio-14] DEBUG org.springframework.core.codec.StringDecoder - [6313f6b9] Decoded "[{"longitude":-117.922008,"latitude":33.817595,"attractionName":"Disneyland","city":"Anaheim","stat (truncated)...
20:40:47.179 [reactor-http-nio-14] DEBUG reactor.netty.resources.PooledConnectionProvider - [id: 0x37820d17, L:/127.0.0.1:50283 - R:localhost/127.0.0.1:8081] onStateChange(GET{uri=/getAttractions, connection=PooledConnection{channel=[id: 0x37820d17, L:/127.0.0.1:50283 - R:localhost/127.0.0.1:8081]}}, [disconnecting])
20:40:47.179 [reactor-http-nio-14] DEBUG reactor.netty.resources.PooledConnectionProvider - [id: 0x37820d17, L:/127.0.0.1:50283 - R:localhost/127.0.0.1:8081] Releasing channel
20:40:47.171 [reactor-http-nio-16] DEBUG reactor.netty.http.client.HttpClientOperations - [id: 0x55a55ac0, L:/127.0.0.1:50255 - R:localhost/127.0.0.1:8081] Received response (auto-read:false) : [Content-Type=application/json, Transfer-Encoding=chunked, Date=Fri, 11 Jun 2021 15:10:46 GMT]
20:40:47.179 [reactor-http-nio-14] DEBUG reactor.netty.resources.PooledConnectionProvider - [id: 0x37820d17, L:/127.0.0.1:50283 - R:localhost/127.0.0.1:8081] Channel cleaned, now 28 active connections and 36 inactive connections
20:40:47.179 [reactor-http-nio-16] DEBUG reactor.netty.resources.PooledConnectionProvider - [id: 0x55a55ac0, L:/127.0.0.1:50255 - R:localhost/127.0.0.1:8081] onStateChange(GET{uri=/getAttractions, connection=PooledConnection{channel=[id: 0x55a55ac0, L:/127.0.0.1:50255 - R:localhost/127.0.0.1:8081]}}, [response_received])
20:40:47.179 [reactor-http-nio-16] DEBUG org.springframework.web.reactive.function.client.ExchangeFunctions - [33296e60] Response 200 OK
20:40:47.179 [reactor-http-nio-14] DEBUG reactor.netty.http.client.HttpClientOperations - [id: 0xeea4a5eb, L:/127.0.0.1:50301 - R:localhost/127.0.0.1:8081] Received response (auto-read:false) : [Content-Type=application/json, Transfer-Encoding=chunked, Date=Fri, 11 Jun 2021 15:10:46 GMT]
20:40:47.179 [reactor-http-nio-14] DEBUG reactor.netty.resources.PooledConnectionProvider - [id: 0xeea4a5eb, L:/127.0.0.1:50301 - R:localhost/127.0.0.1:8081] onStateChange(GET{uri=/getAttractions, connection=PooledConnection{channel=[id: 0xeea4a5eb, L:/127.0.0.1:50301 - R:localhost/127.0.0.1:8081]}}, [response_received])
20:40:47.179 [reactor-http-nio-14] DEBUG org.springframework.web.reactive.function.client.ExchangeFunctions - [41612860] Response 200 OK
20:40:47.179 [reactor-http-nio-16] DEBUG reactor.netty.channel.FluxReceive - [id: 0x55a55ac0, L:/127.0.0.1:50255 - R:localhost/127.0.0.1:8081] Subscribing inbound receiver [pending: 0, cancelled:false, inboundDone: false]
20:40:47.179 [pool-14-thread-56] DEBUG org.springframework.web.reactive.function.client.ExchangeFunctions - [10826d9a] HTTP GET http://localhost:8081/getAttractions
20:40:47.171 [pool-14-thread-50] DEBUG org.springframework.web.reactive.function.client.ExchangeFunctions - [4b44daac] HTTP GET http://localhost:8081/getAttractions
20:40:47.172 [reactor-http-nio-15] DEBUG reactor.netty.resources.PooledConnectionProvider - [id: 0x8e4601d6] Created new pooled channel, now 2 active connections and 6 inactive connections
20:40:47.172 [reactor-http-nio-2] DEBUG reactor.netty.resources.PooledConnectionProvider - [id: 0xb9fd1fe8, L:/127.0.0.1:50299 - R:localhost/127.0.0.1:8081] Releasing channel
20:40:47.180 [reactor-http-nio-15] DEBUG reactor.netty.channel.BootstrapHandlers - [id: 0x8e4601d6] Initialized pipeline DefaultChannelPipeline{(BootstrapHandlers$BootstrapInitializerHandler#0 = reactor.netty.channel.BootstrapHandlers$BootstrapInitializerHandler), (SimpleChannelPool$1#0 = io.netty.channel.pool.SimpleChannelPool$1), (reactor.left.httpCodec = io.netty.handler.codec.http.HttpClientCodec), (reactor.left.decompressor = io.netty.handler.codec.http.HttpContentDecompressor), (reactor.right.reactiveBridge = reactor.netty.channel.ChannelOperationsHandler)}
20:40:47.174 [reactor-http-nio-10] DEBUG reactor.netty.resources.PooledConnectionProvider - [id: 0xeb8d3006, L:/127.0.0.1:50297 - R:localhost/127.0.0.1:8081] Channel acquired, now 29 active connections and 35 inactive connections
20:40:47.180 [pool-14-thread-26] DEBUG org.springframework.web.reactive.function.client.ExchangeFunctions - [6dd414ab] HTTP GET http://localhost:8082/getAttractionRewardPoints?attractionId=8f33bd46-3cd4-4f01-aa4c-22fcf8a8cdbb&userId=af60a0f1-d60f-40f4-9187-8df1ea28808b
20:40:47.180 [reactor-http-nio-10] DEBUG reactor.netty.http.client.HttpClientConnect - [id: 0xeb8d3006, L:/127.0.0.1:50297 - R:localhost/127.0.0.1:8081] Handler is being applied: {uri=http://localhost:8081/getAttractions, method=GET}
20:40:47.180 [pool-14-thread-57] DEBUG org.springframework.web.reactive.function.client.ExchangeFunctions - [2657a822] HTTP GET http://localhost:8081/getAttractions
20:40:47.181 [reactor-http-nio-15] DEBUG reactor.netty.resources.PooledConnectionProvider - [id: 0x55b3b3dd] Created new pooled channel, now 2 active connections and 8 inactive connections
20:40:47.181 [pool-14-thread-58] DEBUG org.springframework.web.reactive.function.client.ExchangeFunctions - [64cd2658] HTTP GET http://localhost:8081/getAttractions
20:40:47.174 [pool-14-thread-23] DEBUG org.springframework.web.reactive.function.client.ExchangeFunctions - [3315cfd3] HTTP GET http://localhost:8082/getAttractionRewardPoints?attractionId=22e4126e-8780-44df-b541-da11e6824173&userId=d018a948-0ad9-435d-9a8a-69b901a1d5f1
20:40:47.177 [reactor-http-nio-13] DEBUG org.springframework.web.reactive.function.client.ExchangeFunctions - [16b35913] Response 200 OK
20:40:47.178 [pool-14-thread-17] DEBUG org.springframework.web.reactive.function.client.ExchangeFunctions - [27c84e33] HTTP GET http://localhost:8082/getAttractionRewardPoints?attractionId=68583355-6c8e-4b04-8735-617c8f54d06e&userId=01a2e5f0-445b-4f37-9c07-8252ea818904
20:40:47.181 [reactor-http-nio-13] DEBUG reactor.netty.channel.FluxReceive - [id: 0xd31561fb, L:/127.0.0.1:50256 - R:localhost/127.0.0.1:8081] Subscribing inbound receiver [pending: 0, cancelled:false, inboundDone: false]
20:40:47.178 [pool-14-thread-53] DEBUG org.springframework.web.reactive.function.client.ExchangeFunctions - [65912da4] HTTP GET http://localhost:8081/getAttractions
20:40:47.182 [pool-14-thread-59] DEBUG org.springframework.web.reactive.function.client.ExchangeFunctions - [4781ba4b] HTTP GET http://localhost:8081/getAttractions
20:40:47.178 [reactor-http-nio-12] DEBUG reactor.netty.http.client.HttpClientOperations - [id: 0xb65f99c8, L:/127.0.0.1:50309 - R:localhost/127.0.0.1:8081] Received last HTTP packet
20:40:47.179 [pool-14-thread-21] DEBUG org.springframework.web.reactive.function.client.ExchangeFunctions - [594af04a] HTTP GET http://localhost:8082/getAttractionRewardPoints?attractionId=7ed7b7b9-ae46-4f84-8f72-f6ac94a871a7&userId=fdc3741d-281c-4a80-b660-e2f65b97ac0a
20:40:47.179 [reactor-http-nio-11] DEBUG reactor.netty.resources.PooledConnectionProvider - [id: 0xcd2f5c0e, L:/127.0.0.1:50278 - R:localhost/127.0.0.1:8081] onStateChange(GET{uri=/getAttractions, connection=PooledConnection{channel=[id: 0xcd2f5c0e, L:/127.0.0.1:50278 - R:localhost/127.0.0.1:8081]}}, [request_sent])
20:40:47.182 [reactor-http-nio-12] DEBUG org.springframework.core.codec.StringDecoder - [1f8fcc15] Decoded "[{"longitude":-117.922008,"latitude":33.817595,"attractionName":"Disneyland","city":"Anaheim","stat (truncated)...
20:40:47.182 [reactor-http-nio-12] DEBUG reactor.netty.resources.PooledConnectionProvider - [id: 0xb65f99c8, L:/127.0.0.1:50309 - R:localhost/127.0.0.1:8081] onStateChange(GET{uri=/getAttractions, connection=PooledConnection{channel=[id: 0xb65f99c8, L:/127.0.0.1:50309 - R:localhost/127.0.0.1:8081]}}, [disconnecting])
20:40:47.182 [reactor-http-nio-12] DEBUG reactor.netty.resources.PooledConnectionProvider - [id: 0xb65f99c8, L:/127.0.0.1:50309 - R:localhost/127.0.0.1:8081] Releasing channel
20:40:47.182 [reactor-http-nio-12] DEBUG reactor.netty.resources.PooledConnectionProvider - [id: 0xb65f99c8, L:/127.0.0.1:50309 - R:localhost/127.0.0.1:8081] Channel cleaned, now 26 active connections and 38 inactive connections
20:40:47.182 [reactor-http-nio-11] DEBUG reactor.netty.http.client.HttpClientOperations - [id: 0x5ee0aef5, L:/127.0.0.1:50263 - R:localhost/127.0.0.1:8081] Received response (auto-read:false) : [Content-Type=application/json, Transfer-Encoding=chunked, Date=Fri, 11 Jun 2021 15:10:46 GMT]
20:40:47.182 [reactor-http-nio-11] DEBUG reactor.netty.resources.PooledConnectionProvider - [id: 0x5ee0aef5, L:/127.0.0.1:50263 - R:localhost/127.0.0.1:8081] onStateChange(GET{uri=/getAttractions, connection=PooledConnection{channel=[id: 0x5ee0aef5, L:/127.0.0.1:50263 - R:localhost/127.0.0.1:8081]}}, [response_received])
20:40:47.183 [pool-14-thread-60] DEBUG org.springframework.web.reactive.function.client.ExchangeFunctions - [443f1fb9] HTTP GET http://localhost:8081/getAttractions
20:40:47.183 [reactor-http-nio-12] DEBUG reactor.netty.http.client.HttpClientOperations - [id: 0xcea183ce, L:/127.0.0.1:50289 - R:localhost/127.0.0.1:8081] Received response (auto-read:false) : [Content-Type=application/json, Transfer-Encoding=chunked, Date=Fri, 11 Jun 2021 15:10:46 GMT]
20:40:47.183 [reactor-http-nio-12] DEBUG reactor.netty.resources.PooledConnectionProvider - [id: 0xcea183ce, L:/127.0.0.1:50289 - R:localhost/127.0.0.1:8081] onStateChange(GET{uri=/getAttractions, connection=PooledConnection{channel=[id: 0xcea183ce, L:/127.0.0.1:50289 - R:localhost/127.0.0.1:8081]}}, [response_received])
20:40:47.183 [reactor-http-nio-12] DEBUG org.springframework.web.reactive.function.client.ExchangeFunctions - [1c78d864] Response 200 OK
20:40:47.179 [reactor-http-nio-16] DEBUG reactor.netty.http.client.HttpClientOperations - [id: 0x55a55ac0, L:/127.0.0.1:50255 - R:localhost/127.0.0.1:8081] Received last HTTP packet
20:40:47.184 [reactor-http-nio-16] DEBUG org.springframework.core.codec.StringDecoder - [33296e60] Decoded "[{"longitude":-117.922008,"latitude":33.817595,"attractionName":"Disneyland","city":"Anaheim","stat (truncated)...
20:40:47.184 [reactor-http-nio-16] DEBUG reactor.netty.resources.PooledConnectionProvider - [id: 0x55a55ac0, L:/127.0.0.1:50255 - R:localhost/127.0.0.1:8081] onStateChange(GET{uri=/getAttractions, connection=PooledConnection{channel=[id: 0x55a55ac0, L:/127.0.0.1:50255 - R:localhost/127.0.0.1:8081]}}, [disconnecting])
20:40:47.184 [reactor-http-nio-16] DEBUG reactor.netty.resources.PooledConnectionProvider - [id: 0x55a55ac0, L:/127.0.0.1:50255 - R:localhost/127.0.0.1:8081] Releasing channel
20:40:47.184 [reactor-http-nio-12] DEBUG reactor.netty.channel.FluxReceive - [id: 0xcea183ce, L:/127.0.0.1:50289 - R:localhost/127.0.0.1:8081] Subscribing inbound receiver [pending: 0, cancelled:false, inboundDone: false]
20:40:47.184 [reactor-http-nio-16] DEBUG reactor.netty.resources.PooledConnectionProvider - [id: 0x55a55ac0, L:/127.0.0.1:50255 - R:localhost/127.0.0.1:8081] Channel cleaned, now 25 active connections and 39 inactive connections
20:40:47.179 [reactor-http-nio-14] DEBUG reactor.netty.channel.FluxReceive - [id: 0xeea4a5eb, L:/127.0.0.1:50301 - R:localhost/127.0.0.1:8081] Subscribing inbound receiver [pending: 0, cancelled:false, inboundDone: false]
20:40:47.184 [reactor-http-nio-12] DEBUG reactor.netty.http.client.HttpClientOperations - [id: 0xcea183ce, L:/127.0.0.1:50289 - R:localhost/127.0.0.1:8081] Received last HTTP packet
20:40:47.184 [reactor-http-nio-16] DEBUG reactor.netty.http.client.HttpClientOperations - [id: 0xb476bc26, L:/127.0.0.1:50260 - R:localhost/127.0.0.1:8081] Received response (auto-read:false) : [Content-Type=application/json, Transfer-Encoding=chunked, Date=Fri, 11 Jun 2021 15:10:46 GMT]
20:40:47.185 [reactor-http-nio-16] DEBUG reactor.netty.resources.PooledConnectionProvider - [id: 0xb476bc26, L:/127.0.0.1:50260 - R:localhost/127.0.0.1:8081] onStateChange(GET{uri=/getAttractions, connection=PooledConnection{channel=[id: 0xb476bc26, L:/127.0.0.1:50260 - R:localhost/127.0.0.1:8081]}}, [response_received])
20:40:47.185 [reactor-http-nio-12] DEBUG org.springframework.core.codec.StringDecoder - [1c78d864] Decoded "[{"longitude":-117.922008,"latitude":33.817595,"attractionName":"Disneyland","city":"Anaheim","stat (truncated)...
20:40:47.185 [reactor-http-nio-16] DEBUG org.springframework.web.reactive.function.client.ExchangeFunctions - [7d71f7b0] Response 200 OK
20:40:47.185 [reactor-http-nio-12] DEBUG reactor.netty.resources.PooledConnectionProvider - [id: 0xcea183ce, L:/127.0.0.1:50289 - R:localhost/127.0.0.1:8081] onStateChange(GET{uri=/getAttractions, connection=PooledConnection{channel=[id: 0xcea183ce, L:/127.0.0.1:50289 - R:localhost/127.0.0.1:8081]}}, [disconnecting])
20:40:47.185 [reactor-http-nio-12] DEBUG reactor.netty.resources.PooledConnectionProvider - [id: 0xcea183ce, L:/127.0.0.1:50289 - R:localhost/127.0.0.1:8081] Releasing channel
20:40:47.185 [reactor-http-nio-12] DEBUG reactor.netty.resources.PooledConnectionProvider - [id: 0xcea183ce, L:/127.0.0.1:50289 - R:localhost/127.0.0.1:8081] Channel cleaned, now 24 active connections and 40 inactive connections
20:40:47.185 [reactor-http-nio-16] DEBUG reactor.netty.channel.FluxReceive - [id: 0xb476bc26, L:/127.0.0.1:50260 - R:localhost/127.0.0.1:8081] Subscribing inbound receiver [pending: 0, cancelled:false, inboundDone: false]
20:40:47.185 [reactor-http-nio-12] DEBUG reactor.netty.http.client.HttpClientOperations - [id: 0xdb7d5510, L:/127.0.0.1:50268 - R:localhost/127.0.0.1:8081] Received response (auto-read:false) : [Content-Type=application/json, Transfer-Encoding=chunked, Date=Fri, 11 Jun 2021 15:10:46 GMT]
20:40:47.185 [reactor-http-nio-12] DEBUG reactor.netty.resources.PooledConnectionProvider - [id: 0xdb7d5510, L:/127.0.0.1:50268 - R:localhost/127.0.0.1:8081] onStateChange(GET{uri=/getAttractions, connection=PooledConnection{channel=[id: 0xdb7d5510, L:/127.0.0.1:50268 - R:localhost/127.0.0.1:8081]}}, [response_received])
20:40:47.185 [pool-14-thread-6] DEBUG org.springframework.web.reactive.function.client.ExchangeFunctions - [11483194] HTTP GET http://localhost:8082/getAttractionRewardPoints?attractionId=f776af94-899b-41dc-b2e8-74bc9bba1143&userId=87ec1487-1d51-49af-8513-e1d622849125
20:40:47.180 [reactor-http-nio-2] DEBUG reactor.netty.resources.PooledConnectionProvider - [id: 0xb9fd1fe8, L:/127.0.0.1:50299 - R:localhost/127.0.0.1:8081] Channel cleaned, now 27 active connections and 37 inactive connections
20:40:47.181 [reactor-http-nio-10] DEBUG reactor.netty.resources.PooledConnectionProvider - [id: 0xeb8d3006, L:/127.0.0.1:50297 - R:localhost/127.0.0.1:8081] onStateChange(GET{uri=/getAttractions, connection=PooledConnection{channel=[id: 0xeb8d3006, L:/127.0.0.1:50297 - R:localhost/127.0.0.1:8081]}}, [request_sent])
20:40:47.186 [reactor-http-nio-2] DEBUG reactor.netty.resources.PooledConnectionProvider - [id: 0x8fdb8005, L:/127.0.0.1:50311 - R:localhost/127.0.0.1:8082] onStateChange(PooledConnection{channel=[id: 0x8fdb8005, L:/127.0.0.1:50311 - R:localhost/127.0.0.1:8082]}, [connected])
20:40:47.186 [reactor-http-nio-2] DEBUG reactor.netty.resources.PooledConnectionProvider - [id: 0x8fdb8005, L:/127.0.0.1:50311 - R:localhost/127.0.0.1:8082] onStateChange(GET{uri=/, connection=PooledConnection{channel=[id: 0x8fdb8005, L:/127.0.0.1:50311 - R:localhost/127.0.0.1:8082]}}, [configured])
20:40:47.181 [reactor-http-nio-15] DEBUG reactor.netty.channel.BootstrapHandlers - [id: 0x55b3b3dd] Initialized pipeline DefaultChannelPipeline{(BootstrapHandlers$BootstrapInitializerHandler#0 = reactor.netty.channel.BootstrapHandlers$BootstrapInitializerHandler), (SimpleChannelPool$1#0 = io.netty.channel.pool.SimpleChannelPool$1), (reactor.left.httpCodec = io.netty.handler.codec.http.HttpClientCodec), (reactor.left.decompressor = io.netty.handler.codec.http.HttpContentDecompressor), (reactor.right.reactiveBridge = reactor.netty.channel.ChannelOperationsHandler)}
20:40:47.186 [reactor-http-nio-10] DEBUG reactor.netty.resources.PooledConnectionProvider - [id: 0x3f6e2f96] Created new pooled channel, now 2 active connections and 10 inactive connections
20:40:47.182 [reactor-http-nio-13] DEBUG reactor.netty.http.client.HttpClientOperations - [id: 0xd31561fb, L:/127.0.0.1:50256 - R:localhost/127.0.0.1:8081] Received last HTTP packet
20:40:47.186 [reactor-http-nio-10] DEBUG reactor.netty.channel.BootstrapHandlers - [id: 0x3f6e2f96] Initialized pipeline DefaultChannelPipeline{(BootstrapHandlers$BootstrapInitializerHandler#0 = reactor.netty.channel.BootstrapHandlers$BootstrapInitializerHandler), (SimpleChannelPool$1#0 = io.netty.channel.pool.SimpleChannelPool$1), (reactor.left.httpCodec = io.netty.handler.codec.http.HttpClientCodec), (reactor.left.decompressor = io.netty.handler.codec.http.HttpContentDecompressor), (reactor.right.reactiveBridge = reactor.netty.channel.ChannelOperationsHandler)}
20:40:47.186 [reactor-http-nio-13] DEBUG org.springframework.core.codec.StringDecoder - [16b35913] Decoded "[{"longitude":-117.922008,"latitude":33.817595,"attractionName":"Disneyland","city":"Anaheim","stat (truncated)...
20:40:47.186 [reactor-http-nio-10] DEBUG reactor.netty.resources.PooledConnectionProvider - [id: 0x163b3bc4, L:/127.0.0.1:50305 - R:localhost/127.0.0.1:8081] Channel acquired, now 25 active connections and 39 inactive connections
20:40:47.186 [reactor-http-nio-15] DEBUG reactor.netty.http.client.HttpClientOperations - [id: 0x9e2c9a54, L:/127.0.0.1:50246 - R:localhost/127.0.0.1:8081] Received response (auto-read:false) : [Content-Type=application/json, Transfer-Encoding=chunked, Date=Fri, 11 Jun 2021 15:10:46 GMT]
20:40:47.183 [reactor-http-nio-11] DEBUG org.springframework.web.reactive.function.client.ExchangeFunctions - [48554300] Response 200 OK
20:40:47.184 [pool-14-thread-61] DEBUG org.springframework.web.reactive.function.client.ExchangeFunctions - [29312a4d] HTTP GET http://localhost:8081/getAttractions
20:40:47.187 [reactor-http-nio-11] DEBUG reactor.netty.channel.FluxReceive - [id: 0x5ee0aef5, L:/127.0.0.1:50263 - R:localhost/127.0.0.1:8081] Subscribing inbound receiver [pending: 0, cancelled:false, inboundDone: false]
20:40:47.187 [pool-14-thread-64] DEBUG org.springframework.web.reactive.function.client.ExchangeFunctions - [2005a65a] HTTP GET http://localhost:8081/getAttractions
20:40:47.184 [reactor-http-nio-14] DEBUG reactor.netty.http.client.HttpClientOperations - [id: 0xeea4a5eb, L:/127.0.0.1:50301 - R:localhost/127.0.0.1:8081] Received last HTTP packet
20:40:47.188 [reactor-http-nio-11] DEBUG reactor.netty.http.client.HttpClientOperations - [id: 0x5ee0aef5, L:/127.0.0.1:50263 - R:localhost/127.0.0.1:8081] Received last HTTP packet
20:40:47.185 [pool-14-thread-62] DEBUG org.springframework.web.reactive.function.client.ExchangeFunctions - [675c916c] HTTP GET http://localhost:8081/getAttractions
20:40:47.188 [reactor-http-nio-11] DEBUG org.springframework.core.codec.StringDecoder - [48554300] Decoded "[{"longitude":-117.922008,"latitude":33.817595,"attractionName":"Disneyland","city":"Anaheim","stat (truncated)...
20:40:47.188 [reactor-http-nio-11] DEBUG reactor.netty.resources.PooledConnectionProvider - [id: 0x5ee0aef5, L:/127.0.0.1:50263 - R:localhost/127.0.0.1:8081] onStateChange(GET{uri=/getAttractions, connection=PooledConnection{channel=[id: 0x5ee0aef5, L:/127.0.0.1:50263 - R:localhost/127.0.0.1:8081]}}, [disconnecting])
20:40:47.188 [reactor-http-nio-11] DEBUG reactor.netty.resources.PooledConnectionProvider - [id: 0x5ee0aef5, L:/127.0.0.1:50263 - R:localhost/127.0.0.1:8081] Releasing channel
20:40:47.188 [reactor-http-nio-11] DEBUG reactor.netty.resources.PooledConnectionProvider - [id: 0x5ee0aef5, L:/127.0.0.1:50263 - R:localhost/127.0.0.1:8081] Channel cleaned, now 24 active connections and 40 inactive connections
20:40:47.189 [pool-14-thread-31] DEBUG org.springframework.web.reactive.function.client.ExchangeFunctions - [1874b5b5] HTTP GET http://localhost:8082/getAttractionRewardPoints?attractionId=9aba899f-c289-424d-a547-62bf8ebbfd29&userId=33081a6f-ee08-4778-98e5-c0e0c8619507
20:40:47.185 [reactor-http-nio-16] DEBUG reactor.netty.http.client.HttpClientOperations - [id: 0xb476bc26, L:/127.0.0.1:50260 - R:localhost/127.0.0.1:8081] Received last HTTP packet
20:40:47.189 [reactor-http-nio-16] DEBUG org.springframework.core.codec.StringDecoder - [7d71f7b0] Decoded "[{"longitude":-117.922008,"latitude":33.817595,"attractionName":"Disneyland","city":"Anaheim","stat (truncated)...
20:40:47.190 [reactor-http-nio-16] DEBUG reactor.netty.resources.PooledConnectionProvider - [id: 0xb476bc26, L:/127.0.0.1:50260 - R:localhost/127.0.0.1:8081] onStateChange(GET{uri=/getAttractions, connection=PooledConnection{channel=[id: 0xb476bc26, L:/127.0.0.1:50260 - R:localhost/127.0.0.1:8081]}}, [disconnecting])
20:40:47.190 [reactor-http-nio-16] DEBUG reactor.netty.resources.PooledConnectionProvider - [id: 0xb476bc26, L:/127.0.0.1:50260 - R:localhost/127.0.0.1:8081] Releasing channel
20:40:47.190 [reactor-http-nio-16] DEBUG reactor.netty.resources.PooledConnectionProvider - [id: 0xb476bc26, L:/127.0.0.1:50260 - R:localhost/127.0.0.1:8081] Channel cleaned, now 23 active connections and 41 inactive connections
20:40:47.190 [reactor-http-nio-16] DEBUG reactor.netty.http.client.HttpClientOperations - [id: 0x33d4d541, L:/127.0.0.1:50281 - R:localhost/127.0.0.1:8081] Received response (auto-read:false) : [Content-Type=application/json, Transfer-Encoding=chunked, Date=Fri, 11 Jun 2021 15:10:46 GMT]
20:40:47.190 [reactor-http-nio-16] DEBUG reactor.netty.resources.PooledConnectionProvider - [id: 0x33d4d541, L:/127.0.0.1:50281 - R:localhost/127.0.0.1:8081] onStateChange(GET{uri=/getAttractions, connection=PooledConnection{channel=[id: 0x33d4d541, L:/127.0.0.1:50281 - R:localhost/127.0.0.1:8081]}}, [response_received])
20:40:47.190 [reactor-http-nio-14] DEBUG org.springframework.core.codec.StringDecoder - [41612860] Decoded "[{"longitude":-117.922008,"latitude":33.817595,"attractionName":"Disneyland","city":"Anaheim","stat (truncated)...
20:40:47.190 [reactor-http-nio-16] DEBUG org.springframework.web.reactive.function.client.ExchangeFunctions - [11980ef1] Response 200 OK
20:40:47.190 [reactor-http-nio-16] DEBUG reactor.netty.channel.FluxReceive - [id: 0x33d4d541, L:/127.0.0.1:50281 - R:localhost/127.0.0.1:8081] Subscribing inbound receiver [pending: 0, cancelled:false, inboundDone: false]
20:40:47.191 [reactor-http-nio-16] DEBUG reactor.netty.http.client.HttpClientOperations - [id: 0x33d4d541, L:/127.0.0.1:50281 - R:localhost/127.0.0.1:8081] Received last HTTP packet
20:40:47.191 [pool-14-thread-24] DEBUG org.springframework.web.reactive.function.client.ExchangeFunctions - [4692a47a] HTTP GET http://localhost:8082/getAttractionRewardPoints?attractionId=4cd952e5-d23c-490d-a059-042e6a51394d&userId=7037308d-7f34-4c59-a896-4689056b645a
20:40:47.191 [reactor-http-nio-16] DEBUG org.springframework.core.codec.StringDecoder - [11980ef1] Decoded "[{"longitude":-117.922008,"latitude":33.817595,"attractionName":"Disneyland","city":"Anaheim","stat (truncated)...
20:40:47.191 [reactor-http-nio-14] DEBUG reactor.netty.resources.PooledConnectionProvider - [id: 0xeea4a5eb, L:/127.0.0.1:50301 - R:localhost/127.0.0.1:8081] onStateChange(GET{uri=/getAttractions, connection=PooledConnection{channel=[id: 0xeea4a5eb, L:/127.0.0.1:50301 - R:localhost/127.0.0.1:8081]}}, [disconnecting])
20:40:47.191 [reactor-http-nio-14] DEBUG reactor.netty.resources.PooledConnectionProvider - [id: 0xeea4a5eb, L:/127.0.0.1:50301 - R:localhost/127.0.0.1:8081] Releasing channel
20:40:47.185 [reactor-http-nio-12] DEBUG org.springframework.web.reactive.function.client.ExchangeFunctions - [1039957b] Response 200 OK
20:40:47.191 [reactor-http-nio-12] DEBUG reactor.netty.channel.FluxReceive - [id: 0xdb7d5510, L:/127.0.0.1:50268 - R:localhost/127.0.0.1:8081] Subscribing inbound receiver [pending: 0, cancelled:false, inboundDone: false]
20:40:47.185 [pool-14-thread-20] DEBUG org.springframework.web.reactive.function.client.ExchangeFunctions - [3dee9675] HTTP GET http://localhost:8082/getAttractionRewardPoints?attractionId=f2afb86c-1a79-4102-aa45-534d60a50649&userId=76b74dbb-942c-4550-986a-15355b5cc416
20:40:47.192 [reactor-http-nio-12] DEBUG reactor.netty.http.client.HttpClientOperations - [id: 0xdb7d5510, L:/127.0.0.1:50268 - R:localhost/127.0.0.1:8081] Received last HTTP packet
20:40:47.192 [pool-14-thread-25] DEBUG org.springframework.web.reactive.function.client.ExchangeFunctions - [73b6066e] HTTP GET http://localhost:8082/getAttractionRewardPoints?attractionId=a11eb78a-bcf0-4ec1-bf43-71e6b3222985&userId=e52e141c-4928-4ffd-abc0-41fcf9568314
20:40:47.192 [pool-14-thread-28] DEBUG org.springframework.web.reactive.function.client.ExchangeFunctions - [1f5ff2b2] HTTP GET http://localhost:8082/getAttractionRewardPoints?attractionId=e193f3ea-8dc2-4549-91bf-89d597d30eda&userId=08fbcf65-33dd-44ec-a857-2e88dfcfe865
20:40:47.193 [pool-14-thread-29] DEBUG org.springframework.web.reactive.function.client.ExchangeFunctions - [4fa6ce3c] HTTP GET http://localhost:8082/getAttractionRewardPoints?attractionId=c8cd4b57-23d9-4555-ae91-2c94a057f879&userId=26827e54-d62e-4baf-9ad9-c52826029857
20:40:47.186 [reactor-http-nio-2] DEBUG reactor.netty.resources.PooledConnectionProvider - [id: 0x875fe514] Created new pooled channel, now 2 active connections and 9 inactive connections
20:40:47.186 [pool-14-thread-63] DEBUG org.springframework.web.reactive.function.client.ExchangeFunctions - [5c5ca3b2] HTTP GET http://localhost:8081/getAttractions
20:40:47.186 [reactor-http-nio-13] DEBUG reactor.netty.resources.PooledConnectionProvider - [id: 0xd31561fb, L:/127.0.0.1:50256 - R:localhost/127.0.0.1:8081] onStateChange(GET{uri=/getAttractions, connection=PooledConnection{channel=[id: 0xd31561fb, L:/127.0.0.1:50256 - R:localhost/127.0.0.1:8081]}}, [disconnecting])
20:40:47.193 [reactor-http-nio-13] DEBUG reactor.netty.resources.PooledConnectionProvider - [id: 0xd31561fb, L:/127.0.0.1:50256 - R:localhost/127.0.0.1:8081] Releasing channel
20:40:47.193 [reactor-http-nio-2] DEBUG reactor.netty.channel.BootstrapHandlers - [id: 0x875fe514] Initialized pipeline DefaultChannelPipeline{(BootstrapHandlers$BootstrapInitializerHandler#0 = reactor.netty.channel.BootstrapHandlers$BootstrapInitializerHandler), (SimpleChannelPool$1#0 = io.netty.channel.pool.SimpleChannelPool$1), (reactor.left.httpCodec = io.netty.handler.codec.http.HttpClientCodec), (reactor.left.decompressor = io.netty.handler.codec.http.HttpContentDecompressor), (reactor.right.reactiveBridge = reactor.netty.channel.ChannelOperationsHandler)}
20:40:47.186 [reactor-http-nio-15] DEBUG reactor.netty.resources.PooledConnectionProvider - [id: 0x9e2c9a54, L:/127.0.0.1:50246 - R:localhost/127.0.0.1:8081] onStateChange(GET{uri=/getAttractions, connection=PooledConnection{channel=[id: 0x9e2c9a54, L:/127.0.0.1:50246 - R:localhost/127.0.0.1:8081]}}, [response_received])
20:40:47.186 [reactor-http-nio-10] DEBUG reactor.netty.http.client.HttpClientConnect - [id: 0x163b3bc4, L:/127.0.0.1:50305 - R:localhost/127.0.0.1:8081] Handler is being applied: {uri=http://localhost:8081/getAttractions, method=GET}
20:40:47.187 [pool-14-thread-8] DEBUG org.springframework.web.reactive.function.client.ExchangeFunctions - [12bf359b] HTTP GET http://localhost:8082/getAttractionRewardPoints?attractionId=13fcdccf-e6b6-4688-a1e8-021a38bf5b9e&userId=35e1c9a7-87e6-4810-9fef-6d02562774b6
20:40:47.194 [reactor-http-nio-15] DEBUG org.springframework.web.reactive.function.client.ExchangeFunctions - [7c22f64b] Response 200 OK
20:40:47.194 [reactor-http-nio-2] DEBUG reactor.netty.resources.PooledConnectionProvider - [id: 0xc26b7a12] Created new pooled channel, now 2 active connections and 11 inactive connections
20:40:47.194 [reactor-http-nio-2] DEBUG reactor.netty.channel.BootstrapHandlers - [id: 0xc26b7a12] Initialized pipeline DefaultChannelPipeline{(BootstrapHandlers$BootstrapInitializerHandler#0 = reactor.netty.channel.BootstrapHandlers$BootstrapInitializerHandler), (SimpleChannelPool$1#0 = io.netty.channel.pool.SimpleChannelPool$1), (reactor.left.httpCodec = io.netty.handler.codec.http.HttpClientCodec), (reactor.left.decompressor = io.netty.handler.codec.http.HttpContentDecompressor), (reactor.right.reactiveBridge = reactor.netty.channel.ChannelOperationsHandler)}
20:40:47.194 [reactor-http-nio-15] DEBUG reactor.netty.channel.FluxReceive - [id: 0x9e2c9a54, L:/127.0.0.1:50246 - R:localhost/127.0.0.1:8081] Subscribing inbound receiver [pending: 0, cancelled:false, inboundDone: false]
20:40:47.194 [reactor-http-nio-2] DEBUG reactor.netty.resources.PooledConnectionProvider - [id: 0x996b12a8] Created new pooled channel, now 2 active connections and 12 inactive connections
20:40:47.189 [reactor-http-nio-11] DEBUG reactor.netty.http.client.HttpClientOperations - [id: 0xf4ffa1a5, L:/127.0.0.1:50267 - R:localhost/127.0.0.1:8081] Received response (auto-read:false) : [Content-Type=application/json, Transfer-Encoding=chunked, Date=Fri, 11 Jun 2021 15:10:46 GMT]
20:40:47.194 [reactor-http-nio-15] DEBUG reactor.netty.http.client.HttpClientOperations - [id: 0x9e2c9a54, L:/127.0.0.1:50246 - R:localhost/127.0.0.1:8081] Received last HTTP packet
20:40:47.194 [reactor-http-nio-2] DEBUG reactor.netty.channel.BootstrapHandlers - [id: 0x996b12a8] Initialized pipeline DefaultChannelPipeline{(BootstrapHandlers$BootstrapInitializerHandler#0 = reactor.netty.channel.BootstrapHandlers$BootstrapInitializerHandler), (SimpleChannelPool$1#0 = io.netty.channel.pool.SimpleChannelPool$1), (reactor.left.httpCodec = io.netty.handler.codec.http.HttpClientCodec), (reactor.left.decompressor = io.netty.handler.codec.http.HttpContentDecompressor), (reactor.right.reactiveBridge = reactor.netty.channel.ChannelOperationsHandler)}
20:40:47.191 [reactor-http-nio-16] DEBUG reactor.netty.resources.PooledConnectionProvider - [id: 0x33d4d541, L:/127.0.0.1:50281 - R:localhost/127.0.0.1:8081] onStateChange(GET{uri=/getAttractions, connection=PooledConnection{channel=[id: 0x33d4d541, L:/127.0.0.1:50281 - R:localhost/127.0.0.1:8081]}}, [disconnecting])
20:40:47.194 [reactor-http-nio-16] DEBUG reactor.netty.resources.PooledConnectionProvider - [id: 0x33d4d541, L:/127.0.0.1:50281 - R:localhost/127.0.0.1:8081] Releasing channel
20:40:47.194 [reactor-http-nio-16] DEBUG reactor.netty.resources.PooledConnectionProvider - [id: 0x33d4d541, L:/127.0.0.1:50281 - R:localhost/127.0.0.1:8081] Channel cleaned, now 20 active connections and 44 inactive connections
20:40:47.191 [reactor-http-nio-14] DEBUG reactor.netty.resources.PooledConnectionProvider - [id: 0xeea4a5eb, L:/127.0.0.1:50301 - R:localhost/127.0.0.1:8081] Channel cleaned, now 22 active connections and 42 inactive connections
20:40:47.192 [reactor-http-nio-12] DEBUG org.springframework.core.codec.StringDecoder - [1039957b] Decoded "[{"longitude":-117.922008,"latitude":33.817595,"attractionName":"Disneyland","city":"Anaheim","stat (truncated)...
20:40:47.193 [reactor-http-nio-13] DEBUG reactor.netty.resources.PooledConnectionProvider - [id: 0xd31561fb, L:/127.0.0.1:50256 - R:localhost/127.0.0.1:8081] Channel cleaned, now 21 active connections and 43 inactive connections
20:40:47.194 [reactor-http-nio-12] DEBUG reactor.netty.resources.PooledConnectionProvider - [id: 0xdb7d5510, L:/127.0.0.1:50268 - R:localhost/127.0.0.1:8081] onStateChange(GET{uri=/getAttractions, connection=PooledConnection{channel=[id: 0xdb7d5510, L:/127.0.0.1:50268 - R:localhost/127.0.0.1:8081]}}, [disconnecting])
20:40:47.194 [reactor-http-nio-10] DEBUG reactor.netty.resources.PooledConnectionProvider - [id: 0x163b3bc4, L:/127.0.0.1:50305 - R:localhost/127.0.0.1:8081] onStateChange(GET{uri=/getAttractions, connection=PooledConnection{channel=[id: 0x163b3bc4, L:/127.0.0.1:50305 - R:localhost/127.0.0.1:8081]}}, [request_sent])
20:40:47.195 [reactor-http-nio-14] DEBUG reactor.netty.resources.PooledConnectionProvider - [id: 0x53a45341, L:/127.0.0.1:50314 - R:localhost/127.0.0.1:8082] onStateChange(PooledConnection{channel=[id: 0x53a45341, L:/127.0.0.1:50314 - R:localhost/127.0.0.1:8082]}, [connected])
20:40:47.195 [reactor-http-nio-13] DEBUG reactor.netty.resources.PooledConnectionProvider - [id: 0xc67a2049] Created new pooled channel, now 3 active connections and 12 inactive connections
20:40:47.195 [reactor-http-nio-14] DEBUG reactor.netty.resources.PooledConnectionProvider - [id: 0x53a45341, L:/127.0.0.1:50314 - R:localhost/127.0.0.1:8082] onStateChange(GET{uri=/, connection=PooledConnection{channel=[id: 0x53a45341, L:/127.0.0.1:50314 - R:localhost/127.0.0.1:8082]}}, [configured])
20:40:47.195 [reactor-http-nio-10] DEBUG reactor.netty.resources.PooledConnectionProvider - [id: 0x75477450] Created new pooled channel, now 3 active connections and 13 inactive connections
20:40:47.195 [reactor-http-nio-13] DEBUG reactor.netty.channel.BootstrapHandlers - [id: 0xc67a2049] Initialized pipeline DefaultChannelPipeline{(BootstrapHandlers$BootstrapInitializerHandler#0 = reactor.netty.channel.BootstrapHandlers$BootstrapInitializerHandler), (SimpleChannelPool$1#0 = io.netty.channel.pool.SimpleChannelPool$1), (reactor.left.httpCodec = io.netty.handler.codec.http.HttpClientCodec), (reactor.left.decompressor = io.netty.handler.codec.http.HttpContentDecompressor), (reactor.right.reactiveBridge = reactor.netty.channel.ChannelOperationsHandler)}
20:40:47.194 [reactor-http-nio-11] DEBUG reactor.netty.resources.PooledConnectionProvider - [id: 0xf4ffa1a5, L:/127.0.0.1:50267 - R:localhost/127.0.0.1:8081] onStateChange(GET{uri=/getAttractions, connection=PooledConnection{channel=[id: 0xf4ffa1a5, L:/127.0.0.1:50267 - R:localhost/127.0.0.1:8081]}}, [response_received])
20:40:47.195 [reactor-http-nio-14] DEBUG reactor.netty.resources.PooledConnectionProvider - [id: 0x7879d49c, L:/127.0.0.1:50315 - R:localhost/127.0.0.1:8082] onStateChange(PooledConnection{channel=[id: 0x7879d49c, L:/127.0.0.1:50315 - R:localhost/127.0.0.1:8082]}, [connected])
20:40:47.195 [reactor-http-nio-11] DEBUG org.springframework.web.reactive.function.client.ExchangeFunctions - [31e3fdf9] Response 200 OK
20:40:47.195 [reactor-http-nio-14] DEBUG reactor.netty.resources.PooledConnectionProvider - [id: 0x7879d49c, L:/127.0.0.1:50315 - R:localhost/127.0.0.1:8082] onStateChange(GET{uri=/, connection=PooledConnection{channel=[id: 0x7879d49c, L:/127.0.0.1:50315 - R:localhost/127.0.0.1:8082]}}, [configured])
20:40:47.195 [reactor-http-nio-14] DEBUG reactor.netty.resources.PooledConnectionProvider - [id: 0x66aa18dc] Created new pooled channel, now 3 active connections and 15 inactive connections
20:40:47.195 [reactor-http-nio-14] DEBUG reactor.netty.channel.BootstrapHandlers - [id: 0x66aa18dc] Initialized pipeline DefaultChannelPipeline{(BootstrapHandlers$BootstrapInitializerHandler#0 = reactor.netty.channel.BootstrapHandlers$BootstrapInitializerHandler), (SimpleChannelPool$1#0 = io.netty.channel.pool.SimpleChannelPool$1), (reactor.left.httpCodec = io.netty.handler.codec.http.HttpClientCodec), (reactor.left.decompressor = io.netty.handler.codec.http.HttpContentDecompressor), (reactor.right.reactiveBridge = reactor.netty.channel.ChannelOperationsHandler)}
20:40:47.195 [reactor-http-nio-11] DEBUG reactor.netty.channel.FluxReceive - [id: 0xf4ffa1a5, L:/127.0.0.1:50267 - R:localhost/127.0.0.1:8081] Subscribing inbound receiver [pending: 0, cancelled:false, inboundDone: false]
20:40:47.196 [reactor-http-nio-14] DEBUG reactor.netty.resources.PooledConnectionProvider - [id: 0x05cf9efe] Created new pooled channel, now 3 active connections and 16 inactive connections
20:40:47.194 [reactor-http-nio-2] DEBUG reactor.netty.resources.PooledConnectionProvider - [id: 0x8fdb8005, L:/127.0.0.1:50311 - R:localhost/127.0.0.1:8082] Registering pool release on close event for channel
20:40:47.196 [reactor-http-nio-2] DEBUG reactor.netty.http.client.HttpClientConnect - [id: 0x8fdb8005, L:/127.0.0.1:50311 - R:localhost/127.0.0.1:8082] Handler is being applied: {uri=http://localhost:8082/getAttractionRewardPoints?attractionId=9674c363-7e68-4914-94a6-cc0eb1aa5102&userId=d170487e-72e1-4ce4-bd73-4a1408049279, method=GET}
20:40:47.194 [reactor-http-nio-15] DEBUG org.springframework.core.codec.StringDecoder - [7c22f64b] Decoded "[{"longitude":-117.922008,"latitude":33.817595,"attractionName":"Disneyland","city":"Anaheim","stat (truncated)...
20:40:47.196 [reactor-http-nio-14] DEBUG reactor.netty.channel.BootstrapHandlers - [id: 0x05cf9efe] Initialized pipeline DefaultChannelPipeline{(BootstrapHandlers$BootstrapInitializerHandler#0 = reactor.netty.channel.BootstrapHandlers$BootstrapInitializerHandler), (SimpleChannelPool$1#0 = io.netty.channel.pool.SimpleChannelPool$1), (reactor.left.httpCodec = io.netty.handler.codec.http.HttpClientCodec), (reactor.left.decompressor = io.netty.handler.codec.http.HttpContentDecompressor), (reactor.right.reactiveBridge = reactor.netty.channel.ChannelOperationsHandler)}
20:40:47.196 [reactor-http-nio-15] DEBUG reactor.netty.resources.PooledConnectionProvider - [id: 0x9e2c9a54, L:/127.0.0.1:50246 - R:localhost/127.0.0.1:8081] onStateChange(GET{uri=/getAttractions, connection=PooledConnection{channel=[id: 0x9e2c9a54, L:/127.0.0.1:50246 - R:localhost/127.0.0.1:8081]}}, [disconnecting])
20:40:47.196 [reactor-http-nio-15] DEBUG reactor.netty.resources.PooledConnectionProvider - [id: 0x9e2c9a54, L:/127.0.0.1:50246 - R:localhost/127.0.0.1:8081] Releasing channel
20:40:47.194 [reactor-http-nio-16] DEBUG reactor.netty.resources.PooledConnectionProvider - [id: 0x0ffc5b2c, L:/127.0.0.1:50250 - R:localhost/127.0.0.1:8081] Channel acquired, now 21 active connections and 43 inactive connections
20:40:47.196 [reactor-http-nio-15] DEBUG reactor.netty.resources.PooledConnectionProvider - [id: 0x9e2c9a54, L:/127.0.0.1:50246 - R:localhost/127.0.0.1:8081] Channel cleaned, now 20 active connections and 44 inactive connections
20:40:47.195 [reactor-http-nio-12] DEBUG reactor.netty.resources.PooledConnectionProvider - [id: 0xdb7d5510, L:/127.0.0.1:50268 - R:localhost/127.0.0.1:8081] Releasing channel
20:40:47.196 [reactor-http-nio-16] DEBUG reactor.netty.http.client.HttpClientConnect - [id: 0x0ffc5b2c, L:/127.0.0.1:50250 - R:localhost/127.0.0.1:8081] Handler is being applied: {uri=http://localhost:8081/getAttractions, method=GET}
20:40:47.196 [reactor-http-nio-12] DEBUG reactor.netty.resources.PooledConnectionProvider - [id: 0xdb7d5510, L:/127.0.0.1:50268 - R:localhost/127.0.0.1:8081] Channel cleaned, now 19 active connections and 45 inactive connections
20:40:47.196 [reactor-http-nio-15] DEBUG reactor.netty.resources.PooledConnectionProvider - [id: 0x8e4601d6, L:/127.0.0.1:50317 - R:localhost/127.0.0.1:8082] onStateChange(PooledConnection{channel=[id: 0x8e4601d6, L:/127.0.0.1:50317 - R:localhost/127.0.0.1:8082]}, [connected])
20:40:47.196 [reactor-http-nio-15] DEBUG reactor.netty.resources.PooledConnectionProvider - [id: 0x8e4601d6, L:/127.0.0.1:50317 - R:localhost/127.0.0.1:8082] onStateChange(GET{uri=/, connection=PooledConnection{channel=[id: 0x8e4601d6, L:/127.0.0.1:50317 - R:localhost/127.0.0.1:8082]}}, [configured])
20:40:47.196 [reactor-http-nio-14] DEBUG reactor.netty.resources.PooledConnectionProvider - [id: 0x66aa18dc, L:/127.0.0.1:50320 - R:localhost/127.0.0.1:8082] onStateChange(PooledConnection{channel=[id: 0x66aa18dc, L:/127.0.0.1:50320 - R:localhost/127.0.0.1:8082]}, [connected])
20:40:47.196 [reactor-http-nio-12] DEBUG reactor.netty.http.client.HttpClientOperations - [id: 0x9cfe3e33, L:/127.0.0.1:50249 - R:localhost/127.0.0.1:8081] Received response (auto-read:false) : [Content-Type=application/json, Transfer-Encoding=chunked, Date=Fri, 11 Jun 2021 15:10:46 GMT]
20:40:47.196 [reactor-http-nio-15] DEBUG reactor.netty.resources.PooledConnectionProvider - [id: 0x55b3b3dd, L:/127.0.0.1:50318 - R:localhost/127.0.0.1:8082] onStateChange(PooledConnection{channel=[id: 0x55b3b3dd, L:/127.0.0.1:50318 - R:localhost/127.0.0.1:8082]}, [connected])
20:40:47.196 [reactor-http-nio-14] DEBUG reactor.netty.resources.PooledConnectionProvider - [id: 0x66aa18dc, L:/127.0.0.1:50320 - R:localhost/127.0.0.1:8082] onStateChange(GET{uri=/, connection=PooledConnection{channel=[id: 0x66aa18dc, L:/127.0.0.1:50320 - R:localhost/127.0.0.1:8082]}}, [configured])
20:40:47.196 [reactor-http-nio-2] DEBUG reactor.netty.resources.PooledConnectionProvider - [id: 0x8fdb8005, L:/127.0.0.1:50311 - R:localhost/127.0.0.1:8082] onStateChange(GET{uri=/getAttractionRewardPoints?attractionId=9674c363-7e68-4914-94a6-cc0eb1aa5102&userId=d170487e-72e1-4ce4-bd73-4a1408049279, connection=PooledConnection{channel=[id: 0x8fdb8005, L:/127.0.0.1:50311 - R:localhost/127.0.0.1:8082]}}, [request_sent])
20:40:47.197 [reactor-http-nio-16] DEBUG reactor.netty.resources.PooledConnectionProvider - [id: 0x0ffc5b2c, L:/127.0.0.1:50250 - R:localhost/127.0.0.1:8081] onStateChange(GET{uri=/getAttractions, connection=PooledConnection{channel=[id: 0x0ffc5b2c, L:/127.0.0.1:50250 - R:localhost/127.0.0.1:8081]}}, [request_sent])
20:40:47.197 [reactor-http-nio-14] DEBUG reactor.netty.resources.PooledConnectionProvider - [id: 0x05cf9efe, L:/127.0.0.1:50321 - R:localhost/127.0.0.1:8082] onStateChange(PooledConnection{channel=[id: 0x05cf9efe, L:/127.0.0.1:50321 - R:localhost/127.0.0.1:8082]}, [connected])
20:40:47.197 [reactor-http-nio-14] DEBUG reactor.netty.resources.PooledConnectionProvider - [id: 0x05cf9efe, L:/127.0.0.1:50321 - R:localhost/127.0.0.1:8082] onStateChange(GET{uri=/, connection=PooledConnection{channel=[id: 0x05cf9efe, L:/127.0.0.1:50321 - R:localhost/127.0.0.1:8082]}}, [configured])
20:40:47.197 [reactor-http-nio-16] DEBUG reactor.netty.resources.PooledConnectionProvider - [id: 0xd3736007] Created new pooled channel, now 3 active connections and 17 inactive connections
20:40:47.195 [reactor-http-nio-10] DEBUG reactor.netty.channel.BootstrapHandlers - [id: 0x75477450] Initialized pipeline DefaultChannelPipeline{(BootstrapHandlers$BootstrapInitializerHandler#0 = reactor.netty.channel.BootstrapHandlers$BootstrapInitializerHandler), (SimpleChannelPool$1#0 = io.netty.channel.pool.SimpleChannelPool$1), (reactor.left.httpCodec = io.netty.handler.codec.http.HttpClientCodec), (reactor.left.decompressor = io.netty.handler.codec.http.HttpContentDecompressor), (reactor.right.reactiveBridge = reactor.netty.channel.ChannelOperationsHandler)}
20:40:47.195 [reactor-http-nio-13] DEBUG reactor.netty.resources.PooledConnectionProvider - [id: 0x8c8eb14c] Created new pooled channel, now 3 active connections and 14 inactive connections
20:40:47.197 [reactor-http-nio-10] DEBUG reactor.netty.resources.PooledConnectionProvider - [id: 0x56dc91d0] Created new pooled channel, now 3 active connections and 18 inactive connections
20:40:47.196 [reactor-http-nio-11] DEBUG reactor.netty.http.client.HttpClientOperations - [id: 0xf4ffa1a5, L:/127.0.0.1:50267 - R:localhost/127.0.0.1:8081] Received last HTTP packet
20:40:47.197 [reactor-http-nio-13] DEBUG reactor.netty.channel.BootstrapHandlers - [id: 0x8c8eb14c] Initialized pipeline DefaultChannelPipeline{(BootstrapHandlers$BootstrapInitializerHandler#0 = reactor.netty.channel.BootstrapHandlers$BootstrapInitializerHandler), (SimpleChannelPool$1#0 = io.netty.channel.pool.SimpleChannelPool$1), (reactor.left.httpCodec = io.netty.handler.codec.http.HttpClientCodec), (reactor.left.decompressor = io.netty.handler.codec.http.HttpContentDecompressor), (reactor.right.reactiveBridge = reactor.netty.channel.ChannelOperationsHandler)}
20:40:47.197 [reactor-http-nio-10] DEBUG reactor.netty.channel.BootstrapHandlers - [id: 0x56dc91d0] Initialized pipeline DefaultChannelPipeline{(BootstrapHandlers$BootstrapInitializerHandler#0 = reactor.netty.channel.BootstrapHandlers$BootstrapInitializerHandler), (SimpleChannelPool$1#0 = io.netty.channel.pool.SimpleChannelPool$1), (reactor.left.httpCodec = io.netty.handler.codec.http.HttpClientCodec), (reactor.left.decompressor = io.netty.handler.codec.http.HttpContentDecompressor), (reactor.right.reactiveBridge = reactor.netty.channel.ChannelOperationsHandler)}
20:40:47.197 [pool-14-thread-32] DEBUG org.springframework.web.reactive.function.client.ExchangeFunctions - [72e507bf] HTTP GET http://localhost:8082/getAttractionRewardPoints?attractionId=47f2f0db-9b39-4a88-aa4f-6685b6171e73&userId=dc86a3d4-10eb-4adc-ad5a-c22c7670b3fb
20:40:47.197 [reactor-http-nio-13] DEBUG reactor.netty.resources.PooledConnectionProvider - [id: 0x86f0206d, L:/127.0.0.1:50296 - R:localhost/127.0.0.1:8081] Channel acquired, now 21 active connections and 43 inactive connections
20:40:47.197 [reactor-http-nio-10] DEBUG reactor.netty.resources.PooledConnectionProvider - [id: 0x2c66aa2f, L:/127.0.0.1:50251 - R:localhost/127.0.0.1:8081] Channel acquired, now 21 active connections and 43 inactive connections
20:40:47.196 [pool-14-thread-4] DEBUG org.springframework.web.reactive.function.client.ExchangeFunctions - [1efe790c] HTTP GET http://localhost:8082/getAttractionRewardPoints?attractionId=ecbd80de-a76c-4c2c-8ed1-9a97117fa690&userId=6283ecde-2456-462f-9d79-9c6f0e75ef38
20:40:47.198 [reactor-http-nio-10] DEBUG reactor.netty.http.client.HttpClientConnect - [id: 0x2c66aa2f, L:/127.0.0.1:50251 - R:localhost/127.0.0.1:8081] Handler is being applied: {uri=http://localhost:8081/getAttractions, method=GET}
20:40:47.198 [reactor-http-nio-14] DEBUG reactor.netty.resources.PooledConnectionProvider - [id: 0xebe13634, L:/127.0.0.1:50273 - R:localhost/127.0.0.1:8081] Channel acquired, now 22 active connections and 42 inactive connections
20:40:47.198 [reactor-http-nio-14] DEBUG reactor.netty.http.client.HttpClientConnect - [id: 0xebe13634, L:/127.0.0.1:50273 - R:localhost/127.0.0.1:8081] Handler is being applied: {uri=http://localhost:8081/getAttractions, method=GET}
20:40:47.196 [reactor-http-nio-12] DEBUG reactor.netty.resources.PooledConnectionProvider - [id: 0x9cfe3e33, L:/127.0.0.1:50249 - R:localhost/127.0.0.1:8081] onStateChange(GET{uri=/getAttractions, connection=PooledConnection{channel=[id: 0x9cfe3e33, L:/127.0.0.1:50249 - R:localhost/127.0.0.1:8081]}}, [response_received])
20:40:47.198 [reactor-http-nio-12] DEBUG org.springframework.web.reactive.function.client.ExchangeFunctions - [3bb57f14] Response 200 OK
20:40:47.196 [reactor-http-nio-15] DEBUG reactor.netty.resources.PooledConnectionProvider - [id: 0x55b3b3dd, L:/127.0.0.1:50318 - R:localhost/127.0.0.1:8082] onStateChange(GET{uri=/, connection=PooledConnection{channel=[id: 0x55b3b3dd, L:/127.0.0.1:50318 - R:localhost/127.0.0.1:8082]}}, [configured])
20:40:47.197 [reactor-http-nio-2] DEBUG reactor.netty.resources.PooledConnectionProvider - [id: 0x8fdb8005, L:/127.0.0.1:50311 - R:localhost/127.0.0.1:8082] Channel connected, now 3 active connections and 16 inactive connections
20:40:47.198 [reactor-http-nio-15] DEBUG reactor.netty.resources.PooledConnectionProvider - [id: 0xec445147] Created new pooled channel, now 3 active connections and 19 inactive connections
20:40:47.198 [reactor-http-nio-12] DEBUG reactor.netty.channel.FluxReceive - [id: 0x9cfe3e33, L:/127.0.0.1:50249 - R:localhost/127.0.0.1:8081] Subscribing inbound receiver [pending: 0, cancelled:false, inboundDone: false]
20:40:47.197 [reactor-http-nio-16] DEBUG reactor.netty.channel.BootstrapHandlers - [id: 0xd3736007] Initialized pipeline DefaultChannelPipeline{(BootstrapHandlers$BootstrapInitializerHandler#0 = reactor.netty.channel.BootstrapHandlers$BootstrapInitializerHandler), (SimpleChannelPool$1#0 = io.netty.channel.pool.SimpleChannelPool$1), (reactor.left.httpCodec = io.netty.handler.codec.http.HttpClientCodec), (reactor.left.decompressor = io.netty.handler.codec.http.HttpContentDecompressor), (reactor.right.reactiveBridge = reactor.netty.channel.ChannelOperationsHandler)}
20:40:47.198 [reactor-http-nio-15] DEBUG reactor.netty.channel.BootstrapHandlers - [id: 0xec445147] Initialized pipeline DefaultChannelPipeline{(BootstrapHandlers$BootstrapInitializerHandler#0 = reactor.netty.channel.BootstrapHandlers$BootstrapInitializerHandler), (SimpleChannelPool$1#0 = io.netty.channel.pool.SimpleChannelPool$1), (reactor.left.httpCodec = io.netty.handler.codec.http.HttpClientCodec), (reactor.left.decompressor = io.netty.handler.codec.http.HttpContentDecompressor), (reactor.right.reactiveBridge = reactor.netty.channel.ChannelOperationsHandler)}
20:40:47.198 [reactor-http-nio-2] DEBUG reactor.netty.resources.PooledConnectionProvider - [id: 0x3355f769, L:/127.0.0.1:50264 - R:localhost/127.0.0.1:8081] Channel acquired, now 24 active connections and 40 inactive connections
20:40:47.198 [reactor-http-nio-11] DEBUG org.springframework.core.codec.StringDecoder - [31e3fdf9] Decoded "[{"longitude":-117.922008,"latitude":33.817595,"attractionName":"Disneyland","city":"Anaheim","stat (truncated)...
20:40:47.199 [reactor-http-nio-16] DEBUG reactor.netty.resources.PooledConnectionProvider - [id: 0xe937ed28, L:/127.0.0.1:50293 - R:localhost/127.0.0.1:8081] Channel acquired, now 25 active connections and 39 inactive connections
20:40:47.199 [reactor-http-nio-2] DEBUG reactor.netty.http.client.HttpClientConnect - [id: 0x3355f769, L:/127.0.0.1:50264 - R:localhost/127.0.0.1:8081] Handler is being applied: {uri=http://localhost:8081/getAttractions, method=GET}
20:40:47.199 [reactor-http-nio-11] DEBUG reactor.netty.resources.PooledConnectionProvider - [id: 0xf4ffa1a5, L:/127.0.0.1:50267 - R:localhost/127.0.0.1:8081] onStateChange(GET{uri=/getAttractions, connection=PooledConnection{channel=[id: 0xf4ffa1a5, L:/127.0.0.1:50267 - R:localhost/127.0.0.1:8081]}}, [disconnecting])
20:40:47.199 [reactor-http-nio-11] DEBUG reactor.netty.resources.PooledConnectionProvider - [id: 0xf4ffa1a5, L:/127.0.0.1:50267 - R:localhost/127.0.0.1:8081] Releasing channel
20:40:47.198 [reactor-http-nio-13] DEBUG reactor.netty.http.client.HttpClientConnect - [id: 0x86f0206d, L:/127.0.0.1:50296 - R:localhost/127.0.0.1:8081] Handler is being applied: {uri=http://localhost:8081/getAttractions, method=GET}
20:40:47.198 [reactor-http-nio-10] DEBUG reactor.netty.resources.PooledConnectionProvider - [id: 0x2c66aa2f, L:/127.0.0.1:50251 - R:localhost/127.0.0.1:8081] onStateChange(GET{uri=/getAttractions, connection=PooledConnection{channel=[id: 0x2c66aa2f, L:/127.0.0.1:50251 - R:localhost/127.0.0.1:8081]}}, [request_sent])
20:40:47.198 [reactor-http-nio-14] DEBUG reactor.netty.resources.PooledConnectionProvider - [id: 0xebe13634, L:/127.0.0.1:50273 - R:localhost/127.0.0.1:8081] onStateChange(GET{uri=/getAttractions, connection=PooledConnection{channel=[id: 0xebe13634, L:/127.0.0.1:50273 - R:localhost/127.0.0.1:8081]}}, [request_sent])
20:40:47.199 [reactor-http-nio-15] DEBUG reactor.netty.resources.PooledConnectionProvider - [id: 0x70de3664, L:/127.0.0.1:50262 - R:localhost/127.0.0.1:8081] Channel acquired, now 24 active connections and 40 inactive connections
20:40:47.199 [reactor-http-nio-14] DEBUG reactor.netty.resources.PooledConnectionProvider - [id: 0x8b4459b6, L:/127.0.0.1:50276 - R:localhost/127.0.0.1:8081] Channel acquired, now 25 active connections and 39 inactive connections
20:40:47.199 [reactor-http-nio-15] DEBUG reactor.netty.http.client.HttpClientConnect - [id: 0x70de3664, L:/127.0.0.1:50262 - R:localhost/127.0.0.1:8081] Handler is being applied: {uri=http://localhost:8081/getAttractions, method=GET}
20:40:47.199 [reactor-http-nio-14] DEBUG reactor.netty.http.client.HttpClientConnect - [id: 0x8b4459b6, L:/127.0.0.1:50276 - R:localhost/127.0.0.1:8081] Handler is being applied: {uri=http://localhost:8081/getAttractions, method=GET}
20:40:47.199 [reactor-http-nio-10] DEBUG reactor.netty.resources.PooledConnectionProvider - [id: 0x5829f75f, L:/127.0.0.1:50259 - R:localhost/127.0.0.1:8081] Channel acquired, now 26 active connections and 38 inactive connections
20:40:47.199 [reactor-http-nio-13] DEBUG reactor.netty.resources.PooledConnectionProvider - [id: 0x86f0206d, L:/127.0.0.1:50296 - R:localhost/127.0.0.1:8081] onStateChange(GET{uri=/getAttractions, connection=PooledConnection{channel=[id: 0x86f0206d, L:/127.0.0.1:50296 - R:localhost/127.0.0.1:8081]}}, [request_sent])
20:40:47.199 [reactor-http-nio-10] DEBUG reactor.netty.http.client.HttpClientConnect - [id: 0x5829f75f, L:/127.0.0.1:50259 - R:localhost/127.0.0.1:8081] Handler is being applied: {uri=http://localhost:8081/getAttractions, method=GET}
20:40:47.200 [reactor-http-nio-14] DEBUG reactor.netty.resources.PooledConnectionProvider - [id: 0x8b4459b6, L:/127.0.0.1:50276 - R:localhost/127.0.0.1:8081] onStateChange(GET{uri=/getAttractions, connection=PooledConnection{channel=[id: 0x8b4459b6, L:/127.0.0.1:50276 - R:localhost/127.0.0.1:8081]}}, [request_sent])
20:40:47.200 [reactor-http-nio-15] DEBUG reactor.netty.resources.PooledConnectionProvider - [id: 0x70de3664, L:/127.0.0.1:50262 - R:localhost/127.0.0.1:8081] onStateChange(GET{uri=/getAttractions, connection=PooledConnection{channel=[id: 0x70de3664, L:/127.0.0.1:50262 - R:localhost/127.0.0.1:8081]}}, [request_sent])
20:40:47.200 [reactor-http-nio-14] DEBUG reactor.netty.resources.PooledConnectionProvider - [id: 0x53a45341, L:/127.0.0.1:50314 - R:localhost/127.0.0.1:8082] Registering pool release on close event for channel
20:40:47.200 [reactor-http-nio-14] DEBUG reactor.netty.http.client.HttpClientConnect - [id: 0x53a45341, L:/127.0.0.1:50314 - R:localhost/127.0.0.1:8082] Handler is being applied: {uri=http://localhost:8082/getAttractionRewardPoints?attractionId=8115ad77-bdfa-4399-860d-b8462339a047&userId=d7956f97-769b-4f4c-ba7b-6a06cf13a5d5, method=GET}
20:40:47.200 [reactor-http-nio-15] DEBUG reactor.netty.resources.PooledConnectionProvider - [id: 0x55b3b3dd, L:/127.0.0.1:50318 - R:localhost/127.0.0.1:8082] Registering pool release on close event for channel
20:40:47.200 [reactor-http-nio-15] DEBUG reactor.netty.http.client.HttpClientConnect - [id: 0x55b3b3dd, L:/127.0.0.1:50318 - R:localhost/127.0.0.1:8082] Handler is being applied: {uri=http://localhost:8082/getAttractionRewardPoints?attractionId=20e67fe7-057a-46b4-a9d6-ac23659dc6bb&userId=680e27d8-39ee-4621-b3ad-8e38753716f8, method=GET}
20:40:47.199 [reactor-http-nio-16] DEBUG reactor.netty.http.client.HttpClientConnect - [id: 0xe937ed28, L:/127.0.0.1:50293 - R:localhost/127.0.0.1:8081] Handler is being applied: {uri=http://localhost:8081/getAttractions, method=GET}
20:40:47.200 [pool-14-thread-27] DEBUG org.springframework.web.reactive.function.client.ExchangeFunctions - [3f2415b5] HTTP GET http://localhost:8082/getAttractionRewardPoints?attractionId=4f42b56c-6571-4259-843c-72ccbfad7ac7&userId=2254b2c7-c080-41cb-9c01-d07ed6972134
20:40:47.199 [reactor-http-nio-12] DEBUG reactor.netty.http.client.HttpClientOperations - [id: 0x9cfe3e33, L:/127.0.0.1:50249 - R:localhost/127.0.0.1:8081] Received last HTTP packet
20:40:47.200 [reactor-http-nio-14] DEBUG reactor.netty.resources.PooledConnectionProvider - [id: 0x53a45341, L:/127.0.0.1:50314 - R:localhost/127.0.0.1:8082] onStateChange(GET{uri=/getAttractionRewardPoints?attractionId=8115ad77-bdfa-4399-860d-b8462339a047&userId=d7956f97-769b-4f4c-ba7b-6a06cf13a5d5, connection=PooledConnection{channel=[id: 0x53a45341, L:/127.0.0.1:50314 - R:localhost/127.0.0.1:8082]}}, [request_sent])
20:40:47.200 [reactor-http-nio-14] DEBUG reactor.netty.resources.PooledConnectionProvider - [id: 0x53a45341, L:/127.0.0.1:50314 - R:localhost/127.0.0.1:8082] Channel connected, now 5 active connections and 17 inactive connections
20:40:47.200 [reactor-http-nio-16] DEBUG reactor.netty.resources.PooledConnectionProvider - [id: 0xe937ed28, L:/127.0.0.1:50293 - R:localhost/127.0.0.1:8081] onStateChange(GET{uri=/getAttractions, connection=PooledConnection{channel=[id: 0xe937ed28, L:/127.0.0.1:50293 - R:localhost/127.0.0.1:8081]}}, [request_sent])
20:40:47.201 [reactor-http-nio-14] DEBUG reactor.netty.resources.PooledConnectionProvider - [id: 0x7879d49c, L:/127.0.0.1:50315 - R:localhost/127.0.0.1:8082] Registering pool release on close event for channel
20:40:47.199 [reactor-http-nio-11] DEBUG reactor.netty.resources.PooledConnectionProvider - [id: 0xf4ffa1a5, L:/127.0.0.1:50267 - R:localhost/127.0.0.1:8081] Channel cleaned, now 24 active connections and 40 inactive connections
20:40:47.201 [reactor-http-nio-12] DEBUG org.springframework.core.codec.StringDecoder - [3bb57f14] Decoded "[{"longitude":-117.922008,"latitude":33.817595,"attractionName":"Disneyland","city":"Anaheim","stat (truncated)...
20:40:47.201 [reactor-http-nio-12] DEBUG reactor.netty.resources.PooledConnectionProvider - [id: 0x9cfe3e33, L:/127.0.0.1:50249 - R:localhost/127.0.0.1:8081] onStateChange(GET{uri=/getAttractions, connection=PooledConnection{channel=[id: 0x9cfe3e33, L:/127.0.0.1:50249 - R:localhost/127.0.0.1:8081]}}, [disconnecting])
20:40:47.201 [reactor-http-nio-12] DEBUG reactor.netty.resources.PooledConnectionProvider - [id: 0x9cfe3e33, L:/127.0.0.1:50249 - R:localhost/127.0.0.1:8081] Releasing channel
20:40:47.201 [reactor-http-nio-12] DEBUG reactor.netty.resources.PooledConnectionProvider - [id: 0x9cfe3e33, L:/127.0.0.1:50249 - R:localhost/127.0.0.1:8081] Channel cleaned, now 26 active connections and 38 inactive connections
20:40:47.200 [reactor-http-nio-13] DEBUG reactor.netty.resources.PooledConnectionProvider - [id: 0xc67a2049, L:/127.0.0.1:50327 - R:localhost/127.0.0.1:8082] onStateChange(PooledConnection{channel=[id: 0xc67a2049, L:/127.0.0.1:50327 - R:localhost/127.0.0.1:8082]}, [connected])
20:40:47.201 [reactor-http-nio-11] DEBUG reactor.netty.http.client.HttpClientOperations - [id: 0xf8610755, L:/127.0.0.1:50285 - R:localhost/127.0.0.1:8081] Received response (auto-read:false) : [Content-Type=application/json, Transfer-Encoding=chunked, Date=Fri, 11 Jun 2021 15:10:46 GMT]
20:40:47.201 [reactor-http-nio-12] DEBUG reactor.netty.http.client.HttpClientOperations - [id: 0xa6263615, L:/127.0.0.1:50308 - R:localhost/127.0.0.1:8081] Received response (auto-read:false) : [Content-Type=application/json, Transfer-Encoding=chunked, Date=Fri, 11 Jun 2021 15:10:46 GMT]
20:40:47.201 [reactor-http-nio-12] DEBUG reactor.netty.resources.PooledConnectionProvider - [id: 0xa6263615, L:/127.0.0.1:50308 - R:localhost/127.0.0.1:8081] onStateChange(GET{uri=/getAttractions, connection=PooledConnection{channel=[id: 0xa6263615, L:/127.0.0.1:50308 - R:localhost/127.0.0.1:8081]}}, [response_received])
20:40:47.201 [reactor-http-nio-12] DEBUG org.springframework.web.reactive.function.client.ExchangeFunctions - [2ed6552] Response 200 OK
20:40:47.200 [reactor-http-nio-10] DEBUG reactor.netty.resources.PooledConnectionProvider - [id: 0x5829f75f, L:/127.0.0.1:50259 - R:localhost/127.0.0.1:8081] onStateChange(GET{uri=/getAttractions, connection=PooledConnection{channel=[id: 0x5829f75f, L:/127.0.0.1:50259 - R:localhost/127.0.0.1:8081]}}, [request_sent])
20:40:47.201 [reactor-http-nio-10] DEBUG reactor.netty.resources.PooledConnectionProvider - [id: 0xfbc1126e] Created new pooled channel, now 6 active connections and 17 inactive connections
20:40:47.201 [reactor-http-nio-12] DEBUG reactor.netty.channel.FluxReceive - [id: 0xa6263615, L:/127.0.0.1:50308 - R:localhost/127.0.0.1:8081] Subscribing inbound receiver [pending: 0, cancelled:false, inboundDone: false]
20:40:47.201 [reactor-http-nio-10] DEBUG reactor.netty.channel.BootstrapHandlers - [id: 0xfbc1126e] Initialized pipeline DefaultChannelPipeline{(BootstrapHandlers$BootstrapInitializerHandler#0 = reactor.netty.channel.BootstrapHandlers$BootstrapInitializerHandler), (SimpleChannelPool$1#0 = io.netty.channel.pool.SimpleChannelPool$1), (reactor.left.httpCodec = io.netty.handler.codec.http.HttpClientCodec), (reactor.left.decompressor = io.netty.handler.codec.http.HttpContentDecompressor), (reactor.right.reactiveBridge = reactor.netty.channel.ChannelOperationsHandler)}
20:40:47.200 [reactor-http-nio-2] DEBUG reactor.netty.resources.PooledConnectionProvider - [id: 0x3355f769, L:/127.0.0.1:50264 - R:localhost/127.0.0.1:8081] onStateChange(GET{uri=/getAttractions, connection=PooledConnection{channel=[id: 0x3355f769, L:/127.0.0.1:50264 - R:localhost/127.0.0.1:8081]}}, [request_sent])
20:40:47.202 [reactor-http-nio-2] DEBUG reactor.netty.resources.PooledConnectionProvider - [id: 0x25eb9b2e, L:/127.0.0.1:50247 - R:localhost/127.0.0.1:8081] Channel acquired, now 27 active connections and 37 inactive connections
20:40:47.200 [reactor-http-nio-15] DEBUG reactor.netty.resources.PooledConnectionProvider - [id: 0x55b3b3dd, L:/127.0.0.1:50318 - R:localhost/127.0.0.1:8082] onStateChange(GET{uri=/getAttractionRewardPoints?attractionId=20e67fe7-057a-46b4-a9d6-ac23659dc6bb&userId=680e27d8-39ee-4621-b3ad-8e38753716f8, connection=PooledConnection{channel=[id: 0x55b3b3dd, L:/127.0.0.1:50318 - R:localhost/127.0.0.1:8082]}}, [request_sent])
20:40:47.202 [reactor-http-nio-15] DEBUG reactor.netty.resources.PooledConnectionProvider - [id: 0x55b3b3dd, L:/127.0.0.1:50318 - R:localhost/127.0.0.1:8082] Channel connected, now 6 active connections and 17 inactive connections
20:40:47.201 [reactor-http-nio-16] DEBUG reactor.netty.resources.PooledConnectionProvider - [id: 0x9f9296cb, L:/127.0.0.1:50261 - R:localhost/127.0.0.1:8081] Channel acquired, now 27 active connections and 37 inactive connections
20:40:47.201 [reactor-http-nio-14] DEBUG reactor.netty.http.client.HttpClientConnect - [id: 0x7879d49c, L:/127.0.0.1:50315 - R:localhost/127.0.0.1:8082] Handler is being applied: {uri=http://localhost:8082/getAttractionRewardPoints?attractionId=a48db609-76d5-4d0d-9087-109060203925&userId=c657fb61-970d-4e69-ba8d-272c1eeb2bbf, method=GET}
20:40:47.202 [reactor-http-nio-16] DEBUG reactor.netty.http.client.HttpClientConnect - [id: 0x9f9296cb, L:/127.0.0.1:50261 - R:localhost/127.0.0.1:8081] Handler is being applied: {uri=http://localhost:8081/getAttractions, method=GET}
20:40:47.202 [reactor-http-nio-15] DEBUG reactor.netty.resources.PooledConnectionProvider - [id: 0xec445147, L:/127.0.0.1:50329 - R:localhost/127.0.0.1:8082] onStateChange(PooledConnection{channel=[id: 0xec445147, L:/127.0.0.1:50329 - R:localhost/127.0.0.1:8082]}, [connected])
20:40:47.201 [reactor-http-nio-13] DEBUG reactor.netty.resources.PooledConnectionProvider - [id: 0xc67a2049, L:/127.0.0.1:50327 - R:localhost/127.0.0.1:8082] onStateChange(GET{uri=/, connection=PooledConnection{channel=[id: 0xc67a2049, L:/127.0.0.1:50327 - R:localhost/127.0.0.1:8082]}}, [configured])
20:40:47.202 [pool-14-thread-10] DEBUG org.springframework.web.reactive.function.client.ExchangeFunctions - [35729612] HTTP GET http://localhost:8082/getAttractionRewardPoints?attractionId=13038c51-9307-4f18-8f01-c6bff4716a99&userId=5a2e6b04-dc6f-41ff-be64-e304ab3c28fd
20:40:47.201 [reactor-http-nio-11] DEBUG reactor.netty.resources.PooledConnectionProvider - [id: 0xf8610755, L:/127.0.0.1:50285 - R:localhost/127.0.0.1:8081] onStateChange(GET{uri=/getAttractions, connection=PooledConnection{channel=[id: 0xf8610755, L:/127.0.0.1:50285 - R:localhost/127.0.0.1:8081]}}, [response_received])
20:40:47.202 [reactor-http-nio-10] DEBUG reactor.netty.http.client.HttpClientOperations - [id: 0x78591639, L:/127.0.0.1:50280 - R:localhost/127.0.0.1:8081] Received response (auto-read:false) : [Content-Type=application/json, Transfer-Encoding=chunked, Date=Fri, 11 Jun 2021 15:10:46 GMT]
20:40:47.202 [reactor-http-nio-10] DEBUG reactor.netty.resources.PooledConnectionProvider - [id: 0x78591639, L:/127.0.0.1:50280 - R:localhost/127.0.0.1:8081] onStateChange(GET{uri=/getAttractions, connection=PooledConnection{channel=[id: 0x78591639, L:/127.0.0.1:50280 - R:localhost/127.0.0.1:8081]}}, [response_received])
20:40:47.202 [reactor-http-nio-10] DEBUG org.springframework.web.reactive.function.client.ExchangeFunctions - [1aee4e79] Response 200 OK
20:40:47.202 [reactor-http-nio-12] DEBUG reactor.netty.http.client.HttpClientOperations - [id: 0xa6263615, L:/127.0.0.1:50308 - R:localhost/127.0.0.1:8081] Received last HTTP packet
20:40:47.203 [reactor-http-nio-16] DEBUG reactor.netty.resources.PooledConnectionProvider - [id: 0x9f9296cb, L:/127.0.0.1:50261 - R:localhost/127.0.0.1:8081] onStateChange(GET{uri=/getAttractions, connection=PooledConnection{channel=[id: 0x9f9296cb, L:/127.0.0.1:50261 - R:localhost/127.0.0.1:8081]}}, [request_sent])
20:40:47.203 [reactor-http-nio-16] DEBUG reactor.netty.resources.PooledConnectionProvider - [id: 0x4ab47f8c, L:/127.0.0.1:50291 - R:localhost/127.0.0.1:8081] Channel acquired, now 28 active connections and 36 inactive connections
20:40:47.203 [reactor-http-nio-10] DEBUG reactor.netty.channel.FluxReceive - [id: 0x78591639, L:/127.0.0.1:50280 - R:localhost/127.0.0.1:8081] Subscribing inbound receiver [pending: 0, cancelled:false, inboundDone: false]
20:40:47.202 [reactor-http-nio-2] DEBUG reactor.netty.http.client.HttpClientConnect - [id: 0x25eb9b2e, L:/127.0.0.1:50247 - R:localhost/127.0.0.1:8081] Handler is being applied: {uri=http://localhost:8081/getAttractions, method=GET}
20:40:47.203 [reactor-http-nio-16] DEBUG reactor.netty.http.client.HttpClientConnect - [id: 0x4ab47f8c, L:/127.0.0.1:50291 - R:localhost/127.0.0.1:8081] Handler is being applied: {uri=http://localhost:8081/getAttractions, method=GET}
20:40:47.203 [reactor-http-nio-10] DEBUG reactor.netty.http.client.HttpClientOperations - [id: 0x78591639, L:/127.0.0.1:50280 - R:localhost/127.0.0.1:8081] Received last HTTP packet
20:40:47.202 [reactor-http-nio-15] DEBUG reactor.netty.resources.PooledConnectionProvider - [id: 0xec445147, L:/127.0.0.1:50329 - R:localhost/127.0.0.1:8082] onStateChange(GET{uri=/, connection=PooledConnection{channel=[id: 0xec445147, L:/127.0.0.1:50329 - R:localhost/127.0.0.1:8082]}}, [configured])
20:40:47.203 [reactor-http-nio-10] DEBUG org.springframework.core.codec.StringDecoder - [1aee4e79] Decoded "[{"longitude":-117.922008,"latitude":33.817595,"attractionName":"Disneyland","city":"Anaheim","stat (truncated)...
20:40:47.203 [reactor-http-nio-10] DEBUG reactor.netty.resources.PooledConnectionProvider - [id: 0x78591639, L:/127.0.0.1:50280 - R:localhost/127.0.0.1:8081] onStateChange(GET{uri=/getAttractions, connection=PooledConnection{channel=[id: 0x78591639, L:/127.0.0.1:50280 - R:localhost/127.0.0.1:8081]}}, [disconnecting])
20:40:47.203 [reactor-http-nio-10] DEBUG reactor.netty.resources.PooledConnectionProvider - [id: 0x78591639, L:/127.0.0.1:50280 - R:localhost/127.0.0.1:8081] Releasing channel
20:40:47.203 [reactor-http-nio-16] DEBUG reactor.netty.resources.PooledConnectionProvider - [id: 0x4ab47f8c, L:/127.0.0.1:50291 - R:localhost/127.0.0.1:8081] onStateChange(GET{uri=/getAttractions, connection=PooledConnection{channel=[id: 0x4ab47f8c, L:/127.0.0.1:50291 - R:localhost/127.0.0.1:8081]}}, [request_sent])
20:40:47.203 [reactor-http-nio-10] DEBUG reactor.netty.resources.PooledConnectionProvider - [id: 0x78591639, L:/127.0.0.1:50280 - R:localhost/127.0.0.1:8081] Channel cleaned, now 27 active connections and 37 inactive connections
20:40:47.202 [reactor-http-nio-13] DEBUG reactor.netty.resources.PooledConnectionProvider - [id: 0x8c8eb14c, L:/127.0.0.1:50328 - R:localhost/127.0.0.1:8082] onStateChange(PooledConnection{channel=[id: 0x8c8eb14c, L:/127.0.0.1:50328 - R:localhost/127.0.0.1:8082]}, [connected])
20:40:47.203 [reactor-http-nio-13] DEBUG reactor.netty.resources.PooledConnectionProvider - [id: 0x8c8eb14c, L:/127.0.0.1:50328 - R:localhost/127.0.0.1:8082] onStateChange(GET{uri=/, connection=PooledConnection{channel=[id: 0x8c8eb14c, L:/127.0.0.1:50328 - R:localhost/127.0.0.1:8082]}}, [configured])
20:40:47.204 [reactor-http-nio-10] DEBUG reactor.netty.http.client.HttpClientOperations - [id: 0x074029b1, L:/127.0.0.1:50304 - R:localhost/127.0.0.1:8081] Received response (auto-read:false) : [Content-Type=application/json, Transfer-Encoding=chunked, Date=Fri, 11 Jun 2021 15:10:46 GMT]
20:40:47.204 [reactor-http-nio-16] DEBUG reactor.netty.http.client.HttpClientOperations - [id: 0x1e073caa, L:/127.0.0.1:50270 - R:localhost/127.0.0.1:8081] Received response (auto-read:false) : [Content-Type=application/json, Transfer-Encoding=chunked, Date=Fri, 11 Jun 2021 15:10:46 GMT]
20:40:47.204 [reactor-http-nio-10] DEBUG reactor.netty.resources.PooledConnectionProvider - [id: 0x074029b1, L:/127.0.0.1:50304 - R:localhost/127.0.0.1:8081] onStateChange(GET{uri=/getAttractions, connection=PooledConnection{channel=[id: 0x074029b1, L:/127.0.0.1:50304 - R:localhost/127.0.0.1:8081]}}, [response_received])
20:40:47.204 [reactor-http-nio-16] DEBUG reactor.netty.resources.PooledConnectionProvider - [id: 0x1e073caa, L:/127.0.0.1:50270 - R:localhost/127.0.0.1:8081] onStateChange(GET{uri=/getAttractions, connection=PooledConnection{channel=[id: 0x1e073caa, L:/127.0.0.1:50270 - R:localhost/127.0.0.1:8081]}}, [response_received])
20:40:47.204 [reactor-http-nio-13] DEBUG reactor.netty.resources.PooledConnectionProvider - [id: 0x899ba90d] Created new pooled channel, now 6 active connections and 19 inactive connections
20:40:47.204 [reactor-http-nio-16] DEBUG org.springframework.web.reactive.function.client.ExchangeFunctions - [124bb389] Response 200 OK
20:40:47.202 [reactor-http-nio-11] DEBUG org.springframework.web.reactive.function.client.ExchangeFunctions - [212dbc8e] Response 200 OK
20:40:47.204 [reactor-http-nio-13] DEBUG reactor.netty.channel.BootstrapHandlers - [id: 0x899ba90d] Initialized pipeline DefaultChannelPipeline{(BootstrapHandlers$BootstrapInitializerHandler#0 = reactor.netty.channel.BootstrapHandlers$BootstrapInitializerHandler), (SimpleChannelPool$1#0 = io.netty.channel.pool.SimpleChannelPool$1), (reactor.left.httpCodec = io.netty.handler.codec.http.HttpClientCodec), (reactor.left.decompressor = io.netty.handler.codec.http.HttpContentDecompressor), (reactor.right.reactiveBridge = reactor.netty.channel.ChannelOperationsHandler)}
20:40:47.204 [reactor-http-nio-16] DEBUG reactor.netty.channel.FluxReceive - [id: 0x1e073caa, L:/127.0.0.1:50270 - R:localhost/127.0.0.1:8081] Subscribing inbound receiver [pending: 0, cancelled:false, inboundDone: false]
20:40:47.204 [reactor-http-nio-11] DEBUG reactor.netty.channel.FluxReceive - [id: 0xf8610755, L:/127.0.0.1:50285 - R:localhost/127.0.0.1:8081] Subscribing inbound receiver [pending: 0, cancelled:false, inboundDone: false]
20:40:47.204 [reactor-http-nio-16] DEBUG reactor.netty.http.client.HttpClientOperations - [id: 0x1e073caa, L:/127.0.0.1:50270 - R:localhost/127.0.0.1:8081] Received last HTTP packet
20:40:47.204 [reactor-http-nio-11] DEBUG reactor.netty.http.client.HttpClientOperations - [id: 0xf8610755, L:/127.0.0.1:50285 - R:localhost/127.0.0.1:8081] Received last HTTP packet
20:40:47.203 [reactor-http-nio-14] DEBUG reactor.netty.resources.PooledConnectionProvider - [id: 0x7879d49c, L:/127.0.0.1:50315 - R:localhost/127.0.0.1:8082] onStateChange(GET{uri=/getAttractionRewardPoints?attractionId=a48db609-76d5-4d0d-9087-109060203925&userId=c657fb61-970d-4e69-ba8d-272c1eeb2bbf, connection=PooledConnection{channel=[id: 0x7879d49c, L:/127.0.0.1:50315 - R:localhost/127.0.0.1:8082]}}, [request_sent])
20:40:47.205 [reactor-http-nio-14] DEBUG reactor.netty.resources.PooledConnectionProvider - [id: 0x7879d49c, L:/127.0.0.1:50315 - R:localhost/127.0.0.1:8082] Channel connected, now 6 active connections and 19 inactive connections
20:40:47.203 [reactor-http-nio-12] DEBUG org.springframework.core.codec.StringDecoder - [2ed6552] Decoded "[{"longitude":-117.922008,"latitude":33.817595,"attractionName":"Disneyland","city":"Anaheim","stat (truncated)...
20:40:47.203 [reactor-http-nio-15] DEBUG reactor.netty.resources.PooledConnectionProvider - [id: 0xe573f461] Created new pooled channel, now 6 active connections and 18 inactive connections
20:40:47.205 [reactor-http-nio-12] DEBUG reactor.netty.resources.PooledConnectionProvider - [id: 0xa6263615, L:/127.0.0.1:50308 - R:localhost/127.0.0.1:8081] onStateChange(GET{uri=/getAttractions, connection=PooledConnection{channel=[id: 0xa6263615, L:/127.0.0.1:50308 - R:localhost/127.0.0.1:8081]}}, [disconnecting])
20:40:47.205 [reactor-http-nio-12] DEBUG reactor.netty.resources.PooledConnectionProvider - [id: 0xa6263615, L:/127.0.0.1:50308 - R:localhost/127.0.0.1:8081] Releasing channel
20:40:47.205 [reactor-http-nio-12] DEBUG reactor.netty.resources.PooledConnectionProvider - [id: 0xa6263615, L:/127.0.0.1:50308 - R:localhost/127.0.0.1:8081] Channel cleaned, now 26 active connections and 38 inactive connections
20:40:47.203 [reactor-http-nio-2] DEBUG reactor.netty.resources.PooledConnectionProvider - [id: 0x25eb9b2e, L:/127.0.0.1:50247 - R:localhost/127.0.0.1:8081] onStateChange(GET{uri=/getAttractions, connection=PooledConnection{channel=[id: 0x25eb9b2e, L:/127.0.0.1:50247 - R:localhost/127.0.0.1:8081]}}, [request_sent])
20:40:47.205 [reactor-http-nio-15] DEBUG reactor.netty.channel.BootstrapHandlers - [id: 0xe573f461] Initialized pipeline DefaultChannelPipeline{(BootstrapHandlers$BootstrapInitializerHandler#0 = reactor.netty.channel.BootstrapHandlers$BootstrapInitializerHandler), (SimpleChannelPool$1#0 = io.netty.channel.pool.SimpleChannelPool$1), (reactor.left.httpCodec = io.netty.handler.codec.http.HttpClientCodec), (reactor.left.decompressor = io.netty.handler.codec.http.HttpContentDecompressor), (reactor.right.reactiveBridge = reactor.netty.channel.ChannelOperationsHandler)}
20:40:47.205 [reactor-http-nio-11] DEBUG org.springframework.core.codec.StringDecoder - [212dbc8e] Decoded "[{"longitude":-117.922008,"latitude":33.817595,"attractionName":"Disneyland","city":"Anaheim","stat (truncated)...
20:40:47.205 [reactor-http-nio-11] DEBUG reactor.netty.resources.PooledConnectionProvider - [id: 0xf8610755, L:/127.0.0.1:50285 - R:localhost/127.0.0.1:8081] onStateChange(GET{uri=/getAttractions, connection=PooledConnection{channel=[id: 0xf8610755, L:/127.0.0.1:50285 - R:localhost/127.0.0.1:8081]}}, [disconnecting])
20:40:47.205 [reactor-http-nio-11] DEBUG reactor.netty.resources.PooledConnectionProvider - [id: 0xf8610755, L:/127.0.0.1:50285 - R:localhost/127.0.0.1:8081] Releasing channel
20:40:47.205 [reactor-http-nio-16] DEBUG org.springframework.core.codec.StringDecoder - [124bb389] Decoded "[{"longitude":-117.922008,"latitude":33.817595,"attractionName":"Disneyland","city":"Anaheim","stat (truncated)...
20:40:47.205 [reactor-http-nio-11] DEBUG reactor.netty.resources.PooledConnectionProvider - [id: 0xf8610755, L:/127.0.0.1:50285 - R:localhost/127.0.0.1:8081] Channel cleaned, now 25 active connections and 39 inactive connections
20:40:47.205 [reactor-http-nio-12] DEBUG reactor.netty.http.client.HttpClientOperations - [id: 0xbbaa0872, L:/127.0.0.1:50269 - R:localhost/127.0.0.1:8081] Received response (auto-read:false) : [Content-Type=application/json, Transfer-Encoding=chunked, Date=Fri, 11 Jun 2021 15:10:46 GMT]
20:40:47.205 [reactor-http-nio-12] DEBUG reactor.netty.resources.PooledConnectionProvider - [id: 0xbbaa0872, L:/127.0.0.1:50269 - R:localhost/127.0.0.1:8081] onStateChange(GET{uri=/getAttractions, connection=PooledConnection{channel=[id: 0xbbaa0872, L:/127.0.0.1:50269 - R:localhost/127.0.0.1:8081]}}, [response_received])
20:40:47.204 [reactor-http-nio-10] DEBUG org.springframework.web.reactive.function.client.ExchangeFunctions - [1b23e620] Response 200 OK
20:40:47.205 [reactor-http-nio-11] DEBUG reactor.netty.resources.PooledConnectionProvider - [id: 0x1785ce4e, L:/127.0.0.1:50271 - R:localhost/127.0.0.1:8081] Channel acquired, now 26 active connections and 38 inactive connections
20:40:47.205 [reactor-http-nio-12] DEBUG org.springframework.web.reactive.function.client.ExchangeFunctions - [3521034a] Response 200 OK
20:40:47.205 [reactor-http-nio-15] DEBUG reactor.netty.resources.PooledConnectionProvider - [id: 0xe573f461, L:/127.0.0.1:50333 - R:localhost/127.0.0.1:8082] onStateChange(PooledConnection{channel=[id: 0xe573f461, L:/127.0.0.1:50333 - R:localhost/127.0.0.1:8082]}, [connected])
20:40:47.205 [reactor-http-nio-11] DEBUG reactor.netty.http.client.HttpClientConnect - [id: 0x1785ce4e, L:/127.0.0.1:50271 - R:localhost/127.0.0.1:8081] Handler is being applied: {uri=http://localhost:8081/getAttractions, method=GET}
20:40:47.205 [reactor-http-nio-15] DEBUG reactor.netty.resources.PooledConnectionProvider - [id: 0xe573f461, L:/127.0.0.1:50333 - R:localhost/127.0.0.1:8082] onStateChange(GET{uri=/, connection=PooledConnection{channel=[id: 0xe573f461, L:/127.0.0.1:50333 - R:localhost/127.0.0.1:8082]}}, [configured])
20:40:47.205 [reactor-http-nio-12] DEBUG reactor.netty.channel.FluxReceive - [id: 0xbbaa0872, L:/127.0.0.1:50269 - R:localhost/127.0.0.1:8081] Subscribing inbound receiver [pending: 0, cancelled:false, inboundDone: false]
20:40:47.206 [reactor-http-nio-11] DEBUG reactor.netty.resources.PooledConnectionProvider - [id: 0x1785ce4e, L:/127.0.0.1:50271 - R:localhost/127.0.0.1:8081] onStateChange(GET{uri=/getAttractions, connection=PooledConnection{channel=[id: 0x1785ce4e, L:/127.0.0.1:50271 - R:localhost/127.0.0.1:8081]}}, [request_sent])
20:40:47.206 [reactor-http-nio-11] DEBUG reactor.netty.resources.PooledConnectionProvider - [id: 0xf4db83bf] Created new pooled channel, now 7 active connections and 19 inactive connections
20:40:47.206 [pool-14-thread-13] DEBUG org.springframework.web.reactive.function.client.ExchangeFunctions - [c2a9b7f] HTTP GET http://localhost:8082/getAttractionRewardPoints?attractionId=382938d7-2c2e-456a-a4c2-37b0a83adfd9&userId=a051adc8-05d1-4063-8fb5-a6c541f5ca80
20:40:47.206 [reactor-http-nio-11] DEBUG reactor.netty.channel.BootstrapHandlers - [id: 0xf4db83bf] Initialized pipeline DefaultChannelPipeline{(BootstrapHandlers$BootstrapInitializerHandler#0 = reactor.netty.channel.BootstrapHandlers$BootstrapInitializerHandler), (SimpleChannelPool$1#0 = io.netty.channel.pool.SimpleChannelPool$1), (reactor.left.httpCodec = io.netty.handler.codec.http.HttpClientCodec), (reactor.left.decompressor = io.netty.handler.codec.http.HttpContentDecompressor), (reactor.right.reactiveBridge = reactor.netty.channel.ChannelOperationsHandler)}
20:40:47.206 [reactor-http-nio-15] DEBUG reactor.netty.resources.PooledConnectionProvider - [id: 0x8e4601d6, L:/127.0.0.1:50317 - R:localhost/127.0.0.1:8082] Registering pool release on close event for channel
20:40:47.204 [reactor-http-nio-13] DEBUG reactor.netty.resources.PooledConnectionProvider - [id: 0x899ba90d, L:/127.0.0.1:50332 - R:localhost/127.0.0.1:8082] onStateChange(PooledConnection{channel=[id: 0x899ba90d, L:/127.0.0.1:50332 - R:localhost/127.0.0.1:8082]}, [connected])
20:40:47.206 [reactor-http-nio-15] DEBUG reactor.netty.http.client.HttpClientConnect - [id: 0x8e4601d6, L:/127.0.0.1:50317 - R:localhost/127.0.0.1:8082] Handler is being applied: {uri=http://localhost:8082/getAttractionRewardPoints?attractionId=1c6dbaf9-8ed8-4e10-8198-602b57d71ce0&userId=938e8970-3a09-49df-a1c1-a1756eb19b58, method=GET}
20:40:47.206 [reactor-http-nio-13] DEBUG reactor.netty.resources.PooledConnectionProvider - [id: 0x899ba90d, L:/127.0.0.1:50332 - R:localhost/127.0.0.1:8082] onStateChange(GET{uri=/, connection=PooledConnection{channel=[id: 0x899ba90d, L:/127.0.0.1:50332 - R:localhost/127.0.0.1:8082]}}, [configured])
20:40:47.206 [reactor-http-nio-13] DEBUG reactor.netty.resources.PooledConnectionProvider - [id: 0xc67a2049, L:/127.0.0.1:50327 - R:localhost/127.0.0.1:8082] Registering pool release on close event for channel
20:40:47.206 [reactor-http-nio-13] DEBUG reactor.netty.http.client.HttpClientConnect - [id: 0xc67a2049, L:/127.0.0.1:50327 - R:localhost/127.0.0.1:8082] Handler is being applied: {uri=http://localhost:8082/getAttractionRewardPoints?attractionId=22e4126e-8780-44df-b541-da11e6824173&userId=d018a948-0ad9-435d-9a8a-69b901a1d5f1, method=GET}
20:40:47.207 [reactor-http-nio-11] DEBUG reactor.netty.http.client.HttpClientOperations - [id: 0xcd2f5c0e, L:/127.0.0.1:50278 - R:localhost/127.0.0.1:8081] Received response (auto-read:false) : [Content-Type=application/json, Transfer-Encoding=chunked, Date=Fri, 11 Jun 2021 15:10:46 GMT]
20:40:47.207 [reactor-http-nio-11] DEBUG reactor.netty.resources.PooledConnectionProvider - [id: 0xcd2f5c0e, L:/127.0.0.1:50278 - R:localhost/127.0.0.1:8081] onStateChange(GET{uri=/getAttractions, connection=PooledConnection{channel=[id: 0xcd2f5c0e, L:/127.0.0.1:50278 - R:localhost/127.0.0.1:8081]}}, [response_received])
20:40:47.207 [reactor-http-nio-11] DEBUG org.springframework.web.reactive.function.client.ExchangeFunctions - [3aa40814] Response 200 OK
20:40:47.207 [reactor-http-nio-15] DEBUG reactor.netty.resources.PooledConnectionProvider - [id: 0x8e4601d6, L:/127.0.0.1:50317 - R:localhost/127.0.0.1:8082] onStateChange(GET{uri=/getAttractionRewardPoints?attractionId=1c6dbaf9-8ed8-4e10-8198-602b57d71ce0&userId=938e8970-3a09-49df-a1c1-a1756eb19b58, connection=PooledConnection{channel=[id: 0x8e4601d6, L:/127.0.0.1:50317 - R:localhost/127.0.0.1:8082]}}, [request_sent])
20:40:47.207 [reactor-http-nio-15] DEBUG reactor.netty.resources.PooledConnectionProvider - [id: 0x8e4601d6, L:/127.0.0.1:50317 - R:localhost/127.0.0.1:8082] Channel connected, now 9 active connections and 17 inactive connections
20:40:47.207 [pool-14-thread-35] DEBUG org.springframework.web.reactive.function.client.ExchangeFunctions - [1c8c5fb0] HTTP GET http://localhost:8082/getAttractionRewardPoints?attractionId=1fd1f5b6-f891-4931-9889-7ae0b201482b&userId=8e9a27df-7c4a-4c3f-9239-9d62c7012616
20:40:47.207 [reactor-http-nio-13] DEBUG reactor.netty.resources.PooledConnectionProvider - [id: 0xc67a2049, L:/127.0.0.1:50327 - R:localhost/127.0.0.1:8082] onStateChange(GET{uri=/getAttractionRewardPoints?attractionId=22e4126e-8780-44df-b541-da11e6824173&userId=d018a948-0ad9-435d-9a8a-69b901a1d5f1, connection=PooledConnection{channel=[id: 0xc67a2049, L:/127.0.0.1:50327 - R:localhost/127.0.0.1:8082]}}, [request_sent])
20:40:47.207 [reactor-http-nio-13] DEBUG reactor.netty.resources.PooledConnectionProvider - [id: 0xc67a2049, L:/127.0.0.1:50327 - R:localhost/127.0.0.1:8082] Channel connected, now 9 active connections and 17 inactive connections
20:40:47.207 [reactor-http-nio-11] DEBUG reactor.netty.channel.FluxReceive - [id: 0xcd2f5c0e, L:/127.0.0.1:50278 - R:localhost/127.0.0.1:8081] Subscribing inbound receiver [pending: 0, cancelled:false, inboundDone: false]
20:40:47.205 [reactor-http-nio-14] DEBUG reactor.netty.resources.PooledConnectionProvider - [id: 0x05cf9efe, L:/127.0.0.1:50321 - R:localhost/127.0.0.1:8082] Registering pool release on close event for channel
20:40:47.207 [reactor-http-nio-13] DEBUG reactor.netty.http.client.HttpClientOperations - [id: 0x7744abeb, L:/127.0.0.1:50286 - R:localhost/127.0.0.1:8081] Received response (auto-read:false) : [Content-Type=application/json, Transfer-Encoding=chunked, Date=Fri, 11 Jun 2021 15:10:46 GMT]
20:40:47.207 [reactor-http-nio-11] DEBUG reactor.netty.http.client.HttpClientOperations - [id: 0xcd2f5c0e, L:/127.0.0.1:50278 - R:localhost/127.0.0.1:8081] Received last HTTP packet
20:40:47.207 [reactor-http-nio-13] DEBUG reactor.netty.resources.PooledConnectionProvider - [id: 0x7744abeb, L:/127.0.0.1:50286 - R:localhost/127.0.0.1:8081] onStateChange(GET{uri=/getAttractions, connection=PooledConnection{channel=[id: 0x7744abeb, L:/127.0.0.1:50286 - R:localhost/127.0.0.1:8081]}}, [response_received])
20:40:47.207 [reactor-http-nio-13] DEBUG org.springframework.web.reactive.function.client.ExchangeFunctions - [6d58909b] Response 200 OK
20:40:47.205 [pool-14-thread-30] DEBUG org.springframework.web.reactive.function.client.ExchangeFunctions - [1429a354] HTTP GET http://localhost:8082/getAttractionRewardPoints?attractionId=14af51f9-8863-4dd1-919b-523414bde967&userId=cf9b980a-25fd-474b-a340-9b1383789b87
20:40:47.207 [reactor-http-nio-11] DEBUG org.springframework.core.codec.StringDecoder - [3aa40814] Decoded "[{"longitude":-117.922008,"latitude":33.817595,"attractionName":"Disneyland","city":"Anaheim","stat (truncated)...
20:40:47.208 [reactor-http-nio-11] DEBUG reactor.netty.resources.PooledConnectionProvider - [id: 0xcd2f5c0e, L:/127.0.0.1:50278 - R:localhost/127.0.0.1:8081] onStateChange(GET{uri=/getAttractions, connection=PooledConnection{channel=[id: 0xcd2f5c0e, L:/127.0.0.1:50278 - R:localhost/127.0.0.1:8081]}}, [disconnecting])
20:40:47.208 [reactor-http-nio-11] DEBUG reactor.netty.resources.PooledConnectionProvider - [id: 0xcd2f5c0e, L:/127.0.0.1:50278 - R:localhost/127.0.0.1:8081] Releasing channel
20:40:47.208 [reactor-http-nio-13] DEBUG reactor.netty.channel.FluxReceive - [id: 0x7744abeb, L:/127.0.0.1:50286 - R:localhost/127.0.0.1:8081] Subscribing inbound receiver [pending: 0, cancelled:false, inboundDone: false]
20:40:47.208 [reactor-http-nio-11] DEBUG reactor.netty.resources.PooledConnectionProvider - [id: 0xcd2f5c0e, L:/127.0.0.1:50278 - R:localhost/127.0.0.1:8081] Channel cleaned, now 25 active connections and 39 inactive connections
20:40:47.205 [reactor-http-nio-16] DEBUG reactor.netty.resources.PooledConnectionProvider - [id: 0x1e073caa, L:/127.0.0.1:50270 - R:localhost/127.0.0.1:8081] onStateChange(GET{uri=/getAttractions, connection=PooledConnection{channel=[id: 0x1e073caa, L:/127.0.0.1:50270 - R:localhost/127.0.0.1:8081]}}, [disconnecting])
20:40:47.208 [reactor-http-nio-16] DEBUG reactor.netty.resources.PooledConnectionProvider - [id: 0x1e073caa, L:/127.0.0.1:50270 - R:localhost/127.0.0.1:8081] Releasing channel
20:40:47.208 [reactor-http-nio-13] DEBUG reactor.netty.http.client.HttpClientOperations - [id: 0x7744abeb, L:/127.0.0.1:50286 - R:localhost/127.0.0.1:8081] Received last HTTP packet
20:40:47.208 [reactor-http-nio-11] DEBUG reactor.netty.resources.PooledConnectionProvider - [id: 0xf4db83bf, L:/127.0.0.1:50334 - R:localhost/127.0.0.1:8082] onStateChange(PooledConnection{channel=[id: 0xf4db83bf, L:/127.0.0.1:50334 - R:localhost/127.0.0.1:8082]}, [connected])
20:40:47.208 [reactor-http-nio-11] DEBUG reactor.netty.resources.PooledConnectionProvider - [id: 0xf4db83bf, L:/127.0.0.1:50334 - R:localhost/127.0.0.1:8082] onStateChange(GET{uri=/, connection=PooledConnection{channel=[id: 0xf4db83bf, L:/127.0.0.1:50334 - R:localhost/127.0.0.1:8082]}}, [configured])
20:40:47.208 [reactor-http-nio-11] DEBUG reactor.netty.resources.PooledConnectionProvider - [id: 0x558afcc3] Created new pooled channel, now 9 active connections and 18 inactive connections
20:40:47.208 [reactor-http-nio-13] DEBUG org.springframework.core.codec.StringDecoder - [6d58909b] Decoded "[{"longitude":-117.922008,"latitude":33.817595,"attractionName":"Disneyland","city":"Anaheim","stat (truncated)...
20:40:47.208 [reactor-http-nio-11] DEBUG reactor.netty.channel.BootstrapHandlers - [id: 0x558afcc3] Initialized pipeline DefaultChannelPipeline{(BootstrapHandlers$BootstrapInitializerHandler#0 = reactor.netty.channel.BootstrapHandlers$BootstrapInitializerHandler), (SimpleChannelPool$1#0 = io.netty.channel.pool.SimpleChannelPool$1), (reactor.left.httpCodec = io.netty.handler.codec.http.HttpClientCodec), (reactor.left.decompressor = io.netty.handler.codec.http.HttpContentDecompressor), (reactor.right.reactiveBridge = reactor.netty.channel.ChannelOperationsHandler)}
20:40:47.205 [reactor-http-nio-2] DEBUG reactor.netty.resources.PooledConnectionProvider - [id: 0x875fe514, L:/127.0.0.1:50322 - R:localhost/127.0.0.1:8082] onStateChange(PooledConnection{channel=[id: 0x875fe514, L:/127.0.0.1:50322 - R:localhost/127.0.0.1:8082]}, [connected])
20:40:47.208 [reactor-http-nio-2] DEBUG reactor.netty.resources.PooledConnectionProvider - [id: 0x875fe514, L:/127.0.0.1:50322 - R:localhost/127.0.0.1:8082] onStateChange(GET{uri=/, connection=PooledConnection{channel=[id: 0x875fe514, L:/127.0.0.1:50322 - R:localhost/127.0.0.1:8082]}}, [configured])
20:40:47.209 [reactor-http-nio-2] DEBUG reactor.netty.resources.PooledConnectionProvider - [id: 0xc26b7a12, L:/127.0.0.1:50323 - R:localhost/127.0.0.1:8082] onStateChange(PooledConnection{channel=[id: 0xc26b7a12, L:/127.0.0.1:50323 - R:localhost/127.0.0.1:8082]}, [connected])
20:40:47.205 [reactor-http-nio-10] DEBUG reactor.netty.channel.FluxReceive - [id: 0x074029b1, L:/127.0.0.1:50304 - R:localhost/127.0.0.1:8081] Subscribing inbound receiver [pending: 0, cancelled:false, inboundDone: false]
20:40:47.209 [reactor-http-nio-2] DEBUG reactor.netty.resources.PooledConnectionProvider - [id: 0xc26b7a12, L:/127.0.0.1:50323 - R:localhost/127.0.0.1:8082] onStateChange(GET{uri=/, connection=PooledConnection{channel=[id: 0xc26b7a12, L:/127.0.0.1:50323 - R:localhost/127.0.0.1:8082]}}, [configured])
20:40:47.209 [reactor-http-nio-11] DEBUG reactor.netty.resources.PooledConnectionProvider - [id: 0x558afcc3, L:/127.0.0.1:50335 - R:localhost/127.0.0.1:8082] onStateChange(PooledConnection{channel=[id: 0x558afcc3, L:/127.0.0.1:50335 - R:localhost/127.0.0.1:8082]}, [connected])
20:40:47.209 [reactor-http-nio-11] DEBUG reactor.netty.resources.PooledConnectionProvider - [id: 0x558afcc3, L:/127.0.0.1:50335 - R:localhost/127.0.0.1:8082] onStateChange(GET{uri=/, connection=PooledConnection{channel=[id: 0x558afcc3, L:/127.0.0.1:50335 - R:localhost/127.0.0.1:8082]}}, [configured])
20:40:47.209 [reactor-http-nio-2] DEBUG reactor.netty.resources.PooledConnectionProvider - [id: 0x996b12a8, L:/127.0.0.1:50324 - R:localhost/127.0.0.1:8082] onStateChange(PooledConnection{channel=[id: 0x996b12a8, L:/127.0.0.1:50324 - R:localhost/127.0.0.1:8082]}, [connected])
20:40:47.209 [reactor-http-nio-2] DEBUG reactor.netty.resources.PooledConnectionProvider - [id: 0x996b12a8, L:/127.0.0.1:50324 - R:localhost/127.0.0.1:8082] onStateChange(GET{uri=/, connection=PooledConnection{channel=[id: 0x996b12a8, L:/127.0.0.1:50324 - R:localhost/127.0.0.1:8082]}}, [configured])
20:40:47.209 [reactor-http-nio-2] DEBUG reactor.netty.resources.PooledConnectionProvider - [id: 0xd63fc309] Created new pooled channel, now 9 active connections and 19 inactive connections
20:40:47.209 [reactor-http-nio-2] DEBUG reactor.netty.channel.BootstrapHandlers - [id: 0xd63fc309] Initialized pipeline DefaultChannelPipeline{(BootstrapHandlers$BootstrapInitializerHandler#0 = reactor.netty.channel.BootstrapHandlers$BootstrapInitializerHandler), (SimpleChannelPool$1#0 = io.netty.channel.pool.SimpleChannelPool$1), (reactor.left.httpCodec = io.netty.handler.codec.http.HttpClientCodec), (reactor.left.decompressor = io.netty.handler.codec.http.HttpContentDecompressor), (reactor.right.reactiveBridge = reactor.netty.channel.ChannelOperationsHandler)}
20:40:47.209 [pool-14-thread-49] DEBUG org.springframework.web.reactive.function.client.ExchangeFunctions - [3463e130] HTTP GET http://localhost:8082/getAttractionRewardPoints?attractionId=a77a37e6-2f5f-4fff-9d1e-65cd647e011a&userId=04227332-3bd6-438d-8f15-8cd3740d58cf
20:40:47.206 [reactor-http-nio-12] DEBUG reactor.netty.http.client.HttpClientOperations - [id: 0xbbaa0872, L:/127.0.0.1:50269 - R:localhost/127.0.0.1:8081] Received last HTTP packet
20:40:47.210 [reactor-http-nio-11] DEBUG reactor.netty.resources.PooledConnectionProvider - [id: 0xf4db83bf, L:/127.0.0.1:50334 - R:localhost/127.0.0.1:8082] Registering pool release on close event for channel
20:40:47.210 [reactor-http-nio-2] DEBUG reactor.netty.resources.PooledConnectionProvider - [id: 0xd63fc309, L:/127.0.0.1:50336 - R:localhost/127.0.0.1:8082] onStateChange(PooledConnection{channel=[id: 0xd63fc309, L:/127.0.0.1:50336 - R:localhost/127.0.0.1:8082]}, [connected])
20:40:47.210 [reactor-http-nio-11] DEBUG reactor.netty.http.client.HttpClientConnect - [id: 0xf4db83bf, L:/127.0.0.1:50334 - R:localhost/127.0.0.1:8082] Handler is being applied: {uri=http://localhost:8082/getAttractionRewardPoints?attractionId=ecbd80de-a76c-4c2c-8ed1-9a97117fa690&userId=6283ecde-2456-462f-9d79-9c6f0e75ef38, method=GET}
20:40:47.210 [reactor-http-nio-12] DEBUG org.springframework.core.codec.StringDecoder - [3521034a] Decoded "[{"longitude":-117.922008,"latitude":33.817595,"attractionName":"Disneyland","city":"Anaheim","stat (truncated)...
20:40:47.210 [reactor-http-nio-12] DEBUG reactor.netty.resources.PooledConnectionProvider - [id: 0xbbaa0872, L:/127.0.0.1:50269 - R:localhost/127.0.0.1:8081] onStateChange(GET{uri=/getAttractions, connection=PooledConnection{channel=[id: 0xbbaa0872, L:/127.0.0.1:50269 - R:localhost/127.0.0.1:8081]}}, [disconnecting])
20:40:47.210 [reactor-http-nio-12] DEBUG reactor.netty.resources.PooledConnectionProvider - [id: 0xbbaa0872, L:/127.0.0.1:50269 - R:localhost/127.0.0.1:8081] Releasing channel
20:40:47.210 [reactor-http-nio-12] DEBUG reactor.netty.resources.PooledConnectionProvider - [id: 0xbbaa0872, L:/127.0.0.1:50269 - R:localhost/127.0.0.1:8081] Channel cleaned, now 23 active connections and 41 inactive connections
20:40:47.206 [pool-14-thread-33] DEBUG org.springframework.web.reactive.function.client.ExchangeFunctions - [2fea56db] HTTP GET http://localhost:8082/getAttractionRewardPoints?attractionId=67026429-06e6-4eee-95ef-6cde29d20f70&userId=6fd09b0f-2109-45f2-80a4-508c9e8018f2
20:40:47.210 [reactor-http-nio-12] DEBUG reactor.netty.http.client.HttpClientOperations - [id: 0x0d270386, L:/127.0.0.1:50279 - R:localhost/127.0.0.1:8081] Received response (auto-read:false) : [Content-Type=application/json, Transfer-Encoding=chunked, Date=Fri, 11 Jun 2021 15:10:46 GMT]
20:40:47.210 [reactor-http-nio-12] DEBUG reactor.netty.resources.PooledConnectionProvider - [id: 0x0d270386, L:/127.0.0.1:50279 - R:localhost/127.0.0.1:8081] onStateChange(GET{uri=/getAttractions, connection=PooledConnection{channel=[id: 0x0d270386, L:/127.0.0.1:50279 - R:localhost/127.0.0.1:8081]}}, [response_received])
20:40:47.210 [reactor-http-nio-15] DEBUG reactor.netty.resources.PooledConnectionProvider - [id: 0xc9743b68] Created new pooled channel, now 10 active connections and 19 inactive connections
20:40:47.210 [reactor-http-nio-11] DEBUG reactor.netty.resources.PooledConnectionProvider - [id: 0xf4db83bf, L:/127.0.0.1:50334 - R:localhost/127.0.0.1:8082] onStateChange(GET{uri=/getAttractionRewardPoints?attractionId=ecbd80de-a76c-4c2c-8ed1-9a97117fa690&userId=6283ecde-2456-462f-9d79-9c6f0e75ef38, connection=PooledConnection{channel=[id: 0xf4db83bf, L:/127.0.0.1:50334 - R:localhost/127.0.0.1:8082]}}, [request_sent])
20:40:47.210 [reactor-http-nio-11] DEBUG reactor.netty.resources.PooledConnectionProvider - [id: 0xf4db83bf, L:/127.0.0.1:50334 - R:localhost/127.0.0.1:8082] Channel connected, now 10 active connections and 19 inactive connections
20:40:47.207 [reactor-http-nio-14] DEBUG reactor.netty.http.client.HttpClientConnect - [id: 0x05cf9efe, L:/127.0.0.1:50321 - R:localhost/127.0.0.1:8082] Handler is being applied: {uri=http://localhost:8082/getAttractionRewardPoints?attractionId=f2afb86c-1a79-4102-aa45-534d60a50649&userId=76b74dbb-942c-4550-986a-15355b5cc416, method=GET}
20:40:47.210 [reactor-http-nio-15] DEBUG reactor.netty.channel.BootstrapHandlers - [id: 0xc9743b68] Initialized pipeline DefaultChannelPipeline{(BootstrapHandlers$BootstrapInitializerHandler#0 = reactor.netty.channel.BootstrapHandlers$BootstrapInitializerHandler), (SimpleChannelPool$1#0 = io.netty.channel.pool.SimpleChannelPool$1), (reactor.left.httpCodec = io.netty.handler.codec.http.HttpClientCodec), (reactor.left.decompressor = io.netty.handler.codec.http.HttpContentDecompressor), (reactor.right.reactiveBridge = reactor.netty.channel.ChannelOperationsHandler)}
20:40:47.208 [reactor-http-nio-16] DEBUG reactor.netty.resources.PooledConnectionProvider - [id: 0x1e073caa, L:/127.0.0.1:50270 - R:localhost/127.0.0.1:8081] Channel cleaned, now 24 active connections and 40 inactive connections
20:40:47.211 [reactor-http-nio-15] DEBUG reactor.netty.resources.PooledConnectionProvider - [id: 0xc9743b68, L:/127.0.0.1:50337 - R:localhost/127.0.0.1:8082] onStateChange(PooledConnection{channel=[id: 0xc9743b68, L:/127.0.0.1:50337 - R:localhost/127.0.0.1:8082]}, [connected])
20:40:47.211 [reactor-http-nio-15] DEBUG reactor.netty.resources.PooledConnectionProvider - [id: 0xc9743b68, L:/127.0.0.1:50337 - R:localhost/127.0.0.1:8082] onStateChange(GET{uri=/, connection=PooledConnection{channel=[id: 0xc9743b68, L:/127.0.0.1:50337 - R:localhost/127.0.0.1:8082]}}, [configured])
20:40:47.211 [reactor-http-nio-14] DEBUG reactor.netty.resources.PooledConnectionProvider - [id: 0x05cf9efe, L:/127.0.0.1:50321 - R:localhost/127.0.0.1:8082] onStateChange(GET{uri=/getAttractionRewardPoints?attractionId=f2afb86c-1a79-4102-aa45-534d60a50649&userId=76b74dbb-942c-4550-986a-15355b5cc416, connection=PooledConnection{channel=[id: 0x05cf9efe, L:/127.0.0.1:50321 - R:localhost/127.0.0.1:8082]}}, [request_sent])
20:40:47.211 [reactor-http-nio-14] DEBUG reactor.netty.resources.PooledConnectionProvider - [id: 0x05cf9efe, L:/127.0.0.1:50321 - R:localhost/127.0.0.1:8082] Channel connected, now 10 active connections and 19 inactive connections
20:40:47.211 [reactor-http-nio-16] DEBUG reactor.netty.http.client.HttpClientOperations - [id: 0x2be3660e, L:/127.0.0.1:50282 - R:localhost/127.0.0.1:8081] Received response (auto-read:false) : [Content-Type=application/json, Transfer-Encoding=chunked, Date=Fri, 11 Jun 2021 15:10:46 GMT]
20:40:47.211 [reactor-http-nio-16] DEBUG reactor.netty.resources.PooledConnectionProvider - [id: 0x2be3660e, L:/127.0.0.1:50282 - R:localhost/127.0.0.1:8081] onStateChange(GET{uri=/getAttractions, connection=PooledConnection{channel=[id: 0x2be3660e, L:/127.0.0.1:50282 - R:localhost/127.0.0.1:8081]}}, [response_received])
20:40:47.211 [pool-14-thread-15] DEBUG org.springframework.web.reactive.function.client.ExchangeFunctions - [3be6eb9e] HTTP GET http://localhost:8082/getAttractionRewardPoints?attractionId=2aa64516-d2d9-4c67-b938-01966dea2ba5&userId=2b4489aa-59a2-4b01-a5b9-aede7648ebd5
20:40:47.208 [reactor-http-nio-13] DEBUG reactor.netty.resources.PooledConnectionProvider - [id: 0x7744abeb, L:/127.0.0.1:50286 - R:localhost/127.0.0.1:8081] onStateChange(GET{uri=/getAttractions, connection=PooledConnection{channel=[id: 0x7744abeb, L:/127.0.0.1:50286 - R:localhost/127.0.0.1:8081]}}, [disconnecting])
20:40:47.211 [reactor-http-nio-16] DEBUG org.springframework.web.reactive.function.client.ExchangeFunctions - [1a7abe7b] Response 200 OK
20:40:47.211 [reactor-http-nio-13] DEBUG reactor.netty.resources.PooledConnectionProvider - [id: 0x7744abeb, L:/127.0.0.1:50286 - R:localhost/127.0.0.1:8081] Releasing channel
20:40:47.211 [reactor-http-nio-13] DEBUG reactor.netty.resources.PooledConnectionProvider - [id: 0x7744abeb, L:/127.0.0.1:50286 - R:localhost/127.0.0.1:8081] Channel cleaned, now 23 active connections and 41 inactive connections
20:40:47.211 [reactor-http-nio-13] DEBUG reactor.netty.resources.PooledConnectionProvider - [id: 0x2abae015] Created new pooled channel, now 10 active connections and 20 inactive connections
20:40:47.212 [reactor-http-nio-15] DEBUG reactor.netty.resources.PooledConnectionProvider - [id: 0xec445147, L:/127.0.0.1:50329 - R:localhost/127.0.0.1:8082] Registering pool release on close event for channel
20:40:47.212 [reactor-http-nio-15] DEBUG reactor.netty.http.client.HttpClientConnect - [id: 0xec445147, L:/127.0.0.1:50329 - R:localhost/127.0.0.1:8082] Handler is being applied: {uri=http://localhost:8082/getAttractionRewardPoints?attractionId=13fcdccf-e6b6-4688-a1e8-021a38bf5b9e&userId=35e1c9a7-87e6-4810-9fef-6d02562774b6, method=GET}
20:40:47.212 [reactor-http-nio-13] DEBUG reactor.netty.channel.BootstrapHandlers - [id: 0x2abae015] Initialized pipeline DefaultChannelPipeline{(BootstrapHandlers$BootstrapInitializerHandler#0 = reactor.netty.channel.BootstrapHandlers$BootstrapInitializerHandler), (SimpleChannelPool$1#0 = io.netty.channel.pool.SimpleChannelPool$1), (reactor.left.httpCodec = io.netty.handler.codec.http.HttpClientCodec), (reactor.left.decompressor = io.netty.handler.codec.http.HttpContentDecompressor), (reactor.right.reactiveBridge = reactor.netty.channel.ChannelOperationsHandler)}
20:40:47.209 [reactor-http-nio-10] DEBUG reactor.netty.http.client.HttpClientOperations - [id: 0x074029b1, L:/127.0.0.1:50304 - R:localhost/127.0.0.1:8081] Received last HTTP packet
20:40:47.212 [reactor-http-nio-10] DEBUG org.springframework.core.codec.StringDecoder - [1b23e620] Decoded "[{"longitude":-117.922008,"latitude":33.817595,"attractionName":"Disneyland","city":"Anaheim","stat (truncated)...
20:40:47.212 [reactor-http-nio-11] DEBUG reactor.netty.resources.PooledConnectionProvider - [id: 0xeb9710a2] Created new pooled channel, now 11 active connections and 20 inactive connections
20:40:47.209 [pool-14-thread-43] DEBUG org.springframework.web.reactive.function.client.ExchangeFunctions - [639f6340] HTTP GET http://localhost:8082/getAttractionRewardPoints?attractionId=b7245a16-81b3-4664-b44f-e895e12dcefb&userId=a3fe70bb-16ed-46f8-b7a9-1d75161c1905
20:40:47.210 [reactor-http-nio-2] DEBUG reactor.netty.resources.PooledConnectionProvider - [id: 0xd63fc309, L:/127.0.0.1:50336 - R:localhost/127.0.0.1:8082] onStateChange(GET{uri=/, connection=PooledConnection{channel=[id: 0xd63fc309, L:/127.0.0.1:50336 - R:localhost/127.0.0.1:8082]}}, [configured])
20:40:47.213 [reactor-http-nio-2] DEBUG reactor.netty.resources.PooledConnectionProvider - [id: 0x996b12a8, L:/127.0.0.1:50324 - R:localhost/127.0.0.1:8082] Registering pool release on close event for channel
20:40:47.210 [reactor-http-nio-12] DEBUG org.springframework.web.reactive.function.client.ExchangeFunctions - [25d682d9] Response 200 OK
20:40:47.213 [reactor-http-nio-2] DEBUG reactor.netty.http.client.HttpClientConnect - [id: 0x996b12a8, L:/127.0.0.1:50324 - R:localhost/127.0.0.1:8082] Handler is being applied: {uri=http://localhost:8082/getAttractionRewardPoints?attractionId=8f33bd46-3cd4-4f01-aa4c-22fcf8a8cdbb&userId=af60a0f1-d60f-40f4-9187-8df1ea28808b, method=GET}
20:40:47.211 [reactor-http-nio-14] DEBUG reactor.netty.resources.PooledConnectionProvider - [id: 0x281b17dd, L:/127.0.0.1:50294 - R:localhost/127.0.0.1:8081] Channel acquired, now 24 active connections and 40 inactive connections
20:40:47.213 [reactor-http-nio-14] DEBUG reactor.netty.http.client.HttpClientConnect - [id: 0x281b17dd, L:/127.0.0.1:50294 - R:localhost/127.0.0.1:8081] Handler is being applied: {uri=http://localhost:8081/getAttractions, method=GET}
20:40:47.213 [reactor-http-nio-12] DEBUG reactor.netty.channel.FluxReceive - [id: 0x0d270386, L:/127.0.0.1:50279 - R:localhost/127.0.0.1:8081] Subscribing inbound receiver [pending: 0, cancelled:false, inboundDone: false]
20:40:47.212 [reactor-http-nio-16] DEBUG reactor.netty.channel.FluxReceive - [id: 0x2be3660e, L:/127.0.0.1:50282 - R:localhost/127.0.0.1:8081] Subscribing inbound receiver [pending: 0, cancelled:false, inboundDone: false]
20:40:47.213 [reactor-http-nio-12] DEBUG reactor.netty.http.client.HttpClientOperations - [id: 0x0d270386, L:/127.0.0.1:50279 - R:localhost/127.0.0.1:8081] Received last HTTP packet
20:40:47.213 [reactor-http-nio-14] DEBUG reactor.netty.resources.PooledConnectionProvider - [id: 0x281b17dd, L:/127.0.0.1:50294 - R:localhost/127.0.0.1:8081] onStateChange(GET{uri=/getAttractions, connection=PooledConnection{channel=[id: 0x281b17dd, L:/127.0.0.1:50294 - R:localhost/127.0.0.1:8081]}}, [request_sent])
20:40:47.213 [reactor-http-nio-16] DEBUG reactor.netty.http.client.HttpClientOperations - [id: 0x2be3660e, L:/127.0.0.1:50282 - R:localhost/127.0.0.1:8081] Received last HTTP packet
20:40:47.213 [reactor-http-nio-14] DEBUG reactor.netty.resources.PooledConnectionProvider - [id: 0x111e98d4, L:/127.0.0.1:50257 - R:localhost/127.0.0.1:8081] Channel acquired, now 24 active connections and 40 inactive connections
20:40:47.213 [reactor-http-nio-12] DEBUG org.springframework.core.codec.StringDecoder - [25d682d9] Decoded "[{"longitude":-117.922008,"latitude":33.817595,"attractionName":"Disneyland","city":"Anaheim","stat (truncated)...
20:40:47.213 [reactor-http-nio-12] DEBUG reactor.netty.resources.PooledConnectionProvider - [id: 0x0d270386, L:/127.0.0.1:50279 - R:localhost/127.0.0.1:8081] onStateChange(GET{uri=/getAttractions, connection=PooledConnection{channel=[id: 0x0d270386, L:/127.0.0.1:50279 - R:localhost/127.0.0.1:8081]}}, [disconnecting])
20:40:47.214 [reactor-http-nio-12] DEBUG reactor.netty.resources.PooledConnectionProvider - [id: 0x0d270386, L:/127.0.0.1:50279 - R:localhost/127.0.0.1:8081] Releasing channel
20:40:47.214 [reactor-http-nio-16] DEBUG org.springframework.core.codec.StringDecoder - [1a7abe7b] Decoded "[{"longitude":-117.922008,"latitude":33.817595,"attractionName":"Disneyland","city":"Anaheim","stat (truncated)...
20:40:47.214 [reactor-http-nio-12] DEBUG reactor.netty.resources.PooledConnectionProvider - [id: 0x0d270386, L:/127.0.0.1:50279 - R:localhost/127.0.0.1:8081] Channel cleaned, now 23 active connections and 41 inactive connections
20:40:47.212 [reactor-http-nio-13] DEBUG reactor.netty.http.client.HttpClientOperations - [id: 0x86f0206d, L:/127.0.0.1:50296 - R:localhost/127.0.0.1:8081] Received response (auto-read:false) : [Content-Type=application/json, Transfer-Encoding=chunked, Date=Fri, 11 Jun 2021 15:10:46 GMT]
20:40:47.214 [pool-14-thread-38] DEBUG org.springframework.web.reactive.function.client.ExchangeFunctions - [15e40b34] HTTP GET http://localhost:8082/getAttractionRewardPoints?attractionId=b002c5b7-b2d2-4169-bf3a-d1d9fcf66093&userId=a63081f7-fbf6-40e5-82a1-07cbe9308f5b
20:40:47.214 [reactor-http-nio-12] DEBUG reactor.netty.resources.PooledConnectionProvider - [id: 0x393991de, L:/127.0.0.1:50312 - R:localhost/127.0.0.1:8082] onStateChange(PooledConnection{channel=[id: 0x393991de, L:/127.0.0.1:50312 - R:localhost/127.0.0.1:8082]}, [connected])
20:40:47.214 [reactor-http-nio-12] DEBUG reactor.netty.resources.PooledConnectionProvider - [id: 0x393991de, L:/127.0.0.1:50312 - R:localhost/127.0.0.1:8082] onStateChange(GET{uri=/, connection=PooledConnection{channel=[id: 0x393991de, L:/127.0.0.1:50312 - R:localhost/127.0.0.1:8082]}}, [configured])
20:40:47.214 [reactor-http-nio-12] DEBUG reactor.netty.resources.PooledConnectionProvider - [id: 0xe5e5d890, L:/127.0.0.1:50313 - R:localhost/127.0.0.1:8082] onStateChange(PooledConnection{channel=[id: 0xe5e5d890, L:/127.0.0.1:50313 - R:localhost/127.0.0.1:8082]}, [connected])
20:40:47.214 [reactor-http-nio-12] DEBUG reactor.netty.resources.PooledConnectionProvider - [id: 0xe5e5d890, L:/127.0.0.1:50313 - R:localhost/127.0.0.1:8082] onStateChange(GET{uri=/, connection=PooledConnection{channel=[id: 0xe5e5d890, L:/127.0.0.1:50313 - R:localhost/127.0.0.1:8082]}}, [configured])
20:40:47.212 [reactor-http-nio-10] DEBUG reactor.netty.resources.PooledConnectionProvider - [id: 0x074029b1, L:/127.0.0.1:50304 - R:localhost/127.0.0.1:8081] onStateChange(GET{uri=/getAttractions, connection=PooledConnection{channel=[id: 0x074029b1, L:/127.0.0.1:50304 - R:localhost/127.0.0.1:8081]}}, [disconnecting])
20:40:47.214 [reactor-http-nio-12] DEBUG reactor.netty.resources.PooledConnectionProvider - [id: 0x9b24452d, L:/127.0.0.1:50265 - R:localhost/127.0.0.1:8081] Channel acquired, now 24 active connections and 40 inactive connections
20:40:47.214 [reactor-http-nio-10] DEBUG reactor.netty.resources.PooledConnectionProvider - [id: 0x074029b1, L:/127.0.0.1:50304 - R:localhost/127.0.0.1:8081] Releasing channel
20:40:47.214 [reactor-http-nio-12] DEBUG reactor.netty.http.client.HttpClientConnect - [id: 0x9b24452d, L:/127.0.0.1:50265 - R:localhost/127.0.0.1:8081] Handler is being applied: {uri=http://localhost:8081/getAttractions, method=GET}
20:40:47.212 [reactor-http-nio-11] DEBUG reactor.netty.channel.BootstrapHandlers - [id: 0xeb9710a2] Initialized pipeline DefaultChannelPipeline{(BootstrapHandlers$BootstrapInitializerHandler#0 = reactor.netty.channel.BootstrapHandlers$BootstrapInitializerHandler), (SimpleChannelPool$1#0 = io.netty.channel.pool.SimpleChannelPool$1), (reactor.left.httpCodec = io.netty.handler.codec.http.HttpClientCodec), (reactor.left.decompressor = io.netty.handler.codec.http.HttpContentDecompressor), (reactor.right.reactiveBridge = reactor.netty.channel.ChannelOperationsHandler)}
20:40:47.215 [reactor-http-nio-12] DEBUG reactor.netty.resources.PooledConnectionProvider - [id: 0x9b24452d, L:/127.0.0.1:50265 - R:localhost/127.0.0.1:8081] onStateChange(GET{uri=/getAttractions, connection=PooledConnection{channel=[id: 0x9b24452d, L:/127.0.0.1:50265 - R:localhost/127.0.0.1:8081]}}, [request_sent])
20:40:47.215 [reactor-http-nio-12] DEBUG reactor.netty.resources.PooledConnectionProvider - [id: 0x70cf3415, L:/127.0.0.1:50288 - R:localhost/127.0.0.1:8081] Channel acquired, now 24 active connections and 40 inactive connections
20:40:47.215 [reactor-http-nio-11] DEBUG reactor.netty.resources.PooledConnectionProvider - [id: 0xeb9710a2, L:/127.0.0.1:50339 - R:localhost/127.0.0.1:8082] onStateChange(PooledConnection{channel=[id: 0xeb9710a2, L:/127.0.0.1:50339 - R:localhost/127.0.0.1:8082]}, [connected])
20:40:47.215 [pool-14-thread-22] DEBUG org.springframework.web.reactive.function.client.ExchangeFunctions - [2b117813] HTTP GET http://localhost:8082/getAttractionRewardPoints?attractionId=0862e2af-d9bf-4c32-b1fc-c999afa9ae1a&userId=ee66b4d2-ae9c-4c37-b5b4-1b1147bb9fbd
20:40:47.215 [reactor-http-nio-11] DEBUG reactor.netty.resources.PooledConnectionProvider - [id: 0xeb9710a2, L:/127.0.0.1:50339 - R:localhost/127.0.0.1:8082] onStateChange(GET{uri=/, connection=PooledConnection{channel=[id: 0xeb9710a2, L:/127.0.0.1:50339 - R:localhost/127.0.0.1:8082]}}, [configured])
20:40:47.212 [reactor-http-nio-15] DEBUG reactor.netty.resources.PooledConnectionProvider - [id: 0xec445147, L:/127.0.0.1:50329 - R:localhost/127.0.0.1:8082] onStateChange(GET{uri=/getAttractionRewardPoints?attractionId=13fcdccf-e6b6-4688-a1e8-021a38bf5b9e&userId=35e1c9a7-87e6-4810-9fef-6d02562774b6, connection=PooledConnection{channel=[id: 0xec445147, L:/127.0.0.1:50329 - R:localhost/127.0.0.1:8082]}}, [request_sent])
20:40:47.215 [reactor-http-nio-15] DEBUG reactor.netty.resources.PooledConnectionProvider - [id: 0xec445147, L:/127.0.0.1:50329 - R:localhost/127.0.0.1:8082] Channel connected, now 12 active connections and 19 inactive connections
20:40:47.215 [reactor-http-nio-15] DEBUG reactor.netty.resources.PooledConnectionProvider - [id: 0xe573f461, L:/127.0.0.1:50333 - R:localhost/127.0.0.1:8082] Registering pool release on close event for channel
20:40:47.215 [reactor-http-nio-15] DEBUG reactor.netty.http.client.HttpClientConnect - [id: 0xe573f461, L:/127.0.0.1:50333 - R:localhost/127.0.0.1:8082] Handler is being applied: {uri=http://localhost:8082/getAttractionRewardPoints?attractionId=13038c51-9307-4f18-8f01-c6bff4716a99&userId=5a2e6b04-dc6f-41ff-be64-e304ab3c28fd, method=GET}
20:40:47.216 [pool-14-thread-41] DEBUG org.springframework.web.reactive.function.client.ExchangeFunctions - [14bd4344] HTTP GET http://localhost:8082/getAttractionRewardPoints?attractionId=39a20948-e503-4dfa-acd2-3c00983abcf5&userId=163f8dc7-aed0-46e2-9181-4c4098d73354
20:40:47.216 [reactor-http-nio-15] DEBUG reactor.netty.resources.PooledConnectionProvider - [id: 0xe573f461, L:/127.0.0.1:50333 - R:localhost/127.0.0.1:8082] onStateChange(GET{uri=/getAttractionRewardPoints?attractionId=13038c51-9307-4f18-8f01-c6bff4716a99&userId=5a2e6b04-dc6f-41ff-be64-e304ab3c28fd, connection=PooledConnection{channel=[id: 0xe573f461, L:/127.0.0.1:50333 - R:localhost/127.0.0.1:8082]}}, [request_sent])
20:40:47.213 [reactor-http-nio-2] DEBUG reactor.netty.resources.PooledConnectionProvider - [id: 0x996b12a8, L:/127.0.0.1:50324 - R:localhost/127.0.0.1:8082] onStateChange(GET{uri=/getAttractionRewardPoints?attractionId=8f33bd46-3cd4-4f01-aa4c-22fcf8a8cdbb&userId=af60a0f1-d60f-40f4-9187-8df1ea28808b, connection=PooledConnection{channel=[id: 0x996b12a8, L:/127.0.0.1:50324 - R:localhost/127.0.0.1:8082]}}, [request_sent])
20:40:47.216 [reactor-http-nio-2] DEBUG reactor.netty.resources.PooledConnectionProvider - [id: 0x996b12a8, L:/127.0.0.1:50324 - R:localhost/127.0.0.1:8082] Channel connected, now 13 active connections and 18 inactive connections
20:40:47.216 [reactor-http-nio-2] DEBUG reactor.netty.resources.PooledConnectionProvider - [id: 0x6b095c1c] Created new pooled channel, now 13 active connections and 19 inactive connections
20:40:47.213 [reactor-http-nio-14] DEBUG reactor.netty.http.client.HttpClientConnect - [id: 0x111e98d4, L:/127.0.0.1:50257 - R:localhost/127.0.0.1:8081] Handler is being applied: {uri=http://localhost:8081/getAttractions, method=GET}
20:40:47.216 [reactor-http-nio-2] DEBUG reactor.netty.channel.BootstrapHandlers - [id: 0x6b095c1c] Initialized pipeline DefaultChannelPipeline{(BootstrapHandlers$BootstrapInitializerHandler#0 = reactor.netty.channel.BootstrapHandlers$BootstrapInitializerHandler), (SimpleChannelPool$1#0 = io.netty.channel.pool.SimpleChannelPool$1), (reactor.left.httpCodec = io.netty.handler.codec.http.HttpClientCodec), (reactor.left.decompressor = io.netty.handler.codec.http.HttpContentDecompressor), (reactor.right.reactiveBridge = reactor.netty.channel.ChannelOperationsHandler)}
20:40:47.216 [reactor-http-nio-2] DEBUG reactor.netty.resources.PooledConnectionProvider - [id: 0x0a357186] Created new pooled channel, now 13 active connections and 21 inactive connections
20:40:47.214 [reactor-http-nio-16] DEBUG reactor.netty.resources.PooledConnectionProvider - [id: 0x2be3660e, L:/127.0.0.1:50282 - R:localhost/127.0.0.1:8081] onStateChange(GET{uri=/getAttractions, connection=PooledConnection{channel=[id: 0x2be3660e, L:/127.0.0.1:50282 - R:localhost/127.0.0.1:8081]}}, [disconnecting])
20:40:47.216 [reactor-http-nio-16] DEBUG reactor.netty.resources.PooledConnectionProvider - [id: 0x2be3660e, L:/127.0.0.1:50282 - R:localhost/127.0.0.1:8081] Releasing channel
20:40:47.216 [reactor-http-nio-2] DEBUG reactor.netty.channel.BootstrapHandlers - [id: 0x0a357186] Initialized pipeline DefaultChannelPipeline{(BootstrapHandlers$BootstrapInitializerHandler#0 = reactor.netty.channel.BootstrapHandlers$BootstrapInitializerHandler), (SimpleChannelPool$1#0 = io.netty.channel.pool.SimpleChannelPool$1), (reactor.left.httpCodec = io.netty.handler.codec.http.HttpClientCodec), (reactor.left.decompressor = io.netty.handler.codec.http.HttpContentDecompressor), (reactor.right.reactiveBridge = reactor.netty.channel.ChannelOperationsHandler)}
20:40:47.214 [reactor-http-nio-13] DEBUG reactor.netty.resources.PooledConnectionProvider - [id: 0x86f0206d, L:/127.0.0.1:50296 - R:localhost/127.0.0.1:8081] onStateChange(GET{uri=/getAttractions, connection=PooledConnection{channel=[id: 0x86f0206d, L:/127.0.0.1:50296 - R:localhost/127.0.0.1:8081]}}, [response_received])
20:40:47.217 [reactor-http-nio-13] DEBUG org.springframework.web.reactive.function.client.ExchangeFunctions - [5c5ca3b2] Response 200 OK
20:40:47.214 [reactor-http-nio-10] DEBUG reactor.netty.resources.PooledConnectionProvider - [id: 0x074029b1, L:/127.0.0.1:50304 - R:localhost/127.0.0.1:8081] Channel cleaned, now 23 active connections and 41 inactive connections
20:40:47.217 [reactor-http-nio-13] DEBUG reactor.netty.channel.FluxReceive - [id: 0x86f0206d, L:/127.0.0.1:50296 - R:localhost/127.0.0.1:8081] Subscribing inbound receiver [pending: 0, cancelled:false, inboundDone: false]
20:40:47.217 [reactor-http-nio-10] DEBUG reactor.netty.http.client.HttpClientOperations - [id: 0xeb8d3006, L:/127.0.0.1:50297 - R:localhost/127.0.0.1:8081] Received response (auto-read:false) : [Content-Type=application/json, Transfer-Encoding=chunked, Date=Fri, 11 Jun 2021 15:10:46 GMT]
20:40:47.217 [reactor-http-nio-10] DEBUG reactor.netty.resources.PooledConnectionProvider - [id: 0xeb8d3006, L:/127.0.0.1:50297 - R:localhost/127.0.0.1:8081] onStateChange(GET{uri=/getAttractions, connection=PooledConnection{channel=[id: 0xeb8d3006, L:/127.0.0.1:50297 - R:localhost/127.0.0.1:8081]}}, [response_received])
20:40:47.217 [reactor-http-nio-13] DEBUG reactor.netty.http.client.HttpClientOperations - [id: 0x86f0206d, L:/127.0.0.1:50296 - R:localhost/127.0.0.1:8081] Received last HTTP packet
20:40:47.215 [reactor-http-nio-12] DEBUG reactor.netty.http.client.HttpClientConnect - [id: 0x70cf3415, L:/127.0.0.1:50288 - R:localhost/127.0.0.1:8081] Handler is being applied: {uri=http://localhost:8081/getAttractions, method=GET}
20:40:47.217 [reactor-http-nio-13] DEBUG org.springframework.core.codec.StringDecoder - [5c5ca3b2] Decoded "[{"longitude":-117.922008,"latitude":33.817595,"attractionName":"Disneyland","city":"Anaheim","stat (truncated)...
20:40:47.218 [reactor-http-nio-13] DEBUG reactor.netty.resources.PooledConnectionProvider - [id: 0x86f0206d, L:/127.0.0.1:50296 - R:localhost/127.0.0.1:8081] onStateChange(GET{uri=/getAttractions, connection=PooledConnection{channel=[id: 0x86f0206d, L:/127.0.0.1:50296 - R:localhost/127.0.0.1:8081]}}, [disconnecting])
20:40:47.218 [reactor-http-nio-13] DEBUG reactor.netty.resources.PooledConnectionProvider - [id: 0x86f0206d, L:/127.0.0.1:50296 - R:localhost/127.0.0.1:8081] Releasing channel
20:40:47.218 [reactor-http-nio-13] DEBUG reactor.netty.resources.PooledConnectionProvider - [id: 0x86f0206d, L:/127.0.0.1:50296 - R:localhost/127.0.0.1:8081] Channel cleaned, now 22 active connections and 42 inactive connections
20:40:47.218 [reactor-http-nio-12] DEBUG reactor.netty.resources.PooledConnectionProvider - [id: 0x70cf3415, L:/127.0.0.1:50288 - R:localhost/127.0.0.1:8081] onStateChange(GET{uri=/getAttractions, connection=PooledConnection{channel=[id: 0x70cf3415, L:/127.0.0.1:50288 - R:localhost/127.0.0.1:8081]}}, [request_sent])
20:40:47.218 [reactor-http-nio-13] DEBUG reactor.netty.resources.PooledConnectionProvider - [id: 0x4e1a51ff] Created new pooled channel, now 13 active connections and 22 inactive connections
20:40:47.216 [reactor-http-nio-15] DEBUG reactor.netty.resources.PooledConnectionProvider - [id: 0xe573f461, L:/127.0.0.1:50333 - R:localhost/127.0.0.1:8082] Channel connected, now 13 active connections and 18 inactive connections
20:40:47.218 [reactor-http-nio-12] DEBUG reactor.netty.resources.PooledConnectionProvider - [id: 0x0010b985] Created new pooled channel, now 13 active connections and 23 inactive connections
20:40:47.218 [reactor-http-nio-15] DEBUG reactor.netty.resources.PooledConnectionProvider - [id: 0x595f1e3f] Created new pooled channel, now 13 active connections and 24 inactive connections
20:40:47.218 [reactor-http-nio-13] DEBUG reactor.netty.channel.BootstrapHandlers - [id: 0x4e1a51ff] Initialized pipeline DefaultChannelPipeline{(BootstrapHandlers$BootstrapInitializerHandler#0 = reactor.netty.channel.BootstrapHandlers$BootstrapInitializerHandler), (SimpleChannelPool$1#0 = io.netty.channel.pool.SimpleChannelPool$1), (reactor.left.httpCodec = io.netty.handler.codec.http.HttpClientCodec), (reactor.left.decompressor = io.netty.handler.codec.http.HttpContentDecompressor), (reactor.right.reactiveBridge = reactor.netty.channel.ChannelOperationsHandler)}
20:40:47.218 [reactor-http-nio-12] DEBUG reactor.netty.channel.BootstrapHandlers - [id: 0x0010b985] Initialized pipeline DefaultChannelPipeline{(BootstrapHandlers$BootstrapInitializerHandler#0 = reactor.netty.channel.BootstrapHandlers$BootstrapInitializerHandler), (SimpleChannelPool$1#0 = io.netty.channel.pool.SimpleChannelPool$1), (reactor.left.httpCodec = io.netty.handler.codec.http.HttpClientCodec), (reactor.left.decompressor = io.netty.handler.codec.http.HttpContentDecompressor), (reactor.right.reactiveBridge = reactor.netty.channel.ChannelOperationsHandler)}
20:40:47.218 [reactor-http-nio-15] DEBUG reactor.netty.channel.BootstrapHandlers - [id: 0x595f1e3f] Initialized pipeline DefaultChannelPipeline{(BootstrapHandlers$BootstrapInitializerHandler#0 = reactor.netty.channel.BootstrapHandlers$BootstrapInitializerHandler), (SimpleChannelPool$1#0 = io.netty.channel.pool.SimpleChannelPool$1), (reactor.left.httpCodec = io.netty.handler.codec.http.HttpClientCodec), (reactor.left.decompressor = io.netty.handler.codec.http.HttpContentDecompressor), (reactor.right.reactiveBridge = reactor.netty.channel.ChannelOperationsHandler)}
20:40:47.218 [reactor-http-nio-12] DEBUG reactor.netty.resources.PooledConnectionProvider - [id: 0x6f2c8b9e] Created new pooled channel, now 13 active connections and 25 inactive connections
20:40:47.218 [reactor-http-nio-15] DEBUG reactor.netty.resources.PooledConnectionProvider - [id: 0xd82da432, L:/127.0.0.1:50272 - R:localhost/127.0.0.1:8081] Channel acquired, now 23 active connections and 41 inactive connections
20:40:47.218 [reactor-http-nio-15] DEBUG reactor.netty.http.client.HttpClientConnect - [id: 0xd82da432, L:/127.0.0.1:50272 - R:localhost/127.0.0.1:8081] Handler is being applied: {uri=http://localhost:8081/getAttractions, method=GET}
20:40:47.218 [reactor-http-nio-12] DEBUG reactor.netty.channel.BootstrapHandlers - [id: 0x6f2c8b9e] Initialized pipeline DefaultChannelPipeline{(BootstrapHandlers$BootstrapInitializerHandler#0 = reactor.netty.channel.BootstrapHandlers$BootstrapInitializerHandler), (SimpleChannelPool$1#0 = io.netty.channel.pool.SimpleChannelPool$1), (reactor.left.httpCodec = io.netty.handler.codec.http.HttpClientCodec), (reactor.left.decompressor = io.netty.handler.codec.http.HttpContentDecompressor), (reactor.right.reactiveBridge = reactor.netty.channel.ChannelOperationsHandler)}
20:40:47.218 [reactor-http-nio-13] DEBUG reactor.netty.resources.PooledConnectionProvider - [id: 0x2abae015, L:/127.0.0.1:50338 - R:localhost/127.0.0.1:8082] onStateChange(PooledConnection{channel=[id: 0x2abae015, L:/127.0.0.1:50338 - R:localhost/127.0.0.1:8082]}, [connected])
20:40:47.218 [reactor-http-nio-12] DEBUG reactor.netty.resources.PooledConnectionProvider - [id: 0x393991de, L:/127.0.0.1:50312 - R:localhost/127.0.0.1:8082] Registering pool release on close event for channel
20:40:47.218 [reactor-http-nio-12] DEBUG reactor.netty.http.client.HttpClientConnect - [id: 0x393991de, L:/127.0.0.1:50312 - R:localhost/127.0.0.1:8082] Handler is being applied: {uri=http://localhost:8082/getAttractionRewardPoints?attractionId=62f01f4a-d6db-43a9-97ee-19e6c3b1092c&userId=6f1bfbe2-5d0e-4f69-a759-5f0ceb9ac8d1, method=GET}
20:40:47.218 [reactor-http-nio-13] DEBUG reactor.netty.resources.PooledConnectionProvider - [id: 0x2abae015, L:/127.0.0.1:50338 - R:localhost/127.0.0.1:8082] onStateChange(GET{uri=/, connection=PooledConnection{channel=[id: 0x2abae015, L:/127.0.0.1:50338 - R:localhost/127.0.0.1:8082]}}, [configured])
20:40:47.219 [reactor-http-nio-13] DEBUG reactor.netty.resources.PooledConnectionProvider - [id: 0x4e1a51ff, L:/127.0.0.1:50342 - R:localhost/127.0.0.1:8082] onStateChange(PooledConnection{channel=[id: 0x4e1a51ff, L:/127.0.0.1:50342 - R:localhost/127.0.0.1:8082]}, [connected])
20:40:47.219 [reactor-http-nio-13] DEBUG reactor.netty.resources.PooledConnectionProvider - [id: 0x4e1a51ff, L:/127.0.0.1:50342 - R:localhost/127.0.0.1:8082] onStateChange(GET{uri=/, connection=PooledConnection{channel=[id: 0x4e1a51ff, L:/127.0.0.1:50342 - R:localhost/127.0.0.1:8082]}}, [configured])
20:40:47.219 [reactor-http-nio-15] DEBUG reactor.netty.resources.PooledConnectionProvider - [id: 0xd82da432, L:/127.0.0.1:50272 - R:localhost/127.0.0.1:8081] onStateChange(GET{uri=/getAttractions, connection=PooledConnection{channel=[id: 0xd82da432, L:/127.0.0.1:50272 - R:localhost/127.0.0.1:8081]}}, [request_sent])
20:40:47.219 [reactor-http-nio-13] DEBUG reactor.netty.resources.PooledConnectionProvider - [id: 0x8c8eb14c, L:/127.0.0.1:50328 - R:localhost/127.0.0.1:8082] Registering pool release on close event for channel
20:40:47.219 [pool-14-thread-63] DEBUG org.springframework.web.reactive.function.client.ExchangeFunctions - [529b5649] HTTP GET http://localhost:8082/getAttractionRewardPoints?attractionId=5003c4b5-2fc7-4693-a287-e3bc1841acd6&userId=cf6f98c2-c481-45c3-914d-3f3c9e5cca67
20:40:47.219 [reactor-http-nio-12] DEBUG reactor.netty.resources.PooledConnectionProvider - [id: 0x393991de, L:/127.0.0.1:50312 - R:localhost/127.0.0.1:8082] onStateChange(GET{uri=/getAttractionRewardPoints?attractionId=62f01f4a-d6db-43a9-97ee-19e6c3b1092c&userId=6f1bfbe2-5d0e-4f69-a759-5f0ceb9ac8d1, connection=PooledConnection{channel=[id: 0x393991de, L:/127.0.0.1:50312 - R:localhost/127.0.0.1:8082]}}, [request_sent])
20:40:47.219 [reactor-http-nio-13] DEBUG reactor.netty.http.client.HttpClientConnect - [id: 0x8c8eb14c, L:/127.0.0.1:50328 - R:localhost/127.0.0.1:8082] Handler is being applied: {uri=http://localhost:8082/getAttractionRewardPoints?attractionId=f776af94-899b-41dc-b2e8-74bc9bba1143&userId=87ec1487-1d51-49af-8513-e1d622849125, method=GET}
20:40:47.219 [reactor-http-nio-15] DEBUG reactor.netty.http.client.HttpClientOperations - [id: 0x70de3664, L:/127.0.0.1:50262 - R:localhost/127.0.0.1:8081] Received response (auto-read:false) : [Content-Type=application/json, Transfer-Encoding=chunked, Date=Fri, 11 Jun 2021 15:10:46 GMT]
20:40:47.219 [reactor-http-nio-15] DEBUG reactor.netty.resources.PooledConnectionProvider - [id: 0x70de3664, L:/127.0.0.1:50262 - R:localhost/127.0.0.1:8081] onStateChange(GET{uri=/getAttractions, connection=PooledConnection{channel=[id: 0x70de3664, L:/127.0.0.1:50262 - R:localhost/127.0.0.1:8081]}}, [response_received])
20:40:47.216 [reactor-http-nio-11] DEBUG reactor.netty.resources.PooledConnectionProvider - [id: 0x5f449e3e] Created new pooled channel, now 13 active connections and 21 inactive connections
20:40:47.219 [reactor-http-nio-15] DEBUG org.springframework.web.reactive.function.client.ExchangeFunctions - [58e5a5ee] Response 200 OK
20:40:47.219 [reactor-http-nio-11] DEBUG reactor.netty.channel.BootstrapHandlers - [id: 0x5f449e3e] Initialized pipeline DefaultChannelPipeline{(BootstrapHandlers$BootstrapInitializerHandler#0 = reactor.netty.channel.BootstrapHandlers$BootstrapInitializerHandler), (SimpleChannelPool$1#0 = io.netty.channel.pool.SimpleChannelPool$1), (reactor.left.httpCodec = io.netty.handler.codec.http.HttpClientCodec), (reactor.left.decompressor = io.netty.handler.codec.http.HttpContentDecompressor), (reactor.right.reactiveBridge = reactor.netty.channel.ChannelOperationsHandler)}
20:40:47.220 [reactor-http-nio-15] DEBUG reactor.netty.channel.FluxReceive - [id: 0x70de3664, L:/127.0.0.1:50262 - R:localhost/127.0.0.1:8081] Subscribing inbound receiver [pending: 0, cancelled:false, inboundDone: false]
20:40:47.216 [reactor-http-nio-16] DEBUG reactor.netty.resources.PooledConnectionProvider - [id: 0x2be3660e, L:/127.0.0.1:50282 - R:localhost/127.0.0.1:8081] Channel cleaned, now 23 active connections and 41 inactive connections
20:40:47.220 [reactor-http-nio-15] DEBUG reactor.netty.http.client.HttpClientOperations - [id: 0x70de3664, L:/127.0.0.1:50262 - R:localhost/127.0.0.1:8081] Received last HTTP packet
20:40:47.220 [reactor-http-nio-16] DEBUG reactor.netty.http.client.HttpClientOperations - [id: 0xa01a053c, L:/127.0.0.1:50244 - R:localhost/127.0.0.1:8081] Received response (auto-read:false) : [Content-Type=application/json, Transfer-Encoding=chunked, Date=Fri, 11 Jun 2021 15:10:46 GMT]
20:40:47.220 [reactor-http-nio-16] DEBUG reactor.netty.resources.PooledConnectionProvider - [id: 0xa01a053c, L:/127.0.0.1:50244 - R:localhost/127.0.0.1:8081] onStateChange(GET{uri=/getAttractions, connection=PooledConnection{channel=[id: 0xa01a053c, L:/127.0.0.1:50244 - R:localhost/127.0.0.1:8081]}}, [response_received])
20:40:47.221 [reactor-http-nio-15] DEBUG org.springframework.core.codec.StringDecoder - [58e5a5ee] Decoded "[{"longitude":-117.922008,"latitude":33.817595,"attractionName":"Disneyland","city":"Anaheim","stat (truncated)...
20:40:47.221 [reactor-http-nio-16] DEBUG org.springframework.web.reactive.function.client.ExchangeFunctions - [1c71f4f9] Response 200 OK
20:40:47.221 [reactor-http-nio-15] DEBUG reactor.netty.resources.PooledConnectionProvider - [id: 0x70de3664, L:/127.0.0.1:50262 - R:localhost/127.0.0.1:8081] onStateChange(GET{uri=/getAttractions, connection=PooledConnection{channel=[id: 0x70de3664, L:/127.0.0.1:50262 - R:localhost/127.0.0.1:8081]}}, [disconnecting])
20:40:47.221 [reactor-http-nio-15] DEBUG reactor.netty.resources.PooledConnectionProvider - [id: 0x70de3664, L:/127.0.0.1:50262 - R:localhost/127.0.0.1:8081] Releasing channel
20:40:47.217 [reactor-http-nio-14] DEBUG reactor.netty.resources.PooledConnectionProvider - [id: 0x111e98d4, L:/127.0.0.1:50257 - R:localhost/127.0.0.1:8081] onStateChange(GET{uri=/getAttractions, connection=PooledConnection{channel=[id: 0x111e98d4, L:/127.0.0.1:50257 - R:localhost/127.0.0.1:8081]}}, [request_sent])
20:40:47.221 [reactor-http-nio-15] DEBUG reactor.netty.resources.PooledConnectionProvider - [id: 0x70de3664, L:/127.0.0.1:50262 - R:localhost/127.0.0.1:8081] Channel cleaned, now 22 active connections and 42 inactive connections
20:40:47.217 [reactor-http-nio-2] DEBUG reactor.netty.http.client.HttpClientOperations - [id: 0x3355f769, L:/127.0.0.1:50264 - R:localhost/127.0.0.1:8081] Received response (auto-read:false) : [Content-Type=application/json, Transfer-Encoding=chunked, Date=Fri, 11 Jun 2021 15:10:46 GMT]
20:40:47.221 [reactor-http-nio-2] DEBUG reactor.netty.resources.PooledConnectionProvider - [id: 0x3355f769, L:/127.0.0.1:50264 - R:localhost/127.0.0.1:8081] onStateChange(GET{uri=/getAttractions, connection=PooledConnection{channel=[id: 0x3355f769, L:/127.0.0.1:50264 - R:localhost/127.0.0.1:8081]}}, [response_received])
20:40:47.221 [reactor-http-nio-2] DEBUG org.springframework.web.reactive.function.client.ExchangeFunctions - [115aea71] Response 200 OK
20:40:47.217 [reactor-http-nio-10] DEBUG org.springframework.web.reactive.function.client.ExchangeFunctions - [5f98453e] Response 200 OK
20:40:47.221 [reactor-http-nio-16] DEBUG reactor.netty.channel.FluxReceive - [id: 0xa01a053c, L:/127.0.0.1:50244 - R:localhost/127.0.0.1:8081] Subscribing inbound receiver [pending: 0, cancelled:false, inboundDone: false]
20:40:47.221 [reactor-http-nio-14] DEBUG reactor.netty.resources.PooledConnectionProvider - [id: 0xe42ed116, L:/127.0.0.1:50253 - R:localhost/127.0.0.1:8081] Channel acquired, now 23 active connections and 41 inactive connections
20:40:47.221 [reactor-http-nio-2] DEBUG reactor.netty.channel.FluxReceive - [id: 0x3355f769, L:/127.0.0.1:50264 - R:localhost/127.0.0.1:8081] Subscribing inbound receiver [pending: 0, cancelled:false, inboundDone: false]
20:40:47.221 [reactor-http-nio-16] DEBUG reactor.netty.http.client.HttpClientOperations - [id: 0xa01a053c, L:/127.0.0.1:50244 - R:localhost/127.0.0.1:8081] Received last HTTP packet
20:40:47.221 [reactor-http-nio-14] DEBUG reactor.netty.http.client.HttpClientConnect - [id: 0xe42ed116, L:/127.0.0.1:50253 - R:localhost/127.0.0.1:8081] Handler is being applied: {uri=http://localhost:8081/getAttractions, method=GET}
20:40:47.219 [reactor-http-nio-12] DEBUG reactor.netty.resources.PooledConnectionProvider - [id: 0x393991de, L:/127.0.0.1:50312 - R:localhost/127.0.0.1:8082] Channel connected, now 15 active connections and 23 inactive connections
20:40:47.221 [reactor-http-nio-12] DEBUG reactor.netty.resources.PooledConnectionProvider - [id: 0xe5e5d890, L:/127.0.0.1:50313 - R:localhost/127.0.0.1:8082] Registering pool release on close event for channel
20:40:47.219 [reactor-http-nio-13] DEBUG reactor.netty.resources.PooledConnectionProvider - [id: 0x8c8eb14c, L:/127.0.0.1:50328 - R:localhost/127.0.0.1:8082] onStateChange(GET{uri=/getAttractionRewardPoints?attractionId=f776af94-899b-41dc-b2e8-74bc9bba1143&userId=87ec1487-1d51-49af-8513-e1d622849125, connection=PooledConnection{channel=[id: 0x8c8eb14c, L:/127.0.0.1:50328 - R:localhost/127.0.0.1:8082]}}, [request_sent])
20:40:47.221 [reactor-http-nio-11] DEBUG reactor.netty.http.client.HttpClientOperations - [id: 0x1785ce4e, L:/127.0.0.1:50271 - R:localhost/127.0.0.1:8081] Received response (auto-read:false) : [Content-Type=application/json, Transfer-Encoding=chunked, Date=Fri, 11 Jun 2021 15:10:46 GMT]
20:40:47.221 [reactor-http-nio-16] DEBUG org.springframework.core.codec.StringDecoder - [1c71f4f9] Decoded "[{"longitude":-117.922008,"latitude":33.817595,"attractionName":"Disneyland","city":"Anaheim","stat (truncated)...
20:40:47.221 [reactor-http-nio-15] DEBUG reactor.netty.resources.PooledConnectionProvider - [id: 0x595f1e3f, L:/127.0.0.1:50343 - R:localhost/127.0.0.1:8082] onStateChange(PooledConnection{channel=[id: 0x595f1e3f, L:/127.0.0.1:50343 - R:localhost/127.0.0.1:8082]}, [connected])
20:40:47.221 [reactor-http-nio-16] DEBUG reactor.netty.resources.PooledConnectionProvider - [id: 0xa01a053c, L:/127.0.0.1:50244 - R:localhost/127.0.0.1:8081] onStateChange(GET{uri=/getAttractions, connection=PooledConnection{channel=[id: 0xa01a053c, L:/127.0.0.1:50244 - R:localhost/127.0.0.1:8081]}}, [disconnecting])
20:40:47.221 [reactor-http-nio-16] DEBUG reactor.netty.resources.PooledConnectionProvider - [id: 0xa01a053c, L:/127.0.0.1:50244 - R:localhost/127.0.0.1:8081] Releasing channel
20:40:47.222 [reactor-http-nio-15] DEBUG reactor.netty.resources.PooledConnectionProvider - [id: 0x595f1e3f, L:/127.0.0.1:50343 - R:localhost/127.0.0.1:8082] onStateChange(GET{uri=/, connection=PooledConnection{channel=[id: 0x595f1e3f, L:/127.0.0.1:50343 - R:localhost/127.0.0.1:8082]}}, [configured])
20:40:47.222 [reactor-http-nio-15] DEBUG reactor.netty.resources.PooledConnectionProvider - [id: 0xc9743b68, L:/127.0.0.1:50337 - R:localhost/127.0.0.1:8082] Registering pool release on close event for channel
20:40:47.222 [reactor-http-nio-15] DEBUG reactor.netty.http.client.HttpClientConnect - [id: 0xc9743b68, L:/127.0.0.1:50337 - R:localhost/127.0.0.1:8082] Handler is being applied: {uri=http://localhost:8082/getAttractionRewardPoints?attractionId=a77a37e6-2f5f-4fff-9d1e-65cd647e011a&userId=04227332-3bd6-438d-8f15-8cd3740d58cf, method=GET}
20:40:47.222 [pool-14-thread-45] DEBUG org.springframework.web.reactive.function.client.ExchangeFunctions - [56225082] HTTP GET http://localhost:8082/getAttractionRewardPoints?attractionId=da77180b-f838-4fe6-b6db-72304e2b67c9&userId=d6ab001b-8cef-45c0-9438-b5ec8bf6a712
20:40:47.221 [reactor-http-nio-10] DEBUG reactor.netty.channel.FluxReceive - [id: 0xeb8d3006, L:/127.0.0.1:50297 - R:localhost/127.0.0.1:8081] Subscribing inbound receiver [pending: 0, cancelled:false, inboundDone: false]
20:40:47.221 [reactor-http-nio-2] DEBUG reactor.netty.http.client.HttpClientOperations - [id: 0x3355f769, L:/127.0.0.1:50264 - R:localhost/127.0.0.1:8081] Received last HTTP packet
20:40:47.223 [pool-14-thread-37] DEBUG org.springframework.web.reactive.function.client.ExchangeFunctions - [12b61907] HTTP GET http://localhost:8082/getAttractionRewardPoints?attractionId=7d2ded19-52d2-4406-9421-7be3384d31d3&userId=9f86100a-dfdf-47bb-afb8-1e7ab1863fb5
20:40:47.221 [reactor-http-nio-12] DEBUG reactor.netty.http.client.HttpClientConnect - [id: 0xe5e5d890, L:/127.0.0.1:50313 - R:localhost/127.0.0.1:8082] Handler is being applied: {uri=http://localhost:8082/getAttractionRewardPoints?attractionId=c24a6714-cf43-4f65-a580-9aebb1895347&userId=f85b3121-c728-45cd-8299-1d8e7cb2fdec, method=GET}
20:40:47.221 [reactor-http-nio-13] DEBUG reactor.netty.resources.PooledConnectionProvider - [id: 0x8c8eb14c, L:/127.0.0.1:50328 - R:localhost/127.0.0.1:8082] Channel connected, now 16 active connections and 22 inactive connections
20:40:47.223 [reactor-http-nio-13] DEBUG reactor.netty.resources.PooledConnectionProvider - [id: 0x899ba90d, L:/127.0.0.1:50332 - R:localhost/127.0.0.1:8082] Registering pool release on close event for channel
20:40:47.221 [reactor-http-nio-11] DEBUG reactor.netty.resources.PooledConnectionProvider - [id: 0x1785ce4e, L:/127.0.0.1:50271 - R:localhost/127.0.0.1:8081] onStateChange(GET{uri=/getAttractions, connection=PooledConnection{channel=[id: 0x1785ce4e, L:/127.0.0.1:50271 - R:localhost/127.0.0.1:8081]}}, [response_received])
20:40:47.223 [reactor-http-nio-13] DEBUG reactor.netty.http.client.HttpClientConnect - [id: 0x899ba90d, L:/127.0.0.1:50332 - R:localhost/127.0.0.1:8082] Handler is being applied: {uri=http://localhost:8082/getAttractionRewardPoints?attractionId=4f42b56c-6571-4259-843c-72ccbfad7ac7&userId=2254b2c7-c080-41cb-9c01-d07ed6972134, method=GET}
20:40:47.223 [reactor-http-nio-2] DEBUG org.springframework.core.codec.StringDecoder - [115aea71] Decoded "[{"longitude":-117.922008,"latitude":33.817595,"attractionName":"Disneyland","city":"Anaheim","stat (truncated)...
20:40:47.223 [reactor-http-nio-11] DEBUG org.springframework.web.reactive.function.client.ExchangeFunctions - [6cf1ecae] Response 200 OK
20:40:47.223 [reactor-http-nio-2] DEBUG reactor.netty.resources.PooledConnectionProvider - [id: 0x3355f769, L:/127.0.0.1:50264 - R:localhost/127.0.0.1:8081] onStateChange(GET{uri=/getAttractions, connection=PooledConnection{channel=[id: 0x3355f769, L:/127.0.0.1:50264 - R:localhost/127.0.0.1:8081]}}, [disconnecting])
20:40:47.223 [reactor-http-nio-2] DEBUG reactor.netty.resources.PooledConnectionProvider - [id: 0x3355f769, L:/127.0.0.1:50264 - R:localhost/127.0.0.1:8081] Releasing channel
20:40:47.223 [reactor-http-nio-2] DEBUG reactor.netty.resources.PooledConnectionProvider - [id: 0x3355f769, L:/127.0.0.1:50264 - R:localhost/127.0.0.1:8081] Channel cleaned, now 21 active connections and 43 inactive connections
20:40:47.223 [reactor-http-nio-11] DEBUG reactor.netty.channel.FluxReceive - [id: 0x1785ce4e, L:/127.0.0.1:50271 - R:localhost/127.0.0.1:8081] Subscribing inbound receiver [pending: 0, cancelled:false, inboundDone: false]
20:40:47.223 [reactor-http-nio-12] DEBUG reactor.netty.resources.PooledConnectionProvider - [id: 0xe5e5d890, L:/127.0.0.1:50313 - R:localhost/127.0.0.1:8082] onStateChange(GET{uri=/getAttractionRewardPoints?attractionId=c24a6714-cf43-4f65-a580-9aebb1895347&userId=f85b3121-c728-45cd-8299-1d8e7cb2fdec, connection=PooledConnection{channel=[id: 0xe5e5d890, L:/127.0.0.1:50313 - R:localhost/127.0.0.1:8082]}}, [request_sent])
20:40:47.223 [reactor-http-nio-2] DEBUG reactor.netty.http.client.HttpClientOperations - [id: 0x25eb9b2e, L:/127.0.0.1:50247 - R:localhost/127.0.0.1:8081] Received response (auto-read:false) : [Content-Type=application/json, Transfer-Encoding=chunked, Date=Fri, 11 Jun 2021 15:10:46 GMT]
20:40:47.223 [reactor-http-nio-12] DEBUG reactor.netty.resources.PooledConnectionProvider - [id: 0xe5e5d890, L:/127.0.0.1:50313 - R:localhost/127.0.0.1:8082] Channel connected, now 18 active connections and 20 inactive connections
20:40:47.223 [reactor-http-nio-2] DEBUG reactor.netty.resources.PooledConnectionProvider - [id: 0x25eb9b2e, L:/127.0.0.1:50247 - R:localhost/127.0.0.1:8081] onStateChange(GET{uri=/getAttractions, connection=PooledConnection{channel=[id: 0x25eb9b2e, L:/127.0.0.1:50247 - R:localhost/127.0.0.1:8081]}}, [response_received])
20:40:47.223 [reactor-http-nio-11] DEBUG reactor.netty.http.client.HttpClientOperations - [id: 0x1785ce4e, L:/127.0.0.1:50271 - R:localhost/127.0.0.1:8081] Received last HTTP packet
20:40:47.223 [reactor-http-nio-2] DEBUG org.springframework.web.reactive.function.client.ExchangeFunctions - [2005a65a] Response 200 OK
20:40:47.224 [reactor-http-nio-13] DEBUG reactor.netty.resources.PooledConnectionProvider - [id: 0x899ba90d, L:/127.0.0.1:50332 - R:localhost/127.0.0.1:8082] onStateChange(GET{uri=/getAttractionRewardPoints?attractionId=4f42b56c-6571-4259-843c-72ccbfad7ac7&userId=2254b2c7-c080-41cb-9c01-d07ed6972134, connection=PooledConnection{channel=[id: 0x899ba90d, L:/127.0.0.1:50332 - R:localhost/127.0.0.1:8082]}}, [request_sent])
20:40:47.224 [reactor-http-nio-13] DEBUG reactor.netty.resources.PooledConnectionProvider - [id: 0x899ba90d, L:/127.0.0.1:50332 - R:localhost/127.0.0.1:8082] Channel connected, now 18 active connections and 20 inactive connections
20:40:47.224 [reactor-http-nio-2] DEBUG reactor.netty.channel.FluxReceive - [id: 0x25eb9b2e, L:/127.0.0.1:50247 - R:localhost/127.0.0.1:8081] Subscribing inbound receiver [pending: 0, cancelled:false, inboundDone: false]
20:40:47.224 [reactor-http-nio-13] DEBUG reactor.netty.resources.PooledConnectionProvider - [id: 0x62bbe86d] Created new pooled channel, now 18 active connections and 21 inactive connections
20:40:47.224 [reactor-http-nio-13] DEBUG reactor.netty.channel.BootstrapHandlers - [id: 0x62bbe86d] Initialized pipeline DefaultChannelPipeline{(BootstrapHandlers$BootstrapInitializerHandler#0 = reactor.netty.channel.BootstrapHandlers$BootstrapInitializerHandler), (SimpleChannelPool$1#0 = io.netty.channel.pool.SimpleChannelPool$1), (reactor.left.httpCodec = io.netty.handler.codec.http.HttpClientCodec), (reactor.left.decompressor = io.netty.handler.codec.http.HttpContentDecompressor), (reactor.right.reactiveBridge = reactor.netty.channel.ChannelOperationsHandler)}
20:40:47.224 [reactor-http-nio-11] DEBUG org.springframework.core.codec.StringDecoder - [6cf1ecae] Decoded "[{"longitude":-117.922008,"latitude":33.817595,"attractionName":"Disneyland","city":"Anaheim","stat (truncated)...
20:40:47.224 [pool-14-thread-47] DEBUG org.springframework.web.reactive.function.client.ExchangeFunctions - [1f9d062a] HTTP GET http://localhost:8082/getAttractionRewardPoints?attractionId=4d3244a1-080c-42ec-93df-a1ed8493de9d&userId=9b600d57-3481-4dad-8923-bb01caddea09
20:40:47.224 [reactor-http-nio-13] DEBUG reactor.netty.resources.PooledConnectionProvider - [id: 0x2abae015, L:/127.0.0.1:50338 - R:localhost/127.0.0.1:8082] Registering pool release on close event for channel
20:40:47.224 [reactor-http-nio-11] DEBUG reactor.netty.resources.PooledConnectionProvider - [id: 0x1785ce4e, L:/127.0.0.1:50271 - R:localhost/127.0.0.1:8081] onStateChange(GET{uri=/getAttractions, connection=PooledConnection{channel=[id: 0x1785ce4e, L:/127.0.0.1:50271 - R:localhost/127.0.0.1:8081]}}, [disconnecting])
20:40:47.224 [reactor-http-nio-11] DEBUG reactor.netty.resources.PooledConnectionProvider - [id: 0x1785ce4e, L:/127.0.0.1:50271 - R:localhost/127.0.0.1:8081] Releasing channel
20:40:47.224 [reactor-http-nio-13] DEBUG reactor.netty.http.client.HttpClientConnect - [id: 0x2abae015, L:/127.0.0.1:50338 - R:localhost/127.0.0.1:8082] Handler is being applied: {uri=http://localhost:8082/getAttractionRewardPoints?attractionId=14af51f9-8863-4dd1-919b-523414bde967&userId=cf9b980a-25fd-474b-a340-9b1383789b87, method=GET}
20:40:47.224 [reactor-http-nio-11] DEBUG reactor.netty.resources.PooledConnectionProvider - [id: 0x1785ce4e, L:/127.0.0.1:50271 - R:localhost/127.0.0.1:8081] Channel cleaned, now 20 active connections and 44 inactive connections
20:40:47.225 [reactor-http-nio-11] DEBUG reactor.netty.resources.PooledConnectionProvider - [id: 0x5f449e3e, L:/127.0.0.1:50344 - R:localhost/127.0.0.1:8082] onStateChange(PooledConnection{channel=[id: 0x5f449e3e, L:/127.0.0.1:50344 - R:localhost/127.0.0.1:8082]}, [connected])
20:40:47.225 [reactor-http-nio-11] DEBUG reactor.netty.resources.PooledConnectionProvider - [id: 0x5f449e3e, L:/127.0.0.1:50344 - R:localhost/127.0.0.1:8082] onStateChange(GET{uri=/, connection=PooledConnection{channel=[id: 0x5f449e3e, L:/127.0.0.1:50344 - R:localhost/127.0.0.1:8082]}}, [configured])
20:40:47.225 [reactor-http-nio-11] DEBUG reactor.netty.resources.PooledConnectionProvider - [id: 0x629470fd] Created new pooled channel, now 19 active connections and 21 inactive connections
20:40:47.225 [reactor-http-nio-13] DEBUG reactor.netty.resources.PooledConnectionProvider - [id: 0x2abae015, L:/127.0.0.1:50338 - R:localhost/127.0.0.1:8082] onStateChange(GET{uri=/getAttractionRewardPoints?attractionId=14af51f9-8863-4dd1-919b-523414bde967&userId=cf9b980a-25fd-474b-a340-9b1383789b87, connection=PooledConnection{channel=[id: 0x2abae015, L:/127.0.0.1:50338 - R:localhost/127.0.0.1:8082]}}, [request_sent])
20:40:47.225 [reactor-http-nio-11] DEBUG reactor.netty.channel.BootstrapHandlers - [id: 0x629470fd] Initialized pipeline DefaultChannelPipeline{(BootstrapHandlers$BootstrapInitializerHandler#0 = reactor.netty.channel.BootstrapHandlers$BootstrapInitializerHandler), (SimpleChannelPool$1#0 = io.netty.channel.pool.SimpleChannelPool$1), (reactor.left.httpCodec = io.netty.handler.codec.http.HttpClientCodec), (reactor.left.decompressor = io.netty.handler.codec.http.HttpContentDecompressor), (reactor.right.reactiveBridge = reactor.netty.channel.ChannelOperationsHandler)}
20:40:47.225 [reactor-http-nio-10] DEBUG reactor.netty.http.client.HttpClientOperations - [id: 0xeb8d3006, L:/127.0.0.1:50297 - R:localhost/127.0.0.1:8081] Received last HTTP packet
20:40:47.225 [pool-14-thread-46] DEBUG org.springframework.web.reactive.function.client.ExchangeFunctions - [62361f40] HTTP GET http://localhost:8082/getAttractionRewardPoints?attractionId=f3f9fb0a-cc7b-45a5-9704-db624ed9364e&userId=8f7f2033-9cb1-4d96-99bf-135845398c65
20:40:47.225 [reactor-http-nio-10] DEBUG org.springframework.core.codec.StringDecoder - [5f98453e] Decoded "[{"longitude":-117.922008,"latitude":33.817595,"attractionName":"Disneyland","city":"Anaheim","stat (truncated)...
20:40:47.225 [reactor-http-nio-10] DEBUG reactor.netty.resources.PooledConnectionProvider - [id: 0xeb8d3006, L:/127.0.0.1:50297 - R:localhost/127.0.0.1:8081] onStateChange(GET{uri=/getAttractions, connection=PooledConnection{channel=[id: 0xeb8d3006, L:/127.0.0.1:50297 - R:localhost/127.0.0.1:8081]}}, [disconnecting])
20:40:47.225 [reactor-http-nio-10] DEBUG reactor.netty.resources.PooledConnectionProvider - [id: 0xeb8d3006, L:/127.0.0.1:50297 - R:localhost/127.0.0.1:8081] Releasing channel
20:40:47.225 [reactor-http-nio-10] DEBUG reactor.netty.resources.PooledConnectionProvider - [id: 0xeb8d3006, L:/127.0.0.1:50297 - R:localhost/127.0.0.1:8081] Channel cleaned, now 19 active connections and 45 inactive connections
20:40:47.222 [reactor-http-nio-16] DEBUG reactor.netty.resources.PooledConnectionProvider - [id: 0xa01a053c, L:/127.0.0.1:50244 - R:localhost/127.0.0.1:8081] Channel cleaned, now 22 active connections and 42 inactive connections
20:40:47.222 [reactor-http-nio-14] DEBUG reactor.netty.resources.PooledConnectionProvider - [id: 0xe42ed116, L:/127.0.0.1:50253 - R:localhost/127.0.0.1:8081] onStateChange(GET{uri=/getAttractions, connection=PooledConnection{channel=[id: 0xe42ed116, L:/127.0.0.1:50253 - R:localhost/127.0.0.1:8081]}}, [request_sent])
20:40:47.222 [reactor-http-nio-15] DEBUG reactor.netty.resources.PooledConnectionProvider - [id: 0xc9743b68, L:/127.0.0.1:50337 - R:localhost/127.0.0.1:8082] onStateChange(GET{uri=/getAttractionRewardPoints?attractionId=a77a37e6-2f5f-4fff-9d1e-65cd647e011a&userId=04227332-3bd6-438d-8f15-8cd3740d58cf, connection=PooledConnection{channel=[id: 0xc9743b68, L:/127.0.0.1:50337 - R:localhost/127.0.0.1:8082]}}, [request_sent])
20:40:47.224 [reactor-http-nio-2] DEBUG reactor.netty.http.client.HttpClientOperations - [id: 0x25eb9b2e, L:/127.0.0.1:50247 - R:localhost/127.0.0.1:8081] Received last HTTP packet
20:40:47.225 [reactor-http-nio-13] DEBUG reactor.netty.resources.PooledConnectionProvider - [id: 0x2abae015, L:/127.0.0.1:50338 - R:localhost/127.0.0.1:8082] Channel connected, now 19 active connections and 21 inactive connections
20:40:47.226 [reactor-http-nio-16] DEBUG reactor.netty.resources.PooledConnectionProvider - [id: 0xd3736007, L:/127.0.0.1:50331 - R:localhost/127.0.0.1:8082] onStateChange(PooledConnection{channel=[id: 0xd3736007, L:/127.0.0.1:50331 - R:localhost/127.0.0.1:8082]}, [connected])
20:40:47.225 [reactor-http-nio-11] DEBUG reactor.netty.resources.PooledConnectionProvider - [id: 0x629470fd, L:/127.0.0.1:50348 - R:localhost/127.0.0.1:8082] onStateChange(PooledConnection{channel=[id: 0x629470fd, L:/127.0.0.1:50348 - R:localhost/127.0.0.1:8082]}, [connected])
20:40:47.226 [reactor-http-nio-16] DEBUG reactor.netty.resources.PooledConnectionProvider - [id: 0xd3736007, L:/127.0.0.1:50331 - R:localhost/127.0.0.1:8082] onStateChange(GET{uri=/, connection=PooledConnection{channel=[id: 0xd3736007, L:/127.0.0.1:50331 - R:localhost/127.0.0.1:8082]}}, [configured])
20:40:47.226 [reactor-http-nio-11] DEBUG reactor.netty.resources.PooledConnectionProvider - [id: 0x629470fd, L:/127.0.0.1:50348 - R:localhost/127.0.0.1:8082] onStateChange(GET{uri=/, connection=PooledConnection{channel=[id: 0x629470fd, L:/127.0.0.1:50348 - R:localhost/127.0.0.1:8082]}}, [configured])
20:40:47.226 [reactor-http-nio-12] DEBUG reactor.netty.http.client.HttpClientOperations - [id: 0x83103ed5, L:/127.0.0.1:50287 - R:localhost/127.0.0.1:8081] Received response (auto-read:false) : [Content-Type=application/json, Transfer-Encoding=chunked, Date=Fri, 11 Jun 2021 15:10:46 GMT]
20:40:47.226 [reactor-http-nio-12] DEBUG reactor.netty.resources.PooledConnectionProvider - [id: 0x83103ed5, L:/127.0.0.1:50287 - R:localhost/127.0.0.1:8081] onStateChange(GET{uri=/getAttractions, connection=PooledConnection{channel=[id: 0x83103ed5, L:/127.0.0.1:50287 - R:localhost/127.0.0.1:8081]}}, [response_received])
20:40:47.226 [reactor-http-nio-2] DEBUG org.springframework.core.codec.StringDecoder - [2005a65a] Decoded "[{"longitude":-117.922008,"latitude":33.817595,"attractionName":"Disneyland","city":"Anaheim","stat (truncated)...
20:40:47.226 [reactor-http-nio-2] DEBUG reactor.netty.resources.PooledConnectionProvider - [id: 0x25eb9b2e, L:/127.0.0.1:50247 - R:localhost/127.0.0.1:8081] onStateChange(GET{uri=/getAttractions, connection=PooledConnection{channel=[id: 0x25eb9b2e, L:/127.0.0.1:50247 - R:localhost/127.0.0.1:8081]}}, [disconnecting])
20:40:47.226 [reactor-http-nio-2] DEBUG reactor.netty.resources.PooledConnectionProvider - [id: 0x25eb9b2e, L:/127.0.0.1:50247 - R:localhost/127.0.0.1:8081] Releasing channel
20:40:47.226 [reactor-http-nio-2] DEBUG reactor.netty.resources.PooledConnectionProvider - [id: 0x25eb9b2e, L:/127.0.0.1:50247 - R:localhost/127.0.0.1:8081] Channel cleaned, now 18 active connections and 46 inactive connections
20:40:47.226 [reactor-http-nio-16] DEBUG reactor.netty.http.client.HttpClientOperations - [id: 0x0ffc5b2c, L:/127.0.0.1:50250 - R:localhost/127.0.0.1:8081] Received response (auto-read:false) : [Content-Type=application/json, Transfer-Encoding=chunked, Date=Fri, 11 Jun 2021 15:10:46 GMT]
20:40:47.226 [reactor-http-nio-16] DEBUG reactor.netty.resources.PooledConnectionProvider - [id: 0x0ffc5b2c, L:/127.0.0.1:50250 - R:localhost/127.0.0.1:8081] onStateChange(GET{uri=/getAttractions, connection=PooledConnection{channel=[id: 0x0ffc5b2c, L:/127.0.0.1:50250 - R:localhost/127.0.0.1:8081]}}, [response_received])
20:40:47.226 [reactor-http-nio-10] DEBUG reactor.netty.http.client.HttpClientOperations - [id: 0xb124e91d, L:/127.0.0.1:50277 - R:localhost/127.0.0.1:8081] Received response (auto-read:false) : [Content-Type=application/json, Transfer-Encoding=chunked, Date=Fri, 11 Jun 2021 15:10:46 GMT]
20:40:47.226 [reactor-http-nio-14] DEBUG reactor.netty.resources.PooledConnectionProvider - [id: 0x66aa18dc, L:/127.0.0.1:50320 - R:localhost/127.0.0.1:8082] Registering pool release on close event for channel
20:40:47.226 [reactor-http-nio-15] DEBUG reactor.netty.resources.PooledConnectionProvider - [id: 0xc9743b68, L:/127.0.0.1:50337 - R:localhost/127.0.0.1:8082] Channel connected, now 20 active connections and 20 inactive connections
20:40:47.226 [reactor-http-nio-14] DEBUG reactor.netty.http.client.HttpClientConnect - [id: 0x66aa18dc, L:/127.0.0.1:50320 - R:localhost/127.0.0.1:8082] Handler is being applied: {uri=http://localhost:8082/getAttractionRewardPoints?attractionId=68583355-6c8e-4b04-8735-617c8f54d06e&userId=01a2e5f0-445b-4f37-9c07-8252ea818904, method=GET}
20:40:47.226 [reactor-http-nio-13] DEBUG reactor.netty.resources.PooledConnectionProvider - [id: 0x4e1a51ff, L:/127.0.0.1:50342 - R:localhost/127.0.0.1:8082] Registering pool release on close event for channel
20:40:47.226 [reactor-http-nio-12] DEBUG org.springframework.web.reactive.function.client.ExchangeFunctions - [71c405d5] Response 200 OK
20:40:47.226 [reactor-http-nio-10] DEBUG reactor.netty.resources.PooledConnectionProvider - [id: 0xb124e91d, L:/127.0.0.1:50277 - R:localhost/127.0.0.1:8081] onStateChange(GET{uri=/getUserLocation?userId=23fbd6bf-60c3-451f-a9df-607efaa168ce, connection=PooledConnection{channel=[id: 0xb124e91d, L:/127.0.0.1:50277 - R:localhost/127.0.0.1:8081]}}, [response_received])
20:40:47.226 [reactor-http-nio-16] DEBUG org.springframework.web.reactive.function.client.ExchangeFunctions - [2657a822] Response 200 OK
20:40:47.227 [reactor-http-nio-10] DEBUG org.springframework.web.reactive.function.client.ExchangeFunctions - [59cdb788] Response 200 OK
20:40:47.227 [reactor-http-nio-12] DEBUG reactor.netty.channel.FluxReceive - [id: 0x83103ed5, L:/127.0.0.1:50287 - R:localhost/127.0.0.1:8081] Subscribing inbound receiver [pending: 0, cancelled:false, inboundDone: false]
20:40:47.227 [reactor-http-nio-16] DEBUG reactor.netty.channel.FluxReceive - [id: 0x0ffc5b2c, L:/127.0.0.1:50250 - R:localhost/127.0.0.1:8081] Subscribing inbound receiver [pending: 0, cancelled:false, inboundDone: false]
20:40:47.226 [reactor-http-nio-2] DEBUG reactor.netty.resources.PooledConnectionProvider - [id: 0x6b095c1c, L:/127.0.0.1:50340 - R:localhost/127.0.0.1:8082] onStateChange(PooledConnection{channel=[id: 0x6b095c1c, L:/127.0.0.1:50340 - R:localhost/127.0.0.1:8082]}, [connected])
20:40:47.226 [pool-14-thread-40] DEBUG org.springframework.web.reactive.function.client.ExchangeFunctions - [515fb0bd] HTTP GET http://localhost:8082/getAttractionRewardPoints?attractionId=53149052-766e-478d-a3c1-6fbefa334836&userId=3f0b630b-b61c-444c-8dea-5164ce938426
20:40:47.227 [reactor-http-nio-2] DEBUG reactor.netty.resources.PooledConnectionProvider - [id: 0x6b095c1c, L:/127.0.0.1:50340 - R:localhost/127.0.0.1:8082] onStateChange(GET{uri=/, connection=PooledConnection{channel=[id: 0x6b095c1c, L:/127.0.0.1:50340 - R:localhost/127.0.0.1:8082]}}, [configured])
20:40:47.226 [reactor-http-nio-15] DEBUG reactor.netty.resources.PooledConnectionProvider - [id: 0xd2be4d43] Created new pooled channel, now 21 active connections and 20 inactive connections
20:40:47.227 [reactor-http-nio-13] DEBUG reactor.netty.http.client.HttpClientConnect - [id: 0x4e1a51ff, L:/127.0.0.1:50342 - R:localhost/127.0.0.1:8082] Handler is being applied: {uri=http://localhost:8082/getAttractionRewardPoints?attractionId=b7245a16-81b3-4664-b44f-e895e12dcefb&userId=a3fe70bb-16ed-46f8-b7a9-1d75161c1905, method=GET}
20:40:47.227 [pool-14-thread-64] DEBUG org.springframework.web.reactive.function.client.ExchangeFunctions - [2ec25c2a] HTTP GET http://localhost:8082/getAttractionRewardPoints?attractionId=6cbaef2a-86fb-4f5a-ad2d-ff6510c24666&userId=2e608f53-19c9-47ce-bf3e-c20da197b5ce
20:40:47.227 [reactor-http-nio-15] DEBUG reactor.netty.channel.BootstrapHandlers - [id: 0xd2be4d43] Initialized pipeline DefaultChannelPipeline{(BootstrapHandlers$BootstrapInitializerHandler#0 = reactor.netty.channel.BootstrapHandlers$BootstrapInitializerHandler), (SimpleChannelPool$1#0 = io.netty.channel.pool.SimpleChannelPool$1), (reactor.left.httpCodec = io.netty.handler.codec.http.HttpClientCodec), (reactor.left.decompressor = io.netty.handler.codec.http.HttpContentDecompressor), (reactor.right.reactiveBridge = reactor.netty.channel.ChannelOperationsHandler)}
20:40:47.227 [reactor-http-nio-2] DEBUG reactor.netty.resources.PooledConnectionProvider - [id: 0x0a357186, L:/127.0.0.1:50341 - R:localhost/127.0.0.1:8082] onStateChange(PooledConnection{channel=[id: 0x0a357186, L:/127.0.0.1:50341 - R:localhost/127.0.0.1:8082]}, [connected])
20:40:47.227 [reactor-http-nio-2] DEBUG reactor.netty.resources.PooledConnectionProvider - [id: 0x0a357186, L:/127.0.0.1:50341 - R:localhost/127.0.0.1:8082] onStateChange(GET{uri=/, connection=PooledConnection{channel=[id: 0x0a357186, L:/127.0.0.1:50341 - R:localhost/127.0.0.1:8082]}}, [configured])
20:40:47.228 [reactor-http-nio-15] DEBUG reactor.netty.resources.PooledConnectionProvider - [id: 0xd2be4d43, L:/127.0.0.1:50349 - R:localhost/127.0.0.1:8082] onStateChange(PooledConnection{channel=[id: 0xd2be4d43, L:/127.0.0.1:50349 - R:localhost/127.0.0.1:8082]}, [connected])
20:40:47.228 [reactor-http-nio-2] DEBUG reactor.netty.resources.PooledConnectionProvider - [id: 0x99fd8159] Created new pooled channel, now 21 active connections and 21 inactive connections
20:40:47.228 [reactor-http-nio-2] DEBUG reactor.netty.channel.BootstrapHandlers - [id: 0x99fd8159] Initialized pipeline DefaultChannelPipeline{(BootstrapHandlers$BootstrapInitializerHandler#0 = reactor.netty.channel.BootstrapHandlers$BootstrapInitializerHandler), (SimpleChannelPool$1#0 = io.netty.channel.pool.SimpleChannelPool$1), (reactor.left.httpCodec = io.netty.handler.codec.http.HttpClientCodec), (reactor.left.decompressor = io.netty.handler.codec.http.HttpContentDecompressor), (reactor.right.reactiveBridge = reactor.netty.channel.ChannelOperationsHandler)}
20:40:47.228 [reactor-http-nio-2] DEBUG reactor.netty.resources.PooledConnectionProvider - [id: 0x875fe514, L:/127.0.0.1:50322 - R:localhost/127.0.0.1:8082] Registering pool release on close event for channel
20:40:47.228 [reactor-http-nio-2] DEBUG reactor.netty.http.client.HttpClientConnect - [id: 0x875fe514, L:/127.0.0.1:50322 - R:localhost/127.0.0.1:8082] Handler is being applied: {uri=http://localhost:8082/getAttractionRewardPoints?attractionId=29fae92d-95fd-4148-bade-4ebec623c90a&userId=c6122490-b36d-45f6-a904-5a942663205e, method=GET}
20:40:47.228 [reactor-http-nio-12] DEBUG reactor.netty.http.client.HttpClientOperations - [id: 0x83103ed5, L:/127.0.0.1:50287 - R:localhost/127.0.0.1:8081] Received last HTTP packet
20:40:47.228 [reactor-http-nio-16] DEBUG reactor.netty.http.client.HttpClientOperations - [id: 0x0ffc5b2c, L:/127.0.0.1:50250 - R:localhost/127.0.0.1:8081] Received last HTTP packet
20:40:47.228 [reactor-http-nio-13] DEBUG reactor.netty.resources.PooledConnectionProvider - [id: 0x4e1a51ff, L:/127.0.0.1:50342 - R:localhost/127.0.0.1:8082] onStateChange(GET{uri=/getAttractionRewardPoints?attractionId=b7245a16-81b3-4664-b44f-e895e12dcefb&userId=a3fe70bb-16ed-46f8-b7a9-1d75161c1905, connection=PooledConnection{channel=[id: 0x4e1a51ff, L:/127.0.0.1:50342 - R:localhost/127.0.0.1:8082]}}, [request_sent])
20:40:47.228 [reactor-http-nio-13] DEBUG reactor.netty.resources.PooledConnectionProvider - [id: 0x4e1a51ff, L:/127.0.0.1:50342 - R:localhost/127.0.0.1:8082] Channel connected, now 22 active connections and 20 inactive connections
20:40:47.228 [reactor-http-nio-12] DEBUG org.springframework.core.codec.StringDecoder - [71c405d5] Decoded "[{"longitude":-117.922008,"latitude":33.817595,"attractionName":"Disneyland","city":"Anaheim","stat (truncated)...
20:40:47.229 [reactor-http-nio-12] DEBUG reactor.netty.resources.PooledConnectionProvider - [id: 0x83103ed5, L:/127.0.0.1:50287 - R:localhost/127.0.0.1:8081] onStateChange(GET{uri=/getAttractions, connection=PooledConnection{channel=[id: 0x83103ed5, L:/127.0.0.1:50287 - R:localhost/127.0.0.1:8081]}}, [disconnecting])
20:40:47.229 [reactor-http-nio-12] DEBUG reactor.netty.resources.PooledConnectionProvider - [id: 0x83103ed5, L:/127.0.0.1:50287 - R:localhost/127.0.0.1:8081] Releasing channel
20:40:47.229 [reactor-http-nio-2] DEBUG reactor.netty.resources.PooledConnectionProvider - [id: 0x875fe514, L:/127.0.0.1:50322 - R:localhost/127.0.0.1:8082] onStateChange(GET{uri=/getAttractionRewardPoints?attractionId=29fae92d-95fd-4148-bade-4ebec623c90a&userId=c6122490-b36d-45f6-a904-5a942663205e, connection=PooledConnection{channel=[id: 0x875fe514, L:/127.0.0.1:50322 - R:localhost/127.0.0.1:8082]}}, [request_sent])
20:40:47.229 [reactor-http-nio-12] DEBUG reactor.netty.resources.PooledConnectionProvider - [id: 0x83103ed5, L:/127.0.0.1:50287 - R:localhost/127.0.0.1:8081] Channel cleaned, now 17 active connections and 47 inactive connections
20:40:47.229 [reactor-http-nio-2] DEBUG reactor.netty.resources.PooledConnectionProvider - [id: 0x875fe514, L:/127.0.0.1:50322 - R:localhost/127.0.0.1:8082] Channel connected, now 22 active connections and 21 inactive connections
20:40:47.229 [reactor-http-nio-2] DEBUG reactor.netty.resources.PooledConnectionProvider - [id: 0xc26b7a12, L:/127.0.0.1:50323 - R:localhost/127.0.0.1:8082] Registering pool release on close event for channel
20:40:47.227 [reactor-http-nio-10] DEBUG reactor.netty.channel.FluxReceive - [id: 0xb124e91d, L:/127.0.0.1:50277 - R:localhost/127.0.0.1:8081] Subscribing inbound receiver [pending: 0, cancelled:false, inboundDone: false]
20:40:47.229 [reactor-http-nio-2] DEBUG reactor.netty.http.client.HttpClientConnect - [id: 0xc26b7a12, L:/127.0.0.1:50323 - R:localhost/127.0.0.1:8082] Handler is being applied: {uri=http://localhost:8082/getAttractionRewardPoints?attractionId=ef2dbc1a-19a8-41c7-88f7-a909aeda59f5&userId=1ccf1930-b326-4af5-a5a9-dedeaf059389, method=GET}
20:40:47.229 [reactor-http-nio-12] DEBUG reactor.netty.resources.PooledConnectionProvider - [id: 0x0010b985, L:/127.0.0.1:50346 - R:localhost/127.0.0.1:8082] onStateChange(PooledConnection{channel=[id: 0x0010b985, L:/127.0.0.1:50346 - R:localhost/127.0.0.1:8082]}, [connected])
20:40:47.227 [reactor-http-nio-14] DEBUG reactor.netty.resources.PooledConnectionProvider - [id: 0x66aa18dc, L:/127.0.0.1:50320 - R:localhost/127.0.0.1:8082] onStateChange(GET{uri=/getAttractionRewardPoints?attractionId=68583355-6c8e-4b04-8735-617c8f54d06e&userId=01a2e5f0-445b-4f37-9c07-8252ea818904, connection=PooledConnection{channel=[id: 0x66aa18dc, L:/127.0.0.1:50320 - R:localhost/127.0.0.1:8082]}}, [request_sent])
20:40:47.228 [reactor-http-nio-15] DEBUG reactor.netty.resources.PooledConnectionProvider - [id: 0xd2be4d43, L:/127.0.0.1:50349 - R:localhost/127.0.0.1:8082] onStateChange(GET{uri=/, connection=PooledConnection{channel=[id: 0xd2be4d43, L:/127.0.0.1:50349 - R:localhost/127.0.0.1:8082]}}, [configured])
20:40:47.229 [reactor-http-nio-14] DEBUG reactor.netty.resources.PooledConnectionProvider - [id: 0x66aa18dc, L:/127.0.0.1:50320 - R:localhost/127.0.0.1:8082] Channel connected, now 23 active connections and 20 inactive connections
20:40:47.229 [reactor-http-nio-15] DEBUG reactor.netty.resources.PooledConnectionProvider - [id: 0x595f1e3f, L:/127.0.0.1:50343 - R:localhost/127.0.0.1:8082] Registering pool release on close event for channel
20:40:47.229 [reactor-http-nio-15] DEBUG reactor.netty.http.client.HttpClientConnect - [id: 0x595f1e3f, L:/127.0.0.1:50343 - R:localhost/127.0.0.1:8082] Handler is being applied: {uri=http://localhost:8082/getAttractionRewardPoints?attractionId=b002c5b7-b2d2-4169-bf3a-d1d9fcf66093&userId=a63081f7-fbf6-40e5-82a1-07cbe9308f5b, method=GET}
20:40:47.228 [reactor-http-nio-13] DEBUG reactor.netty.resources.PooledConnectionProvider - [id: 0xc40c2d76] Created new pooled channel, now 22 active connections and 21 inactive connections
20:40:47.230 [reactor-http-nio-13] DEBUG reactor.netty.channel.BootstrapHandlers - [id: 0xc40c2d76] Initialized pipeline DefaultChannelPipeline{(BootstrapHandlers$BootstrapInitializerHandler#0 = reactor.netty.channel.BootstrapHandlers$BootstrapInitializerHandler), (SimpleChannelPool$1#0 = io.netty.channel.pool.SimpleChannelPool$1), (reactor.left.httpCodec = io.netty.handler.codec.http.HttpClientCodec), (reactor.left.decompressor = io.netty.handler.codec.http.HttpContentDecompressor), (reactor.right.reactiveBridge = reactor.netty.channel.ChannelOperationsHandler)}
20:40:47.230 [pool-14-thread-36] DEBUG org.springframework.web.reactive.function.client.ExchangeFunctions - [7f03f59d] HTTP GET http://localhost:8082/getAttractionRewardPoints?attractionId=afeb09da-a3ef-4de3-8472-a00352d9d99d&userId=abb0ae95-5e02-480f-b331-fceae46ba2da
20:40:47.230 [reactor-http-nio-13] DEBUG reactor.netty.resources.PooledConnectionProvider - [id: 0x62bbe86d, L:/127.0.0.1:50345 - R:localhost/127.0.0.1:8082] onStateChange(PooledConnection{channel=[id: 0x62bbe86d, L:/127.0.0.1:50345 - R:localhost/127.0.0.1:8082]}, [connected])
20:40:47.230 [reactor-http-nio-13] DEBUG reactor.netty.resources.PooledConnectionProvider - [id: 0x62bbe86d, L:/127.0.0.1:50345 - R:localhost/127.0.0.1:8082] onStateChange(GET{uri=/, connection=PooledConnection{channel=[id: 0x62bbe86d, L:/127.0.0.1:50345 - R:localhost/127.0.0.1:8082]}}, [configured])
20:40:47.230 [reactor-http-nio-15] DEBUG reactor.netty.resources.PooledConnectionProvider - [id: 0x595f1e3f, L:/127.0.0.1:50343 - R:localhost/127.0.0.1:8082] onStateChange(GET{uri=/getAttractionRewardPoints?attractionId=b002c5b7-b2d2-4169-bf3a-d1d9fcf66093&userId=a63081f7-fbf6-40e5-82a1-07cbe9308f5b, connection=PooledConnection{channel=[id: 0x595f1e3f, L:/127.0.0.1:50343 - R:localhost/127.0.0.1:8082]}}, [request_sent])
20:40:47.230 [reactor-http-nio-15] DEBUG reactor.netty.resources.PooledConnectionProvider - [id: 0x595f1e3f, L:/127.0.0.1:50343 - R:localhost/127.0.0.1:8082] Channel connected, now 24 active connections and 19 inactive connections
20:40:47.230 [reactor-http-nio-11] DEBUG reactor.netty.resources.PooledConnectionProvider - [id: 0xbfea545a] Created new pooled channel, now 24 active connections and 20 inactive connections
20:40:47.230 [reactor-http-nio-13] DEBUG reactor.netty.resources.PooledConnectionProvider - [id: 0xc40c2d76, L:/127.0.0.1:50350 - R:localhost/127.0.0.1:8082] onStateChange(PooledConnection{channel=[id: 0xc40c2d76, L:/127.0.0.1:50350 - R:localhost/127.0.0.1:8082]}, [connected])
20:40:47.231 [reactor-http-nio-13] DEBUG reactor.netty.resources.PooledConnectionProvider - [id: 0xc40c2d76, L:/127.0.0.1:50350 - R:localhost/127.0.0.1:8082] onStateChange(GET{uri=/, connection=PooledConnection{channel=[id: 0xc40c2d76, L:/127.0.0.1:50350 - R:localhost/127.0.0.1:8082]}}, [configured])
20:40:47.231 [reactor-http-nio-14] DEBUG reactor.netty.http.client.HttpClientOperations - [id: 0xebe13634, L:/127.0.0.1:50273 - R:localhost/127.0.0.1:8081] Received response (auto-read:false) : [Content-Type=application/json, Transfer-Encoding=chunked, Date=Fri, 11 Jun 2021 15:10:46 GMT]
20:40:47.229 [reactor-http-nio-16] DEBUG org.springframework.core.codec.StringDecoder - [2657a822] Decoded "[{"longitude":-117.922008,"latitude":33.817595,"attractionName":"Disneyland","city":"Anaheim","stat (truncated)...
20:40:47.229 [reactor-http-nio-10] DEBUG reactor.netty.http.client.HttpClientOperations - [id: 0xb124e91d, L:/127.0.0.1:50277 - R:localhost/127.0.0.1:8081] Received last HTTP packet
20:40:47.231 [reactor-http-nio-16] DEBUG reactor.netty.resources.PooledConnectionProvider - [id: 0x0ffc5b2c, L:/127.0.0.1:50250 - R:localhost/127.0.0.1:8081] onStateChange(GET{uri=/getAttractions, connection=PooledConnection{channel=[id: 0x0ffc5b2c, L:/127.0.0.1:50250 - R:localhost/127.0.0.1:8081]}}, [disconnecting])
20:40:47.229 [reactor-http-nio-12] DEBUG reactor.netty.resources.PooledConnectionProvider - [id: 0x0010b985, L:/127.0.0.1:50346 - R:localhost/127.0.0.1:8082] onStateChange(GET{uri=/, connection=PooledConnection{channel=[id: 0x0010b985, L:/127.0.0.1:50346 - R:localhost/127.0.0.1:8082]}}, [configured])
20:40:47.229 [reactor-http-nio-2] DEBUG reactor.netty.resources.PooledConnectionProvider - [id: 0xc26b7a12, L:/127.0.0.1:50323 - R:localhost/127.0.0.1:8082] onStateChange(GET{uri=/getAttractionRewardPoints?attractionId=ef2dbc1a-19a8-41c7-88f7-a909aeda59f5&userId=1ccf1930-b326-4af5-a5a9-dedeaf059389, connection=PooledConnection{channel=[id: 0xc26b7a12, L:/127.0.0.1:50323 - R:localhost/127.0.0.1:8082]}}, [request_sent])
20:40:47.230 [reactor-http-nio-15] DEBUG reactor.netty.resources.PooledConnectionProvider - [id: 0xd2be4d43, L:/127.0.0.1:50349 - R:localhost/127.0.0.1:8082] Registering pool release on close event for channel
20:40:47.231 [reactor-http-nio-2] DEBUG reactor.netty.resources.PooledConnectionProvider - [id: 0xc26b7a12, L:/127.0.0.1:50323 - R:localhost/127.0.0.1:8082] Channel connected, now 25 active connections and 19 inactive connections
20:40:47.231 [reactor-http-nio-2] DEBUG reactor.netty.resources.PooledConnectionProvider - [id: 0xd63fc309, L:/127.0.0.1:50336 - R:localhost/127.0.0.1:8082] Registering pool release on close event for channel
20:40:47.231 [reactor-http-nio-12] DEBUG reactor.netty.resources.PooledConnectionProvider - [id: 0x6f2c8b9e, L:/127.0.0.1:50347 - R:localhost/127.0.0.1:8082] onStateChange(PooledConnection{channel=[id: 0x6f2c8b9e, L:/127.0.0.1:50347 - R:localhost/127.0.0.1:8082]}, [connected])
20:40:47.231 [reactor-http-nio-2] DEBUG reactor.netty.http.client.HttpClientConnect - [id: 0xd63fc309, L:/127.0.0.1:50336 - R:localhost/127.0.0.1:8082] Handler is being applied: {uri=http://localhost:8082/getAttractionRewardPoints?attractionId=382938d7-2c2e-456a-a4c2-37b0a83adfd9&userId=a051adc8-05d1-4063-8fb5-a6c541f5ca80, method=GET}
20:40:47.231 [reactor-http-nio-12] DEBUG reactor.netty.resources.PooledConnectionProvider - [id: 0x6f2c8b9e, L:/127.0.0.1:50347 - R:localhost/127.0.0.1:8082] onStateChange(GET{uri=/, connection=PooledConnection{channel=[id: 0x6f2c8b9e, L:/127.0.0.1:50347 - R:localhost/127.0.0.1:8082]}}, [configured])
20:40:47.231 [reactor-http-nio-12] DEBUG reactor.netty.resources.PooledConnectionProvider - [id: 0x3e41c192, L:/127.0.0.1:50266 - R:localhost/127.0.0.1:8081] Channel acquired, now 18 active connections and 46 inactive connections
20:40:47.231 [reactor-http-nio-11] DEBUG reactor.netty.channel.BootstrapHandlers - [id: 0xbfea545a] Initialized pipeline DefaultChannelPipeline{(BootstrapHandlers$BootstrapInitializerHandler#0 = reactor.netty.channel.BootstrapHandlers$BootstrapInitializerHandler), (SimpleChannelPool$1#0 = io.netty.channel.pool.SimpleChannelPool$1), (reactor.left.httpCodec = io.netty.handler.codec.http.HttpClientCodec), (reactor.left.decompressor = io.netty.handler.codec.http.HttpContentDecompressor), (reactor.right.reactiveBridge = reactor.netty.channel.ChannelOperationsHandler)}
20:40:47.231 [reactor-http-nio-2] DEBUG reactor.netty.resources.PooledConnectionProvider - [id: 0xd63fc309, L:/127.0.0.1:50336 - R:localhost/127.0.0.1:8082] onStateChange(GET{uri=/getAttractionRewardPoints?attractionId=382938d7-2c2e-456a-a4c2-37b0a83adfd9&userId=a051adc8-05d1-4063-8fb5-a6c541f5ca80, connection=PooledConnection{channel=[id: 0xd63fc309, L:/127.0.0.1:50336 - R:localhost/127.0.0.1:8082]}}, [request_sent])
20:40:47.232 [reactor-http-nio-2] DEBUG reactor.netty.resources.PooledConnectionProvider - [id: 0xd63fc309, L:/127.0.0.1:50336 - R:localhost/127.0.0.1:8082] Channel connected, now 26 active connections and 18 inactive connections
20:40:47.232 [reactor-http-nio-2] DEBUG reactor.netty.resources.PooledConnectionProvider - [id: 0xa9c7a5f4] Created new pooled channel, now 26 active connections and 19 inactive connections
20:40:47.232 [reactor-http-nio-11] DEBUG reactor.netty.resources.PooledConnectionProvider - [id: 0xbfea545a, L:/127.0.0.1:50351 - R:localhost/127.0.0.1:8082] onStateChange(PooledConnection{channel=[id: 0xbfea545a, L:/127.0.0.1:50351 - R:localhost/127.0.0.1:8082]}, [connected])
20:40:47.231 [reactor-http-nio-14] DEBUG reactor.netty.resources.PooledConnectionProvider - [id: 0xebe13634, L:/127.0.0.1:50273 - R:localhost/127.0.0.1:8081] onStateChange(GET{uri=/getAttractions, connection=PooledConnection{channel=[id: 0xebe13634, L:/127.0.0.1:50273 - R:localhost/127.0.0.1:8081]}}, [response_received])
20:40:47.231 [reactor-http-nio-16] DEBUG reactor.netty.resources.PooledConnectionProvider - [id: 0x0ffc5b2c, L:/127.0.0.1:50250 - R:localhost/127.0.0.1:8081] Releasing channel
20:40:47.231 [reactor-http-nio-15] DEBUG reactor.netty.http.client.HttpClientConnect - [id: 0xd2be4d43, L:/127.0.0.1:50349 - R:localhost/127.0.0.1:8082] Handler is being applied: {uri=http://localhost:8082/getAttractionRewardPoints?attractionId=da77180b-f838-4fe6-b6db-72304e2b67c9&userId=d6ab001b-8cef-45c0-9438-b5ec8bf6a712, method=GET}
20:40:47.232 [reactor-http-nio-16] DEBUG reactor.netty.resources.PooledConnectionProvider - [id: 0x0ffc5b2c, L:/127.0.0.1:50250 - R:localhost/127.0.0.1:8081] Channel cleaned, now 17 active connections and 47 inactive connections
20:40:47.231 [reactor-http-nio-10] DEBUG org.springframework.core.codec.StringDecoder - [59cdb788] Decoded "{"userId":"23fbd6bf-60c3-451f-a9df-607efaa168ce","location":{"longitude":14.430059,"latitude":69.20 (truncated)...
20:40:47.232 [reactor-http-nio-10] DEBUG reactor.netty.resources.PooledConnectionProvider - [id: 0xb124e91d, L:/127.0.0.1:50277 - R:localhost/127.0.0.1:8081] onStateChange(GET{uri=/getUserLocation?userId=23fbd6bf-60c3-451f-a9df-607efaa168ce, connection=PooledConnection{channel=[id: 0xb124e91d, L:/127.0.0.1:50277 - R:localhost/127.0.0.1:8081]}}, [disconnecting])
20:40:47.232 [reactor-http-nio-10] DEBUG reactor.netty.resources.PooledConnectionProvider - [id: 0xb124e91d, L:/127.0.0.1:50277 - R:localhost/127.0.0.1:8081] Releasing channel
20:40:47.232 [reactor-http-nio-10] DEBUG reactor.netty.resources.PooledConnectionProvider - [id: 0xb124e91d, L:/127.0.0.1:50277 - R:localhost/127.0.0.1:8081] Channel cleaned, now 16 active connections and 48 inactive connections
20:40:47.232 [reactor-http-nio-16] DEBUG reactor.netty.http.client.HttpClientOperations - [id: 0xe937ed28, L:/127.0.0.1:50293 - R:localhost/127.0.0.1:8081] Received response (auto-read:false) : [Content-Type=application/json, Transfer-Encoding=chunked, Date=Fri, 11 Jun 2021 15:10:46 GMT]
20:40:47.232 [reactor-http-nio-16] DEBUG reactor.netty.resources.PooledConnectionProvider - [id: 0xe937ed28, L:/127.0.0.1:50293 - R:localhost/127.0.0.1:8081] onStateChange(GET{uri=/getAttractions, connection=PooledConnection{channel=[id: 0xe937ed28, L:/127.0.0.1:50293 - R:localhost/127.0.0.1:8081]}}, [response_received])
20:40:47.232 [reactor-http-nio-10] DEBUG reactor.netty.resources.PooledConnectionProvider - [id: 0x5a8b58bb, L:/127.0.0.1:50316 - R:localhost/127.0.0.1:8082] onStateChange(PooledConnection{channel=[id: 0x5a8b58bb, L:/127.0.0.1:50316 - R:localhost/127.0.0.1:8082]}, [connected])
20:40:47.232 [reactor-http-nio-10] DEBUG reactor.netty.resources.PooledConnectionProvider - [id: 0x5a8b58bb, L:/127.0.0.1:50316 - R:localhost/127.0.0.1:8082] onStateChange(GET{uri=/, connection=PooledConnection{channel=[id: 0x5a8b58bb, L:/127.0.0.1:50316 - R:localhost/127.0.0.1:8082]}}, [configured])
20:40:47.233 [reactor-http-nio-15] DEBUG reactor.netty.resources.PooledConnectionProvider - [id: 0xd2be4d43, L:/127.0.0.1:50349 - R:localhost/127.0.0.1:8082] onStateChange(GET{uri=/getAttractionRewardPoints?attractionId=da77180b-f838-4fe6-b6db-72304e2b67c9&userId=d6ab001b-8cef-45c0-9438-b5ec8bf6a712, connection=PooledConnection{channel=[id: 0xd2be4d43, L:/127.0.0.1:50349 - R:localhost/127.0.0.1:8082]}}, [request_sent])
20:40:47.233 [reactor-http-nio-15] DEBUG reactor.netty.resources.PooledConnectionProvider - [id: 0xd2be4d43, L:/127.0.0.1:50349 - R:localhost/127.0.0.1:8082] Channel connected, now 26 active connections and 19 inactive connections
20:40:47.231 [reactor-http-nio-12] DEBUG reactor.netty.http.client.HttpClientConnect - [id: 0x3e41c192, L:/127.0.0.1:50266 - R:localhost/127.0.0.1:8081] Handler is being applied: {uri=http://localhost:8081/getAttractions, method=GET}
20:40:47.232 [reactor-http-nio-2] DEBUG reactor.netty.channel.BootstrapHandlers - [id: 0xa9c7a5f4] Initialized pipeline DefaultChannelPipeline{(BootstrapHandlers$BootstrapInitializerHandler#0 = reactor.netty.channel.BootstrapHandlers$BootstrapInitializerHandler), (SimpleChannelPool$1#0 = io.netty.channel.pool.SimpleChannelPool$1), (reactor.left.httpCodec = io.netty.handler.codec.http.HttpClientCodec), (reactor.left.decompressor = io.netty.handler.codec.http.HttpContentDecompressor), (reactor.right.reactiveBridge = reactor.netty.channel.ChannelOperationsHandler)}
20:40:47.232 [reactor-http-nio-11] DEBUG reactor.netty.resources.PooledConnectionProvider - [id: 0xbfea545a, L:/127.0.0.1:50351 - R:localhost/127.0.0.1:8082] onStateChange(GET{uri=/, connection=PooledConnection{channel=[id: 0xbfea545a, L:/127.0.0.1:50351 - R:localhost/127.0.0.1:8082]}}, [configured])
20:40:47.232 [pool-14-thread-57] DEBUG org.springframework.web.reactive.function.client.ExchangeFunctions - [28905298] HTTP GET http://localhost:8082/getAttractionRewardPoints?attractionId=e2691186-cfdc-4f5f-b297-cb2d4b85da92&userId=bb32b78d-15bb-4a3d-aa0a-f7aff6c6f2a4
20:40:47.233 [reactor-http-nio-15] DEBUG reactor.netty.http.client.HttpClientOperations - [id: 0x55b3b3dd, L:/127.0.0.1:50318 - R:localhost/127.0.0.1:8082] Received response (auto-read:false) : [Content-Type=application/json, Transfer-Encoding=chunked, Date=Fri, 11 Jun 2021 15:10:46 GMT]
20:40:47.233 [reactor-http-nio-15] DEBUG reactor.netty.resources.PooledConnectionProvider - [id: 0x55b3b3dd, L:/127.0.0.1:50318 - R:localhost/127.0.0.1:8082] onStateChange(GET{uri=/getAttractionRewardPoints?attractionId=20e67fe7-057a-46b4-a9d6-ac23659dc6bb&userId=680e27d8-39ee-4621-b3ad-8e38753716f8, connection=PooledConnection{channel=[id: 0x55b3b3dd, L:/127.0.0.1:50318 - R:localhost/127.0.0.1:8082]}}, [response_received])
20:40:47.233 [reactor-http-nio-15] DEBUG org.springframework.web.reactive.function.client.ExchangeFunctions - [791e8a41] Response 200 OK
20:40:47.233 [reactor-http-nio-2] DEBUG reactor.netty.resources.PooledConnectionProvider - [id: 0x99fd8159, L:/127.0.0.1:50352 - R:localhost/127.0.0.1:8082] onStateChange(PooledConnection{channel=[id: 0x99fd8159, L:/127.0.0.1:50352 - R:localhost/127.0.0.1:8082]}, [connected])
20:40:47.233 [pool-13-thread-1] DEBUG org.springframework.web.reactive.function.client.ExchangeFunctions - [570a52c1] HTTP GET http://localhost:8081/getAttractions
20:40:47.232 [reactor-http-nio-14] DEBUG org.springframework.web.reactive.function.client.ExchangeFunctions - [64cd2658] Response 200 OK
20:40:47.234 [reactor-http-nio-15] DEBUG reactor.netty.channel.FluxReceive - [id: 0x55b3b3dd, L:/127.0.0.1:50318 - R:localhost/127.0.0.1:8082] Subscribing inbound receiver [pending: 0, cancelled:false, inboundDone: false]
20:40:47.232 [reactor-http-nio-16] DEBUG org.springframework.web.reactive.function.client.ExchangeFunctions - [4b44daac] Response 200 OK
20:40:47.233 [reactor-http-nio-10] DEBUG reactor.netty.resources.PooledConnectionProvider - [id: 0x3f6e2f96, L:/127.0.0.1:50319 - R:localhost/127.0.0.1:8082] onStateChange(PooledConnection{channel=[id: 0x3f6e2f96, L:/127.0.0.1:50319 - R:localhost/127.0.0.1:8082]}, [connected])
20:40:47.234 [reactor-http-nio-15] DEBUG reactor.netty.http.client.HttpClientOperations - [id: 0x55b3b3dd, L:/127.0.0.1:50318 - R:localhost/127.0.0.1:8082] Received last HTTP packet
20:40:47.234 [reactor-http-nio-14] DEBUG reactor.netty.channel.FluxReceive - [id: 0xebe13634, L:/127.0.0.1:50273 - R:localhost/127.0.0.1:8081] Subscribing inbound receiver [pending: 0, cancelled:false, inboundDone: false]
20:40:47.234 [reactor-http-nio-10] DEBUG reactor.netty.resources.PooledConnectionProvider - [id: 0x3f6e2f96, L:/127.0.0.1:50319 - R:localhost/127.0.0.1:8082] onStateChange(GET{uri=/, connection=PooledConnection{channel=[id: 0x3f6e2f96, L:/127.0.0.1:50319 - R:localhost/127.0.0.1:8082]}}, [configured])
20:40:47.234 [reactor-http-nio-15] DEBUG org.springframework.core.codec.StringDecoder - [791e8a41] Decoded "459"
20:40:47.233 [reactor-http-nio-2] DEBUG reactor.netty.resources.PooledConnectionProvider - [id: 0x99fd8159, L:/127.0.0.1:50352 - R:localhost/127.0.0.1:8082] onStateChange(GET{uri=/, connection=PooledConnection{channel=[id: 0x99fd8159, L:/127.0.0.1:50352 - R:localhost/127.0.0.1:8082]}}, [configured])
20:40:47.233 [reactor-http-nio-13] DEBUG reactor.netty.resources.PooledConnectionProvider - [id: 0x73a45b4d] Created new pooled channel, now 26 active connections and 20 inactive connections
20:40:47.234 [reactor-http-nio-2] DEBUG reactor.netty.resources.PooledConnectionProvider - [id: 0xa9c7a5f4, L:/127.0.0.1:50353 - R:localhost/127.0.0.1:8082] onStateChange(PooledConnection{channel=[id: 0xa9c7a5f4, L:/127.0.0.1:50353 - R:localhost/127.0.0.1:8082]}, [connected])
20:40:47.234 [reactor-http-nio-2] DEBUG reactor.netty.resources.PooledConnectionProvider - [id: 0xa9c7a5f4, L:/127.0.0.1:50353 - R:localhost/127.0.0.1:8082] onStateChange(GET{uri=/, connection=PooledConnection{channel=[id: 0xa9c7a5f4, L:/127.0.0.1:50353 - R:localhost/127.0.0.1:8082]}}, [configured])
20:40:47.234 [reactor-http-nio-10] DEBUG reactor.netty.resources.PooledConnectionProvider - [id: 0x75477450, L:/127.0.0.1:50325 - R:localhost/127.0.0.1:8082] onStateChange(PooledConnection{channel=[id: 0x75477450, L:/127.0.0.1:50325 - R:localhost/127.0.0.1:8082]}, [connected])
20:40:47.234 [reactor-http-nio-16] DEBUG reactor.netty.channel.FluxReceive - [id: 0xe937ed28, L:/127.0.0.1:50293 - R:localhost/127.0.0.1:8081] Subscribing inbound receiver [pending: 0, cancelled:false, inboundDone: false]
20:40:47.234 [reactor-http-nio-14] DEBUG reactor.netty.http.client.HttpClientOperations - [id: 0xebe13634, L:/127.0.0.1:50273 - R:localhost/127.0.0.1:8081] Received last HTTP packet
20:40:47.234 [pool-14-thread-12] DEBUG org.springframework.web.reactive.function.client.ExchangeFunctions - [7d2101ba] HTTP GET http://localhost:8081/getAttractions
20:40:47.235 [reactor-http-nio-16] DEBUG reactor.netty.http.client.HttpClientOperations - [id: 0xe937ed28, L:/127.0.0.1:50293 - R:localhost/127.0.0.1:8081] Received last HTTP packet
20:40:47.234 [reactor-http-nio-15] DEBUG reactor.netty.resources.PooledConnectionProvider - [id: 0x55b3b3dd, L:/127.0.0.1:50318 - R:localhost/127.0.0.1:8082] onStateChange(GET{uri=/getAttractionRewardPoints?attractionId=20e67fe7-057a-46b4-a9d6-ac23659dc6bb&userId=680e27d8-39ee-4621-b3ad-8e38753716f8, connection=PooledConnection{channel=[id: 0x55b3b3dd, L:/127.0.0.1:50318 - R:localhost/127.0.0.1:8082]}}, [disconnecting])
20:40:47.235 [reactor-http-nio-15] DEBUG reactor.netty.resources.PooledConnectionProvider - [id: 0x55b3b3dd, L:/127.0.0.1:50318 - R:localhost/127.0.0.1:8082] Releasing channel
20:40:47.235 [reactor-http-nio-15] DEBUG reactor.netty.resources.PooledConnectionProvider - [id: 0x55b3b3dd, L:/127.0.0.1:50318 - R:localhost/127.0.0.1:8082] Channel cleaned, now 25 active connections and 21 inactive connections
20:40:47.235 [reactor-http-nio-14] DEBUG org.springframework.core.codec.StringDecoder - [64cd2658] Decoded "[{"longitude":-117.922008,"latitude":33.817595,"attractionName":"Disneyland","city":"Anaheim","stat (truncated)...
20:40:47.235 [reactor-http-nio-14] DEBUG reactor.netty.resources.PooledConnectionProvider - [id: 0xebe13634, L:/127.0.0.1:50273 - R:localhost/127.0.0.1:8081] onStateChange(GET{uri=/getAttractions, connection=PooledConnection{channel=[id: 0xebe13634, L:/127.0.0.1:50273 - R:localhost/127.0.0.1:8081]}}, [disconnecting])
20:40:47.235 [reactor-http-nio-14] DEBUG reactor.netty.resources.PooledConnectionProvider - [id: 0xebe13634, L:/127.0.0.1:50273 - R:localhost/127.0.0.1:8081] Releasing channel
20:40:47.235 [reactor-http-nio-16] DEBUG org.springframework.core.codec.StringDecoder - [4b44daac] Decoded "[{"longitude":-117.922008,"latitude":33.817595,"attractionName":"Disneyland","city":"Anaheim","stat (truncated)...
20:40:47.235 [reactor-http-nio-14] DEBUG reactor.netty.resources.PooledConnectionProvider - [id: 0xebe13634, L:/127.0.0.1:50273 - R:localhost/127.0.0.1:8081] Channel cleaned, now 15 active connections and 49 inactive connections
20:40:47.234 [reactor-http-nio-13] DEBUG reactor.netty.channel.BootstrapHandlers - [id: 0x73a45b4d] Initialized pipeline DefaultChannelPipeline{(BootstrapHandlers$BootstrapInitializerHandler#0 = reactor.netty.channel.BootstrapHandlers$BootstrapInitializerHandler), (SimpleChannelPool$1#0 = io.netty.channel.pool.SimpleChannelPool$1), (reactor.left.httpCodec = io.netty.handler.codec.http.HttpClientCodec), (reactor.left.decompressor = io.netty.handler.codec.http.HttpContentDecompressor), (reactor.right.reactiveBridge = reactor.netty.channel.ChannelOperationsHandler)}
20:40:47.235 [reactor-http-nio-15] DEBUG reactor.netty.http.client.HttpClientOperations - [id: 0xd82da432, L:/127.0.0.1:50272 - R:localhost/127.0.0.1:8081] Received response (auto-read:false) : [Content-Type=application/json, Transfer-Encoding=chunked, Date=Fri, 11 Jun 2021 15:10:46 GMT]
20:40:47.235 [reactor-http-nio-15] DEBUG reactor.netty.resources.PooledConnectionProvider - [id: 0xd82da432, L:/127.0.0.1:50272 - R:localhost/127.0.0.1:8081] onStateChange(GET{uri=/getAttractions, connection=PooledConnection{channel=[id: 0xd82da432, L:/127.0.0.1:50272 - R:localhost/127.0.0.1:8081]}}, [response_received])
20:40:47.235 [reactor-http-nio-15] DEBUG org.springframework.web.reactive.function.client.ExchangeFunctions - [368c1cd9] Response 200 OK
20:40:47.235 [reactor-http-nio-14] DEBUG reactor.netty.http.client.HttpClientOperations - [id: 0x8b4459b6, L:/127.0.0.1:50276 - R:localhost/127.0.0.1:8081] Received response (auto-read:false) : [Content-Type=application/json, Transfer-Encoding=chunked, Date=Fri, 11 Jun 2021 15:10:46 GMT]
20:40:47.235 [reactor-http-nio-14] DEBUG reactor.netty.resources.PooledConnectionProvider - [id: 0x8b4459b6, L:/127.0.0.1:50276 - R:localhost/127.0.0.1:8081] onStateChange(GET{uri=/getAttractions, connection=PooledConnection{channel=[id: 0x8b4459b6, L:/127.0.0.1:50276 - R:localhost/127.0.0.1:8081]}}, [response_received])
20:40:47.235 [reactor-http-nio-13] DEBUG reactor.netty.resources.PooledConnectionProvider - [id: 0x73a45b4d, L:/127.0.0.1:50354 - R:localhost/127.0.0.1:8082] onStateChange(PooledConnection{channel=[id: 0x73a45b4d, L:/127.0.0.1:50354 - R:localhost/127.0.0.1:8082]}, [connected])
20:40:47.235 [reactor-http-nio-13] DEBUG reactor.netty.resources.PooledConnectionProvider - [id: 0x73a45b4d, L:/127.0.0.1:50354 - R:localhost/127.0.0.1:8082] onStateChange(GET{uri=/, connection=PooledConnection{channel=[id: 0x73a45b4d, L:/127.0.0.1:50354 - R:localhost/127.0.0.1:8082]}}, [configured])
20:40:47.235 [reactor-http-nio-14] DEBUG org.springframework.web.reactive.function.client.ExchangeFunctions - [675c916c] Response 200 OK
20:40:47.234 [reactor-http-nio-12] DEBUG reactor.netty.resources.PooledConnectionProvider - [id: 0x3e41c192, L:/127.0.0.1:50266 - R:localhost/127.0.0.1:8081] onStateChange(GET{uri=/getAttractions, connection=PooledConnection{channel=[id: 0x3e41c192, L:/127.0.0.1:50266 - R:localhost/127.0.0.1:8081]}}, [request_sent])
20:40:47.236 [reactor-http-nio-12] DEBUG reactor.netty.resources.PooledConnectionProvider - [id: 0x0010b985, L:/127.0.0.1:50346 - R:localhost/127.0.0.1:8082] Registering pool release on close event for channel
20:40:47.236 [reactor-http-nio-12] DEBUG reactor.netty.http.client.HttpClientConnect - [id: 0x0010b985, L:/127.0.0.1:50346 - R:localhost/127.0.0.1:8082] Handler is being applied: {uri=http://localhost:8082/getAttractionRewardPoints?attractionId=4cd952e5-d23c-490d-a059-042e6a51394d&userId=7037308d-7f34-4c59-a896-4689056b645a, method=GET}
20:40:47.236 [reactor-http-nio-15] DEBUG reactor.netty.channel.FluxReceive - [id: 0xd82da432, L:/127.0.0.1:50272 - R:localhost/127.0.0.1:8081] Subscribing inbound receiver [pending: 0, cancelled:false, inboundDone: false]
20:40:47.236 [reactor-http-nio-14] DEBUG reactor.netty.channel.FluxReceive - [id: 0x8b4459b6, L:/127.0.0.1:50276 - R:localhost/127.0.0.1:8081] Subscribing inbound receiver [pending: 0, cancelled:false, inboundDone: false]
20:40:47.236 [reactor-http-nio-14] DEBUG reactor.netty.http.client.HttpClientOperations - [id: 0x8b4459b6, L:/127.0.0.1:50276 - R:localhost/127.0.0.1:8081] Received last HTTP packet
20:40:47.236 [reactor-http-nio-15] DEBUG reactor.netty.http.client.HttpClientOperations - [id: 0xd82da432, L:/127.0.0.1:50272 - R:localhost/127.0.0.1:8081] Received last HTTP packet
20:40:47.236 [pool-14-thread-58] DEBUG org.springframework.web.reactive.function.client.ExchangeFunctions - [6a0ad4b1] HTTP GET http://localhost:8082/getAttractionRewardPoints?attractionId=d3924eaa-b755-4f9c-822f-228932b35d01&userId=47b5af62-3da7-4def-8475-5c786075219c
20:40:47.234 [reactor-http-nio-10] DEBUG reactor.netty.resources.PooledConnectionProvider - [id: 0x75477450, L:/127.0.0.1:50325 - R:localhost/127.0.0.1:8082] onStateChange(GET{uri=/, connection=PooledConnection{channel=[id: 0x75477450, L:/127.0.0.1:50325 - R:localhost/127.0.0.1:8082]}}, [configured])
20:40:47.236 [reactor-http-nio-12] DEBUG reactor.netty.resources.PooledConnectionProvider - [id: 0x0010b985, L:/127.0.0.1:50346 - R:localhost/127.0.0.1:8082] onStateChange(GET{uri=/getAttractionRewardPoints?attractionId=4cd952e5-d23c-490d-a059-042e6a51394d&userId=7037308d-7f34-4c59-a896-4689056b645a, connection=PooledConnection{channel=[id: 0x0010b985, L:/127.0.0.1:50346 - R:localhost/127.0.0.1:8082]}}, [request_sent])
20:40:47.236 [reactor-http-nio-12] DEBUG reactor.netty.resources.PooledConnectionProvider - [id: 0x0010b985, L:/127.0.0.1:50346 - R:localhost/127.0.0.1:8082] Channel connected, now 26 active connections and 20 inactive connections
20:40:47.236 [reactor-http-nio-10] DEBUG reactor.netty.resources.PooledConnectionProvider - [id: 0x56dc91d0, L:/127.0.0.1:50326 - R:localhost/127.0.0.1:8082] onStateChange(PooledConnection{channel=[id: 0x56dc91d0, L:/127.0.0.1:50326 - R:localhost/127.0.0.1:8082]}, [connected])
20:40:47.236 [reactor-http-nio-12] DEBUG reactor.netty.resources.PooledConnectionProvider - [id: 0x6f2c8b9e, L:/127.0.0.1:50347 - R:localhost/127.0.0.1:8082] Registering pool release on close event for channel
20:40:47.236 [reactor-http-nio-12] DEBUG reactor.netty.http.client.HttpClientConnect - [id: 0x6f2c8b9e, L:/127.0.0.1:50347 - R:localhost/127.0.0.1:8082] Handler is being applied: {uri=http://localhost:8082/getAttractionRewardPoints?attractionId=c8cd4b57-23d9-4555-ae91-2c94a057f879&userId=26827e54-d62e-4baf-9ad9-c52826029857, method=GET}
20:40:47.237 [reactor-http-nio-14] DEBUG org.springframework.core.codec.StringDecoder - [675c916c] Decoded "[{"longitude":-117.922008,"latitude":33.817595,"attractionName":"Disneyland","city":"Anaheim","stat (truncated)...
20:40:47.235 [reactor-http-nio-16] DEBUG reactor.netty.resources.PooledConnectionProvider - [id: 0xe937ed28, L:/127.0.0.1:50293 - R:localhost/127.0.0.1:8081] onStateChange(GET{uri=/getAttractions, connection=PooledConnection{channel=[id: 0xe937ed28, L:/127.0.0.1:50293 - R:localhost/127.0.0.1:8081]}}, [disconnecting])
20:40:47.237 [reactor-http-nio-16] DEBUG reactor.netty.resources.PooledConnectionProvider - [id: 0xe937ed28, L:/127.0.0.1:50293 - R:localhost/127.0.0.1:8081] Releasing channel
20:40:47.237 [reactor-http-nio-14] DEBUG reactor.netty.resources.PooledConnectionProvider - [id: 0x8b4459b6, L:/127.0.0.1:50276 - R:localhost/127.0.0.1:8081] onStateChange(GET{uri=/getAttractions, connection=PooledConnection{channel=[id: 0x8b4459b6, L:/127.0.0.1:50276 - R:localhost/127.0.0.1:8081]}}, [disconnecting])
20:40:47.237 [reactor-http-nio-14] DEBUG reactor.netty.resources.PooledConnectionProvider - [id: 0x8b4459b6, L:/127.0.0.1:50276 - R:localhost/127.0.0.1:8081] Releasing channel
20:40:47.236 [pool-14-thread-50] DEBUG org.springframework.web.reactive.function.client.ExchangeFunctions - [45833db4] HTTP GET http://localhost:8082/getAttractionRewardPoints?attractionId=f96f56f3-2c4b-45b0-bb31-9a2925a13fca&userId=9753c425-df3a-46d3-94d0-85f208f05f81
20:40:47.237 [reactor-http-nio-14] DEBUG reactor.netty.resources.PooledConnectionProvider - [id: 0x8b4459b6, L:/127.0.0.1:50276 - R:localhost/127.0.0.1:8081] Channel cleaned, now 13 active connections and 51 inactive connections
20:40:47.236 [reactor-http-nio-10] DEBUG reactor.netty.resources.PooledConnectionProvider - [id: 0x56dc91d0, L:/127.0.0.1:50326 - R:localhost/127.0.0.1:8082] onStateChange(GET{uri=/, connection=PooledConnection{channel=[id: 0x56dc91d0, L:/127.0.0.1:50326 - R:localhost/127.0.0.1:8082]}}, [configured])
20:40:47.237 [reactor-http-nio-14] DEBUG reactor.netty.http.client.HttpClientOperations - [id: 0x281b17dd, L:/127.0.0.1:50294 - R:localhost/127.0.0.1:8081] Received response (auto-read:false) : [Content-Type=application/json, Transfer-Encoding=chunked, Date=Fri, 11 Jun 2021 15:10:46 GMT]
20:40:47.237 [reactor-http-nio-14] DEBUG reactor.netty.resources.PooledConnectionProvider - [id: 0x281b17dd, L:/127.0.0.1:50294 - R:localhost/127.0.0.1:8081] onStateChange(GET{uri=/getAttractions, connection=PooledConnection{channel=[id: 0x281b17dd, L:/127.0.0.1:50294 - R:localhost/127.0.0.1:8081]}}, [response_received])
20:40:47.237 [reactor-http-nio-13] DEBUG reactor.netty.resources.PooledConnectionProvider - [id: 0x62bbe86d, L:/127.0.0.1:50345 - R:localhost/127.0.0.1:8082] Registering pool release on close event for channel
20:40:47.237 [reactor-http-nio-14] DEBUG org.springframework.web.reactive.function.client.ExchangeFunctions - [1dfa0dd6] Response 200 OK
20:40:47.237 [reactor-http-nio-15] DEBUG org.springframework.core.codec.StringDecoder - [368c1cd9] Decoded "[{"longitude":-117.922008,"latitude":33.817595,"attractionName":"Disneyland","city":"Anaheim","stat (truncated)...
20:40:47.237 [reactor-http-nio-13] DEBUG reactor.netty.http.client.HttpClientConnect - [id: 0x62bbe86d, L:/127.0.0.1:50345 - R:localhost/127.0.0.1:8082] Handler is being applied: {uri=http://localhost:8082/getAttractionRewardPoints?attractionId=5003c4b5-2fc7-4693-a287-e3bc1841acd6&userId=cf6f98c2-c481-45c3-914d-3f3c9e5cca67, method=GET}
20:40:47.237 [reactor-http-nio-16] DEBUG reactor.netty.resources.PooledConnectionProvider - [id: 0xe937ed28, L:/127.0.0.1:50293 - R:localhost/127.0.0.1:8081] Channel cleaned, now 14 active connections and 50 inactive connections
20:40:47.238 [reactor-http-nio-14] DEBUG reactor.netty.channel.FluxReceive - [id: 0x281b17dd, L:/127.0.0.1:50294 - R:localhost/127.0.0.1:8081] Subscribing inbound receiver [pending: 0, cancelled:false, inboundDone: false]
20:40:47.238 [reactor-http-nio-14] DEBUG reactor.netty.http.client.HttpClientOperations - [id: 0x281b17dd, L:/127.0.0.1:50294 - R:localhost/127.0.0.1:8081] Received last HTTP packet
20:40:47.238 [reactor-http-nio-13] DEBUG reactor.netty.resources.PooledConnectionProvider - [id: 0x62bbe86d, L:/127.0.0.1:50345 - R:localhost/127.0.0.1:8082] onStateChange(GET{uri=/getAttractionRewardPoints?attractionId=5003c4b5-2fc7-4693-a287-e3bc1841acd6&userId=cf6f98c2-c481-45c3-914d-3f3c9e5cca67, connection=PooledConnection{channel=[id: 0x62bbe86d, L:/127.0.0.1:50345 - R:localhost/127.0.0.1:8082]}}, [request_sent])
20:40:47.238 [reactor-http-nio-13] DEBUG reactor.netty.resources.PooledConnectionProvider - [id: 0x62bbe86d, L:/127.0.0.1:50345 - R:localhost/127.0.0.1:8082] Channel connected, now 28 active connections and 18 inactive connections
20:40:47.238 [reactor-http-nio-13] DEBUG reactor.netty.resources.PooledConnectionProvider - [id: 0xc40c2d76, L:/127.0.0.1:50350 - R:localhost/127.0.0.1:8082] Registering pool release on close event for channel
20:40:47.238 [reactor-http-nio-13] DEBUG reactor.netty.http.client.HttpClientConnect - [id: 0xc40c2d76, L:/127.0.0.1:50350 - R:localhost/127.0.0.1:8082] Handler is being applied: {uri=http://localhost:8082/getAttractionRewardPoints?attractionId=f3f9fb0a-cc7b-45a5-9704-db624ed9364e&userId=8f7f2033-9cb1-4d96-99bf-135845398c65, method=GET}
20:40:47.237 [reactor-http-nio-12] DEBUG reactor.netty.resources.PooledConnectionProvider - [id: 0x6f2c8b9e, L:/127.0.0.1:50347 - R:localhost/127.0.0.1:8082] onStateChange(GET{uri=/getAttractionRewardPoints?attractionId=c8cd4b57-23d9-4555-ae91-2c94a057f879&userId=26827e54-d62e-4baf-9ad9-c52826029857, connection=PooledConnection{channel=[id: 0x6f2c8b9e, L:/127.0.0.1:50347 - R:localhost/127.0.0.1:8082]}}, [request_sent])
20:40:47.238 [reactor-http-nio-12] DEBUG reactor.netty.resources.PooledConnectionProvider - [id: 0x6f2c8b9e, L:/127.0.0.1:50347 - R:localhost/127.0.0.1:8082] Channel connected, now 29 active connections and 17 inactive connections
20:40:47.237 [reactor-http-nio-10] DEBUG reactor.netty.resources.PooledConnectionProvider - [id: 0xfbc1126e, L:/127.0.0.1:50330 - R:localhost/127.0.0.1:8082] onStateChange(PooledConnection{channel=[id: 0xfbc1126e, L:/127.0.0.1:50330 - R:localhost/127.0.0.1:8082]}, [connected])
20:40:47.237 [reactor-http-nio-15] DEBUG reactor.netty.resources.PooledConnectionProvider - [id: 0xd82da432, L:/127.0.0.1:50272 - R:localhost/127.0.0.1:8081] onStateChange(GET{uri=/getAttractions, connection=PooledConnection{channel=[id: 0xd82da432, L:/127.0.0.1:50272 - R:localhost/127.0.0.1:8081]}}, [disconnecting])
20:40:47.238 [pool-14-thread-62] DEBUG org.springframework.web.reactive.function.client.ExchangeFunctions - [699b73f7] HTTP GET http://localhost:8082/getAttractionRewardPoints?attractionId=28651fbc-afa1-46bf-bbad-ae9076b80781&userId=e3e3f048-b307-4c89-a1fd-c6ddbd08efdf
20:40:47.238 [pool-14-thread-44] DEBUG org.springframework.web.reactive.function.client.ExchangeFunctions - [384bf478] HTTP GET http://localhost:8082/getAttractionRewardPoints?attractionId=a5fd3d74-19d5-402a-9971-d72db184904f&userId=b6dd033c-a62a-45d8-9d7a-4af0907ce748
20:40:47.239 [reactor-http-nio-13] DEBUG reactor.netty.resources.PooledConnectionProvider - [id: 0xc40c2d76, L:/127.0.0.1:50350 - R:localhost/127.0.0.1:8082] onStateChange(GET{uri=/getAttractionRewardPoints?attractionId=f3f9fb0a-cc7b-45a5-9704-db624ed9364e&userId=8f7f2033-9cb1-4d96-99bf-135845398c65, connection=PooledConnection{channel=[id: 0xc40c2d76, L:/127.0.0.1:50350 - R:localhost/127.0.0.1:8082]}}, [request_sent])
20:40:47.239 [reactor-http-nio-13] DEBUG reactor.netty.resources.PooledConnectionProvider - [id: 0xc40c2d76, L:/127.0.0.1:50350 - R:localhost/127.0.0.1:8082] Channel connected, now 29 active connections and 17 inactive connections
20:40:47.239 [reactor-http-nio-13] DEBUG reactor.netty.resources.PooledConnectionProvider - [id: 0x73a45b4d, L:/127.0.0.1:50354 - R:localhost/127.0.0.1:8082] Registering pool release on close event for channel
20:40:47.239 [reactor-http-nio-13] DEBUG reactor.netty.http.client.HttpClientConnect - [id: 0x73a45b4d, L:/127.0.0.1:50354 - R:localhost/127.0.0.1:8082] Handler is being applied: {uri=http://localhost:8082/getAttractionRewardPoints?attractionId=e2691186-cfdc-4f5f-b297-cb2d4b85da92&userId=bb32b78d-15bb-4a3d-aa0a-f7aff6c6f2a4, method=GET}
20:40:47.238 [reactor-http-nio-16] DEBUG reactor.netty.http.client.HttpClientOperations - [id: 0x9f9296cb, L:/127.0.0.1:50261 - R:localhost/127.0.0.1:8081] Received response (auto-read:false) : [Content-Type=application/json, Transfer-Encoding=chunked, Date=Fri, 11 Jun 2021 15:10:46 GMT]
20:40:47.239 [reactor-http-nio-10] DEBUG reactor.netty.resources.PooledConnectionProvider - [id: 0xfbc1126e, L:/127.0.0.1:50330 - R:localhost/127.0.0.1:8082] onStateChange(GET{uri=/, connection=PooledConnection{channel=[id: 0xfbc1126e, L:/127.0.0.1:50330 - R:localhost/127.0.0.1:8082]}}, [configured])
20:40:47.239 [reactor-http-nio-16] DEBUG reactor.netty.resources.PooledConnectionProvider - [id: 0x9f9296cb, L:/127.0.0.1:50261 - R:localhost/127.0.0.1:8081] onStateChange(GET{uri=/getAttractions, connection=PooledConnection{channel=[id: 0x9f9296cb, L:/127.0.0.1:50261 - R:localhost/127.0.0.1:8081]}}, [response_received])
20:40:47.238 [reactor-http-nio-14] DEBUG org.springframework.core.codec.StringDecoder - [1dfa0dd6] Decoded "[{"longitude":-117.922008,"latitude":33.817595,"attractionName":"Disneyland","city":"Anaheim","stat (truncated)...
20:40:47.238 [reactor-http-nio-15] DEBUG reactor.netty.resources.PooledConnectionProvider - [id: 0xd82da432, L:/127.0.0.1:50272 - R:localhost/127.0.0.1:8081] Releasing channel
20:40:47.239 [reactor-http-nio-15] DEBUG reactor.netty.resources.PooledConnectionProvider - [id: 0xd82da432, L:/127.0.0.1:50272 - R:localhost/127.0.0.1:8081] Channel cleaned, now 13 active connections and 51 inactive connections
20:40:47.239 [reactor-http-nio-13] DEBUG reactor.netty.resources.PooledConnectionProvider - [id: 0x73a45b4d, L:/127.0.0.1:50354 - R:localhost/127.0.0.1:8082] onStateChange(GET{uri=/getAttractionRewardPoints?attractionId=e2691186-cfdc-4f5f-b297-cb2d4b85da92&userId=bb32b78d-15bb-4a3d-aa0a-f7aff6c6f2a4, connection=PooledConnection{channel=[id: 0x73a45b4d, L:/127.0.0.1:50354 - R:localhost/127.0.0.1:8082]}}, [request_sent])
20:40:47.239 [reactor-http-nio-13] DEBUG reactor.netty.resources.PooledConnectionProvider - [id: 0x73a45b4d, L:/127.0.0.1:50354 - R:localhost/127.0.0.1:8082] Channel connected, now 31 active connections and 15 inactive connections
20:40:47.239 [reactor-http-nio-2] DEBUG reactor.netty.resources.PooledConnectionProvider - [id: 0xa9c7a5f4, L:/127.0.0.1:50353 - R:localhost/127.0.0.1:8082] Registering pool release on close event for channel
20:40:47.239 [reactor-http-nio-13] DEBUG reactor.netty.resources.PooledConnectionProvider - [id: 0x04fc8c2f] Created new pooled channel, now 32 active connections and 15 inactive connections
20:40:47.239 [reactor-http-nio-2] DEBUG reactor.netty.http.client.HttpClientConnect - [id: 0xa9c7a5f4, L:/127.0.0.1:50353 - R:localhost/127.0.0.1:8082] Handler is being applied: {uri=http://localhost:8082/getAttractionRewardPoints?attractionId=6cbaef2a-86fb-4f5a-ad2d-ff6510c24666&userId=2e608f53-19c9-47ce-bf3e-c20da197b5ce, method=GET}
20:40:47.239 [reactor-http-nio-12] DEBUG reactor.netty.http.client.HttpClientOperations - [id: 0x9b24452d, L:/127.0.0.1:50265 - R:localhost/127.0.0.1:8081] Received response (auto-read:false) : [Content-Type=application/json, Transfer-Encoding=chunked, Date=Fri, 11 Jun 2021 15:10:46 GMT]
20:40:47.240 [reactor-http-nio-12] DEBUG reactor.netty.resources.PooledConnectionProvider - [id: 0x9b24452d, L:/127.0.0.1:50265 - R:localhost/127.0.0.1:8081] onStateChange(GET{uri=/getAttractions, connection=PooledConnection{channel=[id: 0x9b24452d, L:/127.0.0.1:50265 - R:localhost/127.0.0.1:8081]}}, [response_received])
20:40:47.240 [reactor-http-nio-12] DEBUG org.springframework.web.reactive.function.client.ExchangeFunctions - [2a26b31d] Response 200 OK
20:40:47.239 [reactor-http-nio-10] DEBUG reactor.netty.resources.PooledConnectionProvider - [id: 0x2a5ccfca, L:/127.0.0.1:50306 - R:localhost/127.0.0.1:8081] Channel acquired, now 14 active connections and 50 inactive connections
20:40:47.240 [reactor-http-nio-10] DEBUG reactor.netty.http.client.HttpClientConnect - [id: 0x2a5ccfca, L:/127.0.0.1:50306 - R:localhost/127.0.0.1:8081] Handler is being applied: {uri=http://localhost:8081/getAttractions, method=GET}
20:40:47.240 [reactor-http-nio-2] DEBUG reactor.netty.resources.PooledConnectionProvider - [id: 0xa9c7a5f4, L:/127.0.0.1:50353 - R:localhost/127.0.0.1:8082] onStateChange(GET{uri=/getAttractionRewardPoints?attractionId=6cbaef2a-86fb-4f5a-ad2d-ff6510c24666&userId=2e608f53-19c9-47ce-bf3e-c20da197b5ce, connection=PooledConnection{channel=[id: 0xa9c7a5f4, L:/127.0.0.1:50353 - R:localhost/127.0.0.1:8082]}}, [request_sent])
20:40:47.240 [reactor-http-nio-12] DEBUG reactor.netty.channel.FluxReceive - [id: 0x9b24452d, L:/127.0.0.1:50265 - R:localhost/127.0.0.1:8081] Subscribing inbound receiver [pending: 0, cancelled:false, inboundDone: false]
20:40:47.239 [reactor-http-nio-16] DEBUG org.springframework.web.reactive.function.client.ExchangeFunctions - [29312a4d] Response 200 OK
20:40:47.240 [pool-14-thread-54] DEBUG org.springframework.web.reactive.function.client.ExchangeFunctions - [133df019] HTTP GET http://localhost:8082/getAttractionRewardPoints?attractionId=6f08cb4b-6997-43d0-8e37-3cefcdd9af45&userId=3c7cd3a4-1427-4d81-a785-67df97afe4e6
20:40:47.239 [reactor-http-nio-11] DEBUG reactor.netty.resources.PooledConnectionProvider - [id: 0x558afcc3, L:/127.0.0.1:50335 - R:localhost/127.0.0.1:8082] Registering pool release on close event for channel
20:40:47.240 [reactor-http-nio-11] DEBUG reactor.netty.http.client.HttpClientConnect - [id: 0x558afcc3, L:/127.0.0.1:50335 - R:localhost/127.0.0.1:8082] Handler is being applied: {uri=http://localhost:8082/getAttractionRewardPoints?attractionId=1fd1f5b6-f891-4931-9889-7ae0b201482b&userId=8e9a27df-7c4a-4c3f-9239-9d62c7012616, method=GET}
20:40:47.239 [reactor-http-nio-14] DEBUG reactor.netty.resources.PooledConnectionProvider - [id: 0x281b17dd, L:/127.0.0.1:50294 - R:localhost/127.0.0.1:8081] onStateChange(GET{uri=/getAttractions, connection=PooledConnection{channel=[id: 0x281b17dd, L:/127.0.0.1:50294 - R:localhost/127.0.0.1:8081]}}, [disconnecting])
20:40:47.240 [reactor-http-nio-13] DEBUG reactor.netty.channel.BootstrapHandlers - [id: 0x04fc8c2f] Initialized pipeline DefaultChannelPipeline{(BootstrapHandlers$BootstrapInitializerHandler#0 = reactor.netty.channel.BootstrapHandlers$BootstrapInitializerHandler), (SimpleChannelPool$1#0 = io.netty.channel.pool.SimpleChannelPool$1), (reactor.left.httpCodec = io.netty.handler.codec.http.HttpClientCodec), (reactor.left.decompressor = io.netty.handler.codec.http.HttpContentDecompressor), (reactor.right.reactiveBridge = reactor.netty.channel.ChannelOperationsHandler)}
20:40:47.240 [reactor-http-nio-2] DEBUG reactor.netty.resources.PooledConnectionProvider - [id: 0xa9c7a5f4, L:/127.0.0.1:50353 - R:localhost/127.0.0.1:8082] Channel connected, now 32 active connections and 15 inactive connections
20:40:47.241 [reactor-http-nio-16] DEBUG reactor.netty.channel.FluxReceive - [id: 0x9f9296cb, L:/127.0.0.1:50261 - R:localhost/127.0.0.1:8081] Subscribing inbound receiver [pending: 0, cancelled:false, inboundDone: false]
20:40:47.241 [reactor-http-nio-10] DEBUG reactor.netty.resources.PooledConnectionProvider - [id: 0x2a5ccfca, L:/127.0.0.1:50306 - R:localhost/127.0.0.1:8081] onStateChange(GET{uri=/getAttractions, connection=PooledConnection{channel=[id: 0x2a5ccfca, L:/127.0.0.1:50306 - R:localhost/127.0.0.1:8081]}}, [request_sent])
20:40:47.241 [reactor-http-nio-10] DEBUG reactor.netty.resources.PooledConnectionProvider - [id: 0x5a8b58bb, L:/127.0.0.1:50316 - R:localhost/127.0.0.1:8082] Registering pool release on close event for channel
20:40:47.241 [reactor-http-nio-13] DEBUG reactor.netty.resources.PooledConnectionProvider - [id: 0x04fc8c2f, L:/127.0.0.1:50355 - R:localhost/127.0.0.1:8082] onStateChange(PooledConnection{channel=[id: 0x04fc8c2f, L:/127.0.0.1:50355 - R:localhost/127.0.0.1:8082]}, [connected])
20:40:47.241 [reactor-http-nio-14] DEBUG reactor.netty.resources.PooledConnectionProvider - [id: 0x281b17dd, L:/127.0.0.1:50294 - R:localhost/127.0.0.1:8081] Releasing channel
20:40:47.241 [reactor-http-nio-13] DEBUG reactor.netty.resources.PooledConnectionProvider - [id: 0x04fc8c2f, L:/127.0.0.1:50355 - R:localhost/127.0.0.1:8082] onStateChange(GET{uri=/, connection=PooledConnection{channel=[id: 0x04fc8c2f, L:/127.0.0.1:50355 - R:localhost/127.0.0.1:8082]}}, [configured])
20:40:47.241 [reactor-http-nio-11] DEBUG reactor.netty.resources.PooledConnectionProvider - [id: 0x558afcc3, L:/127.0.0.1:50335 - R:localhost/127.0.0.1:8082] onStateChange(GET{uri=/getAttractionRewardPoints?attractionId=1fd1f5b6-f891-4931-9889-7ae0b201482b&userId=8e9a27df-7c4a-4c3f-9239-9d62c7012616, connection=PooledConnection{channel=[id: 0x558afcc3, L:/127.0.0.1:50335 - R:localhost/127.0.0.1:8082]}}, [request_sent])
20:40:47.241 [reactor-http-nio-12] DEBUG reactor.netty.http.client.HttpClientOperations - [id: 0x9b24452d, L:/127.0.0.1:50265 - R:localhost/127.0.0.1:8081] Received last HTTP packet
20:40:47.241 [reactor-http-nio-16] DEBUG reactor.netty.http.client.HttpClientOperations - [id: 0x9f9296cb, L:/127.0.0.1:50261 - R:localhost/127.0.0.1:8081] Received last HTTP packet
20:40:47.241 [reactor-http-nio-10] DEBUG reactor.netty.http.client.HttpClientConnect - [id: 0x5a8b58bb, L:/127.0.0.1:50316 - R:localhost/127.0.0.1:8082] Handler is being applied: {uri=http://localhost:8082/getAttractionRewardPoints?attractionId=a9116681-59e2-4c91-bfd2-7d1cd2828e9a&userId=816c454d-d322-4805-b497-d3d29659d0bf, method=GET}
20:40:47.242 [reactor-http-nio-12] DEBUG org.springframework.core.codec.StringDecoder - [2a26b31d] Decoded "[{"longitude":-117.922008,"latitude":33.817595,"attractionName":"Disneyland","city":"Anaheim","stat (truncated)...
20:40:47.242 [reactor-http-nio-12] DEBUG reactor.netty.resources.PooledConnectionProvider - [id: 0x9b24452d, L:/127.0.0.1:50265 - R:localhost/127.0.0.1:8081] onStateChange(GET{uri=/getAttractions, connection=PooledConnection{channel=[id: 0x9b24452d, L:/127.0.0.1:50265 - R:localhost/127.0.0.1:8081]}}, [disconnecting])
20:40:47.242 [reactor-http-nio-12] DEBUG reactor.netty.resources.PooledConnectionProvider - [id: 0x9b24452d, L:/127.0.0.1:50265 - R:localhost/127.0.0.1:8081] Releasing channel
20:40:47.241 [reactor-http-nio-11] DEBUG reactor.netty.resources.PooledConnectionProvider - [id: 0x558afcc3, L:/127.0.0.1:50335 - R:localhost/127.0.0.1:8082] Channel connected, now 33 active connections and 14 inactive connections
20:40:47.242 [reactor-http-nio-12] DEBUG reactor.netty.resources.PooledConnectionProvider - [id: 0x9b24452d, L:/127.0.0.1:50265 - R:localhost/127.0.0.1:8081] Channel cleaned, now 11 active connections and 53 inactive connections
20:40:47.241 [reactor-http-nio-14] DEBUG reactor.netty.resources.PooledConnectionProvider - [id: 0x281b17dd, L:/127.0.0.1:50294 - R:localhost/127.0.0.1:8081] Channel cleaned, now 12 active connections and 52 inactive connections
20:40:47.243 [reactor-http-nio-12] DEBUG reactor.netty.http.client.HttpClientOperations - [id: 0x70cf3415, L:/127.0.0.1:50288 - R:localhost/127.0.0.1:8081] Received response (auto-read:false) : [Content-Type=application/json, Transfer-Encoding=chunked, Date=Fri, 11 Jun 2021 15:10:46 GMT]
20:40:47.243 [reactor-http-nio-14] DEBUG reactor.netty.http.client.HttpClientOperations - [id: 0x111e98d4, L:/127.0.0.1:50257 - R:localhost/127.0.0.1:8081] Received response (auto-read:false) : [Content-Type=application/json, Transfer-Encoding=chunked, Date=Fri, 11 Jun 2021 15:10:46 GMT]
20:40:47.243 [reactor-http-nio-12] DEBUG reactor.netty.resources.PooledConnectionProvider - [id: 0x70cf3415, L:/127.0.0.1:50288 - R:localhost/127.0.0.1:8081] onStateChange(GET{uri=/getAttractions, connection=PooledConnection{channel=[id: 0x70cf3415, L:/127.0.0.1:50288 - R:localhost/127.0.0.1:8081]}}, [response_received])
20:40:47.243 [reactor-http-nio-14] DEBUG reactor.netty.resources.PooledConnectionProvider - [id: 0x111e98d4, L:/127.0.0.1:50257 - R:localhost/127.0.0.1:8081] onStateChange(GET{uri=/getAttractions, connection=PooledConnection{channel=[id: 0x111e98d4, L:/127.0.0.1:50257 - R:localhost/127.0.0.1:8081]}}, [response_received])
20:40:47.243 [reactor-http-nio-14] DEBUG org.springframework.web.reactive.function.client.ExchangeFunctions - [443f1fb9] Response 200 OK
20:40:47.243 [reactor-http-nio-12] DEBUG org.springframework.web.reactive.function.client.ExchangeFunctions - [3440f814] Response 200 OK
20:40:47.243 [reactor-http-nio-14] DEBUG reactor.netty.channel.FluxReceive - [id: 0x111e98d4, L:/127.0.0.1:50257 - R:localhost/127.0.0.1:8081] Subscribing inbound receiver [pending: 0, cancelled:false, inboundDone: false]
20:40:47.243 [reactor-http-nio-12] DEBUG reactor.netty.channel.FluxReceive - [id: 0x70cf3415, L:/127.0.0.1:50288 - R:localhost/127.0.0.1:8081] Subscribing inbound receiver [pending: 0, cancelled:false, inboundDone: false]
20:40:47.243 [reactor-http-nio-14] DEBUG reactor.netty.http.client.HttpClientOperations - [id: 0x111e98d4, L:/127.0.0.1:50257 - R:localhost/127.0.0.1:8081] Received last HTTP packet
20:40:47.243 [reactor-http-nio-12] DEBUG reactor.netty.http.client.HttpClientOperations - [id: 0x70cf3415, L:/127.0.0.1:50288 - R:localhost/127.0.0.1:8081] Received last HTTP packet
20:40:47.243 [reactor-http-nio-10] DEBUG reactor.netty.resources.PooledConnectionProvider - [id: 0x5a8b58bb, L:/127.0.0.1:50316 - R:localhost/127.0.0.1:8082] onStateChange(GET{uri=/getAttractionRewardPoints?attractionId=a9116681-59e2-4c91-bfd2-7d1cd2828e9a&userId=816c454d-d322-4805-b497-d3d29659d0bf, connection=PooledConnection{channel=[id: 0x5a8b58bb, L:/127.0.0.1:50316 - R:localhost/127.0.0.1:8082]}}, [request_sent])
20:40:47.244 [reactor-http-nio-14] DEBUG org.springframework.core.codec.StringDecoder - [443f1fb9] Decoded "[{"longitude":-117.922008,"latitude":33.817595,"attractionName":"Disneyland","city":"Anaheim","stat (truncated)...
20:40:47.242 [reactor-http-nio-16] DEBUG org.springframework.core.codec.StringDecoder - [29312a4d] Decoded "[{"longitude":-117.922008,"latitude":33.817595,"attractionName":"Disneyland","city":"Anaheim","stat (truncated)...
20:40:47.242 [reactor-http-nio-11] DEBUG reactor.netty.resources.PooledConnectionProvider - [id: 0xeb9710a2, L:/127.0.0.1:50339 - R:localhost/127.0.0.1:8082] Registering pool release on close event for channel
20:40:47.243 [pool-14-thread-39] DEBUG org.springframework.web.reactive.function.client.ExchangeFunctions - [24e14829] HTTP GET http://localhost:8082/getAttractionRewardPoints?attractionId=663352bb-e3c0-4bb2-8416-56e561406bc9&userId=33af1fec-be22-4dc4-9c2a-8e026e289be2
20:40:47.244 [reactor-http-nio-11] DEBUG reactor.netty.http.client.HttpClientConnect - [id: 0xeb9710a2, L:/127.0.0.1:50339 - R:localhost/127.0.0.1:8082] Handler is being applied: {uri=http://localhost:8082/getAttractionRewardPoints?attractionId=2aa64516-d2d9-4c67-b938-01966dea2ba5&userId=2b4489aa-59a2-4b01-a5b9-aede7648ebd5, method=GET}
20:40:47.245 [reactor-http-nio-12] DEBUG org.springframework.core.codec.StringDecoder - [3440f814] Decoded "[{"longitude":-117.922008,"latitude":33.817595,"attractionName":"Disneyland","city":"Anaheim","stat (truncated)...
20:40:47.245 [pool-14-thread-60] DEBUG org.springframework.web.reactive.function.client.ExchangeFunctions - [4af8e94e] HTTP GET http://localhost:8082/getAttractionRewardPoints?attractionId=5d5dfa65-cb56-4877-ac60-b114fcb7cf53&userId=3fd2e4aa-0b24-46ce-aa37-996e58d30162
20:40:47.245 [pool-14-thread-61] DEBUG org.springframework.web.reactive.function.client.ExchangeFunctions - [27f6c11b] HTTP GET http://localhost:8082/getAttractionRewardPoints?attractionId=746304d5-e10a-4b9a-ba16-fc70f6bc55eb&userId=85743330-e83a-497a-9b18-1ecf13065e66
20:40:47.244 [reactor-http-nio-10] DEBUG reactor.netty.resources.PooledConnectionProvider - [id: 0x5a8b58bb, L:/127.0.0.1:50316 - R:localhost/127.0.0.1:8082] Channel connected, now 34 active connections and 13 inactive connections
20:40:47.245 [reactor-http-nio-10] DEBUG reactor.netty.resources.PooledConnectionProvider - [id: 0x3f6e2f96, L:/127.0.0.1:50319 - R:localhost/127.0.0.1:8082] Registering pool release on close event for channel
20:40:47.245 [reactor-http-nio-10] DEBUG reactor.netty.http.client.HttpClientConnect - [id: 0x3f6e2f96, L:/127.0.0.1:50319 - R:localhost/127.0.0.1:8082] Handler is being applied: {uri=http://localhost:8082/getAttractionRewardPoints?attractionId=7ed7b7b9-ae46-4f84-8f72-f6ac94a871a7&userId=fdc3741d-281c-4a80-b660-e2f65b97ac0a, method=GET}
20:40:47.244 [reactor-http-nio-14] DEBUG reactor.netty.resources.PooledConnectionProvider - [id: 0x111e98d4, L:/127.0.0.1:50257 - R:localhost/127.0.0.1:8081] onStateChange(GET{uri=/getAttractions, connection=PooledConnection{channel=[id: 0x111e98d4, L:/127.0.0.1:50257 - R:localhost/127.0.0.1:8081]}}, [disconnecting])
20:40:47.245 [reactor-http-nio-14] DEBUG reactor.netty.resources.PooledConnectionProvider - [id: 0x111e98d4, L:/127.0.0.1:50257 - R:localhost/127.0.0.1:8081] Releasing channel
20:40:47.245 [reactor-http-nio-12] DEBUG reactor.netty.resources.PooledConnectionProvider - [id: 0x70cf3415, L:/127.0.0.1:50288 - R:localhost/127.0.0.1:8081] onStateChange(GET{uri=/getAttractions, connection=PooledConnection{channel=[id: 0x70cf3415, L:/127.0.0.1:50288 - R:localhost/127.0.0.1:8081]}}, [disconnecting])
20:40:47.245 [reactor-http-nio-14] DEBUG reactor.netty.resources.PooledConnectionProvider - [id: 0x111e98d4, L:/127.0.0.1:50257 - R:localhost/127.0.0.1:8081] Channel cleaned, now 10 active connections and 54 inactive connections
20:40:47.245 [reactor-http-nio-12] DEBUG reactor.netty.resources.PooledConnectionProvider - [id: 0x70cf3415, L:/127.0.0.1:50288 - R:localhost/127.0.0.1:8081] Releasing channel
20:40:47.245 [reactor-http-nio-11] DEBUG reactor.netty.resources.PooledConnectionProvider - [id: 0xeb9710a2, L:/127.0.0.1:50339 - R:localhost/127.0.0.1:8082] onStateChange(GET{uri=/getAttractionRewardPoints?attractionId=2aa64516-d2d9-4c67-b938-01966dea2ba5&userId=2b4489aa-59a2-4b01-a5b9-aede7648ebd5, connection=PooledConnection{channel=[id: 0xeb9710a2, L:/127.0.0.1:50339 - R:localhost/127.0.0.1:8082]}}, [request_sent])
20:40:47.245 [reactor-http-nio-14] DEBUG reactor.netty.resources.PooledConnectionProvider - [id: 0xdc980221, L:/127.0.0.1:50298 - R:localhost/127.0.0.1:8081] Channel acquired, now 10 active connections and 54 inactive connections
20:40:47.245 [reactor-http-nio-16] DEBUG reactor.netty.resources.PooledConnectionProvider - [id: 0x9f9296cb, L:/127.0.0.1:50261 - R:localhost/127.0.0.1:8081] onStateChange(GET{uri=/getAttractions, connection=PooledConnection{channel=[id: 0x9f9296cb, L:/127.0.0.1:50261 - R:localhost/127.0.0.1:8081]}}, [disconnecting])
20:40:47.245 [reactor-http-nio-16] DEBUG reactor.netty.resources.PooledConnectionProvider - [id: 0x9f9296cb, L:/127.0.0.1:50261 - R:localhost/127.0.0.1:8081] Releasing channel
20:40:47.245 [reactor-http-nio-13] DEBUG reactor.netty.resources.PooledConnectionProvider - [id: 0x228b707e] Created new pooled channel, now 35 active connections and 13 inactive connections
20:40:47.245 [reactor-http-nio-12] DEBUG reactor.netty.resources.PooledConnectionProvider - [id: 0x70cf3415, L:/127.0.0.1:50288 - R:localhost/127.0.0.1:8081] Channel cleaned, now 9 active connections and 55 inactive connections
20:40:47.246 [reactor-http-nio-13] DEBUG reactor.netty.channel.BootstrapHandlers - [id: 0x228b707e] Initialized pipeline DefaultChannelPipeline{(BootstrapHandlers$BootstrapInitializerHandler#0 = reactor.netty.channel.BootstrapHandlers$BootstrapInitializerHandler), (SimpleChannelPool$1#0 = io.netty.channel.pool.SimpleChannelPool$1), (reactor.left.httpCodec = io.netty.handler.codec.http.HttpClientCodec), (reactor.left.decompressor = io.netty.handler.codec.http.HttpContentDecompressor), (reactor.right.reactiveBridge = reactor.netty.channel.ChannelOperationsHandler)}
20:40:47.246 [reactor-http-nio-13] DEBUG reactor.netty.resources.PooledConnectionProvider - [id: 0x04fc8c2f, L:/127.0.0.1:50355 - R:localhost/127.0.0.1:8082] Registering pool release on close event for channel
20:40:47.246 [pool-14-thread-42] DEBUG org.springframework.web.reactive.function.client.ExchangeFunctions - [3a8700ec] HTTP GET http://localhost:8082/getAttractionRewardPoints?attractionId=bf9a7b39-dda1-4f9a-a855-508617f2bfdd&userId=638aae94-da72-481f-bf24-4c86f69f7ce7
20:40:47.246 [reactor-http-nio-13] DEBUG reactor.netty.http.client.HttpClientConnect - [id: 0x04fc8c2f, L:/127.0.0.1:50355 - R:localhost/127.0.0.1:8082] Handler is being applied: {uri=http://localhost:8082/getAttractionRewardPoints?attractionId=a5fd3d74-19d5-402a-9971-d72db184904f&userId=b6dd033c-a62a-45d8-9d7a-4af0907ce748, method=GET}
20:40:47.245 [reactor-http-nio-11] DEBUG reactor.netty.resources.PooledConnectionProvider - [id: 0xeb9710a2, L:/127.0.0.1:50339 - R:localhost/127.0.0.1:8082] Channel connected, now 35 active connections and 13 inactive connections
20:40:47.246 [reactor-http-nio-11] DEBUG reactor.netty.resources.PooledConnectionProvider - [id: 0x5f449e3e, L:/127.0.0.1:50344 - R:localhost/127.0.0.1:8082] Registering pool release on close event for channel
20:40:47.246 [reactor-http-nio-11] DEBUG reactor.netty.http.client.HttpClientConnect - [id: 0x5f449e3e, L:/127.0.0.1:50344 - R:localhost/127.0.0.1:8082] Handler is being applied: {uri=http://localhost:8082/getAttractionRewardPoints?attractionId=39a20948-e503-4dfa-acd2-3c00983abcf5&userId=163f8dc7-aed0-46e2-9181-4c4098d73354, method=GET}
20:40:47.246 [reactor-http-nio-13] DEBUG reactor.netty.resources.PooledConnectionProvider - [id: 0x04fc8c2f, L:/127.0.0.1:50355 - R:localhost/127.0.0.1:8082] onStateChange(GET{uri=/getAttractionRewardPoints?attractionId=a5fd3d74-19d5-402a-9971-d72db184904f&userId=b6dd033c-a62a-45d8-9d7a-4af0907ce748, connection=PooledConnection{channel=[id: 0x04fc8c2f, L:/127.0.0.1:50355 - R:localhost/127.0.0.1:8082]}}, [request_sent])
20:40:47.246 [reactor-http-nio-12] DEBUG reactor.netty.http.client.HttpClientOperations - [id: 0x3e41c192, L:/127.0.0.1:50266 - R:localhost/127.0.0.1:8081] Received response (auto-read:false) : [Content-Type=application/json, Transfer-Encoding=chunked, Date=Fri, 11 Jun 2021 15:10:46 GMT]
20:40:47.246 [reactor-http-nio-12] DEBUG reactor.netty.resources.PooledConnectionProvider - [id: 0x3e41c192, L:/127.0.0.1:50266 - R:localhost/127.0.0.1:8081] onStateChange(GET{uri=/getAttractions, connection=PooledConnection{channel=[id: 0x3e41c192, L:/127.0.0.1:50266 - R:localhost/127.0.0.1:8081]}}, [response_received])
20:40:47.245 [reactor-http-nio-14] DEBUG reactor.netty.http.client.HttpClientConnect - [id: 0xdc980221, L:/127.0.0.1:50298 - R:localhost/127.0.0.1:8081] Handler is being applied: {uri=http://localhost:8081/getAttractions, method=GET}
20:40:47.247 [reactor-http-nio-12] DEBUG org.springframework.web.reactive.function.client.ExchangeFunctions - [4781ba4b] Response 200 OK
20:40:47.246 [reactor-http-nio-16] DEBUG reactor.netty.resources.PooledConnectionProvider - [id: 0x9f9296cb, L:/127.0.0.1:50261 - R:localhost/127.0.0.1:8081] Channel cleaned, now 9 active connections and 55 inactive connections
20:40:47.246 [reactor-http-nio-10] DEBUG reactor.netty.resources.PooledConnectionProvider - [id: 0x3f6e2f96, L:/127.0.0.1:50319 - R:localhost/127.0.0.1:8082] onStateChange(GET{uri=/getAttractionRewardPoints?attractionId=7ed7b7b9-ae46-4f84-8f72-f6ac94a871a7&userId=fdc3741d-281c-4a80-b660-e2f65b97ac0a, connection=PooledConnection{channel=[id: 0x3f6e2f96, L:/127.0.0.1:50319 - R:localhost/127.0.0.1:8082]}}, [request_sent])
20:40:47.247 [reactor-http-nio-10] DEBUG reactor.netty.resources.PooledConnectionProvider - [id: 0x3f6e2f96, L:/127.0.0.1:50319 - R:localhost/127.0.0.1:8082] Channel connected, now 37 active connections and 11 inactive connections
20:40:47.247 [reactor-http-nio-10] DEBUG reactor.netty.resources.PooledConnectionProvider - [id: 0x75477450, L:/127.0.0.1:50325 - R:localhost/127.0.0.1:8082] Registering pool release on close event for channel
20:40:47.247 [reactor-http-nio-12] DEBUG reactor.netty.channel.FluxReceive - [id: 0x3e41c192, L:/127.0.0.1:50266 - R:localhost/127.0.0.1:8081] Subscribing inbound receiver [pending: 0, cancelled:false, inboundDone: false]
20:40:47.247 [reactor-http-nio-14] DEBUG reactor.netty.resources.PooledConnectionProvider - [id: 0xdc980221, L:/127.0.0.1:50298 - R:localhost/127.0.0.1:8081] onStateChange(GET{uri=/getAttractions, connection=PooledConnection{channel=[id: 0xdc980221, L:/127.0.0.1:50298 - R:localhost/127.0.0.1:8081]}}, [request_sent])
20:40:47.246 [reactor-http-nio-11] DEBUG reactor.netty.resources.PooledConnectionProvider - [id: 0x5f449e3e, L:/127.0.0.1:50344 - R:localhost/127.0.0.1:8082] onStateChange(GET{uri=/getAttractionRewardPoints?attractionId=39a20948-e503-4dfa-acd2-3c00983abcf5&userId=163f8dc7-aed0-46e2-9181-4c4098d73354, connection=PooledConnection{channel=[id: 0x5f449e3e, L:/127.0.0.1:50344 - R:localhost/127.0.0.1:8082]}}, [request_sent])
20:40:47.247 [reactor-http-nio-14] DEBUG reactor.netty.resources.PooledConnectionProvider - [id: 0x4785efd8] Created new pooled channel, now 38 active connections and 11 inactive connections
20:40:47.247 [reactor-http-nio-11] DEBUG reactor.netty.resources.PooledConnectionProvider - [id: 0x5f449e3e, L:/127.0.0.1:50344 - R:localhost/127.0.0.1:8082] Channel connected, now 38 active connections and 11 inactive connections
20:40:47.247 [reactor-http-nio-10] DEBUG reactor.netty.http.client.HttpClientConnect - [id: 0x75477450, L:/127.0.0.1:50325 - R:localhost/127.0.0.1:8082] Handler is being applied: {uri=http://localhost:8082/getAttractionRewardPoints?attractionId=9aba899f-c289-424d-a547-62bf8ebbfd29&userId=33081a6f-ee08-4778-98e5-c0e0c8619507, method=GET}
20:40:47.246 [reactor-http-nio-13] DEBUG reactor.netty.resources.PooledConnectionProvider - [id: 0x04fc8c2f, L:/127.0.0.1:50355 - R:localhost/127.0.0.1:8082] Channel connected, now 37 active connections and 11 inactive connections
20:40:47.247 [reactor-http-nio-16] DEBUG reactor.netty.http.client.HttpClientOperations - [id: 0x4ab47f8c, L:/127.0.0.1:50291 - R:localhost/127.0.0.1:8081] Received response (auto-read:false) : [Content-Type=application/json, Transfer-Encoding=chunked, Date=Fri, 11 Jun 2021 15:10:46 GMT]
20:40:47.247 [reactor-http-nio-14] DEBUG reactor.netty.channel.BootstrapHandlers - [id: 0x4785efd8] Initialized pipeline DefaultChannelPipeline{(BootstrapHandlers$BootstrapInitializerHandler#0 = reactor.netty.channel.BootstrapHandlers$BootstrapInitializerHandler), (SimpleChannelPool$1#0 = io.netty.channel.pool.SimpleChannelPool$1), (reactor.left.httpCodec = io.netty.handler.codec.http.HttpClientCodec), (reactor.left.decompressor = io.netty.handler.codec.http.HttpContentDecompressor), (reactor.right.reactiveBridge = reactor.netty.channel.ChannelOperationsHandler)}
20:40:47.247 [reactor-http-nio-16] DEBUG reactor.netty.resources.PooledConnectionProvider - [id: 0x4ab47f8c, L:/127.0.0.1:50291 - R:localhost/127.0.0.1:8081] onStateChange(GET{uri=/getAttractions, connection=PooledConnection{channel=[id: 0x4ab47f8c, L:/127.0.0.1:50291 - R:localhost/127.0.0.1:8081]}}, [response_received])
20:40:47.247 [reactor-http-nio-14] DEBUG reactor.netty.resources.PooledConnectionProvider - [id: 0x0cd41048] Created new pooled channel, now 39 active connections and 11 inactive connections
20:40:47.248 [reactor-http-nio-16] DEBUG org.springframework.web.reactive.function.client.ExchangeFunctions - [249eb07c] Response 200 OK
20:40:47.248 [reactor-http-nio-14] DEBUG reactor.netty.channel.BootstrapHandlers - [id: 0x0cd41048] Initialized pipeline DefaultChannelPipeline{(BootstrapHandlers$BootstrapInitializerHandler#0 = reactor.netty.channel.BootstrapHandlers$BootstrapInitializerHandler), (SimpleChannelPool$1#0 = io.netty.channel.pool.SimpleChannelPool$1), (reactor.left.httpCodec = io.netty.handler.codec.http.HttpClientCodec), (reactor.left.decompressor = io.netty.handler.codec.http.HttpContentDecompressor), (reactor.right.reactiveBridge = reactor.netty.channel.ChannelOperationsHandler)}
20:40:47.247 [reactor-http-nio-12] DEBUG reactor.netty.http.client.HttpClientOperations - [id: 0x3e41c192, L:/127.0.0.1:50266 - R:localhost/127.0.0.1:8081] Received last HTTP packet
20:40:47.248 [reactor-http-nio-16] DEBUG reactor.netty.channel.FluxReceive - [id: 0x4ab47f8c, L:/127.0.0.1:50291 - R:localhost/127.0.0.1:8081] Subscribing inbound receiver [pending: 0, cancelled:false, inboundDone: false]
20:40:47.248 [reactor-http-nio-12] DEBUG org.springframework.core.codec.StringDecoder - [4781ba4b] Decoded "[{"longitude":-117.922008,"latitude":33.817595,"attractionName":"Disneyland","city":"Anaheim","stat (truncated)...
20:40:47.248 [reactor-http-nio-12] DEBUG reactor.netty.resources.PooledConnectionProvider - [id: 0x3e41c192, L:/127.0.0.1:50266 - R:localhost/127.0.0.1:8081] onStateChange(GET{uri=/getAttractions, connection=PooledConnection{channel=[id: 0x3e41c192, L:/127.0.0.1:50266 - R:localhost/127.0.0.1:8081]}}, [disconnecting])
20:40:47.248 [reactor-http-nio-12] DEBUG reactor.netty.resources.PooledConnectionProvider - [id: 0x3e41c192, L:/127.0.0.1:50266 - R:localhost/127.0.0.1:8081] Releasing channel
20:40:47.248 [reactor-http-nio-12] DEBUG reactor.netty.resources.PooledConnectionProvider - [id: 0x3e41c192, L:/127.0.0.1:50266 - R:localhost/127.0.0.1:8081] Channel cleaned, now 8 active connections and 56 inactive connections
20:40:47.247 [reactor-http-nio-11] DEBUG reactor.netty.resources.PooledConnectionProvider - [id: 0x629470fd, L:/127.0.0.1:50348 - R:localhost/127.0.0.1:8082] Registering pool release on close event for channel
20:40:47.248 [reactor-http-nio-13] DEBUG reactor.netty.resources.PooledConnectionProvider - [id: 0x228b707e, L:/127.0.0.1:50356 - R:localhost/127.0.0.1:8082] onStateChange(PooledConnection{channel=[id: 0x228b707e, L:/127.0.0.1:50356 - R:localhost/127.0.0.1:8082]}, [connected])
20:40:47.248 [reactor-http-nio-11] DEBUG reactor.netty.http.client.HttpClientConnect - [id: 0x629470fd, L:/127.0.0.1:50348 - R:localhost/127.0.0.1:8082] Handler is being applied: {uri=http://localhost:8082/getAttractionRewardPoints?attractionId=4d3244a1-080c-42ec-93df-a1ed8493de9d&userId=9b600d57-3481-4dad-8923-bb01caddea09, method=GET}
20:40:47.248 [reactor-http-nio-13] DEBUG reactor.netty.resources.PooledConnectionProvider - [id: 0x228b707e, L:/127.0.0.1:50356 - R:localhost/127.0.0.1:8082] onStateChange(GET{uri=/, connection=PooledConnection{channel=[id: 0x228b707e, L:/127.0.0.1:50356 - R:localhost/127.0.0.1:8082]}}, [configured])
20:40:47.249 [reactor-http-nio-10] DEBUG reactor.netty.resources.PooledConnectionProvider - [id: 0x75477450, L:/127.0.0.1:50325 - R:localhost/127.0.0.1:8082] onStateChange(GET{uri=/getAttractionRewardPoints?attractionId=9aba899f-c289-424d-a547-62bf8ebbfd29&userId=33081a6f-ee08-4778-98e5-c0e0c8619507, connection=PooledConnection{channel=[id: 0x75477450, L:/127.0.0.1:50325 - R:localhost/127.0.0.1:8082]}}, [request_sent])
20:40:47.249 [reactor-http-nio-10] DEBUG reactor.netty.resources.PooledConnectionProvider - [id: 0x75477450, L:/127.0.0.1:50325 - R:localhost/127.0.0.1:8082] Channel connected, now 39 active connections and 11 inactive connections
20:40:47.249 [reactor-http-nio-11] DEBUG reactor.netty.resources.PooledConnectionProvider - [id: 0x629470fd, L:/127.0.0.1:50348 - R:localhost/127.0.0.1:8082] onStateChange(GET{uri=/getAttractionRewardPoints?attractionId=4d3244a1-080c-42ec-93df-a1ed8493de9d&userId=9b600d57-3481-4dad-8923-bb01caddea09, connection=PooledConnection{channel=[id: 0x629470fd, L:/127.0.0.1:50348 - R:localhost/127.0.0.1:8082]}}, [request_sent])
20:40:47.249 [reactor-http-nio-11] DEBUG reactor.netty.resources.PooledConnectionProvider - [id: 0x629470fd, L:/127.0.0.1:50348 - R:localhost/127.0.0.1:8082] Channel connected, now 39 active connections and 11 inactive connections
20:40:47.249 [reactor-http-nio-11] DEBUG reactor.netty.resources.PooledConnectionProvider - [id: 0xbfea545a, L:/127.0.0.1:50351 - R:localhost/127.0.0.1:8082] Registering pool release on close event for channel
20:40:47.249 [reactor-http-nio-11] DEBUG reactor.netty.http.client.HttpClientConnect - [id: 0xbfea545a, L:/127.0.0.1:50351 - R:localhost/127.0.0.1:8082] Handler is being applied: {uri=http://localhost:8082/getAttractionRewardPoints?attractionId=afeb09da-a3ef-4de3-8472-a00352d9d99d&userId=abb0ae95-5e02-480f-b331-fceae46ba2da, method=GET}
20:40:47.249 [reactor-http-nio-16] DEBUG reactor.netty.http.client.HttpClientOperations - [id: 0x4ab47f8c, L:/127.0.0.1:50291 - R:localhost/127.0.0.1:8081] Received last HTTP packet
20:40:47.249 [pool-14-thread-59] DEBUG org.springframework.web.reactive.function.client.ExchangeFunctions - [49465ccb] HTTP GET http://localhost:8082/getAttractionRewardPoints?attractionId=47a46744-f81b-429b-b3bf-9e2c4dac9761&userId=04064f3e-a9fe-4d8c-a0f6-e0a17fe5ddab
20:40:47.249 [reactor-http-nio-11] DEBUG reactor.netty.resources.PooledConnectionProvider - [id: 0xbfea545a, L:/127.0.0.1:50351 - R:localhost/127.0.0.1:8082] onStateChange(GET{uri=/getAttractionRewardPoints?attractionId=afeb09da-a3ef-4de3-8472-a00352d9d99d&userId=abb0ae95-5e02-480f-b331-fceae46ba2da, connection=PooledConnection{channel=[id: 0xbfea545a, L:/127.0.0.1:50351 - R:localhost/127.0.0.1:8082]}}, [request_sent])
20:40:47.250 [reactor-http-nio-11] DEBUG reactor.netty.resources.PooledConnectionProvider - [id: 0xbfea545a, L:/127.0.0.1:50351 - R:localhost/127.0.0.1:8082] Channel connected, now 41 active connections and 9 inactive connections
20:40:47.250 [reactor-http-nio-13] DEBUG reactor.netty.http.client.HttpClientOperations - [id: 0x62bbe86d, L:/127.0.0.1:50345 - R:localhost/127.0.0.1:8082] Received response (auto-read:false) : [Content-Type=application/json, Transfer-Encoding=chunked, Date=Fri, 11 Jun 2021 15:10:46 GMT]
20:40:47.250 [reactor-http-nio-13] DEBUG reactor.netty.resources.PooledConnectionProvider - [id: 0x62bbe86d, L:/127.0.0.1:50345 - R:localhost/127.0.0.1:8082] onStateChange(GET{uri=/getAttractionRewardPoints?attractionId=5003c4b5-2fc7-4693-a287-e3bc1841acd6&userId=cf6f98c2-c481-45c3-914d-3f3c9e5cca67, connection=PooledConnection{channel=[id: 0x62bbe86d, L:/127.0.0.1:50345 - R:localhost/127.0.0.1:8082]}}, [response_received])
20:40:47.249 [reactor-http-nio-10] DEBUG reactor.netty.resources.PooledConnectionProvider - [id: 0x56dc91d0, L:/127.0.0.1:50326 - R:localhost/127.0.0.1:8082] Registering pool release on close event for channel
20:40:47.250 [reactor-http-nio-10] DEBUG reactor.netty.http.client.HttpClientConnect - [id: 0x56dc91d0, L:/127.0.0.1:50326 - R:localhost/127.0.0.1:8082] Handler is being applied: {uri=http://localhost:8082/getAttractionRewardPoints?attractionId=e193f3ea-8dc2-4549-91bf-89d597d30eda&userId=08fbcf65-33dd-44ec-a857-2e88dfcfe865, method=GET}
20:40:47.250 [reactor-http-nio-16] DEBUG org.springframework.core.codec.StringDecoder - [249eb07c] Decoded "[{"longitude":-117.922008,"latitude":33.817595,"attractionName":"Disneyland","city":"Anaheim","stat (truncated)...
20:40:47.250 [reactor-http-nio-14] DEBUG reactor.netty.http.client.HttpClientOperations - [id: 0xe42ed116, L:/127.0.0.1:50253 - R:localhost/127.0.0.1:8081] Received response (auto-read:false) : [Content-Type=application/json, Transfer-Encoding=chunked, Date=Fri, 11 Jun 2021 15:10:46 GMT]
20:40:47.250 [reactor-http-nio-14] DEBUG reactor.netty.resources.PooledConnectionProvider - [id: 0xe42ed116, L:/127.0.0.1:50253 - R:localhost/127.0.0.1:8081] onStateChange(GET{uri=/getAttractions, connection=PooledConnection{channel=[id: 0xe42ed116, L:/127.0.0.1:50253 - R:localhost/127.0.0.1:8081]}}, [response_received])
20:40:47.250 [reactor-http-nio-13] DEBUG org.springframework.web.reactive.function.client.ExchangeFunctions - [529b5649] Response 200 OK
20:40:47.250 [reactor-http-nio-14] DEBUG org.springframework.web.reactive.function.client.ExchangeFunctions - [2338f6a0] Response 200 OK
20:40:47.250 [reactor-http-nio-14] DEBUG reactor.netty.channel.FluxReceive - [id: 0xe42ed116, L:/127.0.0.1:50253 - R:localhost/127.0.0.1:8081] Subscribing inbound receiver [pending: 0, cancelled:false, inboundDone: false]
20:40:47.250 [reactor-http-nio-13] DEBUG reactor.netty.channel.FluxReceive - [id: 0x62bbe86d, L:/127.0.0.1:50345 - R:localhost/127.0.0.1:8082] Subscribing inbound receiver [pending: 0, cancelled:false, inboundDone: false]
20:40:47.250 [reactor-http-nio-14] DEBUG reactor.netty.http.client.HttpClientOperations - [id: 0xe42ed116, L:/127.0.0.1:50253 - R:localhost/127.0.0.1:8081] Received last HTTP packet
20:40:47.251 [reactor-http-nio-13] DEBUG reactor.netty.http.client.HttpClientOperations - [id: 0x62bbe86d, L:/127.0.0.1:50345 - R:localhost/127.0.0.1:8082] Received last HTTP packet
20:40:47.251 [reactor-http-nio-13] DEBUG org.springframework.core.codec.StringDecoder - [529b5649] Decoded "402"
20:40:47.251 [reactor-http-nio-14] DEBUG org.springframework.core.codec.StringDecoder - [2338f6a0] Decoded "[{"longitude":-117.922008,"latitude":33.817595,"attractionName":"Disneyland","city":"Anaheim","stat (truncated)...
20:40:47.251 [reactor-http-nio-14] DEBUG reactor.netty.resources.PooledConnectionProvider - [id: 0xe42ed116, L:/127.0.0.1:50253 - R:localhost/127.0.0.1:8081] onStateChange(GET{uri=/getAttractions, connection=PooledConnection{channel=[id: 0xe42ed116, L:/127.0.0.1:50253 - R:localhost/127.0.0.1:8081]}}, [disconnecting])
20:40:47.251 [reactor-http-nio-14] DEBUG reactor.netty.resources.PooledConnectionProvider - [id: 0xe42ed116, L:/127.0.0.1:50253 - R:localhost/127.0.0.1:8081] Releasing channel
20:40:47.251 [reactor-http-nio-14] DEBUG reactor.netty.resources.PooledConnectionProvider - [id: 0xe42ed116, L:/127.0.0.1:50253 - R:localhost/127.0.0.1:8081] Channel cleaned, now 7 active connections and 57 inactive connections
20:40:47.251 [reactor-http-nio-14] DEBUG reactor.netty.resources.PooledConnectionProvider - [id: 0x4785efd8, L:/127.0.0.1:50357 - R:localhost/127.0.0.1:8082] onStateChange(PooledConnection{channel=[id: 0x4785efd8, L:/127.0.0.1:50357 - R:localhost/127.0.0.1:8082]}, [connected])
20:40:47.251 [reactor-http-nio-14] DEBUG reactor.netty.resources.PooledConnectionProvider - [id: 0x4785efd8, L:/127.0.0.1:50357 - R:localhost/127.0.0.1:8082] onStateChange(GET{uri=/, connection=PooledConnection{channel=[id: 0x4785efd8, L:/127.0.0.1:50357 - R:localhost/127.0.0.1:8082]}}, [configured])
20:40:47.251 [pool-14-thread-48] DEBUG org.springframework.web.reactive.function.client.ExchangeFunctions - [2a595a9f] HTTP GET http://localhost:8082/getAttractionRewardPoints?attractionId=68dca663-ba13-4e89-bb85-aaeec4e75acd&userId=4415e126-eb28-4e17-bf4f-ebed0c883869
20:40:47.251 [reactor-http-nio-13] DEBUG reactor.netty.resources.PooledConnectionProvider - [id: 0x62bbe86d, L:/127.0.0.1:50345 - R:localhost/127.0.0.1:8082] onStateChange(GET{uri=/getAttractionRewardPoints?attractionId=5003c4b5-2fc7-4693-a287-e3bc1841acd6&userId=cf6f98c2-c481-45c3-914d-3f3c9e5cca67, connection=PooledConnection{channel=[id: 0x62bbe86d, L:/127.0.0.1:50345 - R:localhost/127.0.0.1:8082]}}, [disconnecting])
20:40:47.251 [reactor-http-nio-13] DEBUG reactor.netty.resources.PooledConnectionProvider - [id: 0x62bbe86d, L:/127.0.0.1:50345 - R:localhost/127.0.0.1:8082] Releasing channel
20:40:47.251 [reactor-http-nio-13] DEBUG reactor.netty.resources.PooledConnectionProvider - [id: 0x62bbe86d, L:/127.0.0.1:50345 - R:localhost/127.0.0.1:8082] Channel cleaned, now 40 active connections and 10 inactive connections
20:40:47.251 [reactor-http-nio-13] DEBUG reactor.netty.resources.PooledConnectionProvider - [id: 0x228b707e, L:/127.0.0.1:50356 - R:localhost/127.0.0.1:8082] Registering pool release on close event for channel
20:40:47.250 [reactor-http-nio-16] DEBUG reactor.netty.resources.PooledConnectionProvider - [id: 0x4ab47f8c, L:/127.0.0.1:50291 - R:localhost/127.0.0.1:8081] onStateChange(GET{uri=/getAttractions, connection=PooledConnection{channel=[id: 0x4ab47f8c, L:/127.0.0.1:50291 - R:localhost/127.0.0.1:8081]}}, [disconnecting])
20:40:47.251 [reactor-http-nio-13] DEBUG reactor.netty.http.client.HttpClientConnect - [id: 0x228b707e, L:/127.0.0.1:50356 - R:localhost/127.0.0.1:8082] Handler is being applied: {uri=http://localhost:8082/getAttractionRewardPoints?attractionId=5d5dfa65-cb56-4877-ac60-b114fcb7cf53&userId=3fd2e4aa-0b24-46ce-aa37-996e58d30162, method=GET}
20:40:47.251 [pool-14-thread-63] DEBUG org.springframework.web.reactive.function.client.ExchangeFunctions - [56a4c8c2] HTTP GET http://localhost:8081/getAttractions
20:40:47.251 [reactor-http-nio-14] DEBUG reactor.netty.resources.PooledConnectionProvider - [id: 0x0cd41048, L:/127.0.0.1:50358 - R:localhost/127.0.0.1:8082] onStateChange(PooledConnection{channel=[id: 0x0cd41048, L:/127.0.0.1:50358 - R:localhost/127.0.0.1:8082]}, [connected])
20:40:47.252 [reactor-http-nio-14] DEBUG reactor.netty.resources.PooledConnectionProvider - [id: 0x0cd41048, L:/127.0.0.1:50358 - R:localhost/127.0.0.1:8082] onStateChange(GET{uri=/, connection=PooledConnection{channel=[id: 0x0cd41048, L:/127.0.0.1:50358 - R:localhost/127.0.0.1:8082]}}, [configured])
20:40:47.252 [pool-14-thread-51] DEBUG org.springframework.web.reactive.function.client.ExchangeFunctions - [2dff0cb7] HTTP GET http://localhost:8082/getAttractionRewardPoints?attractionId=af5c31d6-eb7f-4718-ae02-66d01be794b4&userId=c6e991e5-9381-40bb-8163-b5496aa4d868
20:40:47.251 [reactor-http-nio-16] DEBUG reactor.netty.resources.PooledConnectionProvider - [id: 0x4ab47f8c, L:/127.0.0.1:50291 - R:localhost/127.0.0.1:8081] Releasing channel
20:40:47.251 [reactor-http-nio-10] DEBUG reactor.netty.resources.PooledConnectionProvider - [id: 0x56dc91d0, L:/127.0.0.1:50326 - R:localhost/127.0.0.1:8082] onStateChange(GET{uri=/getAttractionRewardPoints?attractionId=e193f3ea-8dc2-4549-91bf-89d597d30eda&userId=08fbcf65-33dd-44ec-a857-2e88dfcfe865, connection=PooledConnection{channel=[id: 0x56dc91d0, L:/127.0.0.1:50326 - R:localhost/127.0.0.1:8082]}}, [request_sent])
20:40:47.252 [reactor-http-nio-10] DEBUG reactor.netty.resources.PooledConnectionProvider - [id: 0x56dc91d0, L:/127.0.0.1:50326 - R:localhost/127.0.0.1:8082] Channel connected, now 42 active connections and 9 inactive connections
20:40:47.252 [reactor-http-nio-10] DEBUG reactor.netty.resources.PooledConnectionProvider - [id: 0x92893c4f] Created new pooled channel, now 42 active connections and 10 inactive connections
20:40:47.252 [reactor-http-nio-14] DEBUG reactor.netty.resources.PooledConnectionProvider - [id: 0x4785efd8, L:/127.0.0.1:50357 - R:localhost/127.0.0.1:8082] Registering pool release on close event for channel
20:40:47.252 [reactor-http-nio-12] DEBUG reactor.netty.resources.PooledConnectionProvider - [id: 0xa3f7a646] Created new pooled channel, now 42 active connections and 9 inactive connections
20:40:47.252 [reactor-http-nio-10] DEBUG reactor.netty.channel.BootstrapHandlers - [id: 0x92893c4f] Initialized pipeline DefaultChannelPipeline{(BootstrapHandlers$BootstrapInitializerHandler#0 = reactor.netty.channel.BootstrapHandlers$BootstrapInitializerHandler), (SimpleChannelPool$1#0 = io.netty.channel.pool.SimpleChannelPool$1), (reactor.left.httpCodec = io.netty.handler.codec.http.HttpClientCodec), (reactor.left.decompressor = io.netty.handler.codec.http.HttpContentDecompressor), (reactor.right.reactiveBridge = reactor.netty.channel.ChannelOperationsHandler)}
20:40:47.252 [reactor-http-nio-16] DEBUG reactor.netty.resources.PooledConnectionProvider - [id: 0x4ab47f8c, L:/127.0.0.1:50291 - R:localhost/127.0.0.1:8081] Channel cleaned, now 6 active connections and 58 inactive connections
20:40:47.252 [reactor-http-nio-10] DEBUG reactor.netty.resources.PooledConnectionProvider - [id: 0x811f3f54] Created new pooled channel, now 42 active connections and 11 inactive connections
20:40:47.252 [reactor-http-nio-12] DEBUG reactor.netty.channel.BootstrapHandlers - [id: 0xa3f7a646] Initialized pipeline DefaultChannelPipeline{(BootstrapHandlers$BootstrapInitializerHandler#0 = reactor.netty.channel.BootstrapHandlers$BootstrapInitializerHandler), (SimpleChannelPool$1#0 = io.netty.channel.pool.SimpleChannelPool$1), (reactor.left.httpCodec = io.netty.handler.codec.http.HttpClientCodec), (reactor.left.decompressor = io.netty.handler.codec.http.HttpContentDecompressor), (reactor.right.reactiveBridge = reactor.netty.channel.ChannelOperationsHandler)}
20:40:47.252 [reactor-http-nio-16] DEBUG reactor.netty.resources.PooledConnectionProvider - [id: 0xd3736007, L:/127.0.0.1:50331 - R:localhost/127.0.0.1:8082] Registering pool release on close event for channel
20:40:47.252 [reactor-http-nio-16] DEBUG reactor.netty.http.client.HttpClientConnect - [id: 0xd3736007, L:/127.0.0.1:50331 - R:localhost/127.0.0.1:8082] Handler is being applied: {uri=http://localhost:8082/getAttractionRewardPoints?attractionId=a11eb78a-bcf0-4ec1-bf43-71e6b3222985&userId=e52e141c-4928-4ffd-abc0-41fcf9568314, method=GET}
20:40:47.253 [reactor-http-nio-10] DEBUG reactor.netty.channel.BootstrapHandlers - [id: 0x811f3f54] Initialized pipeline DefaultChannelPipeline{(BootstrapHandlers$BootstrapInitializerHandler#0 = reactor.netty.channel.BootstrapHandlers$BootstrapInitializerHandler), (SimpleChannelPool$1#0 = io.netty.channel.pool.SimpleChannelPool$1), (reactor.left.httpCodec = io.netty.handler.codec.http.HttpClientCodec), (reactor.left.decompressor = io.netty.handler.codec.http.HttpContentDecompressor), (reactor.right.reactiveBridge = reactor.netty.channel.ChannelOperationsHandler)}
20:40:47.253 [reactor-http-nio-10] DEBUG reactor.netty.resources.PooledConnectionProvider - [id: 0x89be4937, L:/127.0.0.1:50258 - R:localhost/127.0.0.1:8081] Channel acquired, now 7 active connections and 57 inactive connections
20:40:47.253 [reactor-http-nio-2] DEBUG reactor.netty.resources.PooledConnectionProvider - [id: 0x6b095c1c, L:/127.0.0.1:50340 - R:localhost/127.0.0.1:8082] Registering pool release on close event for channel
20:40:47.253 [reactor-http-nio-10] DEBUG reactor.netty.http.client.HttpClientConnect - [id: 0x89be4937, L:/127.0.0.1:50258 - R:localhost/127.0.0.1:8081] Handler is being applied: {uri=http://localhost:8081/getAttractions, method=GET}
20:40:47.253 [reactor-http-nio-2] DEBUG reactor.netty.http.client.HttpClientConnect - [id: 0x6b095c1c, L:/127.0.0.1:50340 - R:localhost/127.0.0.1:8082] Handler is being applied: {uri=http://localhost:8082/getAttractionRewardPoints?attractionId=67026429-06e6-4eee-95ef-6cde29d20f70&userId=6fd09b0f-2109-45f2-80a4-508c9e8018f2, method=GET}
20:40:47.252 [reactor-http-nio-13] DEBUG reactor.netty.resources.PooledConnectionProvider - [id: 0x228b707e, L:/127.0.0.1:50356 - R:localhost/127.0.0.1:8082] onStateChange(GET{uri=/getAttractionRewardPoints?attractionId=5d5dfa65-cb56-4877-ac60-b114fcb7cf53&userId=3fd2e4aa-0b24-46ce-aa37-996e58d30162, connection=PooledConnection{channel=[id: 0x228b707e, L:/127.0.0.1:50356 - R:localhost/127.0.0.1:8082]}}, [request_sent])
20:40:47.253 [reactor-http-nio-13] DEBUG reactor.netty.resources.PooledConnectionProvider - [id: 0x228b707e, L:/127.0.0.1:50356 - R:localhost/127.0.0.1:8082] Channel connected, now 44 active connections and 9 inactive connections
20:40:47.253 [reactor-http-nio-10] DEBUG reactor.netty.resources.PooledConnectionProvider - [id: 0x89be4937, L:/127.0.0.1:50258 - R:localhost/127.0.0.1:8081] onStateChange(GET{uri=/getAttractions, connection=PooledConnection{channel=[id: 0x89be4937, L:/127.0.0.1:50258 - R:localhost/127.0.0.1:8081]}}, [request_sent])
20:40:47.253 [reactor-http-nio-2] DEBUG reactor.netty.resources.PooledConnectionProvider - [id: 0x6b095c1c, L:/127.0.0.1:50340 - R:localhost/127.0.0.1:8082] onStateChange(GET{uri=/getAttractionRewardPoints?attractionId=67026429-06e6-4eee-95ef-6cde29d20f70&userId=6fd09b0f-2109-45f2-80a4-508c9e8018f2, connection=PooledConnection{channel=[id: 0x6b095c1c, L:/127.0.0.1:50340 - R:localhost/127.0.0.1:8082]}}, [request_sent])
20:40:47.252 [reactor-http-nio-14] DEBUG reactor.netty.http.client.HttpClientConnect - [id: 0x4785efd8, L:/127.0.0.1:50357 - R:localhost/127.0.0.1:8082] Handler is being applied: {uri=http://localhost:8082/getAttractionRewardPoints?attractionId=28651fbc-afa1-46bf-bbad-ae9076b80781&userId=e3e3f048-b307-4c89-a1fd-c6ddbd08efdf, method=GET}
20:40:47.253 [reactor-http-nio-2] DEBUG reactor.netty.resources.PooledConnectionProvider - [id: 0x6b095c1c, L:/127.0.0.1:50340 - R:localhost/127.0.0.1:8082] Channel connected, now 44 active connections and 10 inactive connections
20:40:47.253 [reactor-http-nio-2] DEBUG reactor.netty.resources.PooledConnectionProvider - [id: 0x0a357186, L:/127.0.0.1:50341 - R:localhost/127.0.0.1:8082] Registering pool release on close event for channel
20:40:47.253 [reactor-http-nio-2] DEBUG reactor.netty.http.client.HttpClientConnect - [id: 0x0a357186, L:/127.0.0.1:50341 - R:localhost/127.0.0.1:8082] Handler is being applied: {uri=http://localhost:8082/getAttractionRewardPoints?attractionId=0862e2af-d9bf-4c32-b1fc-c999afa9ae1a&userId=ee66b4d2-ae9c-4c37-b5b4-1b1147bb9fbd, method=GET}
20:40:47.254 [reactor-http-nio-16] DEBUG reactor.netty.resources.PooledConnectionProvider - [id: 0xd3736007, L:/127.0.0.1:50331 - R:localhost/127.0.0.1:8082] onStateChange(GET{uri=/getAttractionRewardPoints?attractionId=a11eb78a-bcf0-4ec1-bf43-71e6b3222985&userId=e52e141c-4928-4ffd-abc0-41fcf9568314, connection=PooledConnection{channel=[id: 0xd3736007, L:/127.0.0.1:50331 - R:localhost/127.0.0.1:8082]}}, [request_sent])
20:40:47.254 [reactor-http-nio-12] DEBUG reactor.netty.resources.PooledConnectionProvider - [id: 0xa3f7a646, L:/127.0.0.1:50359 - R:localhost/127.0.0.1:8082] onStateChange(PooledConnection{channel=[id: 0xa3f7a646, L:/127.0.0.1:50359 - R:localhost/127.0.0.1:8082]}, [connected])
20:40:47.254 [reactor-http-nio-16] DEBUG reactor.netty.resources.PooledConnectionProvider - [id: 0xd3736007, L:/127.0.0.1:50331 - R:localhost/127.0.0.1:8082] Channel connected, now 45 active connections and 9 inactive connections
20:40:47.254 [reactor-http-nio-16] DEBUG reactor.netty.resources.PooledConnectionProvider - [id: 0x9ee03ed6] Created new pooled channel, now 45 active connections and 10 inactive connections
20:40:47.254 [reactor-http-nio-10] DEBUG reactor.netty.resources.PooledConnectionProvider - [id: 0xdb3b61c8] Created new pooled channel, now 45 active connections and 10 inactive connections
20:40:47.254 [reactor-http-nio-2] DEBUG reactor.netty.resources.PooledConnectionProvider - [id: 0x0a357186, L:/127.0.0.1:50341 - R:localhost/127.0.0.1:8082] onStateChange(GET{uri=/getAttractionRewardPoints?attractionId=0862e2af-d9bf-4c32-b1fc-c999afa9ae1a&userId=ee66b4d2-ae9c-4c37-b5b4-1b1147bb9fbd, connection=PooledConnection{channel=[id: 0x0a357186, L:/127.0.0.1:50341 - R:localhost/127.0.0.1:8082]}}, [request_sent])
20:40:47.254 [reactor-http-nio-2] DEBUG reactor.netty.resources.PooledConnectionProvider - [id: 0x0a357186, L:/127.0.0.1:50341 - R:localhost/127.0.0.1:8082] Channel connected, now 45 active connections and 10 inactive connections
20:40:47.254 [reactor-http-nio-12] DEBUG reactor.netty.resources.PooledConnectionProvider - [id: 0xa3f7a646, L:/127.0.0.1:50359 - R:localhost/127.0.0.1:8082] onStateChange(GET{uri=/, connection=PooledConnection{channel=[id: 0xa3f7a646, L:/127.0.0.1:50359 - R:localhost/127.0.0.1:8082]}}, [configured])
20:40:47.254 [reactor-http-nio-14] DEBUG reactor.netty.resources.PooledConnectionProvider - [id: 0x4785efd8, L:/127.0.0.1:50357 - R:localhost/127.0.0.1:8082] onStateChange(GET{uri=/getAttractionRewardPoints?attractionId=28651fbc-afa1-46bf-bbad-ae9076b80781&userId=e3e3f048-b307-4c89-a1fd-c6ddbd08efdf, connection=PooledConnection{channel=[id: 0x4785efd8, L:/127.0.0.1:50357 - R:localhost/127.0.0.1:8082]}}, [request_sent])
20:40:47.254 [reactor-http-nio-12] DEBUG reactor.netty.resources.PooledConnectionProvider - [id: 0xa3f7a646, L:/127.0.0.1:50359 - R:localhost/127.0.0.1:8082] Registering pool release on close event for channel
20:40:47.254 [reactor-http-nio-10] DEBUG reactor.netty.channel.BootstrapHandlers - [id: 0xdb3b61c8] Initialized pipeline DefaultChannelPipeline{(BootstrapHandlers$BootstrapInitializerHandler#0 = reactor.netty.channel.BootstrapHandlers$BootstrapInitializerHandler), (SimpleChannelPool$1#0 = io.netty.channel.pool.SimpleChannelPool$1), (reactor.left.httpCodec = io.netty.handler.codec.http.HttpClientCodec), (reactor.left.decompressor = io.netty.handler.codec.http.HttpContentDecompressor), (reactor.right.reactiveBridge = reactor.netty.channel.ChannelOperationsHandler)}
20:40:47.254 [reactor-http-nio-16] DEBUG reactor.netty.channel.BootstrapHandlers - [id: 0x9ee03ed6] Initialized pipeline DefaultChannelPipeline{(BootstrapHandlers$BootstrapInitializerHandler#0 = reactor.netty.channel.BootstrapHandlers$BootstrapInitializerHandler), (SimpleChannelPool$1#0 = io.netty.channel.pool.SimpleChannelPool$1), (reactor.left.httpCodec = io.netty.handler.codec.http.HttpClientCodec), (reactor.left.decompressor = io.netty.handler.codec.http.HttpContentDecompressor), (reactor.right.reactiveBridge = reactor.netty.channel.ChannelOperationsHandler)}
20:40:47.254 [reactor-http-nio-14] DEBUG reactor.netty.resources.PooledConnectionProvider - [id: 0x4785efd8, L:/127.0.0.1:50357 - R:localhost/127.0.0.1:8082] Channel connected, now 46 active connections and 9 inactive connections
20:40:47.254 [reactor-http-nio-14] DEBUG reactor.netty.resources.PooledConnectionProvider - [id: 0x0cd41048, L:/127.0.0.1:50358 - R:localhost/127.0.0.1:8082] Registering pool release on close event for channel
20:40:47.254 [reactor-http-nio-14] DEBUG reactor.netty.http.client.HttpClientConnect - [id: 0x0cd41048, L:/127.0.0.1:50358 - R:localhost/127.0.0.1:8082] Handler is being applied: {uri=http://localhost:8082/getAttractionRewardPoints?attractionId=746304d5-e10a-4b9a-ba16-fc70f6bc55eb&userId=85743330-e83a-497a-9b18-1ecf13065e66, method=GET}
20:40:47.254 [reactor-http-nio-12] DEBUG reactor.netty.http.client.HttpClientConnect - [id: 0xa3f7a646, L:/127.0.0.1:50359 - R:localhost/127.0.0.1:8082] Handler is being applied: {uri=http://localhost:8082/getAttractionRewardPoints?attractionId=68dca663-ba13-4e89-bb85-aaeec4e75acd&userId=4415e126-eb28-4e17-bf4f-ebed0c883869, method=GET}
20:40:47.255 [reactor-http-nio-2] DEBUG reactor.netty.resources.PooledConnectionProvider - [id: 0x99fd8159, L:/127.0.0.1:50352 - R:localhost/127.0.0.1:8082] Registering pool release on close event for channel
20:40:47.255 [reactor-http-nio-16] DEBUG reactor.netty.resources.PooledConnectionProvider - [id: 0xc22dad5a] Created new pooled channel, now 49 active connections and 7 inactive connections
20:40:47.255 [reactor-http-nio-15] DEBUG reactor.netty.resources.PooledConnectionProvider - [id: 0x55b3b3dd, L:/127.0.0.1:50318 - R:localhost/127.0.0.1:8082] Channel acquired, now 49 active connections and 7 inactive connections
20:40:47.255 [reactor-http-nio-10] DEBUG reactor.netty.http.client.HttpClientOperations - [id: 0xfd5cebe1, L:/127.0.0.1:50290 - R:localhost/127.0.0.1:8081] Received response (auto-read:false) : [Content-Type=application/json, Transfer-Encoding=chunked, Date=Fri, 11 Jun 2021 15:10:46 GMT]
20:40:47.255 [reactor-http-nio-14] DEBUG reactor.netty.resources.PooledConnectionProvider - [id: 0x0cd41048, L:/127.0.0.1:50358 - R:localhost/127.0.0.1:8082] onStateChange(GET{uri=/getAttractionRewardPoints?attractionId=746304d5-e10a-4b9a-ba16-fc70f6bc55eb&userId=85743330-e83a-497a-9b18-1ecf13065e66, connection=PooledConnection{channel=[id: 0x0cd41048, L:/127.0.0.1:50358 - R:localhost/127.0.0.1:8082]}}, [request_sent])
20:40:47.255 [reactor-http-nio-15] DEBUG reactor.netty.http.client.HttpClientConnect - [id: 0x55b3b3dd, L:/127.0.0.1:50318 - R:localhost/127.0.0.1:8082] Handler is being applied: {uri=http://localhost:8082/getAttractionRewardPoints?attractionId=d3924eaa-b755-4f9c-822f-228932b35d01&userId=47b5af62-3da7-4def-8475-5c786075219c, method=GET}
20:40:47.255 [reactor-http-nio-14] DEBUG reactor.netty.resources.PooledConnectionProvider - [id: 0x0cd41048, L:/127.0.0.1:50358 - R:localhost/127.0.0.1:8082] Channel connected, now 49 active connections and 7 inactive connections
20:40:47.255 [reactor-http-nio-2] DEBUG reactor.netty.http.client.HttpClientConnect - [id: 0x99fd8159, L:/127.0.0.1:50352 - R:localhost/127.0.0.1:8082] Handler is being applied: {uri=http://localhost:8082/getAttractionRewardPoints?attractionId=7d2ded19-52d2-4406-9421-7be3384d31d3&userId=9f86100a-dfdf-47bb-afb8-1e7ab1863fb5, method=GET}
20:40:47.255 [reactor-http-nio-16] DEBUG reactor.netty.channel.BootstrapHandlers - [id: 0xc22dad5a] Initialized pipeline DefaultChannelPipeline{(BootstrapHandlers$BootstrapInitializerHandler#0 = reactor.netty.channel.BootstrapHandlers$BootstrapInitializerHandler), (SimpleChannelPool$1#0 = io.netty.channel.pool.SimpleChannelPool$1), (reactor.left.httpCodec = io.netty.handler.codec.http.HttpClientCodec), (reactor.left.decompressor = io.netty.handler.codec.http.HttpContentDecompressor), (reactor.right.reactiveBridge = reactor.netty.channel.ChannelOperationsHandler)}
20:40:47.255 [reactor-http-nio-10] DEBUG reactor.netty.resources.PooledConnectionProvider - [id: 0xfd5cebe1, L:/127.0.0.1:50290 - R:localhost/127.0.0.1:8081] onStateChange(GET{uri=/getAttractions, connection=PooledConnection{channel=[id: 0xfd5cebe1, L:/127.0.0.1:50290 - R:localhost/127.0.0.1:8081]}}, [response_received])
20:40:47.255 [reactor-http-nio-16] DEBUG reactor.netty.resources.PooledConnectionProvider - [id: 0x1d70709c] Created new pooled channel, now 50 active connections and 7 inactive connections
20:40:47.255 [reactor-http-nio-10] DEBUG org.springframework.web.reactive.function.client.ExchangeFunctions - [67a4c53d] Response 200 OK
20:40:47.255 [reactor-http-nio-13] DEBUG reactor.netty.resources.PooledConnectionProvider - [id: 0x62bbe86d, L:/127.0.0.1:50345 - R:localhost/127.0.0.1:8082] Channel acquired, now 50 active connections and 6 inactive connections
20:40:47.256 [reactor-http-nio-15] DEBUG reactor.netty.resources.PooledConnectionProvider - [id: 0x55b3b3dd, L:/127.0.0.1:50318 - R:localhost/127.0.0.1:8082] onStateChange(GET{uri=/getAttractionRewardPoints?attractionId=d3924eaa-b755-4f9c-822f-228932b35d01&userId=47b5af62-3da7-4def-8475-5c786075219c, connection=PooledConnection{channel=[id: 0x55b3b3dd, L:/127.0.0.1:50318 - R:localhost/127.0.0.1:8082]}}, [request_sent])
20:40:47.256 [reactor-http-nio-2] DEBUG reactor.netty.resources.PooledConnectionProvider - [id: 0x99fd8159, L:/127.0.0.1:50352 - R:localhost/127.0.0.1:8082] onStateChange(GET{uri=/getAttractionRewardPoints?attractionId=7d2ded19-52d2-4406-9421-7be3384d31d3&userId=9f86100a-dfdf-47bb-afb8-1e7ab1863fb5, connection=PooledConnection{channel=[id: 0x99fd8159, L:/127.0.0.1:50352 - R:localhost/127.0.0.1:8082]}}, [request_sent])
20:40:47.256 [reactor-http-nio-2] DEBUG reactor.netty.resources.PooledConnectionProvider - [id: 0x99fd8159, L:/127.0.0.1:50352 - R:localhost/127.0.0.1:8082] Channel connected, now 50 active connections and 7 inactive connections
20:40:47.255 [reactor-http-nio-16] DEBUG reactor.netty.channel.BootstrapHandlers - [id: 0x1d70709c] Initialized pipeline DefaultChannelPipeline{(BootstrapHandlers$BootstrapInitializerHandler#0 = reactor.netty.channel.BootstrapHandlers$BootstrapInitializerHandler), (SimpleChannelPool$1#0 = io.netty.channel.pool.SimpleChannelPool$1), (reactor.left.httpCodec = io.netty.handler.codec.http.HttpClientCodec), (reactor.left.decompressor = io.netty.handler.codec.http.HttpContentDecompressor), (reactor.right.reactiveBridge = reactor.netty.channel.ChannelOperationsHandler)}
20:40:47.256 [reactor-http-nio-12] DEBUG reactor.netty.resources.PooledConnectionProvider - [id: 0xa3f7a646, L:/127.0.0.1:50359 - R:localhost/127.0.0.1:8082] onStateChange(GET{uri=/getAttractionRewardPoints?attractionId=68dca663-ba13-4e89-bb85-aaeec4e75acd&userId=4415e126-eb28-4e17-bf4f-ebed0c883869, connection=PooledConnection{channel=[id: 0xa3f7a646, L:/127.0.0.1:50359 - R:localhost/127.0.0.1:8082]}}, [request_sent])
20:40:47.256 [reactor-http-nio-12] DEBUG reactor.netty.resources.PooledConnectionProvider - [id: 0xa3f7a646, L:/127.0.0.1:50359 - R:localhost/127.0.0.1:8082] Channel connected, now 50 active connections and 7 inactive connections
20:40:47.256 [reactor-http-nio-13] DEBUG reactor.netty.http.client.HttpClientConnect - [id: 0x62bbe86d, L:/127.0.0.1:50345 - R:localhost/127.0.0.1:8082] Handler is being applied: {uri=http://localhost:8082/getAttractionRewardPoints?attractionId=af5c31d6-eb7f-4718-ae02-66d01be794b4&userId=c6e991e5-9381-40bb-8163-b5496aa4d868, method=GET}
20:40:47.256 [reactor-http-nio-10] DEBUG reactor.netty.channel.FluxReceive - [id: 0xfd5cebe1, L:/127.0.0.1:50290 - R:localhost/127.0.0.1:8081] Subscribing inbound receiver [pending: 0, cancelled:false, inboundDone: false]
20:40:47.256 [reactor-http-nio-10] DEBUG reactor.netty.http.client.HttpClientOperations - [id: 0xfd5cebe1, L:/127.0.0.1:50290 - R:localhost/127.0.0.1:8081] Received last HTTP packet
20:40:47.257 [reactor-http-nio-13] DEBUG reactor.netty.resources.PooledConnectionProvider - [id: 0x62bbe86d, L:/127.0.0.1:50345 - R:localhost/127.0.0.1:8082] onStateChange(GET{uri=/getAttractionRewardPoints?attractionId=af5c31d6-eb7f-4718-ae02-66d01be794b4&userId=c6e991e5-9381-40bb-8163-b5496aa4d868, connection=PooledConnection{channel=[id: 0x62bbe86d, L:/127.0.0.1:50345 - R:localhost/127.0.0.1:8082]}}, [request_sent])
20:40:47.256 [reactor-http-nio-16] DEBUG reactor.netty.resources.PooledConnectionProvider - [id: 0x9ee03ed6, L:/127.0.0.1:50363 - R:localhost/127.0.0.1:8082] onStateChange(PooledConnection{channel=[id: 0x9ee03ed6, L:/127.0.0.1:50363 - R:localhost/127.0.0.1:8082]}, [connected])
20:40:47.257 [reactor-http-nio-16] DEBUG reactor.netty.resources.PooledConnectionProvider - [id: 0x9ee03ed6, L:/127.0.0.1:50363 - R:localhost/127.0.0.1:8082] onStateChange(GET{uri=/, connection=PooledConnection{channel=[id: 0x9ee03ed6, L:/127.0.0.1:50363 - R:localhost/127.0.0.1:8082]}}, [configured])
20:40:47.257 [reactor-http-nio-10] DEBUG org.springframework.core.codec.StringDecoder - [67a4c53d] Decoded "[{"longitude":-117.922008,"latitude":33.817595,"attractionName":"Disneyland","city":"Anaheim","stat (truncated)...
20:40:47.257 [reactor-http-nio-16] DEBUG reactor.netty.resources.PooledConnectionProvider - [id: 0xc22dad5a, L:/127.0.0.1:50364 - R:localhost/127.0.0.1:8082] onStateChange(PooledConnection{channel=[id: 0xc22dad5a, L:/127.0.0.1:50364 - R:localhost/127.0.0.1:8082]}, [connected])
20:40:47.257 [reactor-http-nio-16] DEBUG reactor.netty.resources.PooledConnectionProvider - [id: 0xc22dad5a, L:/127.0.0.1:50364 - R:localhost/127.0.0.1:8082] onStateChange(GET{uri=/, connection=PooledConnection{channel=[id: 0xc22dad5a, L:/127.0.0.1:50364 - R:localhost/127.0.0.1:8082]}}, [configured])
20:40:47.257 [reactor-http-nio-10] DEBUG reactor.netty.resources.PooledConnectionProvider - [id: 0xfd5cebe1, L:/127.0.0.1:50290 - R:localhost/127.0.0.1:8081] onStateChange(GET{uri=/getAttractions, connection=PooledConnection{channel=[id: 0xfd5cebe1, L:/127.0.0.1:50290 - R:localhost/127.0.0.1:8081]}}, [disconnecting])
20:40:47.257 [reactor-http-nio-10] DEBUG reactor.netty.resources.PooledConnectionProvider - [id: 0xfd5cebe1, L:/127.0.0.1:50290 - R:localhost/127.0.0.1:8081] Releasing channel
20:40:47.257 [reactor-http-nio-10] DEBUG reactor.netty.resources.PooledConnectionProvider - [id: 0xfd5cebe1, L:/127.0.0.1:50290 - R:localhost/127.0.0.1:8081] Channel cleaned, now 6 active connections and 58 inactive connections
20:40:47.257 [reactor-http-nio-16] DEBUG reactor.netty.resources.PooledConnectionProvider - [id: 0x1d70709c, L:/127.0.0.1:50365 - R:localhost/127.0.0.1:8082] onStateChange(PooledConnection{channel=[id: 0x1d70709c, L:/127.0.0.1:50365 - R:localhost/127.0.0.1:8082]}, [connected])
20:40:47.257 [reactor-http-nio-16] DEBUG reactor.netty.resources.PooledConnectionProvider - [id: 0x1d70709c, L:/127.0.0.1:50365 - R:localhost/127.0.0.1:8082] onStateChange(GET{uri=/, connection=PooledConnection{channel=[id: 0x1d70709c, L:/127.0.0.1:50365 - R:localhost/127.0.0.1:8082]}}, [configured])
20:40:47.257 [reactor-http-nio-16] DEBUG reactor.netty.resources.PooledConnectionProvider - [id: 0x9ee03ed6, L:/127.0.0.1:50363 - R:localhost/127.0.0.1:8082] Registering pool release on close event for channel
20:40:47.257 [reactor-http-nio-16] DEBUG reactor.netty.http.client.HttpClientConnect - [id: 0x9ee03ed6, L:/127.0.0.1:50363 - R:localhost/127.0.0.1:8082] Handler is being applied: {uri=http://localhost:8082/getAttractionRewardPoints?attractionId=53149052-766e-478d-a3c1-6fbefa334836&userId=3f0b630b-b61c-444c-8dea-5164ce938426, method=GET}
20:40:47.257 [reactor-http-nio-10] DEBUG reactor.netty.http.client.HttpClientOperations - [id: 0x163b3bc4, L:/127.0.0.1:50305 - R:localhost/127.0.0.1:8081] Received response (auto-read:false) : [Content-Type=application/json, Transfer-Encoding=chunked, Date=Fri, 11 Jun 2021 15:10:46 GMT]
20:40:47.258 [reactor-http-nio-10] DEBUG reactor.netty.resources.PooledConnectionProvider - [id: 0x163b3bc4, L:/127.0.0.1:50305 - R:localhost/127.0.0.1:8081] onStateChange(GET{uri=/getAttractions, connection=PooledConnection{channel=[id: 0x163b3bc4, L:/127.0.0.1:50305 - R:localhost/127.0.0.1:8081]}}, [response_received])
20:40:47.258 [reactor-http-nio-10] DEBUG org.springframework.web.reactive.function.client.ExchangeFunctions - [65912da4] Response 200 OK
20:40:47.258 [reactor-http-nio-16] DEBUG reactor.netty.resources.PooledConnectionProvider - [id: 0x9ee03ed6, L:/127.0.0.1:50363 - R:localhost/127.0.0.1:8082] onStateChange(GET{uri=/getAttractionRewardPoints?attractionId=53149052-766e-478d-a3c1-6fbefa334836&userId=3f0b630b-b61c-444c-8dea-5164ce938426, connection=PooledConnection{channel=[id: 0x9ee03ed6, L:/127.0.0.1:50363 - R:localhost/127.0.0.1:8082]}}, [request_sent])
20:40:47.258 [reactor-http-nio-10] DEBUG reactor.netty.channel.FluxReceive - [id: 0x163b3bc4, L:/127.0.0.1:50305 - R:localhost/127.0.0.1:8081] Subscribing inbound receiver [pending: 0, cancelled:false, inboundDone: false]
20:40:47.258 [reactor-http-nio-14] DEBUG reactor.netty.http.client.HttpClientOperations - [id: 0xdc980221, L:/127.0.0.1:50298 - R:localhost/127.0.0.1:8081] Received response (auto-read:false) : [Content-Type=application/json, Transfer-Encoding=chunked, Date=Fri, 11 Jun 2021 15:10:46 GMT]
20:40:47.258 [reactor-http-nio-14] DEBUG reactor.netty.resources.PooledConnectionProvider - [id: 0xdc980221, L:/127.0.0.1:50298 - R:localhost/127.0.0.1:8081] onStateChange(GET{uri=/getAttractions, connection=PooledConnection{channel=[id: 0xdc980221, L:/127.0.0.1:50298 - R:localhost/127.0.0.1:8081]}}, [response_received])
20:40:47.258 [reactor-http-nio-14] DEBUG org.springframework.web.reactive.function.client.ExchangeFunctions - [570a52c1] Response 200 OK
20:40:47.258 [reactor-http-nio-10] DEBUG reactor.netty.http.client.HttpClientOperations - [id: 0x163b3bc4, L:/127.0.0.1:50305 - R:localhost/127.0.0.1:8081] Received last HTTP packet
20:40:47.258 [reactor-http-nio-16] DEBUG reactor.netty.resources.PooledConnectionProvider - [id: 0x9ee03ed6, L:/127.0.0.1:50363 - R:localhost/127.0.0.1:8082] Channel connected, now 51 active connections and 6 inactive connections
20:40:47.258 [pool-14-thread-34] DEBUG org.springframework.web.reactive.function.client.ExchangeFunctions - [696337b9] HTTP GET http://localhost:8082/getAttractionRewardPoints?attractionId=f7730381-84f4-4d07-b7b4-86aa93c6570b&userId=00b533ba-9a04-4954-b230-f6f5e703f112
20:40:47.258 [reactor-http-nio-16] DEBUG reactor.netty.resources.PooledConnectionProvider - [id: 0x736d1567, L:/127.0.0.1:50275 - R:localhost/127.0.0.1:8081] Channel acquired, now 7 active connections and 57 inactive connections
20:40:47.258 [reactor-http-nio-14] DEBUG reactor.netty.channel.FluxReceive - [id: 0xdc980221, L:/127.0.0.1:50298 - R:localhost/127.0.0.1:8081] Subscribing inbound receiver [pending: 0, cancelled:false, inboundDone: false]
20:40:47.258 [reactor-http-nio-10] DEBUG org.springframework.core.codec.StringDecoder - [65912da4] Decoded "[{"longitude":-117.922008,"latitude":33.817595,"attractionName":"Disneyland","city":"Anaheim","stat (truncated)...
20:40:47.258 [reactor-http-nio-10] DEBUG reactor.netty.resources.PooledConnectionProvider - [id: 0x163b3bc4, L:/127.0.0.1:50305 - R:localhost/127.0.0.1:8081] onStateChange(GET{uri=/getAttractions, connection=PooledConnection{channel=[id: 0x163b3bc4, L:/127.0.0.1:50305 - R:localhost/127.0.0.1:8081]}}, [disconnecting])
20:40:47.258 [reactor-http-nio-10] DEBUG reactor.netty.resources.PooledConnectionProvider - [id: 0x163b3bc4, L:/127.0.0.1:50305 - R:localhost/127.0.0.1:8081] Releasing channel
20:40:47.259 [reactor-http-nio-14] DEBUG reactor.netty.http.client.HttpClientOperations - [id: 0xdc980221, L:/127.0.0.1:50298 - R:localhost/127.0.0.1:8081] Received last HTTP packet
20:40:47.258 [reactor-http-nio-16] DEBUG reactor.netty.http.client.HttpClientConnect - [id: 0x736d1567, L:/127.0.0.1:50275 - R:localhost/127.0.0.1:8081] Handler is being applied: {uri=http://localhost:8081/getAttractions, method=GET}
20:40:47.259 [reactor-http-nio-10] DEBUG reactor.netty.resources.PooledConnectionProvider - [id: 0x163b3bc4, L:/127.0.0.1:50305 - R:localhost/127.0.0.1:8081] Channel cleaned, now 6 active connections and 58 inactive connections
20:40:47.259 [reactor-http-nio-14] DEBUG org.springframework.core.codec.StringDecoder - [570a52c1] Decoded "[{"longitude":-117.922008,"latitude":33.817595,"attractionName":"Disneyland","city":"Anaheim","stat (truncated)...
20:40:47.259 [reactor-http-nio-14] DEBUG reactor.netty.resources.PooledConnectionProvider - [id: 0xdc980221, L:/127.0.0.1:50298 - R:localhost/127.0.0.1:8081] onStateChange(GET{uri=/getAttractions, connection=PooledConnection{channel=[id: 0xdc980221, L:/127.0.0.1:50298 - R:localhost/127.0.0.1:8081]}}, [disconnecting])
20:40:47.259 [reactor-http-nio-14] DEBUG reactor.netty.resources.PooledConnectionProvider - [id: 0xdc980221, L:/127.0.0.1:50298 - R:localhost/127.0.0.1:8081] Releasing channel
20:40:47.259 [reactor-http-nio-14] DEBUG reactor.netty.resources.PooledConnectionProvider - [id: 0xdc980221, L:/127.0.0.1:50298 - R:localhost/127.0.0.1:8081] Channel cleaned, now 5 active connections and 59 inactive connections
20:40:47.259 [reactor-http-nio-10] DEBUG reactor.netty.http.client.HttpClientOperations - [id: 0x2c66aa2f, L:/127.0.0.1:50251 - R:localhost/127.0.0.1:8081] Received response (auto-read:false) : [Content-Type=application/json, Transfer-Encoding=chunked, Date=Fri, 11 Jun 2021 15:10:46 GMT]
20:40:47.259 [reactor-http-nio-10] DEBUG reactor.netty.resources.PooledConnectionProvider - [id: 0x2c66aa2f, L:/127.0.0.1:50251 - R:localhost/127.0.0.1:8081] onStateChange(GET{uri=/getAttractions, connection=PooledConnection{channel=[id: 0x2c66aa2f, L:/127.0.0.1:50251 - R:localhost/127.0.0.1:8081]}}, [response_received])
20:40:47.259 [reactor-http-nio-10] DEBUG org.springframework.web.reactive.function.client.ExchangeFunctions - [1c407ac8] Response 200 OK
20:40:47.260 [pool-14-thread-53] DEBUG org.springframework.web.reactive.function.client.ExchangeFunctions - [6b56df66] HTTP GET http://localhost:8082/getAttractionRewardPoints?attractionId=6dc04905-12e7-4441-857c-761d2563815c&userId=4a7f84f0-52da-4144-bb4a-3ad7f7f222c4
20:40:47.259 [reactor-http-nio-16] DEBUG reactor.netty.resources.PooledConnectionProvider - [id: 0x736d1567, L:/127.0.0.1:50275 - R:localhost/127.0.0.1:8081] onStateChange(GET{uri=/getAttractions, connection=PooledConnection{channel=[id: 0x736d1567, L:/127.0.0.1:50275 - R:localhost/127.0.0.1:8081]}}, [request_sent])
20:40:47.260 [reactor-http-nio-10] DEBUG reactor.netty.channel.FluxReceive - [id: 0x2c66aa2f, L:/127.0.0.1:50251 - R:localhost/127.0.0.1:8081] Subscribing inbound receiver [pending: 0, cancelled:false, inboundDone: false]
20:40:47.260 [reactor-http-nio-16] DEBUG reactor.netty.resources.PooledConnectionProvider - [id: 0xc22dad5a, L:/127.0.0.1:50364 - R:localhost/127.0.0.1:8082] Registering pool release on close event for channel
20:40:47.260 [reactor-http-nio-16] DEBUG reactor.netty.http.client.HttpClientConnect - [id: 0xc22dad5a, L:/127.0.0.1:50364 - R:localhost/127.0.0.1:8082] Handler is being applied: {uri=http://localhost:8082/getAttractionRewardPoints?attractionId=6f08cb4b-6997-43d0-8e37-3cefcdd9af45&userId=3c7cd3a4-1427-4d81-a785-67df97afe4e6, method=GET}
20:40:47.260 [pool-13-thread-1] DEBUG org.springframework.web.reactive.function.client.ExchangeFunctions - [5335dcf8] HTTP GET http://localhost:8082/getAttractionRewardPoints?attractionId=ef8e8ce3-6559-4b61-83f9-2ba627aa3c96&userId=23fbd6bf-60c3-451f-a9df-607efaa168ce
20:40:47.260 [reactor-http-nio-10] DEBUG reactor.netty.http.client.HttpClientOperations - [id: 0x2c66aa2f, L:/127.0.0.1:50251 - R:localhost/127.0.0.1:8081] Received last HTTP packet
20:40:47.260 [reactor-http-nio-11] DEBUG reactor.netty.resources.PooledConnectionProvider - [id: 0x4220aa38] Created new pooled channel, now 52 active connections and 6 inactive connections
20:40:47.260 [reactor-http-nio-11] DEBUG reactor.netty.channel.BootstrapHandlers - [id: 0x4220aa38] Initialized pipeline DefaultChannelPipeline{(BootstrapHandlers$BootstrapInitializerHandler#0 = reactor.netty.channel.BootstrapHandlers$BootstrapInitializerHandler), (SimpleChannelPool$1#0 = io.netty.channel.pool.SimpleChannelPool$1), (reactor.left.httpCodec = io.netty.handler.codec.http.HttpClientCodec), (reactor.left.decompressor = io.netty.handler.codec.http.HttpContentDecompressor), (reactor.right.reactiveBridge = reactor.netty.channel.ChannelOperationsHandler)}
20:40:47.260 [reactor-http-nio-10] DEBUG org.springframework.core.codec.StringDecoder - [1c407ac8] Decoded "[{"longitude":-117.922008,"latitude":33.817595,"attractionName":"Disneyland","city":"Anaheim","stat (truncated)...
20:40:47.260 [reactor-http-nio-10] DEBUG reactor.netty.resources.PooledConnectionProvider - [id: 0x2c66aa2f, L:/127.0.0.1:50251 - R:localhost/127.0.0.1:8081] onStateChange(GET{uri=/getAttractions, connection=PooledConnection{channel=[id: 0x2c66aa2f, L:/127.0.0.1:50251 - R:localhost/127.0.0.1:8081]}}, [disconnecting])
20:40:47.260 [reactor-http-nio-10] DEBUG reactor.netty.resources.PooledConnectionProvider - [id: 0x2c66aa2f, L:/127.0.0.1:50251 - R:localhost/127.0.0.1:8081] Releasing channel
20:40:47.260 [reactor-http-nio-16] DEBUG reactor.netty.resources.PooledConnectionProvider - [id: 0xc22dad5a, L:/127.0.0.1:50364 - R:localhost/127.0.0.1:8082] onStateChange(GET{uri=/getAttractionRewardPoints?attractionId=6f08cb4b-6997-43d0-8e37-3cefcdd9af45&userId=3c7cd3a4-1427-4d81-a785-67df97afe4e6, connection=PooledConnection{channel=[id: 0xc22dad5a, L:/127.0.0.1:50364 - R:localhost/127.0.0.1:8082]}}, [request_sent])
20:40:47.260 [reactor-http-nio-16] DEBUG reactor.netty.resources.PooledConnectionProvider - [id: 0xc22dad5a, L:/127.0.0.1:50364 - R:localhost/127.0.0.1:8082] Channel connected, now 52 active connections and 6 inactive connections
20:40:47.260 [reactor-http-nio-12] DEBUG reactor.netty.resources.PooledConnectionProvider - [id: 0x0154bb24] Created new pooled channel, now 53 active connections and 6 inactive connections
20:40:47.260 [reactor-http-nio-10] DEBUG reactor.netty.resources.PooledConnectionProvider - [id: 0x2c66aa2f, L:/127.0.0.1:50251 - R:localhost/127.0.0.1:8081] Channel cleaned, now 4 active connections and 60 inactive connections
20:40:47.261 [reactor-http-nio-12] DEBUG reactor.netty.channel.BootstrapHandlers - [id: 0x0154bb24] Initialized pipeline DefaultChannelPipeline{(BootstrapHandlers$BootstrapInitializerHandler#0 = reactor.netty.channel.BootstrapHandlers$BootstrapInitializerHandler), (SimpleChannelPool$1#0 = io.netty.channel.pool.SimpleChannelPool$1), (reactor.left.httpCodec = io.netty.handler.codec.http.HttpClientCodec), (reactor.left.decompressor = io.netty.handler.codec.http.HttpContentDecompressor), (reactor.right.reactiveBridge = reactor.netty.channel.ChannelOperationsHandler)}
20:40:47.260 [reactor-http-nio-16] DEBUG reactor.netty.resources.PooledConnectionProvider - [id: 0x1d70709c, L:/127.0.0.1:50365 - R:localhost/127.0.0.1:8082] Registering pool release on close event for channel
20:40:47.261 [reactor-http-nio-10] DEBUG reactor.netty.http.client.HttpClientOperations - [id: 0x5829f75f, L:/127.0.0.1:50259 - R:localhost/127.0.0.1:8081] Received response (auto-read:false) : [Content-Type=application/json, Transfer-Encoding=chunked, Date=Fri, 11 Jun 2021 15:10:46 GMT]
20:40:47.261 [reactor-http-nio-11] DEBUG reactor.netty.resources.PooledConnectionProvider - [id: 0x4220aa38, L:/127.0.0.1:50366 - R:localhost/127.0.0.1:8082] onStateChange(PooledConnection{channel=[id: 0x4220aa38, L:/127.0.0.1:50366 - R:localhost/127.0.0.1:8082]}, [connected])
20:40:47.261 [reactor-http-nio-16] DEBUG reactor.netty.http.client.HttpClientConnect - [id: 0x1d70709c, L:/127.0.0.1:50365 - R:localhost/127.0.0.1:8082] Handler is being applied: {uri=http://localhost:8082/getAttractionRewardPoints?attractionId=bf9a7b39-dda1-4f9a-a855-508617f2bfdd&userId=638aae94-da72-481f-bf24-4c86f69f7ce7, method=GET}
20:40:47.261 [reactor-http-nio-11] DEBUG reactor.netty.resources.PooledConnectionProvider - [id: 0x4220aa38, L:/127.0.0.1:50366 - R:localhost/127.0.0.1:8082] onStateChange(GET{uri=/, connection=PooledConnection{channel=[id: 0x4220aa38, L:/127.0.0.1:50366 - R:localhost/127.0.0.1:8082]}}, [configured])
20:40:47.261 [reactor-http-nio-11] DEBUG reactor.netty.resources.PooledConnectionProvider - [id: 0x4220aa38, L:/127.0.0.1:50366 - R:localhost/127.0.0.1:8082] Registering pool release on close event for channel
20:40:47.261 [reactor-http-nio-12] DEBUG reactor.netty.resources.PooledConnectionProvider - [id: 0x0154bb24, L:/127.0.0.1:50367 - R:localhost/127.0.0.1:8082] onStateChange(PooledConnection{channel=[id: 0x0154bb24, L:/127.0.0.1:50367 - R:localhost/127.0.0.1:8082]}, [connected])
20:40:47.261 [reactor-http-nio-10] DEBUG reactor.netty.resources.PooledConnectionProvider - [id: 0x5829f75f, L:/127.0.0.1:50259 - R:localhost/127.0.0.1:8081] onStateChange(GET{uri=/getAttractions, connection=PooledConnection{channel=[id: 0x5829f75f, L:/127.0.0.1:50259 - R:localhost/127.0.0.1:8081]}}, [response_received])
20:40:47.261 [reactor-http-nio-11] DEBUG reactor.netty.http.client.HttpClientConnect - [id: 0x4220aa38, L:/127.0.0.1:50366 - R:localhost/127.0.0.1:8082] Handler is being applied: {uri=http://localhost:8082/getAttractionRewardPoints?attractionId=6dc04905-12e7-4441-857c-761d2563815c&userId=4a7f84f0-52da-4144-bb4a-3ad7f7f222c4, method=GET}
20:40:47.261 [reactor-http-nio-12] DEBUG reactor.netty.resources.PooledConnectionProvider - [id: 0x0154bb24, L:/127.0.0.1:50367 - R:localhost/127.0.0.1:8082] onStateChange(GET{uri=/, connection=PooledConnection{channel=[id: 0x0154bb24, L:/127.0.0.1:50367 - R:localhost/127.0.0.1:8082]}}, [configured])
20:40:47.261 [reactor-http-nio-10] DEBUG org.springframework.web.reactive.function.client.ExchangeFunctions - [10826d9a] Response 200 OK
20:40:47.261 [reactor-http-nio-10] DEBUG reactor.netty.channel.FluxReceive - [id: 0x5829f75f, L:/127.0.0.1:50259 - R:localhost/127.0.0.1:8081] Subscribing inbound receiver [pending: 0, cancelled:false, inboundDone: false]
20:40:47.261 [pool-14-thread-52] DEBUG org.springframework.web.reactive.function.client.ExchangeFunctions - [12879730] HTTP GET http://localhost:8082/getAttractionRewardPoints?attractionId=bcf4e390-5224-4683-8ca9-9d2db7d2d85f&userId=4f7eaee1-dfb5-4a1b-b359-9e6e650d353e
20:40:47.262 [reactor-http-nio-11] DEBUG reactor.netty.resources.PooledConnectionProvider - [id: 0x4220aa38, L:/127.0.0.1:50366 - R:localhost/127.0.0.1:8082] onStateChange(GET{uri=/getAttractionRewardPoints?attractionId=6dc04905-12e7-4441-857c-761d2563815c&userId=4a7f84f0-52da-4144-bb4a-3ad7f7f222c4, connection=PooledConnection{channel=[id: 0x4220aa38, L:/127.0.0.1:50366 - R:localhost/127.0.0.1:8082]}}, [request_sent])
20:40:47.262 [reactor-http-nio-16] DEBUG reactor.netty.resources.PooledConnectionProvider - [id: 0x1d70709c, L:/127.0.0.1:50365 - R:localhost/127.0.0.1:8082] onStateChange(GET{uri=/getAttractionRewardPoints?attractionId=bf9a7b39-dda1-4f9a-a855-508617f2bfdd&userId=638aae94-da72-481f-bf24-4c86f69f7ce7, connection=PooledConnection{channel=[id: 0x1d70709c, L:/127.0.0.1:50365 - R:localhost/127.0.0.1:8082]}}, [request_sent])
20:40:47.262 [reactor-http-nio-10] DEBUG reactor.netty.http.client.HttpClientOperations - [id: 0x5829f75f, L:/127.0.0.1:50259 - R:localhost/127.0.0.1:8081] Received last HTTP packet
20:40:47.262 [reactor-http-nio-11] DEBUG reactor.netty.resources.PooledConnectionProvider - [id: 0x4220aa38, L:/127.0.0.1:50366 - R:localhost/127.0.0.1:8082] Channel connected, now 54 active connections and 5 inactive connections
20:40:47.262 [reactor-http-nio-16] DEBUG reactor.netty.resources.PooledConnectionProvider - [id: 0x1d70709c, L:/127.0.0.1:50365 - R:localhost/127.0.0.1:8082] Channel connected, now 54 active connections and 5 inactive connections
20:40:47.262 [reactor-http-nio-16] DEBUG reactor.netty.resources.PooledConnectionProvider - [id: 0x6f766faa] Created new pooled channel, now 54 active connections and 6 inactive connections
20:40:47.262 [reactor-http-nio-10] DEBUG org.springframework.core.codec.StringDecoder - [10826d9a] Decoded "[{"longitude":-117.922008,"latitude":33.817595,"attractionName":"Disneyland","city":"Anaheim","stat (truncated)...
20:40:47.262 [reactor-http-nio-14] DEBUG reactor.netty.resources.PooledConnectionProvider - [id: 0x166e1fbe] Created new pooled channel, now 54 active connections and 7 inactive connections
20:40:47.262 [reactor-http-nio-10] DEBUG reactor.netty.resources.PooledConnectionProvider - [id: 0x5829f75f, L:/127.0.0.1:50259 - R:localhost/127.0.0.1:8081] onStateChange(GET{uri=/getAttractions, connection=PooledConnection{channel=[id: 0x5829f75f, L:/127.0.0.1:50259 - R:localhost/127.0.0.1:8081]}}, [disconnecting])
20:40:47.262 [reactor-http-nio-16] DEBUG reactor.netty.channel.BootstrapHandlers - [id: 0x6f766faa] Initialized pipeline DefaultChannelPipeline{(BootstrapHandlers$BootstrapInitializerHandler#0 = reactor.netty.channel.BootstrapHandlers$BootstrapInitializerHandler), (SimpleChannelPool$1#0 = io.netty.channel.pool.SimpleChannelPool$1), (reactor.left.httpCodec = io.netty.handler.codec.http.HttpClientCodec), (reactor.left.decompressor = io.netty.handler.codec.http.HttpContentDecompressor), (reactor.right.reactiveBridge = reactor.netty.channel.ChannelOperationsHandler)}
20:40:47.262 [reactor-http-nio-14] DEBUG reactor.netty.channel.BootstrapHandlers - [id: 0x166e1fbe] Initialized pipeline DefaultChannelPipeline{(BootstrapHandlers$BootstrapInitializerHandler#0 = reactor.netty.channel.BootstrapHandlers$BootstrapInitializerHandler), (SimpleChannelPool$1#0 = io.netty.channel.pool.SimpleChannelPool$1), (reactor.left.httpCodec = io.netty.handler.codec.http.HttpClientCodec), (reactor.left.decompressor = io.netty.handler.codec.http.HttpContentDecompressor), (reactor.right.reactiveBridge = reactor.netty.channel.ChannelOperationsHandler)}
20:40:47.262 [reactor-http-nio-10] DEBUG reactor.netty.resources.PooledConnectionProvider - [id: 0x5829f75f, L:/127.0.0.1:50259 - R:localhost/127.0.0.1:8081] Releasing channel
20:40:47.263 [reactor-http-nio-10] DEBUG reactor.netty.resources.PooledConnectionProvider - [id: 0x5829f75f, L:/127.0.0.1:50259 - R:localhost/127.0.0.1:8081] Channel cleaned, now 3 active connections and 61 inactive connections
20:40:47.263 [reactor-http-nio-10] DEBUG reactor.netty.http.client.HttpClientOperations - [id: 0x2a5ccfca, L:/127.0.0.1:50306 - R:localhost/127.0.0.1:8081] Received response (auto-read:false) : [Content-Type=application/json, Transfer-Encoding=chunked, Date=Fri, 11 Jun 2021 15:10:46 GMT]
20:40:47.263 [reactor-http-nio-10] DEBUG reactor.netty.resources.PooledConnectionProvider - [id: 0x2a5ccfca, L:/127.0.0.1:50306 - R:localhost/127.0.0.1:8081] onStateChange(GET{uri=/getAttractions, connection=PooledConnection{channel=[id: 0x2a5ccfca, L:/127.0.0.1:50306 - R:localhost/127.0.0.1:8081]}}, [response_received])
20:40:47.263 [reactor-http-nio-16] DEBUG reactor.netty.resources.PooledConnectionProvider - [id: 0x6f766faa, L:/127.0.0.1:50369 - R:localhost/127.0.0.1:8082] onStateChange(PooledConnection{channel=[id: 0x6f766faa, L:/127.0.0.1:50369 - R:localhost/127.0.0.1:8082]}, [connected])
20:40:47.263 [pool-14-thread-56] DEBUG org.springframework.web.reactive.function.client.ExchangeFunctions - [1e4581fa] HTTP GET http://localhost:8082/getAttractionRewardPoints?attractionId=ca35ac2d-bde1-4f65-88b3-aa40a62ddf5b&userId=41af81d8-a050-4d2b-be7b-87988e9535ea
20:40:47.263 [reactor-http-nio-16] DEBUG reactor.netty.resources.PooledConnectionProvider - [id: 0x6f766faa, L:/127.0.0.1:50369 - R:localhost/127.0.0.1:8082] onStateChange(GET{uri=/, connection=PooledConnection{channel=[id: 0x6f766faa, L:/127.0.0.1:50369 - R:localhost/127.0.0.1:8082]}}, [configured])
20:40:47.263 [reactor-http-nio-16] DEBUG reactor.netty.resources.PooledConnectionProvider - [id: 0x6f766faa, L:/127.0.0.1:50369 - R:localhost/127.0.0.1:8082] Registering pool release on close event for channel
20:40:47.263 [reactor-http-nio-16] DEBUG reactor.netty.http.client.HttpClientConnect - [id: 0x6f766faa, L:/127.0.0.1:50369 - R:localhost/127.0.0.1:8082] Handler is being applied: {uri=http://localhost:8082/getAttractionRewardPoints?attractionId=f7730381-84f4-4d07-b7b4-86aa93c6570b&userId=00b533ba-9a04-4954-b230-f6f5e703f112, method=GET}
20:40:47.263 [reactor-http-nio-14] DEBUG reactor.netty.resources.PooledConnectionProvider - [id: 0x166e1fbe, L:/127.0.0.1:50368 - R:localhost/127.0.0.1:8082] onStateChange(PooledConnection{channel=[id: 0x166e1fbe, L:/127.0.0.1:50368 - R:localhost/127.0.0.1:8082]}, [connected])
20:40:47.263 [reactor-http-nio-10] DEBUG org.springframework.web.reactive.function.client.ExchangeFunctions - [162576dc] Response 200 OK
20:40:47.264 [reactor-http-nio-14] DEBUG reactor.netty.resources.PooledConnectionProvider - [id: 0x166e1fbe, L:/127.0.0.1:50368 - R:localhost/127.0.0.1:8082] onStateChange(GET{uri=/, connection=PooledConnection{channel=[id: 0x166e1fbe, L:/127.0.0.1:50368 - R:localhost/127.0.0.1:8082]}}, [configured])
20:40:47.264 [reactor-http-nio-14] DEBUG reactor.netty.resources.PooledConnectionProvider - [id: 0x166e1fbe, L:/127.0.0.1:50368 - R:localhost/127.0.0.1:8082] Registering pool release on close event for channel
20:40:47.264 [reactor-http-nio-14] DEBUG reactor.netty.http.client.HttpClientConnect - [id: 0x166e1fbe, L:/127.0.0.1:50368 - R:localhost/127.0.0.1:8082] Handler is being applied: {uri=http://localhost:8082/getAttractionRewardPoints?attractionId=bcf4e390-5224-4683-8ca9-9d2db7d2d85f&userId=4f7eaee1-dfb5-4a1b-b359-9e6e650d353e, method=GET}
20:40:47.264 [reactor-http-nio-16] DEBUG reactor.netty.resources.PooledConnectionProvider - [id: 0x6f766faa, L:/127.0.0.1:50369 - R:localhost/127.0.0.1:8082] onStateChange(GET{uri=/getAttractionRewardPoints?attractionId=f7730381-84f4-4d07-b7b4-86aa93c6570b&userId=00b533ba-9a04-4954-b230-f6f5e703f112, connection=PooledConnection{channel=[id: 0x6f766faa, L:/127.0.0.1:50369 - R:localhost/127.0.0.1:8082]}}, [request_sent])
20:40:47.264 [reactor-http-nio-16] DEBUG reactor.netty.resources.PooledConnectionProvider - [id: 0x6f766faa, L:/127.0.0.1:50369 - R:localhost/127.0.0.1:8082] Channel connected, now 56 active connections and 5 inactive connections
20:40:47.264 [reactor-http-nio-10] DEBUG reactor.netty.channel.FluxReceive - [id: 0x2a5ccfca, L:/127.0.0.1:50306 - R:localhost/127.0.0.1:8081] Subscribing inbound receiver [pending: 0, cancelled:false, inboundDone: false]
20:40:47.264 [reactor-http-nio-16] DEBUG reactor.netty.resources.PooledConnectionProvider - [id: 0xeb57392e] Created new pooled channel, now 56 active connections and 6 inactive connections
20:40:47.264 [reactor-http-nio-10] DEBUG reactor.netty.http.client.HttpClientOperations - [id: 0x2a5ccfca, L:/127.0.0.1:50306 - R:localhost/127.0.0.1:8081] Received last HTTP packet
20:40:47.264 [reactor-http-nio-16] DEBUG reactor.netty.channel.BootstrapHandlers - [id: 0xeb57392e] Initialized pipeline DefaultChannelPipeline{(BootstrapHandlers$BootstrapInitializerHandler#0 = reactor.netty.channel.BootstrapHandlers$BootstrapInitializerHandler), (SimpleChannelPool$1#0 = io.netty.channel.pool.SimpleChannelPool$1), (reactor.left.httpCodec = io.netty.handler.codec.http.HttpClientCodec), (reactor.left.decompressor = io.netty.handler.codec.http.HttpContentDecompressor), (reactor.right.reactiveBridge = reactor.netty.channel.ChannelOperationsHandler)}
20:40:47.264 [reactor-http-nio-10] DEBUG org.springframework.core.codec.StringDecoder - [162576dc] Decoded "[{"longitude":-117.922008,"latitude":33.817595,"attractionName":"Disneyland","city":"Anaheim","stat (truncated)...
20:40:47.264 [reactor-http-nio-10] DEBUG reactor.netty.resources.PooledConnectionProvider - [id: 0x2a5ccfca, L:/127.0.0.1:50306 - R:localhost/127.0.0.1:8081] onStateChange(GET{uri=/getAttractions, connection=PooledConnection{channel=[id: 0x2a5ccfca, L:/127.0.0.1:50306 - R:localhost/127.0.0.1:8081]}}, [disconnecting])
20:40:47.265 [reactor-http-nio-10] DEBUG reactor.netty.resources.PooledConnectionProvider - [id: 0x2a5ccfca, L:/127.0.0.1:50306 - R:localhost/127.0.0.1:8081] Releasing channel
20:40:47.265 [reactor-http-nio-10] DEBUG reactor.netty.resources.PooledConnectionProvider - [id: 0x2a5ccfca, L:/127.0.0.1:50306 - R:localhost/127.0.0.1:8081] Channel cleaned, now 2 active connections and 62 inactive connections
20:40:47.265 [reactor-http-nio-16] DEBUG reactor.netty.resources.PooledConnectionProvider - [id: 0xeb57392e, L:/127.0.0.1:50370 - R:localhost/127.0.0.1:8082] onStateChange(PooledConnection{channel=[id: 0xeb57392e, L:/127.0.0.1:50370 - R:localhost/127.0.0.1:8082]}, [connected])
20:40:47.265 [reactor-http-nio-10] DEBUG reactor.netty.resources.PooledConnectionProvider - [id: 0x92893c4f, L:/127.0.0.1:50360 - R:localhost/127.0.0.1:8082] onStateChange(PooledConnection{channel=[id: 0x92893c4f, L:/127.0.0.1:50360 - R:localhost/127.0.0.1:8082]}, [connected])
20:40:47.265 [reactor-http-nio-16] DEBUG reactor.netty.resources.PooledConnectionProvider - [id: 0xeb57392e, L:/127.0.0.1:50370 - R:localhost/127.0.0.1:8082] onStateChange(GET{uri=/, connection=PooledConnection{channel=[id: 0xeb57392e, L:/127.0.0.1:50370 - R:localhost/127.0.0.1:8082]}}, [configured])
20:40:47.265 [reactor-http-nio-10] DEBUG reactor.netty.resources.PooledConnectionProvider - [id: 0x92893c4f, L:/127.0.0.1:50360 - R:localhost/127.0.0.1:8082] onStateChange(GET{uri=/, connection=PooledConnection{channel=[id: 0x92893c4f, L:/127.0.0.1:50360 - R:localhost/127.0.0.1:8082]}}, [configured])
20:40:47.264 [reactor-http-nio-14] DEBUG reactor.netty.resources.PooledConnectionProvider - [id: 0x166e1fbe, L:/127.0.0.1:50368 - R:localhost/127.0.0.1:8082] onStateChange(GET{uri=/getAttractionRewardPoints?attractionId=bcf4e390-5224-4683-8ca9-9d2db7d2d85f&userId=4f7eaee1-dfb5-4a1b-b359-9e6e650d353e, connection=PooledConnection{channel=[id: 0x166e1fbe, L:/127.0.0.1:50368 - R:localhost/127.0.0.1:8082]}}, [request_sent])
20:40:47.265 [reactor-http-nio-16] DEBUG reactor.netty.resources.PooledConnectionProvider - [id: 0xeb57392e, L:/127.0.0.1:50370 - R:localhost/127.0.0.1:8082] Registering pool release on close event for channel
20:40:47.265 [reactor-http-nio-14] DEBUG reactor.netty.resources.PooledConnectionProvider - [id: 0x166e1fbe, L:/127.0.0.1:50368 - R:localhost/127.0.0.1:8082] Channel connected, now 57 active connections and 5 inactive connections
20:40:47.265 [reactor-http-nio-16] DEBUG reactor.netty.http.client.HttpClientConnect - [id: 0xeb57392e, L:/127.0.0.1:50370 - R:localhost/127.0.0.1:8082] Handler is being applied: {uri=http://localhost:8082/getAttractionRewardPoints?attractionId=ca35ac2d-bde1-4f65-88b3-aa40a62ddf5b&userId=41af81d8-a050-4d2b-be7b-87988e9535ea, method=GET}
20:40:47.265 [reactor-http-nio-10] DEBUG reactor.netty.resources.PooledConnectionProvider - [id: 0x811f3f54, L:/127.0.0.1:50361 - R:localhost/127.0.0.1:8082] onStateChange(PooledConnection{channel=[id: 0x811f3f54, L:/127.0.0.1:50361 - R:localhost/127.0.0.1:8082]}, [connected])
20:40:47.265 [reactor-http-nio-10] DEBUG reactor.netty.resources.PooledConnectionProvider - [id: 0x811f3f54, L:/127.0.0.1:50361 - R:localhost/127.0.0.1:8082] onStateChange(GET{uri=/, connection=PooledConnection{channel=[id: 0x811f3f54, L:/127.0.0.1:50361 - R:localhost/127.0.0.1:8082]}}, [configured])
20:40:47.265 [reactor-http-nio-10] DEBUG reactor.netty.resources.PooledConnectionProvider - [id: 0xdb3b61c8, L:/127.0.0.1:50362 - R:localhost/127.0.0.1:8082] onStateChange(PooledConnection{channel=[id: 0xdb3b61c8, L:/127.0.0.1:50362 - R:localhost/127.0.0.1:8082]}, [connected])
20:40:47.265 [reactor-http-nio-16] DEBUG reactor.netty.resources.PooledConnectionProvider - [id: 0xeb57392e, L:/127.0.0.1:50370 - R:localhost/127.0.0.1:8082] onStateChange(GET{uri=/getAttractionRewardPoints?attractionId=ca35ac2d-bde1-4f65-88b3-aa40a62ddf5b&userId=41af81d8-a050-4d2b-be7b-87988e9535ea, connection=PooledConnection{channel=[id: 0xeb57392e, L:/127.0.0.1:50370 - R:localhost/127.0.0.1:8082]}}, [request_sent])
20:40:47.265 [reactor-http-nio-10] DEBUG reactor.netty.resources.PooledConnectionProvider - [id: 0xdb3b61c8, L:/127.0.0.1:50362 - R:localhost/127.0.0.1:8082] onStateChange(GET{uri=/, connection=PooledConnection{channel=[id: 0xdb3b61c8, L:/127.0.0.1:50362 - R:localhost/127.0.0.1:8082]}}, [configured])
20:40:47.266 [reactor-http-nio-16] DEBUG reactor.netty.resources.PooledConnectionProvider - [id: 0xeb57392e, L:/127.0.0.1:50370 - R:localhost/127.0.0.1:8082] Channel connected, now 57 active connections and 5 inactive connections
20:40:47.266 [pool-14-thread-55] DEBUG org.springframework.web.reactive.function.client.ExchangeFunctions - [18e28a68] HTTP GET http://localhost:8082/getAttractionRewardPoints?attractionId=73bbc3c0-af4b-4e41-9b66-7a589240963b&userId=afd8de44-406c-4b6f-8bdd-b810ef0af6a0
20:40:47.266 [reactor-http-nio-10] DEBUG reactor.netty.resources.PooledConnectionProvider - [id: 0xfbc1126e, L:/127.0.0.1:50330 - R:localhost/127.0.0.1:8082] Registering pool release on close event for channel
20:40:47.266 [reactor-http-nio-10] DEBUG reactor.netty.http.client.HttpClientConnect - [id: 0xfbc1126e, L:/127.0.0.1:50330 - R:localhost/127.0.0.1:8082] Handler is being applied: {uri=http://localhost:8082/getAttractionRewardPoints?attractionId=47f2f0db-9b39-4a88-aa4f-6685b6171e73&userId=dc86a3d4-10eb-4adc-ad5a-c22c7670b3fb, method=GET}
20:40:47.266 [reactor-http-nio-10] DEBUG reactor.netty.resources.PooledConnectionProvider - [id: 0xfbc1126e, L:/127.0.0.1:50330 - R:localhost/127.0.0.1:8082] onStateChange(GET{uri=/getAttractionRewardPoints?attractionId=47f2f0db-9b39-4a88-aa4f-6685b6171e73&userId=dc86a3d4-10eb-4adc-ad5a-c22c7670b3fb, connection=PooledConnection{channel=[id: 0xfbc1126e, L:/127.0.0.1:50330 - R:localhost/127.0.0.1:8082]}}, [request_sent])
20:40:47.266 [reactor-http-nio-10] DEBUG reactor.netty.resources.PooledConnectionProvider - [id: 0xfbc1126e, L:/127.0.0.1:50330 - R:localhost/127.0.0.1:8082] Channel connected, now 58 active connections and 4 inactive connections
20:40:47.266 [reactor-http-nio-10] DEBUG reactor.netty.resources.PooledConnectionProvider - [id: 0x92893c4f, L:/127.0.0.1:50360 - R:localhost/127.0.0.1:8082] Registering pool release on close event for channel
20:40:47.266 [reactor-http-nio-12] DEBUG reactor.netty.resources.PooledConnectionProvider - [id: 0x0154bb24, L:/127.0.0.1:50367 - R:localhost/127.0.0.1:8082] Registering pool release on close event for channel
20:40:47.266 [reactor-http-nio-10] DEBUG reactor.netty.http.client.HttpClientConnect - [id: 0x92893c4f, L:/127.0.0.1:50360 - R:localhost/127.0.0.1:8082] Handler is being applied: {uri=http://localhost:8082/getAttractionRewardPoints?attractionId=f96f56f3-2c4b-45b0-bb31-9a2925a13fca&userId=9753c425-df3a-46d3-94d0-85f208f05f81, method=GET}
20:40:47.266 [reactor-http-nio-12] DEBUG reactor.netty.http.client.HttpClientConnect - [id: 0x0154bb24, L:/127.0.0.1:50367 - R:localhost/127.0.0.1:8082] Handler is being applied: {uri=http://localhost:8082/getAttractionRewardPoints?attractionId=ef8e8ce3-6559-4b61-83f9-2ba627aa3c96&userId=23fbd6bf-60c3-451f-a9df-607efaa168ce, method=GET}
20:40:47.267 [reactor-http-nio-10] DEBUG reactor.netty.resources.PooledConnectionProvider - [id: 0x92893c4f, L:/127.0.0.1:50360 - R:localhost/127.0.0.1:8082] onStateChange(GET{uri=/getAttractionRewardPoints?attractionId=f96f56f3-2c4b-45b0-bb31-9a2925a13fca&userId=9753c425-df3a-46d3-94d0-85f208f05f81, connection=PooledConnection{channel=[id: 0x92893c4f, L:/127.0.0.1:50360 - R:localhost/127.0.0.1:8082]}}, [request_sent])
20:40:47.267 [reactor-http-nio-10] DEBUG reactor.netty.resources.PooledConnectionProvider - [id: 0x92893c4f, L:/127.0.0.1:50360 - R:localhost/127.0.0.1:8082] Channel connected, now 60 active connections and 2 inactive connections
20:40:47.267 [reactor-http-nio-10] DEBUG reactor.netty.resources.PooledConnectionProvider - [id: 0x811f3f54, L:/127.0.0.1:50361 - R:localhost/127.0.0.1:8082] Registering pool release on close event for channel
20:40:47.267 [reactor-http-nio-12] DEBUG reactor.netty.resources.PooledConnectionProvider - [id: 0x0154bb24, L:/127.0.0.1:50367 - R:localhost/127.0.0.1:8082] onStateChange(GET{uri=/getAttractionRewardPoints?attractionId=ef8e8ce3-6559-4b61-83f9-2ba627aa3c96&userId=23fbd6bf-60c3-451f-a9df-607efaa168ce, connection=PooledConnection{channel=[id: 0x0154bb24, L:/127.0.0.1:50367 - R:localhost/127.0.0.1:8082]}}, [request_sent])
20:40:47.267 [reactor-http-nio-12] DEBUG reactor.netty.resources.PooledConnectionProvider - [id: 0x0154bb24, L:/127.0.0.1:50367 - R:localhost/127.0.0.1:8082] Channel connected, now 61 active connections and 1 inactive connections
20:40:47.267 [reactor-http-nio-10] DEBUG reactor.netty.http.client.HttpClientConnect - [id: 0x811f3f54, L:/127.0.0.1:50361 - R:localhost/127.0.0.1:8082] Handler is being applied: {uri=http://localhost:8082/getAttractionRewardPoints?attractionId=663352bb-e3c0-4bb2-8416-56e561406bc9&userId=33af1fec-be22-4dc4-9c2a-8e026e289be2, method=GET}
20:40:47.268 [reactor-http-nio-10] DEBUG reactor.netty.resources.PooledConnectionProvider - [id: 0x811f3f54, L:/127.0.0.1:50361 - R:localhost/127.0.0.1:8082] onStateChange(GET{uri=/getAttractionRewardPoints?attractionId=663352bb-e3c0-4bb2-8416-56e561406bc9&userId=33af1fec-be22-4dc4-9c2a-8e026e289be2, connection=PooledConnection{channel=[id: 0x811f3f54, L:/127.0.0.1:50361 - R:localhost/127.0.0.1:8082]}}, [request_sent])
20:40:47.268 [reactor-http-nio-10] DEBUG reactor.netty.resources.PooledConnectionProvider - [id: 0x811f3f54, L:/127.0.0.1:50361 - R:localhost/127.0.0.1:8082] Channel connected, now 61 active connections and 1 inactive connections
20:40:47.268 [reactor-http-nio-10] DEBUG reactor.netty.resources.PooledConnectionProvider - [id: 0xdb3b61c8, L:/127.0.0.1:50362 - R:localhost/127.0.0.1:8082] Registering pool release on close event for channel
20:40:47.268 [reactor-http-nio-10] DEBUG reactor.netty.http.client.HttpClientConnect - [id: 0xdb3b61c8, L:/127.0.0.1:50362 - R:localhost/127.0.0.1:8082] Handler is being applied: {uri=http://localhost:8082/getAttractionRewardPoints?attractionId=47a46744-f81b-429b-b3bf-9e2c4dac9761&userId=04064f3e-a9fe-4d8c-a0f6-e0a17fe5ddab, method=GET}
20:40:47.269 [reactor-http-nio-10] DEBUG reactor.netty.resources.PooledConnectionProvider - [id: 0xdb3b61c8, L:/127.0.0.1:50362 - R:localhost/127.0.0.1:8082] onStateChange(GET{uri=/getAttractionRewardPoints?attractionId=47a46744-f81b-429b-b3bf-9e2c4dac9761&userId=04064f3e-a9fe-4d8c-a0f6-e0a17fe5ddab, connection=PooledConnection{channel=[id: 0xdb3b61c8, L:/127.0.0.1:50362 - R:localhost/127.0.0.1:8082]}}, [request_sent])
20:40:47.269 [reactor-http-nio-10] DEBUG reactor.netty.resources.PooledConnectionProvider - [id: 0xdb3b61c8, L:/127.0.0.1:50362 - R:localhost/127.0.0.1:8082] Channel connected, now 62 active connections and 0 inactive connections
20:40:47.269 [reactor-http-nio-10] DEBUG reactor.netty.resources.PooledConnectionProvider - [id: 0xc540dcda] Created new pooled channel, now 62 active connections and 1 inactive connections
20:40:47.269 [reactor-http-nio-10] DEBUG reactor.netty.channel.BootstrapHandlers - [id: 0xc540dcda] Initialized pipeline DefaultChannelPipeline{(BootstrapHandlers$BootstrapInitializerHandler#0 = reactor.netty.channel.BootstrapHandlers$BootstrapInitializerHandler), (SimpleChannelPool$1#0 = io.netty.channel.pool.SimpleChannelPool$1), (reactor.left.httpCodec = io.netty.handler.codec.http.HttpClientCodec), (reactor.left.decompressor = io.netty.handler.codec.http.HttpContentDecompressor), (reactor.right.reactiveBridge = reactor.netty.channel.ChannelOperationsHandler)}
20:40:47.270 [reactor-http-nio-10] DEBUG reactor.netty.http.client.HttpClientOperations - [id: 0x89be4937, L:/127.0.0.1:50258 - R:localhost/127.0.0.1:8081] Received response (auto-read:false) : [Content-Type=application/json, Transfer-Encoding=chunked, Date=Fri, 11 Jun 2021 15:10:46 GMT]
20:40:47.270 [reactor-http-nio-10] DEBUG reactor.netty.resources.PooledConnectionProvider - [id: 0x89be4937, L:/127.0.0.1:50258 - R:localhost/127.0.0.1:8081] onStateChange(GET{uri=/getAttractions, connection=PooledConnection{channel=[id: 0x89be4937, L:/127.0.0.1:50258 - R:localhost/127.0.0.1:8081]}}, [response_received])
20:40:47.270 [reactor-http-nio-10] DEBUG org.springframework.web.reactive.function.client.ExchangeFunctions - [7d2101ba] Response 200 OK
20:40:47.270 [reactor-http-nio-10] DEBUG reactor.netty.channel.FluxReceive - [id: 0x89be4937, L:/127.0.0.1:50258 - R:localhost/127.0.0.1:8081] Subscribing inbound receiver [pending: 0, cancelled:false, inboundDone: false]
20:40:47.271 [reactor-http-nio-10] DEBUG reactor.netty.http.client.HttpClientOperations - [id: 0x89be4937, L:/127.0.0.1:50258 - R:localhost/127.0.0.1:8081] Received last HTTP packet
20:40:47.271 [reactor-http-nio-10] DEBUG org.springframework.core.codec.StringDecoder - [7d2101ba] Decoded "[{"longitude":-117.922008,"latitude":33.817595,"attractionName":"Disneyland","city":"Anaheim","stat (truncated)...
20:40:47.271 [reactor-http-nio-10] DEBUG reactor.netty.resources.PooledConnectionProvider - [id: 0x89be4937, L:/127.0.0.1:50258 - R:localhost/127.0.0.1:8081] onStateChange(GET{uri=/getAttractions, connection=PooledConnection{channel=[id: 0x89be4937, L:/127.0.0.1:50258 - R:localhost/127.0.0.1:8081]}}, [disconnecting])
20:40:47.271 [reactor-http-nio-10] DEBUG reactor.netty.resources.PooledConnectionProvider - [id: 0x89be4937, L:/127.0.0.1:50258 - R:localhost/127.0.0.1:8081] Releasing channel
20:40:47.271 [reactor-http-nio-10] DEBUG reactor.netty.resources.PooledConnectionProvider - [id: 0x89be4937, L:/127.0.0.1:50258 - R:localhost/127.0.0.1:8081] Channel cleaned, now 1 active connections and 63 inactive connections
20:40:47.271 [reactor-http-nio-16] DEBUG reactor.netty.http.client.HttpClientOperations - [id: 0x736d1567, L:/127.0.0.1:50275 - R:localhost/127.0.0.1:8081] Received response (auto-read:false) : [Content-Type=application/json, Transfer-Encoding=chunked, Date=Fri, 11 Jun 2021 15:10:46 GMT]
20:40:47.271 [reactor-http-nio-10] DEBUG reactor.netty.resources.PooledConnectionProvider - [id: 0xc540dcda, L:/127.0.0.1:50371 - R:localhost/127.0.0.1:8082] onStateChange(PooledConnection{channel=[id: 0xc540dcda, L:/127.0.0.1:50371 - R:localhost/127.0.0.1:8082]}, [connected])
20:40:47.271 [reactor-http-nio-16] DEBUG reactor.netty.resources.PooledConnectionProvider - [id: 0x736d1567, L:/127.0.0.1:50275 - R:localhost/127.0.0.1:8081] onStateChange(GET{uri=/getAttractions, connection=PooledConnection{channel=[id: 0x736d1567, L:/127.0.0.1:50275 - R:localhost/127.0.0.1:8081]}}, [response_received])
20:40:47.271 [reactor-http-nio-10] DEBUG reactor.netty.resources.PooledConnectionProvider - [id: 0xc540dcda, L:/127.0.0.1:50371 - R:localhost/127.0.0.1:8082] onStateChange(GET{uri=/, connection=PooledConnection{channel=[id: 0xc540dcda, L:/127.0.0.1:50371 - R:localhost/127.0.0.1:8082]}}, [configured])
20:40:47.271 [reactor-http-nio-16] DEBUG org.springframework.web.reactive.function.client.ExchangeFunctions - [56a4c8c2] Response 200 OK
20:40:47.271 [reactor-http-nio-10] DEBUG reactor.netty.resources.PooledConnectionProvider - [id: 0xc540dcda, L:/127.0.0.1:50371 - R:localhost/127.0.0.1:8082] Registering pool release on close event for channel
20:40:47.271 [reactor-http-nio-10] DEBUG reactor.netty.http.client.HttpClientConnect - [id: 0xc540dcda, L:/127.0.0.1:50371 - R:localhost/127.0.0.1:8082] Handler is being applied: {uri=http://localhost:8082/getAttractionRewardPoints?attractionId=73bbc3c0-af4b-4e41-9b66-7a589240963b&userId=afd8de44-406c-4b6f-8bdd-b810ef0af6a0, method=GET}
20:40:47.271 [reactor-http-nio-16] DEBUG reactor.netty.channel.FluxReceive - [id: 0x736d1567, L:/127.0.0.1:50275 - R:localhost/127.0.0.1:8081] Subscribing inbound receiver [pending: 0, cancelled:false, inboundDone: false]
20:40:47.272 [reactor-http-nio-16] DEBUG reactor.netty.http.client.HttpClientOperations - [id: 0x736d1567, L:/127.0.0.1:50275 - R:localhost/127.0.0.1:8081] Received last HTTP packet
20:40:47.272 [reactor-http-nio-10] DEBUG reactor.netty.resources.PooledConnectionProvider - [id: 0xc540dcda, L:/127.0.0.1:50371 - R:localhost/127.0.0.1:8082] onStateChange(GET{uri=/getAttractionRewardPoints?attractionId=73bbc3c0-af4b-4e41-9b66-7a589240963b&userId=afd8de44-406c-4b6f-8bdd-b810ef0af6a0, connection=PooledConnection{channel=[id: 0xc540dcda, L:/127.0.0.1:50371 - R:localhost/127.0.0.1:8082]}}, [request_sent])
20:40:47.272 [reactor-http-nio-16] DEBUG org.springframework.core.codec.StringDecoder - [56a4c8c2] Decoded "[{"longitude":-117.922008,"latitude":33.817595,"attractionName":"Disneyland","city":"Anaheim","stat (truncated)...
20:40:47.272 [reactor-http-nio-10] DEBUG reactor.netty.resources.PooledConnectionProvider - [id: 0xc540dcda, L:/127.0.0.1:50371 - R:localhost/127.0.0.1:8082] Channel connected, now 63 active connections and 0 inactive connections
20:40:47.272 [pool-14-thread-12] DEBUG org.springframework.web.reactive.function.client.ExchangeFunctions - [3823807a] HTTP GET http://localhost:8082/getAttractionRewardPoints?attractionId=61f9e151-7b65-49d2-8632-ce0d3dd9608f&userId=7eff379d-17e7-4c08-9555-9cfcb7a9d6ef
20:40:47.272 [reactor-http-nio-16] DEBUG reactor.netty.resources.PooledConnectionProvider - [id: 0x736d1567, L:/127.0.0.1:50275 - R:localhost/127.0.0.1:8081] onStateChange(GET{uri=/getAttractions, connection=PooledConnection{channel=[id: 0x736d1567, L:/127.0.0.1:50275 - R:localhost/127.0.0.1:8081]}}, [disconnecting])
20:40:47.272 [reactor-http-nio-16] DEBUG reactor.netty.resources.PooledConnectionProvider - [id: 0x736d1567, L:/127.0.0.1:50275 - R:localhost/127.0.0.1:8081] Releasing channel
20:40:47.272 [reactor-http-nio-16] DEBUG reactor.netty.resources.PooledConnectionProvider - [id: 0x736d1567, L:/127.0.0.1:50275 - R:localhost/127.0.0.1:8081] Channel cleaned, now 0 active connections and 64 inactive connections
20:40:47.272 [reactor-http-nio-12] DEBUG reactor.netty.resources.PooledConnectionProvider - [id: 0x9e14c3ce] Created new pooled channel, now 63 active connections and 1 inactive connections
20:40:47.273 [reactor-http-nio-12] DEBUG reactor.netty.channel.BootstrapHandlers - [id: 0x9e14c3ce] Initialized pipeline DefaultChannelPipeline{(BootstrapHandlers$BootstrapInitializerHandler#0 = reactor.netty.channel.BootstrapHandlers$BootstrapInitializerHandler), (SimpleChannelPool$1#0 = io.netty.channel.pool.SimpleChannelPool$1), (reactor.left.httpCodec = io.netty.handler.codec.http.HttpClientCodec), (reactor.left.decompressor = io.netty.handler.codec.http.HttpContentDecompressor), (reactor.right.reactiveBridge = reactor.netty.channel.ChannelOperationsHandler)}
20:40:47.273 [pool-14-thread-63] DEBUG org.springframework.web.reactive.function.client.ExchangeFunctions - [13a65c72] HTTP GET http://localhost:8082/getAttractionRewardPoints?attractionId=7161657d-cae7-4772-9b18-2f780ae565a3&userId=8cce7020-6462-4307-917c-4f89eee35623
20:40:47.273 [reactor-http-nio-12] DEBUG reactor.netty.resources.PooledConnectionProvider - [id: 0x9e14c3ce, L:/127.0.0.1:50372 - R:localhost/127.0.0.1:8082] onStateChange(PooledConnection{channel=[id: 0x9e14c3ce, L:/127.0.0.1:50372 - R:localhost/127.0.0.1:8082]}, [connected])
20:40:47.273 [reactor-http-nio-12] DEBUG reactor.netty.resources.PooledConnectionProvider - [id: 0x9e14c3ce, L:/127.0.0.1:50372 - R:localhost/127.0.0.1:8082] onStateChange(GET{uri=/, connection=PooledConnection{channel=[id: 0x9e14c3ce, L:/127.0.0.1:50372 - R:localhost/127.0.0.1:8082]}}, [configured])
20:40:47.273 [reactor-http-nio-12] DEBUG reactor.netty.resources.PooledConnectionProvider - [id: 0x9e14c3ce, L:/127.0.0.1:50372 - R:localhost/127.0.0.1:8082] Registering pool release on close event for channel
20:40:47.273 [reactor-http-nio-12] DEBUG reactor.netty.http.client.HttpClientConnect - [id: 0x9e14c3ce, L:/127.0.0.1:50372 - R:localhost/127.0.0.1:8082] Handler is being applied: {uri=http://localhost:8082/getAttractionRewardPoints?attractionId=61f9e151-7b65-49d2-8632-ce0d3dd9608f&userId=7eff379d-17e7-4c08-9555-9cfcb7a9d6ef, method=GET}
20:40:47.274 [reactor-http-nio-14] DEBUG reactor.netty.resources.PooledConnectionProvider - [id: 0x638dbe56] Created new pooled channel, now 64 active connections and 1 inactive connections
20:40:47.274 [reactor-http-nio-14] DEBUG reactor.netty.channel.BootstrapHandlers - [id: 0x638dbe56] Initialized pipeline DefaultChannelPipeline{(BootstrapHandlers$BootstrapInitializerHandler#0 = reactor.netty.channel.BootstrapHandlers$BootstrapInitializerHandler), (SimpleChannelPool$1#0 = io.netty.channel.pool.SimpleChannelPool$1), (reactor.left.httpCodec = io.netty.handler.codec.http.HttpClientCodec), (reactor.left.decompressor = io.netty.handler.codec.http.HttpContentDecompressor), (reactor.right.reactiveBridge = reactor.netty.channel.ChannelOperationsHandler)}
20:40:47.274 [reactor-http-nio-12] DEBUG reactor.netty.resources.PooledConnectionProvider - [id: 0x9e14c3ce, L:/127.0.0.1:50372 - R:localhost/127.0.0.1:8082] onStateChange(GET{uri=/getAttractionRewardPoints?attractionId=61f9e151-7b65-49d2-8632-ce0d3dd9608f&userId=7eff379d-17e7-4c08-9555-9cfcb7a9d6ef, connection=PooledConnection{channel=[id: 0x9e14c3ce, L:/127.0.0.1:50372 - R:localhost/127.0.0.1:8082]}}, [request_sent])
20:40:47.274 [reactor-http-nio-12] DEBUG reactor.netty.resources.PooledConnectionProvider - [id: 0x9e14c3ce, L:/127.0.0.1:50372 - R:localhost/127.0.0.1:8082] Channel connected, now 64 active connections and 1 inactive connections
20:40:47.274 [reactor-http-nio-14] DEBUG reactor.netty.resources.PooledConnectionProvider - [id: 0x638dbe56, L:/127.0.0.1:50373 - R:localhost/127.0.0.1:8082] onStateChange(PooledConnection{channel=[id: 0x638dbe56, L:/127.0.0.1:50373 - R:localhost/127.0.0.1:8082]}, [connected])
20:40:47.274 [reactor-http-nio-14] DEBUG reactor.netty.resources.PooledConnectionProvider - [id: 0x638dbe56, L:/127.0.0.1:50373 - R:localhost/127.0.0.1:8082] onStateChange(GET{uri=/, connection=PooledConnection{channel=[id: 0x638dbe56, L:/127.0.0.1:50373 - R:localhost/127.0.0.1:8082]}}, [configured])
20:40:47.274 [reactor-http-nio-14] DEBUG reactor.netty.resources.PooledConnectionProvider - [id: 0x638dbe56, L:/127.0.0.1:50373 - R:localhost/127.0.0.1:8082] Registering pool release on close event for channel
20:40:47.274 [reactor-http-nio-14] DEBUG reactor.netty.http.client.HttpClientConnect - [id: 0x638dbe56, L:/127.0.0.1:50373 - R:localhost/127.0.0.1:8082] Handler is being applied: {uri=http://localhost:8082/getAttractionRewardPoints?attractionId=7161657d-cae7-4772-9b18-2f780ae565a3&userId=8cce7020-6462-4307-917c-4f89eee35623, method=GET}
20:40:47.275 [reactor-http-nio-14] DEBUG reactor.netty.resources.PooledConnectionProvider - [id: 0x638dbe56, L:/127.0.0.1:50373 - R:localhost/127.0.0.1:8082] onStateChange(GET{uri=/getAttractionRewardPoints?attractionId=7161657d-cae7-4772-9b18-2f780ae565a3&userId=8cce7020-6462-4307-917c-4f89eee35623, connection=PooledConnection{channel=[id: 0x638dbe56, L:/127.0.0.1:50373 - R:localhost/127.0.0.1:8082]}}, [request_sent])
20:40:47.275 [reactor-http-nio-14] DEBUG reactor.netty.resources.PooledConnectionProvider - [id: 0x638dbe56, L:/127.0.0.1:50373 - R:localhost/127.0.0.1:8082] Channel connected, now 65 active connections and 0 inactive connections
20:40:47.277 [reactor-http-nio-12] DEBUG reactor.netty.http.client.HttpClientOperations - [id: 0x393991de, L:/127.0.0.1:50312 - R:localhost/127.0.0.1:8082] Received response (auto-read:false) : [Content-Type=application/json, Transfer-Encoding=chunked, Date=Fri, 11 Jun 2021 15:10:46 GMT]
20:40:47.277 [reactor-http-nio-12] DEBUG reactor.netty.resources.PooledConnectionProvider - [id: 0x393991de, L:/127.0.0.1:50312 - R:localhost/127.0.0.1:8082] onStateChange(GET{uri=/getAttractionRewardPoints?attractionId=62f01f4a-d6db-43a9-97ee-19e6c3b1092c&userId=6f1bfbe2-5d0e-4f69-a759-5f0ceb9ac8d1, connection=PooledConnection{channel=[id: 0x393991de, L:/127.0.0.1:50312 - R:localhost/127.0.0.1:8082]}}, [response_received])
20:40:47.278 [reactor-http-nio-12] DEBUG org.springframework.web.reactive.function.client.ExchangeFunctions - [69667ed4] Response 200 OK
20:40:47.278 [reactor-http-nio-12] DEBUG reactor.netty.channel.FluxReceive - [id: 0x393991de, L:/127.0.0.1:50312 - R:localhost/127.0.0.1:8082] Subscribing inbound receiver [pending: 0, cancelled:false, inboundDone: false]
20:40:47.278 [reactor-http-nio-12] DEBUG reactor.netty.http.client.HttpClientOperations - [id: 0x393991de, L:/127.0.0.1:50312 - R:localhost/127.0.0.1:8082] Received last HTTP packet
20:40:47.278 [reactor-http-nio-12] DEBUG org.springframework.core.codec.StringDecoder - [69667ed4] Decoded "637"
20:40:47.278 [reactor-http-nio-12] DEBUG reactor.netty.resources.PooledConnectionProvider - [id: 0x393991de, L:/127.0.0.1:50312 - R:localhost/127.0.0.1:8082] onStateChange(GET{uri=/getAttractionRewardPoints?attractionId=62f01f4a-d6db-43a9-97ee-19e6c3b1092c&userId=6f1bfbe2-5d0e-4f69-a759-5f0ceb9ac8d1, connection=PooledConnection{channel=[id: 0x393991de, L:/127.0.0.1:50312 - R:localhost/127.0.0.1:8082]}}, [disconnecting])
20:40:47.278 [reactor-http-nio-12] DEBUG reactor.netty.resources.PooledConnectionProvider - [id: 0x393991de, L:/127.0.0.1:50312 - R:localhost/127.0.0.1:8082] Releasing channel
20:40:47.278 [reactor-http-nio-12] DEBUG reactor.netty.resources.PooledConnectionProvider - [id: 0x393991de, L:/127.0.0.1:50312 - R:localhost/127.0.0.1:8082] Channel cleaned, now 64 active connections and 1 inactive connections
20:40:47.278 [pool-14-thread-5] DEBUG org.springframework.web.reactive.function.client.ExchangeFunctions - [6d59e720] HTTP GET http://localhost:8081/getAttractions
20:40:47.279 [reactor-http-nio-11] DEBUG reactor.netty.resources.PooledConnectionProvider - [id: 0xad9667d1, L:/127.0.0.1:50248 - R:localhost/127.0.0.1:8081] Channel acquired, now 1 active connections and 63 inactive connections
20:40:47.279 [reactor-http-nio-11] DEBUG reactor.netty.http.client.HttpClientConnect - [id: 0xad9667d1, L:/127.0.0.1:50248 - R:localhost/127.0.0.1:8081] Handler is being applied: {uri=http://localhost:8081/getAttractions, method=GET}
20:40:47.279 [reactor-http-nio-11] DEBUG reactor.netty.resources.PooledConnectionProvider - [id: 0xad9667d1, L:/127.0.0.1:50248 - R:localhost/127.0.0.1:8081] onStateChange(GET{uri=/getAttractions, connection=PooledConnection{channel=[id: 0xad9667d1, L:/127.0.0.1:50248 - R:localhost/127.0.0.1:8081]}}, [request_sent])
20:40:47.292 [reactor-http-nio-11] DEBUG reactor.netty.http.client.HttpClientOperations - [id: 0xad9667d1, L:/127.0.0.1:50248 - R:localhost/127.0.0.1:8081] Received response (auto-read:false) : [Content-Type=application/json, Transfer-Encoding=chunked, Date=Fri, 11 Jun 2021 15:10:46 GMT]
20:40:47.292 [reactor-http-nio-11] DEBUG reactor.netty.resources.PooledConnectionProvider - [id: 0xad9667d1, L:/127.0.0.1:50248 - R:localhost/127.0.0.1:8081] onStateChange(GET{uri=/getAttractions, connection=PooledConnection{channel=[id: 0xad9667d1, L:/127.0.0.1:50248 - R:localhost/127.0.0.1:8081]}}, [response_received])
20:40:47.292 [reactor-http-nio-11] DEBUG org.springframework.web.reactive.function.client.ExchangeFunctions - [6d59e720] Response 200 OK
20:40:47.293 [reactor-http-nio-11] DEBUG reactor.netty.channel.FluxReceive - [id: 0xad9667d1, L:/127.0.0.1:50248 - R:localhost/127.0.0.1:8081] Subscribing inbound receiver [pending: 0, cancelled:false, inboundDone: false]
20:40:47.293 [reactor-http-nio-11] DEBUG reactor.netty.http.client.HttpClientOperations - [id: 0xad9667d1, L:/127.0.0.1:50248 - R:localhost/127.0.0.1:8081] Received last HTTP packet
20:40:47.293 [reactor-http-nio-11] DEBUG org.springframework.core.codec.StringDecoder - [6d59e720] Decoded "[{"longitude":-117.922008,"latitude":33.817595,"attractionName":"Disneyland","city":"Anaheim","stat (truncated)...
20:40:47.293 [reactor-http-nio-11] DEBUG reactor.netty.resources.PooledConnectionProvider - [id: 0xad9667d1, L:/127.0.0.1:50248 - R:localhost/127.0.0.1:8081] onStateChange(GET{uri=/getAttractions, connection=PooledConnection{channel=[id: 0xad9667d1, L:/127.0.0.1:50248 - R:localhost/127.0.0.1:8081]}}, [disconnecting])
20:40:47.293 [reactor-http-nio-11] DEBUG reactor.netty.resources.PooledConnectionProvider - [id: 0xad9667d1, L:/127.0.0.1:50248 - R:localhost/127.0.0.1:8081] Releasing channel
20:40:47.293 [reactor-http-nio-11] DEBUG reactor.netty.resources.PooledConnectionProvider - [id: 0xad9667d1, L:/127.0.0.1:50248 - R:localhost/127.0.0.1:8081] Channel cleaned, now 0 active connections and 64 inactive connections
20:40:47.294 [pool-14-thread-5] DEBUG org.springframework.web.reactive.function.client.ExchangeFunctions - [285b74ef] HTTP GET http://localhost:8082/getAttractionRewardPoints?attractionId=1329e821-97a2-4a6e-842f-1a979242b648&userId=69b75406-0178-48de-971f-0fa50f7dfa7b
20:40:47.294 [reactor-http-nio-12] DEBUG reactor.netty.resources.PooledConnectionProvider - [id: 0x393991de, L:/127.0.0.1:50312 - R:localhost/127.0.0.1:8082] Channel acquired, now 65 active connections and 0 inactive connections
20:40:47.294 [reactor-http-nio-12] DEBUG reactor.netty.http.client.HttpClientConnect - [id: 0x393991de, L:/127.0.0.1:50312 - R:localhost/127.0.0.1:8082] Handler is being applied: {uri=http://localhost:8082/getAttractionRewardPoints?attractionId=1329e821-97a2-4a6e-842f-1a979242b648&userId=69b75406-0178-48de-971f-0fa50f7dfa7b, method=GET}
20:40:47.295 [reactor-http-nio-12] DEBUG reactor.netty.resources.PooledConnectionProvider - [id: 0x393991de, L:/127.0.0.1:50312 - R:localhost/127.0.0.1:8082] onStateChange(GET{uri=/getAttractionRewardPoints?attractionId=1329e821-97a2-4a6e-842f-1a979242b648&userId=69b75406-0178-48de-971f-0fa50f7dfa7b, connection=PooledConnection{channel=[id: 0x393991de, L:/127.0.0.1:50312 - R:localhost/127.0.0.1:8082]}}, [request_sent])
20:40:47.309 [reactor-http-nio-12] DEBUG reactor.netty.http.client.HttpClientOperations - [id: 0xa3f7a646, L:/127.0.0.1:50359 - R:localhost/127.0.0.1:8082] Received response (auto-read:false) : [Content-Type=application/json, Transfer-Encoding=chunked, Date=Fri, 11 Jun 2021 15:10:46 GMT]
20:40:47.309 [reactor-http-nio-12] DEBUG reactor.netty.resources.PooledConnectionProvider - [id: 0xa3f7a646, L:/127.0.0.1:50359 - R:localhost/127.0.0.1:8082] onStateChange(GET{uri=/getAttractionRewardPoints?attractionId=68dca663-ba13-4e89-bb85-aaeec4e75acd&userId=4415e126-eb28-4e17-bf4f-ebed0c883869, connection=PooledConnection{channel=[id: 0xa3f7a646, L:/127.0.0.1:50359 - R:localhost/127.0.0.1:8082]}}, [response_received])
20:40:47.309 [reactor-http-nio-12] DEBUG org.springframework.web.reactive.function.client.ExchangeFunctions - [2a595a9f] Response 200 OK
20:40:47.310 [reactor-http-nio-12] DEBUG reactor.netty.channel.FluxReceive - [id: 0xa3f7a646, L:/127.0.0.1:50359 - R:localhost/127.0.0.1:8082] Subscribing inbound receiver [pending: 0, cancelled:false, inboundDone: false]
20:40:47.310 [reactor-http-nio-12] DEBUG reactor.netty.http.client.HttpClientOperations - [id: 0xa3f7a646, L:/127.0.0.1:50359 - R:localhost/127.0.0.1:8082] Received last HTTP packet
20:40:47.310 [reactor-http-nio-12] DEBUG org.springframework.core.codec.StringDecoder - [2a595a9f] Decoded "986"
20:40:47.310 [reactor-http-nio-12] DEBUG reactor.netty.resources.PooledConnectionProvider - [id: 0xa3f7a646, L:/127.0.0.1:50359 - R:localhost/127.0.0.1:8082] onStateChange(GET{uri=/getAttractionRewardPoints?attractionId=68dca663-ba13-4e89-bb85-aaeec4e75acd&userId=4415e126-eb28-4e17-bf4f-ebed0c883869, connection=PooledConnection{channel=[id: 0xa3f7a646, L:/127.0.0.1:50359 - R:localhost/127.0.0.1:8082]}}, [disconnecting])
20:40:47.310 [reactor-http-nio-12] DEBUG reactor.netty.resources.PooledConnectionProvider - [id: 0xa3f7a646, L:/127.0.0.1:50359 - R:localhost/127.0.0.1:8082] Releasing channel
20:40:47.310 [reactor-http-nio-12] DEBUG reactor.netty.resources.PooledConnectionProvider - [id: 0xa3f7a646, L:/127.0.0.1:50359 - R:localhost/127.0.0.1:8082] Channel cleaned, now 64 active connections and 1 inactive connections
20:40:47.310 [pool-14-thread-48] DEBUG org.springframework.web.reactive.function.client.ExchangeFunctions - [2e66db0c] HTTP GET http://localhost:8081/getAttractions
20:40:47.311 [reactor-http-nio-15] DEBUG reactor.netty.resources.PooledConnectionProvider - [id: 0x21231b13, L:/127.0.0.1:50274 - R:localhost/127.0.0.1:8081] Channel acquired, now 1 active connections and 63 inactive connections
20:40:47.311 [reactor-http-nio-15] DEBUG reactor.netty.http.client.HttpClientConnect - [id: 0x21231b13, L:/127.0.0.1:50274 - R:localhost/127.0.0.1:8081] Handler is being applied: {uri=http://localhost:8081/getAttractions, method=GET}
20:40:47.311 [reactor-http-nio-15] DEBUG reactor.netty.resources.PooledConnectionProvider - [id: 0x21231b13, L:/127.0.0.1:50274 - R:localhost/127.0.0.1:8081] onStateChange(GET{uri=/getAttractions, connection=PooledConnection{channel=[id: 0x21231b13, L:/127.0.0.1:50274 - R:localhost/127.0.0.1:8081]}}, [request_sent])
20:40:47.316 [reactor-http-nio-15] DEBUG reactor.netty.http.client.HttpClientOperations - [id: 0x595f1e3f, L:/127.0.0.1:50343 - R:localhost/127.0.0.1:8082] Received response (auto-read:false) : [Content-Type=application/json, Transfer-Encoding=chunked, Date=Fri, 11 Jun 2021 15:10:46 GMT]
20:40:47.316 [reactor-http-nio-15] DEBUG reactor.netty.resources.PooledConnectionProvider - [id: 0x595f1e3f, L:/127.0.0.1:50343 - R:localhost/127.0.0.1:8082] onStateChange(GET{uri=/getAttractionRewardPoints?attractionId=b002c5b7-b2d2-4169-bf3a-d1d9fcf66093&userId=a63081f7-fbf6-40e5-82a1-07cbe9308f5b, connection=PooledConnection{channel=[id: 0x595f1e3f, L:/127.0.0.1:50343 - R:localhost/127.0.0.1:8082]}}, [response_received])
20:40:47.316 [reactor-http-nio-15] DEBUG org.springframework.web.reactive.function.client.ExchangeFunctions - [15e40b34] Response 200 OK
20:40:47.316 [reactor-http-nio-15] DEBUG reactor.netty.channel.FluxReceive - [id: 0x595f1e3f, L:/127.0.0.1:50343 - R:localhost/127.0.0.1:8082] Subscribing inbound receiver [pending: 0, cancelled:false, inboundDone: false]
20:40:47.317 [reactor-http-nio-15] DEBUG reactor.netty.http.client.HttpClientOperations - [id: 0x595f1e3f, L:/127.0.0.1:50343 - R:localhost/127.0.0.1:8082] Received last HTTP packet
20:40:47.317 [reactor-http-nio-15] DEBUG org.springframework.core.codec.StringDecoder - [15e40b34] Decoded "329"
20:40:47.317 [reactor-http-nio-15] DEBUG reactor.netty.resources.PooledConnectionProvider - [id: 0x595f1e3f, L:/127.0.0.1:50343 - R:localhost/127.0.0.1:8082] onStateChange(GET{uri=/getAttractionRewardPoints?attractionId=b002c5b7-b2d2-4169-bf3a-d1d9fcf66093&userId=a63081f7-fbf6-40e5-82a1-07cbe9308f5b, connection=PooledConnection{channel=[id: 0x595f1e3f, L:/127.0.0.1:50343 - R:localhost/127.0.0.1:8082]}}, [disconnecting])
20:40:47.317 [reactor-http-nio-15] DEBUG reactor.netty.resources.PooledConnectionProvider - [id: 0x595f1e3f, L:/127.0.0.1:50343 - R:localhost/127.0.0.1:8082] Releasing channel
20:40:47.317 [reactor-http-nio-15] DEBUG reactor.netty.resources.PooledConnectionProvider - [id: 0x595f1e3f, L:/127.0.0.1:50343 - R:localhost/127.0.0.1:8082] Channel cleaned, now 63 active connections and 2 inactive connections
20:40:47.317 [pool-14-thread-38] DEBUG org.springframework.web.reactive.function.client.ExchangeFunctions - [11db8d50] HTTP GET http://localhost:8081/getAttractions
20:40:47.318 [reactor-http-nio-2] DEBUG reactor.netty.resources.PooledConnectionProvider - [id: 0x7ef0c167, L:/127.0.0.1:50300 - R:localhost/127.0.0.1:8081] Channel acquired, now 2 active connections and 62 inactive connections
20:40:47.318 [reactor-http-nio-2] DEBUG reactor.netty.http.client.HttpClientConnect - [id: 0x7ef0c167, L:/127.0.0.1:50300 - R:localhost/127.0.0.1:8081] Handler is being applied: {uri=http://localhost:8081/getAttractions, method=GET}
20:40:47.318 [reactor-http-nio-2] DEBUG reactor.netty.resources.PooledConnectionProvider - [id: 0x7ef0c167, L:/127.0.0.1:50300 - R:localhost/127.0.0.1:8081] onStateChange(GET{uri=/getAttractions, connection=PooledConnection{channel=[id: 0x7ef0c167, L:/127.0.0.1:50300 - R:localhost/127.0.0.1:8081]}}, [request_sent])
20:40:47.319 [reactor-http-nio-14] DEBUG reactor.netty.http.client.HttpClientOperations - [id: 0x53a45341, L:/127.0.0.1:50314 - R:localhost/127.0.0.1:8082] Received response (auto-read:false) : [Content-Type=application/json, Transfer-Encoding=chunked, Date=Fri, 11 Jun 2021 15:10:46 GMT]
20:40:47.319 [reactor-http-nio-14] DEBUG reactor.netty.resources.PooledConnectionProvider - [id: 0x53a45341, L:/127.0.0.1:50314 - R:localhost/127.0.0.1:8082] onStateChange(GET{uri=/getAttractionRewardPoints?attractionId=8115ad77-bdfa-4399-860d-b8462339a047&userId=d7956f97-769b-4f4c-ba7b-6a06cf13a5d5, connection=PooledConnection{channel=[id: 0x53a45341, L:/127.0.0.1:50314 - R:localhost/127.0.0.1:8082]}}, [response_received])
20:40:47.319 [reactor-http-nio-14] DEBUG org.springframework.web.reactive.function.client.ExchangeFunctions - [6a611d62] Response 200 OK
20:40:47.319 [reactor-http-nio-14] DEBUG reactor.netty.channel.FluxReceive - [id: 0x53a45341, L:/127.0.0.1:50314 - R:localhost/127.0.0.1:8082] Subscribing inbound receiver [pending: 0, cancelled:false, inboundDone: false]
20:40:47.319 [reactor-http-nio-14] DEBUG reactor.netty.http.client.HttpClientOperations - [id: 0x53a45341, L:/127.0.0.1:50314 - R:localhost/127.0.0.1:8082] Received last HTTP packet
20:40:47.320 [reactor-http-nio-14] DEBUG org.springframework.core.codec.StringDecoder - [6a611d62] Decoded "866"
20:40:47.320 [reactor-http-nio-14] DEBUG reactor.netty.resources.PooledConnectionProvider - [id: 0x53a45341, L:/127.0.0.1:50314 - R:localhost/127.0.0.1:8082] onStateChange(GET{uri=/getAttractionRewardPoints?attractionId=8115ad77-bdfa-4399-860d-b8462339a047&userId=d7956f97-769b-4f4c-ba7b-6a06cf13a5d5, connection=PooledConnection{channel=[id: 0x53a45341, L:/127.0.0.1:50314 - R:localhost/127.0.0.1:8082]}}, [disconnecting])
20:40:47.320 [reactor-http-nio-14] DEBUG reactor.netty.resources.PooledConnectionProvider - [id: 0x53a45341, L:/127.0.0.1:50314 - R:localhost/127.0.0.1:8082] Releasing channel
20:40:47.320 [reactor-http-nio-14] DEBUG reactor.netty.resources.PooledConnectionProvider - [id: 0x53a45341, L:/127.0.0.1:50314 - R:localhost/127.0.0.1:8082] Channel cleaned, now 62 active connections and 3 inactive connections
20:40:47.320 [pool-14-thread-7] DEBUG org.springframework.web.reactive.function.client.ExchangeFunctions - [6e5e94f6] HTTP GET http://localhost:8081/getAttractions
20:40:47.320 [reactor-http-nio-12] DEBUG reactor.netty.resources.PooledConnectionProvider - [id: 0x76564411, L:/127.0.0.1:50307 - R:localhost/127.0.0.1:8081] Channel acquired, now 3 active connections and 61 inactive connections
20:40:47.320 [reactor-http-nio-12] DEBUG reactor.netty.http.client.HttpClientConnect - [id: 0x76564411, L:/127.0.0.1:50307 - R:localhost/127.0.0.1:8081] Handler is being applied: {uri=http://localhost:8081/getAttractions, method=GET}
20:40:47.321 [reactor-http-nio-12] DEBUG reactor.netty.resources.PooledConnectionProvider - [id: 0x76564411, L:/127.0.0.1:50307 - R:localhost/127.0.0.1:8081] onStateChange(GET{uri=/getAttractions, connection=PooledConnection{channel=[id: 0x76564411, L:/127.0.0.1:50307 - R:localhost/127.0.0.1:8081]}}, [request_sent])
20:40:47.323 [reactor-http-nio-15] DEBUG reactor.netty.http.client.HttpClientOperations - [id: 0x21231b13, L:/127.0.0.1:50274 - R:localhost/127.0.0.1:8081] Received response (auto-read:false) : [Content-Type=application/json, Transfer-Encoding=chunked, Date=Fri, 11 Jun 2021 15:10:46 GMT]
20:40:47.323 [reactor-http-nio-15] DEBUG reactor.netty.resources.PooledConnectionProvider - [id: 0x21231b13, L:/127.0.0.1:50274 - R:localhost/127.0.0.1:8081] onStateChange(GET{uri=/getAttractions, connection=PooledConnection{channel=[id: 0x21231b13, L:/127.0.0.1:50274 - R:localhost/127.0.0.1:8081]}}, [response_received])
20:40:47.324 [reactor-http-nio-15] DEBUG org.springframework.web.reactive.function.client.ExchangeFunctions - [2e66db0c] Response 200 OK
20:40:47.324 [reactor-http-nio-15] DEBUG reactor.netty.channel.FluxReceive - [id: 0x21231b13, L:/127.0.0.1:50274 - R:localhost/127.0.0.1:8081] Subscribing inbound receiver [pending: 0, cancelled:false, inboundDone: false]
20:40:47.324 [reactor-http-nio-15] DEBUG reactor.netty.http.client.HttpClientOperations - [id: 0x21231b13, L:/127.0.0.1:50274 - R:localhost/127.0.0.1:8081] Received last HTTP packet
20:40:47.324 [reactor-http-nio-15] DEBUG org.springframework.core.codec.StringDecoder - [2e66db0c] Decoded "[{"longitude":-117.922008,"latitude":33.817595,"attractionName":"Disneyland","city":"Anaheim","stat (truncated)...
20:40:47.325 [reactor-http-nio-15] DEBUG reactor.netty.resources.PooledConnectionProvider - [id: 0x21231b13, L:/127.0.0.1:50274 - R:localhost/127.0.0.1:8081] onStateChange(GET{uri=/getAttractions, connection=PooledConnection{channel=[id: 0x21231b13, L:/127.0.0.1:50274 - R:localhost/127.0.0.1:8081]}}, [disconnecting])
20:40:47.325 [reactor-http-nio-15] DEBUG reactor.netty.resources.PooledConnectionProvider - [id: 0x21231b13, L:/127.0.0.1:50274 - R:localhost/127.0.0.1:8081] Releasing channel
20:40:47.325 [reactor-http-nio-15] DEBUG reactor.netty.resources.PooledConnectionProvider - [id: 0x21231b13, L:/127.0.0.1:50274 - R:localhost/127.0.0.1:8081] Channel cleaned, now 2 active connections and 62 inactive connections
20:40:47.326 [pool-14-thread-48] DEBUG org.springframework.web.reactive.function.client.ExchangeFunctions - [6b6450a4] HTTP GET http://localhost:8082/getAttractionRewardPoints?attractionId=bdc05421-c5c6-480c-bdbf-504e68a14b06&userId=e656c4b1-53ff-416f-87a9-07c50b03c3d8
20:40:47.326 [reactor-http-nio-12] DEBUG reactor.netty.resources.PooledConnectionProvider - [id: 0xa3f7a646, L:/127.0.0.1:50359 - R:localhost/127.0.0.1:8082] Channel acquired, now 63 active connections and 2 inactive connections
20:40:47.326 [reactor-http-nio-12] DEBUG reactor.netty.http.client.HttpClientConnect - [id: 0xa3f7a646, L:/127.0.0.1:50359 - R:localhost/127.0.0.1:8082] Handler is being applied: {uri=http://localhost:8082/getAttractionRewardPoints?attractionId=bdc05421-c5c6-480c-bdbf-504e68a14b06&userId=e656c4b1-53ff-416f-87a9-07c50b03c3d8, method=GET}
20:40:47.327 [reactor-http-nio-12] DEBUG reactor.netty.resources.PooledConnectionProvider - [id: 0xa3f7a646, L:/127.0.0.1:50359 - R:localhost/127.0.0.1:8082] onStateChange(GET{uri=/getAttractionRewardPoints?attractionId=bdc05421-c5c6-480c-bdbf-504e68a14b06&userId=e656c4b1-53ff-416f-87a9-07c50b03c3d8, connection=PooledConnection{channel=[id: 0xa3f7a646, L:/127.0.0.1:50359 - R:localhost/127.0.0.1:8082]}}, [request_sent])
20:40:47.330 [reactor-http-nio-2] DEBUG reactor.netty.http.client.HttpClientOperations - [id: 0x7ef0c167, L:/127.0.0.1:50300 - R:localhost/127.0.0.1:8081] Received response (auto-read:false) : [Content-Type=application/json, Transfer-Encoding=chunked, Date=Fri, 11 Jun 2021 15:10:46 GMT]
20:40:47.330 [reactor-http-nio-2] DEBUG reactor.netty.resources.PooledConnectionProvider - [id: 0x7ef0c167, L:/127.0.0.1:50300 - R:localhost/127.0.0.1:8081] onStateChange(GET{uri=/getAttractions, connection=PooledConnection{channel=[id: 0x7ef0c167, L:/127.0.0.1:50300 - R:localhost/127.0.0.1:8081]}}, [response_received])
20:40:47.330 [reactor-http-nio-2] DEBUG org.springframework.web.reactive.function.client.ExchangeFunctions - [11db8d50] Response 200 OK
20:40:47.330 [reactor-http-nio-2] DEBUG reactor.netty.channel.FluxReceive - [id: 0x7ef0c167, L:/127.0.0.1:50300 - R:localhost/127.0.0.1:8081] Subscribing inbound receiver [pending: 0, cancelled:false, inboundDone: false]
20:40:47.330 [reactor-http-nio-2] DEBUG reactor.netty.http.client.HttpClientOperations - [id: 0x7ef0c167, L:/127.0.0.1:50300 - R:localhost/127.0.0.1:8081] Received last HTTP packet
20:40:47.330 [reactor-http-nio-2] DEBUG org.springframework.core.codec.StringDecoder - [11db8d50] Decoded "[{"longitude":-117.922008,"latitude":33.817595,"attractionName":"Disneyland","city":"Anaheim","stat (truncated)...
20:40:47.330 [reactor-http-nio-2] DEBUG reactor.netty.resources.PooledConnectionProvider - [id: 0x7ef0c167, L:/127.0.0.1:50300 - R:localhost/127.0.0.1:8081] onStateChange(GET{uri=/getAttractions, connection=PooledConnection{channel=[id: 0x7ef0c167, L:/127.0.0.1:50300 - R:localhost/127.0.0.1:8081]}}, [disconnecting])
20:40:47.330 [reactor-http-nio-2] DEBUG reactor.netty.resources.PooledConnectionProvider - [id: 0x7ef0c167, L:/127.0.0.1:50300 - R:localhost/127.0.0.1:8081] Releasing channel
20:40:47.330 [reactor-http-nio-2] DEBUG reactor.netty.resources.PooledConnectionProvider - [id: 0x7ef0c167, L:/127.0.0.1:50300 - R:localhost/127.0.0.1:8081] Channel cleaned, now 1 active connections and 63 inactive connections
20:40:47.331 [pool-14-thread-38] DEBUG org.springframework.web.reactive.function.client.ExchangeFunctions - [54d9010f] HTTP GET http://localhost:8082/getAttractionRewardPoints?attractionId=6b7d59b2-781f-47e4-9c0d-c9a7b084d603&userId=401de2e7-0942-4710-9dd2-283cfd94e501
20:40:47.332 [reactor-http-nio-15] DEBUG reactor.netty.resources.PooledConnectionProvider - [id: 0x595f1e3f, L:/127.0.0.1:50343 - R:localhost/127.0.0.1:8082] Channel acquired, now 64 active connections and 1 inactive connections
20:40:47.332 [reactor-http-nio-15] DEBUG reactor.netty.http.client.HttpClientConnect - [id: 0x595f1e3f, L:/127.0.0.1:50343 - R:localhost/127.0.0.1:8082] Handler is being applied: {uri=http://localhost:8082/getAttractionRewardPoints?attractionId=6b7d59b2-781f-47e4-9c0d-c9a7b084d603&userId=401de2e7-0942-4710-9dd2-283cfd94e501, method=GET}
20:40:47.332 [reactor-http-nio-15] DEBUG reactor.netty.resources.PooledConnectionProvider - [id: 0x595f1e3f, L:/127.0.0.1:50343 - R:localhost/127.0.0.1:8082] onStateChange(GET{uri=/getAttractionRewardPoints?attractionId=6b7d59b2-781f-47e4-9c0d-c9a7b084d603&userId=401de2e7-0942-4710-9dd2-283cfd94e501, connection=PooledConnection{channel=[id: 0x595f1e3f, L:/127.0.0.1:50343 - R:localhost/127.0.0.1:8082]}}, [request_sent])
20:40:47.333 [reactor-http-nio-12] DEBUG reactor.netty.http.client.HttpClientOperations - [id: 0x76564411, L:/127.0.0.1:50307 - R:localhost/127.0.0.1:8081] Received response (auto-read:false) : [Content-Type=application/json, Transfer-Encoding=chunked, Date=Fri, 11 Jun 2021 15:10:46 GMT]
20:40:47.333 [reactor-http-nio-12] DEBUG reactor.netty.resources.PooledConnectionProvider - [id: 0x76564411, L:/127.0.0.1:50307 - R:localhost/127.0.0.1:8081] onStateChange(GET{uri=/getAttractions, connection=PooledConnection{channel=[id: 0x76564411, L:/127.0.0.1:50307 - R:localhost/127.0.0.1:8081]}}, [response_received])
20:40:47.333 [reactor-http-nio-12] DEBUG org.springframework.web.reactive.function.client.ExchangeFunctions - [6e5e94f6] Response 200 OK
20:40:47.333 [reactor-http-nio-12] DEBUG reactor.netty.channel.FluxReceive - [id: 0x76564411, L:/127.0.0.1:50307 - R:localhost/127.0.0.1:8081] Subscribing inbound receiver [pending: 0, cancelled:false, inboundDone: false]
20:40:47.333 [reactor-http-nio-12] DEBUG reactor.netty.http.client.HttpClientOperations - [id: 0x76564411, L:/127.0.0.1:50307 - R:localhost/127.0.0.1:8081] Received last HTTP packet
20:40:47.333 [reactor-http-nio-12] DEBUG org.springframework.core.codec.StringDecoder - [6e5e94f6] Decoded "[{"longitude":-117.922008,"latitude":33.817595,"attractionName":"Disneyland","city":"Anaheim","stat (truncated)...
20:40:47.333 [reactor-http-nio-12] DEBUG reactor.netty.resources.PooledConnectionProvider - [id: 0x76564411, L:/127.0.0.1:50307 - R:localhost/127.0.0.1:8081] onStateChange(GET{uri=/getAttractions, connection=PooledConnection{channel=[id: 0x76564411, L:/127.0.0.1:50307 - R:localhost/127.0.0.1:8081]}}, [disconnecting])
20:40:47.334 [reactor-http-nio-12] DEBUG reactor.netty.resources.PooledConnectionProvider - [id: 0x76564411, L:/127.0.0.1:50307 - R:localhost/127.0.0.1:8081] Releasing channel
20:40:47.334 [reactor-http-nio-12] DEBUG reactor.netty.resources.PooledConnectionProvider - [id: 0x76564411, L:/127.0.0.1:50307 - R:localhost/127.0.0.1:8081] Channel cleaned, now 0 active connections and 64 inactive connections
20:40:47.334 [reactor-http-nio-11] DEBUG reactor.netty.http.client.HttpClientOperations - [id: 0x629470fd, L:/127.0.0.1:50348 - R:localhost/127.0.0.1:8082] Received response (auto-read:false) : [Content-Type=application/json, Transfer-Encoding=chunked, Date=Fri, 11 Jun 2021 15:10:46 GMT]
20:40:47.334 [reactor-http-nio-11] DEBUG reactor.netty.resources.PooledConnectionProvider - [id: 0x629470fd, L:/127.0.0.1:50348 - R:localhost/127.0.0.1:8082] onStateChange(GET{uri=/getAttractionRewardPoints?attractionId=4d3244a1-080c-42ec-93df-a1ed8493de9d&userId=9b600d57-3481-4dad-8923-bb01caddea09, connection=PooledConnection{channel=[id: 0x629470fd, L:/127.0.0.1:50348 - R:localhost/127.0.0.1:8082]}}, [response_received])
20:40:47.334 [reactor-http-nio-11] DEBUG org.springframework.web.reactive.function.client.ExchangeFunctions - [1f9d062a] Response 200 OK
20:40:47.334 [pool-14-thread-7] DEBUG org.springframework.web.reactive.function.client.ExchangeFunctions - [2b5c1759] HTTP GET http://localhost:8082/getAttractionRewardPoints?attractionId=2d05b739-247a-4a43-91d3-9cf845deb22a&userId=3f695fe8-241a-4c91-bbb5-85ce11024c93
20:40:47.334 [reactor-http-nio-11] DEBUG reactor.netty.channel.FluxReceive - [id: 0x629470fd, L:/127.0.0.1:50348 - R:localhost/127.0.0.1:8082] Subscribing inbound receiver [pending: 0, cancelled:false, inboundDone: false]
20:40:47.335 [reactor-http-nio-14] DEBUG reactor.netty.resources.PooledConnectionProvider - [id: 0x53a45341, L:/127.0.0.1:50314 - R:localhost/127.0.0.1:8082] Channel acquired, now 65 active connections and 0 inactive connections
20:40:47.335 [reactor-http-nio-14] DEBUG reactor.netty.http.client.HttpClientConnect - [id: 0x53a45341, L:/127.0.0.1:50314 - R:localhost/127.0.0.1:8082] Handler is being applied: {uri=http://localhost:8082/getAttractionRewardPoints?attractionId=2d05b739-247a-4a43-91d3-9cf845deb22a&userId=3f695fe8-241a-4c91-bbb5-85ce11024c93, method=GET}
20:40:47.335 [reactor-http-nio-11] DEBUG reactor.netty.http.client.HttpClientOperations - [id: 0x629470fd, L:/127.0.0.1:50348 - R:localhost/127.0.0.1:8082] Received last HTTP packet
20:40:47.335 [reactor-http-nio-11] DEBUG org.springframework.core.codec.StringDecoder - [1f9d062a] Decoded "772"
20:40:47.335 [reactor-http-nio-11] DEBUG reactor.netty.resources.PooledConnectionProvider - [id: 0x629470fd, L:/127.0.0.1:50348 - R:localhost/127.0.0.1:8082] onStateChange(GET{uri=/getAttractionRewardPoints?attractionId=4d3244a1-080c-42ec-93df-a1ed8493de9d&userId=9b600d57-3481-4dad-8923-bb01caddea09, connection=PooledConnection{channel=[id: 0x629470fd, L:/127.0.0.1:50348 - R:localhost/127.0.0.1:8082]}}, [disconnecting])
20:40:47.335 [reactor-http-nio-11] DEBUG reactor.netty.resources.PooledConnectionProvider - [id: 0x629470fd, L:/127.0.0.1:50348 - R:localhost/127.0.0.1:8082] Releasing channel
20:40:47.335 [reactor-http-nio-11] DEBUG reactor.netty.resources.PooledConnectionProvider - [id: 0x629470fd, L:/127.0.0.1:50348 - R:localhost/127.0.0.1:8082] Channel cleaned, now 64 active connections and 1 inactive connections
20:40:47.335 [pool-14-thread-47] DEBUG org.springframework.web.reactive.function.client.ExchangeFunctions - [1ba28101] HTTP GET http://localhost:8081/getAttractions
20:40:47.335 [reactor-http-nio-14] DEBUG reactor.netty.resources.PooledConnectionProvider - [id: 0x53a45341, L:/127.0.0.1:50314 - R:localhost/127.0.0.1:8082] onStateChange(GET{uri=/getAttractionRewardPoints?attractionId=2d05b739-247a-4a43-91d3-9cf845deb22a&userId=3f695fe8-241a-4c91-bbb5-85ce11024c93, connection=PooledConnection{channel=[id: 0x53a45341, L:/127.0.0.1:50314 - R:localhost/127.0.0.1:8082]}}, [request_sent])
20:40:47.335 [reactor-http-nio-16] DEBUG reactor.netty.resources.PooledConnectionProvider - [id: 0x30c6031c, L:/127.0.0.1:50292 - R:localhost/127.0.0.1:8081] Channel acquired, now 1 active connections and 63 inactive connections
20:40:47.336 [reactor-http-nio-16] DEBUG reactor.netty.http.client.HttpClientConnect - [id: 0x30c6031c, L:/127.0.0.1:50292 - R:localhost/127.0.0.1:8081] Handler is being applied: {uri=http://localhost:8081/getAttractions, method=GET}
20:40:47.336 [reactor-http-nio-16] DEBUG reactor.netty.resources.PooledConnectionProvider - [id: 0x30c6031c, L:/127.0.0.1:50292 - R:localhost/127.0.0.1:8081] onStateChange(GET{uri=/getAttractions, connection=PooledConnection{channel=[id: 0x30c6031c, L:/127.0.0.1:50292 - R:localhost/127.0.0.1:8081]}}, [request_sent])
20:40:47.341 [reactor-http-nio-14] DEBUG reactor.netty.http.client.HttpClientOperations - [id: 0x166e1fbe, L:/127.0.0.1:50368 - R:localhost/127.0.0.1:8082] Received response (auto-read:false) : [Content-Type=application/json, Transfer-Encoding=chunked, Date=Fri, 11 Jun 2021 15:10:46 GMT]
20:40:47.341 [reactor-http-nio-14] DEBUG reactor.netty.resources.PooledConnectionProvider - [id: 0x166e1fbe, L:/127.0.0.1:50368 - R:localhost/127.0.0.1:8082] onStateChange(GET{uri=/getAttractionRewardPoints?attractionId=bcf4e390-5224-4683-8ca9-9d2db7d2d85f&userId=4f7eaee1-dfb5-4a1b-b359-9e6e650d353e, connection=PooledConnection{channel=[id: 0x166e1fbe, L:/127.0.0.1:50368 - R:localhost/127.0.0.1:8082]}}, [response_received])
20:40:47.341 [reactor-http-nio-14] DEBUG org.springframework.web.reactive.function.client.ExchangeFunctions - [12879730] Response 200 OK
20:40:47.342 [reactor-http-nio-14] DEBUG reactor.netty.channel.FluxReceive - [id: 0x166e1fbe, L:/127.0.0.1:50368 - R:localhost/127.0.0.1:8082] Subscribing inbound receiver [pending: 0, cancelled:false, inboundDone: false]
20:40:47.342 [reactor-http-nio-14] DEBUG reactor.netty.http.client.HttpClientOperations - [id: 0x166e1fbe, L:/127.0.0.1:50368 - R:localhost/127.0.0.1:8082] Received last HTTP packet
20:40:47.342 [reactor-http-nio-14] DEBUG org.springframework.core.codec.StringDecoder - [12879730] Decoded "880"
20:40:47.342 [reactor-http-nio-14] DEBUG reactor.netty.resources.PooledConnectionProvider - [id: 0x166e1fbe, L:/127.0.0.1:50368 - R:localhost/127.0.0.1:8082] onStateChange(GET{uri=/getAttractionRewardPoints?attractionId=bcf4e390-5224-4683-8ca9-9d2db7d2d85f&userId=4f7eaee1-dfb5-4a1b-b359-9e6e650d353e, connection=PooledConnection{channel=[id: 0x166e1fbe, L:/127.0.0.1:50368 - R:localhost/127.0.0.1:8082]}}, [disconnecting])
20:40:47.342 [reactor-http-nio-14] DEBUG reactor.netty.resources.PooledConnectionProvider - [id: 0x166e1fbe, L:/127.0.0.1:50368 - R:localhost/127.0.0.1:8082] Releasing channel
20:40:47.342 [reactor-http-nio-14] DEBUG reactor.netty.resources.PooledConnectionProvider - [id: 0x166e1fbe, L:/127.0.0.1:50368 - R:localhost/127.0.0.1:8082] Channel cleaned, now 63 active connections and 2 inactive connections
20:40:47.343 [pool-14-thread-52] DEBUG org.springframework.web.reactive.function.client.ExchangeFunctions - [16b811b8] HTTP GET http://localhost:8081/getAttractions
20:40:47.343 [reactor-http-nio-14] DEBUG reactor.netty.resources.PooledConnectionProvider - [id: 0xcd551a5c, L:/127.0.0.1:50302 - R:localhost/127.0.0.1:8081] Channel acquired, now 2 active connections and 62 inactive connections
20:40:47.343 [reactor-http-nio-14] DEBUG reactor.netty.http.client.HttpClientConnect - [id: 0xcd551a5c, L:/127.0.0.1:50302 - R:localhost/127.0.0.1:8081] Handler is being applied: {uri=http://localhost:8081/getAttractions, method=GET}
20:40:47.343 [reactor-http-nio-14] DEBUG reactor.netty.resources.PooledConnectionProvider - [id: 0xcd551a5c, L:/127.0.0.1:50302 - R:localhost/127.0.0.1:8081] onStateChange(GET{uri=/getAttractions, connection=PooledConnection{channel=[id: 0xcd551a5c, L:/127.0.0.1:50302 - R:localhost/127.0.0.1:8081]}}, [request_sent])
20:40:47.349 [reactor-http-nio-16] DEBUG reactor.netty.http.client.HttpClientOperations - [id: 0x30c6031c, L:/127.0.0.1:50292 - R:localhost/127.0.0.1:8081] Received response (auto-read:false) : [Content-Type=application/json, Transfer-Encoding=chunked, Date=Fri, 11 Jun 2021 15:10:46 GMT]
20:40:47.349 [reactor-http-nio-16] DEBUG reactor.netty.resources.PooledConnectionProvider - [id: 0x30c6031c, L:/127.0.0.1:50292 - R:localhost/127.0.0.1:8081] onStateChange(GET{uri=/getAttractions, connection=PooledConnection{channel=[id: 0x30c6031c, L:/127.0.0.1:50292 - R:localhost/127.0.0.1:8081]}}, [response_received])
20:40:47.349 [reactor-http-nio-11] DEBUG reactor.netty.http.client.HttpClientOperations - [id: 0x3ff0fce5, L:/127.0.0.1:50245 - R:localhost/127.0.0.1:8082] Received response (auto-read:false) : [Content-Type=application/json, Transfer-Encoding=chunked, Date=Fri, 11 Jun 2021 15:10:46 GMT]
20:40:47.349 [reactor-http-nio-11] DEBUG reactor.netty.resources.PooledConnectionProvider - [id: 0x3ff0fce5, L:/127.0.0.1:50245 - R:localhost/127.0.0.1:8082] onStateChange(GET{uri=/getAttractionRewardPoints?attractionId=dd7b5c28-fdb7-4847-9be5-c7bd8f0b7fb6&userId=23fbd6bf-60c3-451f-a9df-607efaa168ce, connection=PooledConnection{channel=[id: 0x3ff0fce5, L:/127.0.0.1:50245 - R:localhost/127.0.0.1:8082]}}, [response_received])
20:40:47.349 [reactor-http-nio-16] DEBUG org.springframework.web.reactive.function.client.ExchangeFunctions - [1ba28101] Response 200 OK
20:40:47.349 [reactor-http-nio-11] DEBUG org.springframework.web.reactive.function.client.ExchangeFunctions - [1453a6ae] Response 200 OK
20:40:47.349 [reactor-http-nio-16] DEBUG reactor.netty.channel.FluxReceive - [id: 0x30c6031c, L:/127.0.0.1:50292 - R:localhost/127.0.0.1:8081] Subscribing inbound receiver [pending: 0, cancelled:false, inboundDone: false]
20:40:47.349 [reactor-http-nio-11] DEBUG reactor.netty.channel.FluxReceive - [id: 0x3ff0fce5, L:/127.0.0.1:50245 - R:localhost/127.0.0.1:8082] Subscribing inbound receiver [pending: 0, cancelled:false, inboundDone: false]
20:40:47.349 [reactor-http-nio-16] DEBUG reactor.netty.http.client.HttpClientOperations - [id: 0x30c6031c, L:/127.0.0.1:50292 - R:localhost/127.0.0.1:8081] Received last HTTP packet
20:40:47.350 [reactor-http-nio-11] DEBUG reactor.netty.http.client.HttpClientOperations - [id: 0x3ff0fce5, L:/127.0.0.1:50245 - R:localhost/127.0.0.1:8082] Received last HTTP packet
20:40:47.350 [reactor-http-nio-16] DEBUG org.springframework.core.codec.StringDecoder - [1ba28101] Decoded "[{"longitude":-117.922008,"latitude":33.817595,"attractionName":"Disneyland","city":"Anaheim","stat (truncated)...
20:40:47.350 [reactor-http-nio-11] DEBUG org.springframework.core.codec.StringDecoder - [1453a6ae] Decoded "522"
20:40:47.350 [reactor-http-nio-16] DEBUG reactor.netty.resources.PooledConnectionProvider - [id: 0x30c6031c, L:/127.0.0.1:50292 - R:localhost/127.0.0.1:8081] onStateChange(GET{uri=/getAttractions, connection=PooledConnection{channel=[id: 0x30c6031c, L:/127.0.0.1:50292 - R:localhost/127.0.0.1:8081]}}, [disconnecting])
20:40:47.350 [reactor-http-nio-16] DEBUG reactor.netty.resources.PooledConnectionProvider - [id: 0x30c6031c, L:/127.0.0.1:50292 - R:localhost/127.0.0.1:8081] Releasing channel
20:40:47.350 [reactor-http-nio-11] DEBUG reactor.netty.resources.PooledConnectionProvider - [id: 0x3ff0fce5, L:/127.0.0.1:50245 - R:localhost/127.0.0.1:8082] onStateChange(GET{uri=/getAttractionRewardPoints?attractionId=dd7b5c28-fdb7-4847-9be5-c7bd8f0b7fb6&userId=23fbd6bf-60c3-451f-a9df-607efaa168ce, connection=PooledConnection{channel=[id: 0x3ff0fce5, L:/127.0.0.1:50245 - R:localhost/127.0.0.1:8082]}}, [disconnecting])
20:40:47.350 [reactor-http-nio-16] DEBUG reactor.netty.resources.PooledConnectionProvider - [id: 0x30c6031c, L:/127.0.0.1:50292 - R:localhost/127.0.0.1:8081] Channel cleaned, now 1 active connections and 63 inactive connections
20:40:47.350 [reactor-http-nio-11] DEBUG reactor.netty.resources.PooledConnectionProvider - [id: 0x3ff0fce5, L:/127.0.0.1:50245 - R:localhost/127.0.0.1:8082] Releasing channel
20:40:47.350 [reactor-http-nio-11] DEBUG reactor.netty.resources.PooledConnectionProvider - [id: 0x3ff0fce5, L:/127.0.0.1:50245 - R:localhost/127.0.0.1:8082] Channel cleaned, now 62 active connections and 3 inactive connections
20:40:47.350 [pool-14-thread-1] DEBUG org.springframework.web.reactive.function.client.ExchangeFunctions - [106c20fc] HTTP GET http://localhost:8081/getAttractions
20:40:47.350 [reactor-http-nio-2] DEBUG reactor.netty.resources.PooledConnectionProvider - [id: 0xce2d8eaa, L:/127.0.0.1:50295 - R:localhost/127.0.0.1:8081] Channel acquired, now 2 active connections and 62 inactive connections
20:40:47.351 [reactor-http-nio-2] DEBUG reactor.netty.http.client.HttpClientConnect - [id: 0xce2d8eaa, L:/127.0.0.1:50295 - R:localhost/127.0.0.1:8081] Handler is being applied: {uri=http://localhost:8081/getAttractions, method=GET}
20:40:47.351 [pool-14-thread-47] DEBUG org.springframework.web.reactive.function.client.ExchangeFunctions - [5ea00c11] HTTP GET http://localhost:8082/getAttractionRewardPoints?attractionId=b5001fed-adbb-4354-ace2-c1cc320c99ce&userId=fa215bc9-1f35-4a67-8f3c-e4ef455f2e2a
20:40:47.351 [reactor-http-nio-11] DEBUG reactor.netty.resources.PooledConnectionProvider - [id: 0x629470fd, L:/127.0.0.1:50348 - R:localhost/127.0.0.1:8082] Channel acquired, now 63 active connections and 2 inactive connections
20:40:47.351 [reactor-http-nio-2] DEBUG reactor.netty.resources.PooledConnectionProvider - [id: 0xce2d8eaa, L:/127.0.0.1:50295 - R:localhost/127.0.0.1:8081] onStateChange(GET{uri=/getAttractions, connection=PooledConnection{channel=[id: 0xce2d8eaa, L:/127.0.0.1:50295 - R:localhost/127.0.0.1:8081]}}, [request_sent])
20:40:47.351 [reactor-http-nio-11] DEBUG reactor.netty.http.client.HttpClientConnect - [id: 0x629470fd, L:/127.0.0.1:50348 - R:localhost/127.0.0.1:8082] Handler is being applied: {uri=http://localhost:8082/getAttractionRewardPoints?attractionId=b5001fed-adbb-4354-ace2-c1cc320c99ce&userId=fa215bc9-1f35-4a67-8f3c-e4ef455f2e2a, method=GET}
20:40:47.351 [reactor-http-nio-11] DEBUG reactor.netty.resources.PooledConnectionProvider - [id: 0x629470fd, L:/127.0.0.1:50348 - R:localhost/127.0.0.1:8082] onStateChange(GET{uri=/getAttractionRewardPoints?attractionId=b5001fed-adbb-4354-ace2-c1cc320c99ce&userId=fa215bc9-1f35-4a67-8f3c-e4ef455f2e2a, connection=PooledConnection{channel=[id: 0x629470fd, L:/127.0.0.1:50348 - R:localhost/127.0.0.1:8082]}}, [request_sent])
20:40:47.355 [reactor-http-nio-14] DEBUG reactor.netty.http.client.HttpClientOperations - [id: 0xcd551a5c, L:/127.0.0.1:50302 - R:localhost/127.0.0.1:8081] Received response (auto-read:false) : [Content-Type=application/json, Transfer-Encoding=chunked, Date=Fri, 11 Jun 2021 15:10:46 GMT]
20:40:47.355 [reactor-http-nio-14] DEBUG reactor.netty.resources.PooledConnectionProvider - [id: 0xcd551a5c, L:/127.0.0.1:50302 - R:localhost/127.0.0.1:8081] onStateChange(GET{uri=/getAttractions, connection=PooledConnection{channel=[id: 0xcd551a5c, L:/127.0.0.1:50302 - R:localhost/127.0.0.1:8081]}}, [response_received])
20:40:47.355 [reactor-http-nio-14] DEBUG org.springframework.web.reactive.function.client.ExchangeFunctions - [16b811b8] Response 200 OK
20:40:47.355 [reactor-http-nio-14] DEBUG reactor.netty.channel.FluxReceive - [id: 0xcd551a5c, L:/127.0.0.1:50302 - R:localhost/127.0.0.1:8081] Subscribing inbound receiver [pending: 0, cancelled:false, inboundDone: false]
20:40:47.356 [reactor-http-nio-14] DEBUG reactor.netty.http.client.HttpClientOperations - [id: 0xcd551a5c, L:/127.0.0.1:50302 - R:localhost/127.0.0.1:8081] Received last HTTP packet
20:40:47.356 [reactor-http-nio-14] DEBUG org.springframework.core.codec.StringDecoder - [16b811b8] Decoded "[{"longitude":-117.922008,"latitude":33.817595,"attractionName":"Disneyland","city":"Anaheim","stat (truncated)...
20:40:47.356 [reactor-http-nio-14] DEBUG reactor.netty.resources.PooledConnectionProvider - [id: 0xcd551a5c, L:/127.0.0.1:50302 - R:localhost/127.0.0.1:8081] onStateChange(GET{uri=/getAttractions, connection=PooledConnection{channel=[id: 0xcd551a5c, L:/127.0.0.1:50302 - R:localhost/127.0.0.1:8081]}}, [disconnecting])
20:40:47.356 [reactor-http-nio-14] DEBUG reactor.netty.resources.PooledConnectionProvider - [id: 0xcd551a5c, L:/127.0.0.1:50302 - R:localhost/127.0.0.1:8081] Releasing channel
20:40:47.356 [reactor-http-nio-14] DEBUG reactor.netty.resources.PooledConnectionProvider - [id: 0xcd551a5c, L:/127.0.0.1:50302 - R:localhost/127.0.0.1:8081] Channel cleaned, now 1 active connections and 63 inactive connections
20:40:47.357 [pool-14-thread-52] DEBUG org.springframework.web.reactive.function.client.ExchangeFunctions - [53ba9d0b] HTTP GET http://localhost:8082/getAttractionRewardPoints?attractionId=fa6a4770-ce62-4f11-8c12-35b3108913c8&userId=27c9e5a3-b05d-42e7-8975-35debb27f19a
20:40:47.357 [reactor-http-nio-14] DEBUG reactor.netty.resources.PooledConnectionProvider - [id: 0x166e1fbe, L:/127.0.0.1:50368 - R:localhost/127.0.0.1:8082] Channel acquired, now 64 active connections and 1 inactive connections
20:40:47.357 [reactor-http-nio-14] DEBUG reactor.netty.http.client.HttpClientConnect - [id: 0x166e1fbe, L:/127.0.0.1:50368 - R:localhost/127.0.0.1:8082] Handler is being applied: {uri=http://localhost:8082/getAttractionRewardPoints?attractionId=fa6a4770-ce62-4f11-8c12-35b3108913c8&userId=27c9e5a3-b05d-42e7-8975-35debb27f19a, method=GET}
20:40:47.357 [reactor-http-nio-14] DEBUG reactor.netty.resources.PooledConnectionProvider - [id: 0x166e1fbe, L:/127.0.0.1:50368 - R:localhost/127.0.0.1:8082] onStateChange(GET{uri=/getAttractionRewardPoints?attractionId=fa6a4770-ce62-4f11-8c12-35b3108913c8&userId=27c9e5a3-b05d-42e7-8975-35debb27f19a, connection=PooledConnection{channel=[id: 0x166e1fbe, L:/127.0.0.1:50368 - R:localhost/127.0.0.1:8082]}}, [request_sent])
20:40:47.361 [reactor-http-nio-15] DEBUG reactor.netty.http.client.HttpClientOperations - [id: 0x802bc0b0, L:/127.0.0.1:50310 - R:localhost/127.0.0.1:8082] Received response (auto-read:false) : [Content-Type=application/json, Transfer-Encoding=chunked, Date=Fri, 11 Jun 2021 15:10:46 GMT]
20:40:47.361 [reactor-http-nio-15] DEBUG reactor.netty.resources.PooledConnectionProvider - [id: 0x802bc0b0, L:/127.0.0.1:50310 - R:localhost/127.0.0.1:8082] onStateChange(GET{uri=/getAttractionRewardPoints?attractionId=a05f06dd-2035-40fe-bb72-adf596203ce7&userId=1da437be-9583-41be-8b6e-c788f717657c, connection=PooledConnection{channel=[id: 0x802bc0b0, L:/127.0.0.1:50310 - R:localhost/127.0.0.1:8082]}}, [response_received])
20:40:47.361 [reactor-http-nio-15] DEBUG org.springframework.web.reactive.function.client.ExchangeFunctions - [1de292e5] Response 200 OK
20:40:47.362 [reactor-http-nio-15] DEBUG reactor.netty.channel.FluxReceive - [id: 0x802bc0b0, L:/127.0.0.1:50310 - R:localhost/127.0.0.1:8082] Subscribing inbound receiver [pending: 0, cancelled:false, inboundDone: false]
20:40:47.362 [reactor-http-nio-2] DEBUG reactor.netty.http.client.HttpClientOperations - [id: 0xce2d8eaa, L:/127.0.0.1:50295 - R:localhost/127.0.0.1:8081] Received response (auto-read:false) : [Content-Type=application/json, Transfer-Encoding=chunked, Date=Fri, 11 Jun 2021 15:10:46 GMT]
20:40:47.362 [reactor-http-nio-2] DEBUG reactor.netty.resources.PooledConnectionProvider - [id: 0xce2d8eaa, L:/127.0.0.1:50295 - R:localhost/127.0.0.1:8081] onStateChange(GET{uri=/getAttractions, connection=PooledConnection{channel=[id: 0xce2d8eaa, L:/127.0.0.1:50295 - R:localhost/127.0.0.1:8081]}}, [response_received])
20:40:47.362 [reactor-http-nio-15] DEBUG reactor.netty.http.client.HttpClientOperations - [id: 0x802bc0b0, L:/127.0.0.1:50310 - R:localhost/127.0.0.1:8082] Received last HTTP packet
20:40:47.362 [reactor-http-nio-2] DEBUG org.springframework.web.reactive.function.client.ExchangeFunctions - [106c20fc] Response 200 OK
20:40:47.362 [reactor-http-nio-15] DEBUG org.springframework.core.codec.StringDecoder - [1de292e5] Decoded "8"
20:40:47.362 [reactor-http-nio-15] DEBUG reactor.netty.resources.PooledConnectionProvider - [id: 0x802bc0b0, L:/127.0.0.1:50310 - R:localhost/127.0.0.1:8082] onStateChange(GET{uri=/getAttractionRewardPoints?attractionId=a05f06dd-2035-40fe-bb72-adf596203ce7&userId=1da437be-9583-41be-8b6e-c788f717657c, connection=PooledConnection{channel=[id: 0x802bc0b0, L:/127.0.0.1:50310 - R:localhost/127.0.0.1:8082]}}, [disconnecting])
20:40:47.362 [reactor-http-nio-15] DEBUG reactor.netty.resources.PooledConnectionProvider - [id: 0x802bc0b0, L:/127.0.0.1:50310 - R:localhost/127.0.0.1:8082] Releasing channel
20:40:47.362 [reactor-http-nio-15] DEBUG reactor.netty.resources.PooledConnectionProvider - [id: 0x802bc0b0, L:/127.0.0.1:50310 - R:localhost/127.0.0.1:8082] Channel cleaned, now 63 active connections and 2 inactive connections
20:40:47.362 [reactor-http-nio-2] DEBUG reactor.netty.channel.FluxReceive - [id: 0xce2d8eaa, L:/127.0.0.1:50295 - R:localhost/127.0.0.1:8081] Subscribing inbound receiver [pending: 0, cancelled:false, inboundDone: false]
20:40:47.362 [reactor-http-nio-2] DEBUG reactor.netty.http.client.HttpClientOperations - [id: 0xce2d8eaa, L:/127.0.0.1:50295 - R:localhost/127.0.0.1:8081] Received last HTTP packet
20:40:47.362 [reactor-http-nio-2] DEBUG org.springframework.core.codec.StringDecoder - [106c20fc] Decoded "[{"longitude":-117.922008,"latitude":33.817595,"attractionName":"Disneyland","city":"Anaheim","stat (truncated)...
20:40:47.362 [reactor-http-nio-2] DEBUG reactor.netty.resources.PooledConnectionProvider - [id: 0xce2d8eaa, L:/127.0.0.1:50295 - R:localhost/127.0.0.1:8081] onStateChange(GET{uri=/getAttractions, connection=PooledConnection{channel=[id: 0xce2d8eaa, L:/127.0.0.1:50295 - R:localhost/127.0.0.1:8081]}}, [disconnecting])
20:40:47.362 [reactor-http-nio-2] DEBUG reactor.netty.resources.PooledConnectionProvider - [id: 0xce2d8eaa, L:/127.0.0.1:50295 - R:localhost/127.0.0.1:8081] Releasing channel
20:40:47.362 [reactor-http-nio-2] DEBUG reactor.netty.resources.PooledConnectionProvider - [id: 0xce2d8eaa, L:/127.0.0.1:50295 - R:localhost/127.0.0.1:8081] Channel cleaned, now 0 active connections and 64 inactive connections
20:40:47.363 [pool-14-thread-9] DEBUG org.springframework.web.reactive.function.client.ExchangeFunctions - [19dd0581] HTTP GET http://localhost:8081/getAttractions
20:40:47.363 [reactor-http-nio-10] DEBUG reactor.netty.resources.PooledConnectionProvider - [id: 0x8372a394, L:/127.0.0.1:50252 - R:localhost/127.0.0.1:8081] Channel acquired, now 1 active connections and 63 inactive connections
20:40:47.363 [reactor-http-nio-10] DEBUG reactor.netty.http.client.HttpClientConnect - [id: 0x8372a394, L:/127.0.0.1:50252 - R:localhost/127.0.0.1:8081] Handler is being applied: {uri=http://localhost:8081/getAttractions, method=GET}
20:40:47.363 [pool-14-thread-1] DEBUG org.springframework.web.reactive.function.client.ExchangeFunctions - [556eac95] HTTP GET http://localhost:8082/getAttractionRewardPoints?attractionId=07b175bd-4b2f-4d5d-b694-31968fe50412&userId=99870060-47c6-4064-a617-c2770c121d7c
20:40:47.363 [reactor-http-nio-10] DEBUG reactor.netty.resources.PooledConnectionProvider - [id: 0x8372a394, L:/127.0.0.1:50252 - R:localhost/127.0.0.1:8081] onStateChange(GET{uri=/getAttractions, connection=PooledConnection{channel=[id: 0x8372a394, L:/127.0.0.1:50252 - R:localhost/127.0.0.1:8081]}}, [request_sent])
20:40:47.363 [reactor-http-nio-11] DEBUG reactor.netty.resources.PooledConnectionProvider - [id: 0x3ff0fce5, L:/127.0.0.1:50245 - R:localhost/127.0.0.1:8082] Channel acquired, now 64 active connections and 1 inactive connections
20:40:47.364 [reactor-http-nio-11] DEBUG reactor.netty.http.client.HttpClientConnect - [id: 0x3ff0fce5, L:/127.0.0.1:50245 - R:localhost/127.0.0.1:8082] Handler is being applied: {uri=http://localhost:8082/getAttractionRewardPoints?attractionId=07b175bd-4b2f-4d5d-b694-31968fe50412&userId=99870060-47c6-4064-a617-c2770c121d7c, method=GET}
20:40:47.364 [reactor-http-nio-11] DEBUG reactor.netty.resources.PooledConnectionProvider - [id: 0x3ff0fce5, L:/127.0.0.1:50245 - R:localhost/127.0.0.1:8082] onStateChange(GET{uri=/getAttractionRewardPoints?attractionId=07b175bd-4b2f-4d5d-b694-31968fe50412&userId=99870060-47c6-4064-a617-c2770c121d7c, connection=PooledConnection{channel=[id: 0x3ff0fce5, L:/127.0.0.1:50245 - R:localhost/127.0.0.1:8082]}}, [request_sent])
20:40:47.377 [reactor-http-nio-10] DEBUG reactor.netty.http.client.HttpClientOperations - [id: 0x8372a394, L:/127.0.0.1:50252 - R:localhost/127.0.0.1:8081] Received response (auto-read:false) : [Content-Type=application/json, Transfer-Encoding=chunked, Date=Fri, 11 Jun 2021 15:10:46 GMT]
20:40:47.377 [reactor-http-nio-10] DEBUG reactor.netty.resources.PooledConnectionProvider - [id: 0x8372a394, L:/127.0.0.1:50252 - R:localhost/127.0.0.1:8081] onStateChange(GET{uri=/getAttractions, connection=PooledConnection{channel=[id: 0x8372a394, L:/127.0.0.1:50252 - R:localhost/127.0.0.1:8081]}}, [response_received])
20:40:47.377 [reactor-http-nio-2] DEBUG reactor.netty.http.client.HttpClientOperations - [id: 0x99fd8159, L:/127.0.0.1:50352 - R:localhost/127.0.0.1:8082] Received response (auto-read:false) : [Content-Type=application/json, Transfer-Encoding=chunked, Date=Fri, 11 Jun 2021 15:10:46 GMT]
20:40:47.377 [reactor-http-nio-2] DEBUG reactor.netty.resources.PooledConnectionProvider - [id: 0x99fd8159, L:/127.0.0.1:50352 - R:localhost/127.0.0.1:8082] onStateChange(GET{uri=/getAttractionRewardPoints?attractionId=7d2ded19-52d2-4406-9421-7be3384d31d3&userId=9f86100a-dfdf-47bb-afb8-1e7ab1863fb5, connection=PooledConnection{channel=[id: 0x99fd8159, L:/127.0.0.1:50352 - R:localhost/127.0.0.1:8082]}}, [response_received])
20:40:47.377 [reactor-http-nio-10] DEBUG org.springframework.web.reactive.function.client.ExchangeFunctions - [19dd0581] Response 200 OK
20:40:47.377 [reactor-http-nio-2] DEBUG org.springframework.web.reactive.function.client.ExchangeFunctions - [12b61907] Response 200 OK
20:40:47.377 [reactor-http-nio-10] DEBUG reactor.netty.channel.FluxReceive - [id: 0x8372a394, L:/127.0.0.1:50252 - R:localhost/127.0.0.1:8081] Subscribing inbound receiver [pending: 0, cancelled:false, inboundDone: false]
20:40:47.377 [reactor-http-nio-2] DEBUG reactor.netty.channel.FluxReceive - [id: 0x99fd8159, L:/127.0.0.1:50352 - R:localhost/127.0.0.1:8082] Subscribing inbound receiver [pending: 0, cancelled:false, inboundDone: false]
20:40:47.378 [reactor-http-nio-10] DEBUG reactor.netty.http.client.HttpClientOperations - [id: 0x8372a394, L:/127.0.0.1:50252 - R:localhost/127.0.0.1:8081] Received last HTTP packet
20:40:47.378 [reactor-http-nio-2] DEBUG reactor.netty.http.client.HttpClientOperations - [id: 0x99fd8159, L:/127.0.0.1:50352 - R:localhost/127.0.0.1:8082] Received last HTTP packet
20:40:47.378 [reactor-http-nio-10] DEBUG org.springframework.core.codec.StringDecoder - [19dd0581] Decoded "[{"longitude":-117.922008,"latitude":33.817595,"attractionName":"Disneyland","city":"Anaheim","stat (truncated)...
20:40:47.378 [reactor-http-nio-10] DEBUG reactor.netty.resources.PooledConnectionProvider - [id: 0x8372a394, L:/127.0.0.1:50252 - R:localhost/127.0.0.1:8081] onStateChange(GET{uri=/getAttractions, connection=PooledConnection{channel=[id: 0x8372a394, L:/127.0.0.1:50252 - R:localhost/127.0.0.1:8081]}}, [disconnecting])
20:40:47.378 [reactor-http-nio-2] DEBUG org.springframework.core.codec.StringDecoder - [12b61907] Decoded "959"
20:40:47.378 [reactor-http-nio-10] DEBUG reactor.netty.resources.PooledConnectionProvider - [id: 0x8372a394, L:/127.0.0.1:50252 - R:localhost/127.0.0.1:8081] Releasing channel
20:40:47.378 [reactor-http-nio-2] DEBUG reactor.netty.resources.PooledConnectionProvider - [id: 0x99fd8159, L:/127.0.0.1:50352 - R:localhost/127.0.0.1:8082] onStateChange(GET{uri=/getAttractionRewardPoints?attractionId=7d2ded19-52d2-4406-9421-7be3384d31d3&userId=9f86100a-dfdf-47bb-afb8-1e7ab1863fb5, connection=PooledConnection{channel=[id: 0x99fd8159, L:/127.0.0.1:50352 - R:localhost/127.0.0.1:8082]}}, [disconnecting])
20:40:47.378 [reactor-http-nio-2] DEBUG reactor.netty.resources.PooledConnectionProvider - [id: 0x99fd8159, L:/127.0.0.1:50352 - R:localhost/127.0.0.1:8082] Releasing channel
20:40:47.378 [reactor-http-nio-2] DEBUG reactor.netty.resources.PooledConnectionProvider - [id: 0x99fd8159, L:/127.0.0.1:50352 - R:localhost/127.0.0.1:8082] Channel cleaned, now 63 active connections and 2 inactive connections
20:40:47.378 [reactor-http-nio-10] DEBUG reactor.netty.resources.PooledConnectionProvider - [id: 0x8372a394, L:/127.0.0.1:50252 - R:localhost/127.0.0.1:8081] Channel cleaned, now 0 active connections and 64 inactive connections
20:40:47.378 [reactor-http-nio-10] DEBUG reactor.netty.http.client.HttpClientOperations - [id: 0x56dc91d0, L:/127.0.0.1:50326 - R:localhost/127.0.0.1:8082] Received response (auto-read:false) : [Content-Type=application/json, Transfer-Encoding=chunked, Date=Fri, 11 Jun 2021 15:10:46 GMT]
20:40:47.378 [reactor-http-nio-10] DEBUG reactor.netty.resources.PooledConnectionProvider - [id: 0x56dc91d0, L:/127.0.0.1:50326 - R:localhost/127.0.0.1:8082] onStateChange(GET{uri=/getAttractionRewardPoints?attractionId=e193f3ea-8dc2-4549-91bf-89d597d30eda&userId=08fbcf65-33dd-44ec-a857-2e88dfcfe865, connection=PooledConnection{channel=[id: 0x56dc91d0, L:/127.0.0.1:50326 - R:localhost/127.0.0.1:8082]}}, [response_received])
20:40:47.378 [reactor-http-nio-13] DEBUG reactor.netty.http.client.HttpClientOperations - [id: 0x228b707e, L:/127.0.0.1:50356 - R:localhost/127.0.0.1:8082] Received response (auto-read:false) : [Content-Type=application/json, Transfer-Encoding=chunked, Date=Fri, 11 Jun 2021 15:10:46 GMT]
20:40:47.378 [pool-14-thread-37] DEBUG org.springframework.web.reactive.function.client.ExchangeFunctions - [16899f89] HTTP GET http://localhost:8081/getAttractions
20:40:47.378 [reactor-http-nio-10] DEBUG org.springframework.web.reactive.function.client.ExchangeFunctions - [1f5ff2b2] Response 200 OK
20:40:47.378 [reactor-http-nio-13] DEBUG reactor.netty.resources.PooledConnectionProvider - [id: 0x228b707e, L:/127.0.0.1:50356 - R:localhost/127.0.0.1:8082] onStateChange(GET{uri=/getAttractionRewardPoints?attractionId=5d5dfa65-cb56-4877-ac60-b114fcb7cf53&userId=3fd2e4aa-0b24-46ce-aa37-996e58d30162, connection=PooledConnection{channel=[id: 0x228b707e, L:/127.0.0.1:50356 - R:localhost/127.0.0.1:8082]}}, [response_received])
20:40:47.379 [reactor-http-nio-13] DEBUG org.springframework.web.reactive.function.client.ExchangeFunctions - [4af8e94e] Response 200 OK
20:40:47.379 [reactor-http-nio-14] DEBUG reactor.netty.resources.PooledConnectionProvider - [id: 0x9dcbcf4f, L:/127.0.0.1:50254 - R:localhost/127.0.0.1:8081] Channel acquired, now 1 active connections and 63 inactive connections
20:40:47.379 [reactor-http-nio-14] DEBUG reactor.netty.http.client.HttpClientConnect - [id: 0x9dcbcf4f, L:/127.0.0.1:50254 - R:localhost/127.0.0.1:8081] Handler is being applied: {uri=http://localhost:8081/getAttractions, method=GET}
20:40:47.379 [reactor-http-nio-10] DEBUG reactor.netty.channel.FluxReceive - [id: 0x56dc91d0, L:/127.0.0.1:50326 - R:localhost/127.0.0.1:8082] Subscribing inbound receiver [pending: 0, cancelled:false, inboundDone: false]
20:40:47.379 [reactor-http-nio-13] DEBUG reactor.netty.channel.FluxReceive - [id: 0x228b707e, L:/127.0.0.1:50356 - R:localhost/127.0.0.1:8082] Subscribing inbound receiver [pending: 0, cancelled:false, inboundDone: false]
20:40:47.379 [reactor-http-nio-10] DEBUG reactor.netty.http.client.HttpClientOperations - [id: 0x56dc91d0, L:/127.0.0.1:50326 - R:localhost/127.0.0.1:8082] Received last HTTP packet
20:40:47.379 [reactor-http-nio-13] DEBUG reactor.netty.http.client.HttpClientOperations - [id: 0x228b707e, L:/127.0.0.1:50356 - R:localhost/127.0.0.1:8082] Received last HTTP packet
20:40:47.379 [pool-14-thread-9] DEBUG org.springframework.web.reactive.function.client.ExchangeFunctions - [5cdf98de] HTTP GET http://localhost:8082/getAttractionRewardPoints?attractionId=6f6477e4-2f57-41c2-895c-09e55a52d6e1&userId=13f57b7c-e75c-46cd-b3b4-3ecf7a218369
20:40:47.379 [reactor-http-nio-10] DEBUG org.springframework.core.codec.StringDecoder - [1f5ff2b2] Decoded "611"
20:40:47.379 [reactor-http-nio-13] DEBUG org.springframework.core.codec.StringDecoder - [4af8e94e] Decoded "203"
20:40:47.379 [reactor-http-nio-10] DEBUG reactor.netty.resources.PooledConnectionProvider - [id: 0x56dc91d0, L:/127.0.0.1:50326 - R:localhost/127.0.0.1:8082] onStateChange(GET{uri=/getAttractionRewardPoints?attractionId=e193f3ea-8dc2-4549-91bf-89d597d30eda&userId=08fbcf65-33dd-44ec-a857-2e88dfcfe865, connection=PooledConnection{channel=[id: 0x56dc91d0, L:/127.0.0.1:50326 - R:localhost/127.0.0.1:8082]}}, [disconnecting])
20:40:47.379 [reactor-http-nio-10] DEBUG reactor.netty.resources.PooledConnectionProvider - [id: 0x56dc91d0, L:/127.0.0.1:50326 - R:localhost/127.0.0.1:8082] Releasing channel
20:40:47.379 [reactor-http-nio-14] DEBUG reactor.netty.resources.PooledConnectionProvider - [id: 0x9dcbcf4f, L:/127.0.0.1:50254 - R:localhost/127.0.0.1:8081] onStateChange(GET{uri=/getAttractions, connection=PooledConnection{channel=[id: 0x9dcbcf4f, L:/127.0.0.1:50254 - R:localhost/127.0.0.1:8081]}}, [request_sent])
20:40:47.379 [reactor-http-nio-10] DEBUG reactor.netty.resources.PooledConnectionProvider - [id: 0x56dc91d0, L:/127.0.0.1:50326 - R:localhost/127.0.0.1:8082] Channel cleaned, now 63 active connections and 2 inactive connections
20:40:47.379 [reactor-http-nio-13] DEBUG reactor.netty.resources.PooledConnectionProvider - [id: 0x228b707e, L:/127.0.0.1:50356 - R:localhost/127.0.0.1:8082] onStateChange(GET{uri=/getAttractionRewardPoints?attractionId=5d5dfa65-cb56-4877-ac60-b114fcb7cf53&userId=3fd2e4aa-0b24-46ce-aa37-996e58d30162, connection=PooledConnection{channel=[id: 0x228b707e, L:/127.0.0.1:50356 - R:localhost/127.0.0.1:8082]}}, [disconnecting])
20:40:47.379 [reactor-http-nio-13] DEBUG reactor.netty.resources.PooledConnectionProvider - [id: 0x228b707e, L:/127.0.0.1:50356 - R:localhost/127.0.0.1:8082] Releasing channel
20:40:47.379 [reactor-http-nio-15] DEBUG reactor.netty.resources.PooledConnectionProvider - [id: 0x802bc0b0, L:/127.0.0.1:50310 - R:localhost/127.0.0.1:8082] Channel acquired, now 63 active connections and 2 inactive connections
20:40:47.379 [reactor-http-nio-13] DEBUG reactor.netty.resources.PooledConnectionProvider - [id: 0x228b707e, L:/127.0.0.1:50356 - R:localhost/127.0.0.1:8082] Channel cleaned, now 62 active connections and 3 inactive connections
20:40:47.379 [reactor-http-nio-15] DEBUG reactor.netty.http.client.HttpClientConnect - [id: 0x802bc0b0, L:/127.0.0.1:50310 - R:localhost/127.0.0.1:8082] Handler is being applied: {uri=http://localhost:8082/getAttractionRewardPoints?attractionId=6f6477e4-2f57-41c2-895c-09e55a52d6e1&userId=13f57b7c-e75c-46cd-b3b4-3ecf7a218369, method=GET}
20:40:47.380 [pool-14-thread-60] DEBUG org.springframework.web.reactive.function.client.ExchangeFunctions - [4ec774c9] HTTP GET http://localhost:8081/getAttractions
20:40:47.380 [pool-14-thread-28] DEBUG org.springframework.web.reactive.function.client.ExchangeFunctions - [1b606581] HTTP GET http://localhost:8081/getAttractions
20:40:47.380 [reactor-http-nio-15] DEBUG reactor.netty.resources.PooledConnectionProvider - [id: 0x802bc0b0, L:/127.0.0.1:50310 - R:localhost/127.0.0.1:8082] onStateChange(GET{uri=/getAttractionRewardPoints?attractionId=6f6477e4-2f57-41c2-895c-09e55a52d6e1&userId=13f57b7c-e75c-46cd-b3b4-3ecf7a218369, connection=PooledConnection{channel=[id: 0x802bc0b0, L:/127.0.0.1:50310 - R:localhost/127.0.0.1:8082]}}, [request_sent])
20:40:47.380 [reactor-http-nio-14] DEBUG reactor.netty.resources.PooledConnectionProvider - [id: 0x8d5a3bc9, L:/127.0.0.1:50303 - R:localhost/127.0.0.1:8081] Channel acquired, now 2 active connections and 62 inactive connections
20:40:47.380 [reactor-http-nio-14] DEBUG reactor.netty.http.client.HttpClientConnect - [id: 0x8d5a3bc9, L:/127.0.0.1:50303 - R:localhost/127.0.0.1:8081] Handler is being applied: {uri=http://localhost:8081/getAttractions, method=GET}
20:40:47.380 [reactor-http-nio-14] DEBUG reactor.netty.resources.PooledConnectionProvider - [id: 0x8d5a3bc9, L:/127.0.0.1:50303 - R:localhost/127.0.0.1:8081] onStateChange(GET{uri=/getAttractions, connection=PooledConnection{channel=[id: 0x8d5a3bc9, L:/127.0.0.1:50303 - R:localhost/127.0.0.1:8081]}}, [request_sent])
20:40:47.380 [reactor-http-nio-14] DEBUG reactor.netty.resources.PooledConnectionProvider - [id: 0x37820d17, L:/127.0.0.1:50283 - R:localhost/127.0.0.1:8081] Channel acquired, now 3 active connections and 61 inactive connections
20:40:47.381 [reactor-http-nio-14] DEBUG reactor.netty.http.client.HttpClientConnect - [id: 0x37820d17, L:/127.0.0.1:50283 - R:localhost/127.0.0.1:8081] Handler is being applied: {uri=http://localhost:8081/getAttractions, method=GET}
20:40:47.381 [reactor-http-nio-14] DEBUG reactor.netty.resources.PooledConnectionProvider - [id: 0x37820d17, L:/127.0.0.1:50283 - R:localhost/127.0.0.1:8081] onStateChange(GET{uri=/getAttractions, connection=PooledConnection{channel=[id: 0x37820d17, L:/127.0.0.1:50283 - R:localhost/127.0.0.1:8081]}}, [request_sent])
20:40:47.390 [reactor-http-nio-13] DEBUG reactor.netty.http.client.HttpClientOperations - [id: 0x2abae015, L:/127.0.0.1:50338 - R:localhost/127.0.0.1:8082] Received response (auto-read:false) : [Content-Type=application/json, Transfer-Encoding=chunked, Date=Fri, 11 Jun 2021 15:10:46 GMT]
20:40:47.390 [reactor-http-nio-14] DEBUG reactor.netty.http.client.HttpClientOperations - [id: 0x9dcbcf4f, L:/127.0.0.1:50254 - R:localhost/127.0.0.1:8081] Received response (auto-read:false) : [Content-Type=application/json, Transfer-Encoding=chunked, Date=Fri, 11 Jun 2021 15:10:46 GMT]
20:40:47.390 [reactor-http-nio-13] DEBUG reactor.netty.resources.PooledConnectionProvider - [id: 0x2abae015, L:/127.0.0.1:50338 - R:localhost/127.0.0.1:8082] onStateChange(GET{uri=/getAttractionRewardPoints?attractionId=14af51f9-8863-4dd1-919b-523414bde967&userId=cf9b980a-25fd-474b-a340-9b1383789b87, connection=PooledConnection{channel=[id: 0x2abae015, L:/127.0.0.1:50338 - R:localhost/127.0.0.1:8082]}}, [response_received])
20:40:47.390 [reactor-http-nio-14] DEBUG reactor.netty.resources.PooledConnectionProvider - [id: 0x9dcbcf4f, L:/127.0.0.1:50254 - R:localhost/127.0.0.1:8081] onStateChange(GET{uri=/getAttractions, connection=PooledConnection{channel=[id: 0x9dcbcf4f, L:/127.0.0.1:50254 - R:localhost/127.0.0.1:8081]}}, [response_received])
20:40:47.390 [reactor-http-nio-14] DEBUG org.springframework.web.reactive.function.client.ExchangeFunctions - [16899f89] Response 200 OK
20:40:47.390 [reactor-http-nio-13] DEBUG org.springframework.web.reactive.function.client.ExchangeFunctions - [1429a354] Response 200 OK
20:40:47.391 [reactor-http-nio-13] DEBUG reactor.netty.channel.FluxReceive - [id: 0x2abae015, L:/127.0.0.1:50338 - R:localhost/127.0.0.1:8082] Subscribing inbound receiver [pending: 0, cancelled:false, inboundDone: false]
20:40:47.391 [reactor-http-nio-14] DEBUG reactor.netty.channel.FluxReceive - [id: 0x9dcbcf4f, L:/127.0.0.1:50254 - R:localhost/127.0.0.1:8081] Subscribing inbound receiver [pending: 0, cancelled:false, inboundDone: false]
20:40:47.391 [reactor-http-nio-14] DEBUG reactor.netty.http.client.HttpClientOperations - [id: 0x9dcbcf4f, L:/127.0.0.1:50254 - R:localhost/127.0.0.1:8081] Received last HTTP packet
20:40:47.391 [reactor-http-nio-13] DEBUG reactor.netty.http.client.HttpClientOperations - [id: 0x2abae015, L:/127.0.0.1:50338 - R:localhost/127.0.0.1:8082] Received last HTTP packet
20:40:47.391 [reactor-http-nio-14] DEBUG org.springframework.core.codec.StringDecoder - [16899f89] Decoded "[{"longitude":-117.922008,"latitude":33.817595,"attractionName":"Disneyland","city":"Anaheim","stat (truncated)...
20:40:47.391 [reactor-http-nio-14] DEBUG reactor.netty.resources.PooledConnectionProvider - [id: 0x9dcbcf4f, L:/127.0.0.1:50254 - R:localhost/127.0.0.1:8081] onStateChange(GET{uri=/getAttractions, connection=PooledConnection{channel=[id: 0x9dcbcf4f, L:/127.0.0.1:50254 - R:localhost/127.0.0.1:8081]}}, [disconnecting])
20:40:47.391 [reactor-http-nio-14] DEBUG reactor.netty.resources.PooledConnectionProvider - [id: 0x9dcbcf4f, L:/127.0.0.1:50254 - R:localhost/127.0.0.1:8081] Releasing channel
20:40:47.391 [reactor-http-nio-14] DEBUG reactor.netty.resources.PooledConnectionProvider - [id: 0x9dcbcf4f, L:/127.0.0.1:50254 - R:localhost/127.0.0.1:8081] Channel cleaned, now 2 active connections and 62 inactive connections
20:40:47.391 [reactor-http-nio-13] DEBUG org.springframework.core.codec.StringDecoder - [1429a354] Decoded "922"
20:40:47.391 [reactor-http-nio-13] DEBUG reactor.netty.resources.PooledConnectionProvider - [id: 0x2abae015, L:/127.0.0.1:50338 - R:localhost/127.0.0.1:8082] onStateChange(GET{uri=/getAttractionRewardPoints?attractionId=14af51f9-8863-4dd1-919b-523414bde967&userId=cf9b980a-25fd-474b-a340-9b1383789b87, connection=PooledConnection{channel=[id: 0x2abae015, L:/127.0.0.1:50338 - R:localhost/127.0.0.1:8082]}}, [disconnecting])
20:40:47.391 [reactor-http-nio-13] DEBUG reactor.netty.resources.PooledConnectionProvider - [id: 0x2abae015, L:/127.0.0.1:50338 - R:localhost/127.0.0.1:8082] Releasing channel
20:40:47.391 [reactor-http-nio-13] DEBUG reactor.netty.resources.PooledConnectionProvider - [id: 0x2abae015, L:/127.0.0.1:50338 - R:localhost/127.0.0.1:8082] Channel cleaned, now 61 active connections and 4 inactive connections
20:40:47.392 [reactor-http-nio-14] DEBUG reactor.netty.http.client.HttpClientOperations - [id: 0x8d5a3bc9, L:/127.0.0.1:50303 - R:localhost/127.0.0.1:8081] Received response (auto-read:false) : [Content-Type=application/json, Transfer-Encoding=chunked, Date=Fri, 11 Jun 2021 15:10:46 GMT]
20:40:47.392 [reactor-http-nio-14] DEBUG reactor.netty.resources.PooledConnectionProvider - [id: 0x8d5a3bc9, L:/127.0.0.1:50303 - R:localhost/127.0.0.1:8081] onStateChange(GET{uri=/getAttractions, connection=PooledConnection{channel=[id: 0x8d5a3bc9, L:/127.0.0.1:50303 - R:localhost/127.0.0.1:8081]}}, [response_received])
20:40:47.392 [reactor-http-nio-14] DEBUG org.springframework.web.reactive.function.client.ExchangeFunctions - [1b606581] Response 200 OK
20:40:47.392 [reactor-http-nio-12] DEBUG reactor.netty.http.client.HttpClientOperations - [id: 0xe5e5d890, L:/127.0.0.1:50313 - R:localhost/127.0.0.1:8082] Received response (auto-read:false) : [Content-Type=application/json, Transfer-Encoding=chunked, Date=Fri, 11 Jun 2021 15:10:46 GMT]
20:40:47.392 [reactor-http-nio-12] DEBUG reactor.netty.resources.PooledConnectionProvider - [id: 0xe5e5d890, L:/127.0.0.1:50313 - R:localhost/127.0.0.1:8082] onStateChange(GET{uri=/getAttractionRewardPoints?attractionId=c24a6714-cf43-4f65-a580-9aebb1895347&userId=f85b3121-c728-45cd-8299-1d8e7cb2fdec, connection=PooledConnection{channel=[id: 0xe5e5d890, L:/127.0.0.1:50313 - R:localhost/127.0.0.1:8082]}}, [response_received])
20:40:47.392 [reactor-http-nio-2] DEBUG reactor.netty.http.client.HttpClientOperations - [id: 0x875fe514, L:/127.0.0.1:50322 - R:localhost/127.0.0.1:8082] Received response (auto-read:false) : [Content-Type=application/json, Transfer-Encoding=chunked, Date=Fri, 11 Jun 2021 15:10:46 GMT]
20:40:47.392 [reactor-http-nio-2] DEBUG reactor.netty.resources.PooledConnectionProvider - [id: 0x875fe514, L:/127.0.0.1:50322 - R:localhost/127.0.0.1:8082] onStateChange(GET{uri=/getAttractionRewardPoints?attractionId=29fae92d-95fd-4148-bade-4ebec623c90a&userId=c6122490-b36d-45f6-a904-5a942663205e, connection=PooledConnection{channel=[id: 0x875fe514, L:/127.0.0.1:50322 - R:localhost/127.0.0.1:8082]}}, [response_received])
20:40:47.392 [reactor-http-nio-12] DEBUG org.springframework.web.reactive.function.client.ExchangeFunctions - [2762c8e4] Response 200 OK
20:40:47.392 [reactor-http-nio-2] DEBUG org.springframework.web.reactive.function.client.ExchangeFunctions - [4f9bfc9a] Response 200 OK
20:40:47.392 [reactor-http-nio-14] DEBUG reactor.netty.channel.FluxReceive - [id: 0x8d5a3bc9, L:/127.0.0.1:50303 - R:localhost/127.0.0.1:8081] Subscribing inbound receiver [pending: 0, cancelled:false, inboundDone: false]
20:40:47.392 [pool-14-thread-30] DEBUG org.springframework.web.reactive.function.client.ExchangeFunctions - [10162509] HTTP GET http://localhost:8081/getAttractions
20:40:47.392 [reactor-http-nio-12] DEBUG reactor.netty.channel.FluxReceive - [id: 0xe5e5d890, L:/127.0.0.1:50313 - R:localhost/127.0.0.1:8082] Subscribing inbound receiver [pending: 0, cancelled:false, inboundDone: false]
20:40:47.392 [reactor-http-nio-2] DEBUG reactor.netty.channel.FluxReceive - [id: 0x875fe514, L:/127.0.0.1:50322 - R:localhost/127.0.0.1:8082] Subscribing inbound receiver [pending: 0, cancelled:false, inboundDone: false]
20:40:47.392 [reactor-http-nio-14] DEBUG reactor.netty.http.client.HttpClientOperations - [id: 0x8d5a3bc9, L:/127.0.0.1:50303 - R:localhost/127.0.0.1:8081] Received last HTTP packet
20:40:47.392 [pool-14-thread-37] DEBUG org.springframework.web.reactive.function.client.ExchangeFunctions - [538b133c] HTTP GET http://localhost:8082/getAttractionRewardPoints?attractionId=9b422f51-c32a-4b62-b141-38f50cdd7e96&userId=d9801ae0-3668-49ed-922e-e20bbd9a7918
20:40:47.392 [reactor-http-nio-12] DEBUG reactor.netty.http.client.HttpClientOperations - [id: 0xe5e5d890, L:/127.0.0.1:50313 - R:localhost/127.0.0.1:8082] Received last HTTP packet
20:40:47.392 [reactor-http-nio-2] DEBUG reactor.netty.http.client.HttpClientOperations - [id: 0x875fe514, L:/127.0.0.1:50322 - R:localhost/127.0.0.1:8082] Received last HTTP packet
20:40:47.392 [reactor-http-nio-14] DEBUG org.springframework.core.codec.StringDecoder - [1b606581] Decoded "[{"longitude":-117.922008,"latitude":33.817595,"attractionName":"Disneyland","city":"Anaheim","stat (truncated)...
20:40:47.392 [reactor-http-nio-2] DEBUG org.springframework.core.codec.StringDecoder - [4f9bfc9a] Decoded "665"
20:40:47.392 [reactor-http-nio-14] DEBUG reactor.netty.resources.PooledConnectionProvider - [id: 0x8d5a3bc9, L:/127.0.0.1:50303 - R:localhost/127.0.0.1:8081] onStateChange(GET{uri=/getAttractions, connection=PooledConnection{channel=[id: 0x8d5a3bc9, L:/127.0.0.1:50303 - R:localhost/127.0.0.1:8081]}}, [disconnecting])
20:40:47.392 [reactor-http-nio-14] DEBUG reactor.netty.resources.PooledConnectionProvider - [id: 0x8d5a3bc9, L:/127.0.0.1:50303 - R:localhost/127.0.0.1:8081] Releasing channel
20:40:47.392 [reactor-http-nio-12] DEBUG org.springframework.core.codec.StringDecoder - [2762c8e4] Decoded "831"
20:40:47.392 [reactor-http-nio-2] DEBUG reactor.netty.resources.PooledConnectionProvider - [id: 0x875fe514, L:/127.0.0.1:50322 - R:localhost/127.0.0.1:8082] onStateChange(GET{uri=/getAttractionRewardPoints?attractionId=29fae92d-95fd-4148-bade-4ebec623c90a&userId=c6122490-b36d-45f6-a904-5a942663205e, connection=PooledConnection{channel=[id: 0x875fe514, L:/127.0.0.1:50322 - R:localhost/127.0.0.1:8082]}}, [disconnecting])
20:40:47.393 [reactor-http-nio-2] DEBUG reactor.netty.resources.PooledConnectionProvider - [id: 0x875fe514, L:/127.0.0.1:50322 - R:localhost/127.0.0.1:8082] Releasing channel
20:40:47.393 [reactor-http-nio-14] DEBUG reactor.netty.resources.PooledConnectionProvider - [id: 0x8d5a3bc9, L:/127.0.0.1:50303 - R:localhost/127.0.0.1:8081] Channel cleaned, now 1 active connections and 63 inactive connections
20:40:47.393 [reactor-http-nio-2] DEBUG reactor.netty.resources.PooledConnectionProvider - [id: 0x875fe514, L:/127.0.0.1:50322 - R:localhost/127.0.0.1:8082] Channel cleaned, now 60 active connections and 5 inactive connections
20:40:47.393 [reactor-http-nio-12] DEBUG reactor.netty.resources.PooledConnectionProvider - [id: 0xe5e5d890, L:/127.0.0.1:50313 - R:localhost/127.0.0.1:8082] onStateChange(GET{uri=/getAttractionRewardPoints?attractionId=c24a6714-cf43-4f65-a580-9aebb1895347&userId=f85b3121-c728-45cd-8299-1d8e7cb2fdec, connection=PooledConnection{channel=[id: 0xe5e5d890, L:/127.0.0.1:50313 - R:localhost/127.0.0.1:8082]}}, [disconnecting])
20:40:47.393 [reactor-http-nio-12] DEBUG reactor.netty.resources.PooledConnectionProvider - [id: 0xe5e5d890, L:/127.0.0.1:50313 - R:localhost/127.0.0.1:8082] Releasing channel
20:40:47.393 [reactor-http-nio-12] DEBUG reactor.netty.resources.PooledConnectionProvider - [id: 0xe5e5d890, L:/127.0.0.1:50313 - R:localhost/127.0.0.1:8082] Channel cleaned, now 59 active connections and 6 inactive connections
20:40:47.393 [reactor-http-nio-2] DEBUG reactor.netty.resources.PooledConnectionProvider - [id: 0xb9fd1fe8, L:/127.0.0.1:50299 - R:localhost/127.0.0.1:8081] Channel acquired, now 2 active connections and 62 inactive connections
20:40:47.393 [reactor-http-nio-2] DEBUG reactor.netty.http.client.HttpClientConnect - [id: 0xb9fd1fe8, L:/127.0.0.1:50299 - R:localhost/127.0.0.1:8081] Handler is being applied: {uri=http://localhost:8081/getAttractions, method=GET}
20:40:47.393 [reactor-http-nio-14] DEBUG reactor.netty.http.client.HttpClientOperations - [id: 0x37820d17, L:/127.0.0.1:50283 - R:localhost/127.0.0.1:8081] Received response (auto-read:false) : [Content-Type=application/json, Transfer-Encoding=chunked, Date=Fri, 11 Jun 2021 15:10:46 GMT]
20:40:47.393 [pool-14-thread-3] DEBUG org.springframework.web.reactive.function.client.ExchangeFunctions - [235d58d0] HTTP GET http://localhost:8081/getAttractions
20:40:47.393 [pool-14-thread-14] DEBUG org.springframework.web.reactive.function.client.ExchangeFunctions - [4ba471b1] HTTP GET http://localhost:8081/getAttractions
20:40:47.393 [reactor-http-nio-14] DEBUG reactor.netty.resources.PooledConnectionProvider - [id: 0x37820d17, L:/127.0.0.1:50283 - R:localhost/127.0.0.1:8081] onStateChange(GET{uri=/getAttractions, connection=PooledConnection{channel=[id: 0x37820d17, L:/127.0.0.1:50283 - R:localhost/127.0.0.1:8081]}}, [response_received])
20:40:47.393 [reactor-http-nio-14] DEBUG org.springframework.web.reactive.function.client.ExchangeFunctions - [4ec774c9] Response 200 OK
20:40:47.393 [reactor-http-nio-12] DEBUG reactor.netty.resources.PooledConnectionProvider - [id: 0xb65f99c8, L:/127.0.0.1:50309 - R:localhost/127.0.0.1:8081] Channel acquired, now 3 active connections and 61 inactive connections
20:40:47.393 [reactor-http-nio-16] DEBUG reactor.netty.resources.PooledConnectionProvider - [id: 0x55a55ac0, L:/127.0.0.1:50255 - R:localhost/127.0.0.1:8081] Channel acquired, now 4 active connections and 60 inactive connections
20:40:47.393 [reactor-http-nio-12] DEBUG reactor.netty.http.client.HttpClientConnect - [id: 0xb65f99c8, L:/127.0.0.1:50309 - R:localhost/127.0.0.1:8081] Handler is being applied: {uri=http://localhost:8081/getAttractions, method=GET}
20:40:47.393 [reactor-http-nio-16] DEBUG reactor.netty.http.client.HttpClientConnect - [id: 0x55a55ac0, L:/127.0.0.1:50255 - R:localhost/127.0.0.1:8081] Handler is being applied: {uri=http://localhost:8081/getAttractions, method=GET}
20:40:47.394 [reactor-http-nio-14] DEBUG reactor.netty.channel.FluxReceive - [id: 0x37820d17, L:/127.0.0.1:50283 - R:localhost/127.0.0.1:8081] Subscribing inbound receiver [pending: 0, cancelled:false, inboundDone: false]
20:40:47.394 [reactor-http-nio-2] DEBUG reactor.netty.resources.PooledConnectionProvider - [id: 0xb9fd1fe8, L:/127.0.0.1:50299 - R:localhost/127.0.0.1:8081] onStateChange(GET{uri=/getAttractions, connection=PooledConnection{channel=[id: 0xb9fd1fe8, L:/127.0.0.1:50299 - R:localhost/127.0.0.1:8081]}}, [request_sent])
20:40:47.394 [reactor-http-nio-2] DEBUG reactor.netty.resources.PooledConnectionProvider - [id: 0x99fd8159, L:/127.0.0.1:50352 - R:localhost/127.0.0.1:8082] Channel acquired, now 60 active connections and 5 inactive connections
20:40:47.394 [reactor-http-nio-14] DEBUG reactor.netty.http.client.HttpClientOperations - [id: 0x37820d17, L:/127.0.0.1:50283 - R:localhost/127.0.0.1:8081] Received last HTTP packet
20:40:47.394 [reactor-http-nio-2] DEBUG reactor.netty.http.client.HttpClientConnect - [id: 0x99fd8159, L:/127.0.0.1:50352 - R:localhost/127.0.0.1:8082] Handler is being applied: {uri=http://localhost:8082/getAttractionRewardPoints?attractionId=9b422f51-c32a-4b62-b141-38f50cdd7e96&userId=d9801ae0-3668-49ed-922e-e20bbd9a7918, method=GET}
20:40:47.394 [pool-14-thread-28] DEBUG org.springframework.web.reactive.function.client.ExchangeFunctions - [5e62f889] HTTP GET http://localhost:8082/getAttractionRewardPoints?attractionId=79b9a713-689a-48e0-a587-c326e3b2dac0&userId=ad078478-72fd-464a-9e78-2cef19731170
20:40:47.394 [reactor-http-nio-12] DEBUG reactor.netty.resources.PooledConnectionProvider - [id: 0xb65f99c8, L:/127.0.0.1:50309 - R:localhost/127.0.0.1:8081] onStateChange(GET{uri=/getAttractions, connection=PooledConnection{channel=[id: 0xb65f99c8, L:/127.0.0.1:50309 - R:localhost/127.0.0.1:8081]}}, [request_sent])
20:40:47.394 [reactor-http-nio-16] DEBUG reactor.netty.resources.PooledConnectionProvider - [id: 0x55a55ac0, L:/127.0.0.1:50255 - R:localhost/127.0.0.1:8081] onStateChange(GET{uri=/getAttractions, connection=PooledConnection{channel=[id: 0x55a55ac0, L:/127.0.0.1:50255 - R:localhost/127.0.0.1:8081]}}, [request_sent])
20:40:47.394 [reactor-http-nio-14] DEBUG org.springframework.core.codec.StringDecoder - [4ec774c9] Decoded "[{"longitude":-117.922008,"latitude":33.817595,"attractionName":"Disneyland","city":"Anaheim","stat (truncated)...
20:40:47.394 [reactor-http-nio-14] DEBUG reactor.netty.resources.PooledConnectionProvider - [id: 0x37820d17, L:/127.0.0.1:50283 - R:localhost/127.0.0.1:8081] onStateChange(GET{uri=/getAttractions, connection=PooledConnection{channel=[id: 0x37820d17, L:/127.0.0.1:50283 - R:localhost/127.0.0.1:8081]}}, [disconnecting])
20:40:47.394 [reactor-http-nio-14] DEBUG reactor.netty.resources.PooledConnectionProvider - [id: 0x37820d17, L:/127.0.0.1:50283 - R:localhost/127.0.0.1:8081] Releasing channel
20:40:47.394 [reactor-http-nio-14] DEBUG reactor.netty.resources.PooledConnectionProvider - [id: 0x37820d17, L:/127.0.0.1:50283 - R:localhost/127.0.0.1:8081] Channel cleaned, now 3 active connections and 61 inactive connections
20:40:47.394 [reactor-http-nio-10] DEBUG reactor.netty.resources.PooledConnectionProvider - [id: 0x56dc91d0, L:/127.0.0.1:50326 - R:localhost/127.0.0.1:8082] Channel acquired, now 61 active connections and 4 inactive connections
20:40:47.394 [reactor-http-nio-10] DEBUG reactor.netty.http.client.HttpClientConnect - [id: 0x56dc91d0, L:/127.0.0.1:50326 - R:localhost/127.0.0.1:8082] Handler is being applied: {uri=http://localhost:8082/getAttractionRewardPoints?attractionId=79b9a713-689a-48e0-a587-c326e3b2dac0&userId=ad078478-72fd-464a-9e78-2cef19731170, method=GET}
20:40:47.394 [reactor-http-nio-2] DEBUG reactor.netty.resources.PooledConnectionProvider - [id: 0x99fd8159, L:/127.0.0.1:50352 - R:localhost/127.0.0.1:8082] onStateChange(GET{uri=/getAttractionRewardPoints?attractionId=9b422f51-c32a-4b62-b141-38f50cdd7e96&userId=d9801ae0-3668-49ed-922e-e20bbd9a7918, connection=PooledConnection{channel=[id: 0x99fd8159, L:/127.0.0.1:50352 - R:localhost/127.0.0.1:8082]}}, [request_sent])
20:40:47.395 [reactor-http-nio-10] DEBUG reactor.netty.resources.PooledConnectionProvider - [id: 0x56dc91d0, L:/127.0.0.1:50326 - R:localhost/127.0.0.1:8082] onStateChange(GET{uri=/getAttractionRewardPoints?attractionId=79b9a713-689a-48e0-a587-c326e3b2dac0&userId=ad078478-72fd-464a-9e78-2cef19731170, connection=PooledConnection{channel=[id: 0x56dc91d0, L:/127.0.0.1:50326 - R:localhost/127.0.0.1:8082]}}, [request_sent])
20:40:47.395 [pool-14-thread-60] DEBUG org.springframework.web.reactive.function.client.ExchangeFunctions - [bc5e375] HTTP GET http://localhost:8082/getAttractionRewardPoints?attractionId=e7ccb247-28d3-4b24-ab44-200eff3f7f1c&userId=14564303-434b-4d37-9a15-e1f1ba4d8f7a
20:40:47.395 [reactor-http-nio-13] DEBUG reactor.netty.resources.PooledConnectionProvider - [id: 0x228b707e, L:/127.0.0.1:50356 - R:localhost/127.0.0.1:8082] Channel acquired, now 62 active connections and 3 inactive connections
20:40:47.395 [reactor-http-nio-13] DEBUG reactor.netty.http.client.HttpClientConnect - [id: 0x228b707e, L:/127.0.0.1:50356 - R:localhost/127.0.0.1:8082] Handler is being applied: {uri=http://localhost:8082/getAttractionRewardPoints?attractionId=e7ccb247-28d3-4b24-ab44-200eff3f7f1c&userId=14564303-434b-4d37-9a15-e1f1ba4d8f7a, method=GET}
20:40:47.396 [reactor-http-nio-13] DEBUG reactor.netty.resources.PooledConnectionProvider - [id: 0x228b707e, L:/127.0.0.1:50356 - R:localhost/127.0.0.1:8082] onStateChange(GET{uri=/getAttractionRewardPoints?attractionId=e7ccb247-28d3-4b24-ab44-200eff3f7f1c&userId=14564303-434b-4d37-9a15-e1f1ba4d8f7a, connection=PooledConnection{channel=[id: 0x228b707e, L:/127.0.0.1:50356 - R:localhost/127.0.0.1:8082]}}, [request_sent])
20:40:47.406 [reactor-http-nio-12] DEBUG reactor.netty.http.client.HttpClientOperations - [id: 0xb65f99c8, L:/127.0.0.1:50309 - R:localhost/127.0.0.1:8081] Received response (auto-read:false) : [Content-Type=application/json, Transfer-Encoding=chunked, Date=Fri, 11 Jun 2021 15:10:46 GMT]
20:40:47.406 [reactor-http-nio-2] DEBUG reactor.netty.http.client.HttpClientOperations - [id: 0xb9fd1fe8, L:/127.0.0.1:50299 - R:localhost/127.0.0.1:8081] Received response (auto-read:false) : [Content-Type=application/json, Transfer-Encoding=chunked, Date=Fri, 11 Jun 2021 15:10:46 GMT]
20:40:47.406 [reactor-http-nio-12] DEBUG reactor.netty.resources.PooledConnectionProvider - [id: 0xb65f99c8, L:/127.0.0.1:50309 - R:localhost/127.0.0.1:8081] onStateChange(GET{uri=/getAttractions, connection=PooledConnection{channel=[id: 0xb65f99c8, L:/127.0.0.1:50309 - R:localhost/127.0.0.1:8081]}}, [response_received])
20:40:47.406 [reactor-http-nio-16] DEBUG reactor.netty.http.client.HttpClientOperations - [id: 0x55a55ac0, L:/127.0.0.1:50255 - R:localhost/127.0.0.1:8081] Received response (auto-read:false) : [Content-Type=application/json, Transfer-Encoding=chunked, Date=Fri, 11 Jun 2021 15:10:46 GMT]
20:40:47.406 [reactor-http-nio-2] DEBUG reactor.netty.resources.PooledConnectionProvider - [id: 0xb9fd1fe8, L:/127.0.0.1:50299 - R:localhost/127.0.0.1:8081] onStateChange(GET{uri=/getAttractions, connection=PooledConnection{channel=[id: 0xb9fd1fe8, L:/127.0.0.1:50299 - R:localhost/127.0.0.1:8081]}}, [response_received])
20:40:47.406 [reactor-http-nio-16] DEBUG reactor.netty.resources.PooledConnectionProvider - [id: 0x55a55ac0, L:/127.0.0.1:50255 - R:localhost/127.0.0.1:8081] onStateChange(GET{uri=/getAttractions, connection=PooledConnection{channel=[id: 0x55a55ac0, L:/127.0.0.1:50255 - R:localhost/127.0.0.1:8081]}}, [response_received])
20:40:47.406 [reactor-http-nio-12] DEBUG org.springframework.web.reactive.function.client.ExchangeFunctions - [4ba471b1] Response 200 OK
20:40:47.406 [reactor-http-nio-2] DEBUG org.springframework.web.reactive.function.client.ExchangeFunctions - [10162509] Response 200 OK
20:40:47.407 [reactor-http-nio-16] DEBUG org.springframework.web.reactive.function.client.ExchangeFunctions - [235d58d0] Response 200 OK
20:40:47.407 [reactor-http-nio-16] DEBUG reactor.netty.channel.FluxReceive - [id: 0x55a55ac0, L:/127.0.0.1:50255 - R:localhost/127.0.0.1:8081] Subscribing inbound receiver [pending: 0, cancelled:false, inboundDone: false]
20:40:47.407 [reactor-http-nio-2] DEBUG reactor.netty.channel.FluxReceive - [id: 0xb9fd1fe8, L:/127.0.0.1:50299 - R:localhost/127.0.0.1:8081] Subscribing inbound receiver [pending: 0, cancelled:false, inboundDone: false]
20:40:47.407 [reactor-http-nio-12] DEBUG reactor.netty.channel.FluxReceive - [id: 0xb65f99c8, L:/127.0.0.1:50309 - R:localhost/127.0.0.1:8081] Subscribing inbound receiver [pending: 0, cancelled:false, inboundDone: false]
20:40:47.407 [reactor-http-nio-16] DEBUG reactor.netty.http.client.HttpClientOperations - [id: 0x55a55ac0, L:/127.0.0.1:50255 - R:localhost/127.0.0.1:8081] Received last HTTP packet
20:40:47.407 [reactor-http-nio-2] DEBUG reactor.netty.http.client.HttpClientOperations - [id: 0xb9fd1fe8, L:/127.0.0.1:50299 - R:localhost/127.0.0.1:8081] Received last HTTP packet
20:40:47.407 [reactor-http-nio-12] DEBUG reactor.netty.http.client.HttpClientOperations - [id: 0xb65f99c8, L:/127.0.0.1:50309 - R:localhost/127.0.0.1:8081] Received last HTTP packet
20:40:47.407 [reactor-http-nio-16] DEBUG org.springframework.core.codec.StringDecoder - [235d58d0] Decoded "[{"longitude":-117.922008,"latitude":33.817595,"attractionName":"Disneyland","city":"Anaheim","stat (truncated)...
20:40:47.407 [reactor-http-nio-2] DEBUG org.springframework.core.codec.StringDecoder - [10162509] Decoded "[{"longitude":-117.922008,"latitude":33.817595,"attractionName":"Disneyland","city":"Anaheim","stat (truncated)...
20:40:47.407 [reactor-http-nio-16] DEBUG reactor.netty.resources.PooledConnectionProvider - [id: 0x55a55ac0, L:/127.0.0.1:50255 - R:localhost/127.0.0.1:8081] onStateChange(GET{uri=/getAttractions, connection=PooledConnection{channel=[id: 0x55a55ac0, L:/127.0.0.1:50255 - R:localhost/127.0.0.1:8081]}}, [disconnecting])
20:40:47.407 [reactor-http-nio-12] DEBUG org.springframework.core.codec.StringDecoder - [4ba471b1] Decoded "[{"longitude":-117.922008,"latitude":33.817595,"attractionName":"Disneyland","city":"Anaheim","stat (truncated)...
20:40:47.407 [reactor-http-nio-2] DEBUG reactor.netty.resources.PooledConnectionProvider - [id: 0xb9fd1fe8, L:/127.0.0.1:50299 - R:localhost/127.0.0.1:8081] onStateChange(GET{uri=/getAttractions, connection=PooledConnection{channel=[id: 0xb9fd1fe8, L:/127.0.0.1:50299 - R:localhost/127.0.0.1:8081]}}, [disconnecting])
20:40:47.407 [reactor-http-nio-16] DEBUG reactor.netty.resources.PooledConnectionProvider - [id: 0x55a55ac0, L:/127.0.0.1:50255 - R:localhost/127.0.0.1:8081] Releasing channel
20:40:47.407 [reactor-http-nio-12] DEBUG reactor.netty.resources.PooledConnectionProvider - [id: 0xb65f99c8, L:/127.0.0.1:50309 - R:localhost/127.0.0.1:8081] onStateChange(GET{uri=/getAttractions, connection=PooledConnection{channel=[id: 0xb65f99c8, L:/127.0.0.1:50309 - R:localhost/127.0.0.1:8081]}}, [disconnecting])
20:40:47.407 [reactor-http-nio-12] DEBUG reactor.netty.resources.PooledConnectionProvider - [id: 0xb65f99c8, L:/127.0.0.1:50309 - R:localhost/127.0.0.1:8081] Releasing channel
20:40:47.407 [reactor-http-nio-2] DEBUG reactor.netty.resources.PooledConnectionProvider - [id: 0xb9fd1fe8, L:/127.0.0.1:50299 - R:localhost/127.0.0.1:8081] Releasing channel
20:40:47.407 [reactor-http-nio-16] DEBUG reactor.netty.resources.PooledConnectionProvider - [id: 0x55a55ac0, L:/127.0.0.1:50255 - R:localhost/127.0.0.1:8081] Channel cleaned, now 2 active connections and 62 inactive connections
20:40:47.407 [reactor-http-nio-12] DEBUG reactor.netty.resources.PooledConnectionProvider - [id: 0xb65f99c8, L:/127.0.0.1:50309 - R:localhost/127.0.0.1:8081] Channel cleaned, now 1 active connections and 63 inactive connections
20:40:47.407 [reactor-http-nio-2] DEBUG reactor.netty.resources.PooledConnectionProvider - [id: 0xb9fd1fe8, L:/127.0.0.1:50299 - R:localhost/127.0.0.1:8081] Channel cleaned, now 0 active connections and 64 inactive connections
20:40:47.408 [pool-14-thread-14] DEBUG org.springframework.web.reactive.function.client.ExchangeFunctions - [ea6f6a1] HTTP GET http://localhost:8082/getAttractionRewardPoints?attractionId=33641969-1053-42cd-9d8f-dd812c8a94e4&userId=bfe460cd-1d7b-4c1c-80ac-e1a08d76622f
20:40:47.408 [pool-14-thread-30] DEBUG org.springframework.web.reactive.function.client.ExchangeFunctions - [5514a96f] HTTP GET http://localhost:8082/getAttractionRewardPoints?attractionId=2084c954-553e-4364-84f7-53dd377543b2&userId=d7a761cd-51ec-406c-b223-846b1eb25dbb
20:40:47.408 [pool-14-thread-3] DEBUG org.springframework.web.reactive.function.client.ExchangeFunctions - [665fc2df] HTTP GET http://localhost:8082/getAttractionRewardPoints?attractionId=9504da03-75fc-4f26-916b-7d9a3a7c0af3&userId=a12db5b7-5649-48f7-9910-7c9fcea62f19
20:40:47.409 [reactor-http-nio-13] DEBUG reactor.netty.resources.PooledConnectionProvider - [id: 0x2abae015, L:/127.0.0.1:50338 - R:localhost/127.0.0.1:8082] Channel acquired, now 65 active connections and 0 inactive connections
20:40:47.409 [reactor-http-nio-2] DEBUG reactor.netty.resources.PooledConnectionProvider - [id: 0x875fe514, L:/127.0.0.1:50322 - R:localhost/127.0.0.1:8082] Channel acquired, now 64 active connections and 1 inactive connections
20:40:47.409 [reactor-http-nio-13] DEBUG reactor.netty.http.client.HttpClientConnect - [id: 0x2abae015, L:/127.0.0.1:50338 - R:localhost/127.0.0.1:8082] Handler is being applied: {uri=http://localhost:8082/getAttractionRewardPoints?attractionId=33641969-1053-42cd-9d8f-dd812c8a94e4&userId=bfe460cd-1d7b-4c1c-80ac-e1a08d76622f, method=GET}
20:40:47.409 [reactor-http-nio-12] DEBUG reactor.netty.resources.PooledConnectionProvider - [id: 0xe5e5d890, L:/127.0.0.1:50313 - R:localhost/127.0.0.1:8082] Channel acquired, now 65 active connections and 0 inactive connections
20:40:47.409 [reactor-http-nio-2] DEBUG reactor.netty.http.client.HttpClientConnect - [id: 0x875fe514, L:/127.0.0.1:50322 - R:localhost/127.0.0.1:8082] Handler is being applied: {uri=http://localhost:8082/getAttractionRewardPoints?attractionId=2084c954-553e-4364-84f7-53dd377543b2&userId=d7a761cd-51ec-406c-b223-846b1eb25dbb, method=GET}
20:40:47.409 [reactor-http-nio-12] DEBUG reactor.netty.http.client.HttpClientConnect - [id: 0xe5e5d890, L:/127.0.0.1:50313 - R:localhost/127.0.0.1:8082] Handler is being applied: {uri=http://localhost:8082/getAttractionRewardPoints?attractionId=9504da03-75fc-4f26-916b-7d9a3a7c0af3&userId=a12db5b7-5649-48f7-9910-7c9fcea62f19, method=GET}
20:40:47.409 [reactor-http-nio-2] DEBUG reactor.netty.resources.PooledConnectionProvider - [id: 0x875fe514, L:/127.0.0.1:50322 - R:localhost/127.0.0.1:8082] onStateChange(GET{uri=/getAttractionRewardPoints?attractionId=2084c954-553e-4364-84f7-53dd377543b2&userId=d7a761cd-51ec-406c-b223-846b1eb25dbb, connection=PooledConnection{channel=[id: 0x875fe514, L:/127.0.0.1:50322 - R:localhost/127.0.0.1:8082]}}, [request_sent])
20:40:47.409 [reactor-http-nio-12] DEBUG reactor.netty.resources.PooledConnectionProvider - [id: 0xe5e5d890, L:/127.0.0.1:50313 - R:localhost/127.0.0.1:8082] onStateChange(GET{uri=/getAttractionRewardPoints?attractionId=9504da03-75fc-4f26-916b-7d9a3a7c0af3&userId=a12db5b7-5649-48f7-9910-7c9fcea62f19, connection=PooledConnection{channel=[id: 0xe5e5d890, L:/127.0.0.1:50313 - R:localhost/127.0.0.1:8082]}}, [request_sent])
20:40:47.409 [reactor-http-nio-13] DEBUG reactor.netty.resources.PooledConnectionProvider - [id: 0x2abae015, L:/127.0.0.1:50338 - R:localhost/127.0.0.1:8082] onStateChange(GET{uri=/getAttractionRewardPoints?attractionId=33641969-1053-42cd-9d8f-dd812c8a94e4&userId=bfe460cd-1d7b-4c1c-80ac-e1a08d76622f, connection=PooledConnection{channel=[id: 0x2abae015, L:/127.0.0.1:50338 - R:localhost/127.0.0.1:8082]}}, [request_sent])
20:40:47.469 [reactor-http-nio-15] DEBUG reactor.netty.http.client.HttpClientOperations - [id: 0xec445147, L:/127.0.0.1:50329 - R:localhost/127.0.0.1:8082] Received response (auto-read:false) : [Content-Type=application/json, Transfer-Encoding=chunked, Date=Fri, 11 Jun 2021 15:10:46 GMT]
20:40:47.469 [reactor-http-nio-15] DEBUG reactor.netty.resources.PooledConnectionProvider - [id: 0xec445147, L:/127.0.0.1:50329 - R:localhost/127.0.0.1:8082] onStateChange(GET{uri=/getAttractionRewardPoints?attractionId=13fcdccf-e6b6-4688-a1e8-021a38bf5b9e&userId=35e1c9a7-87e6-4810-9fef-6d02562774b6, connection=PooledConnection{channel=[id: 0xec445147, L:/127.0.0.1:50329 - R:localhost/127.0.0.1:8082]}}, [response_received])
20:40:47.470 [reactor-http-nio-15] DEBUG org.springframework.web.reactive.function.client.ExchangeFunctions - [12bf359b] Response 200 OK
20:40:47.470 [reactor-http-nio-15] DEBUG reactor.netty.channel.FluxReceive - [id: 0xec445147, L:/127.0.0.1:50329 - R:localhost/127.0.0.1:8082] Subscribing inbound receiver [pending: 0, cancelled:false, inboundDone: false]
20:40:47.470 [reactor-http-nio-15] DEBUG reactor.netty.http.client.HttpClientOperations - [id: 0xec445147, L:/127.0.0.1:50329 - R:localhost/127.0.0.1:8082] Received last HTTP packet
20:40:47.470 [reactor-http-nio-15] DEBUG org.springframework.core.codec.StringDecoder - [12bf359b] Decoded "549"
20:40:47.470 [reactor-http-nio-15] DEBUG reactor.netty.resources.PooledConnectionProvider - [id: 0xec445147, L:/127.0.0.1:50329 - R:localhost/127.0.0.1:8082] onStateChange(GET{uri=/getAttractionRewardPoints?attractionId=13fcdccf-e6b6-4688-a1e8-021a38bf5b9e&userId=35e1c9a7-87e6-4810-9fef-6d02562774b6, connection=PooledConnection{channel=[id: 0xec445147, L:/127.0.0.1:50329 - R:localhost/127.0.0.1:8082]}}, [disconnecting])
20:40:47.470 [reactor-http-nio-15] DEBUG reactor.netty.resources.PooledConnectionProvider - [id: 0xec445147, L:/127.0.0.1:50329 - R:localhost/127.0.0.1:8082] Releasing channel
20:40:47.470 [reactor-http-nio-15] DEBUG reactor.netty.resources.PooledConnectionProvider - [id: 0xec445147, L:/127.0.0.1:50329 - R:localhost/127.0.0.1:8082] Channel cleaned, now 64 active connections and 1 inactive connections
20:40:47.471 [pool-14-thread-8] DEBUG org.springframework.web.reactive.function.client.ExchangeFunctions - [1680b314] HTTP GET http://localhost:8081/getAttractions
20:40:47.471 [reactor-http-nio-12] DEBUG reactor.netty.resources.PooledConnectionProvider - [id: 0xcea183ce, L:/127.0.0.1:50289 - R:localhost/127.0.0.1:8081] Channel acquired, now 1 active connections and 63 inactive connections
20:40:47.471 [reactor-http-nio-12] DEBUG reactor.netty.http.client.HttpClientConnect - [id: 0xcea183ce, L:/127.0.0.1:50289 - R:localhost/127.0.0.1:8081] Handler is being applied: {uri=http://localhost:8081/getAttractions, method=GET}
20:40:47.471 [reactor-http-nio-12] DEBUG reactor.netty.resources.PooledConnectionProvider - [id: 0xcea183ce, L:/127.0.0.1:50289 - R:localhost/127.0.0.1:8081] onStateChange(GET{uri=/getAttractions, connection=PooledConnection{channel=[id: 0xcea183ce, L:/127.0.0.1:50289 - R:localhost/127.0.0.1:8081]}}, [request_sent])
20:40:47.476 [reactor-http-nio-13] DEBUG reactor.netty.http.client.HttpClientOperations - [id: 0xc67a2049, L:/127.0.0.1:50327 - R:localhost/127.0.0.1:8082] Received response (auto-read:false) : [Content-Type=application/json, Transfer-Encoding=chunked, Date=Fri, 11 Jun 2021 15:10:46 GMT]
20:40:47.476 [reactor-http-nio-13] DEBUG reactor.netty.resources.PooledConnectionProvider - [id: 0xc67a2049, L:/127.0.0.1:50327 - R:localhost/127.0.0.1:8082] onStateChange(GET{uri=/getAttractionRewardPoints?attractionId=22e4126e-8780-44df-b541-da11e6824173&userId=d018a948-0ad9-435d-9a8a-69b901a1d5f1, connection=PooledConnection{channel=[id: 0xc67a2049, L:/127.0.0.1:50327 - R:localhost/127.0.0.1:8082]}}, [response_received])
20:40:47.476 [reactor-http-nio-13] DEBUG org.springframework.web.reactive.function.client.ExchangeFunctions - [3315cfd3] Response 200 OK
20:40:47.476 [reactor-http-nio-13] DEBUG reactor.netty.channel.FluxReceive - [id: 0xc67a2049, L:/127.0.0.1:50327 - R:localhost/127.0.0.1:8082] Subscribing inbound receiver [pending: 0, cancelled:false, inboundDone: false]
20:40:47.477 [reactor-http-nio-13] DEBUG reactor.netty.http.client.HttpClientOperations - [id: 0xc67a2049, L:/127.0.0.1:50327 - R:localhost/127.0.0.1:8082] Received last HTTP packet
20:40:47.477 [reactor-http-nio-11] DEBUG reactor.netty.http.client.HttpClientOperations - [id: 0x5f449e3e, L:/127.0.0.1:50344 - R:localhost/127.0.0.1:8082] Received response (auto-read:false) : [Content-Type=application/json, Transfer-Encoding=chunked, Date=Fri, 11 Jun 2021 15:10:46 GMT]
20:40:47.477 [reactor-http-nio-13] DEBUG org.springframework.core.codec.StringDecoder - [3315cfd3] Decoded "704"
20:40:47.477 [reactor-http-nio-11] DEBUG reactor.netty.resources.PooledConnectionProvider - [id: 0x5f449e3e, L:/127.0.0.1:50344 - R:localhost/127.0.0.1:8082] onStateChange(GET{uri=/getAttractionRewardPoints?attractionId=39a20948-e503-4dfa-acd2-3c00983abcf5&userId=163f8dc7-aed0-46e2-9181-4c4098d73354, connection=PooledConnection{channel=[id: 0x5f449e3e, L:/127.0.0.1:50344 - R:localhost/127.0.0.1:8082]}}, [response_received])
20:40:47.477 [reactor-http-nio-13] DEBUG reactor.netty.resources.PooledConnectionProvider - [id: 0xc67a2049, L:/127.0.0.1:50327 - R:localhost/127.0.0.1:8082] onStateChange(GET{uri=/getAttractionRewardPoints?attractionId=22e4126e-8780-44df-b541-da11e6824173&userId=d018a948-0ad9-435d-9a8a-69b901a1d5f1, connection=PooledConnection{channel=[id: 0xc67a2049, L:/127.0.0.1:50327 - R:localhost/127.0.0.1:8082]}}, [disconnecting])
20:40:47.477 [reactor-http-nio-13] DEBUG reactor.netty.resources.PooledConnectionProvider - [id: 0xc67a2049, L:/127.0.0.1:50327 - R:localhost/127.0.0.1:8082] Releasing channel
20:40:47.477 [reactor-http-nio-11] DEBUG org.springframework.web.reactive.function.client.ExchangeFunctions - [14bd4344] Response 200 OK
20:40:47.477 [reactor-http-nio-13] DEBUG reactor.netty.resources.PooledConnectionProvider - [id: 0xc67a2049, L:/127.0.0.1:50327 - R:localhost/127.0.0.1:8082] Channel cleaned, now 63 active connections and 2 inactive connections
20:40:47.477 [reactor-http-nio-11] DEBUG reactor.netty.channel.FluxReceive - [id: 0x5f449e3e, L:/127.0.0.1:50344 - R:localhost/127.0.0.1:8082] Subscribing inbound receiver [pending: 0, cancelled:false, inboundDone: false]
20:40:47.478 [reactor-http-nio-11] DEBUG reactor.netty.http.client.HttpClientOperations - [id: 0x5f449e3e, L:/127.0.0.1:50344 - R:localhost/127.0.0.1:8082] Received last HTTP packet
20:40:47.478 [pool-14-thread-23] DEBUG org.springframework.web.reactive.function.client.ExchangeFunctions - [372a4d69] HTTP GET http://localhost:8081/getAttractions
20:40:47.478 [reactor-http-nio-11] DEBUG org.springframework.core.codec.StringDecoder - [14bd4344] Decoded "14"
20:40:47.478 [reactor-http-nio-11] DEBUG reactor.netty.resources.PooledConnectionProvider - [id: 0x5f449e3e, L:/127.0.0.1:50344 - R:localhost/127.0.0.1:8082] onStateChange(GET{uri=/getAttractionRewardPoints?attractionId=39a20948-e503-4dfa-acd2-3c00983abcf5&userId=163f8dc7-aed0-46e2-9181-4c4098d73354, connection=PooledConnection{channel=[id: 0x5f449e3e, L:/127.0.0.1:50344 - R:localhost/127.0.0.1:8082]}}, [disconnecting])
20:40:47.478 [reactor-http-nio-11] DEBUG reactor.netty.resources.PooledConnectionProvider - [id: 0x5f449e3e, L:/127.0.0.1:50344 - R:localhost/127.0.0.1:8082] Releasing channel
20:40:47.478 [reactor-http-nio-11] DEBUG reactor.netty.resources.PooledConnectionProvider - [id: 0x5f449e3e, L:/127.0.0.1:50344 - R:localhost/127.0.0.1:8082] Channel cleaned, now 62 active connections and 3 inactive connections
20:40:47.478 [reactor-http-nio-11] DEBUG reactor.netty.resources.PooledConnectionProvider - [id: 0x5ee0aef5, L:/127.0.0.1:50263 - R:localhost/127.0.0.1:8081] Channel acquired, now 2 active connections and 62 inactive connections
20:40:47.478 [reactor-http-nio-11] DEBUG reactor.netty.http.client.HttpClientConnect - [id: 0x5ee0aef5, L:/127.0.0.1:50263 - R:localhost/127.0.0.1:8081] Handler is being applied: {uri=http://localhost:8081/getAttractions, method=GET}
20:40:47.478 [pool-14-thread-41] DEBUG org.springframework.web.reactive.function.client.ExchangeFunctions - [1082d50b] HTTP GET http://localhost:8081/getAttractions
20:40:47.478 [reactor-http-nio-11] DEBUG reactor.netty.resources.PooledConnectionProvider - [id: 0x5ee0aef5, L:/127.0.0.1:50263 - R:localhost/127.0.0.1:8081] onStateChange(GET{uri=/getAttractions, connection=PooledConnection{channel=[id: 0x5ee0aef5, L:/127.0.0.1:50263 - R:localhost/127.0.0.1:8081]}}, [request_sent])
20:40:47.478 [reactor-http-nio-16] DEBUG reactor.netty.resources.PooledConnectionProvider - [id: 0xb476bc26, L:/127.0.0.1:50260 - R:localhost/127.0.0.1:8081] Channel acquired, now 3 active connections and 61 inactive connections
20:40:47.478 [reactor-http-nio-16] DEBUG reactor.netty.http.client.HttpClientConnect - [id: 0xb476bc26, L:/127.0.0.1:50260 - R:localhost/127.0.0.1:8081] Handler is being applied: {uri=http://localhost:8081/getAttractions, method=GET}
20:40:47.479 [reactor-http-nio-16] DEBUG reactor.netty.resources.PooledConnectionProvider - [id: 0xb476bc26, L:/127.0.0.1:50260 - R:localhost/127.0.0.1:8081] onStateChange(GET{uri=/getAttractions, connection=PooledConnection{channel=[id: 0xb476bc26, L:/127.0.0.1:50260 - R:localhost/127.0.0.1:8081]}}, [request_sent])
20:40:47.485 [reactor-http-nio-12] DEBUG reactor.netty.http.client.HttpClientOperations - [id: 0xcea183ce, L:/127.0.0.1:50289 - R:localhost/127.0.0.1:8081] Received response (auto-read:false) : [Content-Type=application/json, Transfer-Encoding=chunked, Date=Fri, 11 Jun 2021 15:10:46 GMT]
20:40:47.485 [reactor-http-nio-12] DEBUG reactor.netty.resources.PooledConnectionProvider - [id: 0xcea183ce, L:/127.0.0.1:50289 - R:localhost/127.0.0.1:8081] onStateChange(GET{uri=/getAttractions, connection=PooledConnection{channel=[id: 0xcea183ce, L:/127.0.0.1:50289 - R:localhost/127.0.0.1:8081]}}, [response_received])
20:40:47.485 [reactor-http-nio-12] DEBUG org.springframework.web.reactive.function.client.ExchangeFunctions - [1680b314] Response 200 OK
20:40:47.485 [reactor-http-nio-12] DEBUG reactor.netty.channel.FluxReceive - [id: 0xcea183ce, L:/127.0.0.1:50289 - R:localhost/127.0.0.1:8081] Subscribing inbound receiver [pending: 0, cancelled:false, inboundDone: false]
20:40:47.485 [reactor-http-nio-12] DEBUG reactor.netty.http.client.HttpClientOperations - [id: 0xcea183ce, L:/127.0.0.1:50289 - R:localhost/127.0.0.1:8081] Received last HTTP packet
20:40:47.485 [reactor-http-nio-12] DEBUG org.springframework.core.codec.StringDecoder - [1680b314] Decoded "[{"longitude":-117.922008,"latitude":33.817595,"attractionName":"Disneyland","city":"Anaheim","stat (truncated)...
20:40:47.485 [reactor-http-nio-12] DEBUG reactor.netty.resources.PooledConnectionProvider - [id: 0xcea183ce, L:/127.0.0.1:50289 - R:localhost/127.0.0.1:8081] onStateChange(GET{uri=/getAttractions, connection=PooledConnection{channel=[id: 0xcea183ce, L:/127.0.0.1:50289 - R:localhost/127.0.0.1:8081]}}, [disconnecting])
20:40:47.485 [reactor-http-nio-12] DEBUG reactor.netty.resources.PooledConnectionProvider - [id: 0xcea183ce, L:/127.0.0.1:50289 - R:localhost/127.0.0.1:8081] Releasing channel
20:40:47.485 [reactor-http-nio-12] DEBUG reactor.netty.resources.PooledConnectionProvider - [id: 0xcea183ce, L:/127.0.0.1:50289 - R:localhost/127.0.0.1:8081] Channel cleaned, now 2 active connections and 62 inactive connections
20:40:47.486 [pool-14-thread-8] DEBUG org.springframework.web.reactive.function.client.ExchangeFunctions - [53823fa0] HTTP GET http://localhost:8082/getAttractionRewardPoints?attractionId=7a33f4e3-267f-4f35-bf3a-35cf867caf2e&userId=82b933ff-7e42-4ab5-b5a4-06794d5fddeb
20:40:47.486 [reactor-http-nio-15] DEBUG reactor.netty.resources.PooledConnectionProvider - [id: 0xec445147, L:/127.0.0.1:50329 - R:localhost/127.0.0.1:8082] Channel acquired, now 63 active connections and 2 inactive connections
20:40:47.486 [reactor-http-nio-15] DEBUG reactor.netty.http.client.HttpClientConnect - [id: 0xec445147, L:/127.0.0.1:50329 - R:localhost/127.0.0.1:8082] Handler is being applied: {uri=http://localhost:8082/getAttractionRewardPoints?attractionId=7a33f4e3-267f-4f35-bf3a-35cf867caf2e&userId=82b933ff-7e42-4ab5-b5a4-06794d5fddeb, method=GET}
20:40:47.487 [reactor-http-nio-15] DEBUG reactor.netty.resources.PooledConnectionProvider - [id: 0xec445147, L:/127.0.0.1:50329 - R:localhost/127.0.0.1:8082] onStateChange(GET{uri=/getAttractionRewardPoints?attractionId=7a33f4e3-267f-4f35-bf3a-35cf867caf2e&userId=82b933ff-7e42-4ab5-b5a4-06794d5fddeb, connection=PooledConnection{channel=[id: 0xec445147, L:/127.0.0.1:50329 - R:localhost/127.0.0.1:8082]}}, [request_sent])
20:40:47.492 [reactor-http-nio-11] DEBUG reactor.netty.http.client.HttpClientOperations - [id: 0x5ee0aef5, L:/127.0.0.1:50263 - R:localhost/127.0.0.1:8081] Received response (auto-read:false) : [Content-Type=application/json, Transfer-Encoding=chunked, Date=Fri, 11 Jun 2021 15:10:46 GMT]
20:40:47.492 [reactor-http-nio-11] DEBUG reactor.netty.resources.PooledConnectionProvider - [id: 0x5ee0aef5, L:/127.0.0.1:50263 - R:localhost/127.0.0.1:8081] onStateChange(GET{uri=/getAttractions, connection=PooledConnection{channel=[id: 0x5ee0aef5, L:/127.0.0.1:50263 - R:localhost/127.0.0.1:8081]}}, [response_received])
20:40:47.492 [reactor-http-nio-16] DEBUG reactor.netty.http.client.HttpClientOperations - [id: 0xb476bc26, L:/127.0.0.1:50260 - R:localhost/127.0.0.1:8081] Received response (auto-read:false) : [Content-Type=application/json, Transfer-Encoding=chunked, Date=Fri, 11 Jun 2021 15:10:46 GMT]
20:40:47.492 [reactor-http-nio-16] DEBUG reactor.netty.resources.PooledConnectionProvider - [id: 0xb476bc26, L:/127.0.0.1:50260 - R:localhost/127.0.0.1:8081] onStateChange(GET{uri=/getAttractions, connection=PooledConnection{channel=[id: 0xb476bc26, L:/127.0.0.1:50260 - R:localhost/127.0.0.1:8081]}}, [response_received])
20:40:47.492 [reactor-http-nio-11] DEBUG org.springframework.web.reactive.function.client.ExchangeFunctions - [372a4d69] Response 200 OK
20:40:47.492 [reactor-http-nio-16] DEBUG org.springframework.web.reactive.function.client.ExchangeFunctions - [1082d50b] Response 200 OK
20:40:47.492 [reactor-http-nio-16] DEBUG reactor.netty.channel.FluxReceive - [id: 0xb476bc26, L:/127.0.0.1:50260 - R:localhost/127.0.0.1:8081] Subscribing inbound receiver [pending: 0, cancelled:false, inboundDone: false]
20:40:47.492 [reactor-http-nio-11] DEBUG reactor.netty.channel.FluxReceive - [id: 0x5ee0aef5, L:/127.0.0.1:50263 - R:localhost/127.0.0.1:8081] Subscribing inbound receiver [pending: 0, cancelled:false, inboundDone: false]
20:40:47.492 [reactor-http-nio-16] DEBUG reactor.netty.http.client.HttpClientOperations - [id: 0xb476bc26, L:/127.0.0.1:50260 - R:localhost/127.0.0.1:8081] Received last HTTP packet
20:40:47.492 [reactor-http-nio-11] DEBUG reactor.netty.http.client.HttpClientOperations - [id: 0x5ee0aef5, L:/127.0.0.1:50263 - R:localhost/127.0.0.1:8081] Received last HTTP packet
20:40:47.492 [reactor-http-nio-16] DEBUG org.springframework.core.codec.StringDecoder - [1082d50b] Decoded "[{"longitude":-117.922008,"latitude":33.817595,"attractionName":"Disneyland","city":"Anaheim","stat (truncated)...
20:40:47.492 [reactor-http-nio-11] DEBUG org.springframework.core.codec.StringDecoder - [372a4d69] Decoded "[{"longitude":-117.922008,"latitude":33.817595,"attractionName":"Disneyland","city":"Anaheim","stat (truncated)...
20:40:47.492 [reactor-http-nio-16] DEBUG reactor.netty.resources.PooledConnectionProvider - [id: 0xb476bc26, L:/127.0.0.1:50260 - R:localhost/127.0.0.1:8081] onStateChange(GET{uri=/getAttractions, connection=PooledConnection{channel=[id: 0xb476bc26, L:/127.0.0.1:50260 - R:localhost/127.0.0.1:8081]}}, [disconnecting])
20:40:47.492 [reactor-http-nio-11] DEBUG reactor.netty.resources.PooledConnectionProvider - [id: 0x5ee0aef5, L:/127.0.0.1:50263 - R:localhost/127.0.0.1:8081] onStateChange(GET{uri=/getAttractions, connection=PooledConnection{channel=[id: 0x5ee0aef5, L:/127.0.0.1:50263 - R:localhost/127.0.0.1:8081]}}, [disconnecting])
20:40:47.492 [reactor-http-nio-16] DEBUG reactor.netty.resources.PooledConnectionProvider - [id: 0xb476bc26, L:/127.0.0.1:50260 - R:localhost/127.0.0.1:8081] Releasing channel
20:40:47.492 [reactor-http-nio-11] DEBUG reactor.netty.resources.PooledConnectionProvider - [id: 0x5ee0aef5, L:/127.0.0.1:50263 - R:localhost/127.0.0.1:8081] Releasing channel
20:40:47.493 [reactor-http-nio-11] DEBUG reactor.netty.resources.PooledConnectionProvider - [id: 0x5ee0aef5, L:/127.0.0.1:50263 - R:localhost/127.0.0.1:8081] Channel cleaned, now 0 active connections and 64 inactive connections
20:40:47.493 [reactor-http-nio-16] DEBUG reactor.netty.resources.PooledConnectionProvider - [id: 0xb476bc26, L:/127.0.0.1:50260 - R:localhost/127.0.0.1:8081] Channel cleaned, now 0 active connections and 64 inactive connections
20:40:47.493 [pool-14-thread-41] DEBUG org.springframework.web.reactive.function.client.ExchangeFunctions - [5580497f] HTTP GET http://localhost:8082/getAttractionRewardPoints?attractionId=1a1fc9cf-c2f2-4df7-9cf8-4f43dbc5bebf&userId=f8eb9263-bd90-4fae-8b2d-3647ad20dbc0
20:40:47.493 [pool-14-thread-23] DEBUG org.springframework.web.reactive.function.client.ExchangeFunctions - [7228c5e8] HTTP GET http://localhost:8082/getAttractionRewardPoints?attractionId=5c7a5185-3eab-461a-9b0d-01bab28066a4&userId=2f23d92a-9664-426e-bdde-69e1af41e0a8
20:40:47.494 [reactor-http-nio-13] DEBUG reactor.netty.resources.PooledConnectionProvider - [id: 0xc67a2049, L:/127.0.0.1:50327 - R:localhost/127.0.0.1:8082] Channel acquired, now 64 active connections and 1 inactive connections
20:40:47.494 [reactor-http-nio-11] DEBUG reactor.netty.resources.PooledConnectionProvider - [id: 0x5f449e3e, L:/127.0.0.1:50344 - R:localhost/127.0.0.1:8082] Channel acquired, now 65 active connections and 0 inactive connections
20:40:47.494 [reactor-http-nio-13] DEBUG reactor.netty.http.client.HttpClientConnect - [id: 0xc67a2049, L:/127.0.0.1:50327 - R:localhost/127.0.0.1:8082] Handler is being applied: {uri=http://localhost:8082/getAttractionRewardPoints?attractionId=1a1fc9cf-c2f2-4df7-9cf8-4f43dbc5bebf&userId=f8eb9263-bd90-4fae-8b2d-3647ad20dbc0, method=GET}
20:40:47.494 [reactor-http-nio-11] DEBUG reactor.netty.http.client.HttpClientConnect - [id: 0x5f449e3e, L:/127.0.0.1:50344 - R:localhost/127.0.0.1:8082] Handler is being applied: {uri=http://localhost:8082/getAttractionRewardPoints?attractionId=5c7a5185-3eab-461a-9b0d-01bab28066a4&userId=2f23d92a-9664-426e-bdde-69e1af41e0a8, method=GET}
20:40:47.494 [reactor-http-nio-11] DEBUG reactor.netty.resources.PooledConnectionProvider - [id: 0x5f449e3e, L:/127.0.0.1:50344 - R:localhost/127.0.0.1:8082] onStateChange(GET{uri=/getAttractionRewardPoints?attractionId=5c7a5185-3eab-461a-9b0d-01bab28066a4&userId=2f23d92a-9664-426e-bdde-69e1af41e0a8, connection=PooledConnection{channel=[id: 0x5f449e3e, L:/127.0.0.1:50344 - R:localhost/127.0.0.1:8082]}}, [request_sent])
20:40:47.494 [reactor-http-nio-13] DEBUG reactor.netty.resources.PooledConnectionProvider - [id: 0xc67a2049, L:/127.0.0.1:50327 - R:localhost/127.0.0.1:8082] onStateChange(GET{uri=/getAttractionRewardPoints?attractionId=1a1fc9cf-c2f2-4df7-9cf8-4f43dbc5bebf&userId=f8eb9263-bd90-4fae-8b2d-3647ad20dbc0, connection=PooledConnection{channel=[id: 0xc67a2049, L:/127.0.0.1:50327 - R:localhost/127.0.0.1:8082]}}, [request_sent])
20:40:47.495 [reactor-http-nio-10] DEBUG reactor.netty.http.client.HttpClientOperations - [id: 0x811f3f54, L:/127.0.0.1:50361 - R:localhost/127.0.0.1:8082] Received response (auto-read:false) : [Content-Type=application/json, Transfer-Encoding=chunked, Date=Fri, 11 Jun 2021 15:10:46 GMT]
20:40:47.495 [reactor-http-nio-10] DEBUG reactor.netty.resources.PooledConnectionProvider - [id: 0x811f3f54, L:/127.0.0.1:50361 - R:localhost/127.0.0.1:8082] onStateChange(GET{uri=/getAttractionRewardPoints?attractionId=663352bb-e3c0-4bb2-8416-56e561406bc9&userId=33af1fec-be22-4dc4-9c2a-8e026e289be2, connection=PooledConnection{channel=[id: 0x811f3f54, L:/127.0.0.1:50361 - R:localhost/127.0.0.1:8082]}}, [response_received])
20:40:47.495 [reactor-http-nio-10] DEBUG org.springframework.web.reactive.function.client.ExchangeFunctions - [24e14829] Response 200 OK
20:40:47.495 [reactor-http-nio-10] DEBUG reactor.netty.channel.FluxReceive - [id: 0x811f3f54, L:/127.0.0.1:50361 - R:localhost/127.0.0.1:8082] Subscribing inbound receiver [pending: 0, cancelled:false, inboundDone: false]
20:40:47.495 [reactor-http-nio-10] DEBUG reactor.netty.http.client.HttpClientOperations - [id: 0x811f3f54, L:/127.0.0.1:50361 - R:localhost/127.0.0.1:8082] Received last HTTP packet
20:40:47.496 [reactor-http-nio-10] DEBUG org.springframework.core.codec.StringDecoder - [24e14829] Decoded "19"
20:40:47.496 [reactor-http-nio-10] DEBUG reactor.netty.resources.PooledConnectionProvider - [id: 0x811f3f54, L:/127.0.0.1:50361 - R:localhost/127.0.0.1:8082] onStateChange(GET{uri=/getAttractionRewardPoints?attractionId=663352bb-e3c0-4bb2-8416-56e561406bc9&userId=33af1fec-be22-4dc4-9c2a-8e026e289be2, connection=PooledConnection{channel=[id: 0x811f3f54, L:/127.0.0.1:50361 - R:localhost/127.0.0.1:8082]}}, [disconnecting])
20:40:47.496 [reactor-http-nio-10] DEBUG reactor.netty.resources.PooledConnectionProvider - [id: 0x811f3f54, L:/127.0.0.1:50361 - R:localhost/127.0.0.1:8082] Releasing channel
20:40:47.496 [reactor-http-nio-10] DEBUG reactor.netty.resources.PooledConnectionProvider - [id: 0x811f3f54, L:/127.0.0.1:50361 - R:localhost/127.0.0.1:8082] Channel cleaned, now 64 active connections and 1 inactive connections
20:40:47.496 [pool-14-thread-39] DEBUG org.springframework.web.reactive.function.client.ExchangeFunctions - [20ded86d] HTTP GET http://localhost:8081/getAttractions
20:40:47.496 [reactor-http-nio-14] DEBUG reactor.netty.resources.PooledConnectionProvider - [id: 0xeea4a5eb, L:/127.0.0.1:50301 - R:localhost/127.0.0.1:8081] Channel acquired, now 1 active connections and 63 inactive connections
20:40:47.496 [reactor-http-nio-14] DEBUG reactor.netty.http.client.HttpClientConnect - [id: 0xeea4a5eb, L:/127.0.0.1:50301 - R:localhost/127.0.0.1:8081] Handler is being applied: {uri=http://localhost:8081/getAttractions, method=GET}
20:40:47.497 [reactor-http-nio-14] DEBUG reactor.netty.resources.PooledConnectionProvider - [id: 0xeea4a5eb, L:/127.0.0.1:50301 - R:localhost/127.0.0.1:8081] onStateChange(GET{uri=/getAttractions, connection=PooledConnection{channel=[id: 0xeea4a5eb, L:/127.0.0.1:50301 - R:localhost/127.0.0.1:8081]}}, [request_sent])
20:40:47.503 [reactor-http-nio-12] DEBUG reactor.netty.http.client.HttpClientOperations - [id: 0x0154bb24, L:/127.0.0.1:50367 - R:localhost/127.0.0.1:8082] Received response (auto-read:false) : [Content-Type=application/json, Transfer-Encoding=chunked, Date=Fri, 11 Jun 2021 15:10:46 GMT]
20:40:47.503 [reactor-http-nio-12] DEBUG reactor.netty.resources.PooledConnectionProvider - [id: 0x0154bb24, L:/127.0.0.1:50367 - R:localhost/127.0.0.1:8082] onStateChange(GET{uri=/getAttractionRewardPoints?attractionId=ef8e8ce3-6559-4b61-83f9-2ba627aa3c96&userId=23fbd6bf-60c3-451f-a9df-607efaa168ce, connection=PooledConnection{channel=[id: 0x0154bb24, L:/127.0.0.1:50367 - R:localhost/127.0.0.1:8082]}}, [response_received])
20:40:47.503 [reactor-http-nio-12] DEBUG org.springframework.web.reactive.function.client.ExchangeFunctions - [5335dcf8] Response 200 OK
20:40:47.503 [reactor-http-nio-12] DEBUG reactor.netty.channel.FluxReceive - [id: 0x0154bb24, L:/127.0.0.1:50367 - R:localhost/127.0.0.1:8082] Subscribing inbound receiver [pending: 0, cancelled:false, inboundDone: false]
20:40:47.504 [reactor-http-nio-12] DEBUG reactor.netty.http.client.HttpClientOperations - [id: 0x0154bb24, L:/127.0.0.1:50367 - R:localhost/127.0.0.1:8082] Received last HTTP packet
20:40:47.504 [reactor-http-nio-12] DEBUG org.springframework.core.codec.StringDecoder - [5335dcf8] Decoded "949"
20:40:47.504 [reactor-http-nio-12] DEBUG reactor.netty.resources.PooledConnectionProvider - [id: 0x0154bb24, L:/127.0.0.1:50367 - R:localhost/127.0.0.1:8082] onStateChange(GET{uri=/getAttractionRewardPoints?attractionId=ef8e8ce3-6559-4b61-83f9-2ba627aa3c96&userId=23fbd6bf-60c3-451f-a9df-607efaa168ce, connection=PooledConnection{channel=[id: 0x0154bb24, L:/127.0.0.1:50367 - R:localhost/127.0.0.1:8082]}}, [disconnecting])
20:40:47.504 [reactor-http-nio-12] DEBUG reactor.netty.resources.PooledConnectionProvider - [id: 0x0154bb24, L:/127.0.0.1:50367 - R:localhost/127.0.0.1:8082] Releasing channel
20:40:47.504 [reactor-http-nio-12] DEBUG reactor.netty.resources.PooledConnectionProvider - [id: 0x0154bb24, L:/127.0.0.1:50367 - R:localhost/127.0.0.1:8082] Channel cleaned, now 63 active connections and 2 inactive connections
20:40:47.504 [pool-13-thread-1] DEBUG org.springframework.web.reactive.function.client.ExchangeFunctions - [163758fa] HTTP GET http://localhost:8081/getUserLocation?userId=d170487e-72e1-4ce4-bd73-4a1408049279
20:40:47.505 [reactor-http-nio-13] DEBUG reactor.netty.resources.PooledConnectionProvider - [id: 0xd31561fb, L:/127.0.0.1:50256 - R:localhost/127.0.0.1:8081] Channel acquired, now 2 active connections and 62 inactive connections
20:40:47.505 [reactor-http-nio-13] DEBUG reactor.netty.http.client.HttpClientConnect - [id: 0xd31561fb, L:/127.0.0.1:50256 - R:localhost/127.0.0.1:8081] Handler is being applied: {uri=http://localhost:8081/getUserLocation?userId=d170487e-72e1-4ce4-bd73-4a1408049279, method=GET}
20:40:47.505 [reactor-http-nio-13] DEBUG reactor.netty.resources.PooledConnectionProvider - [id: 0xd31561fb, L:/127.0.0.1:50256 - R:localhost/127.0.0.1:8081] onStateChange(GET{uri=/getUserLocation?userId=d170487e-72e1-4ce4-bd73-4a1408049279, connection=PooledConnection{channel=[id: 0xd31561fb, L:/127.0.0.1:50256 - R:localhost/127.0.0.1:8081]}}, [request_sent])
20:40:47.510 [reactor-http-nio-15] DEBUG reactor.netty.http.client.HttpClientOperations - [id: 0x8e4601d6, L:/127.0.0.1:50317 - R:localhost/127.0.0.1:8082] Received response (auto-read:false) : [Content-Type=application/json, Transfer-Encoding=chunked, Date=Fri, 11 Jun 2021 15:10:46 GMT]
20:40:47.510 [reactor-http-nio-14] DEBUG reactor.netty.http.client.HttpClientOperations - [id: 0xeea4a5eb, L:/127.0.0.1:50301 - R:localhost/127.0.0.1:8081] Received response (auto-read:false) : [Content-Type=application/json, Transfer-Encoding=chunked, Date=Fri, 11 Jun 2021 15:10:46 GMT]
20:40:47.510 [reactor-http-nio-15] DEBUG reactor.netty.resources.PooledConnectionProvider - [id: 0x8e4601d6, L:/127.0.0.1:50317 - R:localhost/127.0.0.1:8082] onStateChange(GET{uri=/getAttractionRewardPoints?attractionId=1c6dbaf9-8ed8-4e10-8198-602b57d71ce0&userId=938e8970-3a09-49df-a1c1-a1756eb19b58, connection=PooledConnection{channel=[id: 0x8e4601d6, L:/127.0.0.1:50317 - R:localhost/127.0.0.1:8082]}}, [response_received])
20:40:47.510 [reactor-http-nio-14] DEBUG reactor.netty.resources.PooledConnectionProvider - [id: 0xeea4a5eb, L:/127.0.0.1:50301 - R:localhost/127.0.0.1:8081] onStateChange(GET{uri=/getAttractions, connection=PooledConnection{channel=[id: 0xeea4a5eb, L:/127.0.0.1:50301 - R:localhost/127.0.0.1:8081]}}, [response_received])
20:40:47.510 [reactor-http-nio-15] DEBUG org.springframework.web.reactive.function.client.ExchangeFunctions - [319d9fa0] Response 200 OK
20:40:47.510 [reactor-http-nio-14] DEBUG org.springframework.web.reactive.function.client.ExchangeFunctions - [20ded86d] Response 200 OK
20:40:47.510 [reactor-http-nio-14] DEBUG reactor.netty.channel.FluxReceive - [id: 0xeea4a5eb, L:/127.0.0.1:50301 - R:localhost/127.0.0.1:8081] Subscribing inbound receiver [pending: 0, cancelled:false, inboundDone: false]
20:40:47.510 [reactor-http-nio-15] DEBUG reactor.netty.channel.FluxReceive - [id: 0x8e4601d6, L:/127.0.0.1:50317 - R:localhost/127.0.0.1:8082] Subscribing inbound receiver [pending: 0, cancelled:false, inboundDone: false]
20:40:47.510 [reactor-http-nio-14] DEBUG reactor.netty.http.client.HttpClientOperations - [id: 0xeea4a5eb, L:/127.0.0.1:50301 - R:localhost/127.0.0.1:8081] Received last HTTP packet
20:40:47.510 [reactor-http-nio-14] DEBUG org.springframework.core.codec.StringDecoder - [20ded86d] Decoded "[{"longitude":-117.922008,"latitude":33.817595,"attractionName":"Disneyland","city":"Anaheim","stat (truncated)...
20:40:47.510 [reactor-http-nio-15] DEBUG reactor.netty.http.client.HttpClientOperations - [id: 0x8e4601d6, L:/127.0.0.1:50317 - R:localhost/127.0.0.1:8082] Received last HTTP packet
20:40:47.510 [reactor-http-nio-14] DEBUG reactor.netty.resources.PooledConnectionProvider - [id: 0xeea4a5eb, L:/127.0.0.1:50301 - R:localhost/127.0.0.1:8081] onStateChange(GET{uri=/getAttractions, connection=PooledConnection{channel=[id: 0xeea4a5eb, L:/127.0.0.1:50301 - R:localhost/127.0.0.1:8081]}}, [disconnecting])
20:40:47.511 [reactor-http-nio-14] DEBUG reactor.netty.resources.PooledConnectionProvider - [id: 0xeea4a5eb, L:/127.0.0.1:50301 - R:localhost/127.0.0.1:8081] Releasing channel
20:40:47.511 [reactor-http-nio-15] DEBUG org.springframework.core.codec.StringDecoder - [319d9fa0] Decoded "326"
20:40:47.511 [reactor-http-nio-14] DEBUG reactor.netty.resources.PooledConnectionProvider - [id: 0xeea4a5eb, L:/127.0.0.1:50301 - R:localhost/127.0.0.1:8081] Channel cleaned, now 1 active connections and 63 inactive connections
20:40:47.511 [reactor-http-nio-15] DEBUG reactor.netty.resources.PooledConnectionProvider - [id: 0x8e4601d6, L:/127.0.0.1:50317 - R:localhost/127.0.0.1:8082] onStateChange(GET{uri=/getAttractionRewardPoints?attractionId=1c6dbaf9-8ed8-4e10-8198-602b57d71ce0&userId=938e8970-3a09-49df-a1c1-a1756eb19b58, connection=PooledConnection{channel=[id: 0x8e4601d6, L:/127.0.0.1:50317 - R:localhost/127.0.0.1:8082]}}, [disconnecting])
20:40:47.511 [reactor-http-nio-15] DEBUG reactor.netty.resources.PooledConnectionProvider - [id: 0x8e4601d6, L:/127.0.0.1:50317 - R:localhost/127.0.0.1:8082] Releasing channel
20:40:47.511 [reactor-http-nio-15] DEBUG reactor.netty.resources.PooledConnectionProvider - [id: 0x8e4601d6, L:/127.0.0.1:50317 - R:localhost/127.0.0.1:8082] Channel cleaned, now 62 active connections and 3 inactive connections
20:40:47.511 [reactor-http-nio-14] DEBUG reactor.netty.http.client.HttpClientOperations - [id: 0x166e1fbe, L:/127.0.0.1:50368 - R:localhost/127.0.0.1:8082] Received response (auto-read:false) : [Content-Type=application/json, Transfer-Encoding=chunked, Date=Fri, 11 Jun 2021 15:10:46 GMT]
20:40:47.511 [reactor-http-nio-14] DEBUG reactor.netty.resources.PooledConnectionProvider - [id: 0x166e1fbe, L:/127.0.0.1:50368 - R:localhost/127.0.0.1:8082] onStateChange(GET{uri=/getAttractionRewardPoints?attractionId=fa6a4770-ce62-4f11-8c12-35b3108913c8&userId=27c9e5a3-b05d-42e7-8975-35debb27f19a, connection=PooledConnection{channel=[id: 0x166e1fbe, L:/127.0.0.1:50368 - R:localhost/127.0.0.1:8082]}}, [response_received])
20:40:47.511 [reactor-http-nio-14] DEBUG org.springframework.web.reactive.function.client.ExchangeFunctions - [53ba9d0b] Response 200 OK
20:40:47.511 [pool-14-thread-16] DEBUG org.springframework.web.reactive.function.client.ExchangeFunctions - [35a20d4b] HTTP GET http://localhost:8081/getAttractions
20:40:47.511 [reactor-http-nio-14] DEBUG reactor.netty.channel.FluxReceive - [id: 0x166e1fbe, L:/127.0.0.1:50368 - R:localhost/127.0.0.1:8082] Subscribing inbound receiver [pending: 0, cancelled:false, inboundDone: false]
20:40:47.511 [pool-14-thread-39] DEBUG org.springframework.web.reactive.function.client.ExchangeFunctions - [65dc4212] HTTP GET http://localhost:8082/getAttractionRewardPoints?attractionId=f3e79f25-396c-47fb-9a5c-163d3361c9ec&userId=4946f19e-7d8c-4aa6-9865-ba38f429ab12
20:40:47.511 [reactor-http-nio-16] DEBUG reactor.netty.resources.PooledConnectionProvider - [id: 0x33d4d541, L:/127.0.0.1:50281 - R:localhost/127.0.0.1:8081] Channel acquired, now 2 active connections and 62 inactive connections
20:40:47.511 [reactor-http-nio-14] DEBUG reactor.netty.http.client.HttpClientOperations - [id: 0x166e1fbe, L:/127.0.0.1:50368 - R:localhost/127.0.0.1:8082] Received last HTTP packet
20:40:47.512 [reactor-http-nio-16] DEBUG reactor.netty.http.client.HttpClientConnect - [id: 0x33d4d541, L:/127.0.0.1:50281 - R:localhost/127.0.0.1:8081] Handler is being applied: {uri=http://localhost:8081/getAttractions, method=GET}
20:40:47.512 [reactor-http-nio-14] DEBUG org.springframework.core.codec.StringDecoder - [53ba9d0b] Decoded "261"
20:40:47.512 [reactor-http-nio-10] DEBUG reactor.netty.resources.PooledConnectionProvider - [id: 0x811f3f54, L:/127.0.0.1:50361 - R:localhost/127.0.0.1:8082] Channel acquired, now 63 active connections and 2 inactive connections
20:40:47.512 [reactor-http-nio-14] DEBUG reactor.netty.resources.PooledConnectionProvider - [id: 0x166e1fbe, L:/127.0.0.1:50368 - R:localhost/127.0.0.1:8082] onStateChange(GET{uri=/getAttractionRewardPoints?attractionId=fa6a4770-ce62-4f11-8c12-35b3108913c8&userId=27c9e5a3-b05d-42e7-8975-35debb27f19a, connection=PooledConnection{channel=[id: 0x166e1fbe, L:/127.0.0.1:50368 - R:localhost/127.0.0.1:8082]}}, [disconnecting])
20:40:47.512 [reactor-http-nio-14] DEBUG reactor.netty.resources.PooledConnectionProvider - [id: 0x166e1fbe, L:/127.0.0.1:50368 - R:localhost/127.0.0.1:8082] Releasing channel
20:40:47.512 [reactor-http-nio-10] DEBUG reactor.netty.http.client.HttpClientConnect - [id: 0x811f3f54, L:/127.0.0.1:50361 - R:localhost/127.0.0.1:8082] Handler is being applied: {uri=http://localhost:8082/getAttractionRewardPoints?attractionId=f3e79f25-396c-47fb-9a5c-163d3361c9ec&userId=4946f19e-7d8c-4aa6-9865-ba38f429ab12, method=GET}
20:40:47.512 [reactor-http-nio-14] DEBUG reactor.netty.resources.PooledConnectionProvider - [id: 0x166e1fbe, L:/127.0.0.1:50368 - R:localhost/127.0.0.1:8082] Channel cleaned, now 62 active connections and 3 inactive connections
20:40:47.512 [reactor-http-nio-16] DEBUG reactor.netty.resources.PooledConnectionProvider - [id: 0x33d4d541, L:/127.0.0.1:50281 - R:localhost/127.0.0.1:8081] onStateChange(GET{uri=/getAttractions, connection=PooledConnection{channel=[id: 0x33d4d541, L:/127.0.0.1:50281 - R:localhost/127.0.0.1:8081]}}, [request_sent])
20:40:47.512 [pool-14-thread-52] DEBUG org.springframework.web.reactive.function.client.ExchangeFunctions - [4cb33b8e] HTTP GET http://localhost:8081/getAttractions
20:40:47.512 [reactor-http-nio-10] DEBUG reactor.netty.resources.PooledConnectionProvider - [id: 0x811f3f54, L:/127.0.0.1:50361 - R:localhost/127.0.0.1:8082] onStateChange(GET{uri=/getAttractionRewardPoints?attractionId=f3e79f25-396c-47fb-9a5c-163d3361c9ec&userId=4946f19e-7d8c-4aa6-9865-ba38f429ab12, connection=PooledConnection{channel=[id: 0x811f3f54, L:/127.0.0.1:50361 - R:localhost/127.0.0.1:8082]}}, [request_sent])
20:40:47.512 [reactor-http-nio-15] DEBUG reactor.netty.resources.PooledConnectionProvider - [id: 0x9e2c9a54, L:/127.0.0.1:50246 - R:localhost/127.0.0.1:8081] Channel acquired, now 3 active connections and 61 inactive connections
20:40:47.512 [reactor-http-nio-15] DEBUG reactor.netty.http.client.HttpClientConnect - [id: 0x9e2c9a54, L:/127.0.0.1:50246 - R:localhost/127.0.0.1:8081] Handler is being applied: {uri=http://localhost:8081/getAttractions, method=GET}
20:40:47.513 [reactor-http-nio-15] DEBUG reactor.netty.resources.PooledConnectionProvider - [id: 0x9e2c9a54, L:/127.0.0.1:50246 - R:localhost/127.0.0.1:8081] onStateChange(GET{uri=/getAttractions, connection=PooledConnection{channel=[id: 0x9e2c9a54, L:/127.0.0.1:50246 - R:localhost/127.0.0.1:8081]}}, [request_sent])
20:40:47.513 [reactor-http-nio-14] DEBUG reactor.netty.http.client.HttpClientOperations - [id: 0x0cd41048, L:/127.0.0.1:50358 - R:localhost/127.0.0.1:8082] Received response (auto-read:false) : [Content-Type=application/json, Transfer-Encoding=chunked, Date=Fri, 11 Jun 2021 15:10:46 GMT]
20:40:47.514 [reactor-http-nio-14] DEBUG reactor.netty.resources.PooledConnectionProvider - [id: 0x0cd41048, L:/127.0.0.1:50358 - R:localhost/127.0.0.1:8082] onStateChange(GET{uri=/getAttractionRewardPoints?attractionId=746304d5-e10a-4b9a-ba16-fc70f6bc55eb&userId=85743330-e83a-497a-9b18-1ecf13065e66, connection=PooledConnection{channel=[id: 0x0cd41048, L:/127.0.0.1:50358 - R:localhost/127.0.0.1:8082]}}, [response_received])
20:40:47.514 [reactor-http-nio-14] DEBUG org.springframework.web.reactive.function.client.ExchangeFunctions - [27f6c11b] Response 200 OK
20:40:47.514 [reactor-http-nio-14] DEBUG reactor.netty.channel.FluxReceive - [id: 0x0cd41048, L:/127.0.0.1:50358 - R:localhost/127.0.0.1:8082] Subscribing inbound receiver [pending: 0, cancelled:false, inboundDone: false]
20:40:47.514 [reactor-http-nio-14] DEBUG reactor.netty.http.client.HttpClientOperations - [id: 0x0cd41048, L:/127.0.0.1:50358 - R:localhost/127.0.0.1:8082] Received last HTTP packet
20:40:47.514 [reactor-http-nio-14] DEBUG org.springframework.core.codec.StringDecoder - [27f6c11b] Decoded "200"
20:40:47.514 [reactor-http-nio-14] DEBUG reactor.netty.resources.PooledConnectionProvider - [id: 0x0cd41048, L:/127.0.0.1:50358 - R:localhost/127.0.0.1:8082] onStateChange(GET{uri=/getAttractionRewardPoints?attractionId=746304d5-e10a-4b9a-ba16-fc70f6bc55eb&userId=85743330-e83a-497a-9b18-1ecf13065e66, connection=PooledConnection{channel=[id: 0x0cd41048, L:/127.0.0.1:50358 - R:localhost/127.0.0.1:8082]}}, [disconnecting])
20:40:47.514 [reactor-http-nio-14] DEBUG reactor.netty.resources.PooledConnectionProvider - [id: 0x0cd41048, L:/127.0.0.1:50358 - R:localhost/127.0.0.1:8082] Releasing channel
20:40:47.514 [reactor-http-nio-14] DEBUG reactor.netty.resources.PooledConnectionProvider - [id: 0x0cd41048, L:/127.0.0.1:50358 - R:localhost/127.0.0.1:8082] Channel cleaned, now 61 active connections and 4 inactive connections
20:40:47.515 [pool-14-thread-61] DEBUG org.springframework.web.reactive.function.client.ExchangeFunctions - [23c9413d] HTTP GET http://localhost:8081/getAttractions
20:40:47.515 [reactor-http-nio-12] DEBUG reactor.netty.resources.PooledConnectionProvider - [id: 0xdb7d5510, L:/127.0.0.1:50268 - R:localhost/127.0.0.1:8081] Channel acquired, now 4 active connections and 60 inactive connections
20:40:47.515 [reactor-http-nio-12] DEBUG reactor.netty.http.client.HttpClientConnect - [id: 0xdb7d5510, L:/127.0.0.1:50268 - R:localhost/127.0.0.1:8081] Handler is being applied: {uri=http://localhost:8081/getAttractions, method=GET}
20:40:47.515 [reactor-http-nio-15] DEBUG reactor.netty.http.client.HttpClientOperations - [id: 0xec445147, L:/127.0.0.1:50329 - R:localhost/127.0.0.1:8082] Received response (auto-read:false) : [Content-Type=application/json, Transfer-Encoding=chunked, Date=Fri, 11 Jun 2021 15:10:46 GMT]
20:40:47.515 [reactor-http-nio-15] DEBUG reactor.netty.resources.PooledConnectionProvider - [id: 0xec445147, L:/127.0.0.1:50329 - R:localhost/127.0.0.1:8082] onStateChange(GET{uri=/getAttractionRewardPoints?attractionId=7a33f4e3-267f-4f35-bf3a-35cf867caf2e&userId=82b933ff-7e42-4ab5-b5a4-06794d5fddeb, connection=PooledConnection{channel=[id: 0xec445147, L:/127.0.0.1:50329 - R:localhost/127.0.0.1:8082]}}, [response_received])
20:40:47.515 [reactor-http-nio-15] DEBUG org.springframework.web.reactive.function.client.ExchangeFunctions - [53823fa0] Response 200 OK
20:40:47.515 [reactor-http-nio-12] DEBUG reactor.netty.resources.PooledConnectionProvider - [id: 0xdb7d5510, L:/127.0.0.1:50268 - R:localhost/127.0.0.1:8081] onStateChange(GET{uri=/getAttractions, connection=PooledConnection{channel=[id: 0xdb7d5510, L:/127.0.0.1:50268 - R:localhost/127.0.0.1:8081]}}, [request_sent])
20:40:47.516 [reactor-http-nio-15] DEBUG reactor.netty.channel.FluxReceive - [id: 0xec445147, L:/127.0.0.1:50329 - R:localhost/127.0.0.1:8082] Subscribing inbound receiver [pending: 0, cancelled:false, inboundDone: false]
20:40:47.516 [reactor-http-nio-15] DEBUG reactor.netty.http.client.HttpClientOperations - [id: 0xec445147, L:/127.0.0.1:50329 - R:localhost/127.0.0.1:8082] Received last HTTP packet
20:40:47.516 [reactor-http-nio-15] DEBUG org.springframework.core.codec.StringDecoder - [53823fa0] Decoded "357"
20:40:47.516 [reactor-http-nio-15] DEBUG reactor.netty.resources.PooledConnectionProvider - [id: 0xec445147, L:/127.0.0.1:50329 - R:localhost/127.0.0.1:8082] onStateChange(GET{uri=/getAttractionRewardPoints?attractionId=7a33f4e3-267f-4f35-bf3a-35cf867caf2e&userId=82b933ff-7e42-4ab5-b5a4-06794d5fddeb, connection=PooledConnection{channel=[id: 0xec445147, L:/127.0.0.1:50329 - R:localhost/127.0.0.1:8082]}}, [disconnecting])
20:40:47.516 [reactor-http-nio-15] DEBUG reactor.netty.resources.PooledConnectionProvider - [id: 0xec445147, L:/127.0.0.1:50329 - R:localhost/127.0.0.1:8082] Releasing channel
20:40:47.516 [reactor-http-nio-15] DEBUG reactor.netty.resources.PooledConnectionProvider - [id: 0xec445147, L:/127.0.0.1:50329 - R:localhost/127.0.0.1:8082] Channel cleaned, now 60 active connections and 5 inactive connections
20:40:47.516 [pool-14-thread-8] DEBUG org.springframework.web.reactive.function.client.ExchangeFunctions - [963764c] HTTP GET http://localhost:8081/getAttractions
20:40:47.517 [reactor-http-nio-11] DEBUG reactor.netty.resources.PooledConnectionProvider - [id: 0xf4ffa1a5, L:/127.0.0.1:50267 - R:localhost/127.0.0.1:8081] Channel acquired, now 5 active connections and 59 inactive connections
20:40:47.517 [reactor-http-nio-11] DEBUG reactor.netty.http.client.HttpClientConnect - [id: 0xf4ffa1a5, L:/127.0.0.1:50267 - R:localhost/127.0.0.1:8081] Handler is being applied: {uri=http://localhost:8081/getAttractions, method=GET}
20:40:47.517 [reactor-http-nio-11] DEBUG reactor.netty.resources.PooledConnectionProvider - [id: 0xf4ffa1a5, L:/127.0.0.1:50267 - R:localhost/127.0.0.1:8081] onStateChange(GET{uri=/getAttractions, connection=PooledConnection{channel=[id: 0xf4ffa1a5, L:/127.0.0.1:50267 - R:localhost/127.0.0.1:8081]}}, [request_sent])
20:40:47.524 [reactor-http-nio-12] DEBUG reactor.netty.http.client.HttpClientOperations - [id: 0x393991de, L:/127.0.0.1:50312 - R:localhost/127.0.0.1:8082] Received response (auto-read:false) : [Content-Type=application/json, Transfer-Encoding=chunked, Date=Fri, 11 Jun 2021 15:10:46 GMT]
20:40:47.524 [reactor-http-nio-12] DEBUG reactor.netty.resources.PooledConnectionProvider - [id: 0x393991de, L:/127.0.0.1:50312 - R:localhost/127.0.0.1:8082] onStateChange(GET{uri=/getAttractionRewardPoints?attractionId=1329e821-97a2-4a6e-842f-1a979242b648&userId=69b75406-0178-48de-971f-0fa50f7dfa7b, connection=PooledConnection{channel=[id: 0x393991de, L:/127.0.0.1:50312 - R:localhost/127.0.0.1:8082]}}, [response_received])
20:40:47.524 [reactor-http-nio-16] DEBUG reactor.netty.http.client.HttpClientOperations - [id: 0x33d4d541, L:/127.0.0.1:50281 - R:localhost/127.0.0.1:8081] Received response (auto-read:false) : [Content-Type=application/json, Transfer-Encoding=chunked, Date=Fri, 11 Jun 2021 15:10:46 GMT]
20:40:47.524 [reactor-http-nio-15] DEBUG reactor.netty.http.client.HttpClientOperations - [id: 0x9e2c9a54, L:/127.0.0.1:50246 - R:localhost/127.0.0.1:8081] Received response (auto-read:false) : [Content-Type=application/json, Transfer-Encoding=chunked, Date=Fri, 11 Jun 2021 15:10:46 GMT]
20:40:47.524 [reactor-http-nio-12] DEBUG org.springframework.web.reactive.function.client.ExchangeFunctions - [285b74ef] Response 200 OK
20:40:47.524 [reactor-http-nio-16] DEBUG reactor.netty.resources.PooledConnectionProvider - [id: 0x33d4d541, L:/127.0.0.1:50281 - R:localhost/127.0.0.1:8081] onStateChange(GET{uri=/getAttractions, connection=PooledConnection{channel=[id: 0x33d4d541, L:/127.0.0.1:50281 - R:localhost/127.0.0.1:8081]}}, [response_received])
20:40:47.524 [reactor-http-nio-15] DEBUG reactor.netty.resources.PooledConnectionProvider - [id: 0x9e2c9a54, L:/127.0.0.1:50246 - R:localhost/127.0.0.1:8081] onStateChange(GET{uri=/getAttractions, connection=PooledConnection{channel=[id: 0x9e2c9a54, L:/127.0.0.1:50246 - R:localhost/127.0.0.1:8081]}}, [response_received])
20:40:47.525 [reactor-http-nio-16] DEBUG org.springframework.web.reactive.function.client.ExchangeFunctions - [35a20d4b] Response 200 OK
20:40:47.525 [reactor-http-nio-15] DEBUG org.springframework.web.reactive.function.client.ExchangeFunctions - [4cb33b8e] Response 200 OK
20:40:47.525 [reactor-http-nio-12] DEBUG reactor.netty.channel.FluxReceive - [id: 0x393991de, L:/127.0.0.1:50312 - R:localhost/127.0.0.1:8082] Subscribing inbound receiver [pending: 0, cancelled:false, inboundDone: false]
20:40:47.525 [reactor-http-nio-16] DEBUG reactor.netty.channel.FluxReceive - [id: 0x33d4d541, L:/127.0.0.1:50281 - R:localhost/127.0.0.1:8081] Subscribing inbound receiver [pending: 0, cancelled:false, inboundDone: false]
20:40:47.525 [reactor-http-nio-15] DEBUG reactor.netty.channel.FluxReceive - [id: 0x9e2c9a54, L:/127.0.0.1:50246 - R:localhost/127.0.0.1:8081] Subscribing inbound receiver [pending: 0, cancelled:false, inboundDone: false]
20:40:47.525 [reactor-http-nio-12] DEBUG reactor.netty.http.client.HttpClientOperations - [id: 0x393991de, L:/127.0.0.1:50312 - R:localhost/127.0.0.1:8082] Received last HTTP packet
20:40:47.525 [reactor-http-nio-16] DEBUG reactor.netty.http.client.HttpClientOperations - [id: 0x33d4d541, L:/127.0.0.1:50281 - R:localhost/127.0.0.1:8081] Received last HTTP packet
20:40:47.525 [reactor-http-nio-15] DEBUG reactor.netty.http.client.HttpClientOperations - [id: 0x9e2c9a54, L:/127.0.0.1:50246 - R:localhost/127.0.0.1:8081] Received last HTTP packet
20:40:47.525 [reactor-http-nio-12] DEBUG org.springframework.core.codec.StringDecoder - [285b74ef] Decoded "843"
20:40:47.525 [reactor-http-nio-16] DEBUG org.springframework.core.codec.StringDecoder - [35a20d4b] Decoded "[{"longitude":-117.922008,"latitude":33.817595,"attractionName":"Disneyland","city":"Anaheim","stat (truncated)...
20:40:47.525 [reactor-http-nio-15] DEBUG org.springframework.core.codec.StringDecoder - [4cb33b8e] Decoded "[{"longitude":-117.922008,"latitude":33.817595,"attractionName":"Disneyland","city":"Anaheim","stat (truncated)...
20:40:47.525 [reactor-http-nio-16] DEBUG reactor.netty.resources.PooledConnectionProvider - [id: 0x33d4d541, L:/127.0.0.1:50281 - R:localhost/127.0.0.1:8081] onStateChange(GET{uri=/getAttractions, connection=PooledConnection{channel=[id: 0x33d4d541, L:/127.0.0.1:50281 - R:localhost/127.0.0.1:8081]}}, [disconnecting])
20:40:47.525 [reactor-http-nio-12] DEBUG reactor.netty.resources.PooledConnectionProvider - [id: 0x393991de, L:/127.0.0.1:50312 - R:localhost/127.0.0.1:8082] onStateChange(GET{uri=/getAttractionRewardPoints?attractionId=1329e821-97a2-4a6e-842f-1a979242b648&userId=69b75406-0178-48de-971f-0fa50f7dfa7b, connection=PooledConnection{channel=[id: 0x393991de, L:/127.0.0.1:50312 - R:localhost/127.0.0.1:8082]}}, [disconnecting])
20:40:47.525 [reactor-http-nio-15] DEBUG reactor.netty.resources.PooledConnectionProvider - [id: 0x9e2c9a54, L:/127.0.0.1:50246 - R:localhost/127.0.0.1:8081] onStateChange(GET{uri=/getAttractions, connection=PooledConnection{channel=[id: 0x9e2c9a54, L:/127.0.0.1:50246 - R:localhost/127.0.0.1:8081]}}, [disconnecting])
20:40:47.525 [reactor-http-nio-15] DEBUG reactor.netty.resources.PooledConnectionProvider - [id: 0x9e2c9a54, L:/127.0.0.1:50246 - R:localhost/127.0.0.1:8081] Releasing channel
20:40:47.525 [reactor-http-nio-16] DEBUG reactor.netty.resources.PooledConnectionProvider - [id: 0x33d4d541, L:/127.0.0.1:50281 - R:localhost/127.0.0.1:8081] Releasing channel
20:40:47.525 [reactor-http-nio-15] DEBUG reactor.netty.resources.PooledConnectionProvider - [id: 0x9e2c9a54, L:/127.0.0.1:50246 - R:localhost/127.0.0.1:8081] Channel cleaned, now 4 active connections and 60 inactive connections
20:40:47.525 [reactor-http-nio-16] DEBUG reactor.netty.resources.PooledConnectionProvider - [id: 0x33d4d541, L:/127.0.0.1:50281 - R:localhost/127.0.0.1:8081] Channel cleaned, now 3 active connections and 61 inactive connections
20:40:47.525 [reactor-http-nio-12] DEBUG reactor.netty.resources.PooledConnectionProvider - [id: 0x393991de, L:/127.0.0.1:50312 - R:localhost/127.0.0.1:8082] Releasing channel
20:40:47.525 [reactor-http-nio-12] DEBUG reactor.netty.resources.PooledConnectionProvider - [id: 0x393991de, L:/127.0.0.1:50312 - R:localhost/127.0.0.1:8082] Channel cleaned, now 59 active connections and 6 inactive connections
20:40:47.526 [pool-14-thread-5] DEBUG org.springframework.web.reactive.function.client.ExchangeFunctions - [43f3aeb8] HTTP GET http://localhost:8081/getAttractions
20:40:47.526 [reactor-http-nio-12] DEBUG reactor.netty.resources.PooledConnectionProvider - [id: 0x9cfe3e33, L:/127.0.0.1:50249 - R:localhost/127.0.0.1:8081] Channel acquired, now 4 active connections and 60 inactive connections
20:40:47.526 [reactor-http-nio-12] DEBUG reactor.netty.http.client.HttpClientConnect - [id: 0x9cfe3e33, L:/127.0.0.1:50249 - R:localhost/127.0.0.1:8081] Handler is being applied: {uri=http://localhost:8081/getAttractions, method=GET}
20:40:47.526 [pool-14-thread-16] DEBUG org.springframework.web.reactive.function.client.ExchangeFunctions - [70a0959b] HTTP GET http://localhost:8082/getAttractionRewardPoints?attractionId=31de444d-ecbc-4aba-9b66-31611c243f14&userId=b1b1b4c2-fe44-4e8d-bae7-4f6a5f2ca364
20:40:47.526 [pool-14-thread-52] DEBUG org.springframework.web.reactive.function.client.ExchangeFunctions - [62a30b3f] HTTP GET http://localhost:8082/getAttractionRewardPoints?attractionId=0913ede3-c290-4f63-96af-f29deaf95539&userId=9904a336-4dfe-48ef-ab48-5c5e91b3adc8
20:40:47.526 [reactor-http-nio-15] DEBUG reactor.netty.resources.PooledConnectionProvider - [id: 0x8e4601d6, L:/127.0.0.1:50317 - R:localhost/127.0.0.1:8082] Channel acquired, now 60 active connections and 5 inactive connections
20:40:47.526 [reactor-http-nio-12] DEBUG reactor.netty.resources.PooledConnectionProvider - [id: 0x9cfe3e33, L:/127.0.0.1:50249 - R:localhost/127.0.0.1:8081] onStateChange(GET{uri=/getAttractions, connection=PooledConnection{channel=[id: 0x9cfe3e33, L:/127.0.0.1:50249 - R:localhost/127.0.0.1:8081]}}, [request_sent])
20:40:47.526 [reactor-http-nio-15] DEBUG reactor.netty.http.client.HttpClientConnect - [id: 0x8e4601d6, L:/127.0.0.1:50317 - R:localhost/127.0.0.1:8082] Handler is being applied: {uri=http://localhost:8082/getAttractionRewardPoints?attractionId=0913ede3-c290-4f63-96af-f29deaf95539&userId=9904a336-4dfe-48ef-ab48-5c5e91b3adc8, method=GET}
20:40:47.527 [reactor-http-nio-12] DEBUG reactor.netty.http.client.HttpClientOperations - [id: 0xdb7d5510, L:/127.0.0.1:50268 - R:localhost/127.0.0.1:8081] Received response (auto-read:false) : [Content-Type=application/json, Transfer-Encoding=chunked, Date=Fri, 11 Jun 2021 15:10:46 GMT]
20:40:47.527 [reactor-http-nio-12] DEBUG reactor.netty.resources.PooledConnectionProvider - [id: 0xdb7d5510, L:/127.0.0.1:50268 - R:localhost/127.0.0.1:8081] onStateChange(GET{uri=/getAttractions, connection=PooledConnection{channel=[id: 0xdb7d5510, L:/127.0.0.1:50268 - R:localhost/127.0.0.1:8081]}}, [response_received])
20:40:47.527 [reactor-http-nio-12] DEBUG org.springframework.web.reactive.function.client.ExchangeFunctions - [23c9413d] Response 200 OK
20:40:47.527 [reactor-http-nio-15] DEBUG reactor.netty.resources.PooledConnectionProvider - [id: 0x8e4601d6, L:/127.0.0.1:50317 - R:localhost/127.0.0.1:8082] onStateChange(GET{uri=/getAttractionRewardPoints?attractionId=0913ede3-c290-4f63-96af-f29deaf95539&userId=9904a336-4dfe-48ef-ab48-5c5e91b3adc8, connection=PooledConnection{channel=[id: 0x8e4601d6, L:/127.0.0.1:50317 - R:localhost/127.0.0.1:8082]}}, [request_sent])
20:40:47.527 [reactor-http-nio-12] DEBUG reactor.netty.channel.FluxReceive - [id: 0xdb7d5510, L:/127.0.0.1:50268 - R:localhost/127.0.0.1:8081] Subscribing inbound receiver [pending: 0, cancelled:false, inboundDone: false]
20:40:47.527 [reactor-http-nio-12] DEBUG reactor.netty.http.client.HttpClientOperations - [id: 0xdb7d5510, L:/127.0.0.1:50268 - R:localhost/127.0.0.1:8081] Received last HTTP packet
20:40:47.527 [reactor-http-nio-12] DEBUG org.springframework.core.codec.StringDecoder - [23c9413d] Decoded "[{"longitude":-117.922008,"latitude":33.817595,"attractionName":"Disneyland","city":"Anaheim","stat (truncated)...
20:40:47.527 [reactor-http-nio-12] DEBUG reactor.netty.resources.PooledConnectionProvider - [id: 0xdb7d5510, L:/127.0.0.1:50268 - R:localhost/127.0.0.1:8081] onStateChange(GET{uri=/getAttractions, connection=PooledConnection{channel=[id: 0xdb7d5510, L:/127.0.0.1:50268 - R:localhost/127.0.0.1:8081]}}, [disconnecting])
20:40:47.527 [reactor-http-nio-12] DEBUG reactor.netty.resources.PooledConnectionProvider - [id: 0xdb7d5510, L:/127.0.0.1:50268 - R:localhost/127.0.0.1:8081] Releasing channel
20:40:47.527 [reactor-http-nio-12] DEBUG reactor.netty.resources.PooledConnectionProvider - [id: 0xdb7d5510, L:/127.0.0.1:50268 - R:localhost/127.0.0.1:8081] Channel cleaned, now 3 active connections and 61 inactive connections
20:40:47.527 [reactor-http-nio-12] DEBUG reactor.netty.resources.PooledConnectionProvider - [id: 0x0154bb24, L:/127.0.0.1:50367 - R:localhost/127.0.0.1:8082] Channel acquired, now 61 active connections and 4 inactive connections
20:40:47.528 [reactor-http-nio-12] DEBUG reactor.netty.http.client.HttpClientConnect - [id: 0x0154bb24, L:/127.0.0.1:50367 - R:localhost/127.0.0.1:8082] Handler is being applied: {uri=http://localhost:8082/getAttractionRewardPoints?attractionId=31de444d-ecbc-4aba-9b66-31611c243f14&userId=b1b1b4c2-fe44-4e8d-bae7-4f6a5f2ca364, method=GET}
20:40:47.528 [reactor-http-nio-11] DEBUG reactor.netty.http.client.HttpClientOperations - [id: 0xf4ffa1a5, L:/127.0.0.1:50267 - R:localhost/127.0.0.1:8081] Received response (auto-read:false) : [Content-Type=application/json, Transfer-Encoding=chunked, Date=Fri, 11 Jun 2021 15:10:46 GMT]
20:40:47.528 [reactor-http-nio-11] DEBUG reactor.netty.resources.PooledConnectionProvider - [id: 0xf4ffa1a5, L:/127.0.0.1:50267 - R:localhost/127.0.0.1:8081] onStateChange(GET{uri=/getAttractions, connection=PooledConnection{channel=[id: 0xf4ffa1a5, L:/127.0.0.1:50267 - R:localhost/127.0.0.1:8081]}}, [response_received])
20:40:47.528 [reactor-http-nio-12] DEBUG reactor.netty.resources.PooledConnectionProvider - [id: 0x0154bb24, L:/127.0.0.1:50367 - R:localhost/127.0.0.1:8082] onStateChange(GET{uri=/getAttractionRewardPoints?attractionId=31de444d-ecbc-4aba-9b66-31611c243f14&userId=b1b1b4c2-fe44-4e8d-bae7-4f6a5f2ca364, connection=PooledConnection{channel=[id: 0x0154bb24, L:/127.0.0.1:50367 - R:localhost/127.0.0.1:8082]}}, [request_sent])
20:40:47.528 [reactor-http-nio-11] DEBUG org.springframework.web.reactive.function.client.ExchangeFunctions - [963764c] Response 200 OK
20:40:47.528 [reactor-http-nio-11] DEBUG reactor.netty.channel.FluxReceive - [id: 0xf4ffa1a5, L:/127.0.0.1:50267 - R:localhost/127.0.0.1:8081] Subscribing inbound receiver [pending: 0, cancelled:false, inboundDone: false]
20:40:47.528 [pool-14-thread-61] DEBUG org.springframework.web.reactive.function.client.ExchangeFunctions - [66cbcb20] HTTP GET http://localhost:8082/getAttractionRewardPoints?attractionId=9f01a736-4d79-4478-957d-43b73de7cce4&userId=9b4498cc-6aed-4c4f-b3d3-f7cfa1c2d095
20:40:47.528 [reactor-http-nio-11] DEBUG reactor.netty.http.client.HttpClientOperations - [id: 0xf4ffa1a5, L:/127.0.0.1:50267 - R:localhost/127.0.0.1:8081] Received last HTTP packet
20:40:47.529 [reactor-http-nio-11] DEBUG org.springframework.core.codec.StringDecoder - [963764c] Decoded "[{"longitude":-117.922008,"latitude":33.817595,"attractionName":"Disneyland","city":"Anaheim","stat (truncated)...
20:40:47.529 [reactor-http-nio-11] DEBUG reactor.netty.resources.PooledConnectionProvider - [id: 0xf4ffa1a5, L:/127.0.0.1:50267 - R:localhost/127.0.0.1:8081] onStateChange(GET{uri=/getAttractions, connection=PooledConnection{channel=[id: 0xf4ffa1a5, L:/127.0.0.1:50267 - R:localhost/127.0.0.1:8081]}}, [disconnecting])
20:40:47.529 [reactor-http-nio-11] DEBUG reactor.netty.resources.PooledConnectionProvider - [id: 0xf4ffa1a5, L:/127.0.0.1:50267 - R:localhost/127.0.0.1:8081] Releasing channel
20:40:47.529 [reactor-http-nio-11] DEBUG reactor.netty.resources.PooledConnectionProvider - [id: 0xf4ffa1a5, L:/127.0.0.1:50267 - R:localhost/127.0.0.1:8081] Channel cleaned, now 2 active connections and 62 inactive connections
20:40:47.529 [reactor-http-nio-14] DEBUG reactor.netty.resources.PooledConnectionProvider - [id: 0x166e1fbe, L:/127.0.0.1:50368 - R:localhost/127.0.0.1:8082] Channel acquired, now 62 active connections and 3 inactive connections
20:40:47.529 [reactor-http-nio-14] DEBUG reactor.netty.http.client.HttpClientConnect - [id: 0x166e1fbe, L:/127.0.0.1:50368 - R:localhost/127.0.0.1:8082] Handler is being applied: {uri=http://localhost:8082/getAttractionRewardPoints?attractionId=9f01a736-4d79-4478-957d-43b73de7cce4&userId=9b4498cc-6aed-4c4f-b3d3-f7cfa1c2d095, method=GET}
20:40:47.529 [reactor-http-nio-14] DEBUG reactor.netty.resources.PooledConnectionProvider - [id: 0x166e1fbe, L:/127.0.0.1:50368 - R:localhost/127.0.0.1:8082] onStateChange(GET{uri=/getAttractionRewardPoints?attractionId=9f01a736-4d79-4478-957d-43b73de7cce4&userId=9b4498cc-6aed-4c4f-b3d3-f7cfa1c2d095, connection=PooledConnection{channel=[id: 0x166e1fbe, L:/127.0.0.1:50368 - R:localhost/127.0.0.1:8082]}}, [request_sent])
20:40:47.530 [pool-14-thread-8] DEBUG org.springframework.web.reactive.function.client.ExchangeFunctions - [629b8916] HTTP GET http://localhost:8082/getAttractionRewardPoints?attractionId=682b3bf2-21ee-48bc-bf95-ff99a02ca331&userId=9bb2fca9-2eab-4616-8e48-6f60132d094e
20:40:47.530 [reactor-http-nio-14] DEBUG reactor.netty.resources.PooledConnectionProvider - [id: 0x0cd41048, L:/127.0.0.1:50358 - R:localhost/127.0.0.1:8082] Channel acquired, now 63 active connections and 2 inactive connections
20:40:47.530 [reactor-http-nio-14] DEBUG reactor.netty.http.client.HttpClientConnect - [id: 0x0cd41048, L:/127.0.0.1:50358 - R:localhost/127.0.0.1:8082] Handler is being applied: {uri=http://localhost:8082/getAttractionRewardPoints?attractionId=682b3bf2-21ee-48bc-bf95-ff99a02ca331&userId=9bb2fca9-2eab-4616-8e48-6f60132d094e, method=GET}
20:40:47.530 [reactor-http-nio-14] DEBUG reactor.netty.resources.PooledConnectionProvider - [id: 0x0cd41048, L:/127.0.0.1:50358 - R:localhost/127.0.0.1:8082] onStateChange(GET{uri=/getAttractionRewardPoints?attractionId=682b3bf2-21ee-48bc-bf95-ff99a02ca331&userId=9bb2fca9-2eab-4616-8e48-6f60132d094e, connection=PooledConnection{channel=[id: 0x0cd41048, L:/127.0.0.1:50358 - R:localhost/127.0.0.1:8082]}}, [request_sent])
20:40:47.531 [reactor-http-nio-2] DEBUG reactor.netty.http.client.HttpClientOperations - [id: 0x996b12a8, L:/127.0.0.1:50324 - R:localhost/127.0.0.1:8082] Received response (auto-read:false) : [Content-Type=application/json, Transfer-Encoding=chunked, Date=Fri, 11 Jun 2021 15:10:46 GMT]
20:40:47.531 [reactor-http-nio-2] DEBUG reactor.netty.resources.PooledConnectionProvider - [id: 0x996b12a8, L:/127.0.0.1:50324 - R:localhost/127.0.0.1:8082] onStateChange(GET{uri=/getAttractionRewardPoints?attractionId=8f33bd46-3cd4-4f01-aa4c-22fcf8a8cdbb&userId=af60a0f1-d60f-40f4-9187-8df1ea28808b, connection=PooledConnection{channel=[id: 0x996b12a8, L:/127.0.0.1:50324 - R:localhost/127.0.0.1:8082]}}, [response_received])
20:40:47.531 [reactor-http-nio-2] DEBUG org.springframework.web.reactive.function.client.ExchangeFunctions - [6dd414ab] Response 200 OK
20:40:47.531 [reactor-http-nio-2] DEBUG reactor.netty.channel.FluxReceive - [id: 0x996b12a8, L:/127.0.0.1:50324 - R:localhost/127.0.0.1:8082] Subscribing inbound receiver [pending: 0, cancelled:false, inboundDone: false]
20:40:47.531 [reactor-http-nio-2] DEBUG reactor.netty.http.client.HttpClientOperations - [id: 0x996b12a8, L:/127.0.0.1:50324 - R:localhost/127.0.0.1:8082] Received last HTTP packet
20:40:47.531 [reactor-http-nio-2] DEBUG org.springframework.core.codec.StringDecoder - [6dd414ab] Decoded "758"
20:40:47.531 [reactor-http-nio-2] DEBUG reactor.netty.resources.PooledConnectionProvider - [id: 0x996b12a8, L:/127.0.0.1:50324 - R:localhost/127.0.0.1:8082] onStateChange(GET{uri=/getAttractionRewardPoints?attractionId=8f33bd46-3cd4-4f01-aa4c-22fcf8a8cdbb&userId=af60a0f1-d60f-40f4-9187-8df1ea28808b, connection=PooledConnection{channel=[id: 0x996b12a8, L:/127.0.0.1:50324 - R:localhost/127.0.0.1:8082]}}, [disconnecting])
20:40:47.531 [reactor-http-nio-2] DEBUG reactor.netty.resources.PooledConnectionProvider - [id: 0x996b12a8, L:/127.0.0.1:50324 - R:localhost/127.0.0.1:8082] Releasing channel
20:40:47.531 [reactor-http-nio-2] DEBUG reactor.netty.resources.PooledConnectionProvider - [id: 0x996b12a8, L:/127.0.0.1:50324 - R:localhost/127.0.0.1:8082] Channel cleaned, now 62 active connections and 3 inactive connections
20:40:47.532 [reactor-http-nio-16] DEBUG reactor.netty.http.client.HttpClientOperations - [id: 0xc22dad5a, L:/127.0.0.1:50364 - R:localhost/127.0.0.1:8082] Received response (auto-read:false) : [Content-Type=application/json, Transfer-Encoding=chunked, Date=Fri, 11 Jun 2021 15:10:46 GMT]
20:40:47.532 [pool-14-thread-26] DEBUG org.springframework.web.reactive.function.client.ExchangeFunctions - [69eb9dc9] HTTP GET http://localhost:8081/getAttractions
20:40:47.532 [reactor-http-nio-16] DEBUG reactor.netty.resources.PooledConnectionProvider - [id: 0xc22dad5a, L:/127.0.0.1:50364 - R:localhost/127.0.0.1:8082] onStateChange(GET{uri=/getAttractionRewardPoints?attractionId=6f08cb4b-6997-43d0-8e37-3cefcdd9af45&userId=3c7cd3a4-1427-4d81-a785-67df97afe4e6, connection=PooledConnection{channel=[id: 0xc22dad5a, L:/127.0.0.1:50364 - R:localhost/127.0.0.1:8082]}}, [response_received])
20:40:47.532 [reactor-http-nio-16] DEBUG org.springframework.web.reactive.function.client.ExchangeFunctions - [133df019] Response 200 OK
20:40:47.532 [reactor-http-nio-10] DEBUG reactor.netty.resources.PooledConnectionProvider - [id: 0x78591639, L:/127.0.0.1:50280 - R:localhost/127.0.0.1:8081] Channel acquired, now 3 active connections and 61 inactive connections
20:40:47.532 [reactor-http-nio-16] DEBUG reactor.netty.channel.FluxReceive - [id: 0xc22dad5a, L:/127.0.0.1:50364 - R:localhost/127.0.0.1:8082] Subscribing inbound receiver [pending: 0, cancelled:false, inboundDone: false]
20:40:47.532 [reactor-http-nio-10] DEBUG reactor.netty.http.client.HttpClientConnect - [id: 0x78591639, L:/127.0.0.1:50280 - R:localhost/127.0.0.1:8081] Handler is being applied: {uri=http://localhost:8081/getAttractions, method=GET}
20:40:47.532 [reactor-http-nio-16] DEBUG reactor.netty.http.client.HttpClientOperations - [id: 0xc22dad5a, L:/127.0.0.1:50364 - R:localhost/127.0.0.1:8082] Received last HTTP packet
20:40:47.532 [reactor-http-nio-16] DEBUG org.springframework.core.codec.StringDecoder - [133df019] Decoded "855"
20:40:47.532 [reactor-http-nio-16] DEBUG reactor.netty.resources.PooledConnectionProvider - [id: 0xc22dad5a, L:/127.0.0.1:50364 - R:localhost/127.0.0.1:8082] onStateChange(GET{uri=/getAttractionRewardPoints?attractionId=6f08cb4b-6997-43d0-8e37-3cefcdd9af45&userId=3c7cd3a4-1427-4d81-a785-67df97afe4e6, connection=PooledConnection{channel=[id: 0xc22dad5a, L:/127.0.0.1:50364 - R:localhost/127.0.0.1:8082]}}, [disconnecting])
20:40:47.532 [reactor-http-nio-16] DEBUG reactor.netty.resources.PooledConnectionProvider - [id: 0xc22dad5a, L:/127.0.0.1:50364 - R:localhost/127.0.0.1:8082] Releasing channel
20:40:47.532 [reactor-http-nio-16] DEBUG reactor.netty.resources.PooledConnectionProvider - [id: 0xc22dad5a, L:/127.0.0.1:50364 - R:localhost/127.0.0.1:8082] Channel cleaned, now 61 active connections and 4 inactive connections
20:40:47.532 [reactor-http-nio-10] DEBUG reactor.netty.resources.PooledConnectionProvider - [id: 0x78591639, L:/127.0.0.1:50280 - R:localhost/127.0.0.1:8081] onStateChange(GET{uri=/getAttractions, connection=PooledConnection{channel=[id: 0x78591639, L:/127.0.0.1:50280 - R:localhost/127.0.0.1:8081]}}, [request_sent])
20:40:47.533 [pool-14-thread-54] DEBUG org.springframework.web.reactive.function.client.ExchangeFunctions - [170266a6] HTTP GET http://localhost:8081/getAttractions
20:40:47.533 [reactor-http-nio-12] DEBUG reactor.netty.resources.PooledConnectionProvider - [id: 0xa6263615, L:/127.0.0.1:50308 - R:localhost/127.0.0.1:8081] Channel acquired, now 4 active connections and 60 inactive connections
20:40:47.533 [reactor-http-nio-12] DEBUG reactor.netty.http.client.HttpClientConnect - [id: 0xa6263615, L:/127.0.0.1:50308 - R:localhost/127.0.0.1:8081] Handler is being applied: {uri=http://localhost:8081/getAttractions, method=GET}
20:40:47.533 [reactor-http-nio-12] DEBUG reactor.netty.resources.PooledConnectionProvider - [id: 0xa6263615, L:/127.0.0.1:50308 - R:localhost/127.0.0.1:8081] onStateChange(GET{uri=/getAttractions, connection=PooledConnection{channel=[id: 0xa6263615, L:/127.0.0.1:50308 - R:localhost/127.0.0.1:8081]}}, [request_sent])
20:40:47.537 [reactor-http-nio-12] DEBUG reactor.netty.http.client.HttpClientOperations - [id: 0x9cfe3e33, L:/127.0.0.1:50249 - R:localhost/127.0.0.1:8081] Received response (auto-read:false) : [Content-Type=application/json, Transfer-Encoding=chunked, Date=Fri, 11 Jun 2021 15:10:46 GMT]
20:40:47.537 [reactor-http-nio-12] DEBUG reactor.netty.resources.PooledConnectionProvider - [id: 0x9cfe3e33, L:/127.0.0.1:50249 - R:localhost/127.0.0.1:8081] onStateChange(GET{uri=/getAttractions, connection=PooledConnection{channel=[id: 0x9cfe3e33, L:/127.0.0.1:50249 - R:localhost/127.0.0.1:8081]}}, [response_received])
20:40:47.537 [reactor-http-nio-12] DEBUG org.springframework.web.reactive.function.client.ExchangeFunctions - [43f3aeb8] Response 200 OK
20:40:47.537 [reactor-http-nio-12] DEBUG reactor.netty.channel.FluxReceive - [id: 0x9cfe3e33, L:/127.0.0.1:50249 - R:localhost/127.0.0.1:8081] Subscribing inbound receiver [pending: 0, cancelled:false, inboundDone: false]
20:40:47.537 [reactor-http-nio-12] DEBUG reactor.netty.http.client.HttpClientOperations - [id: 0x9cfe3e33, L:/127.0.0.1:50249 - R:localhost/127.0.0.1:8081] Received last HTTP packet
20:40:47.538 [reactor-http-nio-12] DEBUG org.springframework.core.codec.StringDecoder - [43f3aeb8] Decoded "[{"longitude":-117.922008,"latitude":33.817595,"attractionName":"Disneyland","city":"Anaheim","stat (truncated)...
20:40:47.538 [reactor-http-nio-12] DEBUG reactor.netty.resources.PooledConnectionProvider - [id: 0x9cfe3e33, L:/127.0.0.1:50249 - R:localhost/127.0.0.1:8081] onStateChange(GET{uri=/getAttractions, connection=PooledConnection{channel=[id: 0x9cfe3e33, L:/127.0.0.1:50249 - R:localhost/127.0.0.1:8081]}}, [disconnecting])
20:40:47.538 [reactor-http-nio-12] DEBUG reactor.netty.resources.PooledConnectionProvider - [id: 0x9cfe3e33, L:/127.0.0.1:50249 - R:localhost/127.0.0.1:8081] Releasing channel
20:40:47.538 [reactor-http-nio-12] DEBUG reactor.netty.resources.PooledConnectionProvider - [id: 0x9cfe3e33, L:/127.0.0.1:50249 - R:localhost/127.0.0.1:8081] Channel cleaned, now 3 active connections and 61 inactive connections
20:40:47.538 [pool-14-thread-5] DEBUG org.springframework.web.reactive.function.client.ExchangeFunctions - [19b9f8cc] HTTP GET http://localhost:8082/getAttractionRewardPoints?attractionId=8a3cd548-ab11-452d-8d03-7cbb0beb0cd7&userId=bfd00e76-c4e6-4e05-9bf4-a1b029e594a3
20:40:47.539 [reactor-http-nio-15] DEBUG reactor.netty.resources.PooledConnectionProvider - [id: 0xec445147, L:/127.0.0.1:50329 - R:localhost/127.0.0.1:8082] Channel acquired, now 62 active connections and 3 inactive connections
20:40:47.539 [reactor-http-nio-15] DEBUG reactor.netty.http.client.HttpClientConnect - [id: 0xec445147, L:/127.0.0.1:50329 - R:localhost/127.0.0.1:8082] Handler is being applied: {uri=http://localhost:8082/getAttractionRewardPoints?attractionId=8a3cd548-ab11-452d-8d03-7cbb0beb0cd7&userId=bfd00e76-c4e6-4e05-9bf4-a1b029e594a3, method=GET}
20:40:47.539 [reactor-http-nio-15] DEBUG reactor.netty.resources.PooledConnectionProvider - [id: 0xec445147, L:/127.0.0.1:50329 - R:localhost/127.0.0.1:8082] onStateChange(GET{uri=/getAttractionRewardPoints?attractionId=8a3cd548-ab11-452d-8d03-7cbb0beb0cd7&userId=bfd00e76-c4e6-4e05-9bf4-a1b029e594a3, connection=PooledConnection{channel=[id: 0xec445147, L:/127.0.0.1:50329 - R:localhost/127.0.0.1:8082]}}, [request_sent])
20:40:47.545 [reactor-http-nio-10] DEBUG reactor.netty.http.client.HttpClientOperations - [id: 0x78591639, L:/127.0.0.1:50280 - R:localhost/127.0.0.1:8081] Received response (auto-read:false) : [Content-Type=application/json, Transfer-Encoding=chunked, Date=Fri, 11 Jun 2021 15:10:46 GMT]
20:40:47.545 [reactor-http-nio-10] DEBUG reactor.netty.resources.PooledConnectionProvider - [id: 0x78591639, L:/127.0.0.1:50280 - R:localhost/127.0.0.1:8081] onStateChange(GET{uri=/getAttractions, connection=PooledConnection{channel=[id: 0x78591639, L:/127.0.0.1:50280 - R:localhost/127.0.0.1:8081]}}, [response_received])
20:40:47.545 [reactor-http-nio-12] DEBUG reactor.netty.http.client.HttpClientOperations - [id: 0xa6263615, L:/127.0.0.1:50308 - R:localhost/127.0.0.1:8081] Received response (auto-read:false) : [Content-Type=application/json, Transfer-Encoding=chunked, Date=Fri, 11 Jun 2021 15:10:46 GMT]
20:40:47.546 [reactor-http-nio-12] DEBUG reactor.netty.resources.PooledConnectionProvider - [id: 0xa6263615, L:/127.0.0.1:50308 - R:localhost/127.0.0.1:8081] onStateChange(GET{uri=/getAttractions, connection=PooledConnection{channel=[id: 0xa6263615, L:/127.0.0.1:50308 - R:localhost/127.0.0.1:8081]}}, [response_received])
20:40:47.546 [reactor-http-nio-10] DEBUG org.springframework.web.reactive.function.client.ExchangeFunctions - [69eb9dc9] Response 200 OK
20:40:47.546 [reactor-http-nio-12] DEBUG org.springframework.web.reactive.function.client.ExchangeFunctions - [170266a6] Response 200 OK
20:40:47.546 [reactor-http-nio-12] DEBUG reactor.netty.channel.FluxReceive - [id: 0xa6263615, L:/127.0.0.1:50308 - R:localhost/127.0.0.1:8081] Subscribing inbound receiver [pending: 0, cancelled:false, inboundDone: false]
20:40:47.546 [reactor-http-nio-10] DEBUG reactor.netty.channel.FluxReceive - [id: 0x78591639, L:/127.0.0.1:50280 - R:localhost/127.0.0.1:8081] Subscribing inbound receiver [pending: 0, cancelled:false, inboundDone: false]
20:40:47.546 [reactor-http-nio-10] DEBUG reactor.netty.http.client.HttpClientOperations - [id: 0x78591639, L:/127.0.0.1:50280 - R:localhost/127.0.0.1:8081] Received last HTTP packet
20:40:47.546 [reactor-http-nio-12] DEBUG reactor.netty.http.client.HttpClientOperations - [id: 0xa6263615, L:/127.0.0.1:50308 - R:localhost/127.0.0.1:8081] Received last HTTP packet
20:40:47.546 [reactor-http-nio-10] DEBUG org.springframework.core.codec.StringDecoder - [69eb9dc9] Decoded "[{"longitude":-117.922008,"latitude":33.817595,"attractionName":"Disneyland","city":"Anaheim","stat (truncated)...
20:40:47.546 [reactor-http-nio-12] DEBUG org.springframework.core.codec.StringDecoder - [170266a6] Decoded "[{"longitude":-117.922008,"latitude":33.817595,"attractionName":"Disneyland","city":"Anaheim","stat (truncated)...
20:40:47.546 [reactor-http-nio-10] DEBUG reactor.netty.resources.PooledConnectionProvider - [id: 0x78591639, L:/127.0.0.1:50280 - R:localhost/127.0.0.1:8081] onStateChange(GET{uri=/getAttractions, connection=PooledConnection{channel=[id: 0x78591639, L:/127.0.0.1:50280 - R:localhost/127.0.0.1:8081]}}, [disconnecting])
20:40:47.546 [reactor-http-nio-10] DEBUG reactor.netty.resources.PooledConnectionProvider - [id: 0x78591639, L:/127.0.0.1:50280 - R:localhost/127.0.0.1:8081] Releasing channel
20:40:47.546 [reactor-http-nio-12] DEBUG reactor.netty.resources.PooledConnectionProvider - [id: 0xa6263615, L:/127.0.0.1:50308 - R:localhost/127.0.0.1:8081] onStateChange(GET{uri=/getAttractions, connection=PooledConnection{channel=[id: 0xa6263615, L:/127.0.0.1:50308 - R:localhost/127.0.0.1:8081]}}, [disconnecting])
20:40:47.546 [reactor-http-nio-12] DEBUG reactor.netty.resources.PooledConnectionProvider - [id: 0xa6263615, L:/127.0.0.1:50308 - R:localhost/127.0.0.1:8081] Releasing channel
20:40:47.546 [reactor-http-nio-10] DEBUG reactor.netty.resources.PooledConnectionProvider - [id: 0x78591639, L:/127.0.0.1:50280 - R:localhost/127.0.0.1:8081] Channel cleaned, now 2 active connections and 62 inactive connections
20:40:47.546 [reactor-http-nio-12] DEBUG reactor.netty.resources.PooledConnectionProvider - [id: 0xa6263615, L:/127.0.0.1:50308 - R:localhost/127.0.0.1:8081] Channel cleaned, now 1 active connections and 63 inactive connections
20:40:47.547 [pool-14-thread-54] DEBUG org.springframework.web.reactive.function.client.ExchangeFunctions - [5200fa22] HTTP GET http://localhost:8082/getAttractionRewardPoints?attractionId=9d7bc811-1f1d-46d9-b4da-a5470ad17d97&userId=5e6a9c32-24c1-450a-ab0d-a415e4896675
20:40:47.547 [pool-14-thread-26] DEBUG org.springframework.web.reactive.function.client.ExchangeFunctions - [2ce91e90] HTTP GET http://localhost:8082/getAttractionRewardPoints?attractionId=91d40a6a-99e6-4202-b832-11e4e2e504fe&userId=b013b275-6e56-4fc3-947e-4f49dd4e5b58
20:40:47.547 [reactor-http-nio-2] DEBUG reactor.netty.resources.PooledConnectionProvider - [id: 0x996b12a8, L:/127.0.0.1:50324 - R:localhost/127.0.0.1:8082] Channel acquired, now 63 active connections and 2 inactive connections
20:40:47.547 [reactor-http-nio-12] DEBUG reactor.netty.resources.PooledConnectionProvider - [id: 0x393991de, L:/127.0.0.1:50312 - R:localhost/127.0.0.1:8082] Channel acquired, now 64 active connections and 1 inactive connections
20:40:47.547 [reactor-http-nio-2] DEBUG reactor.netty.http.client.HttpClientConnect - [id: 0x996b12a8, L:/127.0.0.1:50324 - R:localhost/127.0.0.1:8082] Handler is being applied: {uri=http://localhost:8082/getAttractionRewardPoints?attractionId=91d40a6a-99e6-4202-b832-11e4e2e504fe&userId=b013b275-6e56-4fc3-947e-4f49dd4e5b58, method=GET}
20:40:47.548 [reactor-http-nio-12] DEBUG reactor.netty.http.client.HttpClientConnect - [id: 0x393991de, L:/127.0.0.1:50312 - R:localhost/127.0.0.1:8082] Handler is being applied: {uri=http://localhost:8082/getAttractionRewardPoints?attractionId=9d7bc811-1f1d-46d9-b4da-a5470ad17d97&userId=5e6a9c32-24c1-450a-ab0d-a415e4896675, method=GET}
20:40:47.548 [reactor-http-nio-12] DEBUG reactor.netty.resources.PooledConnectionProvider - [id: 0x393991de, L:/127.0.0.1:50312 - R:localhost/127.0.0.1:8082] onStateChange(GET{uri=/getAttractionRewardPoints?attractionId=9d7bc811-1f1d-46d9-b4da-a5470ad17d97&userId=5e6a9c32-24c1-450a-ab0d-a415e4896675, connection=PooledConnection{channel=[id: 0x393991de, L:/127.0.0.1:50312 - R:localhost/127.0.0.1:8082]}}, [request_sent])
20:40:47.548 [reactor-http-nio-2] DEBUG reactor.netty.resources.PooledConnectionProvider - [id: 0x996b12a8, L:/127.0.0.1:50324 - R:localhost/127.0.0.1:8082] onStateChange(GET{uri=/getAttractionRewardPoints?attractionId=91d40a6a-99e6-4202-b832-11e4e2e504fe&userId=b013b275-6e56-4fc3-947e-4f49dd4e5b58, connection=PooledConnection{channel=[id: 0x996b12a8, L:/127.0.0.1:50324 - R:localhost/127.0.0.1:8082]}}, [request_sent])
20:40:47.557 [reactor-http-nio-10] DEBUG reactor.netty.http.client.HttpClientOperations - [id: 0x3f6e2f96, L:/127.0.0.1:50319 - R:localhost/127.0.0.1:8082] Received response (auto-read:false) : [Content-Type=application/json, Transfer-Encoding=chunked, Date=Fri, 11 Jun 2021 15:10:46 GMT]
20:40:47.557 [reactor-http-nio-10] DEBUG reactor.netty.resources.PooledConnectionProvider - [id: 0x3f6e2f96, L:/127.0.0.1:50319 - R:localhost/127.0.0.1:8082] onStateChange(GET{uri=/getAttractionRewardPoints?attractionId=7ed7b7b9-ae46-4f84-8f72-f6ac94a871a7&userId=fdc3741d-281c-4a80-b660-e2f65b97ac0a, connection=PooledConnection{channel=[id: 0x3f6e2f96, L:/127.0.0.1:50319 - R:localhost/127.0.0.1:8082]}}, [response_received])
20:40:47.557 [reactor-http-nio-10] DEBUG org.springframework.web.reactive.function.client.ExchangeFunctions - [594af04a] Response 200 OK
20:40:47.558 [reactor-http-nio-10] DEBUG reactor.netty.channel.FluxReceive - [id: 0x3f6e2f96, L:/127.0.0.1:50319 - R:localhost/127.0.0.1:8082] Subscribing inbound receiver [pending: 0, cancelled:false, inboundDone: false]
20:40:47.558 [reactor-http-nio-10] DEBUG reactor.netty.http.client.HttpClientOperations - [id: 0x3f6e2f96, L:/127.0.0.1:50319 - R:localhost/127.0.0.1:8082] Received last HTTP packet
20:40:47.558 [reactor-http-nio-10] DEBUG org.springframework.core.codec.StringDecoder - [594af04a] Decoded "708"
20:40:47.558 [reactor-http-nio-10] DEBUG reactor.netty.resources.PooledConnectionProvider - [id: 0x3f6e2f96, L:/127.0.0.1:50319 - R:localhost/127.0.0.1:8082] onStateChange(GET{uri=/getAttractionRewardPoints?attractionId=7ed7b7b9-ae46-4f84-8f72-f6ac94a871a7&userId=fdc3741d-281c-4a80-b660-e2f65b97ac0a, connection=PooledConnection{channel=[id: 0x3f6e2f96, L:/127.0.0.1:50319 - R:localhost/127.0.0.1:8082]}}, [disconnecting])
20:40:47.558 [reactor-http-nio-10] DEBUG reactor.netty.resources.PooledConnectionProvider - [id: 0x3f6e2f96, L:/127.0.0.1:50319 - R:localhost/127.0.0.1:8082] Releasing channel
20:40:47.558 [reactor-http-nio-10] DEBUG reactor.netty.resources.PooledConnectionProvider - [id: 0x3f6e2f96, L:/127.0.0.1:50319 - R:localhost/127.0.0.1:8082] Channel cleaned, now 63 active connections and 2 inactive connections
20:40:47.558 [pool-14-thread-21] DEBUG org.springframework.web.reactive.function.client.ExchangeFunctions - [5d757fbb] HTTP GET http://localhost:8081/getAttractions
20:40:47.559 [reactor-http-nio-11] DEBUG reactor.netty.resources.PooledConnectionProvider - [id: 0xf8610755, L:/127.0.0.1:50285 - R:localhost/127.0.0.1:8081] Channel acquired, now 2 active connections and 62 inactive connections
20:40:47.559 [reactor-http-nio-11] DEBUG reactor.netty.http.client.HttpClientConnect - [id: 0xf8610755, L:/127.0.0.1:50285 - R:localhost/127.0.0.1:8081] Handler is being applied: {uri=http://localhost:8081/getAttractions, method=GET}
20:40:47.559 [reactor-http-nio-11] DEBUG reactor.netty.resources.PooledConnectionProvider - [id: 0xf8610755, L:/127.0.0.1:50285 - R:localhost/127.0.0.1:8081] onStateChange(GET{uri=/getAttractions, connection=PooledConnection{channel=[id: 0xf8610755, L:/127.0.0.1:50285 - R:localhost/127.0.0.1:8081]}}, [request_sent])
20:40:47.571 [reactor-http-nio-11] DEBUG reactor.netty.http.client.HttpClientOperations - [id: 0xf8610755, L:/127.0.0.1:50285 - R:localhost/127.0.0.1:8081] Received response (auto-read:false) : [Content-Type=application/json, Transfer-Encoding=chunked, Date=Fri, 11 Jun 2021 15:10:46 GMT]
20:40:47.571 [reactor-http-nio-11] DEBUG reactor.netty.resources.PooledConnectionProvider - [id: 0xf8610755, L:/127.0.0.1:50285 - R:localhost/127.0.0.1:8081] onStateChange(GET{uri=/getAttractions, connection=PooledConnection{channel=[id: 0xf8610755, L:/127.0.0.1:50285 - R:localhost/127.0.0.1:8081]}}, [response_received])
20:40:47.571 [reactor-http-nio-11] DEBUG org.springframework.web.reactive.function.client.ExchangeFunctions - [5d757fbb] Response 200 OK
20:40:47.572 [reactor-http-nio-11] DEBUG reactor.netty.channel.FluxReceive - [id: 0xf8610755, L:/127.0.0.1:50285 - R:localhost/127.0.0.1:8081] Subscribing inbound receiver [pending: 0, cancelled:false, inboundDone: false]
20:40:47.572 [reactor-http-nio-11] DEBUG reactor.netty.http.client.HttpClientOperations - [id: 0xf8610755, L:/127.0.0.1:50285 - R:localhost/127.0.0.1:8081] Received last HTTP packet
20:40:47.572 [reactor-http-nio-11] DEBUG org.springframework.core.codec.StringDecoder - [5d757fbb] Decoded "[{"longitude":-117.922008,"latitude":33.817595,"attractionName":"Disneyland","city":"Anaheim","stat (truncated)...
20:40:47.572 [reactor-http-nio-11] DEBUG reactor.netty.resources.PooledConnectionProvider - [id: 0xf8610755, L:/127.0.0.1:50285 - R:localhost/127.0.0.1:8081] onStateChange(GET{uri=/getAttractions, connection=PooledConnection{channel=[id: 0xf8610755, L:/127.0.0.1:50285 - R:localhost/127.0.0.1:8081]}}, [disconnecting])
20:40:47.572 [reactor-http-nio-11] DEBUG reactor.netty.resources.PooledConnectionProvider - [id: 0xf8610755, L:/127.0.0.1:50285 - R:localhost/127.0.0.1:8081] Releasing channel
20:40:47.572 [reactor-http-nio-11] DEBUG reactor.netty.resources.PooledConnectionProvider - [id: 0xf8610755, L:/127.0.0.1:50285 - R:localhost/127.0.0.1:8081] Channel cleaned, now 1 active connections and 63 inactive connections
20:40:47.573 [pool-14-thread-21] DEBUG org.springframework.web.reactive.function.client.ExchangeFunctions - [1877fa71] HTTP GET http://localhost:8082/getAttractionRewardPoints?attractionId=9f3b54b3-e005-4255-a4f5-8ced9f91c6d2&userId=a971b3ea-9841-4165-9fd5-576f69fe5fde
20:40:47.573 [reactor-http-nio-16] DEBUG reactor.netty.resources.PooledConnectionProvider - [id: 0xc22dad5a, L:/127.0.0.1:50364 - R:localhost/127.0.0.1:8082] Channel acquired, now 64 active connections and 1 inactive connections
20:40:47.574 [reactor-http-nio-16] DEBUG reactor.netty.http.client.HttpClientConnect - [id: 0xc22dad5a, L:/127.0.0.1:50364 - R:localhost/127.0.0.1:8082] Handler is being applied: {uri=http://localhost:8082/getAttractionRewardPoints?attractionId=9f3b54b3-e005-4255-a4f5-8ced9f91c6d2&userId=a971b3ea-9841-4165-9fd5-576f69fe5fde, method=GET}
20:40:47.574 [reactor-http-nio-16] DEBUG reactor.netty.resources.PooledConnectionProvider - [id: 0xc22dad5a, L:/127.0.0.1:50364 - R:localhost/127.0.0.1:8082] onStateChange(GET{uri=/getAttractionRewardPoints?attractionId=9f3b54b3-e005-4255-a4f5-8ced9f91c6d2&userId=a971b3ea-9841-4165-9fd5-576f69fe5fde, connection=PooledConnection{channel=[id: 0xc22dad5a, L:/127.0.0.1:50364 - R:localhost/127.0.0.1:8082]}}, [request_sent])
20:40:47.580 [reactor-http-nio-2] DEBUG reactor.netty.http.client.HttpClientOperations - [id: 0x8fdb8005, L:/127.0.0.1:50311 - R:localhost/127.0.0.1:8082] Received response (auto-read:false) : [Content-Type=application/json, Transfer-Encoding=chunked, Date=Fri, 11 Jun 2021 15:10:46 GMT]
20:40:47.580 [reactor-http-nio-2] DEBUG reactor.netty.resources.PooledConnectionProvider - [id: 0x8fdb8005, L:/127.0.0.1:50311 - R:localhost/127.0.0.1:8082] onStateChange(GET{uri=/getAttractionRewardPoints?attractionId=9674c363-7e68-4914-94a6-cc0eb1aa5102&userId=d170487e-72e1-4ce4-bd73-4a1408049279, connection=PooledConnection{channel=[id: 0x8fdb8005, L:/127.0.0.1:50311 - R:localhost/127.0.0.1:8082]}}, [response_received])
20:40:47.580 [reactor-http-nio-13] DEBUG reactor.netty.http.client.HttpClientOperations - [id: 0xd31561fb, L:/127.0.0.1:50256 - R:localhost/127.0.0.1:8081] Received response (auto-read:false) : [Content-Type=application/json, Transfer-Encoding=chunked, Date=Fri, 11 Jun 2021 15:10:46 GMT]
20:40:47.580 [reactor-http-nio-13] DEBUG reactor.netty.resources.PooledConnectionProvider - [id: 0xd31561fb, L:/127.0.0.1:50256 - R:localhost/127.0.0.1:8081] onStateChange(GET{uri=/getUserLocation?userId=d170487e-72e1-4ce4-bd73-4a1408049279, connection=PooledConnection{channel=[id: 0xd31561fb, L:/127.0.0.1:50256 - R:localhost/127.0.0.1:8081]}}, [response_received])
20:40:47.580 [reactor-http-nio-2] DEBUG org.springframework.web.reactive.function.client.ExchangeFunctions - [f488fe4] Response 200 OK
20:40:47.580 [reactor-http-nio-13] DEBUG org.springframework.web.reactive.function.client.ExchangeFunctions - [163758fa] Response 200 OK
20:40:47.580 [reactor-http-nio-13] DEBUG reactor.netty.channel.FluxReceive - [id: 0xd31561fb, L:/127.0.0.1:50256 - R:localhost/127.0.0.1:8081] Subscribing inbound receiver [pending: 0, cancelled:false, inboundDone: false]
20:40:47.580 [reactor-http-nio-2] DEBUG reactor.netty.channel.FluxReceive - [id: 0x8fdb8005, L:/127.0.0.1:50311 - R:localhost/127.0.0.1:8082] Subscribing inbound receiver [pending: 0, cancelled:false, inboundDone: false]
20:40:47.581 [reactor-http-nio-13] DEBUG reactor.netty.http.client.HttpClientOperations - [id: 0xd31561fb, L:/127.0.0.1:50256 - R:localhost/127.0.0.1:8081] Received last HTTP packet
20:40:47.581 [reactor-http-nio-2] DEBUG reactor.netty.http.client.HttpClientOperations - [id: 0x8fdb8005, L:/127.0.0.1:50311 - R:localhost/127.0.0.1:8082] Received last HTTP packet
20:40:47.581 [reactor-http-nio-13] DEBUG org.springframework.core.codec.StringDecoder - [163758fa] Decoded "{"userId":"d170487e-72e1-4ce4-bd73-4a1408049279","location":{"longitude":126.274665,"latitude":-33. (truncated)...
20:40:47.581 [reactor-http-nio-2] DEBUG org.springframework.core.codec.StringDecoder - [f488fe4] Decoded "390"
20:40:47.581 [reactor-http-nio-13] DEBUG reactor.netty.resources.PooledConnectionProvider - [id: 0xd31561fb, L:/127.0.0.1:50256 - R:localhost/127.0.0.1:8081] onStateChange(GET{uri=/getUserLocation?userId=d170487e-72e1-4ce4-bd73-4a1408049279, connection=PooledConnection{channel=[id: 0xd31561fb, L:/127.0.0.1:50256 - R:localhost/127.0.0.1:8081]}}, [disconnecting])
20:40:47.581 [reactor-http-nio-2] DEBUG reactor.netty.resources.PooledConnectionProvider - [id: 0x8fdb8005, L:/127.0.0.1:50311 - R:localhost/127.0.0.1:8082] onStateChange(GET{uri=/getAttractionRewardPoints?attractionId=9674c363-7e68-4914-94a6-cc0eb1aa5102&userId=d170487e-72e1-4ce4-bd73-4a1408049279, connection=PooledConnection{channel=[id: 0x8fdb8005, L:/127.0.0.1:50311 - R:localhost/127.0.0.1:8082]}}, [disconnecting])
20:40:47.581 [reactor-http-nio-2] DEBUG reactor.netty.resources.PooledConnectionProvider - [id: 0x8fdb8005, L:/127.0.0.1:50311 - R:localhost/127.0.0.1:8082] Releasing channel
20:40:47.581 [reactor-http-nio-13] DEBUG reactor.netty.resources.PooledConnectionProvider - [id: 0xd31561fb, L:/127.0.0.1:50256 - R:localhost/127.0.0.1:8081] Releasing channel
20:40:47.581 [reactor-http-nio-2] DEBUG reactor.netty.resources.PooledConnectionProvider - [id: 0x8fdb8005, L:/127.0.0.1:50311 - R:localhost/127.0.0.1:8082] Channel cleaned, now 63 active connections and 2 inactive connections
20:40:47.581 [reactor-http-nio-13] DEBUG reactor.netty.resources.PooledConnectionProvider - [id: 0xd31561fb, L:/127.0.0.1:50256 - R:localhost/127.0.0.1:8081] Channel cleaned, now 0 active connections and 64 inactive connections
20:40:47.581 [pool-14-thread-2] DEBUG org.springframework.web.reactive.function.client.ExchangeFunctions - [b771ad5] HTTP GET http://localhost:8081/getAttractions
20:40:47.581 [reactor-http-nio-11] DEBUG reactor.netty.resources.PooledConnectionProvider - [id: 0xcd2f5c0e, L:/127.0.0.1:50278 - R:localhost/127.0.0.1:8081] Channel acquired, now 1 active connections and 63 inactive connections
20:40:47.582 [reactor-http-nio-11] DEBUG reactor.netty.http.client.HttpClientConnect - [id: 0xcd2f5c0e, L:/127.0.0.1:50278 - R:localhost/127.0.0.1:8081] Handler is being applied: {uri=http://localhost:8081/getAttractions, method=GET}
20:40:47.582 [pool-13-thread-1] DEBUG org.springframework.web.reactive.function.client.ExchangeFunctions - [22f2dc43] HTTP GET http://localhost:8081/getAttractions
20:40:47.582 [reactor-http-nio-16] DEBUG reactor.netty.resources.PooledConnectionProvider - [id: 0x1e073caa, L:/127.0.0.1:50270 - R:localhost/127.0.0.1:8081] Channel acquired, now 2 active connections and 62 inactive connections
20:40:47.582 [reactor-http-nio-11] DEBUG reactor.netty.resources.PooledConnectionProvider - [id: 0xcd2f5c0e, L:/127.0.0.1:50278 - R:localhost/127.0.0.1:8081] onStateChange(GET{uri=/getAttractions, connection=PooledConnection{channel=[id: 0xcd2f5c0e, L:/127.0.0.1:50278 - R:localhost/127.0.0.1:8081]}}, [request_sent])
20:40:47.582 [reactor-http-nio-16] DEBUG reactor.netty.http.client.HttpClientConnect - [id: 0x1e073caa, L:/127.0.0.1:50270 - R:localhost/127.0.0.1:8081] Handler is being applied: {uri=http://localhost:8081/getAttractions, method=GET}
20:40:47.582 [reactor-http-nio-16] DEBUG reactor.netty.resources.PooledConnectionProvider - [id: 0x1e073caa, L:/127.0.0.1:50270 - R:localhost/127.0.0.1:8081] onStateChange(GET{uri=/getAttractions, connection=PooledConnection{channel=[id: 0x1e073caa, L:/127.0.0.1:50270 - R:localhost/127.0.0.1:8081]}}, [request_sent])
20:40:47.584 [reactor-http-nio-13] DEBUG reactor.netty.http.client.HttpClientOperations - [id: 0x899ba90d, L:/127.0.0.1:50332 - R:localhost/127.0.0.1:8082] Received response (auto-read:false) : [Content-Type=application/json, Transfer-Encoding=chunked, Date=Fri, 11 Jun 2021 15:10:46 GMT]
20:40:47.584 [reactor-http-nio-13] DEBUG reactor.netty.resources.PooledConnectionProvider - [id: 0x899ba90d, L:/127.0.0.1:50332 - R:localhost/127.0.0.1:8082] onStateChange(GET{uri=/getAttractionRewardPoints?attractionId=4f42b56c-6571-4259-843c-72ccbfad7ac7&userId=2254b2c7-c080-41cb-9c01-d07ed6972134, connection=PooledConnection{channel=[id: 0x899ba90d, L:/127.0.0.1:50332 - R:localhost/127.0.0.1:8082]}}, [response_received])
20:40:47.584 [reactor-http-nio-13] DEBUG org.springframework.web.reactive.function.client.ExchangeFunctions - [3f2415b5] Response 200 OK
20:40:47.584 [reactor-http-nio-13] DEBUG reactor.netty.channel.FluxReceive - [id: 0x899ba90d, L:/127.0.0.1:50332 - R:localhost/127.0.0.1:8082] Subscribing inbound receiver [pending: 0, cancelled:false, inboundDone: false]
20:40:47.585 [reactor-http-nio-13] DEBUG reactor.netty.http.client.HttpClientOperations - [id: 0x899ba90d, L:/127.0.0.1:50332 - R:localhost/127.0.0.1:8082] Received last HTTP packet
20:40:47.585 [reactor-http-nio-13] DEBUG org.springframework.core.codec.StringDecoder - [3f2415b5] Decoded "41"
20:40:47.585 [reactor-http-nio-13] DEBUG reactor.netty.resources.PooledConnectionProvider - [id: 0x899ba90d, L:/127.0.0.1:50332 - R:localhost/127.0.0.1:8082] onStateChange(GET{uri=/getAttractionRewardPoints?attractionId=4f42b56c-6571-4259-843c-72ccbfad7ac7&userId=2254b2c7-c080-41cb-9c01-d07ed6972134, connection=PooledConnection{channel=[id: 0x899ba90d, L:/127.0.0.1:50332 - R:localhost/127.0.0.1:8082]}}, [disconnecting])
20:40:47.585 [reactor-http-nio-13] DEBUG reactor.netty.resources.PooledConnectionProvider - [id: 0x899ba90d, L:/127.0.0.1:50332 - R:localhost/127.0.0.1:8082] Releasing channel
20:40:47.585 [reactor-http-nio-13] DEBUG reactor.netty.resources.PooledConnectionProvider - [id: 0x899ba90d, L:/127.0.0.1:50332 - R:localhost/127.0.0.1:8082] Channel cleaned, now 62 active connections and 3 inactive connections
20:40:47.585 [pool-14-thread-27] DEBUG org.springframework.web.reactive.function.client.ExchangeFunctions - [3b1b9689] HTTP GET http://localhost:8081/getAttractions
20:40:47.585 [reactor-http-nio-12] DEBUG reactor.netty.resources.PooledConnectionProvider - [id: 0xbbaa0872, L:/127.0.0.1:50269 - R:localhost/127.0.0.1:8081] Channel acquired, now 3 active connections and 61 inactive connections
20:40:47.585 [reactor-http-nio-12] DEBUG reactor.netty.http.client.HttpClientConnect - [id: 0xbbaa0872, L:/127.0.0.1:50269 - R:localhost/127.0.0.1:8081] Handler is being applied: {uri=http://localhost:8081/getAttractions, method=GET}
20:40:47.586 [reactor-http-nio-12] DEBUG reactor.netty.resources.PooledConnectionProvider - [id: 0xbbaa0872, L:/127.0.0.1:50269 - R:localhost/127.0.0.1:8081] onStateChange(GET{uri=/getAttractions, connection=PooledConnection{channel=[id: 0xbbaa0872, L:/127.0.0.1:50269 - R:localhost/127.0.0.1:8081]}}, [request_sent])
20:40:47.595 [reactor-http-nio-16] DEBUG reactor.netty.http.client.HttpClientOperations - [id: 0x1e073caa, L:/127.0.0.1:50270 - R:localhost/127.0.0.1:8081] Received response (auto-read:false) : [Content-Type=application/json, Transfer-Encoding=chunked, Date=Fri, 11 Jun 2021 15:10:46 GMT]
20:40:47.595 [reactor-http-nio-16] DEBUG reactor.netty.resources.PooledConnectionProvider - [id: 0x1e073caa, L:/127.0.0.1:50270 - R:localhost/127.0.0.1:8081] onStateChange(GET{uri=/getAttractions, connection=PooledConnection{channel=[id: 0x1e073caa, L:/127.0.0.1:50270 - R:localhost/127.0.0.1:8081]}}, [response_received])
20:40:47.595 [reactor-http-nio-11] DEBUG reactor.netty.http.client.HttpClientOperations - [id: 0xcd2f5c0e, L:/127.0.0.1:50278 - R:localhost/127.0.0.1:8081] Received response (auto-read:false) : [Content-Type=application/json, Transfer-Encoding=chunked, Date=Fri, 11 Jun 2021 15:10:46 GMT]
20:40:47.595 [reactor-http-nio-11] DEBUG reactor.netty.resources.PooledConnectionProvider - [id: 0xcd2f5c0e, L:/127.0.0.1:50278 - R:localhost/127.0.0.1:8081] onStateChange(GET{uri=/getAttractions, connection=PooledConnection{channel=[id: 0xcd2f5c0e, L:/127.0.0.1:50278 - R:localhost/127.0.0.1:8081]}}, [response_received])
20:40:47.595 [reactor-http-nio-16] DEBUG org.springframework.web.reactive.function.client.ExchangeFunctions - [22f2dc43] Response 200 OK
20:40:47.595 [reactor-http-nio-11] DEBUG org.springframework.web.reactive.function.client.ExchangeFunctions - [b771ad5] Response 200 OK
20:40:47.596 [reactor-http-nio-11] DEBUG reactor.netty.channel.FluxReceive - [id: 0xcd2f5c0e, L:/127.0.0.1:50278 - R:localhost/127.0.0.1:8081] Subscribing inbound receiver [pending: 0, cancelled:false, inboundDone: false]
20:40:47.596 [reactor-http-nio-16] DEBUG reactor.netty.channel.FluxReceive - [id: 0x1e073caa, L:/127.0.0.1:50270 - R:localhost/127.0.0.1:8081] Subscribing inbound receiver [pending: 0, cancelled:false, inboundDone: false]
20:40:47.596 [reactor-http-nio-11] DEBUG reactor.netty.http.client.HttpClientOperations - [id: 0xcd2f5c0e, L:/127.0.0.1:50278 - R:localhost/127.0.0.1:8081] Received last HTTP packet
20:40:47.596 [reactor-http-nio-16] DEBUG reactor.netty.http.client.HttpClientOperations - [id: 0x1e073caa, L:/127.0.0.1:50270 - R:localhost/127.0.0.1:8081] Received last HTTP packet
20:40:47.596 [reactor-http-nio-11] DEBUG org.springframework.core.codec.StringDecoder - [b771ad5] Decoded "[{"longitude":-117.922008,"latitude":33.817595,"attractionName":"Disneyland","city":"Anaheim","stat (truncated)...
20:40:47.596 [reactor-http-nio-16] DEBUG org.springframework.core.codec.StringDecoder - [22f2dc43] Decoded "[{"longitude":-117.922008,"latitude":33.817595,"attractionName":"Disneyland","city":"Anaheim","stat (truncated)...
20:40:47.596 [reactor-http-nio-11] DEBUG reactor.netty.resources.PooledConnectionProvider - [id: 0xcd2f5c0e, L:/127.0.0.1:50278 - R:localhost/127.0.0.1:8081] onStateChange(GET{uri=/getAttractions, connection=PooledConnection{channel=[id: 0xcd2f5c0e, L:/127.0.0.1:50278 - R:localhost/127.0.0.1:8081]}}, [disconnecting])
20:40:47.596 [reactor-http-nio-16] DEBUG reactor.netty.resources.PooledConnectionProvider - [id: 0x1e073caa, L:/127.0.0.1:50270 - R:localhost/127.0.0.1:8081] onStateChange(GET{uri=/getAttractions, connection=PooledConnection{channel=[id: 0x1e073caa, L:/127.0.0.1:50270 - R:localhost/127.0.0.1:8081]}}, [disconnecting])
20:40:47.596 [reactor-http-nio-11] DEBUG reactor.netty.resources.PooledConnectionProvider - [id: 0xcd2f5c0e, L:/127.0.0.1:50278 - R:localhost/127.0.0.1:8081] Releasing channel
20:40:47.596 [reactor-http-nio-16] DEBUG reactor.netty.resources.PooledConnectionProvider - [id: 0x1e073caa, L:/127.0.0.1:50270 - R:localhost/127.0.0.1:8081] Releasing channel
20:40:47.596 [reactor-http-nio-11] DEBUG reactor.netty.resources.PooledConnectionProvider - [id: 0xcd2f5c0e, L:/127.0.0.1:50278 - R:localhost/127.0.0.1:8081] Channel cleaned, now 2 active connections and 62 inactive connections
20:40:47.596 [reactor-http-nio-16] DEBUG reactor.netty.resources.PooledConnectionProvider - [id: 0x1e073caa, L:/127.0.0.1:50270 - R:localhost/127.0.0.1:8081] Channel cleaned, now 1 active connections and 63 inactive connections
20:40:47.597 [reactor-http-nio-12] DEBUG reactor.netty.http.client.HttpClientOperations - [id: 0xbbaa0872, L:/127.0.0.1:50269 - R:localhost/127.0.0.1:8081] Received response (auto-read:false) : [Content-Type=application/json, Transfer-Encoding=chunked, Date=Fri, 11 Jun 2021 15:10:46 GMT]
20:40:47.597 [reactor-http-nio-12] DEBUG reactor.netty.resources.PooledConnectionProvider - [id: 0xbbaa0872, L:/127.0.0.1:50269 - R:localhost/127.0.0.1:8081] onStateChange(GET{uri=/getAttractions, connection=PooledConnection{channel=[id: 0xbbaa0872, L:/127.0.0.1:50269 - R:localhost/127.0.0.1:8081]}}, [response_received])
20:40:47.597 [reactor-http-nio-12] DEBUG org.springframework.web.reactive.function.client.ExchangeFunctions - [3b1b9689] Response 200 OK
20:40:47.597 [reactor-http-nio-12] DEBUG reactor.netty.channel.FluxReceive - [id: 0xbbaa0872, L:/127.0.0.1:50269 - R:localhost/127.0.0.1:8081] Subscribing inbound receiver [pending: 0, cancelled:false, inboundDone: false]
20:40:47.597 [pool-13-thread-1] DEBUG org.springframework.web.reactive.function.client.ExchangeFunctions - [276b0e86] HTTP GET http://localhost:8081/getUserLocation?userId=f85b3121-c728-45cd-8299-1d8e7cb2fdec
20:40:47.597 [pool-14-thread-2] DEBUG org.springframework.web.reactive.function.client.ExchangeFunctions - [4e7585df] HTTP GET http://localhost:8082/getAttractionRewardPoints?attractionId=fd569221-5399-4fbc-9af6-e265164e573a&userId=cf9de3ca-fc5f-4649-a16b-a8c7020571fd
20:40:47.597 [reactor-http-nio-12] DEBUG reactor.netty.http.client.HttpClientOperations - [id: 0xbbaa0872, L:/127.0.0.1:50269 - R:localhost/127.0.0.1:8081] Received last HTTP packet
20:40:47.597 [reactor-http-nio-13] DEBUG reactor.netty.resources.PooledConnectionProvider - [id: 0x7744abeb, L:/127.0.0.1:50286 - R:localhost/127.0.0.1:8081] Channel acquired, now 2 active connections and 62 inactive connections
20:40:47.597 [reactor-http-nio-12] DEBUG org.springframework.core.codec.StringDecoder - [3b1b9689] Decoded "[{"longitude":-117.922008,"latitude":33.817595,"attractionName":"Disneyland","city":"Anaheim","stat (truncated)...
20:40:47.597 [reactor-http-nio-12] DEBUG reactor.netty.resources.PooledConnectionProvider - [id: 0xbbaa0872, L:/127.0.0.1:50269 - R:localhost/127.0.0.1:8081] onStateChange(GET{uri=/getAttractions, connection=PooledConnection{channel=[id: 0xbbaa0872, L:/127.0.0.1:50269 - R:localhost/127.0.0.1:8081]}}, [disconnecting])
20:40:47.597 [reactor-http-nio-10] DEBUG reactor.netty.resources.PooledConnectionProvider - [id: 0x3f6e2f96, L:/127.0.0.1:50319 - R:localhost/127.0.0.1:8082] Channel acquired, now 63 active connections and 2 inactive connections
20:40:47.597 [reactor-http-nio-13] DEBUG reactor.netty.http.client.HttpClientConnect - [id: 0x7744abeb, L:/127.0.0.1:50286 - R:localhost/127.0.0.1:8081] Handler is being applied: {uri=http://localhost:8081/getUserLocation?userId=f85b3121-c728-45cd-8299-1d8e7cb2fdec, method=GET}
20:40:47.597 [reactor-http-nio-12] DEBUG reactor.netty.resources.PooledConnectionProvider - [id: 0xbbaa0872, L:/127.0.0.1:50269 - R:localhost/127.0.0.1:8081] Releasing channel
20:40:47.597 [reactor-http-nio-10] DEBUG reactor.netty.http.client.HttpClientConnect - [id: 0x3f6e2f96, L:/127.0.0.1:50319 - R:localhost/127.0.0.1:8082] Handler is being applied: {uri=http://localhost:8082/getAttractionRewardPoints?attractionId=fd569221-5399-4fbc-9af6-e265164e573a&userId=cf9de3ca-fc5f-4649-a16b-a8c7020571fd, method=GET}
20:40:47.597 [reactor-http-nio-12] DEBUG reactor.netty.resources.PooledConnectionProvider - [id: 0xbbaa0872, L:/127.0.0.1:50269 - R:localhost/127.0.0.1:8081] Channel cleaned, now 1 active connections and 63 inactive connections
20:40:47.598 [reactor-http-nio-10] DEBUG reactor.netty.resources.PooledConnectionProvider - [id: 0x3f6e2f96, L:/127.0.0.1:50319 - R:localhost/127.0.0.1:8082] onStateChange(GET{uri=/getAttractionRewardPoints?attractionId=fd569221-5399-4fbc-9af6-e265164e573a&userId=cf9de3ca-fc5f-4649-a16b-a8c7020571fd, connection=PooledConnection{channel=[id: 0x3f6e2f96, L:/127.0.0.1:50319 - R:localhost/127.0.0.1:8082]}}, [request_sent])
20:40:47.598 [reactor-http-nio-13] DEBUG reactor.netty.resources.PooledConnectionProvider - [id: 0x7744abeb, L:/127.0.0.1:50286 - R:localhost/127.0.0.1:8081] onStateChange(GET{uri=/getUserLocation?userId=f85b3121-c728-45cd-8299-1d8e7cb2fdec, connection=PooledConnection{channel=[id: 0x7744abeb, L:/127.0.0.1:50286 - R:localhost/127.0.0.1:8081]}}, [request_sent])
20:40:47.598 [pool-14-thread-27] DEBUG org.springframework.web.reactive.function.client.ExchangeFunctions - [7e191f8e] HTTP GET http://localhost:8082/getAttractionRewardPoints?attractionId=0ae17609-98ac-4306-ae34-f3f44b92f5d2&userId=79245883-bb11-4dcb-9f2e-fa6506955d4f
20:40:47.598 [reactor-http-nio-2] DEBUG reactor.netty.resources.PooledConnectionProvider - [id: 0x8fdb8005, L:/127.0.0.1:50311 - R:localhost/127.0.0.1:8082] Channel acquired, now 64 active connections and 1 inactive connections
20:40:47.598 [reactor-http-nio-2] DEBUG reactor.netty.http.client.HttpClientConnect - [id: 0x8fdb8005, L:/127.0.0.1:50311 - R:localhost/127.0.0.1:8082] Handler is being applied: {uri=http://localhost:8082/getAttractionRewardPoints?attractionId=0ae17609-98ac-4306-ae34-f3f44b92f5d2&userId=79245883-bb11-4dcb-9f2e-fa6506955d4f, method=GET}
20:40:47.599 [reactor-http-nio-2] DEBUG reactor.netty.resources.PooledConnectionProvider - [id: 0x8fdb8005, L:/127.0.0.1:50311 - R:localhost/127.0.0.1:8082] onStateChange(GET{uri=/getAttractionRewardPoints?attractionId=0ae17609-98ac-4306-ae34-f3f44b92f5d2&userId=79245883-bb11-4dcb-9f2e-fa6506955d4f, connection=PooledConnection{channel=[id: 0x8fdb8005, L:/127.0.0.1:50311 - R:localhost/127.0.0.1:8082]}}, [request_sent])
20:40:47.605 [reactor-http-nio-16] DEBUG reactor.netty.http.client.HttpClientOperations - [id: 0xc22dad5a, L:/127.0.0.1:50364 - R:localhost/127.0.0.1:8082] Received response (auto-read:false) : [Content-Type=application/json, Transfer-Encoding=chunked, Date=Fri, 11 Jun 2021 15:10:46 GMT]
20:40:47.605 [reactor-http-nio-16] DEBUG reactor.netty.resources.PooledConnectionProvider - [id: 0xc22dad5a, L:/127.0.0.1:50364 - R:localhost/127.0.0.1:8082] onStateChange(GET{uri=/getAttractionRewardPoints?attractionId=9f3b54b3-e005-4255-a4f5-8ced9f91c6d2&userId=a971b3ea-9841-4165-9fd5-576f69fe5fde, connection=PooledConnection{channel=[id: 0xc22dad5a, L:/127.0.0.1:50364 - R:localhost/127.0.0.1:8082]}}, [response_received])
20:40:47.605 [reactor-http-nio-16] DEBUG org.springframework.web.reactive.function.client.ExchangeFunctions - [1877fa71] Response 200 OK
20:40:47.606 [reactor-http-nio-16] DEBUG reactor.netty.channel.FluxReceive - [id: 0xc22dad5a, L:/127.0.0.1:50364 - R:localhost/127.0.0.1:8082] Subscribing inbound receiver [pending: 0, cancelled:false, inboundDone: false]
20:40:47.606 [reactor-http-nio-16] DEBUG reactor.netty.http.client.HttpClientOperations - [id: 0xc22dad5a, L:/127.0.0.1:50364 - R:localhost/127.0.0.1:8082] Received last HTTP packet
20:40:47.606 [reactor-http-nio-16] DEBUG org.springframework.core.codec.StringDecoder - [1877fa71] Decoded "942"
20:40:47.606 [reactor-http-nio-16] DEBUG reactor.netty.resources.PooledConnectionProvider - [id: 0xc22dad5a, L:/127.0.0.1:50364 - R:localhost/127.0.0.1:8082] onStateChange(GET{uri=/getAttractionRewardPoints?attractionId=9f3b54b3-e005-4255-a4f5-8ced9f91c6d2&userId=a971b3ea-9841-4165-9fd5-576f69fe5fde, connection=PooledConnection{channel=[id: 0xc22dad5a, L:/127.0.0.1:50364 - R:localhost/127.0.0.1:8082]}}, [disconnecting])
20:40:47.606 [reactor-http-nio-16] DEBUG reactor.netty.resources.PooledConnectionProvider - [id: 0xc22dad5a, L:/127.0.0.1:50364 - R:localhost/127.0.0.1:8082] Releasing channel
20:40:47.606 [reactor-http-nio-16] DEBUG reactor.netty.resources.PooledConnectionProvider - [id: 0xc22dad5a, L:/127.0.0.1:50364 - R:localhost/127.0.0.1:8082] Channel cleaned, now 63 active connections and 2 inactive connections
20:40:47.606 [reactor-http-nio-11] DEBUG reactor.netty.http.client.HttpClientOperations - [id: 0xbfea545a, L:/127.0.0.1:50351 - R:localhost/127.0.0.1:8082] Received response (auto-read:false) : [Content-Type=application/json, Transfer-Encoding=chunked, Date=Fri, 11 Jun 2021 15:10:46 GMT]
20:40:47.606 [reactor-http-nio-11] DEBUG reactor.netty.resources.PooledConnectionProvider - [id: 0xbfea545a, L:/127.0.0.1:50351 - R:localhost/127.0.0.1:8082] onStateChange(GET{uri=/getAttractionRewardPoints?attractionId=afeb09da-a3ef-4de3-8472-a00352d9d99d&userId=abb0ae95-5e02-480f-b331-fceae46ba2da, connection=PooledConnection{channel=[id: 0xbfea545a, L:/127.0.0.1:50351 - R:localhost/127.0.0.1:8082]}}, [response_received])
20:40:47.606 [reactor-http-nio-11] DEBUG org.springframework.web.reactive.function.client.ExchangeFunctions - [7f03f59d] Response 200 OK
20:40:47.607 [pool-14-thread-21] DEBUG org.springframework.web.reactive.function.client.ExchangeFunctions - [27e39ef8] HTTP GET http://localhost:8081/getAttractions
20:40:47.607 [reactor-http-nio-12] DEBUG reactor.netty.resources.PooledConnectionProvider - [id: 0x0d270386, L:/127.0.0.1:50279 - R:localhost/127.0.0.1:8081] Channel acquired, now 2 active connections and 62 inactive connections
20:40:47.607 [reactor-http-nio-11] DEBUG reactor.netty.channel.FluxReceive - [id: 0xbfea545a, L:/127.0.0.1:50351 - R:localhost/127.0.0.1:8082] Subscribing inbound receiver [pending: 0, cancelled:false, inboundDone: false]
20:40:47.607 [reactor-http-nio-12] DEBUG reactor.netty.http.client.HttpClientConnect - [id: 0x0d270386, L:/127.0.0.1:50279 - R:localhost/127.0.0.1:8081] Handler is being applied: {uri=http://localhost:8081/getAttractions, method=GET}
20:40:47.607 [reactor-http-nio-11] DEBUG reactor.netty.http.client.HttpClientOperations - [id: 0xbfea545a, L:/127.0.0.1:50351 - R:localhost/127.0.0.1:8082] Received last HTTP packet
20:40:47.607 [reactor-http-nio-11] DEBUG org.springframework.core.codec.StringDecoder - [7f03f59d] Decoded "225"
20:40:47.607 [reactor-http-nio-11] DEBUG reactor.netty.resources.PooledConnectionProvider - [id: 0xbfea545a, L:/127.0.0.1:50351 - R:localhost/127.0.0.1:8082] onStateChange(GET{uri=/getAttractionRewardPoints?attractionId=afeb09da-a3ef-4de3-8472-a00352d9d99d&userId=abb0ae95-5e02-480f-b331-fceae46ba2da, connection=PooledConnection{channel=[id: 0xbfea545a, L:/127.0.0.1:50351 - R:localhost/127.0.0.1:8082]}}, [disconnecting])
20:40:47.607 [reactor-http-nio-11] DEBUG reactor.netty.resources.PooledConnectionProvider - [id: 0xbfea545a, L:/127.0.0.1:50351 - R:localhost/127.0.0.1:8082] Releasing channel
20:40:47.607 [reactor-http-nio-11] DEBUG reactor.netty.resources.PooledConnectionProvider - [id: 0xbfea545a, L:/127.0.0.1:50351 - R:localhost/127.0.0.1:8082] Channel cleaned, now 62 active connections and 3 inactive connections
20:40:47.607 [reactor-http-nio-12] DEBUG reactor.netty.resources.PooledConnectionProvider - [id: 0x0d270386, L:/127.0.0.1:50279 - R:localhost/127.0.0.1:8081] onStateChange(GET{uri=/getAttractions, connection=PooledConnection{channel=[id: 0x0d270386, L:/127.0.0.1:50279 - R:localhost/127.0.0.1:8081]}}, [request_sent])
20:40:47.608 [pool-14-thread-36] DEBUG org.springframework.web.reactive.function.client.ExchangeFunctions - [7b3c6ea5] HTTP GET http://localhost:8081/getAttractions
20:40:47.608 [reactor-http-nio-10] DEBUG reactor.netty.resources.PooledConnectionProvider - [id: 0x074029b1, L:/127.0.0.1:50304 - R:localhost/127.0.0.1:8081] Channel acquired, now 3 active connections and 61 inactive connections
20:40:47.608 [reactor-http-nio-10] DEBUG reactor.netty.http.client.HttpClientConnect - [id: 0x074029b1, L:/127.0.0.1:50304 - R:localhost/127.0.0.1:8081] Handler is being applied: {uri=http://localhost:8081/getAttractions, method=GET}
20:40:47.608 [reactor-http-nio-10] DEBUG reactor.netty.resources.PooledConnectionProvider - [id: 0x074029b1, L:/127.0.0.1:50304 - R:localhost/127.0.0.1:8081] onStateChange(GET{uri=/getAttractions, connection=PooledConnection{channel=[id: 0x074029b1, L:/127.0.0.1:50304 - R:localhost/127.0.0.1:8081]}}, [request_sent])
20:40:47.620 [reactor-http-nio-12] DEBUG reactor.netty.http.client.HttpClientOperations - [id: 0x0d270386, L:/127.0.0.1:50279 - R:localhost/127.0.0.1:8081] Received response (auto-read:false) : [Content-Type=application/json, Transfer-Encoding=chunked, Date=Fri, 11 Jun 2021 15:10:46 GMT]
20:40:47.620 [reactor-http-nio-10] DEBUG reactor.netty.http.client.HttpClientOperations - [id: 0x074029b1, L:/127.0.0.1:50304 - R:localhost/127.0.0.1:8081] Received response (auto-read:false) : [Content-Type=application/json, Transfer-Encoding=chunked, Date=Fri, 11 Jun 2021 15:10:46 GMT]
20:40:47.621 [reactor-http-nio-12] DEBUG reactor.netty.resources.PooledConnectionProvider - [id: 0x0d270386, L:/127.0.0.1:50279 - R:localhost/127.0.0.1:8081] onStateChange(GET{uri=/getAttractions, connection=PooledConnection{channel=[id: 0x0d270386, L:/127.0.0.1:50279 - R:localhost/127.0.0.1:8081]}}, [response_received])
20:40:47.621 [reactor-http-nio-10] DEBUG reactor.netty.resources.PooledConnectionProvider - [id: 0x074029b1, L:/127.0.0.1:50304 - R:localhost/127.0.0.1:8081] onStateChange(GET{uri=/getAttractions, connection=PooledConnection{channel=[id: 0x074029b1, L:/127.0.0.1:50304 - R:localhost/127.0.0.1:8081]}}, [response_received])
20:40:47.621 [reactor-http-nio-12] DEBUG org.springframework.web.reactive.function.client.ExchangeFunctions - [27e39ef8] Response 200 OK
20:40:47.621 [reactor-http-nio-10] DEBUG org.springframework.web.reactive.function.client.ExchangeFunctions - [7b3c6ea5] Response 200 OK
20:40:47.621 [reactor-http-nio-10] DEBUG reactor.netty.channel.FluxReceive - [id: 0x074029b1, L:/127.0.0.1:50304 - R:localhost/127.0.0.1:8081] Subscribing inbound receiver [pending: 0, cancelled:false, inboundDone: false]
20:40:47.621 [reactor-http-nio-12] DEBUG reactor.netty.channel.FluxReceive - [id: 0x0d270386, L:/127.0.0.1:50279 - R:localhost/127.0.0.1:8081] Subscribing inbound receiver [pending: 0, cancelled:false, inboundDone: false]
20:40:47.621 [reactor-http-nio-10] DEBUG reactor.netty.http.client.HttpClientOperations - [id: 0x074029b1, L:/127.0.0.1:50304 - R:localhost/127.0.0.1:8081] Received last HTTP packet
20:40:47.621 [reactor-http-nio-12] DEBUG reactor.netty.http.client.HttpClientOperations - [id: 0x0d270386, L:/127.0.0.1:50279 - R:localhost/127.0.0.1:8081] Received last HTTP packet
20:40:47.621 [reactor-http-nio-12] DEBUG org.springframework.core.codec.StringDecoder - [27e39ef8] Decoded "[{"longitude":-117.922008,"latitude":33.817595,"attractionName":"Disneyland","city":"Anaheim","stat (truncated)...
20:40:47.621 [reactor-http-nio-10] DEBUG org.springframework.core.codec.StringDecoder - [7b3c6ea5] Decoded "[{"longitude":-117.922008,"latitude":33.817595,"attractionName":"Disneyland","city":"Anaheim","stat (truncated)...
20:40:47.621 [reactor-http-nio-12] DEBUG reactor.netty.resources.PooledConnectionProvider - [id: 0x0d270386, L:/127.0.0.1:50279 - R:localhost/127.0.0.1:8081] onStateChange(GET{uri=/getAttractions, connection=PooledConnection{channel=[id: 0x0d270386, L:/127.0.0.1:50279 - R:localhost/127.0.0.1:8081]}}, [disconnecting])
20:40:47.621 [reactor-http-nio-12] DEBUG reactor.netty.resources.PooledConnectionProvider - [id: 0x0d270386, L:/127.0.0.1:50279 - R:localhost/127.0.0.1:8081] Releasing channel
20:40:47.621 [reactor-http-nio-10] DEBUG reactor.netty.resources.PooledConnectionProvider - [id: 0x074029b1, L:/127.0.0.1:50304 - R:localhost/127.0.0.1:8081] onStateChange(GET{uri=/getAttractions, connection=PooledConnection{channel=[id: 0x074029b1, L:/127.0.0.1:50304 - R:localhost/127.0.0.1:8081]}}, [disconnecting])
20:40:47.621 [reactor-http-nio-12] DEBUG reactor.netty.resources.PooledConnectionProvider - [id: 0x0d270386, L:/127.0.0.1:50279 - R:localhost/127.0.0.1:8081] Channel cleaned, now 2 active connections and 62 inactive connections
20:40:47.621 [reactor-http-nio-10] DEBUG reactor.netty.resources.PooledConnectionProvider - [id: 0x074029b1, L:/127.0.0.1:50304 - R:localhost/127.0.0.1:8081] Releasing channel
20:40:47.621 [reactor-http-nio-10] DEBUG reactor.netty.resources.PooledConnectionProvider - [id: 0x074029b1, L:/127.0.0.1:50304 - R:localhost/127.0.0.1:8081] Channel cleaned, now 1 active connections and 63 inactive connections
20:40:47.624 [reactor-http-nio-12] DEBUG reactor.netty.http.client.HttpClientOperations - [id: 0xe5e5d890, L:/127.0.0.1:50313 - R:localhost/127.0.0.1:8082] Received response (auto-read:false) : [Content-Type=application/json, Transfer-Encoding=chunked, Date=Fri, 11 Jun 2021 15:10:46 GMT]
20:40:47.624 [reactor-http-nio-12] DEBUG reactor.netty.resources.PooledConnectionProvider - [id: 0xe5e5d890, L:/127.0.0.1:50313 - R:localhost/127.0.0.1:8082] onStateChange(GET{uri=/getAttractionRewardPoints?attractionId=9504da03-75fc-4f26-916b-7d9a3a7c0af3&userId=a12db5b7-5649-48f7-9910-7c9fcea62f19, connection=PooledConnection{channel=[id: 0xe5e5d890, L:/127.0.0.1:50313 - R:localhost/127.0.0.1:8082]}}, [response_received])
20:40:47.624 [reactor-http-nio-12] DEBUG org.springframework.web.reactive.function.client.ExchangeFunctions - [665fc2df] Response 200 OK
20:40:47.624 [reactor-http-nio-12] DEBUG reactor.netty.channel.FluxReceive - [id: 0xe5e5d890, L:/127.0.0.1:50313 - R:localhost/127.0.0.1:8082] Subscribing inbound receiver [pending: 0, cancelled:false, inboundDone: false]
20:40:47.624 [pool-14-thread-21] DEBUG org.springframework.web.reactive.function.client.ExchangeFunctions - [2925e2ee] HTTP GET http://localhost:8082/getAttractionRewardPoints?attractionId=1708c8e0-ed2d-4e94-9e25-7a48d11e6a70&userId=d6e6f131-ac63-4dc1-b923-1a93c3433248
20:40:47.624 [pool-14-thread-36] DEBUG org.springframework.web.reactive.function.client.ExchangeFunctions - [3e3effa6] HTTP GET http://localhost:8082/getAttractionRewardPoints?attractionId=0cb277ea-3319-44a6-b968-7549a410f35d&userId=f3aee226-8034-4d7a-83e6-98ae1bbdcda6
20:40:47.624 [reactor-http-nio-12] DEBUG reactor.netty.http.client.HttpClientOperations - [id: 0xe5e5d890, L:/127.0.0.1:50313 - R:localhost/127.0.0.1:8082] Received last HTTP packet
20:40:47.624 [reactor-http-nio-16] DEBUG reactor.netty.resources.PooledConnectionProvider - [id: 0xc22dad5a, L:/127.0.0.1:50364 - R:localhost/127.0.0.1:8082] Channel acquired, now 63 active connections and 2 inactive connections
20:40:47.624 [reactor-http-nio-12] DEBUG org.springframework.core.codec.StringDecoder - [665fc2df] Decoded "367"
20:40:47.624 [reactor-http-nio-12] DEBUG reactor.netty.resources.PooledConnectionProvider - [id: 0xe5e5d890, L:/127.0.0.1:50313 - R:localhost/127.0.0.1:8082] onStateChange(GET{uri=/getAttractionRewardPoints?attractionId=9504da03-75fc-4f26-916b-7d9a3a7c0af3&userId=a12db5b7-5649-48f7-9910-7c9fcea62f19, connection=PooledConnection{channel=[id: 0xe5e5d890, L:/127.0.0.1:50313 - R:localhost/127.0.0.1:8082]}}, [disconnecting])
20:40:47.624 [reactor-http-nio-16] DEBUG reactor.netty.http.client.HttpClientConnect - [id: 0xc22dad5a, L:/127.0.0.1:50364 - R:localhost/127.0.0.1:8082] Handler is being applied: {uri=http://localhost:8082/getAttractionRewardPoints?attractionId=1708c8e0-ed2d-4e94-9e25-7a48d11e6a70&userId=d6e6f131-ac63-4dc1-b923-1a93c3433248, method=GET}
20:40:47.624 [reactor-http-nio-12] DEBUG reactor.netty.resources.PooledConnectionProvider - [id: 0xe5e5d890, L:/127.0.0.1:50313 - R:localhost/127.0.0.1:8082] Releasing channel
20:40:47.624 [reactor-http-nio-12] DEBUG reactor.netty.resources.PooledConnectionProvider - [id: 0xe5e5d890, L:/127.0.0.1:50313 - R:localhost/127.0.0.1:8082] Channel cleaned, now 62 active connections and 3 inactive connections
20:40:47.625 [reactor-http-nio-13] DEBUG reactor.netty.resources.PooledConnectionProvider - [id: 0x899ba90d, L:/127.0.0.1:50332 - R:localhost/127.0.0.1:8082] Channel acquired, now 63 active connections and 2 inactive connections
20:40:47.625 [reactor-http-nio-13] DEBUG reactor.netty.http.client.HttpClientConnect - [id: 0x899ba90d, L:/127.0.0.1:50332 - R:localhost/127.0.0.1:8082] Handler is being applied: {uri=http://localhost:8082/getAttractionRewardPoints?attractionId=0cb277ea-3319-44a6-b968-7549a410f35d&userId=f3aee226-8034-4d7a-83e6-98ae1bbdcda6, method=GET}
20:40:47.625 [pool-14-thread-3] DEBUG org.springframework.web.reactive.function.client.ExchangeFunctions - [6667d587] HTTP GET http://localhost:8081/getAttractions
20:40:47.625 [reactor-http-nio-16] DEBUG reactor.netty.resources.PooledConnectionProvider - [id: 0xc22dad5a, L:/127.0.0.1:50364 - R:localhost/127.0.0.1:8082] onStateChange(GET{uri=/getAttractionRewardPoints?attractionId=1708c8e0-ed2d-4e94-9e25-7a48d11e6a70&userId=d6e6f131-ac63-4dc1-b923-1a93c3433248, connection=PooledConnection{channel=[id: 0xc22dad5a, L:/127.0.0.1:50364 - R:localhost/127.0.0.1:8082]}}, [request_sent])
20:40:47.625 [reactor-http-nio-13] DEBUG reactor.netty.resources.PooledConnectionProvider - [id: 0x899ba90d, L:/127.0.0.1:50332 - R:localhost/127.0.0.1:8082] onStateChange(GET{uri=/getAttractionRewardPoints?attractionId=0cb277ea-3319-44a6-b968-7549a410f35d&userId=f3aee226-8034-4d7a-83e6-98ae1bbdcda6, connection=PooledConnection{channel=[id: 0x899ba90d, L:/127.0.0.1:50332 - R:localhost/127.0.0.1:8082]}}, [request_sent])
20:40:47.625 [reactor-http-nio-16] DEBUG reactor.netty.resources.PooledConnectionProvider - [id: 0x2be3660e, L:/127.0.0.1:50282 - R:localhost/127.0.0.1:8081] Channel acquired, now 2 active connections and 62 inactive connections
20:40:47.625 [reactor-http-nio-16] DEBUG reactor.netty.http.client.HttpClientConnect - [id: 0x2be3660e, L:/127.0.0.1:50282 - R:localhost/127.0.0.1:8081] Handler is being applied: {uri=http://localhost:8081/getAttractions, method=GET}
20:40:47.626 [reactor-http-nio-16] DEBUG reactor.netty.resources.PooledConnectionProvider - [id: 0x2be3660e, L:/127.0.0.1:50282 - R:localhost/127.0.0.1:8081] onStateChange(GET{uri=/getAttractions, connection=PooledConnection{channel=[id: 0x2be3660e, L:/127.0.0.1:50282 - R:localhost/127.0.0.1:8081]}}, [request_sent])
20:40:47.639 [reactor-http-nio-16] DEBUG reactor.netty.http.client.HttpClientOperations - [id: 0x2be3660e, L:/127.0.0.1:50282 - R:localhost/127.0.0.1:8081] Received response (auto-read:false) : [Content-Type=application/json, Transfer-Encoding=chunked, Date=Fri, 11 Jun 2021 15:10:46 GMT]
20:40:47.639 [reactor-http-nio-16] DEBUG reactor.netty.resources.PooledConnectionProvider - [id: 0x2be3660e, L:/127.0.0.1:50282 - R:localhost/127.0.0.1:8081] onStateChange(GET{uri=/getAttractions, connection=PooledConnection{channel=[id: 0x2be3660e, L:/127.0.0.1:50282 - R:localhost/127.0.0.1:8081]}}, [response_received])
20:40:47.639 [reactor-http-nio-16] DEBUG org.springframework.web.reactive.function.client.ExchangeFunctions - [6667d587] Response 200 OK
20:40:47.639 [reactor-http-nio-16] DEBUG reactor.netty.channel.FluxReceive - [id: 0x2be3660e, L:/127.0.0.1:50282 - R:localhost/127.0.0.1:8081] Subscribing inbound receiver [pending: 0, cancelled:false, inboundDone: false]
20:40:47.639 [reactor-http-nio-16] DEBUG reactor.netty.http.client.HttpClientOperations - [id: 0x2be3660e, L:/127.0.0.1:50282 - R:localhost/127.0.0.1:8081] Received last HTTP packet
20:40:47.640 [reactor-http-nio-16] DEBUG org.springframework.core.codec.StringDecoder - [6667d587] Decoded "[{"longitude":-117.922008,"latitude":33.817595,"attractionName":"Disneyland","city":"Anaheim","stat (truncated)...
20:40:47.640 [reactor-http-nio-16] DEBUG reactor.netty.resources.PooledConnectionProvider - [id: 0x2be3660e, L:/127.0.0.1:50282 - R:localhost/127.0.0.1:8081] onStateChange(GET{uri=/getAttractions, connection=PooledConnection{channel=[id: 0x2be3660e, L:/127.0.0.1:50282 - R:localhost/127.0.0.1:8081]}}, [disconnecting])
20:40:47.640 [reactor-http-nio-16] DEBUG reactor.netty.resources.PooledConnectionProvider - [id: 0x2be3660e, L:/127.0.0.1:50282 - R:localhost/127.0.0.1:8081] Releasing channel
20:40:47.640 [reactor-http-nio-16] DEBUG reactor.netty.resources.PooledConnectionProvider - [id: 0x2be3660e, L:/127.0.0.1:50282 - R:localhost/127.0.0.1:8081] Channel cleaned, now 1 active connections and 63 inactive connections
20:40:47.640 [pool-14-thread-3] DEBUG org.springframework.web.reactive.function.client.ExchangeFunctions - [57f30447] HTTP GET http://localhost:8082/getAttractionRewardPoints?attractionId=2632aaea-0e49-4c21-8e4d-db5614de38f7&userId=0c47519c-28a1-4020-9472-efbef7cc7d68
20:40:47.641 [reactor-http-nio-11] DEBUG reactor.netty.resources.PooledConnectionProvider - [id: 0xbfea545a, L:/127.0.0.1:50351 - R:localhost/127.0.0.1:8082] Channel acquired, now 64 active connections and 1 inactive connections
20:40:47.641 [reactor-http-nio-11] DEBUG reactor.netty.http.client.HttpClientConnect - [id: 0xbfea545a, L:/127.0.0.1:50351 - R:localhost/127.0.0.1:8082] Handler is being applied: {uri=http://localhost:8082/getAttractionRewardPoints?attractionId=2632aaea-0e49-4c21-8e4d-db5614de38f7&userId=0c47519c-28a1-4020-9472-efbef7cc7d68, method=GET}
20:40:47.641 [reactor-http-nio-11] DEBUG reactor.netty.resources.PooledConnectionProvider - [id: 0xbfea545a, L:/127.0.0.1:50351 - R:localhost/127.0.0.1:8082] onStateChange(GET{uri=/getAttractionRewardPoints?attractionId=2632aaea-0e49-4c21-8e4d-db5614de38f7&userId=0c47519c-28a1-4020-9472-efbef7cc7d68, connection=PooledConnection{channel=[id: 0xbfea545a, L:/127.0.0.1:50351 - R:localhost/127.0.0.1:8082]}}, [request_sent])
20:40:47.643 [reactor-http-nio-11] DEBUG reactor.netty.http.client.HttpClientOperations - [id: 0xbfea545a, L:/127.0.0.1:50351 - R:localhost/127.0.0.1:8082] Received response (auto-read:false) : [Content-Type=application/json, Transfer-Encoding=chunked, Date=Fri, 11 Jun 2021 15:10:46 GMT]
20:40:47.643 [reactor-http-nio-11] DEBUG reactor.netty.resources.PooledConnectionProvider - [id: 0xbfea545a, L:/127.0.0.1:50351 - R:localhost/127.0.0.1:8082] onStateChange(GET{uri=/getAttractionRewardPoints?attractionId=2632aaea-0e49-4c21-8e4d-db5614de38f7&userId=0c47519c-28a1-4020-9472-efbef7cc7d68, connection=PooledConnection{channel=[id: 0xbfea545a, L:/127.0.0.1:50351 - R:localhost/127.0.0.1:8082]}}, [response_received])
20:40:47.643 [reactor-http-nio-11] DEBUG org.springframework.web.reactive.function.client.ExchangeFunctions - [57f30447] Response 200 OK
20:40:47.644 [reactor-http-nio-11] DEBUG reactor.netty.channel.FluxReceive - [id: 0xbfea545a, L:/127.0.0.1:50351 - R:localhost/127.0.0.1:8082] Subscribing inbound receiver [pending: 0, cancelled:false, inboundDone: false]
20:40:47.644 [reactor-http-nio-11] DEBUG reactor.netty.http.client.HttpClientOperations - [id: 0xbfea545a, L:/127.0.0.1:50351 - R:localhost/127.0.0.1:8082] Received last HTTP packet
20:40:47.644 [reactor-http-nio-11] DEBUG org.springframework.core.codec.StringDecoder - [57f30447] Decoded "970"
20:40:47.644 [reactor-http-nio-11] DEBUG reactor.netty.resources.PooledConnectionProvider - [id: 0xbfea545a, L:/127.0.0.1:50351 - R:localhost/127.0.0.1:8082] onStateChange(GET{uri=/getAttractionRewardPoints?attractionId=2632aaea-0e49-4c21-8e4d-db5614de38f7&userId=0c47519c-28a1-4020-9472-efbef7cc7d68, connection=PooledConnection{channel=[id: 0xbfea545a, L:/127.0.0.1:50351 - R:localhost/127.0.0.1:8082]}}, [disconnecting])
20:40:47.644 [reactor-http-nio-11] DEBUG reactor.netty.resources.PooledConnectionProvider - [id: 0xbfea545a, L:/127.0.0.1:50351 - R:localhost/127.0.0.1:8082] Releasing channel
20:40:47.644 [reactor-http-nio-11] DEBUG reactor.netty.resources.PooledConnectionProvider - [id: 0xbfea545a, L:/127.0.0.1:50351 - R:localhost/127.0.0.1:8082] Channel cleaned, now 63 active connections and 2 inactive connections
20:40:47.644 [pool-14-thread-3] DEBUG org.springframework.web.reactive.function.client.ExchangeFunctions - [1e214db1] HTTP GET http://localhost:8081/getAttractions
20:40:47.645 [reactor-http-nio-13] DEBUG reactor.netty.resources.PooledConnectionProvider - [id: 0x86f0206d, L:/127.0.0.1:50296 - R:localhost/127.0.0.1:8081] Channel acquired, now 2 active connections and 62 inactive connections
20:40:47.645 [reactor-http-nio-13] DEBUG reactor.netty.http.client.HttpClientConnect - [id: 0x86f0206d, L:/127.0.0.1:50296 - R:localhost/127.0.0.1:8081] Handler is being applied: {uri=http://localhost:8081/getAttractions, method=GET}
20:40:47.645 [reactor-http-nio-13] DEBUG reactor.netty.resources.PooledConnectionProvider - [id: 0x86f0206d, L:/127.0.0.1:50296 - R:localhost/127.0.0.1:8081] onStateChange(GET{uri=/getAttractions, connection=PooledConnection{channel=[id: 0x86f0206d, L:/127.0.0.1:50296 - R:localhost/127.0.0.1:8081]}}, [request_sent])
20:40:47.651 [reactor-http-nio-10] DEBUG reactor.netty.http.client.HttpClientOperations - [id: 0xfbc1126e, L:/127.0.0.1:50330 - R:localhost/127.0.0.1:8082] Received response (auto-read:false) : [Content-Type=application/json, Transfer-Encoding=chunked, Date=Fri, 11 Jun 2021 15:10:46 GMT]
20:40:47.652 [reactor-http-nio-10] DEBUG reactor.netty.resources.PooledConnectionProvider - [id: 0xfbc1126e, L:/127.0.0.1:50330 - R:localhost/127.0.0.1:8082] onStateChange(GET{uri=/getAttractionRewardPoints?attractionId=47f2f0db-9b39-4a88-aa4f-6685b6171e73&userId=dc86a3d4-10eb-4adc-ad5a-c22c7670b3fb, connection=PooledConnection{channel=[id: 0xfbc1126e, L:/127.0.0.1:50330 - R:localhost/127.0.0.1:8082]}}, [response_received])
20:40:47.652 [reactor-http-nio-10] DEBUG org.springframework.web.reactive.function.client.ExchangeFunctions - [72e507bf] Response 200 OK
20:40:47.652 [reactor-http-nio-10] DEBUG reactor.netty.channel.FluxReceive - [id: 0xfbc1126e, L:/127.0.0.1:50330 - R:localhost/127.0.0.1:8082] Subscribing inbound receiver [pending: 0, cancelled:false, inboundDone: false]
20:40:47.652 [reactor-http-nio-10] DEBUG reactor.netty.http.client.HttpClientOperations - [id: 0xfbc1126e, L:/127.0.0.1:50330 - R:localhost/127.0.0.1:8082] Received last HTTP packet
20:40:47.652 [reactor-http-nio-10] DEBUG org.springframework.core.codec.StringDecoder - [72e507bf] Decoded "9"
20:40:47.652 [reactor-http-nio-10] DEBUG reactor.netty.resources.PooledConnectionProvider - [id: 0xfbc1126e, L:/127.0.0.1:50330 - R:localhost/127.0.0.1:8082] onStateChange(GET{uri=/getAttractionRewardPoints?attractionId=47f2f0db-9b39-4a88-aa4f-6685b6171e73&userId=dc86a3d4-10eb-4adc-ad5a-c22c7670b3fb, connection=PooledConnection{channel=[id: 0xfbc1126e, L:/127.0.0.1:50330 - R:localhost/127.0.0.1:8082]}}, [disconnecting])
20:40:47.652 [reactor-http-nio-10] DEBUG reactor.netty.resources.PooledConnectionProvider - [id: 0xfbc1126e, L:/127.0.0.1:50330 - R:localhost/127.0.0.1:8082] Releasing channel
20:40:47.652 [reactor-http-nio-10] DEBUG reactor.netty.resources.PooledConnectionProvider - [id: 0xfbc1126e, L:/127.0.0.1:50330 - R:localhost/127.0.0.1:8082] Channel cleaned, now 62 active connections and 3 inactive connections
20:40:47.652 [pool-14-thread-32] DEBUG org.springframework.web.reactive.function.client.ExchangeFunctions - [76da9d3b] HTTP GET http://localhost:8081/getAttractions
20:40:47.653 [reactor-http-nio-15] DEBUG reactor.netty.resources.PooledConnectionProvider - [id: 0x70de3664, L:/127.0.0.1:50262 - R:localhost/127.0.0.1:8081] Channel acquired, now 3 active connections and 61 inactive connections
20:40:47.653 [reactor-http-nio-15] DEBUG reactor.netty.http.client.HttpClientConnect - [id: 0x70de3664, L:/127.0.0.1:50262 - R:localhost/127.0.0.1:8081] Handler is being applied: {uri=http://localhost:8081/getAttractions, method=GET}
20:40:47.653 [reactor-http-nio-15] DEBUG reactor.netty.resources.PooledConnectionProvider - [id: 0x70de3664, L:/127.0.0.1:50262 - R:localhost/127.0.0.1:8081] onStateChange(GET{uri=/getAttractions, connection=PooledConnection{channel=[id: 0x70de3664, L:/127.0.0.1:50262 - R:localhost/127.0.0.1:8081]}}, [request_sent])
20:40:47.658 [reactor-http-nio-13] DEBUG reactor.netty.http.client.HttpClientOperations - [id: 0x86f0206d, L:/127.0.0.1:50296 - R:localhost/127.0.0.1:8081] Received response (auto-read:false) : [Content-Type=application/json, Transfer-Encoding=chunked, Date=Fri, 11 Jun 2021 15:10:46 GMT]
20:40:47.658 [reactor-http-nio-13] DEBUG reactor.netty.resources.PooledConnectionProvider - [id: 0x86f0206d, L:/127.0.0.1:50296 - R:localhost/127.0.0.1:8081] onStateChange(GET{uri=/getAttractions, connection=PooledConnection{channel=[id: 0x86f0206d, L:/127.0.0.1:50296 - R:localhost/127.0.0.1:8081]}}, [response_received])
20:40:47.658 [reactor-http-nio-13] DEBUG org.springframework.web.reactive.function.client.ExchangeFunctions - [1e214db1] Response 200 OK
20:40:47.658 [reactor-http-nio-13] DEBUG reactor.netty.channel.FluxReceive - [id: 0x86f0206d, L:/127.0.0.1:50296 - R:localhost/127.0.0.1:8081] Subscribing inbound receiver [pending: 0, cancelled:false, inboundDone: false]
20:40:47.658 [reactor-http-nio-13] DEBUG reactor.netty.http.client.HttpClientOperations - [id: 0x86f0206d, L:/127.0.0.1:50296 - R:localhost/127.0.0.1:8081] Received last HTTP packet
20:40:47.658 [reactor-http-nio-13] DEBUG org.springframework.core.codec.StringDecoder - [1e214db1] Decoded "[{"longitude":-117.922008,"latitude":33.817595,"attractionName":"Disneyland","city":"Anaheim","stat (truncated)...
20:40:47.659 [reactor-http-nio-13] DEBUG reactor.netty.resources.PooledConnectionProvider - [id: 0x86f0206d, L:/127.0.0.1:50296 - R:localhost/127.0.0.1:8081] onStateChange(GET{uri=/getAttractions, connection=PooledConnection{channel=[id: 0x86f0206d, L:/127.0.0.1:50296 - R:localhost/127.0.0.1:8081]}}, [disconnecting])
20:40:47.659 [reactor-http-nio-13] DEBUG reactor.netty.resources.PooledConnectionProvider - [id: 0x86f0206d, L:/127.0.0.1:50296 - R:localhost/127.0.0.1:8081] Releasing channel
20:40:47.659 [reactor-http-nio-13] DEBUG reactor.netty.resources.PooledConnectionProvider - [id: 0x86f0206d, L:/127.0.0.1:50296 - R:localhost/127.0.0.1:8081] Channel cleaned, now 2 active connections and 62 inactive connections
20:40:47.659 [pool-14-thread-3] DEBUG org.springframework.web.reactive.function.client.ExchangeFunctions - [6703d90] HTTP GET http://localhost:8082/getAttractionRewardPoints?attractionId=3f588623-7484-42cc-8bd2-3cf5d82e1caf&userId=6a8ca47b-e1e4-4ef8-a5da-17548ccb22e5
20:40:47.660 [reactor-http-nio-12] DEBUG reactor.netty.resources.PooledConnectionProvider - [id: 0xe5e5d890, L:/127.0.0.1:50313 - R:localhost/127.0.0.1:8082] Channel acquired, now 63 active connections and 2 inactive connections
20:40:47.660 [reactor-http-nio-12] DEBUG reactor.netty.http.client.HttpClientConnect - [id: 0xe5e5d890, L:/127.0.0.1:50313 - R:localhost/127.0.0.1:8082] Handler is being applied: {uri=http://localhost:8082/getAttractionRewardPoints?attractionId=3f588623-7484-42cc-8bd2-3cf5d82e1caf&userId=6a8ca47b-e1e4-4ef8-a5da-17548ccb22e5, method=GET}
20:40:47.660 [reactor-http-nio-12] DEBUG reactor.netty.resources.PooledConnectionProvider - [id: 0xe5e5d890, L:/127.0.0.1:50313 - R:localhost/127.0.0.1:8082] onStateChange(GET{uri=/getAttractionRewardPoints?attractionId=3f588623-7484-42cc-8bd2-3cf5d82e1caf&userId=6a8ca47b-e1e4-4ef8-a5da-17548ccb22e5, connection=PooledConnection{channel=[id: 0xe5e5d890, L:/127.0.0.1:50313 - R:localhost/127.0.0.1:8082]}}, [request_sent])
20:40:47.666 [reactor-http-nio-15] DEBUG reactor.netty.http.client.HttpClientOperations - [id: 0x70de3664, L:/127.0.0.1:50262 - R:localhost/127.0.0.1:8081] Received response (auto-read:false) : [Content-Type=application/json, Transfer-Encoding=chunked, Date=Fri, 11 Jun 2021 15:10:46 GMT]
20:40:47.666 [reactor-http-nio-15] DEBUG reactor.netty.resources.PooledConnectionProvider - [id: 0x70de3664, L:/127.0.0.1:50262 - R:localhost/127.0.0.1:8081] onStateChange(GET{uri=/getAttractions, connection=PooledConnection{channel=[id: 0x70de3664, L:/127.0.0.1:50262 - R:localhost/127.0.0.1:8081]}}, [response_received])
20:40:47.666 [reactor-http-nio-15] DEBUG org.springframework.web.reactive.function.client.ExchangeFunctions - [76da9d3b] Response 200 OK
20:40:47.666 [reactor-http-nio-15] DEBUG reactor.netty.channel.FluxReceive - [id: 0x70de3664, L:/127.0.0.1:50262 - R:localhost/127.0.0.1:8081] Subscribing inbound receiver [pending: 0, cancelled:false, inboundDone: false]
20:40:47.666 [reactor-http-nio-15] DEBUG reactor.netty.http.client.HttpClientOperations - [id: 0x70de3664, L:/127.0.0.1:50262 - R:localhost/127.0.0.1:8081] Received last HTTP packet
20:40:47.667 [reactor-http-nio-15] DEBUG org.springframework.core.codec.StringDecoder - [76da9d3b] Decoded "[{"longitude":-117.922008,"latitude":33.817595,"attractionName":"Disneyland","city":"Anaheim","stat (truncated)...
20:40:47.667 [reactor-http-nio-15] DEBUG reactor.netty.resources.PooledConnectionProvider - [id: 0x70de3664, L:/127.0.0.1:50262 - R:localhost/127.0.0.1:8081] onStateChange(GET{uri=/getAttractions, connection=PooledConnection{channel=[id: 0x70de3664, L:/127.0.0.1:50262 - R:localhost/127.0.0.1:8081]}}, [disconnecting])
20:40:47.667 [reactor-http-nio-15] DEBUG reactor.netty.resources.PooledConnectionProvider - [id: 0x70de3664, L:/127.0.0.1:50262 - R:localhost/127.0.0.1:8081] Releasing channel
20:40:47.667 [reactor-http-nio-15] DEBUG reactor.netty.resources.PooledConnectionProvider - [id: 0x70de3664, L:/127.0.0.1:50262 - R:localhost/127.0.0.1:8081] Channel cleaned, now 1 active connections and 63 inactive connections
20:40:47.667 [pool-14-thread-32] DEBUG org.springframework.web.reactive.function.client.ExchangeFunctions - [33d80d84] HTTP GET http://localhost:8082/getAttractionRewardPoints?attractionId=3d6676b2-d41c-4e95-b49d-1c3fa7bace80&userId=8428b8dc-69db-46af-bad7-9753c5bac092
20:40:47.668 [reactor-http-nio-11] DEBUG reactor.netty.resources.PooledConnectionProvider - [id: 0xbfea545a, L:/127.0.0.1:50351 - R:localhost/127.0.0.1:8082] Channel acquired, now 64 active connections and 1 inactive connections
20:40:47.668 [reactor-http-nio-11] DEBUG reactor.netty.http.client.HttpClientConnect - [id: 0xbfea545a, L:/127.0.0.1:50351 - R:localhost/127.0.0.1:8082] Handler is being applied: {uri=http://localhost:8082/getAttractionRewardPoints?attractionId=3d6676b2-d41c-4e95-b49d-1c3fa7bace80&userId=8428b8dc-69db-46af-bad7-9753c5bac092, method=GET}
20:40:47.668 [reactor-http-nio-11] DEBUG reactor.netty.resources.PooledConnectionProvider - [id: 0xbfea545a, L:/127.0.0.1:50351 - R:localhost/127.0.0.1:8082] onStateChange(GET{uri=/getAttractionRewardPoints?attractionId=3d6676b2-d41c-4e95-b49d-1c3fa7bace80&userId=8428b8dc-69db-46af-bad7-9753c5bac092, connection=PooledConnection{channel=[id: 0xbfea545a, L:/127.0.0.1:50351 - R:localhost/127.0.0.1:8082]}}, [request_sent])
20:40:47.686 [reactor-http-nio-2] DEBUG reactor.netty.http.client.HttpClientOperations - [id: 0xd63fc309, L:/127.0.0.1:50336 - R:localhost/127.0.0.1:8082] Received response (auto-read:false) : [Content-Type=application/json, Transfer-Encoding=chunked, Date=Fri, 11 Jun 2021 15:10:46 GMT]
20:40:47.686 [reactor-http-nio-13] DEBUG reactor.netty.http.client.HttpClientOperations - [id: 0x7744abeb, L:/127.0.0.1:50286 - R:localhost/127.0.0.1:8081] Received response (auto-read:false) : [Content-Type=application/json, Transfer-Encoding=chunked, Date=Fri, 11 Jun 2021 15:10:46 GMT]
20:40:47.686 [reactor-http-nio-2] DEBUG reactor.netty.resources.PooledConnectionProvider - [id: 0xd63fc309, L:/127.0.0.1:50336 - R:localhost/127.0.0.1:8082] onStateChange(GET{uri=/getAttractionRewardPoints?attractionId=382938d7-2c2e-456a-a4c2-37b0a83adfd9&userId=a051adc8-05d1-4063-8fb5-a6c541f5ca80, connection=PooledConnection{channel=[id: 0xd63fc309, L:/127.0.0.1:50336 - R:localhost/127.0.0.1:8082]}}, [response_received])
20:40:47.686 [reactor-http-nio-13] DEBUG reactor.netty.resources.PooledConnectionProvider - [id: 0x7744abeb, L:/127.0.0.1:50286 - R:localhost/127.0.0.1:8081] onStateChange(GET{uri=/getUserLocation?userId=f85b3121-c728-45cd-8299-1d8e7cb2fdec, connection=PooledConnection{channel=[id: 0x7744abeb, L:/127.0.0.1:50286 - R:localhost/127.0.0.1:8081]}}, [response_received])
20:40:47.686 [reactor-http-nio-13] DEBUG org.springframework.web.reactive.function.client.ExchangeFunctions - [276b0e86] Response 200 OK
20:40:47.686 [reactor-http-nio-2] DEBUG org.springframework.web.reactive.function.client.ExchangeFunctions - [c2a9b7f] Response 200 OK
20:40:47.686 [reactor-http-nio-2] DEBUG reactor.netty.channel.FluxReceive - [id: 0xd63fc309, L:/127.0.0.1:50336 - R:localhost/127.0.0.1:8082] Subscribing inbound receiver [pending: 0, cancelled:false, inboundDone: false]
20:40:47.686 [reactor-http-nio-13] DEBUG reactor.netty.channel.FluxReceive - [id: 0x7744abeb, L:/127.0.0.1:50286 - R:localhost/127.0.0.1:8081] Subscribing inbound receiver [pending: 0, cancelled:false, inboundDone: false]
20:40:47.686 [reactor-http-nio-2] DEBUG reactor.netty.http.client.HttpClientOperations - [id: 0xd63fc309, L:/127.0.0.1:50336 - R:localhost/127.0.0.1:8082] Received last HTTP packet
20:40:47.686 [reactor-http-nio-13] DEBUG reactor.netty.http.client.HttpClientOperations - [id: 0x7744abeb, L:/127.0.0.1:50286 - R:localhost/127.0.0.1:8081] Received last HTTP packet
20:40:47.687 [reactor-http-nio-13] DEBUG org.springframework.core.codec.StringDecoder - [276b0e86] Decoded "{"userId":"f85b3121-c728-45cd-8299-1d8e7cb2fdec","location":{"longitude":-167.371681,"latitude":-48 (truncated)...
20:40:47.687 [reactor-http-nio-2] DEBUG org.springframework.core.codec.StringDecoder - [c2a9b7f] Decoded "513"
20:40:47.687 [reactor-http-nio-13] DEBUG reactor.netty.resources.PooledConnectionProvider - [id: 0x7744abeb, L:/127.0.0.1:50286 - R:localhost/127.0.0.1:8081] onStateChange(GET{uri=/getUserLocation?userId=f85b3121-c728-45cd-8299-1d8e7cb2fdec, connection=PooledConnection{channel=[id: 0x7744abeb, L:/127.0.0.1:50286 - R:localhost/127.0.0.1:8081]}}, [disconnecting])
20:40:47.687 [reactor-http-nio-2] DEBUG reactor.netty.resources.PooledConnectionProvider - [id: 0xd63fc309, L:/127.0.0.1:50336 - R:localhost/127.0.0.1:8082] onStateChange(GET{uri=/getAttractionRewardPoints?attractionId=382938d7-2c2e-456a-a4c2-37b0a83adfd9&userId=a051adc8-05d1-4063-8fb5-a6c541f5ca80, connection=PooledConnection{channel=[id: 0xd63fc309, L:/127.0.0.1:50336 - R:localhost/127.0.0.1:8082]}}, [disconnecting])
20:40:47.687 [reactor-http-nio-13] DEBUG reactor.netty.resources.PooledConnectionProvider - [id: 0x7744abeb, L:/127.0.0.1:50286 - R:localhost/127.0.0.1:8081] Releasing channel
20:40:47.687 [reactor-http-nio-2] DEBUG reactor.netty.resources.PooledConnectionProvider - [id: 0xd63fc309, L:/127.0.0.1:50336 - R:localhost/127.0.0.1:8082] Releasing channel
20:40:47.687 [reactor-http-nio-13] DEBUG reactor.netty.resources.PooledConnectionProvider - [id: 0x7744abeb, L:/127.0.0.1:50286 - R:localhost/127.0.0.1:8081] Channel cleaned, now 0 active connections and 64 inactive connections
20:40:47.687 [reactor-http-nio-2] DEBUG reactor.netty.resources.PooledConnectionProvider - [id: 0xd63fc309, L:/127.0.0.1:50336 - R:localhost/127.0.0.1:8082] Channel cleaned, now 63 active connections and 2 inactive connections
20:40:47.687 [pool-14-thread-13] DEBUG org.springframework.web.reactive.function.client.ExchangeFunctions - [8150e22] HTTP GET http://localhost:8081/getAttractions
20:40:47.687 [reactor-http-nio-16] DEBUG reactor.netty.resources.PooledConnectionProvider - [id: 0xa01a053c, L:/127.0.0.1:50244 - R:localhost/127.0.0.1:8081] Channel acquired, now 1 active connections and 63 inactive connections
20:40:47.687 [reactor-http-nio-16] DEBUG reactor.netty.http.client.HttpClientConnect - [id: 0xa01a053c, L:/127.0.0.1:50244 - R:localhost/127.0.0.1:8081] Handler is being applied: {uri=http://localhost:8081/getAttractions, method=GET}
20:40:47.688 [pool-13-thread-1] DEBUG org.springframework.web.reactive.function.client.ExchangeFunctions - [5a44d48f] HTTP GET http://localhost:8081/getAttractions
20:40:47.688 [reactor-http-nio-16] DEBUG reactor.netty.resources.PooledConnectionProvider - [id: 0xa01a053c, L:/127.0.0.1:50244 - R:localhost/127.0.0.1:8081] onStateChange(GET{uri=/getAttractions, connection=PooledConnection{channel=[id: 0xa01a053c, L:/127.0.0.1:50244 - R:localhost/127.0.0.1:8081]}}, [request_sent])
20:40:47.688 [reactor-http-nio-2] DEBUG reactor.netty.resources.PooledConnectionProvider - [id: 0x3355f769, L:/127.0.0.1:50264 - R:localhost/127.0.0.1:8081] Channel acquired, now 2 active connections and 62 inactive connections
20:40:47.688 [reactor-http-nio-2] DEBUG reactor.netty.http.client.HttpClientConnect - [id: 0x3355f769, L:/127.0.0.1:50264 - R:localhost/127.0.0.1:8081] Handler is being applied: {uri=http://localhost:8081/getAttractions, method=GET}
20:40:47.689 [reactor-http-nio-2] DEBUG reactor.netty.resources.PooledConnectionProvider - [id: 0x3355f769, L:/127.0.0.1:50264 - R:localhost/127.0.0.1:8081] onStateChange(GET{uri=/getAttractions, connection=PooledConnection{channel=[id: 0x3355f769, L:/127.0.0.1:50264 - R:localhost/127.0.0.1:8081]}}, [request_sent])
20:40:47.699 [reactor-http-nio-16] DEBUG reactor.netty.http.client.HttpClientOperations - [id: 0xa01a053c, L:/127.0.0.1:50244 - R:localhost/127.0.0.1:8081] Received response (auto-read:false) : [Content-Type=application/json, Transfer-Encoding=chunked, Date=Fri, 11 Jun 2021 15:10:46 GMT]
20:40:47.699 [reactor-http-nio-16] DEBUG reactor.netty.resources.PooledConnectionProvider - [id: 0xa01a053c, L:/127.0.0.1:50244 - R:localhost/127.0.0.1:8081] onStateChange(GET{uri=/getAttractions, connection=PooledConnection{channel=[id: 0xa01a053c, L:/127.0.0.1:50244 - R:localhost/127.0.0.1:8081]}}, [response_received])
20:40:47.699 [reactor-http-nio-16] DEBUG org.springframework.web.reactive.function.client.ExchangeFunctions - [8150e22] Response 200 OK
20:40:47.700 [reactor-http-nio-16] DEBUG reactor.netty.channel.FluxReceive - [id: 0xa01a053c, L:/127.0.0.1:50244 - R:localhost/127.0.0.1:8081] Subscribing inbound receiver [pending: 0, cancelled:false, inboundDone: false]
20:40:47.700 [reactor-http-nio-2] DEBUG reactor.netty.http.client.HttpClientOperations - [id: 0x3355f769, L:/127.0.0.1:50264 - R:localhost/127.0.0.1:8081] Received response (auto-read:false) : [Content-Type=application/json, Transfer-Encoding=chunked, Date=Fri, 11 Jun 2021 15:10:46 GMT]
20:40:47.700 [reactor-http-nio-2] DEBUG reactor.netty.resources.PooledConnectionProvider - [id: 0x3355f769, L:/127.0.0.1:50264 - R:localhost/127.0.0.1:8081] onStateChange(GET{uri=/getAttractions, connection=PooledConnection{channel=[id: 0x3355f769, L:/127.0.0.1:50264 - R:localhost/127.0.0.1:8081]}}, [response_received])
20:40:47.700 [reactor-http-nio-16] DEBUG reactor.netty.http.client.HttpClientOperations - [id: 0xa01a053c, L:/127.0.0.1:50244 - R:localhost/127.0.0.1:8081] Received last HTTP packet
20:40:47.700 [reactor-http-nio-2] DEBUG org.springframework.web.reactive.function.client.ExchangeFunctions - [5a44d48f] Response 200 OK
20:40:47.700 [reactor-http-nio-16] DEBUG org.springframework.core.codec.StringDecoder - [8150e22] Decoded "[{"longitude":-117.922008,"latitude":33.817595,"attractionName":"Disneyland","city":"Anaheim","stat (truncated)...
20:40:47.700 [reactor-http-nio-16] DEBUG reactor.netty.resources.PooledConnectionProvider - [id: 0xa01a053c, L:/127.0.0.1:50244 - R:localhost/127.0.0.1:8081] onStateChange(GET{uri=/getAttractions, connection=PooledConnection{channel=[id: 0xa01a053c, L:/127.0.0.1:50244 - R:localhost/127.0.0.1:8081]}}, [disconnecting])
20:40:47.700 [reactor-http-nio-16] DEBUG reactor.netty.resources.PooledConnectionProvider - [id: 0xa01a053c, L:/127.0.0.1:50244 - R:localhost/127.0.0.1:8081] Releasing channel
20:40:47.700 [reactor-http-nio-2] DEBUG reactor.netty.channel.FluxReceive - [id: 0x3355f769, L:/127.0.0.1:50264 - R:localhost/127.0.0.1:8081] Subscribing inbound receiver [pending: 0, cancelled:false, inboundDone: false]
20:40:47.700 [reactor-http-nio-16] DEBUG reactor.netty.resources.PooledConnectionProvider - [id: 0xa01a053c, L:/127.0.0.1:50244 - R:localhost/127.0.0.1:8081] Channel cleaned, now 1 active connections and 63 inactive connections
20:40:47.700 [reactor-http-nio-2] DEBUG reactor.netty.http.client.HttpClientOperations - [id: 0x3355f769, L:/127.0.0.1:50264 - R:localhost/127.0.0.1:8081] Received last HTTP packet
20:40:47.700 [reactor-http-nio-2] DEBUG org.springframework.core.codec.StringDecoder - [5a44d48f] Decoded "[{"longitude":-117.922008,"latitude":33.817595,"attractionName":"Disneyland","city":"Anaheim","stat (truncated)...
20:40:47.700 [reactor-http-nio-2] DEBUG reactor.netty.resources.PooledConnectionProvider - [id: 0x3355f769, L:/127.0.0.1:50264 - R:localhost/127.0.0.1:8081] onStateChange(GET{uri=/getAttractions, connection=PooledConnection{channel=[id: 0x3355f769, L:/127.0.0.1:50264 - R:localhost/127.0.0.1:8081]}}, [disconnecting])
20:40:47.700 [reactor-http-nio-2] DEBUG reactor.netty.resources.PooledConnectionProvider - [id: 0x3355f769, L:/127.0.0.1:50264 - R:localhost/127.0.0.1:8081] Releasing channel
20:40:47.700 [reactor-http-nio-2] DEBUG reactor.netty.resources.PooledConnectionProvider - [id: 0x3355f769, L:/127.0.0.1:50264 - R:localhost/127.0.0.1:8081] Channel cleaned, now 0 active connections and 64 inactive connections
20:40:47.701 [pool-14-thread-13] DEBUG org.springframework.web.reactive.function.client.ExchangeFunctions - [4d179144] HTTP GET http://localhost:8082/getAttractionRewardPoints?attractionId=54643a9b-6cd5-4b7d-b6b1-668098162ea1&userId=90f47189-af85-4367-950b-e1298117f2be
20:40:47.701 [pool-13-thread-1] DEBUG org.springframework.web.reactive.function.client.ExchangeFunctions - [7618a7b5] HTTP GET http://localhost:8081/getUserLocation?userId=6283ecde-2456-462f-9d79-9c6f0e75ef38
20:40:47.701 [reactor-http-nio-10] DEBUG reactor.netty.resources.PooledConnectionProvider - [id: 0xfbc1126e, L:/127.0.0.1:50330 - R:localhost/127.0.0.1:8082] Channel acquired, now 64 active connections and 1 inactive connections
20:40:47.701 [reactor-http-nio-11] DEBUG reactor.netty.resources.PooledConnectionProvider - [id: 0x1785ce4e, L:/127.0.0.1:50271 - R:localhost/127.0.0.1:8081] Channel acquired, now 1 active connections and 63 inactive connections
20:40:47.701 [reactor-http-nio-10] DEBUG reactor.netty.http.client.HttpClientConnect - [id: 0xfbc1126e, L:/127.0.0.1:50330 - R:localhost/127.0.0.1:8082] Handler is being applied: {uri=http://localhost:8082/getAttractionRewardPoints?attractionId=54643a9b-6cd5-4b7d-b6b1-668098162ea1&userId=90f47189-af85-4367-950b-e1298117f2be, method=GET}
20:40:47.701 [reactor-http-nio-11] DEBUG reactor.netty.http.client.HttpClientConnect - [id: 0x1785ce4e, L:/127.0.0.1:50271 - R:localhost/127.0.0.1:8081] Handler is being applied: {uri=http://localhost:8081/getUserLocation?userId=6283ecde-2456-462f-9d79-9c6f0e75ef38, method=GET}
20:40:47.702 [reactor-http-nio-10] DEBUG reactor.netty.resources.PooledConnectionProvider - [id: 0xfbc1126e, L:/127.0.0.1:50330 - R:localhost/127.0.0.1:8082] onStateChange(GET{uri=/getAttractionRewardPoints?attractionId=54643a9b-6cd5-4b7d-b6b1-668098162ea1&userId=90f47189-af85-4367-950b-e1298117f2be, connection=PooledConnection{channel=[id: 0xfbc1126e, L:/127.0.0.1:50330 - R:localhost/127.0.0.1:8082]}}, [request_sent])
20:40:47.702 [reactor-http-nio-11] DEBUG reactor.netty.resources.PooledConnectionProvider - [id: 0x1785ce4e, L:/127.0.0.1:50271 - R:localhost/127.0.0.1:8081] onStateChange(GET{uri=/getUserLocation?userId=6283ecde-2456-462f-9d79-9c6f0e75ef38, connection=PooledConnection{channel=[id: 0x1785ce4e, L:/127.0.0.1:50271 - R:localhost/127.0.0.1:8081]}}, [request_sent])
20:40:47.726 [reactor-http-nio-10] DEBUG reactor.netty.http.client.HttpClientOperations - [id: 0xc540dcda, L:/127.0.0.1:50371 - R:localhost/127.0.0.1:8082] Received response (auto-read:false) : [Content-Type=application/json, Transfer-Encoding=chunked, Date=Fri, 11 Jun 2021 15:10:46 GMT]
20:40:47.726 [reactor-http-nio-10] DEBUG reactor.netty.resources.PooledConnectionProvider - [id: 0xc540dcda, L:/127.0.0.1:50371 - R:localhost/127.0.0.1:8082] onStateChange(GET{uri=/getAttractionRewardPoints?attractionId=73bbc3c0-af4b-4e41-9b66-7a589240963b&userId=afd8de44-406c-4b6f-8bdd-b810ef0af6a0, connection=PooledConnection{channel=[id: 0xc540dcda, L:/127.0.0.1:50371 - R:localhost/127.0.0.1:8082]}}, [response_received])
20:40:47.726 [reactor-http-nio-10] DEBUG org.springframework.web.reactive.function.client.ExchangeFunctions - [18e28a68] Response 200 OK
20:40:47.727 [reactor-http-nio-10] DEBUG reactor.netty.channel.FluxReceive - [id: 0xc540dcda, L:/127.0.0.1:50371 - R:localhost/127.0.0.1:8082] Subscribing inbound receiver [pending: 0, cancelled:false, inboundDone: false]
20:40:47.727 [reactor-http-nio-10] DEBUG reactor.netty.http.client.HttpClientOperations - [id: 0xc540dcda, L:/127.0.0.1:50371 - R:localhost/127.0.0.1:8082] Received last HTTP packet
20:40:47.727 [reactor-http-nio-10] DEBUG org.springframework.core.codec.StringDecoder - [18e28a68] Decoded "341"
20:40:47.727 [reactor-http-nio-10] DEBUG reactor.netty.resources.PooledConnectionProvider - [id: 0xc540dcda, L:/127.0.0.1:50371 - R:localhost/127.0.0.1:8082] onStateChange(GET{uri=/getAttractionRewardPoints?attractionId=73bbc3c0-af4b-4e41-9b66-7a589240963b&userId=afd8de44-406c-4b6f-8bdd-b810ef0af6a0, connection=PooledConnection{channel=[id: 0xc540dcda, L:/127.0.0.1:50371 - R:localhost/127.0.0.1:8082]}}, [disconnecting])
20:40:47.727 [reactor-http-nio-10] DEBUG reactor.netty.resources.PooledConnectionProvider - [id: 0xc540dcda, L:/127.0.0.1:50371 - R:localhost/127.0.0.1:8082] Releasing channel
20:40:47.727 [reactor-http-nio-10] DEBUG reactor.netty.resources.PooledConnectionProvider - [id: 0xc540dcda, L:/127.0.0.1:50371 - R:localhost/127.0.0.1:8082] Channel cleaned, now 63 active connections and 2 inactive connections
20:40:47.741 [reactor-http-nio-11] DEBUG reactor.netty.http.client.HttpClientOperations - [id: 0xf4db83bf, L:/127.0.0.1:50334 - R:localhost/127.0.0.1:8082] Received response (auto-read:false) : [Content-Type=application/json, Transfer-Encoding=chunked, Date=Fri, 11 Jun 2021 15:10:47 GMT]
20:40:47.741 [reactor-http-nio-11] DEBUG reactor.netty.resources.PooledConnectionProvider - [id: 0xf4db83bf, L:/127.0.0.1:50334 - R:localhost/127.0.0.1:8082] onStateChange(GET{uri=/getAttractionRewardPoints?attractionId=ecbd80de-a76c-4c2c-8ed1-9a97117fa690&userId=6283ecde-2456-462f-9d79-9c6f0e75ef38, connection=PooledConnection{channel=[id: 0xf4db83bf, L:/127.0.0.1:50334 - R:localhost/127.0.0.1:8082]}}, [response_received])
20:40:47.741 [reactor-http-nio-11] DEBUG org.springframework.web.reactive.function.client.ExchangeFunctions - [1efe790c] Response 200 OK
20:40:47.741 [reactor-http-nio-11] DEBUG reactor.netty.channel.FluxReceive - [id: 0xf4db83bf, L:/127.0.0.1:50334 - R:localhost/127.0.0.1:8082] Subscribing inbound receiver [pending: 0, cancelled:false, inboundDone: false]
20:40:47.741 [reactor-http-nio-11] DEBUG reactor.netty.http.client.HttpClientOperations - [id: 0xf4db83bf, L:/127.0.0.1:50334 - R:localhost/127.0.0.1:8082] Received last HTTP packet
20:40:47.741 [reactor-http-nio-11] DEBUG org.springframework.core.codec.StringDecoder - [1efe790c] Decoded "195"
20:40:47.742 [reactor-http-nio-11] DEBUG reactor.netty.resources.PooledConnectionProvider - [id: 0xf4db83bf, L:/127.0.0.1:50334 - R:localhost/127.0.0.1:8082] onStateChange(GET{uri=/getAttractionRewardPoints?attractionId=ecbd80de-a76c-4c2c-8ed1-9a97117fa690&userId=6283ecde-2456-462f-9d79-9c6f0e75ef38, connection=PooledConnection{channel=[id: 0xf4db83bf, L:/127.0.0.1:50334 - R:localhost/127.0.0.1:8082]}}, [disconnecting])
20:40:47.742 [reactor-http-nio-11] DEBUG reactor.netty.resources.PooledConnectionProvider - [id: 0xf4db83bf, L:/127.0.0.1:50334 - R:localhost/127.0.0.1:8082] Releasing channel
20:40:47.742 [reactor-http-nio-11] DEBUG reactor.netty.resources.PooledConnectionProvider - [id: 0xf4db83bf, L:/127.0.0.1:50334 - R:localhost/127.0.0.1:8082] Channel cleaned, now 62 active connections and 3 inactive connections
20:40:47.754 [reactor-http-nio-15] DEBUG reactor.netty.http.client.HttpClientOperations - [id: 0xc9743b68, L:/127.0.0.1:50337 - R:localhost/127.0.0.1:8082] Received response (auto-read:false) : [Content-Type=application/json, Transfer-Encoding=chunked, Date=Fri, 11 Jun 2021 15:10:47 GMT]
20:40:47.754 [reactor-http-nio-10] DEBUG reactor.netty.http.client.HttpClientOperations - [id: 0x3f6e2f96, L:/127.0.0.1:50319 - R:localhost/127.0.0.1:8082] Received response (auto-read:false) : [Content-Type=application/json, Transfer-Encoding=chunked, Date=Fri, 11 Jun 2021 15:10:47 GMT]
20:40:47.754 [reactor-http-nio-10] DEBUG reactor.netty.resources.PooledConnectionProvider - [id: 0x3f6e2f96, L:/127.0.0.1:50319 - R:localhost/127.0.0.1:8082] onStateChange(GET{uri=/getAttractionRewardPoints?attractionId=fd569221-5399-4fbc-9af6-e265164e573a&userId=cf9de3ca-fc5f-4649-a16b-a8c7020571fd, connection=PooledConnection{channel=[id: 0x3f6e2f96, L:/127.0.0.1:50319 - R:localhost/127.0.0.1:8082]}}, [response_received])
20:40:47.754 [reactor-http-nio-15] DEBUG reactor.netty.resources.PooledConnectionProvider - [id: 0xc9743b68, L:/127.0.0.1:50337 - R:localhost/127.0.0.1:8082] onStateChange(GET{uri=/getAttractionRewardPoints?attractionId=a77a37e6-2f5f-4fff-9d1e-65cd647e011a&userId=04227332-3bd6-438d-8f15-8cd3740d58cf, connection=PooledConnection{channel=[id: 0xc9743b68, L:/127.0.0.1:50337 - R:localhost/127.0.0.1:8082]}}, [response_received])
20:40:47.754 [reactor-http-nio-11] DEBUG reactor.netty.http.client.HttpClientOperations - [id: 0x3ff0fce5, L:/127.0.0.1:50245 - R:localhost/127.0.0.1:8082] Received response (auto-read:false) : [Content-Type=application/json, Transfer-Encoding=chunked, Date=Fri, 11 Jun 2021 15:10:47 GMT]
20:40:47.754 [reactor-http-nio-11] DEBUG reactor.netty.resources.PooledConnectionProvider - [id: 0x3ff0fce5, L:/127.0.0.1:50245 - R:localhost/127.0.0.1:8082] onStateChange(GET{uri=/getAttractionRewardPoints?attractionId=07b175bd-4b2f-4d5d-b694-31968fe50412&userId=99870060-47c6-4064-a617-c2770c121d7c, connection=PooledConnection{channel=[id: 0x3ff0fce5, L:/127.0.0.1:50245 - R:localhost/127.0.0.1:8082]}}, [response_received])
20:40:47.754 [reactor-http-nio-10] DEBUG org.springframework.web.reactive.function.client.ExchangeFunctions - [4e7585df] Response 200 OK
20:40:47.754 [reactor-http-nio-15] DEBUG org.springframework.web.reactive.function.client.ExchangeFunctions - [3463e130] Response 200 OK
20:40:47.754 [reactor-http-nio-11] DEBUG org.springframework.web.reactive.function.client.ExchangeFunctions - [556eac95] Response 200 OK
20:40:47.755 [reactor-http-nio-10] DEBUG reactor.netty.channel.FluxReceive - [id: 0x3f6e2f96, L:/127.0.0.1:50319 - R:localhost/127.0.0.1:8082] Subscribing inbound receiver [pending: 0, cancelled:false, inboundDone: false]
20:40:47.755 [reactor-http-nio-11] DEBUG reactor.netty.channel.FluxReceive - [id: 0x3ff0fce5, L:/127.0.0.1:50245 - R:localhost/127.0.0.1:8082] Subscribing inbound receiver [pending: 0, cancelled:false, inboundDone: false]
20:40:47.755 [reactor-http-nio-15] DEBUG reactor.netty.channel.FluxReceive - [id: 0xc9743b68, L:/127.0.0.1:50337 - R:localhost/127.0.0.1:8082] Subscribing inbound receiver [pending: 0, cancelled:false, inboundDone: false]
20:40:47.755 [reactor-http-nio-15] DEBUG reactor.netty.http.client.HttpClientOperations - [id: 0xc9743b68, L:/127.0.0.1:50337 - R:localhost/127.0.0.1:8082] Received last HTTP packet
20:40:47.755 [reactor-http-nio-11] DEBUG reactor.netty.http.client.HttpClientOperations - [id: 0x3ff0fce5, L:/127.0.0.1:50245 - R:localhost/127.0.0.1:8082] Received last HTTP packet
20:40:47.755 [reactor-http-nio-11] DEBUG org.springframework.core.codec.StringDecoder - [556eac95] Decoded "199"
20:40:47.755 [reactor-http-nio-15] DEBUG org.springframework.core.codec.StringDecoder - [3463e130] Decoded "849"
20:40:47.755 [reactor-http-nio-10] DEBUG reactor.netty.http.client.HttpClientOperations - [id: 0x3f6e2f96, L:/127.0.0.1:50319 - R:localhost/127.0.0.1:8082] Received last HTTP packet
20:40:47.755 [reactor-http-nio-15] DEBUG reactor.netty.resources.PooledConnectionProvider - [id: 0xc9743b68, L:/127.0.0.1:50337 - R:localhost/127.0.0.1:8082] onStateChange(GET{uri=/getAttractionRewardPoints?attractionId=a77a37e6-2f5f-4fff-9d1e-65cd647e011a&userId=04227332-3bd6-438d-8f15-8cd3740d58cf, connection=PooledConnection{channel=[id: 0xc9743b68, L:/127.0.0.1:50337 - R:localhost/127.0.0.1:8082]}}, [disconnecting])
20:40:47.755 [reactor-http-nio-10] DEBUG org.springframework.core.codec.StringDecoder - [4e7585df] Decoded "694"
20:40:47.755 [reactor-http-nio-15] DEBUG reactor.netty.resources.PooledConnectionProvider - [id: 0xc9743b68, L:/127.0.0.1:50337 - R:localhost/127.0.0.1:8082] Releasing channel
20:40:47.755 [reactor-http-nio-11] DEBUG reactor.netty.resources.PooledConnectionProvider - [id: 0x3ff0fce5, L:/127.0.0.1:50245 - R:localhost/127.0.0.1:8082] onStateChange(GET{uri=/getAttractionRewardPoints?attractionId=07b175bd-4b2f-4d5d-b694-31968fe50412&userId=99870060-47c6-4064-a617-c2770c121d7c, connection=PooledConnection{channel=[id: 0x3ff0fce5, L:/127.0.0.1:50245 - R:localhost/127.0.0.1:8082]}}, [disconnecting])
20:40:47.755 [reactor-http-nio-10] DEBUG reactor.netty.resources.PooledConnectionProvider - [id: 0x3f6e2f96, L:/127.0.0.1:50319 - R:localhost/127.0.0.1:8082] onStateChange(GET{uri=/getAttractionRewardPoints?attractionId=fd569221-5399-4fbc-9af6-e265164e573a&userId=cf9de3ca-fc5f-4649-a16b-a8c7020571fd, connection=PooledConnection{channel=[id: 0x3f6e2f96, L:/127.0.0.1:50319 - R:localhost/127.0.0.1:8082]}}, [disconnecting])
20:40:47.755 [reactor-http-nio-15] DEBUG reactor.netty.resources.PooledConnectionProvider - [id: 0xc9743b68, L:/127.0.0.1:50337 - R:localhost/127.0.0.1:8082] Channel cleaned, now 61 active connections and 4 inactive connections
20:40:47.755 [reactor-http-nio-11] DEBUG reactor.netty.resources.PooledConnectionProvider - [id: 0x3ff0fce5, L:/127.0.0.1:50245 - R:localhost/127.0.0.1:8082] Releasing channel
20:40:47.755 [reactor-http-nio-10] DEBUG reactor.netty.resources.PooledConnectionProvider - [id: 0x3f6e2f96, L:/127.0.0.1:50319 - R:localhost/127.0.0.1:8082] Releasing channel
20:40:47.755 [reactor-http-nio-11] DEBUG reactor.netty.resources.PooledConnectionProvider - [id: 0x3ff0fce5, L:/127.0.0.1:50245 - R:localhost/127.0.0.1:8082] Channel cleaned, now 60 active connections and 5 inactive connections
20:40:47.755 [reactor-http-nio-10] DEBUG reactor.netty.resources.PooledConnectionProvider - [id: 0x3f6e2f96, L:/127.0.0.1:50319 - R:localhost/127.0.0.1:8082] Channel cleaned, now 59 active connections and 6 inactive connections
20:40:47.759 [reactor-http-nio-15] DEBUG reactor.netty.http.client.HttpClientOperations - [id: 0x595f1e3f, L:/127.0.0.1:50343 - R:localhost/127.0.0.1:8082] Received response (auto-read:false) : [Content-Type=application/json, Transfer-Encoding=chunked, Date=Fri, 11 Jun 2021 15:10:47 GMT]
20:40:47.759 [reactor-http-nio-15] DEBUG reactor.netty.resources.PooledConnectionProvider - [id: 0x595f1e3f, L:/127.0.0.1:50343 - R:localhost/127.0.0.1:8082] onStateChange(GET{uri=/getAttractionRewardPoints?attractionId=6b7d59b2-781f-47e4-9c0d-c9a7b084d603&userId=401de2e7-0942-4710-9dd2-283cfd94e501, connection=PooledConnection{channel=[id: 0x595f1e3f, L:/127.0.0.1:50343 - R:localhost/127.0.0.1:8082]}}, [response_received])
20:40:47.759 [reactor-http-nio-15] DEBUG org.springframework.web.reactive.function.client.ExchangeFunctions - [54d9010f] Response 200 OK
20:40:47.759 [reactor-http-nio-13] DEBUG reactor.netty.http.client.HttpClientOperations - [id: 0x2abae015, L:/127.0.0.1:50338 - R:localhost/127.0.0.1:8082] Received response (auto-read:false) : [Content-Type=application/json, Transfer-Encoding=chunked, Date=Fri, 11 Jun 2021 15:10:47 GMT]
20:40:47.759 [reactor-http-nio-13] DEBUG reactor.netty.resources.PooledConnectionProvider - [id: 0x2abae015, L:/127.0.0.1:50338 - R:localhost/127.0.0.1:8082] onStateChange(GET{uri=/getAttractionRewardPoints?attractionId=33641969-1053-42cd-9d8f-dd812c8a94e4&userId=bfe460cd-1d7b-4c1c-80ac-e1a08d76622f, connection=PooledConnection{channel=[id: 0x2abae015, L:/127.0.0.1:50338 - R:localhost/127.0.0.1:8082]}}, [response_received])
20:40:47.759 [reactor-http-nio-13] DEBUG org.springframework.web.reactive.function.client.ExchangeFunctions - [ea6f6a1] Response 200 OK
20:40:47.760 [reactor-http-nio-15] DEBUG reactor.netty.channel.FluxReceive - [id: 0x595f1e3f, L:/127.0.0.1:50343 - R:localhost/127.0.0.1:8082] Subscribing inbound receiver [pending: 0, cancelled:false, inboundDone: false]
20:40:47.760 [reactor-http-nio-13] DEBUG reactor.netty.channel.FluxReceive - [id: 0x2abae015, L:/127.0.0.1:50338 - R:localhost/127.0.0.1:8082] Subscribing inbound receiver [pending: 0, cancelled:false, inboundDone: false]
20:40:47.760 [reactor-http-nio-15] DEBUG reactor.netty.http.client.HttpClientOperations - [id: 0x595f1e3f, L:/127.0.0.1:50343 - R:localhost/127.0.0.1:8082] Received last HTTP packet
20:40:47.760 [reactor-http-nio-15] DEBUG org.springframework.core.codec.StringDecoder - [54d9010f] Decoded "501"
20:40:47.760 [reactor-http-nio-13] DEBUG reactor.netty.http.client.HttpClientOperations - [id: 0x2abae015, L:/127.0.0.1:50338 - R:localhost/127.0.0.1:8082] Received last HTTP packet
20:40:47.760 [reactor-http-nio-15] DEBUG reactor.netty.resources.PooledConnectionProvider - [id: 0x595f1e3f, L:/127.0.0.1:50343 - R:localhost/127.0.0.1:8082] onStateChange(GET{uri=/getAttractionRewardPoints?attractionId=6b7d59b2-781f-47e4-9c0d-c9a7b084d603&userId=401de2e7-0942-4710-9dd2-283cfd94e501, connection=PooledConnection{channel=[id: 0x595f1e3f, L:/127.0.0.1:50343 - R:localhost/127.0.0.1:8082]}}, [disconnecting])
20:40:47.760 [reactor-http-nio-15] DEBUG reactor.netty.resources.PooledConnectionProvider - [id: 0x595f1e3f, L:/127.0.0.1:50343 - R:localhost/127.0.0.1:8082] Releasing channel
20:40:47.760 [reactor-http-nio-13] DEBUG org.springframework.core.codec.StringDecoder - [ea6f6a1] Decoded "246"
20:40:47.760 [reactor-http-nio-15] DEBUG reactor.netty.resources.PooledConnectionProvider - [id: 0x595f1e3f, L:/127.0.0.1:50343 - R:localhost/127.0.0.1:8082] Channel cleaned, now 58 active connections and 7 inactive connections
20:40:47.760 [reactor-http-nio-13] DEBUG reactor.netty.resources.PooledConnectionProvider - [id: 0x2abae015, L:/127.0.0.1:50338 - R:localhost/127.0.0.1:8082] onStateChange(GET{uri=/getAttractionRewardPoints?attractionId=33641969-1053-42cd-9d8f-dd812c8a94e4&userId=bfe460cd-1d7b-4c1c-80ac-e1a08d76622f, connection=PooledConnection{channel=[id: 0x2abae015, L:/127.0.0.1:50338 - R:localhost/127.0.0.1:8082]}}, [disconnecting])
20:40:47.760 [reactor-http-nio-13] DEBUG reactor.netty.resources.PooledConnectionProvider - [id: 0x2abae015, L:/127.0.0.1:50338 - R:localhost/127.0.0.1:8082] Releasing channel
20:40:47.760 [reactor-http-nio-13] DEBUG reactor.netty.resources.PooledConnectionProvider - [id: 0x2abae015, L:/127.0.0.1:50338 - R:localhost/127.0.0.1:8082] Channel cleaned, now 57 active connections and 8 inactive connections
20:40:47.763 [reactor-http-nio-11] DEBUG reactor.netty.http.client.HttpClientOperations - [id: 0x4220aa38, L:/127.0.0.1:50366 - R:localhost/127.0.0.1:8082] Received response (auto-read:false) : [Content-Type=application/json, Transfer-Encoding=chunked, Date=Fri, 11 Jun 2021 15:10:47 GMT]
20:40:47.763 [reactor-http-nio-11] DEBUG reactor.netty.resources.PooledConnectionProvider - [id: 0x4220aa38, L:/127.0.0.1:50366 - R:localhost/127.0.0.1:8082] onStateChange(GET{uri=/getAttractionRewardPoints?attractionId=6dc04905-12e7-4441-857c-761d2563815c&userId=4a7f84f0-52da-4144-bb4a-3ad7f7f222c4, connection=PooledConnection{channel=[id: 0x4220aa38, L:/127.0.0.1:50366 - R:localhost/127.0.0.1:8082]}}, [response_received])
20:40:47.763 [reactor-http-nio-15] DEBUG reactor.netty.http.client.HttpClientOperations - [id: 0x55b3b3dd, L:/127.0.0.1:50318 - R:localhost/127.0.0.1:8082] Received response (auto-read:false) : [Content-Type=application/json, Transfer-Encoding=chunked, Date=Fri, 11 Jun 2021 15:10:47 GMT]
20:40:47.763 [reactor-http-nio-15] DEBUG reactor.netty.resources.PooledConnectionProvider - [id: 0x55b3b3dd, L:/127.0.0.1:50318 - R:localhost/127.0.0.1:8082] onStateChange(GET{uri=/getAttractionRewardPoints?attractionId=d3924eaa-b755-4f9c-822f-228932b35d01&userId=47b5af62-3da7-4def-8475-5c786075219c, connection=PooledConnection{channel=[id: 0x55b3b3dd, L:/127.0.0.1:50318 - R:localhost/127.0.0.1:8082]}}, [response_received])
20:40:47.763 [reactor-http-nio-11] DEBUG org.springframework.web.reactive.function.client.ExchangeFunctions - [6b56df66] Response 200 OK
20:40:47.763 [reactor-http-nio-15] DEBUG org.springframework.web.reactive.function.client.ExchangeFunctions - [6a0ad4b1] Response 200 OK
20:40:47.763 [reactor-http-nio-15] DEBUG reactor.netty.channel.FluxReceive - [id: 0x55b3b3dd, L:/127.0.0.1:50318 - R:localhost/127.0.0.1:8082] Subscribing inbound receiver [pending: 0, cancelled:false, inboundDone: false]
20:40:47.763 [reactor-http-nio-11] DEBUG reactor.netty.channel.FluxReceive - [id: 0x4220aa38, L:/127.0.0.1:50366 - R:localhost/127.0.0.1:8082] Subscribing inbound receiver [pending: 0, cancelled:false, inboundDone: false]
20:40:47.763 [reactor-http-nio-15] DEBUG reactor.netty.http.client.HttpClientOperations - [id: 0x55b3b3dd, L:/127.0.0.1:50318 - R:localhost/127.0.0.1:8082] Received last HTTP packet
20:40:47.763 [reactor-http-nio-15] DEBUG org.springframework.core.codec.StringDecoder - [6a0ad4b1] Decoded "155"
20:40:47.763 [reactor-http-nio-11] DEBUG reactor.netty.http.client.HttpClientOperations - [id: 0x4220aa38, L:/127.0.0.1:50366 - R:localhost/127.0.0.1:8082] Received last HTTP packet
20:40:47.763 [reactor-http-nio-15] DEBUG reactor.netty.resources.PooledConnectionProvider - [id: 0x55b3b3dd, L:/127.0.0.1:50318 - R:localhost/127.0.0.1:8082] onStateChange(GET{uri=/getAttractionRewardPoints?attractionId=d3924eaa-b755-4f9c-822f-228932b35d01&userId=47b5af62-3da7-4def-8475-5c786075219c, connection=PooledConnection{channel=[id: 0x55b3b3dd, L:/127.0.0.1:50318 - R:localhost/127.0.0.1:8082]}}, [disconnecting])
20:40:47.763 [reactor-http-nio-15] DEBUG reactor.netty.resources.PooledConnectionProvider - [id: 0x55b3b3dd, L:/127.0.0.1:50318 - R:localhost/127.0.0.1:8082] Releasing channel
20:40:47.763 [reactor-http-nio-15] DEBUG reactor.netty.resources.PooledConnectionProvider - [id: 0x55b3b3dd, L:/127.0.0.1:50318 - R:localhost/127.0.0.1:8082] Channel cleaned, now 56 active connections and 9 inactive connections
20:40:47.763 [reactor-http-nio-11] DEBUG org.springframework.core.codec.StringDecoder - [6b56df66] Decoded "592"
20:40:47.763 [reactor-http-nio-11] DEBUG reactor.netty.resources.PooledConnectionProvider - [id: 0x4220aa38, L:/127.0.0.1:50366 - R:localhost/127.0.0.1:8082] onStateChange(GET{uri=/getAttractionRewardPoints?attractionId=6dc04905-12e7-4441-857c-761d2563815c&userId=4a7f84f0-52da-4144-bb4a-3ad7f7f222c4, connection=PooledConnection{channel=[id: 0x4220aa38, L:/127.0.0.1:50366 - R:localhost/127.0.0.1:8082]}}, [disconnecting])
20:40:47.763 [reactor-http-nio-11] DEBUG reactor.netty.resources.PooledConnectionProvider - [id: 0x4220aa38, L:/127.0.0.1:50366 - R:localhost/127.0.0.1:8082] Releasing channel
20:40:47.763 [reactor-http-nio-11] DEBUG reactor.netty.resources.PooledConnectionProvider - [id: 0x4220aa38, L:/127.0.0.1:50366 - R:localhost/127.0.0.1:8082] Channel cleaned, now 55 active connections and 10 inactive connections
20:40:47.767 [reactor-http-nio-15] DEBUG reactor.netty.http.client.HttpClientOperations - [id: 0x802bc0b0, L:/127.0.0.1:50310 - R:localhost/127.0.0.1:8082] Received response (auto-read:false) : [Content-Type=application/json, Transfer-Encoding=chunked, Date=Fri, 11 Jun 2021 15:10:47 GMT]
20:40:47.767 [reactor-http-nio-11] DEBUG reactor.netty.http.client.HttpClientOperations - [id: 0x1785ce4e, L:/127.0.0.1:50271 - R:localhost/127.0.0.1:8081] Received response (auto-read:false) : [Content-Type=application/json, Transfer-Encoding=chunked, Date=Fri, 11 Jun 2021 15:10:46 GMT]
20:40:47.767 [reactor-http-nio-15] DEBUG reactor.netty.resources.PooledConnectionProvider - [id: 0x802bc0b0, L:/127.0.0.1:50310 - R:localhost/127.0.0.1:8082] onStateChange(GET{uri=/getAttractionRewardPoints?attractionId=6f6477e4-2f57-41c2-895c-09e55a52d6e1&userId=13f57b7c-e75c-46cd-b3b4-3ecf7a218369, connection=PooledConnection{channel=[id: 0x802bc0b0, L:/127.0.0.1:50310 - R:localhost/127.0.0.1:8082]}}, [response_received])
20:40:47.767 [reactor-http-nio-11] DEBUG reactor.netty.resources.PooledConnectionProvider - [id: 0x1785ce4e, L:/127.0.0.1:50271 - R:localhost/127.0.0.1:8081] onStateChange(GET{uri=/getUserLocation?userId=6283ecde-2456-462f-9d79-9c6f0e75ef38, connection=PooledConnection{channel=[id: 0x1785ce4e, L:/127.0.0.1:50271 - R:localhost/127.0.0.1:8081]}}, [response_received])
20:40:47.767 [reactor-http-nio-15] DEBUG org.springframework.web.reactive.function.client.ExchangeFunctions - [5cdf98de] Response 200 OK
20:40:47.767 [reactor-http-nio-11] DEBUG org.springframework.web.reactive.function.client.ExchangeFunctions - [7618a7b5] Response 200 OK
20:40:47.767 [reactor-http-nio-11] DEBUG reactor.netty.channel.FluxReceive - [id: 0x1785ce4e, L:/127.0.0.1:50271 - R:localhost/127.0.0.1:8081] Subscribing inbound receiver [pending: 0, cancelled:false, inboundDone: false]
20:40:47.767 [reactor-http-nio-15] DEBUG reactor.netty.channel.FluxReceive - [id: 0x802bc0b0, L:/127.0.0.1:50310 - R:localhost/127.0.0.1:8082] Subscribing inbound receiver [pending: 0, cancelled:false, inboundDone: false]
20:40:47.767 [reactor-http-nio-15] DEBUG reactor.netty.http.client.HttpClientOperations - [id: 0x802bc0b0, L:/127.0.0.1:50310 - R:localhost/127.0.0.1:8082] Received last HTTP packet
20:40:47.767 [reactor-http-nio-11] DEBUG reactor.netty.http.client.HttpClientOperations - [id: 0x1785ce4e, L:/127.0.0.1:50271 - R:localhost/127.0.0.1:8081] Received last HTTP packet
20:40:47.767 [reactor-http-nio-15] DEBUG org.springframework.core.codec.StringDecoder - [5cdf98de] Decoded "645"
20:40:47.767 [reactor-http-nio-11] DEBUG org.springframework.core.codec.StringDecoder - [7618a7b5] Decoded "{"userId":"6283ecde-2456-462f-9d79-9c6f0e75ef38","location":{"longitude":90.80023,"latitude":80.407 (truncated)...
20:40:47.767 [reactor-http-nio-15] DEBUG reactor.netty.resources.PooledConnectionProvider - [id: 0x802bc0b0, L:/127.0.0.1:50310 - R:localhost/127.0.0.1:8082] onStateChange(GET{uri=/getAttractionRewardPoints?attractionId=6f6477e4-2f57-41c2-895c-09e55a52d6e1&userId=13f57b7c-e75c-46cd-b3b4-3ecf7a218369, connection=PooledConnection{channel=[id: 0x802bc0b0, L:/127.0.0.1:50310 - R:localhost/127.0.0.1:8082]}}, [disconnecting])
20:40:47.767 [reactor-http-nio-15] DEBUG reactor.netty.resources.PooledConnectionProvider - [id: 0x802bc0b0, L:/127.0.0.1:50310 - R:localhost/127.0.0.1:8082] Releasing channel
20:40:47.767 [reactor-http-nio-11] DEBUG reactor.netty.resources.PooledConnectionProvider - [id: 0x1785ce4e, L:/127.0.0.1:50271 - R:localhost/127.0.0.1:8081] onStateChange(GET{uri=/getUserLocation?userId=6283ecde-2456-462f-9d79-9c6f0e75ef38, connection=PooledConnection{channel=[id: 0x1785ce4e, L:/127.0.0.1:50271 - R:localhost/127.0.0.1:8081]}}, [disconnecting])
20:40:47.767 [reactor-http-nio-15] DEBUG reactor.netty.resources.PooledConnectionProvider - [id: 0x802bc0b0, L:/127.0.0.1:50310 - R:localhost/127.0.0.1:8082] Channel cleaned, now 54 active connections and 11 inactive connections
20:40:47.767 [reactor-http-nio-11] DEBUG reactor.netty.resources.PooledConnectionProvider - [id: 0x1785ce4e, L:/127.0.0.1:50271 - R:localhost/127.0.0.1:8081] Releasing channel
20:40:47.768 [reactor-http-nio-11] DEBUG reactor.netty.resources.PooledConnectionProvider - [id: 0x1785ce4e, L:/127.0.0.1:50271 - R:localhost/127.0.0.1:8081] Channel cleaned, now 0 active connections and 64 inactive connections
20:40:47.769 [pool-13-thread-1] DEBUG org.springframework.web.reactive.function.client.ExchangeFunctions - [423c6df1] HTTP GET http://localhost:8081/getAttractions
20:40:47.769 [reactor-http-nio-10] DEBUG reactor.netty.resources.PooledConnectionProvider - [id: 0xeb8d3006, L:/127.0.0.1:50297 - R:localhost/127.0.0.1:8081] Channel acquired, now 1 active connections and 63 inactive connections
20:40:47.769 [reactor-http-nio-10] DEBUG reactor.netty.http.client.HttpClientConnect - [id: 0xeb8d3006, L:/127.0.0.1:50297 - R:localhost/127.0.0.1:8081] Handler is being applied: {uri=http://localhost:8081/getAttractions, method=GET}
20:40:47.769 [reactor-http-nio-10] DEBUG reactor.netty.resources.PooledConnectionProvider - [id: 0xeb8d3006, L:/127.0.0.1:50297 - R:localhost/127.0.0.1:8081] onStateChange(GET{uri=/getAttractions, connection=PooledConnection{channel=[id: 0xeb8d3006, L:/127.0.0.1:50297 - R:localhost/127.0.0.1:8081]}}, [request_sent])
20:40:47.779 [reactor-http-nio-13] DEBUG reactor.netty.http.client.HttpClientOperations - [id: 0x4e1a51ff, L:/127.0.0.1:50342 - R:localhost/127.0.0.1:8082] Received response (auto-read:false) : [Content-Type=application/json, Transfer-Encoding=chunked, Date=Fri, 11 Jun 2021 15:10:47 GMT]
20:40:47.779 [reactor-http-nio-13] DEBUG reactor.netty.resources.PooledConnectionProvider - [id: 0x4e1a51ff, L:/127.0.0.1:50342 - R:localhost/127.0.0.1:8082] onStateChange(GET{uri=/getAttractionRewardPoints?attractionId=b7245a16-81b3-4664-b44f-e895e12dcefb&userId=a3fe70bb-16ed-46f8-b7a9-1d75161c1905, connection=PooledConnection{channel=[id: 0x4e1a51ff, L:/127.0.0.1:50342 - R:localhost/127.0.0.1:8082]}}, [response_received])
20:40:47.779 [reactor-http-nio-13] DEBUG org.springframework.web.reactive.function.client.ExchangeFunctions - [639f6340] Response 200 OK
20:40:47.779 [reactor-http-nio-13] DEBUG reactor.netty.channel.FluxReceive - [id: 0x4e1a51ff, L:/127.0.0.1:50342 - R:localhost/127.0.0.1:8082] Subscribing inbound receiver [pending: 0, cancelled:false, inboundDone: false]
20:40:47.780 [reactor-http-nio-13] DEBUG reactor.netty.http.client.HttpClientOperations - [id: 0x4e1a51ff, L:/127.0.0.1:50342 - R:localhost/127.0.0.1:8082] Received last HTTP packet
20:40:47.780 [reactor-http-nio-13] DEBUG org.springframework.core.codec.StringDecoder - [639f6340] Decoded "730"
20:40:47.780 [reactor-http-nio-13] DEBUG reactor.netty.resources.PooledConnectionProvider - [id: 0x4e1a51ff, L:/127.0.0.1:50342 - R:localhost/127.0.0.1:8082] onStateChange(GET{uri=/getAttractionRewardPoints?attractionId=b7245a16-81b3-4664-b44f-e895e12dcefb&userId=a3fe70bb-16ed-46f8-b7a9-1d75161c1905, connection=PooledConnection{channel=[id: 0x4e1a51ff, L:/127.0.0.1:50342 - R:localhost/127.0.0.1:8082]}}, [disconnecting])
20:40:47.780 [reactor-http-nio-13] DEBUG reactor.netty.resources.PooledConnectionProvider - [id: 0x4e1a51ff, L:/127.0.0.1:50342 - R:localhost/127.0.0.1:8082] Releasing channel
20:40:47.780 [reactor-http-nio-13] DEBUG reactor.netty.resources.PooledConnectionProvider - [id: 0x4e1a51ff, L:/127.0.0.1:50342 - R:localhost/127.0.0.1:8082] Channel cleaned, now 53 active connections and 12 inactive connections
20:40:47.780 [reactor-http-nio-10] DEBUG reactor.netty.http.client.HttpClientOperations - [id: 0xeb8d3006, L:/127.0.0.1:50297 - R:localhost/127.0.0.1:8081] Received response (auto-read:false) : [Content-Type=application/json, Transfer-Encoding=chunked, Date=Fri, 11 Jun 2021 15:10:46 GMT]
20:40:47.780 [reactor-http-nio-10] DEBUG reactor.netty.resources.PooledConnectionProvider - [id: 0xeb8d3006, L:/127.0.0.1:50297 - R:localhost/127.0.0.1:8081] onStateChange(GET{uri=/getAttractions, connection=PooledConnection{channel=[id: 0xeb8d3006, L:/127.0.0.1:50297 - R:localhost/127.0.0.1:8081]}}, [response_received])
20:40:47.780 [reactor-http-nio-10] DEBUG org.springframework.web.reactive.function.client.ExchangeFunctions - [423c6df1] Response 200 OK
20:40:47.780 [reactor-http-nio-10] DEBUG reactor.netty.channel.FluxReceive - [id: 0xeb8d3006, L:/127.0.0.1:50297 - R:localhost/127.0.0.1:8081] Subscribing inbound receiver [pending: 0, cancelled:false, inboundDone: false]
20:40:47.781 [reactor-http-nio-10] DEBUG reactor.netty.http.client.HttpClientOperations - [id: 0xeb8d3006, L:/127.0.0.1:50297 - R:localhost/127.0.0.1:8081] Received last HTTP packet
20:40:47.781 [reactor-http-nio-10] DEBUG org.springframework.core.codec.StringDecoder - [423c6df1] Decoded "[{"longitude":-117.922008,"latitude":33.817595,"attractionName":"Disneyland","city":"Anaheim","stat (truncated)...
20:40:47.781 [reactor-http-nio-10] DEBUG reactor.netty.resources.PooledConnectionProvider - [id: 0xeb8d3006, L:/127.0.0.1:50297 - R:localhost/127.0.0.1:8081] onStateChange(GET{uri=/getAttractions, connection=PooledConnection{channel=[id: 0xeb8d3006, L:/127.0.0.1:50297 - R:localhost/127.0.0.1:8081]}}, [disconnecting])
20:40:47.781 [reactor-http-nio-10] DEBUG reactor.netty.resources.PooledConnectionProvider - [id: 0xeb8d3006, L:/127.0.0.1:50297 - R:localhost/127.0.0.1:8081] Releasing channel
20:40:47.781 [reactor-http-nio-10] DEBUG reactor.netty.resources.PooledConnectionProvider - [id: 0xeb8d3006, L:/127.0.0.1:50297 - R:localhost/127.0.0.1:8081] Channel cleaned, now 0 active connections and 64 inactive connections
20:40:47.782 [pool-13-thread-1] DEBUG org.springframework.web.reactive.function.client.ExchangeFunctions - [3ddc540e] HTTP GET http://localhost:8081/getUserLocation?userId=6f1bfbe2-5d0e-4f69-a759-5f0ceb9ac8d1
20:40:47.782 [reactor-http-nio-2] DEBUG reactor.netty.resources.PooledConnectionProvider - [id: 0x25eb9b2e, L:/127.0.0.1:50247 - R:localhost/127.0.0.1:8081] Channel acquired, now 1 active connections and 63 inactive connections
20:40:47.782 [reactor-http-nio-2] DEBUG reactor.netty.http.client.HttpClientConnect - [id: 0x25eb9b2e, L:/127.0.0.1:50247 - R:localhost/127.0.0.1:8081] Handler is being applied: {uri=http://localhost:8081/getUserLocation?userId=6f1bfbe2-5d0e-4f69-a759-5f0ceb9ac8d1, method=GET}
20:40:47.782 [reactor-http-nio-2] DEBUG reactor.netty.resources.PooledConnectionProvider - [id: 0x25eb9b2e, L:/127.0.0.1:50247 - R:localhost/127.0.0.1:8081] onStateChange(GET{uri=/getUserLocation?userId=6f1bfbe2-5d0e-4f69-a759-5f0ceb9ac8d1, connection=PooledConnection{channel=[id: 0x25eb9b2e, L:/127.0.0.1:50247 - R:localhost/127.0.0.1:8081]}}, [request_sent])
20:40:47.804 [reactor-http-nio-14] DEBUG reactor.netty.http.client.HttpClientOperations - [id: 0x05cf9efe, L:/127.0.0.1:50321 - R:localhost/127.0.0.1:8082] Received response (auto-read:false) : [Content-Type=application/json, Transfer-Encoding=chunked, Date=Fri, 11 Jun 2021 15:10:47 GMT]
20:40:47.804 [reactor-http-nio-14] DEBUG reactor.netty.resources.PooledConnectionProvider - [id: 0x05cf9efe, L:/127.0.0.1:50321 - R:localhost/127.0.0.1:8082] onStateChange(GET{uri=/getAttractionRewardPoints?attractionId=f2afb86c-1a79-4102-aa45-534d60a50649&userId=76b74dbb-942c-4550-986a-15355b5cc416, connection=PooledConnection{channel=[id: 0x05cf9efe, L:/127.0.0.1:50321 - R:localhost/127.0.0.1:8082]}}, [response_received])
20:40:47.804 [reactor-http-nio-16] DEBUG reactor.netty.http.client.HttpClientOperations - [id: 0xeb57392e, L:/127.0.0.1:50370 - R:localhost/127.0.0.1:8082] Received response (auto-read:false) : [Content-Type=application/json, Transfer-Encoding=chunked, Date=Fri, 11 Jun 2021 15:10:47 GMT]
20:40:47.805 [reactor-http-nio-14] DEBUG org.springframework.web.reactive.function.client.ExchangeFunctions - [3dee9675] Response 200 OK
20:40:47.805 [reactor-http-nio-16] DEBUG reactor.netty.resources.PooledConnectionProvider - [id: 0xeb57392e, L:/127.0.0.1:50370 - R:localhost/127.0.0.1:8082] onStateChange(GET{uri=/getAttractionRewardPoints?attractionId=ca35ac2d-bde1-4f65-88b3-aa40a62ddf5b&userId=41af81d8-a050-4d2b-be7b-87988e9535ea, connection=PooledConnection{channel=[id: 0xeb57392e, L:/127.0.0.1:50370 - R:localhost/127.0.0.1:8082]}}, [response_received])
20:40:47.805 [reactor-http-nio-16] DEBUG org.springframework.web.reactive.function.client.ExchangeFunctions - [1e4581fa] Response 200 OK
20:40:47.805 [reactor-http-nio-14] DEBUG reactor.netty.channel.FluxReceive - [id: 0x05cf9efe, L:/127.0.0.1:50321 - R:localhost/127.0.0.1:8082] Subscribing inbound receiver [pending: 0, cancelled:false, inboundDone: false]
20:40:47.805 [reactor-http-nio-16] DEBUG reactor.netty.channel.FluxReceive - [id: 0xeb57392e, L:/127.0.0.1:50370 - R:localhost/127.0.0.1:8082] Subscribing inbound receiver [pending: 0, cancelled:false, inboundDone: false]
20:40:47.805 [reactor-http-nio-14] DEBUG reactor.netty.http.client.HttpClientOperations - [id: 0x05cf9efe, L:/127.0.0.1:50321 - R:localhost/127.0.0.1:8082] Received last HTTP packet
20:40:47.805 [reactor-http-nio-16] DEBUG reactor.netty.http.client.HttpClientOperations - [id: 0xeb57392e, L:/127.0.0.1:50370 - R:localhost/127.0.0.1:8082] Received last HTTP packet
20:40:47.805 [reactor-http-nio-14] DEBUG org.springframework.core.codec.StringDecoder - [3dee9675] Decoded "385"
20:40:47.805 [reactor-http-nio-16] DEBUG org.springframework.core.codec.StringDecoder - [1e4581fa] Decoded "772"
20:40:47.805 [reactor-http-nio-14] DEBUG reactor.netty.resources.PooledConnectionProvider - [id: 0x05cf9efe, L:/127.0.0.1:50321 - R:localhost/127.0.0.1:8082] onStateChange(GET{uri=/getAttractionRewardPoints?attractionId=f2afb86c-1a79-4102-aa45-534d60a50649&userId=76b74dbb-942c-4550-986a-15355b5cc416, connection=PooledConnection{channel=[id: 0x05cf9efe, L:/127.0.0.1:50321 - R:localhost/127.0.0.1:8082]}}, [disconnecting])
20:40:47.805 [reactor-http-nio-14] DEBUG reactor.netty.resources.PooledConnectionProvider - [id: 0x05cf9efe, L:/127.0.0.1:50321 - R:localhost/127.0.0.1:8082] Releasing channel
20:40:47.805 [reactor-http-nio-16] DEBUG reactor.netty.resources.PooledConnectionProvider - [id: 0xeb57392e, L:/127.0.0.1:50370 - R:localhost/127.0.0.1:8082] onStateChange(GET{uri=/getAttractionRewardPoints?attractionId=ca35ac2d-bde1-4f65-88b3-aa40a62ddf5b&userId=41af81d8-a050-4d2b-be7b-87988e9535ea, connection=PooledConnection{channel=[id: 0xeb57392e, L:/127.0.0.1:50370 - R:localhost/127.0.0.1:8082]}}, [disconnecting])
20:40:47.805 [reactor-http-nio-14] DEBUG reactor.netty.resources.PooledConnectionProvider - [id: 0x05cf9efe, L:/127.0.0.1:50321 - R:localhost/127.0.0.1:8082] Channel cleaned, now 52 active connections and 13 inactive connections
20:40:47.805 [reactor-http-nio-16] DEBUG reactor.netty.resources.PooledConnectionProvider - [id: 0xeb57392e, L:/127.0.0.1:50370 - R:localhost/127.0.0.1:8082] Releasing channel
20:40:47.806 [reactor-http-nio-16] DEBUG reactor.netty.resources.PooledConnectionProvider - [id: 0xeb57392e, L:/127.0.0.1:50370 - R:localhost/127.0.0.1:8082] Channel cleaned, now 51 active connections and 14 inactive connections
20:40:47.830 [reactor-http-nio-16] DEBUG reactor.netty.http.client.HttpClientOperations - [id: 0xd3736007, L:/127.0.0.1:50331 - R:localhost/127.0.0.1:8082] Received response (auto-read:false) : [Content-Type=application/json, Transfer-Encoding=chunked, Date=Fri, 11 Jun 2021 15:10:47 GMT]
20:40:47.830 [reactor-http-nio-16] DEBUG reactor.netty.resources.PooledConnectionProvider - [id: 0xd3736007, L:/127.0.0.1:50331 - R:localhost/127.0.0.1:8082] onStateChange(GET{uri=/getAttractionRewardPoints?attractionId=a11eb78a-bcf0-4ec1-bf43-71e6b3222985&userId=e52e141c-4928-4ffd-abc0-41fcf9568314, connection=PooledConnection{channel=[id: 0xd3736007, L:/127.0.0.1:50331 - R:localhost/127.0.0.1:8082]}}, [response_received])
20:40:47.831 [reactor-http-nio-16] DEBUG org.springframework.web.reactive.function.client.ExchangeFunctions - [73b6066e] Response 200 OK
20:40:47.831 [reactor-http-nio-16] DEBUG reactor.netty.channel.FluxReceive - [id: 0xd3736007, L:/127.0.0.1:50331 - R:localhost/127.0.0.1:8082] Subscribing inbound receiver [pending: 0, cancelled:false, inboundDone: false]
20:40:47.832 [reactor-http-nio-16] DEBUG reactor.netty.http.client.HttpClientOperations - [id: 0xd3736007, L:/127.0.0.1:50331 - R:localhost/127.0.0.1:8082] Received last HTTP packet
20:40:47.832 [reactor-http-nio-16] DEBUG org.springframework.core.codec.StringDecoder - [73b6066e] Decoded "825"
20:40:47.832 [reactor-http-nio-16] DEBUG reactor.netty.resources.PooledConnectionProvider - [id: 0xd3736007, L:/127.0.0.1:50331 - R:localhost/127.0.0.1:8082] onStateChange(GET{uri=/getAttractionRewardPoints?attractionId=a11eb78a-bcf0-4ec1-bf43-71e6b3222985&userId=e52e141c-4928-4ffd-abc0-41fcf9568314, connection=PooledConnection{channel=[id: 0xd3736007, L:/127.0.0.1:50331 - R:localhost/127.0.0.1:8082]}}, [disconnecting])
20:40:47.832 [reactor-http-nio-16] DEBUG reactor.netty.resources.PooledConnectionProvider - [id: 0xd3736007, L:/127.0.0.1:50331 - R:localhost/127.0.0.1:8082] Releasing channel
20:40:47.832 [reactor-http-nio-16] DEBUG reactor.netty.resources.PooledConnectionProvider - [id: 0xd3736007, L:/127.0.0.1:50331 - R:localhost/127.0.0.1:8082] Channel cleaned, now 50 active connections and 15 inactive connections
20:40:47.836 [reactor-http-nio-2] DEBUG reactor.netty.http.client.HttpClientOperations - [id: 0x996b12a8, L:/127.0.0.1:50324 - R:localhost/127.0.0.1:8082] Received response (auto-read:false) : [Content-Type=application/json, Transfer-Encoding=chunked, Date=Fri, 11 Jun 2021 15:10:47 GMT]
20:40:47.836 [reactor-http-nio-2] DEBUG reactor.netty.resources.PooledConnectionProvider - [id: 0x996b12a8, L:/127.0.0.1:50324 - R:localhost/127.0.0.1:8082] onStateChange(GET{uri=/getAttractionRewardPoints?attractionId=91d40a6a-99e6-4202-b832-11e4e2e504fe&userId=b013b275-6e56-4fc3-947e-4f49dd4e5b58, connection=PooledConnection{channel=[id: 0x996b12a8, L:/127.0.0.1:50324 - R:localhost/127.0.0.1:8082]}}, [response_received])
20:40:47.836 [reactor-http-nio-2] DEBUG org.springframework.web.reactive.function.client.ExchangeFunctions - [2ce91e90] Response 200 OK
20:40:47.836 [reactor-http-nio-2] DEBUG reactor.netty.channel.FluxReceive - [id: 0x996b12a8, L:/127.0.0.1:50324 - R:localhost/127.0.0.1:8082] Subscribing inbound receiver [pending: 0, cancelled:false, inboundDone: false]
20:40:47.836 [reactor-http-nio-2] DEBUG reactor.netty.http.client.HttpClientOperations - [id: 0x996b12a8, L:/127.0.0.1:50324 - R:localhost/127.0.0.1:8082] Received last HTTP packet
20:40:47.837 [reactor-http-nio-2] DEBUG org.springframework.core.codec.StringDecoder - [2ce91e90] Decoded "759"
20:40:47.837 [reactor-http-nio-2] DEBUG reactor.netty.resources.PooledConnectionProvider - [id: 0x996b12a8, L:/127.0.0.1:50324 - R:localhost/127.0.0.1:8082] onStateChange(GET{uri=/getAttractionRewardPoints?attractionId=91d40a6a-99e6-4202-b832-11e4e2e504fe&userId=b013b275-6e56-4fc3-947e-4f49dd4e5b58, connection=PooledConnection{channel=[id: 0x996b12a8, L:/127.0.0.1:50324 - R:localhost/127.0.0.1:8082]}}, [disconnecting])
20:40:47.837 [reactor-http-nio-2] DEBUG reactor.netty.resources.PooledConnectionProvider - [id: 0x996b12a8, L:/127.0.0.1:50324 - R:localhost/127.0.0.1:8082] Releasing channel
20:40:47.837 [reactor-http-nio-2] DEBUG reactor.netty.resources.PooledConnectionProvider - [id: 0x996b12a8, L:/127.0.0.1:50324 - R:localhost/127.0.0.1:8082] Channel cleaned, now 49 active connections and 16 inactive connections
20:40:47.838 [reactor-http-nio-11] DEBUG reactor.netty.http.client.HttpClientOperations - [id: 0x558afcc3, L:/127.0.0.1:50335 - R:localhost/127.0.0.1:8082] Received response (auto-read:false) : [Content-Type=application/json, Transfer-Encoding=chunked, Date=Fri, 11 Jun 2021 15:10:47 GMT]
20:40:47.838 [reactor-http-nio-11] DEBUG reactor.netty.resources.PooledConnectionProvider - [id: 0x558afcc3, L:/127.0.0.1:50335 - R:localhost/127.0.0.1:8082] onStateChange(GET{uri=/getAttractionRewardPoints?attractionId=1fd1f5b6-f891-4931-9889-7ae0b201482b&userId=8e9a27df-7c4a-4c3f-9239-9d62c7012616, connection=PooledConnection{channel=[id: 0x558afcc3, L:/127.0.0.1:50335 - R:localhost/127.0.0.1:8082]}}, [response_received])
20:40:47.838 [reactor-http-nio-11] DEBUG org.springframework.web.reactive.function.client.ExchangeFunctions - [1c8c5fb0] Response 200 OK
20:40:47.839 [reactor-http-nio-11] DEBUG reactor.netty.channel.FluxReceive - [id: 0x558afcc3, L:/127.0.0.1:50335 - R:localhost/127.0.0.1:8082] Subscribing inbound receiver [pending: 0, cancelled:false, inboundDone: false]
20:40:47.839 [reactor-http-nio-11] DEBUG reactor.netty.http.client.HttpClientOperations - [id: 0x558afcc3, L:/127.0.0.1:50335 - R:localhost/127.0.0.1:8082] Received last HTTP packet
20:40:47.839 [reactor-http-nio-11] DEBUG org.springframework.core.codec.StringDecoder - [1c8c5fb0] Decoded "921"
20:40:47.839 [reactor-http-nio-11] DEBUG reactor.netty.resources.PooledConnectionProvider - [id: 0x558afcc3, L:/127.0.0.1:50335 - R:localhost/127.0.0.1:8082] onStateChange(GET{uri=/getAttractionRewardPoints?attractionId=1fd1f5b6-f891-4931-9889-7ae0b201482b&userId=8e9a27df-7c4a-4c3f-9239-9d62c7012616, connection=PooledConnection{channel=[id: 0x558afcc3, L:/127.0.0.1:50335 - R:localhost/127.0.0.1:8082]}}, [disconnecting])
20:40:47.840 [reactor-http-nio-11] DEBUG reactor.netty.resources.PooledConnectionProvider - [id: 0x558afcc3, L:/127.0.0.1:50335 - R:localhost/127.0.0.1:8082] Releasing channel
20:40:47.840 [reactor-http-nio-11] DEBUG reactor.netty.resources.PooledConnectionProvider - [id: 0x558afcc3, L:/127.0.0.1:50335 - R:localhost/127.0.0.1:8082] Channel cleaned, now 48 active connections and 17 inactive connections
20:40:47.850 [reactor-http-nio-13] DEBUG reactor.netty.http.client.HttpClientOperations - [id: 0x228b707e, L:/127.0.0.1:50356 - R:localhost/127.0.0.1:8082] Received response (auto-read:false) : [Content-Type=application/json, Transfer-Encoding=chunked, Date=Fri, 11 Jun 2021 15:10:47 GMT]
20:40:47.850 [reactor-http-nio-13] DEBUG reactor.netty.resources.PooledConnectionProvider - [id: 0x228b707e, L:/127.0.0.1:50356 - R:localhost/127.0.0.1:8082] onStateChange(GET{uri=/getAttractionRewardPoints?attractionId=e7ccb247-28d3-4b24-ab44-200eff3f7f1c&userId=14564303-434b-4d37-9a15-e1f1ba4d8f7a, connection=PooledConnection{channel=[id: 0x228b707e, L:/127.0.0.1:50356 - R:localhost/127.0.0.1:8082]}}, [response_received])
20:40:47.851 [reactor-http-nio-13] DEBUG org.springframework.web.reactive.function.client.ExchangeFunctions - [bc5e375] Response 200 OK
20:40:47.852 [reactor-http-nio-13] DEBUG reactor.netty.channel.FluxReceive - [id: 0x228b707e, L:/127.0.0.1:50356 - R:localhost/127.0.0.1:8082] Subscribing inbound receiver [pending: 0, cancelled:false, inboundDone: false]
20:40:47.852 [reactor-http-nio-14] DEBUG reactor.netty.http.client.HttpClientOperations - [id: 0x638dbe56, L:/127.0.0.1:50373 - R:localhost/127.0.0.1:8082] Received response (auto-read:false) : [Content-Type=application/json, Transfer-Encoding=chunked, Date=Fri, 11 Jun 2021 15:10:47 GMT]
20:40:47.853 [reactor-http-nio-14] DEBUG reactor.netty.resources.PooledConnectionProvider - [id: 0x638dbe56, L:/127.0.0.1:50373 - R:localhost/127.0.0.1:8082] onStateChange(GET{uri=/getAttractionRewardPoints?attractionId=7161657d-cae7-4772-9b18-2f780ae565a3&userId=8cce7020-6462-4307-917c-4f89eee35623, connection=PooledConnection{channel=[id: 0x638dbe56, L:/127.0.0.1:50373 - R:localhost/127.0.0.1:8082]}}, [response_received])
20:40:47.853 [reactor-http-nio-13] DEBUG reactor.netty.http.client.HttpClientOperations - [id: 0x228b707e, L:/127.0.0.1:50356 - R:localhost/127.0.0.1:8082] Received last HTTP packet
20:40:47.853 [reactor-http-nio-14] DEBUG org.springframework.web.reactive.function.client.ExchangeFunctions - [13a65c72] Response 200 OK
20:40:47.853 [reactor-http-nio-13] DEBUG org.springframework.core.codec.StringDecoder - [bc5e375] Decoded "928"
20:40:47.853 [reactor-http-nio-13] DEBUG reactor.netty.resources.PooledConnectionProvider - [id: 0x228b707e, L:/127.0.0.1:50356 - R:localhost/127.0.0.1:8082] onStateChange(GET{uri=/getAttractionRewardPoints?attractionId=e7ccb247-28d3-4b24-ab44-200eff3f7f1c&userId=14564303-434b-4d37-9a15-e1f1ba4d8f7a, connection=PooledConnection{channel=[id: 0x228b707e, L:/127.0.0.1:50356 - R:localhost/127.0.0.1:8082]}}, [disconnecting])
20:40:47.853 [reactor-http-nio-13] DEBUG reactor.netty.resources.PooledConnectionProvider - [id: 0x228b707e, L:/127.0.0.1:50356 - R:localhost/127.0.0.1:8082] Releasing channel
20:40:47.853 [reactor-http-nio-14] DEBUG reactor.netty.channel.FluxReceive - [id: 0x638dbe56, L:/127.0.0.1:50373 - R:localhost/127.0.0.1:8082] Subscribing inbound receiver [pending: 0, cancelled:false, inboundDone: false]
20:40:47.853 [reactor-http-nio-13] DEBUG reactor.netty.resources.PooledConnectionProvider - [id: 0x228b707e, L:/127.0.0.1:50356 - R:localhost/127.0.0.1:8082] Channel cleaned, now 47 active connections and 18 inactive connections
20:40:47.854 [reactor-http-nio-14] DEBUG reactor.netty.http.client.HttpClientOperations - [id: 0x638dbe56, L:/127.0.0.1:50373 - R:localhost/127.0.0.1:8082] Received last HTTP packet
20:40:47.854 [reactor-http-nio-14] DEBUG org.springframework.core.codec.StringDecoder - [13a65c72] Decoded "475"
20:40:47.854 [reactor-http-nio-14] DEBUG reactor.netty.resources.PooledConnectionProvider - [id: 0x638dbe56, L:/127.0.0.1:50373 - R:localhost/127.0.0.1:8082] onStateChange(GET{uri=/getAttractionRewardPoints?attractionId=7161657d-cae7-4772-9b18-2f780ae565a3&userId=8cce7020-6462-4307-917c-4f89eee35623, connection=PooledConnection{channel=[id: 0x638dbe56, L:/127.0.0.1:50373 - R:localhost/127.0.0.1:8082]}}, [disconnecting])
20:40:47.854 [reactor-http-nio-14] DEBUG reactor.netty.resources.PooledConnectionProvider - [id: 0x638dbe56, L:/127.0.0.1:50373 - R:localhost/127.0.0.1:8082] Releasing channel
20:40:47.854 [reactor-http-nio-14] DEBUG reactor.netty.resources.PooledConnectionProvider - [id: 0x638dbe56, L:/127.0.0.1:50373 - R:localhost/127.0.0.1:8082] Channel cleaned, now 46 active connections and 19 inactive connections
20:40:47.861 [reactor-http-nio-14] DEBUG reactor.netty.http.client.HttpClientOperations - [id: 0x53a45341, L:/127.0.0.1:50314 - R:localhost/127.0.0.1:8082] Received response (auto-read:false) : [Content-Type=application/json, Transfer-Encoding=chunked, Date=Fri, 11 Jun 2021 15:10:47 GMT]
20:40:47.861 [reactor-http-nio-14] DEBUG reactor.netty.resources.PooledConnectionProvider - [id: 0x53a45341, L:/127.0.0.1:50314 - R:localhost/127.0.0.1:8082] onStateChange(GET{uri=/getAttractionRewardPoints?attractionId=2d05b739-247a-4a43-91d3-9cf845deb22a&userId=3f695fe8-241a-4c91-bbb5-85ce11024c93, connection=PooledConnection{channel=[id: 0x53a45341, L:/127.0.0.1:50314 - R:localhost/127.0.0.1:8082]}}, [response_received])
20:40:47.861 [reactor-http-nio-14] DEBUG org.springframework.web.reactive.function.client.ExchangeFunctions - [2b5c1759] Response 200 OK
20:40:47.861 [reactor-http-nio-14] DEBUG reactor.netty.channel.FluxReceive - [id: 0x53a45341, L:/127.0.0.1:50314 - R:localhost/127.0.0.1:8082] Subscribing inbound receiver [pending: 0, cancelled:false, inboundDone: false]
20:40:47.861 [reactor-http-nio-14] DEBUG reactor.netty.http.client.HttpClientOperations - [id: 0x53a45341, L:/127.0.0.1:50314 - R:localhost/127.0.0.1:8082] Received last HTTP packet
20:40:47.862 [reactor-http-nio-14] DEBUG org.springframework.core.codec.StringDecoder - [2b5c1759] Decoded "890"
20:40:47.862 [reactor-http-nio-14] DEBUG reactor.netty.resources.PooledConnectionProvider - [id: 0x53a45341, L:/127.0.0.1:50314 - R:localhost/127.0.0.1:8082] onStateChange(GET{uri=/getAttractionRewardPoints?attractionId=2d05b739-247a-4a43-91d3-9cf845deb22a&userId=3f695fe8-241a-4c91-bbb5-85ce11024c93, connection=PooledConnection{channel=[id: 0x53a45341, L:/127.0.0.1:50314 - R:localhost/127.0.0.1:8082]}}, [disconnecting])
20:40:47.862 [reactor-http-nio-14] DEBUG reactor.netty.resources.PooledConnectionProvider - [id: 0x53a45341, L:/127.0.0.1:50314 - R:localhost/127.0.0.1:8082] Releasing channel
20:40:47.862 [reactor-http-nio-14] DEBUG reactor.netty.resources.PooledConnectionProvider - [id: 0x53a45341, L:/127.0.0.1:50314 - R:localhost/127.0.0.1:8082] Channel cleaned, now 45 active connections and 20 inactive connections
20:40:47.873 [reactor-http-nio-2] DEBUG reactor.netty.http.client.HttpClientOperations - [id: 0x25eb9b2e, L:/127.0.0.1:50247 - R:localhost/127.0.0.1:8081] Received response (auto-read:false) : [Content-Type=application/json, Transfer-Encoding=chunked, Date=Fri, 11 Jun 2021 15:10:47 GMT]
20:40:47.873 [reactor-http-nio-2] DEBUG reactor.netty.resources.PooledConnectionProvider - [id: 0x25eb9b2e, L:/127.0.0.1:50247 - R:localhost/127.0.0.1:8081] onStateChange(GET{uri=/getUserLocation?userId=6f1bfbe2-5d0e-4f69-a759-5f0ceb9ac8d1, connection=PooledConnection{channel=[id: 0x25eb9b2e, L:/127.0.0.1:50247 - R:localhost/127.0.0.1:8081]}}, [response_received])
20:40:47.873 [reactor-http-nio-2] DEBUG org.springframework.web.reactive.function.client.ExchangeFunctions - [3ddc540e] Response 200 OK
20:40:47.874 [reactor-http-nio-2] DEBUG reactor.netty.channel.FluxReceive - [id: 0x25eb9b2e, L:/127.0.0.1:50247 - R:localhost/127.0.0.1:8081] Subscribing inbound receiver [pending: 0, cancelled:false, inboundDone: false]
20:40:47.874 [reactor-http-nio-2] DEBUG reactor.netty.http.client.HttpClientOperations - [id: 0x25eb9b2e, L:/127.0.0.1:50247 - R:localhost/127.0.0.1:8081] Received last HTTP packet
20:40:47.874 [reactor-http-nio-2] DEBUG org.springframework.core.codec.StringDecoder - [3ddc540e] Decoded "{"userId":"6f1bfbe2-5d0e-4f69-a759-5f0ceb9ac8d1","location":{"longitude":96.816892,"latitude":-76.8 (truncated)...
20:40:47.874 [reactor-http-nio-2] DEBUG reactor.netty.resources.PooledConnectionProvider - [id: 0x25eb9b2e, L:/127.0.0.1:50247 - R:localhost/127.0.0.1:8081] onStateChange(GET{uri=/getUserLocation?userId=6f1bfbe2-5d0e-4f69-a759-5f0ceb9ac8d1, connection=PooledConnection{channel=[id: 0x25eb9b2e, L:/127.0.0.1:50247 - R:localhost/127.0.0.1:8081]}}, [disconnecting])
20:40:47.874 [reactor-http-nio-2] DEBUG reactor.netty.resources.PooledConnectionProvider - [id: 0x25eb9b2e, L:/127.0.0.1:50247 - R:localhost/127.0.0.1:8081] Releasing channel
20:40:47.874 [reactor-http-nio-2] DEBUG reactor.netty.resources.PooledConnectionProvider - [id: 0x25eb9b2e, L:/127.0.0.1:50247 - R:localhost/127.0.0.1:8081] Channel cleaned, now 0 active connections and 64 inactive connections
20:40:47.876 [pool-13-thread-1] DEBUG org.springframework.web.reactive.function.client.ExchangeFunctions - [41401f96] HTTP GET http://localhost:8081/getAttractions
20:40:47.876 [reactor-http-nio-12] DEBUG reactor.netty.resources.PooledConnectionProvider - [id: 0x83103ed5, L:/127.0.0.1:50287 - R:localhost/127.0.0.1:8081] Channel acquired, now 1 active connections and 63 inactive connections
20:40:47.876 [reactor-http-nio-12] DEBUG reactor.netty.http.client.HttpClientConnect - [id: 0x83103ed5, L:/127.0.0.1:50287 - R:localhost/127.0.0.1:8081] Handler is being applied: {uri=http://localhost:8081/getAttractions, method=GET}
20:40:47.876 [reactor-http-nio-12] DEBUG reactor.netty.resources.PooledConnectionProvider - [id: 0x83103ed5, L:/127.0.0.1:50287 - R:localhost/127.0.0.1:8081] onStateChange(GET{uri=/getAttractions, connection=PooledConnection{channel=[id: 0x83103ed5, L:/127.0.0.1:50287 - R:localhost/127.0.0.1:8081]}}, [request_sent])
20:40:47.883 [reactor-http-nio-12] DEBUG reactor.netty.http.client.HttpClientOperations - [id: 0x9e14c3ce, L:/127.0.0.1:50372 - R:localhost/127.0.0.1:8082] Received response (auto-read:false) : [Content-Type=application/json, Transfer-Encoding=chunked, Date=Fri, 11 Jun 2021 15:10:47 GMT]
20:40:47.883 [reactor-http-nio-12] DEBUG reactor.netty.resources.PooledConnectionProvider - [id: 0x9e14c3ce, L:/127.0.0.1:50372 - R:localhost/127.0.0.1:8082] onStateChange(GET{uri=/getAttractionRewardPoints?attractionId=61f9e151-7b65-49d2-8632-ce0d3dd9608f&userId=7eff379d-17e7-4c08-9555-9cfcb7a9d6ef, connection=PooledConnection{channel=[id: 0x9e14c3ce, L:/127.0.0.1:50372 - R:localhost/127.0.0.1:8082]}}, [response_received])
20:40:47.884 [reactor-http-nio-12] DEBUG org.springframework.web.reactive.function.client.ExchangeFunctions - [3823807a] Response 200 OK
20:40:47.884 [reactor-http-nio-12] DEBUG reactor.netty.channel.FluxReceive - [id: 0x9e14c3ce, L:/127.0.0.1:50372 - R:localhost/127.0.0.1:8082] Subscribing inbound receiver [pending: 0, cancelled:false, inboundDone: false]
20:40:47.884 [reactor-http-nio-12] DEBUG reactor.netty.http.client.HttpClientOperations - [id: 0x9e14c3ce, L:/127.0.0.1:50372 - R:localhost/127.0.0.1:8082] Received last HTTP packet
20:40:47.884 [reactor-http-nio-12] DEBUG org.springframework.core.codec.StringDecoder - [3823807a] Decoded "413"
20:40:47.884 [reactor-http-nio-12] DEBUG reactor.netty.resources.PooledConnectionProvider - [id: 0x9e14c3ce, L:/127.0.0.1:50372 - R:localhost/127.0.0.1:8082] onStateChange(GET{uri=/getAttractionRewardPoints?attractionId=61f9e151-7b65-49d2-8632-ce0d3dd9608f&userId=7eff379d-17e7-4c08-9555-9cfcb7a9d6ef, connection=PooledConnection{channel=[id: 0x9e14c3ce, L:/127.0.0.1:50372 - R:localhost/127.0.0.1:8082]}}, [disconnecting])
20:40:47.884 [reactor-http-nio-12] DEBUG reactor.netty.resources.PooledConnectionProvider - [id: 0x9e14c3ce, L:/127.0.0.1:50372 - R:localhost/127.0.0.1:8082] Releasing channel
20:40:47.884 [reactor-http-nio-12] DEBUG reactor.netty.resources.PooledConnectionProvider - [id: 0x9e14c3ce, L:/127.0.0.1:50372 - R:localhost/127.0.0.1:8082] Channel cleaned, now 44 active connections and 21 inactive connections
20:40:47.890 [reactor-http-nio-12] DEBUG reactor.netty.http.client.HttpClientOperations - [id: 0x83103ed5, L:/127.0.0.1:50287 - R:localhost/127.0.0.1:8081] Received response (auto-read:false) : [Content-Type=application/json, Transfer-Encoding=chunked, Date=Fri, 11 Jun 2021 15:10:47 GMT]
20:40:47.890 [reactor-http-nio-12] DEBUG reactor.netty.resources.PooledConnectionProvider - [id: 0x83103ed5, L:/127.0.0.1:50287 - R:localhost/127.0.0.1:8081] onStateChange(GET{uri=/getAttractions, connection=PooledConnection{channel=[id: 0x83103ed5, L:/127.0.0.1:50287 - R:localhost/127.0.0.1:8081]}}, [response_received])
20:40:47.890 [reactor-http-nio-12] DEBUG org.springframework.web.reactive.function.client.ExchangeFunctions - [41401f96] Response 200 OK
20:40:47.890 [reactor-http-nio-12] DEBUG reactor.netty.channel.FluxReceive - [id: 0x83103ed5, L:/127.0.0.1:50287 - R:localhost/127.0.0.1:8081] Subscribing inbound receiver [pending: 0, cancelled:false, inboundDone: false]
20:40:47.890 [reactor-http-nio-12] DEBUG reactor.netty.http.client.HttpClientOperations - [id: 0x83103ed5, L:/127.0.0.1:50287 - R:localhost/127.0.0.1:8081] Received last HTTP packet
20:40:47.890 [reactor-http-nio-12] DEBUG org.springframework.core.codec.StringDecoder - [41401f96] Decoded "[{"longitude":-117.922008,"latitude":33.817595,"attractionName":"Disneyland","city":"Anaheim","stat (truncated)...
20:40:47.890 [reactor-http-nio-12] DEBUG reactor.netty.resources.PooledConnectionProvider - [id: 0x83103ed5, L:/127.0.0.1:50287 - R:localhost/127.0.0.1:8081] onStateChange(GET{uri=/getAttractions, connection=PooledConnection{channel=[id: 0x83103ed5, L:/127.0.0.1:50287 - R:localhost/127.0.0.1:8081]}}, [disconnecting])
20:40:47.890 [reactor-http-nio-12] DEBUG reactor.netty.resources.PooledConnectionProvider - [id: 0x83103ed5, L:/127.0.0.1:50287 - R:localhost/127.0.0.1:8081] Releasing channel
20:40:47.891 [reactor-http-nio-12] DEBUG reactor.netty.resources.PooledConnectionProvider - [id: 0x83103ed5, L:/127.0.0.1:50287 - R:localhost/127.0.0.1:8081] Channel cleaned, now 0 active connections and 64 inactive connections
20:40:47.891 [pool-13-thread-1] DEBUG org.springframework.web.reactive.function.client.ExchangeFunctions - [72563d04] HTTP GET http://localhost:8081/getUserLocation?userId=87ec1487-1d51-49af-8513-e1d622849125
20:40:47.892 [reactor-http-nio-16] DEBUG reactor.netty.resources.PooledConnectionProvider - [id: 0x0ffc5b2c, L:/127.0.0.1:50250 - R:localhost/127.0.0.1:8081] Channel acquired, now 1 active connections and 63 inactive connections
20:40:47.892 [reactor-http-nio-16] DEBUG reactor.netty.http.client.HttpClientConnect - [id: 0x0ffc5b2c, L:/127.0.0.1:50250 - R:localhost/127.0.0.1:8081] Handler is being applied: {uri=http://localhost:8081/getUserLocation?userId=87ec1487-1d51-49af-8513-e1d622849125, method=GET}
20:40:47.892 [reactor-http-nio-16] DEBUG reactor.netty.resources.PooledConnectionProvider - [id: 0x0ffc5b2c, L:/127.0.0.1:50250 - R:localhost/127.0.0.1:8081] onStateChange(GET{uri=/getUserLocation?userId=87ec1487-1d51-49af-8513-e1d622849125, connection=PooledConnection{channel=[id: 0x0ffc5b2c, L:/127.0.0.1:50250 - R:localhost/127.0.0.1:8081]}}, [request_sent])
20:40:47.898 [reactor-http-nio-16] DEBUG reactor.netty.http.client.HttpClientOperations - [id: 0x6f766faa, L:/127.0.0.1:50369 - R:localhost/127.0.0.1:8082] Received response (auto-read:false) : [Content-Type=application/json, Transfer-Encoding=chunked, Date=Fri, 11 Jun 2021 15:10:47 GMT]
20:40:47.898 [reactor-http-nio-16] DEBUG reactor.netty.resources.PooledConnectionProvider - [id: 0x6f766faa, L:/127.0.0.1:50369 - R:localhost/127.0.0.1:8082] onStateChange(GET{uri=/getAttractionRewardPoints?attractionId=f7730381-84f4-4d07-b7b4-86aa93c6570b&userId=00b533ba-9a04-4954-b230-f6f5e703f112, connection=PooledConnection{channel=[id: 0x6f766faa, L:/127.0.0.1:50369 - R:localhost/127.0.0.1:8082]}}, [response_received])
20:40:47.898 [reactor-http-nio-16] DEBUG org.springframework.web.reactive.function.client.ExchangeFunctions - [696337b9] Response 200 OK
20:40:47.898 [reactor-http-nio-16] DEBUG reactor.netty.channel.FluxReceive - [id: 0x6f766faa, L:/127.0.0.1:50369 - R:localhost/127.0.0.1:8082] Subscribing inbound receiver [pending: 0, cancelled:false, inboundDone: false]
20:40:47.899 [reactor-http-nio-16] DEBUG reactor.netty.http.client.HttpClientOperations - [id: 0x6f766faa, L:/127.0.0.1:50369 - R:localhost/127.0.0.1:8082] Received last HTTP packet
20:40:47.899 [reactor-http-nio-16] DEBUG org.springframework.core.codec.StringDecoder - [696337b9] Decoded "247"
20:40:47.899 [reactor-http-nio-16] DEBUG reactor.netty.resources.PooledConnectionProvider - [id: 0x6f766faa, L:/127.0.0.1:50369 - R:localhost/127.0.0.1:8082] onStateChange(GET{uri=/getAttractionRewardPoints?attractionId=f7730381-84f4-4d07-b7b4-86aa93c6570b&userId=00b533ba-9a04-4954-b230-f6f5e703f112, connection=PooledConnection{channel=[id: 0x6f766faa, L:/127.0.0.1:50369 - R:localhost/127.0.0.1:8082]}}, [disconnecting])
20:40:47.899 [reactor-http-nio-16] DEBUG reactor.netty.resources.PooledConnectionProvider - [id: 0x6f766faa, L:/127.0.0.1:50369 - R:localhost/127.0.0.1:8082] Releasing channel
20:40:47.899 [reactor-http-nio-16] DEBUG reactor.netty.resources.PooledConnectionProvider - [id: 0x6f766faa, L:/127.0.0.1:50369 - R:localhost/127.0.0.1:8082] Channel cleaned, now 43 active connections and 22 inactive connections
20:40:47.908 [reactor-http-nio-2] DEBUG reactor.netty.http.client.HttpClientOperations - [id: 0xc26b7a12, L:/127.0.0.1:50323 - R:localhost/127.0.0.1:8082] Received response (auto-read:false) : [Content-Type=application/json, Transfer-Encoding=chunked, Date=Fri, 11 Jun 2021 15:10:47 GMT]
20:40:47.909 [reactor-http-nio-2] DEBUG reactor.netty.resources.PooledConnectionProvider - [id: 0xc26b7a12, L:/127.0.0.1:50323 - R:localhost/127.0.0.1:8082] onStateChange(GET{uri=/getAttractionRewardPoints?attractionId=ef2dbc1a-19a8-41c7-88f7-a909aeda59f5&userId=1ccf1930-b326-4af5-a5a9-dedeaf059389, connection=PooledConnection{channel=[id: 0xc26b7a12, L:/127.0.0.1:50323 - R:localhost/127.0.0.1:8082]}}, [response_received])
20:40:47.909 [reactor-http-nio-2] DEBUG org.springframework.web.reactive.function.client.ExchangeFunctions - [54b0e030] Response 200 OK
20:40:47.909 [reactor-http-nio-2] DEBUG reactor.netty.channel.FluxReceive - [id: 0xc26b7a12, L:/127.0.0.1:50323 - R:localhost/127.0.0.1:8082] Subscribing inbound receiver [pending: 0, cancelled:false, inboundDone: false]
20:40:47.909 [reactor-http-nio-2] DEBUG reactor.netty.http.client.HttpClientOperations - [id: 0xc26b7a12, L:/127.0.0.1:50323 - R:localhost/127.0.0.1:8082] Received last HTTP packet
20:40:47.909 [reactor-http-nio-2] DEBUG org.springframework.core.codec.StringDecoder - [54b0e030] Decoded "212"
20:40:47.909 [reactor-http-nio-2] DEBUG reactor.netty.resources.PooledConnectionProvider - [id: 0xc26b7a12, L:/127.0.0.1:50323 - R:localhost/127.0.0.1:8082] onStateChange(GET{uri=/getAttractionRewardPoints?attractionId=ef2dbc1a-19a8-41c7-88f7-a909aeda59f5&userId=1ccf1930-b326-4af5-a5a9-dedeaf059389, connection=PooledConnection{channel=[id: 0xc26b7a12, L:/127.0.0.1:50323 - R:localhost/127.0.0.1:8082]}}, [disconnecting])
20:40:47.909 [reactor-http-nio-2] DEBUG reactor.netty.resources.PooledConnectionProvider - [id: 0xc26b7a12, L:/127.0.0.1:50323 - R:localhost/127.0.0.1:8082] Releasing channel
20:40:47.909 [reactor-http-nio-2] DEBUG reactor.netty.resources.PooledConnectionProvider - [id: 0xc26b7a12, L:/127.0.0.1:50323 - R:localhost/127.0.0.1:8082] Channel cleaned, now 42 active connections and 23 inactive connections
20:40:47.924 [reactor-http-nio-12] DEBUG reactor.netty.http.client.HttpClientOperations - [id: 0x0010b985, L:/127.0.0.1:50346 - R:localhost/127.0.0.1:8082] Received response (auto-read:false) : [Content-Type=application/json, Transfer-Encoding=chunked, Date=Fri, 11 Jun 2021 15:10:47 GMT]
20:40:47.924 [reactor-http-nio-12] DEBUG reactor.netty.resources.PooledConnectionProvider - [id: 0x0010b985, L:/127.0.0.1:50346 - R:localhost/127.0.0.1:8082] onStateChange(GET{uri=/getAttractionRewardPoints?attractionId=4cd952e5-d23c-490d-a059-042e6a51394d&userId=7037308d-7f34-4c59-a896-4689056b645a, connection=PooledConnection{channel=[id: 0x0010b985, L:/127.0.0.1:50346 - R:localhost/127.0.0.1:8082]}}, [response_received])
20:40:47.924 [reactor-http-nio-12] DEBUG org.springframework.web.reactive.function.client.ExchangeFunctions - [4692a47a] Response 200 OK
20:40:47.925 [reactor-http-nio-12] DEBUG reactor.netty.channel.FluxReceive - [id: 0x0010b985, L:/127.0.0.1:50346 - R:localhost/127.0.0.1:8082] Subscribing inbound receiver [pending: 0, cancelled:false, inboundDone: false]
20:40:47.925 [reactor-http-nio-12] DEBUG reactor.netty.http.client.HttpClientOperations - [id: 0x0010b985, L:/127.0.0.1:50346 - R:localhost/127.0.0.1:8082] Received last HTTP packet
20:40:47.925 [reactor-http-nio-12] DEBUG org.springframework.core.codec.StringDecoder - [4692a47a] Decoded "570"
20:40:47.925 [reactor-http-nio-12] DEBUG reactor.netty.resources.PooledConnectionProvider - [id: 0x0010b985, L:/127.0.0.1:50346 - R:localhost/127.0.0.1:8082] onStateChange(GET{uri=/getAttractionRewardPoints?attractionId=4cd952e5-d23c-490d-a059-042e6a51394d&userId=7037308d-7f34-4c59-a896-4689056b645a, connection=PooledConnection{channel=[id: 0x0010b985, L:/127.0.0.1:50346 - R:localhost/127.0.0.1:8082]}}, [disconnecting])
20:40:47.925 [reactor-http-nio-12] DEBUG reactor.netty.resources.PooledConnectionProvider - [id: 0x0010b985, L:/127.0.0.1:50346 - R:localhost/127.0.0.1:8082] Releasing channel
20:40:47.925 [reactor-http-nio-12] DEBUG reactor.netty.resources.PooledConnectionProvider - [id: 0x0010b985, L:/127.0.0.1:50346 - R:localhost/127.0.0.1:8082] Channel cleaned, now 41 active connections and 24 inactive connections
20:40:47.962 [reactor-http-nio-2] DEBUG reactor.netty.http.client.HttpClientOperations - [id: 0x0a357186, L:/127.0.0.1:50341 - R:localhost/127.0.0.1:8082] Received response (auto-read:false) : [Content-Type=application/json, Transfer-Encoding=chunked, Date=Fri, 11 Jun 2021 15:10:47 GMT]
20:40:47.962 [reactor-http-nio-2] DEBUG reactor.netty.resources.PooledConnectionProvider - [id: 0x0a357186, L:/127.0.0.1:50341 - R:localhost/127.0.0.1:8082] onStateChange(GET{uri=/getAttractionRewardPoints?attractionId=0862e2af-d9bf-4c32-b1fc-c999afa9ae1a&userId=ee66b4d2-ae9c-4c37-b5b4-1b1147bb9fbd, connection=PooledConnection{channel=[id: 0x0a357186, L:/127.0.0.1:50341 - R:localhost/127.0.0.1:8082]}}, [response_received])
20:40:47.962 [reactor-http-nio-2] DEBUG org.springframework.web.reactive.function.client.ExchangeFunctions - [2b117813] Response 200 OK
20:40:47.962 [reactor-http-nio-2] DEBUG reactor.netty.channel.FluxReceive - [id: 0x0a357186, L:/127.0.0.1:50341 - R:localhost/127.0.0.1:8082] Subscribing inbound receiver [pending: 0, cancelled:false, inboundDone: false]
20:40:47.963 [reactor-http-nio-2] DEBUG reactor.netty.http.client.HttpClientOperations - [id: 0x0a357186, L:/127.0.0.1:50341 - R:localhost/127.0.0.1:8082] Received last HTTP packet
20:40:47.963 [reactor-http-nio-2] DEBUG org.springframework.core.codec.StringDecoder - [2b117813] Decoded "456"
20:40:47.963 [reactor-http-nio-2] DEBUG reactor.netty.resources.PooledConnectionProvider - [id: 0x0a357186, L:/127.0.0.1:50341 - R:localhost/127.0.0.1:8082] onStateChange(GET{uri=/getAttractionRewardPoints?attractionId=0862e2af-d9bf-4c32-b1fc-c999afa9ae1a&userId=ee66b4d2-ae9c-4c37-b5b4-1b1147bb9fbd, connection=PooledConnection{channel=[id: 0x0a357186, L:/127.0.0.1:50341 - R:localhost/127.0.0.1:8082]}}, [disconnecting])
20:40:47.963 [reactor-http-nio-2] DEBUG reactor.netty.resources.PooledConnectionProvider - [id: 0x0a357186, L:/127.0.0.1:50341 - R:localhost/127.0.0.1:8082] Releasing channel
20:40:47.963 [reactor-http-nio-2] DEBUG reactor.netty.resources.PooledConnectionProvider - [id: 0x0a357186, L:/127.0.0.1:50341 - R:localhost/127.0.0.1:8082] Channel cleaned, now 40 active connections and 25 inactive connections
20:40:47.979 [reactor-http-nio-16] DEBUG reactor.netty.http.client.HttpClientOperations - [id: 0x0ffc5b2c, L:/127.0.0.1:50250 - R:localhost/127.0.0.1:8081] Received response (auto-read:false) : [Content-Type=application/json, Transfer-Encoding=chunked, Date=Fri, 11 Jun 2021 15:10:47 GMT]
20:40:47.979 [reactor-http-nio-16] DEBUG reactor.netty.resources.PooledConnectionProvider - [id: 0x0ffc5b2c, L:/127.0.0.1:50250 - R:localhost/127.0.0.1:8081] onStateChange(GET{uri=/getUserLocation?userId=87ec1487-1d51-49af-8513-e1d622849125, connection=PooledConnection{channel=[id: 0x0ffc5b2c, L:/127.0.0.1:50250 - R:localhost/127.0.0.1:8081]}}, [response_received])
20:40:47.979 [reactor-http-nio-13] DEBUG reactor.netty.http.client.HttpClientOperations - [id: 0xc67a2049, L:/127.0.0.1:50327 - R:localhost/127.0.0.1:8082] Received response (auto-read:false) : [Content-Type=application/json, Transfer-Encoding=chunked, Date=Fri, 11 Jun 2021 15:10:47 GMT]
20:40:47.980 [reactor-http-nio-16] DEBUG org.springframework.web.reactive.function.client.ExchangeFunctions - [72563d04] Response 200 OK
20:40:47.980 [reactor-http-nio-13] DEBUG reactor.netty.resources.PooledConnectionProvider - [id: 0xc67a2049, L:/127.0.0.1:50327 - R:localhost/127.0.0.1:8082] onStateChange(GET{uri=/getAttractionRewardPoints?attractionId=1a1fc9cf-c2f2-4df7-9cf8-4f43dbc5bebf&userId=f8eb9263-bd90-4fae-8b2d-3647ad20dbc0, connection=PooledConnection{channel=[id: 0xc67a2049, L:/127.0.0.1:50327 - R:localhost/127.0.0.1:8082]}}, [response_received])
20:40:47.980 [reactor-http-nio-13] DEBUG org.springframework.web.reactive.function.client.ExchangeFunctions - [5580497f] Response 200 OK
20:40:47.980 [reactor-http-nio-16] DEBUG reactor.netty.channel.FluxReceive - [id: 0x0ffc5b2c, L:/127.0.0.1:50250 - R:localhost/127.0.0.1:8081] Subscribing inbound receiver [pending: 0, cancelled:false, inboundDone: false]
20:40:47.980 [reactor-http-nio-13] DEBUG reactor.netty.channel.FluxReceive - [id: 0xc67a2049, L:/127.0.0.1:50327 - R:localhost/127.0.0.1:8082] Subscribing inbound receiver [pending: 0, cancelled:false, inboundDone: false]
20:40:47.980 [reactor-http-nio-16] DEBUG reactor.netty.http.client.HttpClientOperations - [id: 0x0ffc5b2c, L:/127.0.0.1:50250 - R:localhost/127.0.0.1:8081] Received last HTTP packet
20:40:47.980 [reactor-http-nio-13] DEBUG reactor.netty.http.client.HttpClientOperations - [id: 0xc67a2049, L:/127.0.0.1:50327 - R:localhost/127.0.0.1:8082] Received last HTTP packet
20:40:47.981 [reactor-http-nio-13] DEBUG org.springframework.core.codec.StringDecoder - [5580497f] Decoded "184"
20:40:47.981 [reactor-http-nio-16] DEBUG org.springframework.core.codec.StringDecoder - [72563d04] Decoded "{"userId":"87ec1487-1d51-49af-8513-e1d622849125","location":{"longitude":108.474888,"latitude":-74. (truncated)...
20:40:47.981 [reactor-http-nio-13] DEBUG reactor.netty.resources.PooledConnectionProvider - [id: 0xc67a2049, L:/127.0.0.1:50327 - R:localhost/127.0.0.1:8082] onStateChange(GET{uri=/getAttractionRewardPoints?attractionId=1a1fc9cf-c2f2-4df7-9cf8-4f43dbc5bebf&userId=f8eb9263-bd90-4fae-8b2d-3647ad20dbc0, connection=PooledConnection{channel=[id: 0xc67a2049, L:/127.0.0.1:50327 - R:localhost/127.0.0.1:8082]}}, [disconnecting])
20:40:47.981 [reactor-http-nio-13] DEBUG reactor.netty.resources.PooledConnectionProvider - [id: 0xc67a2049, L:/127.0.0.1:50327 - R:localhost/127.0.0.1:8082] Releasing channel
20:40:47.981 [reactor-http-nio-16] DEBUG reactor.netty.resources.PooledConnectionProvider - [id: 0x0ffc5b2c, L:/127.0.0.1:50250 - R:localhost/127.0.0.1:8081] onStateChange(GET{uri=/getUserLocation?userId=87ec1487-1d51-49af-8513-e1d622849125, connection=PooledConnection{channel=[id: 0x0ffc5b2c, L:/127.0.0.1:50250 - R:localhost/127.0.0.1:8081]}}, [disconnecting])
20:40:47.981 [reactor-http-nio-13] DEBUG reactor.netty.resources.PooledConnectionProvider - [id: 0xc67a2049, L:/127.0.0.1:50327 - R:localhost/127.0.0.1:8082] Channel cleaned, now 39 active connections and 26 inactive connections
20:40:47.981 [reactor-http-nio-16] DEBUG reactor.netty.resources.PooledConnectionProvider - [id: 0x0ffc5b2c, L:/127.0.0.1:50250 - R:localhost/127.0.0.1:8081] Releasing channel
20:40:47.981 [reactor-http-nio-16] DEBUG reactor.netty.resources.PooledConnectionProvider - [id: 0x0ffc5b2c, L:/127.0.0.1:50250 - R:localhost/127.0.0.1:8081] Channel cleaned, now 0 active connections and 64 inactive connections
20:40:47.982 [pool-13-thread-1] DEBUG org.springframework.web.reactive.function.client.ExchangeFunctions - [5324855a] HTTP GET http://localhost:8081/getAttractions
20:40:47.983 [reactor-http-nio-10] DEBUG reactor.netty.resources.PooledConnectionProvider - [id: 0xb124e91d, L:/127.0.0.1:50277 - R:localhost/127.0.0.1:8081] Channel acquired, now 1 active connections and 63 inactive connections
20:40:47.983 [reactor-http-nio-10] DEBUG reactor.netty.http.client.HttpClientConnect - [id: 0xb124e91d, L:/127.0.0.1:50277 - R:localhost/127.0.0.1:8081] Handler is being applied: {uri=http://localhost:8081/getAttractions, method=GET}
20:40:47.983 [reactor-http-nio-10] DEBUG reactor.netty.resources.PooledConnectionProvider - [id: 0xb124e91d, L:/127.0.0.1:50277 - R:localhost/127.0.0.1:8081] onStateChange(GET{uri=/getAttractions, connection=PooledConnection{channel=[id: 0xb124e91d, L:/127.0.0.1:50277 - R:localhost/127.0.0.1:8081]}}, [request_sent])
20:40:47.991 [reactor-http-nio-10] DEBUG reactor.netty.http.client.HttpClientOperations - [id: 0xdb3b61c8, L:/127.0.0.1:50362 - R:localhost/127.0.0.1:8082] Received response (auto-read:false) : [Content-Type=application/json, Transfer-Encoding=chunked, Date=Fri, 11 Jun 2021 15:10:47 GMT]
20:40:47.991 [reactor-http-nio-10] DEBUG reactor.netty.resources.PooledConnectionProvider - [id: 0xdb3b61c8, L:/127.0.0.1:50362 - R:localhost/127.0.0.1:8082] onStateChange(GET{uri=/getAttractionRewardPoints?attractionId=47a46744-f81b-429b-b3bf-9e2c4dac9761&userId=04064f3e-a9fe-4d8c-a0f6-e0a17fe5ddab, connection=PooledConnection{channel=[id: 0xdb3b61c8, L:/127.0.0.1:50362 - R:localhost/127.0.0.1:8082]}}, [response_received])
20:40:47.991 [reactor-http-nio-10] DEBUG org.springframework.web.reactive.function.client.ExchangeFunctions - [49465ccb] Response 200 OK
20:40:47.991 [reactor-http-nio-10] DEBUG reactor.netty.channel.FluxReceive - [id: 0xdb3b61c8, L:/127.0.0.1:50362 - R:localhost/127.0.0.1:8082] Subscribing inbound receiver [pending: 0, cancelled:false, inboundDone: false]
20:40:47.992 [reactor-http-nio-10] DEBUG reactor.netty.http.client.HttpClientOperations - [id: 0xdb3b61c8, L:/127.0.0.1:50362 - R:localhost/127.0.0.1:8082] Received last HTTP packet
20:40:47.992 [reactor-http-nio-10] DEBUG org.springframework.core.codec.StringDecoder - [49465ccb] Decoded "571"
20:40:47.992 [reactor-http-nio-10] DEBUG reactor.netty.resources.PooledConnectionProvider - [id: 0xdb3b61c8, L:/127.0.0.1:50362 - R:localhost/127.0.0.1:8082] onStateChange(GET{uri=/getAttractionRewardPoints?attractionId=47a46744-f81b-429b-b3bf-9e2c4dac9761&userId=04064f3e-a9fe-4d8c-a0f6-e0a17fe5ddab, connection=PooledConnection{channel=[id: 0xdb3b61c8, L:/127.0.0.1:50362 - R:localhost/127.0.0.1:8082]}}, [disconnecting])
20:40:47.992 [reactor-http-nio-10] DEBUG reactor.netty.resources.PooledConnectionProvider - [id: 0xdb3b61c8, L:/127.0.0.1:50362 - R:localhost/127.0.0.1:8082] Releasing channel
20:40:47.992 [reactor-http-nio-10] DEBUG reactor.netty.resources.PooledConnectionProvider - [id: 0xdb3b61c8, L:/127.0.0.1:50362 - R:localhost/127.0.0.1:8082] Channel cleaned, now 38 active connections and 27 inactive connections
20:40:47.995 [reactor-http-nio-10] DEBUG reactor.netty.http.client.HttpClientOperations - [id: 0xb124e91d, L:/127.0.0.1:50277 - R:localhost/127.0.0.1:8081] Received response (auto-read:false) : [Content-Type=application/json, Transfer-Encoding=chunked, Date=Fri, 11 Jun 2021 15:10:47 GMT]
20:40:47.995 [reactor-http-nio-10] DEBUG reactor.netty.resources.PooledConnectionProvider - [id: 0xb124e91d, L:/127.0.0.1:50277 - R:localhost/127.0.0.1:8081] onStateChange(GET{uri=/getAttractions, connection=PooledConnection{channel=[id: 0xb124e91d, L:/127.0.0.1:50277 - R:localhost/127.0.0.1:8081]}}, [response_received])
20:40:47.995 [reactor-http-nio-2] DEBUG reactor.netty.http.client.HttpClientOperations - [id: 0xa9c7a5f4, L:/127.0.0.1:50353 - R:localhost/127.0.0.1:8082] Received response (auto-read:false) : [Content-Type=application/json, Transfer-Encoding=chunked, Date=Fri, 11 Jun 2021 15:10:47 GMT]
20:40:47.995 [reactor-http-nio-2] DEBUG reactor.netty.resources.PooledConnectionProvider - [id: 0xa9c7a5f4, L:/127.0.0.1:50353 - R:localhost/127.0.0.1:8082] onStateChange(GET{uri=/getAttractionRewardPoints?attractionId=6cbaef2a-86fb-4f5a-ad2d-ff6510c24666&userId=2e608f53-19c9-47ce-bf3e-c20da197b5ce, connection=PooledConnection{channel=[id: 0xa9c7a5f4, L:/127.0.0.1:50353 - R:localhost/127.0.0.1:8082]}}, [response_received])
20:40:47.995 [reactor-http-nio-10] DEBUG org.springframework.web.reactive.function.client.ExchangeFunctions - [5324855a] Response 200 OK
20:40:47.995 [reactor-http-nio-2] DEBUG org.springframework.web.reactive.function.client.ExchangeFunctions - [2ec25c2a] Response 200 OK
20:40:47.995 [reactor-http-nio-2] DEBUG reactor.netty.channel.FluxReceive - [id: 0xa9c7a5f4, L:/127.0.0.1:50353 - R:localhost/127.0.0.1:8082] Subscribing inbound receiver [pending: 0, cancelled:false, inboundDone: false]
20:40:47.995 [reactor-http-nio-10] DEBUG reactor.netty.channel.FluxReceive - [id: 0xb124e91d, L:/127.0.0.1:50277 - R:localhost/127.0.0.1:8081] Subscribing inbound receiver [pending: 0, cancelled:false, inboundDone: false]
20:40:47.996 [reactor-http-nio-2] DEBUG reactor.netty.http.client.HttpClientOperations - [id: 0xa9c7a5f4, L:/127.0.0.1:50353 - R:localhost/127.0.0.1:8082] Received last HTTP packet
20:40:47.996 [reactor-http-nio-10] DEBUG reactor.netty.http.client.HttpClientOperations - [id: 0xb124e91d, L:/127.0.0.1:50277 - R:localhost/127.0.0.1:8081] Received last HTTP packet
20:40:47.996 [reactor-http-nio-2] DEBUG org.springframework.core.codec.StringDecoder - [2ec25c2a] Decoded "208"
20:40:47.996 [reactor-http-nio-10] DEBUG org.springframework.core.codec.StringDecoder - [5324855a] Decoded "[{"longitude":-117.922008,"latitude":33.817595,"attractionName":"Disneyland","city":"Anaheim","stat (truncated)...
20:40:47.996 [reactor-http-nio-2] DEBUG reactor.netty.resources.PooledConnectionProvider - [id: 0xa9c7a5f4, L:/127.0.0.1:50353 - R:localhost/127.0.0.1:8082] onStateChange(GET{uri=/getAttractionRewardPoints?attractionId=6cbaef2a-86fb-4f5a-ad2d-ff6510c24666&userId=2e608f53-19c9-47ce-bf3e-c20da197b5ce, connection=PooledConnection{channel=[id: 0xa9c7a5f4, L:/127.0.0.1:50353 - R:localhost/127.0.0.1:8082]}}, [disconnecting])
20:40:47.996 [reactor-http-nio-2] DEBUG reactor.netty.resources.PooledConnectionProvider - [id: 0xa9c7a5f4, L:/127.0.0.1:50353 - R:localhost/127.0.0.1:8082] Releasing channel
20:40:47.996 [reactor-http-nio-10] DEBUG reactor.netty.resources.PooledConnectionProvider - [id: 0xb124e91d, L:/127.0.0.1:50277 - R:localhost/127.0.0.1:8081] onStateChange(GET{uri=/getAttractions, connection=PooledConnection{channel=[id: 0xb124e91d, L:/127.0.0.1:50277 - R:localhost/127.0.0.1:8081]}}, [disconnecting])
20:40:47.996 [reactor-http-nio-2] DEBUG reactor.netty.resources.PooledConnectionProvider - [id: 0xa9c7a5f4, L:/127.0.0.1:50353 - R:localhost/127.0.0.1:8082] Channel cleaned, now 37 active connections and 28 inactive connections
20:40:47.996 [reactor-http-nio-10] DEBUG reactor.netty.resources.PooledConnectionProvider - [id: 0xb124e91d, L:/127.0.0.1:50277 - R:localhost/127.0.0.1:8081] Releasing channel
20:40:47.996 [reactor-http-nio-10] DEBUG reactor.netty.resources.PooledConnectionProvider - [id: 0xb124e91d, L:/127.0.0.1:50277 - R:localhost/127.0.0.1:8081] Channel cleaned, now 0 active connections and 64 inactive connections
20:40:47.997 [pool-13-thread-1] DEBUG org.springframework.web.reactive.function.client.ExchangeFunctions - [c87d714] HTTP GET http://localhost:8082/getAttractionRewardPoints?attractionId=83e0ee5b-42e0-4491-854c-7f862d0edcf8&userId=87ec1487-1d51-49af-8513-e1d622849125
20:40:47.997 [reactor-http-nio-13] DEBUG reactor.netty.http.client.HttpClientOperations - [id: 0x04fc8c2f, L:/127.0.0.1:50355 - R:localhost/127.0.0.1:8082] Received response (auto-read:false) : [Content-Type=application/json, Transfer-Encoding=chunked, Date=Fri, 11 Jun 2021 15:10:47 GMT]
20:40:47.997 [reactor-http-nio-13] DEBUG reactor.netty.resources.PooledConnectionProvider - [id: 0x04fc8c2f, L:/127.0.0.1:50355 - R:localhost/127.0.0.1:8082] onStateChange(GET{uri=/getAttractionRewardPoints?attractionId=a5fd3d74-19d5-402a-9971-d72db184904f&userId=b6dd033c-a62a-45d8-9d7a-4af0907ce748, connection=PooledConnection{channel=[id: 0x04fc8c2f, L:/127.0.0.1:50355 - R:localhost/127.0.0.1:8082]}}, [response_received])
20:40:47.998 [reactor-http-nio-13] DEBUG org.springframework.web.reactive.function.client.ExchangeFunctions - [384bf478] Response 200 OK
20:40:47.998 [reactor-http-nio-13] DEBUG reactor.netty.channel.FluxReceive - [id: 0x04fc8c2f, L:/127.0.0.1:50355 - R:localhost/127.0.0.1:8082] Subscribing inbound receiver [pending: 0, cancelled:false, inboundDone: false]
20:40:47.999 [reactor-http-nio-2] DEBUG reactor.netty.resources.PooledConnectionProvider - [id: 0xd63fc309, L:/127.0.0.1:50336 - R:localhost/127.0.0.1:8082] Channel acquired, now 38 active connections and 27 inactive connections
20:40:48.000 [reactor-http-nio-13] DEBUG reactor.netty.http.client.HttpClientOperations - [id: 0x04fc8c2f, L:/127.0.0.1:50355 - R:localhost/127.0.0.1:8082] Received last HTTP packet
20:40:48.000 [reactor-http-nio-2] DEBUG reactor.netty.http.client.HttpClientConnect - [id: 0xd63fc309, L:/127.0.0.1:50336 - R:localhost/127.0.0.1:8082] Handler is being applied: {uri=http://localhost:8082/getAttractionRewardPoints?attractionId=83e0ee5b-42e0-4491-854c-7f862d0edcf8&userId=87ec1487-1d51-49af-8513-e1d622849125, method=GET}
20:40:48.001 [reactor-http-nio-13] DEBUG org.springframework.core.codec.StringDecoder - [384bf478] Decoded "816"
20:40:48.001 [reactor-http-nio-13] DEBUG reactor.netty.resources.PooledConnectionProvider - [id: 0x04fc8c2f, L:/127.0.0.1:50355 - R:localhost/127.0.0.1:8082] onStateChange(GET{uri=/getAttractionRewardPoints?attractionId=a5fd3d74-19d5-402a-9971-d72db184904f&userId=b6dd033c-a62a-45d8-9d7a-4af0907ce748, connection=PooledConnection{channel=[id: 0x04fc8c2f, L:/127.0.0.1:50355 - R:localhost/127.0.0.1:8082]}}, [disconnecting])
20:40:48.002 [reactor-http-nio-13] DEBUG reactor.netty.resources.PooledConnectionProvider - [id: 0x04fc8c2f, L:/127.0.0.1:50355 - R:localhost/127.0.0.1:8082] Releasing channel
20:40:48.002 [reactor-http-nio-13] DEBUG reactor.netty.resources.PooledConnectionProvider - [id: 0x04fc8c2f, L:/127.0.0.1:50355 - R:localhost/127.0.0.1:8082] Channel cleaned, now 37 active connections and 28 inactive connections
20:40:48.002 [reactor-http-nio-2] DEBUG reactor.netty.resources.PooledConnectionProvider - [id: 0xd63fc309, L:/127.0.0.1:50336 - R:localhost/127.0.0.1:8082] onStateChange(GET{uri=/getAttractionRewardPoints?attractionId=83e0ee5b-42e0-4491-854c-7f862d0edcf8&userId=87ec1487-1d51-49af-8513-e1d622849125, connection=PooledConnection{channel=[id: 0xd63fc309, L:/127.0.0.1:50336 - R:localhost/127.0.0.1:8082]}}, [request_sent])
20:40:48.012 [reactor-http-nio-2] DEBUG reactor.netty.http.client.HttpClientOperations - [id: 0x8fdb8005, L:/127.0.0.1:50311 - R:localhost/127.0.0.1:8082] Received response (auto-read:false) : [Content-Type=application/json, Transfer-Encoding=chunked, Date=Fri, 11 Jun 2021 15:10:47 GMT]
20:40:48.012 [reactor-http-nio-2] DEBUG reactor.netty.resources.PooledConnectionProvider - [id: 0x8fdb8005, L:/127.0.0.1:50311 - R:localhost/127.0.0.1:8082] onStateChange(GET{uri=/getAttractionRewardPoints?attractionId=0ae17609-98ac-4306-ae34-f3f44b92f5d2&userId=79245883-bb11-4dcb-9f2e-fa6506955d4f, connection=PooledConnection{channel=[id: 0x8fdb8005, L:/127.0.0.1:50311 - R:localhost/127.0.0.1:8082]}}, [response_received])
20:40:48.012 [reactor-http-nio-2] DEBUG org.springframework.web.reactive.function.client.ExchangeFunctions - [7e191f8e] Response 200 OK
20:40:48.013 [reactor-http-nio-2] DEBUG reactor.netty.channel.FluxReceive - [id: 0x8fdb8005, L:/127.0.0.1:50311 - R:localhost/127.0.0.1:8082] Subscribing inbound receiver [pending: 0, cancelled:false, inboundDone: false]
20:40:48.013 [reactor-http-nio-2] DEBUG reactor.netty.http.client.HttpClientOperations - [id: 0x8fdb8005, L:/127.0.0.1:50311 - R:localhost/127.0.0.1:8082] Received last HTTP packet
20:40:48.013 [reactor-http-nio-2] DEBUG org.springframework.core.codec.StringDecoder - [7e191f8e] Decoded "471"
20:40:48.013 [reactor-http-nio-2] DEBUG reactor.netty.resources.PooledConnectionProvider - [id: 0x8fdb8005, L:/127.0.0.1:50311 - R:localhost/127.0.0.1:8082] onStateChange(GET{uri=/getAttractionRewardPoints?attractionId=0ae17609-98ac-4306-ae34-f3f44b92f5d2&userId=79245883-bb11-4dcb-9f2e-fa6506955d4f, connection=PooledConnection{channel=[id: 0x8fdb8005, L:/127.0.0.1:50311 - R:localhost/127.0.0.1:8082]}}, [disconnecting])
20:40:48.013 [reactor-http-nio-2] DEBUG reactor.netty.resources.PooledConnectionProvider - [id: 0x8fdb8005, L:/127.0.0.1:50311 - R:localhost/127.0.0.1:8082] Releasing channel
20:40:48.013 [reactor-http-nio-2] DEBUG reactor.netty.resources.PooledConnectionProvider - [id: 0x8fdb8005, L:/127.0.0.1:50311 - R:localhost/127.0.0.1:8082] Channel cleaned, now 36 active connections and 29 inactive connections
20:40:48.024 [reactor-http-nio-2] DEBUG reactor.netty.http.client.HttpClientOperations - [id: 0x6b095c1c, L:/127.0.0.1:50340 - R:localhost/127.0.0.1:8082] Received response (auto-read:false) : [Content-Type=application/json, Transfer-Encoding=chunked, Date=Fri, 11 Jun 2021 15:10:47 GMT]
20:40:48.024 [reactor-http-nio-2] DEBUG reactor.netty.resources.PooledConnectionProvider - [id: 0x6b095c1c, L:/127.0.0.1:50340 - R:localhost/127.0.0.1:8082] onStateChange(GET{uri=/getAttractionRewardPoints?attractionId=67026429-06e6-4eee-95ef-6cde29d20f70&userId=6fd09b0f-2109-45f2-80a4-508c9e8018f2, connection=PooledConnection{channel=[id: 0x6b095c1c, L:/127.0.0.1:50340 - R:localhost/127.0.0.1:8082]}}, [response_received])
20:40:48.024 [reactor-http-nio-2] DEBUG org.springframework.web.reactive.function.client.ExchangeFunctions - [2fea56db] Response 200 OK
20:40:48.024 [reactor-http-nio-2] DEBUG reactor.netty.channel.FluxReceive - [id: 0x6b095c1c, L:/127.0.0.1:50340 - R:localhost/127.0.0.1:8082] Subscribing inbound receiver [pending: 0, cancelled:false, inboundDone: false]
20:40:48.024 [reactor-http-nio-2] DEBUG reactor.netty.http.client.HttpClientOperations - [id: 0x6b095c1c, L:/127.0.0.1:50340 - R:localhost/127.0.0.1:8082] Received last HTTP packet
20:40:48.024 [reactor-http-nio-2] DEBUG org.springframework.core.codec.StringDecoder - [2fea56db] Decoded "761"
20:40:48.024 [reactor-http-nio-2] DEBUG reactor.netty.resources.PooledConnectionProvider - [id: 0x6b095c1c, L:/127.0.0.1:50340 - R:localhost/127.0.0.1:8082] onStateChange(GET{uri=/getAttractionRewardPoints?attractionId=67026429-06e6-4eee-95ef-6cde29d20f70&userId=6fd09b0f-2109-45f2-80a4-508c9e8018f2, connection=PooledConnection{channel=[id: 0x6b095c1c, L:/127.0.0.1:50340 - R:localhost/127.0.0.1:8082]}}, [disconnecting])
20:40:48.024 [reactor-http-nio-2] DEBUG reactor.netty.resources.PooledConnectionProvider - [id: 0x6b095c1c, L:/127.0.0.1:50340 - R:localhost/127.0.0.1:8082] Releasing channel
20:40:48.024 [reactor-http-nio-2] DEBUG reactor.netty.resources.PooledConnectionProvider - [id: 0x6b095c1c, L:/127.0.0.1:50340 - R:localhost/127.0.0.1:8082] Channel cleaned, now 35 active connections and 30 inactive connections
20:40:48.029 [reactor-http-nio-12] DEBUG reactor.netty.http.client.HttpClientOperations - [id: 0x0154bb24, L:/127.0.0.1:50367 - R:localhost/127.0.0.1:8082] Received response (auto-read:false) : [Content-Type=application/json, Transfer-Encoding=chunked, Date=Fri, 11 Jun 2021 15:10:47 GMT]
20:40:48.029 [reactor-http-nio-12] DEBUG reactor.netty.resources.PooledConnectionProvider - [id: 0x0154bb24, L:/127.0.0.1:50367 - R:localhost/127.0.0.1:8082] onStateChange(GET{uri=/getAttractionRewardPoints?attractionId=31de444d-ecbc-4aba-9b66-31611c243f14&userId=b1b1b4c2-fe44-4e8d-bae7-4f6a5f2ca364, connection=PooledConnection{channel=[id: 0x0154bb24, L:/127.0.0.1:50367 - R:localhost/127.0.0.1:8082]}}, [response_received])
20:40:48.029 [reactor-http-nio-12] DEBUG org.springframework.web.reactive.function.client.ExchangeFunctions - [70a0959b] Response 200 OK
20:40:48.030 [reactor-http-nio-12] DEBUG reactor.netty.channel.FluxReceive - [id: 0x0154bb24, L:/127.0.0.1:50367 - R:localhost/127.0.0.1:8082] Subscribing inbound receiver [pending: 0, cancelled:false, inboundDone: false]
20:40:48.030 [reactor-http-nio-12] DEBUG reactor.netty.http.client.HttpClientOperations - [id: 0x0154bb24, L:/127.0.0.1:50367 - R:localhost/127.0.0.1:8082] Received last HTTP packet
20:40:48.030 [reactor-http-nio-12] DEBUG org.springframework.core.codec.StringDecoder - [70a0959b] Decoded "49"
20:40:48.030 [reactor-http-nio-12] DEBUG reactor.netty.resources.PooledConnectionProvider - [id: 0x0154bb24, L:/127.0.0.1:50367 - R:localhost/127.0.0.1:8082] onStateChange(GET{uri=/getAttractionRewardPoints?attractionId=31de444d-ecbc-4aba-9b66-31611c243f14&userId=b1b1b4c2-fe44-4e8d-bae7-4f6a5f2ca364, connection=PooledConnection{channel=[id: 0x0154bb24, L:/127.0.0.1:50367 - R:localhost/127.0.0.1:8082]}}, [disconnecting])
20:40:48.030 [reactor-http-nio-12] DEBUG reactor.netty.resources.PooledConnectionProvider - [id: 0x0154bb24, L:/127.0.0.1:50367 - R:localhost/127.0.0.1:8082] Releasing channel
20:40:48.030 [reactor-http-nio-12] DEBUG reactor.netty.resources.PooledConnectionProvider - [id: 0x0154bb24, L:/127.0.0.1:50367 - R:localhost/127.0.0.1:8082] Channel cleaned, now 34 active connections and 31 inactive connections
20:40:48.033 [reactor-http-nio-14] DEBUG reactor.netty.http.client.HttpClientOperations - [id: 0x0cd41048, L:/127.0.0.1:50358 - R:localhost/127.0.0.1:8082] Received response (auto-read:false) : [Content-Type=application/json, Transfer-Encoding=chunked, Date=Fri, 11 Jun 2021 15:10:47 GMT]
20:40:48.033 [reactor-http-nio-14] DEBUG reactor.netty.resources.PooledConnectionProvider - [id: 0x0cd41048, L:/127.0.0.1:50358 - R:localhost/127.0.0.1:8082] onStateChange(GET{uri=/getAttractionRewardPoints?attractionId=682b3bf2-21ee-48bc-bf95-ff99a02ca331&userId=9bb2fca9-2eab-4616-8e48-6f60132d094e, connection=PooledConnection{channel=[id: 0x0cd41048, L:/127.0.0.1:50358 - R:localhost/127.0.0.1:8082]}}, [response_received])
20:40:48.033 [reactor-http-nio-14] DEBUG org.springframework.web.reactive.function.client.ExchangeFunctions - [629b8916] Response 200 OK
20:40:48.033 [reactor-http-nio-14] DEBUG reactor.netty.channel.FluxReceive - [id: 0x0cd41048, L:/127.0.0.1:50358 - R:localhost/127.0.0.1:8082] Subscribing inbound receiver [pending: 0, cancelled:false, inboundDone: false]
20:40:48.033 [reactor-http-nio-14] DEBUG reactor.netty.http.client.HttpClientOperations - [id: 0x0cd41048, L:/127.0.0.1:50358 - R:localhost/127.0.0.1:8082] Received last HTTP packet
20:40:48.034 [reactor-http-nio-14] DEBUG org.springframework.core.codec.StringDecoder - [629b8916] Decoded "970"
20:40:48.034 [reactor-http-nio-14] DEBUG reactor.netty.resources.PooledConnectionProvider - [id: 0x0cd41048, L:/127.0.0.1:50358 - R:localhost/127.0.0.1:8082] onStateChange(GET{uri=/getAttractionRewardPoints?attractionId=682b3bf2-21ee-48bc-bf95-ff99a02ca331&userId=9bb2fca9-2eab-4616-8e48-6f60132d094e, connection=PooledConnection{channel=[id: 0x0cd41048, L:/127.0.0.1:50358 - R:localhost/127.0.0.1:8082]}}, [disconnecting])
20:40:48.034 [reactor-http-nio-14] DEBUG reactor.netty.resources.PooledConnectionProvider - [id: 0x0cd41048, L:/127.0.0.1:50358 - R:localhost/127.0.0.1:8082] Releasing channel
20:40:48.034 [reactor-http-nio-14] DEBUG reactor.netty.resources.PooledConnectionProvider - [id: 0x0cd41048, L:/127.0.0.1:50358 - R:localhost/127.0.0.1:8082] Channel cleaned, now 33 active connections and 32 inactive connections
20:40:48.036 [reactor-http-nio-10] DEBUG reactor.netty.http.client.HttpClientOperations - [id: 0x92893c4f, L:/127.0.0.1:50360 - R:localhost/127.0.0.1:8082] Received response (auto-read:false) : [Content-Type=application/json, Transfer-Encoding=chunked, Date=Fri, 11 Jun 2021 15:10:47 GMT]
20:40:48.036 [reactor-http-nio-10] DEBUG reactor.netty.resources.PooledConnectionProvider - [id: 0x92893c4f, L:/127.0.0.1:50360 - R:localhost/127.0.0.1:8082] onStateChange(GET{uri=/getAttractionRewardPoints?attractionId=f96f56f3-2c4b-45b0-bb31-9a2925a13fca&userId=9753c425-df3a-46d3-94d0-85f208f05f81, connection=PooledConnection{channel=[id: 0x92893c4f, L:/127.0.0.1:50360 - R:localhost/127.0.0.1:8082]}}, [response_received])
20:40:48.036 [reactor-http-nio-10] DEBUG org.springframework.web.reactive.function.client.ExchangeFunctions - [45833db4] Response 200 OK
20:40:48.036 [reactor-http-nio-10] DEBUG reactor.netty.channel.FluxReceive - [id: 0x92893c4f, L:/127.0.0.1:50360 - R:localhost/127.0.0.1:8082] Subscribing inbound receiver [pending: 0, cancelled:false, inboundDone: false]
20:40:48.037 [reactor-http-nio-10] DEBUG reactor.netty.http.client.HttpClientOperations - [id: 0x92893c4f, L:/127.0.0.1:50360 - R:localhost/127.0.0.1:8082] Received last HTTP packet
20:40:48.037 [reactor-http-nio-10] DEBUG org.springframework.core.codec.StringDecoder - [45833db4] Decoded "198"
20:40:48.037 [reactor-http-nio-10] DEBUG reactor.netty.resources.PooledConnectionProvider - [id: 0x92893c4f, L:/127.0.0.1:50360 - R:localhost/127.0.0.1:8082] onStateChange(GET{uri=/getAttractionRewardPoints?attractionId=f96f56f3-2c4b-45b0-bb31-9a2925a13fca&userId=9753c425-df3a-46d3-94d0-85f208f05f81, connection=PooledConnection{channel=[id: 0x92893c4f, L:/127.0.0.1:50360 - R:localhost/127.0.0.1:8082]}}, [disconnecting])
20:40:48.037 [reactor-http-nio-10] DEBUG reactor.netty.resources.PooledConnectionProvider - [id: 0x92893c4f, L:/127.0.0.1:50360 - R:localhost/127.0.0.1:8082] Releasing channel
20:40:48.037 [reactor-http-nio-10] DEBUG reactor.netty.resources.PooledConnectionProvider - [id: 0x92893c4f, L:/127.0.0.1:50360 - R:localhost/127.0.0.1:8082] Channel cleaned, now 32 active connections and 33 inactive connections
20:40:48.043 [reactor-http-nio-15] DEBUG reactor.netty.http.client.HttpClientOperations - [id: 0xec445147, L:/127.0.0.1:50329 - R:localhost/127.0.0.1:8082] Received response (auto-read:false) : [Content-Type=application/json, Transfer-Encoding=chunked, Date=Fri, 11 Jun 2021 15:10:47 GMT]
20:40:48.043 [reactor-http-nio-15] DEBUG reactor.netty.resources.PooledConnectionProvider - [id: 0xec445147, L:/127.0.0.1:50329 - R:localhost/127.0.0.1:8082] onStateChange(GET{uri=/getAttractionRewardPoints?attractionId=8a3cd548-ab11-452d-8d03-7cbb0beb0cd7&userId=bfd00e76-c4e6-4e05-9bf4-a1b029e594a3, connection=PooledConnection{channel=[id: 0xec445147, L:/127.0.0.1:50329 - R:localhost/127.0.0.1:8082]}}, [response_received])
20:40:48.043 [reactor-http-nio-12] DEBUG reactor.netty.http.client.HttpClientOperations - [id: 0x6f2c8b9e, L:/127.0.0.1:50347 - R:localhost/127.0.0.1:8082] Received response (auto-read:false) : [Content-Type=application/json, Transfer-Encoding=chunked, Date=Fri, 11 Jun 2021 15:10:47 GMT]
20:40:48.044 [reactor-http-nio-12] DEBUG reactor.netty.resources.PooledConnectionProvider - [id: 0x6f2c8b9e, L:/127.0.0.1:50347 - R:localhost/127.0.0.1:8082] onStateChange(GET{uri=/getAttractionRewardPoints?attractionId=c8cd4b57-23d9-4555-ae91-2c94a057f879&userId=26827e54-d62e-4baf-9ad9-c52826029857, connection=PooledConnection{channel=[id: 0x6f2c8b9e, L:/127.0.0.1:50347 - R:localhost/127.0.0.1:8082]}}, [response_received])
20:40:48.044 [reactor-http-nio-15] DEBUG org.springframework.web.reactive.function.client.ExchangeFunctions - [19b9f8cc] Response 200 OK
20:40:48.044 [reactor-http-nio-12] DEBUG org.springframework.web.reactive.function.client.ExchangeFunctions - [4fa6ce3c] Response 200 OK
20:40:48.044 [reactor-http-nio-12] DEBUG reactor.netty.channel.FluxReceive - [id: 0x6f2c8b9e, L:/127.0.0.1:50347 - R:localhost/127.0.0.1:8082] Subscribing inbound receiver [pending: 0, cancelled:false, inboundDone: false]
20:40:48.044 [reactor-http-nio-15] DEBUG reactor.netty.channel.FluxReceive - [id: 0xec445147, L:/127.0.0.1:50329 - R:localhost/127.0.0.1:8082] Subscribing inbound receiver [pending: 0, cancelled:false, inboundDone: false]
20:40:48.044 [reactor-http-nio-12] DEBUG reactor.netty.http.client.HttpClientOperations - [id: 0x6f2c8b9e, L:/127.0.0.1:50347 - R:localhost/127.0.0.1:8082] Received last HTTP packet
20:40:48.044 [reactor-http-nio-12] DEBUG org.springframework.core.codec.StringDecoder - [4fa6ce3c] Decoded "738"
20:40:48.044 [reactor-http-nio-15] DEBUG reactor.netty.http.client.HttpClientOperations - [id: 0xec445147, L:/127.0.0.1:50329 - R:localhost/127.0.0.1:8082] Received last HTTP packet
20:40:48.044 [reactor-http-nio-12] DEBUG reactor.netty.resources.PooledConnectionProvider - [id: 0x6f2c8b9e, L:/127.0.0.1:50347 - R:localhost/127.0.0.1:8082] onStateChange(GET{uri=/getAttractionRewardPoints?attractionId=c8cd4b57-23d9-4555-ae91-2c94a057f879&userId=26827e54-d62e-4baf-9ad9-c52826029857, connection=PooledConnection{channel=[id: 0x6f2c8b9e, L:/127.0.0.1:50347 - R:localhost/127.0.0.1:8082]}}, [disconnecting])
20:40:48.044 [reactor-http-nio-12] DEBUG reactor.netty.resources.PooledConnectionProvider - [id: 0x6f2c8b9e, L:/127.0.0.1:50347 - R:localhost/127.0.0.1:8082] Releasing channel
20:40:48.044 [reactor-http-nio-12] DEBUG reactor.netty.resources.PooledConnectionProvider - [id: 0x6f2c8b9e, L:/127.0.0.1:50347 - R:localhost/127.0.0.1:8082] Channel cleaned, now 31 active connections and 34 inactive connections
20:40:48.044 [reactor-http-nio-15] DEBUG org.springframework.core.codec.StringDecoder - [19b9f8cc] Decoded "399"
20:40:48.044 [reactor-http-nio-15] DEBUG reactor.netty.resources.PooledConnectionProvider - [id: 0xec445147, L:/127.0.0.1:50329 - R:localhost/127.0.0.1:8082] onStateChange(GET{uri=/getAttractionRewardPoints?attractionId=8a3cd548-ab11-452d-8d03-7cbb0beb0cd7&userId=bfd00e76-c4e6-4e05-9bf4-a1b029e594a3, connection=PooledConnection{channel=[id: 0xec445147, L:/127.0.0.1:50329 - R:localhost/127.0.0.1:8082]}}, [disconnecting])
20:40:48.044 [reactor-http-nio-15] DEBUG reactor.netty.resources.PooledConnectionProvider - [id: 0xec445147, L:/127.0.0.1:50329 - R:localhost/127.0.0.1:8082] Releasing channel
20:40:48.044 [reactor-http-nio-15] DEBUG reactor.netty.resources.PooledConnectionProvider - [id: 0xec445147, L:/127.0.0.1:50329 - R:localhost/127.0.0.1:8082] Channel cleaned, now 30 active connections and 35 inactive connections
20:40:48.047 [reactor-http-nio-12] DEBUG reactor.netty.http.client.HttpClientOperations - [id: 0xa3f7a646, L:/127.0.0.1:50359 - R:localhost/127.0.0.1:8082] Received response (auto-read:false) : [Content-Type=application/json, Transfer-Encoding=chunked, Date=Fri, 11 Jun 2021 15:10:47 GMT]
20:40:48.047 [reactor-http-nio-12] DEBUG reactor.netty.resources.PooledConnectionProvider - [id: 0xa3f7a646, L:/127.0.0.1:50359 - R:localhost/127.0.0.1:8082] onStateChange(GET{uri=/getAttractionRewardPoints?attractionId=bdc05421-c5c6-480c-bdbf-504e68a14b06&userId=e656c4b1-53ff-416f-87a9-07c50b03c3d8, connection=PooledConnection{channel=[id: 0xa3f7a646, L:/127.0.0.1:50359 - R:localhost/127.0.0.1:8082]}}, [response_received])
20:40:48.047 [reactor-http-nio-12] DEBUG org.springframework.web.reactive.function.client.ExchangeFunctions - [6b6450a4] Response 200 OK
20:40:48.048 [reactor-http-nio-12] DEBUG reactor.netty.channel.FluxReceive - [id: 0xa3f7a646, L:/127.0.0.1:50359 - R:localhost/127.0.0.1:8082] Subscribing inbound receiver [pending: 0, cancelled:false, inboundDone: false]
20:40:48.048 [reactor-http-nio-12] DEBUG reactor.netty.http.client.HttpClientOperations - [id: 0xa3f7a646, L:/127.0.0.1:50359 - R:localhost/127.0.0.1:8082] Received last HTTP packet
20:40:48.048 [reactor-http-nio-12] DEBUG org.springframework.core.codec.StringDecoder - [6b6450a4] Decoded "46"
20:40:48.048 [reactor-http-nio-12] DEBUG reactor.netty.resources.PooledConnectionProvider - [id: 0xa3f7a646, L:/127.0.0.1:50359 - R:localhost/127.0.0.1:8082] onStateChange(GET{uri=/getAttractionRewardPoints?attractionId=bdc05421-c5c6-480c-bdbf-504e68a14b06&userId=e656c4b1-53ff-416f-87a9-07c50b03c3d8, connection=PooledConnection{channel=[id: 0xa3f7a646, L:/127.0.0.1:50359 - R:localhost/127.0.0.1:8082]}}, [disconnecting])
20:40:48.048 [reactor-http-nio-12] DEBUG reactor.netty.resources.PooledConnectionProvider - [id: 0xa3f7a646, L:/127.0.0.1:50359 - R:localhost/127.0.0.1:8082] Releasing channel
20:40:48.048 [reactor-http-nio-12] DEBUG reactor.netty.resources.PooledConnectionProvider - [id: 0xa3f7a646, L:/127.0.0.1:50359 - R:localhost/127.0.0.1:8082] Channel cleaned, now 29 active connections and 36 inactive connections
20:40:48.063 [reactor-http-nio-14] DEBUG reactor.netty.http.client.HttpClientOperations - [id: 0x66aa18dc, L:/127.0.0.1:50320 - R:localhost/127.0.0.1:8082] Received response (auto-read:false) : [Content-Type=application/json, Transfer-Encoding=chunked, Date=Fri, 11 Jun 2021 15:10:47 GMT]
20:40:48.063 [reactor-http-nio-14] DEBUG reactor.netty.resources.PooledConnectionProvider - [id: 0x66aa18dc, L:/127.0.0.1:50320 - R:localhost/127.0.0.1:8082] onStateChange(GET{uri=/getAttractionRewardPoints?attractionId=68583355-6c8e-4b04-8735-617c8f54d06e&userId=01a2e5f0-445b-4f37-9c07-8252ea818904, connection=PooledConnection{channel=[id: 0x66aa18dc, L:/127.0.0.1:50320 - R:localhost/127.0.0.1:8082]}}, [response_received])
20:40:48.063 [reactor-http-nio-10] DEBUG reactor.netty.http.client.HttpClientOperations - [id: 0x811f3f54, L:/127.0.0.1:50361 - R:localhost/127.0.0.1:8082] Received response (auto-read:false) : [Content-Type=application/json, Transfer-Encoding=chunked, Date=Fri, 11 Jun 2021 15:10:47 GMT]
20:40:48.063 [reactor-http-nio-10] DEBUG reactor.netty.resources.PooledConnectionProvider - [id: 0x811f3f54, L:/127.0.0.1:50361 - R:localhost/127.0.0.1:8082] onStateChange(GET{uri=/getAttractionRewardPoints?attractionId=f3e79f25-396c-47fb-9a5c-163d3361c9ec&userId=4946f19e-7d8c-4aa6-9865-ba38f429ab12, connection=PooledConnection{channel=[id: 0x811f3f54, L:/127.0.0.1:50361 - R:localhost/127.0.0.1:8082]}}, [response_received])
20:40:48.063 [reactor-http-nio-14] DEBUG org.springframework.web.reactive.function.client.ExchangeFunctions - [27c84e33] Response 200 OK
20:40:48.063 [reactor-http-nio-10] DEBUG org.springframework.web.reactive.function.client.ExchangeFunctions - [65dc4212] Response 200 OK
20:40:48.063 [reactor-http-nio-10] DEBUG reactor.netty.channel.FluxReceive - [id: 0x811f3f54, L:/127.0.0.1:50361 - R:localhost/127.0.0.1:8082] Subscribing inbound receiver [pending: 0, cancelled:false, inboundDone: false]
20:40:48.063 [reactor-http-nio-14] DEBUG reactor.netty.channel.FluxReceive - [id: 0x66aa18dc, L:/127.0.0.1:50320 - R:localhost/127.0.0.1:8082] Subscribing inbound receiver [pending: 0, cancelled:false, inboundDone: false]
20:40:48.063 [reactor-http-nio-10] DEBUG reactor.netty.http.client.HttpClientOperations - [id: 0x811f3f54, L:/127.0.0.1:50361 - R:localhost/127.0.0.1:8082] Received last HTTP packet
20:40:48.064 [reactor-http-nio-14] DEBUG reactor.netty.http.client.HttpClientOperations - [id: 0x66aa18dc, L:/127.0.0.1:50320 - R:localhost/127.0.0.1:8082] Received last HTTP packet
20:40:48.064 [reactor-http-nio-10] DEBUG org.springframework.core.codec.StringDecoder - [65dc4212] Decoded "259"
20:40:48.064 [reactor-http-nio-14] DEBUG org.springframework.core.codec.StringDecoder - [27c84e33] Decoded "183"
20:40:48.064 [reactor-http-nio-14] DEBUG reactor.netty.resources.PooledConnectionProvider - [id: 0x66aa18dc, L:/127.0.0.1:50320 - R:localhost/127.0.0.1:8082] onStateChange(GET{uri=/getAttractionRewardPoints?attractionId=68583355-6c8e-4b04-8735-617c8f54d06e&userId=01a2e5f0-445b-4f37-9c07-8252ea818904, connection=PooledConnection{channel=[id: 0x66aa18dc, L:/127.0.0.1:50320 - R:localhost/127.0.0.1:8082]}}, [disconnecting])
20:40:48.064 [reactor-http-nio-14] DEBUG reactor.netty.resources.PooledConnectionProvider - [id: 0x66aa18dc, L:/127.0.0.1:50320 - R:localhost/127.0.0.1:8082] Releasing channel
20:40:48.064 [reactor-http-nio-10] DEBUG reactor.netty.resources.PooledConnectionProvider - [id: 0x811f3f54, L:/127.0.0.1:50361 - R:localhost/127.0.0.1:8082] onStateChange(GET{uri=/getAttractionRewardPoints?attractionId=f3e79f25-396c-47fb-9a5c-163d3361c9ec&userId=4946f19e-7d8c-4aa6-9865-ba38f429ab12, connection=PooledConnection{channel=[id: 0x811f3f54, L:/127.0.0.1:50361 - R:localhost/127.0.0.1:8082]}}, [disconnecting])
20:40:48.064 [reactor-http-nio-14] DEBUG reactor.netty.resources.PooledConnectionProvider - [id: 0x66aa18dc, L:/127.0.0.1:50320 - R:localhost/127.0.0.1:8082] Channel cleaned, now 28 active connections and 37 inactive connections
20:40:48.064 [reactor-http-nio-10] DEBUG reactor.netty.resources.PooledConnectionProvider - [id: 0x811f3f54, L:/127.0.0.1:50361 - R:localhost/127.0.0.1:8082] Releasing channel
20:40:48.064 [reactor-http-nio-10] DEBUG reactor.netty.resources.PooledConnectionProvider - [id: 0x811f3f54, L:/127.0.0.1:50361 - R:localhost/127.0.0.1:8082] Channel cleaned, now 27 active connections and 38 inactive connections
20:40:48.069 [reactor-http-nio-10] DEBUG reactor.netty.http.client.HttpClientOperations - [id: 0x56dc91d0, L:/127.0.0.1:50326 - R:localhost/127.0.0.1:8082] Received response (auto-read:false) : [Content-Type=application/json, Transfer-Encoding=chunked, Date=Fri, 11 Jun 2021 15:10:47 GMT]
20:40:48.069 [reactor-http-nio-10] DEBUG reactor.netty.resources.PooledConnectionProvider - [id: 0x56dc91d0, L:/127.0.0.1:50326 - R:localhost/127.0.0.1:8082] onStateChange(GET{uri=/getAttractionRewardPoints?attractionId=79b9a713-689a-48e0-a587-c326e3b2dac0&userId=ad078478-72fd-464a-9e78-2cef19731170, connection=PooledConnection{channel=[id: 0x56dc91d0, L:/127.0.0.1:50326 - R:localhost/127.0.0.1:8082]}}, [response_received])
20:40:48.069 [reactor-http-nio-13] DEBUG reactor.netty.http.client.HttpClientOperations - [id: 0x8c8eb14c, L:/127.0.0.1:50328 - R:localhost/127.0.0.1:8082] Received response (auto-read:false) : [Content-Type=application/json, Transfer-Encoding=chunked, Date=Fri, 11 Jun 2021 15:10:47 GMT]
20:40:48.069 [reactor-http-nio-10] DEBUG org.springframework.web.reactive.function.client.ExchangeFunctions - [5e62f889] Response 200 OK
20:40:48.069 [reactor-http-nio-13] DEBUG reactor.netty.resources.PooledConnectionProvider - [id: 0x8c8eb14c, L:/127.0.0.1:50328 - R:localhost/127.0.0.1:8082] onStateChange(GET{uri=/getAttractionRewardPoints?attractionId=f776af94-899b-41dc-b2e8-74bc9bba1143&userId=87ec1487-1d51-49af-8513-e1d622849125, connection=PooledConnection{channel=[id: 0x8c8eb14c, L:/127.0.0.1:50328 - R:localhost/127.0.0.1:8082]}}, [response_received])
20:40:48.069 [reactor-http-nio-13] DEBUG org.springframework.web.reactive.function.client.ExchangeFunctions - [11483194] Response 200 OK
20:40:48.069 [reactor-http-nio-13] DEBUG reactor.netty.channel.FluxReceive - [id: 0x8c8eb14c, L:/127.0.0.1:50328 - R:localhost/127.0.0.1:8082] Subscribing inbound receiver [pending: 0, cancelled:false, inboundDone: false]
20:40:48.069 [reactor-http-nio-10] DEBUG reactor.netty.channel.FluxReceive - [id: 0x56dc91d0, L:/127.0.0.1:50326 - R:localhost/127.0.0.1:8082] Subscribing inbound receiver [pending: 0, cancelled:false, inboundDone: false]
20:40:48.069 [reactor-http-nio-13] DEBUG reactor.netty.http.client.HttpClientOperations - [id: 0x8c8eb14c, L:/127.0.0.1:50328 - R:localhost/127.0.0.1:8082] Received last HTTP packet
20:40:48.069 [reactor-http-nio-13] DEBUG org.springframework.core.codec.StringDecoder - [11483194] Decoded "65"
20:40:48.069 [reactor-http-nio-13] DEBUG reactor.netty.resources.PooledConnectionProvider - [id: 0x8c8eb14c, L:/127.0.0.1:50328 - R:localhost/127.0.0.1:8082] onStateChange(GET{uri=/getAttractionRewardPoints?attractionId=f776af94-899b-41dc-b2e8-74bc9bba1143&userId=87ec1487-1d51-49af-8513-e1d622849125, connection=PooledConnection{channel=[id: 0x8c8eb14c, L:/127.0.0.1:50328 - R:localhost/127.0.0.1:8082]}}, [disconnecting])
20:40:48.069 [reactor-http-nio-13] DEBUG reactor.netty.resources.PooledConnectionProvider - [id: 0x8c8eb14c, L:/127.0.0.1:50328 - R:localhost/127.0.0.1:8082] Releasing channel
20:40:48.069 [reactor-http-nio-10] DEBUG reactor.netty.http.client.HttpClientOperations - [id: 0x56dc91d0, L:/127.0.0.1:50326 - R:localhost/127.0.0.1:8082] Received last HTTP packet
20:40:48.069 [reactor-http-nio-13] DEBUG reactor.netty.resources.PooledConnectionProvider - [id: 0x8c8eb14c, L:/127.0.0.1:50328 - R:localhost/127.0.0.1:8082] Channel cleaned, now 26 active connections and 39 inactive connections
20:40:48.069 [reactor-http-nio-10] DEBUG org.springframework.core.codec.StringDecoder - [5e62f889] Decoded "892"
20:40:48.069 [reactor-http-nio-10] DEBUG reactor.netty.resources.PooledConnectionProvider - [id: 0x56dc91d0, L:/127.0.0.1:50326 - R:localhost/127.0.0.1:8082] onStateChange(GET{uri=/getAttractionRewardPoints?attractionId=79b9a713-689a-48e0-a587-c326e3b2dac0&userId=ad078478-72fd-464a-9e78-2cef19731170, connection=PooledConnection{channel=[id: 0x56dc91d0, L:/127.0.0.1:50326 - R:localhost/127.0.0.1:8082]}}, [disconnecting])
20:40:48.069 [reactor-http-nio-10] DEBUG reactor.netty.resources.PooledConnectionProvider - [id: 0x56dc91d0, L:/127.0.0.1:50326 - R:localhost/127.0.0.1:8082] Releasing channel
20:40:48.069 [reactor-http-nio-10] DEBUG reactor.netty.resources.PooledConnectionProvider - [id: 0x56dc91d0, L:/127.0.0.1:50326 - R:localhost/127.0.0.1:8082] Channel cleaned, now 25 active connections and 40 inactive connections
20:40:48.074 [reactor-http-nio-15] DEBUG reactor.netty.http.client.HttpClientOperations - [id: 0xd2be4d43, L:/127.0.0.1:50349 - R:localhost/127.0.0.1:8082] Received response (auto-read:false) : [Content-Type=application/json, Transfer-Encoding=chunked, Date=Fri, 11 Jun 2021 15:10:47 GMT]
20:40:48.075 [reactor-http-nio-15] DEBUG reactor.netty.resources.PooledConnectionProvider - [id: 0xd2be4d43, L:/127.0.0.1:50349 - R:localhost/127.0.0.1:8082] onStateChange(GET{uri=/getAttractionRewardPoints?attractionId=da77180b-f838-4fe6-b6db-72304e2b67c9&userId=d6ab001b-8cef-45c0-9438-b5ec8bf6a712, connection=PooledConnection{channel=[id: 0xd2be4d43, L:/127.0.0.1:50349 - R:localhost/127.0.0.1:8082]}}, [response_received])
20:40:48.075 [reactor-http-nio-15] DEBUG org.springframework.web.reactive.function.client.ExchangeFunctions - [56225082] Response 200 OK
20:40:48.075 [reactor-http-nio-15] DEBUG reactor.netty.channel.FluxReceive - [id: 0xd2be4d43, L:/127.0.0.1:50349 - R:localhost/127.0.0.1:8082] Subscribing inbound receiver [pending: 0, cancelled:false, inboundDone: false]
20:40:48.075 [reactor-http-nio-15] DEBUG reactor.netty.http.client.HttpClientOperations - [id: 0xd2be4d43, L:/127.0.0.1:50349 - R:localhost/127.0.0.1:8082] Received last HTTP packet
20:40:48.075 [reactor-http-nio-15] DEBUG org.springframework.core.codec.StringDecoder - [56225082] Decoded "33"
20:40:48.075 [reactor-http-nio-15] DEBUG reactor.netty.resources.PooledConnectionProvider - [id: 0xd2be4d43, L:/127.0.0.1:50349 - R:localhost/127.0.0.1:8082] onStateChange(GET{uri=/getAttractionRewardPoints?attractionId=da77180b-f838-4fe6-b6db-72304e2b67c9&userId=d6ab001b-8cef-45c0-9438-b5ec8bf6a712, connection=PooledConnection{channel=[id: 0xd2be4d43, L:/127.0.0.1:50349 - R:localhost/127.0.0.1:8082]}}, [disconnecting])
20:40:48.075 [reactor-http-nio-15] DEBUG reactor.netty.resources.PooledConnectionProvider - [id: 0xd2be4d43, L:/127.0.0.1:50349 - R:localhost/127.0.0.1:8082] Releasing channel
20:40:48.075 [reactor-http-nio-15] DEBUG reactor.netty.resources.PooledConnectionProvider - [id: 0xd2be4d43, L:/127.0.0.1:50349 - R:localhost/127.0.0.1:8082] Channel cleaned, now 24 active connections and 41 inactive connections
20:40:48.107 [reactor-http-nio-13] DEBUG reactor.netty.http.client.HttpClientOperations - [id: 0x62bbe86d, L:/127.0.0.1:50345 - R:localhost/127.0.0.1:8082] Received response (auto-read:false) : [Content-Type=application/json, Transfer-Encoding=chunked, Date=Fri, 11 Jun 2021 15:10:47 GMT]
20:40:48.107 [reactor-http-nio-13] DEBUG reactor.netty.resources.PooledConnectionProvider - [id: 0x62bbe86d, L:/127.0.0.1:50345 - R:localhost/127.0.0.1:8082] onStateChange(GET{uri=/getAttractionRewardPoints?attractionId=af5c31d6-eb7f-4718-ae02-66d01be794b4&userId=c6e991e5-9381-40bb-8163-b5496aa4d868, connection=PooledConnection{channel=[id: 0x62bbe86d, L:/127.0.0.1:50345 - R:localhost/127.0.0.1:8082]}}, [response_received])
20:40:48.108 [reactor-http-nio-13] DEBUG org.springframework.web.reactive.function.client.ExchangeFunctions - [2dff0cb7] Response 200 OK
20:40:48.108 [reactor-http-nio-13] DEBUG reactor.netty.channel.FluxReceive - [id: 0x62bbe86d, L:/127.0.0.1:50345 - R:localhost/127.0.0.1:8082] Subscribing inbound receiver [pending: 0, cancelled:false, inboundDone: false]
20:40:48.108 [reactor-http-nio-13] DEBUG reactor.netty.http.client.HttpClientOperations - [id: 0x62bbe86d, L:/127.0.0.1:50345 - R:localhost/127.0.0.1:8082] Received last HTTP packet
20:40:48.109 [reactor-http-nio-13] DEBUG org.springframework.core.codec.StringDecoder - [2dff0cb7] Decoded "45"
20:40:48.109 [reactor-http-nio-13] DEBUG reactor.netty.resources.PooledConnectionProvider - [id: 0x62bbe86d, L:/127.0.0.1:50345 - R:localhost/127.0.0.1:8082] onStateChange(GET{uri=/getAttractionRewardPoints?attractionId=af5c31d6-eb7f-4718-ae02-66d01be794b4&userId=c6e991e5-9381-40bb-8163-b5496aa4d868, connection=PooledConnection{channel=[id: 0x62bbe86d, L:/127.0.0.1:50345 - R:localhost/127.0.0.1:8082]}}, [disconnecting])
20:40:48.109 [reactor-http-nio-13] DEBUG reactor.netty.resources.PooledConnectionProvider - [id: 0x62bbe86d, L:/127.0.0.1:50345 - R:localhost/127.0.0.1:8082] Releasing channel
20:40:48.109 [reactor-http-nio-13] DEBUG reactor.netty.resources.PooledConnectionProvider - [id: 0x62bbe86d, L:/127.0.0.1:50345 - R:localhost/127.0.0.1:8082] Channel cleaned, now 23 active connections and 42 inactive connections
20:40:48.123 [reactor-http-nio-12] DEBUG reactor.netty.http.client.HttpClientOperations - [id: 0xe5e5d890, L:/127.0.0.1:50313 - R:localhost/127.0.0.1:8082] Received response (auto-read:false) : [Content-Type=application/json, Transfer-Encoding=chunked, Date=Fri, 11 Jun 2021 15:10:47 GMT]
20:40:48.123 [reactor-http-nio-12] DEBUG reactor.netty.resources.PooledConnectionProvider - [id: 0xe5e5d890, L:/127.0.0.1:50313 - R:localhost/127.0.0.1:8082] onStateChange(GET{uri=/getAttractionRewardPoints?attractionId=3f588623-7484-42cc-8bd2-3cf5d82e1caf&userId=6a8ca47b-e1e4-4ef8-a5da-17548ccb22e5, connection=PooledConnection{channel=[id: 0xe5e5d890, L:/127.0.0.1:50313 - R:localhost/127.0.0.1:8082]}}, [response_received])
20:40:48.123 [reactor-http-nio-11] DEBUG reactor.netty.http.client.HttpClientOperations - [id: 0xeb9710a2, L:/127.0.0.1:50339 - R:localhost/127.0.0.1:8082] Received response (auto-read:false) : [Content-Type=application/json, Transfer-Encoding=chunked, Date=Fri, 11 Jun 2021 15:10:47 GMT]
20:40:48.123 [reactor-http-nio-11] DEBUG reactor.netty.resources.PooledConnectionProvider - [id: 0xeb9710a2, L:/127.0.0.1:50339 - R:localhost/127.0.0.1:8082] onStateChange(GET{uri=/getAttractionRewardPoints?attractionId=2aa64516-d2d9-4c67-b938-01966dea2ba5&userId=2b4489aa-59a2-4b01-a5b9-aede7648ebd5, connection=PooledConnection{channel=[id: 0xeb9710a2, L:/127.0.0.1:50339 - R:localhost/127.0.0.1:8082]}}, [response_received])
20:40:48.123 [reactor-http-nio-12] DEBUG org.springframework.web.reactive.function.client.ExchangeFunctions - [6703d90] Response 200 OK
20:40:48.123 [reactor-http-nio-11] DEBUG org.springframework.web.reactive.function.client.ExchangeFunctions - [3be6eb9e] Response 200 OK
20:40:48.123 [reactor-http-nio-12] DEBUG reactor.netty.channel.FluxReceive - [id: 0xe5e5d890, L:/127.0.0.1:50313 - R:localhost/127.0.0.1:8082] Subscribing inbound receiver [pending: 0, cancelled:false, inboundDone: false]
20:40:48.123 [reactor-http-nio-11] DEBUG reactor.netty.channel.FluxReceive - [id: 0xeb9710a2, L:/127.0.0.1:50339 - R:localhost/127.0.0.1:8082] Subscribing inbound receiver [pending: 0, cancelled:false, inboundDone: false]
20:40:48.123 [reactor-http-nio-12] DEBUG reactor.netty.http.client.HttpClientOperations - [id: 0xe5e5d890, L:/127.0.0.1:50313 - R:localhost/127.0.0.1:8082] Received last HTTP packet
20:40:48.123 [reactor-http-nio-11] DEBUG reactor.netty.http.client.HttpClientOperations - [id: 0xeb9710a2, L:/127.0.0.1:50339 - R:localhost/127.0.0.1:8082] Received last HTTP packet
20:40:48.124 [reactor-http-nio-11] DEBUG org.springframework.core.codec.StringDecoder - [3be6eb9e] Decoded "936"
20:40:48.124 [reactor-http-nio-12] DEBUG org.springframework.core.codec.StringDecoder - [6703d90] Decoded "866"
20:40:48.124 [reactor-http-nio-11] DEBUG reactor.netty.resources.PooledConnectionProvider - [id: 0xeb9710a2, L:/127.0.0.1:50339 - R:localhost/127.0.0.1:8082] onStateChange(GET{uri=/getAttractionRewardPoints?attractionId=2aa64516-d2d9-4c67-b938-01966dea2ba5&userId=2b4489aa-59a2-4b01-a5b9-aede7648ebd5, connection=PooledConnection{channel=[id: 0xeb9710a2, L:/127.0.0.1:50339 - R:localhost/127.0.0.1:8082]}}, [disconnecting])
20:40:48.124 [reactor-http-nio-11] DEBUG reactor.netty.resources.PooledConnectionProvider - [id: 0xeb9710a2, L:/127.0.0.1:50339 - R:localhost/127.0.0.1:8082] Releasing channel
20:40:48.124 [reactor-http-nio-12] DEBUG reactor.netty.resources.PooledConnectionProvider - [id: 0xe5e5d890, L:/127.0.0.1:50313 - R:localhost/127.0.0.1:8082] onStateChange(GET{uri=/getAttractionRewardPoints?attractionId=3f588623-7484-42cc-8bd2-3cf5d82e1caf&userId=6a8ca47b-e1e4-4ef8-a5da-17548ccb22e5, connection=PooledConnection{channel=[id: 0xe5e5d890, L:/127.0.0.1:50313 - R:localhost/127.0.0.1:8082]}}, [disconnecting])
20:40:48.124 [reactor-http-nio-12] DEBUG reactor.netty.resources.PooledConnectionProvider - [id: 0xe5e5d890, L:/127.0.0.1:50313 - R:localhost/127.0.0.1:8082] Releasing channel
20:40:48.124 [reactor-http-nio-11] DEBUG reactor.netty.resources.PooledConnectionProvider - [id: 0xeb9710a2, L:/127.0.0.1:50339 - R:localhost/127.0.0.1:8082] Channel cleaned, now 22 active connections and 43 inactive connections
20:40:48.124 [reactor-http-nio-12] DEBUG reactor.netty.resources.PooledConnectionProvider - [id: 0xe5e5d890, L:/127.0.0.1:50313 - R:localhost/127.0.0.1:8082] Channel cleaned, now 21 active connections and 44 inactive connections
20:40:48.149 [reactor-http-nio-11] DEBUG reactor.netty.http.client.HttpClientOperations - [id: 0xbfea545a, L:/127.0.0.1:50351 - R:localhost/127.0.0.1:8082] Received response (auto-read:false) : [Content-Type=application/json, Transfer-Encoding=chunked, Date=Fri, 11 Jun 2021 15:10:47 GMT]
20:40:48.149 [reactor-http-nio-11] DEBUG reactor.netty.resources.PooledConnectionProvider - [id: 0xbfea545a, L:/127.0.0.1:50351 - R:localhost/127.0.0.1:8082] onStateChange(GET{uri=/getAttractionRewardPoints?attractionId=3d6676b2-d41c-4e95-b49d-1c3fa7bace80&userId=8428b8dc-69db-46af-bad7-9753c5bac092, connection=PooledConnection{channel=[id: 0xbfea545a, L:/127.0.0.1:50351 - R:localhost/127.0.0.1:8082]}}, [response_received])
20:40:48.149 [reactor-http-nio-11] DEBUG org.springframework.web.reactive.function.client.ExchangeFunctions - [33d80d84] Response 200 OK
20:40:48.149 [reactor-http-nio-11] DEBUG reactor.netty.channel.FluxReceive - [id: 0xbfea545a, L:/127.0.0.1:50351 - R:localhost/127.0.0.1:8082] Subscribing inbound receiver [pending: 0, cancelled:false, inboundDone: false]
20:40:48.150 [reactor-http-nio-11] DEBUG reactor.netty.http.client.HttpClientOperations - [id: 0xbfea545a, L:/127.0.0.1:50351 - R:localhost/127.0.0.1:8082] Received last HTTP packet
20:40:48.150 [reactor-http-nio-11] DEBUG org.springframework.core.codec.StringDecoder - [33d80d84] Decoded "160"
20:40:48.150 [reactor-http-nio-11] DEBUG reactor.netty.resources.PooledConnectionProvider - [id: 0xbfea545a, L:/127.0.0.1:50351 - R:localhost/127.0.0.1:8082] onStateChange(GET{uri=/getAttractionRewardPoints?attractionId=3d6676b2-d41c-4e95-b49d-1c3fa7bace80&userId=8428b8dc-69db-46af-bad7-9753c5bac092, connection=PooledConnection{channel=[id: 0xbfea545a, L:/127.0.0.1:50351 - R:localhost/127.0.0.1:8082]}}, [disconnecting])
20:40:48.150 [reactor-http-nio-11] DEBUG reactor.netty.resources.PooledConnectionProvider - [id: 0xbfea545a, L:/127.0.0.1:50351 - R:localhost/127.0.0.1:8082] Releasing channel
20:40:48.150 [reactor-http-nio-11] DEBUG reactor.netty.resources.PooledConnectionProvider - [id: 0xbfea545a, L:/127.0.0.1:50351 - R:localhost/127.0.0.1:8082] Channel cleaned, now 20 active connections and 45 inactive connections
20:40:48.150 [reactor-http-nio-15] DEBUG reactor.netty.http.client.HttpClientOperations - [id: 0xe573f461, L:/127.0.0.1:50333 - R:localhost/127.0.0.1:8082] Received response (auto-read:false) : [Content-Type=application/json, Transfer-Encoding=chunked, Date=Fri, 11 Jun 2021 15:10:47 GMT]
20:40:48.150 [reactor-http-nio-15] DEBUG reactor.netty.resources.PooledConnectionProvider - [id: 0xe573f461, L:/127.0.0.1:50333 - R:localhost/127.0.0.1:8082] onStateChange(GET{uri=/getAttractionRewardPoints?attractionId=13038c51-9307-4f18-8f01-c6bff4716a99&userId=5a2e6b04-dc6f-41ff-be64-e304ab3c28fd, connection=PooledConnection{channel=[id: 0xe573f461, L:/127.0.0.1:50333 - R:localhost/127.0.0.1:8082]}}, [response_received])
20:40:48.150 [reactor-http-nio-14] DEBUG reactor.netty.http.client.HttpClientOperations - [id: 0x7879d49c, L:/127.0.0.1:50315 - R:localhost/127.0.0.1:8082] Received response (auto-read:false) : [Content-Type=application/json, Transfer-Encoding=chunked, Date=Fri, 11 Jun 2021 15:10:47 GMT]
20:40:48.150 [reactor-http-nio-14] DEBUG reactor.netty.resources.PooledConnectionProvider - [id: 0x7879d49c, L:/127.0.0.1:50315 - R:localhost/127.0.0.1:8082] onStateChange(GET{uri=/getAttractionRewardPoints?attractionId=a48db609-76d5-4d0d-9087-109060203925&userId=c657fb61-970d-4e69-ba8d-272c1eeb2bbf, connection=PooledConnection{channel=[id: 0x7879d49c, L:/127.0.0.1:50315 - R:localhost/127.0.0.1:8082]}}, [response_received])
20:40:48.150 [reactor-http-nio-15] DEBUG org.springframework.web.reactive.function.client.ExchangeFunctions - [35729612] Response 200 OK
20:40:48.150 [reactor-http-nio-14] DEBUG org.springframework.web.reactive.function.client.ExchangeFunctions - [7df4f5a0] Response 200 OK
20:40:48.150 [reactor-http-nio-15] DEBUG reactor.netty.channel.FluxReceive - [id: 0xe573f461, L:/127.0.0.1:50333 - R:localhost/127.0.0.1:8082] Subscribing inbound receiver [pending: 0, cancelled:false, inboundDone: false]
20:40:48.150 [reactor-http-nio-14] DEBUG reactor.netty.channel.FluxReceive - [id: 0x7879d49c, L:/127.0.0.1:50315 - R:localhost/127.0.0.1:8082] Subscribing inbound receiver [pending: 0, cancelled:false, inboundDone: false]
20:40:48.151 [reactor-http-nio-14] DEBUG reactor.netty.http.client.HttpClientOperations - [id: 0x7879d49c, L:/127.0.0.1:50315 - R:localhost/127.0.0.1:8082] Received last HTTP packet
20:40:48.151 [reactor-http-nio-15] DEBUG reactor.netty.http.client.HttpClientOperations - [id: 0xe573f461, L:/127.0.0.1:50333 - R:localhost/127.0.0.1:8082] Received last HTTP packet
20:40:48.151 [reactor-http-nio-14] DEBUG org.springframework.core.codec.StringDecoder - [7df4f5a0] Decoded "29"
20:40:48.151 [reactor-http-nio-15] DEBUG org.springframework.core.codec.StringDecoder - [35729612] Decoded "992"
20:40:48.151 [reactor-http-nio-14] DEBUG reactor.netty.resources.PooledConnectionProvider - [id: 0x7879d49c, L:/127.0.0.1:50315 - R:localhost/127.0.0.1:8082] onStateChange(GET{uri=/getAttractionRewardPoints?attractionId=a48db609-76d5-4d0d-9087-109060203925&userId=c657fb61-970d-4e69-ba8d-272c1eeb2bbf, connection=PooledConnection{channel=[id: 0x7879d49c, L:/127.0.0.1:50315 - R:localhost/127.0.0.1:8082]}}, [disconnecting])
20:40:48.151 [reactor-http-nio-14] DEBUG reactor.netty.resources.PooledConnectionProvider - [id: 0x7879d49c, L:/127.0.0.1:50315 - R:localhost/127.0.0.1:8082] Releasing channel
20:40:48.151 [reactor-http-nio-15] DEBUG reactor.netty.resources.PooledConnectionProvider - [id: 0xe573f461, L:/127.0.0.1:50333 - R:localhost/127.0.0.1:8082] onStateChange(GET{uri=/getAttractionRewardPoints?attractionId=13038c51-9307-4f18-8f01-c6bff4716a99&userId=5a2e6b04-dc6f-41ff-be64-e304ab3c28fd, connection=PooledConnection{channel=[id: 0xe573f461, L:/127.0.0.1:50333 - R:localhost/127.0.0.1:8082]}}, [disconnecting])
20:40:48.151 [reactor-http-nio-15] DEBUG reactor.netty.resources.PooledConnectionProvider - [id: 0xe573f461, L:/127.0.0.1:50333 - R:localhost/127.0.0.1:8082] Releasing channel
20:40:48.151 [reactor-http-nio-14] DEBUG reactor.netty.resources.PooledConnectionProvider - [id: 0x7879d49c, L:/127.0.0.1:50315 - R:localhost/127.0.0.1:8082] Channel cleaned, now 19 active connections and 46 inactive connections
20:40:48.151 [reactor-http-nio-15] DEBUG reactor.netty.resources.PooledConnectionProvider - [id: 0xe573f461, L:/127.0.0.1:50333 - R:localhost/127.0.0.1:8082] Channel cleaned, now 18 active connections and 47 inactive connections
20:40:48.161 [reactor-http-nio-13] DEBUG reactor.netty.http.client.HttpClientOperations - [id: 0xc40c2d76, L:/127.0.0.1:50350 - R:localhost/127.0.0.1:8082] Received response (auto-read:false) : [Content-Type=application/json, Transfer-Encoding=chunked, Date=Fri, 11 Jun 2021 15:10:47 GMT]
20:40:48.161 [reactor-http-nio-13] DEBUG reactor.netty.resources.PooledConnectionProvider - [id: 0xc40c2d76, L:/127.0.0.1:50350 - R:localhost/127.0.0.1:8082] onStateChange(GET{uri=/getAttractionRewardPoints?attractionId=f3f9fb0a-cc7b-45a5-9704-db624ed9364e&userId=8f7f2033-9cb1-4d96-99bf-135845398c65, connection=PooledConnection{channel=[id: 0xc40c2d76, L:/127.0.0.1:50350 - R:localhost/127.0.0.1:8082]}}, [response_received])
20:40:48.161 [reactor-http-nio-13] DEBUG org.springframework.web.reactive.function.client.ExchangeFunctions - [62361f40] Response 200 OK
20:40:48.161 [reactor-http-nio-13] DEBUG reactor.netty.channel.FluxReceive - [id: 0xc40c2d76, L:/127.0.0.1:50350 - R:localhost/127.0.0.1:8082] Subscribing inbound receiver [pending: 0, cancelled:false, inboundDone: false]
20:40:48.161 [reactor-http-nio-13] DEBUG reactor.netty.http.client.HttpClientOperations - [id: 0xc40c2d76, L:/127.0.0.1:50350 - R:localhost/127.0.0.1:8082] Received last HTTP packet
20:40:48.162 [reactor-http-nio-13] DEBUG org.springframework.core.codec.StringDecoder - [62361f40] Decoded "189"
20:40:48.162 [reactor-http-nio-13] DEBUG reactor.netty.resources.PooledConnectionProvider - [id: 0xc40c2d76, L:/127.0.0.1:50350 - R:localhost/127.0.0.1:8082] onStateChange(GET{uri=/getAttractionRewardPoints?attractionId=f3f9fb0a-cc7b-45a5-9704-db624ed9364e&userId=8f7f2033-9cb1-4d96-99bf-135845398c65, connection=PooledConnection{channel=[id: 0xc40c2d76, L:/127.0.0.1:50350 - R:localhost/127.0.0.1:8082]}}, [disconnecting])
20:40:48.162 [reactor-http-nio-13] DEBUG reactor.netty.resources.PooledConnectionProvider - [id: 0xc40c2d76, L:/127.0.0.1:50350 - R:localhost/127.0.0.1:8082] Releasing channel
20:40:48.162 [reactor-http-nio-13] DEBUG reactor.netty.resources.PooledConnectionProvider - [id: 0xc40c2d76, L:/127.0.0.1:50350 - R:localhost/127.0.0.1:8082] Channel cleaned, now 17 active connections and 48 inactive connections
20:40:48.173 [reactor-http-nio-13] DEBUG reactor.netty.http.client.HttpClientOperations - [id: 0x73a45b4d, L:/127.0.0.1:50354 - R:localhost/127.0.0.1:8082] Received response (auto-read:false) : [Content-Type=application/json, Transfer-Encoding=chunked, Date=Fri, 11 Jun 2021 15:10:47 GMT]
20:40:48.173 [reactor-http-nio-13] DEBUG reactor.netty.resources.PooledConnectionProvider - [id: 0x73a45b4d, L:/127.0.0.1:50354 - R:localhost/127.0.0.1:8082] onStateChange(GET{uri=/getAttractionRewardPoints?attractionId=e2691186-cfdc-4f5f-b297-cb2d4b85da92&userId=bb32b78d-15bb-4a3d-aa0a-f7aff6c6f2a4, connection=PooledConnection{channel=[id: 0x73a45b4d, L:/127.0.0.1:50354 - R:localhost/127.0.0.1:8082]}}, [response_received])
20:40:48.173 [reactor-http-nio-13] DEBUG org.springframework.web.reactive.function.client.ExchangeFunctions - [28905298] Response 200 OK
20:40:48.173 [reactor-http-nio-13] DEBUG reactor.netty.channel.FluxReceive - [id: 0x73a45b4d, L:/127.0.0.1:50354 - R:localhost/127.0.0.1:8082] Subscribing inbound receiver [pending: 0, cancelled:false, inboundDone: false]
20:40:48.173 [reactor-http-nio-13] DEBUG reactor.netty.http.client.HttpClientOperations - [id: 0x73a45b4d, L:/127.0.0.1:50354 - R:localhost/127.0.0.1:8082] Received last HTTP packet
20:40:48.173 [reactor-http-nio-13] DEBUG org.springframework.core.codec.StringDecoder - [28905298] Decoded "577"
20:40:48.173 [reactor-http-nio-13] DEBUG reactor.netty.resources.PooledConnectionProvider - [id: 0x73a45b4d, L:/127.0.0.1:50354 - R:localhost/127.0.0.1:8082] onStateChange(GET{uri=/getAttractionRewardPoints?attractionId=e2691186-cfdc-4f5f-b297-cb2d4b85da92&userId=bb32b78d-15bb-4a3d-aa0a-f7aff6c6f2a4, connection=PooledConnection{channel=[id: 0x73a45b4d, L:/127.0.0.1:50354 - R:localhost/127.0.0.1:8082]}}, [disconnecting])
20:40:48.173 [reactor-http-nio-13] DEBUG reactor.netty.resources.PooledConnectionProvider - [id: 0x73a45b4d, L:/127.0.0.1:50354 - R:localhost/127.0.0.1:8082] Releasing channel
20:40:48.173 [reactor-http-nio-13] DEBUG reactor.netty.resources.PooledConnectionProvider - [id: 0x73a45b4d, L:/127.0.0.1:50354 - R:localhost/127.0.0.1:8082] Channel cleaned, now 16 active connections and 49 inactive connections
20:40:48.180 [reactor-http-nio-14] DEBUG reactor.netty.http.client.HttpClientOperations - [id: 0x4785efd8, L:/127.0.0.1:50357 - R:localhost/127.0.0.1:8082] Received response (auto-read:false) : [Content-Type=application/json, Transfer-Encoding=chunked, Date=Fri, 11 Jun 2021 15:10:47 GMT]
20:40:48.180 [reactor-http-nio-14] DEBUG reactor.netty.resources.PooledConnectionProvider - [id: 0x4785efd8, L:/127.0.0.1:50357 - R:localhost/127.0.0.1:8082] onStateChange(GET{uri=/getAttractionRewardPoints?attractionId=28651fbc-afa1-46bf-bbad-ae9076b80781&userId=e3e3f048-b307-4c89-a1fd-c6ddbd08efdf, connection=PooledConnection{channel=[id: 0x4785efd8, L:/127.0.0.1:50357 - R:localhost/127.0.0.1:8082]}}, [response_received])
20:40:48.180 [reactor-http-nio-14] DEBUG org.springframework.web.reactive.function.client.ExchangeFunctions - [699b73f7] Response 200 OK
20:40:48.181 [reactor-http-nio-14] DEBUG reactor.netty.channel.FluxReceive - [id: 0x4785efd8, L:/127.0.0.1:50357 - R:localhost/127.0.0.1:8082] Subscribing inbound receiver [pending: 0, cancelled:false, inboundDone: false]
20:40:48.181 [reactor-http-nio-14] DEBUG reactor.netty.http.client.HttpClientOperations - [id: 0x4785efd8, L:/127.0.0.1:50357 - R:localhost/127.0.0.1:8082] Received last HTTP packet
20:40:48.181 [reactor-http-nio-14] DEBUG org.springframework.core.codec.StringDecoder - [699b73f7] Decoded "489"
20:40:48.181 [reactor-http-nio-14] DEBUG reactor.netty.resources.PooledConnectionProvider - [id: 0x4785efd8, L:/127.0.0.1:50357 - R:localhost/127.0.0.1:8082] onStateChange(GET{uri=/getAttractionRewardPoints?attractionId=28651fbc-afa1-46bf-bbad-ae9076b80781&userId=e3e3f048-b307-4c89-a1fd-c6ddbd08efdf, connection=PooledConnection{channel=[id: 0x4785efd8, L:/127.0.0.1:50357 - R:localhost/127.0.0.1:8082]}}, [disconnecting])
20:40:48.181 [reactor-http-nio-14] DEBUG reactor.netty.resources.PooledConnectionProvider - [id: 0x4785efd8, L:/127.0.0.1:50357 - R:localhost/127.0.0.1:8082] Releasing channel
20:40:48.181 [reactor-http-nio-14] DEBUG reactor.netty.resources.PooledConnectionProvider - [id: 0x4785efd8, L:/127.0.0.1:50357 - R:localhost/127.0.0.1:8082] Channel cleaned, now 15 active connections and 50 inactive connections
20:40:48.187 [reactor-http-nio-10] DEBUG reactor.netty.http.client.HttpClientOperations - [id: 0x5a8b58bb, L:/127.0.0.1:50316 - R:localhost/127.0.0.1:8082] Received response (auto-read:false) : [Content-Type=application/json, Transfer-Encoding=chunked, Date=Fri, 11 Jun 2021 15:10:47 GMT]
20:40:48.187 [reactor-http-nio-10] DEBUG reactor.netty.resources.PooledConnectionProvider - [id: 0x5a8b58bb, L:/127.0.0.1:50316 - R:localhost/127.0.0.1:8082] onStateChange(GET{uri=/getAttractionRewardPoints?attractionId=a9116681-59e2-4c91-bfd2-7d1cd2828e9a&userId=816c454d-d322-4805-b497-d3d29659d0bf, connection=PooledConnection{channel=[id: 0x5a8b58bb, L:/127.0.0.1:50316 - R:localhost/127.0.0.1:8082]}}, [response_received])
20:40:48.187 [reactor-http-nio-10] DEBUG org.springframework.web.reactive.function.client.ExchangeFunctions - [40c331e7] Response 200 OK
20:40:48.187 [reactor-http-nio-10] DEBUG reactor.netty.channel.FluxReceive - [id: 0x5a8b58bb, L:/127.0.0.1:50316 - R:localhost/127.0.0.1:8082] Subscribing inbound receiver [pending: 0, cancelled:false, inboundDone: false]
20:40:48.187 [reactor-http-nio-10] DEBUG reactor.netty.http.client.HttpClientOperations - [id: 0x5a8b58bb, L:/127.0.0.1:50316 - R:localhost/127.0.0.1:8082] Received last HTTP packet
20:40:48.187 [reactor-http-nio-10] DEBUG org.springframework.core.codec.StringDecoder - [40c331e7] Decoded "296"
20:40:48.187 [reactor-http-nio-10] DEBUG reactor.netty.resources.PooledConnectionProvider - [id: 0x5a8b58bb, L:/127.0.0.1:50316 - R:localhost/127.0.0.1:8082] onStateChange(GET{uri=/getAttractionRewardPoints?attractionId=a9116681-59e2-4c91-bfd2-7d1cd2828e9a&userId=816c454d-d322-4805-b497-d3d29659d0bf, connection=PooledConnection{channel=[id: 0x5a8b58bb, L:/127.0.0.1:50316 - R:localhost/127.0.0.1:8082]}}, [disconnecting])
20:40:48.187 [reactor-http-nio-10] DEBUG reactor.netty.resources.PooledConnectionProvider - [id: 0x5a8b58bb, L:/127.0.0.1:50316 - R:localhost/127.0.0.1:8082] Releasing channel
20:40:48.187 [reactor-http-nio-10] DEBUG reactor.netty.resources.PooledConnectionProvider - [id: 0x5a8b58bb, L:/127.0.0.1:50316 - R:localhost/127.0.0.1:8082] Channel cleaned, now 14 active connections and 51 inactive connections
20:40:48.206 [reactor-http-nio-11] DEBUG reactor.netty.http.client.HttpClientOperations - [id: 0x629470fd, L:/127.0.0.1:50348 - R:localhost/127.0.0.1:8082] Received response (auto-read:false) : [Content-Type=application/json, Transfer-Encoding=chunked, Date=Fri, 11 Jun 2021 15:10:47 GMT]
20:40:48.206 [reactor-http-nio-11] DEBUG reactor.netty.resources.PooledConnectionProvider - [id: 0x629470fd, L:/127.0.0.1:50348 - R:localhost/127.0.0.1:8082] onStateChange(GET{uri=/getAttractionRewardPoints?attractionId=b5001fed-adbb-4354-ace2-c1cc320c99ce&userId=fa215bc9-1f35-4a67-8f3c-e4ef455f2e2a, connection=PooledConnection{channel=[id: 0x629470fd, L:/127.0.0.1:50348 - R:localhost/127.0.0.1:8082]}}, [response_received])
20:40:48.206 [reactor-http-nio-11] DEBUG org.springframework.web.reactive.function.client.ExchangeFunctions - [5ea00c11] Response 200 OK
20:40:48.206 [reactor-http-nio-11] DEBUG reactor.netty.channel.FluxReceive - [id: 0x629470fd, L:/127.0.0.1:50348 - R:localhost/127.0.0.1:8082] Subscribing inbound receiver [pending: 0, cancelled:false, inboundDone: false]
20:40:48.207 [reactor-http-nio-11] DEBUG reactor.netty.http.client.HttpClientOperations - [id: 0x629470fd, L:/127.0.0.1:50348 - R:localhost/127.0.0.1:8082] Received last HTTP packet
20:40:48.207 [reactor-http-nio-11] DEBUG org.springframework.core.codec.StringDecoder - [5ea00c11] Decoded "407"
20:40:48.207 [reactor-http-nio-11] DEBUG reactor.netty.resources.PooledConnectionProvider - [id: 0x629470fd, L:/127.0.0.1:50348 - R:localhost/127.0.0.1:8082] onStateChange(GET{uri=/getAttractionRewardPoints?attractionId=b5001fed-adbb-4354-ace2-c1cc320c99ce&userId=fa215bc9-1f35-4a67-8f3c-e4ef455f2e2a, connection=PooledConnection{channel=[id: 0x629470fd, L:/127.0.0.1:50348 - R:localhost/127.0.0.1:8082]}}, [disconnecting])
20:40:48.207 [reactor-http-nio-11] DEBUG reactor.netty.resources.PooledConnectionProvider - [id: 0x629470fd, L:/127.0.0.1:50348 - R:localhost/127.0.0.1:8082] Releasing channel
20:40:48.207 [reactor-http-nio-11] DEBUG reactor.netty.resources.PooledConnectionProvider - [id: 0x629470fd, L:/127.0.0.1:50348 - R:localhost/127.0.0.1:8082] Channel cleaned, now 13 active connections and 52 inactive connections
20:40:48.209 [reactor-http-nio-16] DEBUG reactor.netty.http.client.HttpClientOperations - [id: 0x9ee03ed6, L:/127.0.0.1:50363 - R:localhost/127.0.0.1:8082] Received response (auto-read:false) : [Content-Type=application/json, Transfer-Encoding=chunked, Date=Fri, 11 Jun 2021 15:10:47 GMT]
20:40:48.209 [reactor-http-nio-16] DEBUG reactor.netty.resources.PooledConnectionProvider - [id: 0x9ee03ed6, L:/127.0.0.1:50363 - R:localhost/127.0.0.1:8082] onStateChange(GET{uri=/getAttractionRewardPoints?attractionId=53149052-766e-478d-a3c1-6fbefa334836&userId=3f0b630b-b61c-444c-8dea-5164ce938426, connection=PooledConnection{channel=[id: 0x9ee03ed6, L:/127.0.0.1:50363 - R:localhost/127.0.0.1:8082]}}, [response_received])
20:40:48.209 [reactor-http-nio-16] DEBUG org.springframework.web.reactive.function.client.ExchangeFunctions - [515fb0bd] Response 200 OK
20:40:48.210 [reactor-http-nio-16] DEBUG reactor.netty.channel.FluxReceive - [id: 0x9ee03ed6, L:/127.0.0.1:50363 - R:localhost/127.0.0.1:8082] Subscribing inbound receiver [pending: 0, cancelled:false, inboundDone: false]
20:40:48.210 [reactor-http-nio-16] DEBUG reactor.netty.http.client.HttpClientOperations - [id: 0x9ee03ed6, L:/127.0.0.1:50363 - R:localhost/127.0.0.1:8082] Received last HTTP packet
20:40:48.210 [reactor-http-nio-16] DEBUG org.springframework.core.codec.StringDecoder - [515fb0bd] Decoded "197"
20:40:48.210 [reactor-http-nio-16] DEBUG reactor.netty.resources.PooledConnectionProvider - [id: 0x9ee03ed6, L:/127.0.0.1:50363 - R:localhost/127.0.0.1:8082] onStateChange(GET{uri=/getAttractionRewardPoints?attractionId=53149052-766e-478d-a3c1-6fbefa334836&userId=3f0b630b-b61c-444c-8dea-5164ce938426, connection=PooledConnection{channel=[id: 0x9ee03ed6, L:/127.0.0.1:50363 - R:localhost/127.0.0.1:8082]}}, [disconnecting])
20:40:48.210 [reactor-http-nio-16] DEBUG reactor.netty.resources.PooledConnectionProvider - [id: 0x9ee03ed6, L:/127.0.0.1:50363 - R:localhost/127.0.0.1:8082] Releasing channel
20:40:48.210 [reactor-http-nio-16] DEBUG reactor.netty.resources.PooledConnectionProvider - [id: 0x9ee03ed6, L:/127.0.0.1:50363 - R:localhost/127.0.0.1:8082] Channel cleaned, now 12 active connections and 53 inactive connections
20:40:48.233 [reactor-http-nio-14] DEBUG reactor.netty.http.client.HttpClientOperations - [id: 0x166e1fbe, L:/127.0.0.1:50368 - R:localhost/127.0.0.1:8082] Received response (auto-read:false) : [Content-Type=application/json, Transfer-Encoding=chunked, Date=Fri, 11 Jun 2021 15:10:47 GMT]
20:40:48.233 [reactor-http-nio-14] DEBUG reactor.netty.resources.PooledConnectionProvider - [id: 0x166e1fbe, L:/127.0.0.1:50368 - R:localhost/127.0.0.1:8082] onStateChange(GET{uri=/getAttractionRewardPoints?attractionId=9f01a736-4d79-4478-957d-43b73de7cce4&userId=9b4498cc-6aed-4c4f-b3d3-f7cfa1c2d095, connection=PooledConnection{channel=[id: 0x166e1fbe, L:/127.0.0.1:50368 - R:localhost/127.0.0.1:8082]}}, [response_received])
20:40:48.233 [reactor-http-nio-14] DEBUG org.springframework.web.reactive.function.client.ExchangeFunctions - [66cbcb20] Response 200 OK
20:40:48.234 [reactor-http-nio-14] DEBUG reactor.netty.channel.FluxReceive - [id: 0x166e1fbe, L:/127.0.0.1:50368 - R:localhost/127.0.0.1:8082] Subscribing inbound receiver [pending: 0, cancelled:false, inboundDone: false]
20:40:48.234 [reactor-http-nio-14] DEBUG reactor.netty.http.client.HttpClientOperations - [id: 0x166e1fbe, L:/127.0.0.1:50368 - R:localhost/127.0.0.1:8082] Received last HTTP packet
20:40:48.234 [reactor-http-nio-14] DEBUG org.springframework.core.codec.StringDecoder - [66cbcb20] Decoded "516"
20:40:48.234 [reactor-http-nio-14] DEBUG reactor.netty.resources.PooledConnectionProvider - [id: 0x166e1fbe, L:/127.0.0.1:50368 - R:localhost/127.0.0.1:8082] onStateChange(GET{uri=/getAttractionRewardPoints?attractionId=9f01a736-4d79-4478-957d-43b73de7cce4&userId=9b4498cc-6aed-4c4f-b3d3-f7cfa1c2d095, connection=PooledConnection{channel=[id: 0x166e1fbe, L:/127.0.0.1:50368 - R:localhost/127.0.0.1:8082]}}, [disconnecting])
20:40:48.234 [reactor-http-nio-14] DEBUG reactor.netty.resources.PooledConnectionProvider - [id: 0x166e1fbe, L:/127.0.0.1:50368 - R:localhost/127.0.0.1:8082] Releasing channel
20:40:48.235 [reactor-http-nio-14] DEBUG reactor.netty.resources.PooledConnectionProvider - [id: 0x166e1fbe, L:/127.0.0.1:50368 - R:localhost/127.0.0.1:8082] Channel cleaned, now 11 active connections and 54 inactive connections
20:40:48.244 [reactor-http-nio-10] DEBUG reactor.netty.http.client.HttpClientOperations - [id: 0x75477450, L:/127.0.0.1:50325 - R:localhost/127.0.0.1:8082] Received response (auto-read:false) : [Content-Type=application/json, Transfer-Encoding=chunked, Date=Fri, 11 Jun 2021 15:10:47 GMT]
20:40:48.244 [reactor-http-nio-10] DEBUG reactor.netty.resources.PooledConnectionProvider - [id: 0x75477450, L:/127.0.0.1:50325 - R:localhost/127.0.0.1:8082] onStateChange(GET{uri=/getAttractionRewardPoints?attractionId=9aba899f-c289-424d-a547-62bf8ebbfd29&userId=33081a6f-ee08-4778-98e5-c0e0c8619507, connection=PooledConnection{channel=[id: 0x75477450, L:/127.0.0.1:50325 - R:localhost/127.0.0.1:8082]}}, [response_received])
20:40:48.245 [reactor-http-nio-10] DEBUG org.springframework.web.reactive.function.client.ExchangeFunctions - [1874b5b5] Response 200 OK
20:40:48.245 [reactor-http-nio-10] DEBUG reactor.netty.channel.FluxReceive - [id: 0x75477450, L:/127.0.0.1:50325 - R:localhost/127.0.0.1:8082] Subscribing inbound receiver [pending: 0, cancelled:false, inboundDone: false]
20:40:48.245 [reactor-http-nio-10] DEBUG reactor.netty.http.client.HttpClientOperations - [id: 0x75477450, L:/127.0.0.1:50325 - R:localhost/127.0.0.1:8082] Received last HTTP packet
20:40:48.246 [reactor-http-nio-10] DEBUG org.springframework.core.codec.StringDecoder - [1874b5b5] Decoded "126"
20:40:48.246 [reactor-http-nio-10] DEBUG reactor.netty.resources.PooledConnectionProvider - [id: 0x75477450, L:/127.0.0.1:50325 - R:localhost/127.0.0.1:8082] onStateChange(GET{uri=/getAttractionRewardPoints?attractionId=9aba899f-c289-424d-a547-62bf8ebbfd29&userId=33081a6f-ee08-4778-98e5-c0e0c8619507, connection=PooledConnection{channel=[id: 0x75477450, L:/127.0.0.1:50325 - R:localhost/127.0.0.1:8082]}}, [disconnecting])
20:40:48.246 [reactor-http-nio-10] DEBUG reactor.netty.resources.PooledConnectionProvider - [id: 0x75477450, L:/127.0.0.1:50325 - R:localhost/127.0.0.1:8082] Releasing channel
20:40:48.246 [reactor-http-nio-10] DEBUG reactor.netty.resources.PooledConnectionProvider - [id: 0x75477450, L:/127.0.0.1:50325 - R:localhost/127.0.0.1:8082] Channel cleaned, now 10 active connections and 55 inactive connections
20:40:48.248 [reactor-http-nio-16] DEBUG reactor.netty.http.client.HttpClientOperations - [id: 0x1d70709c, L:/127.0.0.1:50365 - R:localhost/127.0.0.1:8082] Received response (auto-read:false) : [Content-Type=application/json, Transfer-Encoding=chunked, Date=Fri, 11 Jun 2021 15:10:47 GMT]
20:40:48.248 [reactor-http-nio-16] DEBUG reactor.netty.resources.PooledConnectionProvider - [id: 0x1d70709c, L:/127.0.0.1:50365 - R:localhost/127.0.0.1:8082] onStateChange(GET{uri=/getAttractionRewardPoints?attractionId=bf9a7b39-dda1-4f9a-a855-508617f2bfdd&userId=638aae94-da72-481f-bf24-4c86f69f7ce7, connection=PooledConnection{channel=[id: 0x1d70709c, L:/127.0.0.1:50365 - R:localhost/127.0.0.1:8082]}}, [response_received])
20:40:48.249 [reactor-http-nio-16] DEBUG org.springframework.web.reactive.function.client.ExchangeFunctions - [3a8700ec] Response 200 OK
20:40:48.249 [reactor-http-nio-16] DEBUG reactor.netty.channel.FluxReceive - [id: 0x1d70709c, L:/127.0.0.1:50365 - R:localhost/127.0.0.1:8082] Subscribing inbound receiver [pending: 0, cancelled:false, inboundDone: false]
20:40:48.250 [reactor-http-nio-16] DEBUG reactor.netty.http.client.HttpClientOperations - [id: 0x1d70709c, L:/127.0.0.1:50365 - R:localhost/127.0.0.1:8082] Received last HTTP packet
20:40:48.250 [reactor-http-nio-16] DEBUG org.springframework.core.codec.StringDecoder - [3a8700ec] Decoded "919"
20:40:48.250 [reactor-http-nio-16] DEBUG reactor.netty.resources.PooledConnectionProvider - [id: 0x1d70709c, L:/127.0.0.1:50365 - R:localhost/127.0.0.1:8082] onStateChange(GET{uri=/getAttractionRewardPoints?attractionId=bf9a7b39-dda1-4f9a-a855-508617f2bfdd&userId=638aae94-da72-481f-bf24-4c86f69f7ce7, connection=PooledConnection{channel=[id: 0x1d70709c, L:/127.0.0.1:50365 - R:localhost/127.0.0.1:8082]}}, [disconnecting])
20:40:48.250 [reactor-http-nio-16] DEBUG reactor.netty.resources.PooledConnectionProvider - [id: 0x1d70709c, L:/127.0.0.1:50365 - R:localhost/127.0.0.1:8082] Releasing channel
20:40:48.250 [reactor-http-nio-16] DEBUG reactor.netty.resources.PooledConnectionProvider - [id: 0x1d70709c, L:/127.0.0.1:50365 - R:localhost/127.0.0.1:8082] Channel cleaned, now 9 active connections and 56 inactive connections
20:40:48.294 [reactor-http-nio-2] DEBUG reactor.netty.http.client.HttpClientOperations - [id: 0x875fe514, L:/127.0.0.1:50322 - R:localhost/127.0.0.1:8082] Received response (auto-read:false) : [Content-Type=application/json, Transfer-Encoding=chunked, Date=Fri, 11 Jun 2021 15:10:47 GMT]
20:40:48.295 [reactor-http-nio-2] DEBUG reactor.netty.resources.PooledConnectionProvider - [id: 0x875fe514, L:/127.0.0.1:50322 - R:localhost/127.0.0.1:8082] onStateChange(GET{uri=/getAttractionRewardPoints?attractionId=2084c954-553e-4364-84f7-53dd377543b2&userId=d7a761cd-51ec-406c-b223-846b1eb25dbb, connection=PooledConnection{channel=[id: 0x875fe514, L:/127.0.0.1:50322 - R:localhost/127.0.0.1:8082]}}, [response_received])
20:40:48.295 [reactor-http-nio-2] DEBUG org.springframework.web.reactive.function.client.ExchangeFunctions - [5514a96f] Response 200 OK
20:40:48.295 [reactor-http-nio-2] DEBUG reactor.netty.channel.FluxReceive - [id: 0x875fe514, L:/127.0.0.1:50322 - R:localhost/127.0.0.1:8082] Subscribing inbound receiver [pending: 0, cancelled:false, inboundDone: false]
20:40:48.296 [reactor-http-nio-2] DEBUG reactor.netty.http.client.HttpClientOperations - [id: 0x875fe514, L:/127.0.0.1:50322 - R:localhost/127.0.0.1:8082] Received last HTTP packet
20:40:48.296 [reactor-http-nio-2] DEBUG org.springframework.core.codec.StringDecoder - [5514a96f] Decoded "622"
20:40:48.296 [reactor-http-nio-2] DEBUG reactor.netty.resources.PooledConnectionProvider - [id: 0x875fe514, L:/127.0.0.1:50322 - R:localhost/127.0.0.1:8082] onStateChange(GET{uri=/getAttractionRewardPoints?attractionId=2084c954-553e-4364-84f7-53dd377543b2&userId=d7a761cd-51ec-406c-b223-846b1eb25dbb, connection=PooledConnection{channel=[id: 0x875fe514, L:/127.0.0.1:50322 - R:localhost/127.0.0.1:8082]}}, [disconnecting])
20:40:48.297 [reactor-http-nio-2] DEBUG reactor.netty.resources.PooledConnectionProvider - [id: 0x875fe514, L:/127.0.0.1:50322 - R:localhost/127.0.0.1:8082] Releasing channel
20:40:48.297 [reactor-http-nio-2] DEBUG reactor.netty.resources.PooledConnectionProvider - [id: 0x875fe514, L:/127.0.0.1:50322 - R:localhost/127.0.0.1:8082] Channel cleaned, now 8 active connections and 57 inactive connections
20:40:48.297 [reactor-http-nio-11] DEBUG reactor.netty.http.client.HttpClientOperations - [id: 0x5f449e3e, L:/127.0.0.1:50344 - R:localhost/127.0.0.1:8082] Received response (auto-read:false) : [Content-Type=application/json, Transfer-Encoding=chunked, Date=Fri, 11 Jun 2021 15:10:47 GMT]
20:40:48.297 [reactor-http-nio-11] DEBUG reactor.netty.resources.PooledConnectionProvider - [id: 0x5f449e3e, L:/127.0.0.1:50344 - R:localhost/127.0.0.1:8082] onStateChange(GET{uri=/getAttractionRewardPoints?attractionId=5c7a5185-3eab-461a-9b0d-01bab28066a4&userId=2f23d92a-9664-426e-bdde-69e1af41e0a8, connection=PooledConnection{channel=[id: 0x5f449e3e, L:/127.0.0.1:50344 - R:localhost/127.0.0.1:8082]}}, [response_received])
20:40:48.297 [reactor-http-nio-11] DEBUG org.springframework.web.reactive.function.client.ExchangeFunctions - [7228c5e8] Response 200 OK
20:40:48.298 [reactor-http-nio-11] DEBUG reactor.netty.channel.FluxReceive - [id: 0x5f449e3e, L:/127.0.0.1:50344 - R:localhost/127.0.0.1:8082] Subscribing inbound receiver [pending: 0, cancelled:false, inboundDone: false]
20:40:48.298 [reactor-http-nio-11] DEBUG reactor.netty.http.client.HttpClientOperations - [id: 0x5f449e3e, L:/127.0.0.1:50344 - R:localhost/127.0.0.1:8082] Received last HTTP packet
20:40:48.299 [reactor-http-nio-11] DEBUG org.springframework.core.codec.StringDecoder - [7228c5e8] Decoded "629"
20:40:48.299 [reactor-http-nio-11] DEBUG reactor.netty.resources.PooledConnectionProvider - [id: 0x5f449e3e, L:/127.0.0.1:50344 - R:localhost/127.0.0.1:8082] onStateChange(GET{uri=/getAttractionRewardPoints?attractionId=5c7a5185-3eab-461a-9b0d-01bab28066a4&userId=2f23d92a-9664-426e-bdde-69e1af41e0a8, connection=PooledConnection{channel=[id: 0x5f449e3e, L:/127.0.0.1:50344 - R:localhost/127.0.0.1:8082]}}, [disconnecting])
20:40:48.299 [reactor-http-nio-11] DEBUG reactor.netty.resources.PooledConnectionProvider - [id: 0x5f449e3e, L:/127.0.0.1:50344 - R:localhost/127.0.0.1:8082] Releasing channel
20:40:48.299 [reactor-http-nio-11] DEBUG reactor.netty.resources.PooledConnectionProvider - [id: 0x5f449e3e, L:/127.0.0.1:50344 - R:localhost/127.0.0.1:8082] Channel cleaned, now 7 active connections and 58 inactive connections
20:40:48.312 [reactor-http-nio-2] DEBUG reactor.netty.http.client.HttpClientOperations - [id: 0x99fd8159, L:/127.0.0.1:50352 - R:localhost/127.0.0.1:8082] Received response (auto-read:false) : [Content-Type=application/json, Transfer-Encoding=chunked, Date=Fri, 11 Jun 2021 15:10:47 GMT]
20:40:48.312 [reactor-http-nio-16] DEBUG reactor.netty.http.client.HttpClientOperations - [id: 0xc22dad5a, L:/127.0.0.1:50364 - R:localhost/127.0.0.1:8082] Received response (auto-read:false) : [Content-Type=application/json, Transfer-Encoding=chunked, Date=Fri, 11 Jun 2021 15:10:47 GMT]
20:40:48.312 [reactor-http-nio-2] DEBUG reactor.netty.resources.PooledConnectionProvider - [id: 0x99fd8159, L:/127.0.0.1:50352 - R:localhost/127.0.0.1:8082] onStateChange(GET{uri=/getAttractionRewardPoints?attractionId=9b422f51-c32a-4b62-b141-38f50cdd7e96&userId=d9801ae0-3668-49ed-922e-e20bbd9a7918, connection=PooledConnection{channel=[id: 0x99fd8159, L:/127.0.0.1:50352 - R:localhost/127.0.0.1:8082]}}, [response_received])
20:40:48.312 [reactor-http-nio-16] DEBUG reactor.netty.resources.PooledConnectionProvider - [id: 0xc22dad5a, L:/127.0.0.1:50364 - R:localhost/127.0.0.1:8082] onStateChange(GET{uri=/getAttractionRewardPoints?attractionId=1708c8e0-ed2d-4e94-9e25-7a48d11e6a70&userId=d6e6f131-ac63-4dc1-b923-1a93c3433248, connection=PooledConnection{channel=[id: 0xc22dad5a, L:/127.0.0.1:50364 - R:localhost/127.0.0.1:8082]}}, [response_received])
20:40:48.312 [reactor-http-nio-15] DEBUG reactor.netty.http.client.HttpClientOperations - [id: 0x8e4601d6, L:/127.0.0.1:50317 - R:localhost/127.0.0.1:8082] Received response (auto-read:false) : [Content-Type=application/json, Transfer-Encoding=chunked, Date=Fri, 11 Jun 2021 15:10:47 GMT]
20:40:48.312 [reactor-http-nio-16] DEBUG org.springframework.web.reactive.function.client.ExchangeFunctions - [2925e2ee] Response 200 OK
20:40:48.312 [reactor-http-nio-2] DEBUG org.springframework.web.reactive.function.client.ExchangeFunctions - [538b133c] Response 200 OK
20:40:48.312 [reactor-http-nio-15] DEBUG reactor.netty.resources.PooledConnectionProvider - [id: 0x8e4601d6, L:/127.0.0.1:50317 - R:localhost/127.0.0.1:8082] onStateChange(GET{uri=/getAttractionRewardPoints?attractionId=0913ede3-c290-4f63-96af-f29deaf95539&userId=9904a336-4dfe-48ef-ab48-5c5e91b3adc8, connection=PooledConnection{channel=[id: 0x8e4601d6, L:/127.0.0.1:50317 - R:localhost/127.0.0.1:8082]}}, [response_received])
20:40:48.312 [reactor-http-nio-15] DEBUG org.springframework.web.reactive.function.client.ExchangeFunctions - [62a30b3f] Response 200 OK
20:40:48.313 [reactor-http-nio-2] DEBUG reactor.netty.channel.FluxReceive - [id: 0x99fd8159, L:/127.0.0.1:50352 - R:localhost/127.0.0.1:8082] Subscribing inbound receiver [pending: 0, cancelled:false, inboundDone: false]
20:40:48.313 [reactor-http-nio-16] DEBUG reactor.netty.channel.FluxReceive - [id: 0xc22dad5a, L:/127.0.0.1:50364 - R:localhost/127.0.0.1:8082] Subscribing inbound receiver [pending: 0, cancelled:false, inboundDone: false]
20:40:48.313 [reactor-http-nio-15] DEBUG reactor.netty.channel.FluxReceive - [id: 0x8e4601d6, L:/127.0.0.1:50317 - R:localhost/127.0.0.1:8082] Subscribing inbound receiver [pending: 0, cancelled:false, inboundDone: false]
20:40:48.313 [reactor-http-nio-2] DEBUG reactor.netty.http.client.HttpClientOperations - [id: 0x99fd8159, L:/127.0.0.1:50352 - R:localhost/127.0.0.1:8082] Received last HTTP packet
20:40:48.313 [reactor-http-nio-16] DEBUG reactor.netty.http.client.HttpClientOperations - [id: 0xc22dad5a, L:/127.0.0.1:50364 - R:localhost/127.0.0.1:8082] Received last HTTP packet
20:40:48.313 [reactor-http-nio-15] DEBUG reactor.netty.http.client.HttpClientOperations - [id: 0x8e4601d6, L:/127.0.0.1:50317 - R:localhost/127.0.0.1:8082] Received last HTTP packet
20:40:48.313 [reactor-http-nio-2] DEBUG org.springframework.core.codec.StringDecoder - [538b133c] Decoded "523"
20:40:48.314 [reactor-http-nio-15] DEBUG org.springframework.core.codec.StringDecoder - [62a30b3f] Decoded "514"
20:40:48.314 [reactor-http-nio-2] DEBUG reactor.netty.resources.PooledConnectionProvider - [id: 0x99fd8159, L:/127.0.0.1:50352 - R:localhost/127.0.0.1:8082] onStateChange(GET{uri=/getAttractionRewardPoints?attractionId=9b422f51-c32a-4b62-b141-38f50cdd7e96&userId=d9801ae0-3668-49ed-922e-e20bbd9a7918, connection=PooledConnection{channel=[id: 0x99fd8159, L:/127.0.0.1:50352 - R:localhost/127.0.0.1:8082]}}, [disconnecting])
20:40:48.314 [reactor-http-nio-2] DEBUG reactor.netty.resources.PooledConnectionProvider - [id: 0x99fd8159, L:/127.0.0.1:50352 - R:localhost/127.0.0.1:8082] Releasing channel
20:40:48.314 [reactor-http-nio-16] DEBUG org.springframework.core.codec.StringDecoder - [2925e2ee] Decoded "659"
20:40:48.314 [reactor-http-nio-2] DEBUG reactor.netty.resources.PooledConnectionProvider - [id: 0x99fd8159, L:/127.0.0.1:50352 - R:localhost/127.0.0.1:8082] Channel cleaned, now 6 active connections and 59 inactive connections
20:40:48.314 [reactor-http-nio-15] DEBUG reactor.netty.resources.PooledConnectionProvider - [id: 0x8e4601d6, L:/127.0.0.1:50317 - R:localhost/127.0.0.1:8082] onStateChange(GET{uri=/getAttractionRewardPoints?attractionId=0913ede3-c290-4f63-96af-f29deaf95539&userId=9904a336-4dfe-48ef-ab48-5c5e91b3adc8, connection=PooledConnection{channel=[id: 0x8e4601d6, L:/127.0.0.1:50317 - R:localhost/127.0.0.1:8082]}}, [disconnecting])
20:40:48.314 [reactor-http-nio-15] DEBUG reactor.netty.resources.PooledConnectionProvider - [id: 0x8e4601d6, L:/127.0.0.1:50317 - R:localhost/127.0.0.1:8082] Releasing channel
20:40:48.314 [reactor-http-nio-16] DEBUG reactor.netty.resources.PooledConnectionProvider - [id: 0xc22dad5a, L:/127.0.0.1:50364 - R:localhost/127.0.0.1:8082] onStateChange(GET{uri=/getAttractionRewardPoints?attractionId=1708c8e0-ed2d-4e94-9e25-7a48d11e6a70&userId=d6e6f131-ac63-4dc1-b923-1a93c3433248, connection=PooledConnection{channel=[id: 0xc22dad5a, L:/127.0.0.1:50364 - R:localhost/127.0.0.1:8082]}}, [disconnecting])
20:40:48.314 [reactor-http-nio-15] DEBUG reactor.netty.resources.PooledConnectionProvider - [id: 0x8e4601d6, L:/127.0.0.1:50317 - R:localhost/127.0.0.1:8082] Channel cleaned, now 5 active connections and 60 inactive connections
20:40:48.314 [reactor-http-nio-16] DEBUG reactor.netty.resources.PooledConnectionProvider - [id: 0xc22dad5a, L:/127.0.0.1:50364 - R:localhost/127.0.0.1:8082] Releasing channel
20:40:48.314 [reactor-http-nio-16] DEBUG reactor.netty.resources.PooledConnectionProvider - [id: 0xc22dad5a, L:/127.0.0.1:50364 - R:localhost/127.0.0.1:8082] Channel cleaned, now 4 active connections and 61 inactive connections
20:40:48.354 [reactor-http-nio-12] DEBUG reactor.netty.http.client.HttpClientOperations - [id: 0x393991de, L:/127.0.0.1:50312 - R:localhost/127.0.0.1:8082] Received response (auto-read:false) : [Content-Type=application/json, Transfer-Encoding=chunked, Date=Fri, 11 Jun 2021 15:10:47 GMT]
20:40:48.354 [reactor-http-nio-12] DEBUG reactor.netty.resources.PooledConnectionProvider - [id: 0x393991de, L:/127.0.0.1:50312 - R:localhost/127.0.0.1:8082] onStateChange(GET{uri=/getAttractionRewardPoints?attractionId=9d7bc811-1f1d-46d9-b4da-a5470ad17d97&userId=5e6a9c32-24c1-450a-ab0d-a415e4896675, connection=PooledConnection{channel=[id: 0x393991de, L:/127.0.0.1:50312 - R:localhost/127.0.0.1:8082]}}, [response_received])
20:40:48.354 [reactor-http-nio-12] DEBUG org.springframework.web.reactive.function.client.ExchangeFunctions - [5200fa22] Response 200 OK
20:40:48.355 [reactor-http-nio-12] DEBUG reactor.netty.channel.FluxReceive - [id: 0x393991de, L:/127.0.0.1:50312 - R:localhost/127.0.0.1:8082] Subscribing inbound receiver [pending: 0, cancelled:false, inboundDone: false]
20:40:48.355 [reactor-http-nio-12] DEBUG reactor.netty.http.client.HttpClientOperations - [id: 0x393991de, L:/127.0.0.1:50312 - R:localhost/127.0.0.1:8082] Received last HTTP packet
20:40:48.355 [reactor-http-nio-12] DEBUG org.springframework.core.codec.StringDecoder - [5200fa22] Decoded "51"
20:40:48.355 [reactor-http-nio-12] DEBUG reactor.netty.resources.PooledConnectionProvider - [id: 0x393991de, L:/127.0.0.1:50312 - R:localhost/127.0.0.1:8082] onStateChange(GET{uri=/getAttractionRewardPoints?attractionId=9d7bc811-1f1d-46d9-b4da-a5470ad17d97&userId=5e6a9c32-24c1-450a-ab0d-a415e4896675, connection=PooledConnection{channel=[id: 0x393991de, L:/127.0.0.1:50312 - R:localhost/127.0.0.1:8082]}}, [disconnecting])
20:40:48.355 [reactor-http-nio-12] DEBUG reactor.netty.resources.PooledConnectionProvider - [id: 0x393991de, L:/127.0.0.1:50312 - R:localhost/127.0.0.1:8082] Releasing channel
20:40:48.356 [reactor-http-nio-12] DEBUG reactor.netty.resources.PooledConnectionProvider - [id: 0x393991de, L:/127.0.0.1:50312 - R:localhost/127.0.0.1:8082] Channel cleaned, now 3 active connections and 62 inactive connections
20:40:48.411 [reactor-http-nio-13] DEBUG reactor.netty.http.client.HttpClientOperations - [id: 0x899ba90d, L:/127.0.0.1:50332 - R:localhost/127.0.0.1:8082] Received response (auto-read:false) : [Content-Type=application/json, Transfer-Encoding=chunked, Date=Fri, 11 Jun 2021 15:10:47 GMT]
20:40:48.411 [reactor-http-nio-13] DEBUG reactor.netty.resources.PooledConnectionProvider - [id: 0x899ba90d, L:/127.0.0.1:50332 - R:localhost/127.0.0.1:8082] onStateChange(GET{uri=/getAttractionRewardPoints?attractionId=0cb277ea-3319-44a6-b968-7549a410f35d&userId=f3aee226-8034-4d7a-83e6-98ae1bbdcda6, connection=PooledConnection{channel=[id: 0x899ba90d, L:/127.0.0.1:50332 - R:localhost/127.0.0.1:8082]}}, [response_received])
20:40:48.411 [reactor-http-nio-13] DEBUG org.springframework.web.reactive.function.client.ExchangeFunctions - [3e3effa6] Response 200 OK
20:40:48.412 [reactor-http-nio-13] DEBUG reactor.netty.channel.FluxReceive - [id: 0x899ba90d, L:/127.0.0.1:50332 - R:localhost/127.0.0.1:8082] Subscribing inbound receiver [pending: 0, cancelled:false, inboundDone: false]
20:40:48.412 [reactor-http-nio-13] DEBUG reactor.netty.http.client.HttpClientOperations - [id: 0x899ba90d, L:/127.0.0.1:50332 - R:localhost/127.0.0.1:8082] Received last HTTP packet
20:40:48.413 [reactor-http-nio-13] DEBUG org.springframework.core.codec.StringDecoder - [3e3effa6] Decoded "477"
20:40:48.413 [reactor-http-nio-13] DEBUG reactor.netty.resources.PooledConnectionProvider - [id: 0x899ba90d, L:/127.0.0.1:50332 - R:localhost/127.0.0.1:8082] onStateChange(GET{uri=/getAttractionRewardPoints?attractionId=0cb277ea-3319-44a6-b968-7549a410f35d&userId=f3aee226-8034-4d7a-83e6-98ae1bbdcda6, connection=PooledConnection{channel=[id: 0x899ba90d, L:/127.0.0.1:50332 - R:localhost/127.0.0.1:8082]}}, [disconnecting])
20:40:48.413 [reactor-http-nio-13] DEBUG reactor.netty.resources.PooledConnectionProvider - [id: 0x899ba90d, L:/127.0.0.1:50332 - R:localhost/127.0.0.1:8082] Releasing channel
20:40:48.413 [reactor-http-nio-13] DEBUG reactor.netty.resources.PooledConnectionProvider - [id: 0x899ba90d, L:/127.0.0.1:50332 - R:localhost/127.0.0.1:8082] Channel cleaned, now 2 active connections and 63 inactive connections
20:40:48.649 [reactor-http-nio-10] DEBUG reactor.netty.http.client.HttpClientOperations - [id: 0xfbc1126e, L:/127.0.0.1:50330 - R:localhost/127.0.0.1:8082] Received response (auto-read:false) : [Content-Type=application/json, Transfer-Encoding=chunked, Date=Fri, 11 Jun 2021 15:10:47 GMT]
20:40:48.649 [reactor-http-nio-10] DEBUG reactor.netty.resources.PooledConnectionProvider - [id: 0xfbc1126e, L:/127.0.0.1:50330 - R:localhost/127.0.0.1:8082] onStateChange(GET{uri=/getAttractionRewardPoints?attractionId=54643a9b-6cd5-4b7d-b6b1-668098162ea1&userId=90f47189-af85-4367-950b-e1298117f2be, connection=PooledConnection{channel=[id: 0xfbc1126e, L:/127.0.0.1:50330 - R:localhost/127.0.0.1:8082]}}, [response_received])
20:40:48.649 [reactor-http-nio-10] DEBUG org.springframework.web.reactive.function.client.ExchangeFunctions - [4d179144] Response 200 OK
20:40:48.650 [reactor-http-nio-10] DEBUG reactor.netty.channel.FluxReceive - [id: 0xfbc1126e, L:/127.0.0.1:50330 - R:localhost/127.0.0.1:8082] Subscribing inbound receiver [pending: 0, cancelled:false, inboundDone: false]
20:40:48.650 [reactor-http-nio-10] DEBUG reactor.netty.http.client.HttpClientOperations - [id: 0xfbc1126e, L:/127.0.0.1:50330 - R:localhost/127.0.0.1:8082] Received last HTTP packet
20:40:48.650 [reactor-http-nio-10] DEBUG org.springframework.core.codec.StringDecoder - [4d179144] Decoded "928"
20:40:48.650 [reactor-http-nio-10] DEBUG reactor.netty.resources.PooledConnectionProvider - [id: 0xfbc1126e, L:/127.0.0.1:50330 - R:localhost/127.0.0.1:8082] onStateChange(GET{uri=/getAttractionRewardPoints?attractionId=54643a9b-6cd5-4b7d-b6b1-668098162ea1&userId=90f47189-af85-4367-950b-e1298117f2be, connection=PooledConnection{channel=[id: 0xfbc1126e, L:/127.0.0.1:50330 - R:localhost/127.0.0.1:8082]}}, [disconnecting])
20:40:48.650 [reactor-http-nio-10] DEBUG reactor.netty.resources.PooledConnectionProvider - [id: 0xfbc1126e, L:/127.0.0.1:50330 - R:localhost/127.0.0.1:8082] Releasing channel
20:40:48.650 [reactor-http-nio-10] DEBUG reactor.netty.resources.PooledConnectionProvider - [id: 0xfbc1126e, L:/127.0.0.1:50330 - R:localhost/127.0.0.1:8082] Channel cleaned, now 1 active connections and 64 inactive connections
highVolumeGetRewards: Time Elapsed: 1 seconds.
20:40:48.651 [pool-13-thread-1] DEBUG org.springframework.web.reactive.function.client.ExchangeFunctions - [c87d714] Cancel signal (to close connection)
]]></system-out>
  <system-err><![CDATA[]]></system-err>
</testsuite>
