<?xml version="1.0" encoding="UTF-8"?>
<testsuite name="tourGuide.TestPerformance" tests="2" skipped="0" failures="0" errors="0" timestamp="2021-06-29T14:59:39" hostname="Rahuls-MacBook-Pro.local" time="1.743">
  <properties/>
  <testcase name="highVolumeTrackLocation" classname="tourGuide.TestPerformance" time="0.371"/>
  <testcase name="highVolumeGetRewards" classname="tourGuide.TestPerformance" time="1.372"/>
  <system-out><![CDATA[20:29:39.875 [Test worker] INFO tourGuide.service.TourGuideService - TestMode enabled
20:29:39.875 [Test worker] DEBUG tourGuide.service.TourGuideService - Initializing users
20:29:39.889 [Test worker] DEBUG tourGuide.service.TourGuideService - Created 100 internal test users.
20:29:39.889 [Test worker] DEBUG tourGuide.service.TourGuideService - Finished initializing users
20:29:39.890 [pool-12-thread-1] DEBUG tourGuide.tracker.Tracker - Begin Tracker. Tracking 100 users.
20:29:39.891 [pool-12-thread-1] DEBUG org.springframework.web.reactive.function.client.ExchangeFunctions - [78986714] HTTP GET http://localhost:8081/getUserLocation?userId=7069b0c7-7276-4442-aaa4-9f810cec075e
20:29:39.891 [reactor-http-nio-15] DEBUG reactor.netty.resources.PooledConnectionProvider - [id: 0x3b57da73, L:/127.0.0.1:49868 - R:localhost/127.0.0.1:8081] Channel acquired, now 1 active connections and 1 inactive connections
20:29:39.891 [reactor-http-nio-15] DEBUG reactor.netty.http.client.HttpClientConnect - [id: 0x3b57da73, L:/127.0.0.1:49868 - R:localhost/127.0.0.1:8081] Handler is being applied: {uri=http://localhost:8081/getUserLocation?userId=7069b0c7-7276-4442-aaa4-9f810cec075e, method=GET}
20:29:39.892 [reactor-http-nio-15] DEBUG reactor.netty.resources.PooledConnectionProvider - [id: 0x3b57da73, L:/127.0.0.1:49868 - R:localhost/127.0.0.1:8081] onStateChange(GET{uri=/getUserLocation?userId=7069b0c7-7276-4442-aaa4-9f810cec075e, connection=PooledConnection{channel=[id: 0x3b57da73, L:/127.0.0.1:49868 - R:localhost/127.0.0.1:8081]}}, [request_sent])
20:29:39.892 [pool-13-thread-2] DEBUG org.springframework.web.reactive.function.client.ExchangeFunctions - [6c2d3996] HTTP GET http://localhost:8081/getUserLocation?userId=7c877f07-86fd-47bb-83d0-6f0bfd013479
20:29:39.892 [pool-13-thread-5] DEBUG org.springframework.web.reactive.function.client.ExchangeFunctions - [19c9afba] HTTP GET http://localhost:8081/getUserLocation?userId=f56d49ef-eea1-4072-b715-ae62c3d83cf9
20:29:39.892 [pool-13-thread-3] DEBUG org.springframework.web.reactive.function.client.ExchangeFunctions - [56028d43] HTTP GET http://localhost:8081/getUserLocation?userId=0cf06056-6136-4ad5-a952-6a1967221a28
20:29:39.893 [pool-13-thread-6] DEBUG org.springframework.web.reactive.function.client.ExchangeFunctions - [7ea96a6] HTTP GET http://localhost:8081/getUserLocation?userId=3b4d4c5d-9e88-4957-8c53-d75e43710f4d
20:29:39.893 [pool-13-thread-7] DEBUG org.springframework.web.reactive.function.client.ExchangeFunctions - [6ec333bb] HTTP GET http://localhost:8081/getUserLocation?userId=3477b050-2540-4f24-a521-660118cb0a26
20:29:39.892 [pool-13-thread-1] DEBUG org.springframework.web.reactive.function.client.ExchangeFunctions - [6e814b9d] HTTP GET http://localhost:8081/getUserLocation?userId=7069b0c7-7276-4442-aaa4-9f810cec075e
20:29:39.893 [reactor-http-nio-11] DEBUG reactor.netty.resources.PooledConnectionProvider - [id: 0x952ee786] Created new pooled channel, now 2 active connections and 1 inactive connections
20:29:39.893 [pool-13-thread-8] DEBUG org.springframework.web.reactive.function.client.ExchangeFunctions - [3f4f1cbb] HTTP GET http://localhost:8081/getUserLocation?userId=67a68d30-f5dd-4569-8d87-78ecc668d633
20:29:39.894 [reactor-http-nio-13] DEBUG reactor.netty.resources.PooledConnectionProvider - [id: 0x99ebd170] Created new pooled channel, now 2 active connections and 2 inactive connections
20:29:39.892 [pool-13-thread-4] DEBUG org.springframework.web.reactive.function.client.ExchangeFunctions - [3f953f03] HTTP GET http://localhost:8081/getUserLocation?userId=87ad5f95-1fb2-43d7-ab27-ddca75dedc30
20:29:39.894 [reactor-http-nio-2] DEBUG reactor.netty.resources.PooledConnectionProvider - [id: 0x3a160202] Created new pooled channel, now 2 active connections and 4 inactive connections
20:29:39.894 [reactor-http-nio-10] DEBUG reactor.netty.resources.PooledConnectionProvider - [id: 0x46c6efe2] Created new pooled channel, now 2 active connections and 5 inactive connections
20:29:39.894 [reactor-http-nio-13] DEBUG reactor.netty.channel.BootstrapHandlers - [id: 0x99ebd170] Initialized pipeline DefaultChannelPipeline{(BootstrapHandlers$BootstrapInitializerHandler#0 = reactor.netty.channel.BootstrapHandlers$BootstrapInitializerHandler), (SimpleChannelPool$1#0 = io.netty.channel.pool.SimpleChannelPool$1), (reactor.left.httpCodec = io.netty.handler.codec.http.HttpClientCodec), (reactor.left.decompressor = io.netty.handler.codec.http.HttpContentDecompressor), (reactor.right.reactiveBridge = reactor.netty.channel.ChannelOperationsHandler)}
20:29:39.892 [reactor-http-nio-15] DEBUG reactor.netty.resources.PooledConnectionProvider - [id: 0x05482a00, L:/127.0.0.1:49865 - R:localhost/127.0.0.1:8081] Channel acquired, now 2 active connections and 0 inactive connections
20:29:39.895 [reactor-http-nio-12] DEBUG reactor.netty.resources.PooledConnectionProvider - [id: 0xc976ea3e] Created new pooled channel, now 2 active connections and 7 inactive connections
20:29:39.894 [reactor-http-nio-11] DEBUG reactor.netty.channel.BootstrapHandlers - [id: 0x952ee786] Initialized pipeline DefaultChannelPipeline{(BootstrapHandlers$BootstrapInitializerHandler#0 = reactor.netty.channel.BootstrapHandlers$BootstrapInitializerHandler), (SimpleChannelPool$1#0 = io.netty.channel.pool.SimpleChannelPool$1), (reactor.left.httpCodec = io.netty.handler.codec.http.HttpClientCodec), (reactor.left.decompressor = io.netty.handler.codec.http.HttpContentDecompressor), (reactor.right.reactiveBridge = reactor.netty.channel.ChannelOperationsHandler)}
20:29:39.894 [reactor-http-nio-14] DEBUG reactor.netty.resources.PooledConnectionProvider - [id: 0x0b723f2b] Created new pooled channel, now 2 active connections and 3 inactive connections
20:29:39.896 [reactor-http-nio-12] DEBUG reactor.netty.channel.BootstrapHandlers - [id: 0xc976ea3e] Initialized pipeline DefaultChannelPipeline{(BootstrapHandlers$BootstrapInitializerHandler#0 = reactor.netty.channel.BootstrapHandlers$BootstrapInitializerHandler), (SimpleChannelPool$1#0 = io.netty.channel.pool.SimpleChannelPool$1), (reactor.left.httpCodec = io.netty.handler.codec.http.HttpClientCodec), (reactor.left.decompressor = io.netty.handler.codec.http.HttpContentDecompressor), (reactor.right.reactiveBridge = reactor.netty.channel.ChannelOperationsHandler)}
20:29:39.895 [reactor-http-nio-13] DEBUG reactor.netty.resources.PooledConnectionProvider - [id: 0x3d1cc9c3] Created new pooled channel, now 2 active connections and 6 inactive connections
20:29:39.896 [pool-13-thread-10] DEBUG org.springframework.web.reactive.function.client.ExchangeFunctions - [735db9b9] HTTP GET http://localhost:8081/getUserLocation?userId=57bc2f60-885c-4948-825b-4002b7071fb3
20:29:39.896 [pool-13-thread-11] DEBUG org.springframework.web.reactive.function.client.ExchangeFunctions - [751665c0] HTTP GET http://localhost:8081/getUserLocation?userId=20fba8aa-7920-4b6d-8a75-526dde9e0ec4
20:29:39.895 [reactor-http-nio-10] DEBUG reactor.netty.channel.BootstrapHandlers - [id: 0x46c6efe2] Initialized pipeline DefaultChannelPipeline{(BootstrapHandlers$BootstrapInitializerHandler#0 = reactor.netty.channel.BootstrapHandlers$BootstrapInitializerHandler), (SimpleChannelPool$1#0 = io.netty.channel.pool.SimpleChannelPool$1), (reactor.left.httpCodec = io.netty.handler.codec.http.HttpClientCodec), (reactor.left.decompressor = io.netty.handler.codec.http.HttpContentDecompressor), (reactor.right.reactiveBridge = reactor.netty.channel.ChannelOperationsHandler)}
20:29:39.895 [reactor-http-nio-2] DEBUG reactor.netty.channel.BootstrapHandlers - [id: 0x3a160202] Initialized pipeline DefaultChannelPipeline{(BootstrapHandlers$BootstrapInitializerHandler#0 = reactor.netty.channel.BootstrapHandlers$BootstrapInitializerHandler), (SimpleChannelPool$1#0 = io.netty.channel.pool.SimpleChannelPool$1), (reactor.left.httpCodec = io.netty.handler.codec.http.HttpClientCodec), (reactor.left.decompressor = io.netty.handler.codec.http.HttpContentDecompressor), (reactor.right.reactiveBridge = reactor.netty.channel.ChannelOperationsHandler)}
20:29:39.895 [reactor-http-nio-15] DEBUG reactor.netty.http.client.HttpClientConnect - [id: 0x05482a00, L:/127.0.0.1:49865 - R:localhost/127.0.0.1:8081] Handler is being applied: {uri=http://localhost:8081/getUserLocation?userId=7c877f07-86fd-47bb-83d0-6f0bfd013479, method=GET}
20:29:39.897 [reactor-http-nio-16] DEBUG reactor.netty.resources.PooledConnectionProvider - [id: 0xbf9579bc] Created new pooled channel, now 2 active connections and 8 inactive connections
20:29:39.897 [pool-13-thread-13] DEBUG org.springframework.web.reactive.function.client.ExchangeFunctions - [2b2f4a6d] HTTP GET http://localhost:8081/getUserLocation?userId=b4d7750c-34ec-49bf-9d92-36af6017cb60
20:29:39.897 [reactor-http-nio-2] DEBUG reactor.netty.resources.PooledConnectionProvider - [id: 0x3a160202, L:/127.0.0.1:49876 - R:localhost/127.0.0.1:8081] onStateChange(PooledConnection{channel=[id: 0x3a160202, L:/127.0.0.1:49876 - R:localhost/127.0.0.1:8081]}, [connected])
20:29:39.895 [pool-13-thread-9] DEBUG org.springframework.web.reactive.function.client.ExchangeFunctions - [cdabc6b] HTTP GET http://localhost:8081/getUserLocation?userId=eb35b127-9677-4ad8-b794-d29d37c1ad6f
20:29:39.896 [reactor-http-nio-14] DEBUG reactor.netty.channel.BootstrapHandlers - [id: 0x0b723f2b] Initialized pipeline DefaultChannelPipeline{(BootstrapHandlers$BootstrapInitializerHandler#0 = reactor.netty.channel.BootstrapHandlers$BootstrapInitializerHandler), (SimpleChannelPool$1#0 = io.netty.channel.pool.SimpleChannelPool$1), (reactor.left.httpCodec = io.netty.handler.codec.http.HttpClientCodec), (reactor.left.decompressor = io.netty.handler.codec.http.HttpContentDecompressor), (reactor.right.reactiveBridge = reactor.netty.channel.ChannelOperationsHandler)}
20:29:39.896 [reactor-http-nio-11] DEBUG reactor.netty.resources.PooledConnectionProvider - [id: 0x952ee786, L:/127.0.0.1:49873 - R:localhost/127.0.0.1:8081] onStateChange(PooledConnection{channel=[id: 0x952ee786, L:/127.0.0.1:49873 - R:localhost/127.0.0.1:8081]}, [connected])
20:29:39.898 [reactor-http-nio-11] DEBUG reactor.netty.resources.PooledConnectionProvider - [id: 0x952ee786, L:/127.0.0.1:49873 - R:localhost/127.0.0.1:8081] onStateChange(GET{uri=/, connection=PooledConnection{channel=[id: 0x952ee786, L:/127.0.0.1:49873 - R:localhost/127.0.0.1:8081]}}, [configured])
20:29:39.898 [reactor-http-nio-11] DEBUG reactor.netty.resources.PooledConnectionProvider - [id: 0x952ee786, L:/127.0.0.1:49873 - R:localhost/127.0.0.1:8081] Registering pool release on close event for channel
20:29:39.898 [reactor-http-nio-11] DEBUG reactor.netty.http.client.HttpClientConnect - [id: 0x952ee786, L:/127.0.0.1:49873 - R:localhost/127.0.0.1:8081] Handler is being applied: {uri=http://localhost:8081/getUserLocation?userId=f56d49ef-eea1-4072-b715-ae62c3d83cf9, method=GET}
20:29:39.898 [reactor-http-nio-14] DEBUG reactor.netty.resources.PooledConnectionProvider - [id: 0x0b723f2b, L:/127.0.0.1:49877 - R:localhost/127.0.0.1:8081] onStateChange(PooledConnection{channel=[id: 0x0b723f2b, L:/127.0.0.1:49877 - R:localhost/127.0.0.1:8081]}, [connected])
20:29:39.896 [reactor-http-nio-13] DEBUG reactor.netty.channel.BootstrapHandlers - [id: 0x3d1cc9c3] Initialized pipeline DefaultChannelPipeline{(BootstrapHandlers$BootstrapInitializerHandler#0 = reactor.netty.channel.BootstrapHandlers$BootstrapInitializerHandler), (SimpleChannelPool$1#0 = io.netty.channel.pool.SimpleChannelPool$1), (reactor.left.httpCodec = io.netty.handler.codec.http.HttpClientCodec), (reactor.left.decompressor = io.netty.handler.codec.http.HttpContentDecompressor), (reactor.right.reactiveBridge = reactor.netty.channel.ChannelOperationsHandler)}
20:29:39.898 [pool-13-thread-15] DEBUG org.springframework.web.reactive.function.client.ExchangeFunctions - [2ca1f3c0] HTTP GET http://localhost:8081/getUserLocation?userId=39d2923b-8a86-4fdb-9b9c-76a0c959403d
20:29:39.899 [reactor-http-nio-11] DEBUG reactor.netty.resources.PooledConnectionProvider - [id: 0x952ee786, L:/127.0.0.1:49873 - R:localhost/127.0.0.1:8081] onStateChange(GET{uri=/getUserLocation?userId=f56d49ef-eea1-4072-b715-ae62c3d83cf9, connection=PooledConnection{channel=[id: 0x952ee786, L:/127.0.0.1:49873 - R:localhost/127.0.0.1:8081]}}, [request_sent])
20:29:39.899 [reactor-http-nio-13] DEBUG reactor.netty.resources.PooledConnectionProvider - [id: 0x99ebd170, L:/127.0.0.1:49872 - R:localhost/127.0.0.1:8081] onStateChange(PooledConnection{channel=[id: 0x99ebd170, L:/127.0.0.1:49872 - R:localhost/127.0.0.1:8081]}, [connected])
20:29:39.896 [reactor-http-nio-12] DEBUG reactor.netty.resources.PooledConnectionProvider - [id: 0xc976ea3e, L:/127.0.0.1:49874 - R:localhost/127.0.0.1:8081] onStateChange(PooledConnection{channel=[id: 0xc976ea3e, L:/127.0.0.1:49874 - R:localhost/127.0.0.1:8081]}, [connected])
20:29:39.899 [pool-13-thread-16] DEBUG org.springframework.web.reactive.function.client.ExchangeFunctions - [6ac44a8f] HTTP GET http://localhost:8081/getUserLocation?userId=26a32f9a-0689-44a2-9424-ec4331f27424
20:29:39.897 [pool-13-thread-12] DEBUG org.springframework.web.reactive.function.client.ExchangeFunctions - [2cdd8036] HTTP GET http://localhost:8081/getUserLocation?userId=d1089acd-b9eb-4b8b-87e9-939493f4ea33
20:29:39.897 [reactor-http-nio-10] DEBUG reactor.netty.resources.PooledConnectionProvider - [id: 0x46c6efe2, L:/127.0.0.1:49875 - R:localhost/127.0.0.1:8081] onStateChange(PooledConnection{channel=[id: 0x46c6efe2, L:/127.0.0.1:49875 - R:localhost/127.0.0.1:8081]}, [connected])
20:29:39.899 [reactor-http-nio-10] DEBUG reactor.netty.resources.PooledConnectionProvider - [id: 0x46c6efe2, L:/127.0.0.1:49875 - R:localhost/127.0.0.1:8081] onStateChange(GET{uri=/, connection=PooledConnection{channel=[id: 0x46c6efe2, L:/127.0.0.1:49875 - R:localhost/127.0.0.1:8081]}}, [configured])
20:29:39.897 [reactor-http-nio-16] DEBUG reactor.netty.channel.BootstrapHandlers - [id: 0xbf9579bc] Initialized pipeline DefaultChannelPipeline{(BootstrapHandlers$BootstrapInitializerHandler#0 = reactor.netty.channel.BootstrapHandlers$BootstrapInitializerHandler), (SimpleChannelPool$1#0 = io.netty.channel.pool.SimpleChannelPool$1), (reactor.left.httpCodec = io.netty.handler.codec.http.HttpClientCodec), (reactor.left.decompressor = io.netty.handler.codec.http.HttpContentDecompressor), (reactor.right.reactiveBridge = reactor.netty.channel.ChannelOperationsHandler)}
20:29:39.900 [reactor-http-nio-10] DEBUG reactor.netty.resources.PooledConnectionProvider - [id: 0xc25feb92] Created new pooled channel, now 3 active connections and 8 inactive connections
20:29:39.897 [reactor-http-nio-2] DEBUG reactor.netty.resources.PooledConnectionProvider - [id: 0x3a160202, L:/127.0.0.1:49876 - R:localhost/127.0.0.1:8081] onStateChange(GET{uri=/, connection=PooledConnection{channel=[id: 0x3a160202, L:/127.0.0.1:49876 - R:localhost/127.0.0.1:8081]}}, [configured])
20:29:39.900 [reactor-http-nio-10] DEBUG reactor.netty.channel.BootstrapHandlers - [id: 0xc25feb92] Initialized pipeline DefaultChannelPipeline{(BootstrapHandlers$BootstrapInitializerHandler#0 = reactor.netty.channel.BootstrapHandlers$BootstrapInitializerHandler), (SimpleChannelPool$1#0 = io.netty.channel.pool.SimpleChannelPool$1), (reactor.left.httpCodec = io.netty.handler.codec.http.HttpClientCodec), (reactor.left.decompressor = io.netty.handler.codec.http.HttpContentDecompressor), (reactor.right.reactiveBridge = reactor.netty.channel.ChannelOperationsHandler)}
20:29:39.900 [reactor-http-nio-2] DEBUG reactor.netty.resources.PooledConnectionProvider - [id: 0x3adc52e3] Created new pooled channel, now 3 active connections and 9 inactive connections
20:29:39.901 [pool-13-thread-18] DEBUG org.springframework.web.reactive.function.client.ExchangeFunctions - [38b98f5b] HTTP GET http://localhost:8081/getUserLocation?userId=f32a0715-f9d3-4341-94e5-d231be29872e
20:29:39.897 [reactor-http-nio-15] DEBUG reactor.netty.resources.PooledConnectionProvider - [id: 0x05482a00, L:/127.0.0.1:49865 - R:localhost/127.0.0.1:8081] onStateChange(GET{uri=/getUserLocation?userId=7c877f07-86fd-47bb-83d0-6f0bfd013479, connection=PooledConnection{channel=[id: 0x05482a00, L:/127.0.0.1:49865 - R:localhost/127.0.0.1:8081]}}, [request_sent])
20:29:39.898 [pool-13-thread-14] DEBUG org.springframework.web.reactive.function.client.ExchangeFunctions - [45f791e0] HTTP GET http://localhost:8081/getUserLocation?userId=c2379045-f4ac-44fb-ba45-6714e60d9210
20:29:39.898 [reactor-http-nio-14] DEBUG reactor.netty.resources.PooledConnectionProvider - [id: 0x0b723f2b, L:/127.0.0.1:49877 - R:localhost/127.0.0.1:8081] onStateChange(GET{uri=/, connection=PooledConnection{channel=[id: 0x0b723f2b, L:/127.0.0.1:49877 - R:localhost/127.0.0.1:8081]}}, [configured])
20:29:39.899 [reactor-http-nio-11] DEBUG reactor.netty.resources.PooledConnectionProvider - [id: 0x952ee786, L:/127.0.0.1:49873 - R:localhost/127.0.0.1:8081] Channel connected, now 3 active connections and 7 inactive connections
20:29:39.903 [reactor-http-nio-14] DEBUG reactor.netty.resources.PooledConnectionProvider - [id: 0x6c889872] Created new pooled channel, now 3 active connections and 11 inactive connections
20:29:39.903 [pool-13-thread-21] DEBUG org.springframework.web.reactive.function.client.ExchangeFunctions - [58d12b49] HTTP GET http://localhost:8081/getUserLocation?userId=3f904a0b-aa14-44a4-920c-c4d26a93b66b
20:29:39.899 [reactor-http-nio-13] DEBUG reactor.netty.resources.PooledConnectionProvider - [id: 0x99ebd170, L:/127.0.0.1:49872 - R:localhost/127.0.0.1:8081] onStateChange(GET{uri=/, connection=PooledConnection{channel=[id: 0x99ebd170, L:/127.0.0.1:49872 - R:localhost/127.0.0.1:8081]}}, [configured])
20:29:39.899 [reactor-http-nio-12] DEBUG reactor.netty.resources.PooledConnectionProvider - [id: 0xc976ea3e, L:/127.0.0.1:49874 - R:localhost/127.0.0.1:8081] onStateChange(GET{uri=/, connection=PooledConnection{channel=[id: 0xc976ea3e, L:/127.0.0.1:49874 - R:localhost/127.0.0.1:8081]}}, [configured])
20:29:39.904 [reactor-http-nio-12] DEBUG reactor.netty.resources.PooledConnectionProvider - [id: 0xc976ea3e, L:/127.0.0.1:49874 - R:localhost/127.0.0.1:8081] Registering pool release on close event for channel
20:29:39.904 [reactor-http-nio-12] DEBUG reactor.netty.http.client.HttpClientConnect - [id: 0xc976ea3e, L:/127.0.0.1:49874 - R:localhost/127.0.0.1:8081] Handler is being applied: {uri=http://localhost:8081/getUserLocation?userId=67a68d30-f5dd-4569-8d87-78ecc668d633, method=GET}
20:29:39.900 [pool-13-thread-17] DEBUG org.springframework.web.reactive.function.client.ExchangeFunctions - [7f05cf66] HTTP GET http://localhost:8081/getUserLocation?userId=3b63d3ea-586b-4bfa-acce-5667de25efbc
20:29:39.905 [pool-13-thread-23] DEBUG org.springframework.web.reactive.function.client.ExchangeFunctions - [228ba8df] HTTP GET http://localhost:8081/getUserLocation?userId=fab1c447-346d-42d5-8920-ee520af003a1
20:29:39.900 [reactor-http-nio-16] DEBUG reactor.netty.resources.PooledConnectionProvider - [id: 0xbf9579bc, L:/127.0.0.1:49879 - R:localhost/127.0.0.1:8081] onStateChange(PooledConnection{channel=[id: 0xbf9579bc, L:/127.0.0.1:49879 - R:localhost/127.0.0.1:8081]}, [connected])
20:29:39.901 [reactor-http-nio-2] DEBUG reactor.netty.channel.BootstrapHandlers - [id: 0x3adc52e3] Initialized pipeline DefaultChannelPipeline{(BootstrapHandlers$BootstrapInitializerHandler#0 = reactor.netty.channel.BootstrapHandlers$BootstrapInitializerHandler), (SimpleChannelPool$1#0 = io.netty.channel.pool.SimpleChannelPool$1), (reactor.left.httpCodec = io.netty.handler.codec.http.HttpClientCodec), (reactor.left.decompressor = io.netty.handler.codec.http.HttpContentDecompressor), (reactor.right.reactiveBridge = reactor.netty.channel.ChannelOperationsHandler)}
20:29:39.901 [reactor-http-nio-10] DEBUG reactor.netty.resources.PooledConnectionProvider - [id: 0xc25feb92, L:/127.0.0.1:49880 - R:localhost/127.0.0.1:8081] onStateChange(PooledConnection{channel=[id: 0xc25feb92, L:/127.0.0.1:49880 - R:localhost/127.0.0.1:8081]}, [connected])
20:29:39.901 [reactor-http-nio-15] DEBUG reactor.netty.resources.PooledConnectionProvider - [id: 0x30e81d35] Created new pooled channel, now 3 active connections and 10 inactive connections
20:29:39.906 [reactor-http-nio-10] DEBUG reactor.netty.resources.PooledConnectionProvider - [id: 0xc25feb92, L:/127.0.0.1:49880 - R:localhost/127.0.0.1:8081] onStateChange(GET{uri=/, connection=PooledConnection{channel=[id: 0xc25feb92, L:/127.0.0.1:49880 - R:localhost/127.0.0.1:8081]}}, [configured])
20:29:39.906 [reactor-http-nio-10] DEBUG reactor.netty.resources.PooledConnectionProvider - [id: 0x46c6efe2, L:/127.0.0.1:49875 - R:localhost/127.0.0.1:8081] Registering pool release on close event for channel
20:29:39.906 [reactor-http-nio-10] DEBUG reactor.netty.http.client.HttpClientConnect - [id: 0x46c6efe2, L:/127.0.0.1:49875 - R:localhost/127.0.0.1:8081] Handler is being applied: {uri=http://localhost:8081/getUserLocation?userId=7069b0c7-7276-4442-aaa4-9f810cec075e, method=GET}
20:29:39.901 [pool-13-thread-19] DEBUG org.springframework.web.reactive.function.client.ExchangeFunctions - [198a3367] HTTP GET http://localhost:8081/getUserLocation?userId=590a038b-ec08-41ac-b927-d4f410fc577f
20:29:39.905 [reactor-http-nio-2] DEBUG reactor.netty.resources.PooledConnectionProvider - [id: 0xbbc840e5] Created new pooled channel, now 4 active connections and 11 inactive connections
20:29:39.905 [reactor-http-nio-16] DEBUG reactor.netty.resources.PooledConnectionProvider - [id: 0xbf9579bc, L:/127.0.0.1:49879 - R:localhost/127.0.0.1:8081] onStateChange(GET{uri=/, connection=PooledConnection{channel=[id: 0xbf9579bc, L:/127.0.0.1:49879 - R:localhost/127.0.0.1:8081]}}, [configured])
20:29:39.906 [reactor-http-nio-2] DEBUG reactor.netty.channel.BootstrapHandlers - [id: 0xbbc840e5] Initialized pipeline DefaultChannelPipeline{(BootstrapHandlers$BootstrapInitializerHandler#0 = reactor.netty.channel.BootstrapHandlers$BootstrapInitializerHandler), (SimpleChannelPool$1#0 = io.netty.channel.pool.SimpleChannelPool$1), (reactor.left.httpCodec = io.netty.handler.codec.http.HttpClientCodec), (reactor.left.decompressor = io.netty.handler.codec.http.HttpContentDecompressor), (reactor.right.reactiveBridge = reactor.netty.channel.ChannelOperationsHandler)}
20:29:39.906 [reactor-http-nio-15] DEBUG reactor.netty.channel.BootstrapHandlers - [id: 0x30e81d35] Initialized pipeline DefaultChannelPipeline{(BootstrapHandlers$BootstrapInitializerHandler#0 = reactor.netty.channel.BootstrapHandlers$BootstrapInitializerHandler), (SimpleChannelPool$1#0 = io.netty.channel.pool.SimpleChannelPool$1), (reactor.left.httpCodec = io.netty.handler.codec.http.HttpClientCodec), (reactor.left.decompressor = io.netty.handler.codec.http.HttpContentDecompressor), (reactor.right.reactiveBridge = reactor.netty.channel.ChannelOperationsHandler)}
20:29:39.907 [reactor-http-nio-15] DEBUG reactor.netty.resources.PooledConnectionProvider - [id: 0x6124bcfa] Created new pooled channel, now 5 active connections and 12 inactive connections
20:29:39.907 [pool-13-thread-25] DEBUG org.springframework.web.reactive.function.client.ExchangeFunctions - [2f40bac6] HTTP GET http://localhost:8081/getUserLocation?userId=62a91e43-935e-4e97-b9cb-aae84e26b9fb
20:29:39.907 [reactor-http-nio-2] DEBUG reactor.netty.resources.PooledConnectionProvider - [id: 0x3adc52e3, L:/127.0.0.1:49881 - R:localhost/127.0.0.1:8081] onStateChange(PooledConnection{channel=[id: 0x3adc52e3, L:/127.0.0.1:49881 - R:localhost/127.0.0.1:8081]}, [connected])
20:29:39.907 [reactor-http-nio-2] DEBUG reactor.netty.resources.PooledConnectionProvider - [id: 0x3adc52e3, L:/127.0.0.1:49881 - R:localhost/127.0.0.1:8081] onStateChange(GET{uri=/, connection=PooledConnection{channel=[id: 0x3adc52e3, L:/127.0.0.1:49881 - R:localhost/127.0.0.1:8081]}}, [configured])
20:29:39.908 [reactor-http-nio-2] DEBUG reactor.netty.resources.PooledConnectionProvider - [id: 0xbbc840e5, L:/127.0.0.1:49882 - R:localhost/127.0.0.1:8081] onStateChange(PooledConnection{channel=[id: 0xbbc840e5, L:/127.0.0.1:49882 - R:localhost/127.0.0.1:8081]}, [connected])
20:29:39.908 [reactor-http-nio-2] DEBUG reactor.netty.resources.PooledConnectionProvider - [id: 0xbbc840e5, L:/127.0.0.1:49882 - R:localhost/127.0.0.1:8081] onStateChange(GET{uri=/, connection=PooledConnection{channel=[id: 0xbbc840e5, L:/127.0.0.1:49882 - R:localhost/127.0.0.1:8081]}}, [configured])
20:29:39.908 [pool-13-thread-26] DEBUG org.springframework.web.reactive.function.client.ExchangeFunctions - [33e79467] HTTP GET http://localhost:8081/getUserLocation?userId=e304c7b3-b810-475b-b2bd-1cff9e4d783e
20:29:39.903 [pool-13-thread-20] DEBUG org.springframework.web.reactive.function.client.ExchangeFunctions - [15c67a40] HTTP GET http://localhost:8081/getUserLocation?userId=e07c8398-eae3-417a-b784-61914321667e
20:29:39.908 [reactor-http-nio-10] DEBUG reactor.netty.resources.PooledConnectionProvider - [id: 0x46c6efe2, L:/127.0.0.1:49875 - R:localhost/127.0.0.1:8081] onStateChange(GET{uri=/getUserLocation?userId=7069b0c7-7276-4442-aaa4-9f810cec075e, connection=PooledConnection{channel=[id: 0x46c6efe2, L:/127.0.0.1:49875 - R:localhost/127.0.0.1:8081]}}, [request_sent])
20:29:39.908 [reactor-http-nio-10] DEBUG reactor.netty.resources.PooledConnectionProvider - [id: 0x46c6efe2, L:/127.0.0.1:49875 - R:localhost/127.0.0.1:8081] Channel connected, now 5 active connections and 13 inactive connections
20:29:39.908 [reactor-http-nio-10] DEBUG reactor.netty.resources.PooledConnectionProvider - [id: 0xc25feb92, L:/127.0.0.1:49880 - R:localhost/127.0.0.1:8081] Registering pool release on close event for channel
20:29:39.908 [reactor-http-nio-10] DEBUG reactor.netty.http.client.HttpClientConnect - [id: 0xc25feb92, L:/127.0.0.1:49880 - R:localhost/127.0.0.1:8081] Handler is being applied: {uri=http://localhost:8081/getUserLocation?userId=26a32f9a-0689-44a2-9424-ec4331f27424, method=GET}
20:29:39.903 [reactor-http-nio-11] DEBUG reactor.netty.resources.PooledConnectionProvider - [id: 0xd4c90cec] Created new pooled channel, now 3 active connections and 12 inactive connections
20:29:39.909 [reactor-http-nio-11] DEBUG reactor.netty.channel.BootstrapHandlers - [id: 0xd4c90cec] Initialized pipeline DefaultChannelPipeline{(BootstrapHandlers$BootstrapInitializerHandler#0 = reactor.netty.channel.BootstrapHandlers$BootstrapInitializerHandler), (SimpleChannelPool$1#0 = io.netty.channel.pool.SimpleChannelPool$1), (reactor.left.httpCodec = io.netty.handler.codec.http.HttpClientCodec), (reactor.left.decompressor = io.netty.handler.codec.http.HttpContentDecompressor), (reactor.right.reactiveBridge = reactor.netty.channel.ChannelOperationsHandler)}
20:29:39.909 [reactor-http-nio-10] DEBUG reactor.netty.resources.PooledConnectionProvider - [id: 0xc25feb92, L:/127.0.0.1:49880 - R:localhost/127.0.0.1:8081] onStateChange(GET{uri=/getUserLocation?userId=26a32f9a-0689-44a2-9424-ec4331f27424, connection=PooledConnection{channel=[id: 0xc25feb92, L:/127.0.0.1:49880 - R:localhost/127.0.0.1:8081]}}, [request_sent])
20:29:39.909 [reactor-http-nio-10] DEBUG reactor.netty.resources.PooledConnectionProvider - [id: 0xc25feb92, L:/127.0.0.1:49880 - R:localhost/127.0.0.1:8081] Channel connected, now 6 active connections and 12 inactive connections
20:29:39.903 [reactor-http-nio-14] DEBUG reactor.netty.channel.BootstrapHandlers - [id: 0x6c889872] Initialized pipeline DefaultChannelPipeline{(BootstrapHandlers$BootstrapInitializerHandler#0 = reactor.netty.channel.BootstrapHandlers$BootstrapInitializerHandler), (SimpleChannelPool$1#0 = io.netty.channel.pool.SimpleChannelPool$1), (reactor.left.httpCodec = io.netty.handler.codec.http.HttpClientCodec), (reactor.left.decompressor = io.netty.handler.codec.http.HttpContentDecompressor), (reactor.right.reactiveBridge = reactor.netty.channel.ChannelOperationsHandler)}
20:29:39.909 [reactor-http-nio-14] DEBUG reactor.netty.resources.PooledConnectionProvider - [id: 0x0b723f2b, L:/127.0.0.1:49877 - R:localhost/127.0.0.1:8081] Registering pool release on close event for channel
20:29:39.910 [reactor-http-nio-14] DEBUG reactor.netty.http.client.HttpClientConnect - [id: 0x0b723f2b, L:/127.0.0.1:49877 - R:localhost/127.0.0.1:8081] Handler is being applied: {uri=http://localhost:8081/getUserLocation?userId=3b4d4c5d-9e88-4957-8c53-d75e43710f4d, method=GET}
20:29:39.910 [reactor-http-nio-11] DEBUG reactor.netty.resources.PooledConnectionProvider - [id: 0xd4c90cec, L:/127.0.0.1:49883 - R:localhost/127.0.0.1:8081] onStateChange(PooledConnection{channel=[id: 0xd4c90cec, L:/127.0.0.1:49883 - R:localhost/127.0.0.1:8081]}, [connected])
20:29:39.904 [pool-13-thread-22] DEBUG org.springframework.web.reactive.function.client.ExchangeFunctions - [7865e675] HTTP GET http://localhost:8081/getUserLocation?userId=4beee9f6-dbe4-4434-888b-d405213ba655
20:29:39.912 [pool-13-thread-28] DEBUG org.springframework.web.reactive.function.client.ExchangeFunctions - [52b1a908] HTTP GET http://localhost:8081/getUserLocation?userId=58a56308-8d4c-444e-bbc3-64121f880305
20:29:39.904 [reactor-http-nio-13] DEBUG reactor.netty.resources.PooledConnectionProvider - [id: 0x3d1cc9c3, L:/127.0.0.1:49878 - R:localhost/127.0.0.1:8081] onStateChange(PooledConnection{channel=[id: 0x3d1cc9c3, L:/127.0.0.1:49878 - R:localhost/127.0.0.1:8081]}, [connected])
20:29:39.913 [reactor-http-nio-13] DEBUG reactor.netty.resources.PooledConnectionProvider - [id: 0x3d1cc9c3, L:/127.0.0.1:49878 - R:localhost/127.0.0.1:8081] onStateChange(GET{uri=/, connection=PooledConnection{channel=[id: 0x3d1cc9c3, L:/127.0.0.1:49878 - R:localhost/127.0.0.1:8081]}}, [configured])
20:29:39.913 [reactor-http-nio-13] DEBUG reactor.netty.resources.PooledConnectionProvider - [id: 0xfae62b5e] Created new pooled channel, now 7 active connections and 12 inactive connections
20:29:39.913 [reactor-http-nio-13] DEBUG reactor.netty.channel.BootstrapHandlers - [id: 0xfae62b5e] Initialized pipeline DefaultChannelPipeline{(BootstrapHandlers$BootstrapInitializerHandler#0 = reactor.netty.channel.BootstrapHandlers$BootstrapInitializerHandler), (SimpleChannelPool$1#0 = io.netty.channel.pool.SimpleChannelPool$1), (reactor.left.httpCodec = io.netty.handler.codec.http.HttpClientCodec), (reactor.left.decompressor = io.netty.handler.codec.http.HttpContentDecompressor), (reactor.right.reactiveBridge = reactor.netty.channel.ChannelOperationsHandler)}
20:29:39.905 [pool-13-thread-24] DEBUG org.springframework.web.reactive.function.client.ExchangeFunctions - [66491451] HTTP GET http://localhost:8081/getUserLocation?userId=60f421cc-db1b-4b5a-9b34-7f0d39ba086d
20:29:39.907 [reactor-http-nio-15] DEBUG reactor.netty.channel.BootstrapHandlers - [id: 0x6124bcfa] Initialized pipeline DefaultChannelPipeline{(BootstrapHandlers$BootstrapInitializerHandler#0 = reactor.netty.channel.BootstrapHandlers$BootstrapInitializerHandler), (SimpleChannelPool$1#0 = io.netty.channel.pool.SimpleChannelPool$1), (reactor.left.httpCodec = io.netty.handler.codec.http.HttpClientCodec), (reactor.left.decompressor = io.netty.handler.codec.http.HttpContentDecompressor), (reactor.right.reactiveBridge = reactor.netty.channel.ChannelOperationsHandler)}
20:29:39.908 [reactor-http-nio-2] DEBUG reactor.netty.resources.PooledConnectionProvider - [id: 0x549de069] Created new pooled channel, now 5 active connections and 13 inactive connections
20:29:39.910 [pool-13-thread-27] DEBUG org.springframework.web.reactive.function.client.ExchangeFunctions - [368b21d4] HTTP GET http://localhost:8081/getUserLocation?userId=dcea57dd-72ce-4e46-b33d-43d4f421bc14
20:29:39.920 [pool-13-thread-32] DEBUG org.springframework.web.reactive.function.client.ExchangeFunctions - [47db1fff] HTTP GET http://localhost:8081/getUserLocation?userId=69820c40-287a-411b-9fa6-f12a8b741fb6
20:29:39.910 [reactor-http-nio-11] DEBUG reactor.netty.resources.PooledConnectionProvider - [id: 0xd4c90cec, L:/127.0.0.1:49883 - R:localhost/127.0.0.1:8081] onStateChange(GET{uri=/, connection=PooledConnection{channel=[id: 0xd4c90cec, L:/127.0.0.1:49883 - R:localhost/127.0.0.1:8081]}}, [configured])
20:29:39.921 [reactor-http-nio-11] DEBUG reactor.netty.resources.PooledConnectionProvider - [id: 0x543091a3] Created new pooled channel, now 8 active connections and 14 inactive connections
20:29:39.921 [reactor-http-nio-11] DEBUG reactor.netty.channel.BootstrapHandlers - [id: 0x543091a3] Initialized pipeline DefaultChannelPipeline{(BootstrapHandlers$BootstrapInitializerHandler#0 = reactor.netty.channel.BootstrapHandlers$BootstrapInitializerHandler), (SimpleChannelPool$1#0 = io.netty.channel.pool.SimpleChannelPool$1), (reactor.left.httpCodec = io.netty.handler.codec.http.HttpClientCodec), (reactor.left.decompressor = io.netty.handler.codec.http.HttpContentDecompressor), (reactor.right.reactiveBridge = reactor.netty.channel.ChannelOperationsHandler)}
20:29:39.922 [pool-13-thread-34] DEBUG org.springframework.web.reactive.function.client.ExchangeFunctions - [429c2269] HTTP GET http://localhost:8081/getUserLocation?userId=5744eeb4-cadb-45ed-80cc-e675911cd1df
20:29:39.910 [reactor-http-nio-14] DEBUG reactor.netty.resources.PooledConnectionProvider - [id: 0x0b723f2b, L:/127.0.0.1:49877 - R:localhost/127.0.0.1:8081] onStateChange(GET{uri=/getUserLocation?userId=3b4d4c5d-9e88-4957-8c53-d75e43710f4d, connection=PooledConnection{channel=[id: 0x0b723f2b, L:/127.0.0.1:49877 - R:localhost/127.0.0.1:8081]}}, [request_sent])
20:29:39.922 [reactor-http-nio-14] DEBUG reactor.netty.resources.PooledConnectionProvider - [id: 0x0b723f2b, L:/127.0.0.1:49877 - R:localhost/127.0.0.1:8081] Channel connected, now 8 active connections and 14 inactive connections
20:29:39.923 [reactor-http-nio-14] DEBUG reactor.netty.resources.PooledConnectionProvider - [id: 0xd139cd35] Created new pooled channel, now 8 active connections and 15 inactive connections
20:29:39.914 [reactor-http-nio-13] DEBUG reactor.netty.resources.PooledConnectionProvider - [id: 0x99ebd170, L:/127.0.0.1:49872 - R:localhost/127.0.0.1:8081] Registering pool release on close event for channel
20:29:39.924 [reactor-http-nio-13] DEBUG reactor.netty.http.client.HttpClientConnect - [id: 0x99ebd170, L:/127.0.0.1:49872 - R:localhost/127.0.0.1:8081] Handler is being applied: {uri=http://localhost:8081/getUserLocation?userId=0cf06056-6136-4ad5-a952-6a1967221a28, method=GET}
20:29:39.924 [pool-13-thread-35] DEBUG org.springframework.web.reactive.function.client.ExchangeFunctions - [609f335e] HTTP GET http://localhost:8081/getUserLocation?userId=ff8ab042-cc81-468e-ac32-ef1613683e63
20:29:39.916 [pool-13-thread-29] DEBUG org.springframework.web.reactive.function.client.ExchangeFunctions - [770a51eb] HTTP GET http://localhost:8081/getUserLocation?userId=1a4b1a38-e308-4456-9703-8109a1a93d59
20:29:39.917 [pool-13-thread-30] DEBUG org.springframework.web.reactive.function.client.ExchangeFunctions - [1b5388d6] HTTP GET http://localhost:8081/getUserLocation?userId=d146b0f0-e8e9-4fc3-8ab6-ab7e587892da
20:29:39.917 [reactor-http-nio-16] DEBUG reactor.netty.resources.PooledConnectionProvider - [id: 0x1eb86fc9] Created new pooled channel, now 8 active connections and 12 inactive connections
20:29:39.918 [pool-13-thread-31] DEBUG org.springframework.web.reactive.function.client.ExchangeFunctions - [5fd86098] HTTP GET http://localhost:8081/getUserLocation?userId=f8fa426f-8264-476e-9af2-9068283774d8
20:29:39.920 [reactor-http-nio-15] DEBUG reactor.netty.resources.PooledConnectionProvider - [id: 0x8bf64842] Created new pooled channel, now 8 active connections and 13 inactive connections
20:29:39.929 [reactor-http-nio-15] DEBUG reactor.netty.channel.BootstrapHandlers - [id: 0x8bf64842] Initialized pipeline DefaultChannelPipeline{(BootstrapHandlers$BootstrapInitializerHandler#0 = reactor.netty.channel.BootstrapHandlers$BootstrapInitializerHandler), (SimpleChannelPool$1#0 = io.netty.channel.pool.SimpleChannelPool$1), (reactor.left.httpCodec = io.netty.handler.codec.http.HttpClientCodec), (reactor.left.decompressor = io.netty.handler.codec.http.HttpContentDecompressor), (reactor.right.reactiveBridge = reactor.netty.channel.ChannelOperationsHandler)}
20:29:39.929 [pool-13-thread-38] DEBUG org.springframework.web.reactive.function.client.ExchangeFunctions - [7a90d022] HTTP GET http://localhost:8081/getUserLocation?userId=7c4799af-ba31-4549-8bd2-42b808c45f84
20:29:39.929 [reactor-http-nio-15] DEBUG reactor.netty.resources.PooledConnectionProvider - [id: 0xefe012b0] Created new pooled channel, now 8 active connections and 16 inactive connections
20:29:39.929 [reactor-http-nio-15] DEBUG reactor.netty.channel.BootstrapHandlers - [id: 0xefe012b0] Initialized pipeline DefaultChannelPipeline{(BootstrapHandlers$BootstrapInitializerHandler#0 = reactor.netty.channel.BootstrapHandlers$BootstrapInitializerHandler), (SimpleChannelPool$1#0 = io.netty.channel.pool.SimpleChannelPool$1), (reactor.left.httpCodec = io.netty.handler.codec.http.HttpClientCodec), (reactor.left.decompressor = io.netty.handler.codec.http.HttpContentDecompressor), (reactor.right.reactiveBridge = reactor.netty.channel.ChannelOperationsHandler)}
20:29:39.929 [reactor-http-nio-15] DEBUG reactor.netty.resources.PooledConnectionProvider - [id: 0xdfea8ccc] Created new pooled channel, now 8 active connections and 17 inactive connections
20:29:39.920 [reactor-http-nio-2] DEBUG reactor.netty.channel.BootstrapHandlers - [id: 0x549de069] Initialized pipeline DefaultChannelPipeline{(BootstrapHandlers$BootstrapInitializerHandler#0 = reactor.netty.channel.BootstrapHandlers$BootstrapInitializerHandler), (SimpleChannelPool$1#0 = io.netty.channel.pool.SimpleChannelPool$1), (reactor.left.httpCodec = io.netty.handler.codec.http.HttpClientCodec), (reactor.left.decompressor = io.netty.handler.codec.http.HttpContentDecompressor), (reactor.right.reactiveBridge = reactor.netty.channel.ChannelOperationsHandler)}
20:29:39.921 [pool-13-thread-33] DEBUG org.springframework.web.reactive.function.client.ExchangeFunctions - [305f5380] HTTP GET http://localhost:8081/getUserLocation?userId=1793e6ca-b555-4530-bb20-ca8b4d86b5b5
20:29:39.931 [pool-13-thread-40] DEBUG org.springframework.web.reactive.function.client.ExchangeFunctions - [57a0020a] HTTP GET http://localhost:8081/getUserLocation?userId=db54afb3-6f50-4ded-a6b9-c9f153b99da7
20:29:39.923 [reactor-http-nio-11] DEBUG reactor.netty.resources.PooledConnectionProvider - [id: 0x543091a3, L:/127.0.0.1:49885 - R:localhost/127.0.0.1:8081] onStateChange(PooledConnection{channel=[id: 0x543091a3, L:/127.0.0.1:49885 - R:localhost/127.0.0.1:8081]}, [connected])
20:29:39.931 [reactor-http-nio-11] DEBUG reactor.netty.resources.PooledConnectionProvider - [id: 0x543091a3, L:/127.0.0.1:49885 - R:localhost/127.0.0.1:8081] onStateChange(GET{uri=/, connection=PooledConnection{channel=[id: 0x543091a3, L:/127.0.0.1:49885 - R:localhost/127.0.0.1:8081]}}, [configured])
20:29:39.931 [reactor-http-nio-11] DEBUG reactor.netty.resources.PooledConnectionProvider - [id: 0x543091a3, L:/127.0.0.1:49885 - R:localhost/127.0.0.1:8081] Registering pool release on close event for channel
20:29:39.924 [reactor-http-nio-14] DEBUG reactor.netty.channel.BootstrapHandlers - [id: 0xd139cd35] Initialized pipeline DefaultChannelPipeline{(BootstrapHandlers$BootstrapInitializerHandler#0 = reactor.netty.channel.BootstrapHandlers$BootstrapInitializerHandler), (SimpleChannelPool$1#0 = io.netty.channel.pool.SimpleChannelPool$1), (reactor.left.httpCodec = io.netty.handler.codec.http.HttpClientCodec), (reactor.left.decompressor = io.netty.handler.codec.http.HttpContentDecompressor), (reactor.right.reactiveBridge = reactor.netty.channel.ChannelOperationsHandler)}
20:29:39.924 [pool-13-thread-36] DEBUG org.springframework.web.reactive.function.client.ExchangeFunctions - [121e73de] HTTP GET http://localhost:8081/getUserLocation?userId=ce40b025-7726-490b-896d-2db78635894d
20:29:39.932 [pool-13-thread-43] DEBUG org.springframework.web.reactive.function.client.ExchangeFunctions - [11cd4870] HTTP GET http://localhost:8081/getUserLocation?userId=7a60608b-a302-4f12-b8cd-b59a9734dd46
20:29:39.927 [reactor-http-nio-13] DEBUG reactor.netty.resources.PooledConnectionProvider - [id: 0x99ebd170, L:/127.0.0.1:49872 - R:localhost/127.0.0.1:8081] onStateChange(GET{uri=/getUserLocation?userId=0cf06056-6136-4ad5-a952-6a1967221a28, connection=PooledConnection{channel=[id: 0x99ebd170, L:/127.0.0.1:49872 - R:localhost/127.0.0.1:8081]}}, [request_sent])
20:29:39.933 [pool-13-thread-44] DEBUG org.springframework.web.reactive.function.client.ExchangeFunctions - [7305736f] HTTP GET http://localhost:8081/getUserLocation?userId=d48df6ab-e9ad-45ec-94ca-c936bbbbaaa9
20:29:39.933 [reactor-http-nio-10] DEBUG reactor.netty.resources.PooledConnectionProvider - [id: 0xb00ef751] Created new pooled channel, now 10 active connections and 17 inactive connections
20:29:39.927 [reactor-http-nio-12] DEBUG reactor.netty.resources.PooledConnectionProvider - [id: 0xc976ea3e, L:/127.0.0.1:49874 - R:localhost/127.0.0.1:8081] onStateChange(GET{uri=/getUserLocation?userId=67a68d30-f5dd-4569-8d87-78ecc668d633, connection=PooledConnection{channel=[id: 0xc976ea3e, L:/127.0.0.1:49874 - R:localhost/127.0.0.1:8081]}}, [request_sent])
20:29:39.926 [pool-13-thread-37] DEBUG org.springframework.web.reactive.function.client.ExchangeFunctions - [485bdd20] HTTP GET http://localhost:8081/getUserLocation?userId=6481dcb4-2f55-4f48-935d-cd126a87cdbf
20:29:39.927 [reactor-http-nio-16] DEBUG reactor.netty.channel.BootstrapHandlers - [id: 0x1eb86fc9] Initialized pipeline DefaultChannelPipeline{(BootstrapHandlers$BootstrapInitializerHandler#0 = reactor.netty.channel.BootstrapHandlers$BootstrapInitializerHandler), (SimpleChannelPool$1#0 = io.netty.channel.pool.SimpleChannelPool$1), (reactor.left.httpCodec = io.netty.handler.codec.http.HttpClientCodec), (reactor.left.decompressor = io.netty.handler.codec.http.HttpContentDecompressor), (reactor.right.reactiveBridge = reactor.netty.channel.ChannelOperationsHandler)}
20:29:39.934 [pool-13-thread-45] DEBUG org.springframework.web.reactive.function.client.ExchangeFunctions - [1ee1d572] HTTP GET http://localhost:8081/getUserLocation?userId=93405125-2138-472a-ba16-9b7d62ca1e26
20:29:39.930 [reactor-http-nio-15] DEBUG reactor.netty.channel.BootstrapHandlers - [id: 0xdfea8ccc] Initialized pipeline DefaultChannelPipeline{(BootstrapHandlers$BootstrapInitializerHandler#0 = reactor.netty.channel.BootstrapHandlers$BootstrapInitializerHandler), (SimpleChannelPool$1#0 = io.netty.channel.pool.SimpleChannelPool$1), (reactor.left.httpCodec = io.netty.handler.codec.http.HttpClientCodec), (reactor.left.decompressor = io.netty.handler.codec.http.HttpContentDecompressor), (reactor.right.reactiveBridge = reactor.netty.channel.ChannelOperationsHandler)}
20:29:39.930 [pool-13-thread-39] DEBUG org.springframework.web.reactive.function.client.ExchangeFunctions - [79a99f57] HTTP GET http://localhost:8081/getUserLocation?userId=187e6802-e5d2-4b65-85a2-d315a0439744
20:29:39.930 [reactor-http-nio-2] DEBUG reactor.netty.resources.PooledConnectionProvider - [id: 0xbbc840e5, L:/127.0.0.1:49882 - R:localhost/127.0.0.1:8081] Registering pool release on close event for channel
20:29:39.951 [reactor-http-nio-2] DEBUG reactor.netty.http.client.HttpClientConnect - [id: 0xbbc840e5, L:/127.0.0.1:49882 - R:localhost/127.0.0.1:8081] Handler is being applied: {uri=http://localhost:8081/getUserLocation?userId=3f904a0b-aa14-44a4-920c-c4d26a93b66b, method=GET}
20:29:39.951 [pool-13-thread-48] DEBUG org.springframework.web.reactive.function.client.ExchangeFunctions - [c939bd4] HTTP GET http://localhost:8081/getUserLocation?userId=ca0977da-13ae-4a07-848a-83dc602bd85e
20:29:39.931 [pool-13-thread-41] DEBUG org.springframework.web.reactive.function.client.ExchangeFunctions - [61eff44d] HTTP GET http://localhost:8081/getUserLocation?userId=da040135-e798-4ad4-89cf-eb7bf2267293
20:29:39.952 [reactor-http-nio-2] DEBUG reactor.netty.resources.PooledConnectionProvider - [id: 0xbbc840e5, L:/127.0.0.1:49882 - R:localhost/127.0.0.1:8081] onStateChange(GET{uri=/getUserLocation?userId=3f904a0b-aa14-44a4-920c-c4d26a93b66b, connection=PooledConnection{channel=[id: 0xbbc840e5, L:/127.0.0.1:49882 - R:localhost/127.0.0.1:8081]}}, [request_sent])
20:29:39.931 [pool-13-thread-42] DEBUG org.springframework.web.reactive.function.client.ExchangeFunctions - [572d5f78] HTTP GET http://localhost:8081/getUserLocation?userId=b183dc03-531d-408b-b7fa-36c3ab7d9dd9
20:29:39.931 [reactor-http-nio-11] DEBUG reactor.netty.http.client.HttpClientConnect - [id: 0x543091a3, L:/127.0.0.1:49885 - R:localhost/127.0.0.1:8081] Handler is being applied: {uri=http://localhost:8081/getUserLocation?userId=60f421cc-db1b-4b5a-9b34-7f0d39ba086d, method=GET}
20:29:39.932 [reactor-http-nio-14] DEBUG reactor.netty.resources.PooledConnectionProvider - [id: 0x862a0562] Created new pooled channel, now 10 active connections and 16 inactive connections
20:29:39.953 [reactor-http-nio-11] DEBUG reactor.netty.resources.PooledConnectionProvider - [id: 0x543091a3, L:/127.0.0.1:49885 - R:localhost/127.0.0.1:8081] onStateChange(GET{uri=/getUserLocation?userId=60f421cc-db1b-4b5a-9b34-7f0d39ba086d, connection=PooledConnection{channel=[id: 0x543091a3, L:/127.0.0.1:49885 - R:localhost/127.0.0.1:8081]}}, [request_sent])
20:29:39.953 [reactor-http-nio-11] DEBUG reactor.netty.resources.PooledConnectionProvider - [id: 0x543091a3, L:/127.0.0.1:49885 - R:localhost/127.0.0.1:8081] Channel connected, now 11 active connections and 17 inactive connections
20:29:39.953 [pool-13-thread-50] DEBUG org.springframework.web.reactive.function.client.ExchangeFunctions - [215d5e04] HTTP GET http://localhost:8081/getUserLocation?userId=9008ef87-c248-4ad1-bc0b-c98de90fa78f
20:29:39.933 [reactor-http-nio-13] DEBUG reactor.netty.resources.PooledConnectionProvider - [id: 0x99ebd170, L:/127.0.0.1:49872 - R:localhost/127.0.0.1:8081] Channel connected, now 10 active connections and 16 inactive connections
20:29:39.954 [reactor-http-nio-13] DEBUG reactor.netty.resources.PooledConnectionProvider - [id: 0x4b9adda7] Created new pooled channel, now 11 active connections and 19 inactive connections
20:29:39.954 [reactor-http-nio-13] DEBUG reactor.netty.channel.BootstrapHandlers - [id: 0x4b9adda7] Initialized pipeline DefaultChannelPipeline{(BootstrapHandlers$BootstrapInitializerHandler#0 = reactor.netty.channel.BootstrapHandlers$BootstrapInitializerHandler), (SimpleChannelPool$1#0 = io.netty.channel.pool.SimpleChannelPool$1), (reactor.left.httpCodec = io.netty.handler.codec.http.HttpClientCodec), (reactor.left.decompressor = io.netty.handler.codec.http.HttpContentDecompressor), (reactor.right.reactiveBridge = reactor.netty.channel.ChannelOperationsHandler)}
20:29:39.954 [reactor-http-nio-13] DEBUG reactor.netty.resources.PooledConnectionProvider - [id: 0x3d1cc9c3, L:/127.0.0.1:49878 - R:localhost/127.0.0.1:8081] Registering pool release on close event for channel
20:29:39.954 [reactor-http-nio-13] DEBUG reactor.netty.http.client.HttpClientConnect - [id: 0x3d1cc9c3, L:/127.0.0.1:49878 - R:localhost/127.0.0.1:8081] Handler is being applied: {uri=http://localhost:8081/getUserLocation?userId=87ad5f95-1fb2-43d7-ab27-ddca75dedc30, method=GET}
20:29:39.954 [pool-13-thread-52] DEBUG org.springframework.web.reactive.function.client.ExchangeFunctions - [5a298b72] HTTP GET http://localhost:8081/getUserLocation?userId=d1d37d4f-820c-4300-9f3d-082f5e4c6188
20:29:39.933 [reactor-http-nio-12] DEBUG reactor.netty.resources.PooledConnectionProvider - [id: 0xc976ea3e, L:/127.0.0.1:49874 - R:localhost/127.0.0.1:8081] Channel connected, now 10 active connections and 17 inactive connections
20:29:39.955 [pool-13-thread-53] DEBUG org.springframework.web.reactive.function.client.ExchangeFunctions - [4eb08062] HTTP GET http://localhost:8081/getUserLocation?userId=0f718771-9084-4065-9168-0d4876a30c13
20:29:39.955 [reactor-http-nio-13] DEBUG reactor.netty.resources.PooledConnectionProvider - [id: 0x3d1cc9c3, L:/127.0.0.1:49878 - R:localhost/127.0.0.1:8081] onStateChange(GET{uri=/getUserLocation?userId=87ad5f95-1fb2-43d7-ab27-ddca75dedc30, connection=PooledConnection{channel=[id: 0x3d1cc9c3, L:/127.0.0.1:49878 - R:localhost/127.0.0.1:8081]}}, [request_sent])
20:29:39.955 [reactor-http-nio-13] DEBUG reactor.netty.resources.PooledConnectionProvider - [id: 0x3d1cc9c3, L:/127.0.0.1:49878 - R:localhost/127.0.0.1:8081] Channel connected, now 12 active connections and 19 inactive connections
20:29:39.955 [reactor-http-nio-13] DEBUG reactor.netty.resources.PooledConnectionProvider - [id: 0x2d54eb76] Created new pooled channel, now 12 active connections and 20 inactive connections
20:29:39.933 [reactor-http-nio-10] DEBUG reactor.netty.channel.BootstrapHandlers - [id: 0xb00ef751] Initialized pipeline DefaultChannelPipeline{(BootstrapHandlers$BootstrapInitializerHandler#0 = reactor.netty.channel.BootstrapHandlers$BootstrapInitializerHandler), (SimpleChannelPool$1#0 = io.netty.channel.pool.SimpleChannelPool$1), (reactor.left.httpCodec = io.netty.handler.codec.http.HttpClientCodec), (reactor.left.decompressor = io.netty.handler.codec.http.HttpContentDecompressor), (reactor.right.reactiveBridge = reactor.netty.channel.ChannelOperationsHandler)}
20:29:39.955 [reactor-http-nio-13] DEBUG reactor.netty.channel.BootstrapHandlers - [id: 0x2d54eb76] Initialized pipeline DefaultChannelPipeline{(BootstrapHandlers$BootstrapInitializerHandler#0 = reactor.netty.channel.BootstrapHandlers$BootstrapInitializerHandler), (SimpleChannelPool$1#0 = io.netty.channel.pool.SimpleChannelPool$1), (reactor.left.httpCodec = io.netty.handler.codec.http.HttpClientCodec), (reactor.left.decompressor = io.netty.handler.codec.http.HttpContentDecompressor), (reactor.right.reactiveBridge = reactor.netty.channel.ChannelOperationsHandler)}
20:29:39.955 [reactor-http-nio-10] DEBUG reactor.netty.resources.PooledConnectionProvider - [id: 0x333c1bf0] Created new pooled channel, now 12 active connections and 21 inactive connections
20:29:39.955 [pool-13-thread-54] DEBUG org.springframework.web.reactive.function.client.ExchangeFunctions - [28c84eb0] HTTP GET http://localhost:8081/getUserLocation?userId=d0d99872-8e22-47ca-9a25-4e50ca2d345b
20:29:39.955 [reactor-http-nio-13] DEBUG reactor.netty.resources.PooledConnectionProvider - [id: 0x3ab95760] Created new pooled channel, now 12 active connections and 22 inactive connections
20:29:39.935 [reactor-http-nio-16] DEBUG reactor.netty.resources.PooledConnectionProvider - [id: 0xbf9579bc, L:/127.0.0.1:49879 - R:localhost/127.0.0.1:8081] Registering pool release on close event for channel
20:29:39.956 [reactor-http-nio-13] DEBUG reactor.netty.channel.BootstrapHandlers - [id: 0x3ab95760] Initialized pipeline DefaultChannelPipeline{(BootstrapHandlers$BootstrapInitializerHandler#0 = reactor.netty.channel.BootstrapHandlers$BootstrapInitializerHandler), (SimpleChannelPool$1#0 = io.netty.channel.pool.SimpleChannelPool$1), (reactor.left.httpCodec = io.netty.handler.codec.http.HttpClientCodec), (reactor.left.decompressor = io.netty.handler.codec.http.HttpContentDecompressor), (reactor.right.reactiveBridge = reactor.netty.channel.ChannelOperationsHandler)}
20:29:39.956 [reactor-http-nio-16] DEBUG reactor.netty.http.client.HttpClientConnect - [id: 0xbf9579bc, L:/127.0.0.1:49879 - R:localhost/127.0.0.1:8081] Handler is being applied: {uri=http://localhost:8081/getUserLocation?userId=57bc2f60-885c-4948-825b-4002b7071fb3, method=GET}
20:29:39.950 [pool-13-thread-46] DEBUG org.springframework.web.reactive.function.client.ExchangeFunctions - [d2e164e] HTTP GET http://localhost:8081/getUserLocation?userId=89e38074-3fb9-4f20-8233-4e18bfe9078b
20:29:39.956 [reactor-http-nio-16] DEBUG reactor.netty.resources.PooledConnectionProvider - [id: 0xbf9579bc, L:/127.0.0.1:49879 - R:localhost/127.0.0.1:8081] onStateChange(GET{uri=/getUserLocation?userId=57bc2f60-885c-4948-825b-4002b7071fb3, connection=PooledConnection{channel=[id: 0xbf9579bc, L:/127.0.0.1:49879 - R:localhost/127.0.0.1:8081]}}, [request_sent])
20:29:39.956 [reactor-http-nio-16] DEBUG reactor.netty.resources.PooledConnectionProvider - [id: 0xbf9579bc, L:/127.0.0.1:49879 - R:localhost/127.0.0.1:8081] Channel connected, now 12 active connections and 23 inactive connections
20:29:39.956 [pool-13-thread-55] DEBUG org.springframework.web.reactive.function.client.ExchangeFunctions - [29cef31e] HTTP GET http://localhost:8081/getUserLocation?userId=033cec38-3fd1-419a-ab42-9a3814571a61
20:29:39.951 [reactor-http-nio-15] DEBUG reactor.netty.resources.PooledConnectionProvider - [id: 0x822a7f8c] Created new pooled channel, now 11 active connections and 17 inactive connections
20:29:39.957 [reactor-http-nio-16] DEBUG reactor.netty.resources.PooledConnectionProvider - [id: 0x08b58e36] Created new pooled channel, now 12 active connections and 24 inactive connections
20:29:39.957 [reactor-http-nio-15] DEBUG reactor.netty.channel.BootstrapHandlers - [id: 0x822a7f8c] Initialized pipeline DefaultChannelPipeline{(BootstrapHandlers$BootstrapInitializerHandler#0 = reactor.netty.channel.BootstrapHandlers$BootstrapInitializerHandler), (SimpleChannelPool$1#0 = io.netty.channel.pool.SimpleChannelPool$1), (reactor.left.httpCodec = io.netty.handler.codec.http.HttpClientCodec), (reactor.left.decompressor = io.netty.handler.codec.http.HttpContentDecompressor), (reactor.right.reactiveBridge = reactor.netty.channel.ChannelOperationsHandler)}
20:29:39.951 [pool-13-thread-47] DEBUG org.springframework.web.reactive.function.client.ExchangeFunctions - [4d1b5123] HTTP GET http://localhost:8081/getUserLocation?userId=d793ad3a-c8c3-4781-824a-706971a9c859
20:29:39.958 [pool-13-thread-56] DEBUG org.springframework.web.reactive.function.client.ExchangeFunctions - [2b19096b] HTTP GET http://localhost:8081/getUserLocation?userId=0e25da6d-7e82-4e4b-ace0-0c93b7703707
20:29:39.952 [pool-13-thread-49] DEBUG org.springframework.web.reactive.function.client.ExchangeFunctions - [1f351ed0] HTTP GET http://localhost:8081/getUserLocation?userId=32f7f253-7f2e-49ac-8cf3-9cf70cd4d48b
20:29:39.952 [reactor-http-nio-2] DEBUG reactor.netty.resources.PooledConnectionProvider - [id: 0xbbc840e5, L:/127.0.0.1:49882 - R:localhost/127.0.0.1:8081] Channel connected, now 11 active connections and 17 inactive connections
20:29:39.958 [reactor-http-nio-2] DEBUG reactor.netty.resources.PooledConnectionProvider - [id: 0xa9dc0f4b] Created new pooled channel, now 12 active connections and 26 inactive connections
20:29:39.953 [reactor-http-nio-14] DEBUG reactor.netty.channel.BootstrapHandlers - [id: 0x862a0562] Initialized pipeline DefaultChannelPipeline{(BootstrapHandlers$BootstrapInitializerHandler#0 = reactor.netty.channel.BootstrapHandlers$BootstrapInitializerHandler), (SimpleChannelPool$1#0 = io.netty.channel.pool.SimpleChannelPool$1), (reactor.left.httpCodec = io.netty.handler.codec.http.HttpClientCodec), (reactor.left.decompressor = io.netty.handler.codec.http.HttpContentDecompressor), (reactor.right.reactiveBridge = reactor.netty.channel.ChannelOperationsHandler)}
20:29:39.958 [reactor-http-nio-2] DEBUG reactor.netty.channel.BootstrapHandlers - [id: 0xa9dc0f4b] Initialized pipeline DefaultChannelPipeline{(BootstrapHandlers$BootstrapInitializerHandler#0 = reactor.netty.channel.BootstrapHandlers$BootstrapInitializerHandler), (SimpleChannelPool$1#0 = io.netty.channel.pool.SimpleChannelPool$1), (reactor.left.httpCodec = io.netty.handler.codec.http.HttpClientCodec), (reactor.left.decompressor = io.netty.handler.codec.http.HttpContentDecompressor), (reactor.right.reactiveBridge = reactor.netty.channel.ChannelOperationsHandler)}
20:29:39.959 [reactor-http-nio-14] DEBUG reactor.netty.resources.PooledConnectionProvider - [id: 0x636930f8] Created new pooled channel, now 12 active connections and 28 inactive connections
20:29:39.959 [reactor-http-nio-2] DEBUG reactor.netty.resources.PooledConnectionProvider - [id: 0x7dd6550e] Created new pooled channel, now 12 active connections and 28 inactive connections
20:29:39.953 [reactor-http-nio-11] DEBUG reactor.netty.resources.PooledConnectionProvider - [id: 0x5f76b813] Created new pooled channel, now 11 active connections and 18 inactive connections
20:29:39.959 [reactor-http-nio-14] DEBUG reactor.netty.channel.BootstrapHandlers - [id: 0x636930f8] Initialized pipeline DefaultChannelPipeline{(BootstrapHandlers$BootstrapInitializerHandler#0 = reactor.netty.channel.BootstrapHandlers$BootstrapInitializerHandler), (SimpleChannelPool$1#0 = io.netty.channel.pool.SimpleChannelPool$1), (reactor.left.httpCodec = io.netty.handler.codec.http.HttpClientCodec), (reactor.left.decompressor = io.netty.handler.codec.http.HttpContentDecompressor), (reactor.right.reactiveBridge = reactor.netty.channel.ChannelOperationsHandler)}
20:29:39.959 [reactor-http-nio-11] DEBUG reactor.netty.channel.BootstrapHandlers - [id: 0x5f76b813] Initialized pipeline DefaultChannelPipeline{(BootstrapHandlers$BootstrapInitializerHandler#0 = reactor.netty.channel.BootstrapHandlers$BootstrapInitializerHandler), (SimpleChannelPool$1#0 = io.netty.channel.pool.SimpleChannelPool$1), (reactor.left.httpCodec = io.netty.handler.codec.http.HttpClientCodec), (reactor.left.decompressor = io.netty.handler.codec.http.HttpContentDecompressor), (reactor.right.reactiveBridge = reactor.netty.channel.ChannelOperationsHandler)}
20:29:39.959 [reactor-http-nio-14] DEBUG reactor.netty.resources.PooledConnectionProvider - [id: 0x02e00a46] Created new pooled channel, now 12 active connections and 29 inactive connections
20:29:39.954 [pool-13-thread-51] DEBUG org.springframework.web.reactive.function.client.ExchangeFunctions - [4e3d5641] HTTP GET http://localhost:8081/getUserLocation?userId=228f532f-20f0-4bb4-9149-c745c5b78052
20:29:39.955 [reactor-http-nio-12] DEBUG reactor.netty.resources.PooledConnectionProvider - [id: 0x54b51839] Created new pooled channel, now 12 active connections and 19 inactive connections
20:29:39.959 [reactor-http-nio-14] DEBUG reactor.netty.channel.BootstrapHandlers - [id: 0x02e00a46] Initialized pipeline DefaultChannelPipeline{(BootstrapHandlers$BootstrapInitializerHandler#0 = reactor.netty.channel.BootstrapHandlers$BootstrapInitializerHandler), (SimpleChannelPool$1#0 = io.netty.channel.pool.SimpleChannelPool$1), (reactor.left.httpCodec = io.netty.handler.codec.http.HttpClientCodec), (reactor.left.decompressor = io.netty.handler.codec.http.HttpContentDecompressor), (reactor.right.reactiveBridge = reactor.netty.channel.ChannelOperationsHandler)}
20:29:39.955 [reactor-http-nio-10] DEBUG reactor.netty.channel.BootstrapHandlers - [id: 0x333c1bf0] Initialized pipeline DefaultChannelPipeline{(BootstrapHandlers$BootstrapInitializerHandler#0 = reactor.netty.channel.BootstrapHandlers$BootstrapInitializerHandler), (SimpleChannelPool$1#0 = io.netty.channel.pool.SimpleChannelPool$1), (reactor.left.httpCodec = io.netty.handler.codec.http.HttpClientCodec), (reactor.left.decompressor = io.netty.handler.codec.http.HttpContentDecompressor), (reactor.right.reactiveBridge = reactor.netty.channel.ChannelOperationsHandler)}
20:29:39.959 [reactor-http-nio-12] DEBUG reactor.netty.channel.BootstrapHandlers - [id: 0x54b51839] Initialized pipeline DefaultChannelPipeline{(BootstrapHandlers$BootstrapInitializerHandler#0 = reactor.netty.channel.BootstrapHandlers$BootstrapInitializerHandler), (SimpleChannelPool$1#0 = io.netty.channel.pool.SimpleChannelPool$1), (reactor.left.httpCodec = io.netty.handler.codec.http.HttpClientCodec), (reactor.left.decompressor = io.netty.handler.codec.http.HttpContentDecompressor), (reactor.right.reactiveBridge = reactor.netty.channel.ChannelOperationsHandler)}
20:29:39.959 [pool-13-thread-59] DEBUG org.springframework.web.reactive.function.client.ExchangeFunctions - [7cd025ae] HTTP GET http://localhost:8081/getUserLocation?userId=ba826450-88ca-43b4-9ff4-e7d34f4ece4a
20:29:39.960 [reactor-http-nio-12] DEBUG reactor.netty.resources.PooledConnectionProvider - [id: 0x715de37b] Created new pooled channel, now 12 active connections and 31 inactive connections
20:29:39.960 [reactor-http-nio-10] DEBUG reactor.netty.resources.PooledConnectionProvider - [id: 0x415a9863] Created new pooled channel, now 12 active connections and 32 inactive connections
20:29:39.960 [pool-13-thread-60] DEBUG org.springframework.web.reactive.function.client.ExchangeFunctions - [17e9de60] HTTP GET http://localhost:8081/getUserLocation?userId=bcc7d915-55d8-40a6-b927-d631c802a912
20:29:39.960 [reactor-http-nio-14] DEBUG reactor.netty.resources.PooledConnectionProvider - [id: 0x6c889872, L:/127.0.0.1:49887 - R:localhost/127.0.0.1:8081] onStateChange(PooledConnection{channel=[id: 0x6c889872, L:/127.0.0.1:49887 - R:localhost/127.0.0.1:8081]}, [connected])
20:29:39.956 [reactor-http-nio-13] DEBUG reactor.netty.resources.PooledConnectionProvider - [id: 0x6e1bd8e9] Created new pooled channel, now 12 active connections and 23 inactive connections
20:29:39.960 [reactor-http-nio-14] DEBUG reactor.netty.resources.PooledConnectionProvider - [id: 0x6c889872, L:/127.0.0.1:49887 - R:localhost/127.0.0.1:8081] onStateChange(GET{uri=/, connection=PooledConnection{channel=[id: 0x6c889872, L:/127.0.0.1:49887 - R:localhost/127.0.0.1:8081]}}, [configured])
20:29:39.960 [reactor-http-nio-13] DEBUG reactor.netty.channel.BootstrapHandlers - [id: 0x6e1bd8e9] Initialized pipeline DefaultChannelPipeline{(BootstrapHandlers$BootstrapInitializerHandler#0 = reactor.netty.channel.BootstrapHandlers$BootstrapInitializerHandler), (SimpleChannelPool$1#0 = io.netty.channel.pool.SimpleChannelPool$1), (reactor.left.httpCodec = io.netty.handler.codec.http.HttpClientCodec), (reactor.left.decompressor = io.netty.handler.codec.http.HttpContentDecompressor), (reactor.right.reactiveBridge = reactor.netty.channel.ChannelOperationsHandler)}
20:29:39.960 [reactor-http-nio-14] DEBUG reactor.netty.resources.PooledConnectionProvider - [id: 0xd139cd35, L:/127.0.0.1:49893 - R:localhost/127.0.0.1:8081] onStateChange(PooledConnection{channel=[id: 0xd139cd35, L:/127.0.0.1:49893 - R:localhost/127.0.0.1:8081]}, [connected])
20:29:39.960 [reactor-http-nio-14] DEBUG reactor.netty.resources.PooledConnectionProvider - [id: 0xd139cd35, L:/127.0.0.1:49893 - R:localhost/127.0.0.1:8081] onStateChange(GET{uri=/, connection=PooledConnection{channel=[id: 0xd139cd35, L:/127.0.0.1:49893 - R:localhost/127.0.0.1:8081]}}, [configured])
20:29:39.957 [reactor-http-nio-16] DEBUG reactor.netty.channel.BootstrapHandlers - [id: 0x08b58e36] Initialized pipeline DefaultChannelPipeline{(BootstrapHandlers$BootstrapInitializerHandler#0 = reactor.netty.channel.BootstrapHandlers$BootstrapInitializerHandler), (SimpleChannelPool$1#0 = io.netty.channel.pool.SimpleChannelPool$1), (reactor.left.httpCodec = io.netty.handler.codec.http.HttpClientCodec), (reactor.left.decompressor = io.netty.handler.codec.http.HttpContentDecompressor), (reactor.right.reactiveBridge = reactor.netty.channel.ChannelOperationsHandler)}
20:29:39.960 [reactor-http-nio-14] DEBUG reactor.netty.resources.PooledConnectionProvider - [id: 0x862a0562, L:/127.0.0.1:49894 - R:localhost/127.0.0.1:8081] onStateChange(PooledConnection{channel=[id: 0x862a0562, L:/127.0.0.1:49894 - R:localhost/127.0.0.1:8081]}, [connected])
20:29:39.960 [reactor-http-nio-14] DEBUG reactor.netty.resources.PooledConnectionProvider - [id: 0x862a0562, L:/127.0.0.1:49894 - R:localhost/127.0.0.1:8081] onStateChange(GET{uri=/, connection=PooledConnection{channel=[id: 0x862a0562, L:/127.0.0.1:49894 - R:localhost/127.0.0.1:8081]}}, [configured])
20:29:39.960 [reactor-http-nio-16] DEBUG reactor.netty.resources.PooledConnectionProvider - [id: 0xca5097d1] Created new pooled channel, now 12 active connections and 34 inactive connections
20:29:39.960 [reactor-http-nio-14] DEBUG reactor.netty.resources.PooledConnectionProvider - [id: 0x636930f8, L:/127.0.0.1:49895 - R:localhost/127.0.0.1:8081] onStateChange(PooledConnection{channel=[id: 0x636930f8, L:/127.0.0.1:49895 - R:localhost/127.0.0.1:8081]}, [connected])
20:29:39.961 [reactor-http-nio-14] DEBUG reactor.netty.resources.PooledConnectionProvider - [id: 0x636930f8, L:/127.0.0.1:49895 - R:localhost/127.0.0.1:8081] onStateChange(GET{uri=/, connection=PooledConnection{channel=[id: 0x636930f8, L:/127.0.0.1:49895 - R:localhost/127.0.0.1:8081]}}, [configured])
20:29:39.957 [reactor-http-nio-15] DEBUG reactor.netty.resources.PooledConnectionProvider - [id: 0x5e54db3b] Created new pooled channel, now 12 active connections and 25 inactive connections
20:29:39.961 [reactor-http-nio-16] DEBUG reactor.netty.channel.BootstrapHandlers - [id: 0xca5097d1] Initialized pipeline DefaultChannelPipeline{(BootstrapHandlers$BootstrapInitializerHandler#0 = reactor.netty.channel.BootstrapHandlers$BootstrapInitializerHandler), (SimpleChannelPool$1#0 = io.netty.channel.pool.SimpleChannelPool$1), (reactor.left.httpCodec = io.netty.handler.codec.http.HttpClientCodec), (reactor.left.decompressor = io.netty.handler.codec.http.HttpContentDecompressor), (reactor.right.reactiveBridge = reactor.netty.channel.ChannelOperationsHandler)}
20:29:39.961 [reactor-http-nio-14] DEBUG reactor.netty.resources.PooledConnectionProvider - [id: 0x02e00a46, L:/127.0.0.1:49897 - R:localhost/127.0.0.1:8081] onStateChange(PooledConnection{channel=[id: 0x02e00a46, L:/127.0.0.1:49897 - R:localhost/127.0.0.1:8081]}, [connected])
20:29:39.961 [reactor-http-nio-15] DEBUG reactor.netty.channel.BootstrapHandlers - [id: 0x5e54db3b] Initialized pipeline DefaultChannelPipeline{(BootstrapHandlers$BootstrapInitializerHandler#0 = reactor.netty.channel.BootstrapHandlers$BootstrapInitializerHandler), (SimpleChannelPool$1#0 = io.netty.channel.pool.SimpleChannelPool$1), (reactor.left.httpCodec = io.netty.handler.codec.http.HttpClientCodec), (reactor.left.decompressor = io.netty.handler.codec.http.HttpContentDecompressor), (reactor.right.reactiveBridge = reactor.netty.channel.ChannelOperationsHandler)}
20:29:39.962 [reactor-http-nio-16] DEBUG reactor.netty.resources.PooledConnectionProvider - [id: 0x31cea2d6] Created new pooled channel, now 12 active connections and 35 inactive connections
20:29:39.962 [reactor-http-nio-14] DEBUG reactor.netty.resources.PooledConnectionProvider - [id: 0x02e00a46, L:/127.0.0.1:49897 - R:localhost/127.0.0.1:8081] onStateChange(GET{uri=/, connection=PooledConnection{channel=[id: 0x02e00a46, L:/127.0.0.1:49897 - R:localhost/127.0.0.1:8081]}}, [configured])
20:29:39.962 [reactor-http-nio-14] DEBUG reactor.netty.resources.PooledConnectionProvider - [id: 0xa39718a1] Created new pooled channel, now 12 active connections and 36 inactive connections
20:29:39.962 [reactor-http-nio-16] DEBUG reactor.netty.channel.BootstrapHandlers - [id: 0x31cea2d6] Initialized pipeline DefaultChannelPipeline{(BootstrapHandlers$BootstrapInitializerHandler#0 = reactor.netty.channel.BootstrapHandlers$BootstrapInitializerHandler), (SimpleChannelPool$1#0 = io.netty.channel.pool.SimpleChannelPool$1), (reactor.left.httpCodec = io.netty.handler.codec.http.HttpClientCodec), (reactor.left.decompressor = io.netty.handler.codec.http.HttpContentDecompressor), (reactor.right.reactiveBridge = reactor.netty.channel.ChannelOperationsHandler)}
20:29:39.962 [reactor-http-nio-15] DEBUG reactor.netty.resources.PooledConnectionProvider - [id: 0x0f728531] Created new pooled channel, now 12 active connections and 37 inactive connections
20:29:39.962 [reactor-http-nio-14] DEBUG reactor.netty.channel.BootstrapHandlers - [id: 0xa39718a1] Initialized pipeline DefaultChannelPipeline{(BootstrapHandlers$BootstrapInitializerHandler#0 = reactor.netty.channel.BootstrapHandlers$BootstrapInitializerHandler), (SimpleChannelPool$1#0 = io.netty.channel.pool.SimpleChannelPool$1), (reactor.left.httpCodec = io.netty.handler.codec.http.HttpClientCodec), (reactor.left.decompressor = io.netty.handler.codec.http.HttpContentDecompressor), (reactor.right.reactiveBridge = reactor.netty.channel.ChannelOperationsHandler)}
20:29:39.962 [reactor-http-nio-15] DEBUG reactor.netty.channel.BootstrapHandlers - [id: 0x0f728531] Initialized pipeline DefaultChannelPipeline{(BootstrapHandlers$BootstrapInitializerHandler#0 = reactor.netty.channel.BootstrapHandlers$BootstrapInitializerHandler), (SimpleChannelPool$1#0 = io.netty.channel.pool.SimpleChannelPool$1), (reactor.left.httpCodec = io.netty.handler.codec.http.HttpClientCodec), (reactor.left.decompressor = io.netty.handler.codec.http.HttpContentDecompressor), (reactor.right.reactiveBridge = reactor.netty.channel.ChannelOperationsHandler)}
20:29:39.958 [pool-13-thread-57] DEBUG org.springframework.web.reactive.function.client.ExchangeFunctions - [a315fbd] HTTP GET http://localhost:8081/getUserLocation?userId=1d4177fd-1f0f-4003-a58d-e9a6a1287749
20:29:39.962 [reactor-http-nio-14] DEBUG reactor.netty.resources.PooledConnectionProvider - [id: 0xa39718a1, L:/127.0.0.1:49900 - R:localhost/127.0.0.1:8081] onStateChange(PooledConnection{channel=[id: 0xa39718a1, L:/127.0.0.1:49900 - R:localhost/127.0.0.1:8081]}, [connected])
20:29:39.962 [reactor-http-nio-14] DEBUG reactor.netty.resources.PooledConnectionProvider - [id: 0xa39718a1, L:/127.0.0.1:49900 - R:localhost/127.0.0.1:8081] onStateChange(GET{uri=/, connection=PooledConnection{channel=[id: 0xa39718a1, L:/127.0.0.1:49900 - R:localhost/127.0.0.1:8081]}}, [configured])
20:29:39.959 [reactor-http-nio-2] DEBUG reactor.netty.channel.BootstrapHandlers - [id: 0x7dd6550e] Initialized pipeline DefaultChannelPipeline{(BootstrapHandlers$BootstrapInitializerHandler#0 = reactor.netty.channel.BootstrapHandlers$BootstrapInitializerHandler), (SimpleChannelPool$1#0 = io.netty.channel.pool.SimpleChannelPool$1), (reactor.left.httpCodec = io.netty.handler.codec.http.HttpClientCodec), (reactor.left.decompressor = io.netty.handler.codec.http.HttpContentDecompressor), (reactor.right.reactiveBridge = reactor.netty.channel.ChannelOperationsHandler)}
20:29:39.963 [pool-13-thread-62] DEBUG org.springframework.web.reactive.function.client.ExchangeFunctions - [44ddcd56] HTTP GET http://localhost:8081/getUserLocation?userId=6b700be5-6959-4433-ba50-feeab79d81ff
20:29:39.963 [reactor-http-nio-2] DEBUG reactor.netty.resources.PooledConnectionProvider - [id: 0x5d20b19f] Created new pooled channel, now 12 active connections and 38 inactive connections
20:29:39.963 [reactor-http-nio-2] DEBUG reactor.netty.channel.BootstrapHandlers - [id: 0x5d20b19f] Initialized pipeline DefaultChannelPipeline{(BootstrapHandlers$BootstrapInitializerHandler#0 = reactor.netty.channel.BootstrapHandlers$BootstrapInitializerHandler), (SimpleChannelPool$1#0 = io.netty.channel.pool.SimpleChannelPool$1), (reactor.left.httpCodec = io.netty.handler.codec.http.HttpClientCodec), (reactor.left.decompressor = io.netty.handler.codec.http.HttpContentDecompressor), (reactor.right.reactiveBridge = reactor.netty.channel.ChannelOperationsHandler)}
20:29:39.963 [reactor-http-nio-2] DEBUG reactor.netty.resources.PooledConnectionProvider - [id: 0x3adc52e3, L:/127.0.0.1:49881 - R:localhost/127.0.0.1:8081] Registering pool release on close event for channel
20:29:39.963 [reactor-http-nio-2] DEBUG reactor.netty.http.client.HttpClientConnect - [id: 0x3adc52e3, L:/127.0.0.1:49881 - R:localhost/127.0.0.1:8081] Handler is being applied: {uri=http://localhost:8081/getUserLocation?userId=20fba8aa-7920-4b6d-8a75-526dde9e0ec4, method=GET}
20:29:39.959 [pool-13-thread-58] DEBUG org.springframework.web.reactive.function.client.ExchangeFunctions - [411d2fc3] HTTP GET http://localhost:8081/getUserLocation?userId=00d1a9b3-5be2-4740-a4b8-9e9de34adcc4
20:29:39.964 [pool-13-thread-63] DEBUG org.springframework.web.reactive.function.client.ExchangeFunctions - [1bde7379] HTTP GET http://localhost:8081/getUserLocation?userId=968c9a67-fd41-4c49-9869-89efd4efb0c5
20:29:39.959 [reactor-http-nio-11] DEBUG reactor.netty.resources.PooledConnectionProvider - [id: 0xf98e8509] Created new pooled channel, now 12 active connections and 30 inactive connections
20:29:39.960 [reactor-http-nio-12] DEBUG reactor.netty.channel.BootstrapHandlers - [id: 0x715de37b] Initialized pipeline DefaultChannelPipeline{(BootstrapHandlers$BootstrapInitializerHandler#0 = reactor.netty.channel.BootstrapHandlers$BootstrapInitializerHandler), (SimpleChannelPool$1#0 = io.netty.channel.pool.SimpleChannelPool$1), (reactor.left.httpCodec = io.netty.handler.codec.http.HttpClientCodec), (reactor.left.decompressor = io.netty.handler.codec.http.HttpContentDecompressor), (reactor.right.reactiveBridge = reactor.netty.channel.ChannelOperationsHandler)}
20:29:39.960 [reactor-http-nio-10] DEBUG reactor.netty.channel.BootstrapHandlers - [id: 0x415a9863] Initialized pipeline DefaultChannelPipeline{(BootstrapHandlers$BootstrapInitializerHandler#0 = reactor.netty.channel.BootstrapHandlers$BootstrapInitializerHandler), (SimpleChannelPool$1#0 = io.netty.channel.pool.SimpleChannelPool$1), (reactor.left.httpCodec = io.netty.handler.codec.http.HttpClientCodec), (reactor.left.decompressor = io.netty.handler.codec.http.HttpContentDecompressor), (reactor.right.reactiveBridge = reactor.netty.channel.ChannelOperationsHandler)}
20:29:39.964 [reactor-http-nio-11] DEBUG reactor.netty.channel.BootstrapHandlers - [id: 0xf98e8509] Initialized pipeline DefaultChannelPipeline{(BootstrapHandlers$BootstrapInitializerHandler#0 = reactor.netty.channel.BootstrapHandlers$BootstrapInitializerHandler), (SimpleChannelPool$1#0 = io.netty.channel.pool.SimpleChannelPool$1), (reactor.left.httpCodec = io.netty.handler.codec.http.HttpClientCodec), (reactor.left.decompressor = io.netty.handler.codec.http.HttpContentDecompressor), (reactor.right.reactiveBridge = reactor.netty.channel.ChannelOperationsHandler)}
20:29:39.964 [reactor-http-nio-12] DEBUG reactor.netty.resources.PooledConnectionProvider - [id: 0x5a829f34] Created new pooled channel, now 13 active connections and 38 inactive connections
20:29:39.965 [reactor-http-nio-11] DEBUG reactor.netty.resources.PooledConnectionProvider - [id: 0x444af37b] Created new pooled channel, now 13 active connections and 39 inactive connections
20:29:39.965 [pool-13-thread-64] DEBUG org.springframework.web.reactive.function.client.ExchangeFunctions - [811a5d7] HTTP GET http://localhost:8081/getUserLocation?userId=4e4386f1-0f47-4469-8f8a-8f9c6e5eca51
20:29:39.965 [reactor-http-nio-12] DEBUG reactor.netty.channel.BootstrapHandlers - [id: 0x5a829f34] Initialized pipeline DefaultChannelPipeline{(BootstrapHandlers$BootstrapInitializerHandler#0 = reactor.netty.channel.BootstrapHandlers$BootstrapInitializerHandler), (SimpleChannelPool$1#0 = io.netty.channel.pool.SimpleChannelPool$1), (reactor.left.httpCodec = io.netty.handler.codec.http.HttpClientCodec), (reactor.left.decompressor = io.netty.handler.codec.http.HttpContentDecompressor), (reactor.right.reactiveBridge = reactor.netty.channel.ChannelOperationsHandler)}
20:29:39.965 [reactor-http-nio-11] DEBUG reactor.netty.channel.BootstrapHandlers - [id: 0x444af37b] Initialized pipeline DefaultChannelPipeline{(BootstrapHandlers$BootstrapInitializerHandler#0 = reactor.netty.channel.BootstrapHandlers$BootstrapInitializerHandler), (SimpleChannelPool$1#0 = io.netty.channel.pool.SimpleChannelPool$1), (reactor.left.httpCodec = io.netty.handler.codec.http.HttpClientCodec), (reactor.left.decompressor = io.netty.handler.codec.http.HttpContentDecompressor), (reactor.right.reactiveBridge = reactor.netty.channel.ChannelOperationsHandler)}
20:29:39.965 [reactor-http-nio-11] DEBUG reactor.netty.resources.PooledConnectionProvider - [id: 0x70ea745d] Created new pooled channel, now 13 active connections and 40 inactive connections
20:29:39.960 [reactor-http-nio-13] DEBUG reactor.netty.resources.PooledConnectionProvider - [id: 0xb89a2408] Created new pooled channel, now 12 active connections and 33 inactive connections
20:29:39.965 [reactor-http-nio-12] DEBUG reactor.netty.resources.PooledConnectionProvider - [id: 0x622ee18f] Created new pooled channel, now 13 active connections and 41 inactive connections
20:29:39.965 [reactor-http-nio-13] DEBUG reactor.netty.channel.BootstrapHandlers - [id: 0xb89a2408] Initialized pipeline DefaultChannelPipeline{(BootstrapHandlers$BootstrapInitializerHandler#0 = reactor.netty.channel.BootstrapHandlers$BootstrapInitializerHandler), (SimpleChannelPool$1#0 = io.netty.channel.pool.SimpleChannelPool$1), (reactor.left.httpCodec = io.netty.handler.codec.http.HttpClientCodec), (reactor.left.decompressor = io.netty.handler.codec.http.HttpContentDecompressor), (reactor.right.reactiveBridge = reactor.netty.channel.ChannelOperationsHandler)}
20:29:39.965 [reactor-http-nio-12] DEBUG reactor.netty.channel.BootstrapHandlers - [id: 0x622ee18f] Initialized pipeline DefaultChannelPipeline{(BootstrapHandlers$BootstrapInitializerHandler#0 = reactor.netty.channel.BootstrapHandlers$BootstrapInitializerHandler), (SimpleChannelPool$1#0 = io.netty.channel.pool.SimpleChannelPool$1), (reactor.left.httpCodec = io.netty.handler.codec.http.HttpClientCodec), (reactor.left.decompressor = io.netty.handler.codec.http.HttpContentDecompressor), (reactor.right.reactiveBridge = reactor.netty.channel.ChannelOperationsHandler)}
20:29:39.965 [reactor-http-nio-10] DEBUG reactor.netty.http.client.HttpClientOperations - [id: 0xc25feb92, L:/127.0.0.1:49880 - R:localhost/127.0.0.1:8081] Received response (auto-read:false) : [Content-Type=application/json, Transfer-Encoding=chunked, Date=Tue, 29 Jun 2021 14:59:39 GMT]
20:29:39.965 [reactor-http-nio-13] DEBUG reactor.netty.resources.PooledConnectionProvider - [id: 0x93eb028b] Created new pooled channel, now 13 active connections and 42 inactive connections
20:29:39.965 [reactor-http-nio-10] DEBUG reactor.netty.resources.PooledConnectionProvider - [id: 0xc25feb92, L:/127.0.0.1:49880 - R:localhost/127.0.0.1:8081] onStateChange(GET{uri=/getUserLocation?userId=26a32f9a-0689-44a2-9424-ec4331f27424, connection=PooledConnection{channel=[id: 0xc25feb92, L:/127.0.0.1:49880 - R:localhost/127.0.0.1:8081]}}, [response_received])
20:29:39.965 [reactor-http-nio-13] DEBUG reactor.netty.channel.BootstrapHandlers - [id: 0x93eb028b] Initialized pipeline DefaultChannelPipeline{(BootstrapHandlers$BootstrapInitializerHandler#0 = reactor.netty.channel.BootstrapHandlers$BootstrapInitializerHandler), (SimpleChannelPool$1#0 = io.netty.channel.pool.SimpleChannelPool$1), (reactor.left.httpCodec = io.netty.handler.codec.http.HttpClientCodec), (reactor.left.decompressor = io.netty.handler.codec.http.HttpContentDecompressor), (reactor.right.reactiveBridge = reactor.netty.channel.ChannelOperationsHandler)}
20:29:39.961 [pool-13-thread-61] DEBUG org.springframework.web.reactive.function.client.ExchangeFunctions - [2be73efd] HTTP GET http://localhost:8081/getUserLocation?userId=53f0cab0-8dce-41b8-9879-41c52caf1aea
20:29:39.966 [reactor-http-nio-12] DEBUG reactor.netty.resources.PooledConnectionProvider - [id: 0x54b51839, L:/127.0.0.1:49907 - R:localhost/127.0.0.1:8081] onStateChange(PooledConnection{channel=[id: 0x54b51839, L:/127.0.0.1:49907 - R:localhost/127.0.0.1:8081]}, [connected])
20:29:39.966 [reactor-http-nio-12] DEBUG reactor.netty.resources.PooledConnectionProvider - [id: 0x54b51839, L:/127.0.0.1:49907 - R:localhost/127.0.0.1:8081] onStateChange(GET{uri=/, connection=PooledConnection{channel=[id: 0x54b51839, L:/127.0.0.1:49907 - R:localhost/127.0.0.1:8081]}}, [configured])
20:29:39.966 [reactor-http-nio-12] DEBUG reactor.netty.resources.PooledConnectionProvider - [id: 0x715de37b, L:/127.0.0.1:49908 - R:localhost/127.0.0.1:8081] onStateChange(PooledConnection{channel=[id: 0x715de37b, L:/127.0.0.1:49908 - R:localhost/127.0.0.1:8081]}, [connected])
20:29:39.962 [reactor-http-nio-16] DEBUG reactor.netty.resources.PooledConnectionProvider - [id: 0x1eb86fc9, L:/127.0.0.1:49891 - R:localhost/127.0.0.1:8081] onStateChange(PooledConnection{channel=[id: 0x1eb86fc9, L:/127.0.0.1:49891 - R:localhost/127.0.0.1:8081]}, [connected])
20:29:39.966 [reactor-http-nio-12] DEBUG reactor.netty.resources.PooledConnectionProvider - [id: 0x715de37b, L:/127.0.0.1:49908 - R:localhost/127.0.0.1:8081] onStateChange(GET{uri=/, connection=PooledConnection{channel=[id: 0x715de37b, L:/127.0.0.1:49908 - R:localhost/127.0.0.1:8081]}}, [configured])
20:29:39.963 [reactor-http-nio-15] DEBUG reactor.netty.http.client.HttpClientOperations - [id: 0x05482a00, L:/127.0.0.1:49865 - R:localhost/127.0.0.1:8081] Received response (auto-read:false) : [Content-Type=application/json, Transfer-Encoding=chunked, Date=Tue, 29 Jun 2021 14:59:39 GMT]
20:29:39.966 [reactor-http-nio-15] DEBUG reactor.netty.resources.PooledConnectionProvider - [id: 0x05482a00, L:/127.0.0.1:49865 - R:localhost/127.0.0.1:8081] onStateChange(GET{uri=/getUserLocation?userId=7c877f07-86fd-47bb-83d0-6f0bfd013479, connection=PooledConnection{channel=[id: 0x05482a00, L:/127.0.0.1:49865 - R:localhost/127.0.0.1:8081]}}, [response_received])
20:29:39.966 [reactor-http-nio-12] DEBUG reactor.netty.resources.PooledConnectionProvider - [id: 0x5a829f34, L:/127.0.0.1:49910 - R:localhost/127.0.0.1:8081] onStateChange(PooledConnection{channel=[id: 0x5a829f34, L:/127.0.0.1:49910 - R:localhost/127.0.0.1:8081]}, [connected])
20:29:39.964 [reactor-http-nio-2] DEBUG reactor.netty.resources.PooledConnectionProvider - [id: 0x3adc52e3, L:/127.0.0.1:49881 - R:localhost/127.0.0.1:8081] onStateChange(GET{uri=/getUserLocation?userId=20fba8aa-7920-4b6d-8a75-526dde9e0ec4, connection=PooledConnection{channel=[id: 0x3adc52e3, L:/127.0.0.1:49881 - R:localhost/127.0.0.1:8081]}}, [request_sent])
20:29:39.967 [reactor-http-nio-12] DEBUG reactor.netty.resources.PooledConnectionProvider - [id: 0x5a829f34, L:/127.0.0.1:49910 - R:localhost/127.0.0.1:8081] onStateChange(GET{uri=/, connection=PooledConnection{channel=[id: 0x5a829f34, L:/127.0.0.1:49910 - R:localhost/127.0.0.1:8081]}}, [configured])
20:29:39.965 [reactor-http-nio-11] DEBUG reactor.netty.channel.BootstrapHandlers - [id: 0x70ea745d] Initialized pipeline DefaultChannelPipeline{(BootstrapHandlers$BootstrapInitializerHandler#0 = reactor.netty.channel.BootstrapHandlers$BootstrapInitializerHandler), (SimpleChannelPool$1#0 = io.netty.channel.pool.SimpleChannelPool$1), (reactor.left.httpCodec = io.netty.handler.codec.http.HttpClientCodec), (reactor.left.decompressor = io.netty.handler.codec.http.HttpContentDecompressor), (reactor.right.reactiveBridge = reactor.netty.channel.ChannelOperationsHandler)}
20:29:39.965 [reactor-http-nio-10] DEBUG org.springframework.web.reactive.function.client.ExchangeFunctions - [6ac44a8f] Response 200 OK
20:29:39.967 [reactor-http-nio-12] DEBUG reactor.netty.resources.PooledConnectionProvider - [id: 0x622ee18f, L:/127.0.0.1:49911 - R:localhost/127.0.0.1:8081] onStateChange(PooledConnection{channel=[id: 0x622ee18f, L:/127.0.0.1:49911 - R:localhost/127.0.0.1:8081]}, [connected])
20:29:39.968 [reactor-http-nio-11] DEBUG reactor.netty.resources.PooledConnectionProvider - [id: 0x5557723c] Created new pooled channel, now 14 active connections and 43 inactive connections
20:29:39.968 [reactor-http-nio-12] DEBUG reactor.netty.resources.PooledConnectionProvider - [id: 0x622ee18f, L:/127.0.0.1:49911 - R:localhost/127.0.0.1:8081] onStateChange(GET{uri=/, connection=PooledConnection{channel=[id: 0x622ee18f, L:/127.0.0.1:49911 - R:localhost/127.0.0.1:8081]}}, [configured])
20:29:39.965 [reactor-http-nio-14] DEBUG reactor.netty.resources.PooledConnectionProvider - [id: 0x862a0562, L:/127.0.0.1:49894 - R:localhost/127.0.0.1:8081] Registering pool release on close event for channel
20:29:39.968 [reactor-http-nio-14] DEBUG reactor.netty.http.client.HttpClientConnect - [id: 0x862a0562, L:/127.0.0.1:49894 - R:localhost/127.0.0.1:8081] Handler is being applied: {uri=http://localhost:8081/getUserLocation?userId=dcea57dd-72ce-4e46-b33d-43d4f421bc14, method=GET}
20:29:39.966 [reactor-http-nio-13] DEBUG reactor.netty.resources.PooledConnectionProvider - [id: 0x0f3e4556] Created new pooled channel, now 14 active connections and 42 inactive connections
20:29:39.966 [reactor-http-nio-16] DEBUG reactor.netty.resources.PooledConnectionProvider - [id: 0x1eb86fc9, L:/127.0.0.1:49891 - R:localhost/127.0.0.1:8081] onStateChange(GET{uri=/, connection=PooledConnection{channel=[id: 0x1eb86fc9, L:/127.0.0.1:49891 - R:localhost/127.0.0.1:8081]}}, [configured])
20:29:39.968 [reactor-http-nio-13] DEBUG reactor.netty.channel.BootstrapHandlers - [id: 0x0f3e4556] Initialized pipeline DefaultChannelPipeline{(BootstrapHandlers$BootstrapInitializerHandler#0 = reactor.netty.channel.BootstrapHandlers$BootstrapInitializerHandler), (SimpleChannelPool$1#0 = io.netty.channel.pool.SimpleChannelPool$1), (reactor.left.httpCodec = io.netty.handler.codec.http.HttpClientCodec), (reactor.left.decompressor = io.netty.handler.codec.http.HttpContentDecompressor), (reactor.right.reactiveBridge = reactor.netty.channel.ChannelOperationsHandler)}
20:29:39.968 [reactor-http-nio-10] DEBUG reactor.netty.channel.FluxReceive - [id: 0xc25feb92, L:/127.0.0.1:49880 - R:localhost/127.0.0.1:8081] Subscribing inbound receiver [pending: 0, cancelled:false, inboundDone: false]
20:29:39.968 [reactor-http-nio-16] DEBUG reactor.netty.resources.PooledConnectionProvider - [id: 0x08b58e36, L:/127.0.0.1:49899 - R:localhost/127.0.0.1:8081] onStateChange(PooledConnection{channel=[id: 0x08b58e36, L:/127.0.0.1:49899 - R:localhost/127.0.0.1:8081]}, [connected])
20:29:39.967 [reactor-http-nio-15] DEBUG org.springframework.web.reactive.function.client.ExchangeFunctions - [6c2d3996] Response 200 OK
20:29:39.968 [reactor-http-nio-16] DEBUG reactor.netty.resources.PooledConnectionProvider - [id: 0x08b58e36, L:/127.0.0.1:49899 - R:localhost/127.0.0.1:8081] onStateChange(GET{uri=/, connection=PooledConnection{channel=[id: 0x08b58e36, L:/127.0.0.1:49899 - R:localhost/127.0.0.1:8081]}}, [configured])
20:29:39.968 [reactor-http-nio-10] DEBUG reactor.netty.http.client.HttpClientOperations - [id: 0xc25feb92, L:/127.0.0.1:49880 - R:localhost/127.0.0.1:8081] Received last HTTP packet
20:29:39.968 [reactor-http-nio-14] DEBUG reactor.netty.resources.PooledConnectionProvider - [id: 0x862a0562, L:/127.0.0.1:49894 - R:localhost/127.0.0.1:8081] onStateChange(GET{uri=/getUserLocation?userId=dcea57dd-72ce-4e46-b33d-43d4f421bc14, connection=PooledConnection{channel=[id: 0x862a0562, L:/127.0.0.1:49894 - R:localhost/127.0.0.1:8081]}}, [request_sent])
20:29:39.968 [reactor-http-nio-13] DEBUG reactor.netty.resources.PooledConnectionProvider - [id: 0xef273551] Created new pooled channel, now 14 active connections and 44 inactive connections
20:29:39.968 [reactor-http-nio-10] DEBUG org.springframework.core.codec.StringDecoder - [6ac44a8f] Decoded "{"userId":"26a32f9a-0689-44a2-9424-ec4331f27424","location":{"longitude":42.234096,"latitude":81.49 (truncated)...
20:29:39.968 [reactor-http-nio-16] DEBUG reactor.netty.resources.PooledConnectionProvider - [id: 0xca5097d1, L:/127.0.0.1:49901 - R:localhost/127.0.0.1:8081] onStateChange(PooledConnection{channel=[id: 0xca5097d1, L:/127.0.0.1:49901 - R:localhost/127.0.0.1:8081]}, [connected])
20:29:39.969 [reactor-http-nio-10] DEBUG reactor.netty.resources.PooledConnectionProvider - [id: 0xc25feb92, L:/127.0.0.1:49880 - R:localhost/127.0.0.1:8081] onStateChange(GET{uri=/getUserLocation?userId=26a32f9a-0689-44a2-9424-ec4331f27424, connection=PooledConnection{channel=[id: 0xc25feb92, L:/127.0.0.1:49880 - R:localhost/127.0.0.1:8081]}}, [disconnecting])
20:29:39.969 [reactor-http-nio-16] DEBUG reactor.netty.resources.PooledConnectionProvider - [id: 0xca5097d1, L:/127.0.0.1:49901 - R:localhost/127.0.0.1:8081] onStateChange(GET{uri=/, connection=PooledConnection{channel=[id: 0xca5097d1, L:/127.0.0.1:49901 - R:localhost/127.0.0.1:8081]}}, [configured])
20:29:39.969 [reactor-http-nio-13] DEBUG reactor.netty.channel.BootstrapHandlers - [id: 0xef273551] Initialized pipeline DefaultChannelPipeline{(BootstrapHandlers$BootstrapInitializerHandler#0 = reactor.netty.channel.BootstrapHandlers$BootstrapInitializerHandler), (SimpleChannelPool$1#0 = io.netty.channel.pool.SimpleChannelPool$1), (reactor.left.httpCodec = io.netty.handler.codec.http.HttpClientCodec), (reactor.left.decompressor = io.netty.handler.codec.http.HttpContentDecompressor), (reactor.right.reactiveBridge = reactor.netty.channel.ChannelOperationsHandler)}
20:29:39.967 [reactor-http-nio-2] DEBUG reactor.netty.resources.PooledConnectionProvider - [id: 0x3adc52e3, L:/127.0.0.1:49881 - R:localhost/127.0.0.1:8081] Channel connected, now 14 active connections and 42 inactive connections
20:29:39.969 [reactor-http-nio-15] DEBUG reactor.netty.channel.FluxReceive - [id: 0x05482a00, L:/127.0.0.1:49865 - R:localhost/127.0.0.1:8081] Subscribing inbound receiver [pending: 0, cancelled:false, inboundDone: false]
20:29:39.969 [reactor-http-nio-16] DEBUG reactor.netty.resources.PooledConnectionProvider - [id: 0x31cea2d6, L:/127.0.0.1:49902 - R:localhost/127.0.0.1:8081] onStateChange(PooledConnection{channel=[id: 0x31cea2d6, L:/127.0.0.1:49902 - R:localhost/127.0.0.1:8081]}, [connected])
20:29:39.969 [reactor-http-nio-16] DEBUG reactor.netty.resources.PooledConnectionProvider - [id: 0x31cea2d6, L:/127.0.0.1:49902 - R:localhost/127.0.0.1:8081] onStateChange(GET{uri=/, connection=PooledConnection{channel=[id: 0x31cea2d6, L:/127.0.0.1:49902 - R:localhost/127.0.0.1:8081]}}, [configured])
20:29:39.969 [reactor-http-nio-15] DEBUG reactor.netty.http.client.HttpClientOperations - [id: 0x05482a00, L:/127.0.0.1:49865 - R:localhost/127.0.0.1:8081] Received last HTTP packet
20:29:39.969 [reactor-http-nio-12] DEBUG reactor.netty.http.client.HttpClientOperations - [id: 0xc976ea3e, L:/127.0.0.1:49874 - R:localhost/127.0.0.1:8081] Received response (auto-read:false) : [Content-Type=application/json, Transfer-Encoding=chunked, Date=Tue, 29 Jun 2021 14:59:39 GMT]
20:29:39.969 [reactor-http-nio-12] DEBUG reactor.netty.resources.PooledConnectionProvider - [id: 0xc976ea3e, L:/127.0.0.1:49874 - R:localhost/127.0.0.1:8081] onStateChange(GET{uri=/getUserLocation?userId=67a68d30-f5dd-4569-8d87-78ecc668d633, connection=PooledConnection{channel=[id: 0xc976ea3e, L:/127.0.0.1:49874 - R:localhost/127.0.0.1:8081]}}, [response_received])
20:29:39.969 [reactor-http-nio-12] DEBUG org.springframework.web.reactive.function.client.ExchangeFunctions - [3f4f1cbb] Response 200 OK
20:29:39.969 [reactor-http-nio-13] DEBUG reactor.netty.resources.PooledConnectionProvider - [id: 0x834a6289] Created new pooled channel, now 16 active connections and 43 inactive connections
20:29:39.969 [reactor-http-nio-13] DEBUG reactor.netty.channel.BootstrapHandlers - [id: 0x834a6289] Initialized pipeline DefaultChannelPipeline{(BootstrapHandlers$BootstrapInitializerHandler#0 = reactor.netty.channel.BootstrapHandlers$BootstrapInitializerHandler), (SimpleChannelPool$1#0 = io.netty.channel.pool.SimpleChannelPool$1), (reactor.left.httpCodec = io.netty.handler.codec.http.HttpClientCodec), (reactor.left.decompressor = io.netty.handler.codec.http.HttpContentDecompressor), (reactor.right.reactiveBridge = reactor.netty.channel.ChannelOperationsHandler)}
20:29:39.968 [reactor-http-nio-11] DEBUG reactor.netty.channel.BootstrapHandlers - [id: 0x5557723c] Initialized pipeline DefaultChannelPipeline{(BootstrapHandlers$BootstrapInitializerHandler#0 = reactor.netty.channel.BootstrapHandlers$BootstrapInitializerHandler), (SimpleChannelPool$1#0 = io.netty.channel.pool.SimpleChannelPool$1), (reactor.left.httpCodec = io.netty.handler.codec.http.HttpClientCodec), (reactor.left.decompressor = io.netty.handler.codec.http.HttpContentDecompressor), (reactor.right.reactiveBridge = reactor.netty.channel.ChannelOperationsHandler)}
20:29:39.969 [reactor-http-nio-12] DEBUG reactor.netty.channel.FluxReceive - [id: 0xc976ea3e, L:/127.0.0.1:49874 - R:localhost/127.0.0.1:8081] Subscribing inbound receiver [pending: 0, cancelled:false, inboundDone: false]
20:29:39.969 [reactor-http-nio-11] DEBUG reactor.netty.resources.PooledConnectionProvider - [id: 0xd4c90cec, L:/127.0.0.1:49883 - R:localhost/127.0.0.1:8081] Registering pool release on close event for channel
20:29:39.970 [reactor-http-nio-11] DEBUG reactor.netty.http.client.HttpClientConnect - [id: 0xd4c90cec, L:/127.0.0.1:49883 - R:localhost/127.0.0.1:8081] Handler is being applied: {uri=http://localhost:8081/getUserLocation?userId=d1089acd-b9eb-4b8b-87e9-939493f4ea33, method=GET}
20:29:39.970 [reactor-http-nio-12] DEBUG reactor.netty.http.client.HttpClientOperations - [id: 0xc976ea3e, L:/127.0.0.1:49874 - R:localhost/127.0.0.1:8081] Received last HTTP packet
20:29:39.968 [reactor-http-nio-14] DEBUG reactor.netty.resources.PooledConnectionProvider - [id: 0x862a0562, L:/127.0.0.1:49894 - R:localhost/127.0.0.1:8081] Channel connected, now 14 active connections and 44 inactive connections
20:29:39.970 [reactor-http-nio-14] DEBUG reactor.netty.resources.PooledConnectionProvider - [id: 0x636930f8, L:/127.0.0.1:49895 - R:localhost/127.0.0.1:8081] Registering pool release on close event for channel
20:29:39.970 [reactor-http-nio-14] DEBUG reactor.netty.http.client.HttpClientConnect - [id: 0x636930f8, L:/127.0.0.1:49895 - R:localhost/127.0.0.1:8081] Handler is being applied: {uri=http://localhost:8081/getUserLocation?userId=da040135-e798-4ad4-89cf-eb7bf2267293, method=GET}
20:29:39.969 [reactor-http-nio-10] DEBUG reactor.netty.resources.PooledConnectionProvider - [id: 0xc25feb92, L:/127.0.0.1:49880 - R:localhost/127.0.0.1:8081] Releasing channel
20:29:39.970 [reactor-http-nio-10] DEBUG reactor.netty.resources.PooledConnectionProvider - [id: 0xc25feb92, L:/127.0.0.1:49880 - R:localhost/127.0.0.1:8081] Channel cleaned, now 17 active connections and 42 inactive connections
20:29:39.970 [reactor-http-nio-13] DEBUG reactor.netty.resources.PooledConnectionProvider - [id: 0xfae62b5e, L:/127.0.0.1:49890 - R:localhost/127.0.0.1:8081] onStateChange(PooledConnection{channel=[id: 0xfae62b5e, L:/127.0.0.1:49890 - R:localhost/127.0.0.1:8081]}, [connected])
20:29:39.970 [reactor-http-nio-13] DEBUG reactor.netty.resources.PooledConnectionProvider - [id: 0xfae62b5e, L:/127.0.0.1:49890 - R:localhost/127.0.0.1:8081] onStateChange(GET{uri=/, connection=PooledConnection{channel=[id: 0xfae62b5e, L:/127.0.0.1:49890 - R:localhost/127.0.0.1:8081]}}, [configured])
20:29:39.970 [reactor-http-nio-11] DEBUG reactor.netty.resources.PooledConnectionProvider - [id: 0xd4c90cec, L:/127.0.0.1:49883 - R:localhost/127.0.0.1:8081] onStateChange(GET{uri=/getUserLocation?userId=d1089acd-b9eb-4b8b-87e9-939493f4ea33, connection=PooledConnection{channel=[id: 0xd4c90cec, L:/127.0.0.1:49883 - R:localhost/127.0.0.1:8081]}}, [request_sent])
20:29:39.969 [reactor-http-nio-16] DEBUG reactor.netty.resources.PooledConnectionProvider - [id: 0x1eb86fc9, L:/127.0.0.1:49891 - R:localhost/127.0.0.1:8081] Registering pool release on close event for channel
20:29:39.970 [reactor-http-nio-11] DEBUG reactor.netty.resources.PooledConnectionProvider - [id: 0xd4c90cec, L:/127.0.0.1:49883 - R:localhost/127.0.0.1:8081] Channel connected, now 17 active connections and 42 inactive connections
20:29:39.970 [reactor-http-nio-16] DEBUG reactor.netty.http.client.HttpClientConnect - [id: 0x1eb86fc9, L:/127.0.0.1:49891 - R:localhost/127.0.0.1:8081] Handler is being applied: {uri=http://localhost:8081/getUserLocation?userId=4beee9f6-dbe4-4434-888b-d405213ba655, method=GET}
20:29:39.969 [reactor-http-nio-2] DEBUG reactor.netty.resources.PooledConnectionProvider - [id: 0x3a160202, L:/127.0.0.1:49876 - R:localhost/127.0.0.1:8081] Registering pool release on close event for channel
20:29:39.969 [reactor-http-nio-15] DEBUG org.springframework.core.codec.StringDecoder - [6c2d3996] Decoded "{"userId":"7c877f07-86fd-47bb-83d0-6f0bfd013479","location":{"longitude":170.589139,"latitude":-72. (truncated)...
20:29:39.971 [reactor-http-nio-2] DEBUG reactor.netty.http.client.HttpClientConnect - [id: 0x3a160202, L:/127.0.0.1:49876 - R:localhost/127.0.0.1:8081] Handler is being applied: {uri=http://localhost:8081/getUserLocation?userId=3477b050-2540-4f24-a521-660118cb0a26, method=GET}
20:29:39.971 [reactor-http-nio-15] DEBUG reactor.netty.resources.PooledConnectionProvider - [id: 0x05482a00, L:/127.0.0.1:49865 - R:localhost/127.0.0.1:8081] onStateChange(GET{uri=/getUserLocation?userId=7c877f07-86fd-47bb-83d0-6f0bfd013479, connection=PooledConnection{channel=[id: 0x05482a00, L:/127.0.0.1:49865 - R:localhost/127.0.0.1:8081]}}, [disconnecting])
20:29:39.971 [reactor-http-nio-15] DEBUG reactor.netty.resources.PooledConnectionProvider - [id: 0x05482a00, L:/127.0.0.1:49865 - R:localhost/127.0.0.1:8081] Releasing channel
20:29:39.971 [reactor-http-nio-15] DEBUG reactor.netty.resources.PooledConnectionProvider - [id: 0x05482a00, L:/127.0.0.1:49865 - R:localhost/127.0.0.1:8081] Channel cleaned, now 16 active connections and 44 inactive connections
20:29:39.971 [reactor-http-nio-15] DEBUG reactor.netty.resources.PooledConnectionProvider - [id: 0x30e81d35, L:/127.0.0.1:49884 - R:localhost/127.0.0.1:8081] onStateChange(PooledConnection{channel=[id: 0x30e81d35, L:/127.0.0.1:49884 - R:localhost/127.0.0.1:8081]}, [connected])
20:29:39.971 [reactor-http-nio-15] DEBUG reactor.netty.resources.PooledConnectionProvider - [id: 0x30e81d35, L:/127.0.0.1:49884 - R:localhost/127.0.0.1:8081] onStateChange(GET{uri=/, connection=PooledConnection{channel=[id: 0x30e81d35, L:/127.0.0.1:49884 - R:localhost/127.0.0.1:8081]}}, [configured])
20:29:39.970 [reactor-http-nio-12] DEBUG org.springframework.core.codec.StringDecoder - [3f4f1cbb] Decoded "{"userId":"67a68d30-f5dd-4569-8d87-78ecc668d633","location":{"longitude":150.868393,"latitude":43.1 (truncated)...
20:29:39.971 [reactor-http-nio-12] DEBUG reactor.netty.resources.PooledConnectionProvider - [id: 0xc976ea3e, L:/127.0.0.1:49874 - R:localhost/127.0.0.1:8081] onStateChange(GET{uri=/getUserLocation?userId=67a68d30-f5dd-4569-8d87-78ecc668d633, connection=PooledConnection{channel=[id: 0xc976ea3e, L:/127.0.0.1:49874 - R:localhost/127.0.0.1:8081]}}, [disconnecting])
20:29:39.971 [reactor-http-nio-12] DEBUG reactor.netty.resources.PooledConnectionProvider - [id: 0xc976ea3e, L:/127.0.0.1:49874 - R:localhost/127.0.0.1:8081] Releasing channel
20:29:39.971 [reactor-http-nio-15] DEBUG reactor.netty.resources.PooledConnectionProvider - [id: 0x6124bcfa, L:/127.0.0.1:49886 - R:localhost/127.0.0.1:8081] onStateChange(PooledConnection{channel=[id: 0x6124bcfa, L:/127.0.0.1:49886 - R:localhost/127.0.0.1:8081]}, [connected])
20:29:39.972 [reactor-http-nio-15] DEBUG reactor.netty.resources.PooledConnectionProvider - [id: 0x6124bcfa, L:/127.0.0.1:49886 - R:localhost/127.0.0.1:8081] onStateChange(GET{uri=/, connection=PooledConnection{channel=[id: 0x6124bcfa, L:/127.0.0.1:49886 - R:localhost/127.0.0.1:8081]}}, [configured])
20:29:39.972 [pool-13-thread-16] DEBUG org.springframework.web.reactive.function.client.ExchangeFunctions - [6403a9a7] HTTP GET http://localhost:8081/getAttractions
20:29:39.972 [reactor-http-nio-15] DEBUG reactor.netty.resources.PooledConnectionProvider - [id: 0x8bf64842, L:/127.0.0.1:49888 - R:localhost/127.0.0.1:8081] onStateChange(PooledConnection{channel=[id: 0x8bf64842, L:/127.0.0.1:49888 - R:localhost/127.0.0.1:8081]}, [connected])
20:29:39.972 [reactor-http-nio-15] DEBUG reactor.netty.resources.PooledConnectionProvider - [id: 0x8bf64842, L:/127.0.0.1:49888 - R:localhost/127.0.0.1:8081] onStateChange(GET{uri=/, connection=PooledConnection{channel=[id: 0x8bf64842, L:/127.0.0.1:49888 - R:localhost/127.0.0.1:8081]}}, [configured])
20:29:39.970 [reactor-http-nio-10] DEBUG reactor.netty.http.client.HttpClientOperations - [id: 0x46c6efe2, L:/127.0.0.1:49875 - R:localhost/127.0.0.1:8081] Received response (auto-read:false) : [Content-Type=application/json, Transfer-Encoding=chunked, Date=Tue, 29 Jun 2021 14:59:39 GMT]
20:29:39.972 [reactor-http-nio-10] DEBUG reactor.netty.resources.PooledConnectionProvider - [id: 0x46c6efe2, L:/127.0.0.1:49875 - R:localhost/127.0.0.1:8081] onStateChange(GET{uri=/getUserLocation?userId=7069b0c7-7276-4442-aaa4-9f810cec075e, connection=PooledConnection{channel=[id: 0x46c6efe2, L:/127.0.0.1:49875 - R:localhost/127.0.0.1:8081]}}, [response_received])
20:29:39.970 [reactor-http-nio-14] DEBUG reactor.netty.resources.PooledConnectionProvider - [id: 0x636930f8, L:/127.0.0.1:49895 - R:localhost/127.0.0.1:8081] onStateChange(GET{uri=/getUserLocation?userId=da040135-e798-4ad4-89cf-eb7bf2267293, connection=PooledConnection{channel=[id: 0x636930f8, L:/127.0.0.1:49895 - R:localhost/127.0.0.1:8081]}}, [request_sent])
20:29:39.972 [reactor-http-nio-14] DEBUG reactor.netty.resources.PooledConnectionProvider - [id: 0x636930f8, L:/127.0.0.1:49895 - R:localhost/127.0.0.1:8081] Channel connected, now 15 active connections and 45 inactive connections
20:29:39.972 [reactor-http-nio-10] DEBUG org.springframework.web.reactive.function.client.ExchangeFunctions - [6e814b9d] Response 200 OK
20:29:39.973 [reactor-http-nio-10] DEBUG reactor.netty.channel.FluxReceive - [id: 0x46c6efe2, L:/127.0.0.1:49875 - R:localhost/127.0.0.1:8081] Subscribing inbound receiver [pending: 0, cancelled:false, inboundDone: false]
20:29:39.970 [reactor-http-nio-13] DEBUG reactor.netty.resources.PooledConnectionProvider - [id: 0x4b9adda7, L:/127.0.0.1:49909 - R:localhost/127.0.0.1:8081] onStateChange(PooledConnection{channel=[id: 0x4b9adda7, L:/127.0.0.1:49909 - R:localhost/127.0.0.1:8081]}, [connected])
20:29:39.973 [reactor-http-nio-13] DEBUG reactor.netty.resources.PooledConnectionProvider - [id: 0x4b9adda7, L:/127.0.0.1:49909 - R:localhost/127.0.0.1:8081] onStateChange(GET{uri=/, connection=PooledConnection{channel=[id: 0x4b9adda7, L:/127.0.0.1:49909 - R:localhost/127.0.0.1:8081]}}, [configured])
20:29:39.973 [reactor-http-nio-10] DEBUG reactor.netty.http.client.HttpClientOperations - [id: 0x46c6efe2, L:/127.0.0.1:49875 - R:localhost/127.0.0.1:8081] Received last HTTP packet
20:29:39.973 [reactor-http-nio-13] DEBUG reactor.netty.resources.PooledConnectionProvider - [id: 0x2d54eb76, L:/127.0.0.1:49912 - R:localhost/127.0.0.1:8081] onStateChange(PooledConnection{channel=[id: 0x2d54eb76, L:/127.0.0.1:49912 - R:localhost/127.0.0.1:8081]}, [connected])
20:29:39.973 [reactor-http-nio-10] DEBUG org.springframework.core.codec.StringDecoder - [6e814b9d] Decoded "{"userId":"7069b0c7-7276-4442-aaa4-9f810cec075e","location":{"longitude":-173.252221,"latitude":-13 (truncated)...
20:29:39.973 [reactor-http-nio-13] DEBUG reactor.netty.resources.PooledConnectionProvider - [id: 0x2d54eb76, L:/127.0.0.1:49912 - R:localhost/127.0.0.1:8081] onStateChange(GET{uri=/, connection=PooledConnection{channel=[id: 0x2d54eb76, L:/127.0.0.1:49912 - R:localhost/127.0.0.1:8081]}}, [configured])
20:29:39.973 [pool-13-thread-2] DEBUG org.springframework.web.reactive.function.client.ExchangeFunctions - [62eada63] HTTP GET http://localhost:8081/getAttractions
20:29:39.973 [reactor-http-nio-13] DEBUG reactor.netty.resources.PooledConnectionProvider - [id: 0x3ab95760, L:/127.0.0.1:49913 - R:localhost/127.0.0.1:8081] onStateChange(PooledConnection{channel=[id: 0x3ab95760, L:/127.0.0.1:49913 - R:localhost/127.0.0.1:8081]}, [connected])
20:29:39.973 [reactor-http-nio-13] DEBUG reactor.netty.resources.PooledConnectionProvider - [id: 0x3ab95760, L:/127.0.0.1:49913 - R:localhost/127.0.0.1:8081] onStateChange(GET{uri=/, connection=PooledConnection{channel=[id: 0x3ab95760, L:/127.0.0.1:49913 - R:localhost/127.0.0.1:8081]}}, [configured])
20:29:39.971 [reactor-http-nio-11] DEBUG reactor.netty.resources.PooledConnectionProvider - [id: 0xb9e4c7b3] Created new pooled channel, now 17 active connections and 43 inactive connections
20:29:39.974 [reactor-http-nio-13] DEBUG reactor.netty.resources.PooledConnectionProvider - [id: 0x6e1bd8e9, L:/127.0.0.1:49914 - R:localhost/127.0.0.1:8081] onStateChange(PooledConnection{channel=[id: 0x6e1bd8e9, L:/127.0.0.1:49914 - R:localhost/127.0.0.1:8081]}, [connected])
20:29:39.974 [reactor-http-nio-13] DEBUG reactor.netty.resources.PooledConnectionProvider - [id: 0x6e1bd8e9, L:/127.0.0.1:49914 - R:localhost/127.0.0.1:8081] onStateChange(GET{uri=/, connection=PooledConnection{channel=[id: 0x6e1bd8e9, L:/127.0.0.1:49914 - R:localhost/127.0.0.1:8081]}}, [configured])
20:29:39.974 [reactor-http-nio-11] DEBUG reactor.netty.channel.BootstrapHandlers - [id: 0xb9e4c7b3] Initialized pipeline DefaultChannelPipeline{(BootstrapHandlers$BootstrapInitializerHandler#0 = reactor.netty.channel.BootstrapHandlers$BootstrapInitializerHandler), (SimpleChannelPool$1#0 = io.netty.channel.pool.SimpleChannelPool$1), (reactor.left.httpCodec = io.netty.handler.codec.http.HttpClientCodec), (reactor.left.decompressor = io.netty.handler.codec.http.HttpContentDecompressor), (reactor.right.reactiveBridge = reactor.netty.channel.ChannelOperationsHandler)}
20:29:39.974 [reactor-http-nio-13] DEBUG reactor.netty.resources.PooledConnectionProvider - [id: 0xb89a2408, L:/127.0.0.1:49915 - R:localhost/127.0.0.1:8081] onStateChange(PooledConnection{channel=[id: 0xb89a2408, L:/127.0.0.1:49915 - R:localhost/127.0.0.1:8081]}, [connected])
20:29:39.974 [reactor-http-nio-13] DEBUG reactor.netty.resources.PooledConnectionProvider - [id: 0xb89a2408, L:/127.0.0.1:49915 - R:localhost/127.0.0.1:8081] onStateChange(GET{uri=/, connection=PooledConnection{channel=[id: 0xb89a2408, L:/127.0.0.1:49915 - R:localhost/127.0.0.1:8081]}}, [configured])
20:29:39.974 [reactor-http-nio-13] DEBUG reactor.netty.resources.PooledConnectionProvider - [id: 0x93eb028b, L:/127.0.0.1:49917 - R:localhost/127.0.0.1:8081] onStateChange(PooledConnection{channel=[id: 0x93eb028b, L:/127.0.0.1:49917 - R:localhost/127.0.0.1:8081]}, [connected])
20:29:39.974 [pool-13-thread-8] DEBUG org.springframework.web.reactive.function.client.ExchangeFunctions - [3188e522] HTTP GET http://localhost:8081/getAttractions
20:29:39.974 [reactor-http-nio-13] DEBUG reactor.netty.resources.PooledConnectionProvider - [id: 0x93eb028b, L:/127.0.0.1:49917 - R:localhost/127.0.0.1:8081] onStateChange(GET{uri=/, connection=PooledConnection{channel=[id: 0x93eb028b, L:/127.0.0.1:49917 - R:localhost/127.0.0.1:8081]}}, [configured])
20:29:39.974 [reactor-http-nio-13] DEBUG reactor.netty.resources.PooledConnectionProvider - [id: 0x0f3e4556, L:/127.0.0.1:49918 - R:localhost/127.0.0.1:8081] onStateChange(PooledConnection{channel=[id: 0x0f3e4556, L:/127.0.0.1:49918 - R:localhost/127.0.0.1:8081]}, [connected])
20:29:39.974 [reactor-http-nio-13] DEBUG reactor.netty.resources.PooledConnectionProvider - [id: 0x0f3e4556, L:/127.0.0.1:49918 - R:localhost/127.0.0.1:8081] onStateChange(GET{uri=/, connection=PooledConnection{channel=[id: 0x0f3e4556, L:/127.0.0.1:49918 - R:localhost/127.0.0.1:8081]}}, [configured])
20:29:39.971 [reactor-http-nio-16] DEBUG reactor.netty.resources.PooledConnectionProvider - [id: 0x1eb86fc9, L:/127.0.0.1:49891 - R:localhost/127.0.0.1:8081] onStateChange(GET{uri=/getUserLocation?userId=4beee9f6-dbe4-4434-888b-d405213ba655, connection=PooledConnection{channel=[id: 0x1eb86fc9, L:/127.0.0.1:49891 - R:localhost/127.0.0.1:8081]}}, [request_sent])
20:29:39.975 [reactor-http-nio-16] DEBUG reactor.netty.resources.PooledConnectionProvider - [id: 0x1eb86fc9, L:/127.0.0.1:49891 - R:localhost/127.0.0.1:8081] Channel connected, now 16 active connections and 45 inactive connections
20:29:39.975 [reactor-http-nio-16] DEBUG reactor.netty.resources.PooledConnectionProvider - [id: 0xd94b0585] Created new pooled channel, now 16 active connections and 46 inactive connections
20:29:39.971 [reactor-http-nio-2] DEBUG reactor.netty.resources.PooledConnectionProvider - [id: 0x3a160202, L:/127.0.0.1:49876 - R:localhost/127.0.0.1:8081] onStateChange(GET{uri=/getUserLocation?userId=3477b050-2540-4f24-a521-660118cb0a26, connection=PooledConnection{channel=[id: 0x3a160202, L:/127.0.0.1:49876 - R:localhost/127.0.0.1:8081]}}, [request_sent])
20:29:39.975 [reactor-http-nio-2] DEBUG reactor.netty.resources.PooledConnectionProvider - [id: 0x3a160202, L:/127.0.0.1:49876 - R:localhost/127.0.0.1:8081] Channel connected, now 16 active connections and 46 inactive connections
20:29:39.975 [reactor-http-nio-2] DEBUG reactor.netty.resources.PooledConnectionProvider - [id: 0x5921853c] Created new pooled channel, now 16 active connections and 47 inactive connections
20:29:39.975 [reactor-http-nio-16] DEBUG reactor.netty.channel.BootstrapHandlers - [id: 0xd94b0585] Initialized pipeline DefaultChannelPipeline{(BootstrapHandlers$BootstrapInitializerHandler#0 = reactor.netty.channel.BootstrapHandlers$BootstrapInitializerHandler), (SimpleChannelPool$1#0 = io.netty.channel.pool.SimpleChannelPool$1), (reactor.left.httpCodec = io.netty.handler.codec.http.HttpClientCodec), (reactor.left.decompressor = io.netty.handler.codec.http.HttpContentDecompressor), (reactor.right.reactiveBridge = reactor.netty.channel.ChannelOperationsHandler)}
20:29:39.975 [reactor-http-nio-2] DEBUG reactor.netty.channel.BootstrapHandlers - [id: 0x5921853c] Initialized pipeline DefaultChannelPipeline{(BootstrapHandlers$BootstrapInitializerHandler#0 = reactor.netty.channel.BootstrapHandlers$BootstrapInitializerHandler), (SimpleChannelPool$1#0 = io.netty.channel.pool.SimpleChannelPool$1), (reactor.left.httpCodec = io.netty.handler.codec.http.HttpClientCodec), (reactor.left.decompressor = io.netty.handler.codec.http.HttpContentDecompressor), (reactor.right.reactiveBridge = reactor.netty.channel.ChannelOperationsHandler)}
20:29:39.971 [reactor-http-nio-12] DEBUG reactor.netty.resources.PooledConnectionProvider - [id: 0xc976ea3e, L:/127.0.0.1:49874 - R:localhost/127.0.0.1:8081] Channel cleaned, now 15 active connections and 45 inactive connections
20:29:39.975 [reactor-http-nio-16] DEBUG reactor.netty.resources.PooledConnectionProvider - [id: 0x31cea2d6, L:/127.0.0.1:49902 - R:localhost/127.0.0.1:8081] Registering pool release on close event for channel
20:29:39.975 [reactor-http-nio-16] DEBUG reactor.netty.http.client.HttpClientConnect - [id: 0x31cea2d6, L:/127.0.0.1:49902 - R:localhost/127.0.0.1:8081] Handler is being applied: {uri=http://localhost:8081/getUserLocation?userId=ba826450-88ca-43b4-9ff4-e7d34f4ece4a, method=GET}
20:29:39.976 [reactor-http-nio-2] DEBUG reactor.netty.resources.PooledConnectionProvider - [id: 0xf696f9f2] Created new pooled channel, now 17 active connections and 47 inactive connections
20:29:39.976 [pool-13-thread-1] DEBUG org.springframework.web.reactive.function.client.ExchangeFunctions - [6046a83d] HTTP GET http://localhost:8081/getAttractions
20:29:39.972 [reactor-http-nio-15] DEBUG reactor.netty.resources.PooledConnectionProvider - [id: 0xefe012b0, L:/127.0.0.1:49889 - R:localhost/127.0.0.1:8081] onStateChange(PooledConnection{channel=[id: 0xefe012b0, L:/127.0.0.1:49889 - R:localhost/127.0.0.1:8081]}, [connected])
20:29:39.976 [reactor-http-nio-15] DEBUG reactor.netty.resources.PooledConnectionProvider - [id: 0xefe012b0, L:/127.0.0.1:49889 - R:localhost/127.0.0.1:8081] onStateChange(GET{uri=/, connection=PooledConnection{channel=[id: 0xefe012b0, L:/127.0.0.1:49889 - R:localhost/127.0.0.1:8081]}}, [configured])
20:29:39.976 [reactor-http-nio-2] DEBUG reactor.netty.channel.BootstrapHandlers - [id: 0xf696f9f2] Initialized pipeline DefaultChannelPipeline{(BootstrapHandlers$BootstrapInitializerHandler#0 = reactor.netty.channel.BootstrapHandlers$BootstrapInitializerHandler), (SimpleChannelPool$1#0 = io.netty.channel.pool.SimpleChannelPool$1), (reactor.left.httpCodec = io.netty.handler.codec.http.HttpClientCodec), (reactor.left.decompressor = io.netty.handler.codec.http.HttpContentDecompressor), (reactor.right.reactiveBridge = reactor.netty.channel.ChannelOperationsHandler)}
20:29:39.976 [reactor-http-nio-15] DEBUG reactor.netty.resources.PooledConnectionProvider - [id: 0xdfea8ccc, L:/127.0.0.1:49892 - R:localhost/127.0.0.1:8081] onStateChange(PooledConnection{channel=[id: 0xdfea8ccc, L:/127.0.0.1:49892 - R:localhost/127.0.0.1:8081]}, [connected])
20:29:39.976 [reactor-http-nio-16] DEBUG reactor.netty.resources.PooledConnectionProvider - [id: 0x31cea2d6, L:/127.0.0.1:49902 - R:localhost/127.0.0.1:8081] onStateChange(GET{uri=/getUserLocation?userId=ba826450-88ca-43b4-9ff4-e7d34f4ece4a, connection=PooledConnection{channel=[id: 0x31cea2d6, L:/127.0.0.1:49902 - R:localhost/127.0.0.1:8081]}}, [request_sent])
20:29:39.976 [reactor-http-nio-15] DEBUG reactor.netty.resources.PooledConnectionProvider - [id: 0xdfea8ccc, L:/127.0.0.1:49892 - R:localhost/127.0.0.1:8081] onStateChange(GET{uri=/, connection=PooledConnection{channel=[id: 0xdfea8ccc, L:/127.0.0.1:49892 - R:localhost/127.0.0.1:8081]}}, [configured])
20:29:39.976 [reactor-http-nio-16] DEBUG reactor.netty.resources.PooledConnectionProvider - [id: 0x31cea2d6, L:/127.0.0.1:49902 - R:localhost/127.0.0.1:8081] Channel connected, now 17 active connections and 47 inactive connections
20:29:39.976 [reactor-http-nio-15] DEBUG reactor.netty.resources.PooledConnectionProvider - [id: 0x822a7f8c, L:/127.0.0.1:49898 - R:localhost/127.0.0.1:8081] onStateChange(PooledConnection{channel=[id: 0x822a7f8c, L:/127.0.0.1:49898 - R:localhost/127.0.0.1:8081]}, [connected])
20:29:39.976 [reactor-http-nio-2] DEBUG reactor.netty.resources.PooledConnectionProvider - [id: 0xb543d4db] Created new pooled channel, now 17 active connections and 48 inactive connections
20:29:39.976 [reactor-http-nio-15] DEBUG reactor.netty.resources.PooledConnectionProvider - [id: 0x822a7f8c, L:/127.0.0.1:49898 - R:localhost/127.0.0.1:8081] onStateChange(GET{uri=/, connection=PooledConnection{channel=[id: 0x822a7f8c, L:/127.0.0.1:49898 - R:localhost/127.0.0.1:8081]}}, [configured])
20:29:39.976 [reactor-http-nio-15] DEBUG reactor.netty.resources.PooledConnectionProvider - [id: 0x5e54db3b, L:/127.0.0.1:49903 - R:localhost/127.0.0.1:8081] onStateChange(PooledConnection{channel=[id: 0x5e54db3b, L:/127.0.0.1:49903 - R:localhost/127.0.0.1:8081]}, [connected])
20:29:39.976 [reactor-http-nio-16] DEBUG reactor.netty.resources.PooledConnectionProvider - [id: 0xd94b0585, L:/127.0.0.1:49927 - R:localhost/127.0.0.1:8081] onStateChange(PooledConnection{channel=[id: 0xd94b0585, L:/127.0.0.1:49927 - R:localhost/127.0.0.1:8081]}, [connected])
20:29:39.977 [reactor-http-nio-15] DEBUG reactor.netty.resources.PooledConnectionProvider - [id: 0x5e54db3b, L:/127.0.0.1:49903 - R:localhost/127.0.0.1:8081] onStateChange(GET{uri=/, connection=PooledConnection{channel=[id: 0x5e54db3b, L:/127.0.0.1:49903 - R:localhost/127.0.0.1:8081]}}, [configured])
20:29:39.972 [reactor-http-nio-14] DEBUG reactor.netty.resources.PooledConnectionProvider - [id: 0x02e00a46, L:/127.0.0.1:49897 - R:localhost/127.0.0.1:8081] Registering pool release on close event for channel
20:29:39.977 [reactor-http-nio-15] DEBUG reactor.netty.resources.PooledConnectionProvider - [id: 0x05482a00, L:/127.0.0.1:49865 - R:localhost/127.0.0.1:8081] Channel acquired, now 18 active connections and 47 inactive connections
20:29:39.977 [reactor-http-nio-14] DEBUG reactor.netty.http.client.HttpClientConnect - [id: 0x02e00a46, L:/127.0.0.1:49897 - R:localhost/127.0.0.1:8081] Handler is being applied: {uri=http://localhost:8081/getUserLocation?userId=d1d37d4f-820c-4300-9f3d-082f5e4c6188, method=GET}
20:29:39.977 [reactor-http-nio-15] DEBUG reactor.netty.http.client.HttpClientConnect - [id: 0x05482a00, L:/127.0.0.1:49865 - R:localhost/127.0.0.1:8081] Handler is being applied: {uri=http://localhost:8081/getAttractions, method=GET}
20:29:39.977 [reactor-http-nio-12] DEBUG reactor.netty.resources.PooledConnectionProvider - [id: 0xc976ea3e, L:/127.0.0.1:49874 - R:localhost/127.0.0.1:8081] Channel acquired, now 19 active connections and 46 inactive connections
20:29:39.977 [reactor-http-nio-12] DEBUG reactor.netty.http.client.HttpClientConnect - [id: 0xc976ea3e, L:/127.0.0.1:49874 - R:localhost/127.0.0.1:8081] Handler is being applied: {uri=http://localhost:8081/getAttractions, method=GET}
20:29:39.973 [reactor-http-nio-10] DEBUG reactor.netty.resources.PooledConnectionProvider - [id: 0x46c6efe2, L:/127.0.0.1:49875 - R:localhost/127.0.0.1:8081] onStateChange(GET{uri=/getUserLocation?userId=7069b0c7-7276-4442-aaa4-9f810cec075e, connection=PooledConnection{channel=[id: 0x46c6efe2, L:/127.0.0.1:49875 - R:localhost/127.0.0.1:8081]}}, [disconnecting])
20:29:39.977 [reactor-http-nio-10] DEBUG reactor.netty.resources.PooledConnectionProvider - [id: 0x46c6efe2, L:/127.0.0.1:49875 - R:localhost/127.0.0.1:8081] Releasing channel
20:29:39.977 [reactor-http-nio-14] DEBUG reactor.netty.resources.PooledConnectionProvider - [id: 0x02e00a46, L:/127.0.0.1:49897 - R:localhost/127.0.0.1:8081] onStateChange(GET{uri=/getUserLocation?userId=d1d37d4f-820c-4300-9f3d-082f5e4c6188, connection=PooledConnection{channel=[id: 0x02e00a46, L:/127.0.0.1:49897 - R:localhost/127.0.0.1:8081]}}, [request_sent])
20:29:39.977 [reactor-http-nio-14] DEBUG reactor.netty.resources.PooledConnectionProvider - [id: 0x02e00a46, L:/127.0.0.1:49897 - R:localhost/127.0.0.1:8081] Channel connected, now 18 active connections and 47 inactive connections
20:29:39.977 [reactor-http-nio-15] DEBUG reactor.netty.resources.PooledConnectionProvider - [id: 0x05482a00, L:/127.0.0.1:49865 - R:localhost/127.0.0.1:8081] onStateChange(GET{uri=/getAttractions, connection=PooledConnection{channel=[id: 0x05482a00, L:/127.0.0.1:49865 - R:localhost/127.0.0.1:8081]}}, [request_sent])
20:29:39.975 [reactor-http-nio-13] DEBUG reactor.netty.resources.PooledConnectionProvider - [id: 0xef273551, L:/127.0.0.1:49919 - R:localhost/127.0.0.1:8081] onStateChange(PooledConnection{channel=[id: 0xef273551, L:/127.0.0.1:49919 - R:localhost/127.0.0.1:8081]}, [connected])
20:29:39.977 [reactor-http-nio-13] DEBUG reactor.netty.resources.PooledConnectionProvider - [id: 0xef273551, L:/127.0.0.1:49919 - R:localhost/127.0.0.1:8081] onStateChange(GET{uri=/, connection=PooledConnection{channel=[id: 0xef273551, L:/127.0.0.1:49919 - R:localhost/127.0.0.1:8081]}}, [configured])
20:29:39.978 [reactor-http-nio-12] DEBUG reactor.netty.resources.PooledConnectionProvider - [id: 0xc976ea3e, L:/127.0.0.1:49874 - R:localhost/127.0.0.1:8081] onStateChange(GET{uri=/getAttractions, connection=PooledConnection{channel=[id: 0xc976ea3e, L:/127.0.0.1:49874 - R:localhost/127.0.0.1:8081]}}, [request_sent])
20:29:39.975 [reactor-http-nio-11] DEBUG reactor.netty.resources.PooledConnectionProvider - [id: 0xa8d1cb41] Created new pooled channel, now 16 active connections and 45 inactive connections
20:29:39.978 [reactor-http-nio-13] DEBUG reactor.netty.resources.PooledConnectionProvider - [id: 0x834a6289, L:/127.0.0.1:49920 - R:localhost/127.0.0.1:8081] onStateChange(PooledConnection{channel=[id: 0x834a6289, L:/127.0.0.1:49920 - R:localhost/127.0.0.1:8081]}, [connected])
20:29:39.978 [reactor-http-nio-13] DEBUG reactor.netty.resources.PooledConnectionProvider - [id: 0x834a6289, L:/127.0.0.1:49920 - R:localhost/127.0.0.1:8081] onStateChange(GET{uri=/, connection=PooledConnection{channel=[id: 0x834a6289, L:/127.0.0.1:49920 - R:localhost/127.0.0.1:8081]}}, [configured])
20:29:39.978 [reactor-http-nio-13] DEBUG reactor.netty.resources.PooledConnectionProvider - [id: 0xfae62b5e, L:/127.0.0.1:49890 - R:localhost/127.0.0.1:8081] Registering pool release on close event for channel
20:29:39.976 [reactor-http-nio-2] DEBUG reactor.netty.channel.BootstrapHandlers - [id: 0xb543d4db] Initialized pipeline DefaultChannelPipeline{(BootstrapHandlers$BootstrapInitializerHandler#0 = reactor.netty.channel.BootstrapHandlers$BootstrapInitializerHandler), (SimpleChannelPool$1#0 = io.netty.channel.pool.SimpleChannelPool$1), (reactor.left.httpCodec = io.netty.handler.codec.http.HttpClientCodec), (reactor.left.decompressor = io.netty.handler.codec.http.HttpContentDecompressor), (reactor.right.reactiveBridge = reactor.netty.channel.ChannelOperationsHandler)}
20:29:39.978 [reactor-http-nio-13] DEBUG reactor.netty.http.client.HttpClientConnect - [id: 0xfae62b5e, L:/127.0.0.1:49890 - R:localhost/127.0.0.1:8081] Handler is being applied: {uri=http://localhost:8081/getUserLocation?userId=f32a0715-f9d3-4341-94e5-d231be29872e, method=GET}
20:29:39.977 [reactor-http-nio-16] DEBUG reactor.netty.resources.PooledConnectionProvider - [id: 0xd94b0585, L:/127.0.0.1:49927 - R:localhost/127.0.0.1:8081] onStateChange(GET{uri=/, connection=PooledConnection{channel=[id: 0xd94b0585, L:/127.0.0.1:49927 - R:localhost/127.0.0.1:8081]}}, [configured])
20:29:39.978 [reactor-http-nio-16] DEBUG reactor.netty.resources.PooledConnectionProvider - [id: 0x08b58e36, L:/127.0.0.1:49899 - R:localhost/127.0.0.1:8081] Registering pool release on close event for channel
20:29:39.978 [reactor-http-nio-16] DEBUG reactor.netty.http.client.HttpClientConnect - [id: 0x08b58e36, L:/127.0.0.1:49899 - R:localhost/127.0.0.1:8081] Handler is being applied: {uri=http://localhost:8081/getUserLocation?userId=93405125-2138-472a-ba16-9b7d62ca1e26, method=GET}
20:29:39.979 [reactor-http-nio-2] DEBUG reactor.netty.resources.PooledConnectionProvider - [id: 0x549de069, L:/127.0.0.1:49916 - R:localhost/127.0.0.1:8081] onStateChange(PooledConnection{channel=[id: 0x549de069, L:/127.0.0.1:49916 - R:localhost/127.0.0.1:8081]}, [connected])
20:29:39.979 [reactor-http-nio-2] DEBUG reactor.netty.resources.PooledConnectionProvider - [id: 0x549de069, L:/127.0.0.1:49916 - R:localhost/127.0.0.1:8081] onStateChange(GET{uri=/, connection=PooledConnection{channel=[id: 0x549de069, L:/127.0.0.1:49916 - R:localhost/127.0.0.1:8081]}}, [configured])
20:29:39.977 [reactor-http-nio-10] DEBUG reactor.netty.resources.PooledConnectionProvider - [id: 0x46c6efe2, L:/127.0.0.1:49875 - R:localhost/127.0.0.1:8081] Channel cleaned, now 18 active connections and 47 inactive connections
20:29:39.979 [reactor-http-nio-2] DEBUG reactor.netty.resources.PooledConnectionProvider - [id: 0xa9dc0f4b, L:/127.0.0.1:49924 - R:localhost/127.0.0.1:8081] onStateChange(PooledConnection{channel=[id: 0xa9dc0f4b, L:/127.0.0.1:49924 - R:localhost/127.0.0.1:8081]}, [connected])
20:29:39.979 [reactor-http-nio-10] DEBUG reactor.netty.resources.PooledConnectionProvider - [id: 0xb00ef751, L:/127.0.0.1:49896 - R:localhost/127.0.0.1:8081] onStateChange(PooledConnection{channel=[id: 0xb00ef751, L:/127.0.0.1:49896 - R:localhost/127.0.0.1:8081]}, [connected])
20:29:39.977 [reactor-http-nio-14] DEBUG reactor.netty.resources.PooledConnectionProvider - [id: 0xa39718a1, L:/127.0.0.1:49900 - R:localhost/127.0.0.1:8081] Registering pool release on close event for channel
20:29:39.979 [reactor-http-nio-2] DEBUG reactor.netty.resources.PooledConnectionProvider - [id: 0xa9dc0f4b, L:/127.0.0.1:49924 - R:localhost/127.0.0.1:8081] onStateChange(GET{uri=/, connection=PooledConnection{channel=[id: 0xa9dc0f4b, L:/127.0.0.1:49924 - R:localhost/127.0.0.1:8081]}}, [configured])
20:29:39.979 [reactor-http-nio-10] DEBUG reactor.netty.resources.PooledConnectionProvider - [id: 0xb00ef751, L:/127.0.0.1:49896 - R:localhost/127.0.0.1:8081] onStateChange(GET{uri=/, connection=PooledConnection{channel=[id: 0xb00ef751, L:/127.0.0.1:49896 - R:localhost/127.0.0.1:8081]}}, [configured])
20:29:39.979 [reactor-http-nio-14] DEBUG reactor.netty.http.client.HttpClientConnect - [id: 0xa39718a1, L:/127.0.0.1:49900 - R:localhost/127.0.0.1:8081] Handler is being applied: {uri=http://localhost:8081/getUserLocation?userId=228f532f-20f0-4bb4-9149-c745c5b78052, method=GET}
20:29:39.979 [reactor-http-nio-2] DEBUG reactor.netty.resources.PooledConnectionProvider - [id: 0x7dd6550e, L:/127.0.0.1:49925 - R:localhost/127.0.0.1:8081] onStateChange(PooledConnection{channel=[id: 0x7dd6550e, L:/127.0.0.1:49925 - R:localhost/127.0.0.1:8081]}, [connected])
20:29:39.979 [reactor-http-nio-2] DEBUG reactor.netty.resources.PooledConnectionProvider - [id: 0x7dd6550e, L:/127.0.0.1:49925 - R:localhost/127.0.0.1:8081] onStateChange(GET{uri=/, connection=PooledConnection{channel=[id: 0x7dd6550e, L:/127.0.0.1:49925 - R:localhost/127.0.0.1:8081]}}, [configured])
20:29:39.980 [reactor-http-nio-2] DEBUG reactor.netty.resources.PooledConnectionProvider - [id: 0x5d20b19f, L:/127.0.0.1:49926 - R:localhost/127.0.0.1:8081] onStateChange(PooledConnection{channel=[id: 0x5d20b19f, L:/127.0.0.1:49926 - R:localhost/127.0.0.1:8081]}, [connected])
20:29:39.980 [reactor-http-nio-16] DEBUG reactor.netty.resources.PooledConnectionProvider - [id: 0x08b58e36, L:/127.0.0.1:49899 - R:localhost/127.0.0.1:8081] onStateChange(GET{uri=/getUserLocation?userId=93405125-2138-472a-ba16-9b7d62ca1e26, connection=PooledConnection{channel=[id: 0x08b58e36, L:/127.0.0.1:49899 - R:localhost/127.0.0.1:8081]}}, [request_sent])
20:29:39.980 [reactor-http-nio-16] DEBUG reactor.netty.resources.PooledConnectionProvider - [id: 0x08b58e36, L:/127.0.0.1:49899 - R:localhost/127.0.0.1:8081] Channel connected, now 22 active connections and 43 inactive connections
20:29:39.980 [reactor-http-nio-16] DEBUG reactor.netty.resources.PooledConnectionProvider - [id: 0xca5097d1, L:/127.0.0.1:49901 - R:localhost/127.0.0.1:8081] Registering pool release on close event for channel
20:29:39.977 [reactor-http-nio-15] DEBUG reactor.netty.resources.PooledConnectionProvider - [id: 0x8bf64842, L:/127.0.0.1:49888 - R:localhost/127.0.0.1:8081] Registering pool release on close event for channel
20:29:39.980 [reactor-http-nio-16] DEBUG reactor.netty.http.client.HttpClientConnect - [id: 0xca5097d1, L:/127.0.0.1:49901 - R:localhost/127.0.0.1:8081] Handler is being applied: {uri=http://localhost:8081/getUserLocation?userId=b183dc03-531d-408b-b7fa-36c3ab7d9dd9, method=GET}
20:29:39.980 [reactor-http-nio-15] DEBUG reactor.netty.http.client.HttpClientConnect - [id: 0x8bf64842, L:/127.0.0.1:49888 - R:localhost/127.0.0.1:8081] Handler is being applied: {uri=http://localhost:8081/getUserLocation?userId=590a038b-ec08-41ac-b927-d4f410fc577f, method=GET}
20:29:39.978 [reactor-http-nio-11] DEBUG reactor.netty.channel.BootstrapHandlers - [id: 0xa8d1cb41] Initialized pipeline DefaultChannelPipeline{(BootstrapHandlers$BootstrapInitializerHandler#0 = reactor.netty.channel.BootstrapHandlers$BootstrapInitializerHandler), (SimpleChannelPool$1#0 = io.netty.channel.pool.SimpleChannelPool$1), (reactor.left.httpCodec = io.netty.handler.codec.http.HttpClientCodec), (reactor.left.decompressor = io.netty.handler.codec.http.HttpContentDecompressor), (reactor.right.reactiveBridge = reactor.netty.channel.ChannelOperationsHandler)}
20:29:39.981 [reactor-http-nio-15] DEBUG reactor.netty.resources.PooledConnectionProvider - [id: 0x8bf64842, L:/127.0.0.1:49888 - R:localhost/127.0.0.1:8081] onStateChange(GET{uri=/getUserLocation?userId=590a038b-ec08-41ac-b927-d4f410fc577f, connection=PooledConnection{channel=[id: 0x8bf64842, L:/127.0.0.1:49888 - R:localhost/127.0.0.1:8081]}}, [request_sent])
20:29:39.979 [reactor-http-nio-13] DEBUG reactor.netty.resources.PooledConnectionProvider - [id: 0xfae62b5e, L:/127.0.0.1:49890 - R:localhost/127.0.0.1:8081] onStateChange(GET{uri=/getUserLocation?userId=f32a0715-f9d3-4341-94e5-d231be29872e, connection=PooledConnection{channel=[id: 0xfae62b5e, L:/127.0.0.1:49890 - R:localhost/127.0.0.1:8081]}}, [request_sent])
20:29:39.981 [reactor-http-nio-15] DEBUG reactor.netty.resources.PooledConnectionProvider - [id: 0x8bf64842, L:/127.0.0.1:49888 - R:localhost/127.0.0.1:8081] Channel connected, now 23 active connections and 42 inactive connections
20:29:39.981 [reactor-http-nio-13] DEBUG reactor.netty.resources.PooledConnectionProvider - [id: 0xfae62b5e, L:/127.0.0.1:49890 - R:localhost/127.0.0.1:8081] Channel connected, now 23 active connections and 42 inactive connections
20:29:39.981 [reactor-http-nio-13] DEBUG reactor.netty.resources.PooledConnectionProvider - [id: 0x3ab95760, L:/127.0.0.1:49913 - R:localhost/127.0.0.1:8081] Registering pool release on close event for channel
20:29:39.981 [reactor-http-nio-13] DEBUG reactor.netty.http.client.HttpClientConnect - [id: 0x3ab95760, L:/127.0.0.1:49913 - R:localhost/127.0.0.1:8081] Handler is being applied: {uri=http://localhost:8081/getUserLocation?userId=1a4b1a38-e308-4456-9703-8109a1a93d59, method=GET}
20:29:39.979 [reactor-http-nio-10] DEBUG reactor.netty.resources.PooledConnectionProvider - [id: 0x333c1bf0, L:/127.0.0.1:49905 - R:localhost/127.0.0.1:8081] onStateChange(PooledConnection{channel=[id: 0x333c1bf0, L:/127.0.0.1:49905 - R:localhost/127.0.0.1:8081]}, [connected])
20:29:39.981 [reactor-http-nio-10] DEBUG reactor.netty.resources.PooledConnectionProvider - [id: 0x333c1bf0, L:/127.0.0.1:49905 - R:localhost/127.0.0.1:8081] onStateChange(GET{uri=/, connection=PooledConnection{channel=[id: 0x333c1bf0, L:/127.0.0.1:49905 - R:localhost/127.0.0.1:8081]}}, [configured])
20:29:39.981 [reactor-http-nio-13] DEBUG reactor.netty.resources.PooledConnectionProvider - [id: 0x3ab95760, L:/127.0.0.1:49913 - R:localhost/127.0.0.1:8081] onStateChange(GET{uri=/getUserLocation?userId=1a4b1a38-e308-4456-9703-8109a1a93d59, connection=PooledConnection{channel=[id: 0x3ab95760, L:/127.0.0.1:49913 - R:localhost/127.0.0.1:8081]}}, [request_sent])
20:29:39.982 [reactor-http-nio-13] DEBUG reactor.netty.resources.PooledConnectionProvider - [id: 0x3ab95760, L:/127.0.0.1:49913 - R:localhost/127.0.0.1:8081] Channel connected, now 25 active connections and 40 inactive connections
20:29:39.982 [reactor-http-nio-13] DEBUG reactor.netty.resources.PooledConnectionProvider - [id: 0x6e1bd8e9, L:/127.0.0.1:49914 - R:localhost/127.0.0.1:8081] Registering pool release on close event for channel
20:29:39.982 [reactor-http-nio-11] DEBUG reactor.netty.http.client.HttpClientOperations - [id: 0x952ee786, L:/127.0.0.1:49873 - R:localhost/127.0.0.1:8081] Received response (auto-read:false) : [Content-Type=application/json, Transfer-Encoding=chunked, Date=Tue, 29 Jun 2021 14:59:39 GMT]
20:29:39.982 [reactor-http-nio-11] DEBUG reactor.netty.resources.PooledConnectionProvider - [id: 0x952ee786, L:/127.0.0.1:49873 - R:localhost/127.0.0.1:8081] onStateChange(GET{uri=/getUserLocation?userId=f56d49ef-eea1-4072-b715-ae62c3d83cf9, connection=PooledConnection{channel=[id: 0x952ee786, L:/127.0.0.1:49873 - R:localhost/127.0.0.1:8081]}}, [response_received])
20:29:39.982 [reactor-http-nio-11] DEBUG org.springframework.web.reactive.function.client.ExchangeFunctions - [19c9afba] Response 200 OK
20:29:39.980 [reactor-http-nio-2] DEBUG reactor.netty.resources.PooledConnectionProvider - [id: 0x5d20b19f, L:/127.0.0.1:49926 - R:localhost/127.0.0.1:8081] onStateChange(GET{uri=/, connection=PooledConnection{channel=[id: 0x5d20b19f, L:/127.0.0.1:49926 - R:localhost/127.0.0.1:8081]}}, [configured])
20:29:39.982 [reactor-http-nio-11] DEBUG reactor.netty.channel.FluxReceive - [id: 0x952ee786, L:/127.0.0.1:49873 - R:localhost/127.0.0.1:8081] Subscribing inbound receiver [pending: 0, cancelled:false, inboundDone: false]
20:29:39.980 [reactor-http-nio-14] DEBUG reactor.netty.resources.PooledConnectionProvider - [id: 0xa39718a1, L:/127.0.0.1:49900 - R:localhost/127.0.0.1:8081] onStateChange(GET{uri=/getUserLocation?userId=228f532f-20f0-4bb4-9149-c745c5b78052, connection=PooledConnection{channel=[id: 0xa39718a1, L:/127.0.0.1:49900 - R:localhost/127.0.0.1:8081]}}, [request_sent])
20:29:39.982 [reactor-http-nio-14] DEBUG reactor.netty.resources.PooledConnectionProvider - [id: 0xa39718a1, L:/127.0.0.1:49900 - R:localhost/127.0.0.1:8081] Channel connected, now 26 active connections and 39 inactive connections
20:29:39.983 [reactor-http-nio-11] DEBUG reactor.netty.http.client.HttpClientOperations - [id: 0x952ee786, L:/127.0.0.1:49873 - R:localhost/127.0.0.1:8081] Received last HTTP packet
20:29:39.981 [reactor-http-nio-16] DEBUG reactor.netty.resources.PooledConnectionProvider - [id: 0xca5097d1, L:/127.0.0.1:49901 - R:localhost/127.0.0.1:8081] onStateChange(GET{uri=/getUserLocation?userId=b183dc03-531d-408b-b7fa-36c3ab7d9dd9, connection=PooledConnection{channel=[id: 0xca5097d1, L:/127.0.0.1:49901 - R:localhost/127.0.0.1:8081]}}, [request_sent])
20:29:39.983 [reactor-http-nio-16] DEBUG reactor.netty.resources.PooledConnectionProvider - [id: 0xca5097d1, L:/127.0.0.1:49901 - R:localhost/127.0.0.1:8081] Channel connected, now 27 active connections and 38 inactive connections
20:29:39.981 [reactor-http-nio-15] DEBUG reactor.netty.resources.PooledConnectionProvider - [id: 0x30e81d35, L:/127.0.0.1:49884 - R:localhost/127.0.0.1:8081] Registering pool release on close event for channel
20:29:39.982 [reactor-http-nio-10] DEBUG reactor.netty.resources.PooledConnectionProvider - [id: 0x415a9863, L:/127.0.0.1:49906 - R:localhost/127.0.0.1:8081] onStateChange(PooledConnection{channel=[id: 0x415a9863, L:/127.0.0.1:49906 - R:localhost/127.0.0.1:8081]}, [connected])
20:29:39.982 [reactor-http-nio-13] DEBUG reactor.netty.http.client.HttpClientConnect - [id: 0x6e1bd8e9, L:/127.0.0.1:49914 - R:localhost/127.0.0.1:8081] Handler is being applied: {uri=http://localhost:8081/getUserLocation?userId=1793e6ca-b555-4530-bb20-ca8b4d86b5b5, method=GET}
20:29:39.983 [reactor-http-nio-15] DEBUG reactor.netty.http.client.HttpClientConnect - [id: 0x30e81d35, L:/127.0.0.1:49884 - R:localhost/127.0.0.1:8081] Handler is being applied: {uri=http://localhost:8081/getUserLocation?userId=39d2923b-8a86-4fdb-9b9c-76a0c959403d, method=GET}
20:29:39.982 [reactor-http-nio-2] DEBUG reactor.netty.resources.PooledConnectionProvider - [id: 0x5921853c, L:/127.0.0.1:49928 - R:localhost/127.0.0.1:8081] onStateChange(PooledConnection{channel=[id: 0x5921853c, L:/127.0.0.1:49928 - R:localhost/127.0.0.1:8081]}, [connected])
20:29:39.983 [reactor-http-nio-10] DEBUG reactor.netty.resources.PooledConnectionProvider - [id: 0x415a9863, L:/127.0.0.1:49906 - R:localhost/127.0.0.1:8081] onStateChange(GET{uri=/, connection=PooledConnection{channel=[id: 0x415a9863, L:/127.0.0.1:49906 - R:localhost/127.0.0.1:8081]}}, [configured])
20:29:39.983 [reactor-http-nio-2] DEBUG reactor.netty.resources.PooledConnectionProvider - [id: 0x5921853c, L:/127.0.0.1:49928 - R:localhost/127.0.0.1:8081] onStateChange(GET{uri=/, connection=PooledConnection{channel=[id: 0x5921853c, L:/127.0.0.1:49928 - R:localhost/127.0.0.1:8081]}}, [configured])
20:29:39.983 [reactor-http-nio-10] DEBUG reactor.netty.resources.PooledConnectionProvider - [id: 0xb1e8f457] Created new pooled channel, now 27 active connections and 39 inactive connections
20:29:39.983 [reactor-http-nio-2] DEBUG reactor.netty.resources.PooledConnectionProvider - [id: 0xf696f9f2, L:/127.0.0.1:49929 - R:localhost/127.0.0.1:8081] onStateChange(PooledConnection{channel=[id: 0xf696f9f2, L:/127.0.0.1:49929 - R:localhost/127.0.0.1:8081]}, [connected])
20:29:39.983 [reactor-http-nio-2] DEBUG reactor.netty.resources.PooledConnectionProvider - [id: 0xf696f9f2, L:/127.0.0.1:49929 - R:localhost/127.0.0.1:8081] onStateChange(GET{uri=/, connection=PooledConnection{channel=[id: 0xf696f9f2, L:/127.0.0.1:49929 - R:localhost/127.0.0.1:8081]}}, [configured])
20:29:39.983 [reactor-http-nio-10] DEBUG reactor.netty.channel.BootstrapHandlers - [id: 0xb1e8f457] Initialized pipeline DefaultChannelPipeline{(BootstrapHandlers$BootstrapInitializerHandler#0 = reactor.netty.channel.BootstrapHandlers$BootstrapInitializerHandler), (SimpleChannelPool$1#0 = io.netty.channel.pool.SimpleChannelPool$1), (reactor.left.httpCodec = io.netty.handler.codec.http.HttpClientCodec), (reactor.left.decompressor = io.netty.handler.codec.http.HttpContentDecompressor), (reactor.right.reactiveBridge = reactor.netty.channel.ChannelOperationsHandler)}
20:29:39.983 [reactor-http-nio-15] DEBUG reactor.netty.resources.PooledConnectionProvider - [id: 0x30e81d35, L:/127.0.0.1:49884 - R:localhost/127.0.0.1:8081] onStateChange(GET{uri=/getUserLocation?userId=39d2923b-8a86-4fdb-9b9c-76a0c959403d, connection=PooledConnection{channel=[id: 0x30e81d35, L:/127.0.0.1:49884 - R:localhost/127.0.0.1:8081]}}, [request_sent])
20:29:39.983 [reactor-http-nio-13] DEBUG reactor.netty.resources.PooledConnectionProvider - [id: 0x6e1bd8e9, L:/127.0.0.1:49914 - R:localhost/127.0.0.1:8081] onStateChange(GET{uri=/getUserLocation?userId=1793e6ca-b555-4530-bb20-ca8b4d86b5b5, connection=PooledConnection{channel=[id: 0x6e1bd8e9, L:/127.0.0.1:49914 - R:localhost/127.0.0.1:8081]}}, [request_sent])
20:29:39.983 [reactor-http-nio-15] DEBUG reactor.netty.resources.PooledConnectionProvider - [id: 0x30e81d35, L:/127.0.0.1:49884 - R:localhost/127.0.0.1:8081] Channel connected, now 27 active connections and 39 inactive connections
20:29:39.984 [reactor-http-nio-13] DEBUG reactor.netty.resources.PooledConnectionProvider - [id: 0x6e1bd8e9, L:/127.0.0.1:49914 - R:localhost/127.0.0.1:8081] Channel connected, now 27 active connections and 39 inactive connections
20:29:39.984 [reactor-http-nio-10] DEBUG reactor.netty.resources.PooledConnectionProvider - [id: 0xb00ef751, L:/127.0.0.1:49896 - R:localhost/127.0.0.1:8081] Registering pool release on close event for channel
20:29:39.984 [reactor-http-nio-10] DEBUG reactor.netty.http.client.HttpClientConnect - [id: 0xb00ef751, L:/127.0.0.1:49896 - R:localhost/127.0.0.1:8081] Handler is being applied: {uri=http://localhost:8081/getUserLocation?userId=ce40b025-7726-490b-896d-2db78635894d, method=GET}
20:29:39.983 [reactor-http-nio-14] DEBUG reactor.netty.resources.PooledConnectionProvider - [id: 0x6c889872, L:/127.0.0.1:49887 - R:localhost/127.0.0.1:8081] Registering pool release on close event for channel
20:29:39.985 [reactor-http-nio-14] DEBUG reactor.netty.http.client.HttpClientConnect - [id: 0x6c889872, L:/127.0.0.1:49887 - R:localhost/127.0.0.1:8081] Handler is being applied: {uri=http://localhost:8081/getUserLocation?userId=eb35b127-9677-4ad8-b794-d29d37c1ad6f, method=GET}
20:29:39.983 [reactor-http-nio-11] DEBUG org.springframework.core.codec.StringDecoder - [19c9afba] Decoded "{"userId":"f56d49ef-eea1-4072-b715-ae62c3d83cf9","location":{"longitude":43.547315,"latitude":-38.5 (truncated)...
20:29:39.985 [reactor-http-nio-11] DEBUG reactor.netty.resources.PooledConnectionProvider - [id: 0x952ee786, L:/127.0.0.1:49873 - R:localhost/127.0.0.1:8081] onStateChange(GET{uri=/getUserLocation?userId=f56d49ef-eea1-4072-b715-ae62c3d83cf9, connection=PooledConnection{channel=[id: 0x952ee786, L:/127.0.0.1:49873 - R:localhost/127.0.0.1:8081]}}, [disconnecting])
20:29:39.985 [reactor-http-nio-11] DEBUG reactor.netty.resources.PooledConnectionProvider - [id: 0x952ee786, L:/127.0.0.1:49873 - R:localhost/127.0.0.1:8081] Releasing channel
20:29:39.986 [reactor-http-nio-11] DEBUG reactor.netty.resources.PooledConnectionProvider - [id: 0x952ee786, L:/127.0.0.1:49873 - R:localhost/127.0.0.1:8081] Channel cleaned, now 30 active connections and 36 inactive connections
20:29:39.986 [reactor-http-nio-14] DEBUG reactor.netty.resources.PooledConnectionProvider - [id: 0x6c889872, L:/127.0.0.1:49887 - R:localhost/127.0.0.1:8081] onStateChange(GET{uri=/getUserLocation?userId=eb35b127-9677-4ad8-b794-d29d37c1ad6f, connection=PooledConnection{channel=[id: 0x6c889872, L:/127.0.0.1:49887 - R:localhost/127.0.0.1:8081]}}, [request_sent])
20:29:39.986 [reactor-http-nio-14] DEBUG reactor.netty.resources.PooledConnectionProvider - [id: 0x6c889872, L:/127.0.0.1:49887 - R:localhost/127.0.0.1:8081] Channel connected, now 30 active connections and 36 inactive connections
20:29:39.986 [reactor-http-nio-14] DEBUG reactor.netty.resources.PooledConnectionProvider - [id: 0xd139cd35, L:/127.0.0.1:49893 - R:localhost/127.0.0.1:8081] Registering pool release on close event for channel
20:29:39.986 [reactor-http-nio-14] DEBUG reactor.netty.http.client.HttpClientConnect - [id: 0xd139cd35, L:/127.0.0.1:49893 - R:localhost/127.0.0.1:8081] Handler is being applied: {uri=http://localhost:8081/getUserLocation?userId=fab1c447-346d-42d5-8920-ee520af003a1, method=GET}
20:29:39.986 [reactor-http-nio-14] DEBUG reactor.netty.resources.PooledConnectionProvider - [id: 0xd139cd35, L:/127.0.0.1:49893 - R:localhost/127.0.0.1:8081] onStateChange(GET{uri=/getUserLocation?userId=fab1c447-346d-42d5-8920-ee520af003a1, connection=PooledConnection{channel=[id: 0xd139cd35, L:/127.0.0.1:49893 - R:localhost/127.0.0.1:8081]}}, [request_sent])
20:29:39.987 [reactor-http-nio-14] DEBUG reactor.netty.resources.PooledConnectionProvider - [id: 0xd139cd35, L:/127.0.0.1:49893 - R:localhost/127.0.0.1:8081] Channel connected, now 31 active connections and 35 inactive connections
20:29:39.984 [reactor-http-nio-15] DEBUG reactor.netty.resources.PooledConnectionProvider - [id: 0xefe012b0, L:/127.0.0.1:49889 - R:localhost/127.0.0.1:8081] Registering pool release on close event for channel
20:29:39.987 [reactor-http-nio-15] DEBUG reactor.netty.http.client.HttpClientConnect - [id: 0xefe012b0, L:/127.0.0.1:49889 - R:localhost/127.0.0.1:8081] Handler is being applied: {uri=http://localhost:8081/getUserLocation?userId=69820c40-287a-411b-9fa6-f12a8b741fb6, method=GET}
20:29:39.987 [reactor-http-nio-15] DEBUG reactor.netty.resources.PooledConnectionProvider - [id: 0xefe012b0, L:/127.0.0.1:49889 - R:localhost/127.0.0.1:8081] onStateChange(GET{uri=/getUserLocation?userId=69820c40-287a-411b-9fa6-f12a8b741fb6, connection=PooledConnection{channel=[id: 0xefe012b0, L:/127.0.0.1:49889 - R:localhost/127.0.0.1:8081]}}, [request_sent])
20:29:39.988 [reactor-http-nio-15] DEBUG reactor.netty.resources.PooledConnectionProvider - [id: 0xefe012b0, L:/127.0.0.1:49889 - R:localhost/127.0.0.1:8081] Channel connected, now 31 active connections and 35 inactive connections
20:29:39.988 [reactor-http-nio-15] DEBUG reactor.netty.resources.PooledConnectionProvider - [id: 0x6124bcfa, L:/127.0.0.1:49886 - R:localhost/127.0.0.1:8081] Registering pool release on close event for channel
20:29:39.984 [reactor-http-nio-2] DEBUG reactor.netty.resources.PooledConnectionProvider - [id: 0xb543d4db, L:/127.0.0.1:49930 - R:localhost/127.0.0.1:8081] onStateChange(PooledConnection{channel=[id: 0xb543d4db, L:/127.0.0.1:49930 - R:localhost/127.0.0.1:8081]}, [connected])
20:29:39.988 [reactor-http-nio-16] DEBUG reactor.netty.resources.PooledConnectionProvider - [id: 0xd94b0585, L:/127.0.0.1:49927 - R:localhost/127.0.0.1:8081] Registering pool release on close event for channel
20:29:39.988 [reactor-http-nio-15] DEBUG reactor.netty.http.client.HttpClientConnect - [id: 0x6124bcfa, L:/127.0.0.1:49886 - R:localhost/127.0.0.1:8081] Handler is being applied: {uri=http://localhost:8081/getUserLocation?userId=c2379045-f4ac-44fb-ba45-6714e60d9210, method=GET}
20:29:39.988 [reactor-http-nio-16] DEBUG reactor.netty.http.client.HttpClientConnect - [id: 0xd94b0585, L:/127.0.0.1:49927 - R:localhost/127.0.0.1:8081] Handler is being applied: {uri=http://localhost:8081/getUserLocation?userId=00d1a9b3-5be2-4740-a4b8-9e9de34adcc4, method=GET}
20:29:39.988 [reactor-http-nio-2] DEBUG reactor.netty.resources.PooledConnectionProvider - [id: 0xb543d4db, L:/127.0.0.1:49930 - R:localhost/127.0.0.1:8081] onStateChange(GET{uri=/, connection=PooledConnection{channel=[id: 0xb543d4db, L:/127.0.0.1:49930 - R:localhost/127.0.0.1:8081]}}, [configured])
20:29:39.988 [reactor-http-nio-2] DEBUG reactor.netty.resources.PooledConnectionProvider - [id: 0x549de069, L:/127.0.0.1:49916 - R:localhost/127.0.0.1:8081] Registering pool release on close event for channel
20:29:39.988 [reactor-http-nio-2] DEBUG reactor.netty.http.client.HttpClientConnect - [id: 0x549de069, L:/127.0.0.1:49916 - R:localhost/127.0.0.1:8081] Handler is being applied: {uri=http://localhost:8081/getUserLocation?userId=62a91e43-935e-4e97-b9cb-aae84e26b9fb, method=GET}
20:29:39.988 [reactor-http-nio-16] DEBUG reactor.netty.resources.PooledConnectionProvider - [id: 0xd94b0585, L:/127.0.0.1:49927 - R:localhost/127.0.0.1:8081] onStateChange(GET{uri=/getUserLocation?userId=00d1a9b3-5be2-4740-a4b8-9e9de34adcc4, connection=PooledConnection{channel=[id: 0xd94b0585, L:/127.0.0.1:49927 - R:localhost/127.0.0.1:8081]}}, [request_sent])
20:29:39.988 [reactor-http-nio-16] DEBUG reactor.netty.resources.PooledConnectionProvider - [id: 0xd94b0585, L:/127.0.0.1:49927 - R:localhost/127.0.0.1:8081] Channel connected, now 34 active connections and 32 inactive connections
20:29:39.984 [reactor-http-nio-13] DEBUG reactor.netty.resources.PooledConnectionProvider - [id: 0xb89a2408, L:/127.0.0.1:49915 - R:localhost/127.0.0.1:8081] Registering pool release on close event for channel
20:29:39.989 [reactor-http-nio-13] DEBUG reactor.netty.http.client.HttpClientConnect - [id: 0xb89a2408, L:/127.0.0.1:49915 - R:localhost/127.0.0.1:8081] Handler is being applied: {uri=http://localhost:8081/getUserLocation?userId=d48df6ab-e9ad-45ec-94ca-c936bbbbaaa9, method=GET}
20:29:39.989 [pool-13-thread-5] DEBUG org.springframework.web.reactive.function.client.ExchangeFunctions - [170e42f3] HTTP GET http://localhost:8081/getAttractions
20:29:39.984 [reactor-http-nio-12] DEBUG reactor.netty.resources.PooledConnectionProvider - [id: 0x54b51839, L:/127.0.0.1:49907 - R:localhost/127.0.0.1:8081] Registering pool release on close event for channel
20:29:39.989 [reactor-http-nio-13] DEBUG reactor.netty.resources.PooledConnectionProvider - [id: 0xb89a2408, L:/127.0.0.1:49915 - R:localhost/127.0.0.1:8081] onStateChange(GET{uri=/getUserLocation?userId=d48df6ab-e9ad-45ec-94ca-c936bbbbaaa9, connection=PooledConnection{channel=[id: 0xb89a2408, L:/127.0.0.1:49915 - R:localhost/127.0.0.1:8081]}}, [request_sent])
20:29:39.989 [reactor-http-nio-13] DEBUG reactor.netty.resources.PooledConnectionProvider - [id: 0xb89a2408, L:/127.0.0.1:49915 - R:localhost/127.0.0.1:8081] Channel connected, now 34 active connections and 32 inactive connections
20:29:39.989 [reactor-http-nio-12] DEBUG reactor.netty.http.client.HttpClientConnect - [id: 0x54b51839, L:/127.0.0.1:49907 - R:localhost/127.0.0.1:8081] Handler is being applied: {uri=http://localhost:8081/getUserLocation?userId=b4d7750c-34ec-49bf-9d92-36af6017cb60, method=GET}
20:29:39.990 [reactor-http-nio-12] DEBUG reactor.netty.resources.PooledConnectionProvider - [id: 0x54b51839, L:/127.0.0.1:49907 - R:localhost/127.0.0.1:8081] onStateChange(GET{uri=/getUserLocation?userId=b4d7750c-34ec-49bf-9d92-36af6017cb60, connection=PooledConnection{channel=[id: 0x54b51839, L:/127.0.0.1:49907 - R:localhost/127.0.0.1:8081]}}, [request_sent])
20:29:39.984 [reactor-http-nio-10] DEBUG reactor.netty.resources.PooledConnectionProvider - [id: 0xb00ef751, L:/127.0.0.1:49896 - R:localhost/127.0.0.1:8081] onStateChange(GET{uri=/getUserLocation?userId=ce40b025-7726-490b-896d-2db78635894d, connection=PooledConnection{channel=[id: 0xb00ef751, L:/127.0.0.1:49896 - R:localhost/127.0.0.1:8081]}}, [request_sent])
20:29:39.991 [reactor-http-nio-12] DEBUG reactor.netty.resources.PooledConnectionProvider - [id: 0x54b51839, L:/127.0.0.1:49907 - R:localhost/127.0.0.1:8081] Channel connected, now 35 active connections and 31 inactive connections
20:29:39.991 [reactor-http-nio-12] DEBUG reactor.netty.resources.PooledConnectionProvider - [id: 0x715de37b, L:/127.0.0.1:49908 - R:localhost/127.0.0.1:8081] Registering pool release on close event for channel
20:29:39.991 [reactor-http-nio-12] DEBUG reactor.netty.http.client.HttpClientConnect - [id: 0x715de37b, L:/127.0.0.1:49908 - R:localhost/127.0.0.1:8081] Handler is being applied: {uri=http://localhost:8081/getUserLocation?userId=e07c8398-eae3-417a-b784-61914321667e, method=GET}
20:29:39.991 [reactor-http-nio-12] DEBUG reactor.netty.resources.PooledConnectionProvider - [id: 0x715de37b, L:/127.0.0.1:49908 - R:localhost/127.0.0.1:8081] onStateChange(GET{uri=/getUserLocation?userId=e07c8398-eae3-417a-b784-61914321667e, connection=PooledConnection{channel=[id: 0x715de37b, L:/127.0.0.1:49908 - R:localhost/127.0.0.1:8081]}}, [request_sent])
20:29:39.991 [reactor-http-nio-12] DEBUG reactor.netty.resources.PooledConnectionProvider - [id: 0x715de37b, L:/127.0.0.1:49908 - R:localhost/127.0.0.1:8081] Channel connected, now 36 active connections and 30 inactive connections
20:29:39.991 [reactor-http-nio-12] DEBUG reactor.netty.resources.PooledConnectionProvider - [id: 0x5a829f34, L:/127.0.0.1:49910 - R:localhost/127.0.0.1:8081] Registering pool release on close event for channel
20:29:39.991 [reactor-http-nio-12] DEBUG reactor.netty.http.client.HttpClientConnect - [id: 0x5a829f34, L:/127.0.0.1:49910 - R:localhost/127.0.0.1:8081] Handler is being applied: {uri=http://localhost:8081/getUserLocation?userId=89e38074-3fb9-4f20-8233-4e18bfe9078b, method=GET}
20:29:39.986 [reactor-http-nio-11] DEBUG reactor.netty.resources.PooledConnectionProvider - [id: 0x5f76b813, L:/127.0.0.1:49921 - R:localhost/127.0.0.1:8081] onStateChange(PooledConnection{channel=[id: 0x5f76b813, L:/127.0.0.1:49921 - R:localhost/127.0.0.1:8081]}, [connected])
20:29:39.992 [reactor-http-nio-11] DEBUG reactor.netty.resources.PooledConnectionProvider - [id: 0x5f76b813, L:/127.0.0.1:49921 - R:localhost/127.0.0.1:8081] onStateChange(GET{uri=/, connection=PooledConnection{channel=[id: 0x5f76b813, L:/127.0.0.1:49921 - R:localhost/127.0.0.1:8081]}}, [configured])
20:29:39.992 [reactor-http-nio-11] DEBUG reactor.netty.resources.PooledConnectionProvider - [id: 0xf98e8509, L:/127.0.0.1:49922 - R:localhost/127.0.0.1:8081] onStateChange(PooledConnection{channel=[id: 0xf98e8509, L:/127.0.0.1:49922 - R:localhost/127.0.0.1:8081]}, [connected])
20:29:39.992 [reactor-http-nio-12] DEBUG reactor.netty.resources.PooledConnectionProvider - [id: 0x5a829f34, L:/127.0.0.1:49910 - R:localhost/127.0.0.1:8081] onStateChange(GET{uri=/getUserLocation?userId=89e38074-3fb9-4f20-8233-4e18bfe9078b, connection=PooledConnection{channel=[id: 0x5a829f34, L:/127.0.0.1:49910 - R:localhost/127.0.0.1:8081]}}, [request_sent])
20:29:39.992 [reactor-http-nio-12] DEBUG reactor.netty.resources.PooledConnectionProvider - [id: 0x5a829f34, L:/127.0.0.1:49910 - R:localhost/127.0.0.1:8081] Channel connected, now 37 active connections and 29 inactive connections
20:29:39.992 [reactor-http-nio-12] DEBUG reactor.netty.resources.PooledConnectionProvider - [id: 0x622ee18f, L:/127.0.0.1:49911 - R:localhost/127.0.0.1:8081] Registering pool release on close event for channel
20:29:39.992 [reactor-http-nio-12] DEBUG reactor.netty.http.client.HttpClientConnect - [id: 0x622ee18f, L:/127.0.0.1:49911 - R:localhost/127.0.0.1:8081] Handler is being applied: {uri=http://localhost:8081/getUserLocation?userId=1d4177fd-1f0f-4003-a58d-e9a6a1287749, method=GET}
20:29:39.993 [reactor-http-nio-12] DEBUG reactor.netty.resources.PooledConnectionProvider - [id: 0x622ee18f, L:/127.0.0.1:49911 - R:localhost/127.0.0.1:8081] onStateChange(GET{uri=/getUserLocation?userId=1d4177fd-1f0f-4003-a58d-e9a6a1287749, connection=PooledConnection{channel=[id: 0x622ee18f, L:/127.0.0.1:49911 - R:localhost/127.0.0.1:8081]}}, [request_sent])
20:29:39.993 [reactor-http-nio-12] DEBUG reactor.netty.resources.PooledConnectionProvider - [id: 0x622ee18f, L:/127.0.0.1:49911 - R:localhost/127.0.0.1:8081] Channel connected, now 38 active connections and 28 inactive connections
20:29:39.988 [reactor-http-nio-15] DEBUG reactor.netty.resources.PooledConnectionProvider - [id: 0x6124bcfa, L:/127.0.0.1:49886 - R:localhost/127.0.0.1:8081] onStateChange(GET{uri=/getUserLocation?userId=c2379045-f4ac-44fb-ba45-6714e60d9210, connection=PooledConnection{channel=[id: 0x6124bcfa, L:/127.0.0.1:49886 - R:localhost/127.0.0.1:8081]}}, [request_sent])
20:29:39.993 [reactor-http-nio-15] DEBUG reactor.netty.resources.PooledConnectionProvider - [id: 0x6124bcfa, L:/127.0.0.1:49886 - R:localhost/127.0.0.1:8081] Channel connected, now 38 active connections and 28 inactive connections
20:29:39.993 [reactor-http-nio-15] DEBUG reactor.netty.resources.PooledConnectionProvider - [id: 0xdfea8ccc, L:/127.0.0.1:49892 - R:localhost/127.0.0.1:8081] Registering pool release on close event for channel
20:29:39.993 [reactor-http-nio-15] DEBUG reactor.netty.http.client.HttpClientConnect - [id: 0xdfea8ccc, L:/127.0.0.1:49892 - R:localhost/127.0.0.1:8081] Handler is being applied: {uri=http://localhost:8081/getUserLocation?userId=d146b0f0-e8e9-4fc3-8ab6-ab7e587892da, method=GET}
20:29:39.994 [reactor-http-nio-12] DEBUG reactor.netty.http.client.HttpClientOperations - [id: 0xc976ea3e, L:/127.0.0.1:49874 - R:localhost/127.0.0.1:8081] Received response (auto-read:false) : [Content-Type=application/json, Transfer-Encoding=chunked, Date=Tue, 29 Jun 2021 14:59:39 GMT]
20:29:39.994 [reactor-http-nio-12] DEBUG reactor.netty.resources.PooledConnectionProvider - [id: 0xc976ea3e, L:/127.0.0.1:49874 - R:localhost/127.0.0.1:8081] onStateChange(GET{uri=/getAttractions, connection=PooledConnection{channel=[id: 0xc976ea3e, L:/127.0.0.1:49874 - R:localhost/127.0.0.1:8081]}}, [response_received])
20:29:39.994 [reactor-http-nio-12] DEBUG org.springframework.web.reactive.function.client.ExchangeFunctions - [3188e522] Response 200 OK
20:29:39.994 [reactor-http-nio-15] DEBUG reactor.netty.resources.PooledConnectionProvider - [id: 0xdfea8ccc, L:/127.0.0.1:49892 - R:localhost/127.0.0.1:8081] onStateChange(GET{uri=/getUserLocation?userId=d146b0f0-e8e9-4fc3-8ab6-ab7e587892da, connection=PooledConnection{channel=[id: 0xdfea8ccc, L:/127.0.0.1:49892 - R:localhost/127.0.0.1:8081]}}, [request_sent])
20:29:39.994 [reactor-http-nio-15] DEBUG reactor.netty.resources.PooledConnectionProvider - [id: 0xdfea8ccc, L:/127.0.0.1:49892 - R:localhost/127.0.0.1:8081] Channel connected, now 39 active connections and 27 inactive connections
20:29:39.994 [reactor-http-nio-15] DEBUG reactor.netty.resources.PooledConnectionProvider - [id: 0x822a7f8c, L:/127.0.0.1:49898 - R:localhost/127.0.0.1:8081] Registering pool release on close event for channel
20:29:39.988 [reactor-http-nio-2] DEBUG reactor.netty.resources.PooledConnectionProvider - [id: 0x549de069, L:/127.0.0.1:49916 - R:localhost/127.0.0.1:8081] onStateChange(GET{uri=/getUserLocation?userId=62a91e43-935e-4e97-b9cb-aae84e26b9fb, connection=PooledConnection{channel=[id: 0x549de069, L:/127.0.0.1:49916 - R:localhost/127.0.0.1:8081]}}, [request_sent])
20:29:39.994 [reactor-http-nio-2] DEBUG reactor.netty.resources.PooledConnectionProvider - [id: 0x549de069, L:/127.0.0.1:49916 - R:localhost/127.0.0.1:8081] Channel connected, now 40 active connections and 26 inactive connections
20:29:39.994 [reactor-http-nio-15] DEBUG reactor.netty.http.client.HttpClientConnect - [id: 0x822a7f8c, L:/127.0.0.1:49898 - R:localhost/127.0.0.1:8081] Handler is being applied: {uri=http://localhost:8081/getUserLocation?userId=db54afb3-6f50-4ded-a6b9-c9f153b99da7, method=GET}
20:29:39.990 [reactor-http-nio-13] DEBUG reactor.netty.resources.PooledConnectionProvider - [id: 0x834a6289, L:/127.0.0.1:49920 - R:localhost/127.0.0.1:8081] Registering pool release on close event for channel
20:29:39.994 [reactor-http-nio-13] DEBUG reactor.netty.http.client.HttpClientConnect - [id: 0x834a6289, L:/127.0.0.1:49920 - R:localhost/127.0.0.1:8081] Handler is being applied: {uri=http://localhost:8081/getUserLocation?userId=53f0cab0-8dce-41b8-9879-41c52caf1aea, method=GET}
20:29:39.991 [reactor-http-nio-10] DEBUG reactor.netty.resources.PooledConnectionProvider - [id: 0xb00ef751, L:/127.0.0.1:49896 - R:localhost/127.0.0.1:8081] Channel connected, now 35 active connections and 31 inactive connections
20:29:39.995 [reactor-http-nio-10] DEBUG reactor.netty.resources.PooledConnectionProvider - [id: 0x415a9863, L:/127.0.0.1:49906 - R:localhost/127.0.0.1:8081] Registering pool release on close event for channel
20:29:39.992 [reactor-http-nio-11] DEBUG reactor.netty.resources.PooledConnectionProvider - [id: 0xf98e8509, L:/127.0.0.1:49922 - R:localhost/127.0.0.1:8081] onStateChange(GET{uri=/, connection=PooledConnection{channel=[id: 0xf98e8509, L:/127.0.0.1:49922 - R:localhost/127.0.0.1:8081]}}, [configured])
20:29:39.994 [reactor-http-nio-12] DEBUG reactor.netty.channel.FluxReceive - [id: 0xc976ea3e, L:/127.0.0.1:49874 - R:localhost/127.0.0.1:8081] Subscribing inbound receiver [pending: 0, cancelled:false, inboundDone: false]
20:29:39.994 [reactor-http-nio-2] DEBUG reactor.netty.resources.PooledConnectionProvider - [id: 0x7dd6550e, L:/127.0.0.1:49925 - R:localhost/127.0.0.1:8081] Registering pool release on close event for channel
20:29:39.996 [reactor-http-nio-11] DEBUG reactor.netty.resources.PooledConnectionProvider - [id: 0x444af37b, L:/127.0.0.1:49923 - R:localhost/127.0.0.1:8081] onStateChange(PooledConnection{channel=[id: 0x444af37b, L:/127.0.0.1:49923 - R:localhost/127.0.0.1:8081]}, [connected])
20:29:39.996 [reactor-http-nio-2] DEBUG reactor.netty.http.client.HttpClientConnect - [id: 0x7dd6550e, L:/127.0.0.1:49925 - R:localhost/127.0.0.1:8081] Handler is being applied: {uri=http://localhost:8081/getUserLocation?userId=5744eeb4-cadb-45ed-80cc-e675911cd1df, method=GET}
20:29:39.996 [reactor-http-nio-11] DEBUG reactor.netty.resources.PooledConnectionProvider - [id: 0x444af37b, L:/127.0.0.1:49923 - R:localhost/127.0.0.1:8081] onStateChange(GET{uri=/, connection=PooledConnection{channel=[id: 0x444af37b, L:/127.0.0.1:49923 - R:localhost/127.0.0.1:8081]}}, [configured])
20:29:39.996 [reactor-http-nio-11] DEBUG reactor.netty.resources.PooledConnectionProvider - [id: 0x70ea745d, L:/127.0.0.1:49931 - R:localhost/127.0.0.1:8081] onStateChange(PooledConnection{channel=[id: 0x70ea745d, L:/127.0.0.1:49931 - R:localhost/127.0.0.1:8081]}, [connected])
20:29:39.996 [reactor-http-nio-12] DEBUG reactor.netty.http.client.HttpClientOperations - [id: 0xc976ea3e, L:/127.0.0.1:49874 - R:localhost/127.0.0.1:8081] Received last HTTP packet
20:29:39.996 [reactor-http-nio-11] DEBUG reactor.netty.resources.PooledConnectionProvider - [id: 0x70ea745d, L:/127.0.0.1:49931 - R:localhost/127.0.0.1:8081] onStateChange(GET{uri=/, connection=PooledConnection{channel=[id: 0x70ea745d, L:/127.0.0.1:49931 - R:localhost/127.0.0.1:8081]}}, [configured])
20:29:39.996 [reactor-http-nio-11] DEBUG reactor.netty.resources.PooledConnectionProvider - [id: 0x5557723c, L:/127.0.0.1:49932 - R:localhost/127.0.0.1:8081] onStateChange(PooledConnection{channel=[id: 0x5557723c, L:/127.0.0.1:49932 - R:localhost/127.0.0.1:8081]}, [connected])
20:29:39.996 [reactor-http-nio-11] DEBUG reactor.netty.resources.PooledConnectionProvider - [id: 0x5557723c, L:/127.0.0.1:49932 - R:localhost/127.0.0.1:8081] onStateChange(GET{uri=/, connection=PooledConnection{channel=[id: 0x5557723c, L:/127.0.0.1:49932 - R:localhost/127.0.0.1:8081]}}, [configured])
20:29:39.996 [reactor-http-nio-2] DEBUG reactor.netty.resources.PooledConnectionProvider - [id: 0x7dd6550e, L:/127.0.0.1:49925 - R:localhost/127.0.0.1:8081] onStateChange(GET{uri=/getUserLocation?userId=5744eeb4-cadb-45ed-80cc-e675911cd1df, connection=PooledConnection{channel=[id: 0x7dd6550e, L:/127.0.0.1:49925 - R:localhost/127.0.0.1:8081]}}, [request_sent])
20:29:39.996 [reactor-http-nio-2] DEBUG reactor.netty.resources.PooledConnectionProvider - [id: 0x7dd6550e, L:/127.0.0.1:49925 - R:localhost/127.0.0.1:8081] Channel connected, now 42 active connections and 24 inactive connections
20:29:39.996 [reactor-http-nio-2] DEBUG reactor.netty.resources.PooledConnectionProvider - [id: 0x5d20b19f, L:/127.0.0.1:49926 - R:localhost/127.0.0.1:8081] Registering pool release on close event for channel
20:29:39.996 [reactor-http-nio-11] DEBUG reactor.netty.resources.PooledConnectionProvider - [id: 0xb9e4c7b3, L:/127.0.0.1:49933 - R:localhost/127.0.0.1:8081] onStateChange(PooledConnection{channel=[id: 0xb9e4c7b3, L:/127.0.0.1:49933 - R:localhost/127.0.0.1:8081]}, [connected])
20:29:39.996 [reactor-http-nio-12] DEBUG org.springframework.core.codec.StringDecoder - [3188e522] Decoded "[{"longitude":-117.922008,"latitude":33.817595,"attractionName":"Disneyland","city":"Anaheim","stat (truncated)...
20:29:39.995 [reactor-http-nio-13] DEBUG reactor.netty.resources.PooledConnectionProvider - [id: 0x834a6289, L:/127.0.0.1:49920 - R:localhost/127.0.0.1:8081] onStateChange(GET{uri=/getUserLocation?userId=53f0cab0-8dce-41b8-9879-41c52caf1aea, connection=PooledConnection{channel=[id: 0x834a6289, L:/127.0.0.1:49920 - R:localhost/127.0.0.1:8081]}}, [request_sent])
20:29:39.996 [reactor-http-nio-12] DEBUG reactor.netty.resources.PooledConnectionProvider - [id: 0xc976ea3e, L:/127.0.0.1:49874 - R:localhost/127.0.0.1:8081] onStateChange(GET{uri=/getAttractions, connection=PooledConnection{channel=[id: 0xc976ea3e, L:/127.0.0.1:49874 - R:localhost/127.0.0.1:8081]}}, [disconnecting])
20:29:39.997 [reactor-http-nio-12] DEBUG reactor.netty.resources.PooledConnectionProvider - [id: 0xc976ea3e, L:/127.0.0.1:49874 - R:localhost/127.0.0.1:8081] Releasing channel
20:29:39.997 [reactor-http-nio-12] DEBUG reactor.netty.resources.PooledConnectionProvider - [id: 0xc976ea3e, L:/127.0.0.1:49874 - R:localhost/127.0.0.1:8081] Channel cleaned, now 42 active connections and 24 inactive connections
20:29:39.995 [reactor-http-nio-15] DEBUG reactor.netty.resources.PooledConnectionProvider - [id: 0x822a7f8c, L:/127.0.0.1:49898 - R:localhost/127.0.0.1:8081] onStateChange(GET{uri=/getUserLocation?userId=db54afb3-6f50-4ded-a6b9-c9f153b99da7, connection=PooledConnection{channel=[id: 0x822a7f8c, L:/127.0.0.1:49898 - R:localhost/127.0.0.1:8081]}}, [request_sent])
20:29:39.997 [reactor-http-nio-15] DEBUG reactor.netty.resources.PooledConnectionProvider - [id: 0x822a7f8c, L:/127.0.0.1:49898 - R:localhost/127.0.0.1:8081] Channel connected, now 42 active connections and 24 inactive connections
20:29:39.997 [reactor-http-nio-15] DEBUG reactor.netty.resources.PooledConnectionProvider - [id: 0x5e54db3b, L:/127.0.0.1:49903 - R:localhost/127.0.0.1:8081] Registering pool release on close event for channel
20:29:39.997 [reactor-http-nio-15] DEBUG reactor.netty.http.client.HttpClientConnect - [id: 0x5e54db3b, L:/127.0.0.1:49903 - R:localhost/127.0.0.1:8081] Handler is being applied: {uri=http://localhost:8081/getUserLocation?userId=0f718771-9084-4065-9168-0d4876a30c13, method=GET}
20:29:39.995 [reactor-http-nio-10] DEBUG reactor.netty.http.client.HttpClientConnect - [id: 0x415a9863, L:/127.0.0.1:49906 - R:localhost/127.0.0.1:8081] Handler is being applied: {uri=http://localhost:8081/getUserLocation?userId=0e25da6d-7e82-4e4b-ace0-0c93b7703707, method=GET}
20:29:39.996 [reactor-http-nio-2] DEBUG reactor.netty.http.client.HttpClientConnect - [id: 0x5d20b19f, L:/127.0.0.1:49926 - R:localhost/127.0.0.1:8081] Handler is being applied: {uri=http://localhost:8081/getUserLocation?userId=f8fa426f-8264-476e-9af2-9068283774d8, method=GET}
20:29:39.998 [reactor-http-nio-15] DEBUG reactor.netty.resources.PooledConnectionProvider - [id: 0x5e54db3b, L:/127.0.0.1:49903 - R:localhost/127.0.0.1:8081] onStateChange(GET{uri=/getUserLocation?userId=0f718771-9084-4065-9168-0d4876a30c13, connection=PooledConnection{channel=[id: 0x5e54db3b, L:/127.0.0.1:49903 - R:localhost/127.0.0.1:8081]}}, [request_sent])
20:29:39.998 [reactor-http-nio-15] DEBUG reactor.netty.resources.PooledConnectionProvider - [id: 0x5e54db3b, L:/127.0.0.1:49903 - R:localhost/127.0.0.1:8081] Channel connected, now 43 active connections and 23 inactive connections
20:29:39.996 [reactor-http-nio-11] DEBUG reactor.netty.resources.PooledConnectionProvider - [id: 0xb9e4c7b3, L:/127.0.0.1:49933 - R:localhost/127.0.0.1:8081] onStateChange(GET{uri=/, connection=PooledConnection{channel=[id: 0xb9e4c7b3, L:/127.0.0.1:49933 - R:localhost/127.0.0.1:8081]}}, [configured])
20:29:39.998 [reactor-http-nio-15] DEBUG reactor.netty.http.client.HttpClientOperations - [id: 0x05482a00, L:/127.0.0.1:49865 - R:localhost/127.0.0.1:8081] Received response (auto-read:false) : [Content-Type=application/json, Transfer-Encoding=chunked, Date=Tue, 29 Jun 2021 14:59:39 GMT]
20:29:39.998 [reactor-http-nio-15] DEBUG reactor.netty.resources.PooledConnectionProvider - [id: 0x05482a00, L:/127.0.0.1:49865 - R:localhost/127.0.0.1:8081] onStateChange(GET{uri=/getAttractions, connection=PooledConnection{channel=[id: 0x05482a00, L:/127.0.0.1:49865 - R:localhost/127.0.0.1:8081]}}, [response_received])
20:29:39.998 [reactor-http-nio-11] DEBUG reactor.netty.resources.PooledConnectionProvider - [id: 0xa8d1cb41, L:/127.0.0.1:49934 - R:localhost/127.0.0.1:8081] onStateChange(PooledConnection{channel=[id: 0xa8d1cb41, L:/127.0.0.1:49934 - R:localhost/127.0.0.1:8081]}, [connected])
20:29:39.998 [reactor-http-nio-15] DEBUG org.springframework.web.reactive.function.client.ExchangeFunctions - [62eada63] Response 200 OK
20:29:39.998 [reactor-http-nio-11] DEBUG reactor.netty.resources.PooledConnectionProvider - [id: 0xa8d1cb41, L:/127.0.0.1:49934 - R:localhost/127.0.0.1:8081] onStateChange(GET{uri=/, connection=PooledConnection{channel=[id: 0xa8d1cb41, L:/127.0.0.1:49934 - R:localhost/127.0.0.1:8081]}}, [configured])
20:29:39.996 [reactor-http-nio-13] DEBUG reactor.netty.resources.PooledConnectionProvider - [id: 0x834a6289, L:/127.0.0.1:49920 - R:localhost/127.0.0.1:8081] Channel connected, now 43 active connections and 23 inactive connections
20:29:39.999 [reactor-http-nio-13] DEBUG reactor.netty.resources.PooledConnectionProvider - [id: 0x2d54eb76, L:/127.0.0.1:49912 - R:localhost/127.0.0.1:8081] Registering pool release on close event for channel
20:29:39.999 [reactor-http-nio-15] DEBUG reactor.netty.channel.FluxReceive - [id: 0x05482a00, L:/127.0.0.1:49865 - R:localhost/127.0.0.1:8081] Subscribing inbound receiver [pending: 0, cancelled:false, inboundDone: false]
20:29:39.999 [reactor-http-nio-13] DEBUG reactor.netty.http.client.HttpClientConnect - [id: 0x2d54eb76, L:/127.0.0.1:49912 - R:localhost/127.0.0.1:8081] Handler is being applied: {uri=http://localhost:8081/getUserLocation?userId=e304c7b3-b810-475b-b2bd-1cff9e4d783e, method=GET}
20:29:39.998 [reactor-http-nio-10] DEBUG reactor.netty.resources.PooledConnectionProvider - [id: 0x415a9863, L:/127.0.0.1:49906 - R:localhost/127.0.0.1:8081] onStateChange(GET{uri=/getUserLocation?userId=0e25da6d-7e82-4e4b-ace0-0c93b7703707, connection=PooledConnection{channel=[id: 0x415a9863, L:/127.0.0.1:49906 - R:localhost/127.0.0.1:8081]}}, [request_sent])
20:29:39.999 [reactor-http-nio-10] DEBUG reactor.netty.resources.PooledConnectionProvider - [id: 0x415a9863, L:/127.0.0.1:49906 - R:localhost/127.0.0.1:8081] Channel connected, now 44 active connections and 22 inactive connections
20:29:39.999 [reactor-http-nio-15] DEBUG reactor.netty.http.client.HttpClientOperations - [id: 0x05482a00, L:/127.0.0.1:49865 - R:localhost/127.0.0.1:8081] Received last HTTP packet
20:29:39.999 [reactor-http-nio-10] DEBUG reactor.netty.resources.PooledConnectionProvider - [id: 0x333c1bf0, L:/127.0.0.1:49905 - R:localhost/127.0.0.1:8081] Registering pool release on close event for channel
20:29:39.998 [reactor-http-nio-2] DEBUG reactor.netty.resources.PooledConnectionProvider - [id: 0x5d20b19f, L:/127.0.0.1:49926 - R:localhost/127.0.0.1:8081] onStateChange(GET{uri=/getUserLocation?userId=f8fa426f-8264-476e-9af2-9068283774d8, connection=PooledConnection{channel=[id: 0x5d20b19f, L:/127.0.0.1:49926 - R:localhost/127.0.0.1:8081]}}, [request_sent])
20:29:39.999 [reactor-http-nio-10] DEBUG reactor.netty.http.client.HttpClientConnect - [id: 0x333c1bf0, L:/127.0.0.1:49905 - R:localhost/127.0.0.1:8081] Handler is being applied: {uri=http://localhost:8081/getUserLocation?userId=6481dcb4-2f55-4f48-935d-cd126a87cdbf, method=GET}
20:29:39.999 [reactor-http-nio-13] DEBUG reactor.netty.resources.PooledConnectionProvider - [id: 0x2d54eb76, L:/127.0.0.1:49912 - R:localhost/127.0.0.1:8081] onStateChange(GET{uri=/getUserLocation?userId=e304c7b3-b810-475b-b2bd-1cff9e4d783e, connection=PooledConnection{channel=[id: 0x2d54eb76, L:/127.0.0.1:49912 - R:localhost/127.0.0.1:8081]}}, [request_sent])
20:29:39.999 [pool-13-thread-8] DEBUG org.springframework.web.reactive.function.client.ExchangeFunctions - [35b777cb] HTTP GET http://localhost:8081/getUserLocation?userId=6e30b432-9693-4918-9ff5-b4b96c3ec9b5
20:29:39.999 [reactor-http-nio-13] DEBUG reactor.netty.resources.PooledConnectionProvider - [id: 0x2d54eb76, L:/127.0.0.1:49912 - R:localhost/127.0.0.1:8081] Channel connected, now 45 active connections and 21 inactive connections
20:29:40.000 [reactor-http-nio-13] DEBUG reactor.netty.resources.PooledConnectionProvider - [id: 0x0f3e4556, L:/127.0.0.1:49918 - R:localhost/127.0.0.1:8081] Registering pool release on close event for channel
20:29:40.000 [reactor-http-nio-13] DEBUG reactor.netty.http.client.HttpClientConnect - [id: 0x0f3e4556, L:/127.0.0.1:49918 - R:localhost/127.0.0.1:8081] Handler is being applied: {uri=http://localhost:8081/getUserLocation?userId=033cec38-3fd1-419a-ab42-9a3814571a61, method=GET}
20:29:40.000 [reactor-http-nio-2] DEBUG reactor.netty.resources.PooledConnectionProvider - [id: 0x5d20b19f, L:/127.0.0.1:49926 - R:localhost/127.0.0.1:8081] Channel connected, now 46 active connections and 20 inactive connections
20:29:40.000 [reactor-http-nio-2] DEBUG reactor.netty.resources.PooledConnectionProvider - [id: 0x5921853c, L:/127.0.0.1:49928 - R:localhost/127.0.0.1:8081] Registering pool release on close event for channel
20:29:40.000 [reactor-http-nio-2] DEBUG reactor.netty.http.client.HttpClientConnect - [id: 0x5921853c, L:/127.0.0.1:49928 - R:localhost/127.0.0.1:8081] Handler is being applied: {uri=http://localhost:8081/getUserLocation?userId=d0d99872-8e22-47ca-9a25-4e50ca2d345b, method=GET}
20:29:40.000 [reactor-http-nio-10] DEBUG reactor.netty.resources.PooledConnectionProvider - [id: 0x333c1bf0, L:/127.0.0.1:49905 - R:localhost/127.0.0.1:8081] onStateChange(GET{uri=/getUserLocation?userId=6481dcb4-2f55-4f48-935d-cd126a87cdbf, connection=PooledConnection{channel=[id: 0x333c1bf0, L:/127.0.0.1:49905 - R:localhost/127.0.0.1:8081]}}, [request_sent])
20:29:40.000 [reactor-http-nio-10] DEBUG reactor.netty.resources.PooledConnectionProvider - [id: 0x333c1bf0, L:/127.0.0.1:49905 - R:localhost/127.0.0.1:8081] Channel connected, now 47 active connections and 19 inactive connections
20:29:40.000 [reactor-http-nio-13] DEBUG reactor.netty.resources.PooledConnectionProvider - [id: 0x0f3e4556, L:/127.0.0.1:49918 - R:localhost/127.0.0.1:8081] onStateChange(GET{uri=/getUserLocation?userId=033cec38-3fd1-419a-ab42-9a3814571a61, connection=PooledConnection{channel=[id: 0x0f3e4556, L:/127.0.0.1:49918 - R:localhost/127.0.0.1:8081]}}, [request_sent])
20:29:40.000 [reactor-http-nio-10] DEBUG reactor.netty.resources.PooledConnectionProvider - [id: 0xc25feb92, L:/127.0.0.1:49880 - R:localhost/127.0.0.1:8081] Channel acquired, now 48 active connections and 18 inactive connections
20:29:39.999 [reactor-http-nio-11] DEBUG reactor.netty.http.client.HttpClientOperations - [id: 0x543091a3, L:/127.0.0.1:49885 - R:localhost/127.0.0.1:8081] Received response (auto-read:false) : [Content-Type=application/json, Transfer-Encoding=chunked, Date=Tue, 29 Jun 2021 14:59:39 GMT]
20:29:40.000 [reactor-http-nio-11] DEBUG reactor.netty.resources.PooledConnectionProvider - [id: 0x543091a3, L:/127.0.0.1:49885 - R:localhost/127.0.0.1:8081] onStateChange(GET{uri=/getUserLocation?userId=60f421cc-db1b-4b5a-9b34-7f0d39ba086d, connection=PooledConnection{channel=[id: 0x543091a3, L:/127.0.0.1:49885 - R:localhost/127.0.0.1:8081]}}, [response_received])
20:29:40.000 [reactor-http-nio-10] DEBUG reactor.netty.http.client.HttpClientConnect - [id: 0xc25feb92, L:/127.0.0.1:49880 - R:localhost/127.0.0.1:8081] Handler is being applied: {uri=http://localhost:8081/getAttractions, method=GET}
20:29:40.000 [reactor-http-nio-2] DEBUG reactor.netty.resources.PooledConnectionProvider - [id: 0x5921853c, L:/127.0.0.1:49928 - R:localhost/127.0.0.1:8081] onStateChange(GET{uri=/getUserLocation?userId=d0d99872-8e22-47ca-9a25-4e50ca2d345b, connection=PooledConnection{channel=[id: 0x5921853c, L:/127.0.0.1:49928 - R:localhost/127.0.0.1:8081]}}, [request_sent])
20:29:39.999 [reactor-http-nio-15] DEBUG org.springframework.core.codec.StringDecoder - [62eada63] Decoded "[{"longitude":-117.922008,"latitude":33.817595,"attractionName":"Disneyland","city":"Anaheim","stat (truncated)...
20:29:40.000 [reactor-http-nio-2] DEBUG reactor.netty.resources.PooledConnectionProvider - [id: 0x5921853c, L:/127.0.0.1:49928 - R:localhost/127.0.0.1:8081] Channel connected, now 48 active connections and 18 inactive connections
20:29:40.000 [reactor-http-nio-11] DEBUG org.springframework.web.reactive.function.client.ExchangeFunctions - [66491451] Response 200 OK
20:29:40.000 [reactor-http-nio-2] DEBUG reactor.netty.resources.PooledConnectionProvider - [id: 0xa9dc0f4b, L:/127.0.0.1:49924 - R:localhost/127.0.0.1:8081] Registering pool release on close event for channel
20:29:40.000 [reactor-http-nio-15] DEBUG reactor.netty.resources.PooledConnectionProvider - [id: 0x05482a00, L:/127.0.0.1:49865 - R:localhost/127.0.0.1:8081] onStateChange(GET{uri=/getAttractions, connection=PooledConnection{channel=[id: 0x05482a00, L:/127.0.0.1:49865 - R:localhost/127.0.0.1:8081]}}, [disconnecting])
20:29:40.000 [reactor-http-nio-15] DEBUG reactor.netty.resources.PooledConnectionProvider - [id: 0x05482a00, L:/127.0.0.1:49865 - R:localhost/127.0.0.1:8081] Releasing channel
20:29:40.000 [reactor-http-nio-15] DEBUG reactor.netty.resources.PooledConnectionProvider - [id: 0x05482a00, L:/127.0.0.1:49865 - R:localhost/127.0.0.1:8081] Channel cleaned, now 48 active connections and 18 inactive connections
20:29:40.000 [reactor-http-nio-13] DEBUG reactor.netty.resources.PooledConnectionProvider - [id: 0x0f3e4556, L:/127.0.0.1:49918 - R:localhost/127.0.0.1:8081] Channel connected, now 48 active connections and 18 inactive connections
20:29:40.000 [reactor-http-nio-13] DEBUG reactor.netty.resources.PooledConnectionProvider - [id: 0xef273551, L:/127.0.0.1:49919 - R:localhost/127.0.0.1:8081] Registering pool release on close event for channel
20:29:40.000 [reactor-http-nio-13] DEBUG reactor.netty.http.client.HttpClientConnect - [id: 0xef273551, L:/127.0.0.1:49919 - R:localhost/127.0.0.1:8081] Handler is being applied: {uri=http://localhost:8081/getUserLocation?userId=6b700be5-6959-4433-ba50-feeab79d81ff, method=GET}
20:29:40.001 [reactor-http-nio-11] DEBUG reactor.netty.channel.FluxReceive - [id: 0x543091a3, L:/127.0.0.1:49885 - R:localhost/127.0.0.1:8081] Subscribing inbound receiver [pending: 0, cancelled:false, inboundDone: false]
20:29:40.001 [reactor-http-nio-10] DEBUG reactor.netty.resources.PooledConnectionProvider - [id: 0xc25feb92, L:/127.0.0.1:49880 - R:localhost/127.0.0.1:8081] onStateChange(GET{uri=/getAttractions, connection=PooledConnection{channel=[id: 0xc25feb92, L:/127.0.0.1:49880 - R:localhost/127.0.0.1:8081]}}, [request_sent])
20:29:40.001 [reactor-http-nio-15] DEBUG reactor.netty.resources.PooledConnectionProvider - [id: 0x0f728531, L:/127.0.0.1:49904 - R:localhost/127.0.0.1:8081] onStateChange(PooledConnection{channel=[id: 0x0f728531, L:/127.0.0.1:49904 - R:localhost/127.0.0.1:8081]}, [connected])
20:29:40.001 [reactor-http-nio-11] DEBUG reactor.netty.http.client.HttpClientOperations - [id: 0x543091a3, L:/127.0.0.1:49885 - R:localhost/127.0.0.1:8081] Received last HTTP packet
20:29:40.001 [reactor-http-nio-15] DEBUG reactor.netty.resources.PooledConnectionProvider - [id: 0x0f728531, L:/127.0.0.1:49904 - R:localhost/127.0.0.1:8081] onStateChange(GET{uri=/, connection=PooledConnection{channel=[id: 0x0f728531, L:/127.0.0.1:49904 - R:localhost/127.0.0.1:8081]}}, [configured])
20:29:40.000 [reactor-http-nio-2] DEBUG reactor.netty.http.client.HttpClientConnect - [id: 0xa9dc0f4b, L:/127.0.0.1:49924 - R:localhost/127.0.0.1:8081] Handler is being applied: {uri=http://localhost:8081/getUserLocation?userId=58a56308-8d4c-444e-bbc3-64121f880305, method=GET}
20:29:40.001 [reactor-http-nio-11] DEBUG org.springframework.core.codec.StringDecoder - [66491451] Decoded "{"userId":"60f421cc-db1b-4b5a-9b34-7f0d39ba086d","location":{"longitude":10.593311,"latitude":-48.3 (truncated)...
20:29:40.001 [reactor-http-nio-10] DEBUG reactor.netty.resources.PooledConnectionProvider - [id: 0xb1e8f457, L:/127.0.0.1:49935 - R:localhost/127.0.0.1:8081] onStateChange(PooledConnection{channel=[id: 0xb1e8f457, L:/127.0.0.1:49935 - R:localhost/127.0.0.1:8081]}, [connected])
20:29:40.001 [reactor-http-nio-11] DEBUG reactor.netty.resources.PooledConnectionProvider - [id: 0x543091a3, L:/127.0.0.1:49885 - R:localhost/127.0.0.1:8081] onStateChange(GET{uri=/getUserLocation?userId=60f421cc-db1b-4b5a-9b34-7f0d39ba086d, connection=PooledConnection{channel=[id: 0x543091a3, L:/127.0.0.1:49885 - R:localhost/127.0.0.1:8081]}}, [disconnecting])
20:29:40.001 [reactor-http-nio-11] DEBUG reactor.netty.resources.PooledConnectionProvider - [id: 0x543091a3, L:/127.0.0.1:49885 - R:localhost/127.0.0.1:8081] Releasing channel
20:29:40.001 [reactor-http-nio-10] DEBUG reactor.netty.resources.PooledConnectionProvider - [id: 0xb1e8f457, L:/127.0.0.1:49935 - R:localhost/127.0.0.1:8081] onStateChange(GET{uri=/, connection=PooledConnection{channel=[id: 0xb1e8f457, L:/127.0.0.1:49935 - R:localhost/127.0.0.1:8081]}}, [configured])
20:29:40.001 [reactor-http-nio-11] DEBUG reactor.netty.resources.PooledConnectionProvider - [id: 0x543091a3, L:/127.0.0.1:49885 - R:localhost/127.0.0.1:8081] Channel cleaned, now 48 active connections and 18 inactive connections
20:29:40.001 [reactor-http-nio-11] DEBUG reactor.netty.resources.PooledConnectionProvider - [id: 0x5f76b813, L:/127.0.0.1:49921 - R:localhost/127.0.0.1:8081] Registering pool release on close event for channel
20:29:40.001 [reactor-http-nio-11] DEBUG reactor.netty.http.client.HttpClientConnect - [id: 0x5f76b813, L:/127.0.0.1:49921 - R:localhost/127.0.0.1:8081] Handler is being applied: {uri=http://localhost:8081/getUserLocation?userId=ff8ab042-cc81-468e-ac32-ef1613683e63, method=GET}
20:29:40.001 [reactor-http-nio-2] DEBUG reactor.netty.resources.PooledConnectionProvider - [id: 0xa9dc0f4b, L:/127.0.0.1:49924 - R:localhost/127.0.0.1:8081] onStateChange(GET{uri=/getUserLocation?userId=58a56308-8d4c-444e-bbc3-64121f880305, connection=PooledConnection{channel=[id: 0xa9dc0f4b, L:/127.0.0.1:49924 - R:localhost/127.0.0.1:8081]}}, [request_sent])
20:29:40.002 [reactor-http-nio-2] DEBUG reactor.netty.resources.PooledConnectionProvider - [id: 0xa9dc0f4b, L:/127.0.0.1:49924 - R:localhost/127.0.0.1:8081] Channel connected, now 49 active connections and 17 inactive connections
20:29:40.002 [reactor-http-nio-2] DEBUG reactor.netty.resources.PooledConnectionProvider - [id: 0xf696f9f2, L:/127.0.0.1:49929 - R:localhost/127.0.0.1:8081] Registering pool release on close event for channel
20:29:40.002 [reactor-http-nio-2] DEBUG reactor.netty.http.client.HttpClientConnect - [id: 0xf696f9f2, L:/127.0.0.1:49929 - R:localhost/127.0.0.1:8081] Handler is being applied: {uri=http://localhost:8081/getUserLocation?userId=bcc7d915-55d8-40a6-b927-d631c802a912, method=GET}
20:29:40.002 [reactor-http-nio-15] DEBUG reactor.netty.http.client.HttpClientOperations - [id: 0x3b57da73, L:/127.0.0.1:49868 - R:localhost/127.0.0.1:8081] Received response (auto-read:false) : [Content-Type=application/json, Transfer-Encoding=chunked, Date=Tue, 29 Jun 2021 14:59:39 GMT]
20:29:40.002 [reactor-http-nio-15] DEBUG reactor.netty.resources.PooledConnectionProvider - [id: 0x3b57da73, L:/127.0.0.1:49868 - R:localhost/127.0.0.1:8081] onStateChange(GET{uri=/getUserLocation?userId=7069b0c7-7276-4442-aaa4-9f810cec075e, connection=PooledConnection{channel=[id: 0x3b57da73, L:/127.0.0.1:49868 - R:localhost/127.0.0.1:8081]}}, [response_received])
20:29:40.002 [reactor-http-nio-15] DEBUG org.springframework.web.reactive.function.client.ExchangeFunctions - [78986714] Response 200 OK
20:29:40.002 [reactor-http-nio-2] DEBUG reactor.netty.resources.PooledConnectionProvider - [id: 0xf696f9f2, L:/127.0.0.1:49929 - R:localhost/127.0.0.1:8081] onStateChange(GET{uri=/getUserLocation?userId=bcc7d915-55d8-40a6-b927-d631c802a912, connection=PooledConnection{channel=[id: 0xf696f9f2, L:/127.0.0.1:49929 - R:localhost/127.0.0.1:8081]}}, [request_sent])
20:29:40.002 [reactor-http-nio-2] DEBUG reactor.netty.resources.PooledConnectionProvider - [id: 0xf696f9f2, L:/127.0.0.1:49929 - R:localhost/127.0.0.1:8081] Channel connected, now 50 active connections and 16 inactive connections
20:29:40.002 [reactor-http-nio-2] DEBUG reactor.netty.resources.PooledConnectionProvider - [id: 0xb543d4db, L:/127.0.0.1:49930 - R:localhost/127.0.0.1:8081] Registering pool release on close event for channel
20:29:40.002 [reactor-http-nio-2] DEBUG reactor.netty.http.client.HttpClientConnect - [id: 0xb543d4db, L:/127.0.0.1:49930 - R:localhost/127.0.0.1:8081] Handler is being applied: {uri=http://localhost:8081/getUserLocation?userId=968c9a67-fd41-4c49-9869-89efd4efb0c5, method=GET}
20:29:40.002 [reactor-http-nio-11] DEBUG reactor.netty.resources.PooledConnectionProvider - [id: 0x5f76b813, L:/127.0.0.1:49921 - R:localhost/127.0.0.1:8081] onStateChange(GET{uri=/getUserLocation?userId=ff8ab042-cc81-468e-ac32-ef1613683e63, connection=PooledConnection{channel=[id: 0x5f76b813, L:/127.0.0.1:49921 - R:localhost/127.0.0.1:8081]}}, [request_sent])
20:29:40.002 [reactor-http-nio-11] DEBUG reactor.netty.resources.PooledConnectionProvider - [id: 0x5f76b813, L:/127.0.0.1:49921 - R:localhost/127.0.0.1:8081] Channel connected, now 51 active connections and 15 inactive connections
20:29:40.003 [reactor-http-nio-11] DEBUG reactor.netty.resources.PooledConnectionProvider - [id: 0xf98e8509, L:/127.0.0.1:49922 - R:localhost/127.0.0.1:8081] Registering pool release on close event for channel
20:29:40.003 [reactor-http-nio-11] DEBUG reactor.netty.http.client.HttpClientConnect - [id: 0xf98e8509, L:/127.0.0.1:49922 - R:localhost/127.0.0.1:8081] Handler is being applied: {uri=http://localhost:8081/getUserLocation?userId=7c4799af-ba31-4549-8bd2-42b808c45f84, method=GET}
20:29:40.003 [reactor-http-nio-15] DEBUG reactor.netty.channel.FluxReceive - [id: 0x3b57da73, L:/127.0.0.1:49868 - R:localhost/127.0.0.1:8081] Subscribing inbound receiver [pending: 0, cancelled:false, inboundDone: false]
20:29:40.003 [pool-13-thread-2] DEBUG org.springframework.web.reactive.function.client.ExchangeFunctions - [66d552e6] HTTP GET http://localhost:8081/getUserLocation?userId=c3e9f62d-d28e-420a-995b-4ffd7afb02f6
20:29:40.003 [reactor-http-nio-15] DEBUG reactor.netty.http.client.HttpClientOperations - [id: 0x3b57da73, L:/127.0.0.1:49868 - R:localhost/127.0.0.1:8081] Received last HTTP packet
20:29:40.003 [reactor-http-nio-2] DEBUG reactor.netty.resources.PooledConnectionProvider - [id: 0xb543d4db, L:/127.0.0.1:49930 - R:localhost/127.0.0.1:8081] onStateChange(GET{uri=/getUserLocation?userId=968c9a67-fd41-4c49-9869-89efd4efb0c5, connection=PooledConnection{channel=[id: 0xb543d4db, L:/127.0.0.1:49930 - R:localhost/127.0.0.1:8081]}}, [request_sent])
20:29:40.003 [reactor-http-nio-2] DEBUG reactor.netty.resources.PooledConnectionProvider - [id: 0xb543d4db, L:/127.0.0.1:49930 - R:localhost/127.0.0.1:8081] Channel connected, now 52 active connections and 14 inactive connections
20:29:40.003 [reactor-http-nio-15] DEBUG org.springframework.core.codec.StringDecoder - [78986714] Decoded "{"userId":"7069b0c7-7276-4442-aaa4-9f810cec075e","location":{"longitude":-104.472033,"latitude":-53 (truncated)...
20:29:40.003 [reactor-http-nio-11] DEBUG reactor.netty.resources.PooledConnectionProvider - [id: 0xf98e8509, L:/127.0.0.1:49922 - R:localhost/127.0.0.1:8081] onStateChange(GET{uri=/getUserLocation?userId=7c4799af-ba31-4549-8bd2-42b808c45f84, connection=PooledConnection{channel=[id: 0xf98e8509, L:/127.0.0.1:49922 - R:localhost/127.0.0.1:8081]}}, [request_sent])
20:29:40.003 [reactor-http-nio-15] DEBUG reactor.netty.resources.PooledConnectionProvider - [id: 0x3b57da73, L:/127.0.0.1:49868 - R:localhost/127.0.0.1:8081] onStateChange(GET{uri=/getUserLocation?userId=7069b0c7-7276-4442-aaa4-9f810cec075e, connection=PooledConnection{channel=[id: 0x3b57da73, L:/127.0.0.1:49868 - R:localhost/127.0.0.1:8081]}}, [disconnecting])
20:29:40.003 [reactor-http-nio-15] DEBUG reactor.netty.resources.PooledConnectionProvider - [id: 0x3b57da73, L:/127.0.0.1:49868 - R:localhost/127.0.0.1:8081] Releasing channel
20:29:40.003 [reactor-http-nio-15] DEBUG reactor.netty.resources.PooledConnectionProvider - [id: 0x3b57da73, L:/127.0.0.1:49868 - R:localhost/127.0.0.1:8081] Channel cleaned, now 51 active connections and 15 inactive connections
20:29:40.003 [reactor-http-nio-15] DEBUG reactor.netty.resources.PooledConnectionProvider - [id: 0x0f728531, L:/127.0.0.1:49904 - R:localhost/127.0.0.1:8081] Registering pool release on close event for channel
20:29:40.003 [reactor-http-nio-10] DEBUG reactor.netty.resources.PooledConnectionProvider - [id: 0x46c6efe2, L:/127.0.0.1:49875 - R:localhost/127.0.0.1:8081] Channel acquired, now 53 active connections and 13 inactive connections
20:29:40.002 [reactor-http-nio-13] DEBUG reactor.netty.resources.PooledConnectionProvider - [id: 0xef273551, L:/127.0.0.1:49919 - R:localhost/127.0.0.1:8081] onStateChange(GET{uri=/getUserLocation?userId=6b700be5-6959-4433-ba50-feeab79d81ff, connection=PooledConnection{channel=[id: 0xef273551, L:/127.0.0.1:49919 - R:localhost/127.0.0.1:8081]}}, [request_sent])
20:29:40.003 [reactor-http-nio-10] DEBUG reactor.netty.http.client.HttpClientConnect - [id: 0x46c6efe2, L:/127.0.0.1:49875 - R:localhost/127.0.0.1:8081] Handler is being applied: {uri=http://localhost:8081/getAttractions, method=GET}
20:29:40.003 [reactor-http-nio-13] DEBUG reactor.netty.resources.PooledConnectionProvider - [id: 0xef273551, L:/127.0.0.1:49919 - R:localhost/127.0.0.1:8081] Channel connected, now 53 active connections and 13 inactive connections
20:29:40.003 [reactor-http-nio-13] DEBUG reactor.netty.resources.PooledConnectionProvider - [id: 0x4b9adda7, L:/127.0.0.1:49909 - R:localhost/127.0.0.1:8081] Registering pool release on close event for channel
20:29:40.003 [reactor-http-nio-13] DEBUG reactor.netty.http.client.HttpClientConnect - [id: 0x4b9adda7, L:/127.0.0.1:49909 - R:localhost/127.0.0.1:8081] Handler is being applied: {uri=http://localhost:8081/getUserLocation?userId=3b63d3ea-586b-4bfa-acce-5667de25efbc, method=GET}
20:29:40.003 [reactor-http-nio-11] DEBUG reactor.netty.resources.PooledConnectionProvider - [id: 0xf98e8509, L:/127.0.0.1:49922 - R:localhost/127.0.0.1:8081] Channel connected, now 52 active connections and 14 inactive connections
20:29:40.004 [reactor-http-nio-11] DEBUG reactor.netty.resources.PooledConnectionProvider - [id: 0xa8d1cb41, L:/127.0.0.1:49934 - R:localhost/127.0.0.1:8081] Registering pool release on close event for channel
20:29:40.004 [reactor-http-nio-11] DEBUG reactor.netty.http.client.HttpClientConnect - [id: 0xa8d1cb41, L:/127.0.0.1:49934 - R:localhost/127.0.0.1:8081] Handler is being applied: {uri=http://localhost:8081/getUserLocation?userId=4e4386f1-0f47-4469-8f8a-8f9c6e5eca51, method=GET}
20:29:40.004 [pool-13-thread-24] DEBUG org.springframework.web.reactive.function.client.ExchangeFunctions - [688ee6e8] HTTP GET http://localhost:8081/getAttractions
20:29:40.003 [reactor-http-nio-15] DEBUG reactor.netty.http.client.HttpClientConnect - [id: 0x0f728531, L:/127.0.0.1:49904 - R:localhost/127.0.0.1:8081] Handler is being applied: {uri=http://localhost:8081/getUserLocation?userId=d793ad3a-c8c3-4781-824a-706971a9c859, method=GET}
20:29:40.004 [reactor-http-nio-13] DEBUG reactor.netty.resources.PooledConnectionProvider - [id: 0x4b9adda7, L:/127.0.0.1:49909 - R:localhost/127.0.0.1:8081] onStateChange(GET{uri=/getUserLocation?userId=3b63d3ea-586b-4bfa-acce-5667de25efbc, connection=PooledConnection{channel=[id: 0x4b9adda7, L:/127.0.0.1:49909 - R:localhost/127.0.0.1:8081]}}, [request_sent])
20:29:40.004 [reactor-http-nio-13] DEBUG reactor.netty.resources.PooledConnectionProvider - [id: 0x4b9adda7, L:/127.0.0.1:49909 - R:localhost/127.0.0.1:8081] Channel connected, now 55 active connections and 11 inactive connections
20:29:40.004 [reactor-http-nio-13] DEBUG reactor.netty.resources.PooledConnectionProvider - [id: 0x93eb028b, L:/127.0.0.1:49917 - R:localhost/127.0.0.1:8081] Registering pool release on close event for channel
20:29:40.004 [reactor-http-nio-13] DEBUG reactor.netty.http.client.HttpClientConnect - [id: 0x93eb028b, L:/127.0.0.1:49917 - R:localhost/127.0.0.1:8081] Handler is being applied: {uri=http://localhost:8081/getUserLocation?userId=ca0977da-13ae-4a07-848a-83dc602bd85e, method=GET}
20:29:40.005 [reactor-http-nio-15] DEBUG reactor.netty.resources.PooledConnectionProvider - [id: 0x0f728531, L:/127.0.0.1:49904 - R:localhost/127.0.0.1:8081] onStateChange(GET{uri=/getUserLocation?userId=d793ad3a-c8c3-4781-824a-706971a9c859, connection=PooledConnection{channel=[id: 0x0f728531, L:/127.0.0.1:49904 - R:localhost/127.0.0.1:8081]}}, [request_sent])
20:29:40.005 [reactor-http-nio-15] DEBUG reactor.netty.resources.PooledConnectionProvider - [id: 0x0f728531, L:/127.0.0.1:49904 - R:localhost/127.0.0.1:8081] Channel connected, now 56 active connections and 10 inactive connections
20:29:40.004 [reactor-http-nio-10] DEBUG reactor.netty.resources.PooledConnectionProvider - [id: 0x46c6efe2, L:/127.0.0.1:49875 - R:localhost/127.0.0.1:8081] onStateChange(GET{uri=/getAttractions, connection=PooledConnection{channel=[id: 0x46c6efe2, L:/127.0.0.1:49875 - R:localhost/127.0.0.1:8081]}}, [request_sent])
20:29:40.005 [reactor-http-nio-10] DEBUG reactor.netty.resources.PooledConnectionProvider - [id: 0xb1e8f457, L:/127.0.0.1:49935 - R:localhost/127.0.0.1:8081] Registering pool release on close event for channel
20:29:40.005 [reactor-http-nio-10] DEBUG reactor.netty.http.client.HttpClientConnect - [id: 0xb1e8f457, L:/127.0.0.1:49935 - R:localhost/127.0.0.1:8081] Handler is being applied: {uri=http://localhost:8081/getAttractions, method=GET}
20:29:40.005 [reactor-http-nio-15] DEBUG reactor.netty.resources.PooledConnectionProvider - [id: 0x05482a00, L:/127.0.0.1:49865 - R:localhost/127.0.0.1:8081] Channel acquired, now 58 active connections and 8 inactive connections
20:29:40.005 [reactor-http-nio-11] DEBUG reactor.netty.resources.PooledConnectionProvider - [id: 0xa8d1cb41, L:/127.0.0.1:49934 - R:localhost/127.0.0.1:8081] onStateChange(GET{uri=/getUserLocation?userId=4e4386f1-0f47-4469-8f8a-8f9c6e5eca51, connection=PooledConnection{channel=[id: 0xa8d1cb41, L:/127.0.0.1:49934 - R:localhost/127.0.0.1:8081]}}, [request_sent])
20:29:40.005 [reactor-http-nio-11] DEBUG reactor.netty.resources.PooledConnectionProvider - [id: 0xa8d1cb41, L:/127.0.0.1:49934 - R:localhost/127.0.0.1:8081] Channel connected, now 58 active connections and 8 inactive connections
20:29:40.005 [reactor-http-nio-11] DEBUG reactor.netty.resources.PooledConnectionProvider - [id: 0x444af37b, L:/127.0.0.1:49923 - R:localhost/127.0.0.1:8081] Registering pool release on close event for channel
20:29:40.006 [reactor-http-nio-11] DEBUG reactor.netty.http.client.HttpClientConnect - [id: 0x444af37b, L:/127.0.0.1:49923 - R:localhost/127.0.0.1:8081] Handler is being applied: {uri=http://localhost:8081/getUserLocation?userId=7a60608b-a302-4f12-b8cd-b59a9734dd46, method=GET}
20:29:40.006 [reactor-http-nio-13] DEBUG reactor.netty.resources.PooledConnectionProvider - [id: 0x93eb028b, L:/127.0.0.1:49917 - R:localhost/127.0.0.1:8081] onStateChange(GET{uri=/getUserLocation?userId=ca0977da-13ae-4a07-848a-83dc602bd85e, connection=PooledConnection{channel=[id: 0x93eb028b, L:/127.0.0.1:49917 - R:localhost/127.0.0.1:8081]}}, [request_sent])
20:29:40.006 [reactor-http-nio-13] DEBUG reactor.netty.resources.PooledConnectionProvider - [id: 0x93eb028b, L:/127.0.0.1:49917 - R:localhost/127.0.0.1:8081] Channel connected, now 59 active connections and 7 inactive connections
20:29:40.005 [reactor-http-nio-15] DEBUG reactor.netty.http.client.HttpClientConnect - [id: 0x05482a00, L:/127.0.0.1:49865 - R:localhost/127.0.0.1:8081] Handler is being applied: {uri=http://localhost:8081/getAttractions, method=GET}
20:29:40.006 [pool-12-thread-1] DEBUG org.springframework.web.reactive.function.client.ExchangeFunctions - [765f9677] HTTP GET http://localhost:8081/getAttractions
20:29:40.006 [reactor-http-nio-13] DEBUG reactor.netty.http.client.HttpClientOperations - [id: 0x99ebd170, L:/127.0.0.1:49872 - R:localhost/127.0.0.1:8081] Received response (auto-read:false) : [Content-Type=application/json, Transfer-Encoding=chunked, Date=Tue, 29 Jun 2021 14:59:39 GMT]
20:29:40.006 [reactor-http-nio-13] DEBUG reactor.netty.resources.PooledConnectionProvider - [id: 0x99ebd170, L:/127.0.0.1:49872 - R:localhost/127.0.0.1:8081] onStateChange(GET{uri=/getUserLocation?userId=0cf06056-6136-4ad5-a952-6a1967221a28, connection=PooledConnection{channel=[id: 0x99ebd170, L:/127.0.0.1:49872 - R:localhost/127.0.0.1:8081]}}, [response_received])
20:29:40.006 [reactor-http-nio-12] DEBUG reactor.netty.resources.PooledConnectionProvider - [id: 0xc976ea3e, L:/127.0.0.1:49874 - R:localhost/127.0.0.1:8081] Channel acquired, now 60 active connections and 6 inactive connections
20:29:40.006 [reactor-http-nio-10] DEBUG reactor.netty.resources.PooledConnectionProvider - [id: 0xb1e8f457, L:/127.0.0.1:49935 - R:localhost/127.0.0.1:8081] onStateChange(GET{uri=/getAttractions, connection=PooledConnection{channel=[id: 0xb1e8f457, L:/127.0.0.1:49935 - R:localhost/127.0.0.1:8081]}}, [request_sent])
20:29:40.006 [reactor-http-nio-10] DEBUG reactor.netty.resources.PooledConnectionProvider - [id: 0xb1e8f457, L:/127.0.0.1:49935 - R:localhost/127.0.0.1:8081] Channel connected, now 60 active connections and 6 inactive connections
20:29:40.006 [reactor-http-nio-12] DEBUG reactor.netty.http.client.HttpClientConnect - [id: 0xc976ea3e, L:/127.0.0.1:49874 - R:localhost/127.0.0.1:8081] Handler is being applied: {uri=http://localhost:8081/getUserLocation?userId=c3e9f62d-d28e-420a-995b-4ffd7afb02f6, method=GET}
20:29:40.006 [reactor-http-nio-11] DEBUG reactor.netty.resources.PooledConnectionProvider - [id: 0x444af37b, L:/127.0.0.1:49923 - R:localhost/127.0.0.1:8081] onStateChange(GET{uri=/getUserLocation?userId=7a60608b-a302-4f12-b8cd-b59a9734dd46, connection=PooledConnection{channel=[id: 0x444af37b, L:/127.0.0.1:49923 - R:localhost/127.0.0.1:8081]}}, [request_sent])
20:29:40.007 [reactor-http-nio-11] DEBUG reactor.netty.resources.PooledConnectionProvider - [id: 0x444af37b, L:/127.0.0.1:49923 - R:localhost/127.0.0.1:8081] Channel connected, now 60 active connections and 6 inactive connections
20:29:40.007 [reactor-http-nio-11] DEBUG reactor.netty.resources.PooledConnectionProvider - [id: 0x70ea745d, L:/127.0.0.1:49931 - R:localhost/127.0.0.1:8081] Registering pool release on close event for channel
20:29:40.007 [reactor-http-nio-11] DEBUG reactor.netty.http.client.HttpClientConnect - [id: 0x70ea745d, L:/127.0.0.1:49931 - R:localhost/127.0.0.1:8081] Handler is being applied: {uri=http://localhost:8081/getUserLocation?userId=187e6802-e5d2-4b65-85a2-d315a0439744, method=GET}
20:29:40.006 [reactor-http-nio-15] DEBUG reactor.netty.resources.PooledConnectionProvider - [id: 0x05482a00, L:/127.0.0.1:49865 - R:localhost/127.0.0.1:8081] onStateChange(GET{uri=/getAttractions, connection=PooledConnection{channel=[id: 0x05482a00, L:/127.0.0.1:49865 - R:localhost/127.0.0.1:8081]}}, [request_sent])
20:29:40.006 [reactor-http-nio-13] DEBUG org.springframework.web.reactive.function.client.ExchangeFunctions - [56028d43] Response 200 OK
20:29:40.006 [reactor-http-nio-14] DEBUG reactor.netty.http.client.HttpClientOperations - [id: 0x0b723f2b, L:/127.0.0.1:49877 - R:localhost/127.0.0.1:8081] Received response (auto-read:false) : [Content-Type=application/json, Transfer-Encoding=chunked, Date=Tue, 29 Jun 2021 14:59:39 GMT]
20:29:40.007 [reactor-http-nio-14] DEBUG reactor.netty.resources.PooledConnectionProvider - [id: 0x0b723f2b, L:/127.0.0.1:49877 - R:localhost/127.0.0.1:8081] onStateChange(GET{uri=/getUserLocation?userId=3b4d4c5d-9e88-4957-8c53-d75e43710f4d, connection=PooledConnection{channel=[id: 0x0b723f2b, L:/127.0.0.1:49877 - R:localhost/127.0.0.1:8081]}}, [response_received])
20:29:40.007 [reactor-http-nio-12] DEBUG reactor.netty.resources.PooledConnectionProvider - [id: 0xc976ea3e, L:/127.0.0.1:49874 - R:localhost/127.0.0.1:8081] onStateChange(GET{uri=/getUserLocation?userId=c3e9f62d-d28e-420a-995b-4ffd7afb02f6, connection=PooledConnection{channel=[id: 0xc976ea3e, L:/127.0.0.1:49874 - R:localhost/127.0.0.1:8081]}}, [request_sent])
20:29:40.007 [reactor-http-nio-14] DEBUG org.springframework.web.reactive.function.client.ExchangeFunctions - [7ea96a6] Response 200 OK
20:29:40.007 [reactor-http-nio-11] DEBUG reactor.netty.resources.PooledConnectionProvider - [id: 0x70ea745d, L:/127.0.0.1:49931 - R:localhost/127.0.0.1:8081] onStateChange(GET{uri=/getUserLocation?userId=187e6802-e5d2-4b65-85a2-d315a0439744, connection=PooledConnection{channel=[id: 0x70ea745d, L:/127.0.0.1:49931 - R:localhost/127.0.0.1:8081]}}, [request_sent])
20:29:40.007 [reactor-http-nio-11] DEBUG reactor.netty.resources.PooledConnectionProvider - [id: 0x70ea745d, L:/127.0.0.1:49931 - R:localhost/127.0.0.1:8081] Channel connected, now 61 active connections and 5 inactive connections
20:29:40.007 [reactor-http-nio-11] DEBUG reactor.netty.resources.PooledConnectionProvider - [id: 0x5557723c, L:/127.0.0.1:49932 - R:localhost/127.0.0.1:8081] Registering pool release on close event for channel
20:29:40.007 [reactor-http-nio-13] DEBUG reactor.netty.channel.FluxReceive - [id: 0x99ebd170, L:/127.0.0.1:49872 - R:localhost/127.0.0.1:8081] Subscribing inbound receiver [pending: 0, cancelled:false, inboundDone: false]
20:29:40.008 [reactor-http-nio-11] DEBUG reactor.netty.http.client.HttpClientConnect - [id: 0x5557723c, L:/127.0.0.1:49932 - R:localhost/127.0.0.1:8081] Handler is being applied: {uri=http://localhost:8081/getUserLocation?userId=9008ef87-c248-4ad1-bc0b-c98de90fa78f, method=GET}
20:29:40.008 [reactor-http-nio-14] DEBUG reactor.netty.channel.FluxReceive - [id: 0x0b723f2b, L:/127.0.0.1:49877 - R:localhost/127.0.0.1:8081] Subscribing inbound receiver [pending: 0, cancelled:false, inboundDone: false]
20:29:40.008 [reactor-http-nio-13] DEBUG reactor.netty.http.client.HttpClientOperations - [id: 0x99ebd170, L:/127.0.0.1:49872 - R:localhost/127.0.0.1:8081] Received last HTTP packet
20:29:40.008 [reactor-http-nio-13] DEBUG org.springframework.core.codec.StringDecoder - [56028d43] Decoded "{"userId":"0cf06056-6136-4ad5-a952-6a1967221a28","location":{"longitude":-98.247774,"latitude":44.9 (truncated)...
20:29:40.008 [reactor-http-nio-14] DEBUG reactor.netty.http.client.HttpClientOperations - [id: 0x0b723f2b, L:/127.0.0.1:49877 - R:localhost/127.0.0.1:8081] Received last HTTP packet
20:29:40.008 [reactor-http-nio-13] DEBUG reactor.netty.resources.PooledConnectionProvider - [id: 0x99ebd170, L:/127.0.0.1:49872 - R:localhost/127.0.0.1:8081] onStateChange(GET{uri=/getUserLocation?userId=0cf06056-6136-4ad5-a952-6a1967221a28, connection=PooledConnection{channel=[id: 0x99ebd170, L:/127.0.0.1:49872 - R:localhost/127.0.0.1:8081]}}, [disconnecting])
20:29:40.008 [reactor-http-nio-11] DEBUG reactor.netty.resources.PooledConnectionProvider - [id: 0x5557723c, L:/127.0.0.1:49932 - R:localhost/127.0.0.1:8081] onStateChange(GET{uri=/getUserLocation?userId=9008ef87-c248-4ad1-bc0b-c98de90fa78f, connection=PooledConnection{channel=[id: 0x5557723c, L:/127.0.0.1:49932 - R:localhost/127.0.0.1:8081]}}, [request_sent])
20:29:40.008 [reactor-http-nio-11] DEBUG reactor.netty.resources.PooledConnectionProvider - [id: 0x5557723c, L:/127.0.0.1:49932 - R:localhost/127.0.0.1:8081] Channel connected, now 62 active connections and 4 inactive connections
20:29:40.008 [reactor-http-nio-11] DEBUG reactor.netty.resources.PooledConnectionProvider - [id: 0xb9e4c7b3, L:/127.0.0.1:49933 - R:localhost/127.0.0.1:8081] Registering pool release on close event for channel
20:29:40.008 [reactor-http-nio-13] DEBUG reactor.netty.resources.PooledConnectionProvider - [id: 0x99ebd170, L:/127.0.0.1:49872 - R:localhost/127.0.0.1:8081] Releasing channel
20:29:40.008 [reactor-http-nio-11] DEBUG reactor.netty.http.client.HttpClientConnect - [id: 0xb9e4c7b3, L:/127.0.0.1:49933 - R:localhost/127.0.0.1:8081] Handler is being applied: {uri=http://localhost:8081/getUserLocation?userId=32f7f253-7f2e-49ac-8cf3-9cf70cd4d48b, method=GET}
20:29:40.008 [reactor-http-nio-13] DEBUG reactor.netty.resources.PooledConnectionProvider - [id: 0x99ebd170, L:/127.0.0.1:49872 - R:localhost/127.0.0.1:8081] Channel cleaned, now 62 active connections and 4 inactive connections
20:29:40.008 [reactor-http-nio-14] DEBUG org.springframework.core.codec.StringDecoder - [7ea96a6] Decoded "{"userId":"3b4d4c5d-9e88-4957-8c53-d75e43710f4d","location":{"longitude":103.825849,"latitude":10.6 (truncated)...
20:29:40.009 [reactor-http-nio-14] DEBUG reactor.netty.resources.PooledConnectionProvider - [id: 0x0b723f2b, L:/127.0.0.1:49877 - R:localhost/127.0.0.1:8081] onStateChange(GET{uri=/getUserLocation?userId=3b4d4c5d-9e88-4957-8c53-d75e43710f4d, connection=PooledConnection{channel=[id: 0x0b723f2b, L:/127.0.0.1:49877 - R:localhost/127.0.0.1:8081]}}, [disconnecting])
20:29:40.009 [reactor-http-nio-14] DEBUG reactor.netty.resources.PooledConnectionProvider - [id: 0x0b723f2b, L:/127.0.0.1:49877 - R:localhost/127.0.0.1:8081] Releasing channel
20:29:40.009 [reactor-http-nio-14] DEBUG reactor.netty.resources.PooledConnectionProvider - [id: 0x0b723f2b, L:/127.0.0.1:49877 - R:localhost/127.0.0.1:8081] Channel cleaned, now 61 active connections and 5 inactive connections
20:29:40.009 [reactor-http-nio-11] DEBUG reactor.netty.resources.PooledConnectionProvider - [id: 0xb9e4c7b3, L:/127.0.0.1:49933 - R:localhost/127.0.0.1:8081] onStateChange(GET{uri=/getUserLocation?userId=32f7f253-7f2e-49ac-8cf3-9cf70cd4d48b, connection=PooledConnection{channel=[id: 0xb9e4c7b3, L:/127.0.0.1:49933 - R:localhost/127.0.0.1:8081]}}, [request_sent])
20:29:40.009 [reactor-http-nio-11] DEBUG reactor.netty.resources.PooledConnectionProvider - [id: 0xb9e4c7b3, L:/127.0.0.1:49933 - R:localhost/127.0.0.1:8081] Channel connected, now 61 active connections and 5 inactive connections
20:29:40.009 [reactor-http-nio-11] DEBUG reactor.netty.resources.PooledConnectionProvider - [id: 0x952ee786, L:/127.0.0.1:49873 - R:localhost/127.0.0.1:8081] Channel acquired, now 62 active connections and 4 inactive connections
20:29:40.009 [reactor-http-nio-11] DEBUG reactor.netty.http.client.HttpClientConnect - [id: 0x952ee786, L:/127.0.0.1:49873 - R:localhost/127.0.0.1:8081] Handler is being applied: {uri=http://localhost:8081/getUserLocation?userId=6e30b432-9693-4918-9ff5-b4b96c3ec9b5, method=GET}
20:29:40.010 [reactor-http-nio-11] DEBUG reactor.netty.resources.PooledConnectionProvider - [id: 0x952ee786, L:/127.0.0.1:49873 - R:localhost/127.0.0.1:8081] onStateChange(GET{uri=/getUserLocation?userId=6e30b432-9693-4918-9ff5-b4b96c3ec9b5, connection=PooledConnection{channel=[id: 0x952ee786, L:/127.0.0.1:49873 - R:localhost/127.0.0.1:8081]}}, [request_sent])
20:29:40.011 [pool-13-thread-3] DEBUG org.springframework.web.reactive.function.client.ExchangeFunctions - [58c579f3] HTTP GET http://localhost:8081/getAttractions
20:29:40.011 [reactor-http-nio-11] DEBUG reactor.netty.resources.PooledConnectionProvider - [id: 0x543091a3, L:/127.0.0.1:49885 - R:localhost/127.0.0.1:8081] Channel acquired, now 63 active connections and 3 inactive connections
20:29:40.011 [reactor-http-nio-11] DEBUG reactor.netty.http.client.HttpClientConnect - [id: 0x543091a3, L:/127.0.0.1:49885 - R:localhost/127.0.0.1:8081] Handler is being applied: {uri=http://localhost:8081/getAttractions, method=GET}
20:29:40.011 [pool-13-thread-6] DEBUG org.springframework.web.reactive.function.client.ExchangeFunctions - [92d682b] HTTP GET http://localhost:8081/getAttractions
20:29:40.012 [reactor-http-nio-15] DEBUG reactor.netty.resources.PooledConnectionProvider - [id: 0x3b57da73, L:/127.0.0.1:49868 - R:localhost/127.0.0.1:8081] Channel acquired, now 65 active connections and 1 inactive connections
20:29:40.012 [reactor-http-nio-13] DEBUG reactor.netty.resources.PooledConnectionProvider - [id: 0x99ebd170, L:/127.0.0.1:49872 - R:localhost/127.0.0.1:8081] Channel acquired, now 65 active connections and 1 inactive connections
20:29:40.012 [reactor-http-nio-11] DEBUG reactor.netty.resources.PooledConnectionProvider - [id: 0x543091a3, L:/127.0.0.1:49885 - R:localhost/127.0.0.1:8081] onStateChange(GET{uri=/getAttractions, connection=PooledConnection{channel=[id: 0x543091a3, L:/127.0.0.1:49885 - R:localhost/127.0.0.1:8081]}}, [request_sent])
20:29:40.012 [reactor-http-nio-13] DEBUG reactor.netty.http.client.HttpClientConnect - [id: 0x99ebd170, L:/127.0.0.1:49872 - R:localhost/127.0.0.1:8081] Handler is being applied: {uri=http://localhost:8081/getAttractions, method=GET}
20:29:40.012 [reactor-http-nio-15] DEBUG reactor.netty.http.client.HttpClientConnect - [id: 0x3b57da73, L:/127.0.0.1:49868 - R:localhost/127.0.0.1:8081] Handler is being applied: {uri=http://localhost:8081/getAttractions, method=GET}
20:29:40.013 [reactor-http-nio-15] DEBUG reactor.netty.resources.PooledConnectionProvider - [id: 0x3b57da73, L:/127.0.0.1:49868 - R:localhost/127.0.0.1:8081] onStateChange(GET{uri=/getAttractions, connection=PooledConnection{channel=[id: 0x3b57da73, L:/127.0.0.1:49868 - R:localhost/127.0.0.1:8081]}}, [request_sent])
20:29:40.013 [reactor-http-nio-13] DEBUG reactor.netty.resources.PooledConnectionProvider - [id: 0x99ebd170, L:/127.0.0.1:49872 - R:localhost/127.0.0.1:8081] onStateChange(GET{uri=/getAttractions, connection=PooledConnection{channel=[id: 0x99ebd170, L:/127.0.0.1:49872 - R:localhost/127.0.0.1:8081]}}, [request_sent])
20:29:40.016 [reactor-http-nio-2] DEBUG reactor.netty.http.client.HttpClientOperations - [id: 0x3adc52e3, L:/127.0.0.1:49881 - R:localhost/127.0.0.1:8081] Received response (auto-read:false) : [Content-Type=application/json, Transfer-Encoding=chunked, Date=Tue, 29 Jun 2021 14:59:39 GMT]
20:29:40.016 [reactor-http-nio-2] DEBUG reactor.netty.resources.PooledConnectionProvider - [id: 0x3adc52e3, L:/127.0.0.1:49881 - R:localhost/127.0.0.1:8081] onStateChange(GET{uri=/getUserLocation?userId=20fba8aa-7920-4b6d-8a75-526dde9e0ec4, connection=PooledConnection{channel=[id: 0x3adc52e3, L:/127.0.0.1:49881 - R:localhost/127.0.0.1:8081]}}, [response_received])
20:29:40.016 [reactor-http-nio-2] DEBUG org.springframework.web.reactive.function.client.ExchangeFunctions - [751665c0] Response 200 OK
20:29:40.016 [reactor-http-nio-2] DEBUG reactor.netty.channel.FluxReceive - [id: 0x3adc52e3, L:/127.0.0.1:49881 - R:localhost/127.0.0.1:8081] Subscribing inbound receiver [pending: 0, cancelled:false, inboundDone: false]
20:29:40.017 [reactor-http-nio-2] DEBUG reactor.netty.http.client.HttpClientOperations - [id: 0x3adc52e3, L:/127.0.0.1:49881 - R:localhost/127.0.0.1:8081] Received last HTTP packet
20:29:40.017 [reactor-http-nio-2] DEBUG org.springframework.core.codec.StringDecoder - [751665c0] Decoded "{"userId":"20fba8aa-7920-4b6d-8a75-526dde9e0ec4","location":{"longitude":-175.363435,"latitude":60. (truncated)...
20:29:40.017 [reactor-http-nio-2] DEBUG reactor.netty.resources.PooledConnectionProvider - [id: 0x3adc52e3, L:/127.0.0.1:49881 - R:localhost/127.0.0.1:8081] onStateChange(GET{uri=/getUserLocation?userId=20fba8aa-7920-4b6d-8a75-526dde9e0ec4, connection=PooledConnection{channel=[id: 0x3adc52e3, L:/127.0.0.1:49881 - R:localhost/127.0.0.1:8081]}}, [disconnecting])
20:29:40.017 [reactor-http-nio-2] DEBUG reactor.netty.resources.PooledConnectionProvider - [id: 0x3adc52e3, L:/127.0.0.1:49881 - R:localhost/127.0.0.1:8081] Releasing channel
20:29:40.017 [reactor-http-nio-2] DEBUG reactor.netty.resources.PooledConnectionProvider - [id: 0x3adc52e3, L:/127.0.0.1:49881 - R:localhost/127.0.0.1:8081] Channel cleaned, now 64 active connections and 2 inactive connections
20:29:40.018 [pool-13-thread-11] DEBUG org.springframework.web.reactive.function.client.ExchangeFunctions - [7bd19512] HTTP GET http://localhost:8081/getAttractions
20:29:40.019 [reactor-http-nio-14] DEBUG reactor.netty.resources.PooledConnectionProvider - [id: 0x0b723f2b, L:/127.0.0.1:49877 - R:localhost/127.0.0.1:8081] Channel acquired, now 65 active connections and 1 inactive connections
20:29:40.019 [reactor-http-nio-14] DEBUG reactor.netty.http.client.HttpClientConnect - [id: 0x0b723f2b, L:/127.0.0.1:49877 - R:localhost/127.0.0.1:8081] Handler is being applied: {uri=http://localhost:8081/getAttractions, method=GET}
20:29:40.019 [reactor-http-nio-14] DEBUG reactor.netty.resources.PooledConnectionProvider - [id: 0x0b723f2b, L:/127.0.0.1:49877 - R:localhost/127.0.0.1:8081] onStateChange(GET{uri=/getAttractions, connection=PooledConnection{channel=[id: 0x0b723f2b, L:/127.0.0.1:49877 - R:localhost/127.0.0.1:8081]}}, [request_sent])
20:29:40.020 [reactor-http-nio-2] DEBUG reactor.netty.http.client.HttpClientOperations - [id: 0xbbc840e5, L:/127.0.0.1:49882 - R:localhost/127.0.0.1:8081] Received response (auto-read:false) : [Content-Type=application/json, Transfer-Encoding=chunked, Date=Tue, 29 Jun 2021 14:59:39 GMT]
20:29:40.020 [reactor-http-nio-2] DEBUG reactor.netty.resources.PooledConnectionProvider - [id: 0xbbc840e5, L:/127.0.0.1:49882 - R:localhost/127.0.0.1:8081] onStateChange(GET{uri=/getUserLocation?userId=3f904a0b-aa14-44a4-920c-c4d26a93b66b, connection=PooledConnection{channel=[id: 0xbbc840e5, L:/127.0.0.1:49882 - R:localhost/127.0.0.1:8081]}}, [response_received])
20:29:40.020 [reactor-http-nio-2] DEBUG org.springframework.web.reactive.function.client.ExchangeFunctions - [58d12b49] Response 200 OK
20:29:40.021 [reactor-http-nio-10] DEBUG reactor.netty.http.client.HttpClientOperations - [id: 0x46c6efe2, L:/127.0.0.1:49875 - R:localhost/127.0.0.1:8081] Received response (auto-read:false) : [Content-Type=application/json, Transfer-Encoding=chunked, Date=Tue, 29 Jun 2021 14:59:39 GMT]
20:29:40.021 [reactor-http-nio-2] DEBUG reactor.netty.channel.FluxReceive - [id: 0xbbc840e5, L:/127.0.0.1:49882 - R:localhost/127.0.0.1:8081] Subscribing inbound receiver [pending: 0, cancelled:false, inboundDone: false]
20:29:40.021 [reactor-http-nio-10] DEBUG reactor.netty.resources.PooledConnectionProvider - [id: 0x46c6efe2, L:/127.0.0.1:49875 - R:localhost/127.0.0.1:8081] onStateChange(GET{uri=/getAttractions, connection=PooledConnection{channel=[id: 0x46c6efe2, L:/127.0.0.1:49875 - R:localhost/127.0.0.1:8081]}}, [response_received])
20:29:40.021 [reactor-http-nio-14] DEBUG reactor.netty.http.client.HttpClientOperations - [id: 0xa39718a1, L:/127.0.0.1:49900 - R:localhost/127.0.0.1:8081] Received response (auto-read:false) : [Content-Type=application/json, Transfer-Encoding=chunked, Date=Tue, 29 Jun 2021 14:59:39 GMT]
20:29:40.021 [reactor-http-nio-14] DEBUG reactor.netty.resources.PooledConnectionProvider - [id: 0xa39718a1, L:/127.0.0.1:49900 - R:localhost/127.0.0.1:8081] onStateChange(GET{uri=/getUserLocation?userId=228f532f-20f0-4bb4-9149-c745c5b78052, connection=PooledConnection{channel=[id: 0xa39718a1, L:/127.0.0.1:49900 - R:localhost/127.0.0.1:8081]}}, [response_received])
20:29:40.021 [reactor-http-nio-10] DEBUG org.springframework.web.reactive.function.client.ExchangeFunctions - [170e42f3] Response 200 OK
20:29:40.021 [reactor-http-nio-14] DEBUG org.springframework.web.reactive.function.client.ExchangeFunctions - [4e3d5641] Response 200 OK
20:29:40.021 [reactor-http-nio-2] DEBUG reactor.netty.http.client.HttpClientOperations - [id: 0xbbc840e5, L:/127.0.0.1:49882 - R:localhost/127.0.0.1:8081] Received last HTTP packet
20:29:40.021 [reactor-http-nio-14] DEBUG reactor.netty.channel.FluxReceive - [id: 0xa39718a1, L:/127.0.0.1:49900 - R:localhost/127.0.0.1:8081] Subscribing inbound receiver [pending: 0, cancelled:false, inboundDone: false]
20:29:40.021 [reactor-http-nio-10] DEBUG reactor.netty.channel.FluxReceive - [id: 0x46c6efe2, L:/127.0.0.1:49875 - R:localhost/127.0.0.1:8081] Subscribing inbound receiver [pending: 0, cancelled:false, inboundDone: false]
20:29:40.021 [reactor-http-nio-2] DEBUG org.springframework.core.codec.StringDecoder - [58d12b49] Decoded "{"userId":"3f904a0b-aa14-44a4-920c-c4d26a93b66b","location":{"longitude":60.634986,"latitude":-35.6 (truncated)...
20:29:40.021 [reactor-http-nio-2] DEBUG reactor.netty.resources.PooledConnectionProvider - [id: 0xbbc840e5, L:/127.0.0.1:49882 - R:localhost/127.0.0.1:8081] onStateChange(GET{uri=/getUserLocation?userId=3f904a0b-aa14-44a4-920c-c4d26a93b66b, connection=PooledConnection{channel=[id: 0xbbc840e5, L:/127.0.0.1:49882 - R:localhost/127.0.0.1:8081]}}, [disconnecting])
20:29:40.021 [reactor-http-nio-2] DEBUG reactor.netty.resources.PooledConnectionProvider - [id: 0xbbc840e5, L:/127.0.0.1:49882 - R:localhost/127.0.0.1:8081] Releasing channel
20:29:40.021 [reactor-http-nio-2] DEBUG reactor.netty.resources.PooledConnectionProvider - [id: 0xbbc840e5, L:/127.0.0.1:49882 - R:localhost/127.0.0.1:8081] Channel cleaned, now 64 active connections and 2 inactive connections
20:29:40.022 [reactor-http-nio-10] DEBUG reactor.netty.http.client.HttpClientOperations - [id: 0x46c6efe2, L:/127.0.0.1:49875 - R:localhost/127.0.0.1:8081] Received last HTTP packet
20:29:40.022 [reactor-http-nio-14] DEBUG reactor.netty.http.client.HttpClientOperations - [id: 0xa39718a1, L:/127.0.0.1:49900 - R:localhost/127.0.0.1:8081] Received last HTTP packet
20:29:40.022 [reactor-http-nio-14] DEBUG org.springframework.core.codec.StringDecoder - [4e3d5641] Decoded "{"userId":"228f532f-20f0-4bb4-9149-c745c5b78052","location":{"longitude":-80.93439,"latitude":27.10 (truncated)...
20:29:40.022 [reactor-http-nio-14] DEBUG reactor.netty.resources.PooledConnectionProvider - [id: 0xa39718a1, L:/127.0.0.1:49900 - R:localhost/127.0.0.1:8081] onStateChange(GET{uri=/getUserLocation?userId=228f532f-20f0-4bb4-9149-c745c5b78052, connection=PooledConnection{channel=[id: 0xa39718a1, L:/127.0.0.1:49900 - R:localhost/127.0.0.1:8081]}}, [disconnecting])
20:29:40.022 [reactor-http-nio-14] DEBUG reactor.netty.resources.PooledConnectionProvider - [id: 0xa39718a1, L:/127.0.0.1:49900 - R:localhost/127.0.0.1:8081] Releasing channel
20:29:40.022 [reactor-http-nio-14] DEBUG reactor.netty.resources.PooledConnectionProvider - [id: 0xa39718a1, L:/127.0.0.1:49900 - R:localhost/127.0.0.1:8081] Channel cleaned, now 63 active connections and 3 inactive connections
20:29:40.022 [reactor-http-nio-10] DEBUG org.springframework.core.codec.StringDecoder - [170e42f3] Decoded "[{"longitude":-117.922008,"latitude":33.817595,"attractionName":"Disneyland","city":"Anaheim","stat (truncated)...
20:29:40.022 [reactor-http-nio-10] DEBUG reactor.netty.resources.PooledConnectionProvider - [id: 0x46c6efe2, L:/127.0.0.1:49875 - R:localhost/127.0.0.1:8081] onStateChange(GET{uri=/getAttractions, connection=PooledConnection{channel=[id: 0x46c6efe2, L:/127.0.0.1:49875 - R:localhost/127.0.0.1:8081]}}, [disconnecting])
20:29:40.022 [reactor-http-nio-10] DEBUG reactor.netty.resources.PooledConnectionProvider - [id: 0x46c6efe2, L:/127.0.0.1:49875 - R:localhost/127.0.0.1:8081] Releasing channel
20:29:40.022 [reactor-http-nio-10] DEBUG reactor.netty.resources.PooledConnectionProvider - [id: 0x46c6efe2, L:/127.0.0.1:49875 - R:localhost/127.0.0.1:8081] Channel cleaned, now 62 active connections and 4 inactive connections
20:29:40.023 [pool-13-thread-21] DEBUG org.springframework.web.reactive.function.client.ExchangeFunctions - [5616de23] HTTP GET http://localhost:8081/getAttractions
20:29:40.023 [pool-13-thread-51] DEBUG org.springframework.web.reactive.function.client.ExchangeFunctions - [40faa1f6] HTTP GET http://localhost:8081/getAttractions
20:29:40.024 [reactor-http-nio-2] DEBUG reactor.netty.resources.PooledConnectionProvider - [id: 0x3adc52e3, L:/127.0.0.1:49881 - R:localhost/127.0.0.1:8081] Channel acquired, now 63 active connections and 3 inactive connections
20:29:40.024 [pool-13-thread-5] DEBUG org.springframework.web.reactive.function.client.ExchangeFunctions - [1331c4ca] HTTP GET http://localhost:8081/getUserLocation?userId=1d19c6b8-444e-45df-bd65-e87a3a354850
20:29:40.024 [reactor-http-nio-2] DEBUG reactor.netty.http.client.HttpClientConnect - [id: 0x3adc52e3, L:/127.0.0.1:49881 - R:localhost/127.0.0.1:8081] Handler is being applied: {uri=http://localhost:8081/getAttractions, method=GET}
20:29:40.024 [reactor-http-nio-14] DEBUG reactor.netty.resources.PooledConnectionProvider - [id: 0xa39718a1, L:/127.0.0.1:49900 - R:localhost/127.0.0.1:8081] Channel acquired, now 64 active connections and 2 inactive connections
20:29:40.024 [reactor-http-nio-14] DEBUG reactor.netty.http.client.HttpClientConnect - [id: 0xa39718a1, L:/127.0.0.1:49900 - R:localhost/127.0.0.1:8081] Handler is being applied: {uri=http://localhost:8081/getUserLocation?userId=1d19c6b8-444e-45df-bd65-e87a3a354850, method=GET}
20:29:40.024 [reactor-http-nio-2] DEBUG reactor.netty.resources.PooledConnectionProvider - [id: 0x3adc52e3, L:/127.0.0.1:49881 - R:localhost/127.0.0.1:8081] onStateChange(GET{uri=/getAttractions, connection=PooledConnection{channel=[id: 0x3adc52e3, L:/127.0.0.1:49881 - R:localhost/127.0.0.1:8081]}}, [request_sent])
20:29:40.025 [reactor-http-nio-2] DEBUG reactor.netty.resources.PooledConnectionProvider - [id: 0xbbc840e5, L:/127.0.0.1:49882 - R:localhost/127.0.0.1:8081] Channel acquired, now 65 active connections and 1 inactive connections
20:29:40.025 [reactor-http-nio-2] DEBUG reactor.netty.http.client.HttpClientConnect - [id: 0xbbc840e5, L:/127.0.0.1:49882 - R:localhost/127.0.0.1:8081] Handler is being applied: {uri=http://localhost:8081/getAttractions, method=GET}
20:29:40.025 [reactor-http-nio-14] DEBUG reactor.netty.resources.PooledConnectionProvider - [id: 0xa39718a1, L:/127.0.0.1:49900 - R:localhost/127.0.0.1:8081] onStateChange(GET{uri=/getUserLocation?userId=1d19c6b8-444e-45df-bd65-e87a3a354850, connection=PooledConnection{channel=[id: 0xa39718a1, L:/127.0.0.1:49900 - R:localhost/127.0.0.1:8081]}}, [request_sent])
20:29:40.025 [reactor-http-nio-2] DEBUG reactor.netty.resources.PooledConnectionProvider - [id: 0xbbc840e5, L:/127.0.0.1:49882 - R:localhost/127.0.0.1:8081] onStateChange(GET{uri=/getAttractions, connection=PooledConnection{channel=[id: 0xbbc840e5, L:/127.0.0.1:49882 - R:localhost/127.0.0.1:8081]}}, [request_sent])
20:29:40.038 [reactor-http-nio-10] DEBUG reactor.netty.http.client.HttpClientOperations - [id: 0xc25feb92, L:/127.0.0.1:49880 - R:localhost/127.0.0.1:8081] Received response (auto-read:false) : [Content-Type=application/json, Transfer-Encoding=chunked, Date=Tue, 29 Jun 2021 14:59:39 GMT]
20:29:40.039 [reactor-http-nio-10] DEBUG reactor.netty.resources.PooledConnectionProvider - [id: 0xc25feb92, L:/127.0.0.1:49880 - R:localhost/127.0.0.1:8081] onStateChange(GET{uri=/getAttractions, connection=PooledConnection{channel=[id: 0xc25feb92, L:/127.0.0.1:49880 - R:localhost/127.0.0.1:8081]}}, [response_received])
20:29:40.039 [reactor-http-nio-10] DEBUG org.springframework.web.reactive.function.client.ExchangeFunctions - [6403a9a7] Response 200 OK
20:29:40.039 [reactor-http-nio-16] DEBUG reactor.netty.http.client.HttpClientOperations - [id: 0x1eb86fc9, L:/127.0.0.1:49891 - R:localhost/127.0.0.1:8081] Received response (auto-read:false) : [Content-Type=application/json, Transfer-Encoding=chunked, Date=Tue, 29 Jun 2021 14:59:39 GMT]
20:29:40.039 [reactor-http-nio-16] DEBUG reactor.netty.resources.PooledConnectionProvider - [id: 0x1eb86fc9, L:/127.0.0.1:49891 - R:localhost/127.0.0.1:8081] onStateChange(GET{uri=/getUserLocation?userId=4beee9f6-dbe4-4434-888b-d405213ba655, connection=PooledConnection{channel=[id: 0x1eb86fc9, L:/127.0.0.1:49891 - R:localhost/127.0.0.1:8081]}}, [response_received])
20:29:40.039 [reactor-http-nio-16] DEBUG org.springframework.web.reactive.function.client.ExchangeFunctions - [7865e675] Response 200 OK
20:29:40.039 [reactor-http-nio-15] DEBUG reactor.netty.http.client.HttpClientOperations - [id: 0xefe012b0, L:/127.0.0.1:49889 - R:localhost/127.0.0.1:8081] Received response (auto-read:false) : [Content-Type=application/json, Transfer-Encoding=chunked, Date=Tue, 29 Jun 2021 14:59:39 GMT]
20:29:40.039 [reactor-http-nio-15] DEBUG reactor.netty.resources.PooledConnectionProvider - [id: 0xefe012b0, L:/127.0.0.1:49889 - R:localhost/127.0.0.1:8081] onStateChange(GET{uri=/getUserLocation?userId=69820c40-287a-411b-9fa6-f12a8b741fb6, connection=PooledConnection{channel=[id: 0xefe012b0, L:/127.0.0.1:49889 - R:localhost/127.0.0.1:8081]}}, [response_received])
20:29:40.039 [reactor-http-nio-15] DEBUG org.springframework.web.reactive.function.client.ExchangeFunctions - [47db1fff] Response 200 OK
20:29:40.039 [reactor-http-nio-10] DEBUG reactor.netty.channel.FluxReceive - [id: 0xc25feb92, L:/127.0.0.1:49880 - R:localhost/127.0.0.1:8081] Subscribing inbound receiver [pending: 0, cancelled:false, inboundDone: false]
20:29:40.039 [reactor-http-nio-16] DEBUG reactor.netty.channel.FluxReceive - [id: 0x1eb86fc9, L:/127.0.0.1:49891 - R:localhost/127.0.0.1:8081] Subscribing inbound receiver [pending: 0, cancelled:false, inboundDone: false]
20:29:40.039 [reactor-http-nio-13] DEBUG reactor.netty.http.client.HttpClientOperations - [id: 0x3ab95760, L:/127.0.0.1:49913 - R:localhost/127.0.0.1:8081] Received response (auto-read:false) : [Content-Type=application/json, Transfer-Encoding=chunked, Date=Tue, 29 Jun 2021 14:59:39 GMT]
20:29:40.040 [reactor-http-nio-13] DEBUG reactor.netty.resources.PooledConnectionProvider - [id: 0x3ab95760, L:/127.0.0.1:49913 - R:localhost/127.0.0.1:8081] onStateChange(GET{uri=/getUserLocation?userId=1a4b1a38-e308-4456-9703-8109a1a93d59, connection=PooledConnection{channel=[id: 0x3ab95760, L:/127.0.0.1:49913 - R:localhost/127.0.0.1:8081]}}, [response_received])
20:29:40.039 [reactor-http-nio-14] DEBUG reactor.netty.http.client.HttpClientOperations - [id: 0x0b723f2b, L:/127.0.0.1:49877 - R:localhost/127.0.0.1:8081] Received response (auto-read:false) : [Content-Type=application/json, Transfer-Encoding=chunked, Date=Tue, 29 Jun 2021 14:59:39 GMT]
20:29:40.040 [reactor-http-nio-13] DEBUG org.springframework.web.reactive.function.client.ExchangeFunctions - [770a51eb] Response 200 OK
20:29:40.040 [reactor-http-nio-10] DEBUG reactor.netty.http.client.HttpClientOperations - [id: 0xc25feb92, L:/127.0.0.1:49880 - R:localhost/127.0.0.1:8081] Received last HTTP packet
20:29:40.039 [reactor-http-nio-11] DEBUG reactor.netty.http.client.HttpClientOperations - [id: 0x543091a3, L:/127.0.0.1:49885 - R:localhost/127.0.0.1:8081] Received response (auto-read:false) : [Content-Type=application/json, Transfer-Encoding=chunked, Date=Tue, 29 Jun 2021 14:59:39 GMT]
20:29:40.040 [reactor-http-nio-11] DEBUG reactor.netty.resources.PooledConnectionProvider - [id: 0x543091a3, L:/127.0.0.1:49885 - R:localhost/127.0.0.1:8081] onStateChange(GET{uri=/getAttractions, connection=PooledConnection{channel=[id: 0x543091a3, L:/127.0.0.1:49885 - R:localhost/127.0.0.1:8081]}}, [response_received])
20:29:40.040 [reactor-http-nio-11] DEBUG org.springframework.web.reactive.function.client.ExchangeFunctions - [765f9677] Response 200 OK
20:29:40.039 [reactor-http-nio-12] DEBUG reactor.netty.http.client.HttpClientOperations - [id: 0x5a829f34, L:/127.0.0.1:49910 - R:localhost/127.0.0.1:8081] Received response (auto-read:false) : [Content-Type=application/json, Transfer-Encoding=chunked, Date=Tue, 29 Jun 2021 14:59:39 GMT]
20:29:40.040 [reactor-http-nio-12] DEBUG reactor.netty.resources.PooledConnectionProvider - [id: 0x5a829f34, L:/127.0.0.1:49910 - R:localhost/127.0.0.1:8081] onStateChange(GET{uri=/getUserLocation?userId=89e38074-3fb9-4f20-8233-4e18bfe9078b, connection=PooledConnection{channel=[id: 0x5a829f34, L:/127.0.0.1:49910 - R:localhost/127.0.0.1:8081]}}, [response_received])
20:29:40.040 [reactor-http-nio-12] DEBUG org.springframework.web.reactive.function.client.ExchangeFunctions - [d2e164e] Response 200 OK
20:29:40.040 [reactor-http-nio-16] DEBUG reactor.netty.http.client.HttpClientOperations - [id: 0x1eb86fc9, L:/127.0.0.1:49891 - R:localhost/127.0.0.1:8081] Received last HTTP packet
20:29:40.040 [reactor-http-nio-10] DEBUG org.springframework.core.codec.StringDecoder - [6403a9a7] Decoded "[{"longitude":-117.922008,"latitude":33.817595,"attractionName":"Disneyland","city":"Anaheim","stat (truncated)...
20:29:40.040 [reactor-http-nio-11] DEBUG reactor.netty.channel.FluxReceive - [id: 0x543091a3, L:/127.0.0.1:49885 - R:localhost/127.0.0.1:8081] Subscribing inbound receiver [pending: 0, cancelled:false, inboundDone: false]
20:29:40.040 [reactor-http-nio-15] DEBUG reactor.netty.channel.FluxReceive - [id: 0xefe012b0, L:/127.0.0.1:49889 - R:localhost/127.0.0.1:8081] Subscribing inbound receiver [pending: 0, cancelled:false, inboundDone: false]
20:29:40.040 [reactor-http-nio-12] DEBUG reactor.netty.channel.FluxReceive - [id: 0x5a829f34, L:/127.0.0.1:49910 - R:localhost/127.0.0.1:8081] Subscribing inbound receiver [pending: 0, cancelled:false, inboundDone: false]
20:29:40.041 [reactor-http-nio-15] DEBUG reactor.netty.http.client.HttpClientOperations - [id: 0xefe012b0, L:/127.0.0.1:49889 - R:localhost/127.0.0.1:8081] Received last HTTP packet
20:29:40.041 [reactor-http-nio-12] DEBUG reactor.netty.http.client.HttpClientOperations - [id: 0x5a829f34, L:/127.0.0.1:49910 - R:localhost/127.0.0.1:8081] Received last HTTP packet
20:29:40.040 [reactor-http-nio-14] DEBUG reactor.netty.resources.PooledConnectionProvider - [id: 0x0b723f2b, L:/127.0.0.1:49877 - R:localhost/127.0.0.1:8081] onStateChange(GET{uri=/getAttractions, connection=PooledConnection{channel=[id: 0x0b723f2b, L:/127.0.0.1:49877 - R:localhost/127.0.0.1:8081]}}, [response_received])
20:29:40.041 [reactor-http-nio-15] DEBUG org.springframework.core.codec.StringDecoder - [47db1fff] Decoded "{"userId":"69820c40-287a-411b-9fa6-f12a8b741fb6","location":{"longitude":85.576912,"latitude":-60.9 (truncated)...
20:29:40.041 [reactor-http-nio-11] DEBUG reactor.netty.http.client.HttpClientOperations - [id: 0x543091a3, L:/127.0.0.1:49885 - R:localhost/127.0.0.1:8081] Received last HTTP packet
20:29:40.041 [reactor-http-nio-12] DEBUG org.springframework.core.codec.StringDecoder - [d2e164e] Decoded "{"userId":"89e38074-3fb9-4f20-8233-4e18bfe9078b","location":{"longitude":139.102769,"latitude":49.0 (truncated)...
20:29:40.041 [reactor-http-nio-15] DEBUG reactor.netty.resources.PooledConnectionProvider - [id: 0xefe012b0, L:/127.0.0.1:49889 - R:localhost/127.0.0.1:8081] onStateChange(GET{uri=/getUserLocation?userId=69820c40-287a-411b-9fa6-f12a8b741fb6, connection=PooledConnection{channel=[id: 0xefe012b0, L:/127.0.0.1:49889 - R:localhost/127.0.0.1:8081]}}, [disconnecting])
20:29:40.041 [reactor-http-nio-15] DEBUG reactor.netty.resources.PooledConnectionProvider - [id: 0xefe012b0, L:/127.0.0.1:49889 - R:localhost/127.0.0.1:8081] Releasing channel
20:29:40.041 [reactor-http-nio-15] DEBUG reactor.netty.resources.PooledConnectionProvider - [id: 0xefe012b0, L:/127.0.0.1:49889 - R:localhost/127.0.0.1:8081] Channel cleaned, now 64 active connections and 2 inactive connections
20:29:40.041 [reactor-http-nio-11] DEBUG org.springframework.core.codec.StringDecoder - [765f9677] Decoded "[{"longitude":-117.922008,"latitude":33.817595,"attractionName":"Disneyland","city":"Anaheim","stat (truncated)...
20:29:40.041 [reactor-http-nio-11] DEBUG reactor.netty.resources.PooledConnectionProvider - [id: 0x543091a3, L:/127.0.0.1:49885 - R:localhost/127.0.0.1:8081] onStateChange(GET{uri=/getAttractions, connection=PooledConnection{channel=[id: 0x543091a3, L:/127.0.0.1:49885 - R:localhost/127.0.0.1:8081]}}, [disconnecting])
20:29:40.041 [reactor-http-nio-11] DEBUG reactor.netty.resources.PooledConnectionProvider - [id: 0x543091a3, L:/127.0.0.1:49885 - R:localhost/127.0.0.1:8081] Releasing channel
20:29:40.041 [reactor-http-nio-11] DEBUG reactor.netty.resources.PooledConnectionProvider - [id: 0x543091a3, L:/127.0.0.1:49885 - R:localhost/127.0.0.1:8081] Channel cleaned, now 63 active connections and 3 inactive connections
20:29:40.041 [reactor-http-nio-15] DEBUG reactor.netty.http.client.HttpClientOperations - [id: 0x3b57da73, L:/127.0.0.1:49868 - R:localhost/127.0.0.1:8081] Received response (auto-read:false) : [Content-Type=application/json, Transfer-Encoding=chunked, Date=Tue, 29 Jun 2021 14:59:39 GMT]
20:29:40.041 [reactor-http-nio-15] DEBUG reactor.netty.resources.PooledConnectionProvider - [id: 0x3b57da73, L:/127.0.0.1:49868 - R:localhost/127.0.0.1:8081] onStateChange(GET{uri=/getAttractions, connection=PooledConnection{channel=[id: 0x3b57da73, L:/127.0.0.1:49868 - R:localhost/127.0.0.1:8081]}}, [response_received])
20:29:40.040 [reactor-http-nio-13] DEBUG reactor.netty.channel.FluxReceive - [id: 0x3ab95760, L:/127.0.0.1:49913 - R:localhost/127.0.0.1:8081] Subscribing inbound receiver [pending: 0, cancelled:false, inboundDone: false]
20:29:40.042 [reactor-http-nio-15] DEBUG org.springframework.web.reactive.function.client.ExchangeFunctions - [58c579f3] Response 200 OK
20:29:40.042 [reactor-http-nio-13] DEBUG reactor.netty.http.client.HttpClientOperations - [id: 0x3ab95760, L:/127.0.0.1:49913 - R:localhost/127.0.0.1:8081] Received last HTTP packet
20:29:40.040 [reactor-http-nio-10] DEBUG reactor.netty.resources.PooledConnectionProvider - [id: 0xc25feb92, L:/127.0.0.1:49880 - R:localhost/127.0.0.1:8081] onStateChange(GET{uri=/getAttractions, connection=PooledConnection{channel=[id: 0xc25feb92, L:/127.0.0.1:49880 - R:localhost/127.0.0.1:8081]}}, [disconnecting])
20:29:40.043 [reactor-http-nio-15] DEBUG reactor.netty.channel.FluxReceive - [id: 0x3b57da73, L:/127.0.0.1:49868 - R:localhost/127.0.0.1:8081] Subscribing inbound receiver [pending: 0, cancelled:false, inboundDone: false]
20:29:40.043 [reactor-http-nio-10] DEBUG reactor.netty.resources.PooledConnectionProvider - [id: 0xc25feb92, L:/127.0.0.1:49880 - R:localhost/127.0.0.1:8081] Releasing channel
20:29:40.043 [reactor-http-nio-10] DEBUG reactor.netty.resources.PooledConnectionProvider - [id: 0xc25feb92, L:/127.0.0.1:49880 - R:localhost/127.0.0.1:8081] Channel cleaned, now 62 active connections and 4 inactive connections
20:29:40.043 [reactor-http-nio-15] DEBUG reactor.netty.http.client.HttpClientOperations - [id: 0x3b57da73, L:/127.0.0.1:49868 - R:localhost/127.0.0.1:8081] Received last HTTP packet
20:29:40.040 [reactor-http-nio-16] DEBUG org.springframework.core.codec.StringDecoder - [7865e675] Decoded "{"userId":"4beee9f6-dbe4-4434-888b-d405213ba655","location":{"longitude":141.136656,"latitude":-5.5 (truncated)...
20:29:40.044 [pool-13-thread-16] DEBUG org.springframework.web.reactive.function.client.ExchangeFunctions - [603c21ff] HTTP GET http://localhost:8081/getUserLocation?userId=411b28ef-830a-44dc-bdb8-09bc36e33b33
20:29:40.044 [reactor-http-nio-16] DEBUG reactor.netty.resources.PooledConnectionProvider - [id: 0x1eb86fc9, L:/127.0.0.1:49891 - R:localhost/127.0.0.1:8081] onStateChange(GET{uri=/getUserLocation?userId=4beee9f6-dbe4-4434-888b-d405213ba655, connection=PooledConnection{channel=[id: 0x1eb86fc9, L:/127.0.0.1:49891 - R:localhost/127.0.0.1:8081]}}, [disconnecting])
20:29:40.044 [reactor-http-nio-16] DEBUG reactor.netty.resources.PooledConnectionProvider - [id: 0x1eb86fc9, L:/127.0.0.1:49891 - R:localhost/127.0.0.1:8081] Releasing channel
20:29:40.044 [pool-13-thread-46] DEBUG org.springframework.web.reactive.function.client.ExchangeFunctions - [3e9f99b] HTTP GET http://localhost:8081/getAttractions
20:29:40.044 [reactor-http-nio-16] DEBUG reactor.netty.resources.PooledConnectionProvider - [id: 0x1eb86fc9, L:/127.0.0.1:49891 - R:localhost/127.0.0.1:8081] Channel cleaned, now 61 active connections and 5 inactive connections
20:29:40.041 [reactor-http-nio-12] DEBUG reactor.netty.resources.PooledConnectionProvider - [id: 0x5a829f34, L:/127.0.0.1:49910 - R:localhost/127.0.0.1:8081] onStateChange(GET{uri=/getUserLocation?userId=89e38074-3fb9-4f20-8233-4e18bfe9078b, connection=PooledConnection{channel=[id: 0x5a829f34, L:/127.0.0.1:49910 - R:localhost/127.0.0.1:8081]}}, [disconnecting])
20:29:40.044 [reactor-http-nio-12] DEBUG reactor.netty.resources.PooledConnectionProvider - [id: 0x5a829f34, L:/127.0.0.1:49910 - R:localhost/127.0.0.1:8081] Releasing channel
20:29:40.044 [reactor-http-nio-12] DEBUG reactor.netty.resources.PooledConnectionProvider - [id: 0x5a829f34, L:/127.0.0.1:49910 - R:localhost/127.0.0.1:8081] Channel cleaned, now 60 active connections and 6 inactive connections
20:29:40.041 [reactor-http-nio-14] DEBUG org.springframework.web.reactive.function.client.ExchangeFunctions - [7bd19512] Response 200 OK
20:29:40.043 [reactor-http-nio-13] DEBUG org.springframework.core.codec.StringDecoder - [770a51eb] Decoded "{"userId":"1a4b1a38-e308-4456-9703-8109a1a93d59","location":{"longitude":-122.203328,"latitude":37. (truncated)...
20:29:40.044 [reactor-http-nio-13] DEBUG reactor.netty.resources.PooledConnectionProvider - [id: 0x3ab95760, L:/127.0.0.1:49913 - R:localhost/127.0.0.1:8081] onStateChange(GET{uri=/getUserLocation?userId=1a4b1a38-e308-4456-9703-8109a1a93d59, connection=PooledConnection{channel=[id: 0x3ab95760, L:/127.0.0.1:49913 - R:localhost/127.0.0.1:8081]}}, [disconnecting])
20:29:40.044 [reactor-http-nio-15] DEBUG org.springframework.core.codec.StringDecoder - [58c579f3] Decoded "[{"longitude":-117.922008,"latitude":33.817595,"attractionName":"Disneyland","city":"Anaheim","stat (truncated)...
20:29:40.044 [reactor-http-nio-16] DEBUG reactor.netty.http.client.HttpClientOperations - [id: 0xbf9579bc, L:/127.0.0.1:49879 - R:localhost/127.0.0.1:8081] Received response (auto-read:false) : [Content-Type=application/json, Transfer-Encoding=chunked, Date=Tue, 29 Jun 2021 14:59:39 GMT]
20:29:40.044 [reactor-http-nio-16] DEBUG reactor.netty.resources.PooledConnectionProvider - [id: 0xbf9579bc, L:/127.0.0.1:49879 - R:localhost/127.0.0.1:8081] onStateChange(GET{uri=/getUserLocation?userId=57bc2f60-885c-4948-825b-4002b7071fb3, connection=PooledConnection{channel=[id: 0xbf9579bc, L:/127.0.0.1:49879 - R:localhost/127.0.0.1:8081]}}, [response_received])
20:29:40.044 [pool-13-thread-32] DEBUG org.springframework.web.reactive.function.client.ExchangeFunctions - [491cf974] HTTP GET http://localhost:8081/getAttractions
20:29:40.044 [reactor-http-nio-16] DEBUG org.springframework.web.reactive.function.client.ExchangeFunctions - [735db9b9] Response 200 OK
20:29:40.044 [reactor-http-nio-14] DEBUG reactor.netty.channel.FluxReceive - [id: 0x0b723f2b, L:/127.0.0.1:49877 - R:localhost/127.0.0.1:8081] Subscribing inbound receiver [pending: 0, cancelled:false, inboundDone: false]
20:29:40.044 [pool-12-thread-1] DEBUG org.springframework.web.reactive.function.client.ExchangeFunctions - [72600c64] HTTP GET http://localhost:8081/getUserLocation?userId=7c877f07-86fd-47bb-83d0-6f0bfd013479
20:29:40.044 [reactor-http-nio-13] DEBUG reactor.netty.resources.PooledConnectionProvider - [id: 0x3ab95760, L:/127.0.0.1:49913 - R:localhost/127.0.0.1:8081] Releasing channel
20:29:40.045 [reactor-http-nio-13] DEBUG reactor.netty.resources.PooledConnectionProvider - [id: 0x3ab95760, L:/127.0.0.1:49913 - R:localhost/127.0.0.1:8081] Channel cleaned, now 59 active connections and 7 inactive connections
20:29:40.045 [reactor-http-nio-14] DEBUG reactor.netty.http.client.HttpClientOperations - [id: 0x0b723f2b, L:/127.0.0.1:49877 - R:localhost/127.0.0.1:8081] Received last HTTP packet
20:29:40.044 [reactor-http-nio-15] DEBUG reactor.netty.resources.PooledConnectionProvider - [id: 0x3b57da73, L:/127.0.0.1:49868 - R:localhost/127.0.0.1:8081] onStateChange(GET{uri=/getAttractions, connection=PooledConnection{channel=[id: 0x3b57da73, L:/127.0.0.1:49868 - R:localhost/127.0.0.1:8081]}}, [disconnecting])
20:29:40.045 [reactor-http-nio-15] DEBUG reactor.netty.resources.PooledConnectionProvider - [id: 0x3b57da73, L:/127.0.0.1:49868 - R:localhost/127.0.0.1:8081] Releasing channel
20:29:40.045 [reactor-http-nio-15] DEBUG reactor.netty.resources.PooledConnectionProvider - [id: 0x3b57da73, L:/127.0.0.1:49868 - R:localhost/127.0.0.1:8081] Channel cleaned, now 59 active connections and 7 inactive connections
20:29:40.045 [reactor-http-nio-16] DEBUG reactor.netty.channel.FluxReceive - [id: 0xbf9579bc, L:/127.0.0.1:49879 - R:localhost/127.0.0.1:8081] Subscribing inbound receiver [pending: 0, cancelled:false, inboundDone: false]
20:29:40.045 [reactor-http-nio-15] DEBUG reactor.netty.resources.PooledConnectionProvider - [id: 0xefe012b0, L:/127.0.0.1:49889 - R:localhost/127.0.0.1:8081] Channel acquired, now 60 active connections and 6 inactive connections
20:29:40.045 [reactor-http-nio-13] DEBUG reactor.netty.http.client.HttpClientOperations - [id: 0x99ebd170, L:/127.0.0.1:49872 - R:localhost/127.0.0.1:8081] Received response (auto-read:false) : [Content-Type=application/json, Transfer-Encoding=chunked, Date=Tue, 29 Jun 2021 14:59:39 GMT]
20:29:40.045 [reactor-http-nio-15] DEBUG reactor.netty.http.client.HttpClientConnect - [id: 0xefe012b0, L:/127.0.0.1:49889 - R:localhost/127.0.0.1:8081] Handler is being applied: {uri=http://localhost:8081/getAttractions, method=GET}
20:29:40.045 [reactor-http-nio-14] DEBUG org.springframework.core.codec.StringDecoder - [7bd19512] Decoded "[{"longitude":-117.922008,"latitude":33.817595,"attractionName":"Disneyland","city":"Anaheim","stat (truncated)...
20:29:40.045 [reactor-http-nio-10] DEBUG reactor.netty.resources.PooledConnectionProvider - [id: 0xc25feb92, L:/127.0.0.1:49880 - R:localhost/127.0.0.1:8081] Channel acquired, now 59 active connections and 7 inactive connections
20:29:40.046 [reactor-http-nio-14] DEBUG reactor.netty.resources.PooledConnectionProvider - [id: 0x0b723f2b, L:/127.0.0.1:49877 - R:localhost/127.0.0.1:8081] onStateChange(GET{uri=/getAttractions, connection=PooledConnection{channel=[id: 0x0b723f2b, L:/127.0.0.1:49877 - R:localhost/127.0.0.1:8081]}}, [disconnecting])
20:29:40.046 [reactor-http-nio-14] DEBUG reactor.netty.resources.PooledConnectionProvider - [id: 0x0b723f2b, L:/127.0.0.1:49877 - R:localhost/127.0.0.1:8081] Releasing channel
20:29:40.046 [reactor-http-nio-10] DEBUG reactor.netty.http.client.HttpClientConnect - [id: 0xc25feb92, L:/127.0.0.1:49880 - R:localhost/127.0.0.1:8081] Handler is being applied: {uri=http://localhost:8081/getUserLocation?userId=7c877f07-86fd-47bb-83d0-6f0bfd013479, method=GET}
20:29:40.046 [reactor-http-nio-14] DEBUG reactor.netty.resources.PooledConnectionProvider - [id: 0x0b723f2b, L:/127.0.0.1:49877 - R:localhost/127.0.0.1:8081] Channel cleaned, now 59 active connections and 7 inactive connections
20:29:40.046 [pool-13-thread-22] DEBUG org.springframework.web.reactive.function.client.ExchangeFunctions - [76a20709] HTTP GET http://localhost:8081/getAttractions
20:29:40.046 [reactor-http-nio-14] DEBUG reactor.netty.http.client.HttpClientOperations - [id: 0x862a0562, L:/127.0.0.1:49894 - R:localhost/127.0.0.1:8081] Received response (auto-read:false) : [Content-Type=application/json, Transfer-Encoding=chunked, Date=Tue, 29 Jun 2021 14:59:39 GMT]
20:29:40.046 [reactor-http-nio-14] DEBUG reactor.netty.resources.PooledConnectionProvider - [id: 0x862a0562, L:/127.0.0.1:49894 - R:localhost/127.0.0.1:8081] onStateChange(GET{uri=/getUserLocation?userId=dcea57dd-72ce-4e46-b33d-43d4f421bc14, connection=PooledConnection{channel=[id: 0x862a0562, L:/127.0.0.1:49894 - R:localhost/127.0.0.1:8081]}}, [response_received])
20:29:40.046 [pool-13-thread-29] DEBUG org.springframework.web.reactive.function.client.ExchangeFunctions - [79cda17a] HTTP GET http://localhost:8081/getAttractions
20:29:40.046 [pool-13-thread-3] DEBUG org.springframework.web.reactive.function.client.ExchangeFunctions - [5cfae633] HTTP GET http://localhost:8081/getUserLocation?userId=6ec11af8-75a3-4092-9e75-31e4d60b51be
20:29:40.046 [reactor-http-nio-10] DEBUG reactor.netty.resources.PooledConnectionProvider - [id: 0xc25feb92, L:/127.0.0.1:49880 - R:localhost/127.0.0.1:8081] onStateChange(GET{uri=/getUserLocation?userId=7c877f07-86fd-47bb-83d0-6f0bfd013479, connection=PooledConnection{channel=[id: 0xc25feb92, L:/127.0.0.1:49880 - R:localhost/127.0.0.1:8081]}}, [request_sent])
20:29:40.045 [reactor-http-nio-13] DEBUG reactor.netty.resources.PooledConnectionProvider - [id: 0x99ebd170, L:/127.0.0.1:49872 - R:localhost/127.0.0.1:8081] onStateChange(GET{uri=/getAttractions, connection=PooledConnection{channel=[id: 0x99ebd170, L:/127.0.0.1:49872 - R:localhost/127.0.0.1:8081]}}, [response_received])
20:29:40.046 [reactor-http-nio-13] DEBUG org.springframework.web.reactive.function.client.ExchangeFunctions - [92d682b] Response 200 OK
20:29:40.045 [reactor-http-nio-16] DEBUG reactor.netty.http.client.HttpClientOperations - [id: 0xbf9579bc, L:/127.0.0.1:49879 - R:localhost/127.0.0.1:8081] Received last HTTP packet
20:29:40.047 [reactor-http-nio-11] DEBUG reactor.netty.http.client.HttpClientOperations - [id: 0xf98e8509, L:/127.0.0.1:49922 - R:localhost/127.0.0.1:8081] Received response (auto-read:false) : [Content-Type=application/json, Transfer-Encoding=chunked, Date=Tue, 29 Jun 2021 14:59:39 GMT]
20:29:40.047 [reactor-http-nio-11] DEBUG reactor.netty.resources.PooledConnectionProvider - [id: 0xf98e8509, L:/127.0.0.1:49922 - R:localhost/127.0.0.1:8081] onStateChange(GET{uri=/getUserLocation?userId=7c4799af-ba31-4549-8bd2-42b808c45f84, connection=PooledConnection{channel=[id: 0xf98e8509, L:/127.0.0.1:49922 - R:localhost/127.0.0.1:8081]}}, [response_received])
20:29:40.046 [reactor-http-nio-15] DEBUG reactor.netty.resources.PooledConnectionProvider - [id: 0xefe012b0, L:/127.0.0.1:49889 - R:localhost/127.0.0.1:8081] onStateChange(GET{uri=/getAttractions, connection=PooledConnection{channel=[id: 0xefe012b0, L:/127.0.0.1:49889 - R:localhost/127.0.0.1:8081]}}, [request_sent])
20:29:40.047 [reactor-http-nio-11] DEBUG org.springframework.web.reactive.function.client.ExchangeFunctions - [7a90d022] Response 200 OK
20:29:40.047 [reactor-http-nio-13] DEBUG reactor.netty.channel.FluxReceive - [id: 0x99ebd170, L:/127.0.0.1:49872 - R:localhost/127.0.0.1:8081] Subscribing inbound receiver [pending: 0, cancelled:false, inboundDone: false]
20:29:40.046 [reactor-http-nio-14] DEBUG org.springframework.web.reactive.function.client.ExchangeFunctions - [368b21d4] Response 200 OK
20:29:40.046 [reactor-http-nio-10] DEBUG reactor.netty.resources.PooledConnectionProvider - [id: 0x46c6efe2, L:/127.0.0.1:49875 - R:localhost/127.0.0.1:8081] Channel acquired, now 60 active connections and 6 inactive connections
20:29:40.047 [reactor-http-nio-16] DEBUG org.springframework.core.codec.StringDecoder - [735db9b9] Decoded "{"userId":"57bc2f60-885c-4948-825b-4002b7071fb3","location":{"longitude":108.676673,"latitude":66.2 (truncated)...
20:29:40.047 [reactor-http-nio-15] DEBUG reactor.netty.http.client.HttpClientOperations - [id: 0x8bf64842, L:/127.0.0.1:49888 - R:localhost/127.0.0.1:8081] Received response (auto-read:false) : [Content-Type=application/json, Transfer-Encoding=chunked, Date=Tue, 29 Jun 2021 14:59:39 GMT]
20:29:40.047 [reactor-http-nio-16] DEBUG reactor.netty.resources.PooledConnectionProvider - [id: 0xbf9579bc, L:/127.0.0.1:49879 - R:localhost/127.0.0.1:8081] onStateChange(GET{uri=/getUserLocation?userId=57bc2f60-885c-4948-825b-4002b7071fb3, connection=PooledConnection{channel=[id: 0xbf9579bc, L:/127.0.0.1:49879 - R:localhost/127.0.0.1:8081]}}, [disconnecting])
20:29:40.047 [reactor-http-nio-16] DEBUG reactor.netty.resources.PooledConnectionProvider - [id: 0xbf9579bc, L:/127.0.0.1:49879 - R:localhost/127.0.0.1:8081] Releasing channel
20:29:40.048 [reactor-http-nio-11] DEBUG reactor.netty.channel.FluxReceive - [id: 0xf98e8509, L:/127.0.0.1:49922 - R:localhost/127.0.0.1:8081] Subscribing inbound receiver [pending: 0, cancelled:false, inboundDone: false]
20:29:40.048 [reactor-http-nio-16] DEBUG reactor.netty.resources.PooledConnectionProvider - [id: 0xbf9579bc, L:/127.0.0.1:49879 - R:localhost/127.0.0.1:8081] Channel cleaned, now 59 active connections and 7 inactive connections
20:29:40.047 [reactor-http-nio-10] DEBUG reactor.netty.http.client.HttpClientConnect - [id: 0x46c6efe2, L:/127.0.0.1:49875 - R:localhost/127.0.0.1:8081] Handler is being applied: {uri=http://localhost:8081/getUserLocation?userId=411b28ef-830a-44dc-bdb8-09bc36e33b33, method=GET}
20:29:40.048 [reactor-http-nio-13] DEBUG reactor.netty.http.client.HttpClientOperations - [id: 0x99ebd170, L:/127.0.0.1:49872 - R:localhost/127.0.0.1:8081] Received last HTTP packet
20:29:40.047 [reactor-http-nio-15] DEBUG reactor.netty.resources.PooledConnectionProvider - [id: 0x8bf64842, L:/127.0.0.1:49888 - R:localhost/127.0.0.1:8081] onStateChange(GET{uri=/getUserLocation?userId=590a038b-ec08-41ac-b927-d4f410fc577f, connection=PooledConnection{channel=[id: 0x8bf64842, L:/127.0.0.1:49888 - R:localhost/127.0.0.1:8081]}}, [response_received])
20:29:40.048 [reactor-http-nio-14] DEBUG reactor.netty.channel.FluxReceive - [id: 0x862a0562, L:/127.0.0.1:49894 - R:localhost/127.0.0.1:8081] Subscribing inbound receiver [pending: 0, cancelled:false, inboundDone: false]
20:29:40.048 [reactor-http-nio-11] DEBUG reactor.netty.resources.PooledConnectionProvider - [id: 0x543091a3, L:/127.0.0.1:49885 - R:localhost/127.0.0.1:8081] Channel acquired, now 60 active connections and 6 inactive connections
20:29:40.048 [reactor-http-nio-15] DEBUG org.springframework.web.reactive.function.client.ExchangeFunctions - [198a3367] Response 200 OK
20:29:40.048 [reactor-http-nio-11] DEBUG reactor.netty.http.client.HttpClientConnect - [id: 0x543091a3, L:/127.0.0.1:49885 - R:localhost/127.0.0.1:8081] Handler is being applied: {uri=http://localhost:8081/getAttractions, method=GET}
20:29:40.048 [reactor-http-nio-14] DEBUG reactor.netty.http.client.HttpClientOperations - [id: 0x862a0562, L:/127.0.0.1:49894 - R:localhost/127.0.0.1:8081] Received last HTTP packet
20:29:40.048 [reactor-http-nio-12] DEBUG reactor.netty.resources.PooledConnectionProvider - [id: 0x5a829f34, L:/127.0.0.1:49910 - R:localhost/127.0.0.1:8081] Channel acquired, now 61 active connections and 5 inactive connections
20:29:40.048 [reactor-http-nio-14] DEBUG org.springframework.core.codec.StringDecoder - [368b21d4] Decoded "{"userId":"dcea57dd-72ce-4e46-b33d-43d4f421bc14","location":{"longitude":-118.208374,"latitude":-67 (truncated)...
20:29:40.048 [reactor-http-nio-15] DEBUG reactor.netty.channel.FluxReceive - [id: 0x8bf64842, L:/127.0.0.1:49888 - R:localhost/127.0.0.1:8081] Subscribing inbound receiver [pending: 0, cancelled:false, inboundDone: false]
20:29:40.048 [reactor-http-nio-10] DEBUG reactor.netty.resources.PooledConnectionProvider - [id: 0x46c6efe2, L:/127.0.0.1:49875 - R:localhost/127.0.0.1:8081] onStateChange(GET{uri=/getUserLocation?userId=411b28ef-830a-44dc-bdb8-09bc36e33b33, connection=PooledConnection{channel=[id: 0x46c6efe2, L:/127.0.0.1:49875 - R:localhost/127.0.0.1:8081]}}, [request_sent])
20:29:40.048 [reactor-http-nio-15] DEBUG reactor.netty.http.client.HttpClientOperations - [id: 0x8bf64842, L:/127.0.0.1:49888 - R:localhost/127.0.0.1:8081] Received last HTTP packet
20:29:40.048 [reactor-http-nio-11] DEBUG reactor.netty.resources.PooledConnectionProvider - [id: 0x543091a3, L:/127.0.0.1:49885 - R:localhost/127.0.0.1:8081] onStateChange(GET{uri=/getAttractions, connection=PooledConnection{channel=[id: 0x543091a3, L:/127.0.0.1:49885 - R:localhost/127.0.0.1:8081]}}, [request_sent])
20:29:40.048 [reactor-http-nio-15] DEBUG org.springframework.core.codec.StringDecoder - [198a3367] Decoded "{"userId":"590a038b-ec08-41ac-b927-d4f410fc577f","location":{"longitude":123.782768,"latitude":81.2 (truncated)...
20:29:40.048 [reactor-http-nio-15] DEBUG reactor.netty.resources.PooledConnectionProvider - [id: 0x8bf64842, L:/127.0.0.1:49888 - R:localhost/127.0.0.1:8081] onStateChange(GET{uri=/getUserLocation?userId=590a038b-ec08-41ac-b927-d4f410fc577f, connection=PooledConnection{channel=[id: 0x8bf64842, L:/127.0.0.1:49888 - R:localhost/127.0.0.1:8081]}}, [disconnecting])
20:29:40.048 [reactor-http-nio-15] DEBUG reactor.netty.resources.PooledConnectionProvider - [id: 0x8bf64842, L:/127.0.0.1:49888 - R:localhost/127.0.0.1:8081] Releasing channel
20:29:40.048 [reactor-http-nio-13] DEBUG org.springframework.core.codec.StringDecoder - [92d682b] Decoded "[{"longitude":-117.922008,"latitude":33.817595,"attractionName":"Disneyland","city":"Anaheim","stat (truncated)...
20:29:40.048 [reactor-http-nio-15] DEBUG reactor.netty.resources.PooledConnectionProvider - [id: 0x8bf64842, L:/127.0.0.1:49888 - R:localhost/127.0.0.1:8081] Channel cleaned, now 61 active connections and 5 inactive connections
20:29:40.049 [reactor-http-nio-13] DEBUG reactor.netty.resources.PooledConnectionProvider - [id: 0x99ebd170, L:/127.0.0.1:49872 - R:localhost/127.0.0.1:8081] onStateChange(GET{uri=/getAttractions, connection=PooledConnection{channel=[id: 0x99ebd170, L:/127.0.0.1:49872 - R:localhost/127.0.0.1:8081]}}, [disconnecting])
20:29:40.049 [reactor-http-nio-11] DEBUG reactor.netty.http.client.HttpClientOperations - [id: 0xf98e8509, L:/127.0.0.1:49922 - R:localhost/127.0.0.1:8081] Received last HTTP packet
20:29:40.049 [pool-13-thread-11] DEBUG org.springframework.web.reactive.function.client.ExchangeFunctions - [7fee0eb0] HTTP GET http://localhost:8081/getUserLocation?userId=044c830f-ed2f-4113-9005-876a03502f44
20:29:40.049 [reactor-http-nio-11] DEBUG org.springframework.core.codec.StringDecoder - [7a90d022] Decoded "{"userId":"7c4799af-ba31-4549-8bd2-42b808c45f84","location":{"longitude":150.660643,"latitude":56.7 (truncated)...
20:29:40.049 [reactor-http-nio-11] DEBUG reactor.netty.resources.PooledConnectionProvider - [id: 0xf98e8509, L:/127.0.0.1:49922 - R:localhost/127.0.0.1:8081] onStateChange(GET{uri=/getUserLocation?userId=7c4799af-ba31-4549-8bd2-42b808c45f84, connection=PooledConnection{channel=[id: 0xf98e8509, L:/127.0.0.1:49922 - R:localhost/127.0.0.1:8081]}}, [disconnecting])
20:29:40.049 [reactor-http-nio-11] DEBUG reactor.netty.resources.PooledConnectionProvider - [id: 0xf98e8509, L:/127.0.0.1:49922 - R:localhost/127.0.0.1:8081] Releasing channel
20:29:40.049 [reactor-http-nio-11] DEBUG reactor.netty.resources.PooledConnectionProvider - [id: 0xf98e8509, L:/127.0.0.1:49922 - R:localhost/127.0.0.1:8081] Channel cleaned, now 60 active connections and 6 inactive connections
20:29:40.048 [reactor-http-nio-12] DEBUG reactor.netty.http.client.HttpClientConnect - [id: 0x5a829f34, L:/127.0.0.1:49910 - R:localhost/127.0.0.1:8081] Handler is being applied: {uri=http://localhost:8081/getAttractions, method=GET}
20:29:40.050 [reactor-http-nio-12] DEBUG reactor.netty.resources.PooledConnectionProvider - [id: 0x5a829f34, L:/127.0.0.1:49910 - R:localhost/127.0.0.1:8081] onStateChange(GET{uri=/getAttractions, connection=PooledConnection{channel=[id: 0x5a829f34, L:/127.0.0.1:49910 - R:localhost/127.0.0.1:8081]}}, [request_sent])
20:29:40.050 [pool-13-thread-27] DEBUG org.springframework.web.reactive.function.client.ExchangeFunctions - [384cd975] HTTP GET http://localhost:8081/getAttractions
20:29:40.050 [pool-13-thread-19] DEBUG org.springframework.web.reactive.function.client.ExchangeFunctions - [174dce26] HTTP GET http://localhost:8081/getAttractions
20:29:40.050 [reactor-http-nio-2] DEBUG reactor.netty.http.client.HttpClientOperations - [id: 0x3adc52e3, L:/127.0.0.1:49881 - R:localhost/127.0.0.1:8081] Received response (auto-read:false) : [Content-Type=application/json, Transfer-Encoding=chunked, Date=Tue, 29 Jun 2021 14:59:39 GMT]
20:29:40.050 [reactor-http-nio-2] DEBUG reactor.netty.resources.PooledConnectionProvider - [id: 0x3adc52e3, L:/127.0.0.1:49881 - R:localhost/127.0.0.1:8081] onStateChange(GET{uri=/getAttractions, connection=PooledConnection{channel=[id: 0x3adc52e3, L:/127.0.0.1:49881 - R:localhost/127.0.0.1:8081]}}, [response_received])
20:29:40.048 [reactor-http-nio-14] DEBUG reactor.netty.resources.PooledConnectionProvider - [id: 0x862a0562, L:/127.0.0.1:49894 - R:localhost/127.0.0.1:8081] onStateChange(GET{uri=/getUserLocation?userId=dcea57dd-72ce-4e46-b33d-43d4f421bc14, connection=PooledConnection{channel=[id: 0x862a0562, L:/127.0.0.1:49894 - R:localhost/127.0.0.1:8081]}}, [disconnecting])
20:29:40.051 [reactor-http-nio-14] DEBUG reactor.netty.resources.PooledConnectionProvider - [id: 0x862a0562, L:/127.0.0.1:49894 - R:localhost/127.0.0.1:8081] Releasing channel
20:29:40.051 [reactor-http-nio-2] DEBUG org.springframework.web.reactive.function.client.ExchangeFunctions - [5616de23] Response 200 OK
20:29:40.051 [reactor-http-nio-14] DEBUG reactor.netty.resources.PooledConnectionProvider - [id: 0x862a0562, L:/127.0.0.1:49894 - R:localhost/127.0.0.1:8081] Channel cleaned, now 59 active connections and 7 inactive connections
20:29:40.048 [reactor-http-nio-16] DEBUG reactor.netty.resources.PooledConnectionProvider - [id: 0x1eb86fc9, L:/127.0.0.1:49891 - R:localhost/127.0.0.1:8081] Channel acquired, now 62 active connections and 4 inactive connections
20:29:40.051 [reactor-http-nio-16] DEBUG reactor.netty.http.client.HttpClientConnect - [id: 0x1eb86fc9, L:/127.0.0.1:49891 - R:localhost/127.0.0.1:8081] Handler is being applied: {uri=http://localhost:8081/getAttractions, method=GET}
20:29:40.051 [reactor-http-nio-2] DEBUG reactor.netty.channel.FluxReceive - [id: 0x3adc52e3, L:/127.0.0.1:49881 - R:localhost/127.0.0.1:8081] Subscribing inbound receiver [pending: 0, cancelled:false, inboundDone: false]
20:29:40.049 [reactor-http-nio-13] DEBUG reactor.netty.resources.PooledConnectionProvider - [id: 0x99ebd170, L:/127.0.0.1:49872 - R:localhost/127.0.0.1:8081] Releasing channel
20:29:40.051 [reactor-http-nio-13] DEBUG reactor.netty.resources.PooledConnectionProvider - [id: 0x99ebd170, L:/127.0.0.1:49872 - R:localhost/127.0.0.1:8081] Channel cleaned, now 58 active connections and 8 inactive connections
20:29:40.051 [pool-13-thread-6] DEBUG org.springframework.web.reactive.function.client.ExchangeFunctions - [d12fdd6] HTTP GET http://localhost:8081/getUserLocation?userId=f465e4dc-500f-4931-90d9-e9acad804f44
20:29:40.050 [pool-13-thread-10] DEBUG org.springframework.web.reactive.function.client.ExchangeFunctions - [7d9a49a2] HTTP GET http://localhost:8081/getAttractions
20:29:40.051 [reactor-http-nio-14] DEBUG reactor.netty.resources.PooledConnectionProvider - [id: 0x0b723f2b, L:/127.0.0.1:49877 - R:localhost/127.0.0.1:8081] Channel acquired, now 59 active connections and 7 inactive connections
20:29:40.051 [reactor-http-nio-14] DEBUG reactor.netty.http.client.HttpClientConnect - [id: 0x0b723f2b, L:/127.0.0.1:49877 - R:localhost/127.0.0.1:8081] Handler is being applied: {uri=http://localhost:8081/getAttractions, method=GET}
20:29:40.051 [reactor-http-nio-2] DEBUG reactor.netty.http.client.HttpClientOperations - [id: 0x3adc52e3, L:/127.0.0.1:49881 - R:localhost/127.0.0.1:8081] Received last HTTP packet
20:29:40.052 [reactor-http-nio-13] DEBUG reactor.netty.http.client.HttpClientOperations - [id: 0x3d1cc9c3, L:/127.0.0.1:49878 - R:localhost/127.0.0.1:8081] Received response (auto-read:false) : [Content-Type=application/json, Transfer-Encoding=chunked, Date=Tue, 29 Jun 2021 14:59:39 GMT]
20:29:40.052 [reactor-http-nio-16] DEBUG reactor.netty.resources.PooledConnectionProvider - [id: 0x1eb86fc9, L:/127.0.0.1:49891 - R:localhost/127.0.0.1:8081] onStateChange(GET{uri=/getAttractions, connection=PooledConnection{channel=[id: 0x1eb86fc9, L:/127.0.0.1:49891 - R:localhost/127.0.0.1:8081]}}, [request_sent])
20:29:40.052 [reactor-http-nio-13] DEBUG reactor.netty.resources.PooledConnectionProvider - [id: 0x3d1cc9c3, L:/127.0.0.1:49878 - R:localhost/127.0.0.1:8081] onStateChange(GET{uri=/getUserLocation?userId=87ad5f95-1fb2-43d7-ab27-ddca75dedc30, connection=PooledConnection{channel=[id: 0x3d1cc9c3, L:/127.0.0.1:49878 - R:localhost/127.0.0.1:8081]}}, [response_received])
20:29:40.052 [reactor-http-nio-15] DEBUG reactor.netty.resources.PooledConnectionProvider - [id: 0x8bf64842, L:/127.0.0.1:49888 - R:localhost/127.0.0.1:8081] Channel acquired, now 60 active connections and 6 inactive connections
20:29:40.052 [reactor-http-nio-13] DEBUG org.springframework.web.reactive.function.client.ExchangeFunctions - [3f953f03] Response 200 OK
20:29:40.052 [reactor-http-nio-15] DEBUG reactor.netty.http.client.HttpClientConnect - [id: 0x8bf64842, L:/127.0.0.1:49888 - R:localhost/127.0.0.1:8081] Handler is being applied: {uri=http://localhost:8081/getUserLocation?userId=f465e4dc-500f-4931-90d9-e9acad804f44, method=GET}
20:29:40.052 [reactor-http-nio-2] DEBUG org.springframework.core.codec.StringDecoder - [5616de23] Decoded "[{"longitude":-117.922008,"latitude":33.817595,"attractionName":"Disneyland","city":"Anaheim","stat (truncated)...
20:29:40.052 [reactor-http-nio-2] DEBUG reactor.netty.resources.PooledConnectionProvider - [id: 0x3adc52e3, L:/127.0.0.1:49881 - R:localhost/127.0.0.1:8081] onStateChange(GET{uri=/getAttractions, connection=PooledConnection{channel=[id: 0x3adc52e3, L:/127.0.0.1:49881 - R:localhost/127.0.0.1:8081]}}, [disconnecting])
20:29:40.052 [pool-13-thread-38] DEBUG org.springframework.web.reactive.function.client.ExchangeFunctions - [74572100] HTTP GET http://localhost:8081/getAttractions
20:29:40.052 [reactor-http-nio-13] DEBUG reactor.netty.channel.FluxReceive - [id: 0x3d1cc9c3, L:/127.0.0.1:49878 - R:localhost/127.0.0.1:8081] Subscribing inbound receiver [pending: 0, cancelled:false, inboundDone: false]
20:29:40.052 [reactor-http-nio-14] DEBUG reactor.netty.resources.PooledConnectionProvider - [id: 0x0b723f2b, L:/127.0.0.1:49877 - R:localhost/127.0.0.1:8081] onStateChange(GET{uri=/getAttractions, connection=PooledConnection{channel=[id: 0x0b723f2b, L:/127.0.0.1:49877 - R:localhost/127.0.0.1:8081]}}, [request_sent])
20:29:40.053 [reactor-http-nio-13] DEBUG reactor.netty.http.client.HttpClientOperations - [id: 0x3d1cc9c3, L:/127.0.0.1:49878 - R:localhost/127.0.0.1:8081] Received last HTTP packet
20:29:40.052 [reactor-http-nio-2] DEBUG reactor.netty.resources.PooledConnectionProvider - [id: 0x3adc52e3, L:/127.0.0.1:49881 - R:localhost/127.0.0.1:8081] Releasing channel
20:29:40.053 [reactor-http-nio-15] DEBUG reactor.netty.resources.PooledConnectionProvider - [id: 0x8bf64842, L:/127.0.0.1:49888 - R:localhost/127.0.0.1:8081] onStateChange(GET{uri=/getUserLocation?userId=f465e4dc-500f-4931-90d9-e9acad804f44, connection=PooledConnection{channel=[id: 0x8bf64842, L:/127.0.0.1:49888 - R:localhost/127.0.0.1:8081]}}, [request_sent])
20:29:40.053 [reactor-http-nio-16] DEBUG reactor.netty.resources.PooledConnectionProvider - [id: 0xbf9579bc, L:/127.0.0.1:49879 - R:localhost/127.0.0.1:8081] Channel acquired, now 60 active connections and 6 inactive connections
20:29:40.053 [reactor-http-nio-13] DEBUG org.springframework.core.codec.StringDecoder - [3f953f03] Decoded "{"userId":"87ad5f95-1fb2-43d7-ab27-ddca75dedc30","location":{"longitude":140.740641,"latitude":-20. (truncated)...
20:29:40.053 [reactor-http-nio-2] DEBUG reactor.netty.resources.PooledConnectionProvider - [id: 0x3adc52e3, L:/127.0.0.1:49881 - R:localhost/127.0.0.1:8081] Channel cleaned, now 60 active connections and 6 inactive connections
20:29:40.053 [reactor-http-nio-13] DEBUG reactor.netty.resources.PooledConnectionProvider - [id: 0x3d1cc9c3, L:/127.0.0.1:49878 - R:localhost/127.0.0.1:8081] onStateChange(GET{uri=/getUserLocation?userId=87ad5f95-1fb2-43d7-ab27-ddca75dedc30, connection=PooledConnection{channel=[id: 0x3d1cc9c3, L:/127.0.0.1:49878 - R:localhost/127.0.0.1:8081]}}, [disconnecting])
20:29:40.053 [reactor-http-nio-13] DEBUG reactor.netty.resources.PooledConnectionProvider - [id: 0x3d1cc9c3, L:/127.0.0.1:49878 - R:localhost/127.0.0.1:8081] Releasing channel
20:29:40.053 [reactor-http-nio-13] DEBUG reactor.netty.resources.PooledConnectionProvider - [id: 0x3d1cc9c3, L:/127.0.0.1:49878 - R:localhost/127.0.0.1:8081] Channel cleaned, now 60 active connections and 6 inactive connections
20:29:40.053 [reactor-http-nio-16] DEBUG reactor.netty.http.client.HttpClientConnect - [id: 0xbf9579bc, L:/127.0.0.1:49879 - R:localhost/127.0.0.1:8081] Handler is being applied: {uri=http://localhost:8081/getAttractions, method=GET}
20:29:40.053 [reactor-http-nio-14] DEBUG reactor.netty.resources.PooledConnectionProvider - [id: 0x862a0562, L:/127.0.0.1:49894 - R:localhost/127.0.0.1:8081] Channel acquired, now 61 active connections and 5 inactive connections
20:29:40.053 [reactor-http-nio-13] DEBUG reactor.netty.resources.PooledConnectionProvider - [id: 0x3ab95760, L:/127.0.0.1:49913 - R:localhost/127.0.0.1:8081] Channel acquired, now 63 active connections and 3 inactive connections
20:29:40.053 [reactor-http-nio-2] DEBUG reactor.netty.http.client.HttpClientOperations - [id: 0x5921853c, L:/127.0.0.1:49928 - R:localhost/127.0.0.1:8081] Received response (auto-read:false) : [Content-Type=application/json, Transfer-Encoding=chunked, Date=Tue, 29 Jun 2021 14:59:39 GMT]
20:29:40.053 [reactor-http-nio-14] DEBUG reactor.netty.http.client.HttpClientConnect - [id: 0x862a0562, L:/127.0.0.1:49894 - R:localhost/127.0.0.1:8081] Handler is being applied: {uri=http://localhost:8081/getAttractions, method=GET}
20:29:40.053 [reactor-http-nio-2] DEBUG reactor.netty.resources.PooledConnectionProvider - [id: 0x5921853c, L:/127.0.0.1:49928 - R:localhost/127.0.0.1:8081] onStateChange(GET{uri=/getUserLocation?userId=d0d99872-8e22-47ca-9a25-4e50ca2d345b, connection=PooledConnection{channel=[id: 0x5921853c, L:/127.0.0.1:49928 - R:localhost/127.0.0.1:8081]}}, [response_received])
20:29:40.053 [reactor-http-nio-11] DEBUG reactor.netty.resources.PooledConnectionProvider - [id: 0xf98e8509, L:/127.0.0.1:49922 - R:localhost/127.0.0.1:8081] Channel acquired, now 61 active connections and 5 inactive connections
20:29:40.054 [reactor-http-nio-2] DEBUG org.springframework.web.reactive.function.client.ExchangeFunctions - [28c84eb0] Response 200 OK
20:29:40.054 [reactor-http-nio-11] DEBUG reactor.netty.http.client.HttpClientConnect - [id: 0xf98e8509, L:/127.0.0.1:49922 - R:localhost/127.0.0.1:8081] Handler is being applied: {uri=http://localhost:8081/getAttractions, method=GET}
20:29:40.054 [reactor-http-nio-14] DEBUG reactor.netty.resources.PooledConnectionProvider - [id: 0x862a0562, L:/127.0.0.1:49894 - R:localhost/127.0.0.1:8081] onStateChange(GET{uri=/getAttractions, connection=PooledConnection{channel=[id: 0x862a0562, L:/127.0.0.1:49894 - R:localhost/127.0.0.1:8081]}}, [request_sent])
20:29:40.054 [reactor-http-nio-11] DEBUG reactor.netty.resources.PooledConnectionProvider - [id: 0xf98e8509, L:/127.0.0.1:49922 - R:localhost/127.0.0.1:8081] onStateChange(GET{uri=/getAttractions, connection=PooledConnection{channel=[id: 0xf98e8509, L:/127.0.0.1:49922 - R:localhost/127.0.0.1:8081]}}, [request_sent])
20:29:40.053 [reactor-http-nio-15] DEBUG reactor.netty.resources.PooledConnectionProvider - [id: 0x3b57da73, L:/127.0.0.1:49868 - R:localhost/127.0.0.1:8081] Channel acquired, now 62 active connections and 4 inactive connections
20:29:40.054 [reactor-http-nio-15] DEBUG reactor.netty.http.client.HttpClientConnect - [id: 0x3b57da73, L:/127.0.0.1:49868 - R:localhost/127.0.0.1:8081] Handler is being applied: {uri=http://localhost:8081/getUserLocation?userId=044c830f-ed2f-4113-9005-876a03502f44, method=GET}
20:29:40.055 [reactor-http-nio-15] DEBUG reactor.netty.resources.PooledConnectionProvider - [id: 0x3b57da73, L:/127.0.0.1:49868 - R:localhost/127.0.0.1:8081] onStateChange(GET{uri=/getUserLocation?userId=044c830f-ed2f-4113-9005-876a03502f44, connection=PooledConnection{channel=[id: 0x3b57da73, L:/127.0.0.1:49868 - R:localhost/127.0.0.1:8081]}}, [request_sent])
20:29:40.053 [reactor-http-nio-13] DEBUG reactor.netty.http.client.HttpClientConnect - [id: 0x3ab95760, L:/127.0.0.1:49913 - R:localhost/127.0.0.1:8081] Handler is being applied: {uri=http://localhost:8081/getUserLocation?userId=6ec11af8-75a3-4092-9e75-31e4d60b51be, method=GET}
20:29:40.055 [pool-13-thread-21] DEBUG org.springframework.web.reactive.function.client.ExchangeFunctions - [52294039] HTTP GET http://localhost:8081/getUserLocation?userId=9664e43b-818c-49b9-9e90-1a88120f822f
20:29:40.055 [reactor-http-nio-13] DEBUG reactor.netty.resources.PooledConnectionProvider - [id: 0x3ab95760, L:/127.0.0.1:49913 - R:localhost/127.0.0.1:8081] onStateChange(GET{uri=/getUserLocation?userId=6ec11af8-75a3-4092-9e75-31e4d60b51be, connection=PooledConnection{channel=[id: 0x3ab95760, L:/127.0.0.1:49913 - R:localhost/127.0.0.1:8081]}}, [request_sent])
20:29:40.056 [reactor-http-nio-13] DEBUG reactor.netty.http.client.HttpClientOperations - [id: 0x6e1bd8e9, L:/127.0.0.1:49914 - R:localhost/127.0.0.1:8081] Received response (auto-read:false) : [Content-Type=application/json, Transfer-Encoding=chunked, Date=Tue, 29 Jun 2021 14:59:39 GMT]
20:29:40.056 [reactor-http-nio-13] DEBUG reactor.netty.resources.PooledConnectionProvider - [id: 0x6e1bd8e9, L:/127.0.0.1:49914 - R:localhost/127.0.0.1:8081] onStateChange(GET{uri=/getUserLocation?userId=1793e6ca-b555-4530-bb20-ca8b4d86b5b5, connection=PooledConnection{channel=[id: 0x6e1bd8e9, L:/127.0.0.1:49914 - R:localhost/127.0.0.1:8081]}}, [response_received])
20:29:40.054 [reactor-http-nio-16] DEBUG reactor.netty.resources.PooledConnectionProvider - [id: 0xbf9579bc, L:/127.0.0.1:49879 - R:localhost/127.0.0.1:8081] onStateChange(GET{uri=/getAttractions, connection=PooledConnection{channel=[id: 0xbf9579bc, L:/127.0.0.1:49879 - R:localhost/127.0.0.1:8081]}}, [request_sent])
20:29:40.056 [reactor-http-nio-13] DEBUG org.springframework.web.reactive.function.client.ExchangeFunctions - [305f5380] Response 200 OK
20:29:40.056 [reactor-http-nio-15] DEBUG reactor.netty.http.client.HttpClientOperations - [id: 0x30e81d35, L:/127.0.0.1:49884 - R:localhost/127.0.0.1:8081] Received response (auto-read:false) : [Content-Type=application/json, Transfer-Encoding=chunked, Date=Tue, 29 Jun 2021 14:59:39 GMT]
20:29:40.056 [reactor-http-nio-15] DEBUG reactor.netty.resources.PooledConnectionProvider - [id: 0x30e81d35, L:/127.0.0.1:49884 - R:localhost/127.0.0.1:8081] onStateChange(GET{uri=/getUserLocation?userId=39d2923b-8a86-4fdb-9b9c-76a0c959403d, connection=PooledConnection{channel=[id: 0x30e81d35, L:/127.0.0.1:49884 - R:localhost/127.0.0.1:8081]}}, [response_received])
20:29:40.056 [reactor-http-nio-13] DEBUG reactor.netty.channel.FluxReceive - [id: 0x6e1bd8e9, L:/127.0.0.1:49914 - R:localhost/127.0.0.1:8081] Subscribing inbound receiver [pending: 0, cancelled:false, inboundDone: false]
20:29:40.056 [reactor-http-nio-15] DEBUG org.springframework.web.reactive.function.client.ExchangeFunctions - [2ca1f3c0] Response 200 OK
20:29:40.054 [reactor-http-nio-2] DEBUG reactor.netty.channel.FluxReceive - [id: 0x5921853c, L:/127.0.0.1:49928 - R:localhost/127.0.0.1:8081] Subscribing inbound receiver [pending: 0, cancelled:false, inboundDone: false]
20:29:40.056 [reactor-http-nio-13] DEBUG reactor.netty.http.client.HttpClientOperations - [id: 0x6e1bd8e9, L:/127.0.0.1:49914 - R:localhost/127.0.0.1:8081] Received last HTTP packet
20:29:40.055 [pool-13-thread-4] DEBUG org.springframework.web.reactive.function.client.ExchangeFunctions - [3152d681] HTTP GET http://localhost:8081/getAttractions
20:29:40.056 [reactor-http-nio-2] DEBUG reactor.netty.http.client.HttpClientOperations - [id: 0x5921853c, L:/127.0.0.1:49928 - R:localhost/127.0.0.1:8081] Received last HTTP packet
20:29:40.056 [reactor-http-nio-11] DEBUG reactor.netty.http.client.HttpClientOperations - [id: 0x5557723c, L:/127.0.0.1:49932 - R:localhost/127.0.0.1:8081] Received response (auto-read:false) : [Content-Type=application/json, Transfer-Encoding=chunked, Date=Tue, 29 Jun 2021 14:59:39 GMT]
20:29:40.056 [reactor-http-nio-15] DEBUG reactor.netty.channel.FluxReceive - [id: 0x30e81d35, L:/127.0.0.1:49884 - R:localhost/127.0.0.1:8081] Subscribing inbound receiver [pending: 0, cancelled:false, inboundDone: false]
20:29:40.056 [reactor-http-nio-16] DEBUG reactor.netty.http.client.HttpClientOperations - [id: 0xd94b0585, L:/127.0.0.1:49927 - R:localhost/127.0.0.1:8081] Received response (auto-read:false) : [Content-Type=application/json, Transfer-Encoding=chunked, Date=Tue, 29 Jun 2021 14:59:39 GMT]
20:29:40.057 [reactor-http-nio-11] DEBUG reactor.netty.resources.PooledConnectionProvider - [id: 0x5557723c, L:/127.0.0.1:49932 - R:localhost/127.0.0.1:8081] onStateChange(GET{uri=/getUserLocation?userId=9008ef87-c248-4ad1-bc0b-c98de90fa78f, connection=PooledConnection{channel=[id: 0x5557723c, L:/127.0.0.1:49932 - R:localhost/127.0.0.1:8081]}}, [response_received])
20:29:40.057 [reactor-http-nio-2] DEBUG org.springframework.core.codec.StringDecoder - [28c84eb0] Decoded "{"userId":"d0d99872-8e22-47ca-9a25-4e50ca2d345b","location":{"longitude":6.816469,"latitude":-49.55 (truncated)...
20:29:40.057 [reactor-http-nio-15] DEBUG reactor.netty.http.client.HttpClientOperations - [id: 0x30e81d35, L:/127.0.0.1:49884 - R:localhost/127.0.0.1:8081] Received last HTTP packet
20:29:40.057 [reactor-http-nio-11] DEBUG org.springframework.web.reactive.function.client.ExchangeFunctions - [215d5e04] Response 200 OK
20:29:40.057 [reactor-http-nio-2] DEBUG reactor.netty.resources.PooledConnectionProvider - [id: 0x5921853c, L:/127.0.0.1:49928 - R:localhost/127.0.0.1:8081] onStateChange(GET{uri=/getUserLocation?userId=d0d99872-8e22-47ca-9a25-4e50ca2d345b, connection=PooledConnection{channel=[id: 0x5921853c, L:/127.0.0.1:49928 - R:localhost/127.0.0.1:8081]}}, [disconnecting])
20:29:40.057 [reactor-http-nio-13] DEBUG org.springframework.core.codec.StringDecoder - [305f5380] Decoded "{"userId":"1793e6ca-b555-4530-bb20-ca8b4d86b5b5","location":{"longitude":-67.848286,"latitude":-41. (truncated)...
20:29:40.057 [reactor-http-nio-15] DEBUG org.springframework.core.codec.StringDecoder - [2ca1f3c0] Decoded "{"userId":"39d2923b-8a86-4fdb-9b9c-76a0c959403d","location":{"longitude":-167.877904,"latitude":-32 (truncated)...
20:29:40.057 [reactor-http-nio-16] DEBUG reactor.netty.resources.PooledConnectionProvider - [id: 0xd94b0585, L:/127.0.0.1:49927 - R:localhost/127.0.0.1:8081] onStateChange(GET{uri=/getUserLocation?userId=00d1a9b3-5be2-4740-a4b8-9e9de34adcc4, connection=PooledConnection{channel=[id: 0xd94b0585, L:/127.0.0.1:49927 - R:localhost/127.0.0.1:8081]}}, [response_received])
20:29:40.057 [reactor-http-nio-15] DEBUG reactor.netty.resources.PooledConnectionProvider - [id: 0x30e81d35, L:/127.0.0.1:49884 - R:localhost/127.0.0.1:8081] onStateChange(GET{uri=/getUserLocation?userId=39d2923b-8a86-4fdb-9b9c-76a0c959403d, connection=PooledConnection{channel=[id: 0x30e81d35, L:/127.0.0.1:49884 - R:localhost/127.0.0.1:8081]}}, [disconnecting])
20:29:40.057 [reactor-http-nio-15] DEBUG reactor.netty.resources.PooledConnectionProvider - [id: 0x30e81d35, L:/127.0.0.1:49884 - R:localhost/127.0.0.1:8081] Releasing channel
20:29:40.057 [reactor-http-nio-16] DEBUG org.springframework.web.reactive.function.client.ExchangeFunctions - [411d2fc3] Response 200 OK
20:29:40.057 [reactor-http-nio-15] DEBUG reactor.netty.resources.PooledConnectionProvider - [id: 0x30e81d35, L:/127.0.0.1:49884 - R:localhost/127.0.0.1:8081] Channel cleaned, now 62 active connections and 4 inactive connections
20:29:40.057 [reactor-http-nio-2] DEBUG reactor.netty.resources.PooledConnectionProvider - [id: 0x5921853c, L:/127.0.0.1:49928 - R:localhost/127.0.0.1:8081] Releasing channel
20:29:40.057 [reactor-http-nio-11] DEBUG reactor.netty.channel.FluxReceive - [id: 0x5557723c, L:/127.0.0.1:49932 - R:localhost/127.0.0.1:8081] Subscribing inbound receiver [pending: 0, cancelled:false, inboundDone: false]
20:29:40.057 [reactor-http-nio-13] DEBUG reactor.netty.resources.PooledConnectionProvider - [id: 0x6e1bd8e9, L:/127.0.0.1:49914 - R:localhost/127.0.0.1:8081] onStateChange(GET{uri=/getUserLocation?userId=1793e6ca-b555-4530-bb20-ca8b4d86b5b5, connection=PooledConnection{channel=[id: 0x6e1bd8e9, L:/127.0.0.1:49914 - R:localhost/127.0.0.1:8081]}}, [disconnecting])
20:29:40.057 [reactor-http-nio-16] DEBUG reactor.netty.channel.FluxReceive - [id: 0xd94b0585, L:/127.0.0.1:49927 - R:localhost/127.0.0.1:8081] Subscribing inbound receiver [pending: 0, cancelled:false, inboundDone: false]
20:29:40.057 [reactor-http-nio-13] DEBUG reactor.netty.resources.PooledConnectionProvider - [id: 0x6e1bd8e9, L:/127.0.0.1:49914 - R:localhost/127.0.0.1:8081] Releasing channel
20:29:40.057 [reactor-http-nio-13] DEBUG reactor.netty.resources.PooledConnectionProvider - [id: 0x6e1bd8e9, L:/127.0.0.1:49914 - R:localhost/127.0.0.1:8081] Channel cleaned, now 60 active connections and 6 inactive connections
20:29:40.057 [reactor-http-nio-15] DEBUG reactor.netty.http.client.HttpClientOperations - [id: 0x0f728531, L:/127.0.0.1:49904 - R:localhost/127.0.0.1:8081] Received response (auto-read:false) : [Content-Type=application/json, Transfer-Encoding=chunked, Date=Tue, 29 Jun 2021 14:59:39 GMT]
20:29:40.057 [reactor-http-nio-15] DEBUG reactor.netty.resources.PooledConnectionProvider - [id: 0x0f728531, L:/127.0.0.1:49904 - R:localhost/127.0.0.1:8081] onStateChange(GET{uri=/getUserLocation?userId=d793ad3a-c8c3-4781-824a-706971a9c859, connection=PooledConnection{channel=[id: 0x0f728531, L:/127.0.0.1:49904 - R:localhost/127.0.0.1:8081]}}, [response_received])
20:29:40.057 [reactor-http-nio-15] DEBUG org.springframework.web.reactive.function.client.ExchangeFunctions - [4d1b5123] Response 200 OK
20:29:40.057 [reactor-http-nio-13] DEBUG reactor.netty.http.client.HttpClientOperations - [id: 0x4b9adda7, L:/127.0.0.1:49909 - R:localhost/127.0.0.1:8081] Received response (auto-read:false) : [Content-Type=application/json, Transfer-Encoding=chunked, Date=Tue, 29 Jun 2021 14:59:39 GMT]
20:29:40.058 [reactor-http-nio-13] DEBUG reactor.netty.resources.PooledConnectionProvider - [id: 0x4b9adda7, L:/127.0.0.1:49909 - R:localhost/127.0.0.1:8081] onStateChange(GET{uri=/getUserLocation?userId=3b63d3ea-586b-4bfa-acce-5667de25efbc, connection=PooledConnection{channel=[id: 0x4b9adda7, L:/127.0.0.1:49909 - R:localhost/127.0.0.1:8081]}}, [response_received])
20:29:40.058 [reactor-http-nio-13] DEBUG org.springframework.web.reactive.function.client.ExchangeFunctions - [7f05cf66] Response 200 OK
20:29:40.057 [reactor-http-nio-2] DEBUG reactor.netty.resources.PooledConnectionProvider - [id: 0x5921853c, L:/127.0.0.1:49928 - R:localhost/127.0.0.1:8081] Channel cleaned, now 61 active connections and 5 inactive connections
20:29:40.058 [reactor-http-nio-15] DEBUG reactor.netty.channel.FluxReceive - [id: 0x0f728531, L:/127.0.0.1:49904 - R:localhost/127.0.0.1:8081] Subscribing inbound receiver [pending: 0, cancelled:false, inboundDone: false]
20:29:40.058 [reactor-http-nio-15] DEBUG reactor.netty.http.client.HttpClientOperations - [id: 0x0f728531, L:/127.0.0.1:49904 - R:localhost/127.0.0.1:8081] Received last HTTP packet
20:29:40.058 [reactor-http-nio-13] DEBUG reactor.netty.channel.FluxReceive - [id: 0x4b9adda7, L:/127.0.0.1:49909 - R:localhost/127.0.0.1:8081] Subscribing inbound receiver [pending: 0, cancelled:false, inboundDone: false]
20:29:40.058 [reactor-http-nio-2] DEBUG reactor.netty.http.client.HttpClientOperations - [id: 0xbbc840e5, L:/127.0.0.1:49882 - R:localhost/127.0.0.1:8081] Received response (auto-read:false) : [Content-Type=application/json, Transfer-Encoding=chunked, Date=Tue, 29 Jun 2021 14:59:39 GMT]
20:29:40.058 [reactor-http-nio-2] DEBUG reactor.netty.resources.PooledConnectionProvider - [id: 0xbbc840e5, L:/127.0.0.1:49882 - R:localhost/127.0.0.1:8081] onStateChange(GET{uri=/getAttractions, connection=PooledConnection{channel=[id: 0xbbc840e5, L:/127.0.0.1:49882 - R:localhost/127.0.0.1:8081]}}, [response_received])
20:29:40.058 [reactor-http-nio-2] DEBUG org.springframework.web.reactive.function.client.ExchangeFunctions - [40faa1f6] Response 200 OK
20:29:40.057 [reactor-http-nio-11] DEBUG reactor.netty.http.client.HttpClientOperations - [id: 0x5557723c, L:/127.0.0.1:49932 - R:localhost/127.0.0.1:8081] Received last HTTP packet
20:29:40.058 [reactor-http-nio-11] DEBUG org.springframework.core.codec.StringDecoder - [215d5e04] Decoded "{"userId":"9008ef87-c248-4ad1-bc0b-c98de90fa78f","location":{"longitude":116.782744,"latitude":-41. (truncated)...
20:29:40.058 [reactor-http-nio-11] DEBUG reactor.netty.resources.PooledConnectionProvider - [id: 0x5557723c, L:/127.0.0.1:49932 - R:localhost/127.0.0.1:8081] onStateChange(GET{uri=/getUserLocation?userId=9008ef87-c248-4ad1-bc0b-c98de90fa78f, connection=PooledConnection{channel=[id: 0x5557723c, L:/127.0.0.1:49932 - R:localhost/127.0.0.1:8081]}}, [disconnecting])
20:29:40.058 [reactor-http-nio-11] DEBUG reactor.netty.resources.PooledConnectionProvider - [id: 0x5557723c, L:/127.0.0.1:49932 - R:localhost/127.0.0.1:8081] Releasing channel
20:29:40.058 [reactor-http-nio-11] DEBUG reactor.netty.resources.PooledConnectionProvider - [id: 0x5557723c, L:/127.0.0.1:49932 - R:localhost/127.0.0.1:8081] Channel cleaned, now 59 active connections and 7 inactive connections
20:29:40.057 [reactor-http-nio-16] DEBUG reactor.netty.http.client.HttpClientOperations - [id: 0xd94b0585, L:/127.0.0.1:49927 - R:localhost/127.0.0.1:8081] Received last HTTP packet
20:29:40.058 [reactor-http-nio-2] DEBUG reactor.netty.channel.FluxReceive - [id: 0xbbc840e5, L:/127.0.0.1:49882 - R:localhost/127.0.0.1:8081] Subscribing inbound receiver [pending: 0, cancelled:false, inboundDone: false]
20:29:40.059 [pool-13-thread-15] DEBUG org.springframework.web.reactive.function.client.ExchangeFunctions - [22660824] HTTP GET http://localhost:8081/getAttractions
20:29:40.059 [reactor-http-nio-16] DEBUG org.springframework.core.codec.StringDecoder - [411d2fc3] Decoded "{"userId":"00d1a9b3-5be2-4740-a4b8-9e9de34adcc4","location":{"longitude":164.483419,"latitude":-55. (truncated)...
20:29:40.058 [reactor-http-nio-15] DEBUG org.springframework.core.codec.StringDecoder - [4d1b5123] Decoded "{"userId":"d793ad3a-c8c3-4781-824a-706971a9c859","location":{"longitude":-85.905687,"latitude":-14. (truncated)...
20:29:40.059 [reactor-http-nio-16] DEBUG reactor.netty.resources.PooledConnectionProvider - [id: 0xd94b0585, L:/127.0.0.1:49927 - R:localhost/127.0.0.1:8081] onStateChange(GET{uri=/getUserLocation?userId=00d1a9b3-5be2-4740-a4b8-9e9de34adcc4, connection=PooledConnection{channel=[id: 0xd94b0585, L:/127.0.0.1:49927 - R:localhost/127.0.0.1:8081]}}, [disconnecting])
20:29:40.059 [reactor-http-nio-15] DEBUG reactor.netty.resources.PooledConnectionProvider - [id: 0x0f728531, L:/127.0.0.1:49904 - R:localhost/127.0.0.1:8081] onStateChange(GET{uri=/getUserLocation?userId=d793ad3a-c8c3-4781-824a-706971a9c859, connection=PooledConnection{channel=[id: 0x0f728531, L:/127.0.0.1:49904 - R:localhost/127.0.0.1:8081]}}, [disconnecting])
20:29:40.059 [reactor-http-nio-15] DEBUG reactor.netty.resources.PooledConnectionProvider - [id: 0x0f728531, L:/127.0.0.1:49904 - R:localhost/127.0.0.1:8081] Releasing channel
20:29:40.059 [reactor-http-nio-2] DEBUG reactor.netty.http.client.HttpClientOperations - [id: 0xbbc840e5, L:/127.0.0.1:49882 - R:localhost/127.0.0.1:8081] Received last HTTP packet
20:29:40.058 [reactor-http-nio-13] DEBUG reactor.netty.http.client.HttpClientOperations - [id: 0x4b9adda7, L:/127.0.0.1:49909 - R:localhost/127.0.0.1:8081] Received last HTTP packet
20:29:40.059 [reactor-http-nio-13] DEBUG org.springframework.core.codec.StringDecoder - [7f05cf66] Decoded "{"userId":"3b63d3ea-586b-4bfa-acce-5667de25efbc","location":{"longitude":52.14776,"latitude":-59.70 (truncated)...
20:29:40.059 [reactor-http-nio-13] DEBUG reactor.netty.resources.PooledConnectionProvider - [id: 0x4b9adda7, L:/127.0.0.1:49909 - R:localhost/127.0.0.1:8081] onStateChange(GET{uri=/getUserLocation?userId=3b63d3ea-586b-4bfa-acce-5667de25efbc, connection=PooledConnection{channel=[id: 0x4b9adda7, L:/127.0.0.1:49909 - R:localhost/127.0.0.1:8081]}}, [disconnecting])
20:29:40.059 [reactor-http-nio-13] DEBUG reactor.netty.resources.PooledConnectionProvider - [id: 0x4b9adda7, L:/127.0.0.1:49909 - R:localhost/127.0.0.1:8081] Releasing channel
20:29:40.059 [reactor-http-nio-13] DEBUG reactor.netty.resources.PooledConnectionProvider - [id: 0x4b9adda7, L:/127.0.0.1:49909 - R:localhost/127.0.0.1:8081] Channel cleaned, now 57 active connections and 9 inactive connections
20:29:40.059 [reactor-http-nio-13] DEBUG reactor.netty.resources.PooledConnectionProvider - [id: 0x3d1cc9c3, L:/127.0.0.1:49878 - R:localhost/127.0.0.1:8081] Channel acquired, now 58 active connections and 8 inactive connections
20:29:40.059 [reactor-http-nio-13] DEBUG reactor.netty.http.client.HttpClientConnect - [id: 0x3d1cc9c3, L:/127.0.0.1:49878 - R:localhost/127.0.0.1:8081] Handler is being applied: {uri=http://localhost:8081/getAttractions, method=GET}
20:29:40.059 [pool-13-thread-54] DEBUG org.springframework.web.reactive.function.client.ExchangeFunctions - [260fb5d9] HTTP GET http://localhost:8081/getAttractions
20:29:40.060 [reactor-http-nio-13] DEBUG reactor.netty.resources.PooledConnectionProvider - [id: 0x3d1cc9c3, L:/127.0.0.1:49878 - R:localhost/127.0.0.1:8081] onStateChange(GET{uri=/getAttractions, connection=PooledConnection{channel=[id: 0x3d1cc9c3, L:/127.0.0.1:49878 - R:localhost/127.0.0.1:8081]}}, [request_sent])
20:29:40.059 [pool-13-thread-33] DEBUG org.springframework.web.reactive.function.client.ExchangeFunctions - [3e98bbfb] HTTP GET http://localhost:8081/getAttractions
20:29:40.060 [pool-13-thread-50] DEBUG org.springframework.web.reactive.function.client.ExchangeFunctions - [2f9ab45f] HTTP GET http://localhost:8081/getAttractions
20:29:40.059 [reactor-http-nio-16] DEBUG reactor.netty.resources.PooledConnectionProvider - [id: 0xd94b0585, L:/127.0.0.1:49927 - R:localhost/127.0.0.1:8081] Releasing channel
20:29:40.061 [reactor-http-nio-12] DEBUG reactor.netty.http.client.HttpClientOperations - [id: 0x622ee18f, L:/127.0.0.1:49911 - R:localhost/127.0.0.1:8081] Received response (auto-read:false) : [Content-Type=application/json, Transfer-Encoding=chunked, Date=Tue, 29 Jun 2021 14:59:39 GMT]
20:29:40.061 [reactor-http-nio-16] DEBUG reactor.netty.resources.PooledConnectionProvider - [id: 0xd94b0585, L:/127.0.0.1:49927 - R:localhost/127.0.0.1:8081] Channel cleaned, now 57 active connections and 9 inactive connections
20:29:40.061 [reactor-http-nio-12] DEBUG reactor.netty.resources.PooledConnectionProvider - [id: 0x622ee18f, L:/127.0.0.1:49911 - R:localhost/127.0.0.1:8081] onStateChange(GET{uri=/getUserLocation?userId=1d4177fd-1f0f-4003-a58d-e9a6a1287749, connection=PooledConnection{channel=[id: 0x622ee18f, L:/127.0.0.1:49911 - R:localhost/127.0.0.1:8081]}}, [response_received])
20:29:40.059 [reactor-http-nio-15] DEBUG reactor.netty.resources.PooledConnectionProvider - [id: 0x0f728531, L:/127.0.0.1:49904 - R:localhost/127.0.0.1:8081] Channel cleaned, now 58 active connections and 8 inactive connections
20:29:40.059 [reactor-http-nio-2] DEBUG org.springframework.core.codec.StringDecoder - [40faa1f6] Decoded "[{"longitude":-117.922008,"latitude":33.817595,"attractionName":"Disneyland","city":"Anaheim","stat (truncated)...
20:29:40.060 [pool-13-thread-47] DEBUG org.springframework.web.reactive.function.client.ExchangeFunctions - [43dcb6f0] HTTP GET http://localhost:8081/getAttractions
20:29:40.061 [reactor-http-nio-2] DEBUG reactor.netty.resources.PooledConnectionProvider - [id: 0xbbc840e5, L:/127.0.0.1:49882 - R:localhost/127.0.0.1:8081] onStateChange(GET{uri=/getAttractions, connection=PooledConnection{channel=[id: 0xbbc840e5, L:/127.0.0.1:49882 - R:localhost/127.0.0.1:8081]}}, [disconnecting])
20:29:40.061 [reactor-http-nio-2] DEBUG reactor.netty.resources.PooledConnectionProvider - [id: 0xbbc840e5, L:/127.0.0.1:49882 - R:localhost/127.0.0.1:8081] Releasing channel
20:29:40.061 [reactor-http-nio-12] DEBUG org.springframework.web.reactive.function.client.ExchangeFunctions - [a315fbd] Response 200 OK
20:29:40.060 [pool-13-thread-58] DEBUG org.springframework.web.reactive.function.client.ExchangeFunctions - [4fdac990] HTTP GET http://localhost:8081/getAttractions
20:29:40.061 [reactor-http-nio-15] DEBUG reactor.netty.http.client.HttpClientOperations - [id: 0xefe012b0, L:/127.0.0.1:49889 - R:localhost/127.0.0.1:8081] Received response (auto-read:false) : [Content-Type=application/json, Transfer-Encoding=chunked, Date=Tue, 29 Jun 2021 14:59:39 GMT]
20:29:40.061 [reactor-http-nio-15] DEBUG reactor.netty.resources.PooledConnectionProvider - [id: 0xefe012b0, L:/127.0.0.1:49889 - R:localhost/127.0.0.1:8081] onStateChange(GET{uri=/getAttractions, connection=PooledConnection{channel=[id: 0xefe012b0, L:/127.0.0.1:49889 - R:localhost/127.0.0.1:8081]}}, [response_received])
20:29:40.061 [reactor-http-nio-13] DEBUG reactor.netty.http.client.HttpClientOperations - [id: 0x93eb028b, L:/127.0.0.1:49917 - R:localhost/127.0.0.1:8081] Received response (auto-read:false) : [Content-Type=application/json, Transfer-Encoding=chunked, Date=Tue, 29 Jun 2021 14:59:39 GMT]
20:29:40.062 [reactor-http-nio-15] DEBUG org.springframework.web.reactive.function.client.ExchangeFunctions - [3e9f99b] Response 200 OK
20:29:40.062 [reactor-http-nio-13] DEBUG reactor.netty.resources.PooledConnectionProvider - [id: 0x93eb028b, L:/127.0.0.1:49917 - R:localhost/127.0.0.1:8081] onStateChange(GET{uri=/getUserLocation?userId=ca0977da-13ae-4a07-848a-83dc602bd85e, connection=PooledConnection{channel=[id: 0x93eb028b, L:/127.0.0.1:49917 - R:localhost/127.0.0.1:8081]}}, [response_received])
20:29:40.061 [reactor-http-nio-10] DEBUG reactor.netty.http.client.HttpClientOperations - [id: 0xb00ef751, L:/127.0.0.1:49896 - R:localhost/127.0.0.1:8081] Received response (auto-read:false) : [Content-Type=application/json, Transfer-Encoding=chunked, Date=Tue, 29 Jun 2021 14:59:39 GMT]
20:29:40.061 [reactor-http-nio-2] DEBUG reactor.netty.resources.PooledConnectionProvider - [id: 0xbbc840e5, L:/127.0.0.1:49882 - R:localhost/127.0.0.1:8081] Channel cleaned, now 56 active connections and 10 inactive connections
20:29:40.062 [reactor-http-nio-10] DEBUG reactor.netty.resources.PooledConnectionProvider - [id: 0xb00ef751, L:/127.0.0.1:49896 - R:localhost/127.0.0.1:8081] onStateChange(GET{uri=/getUserLocation?userId=ce40b025-7726-490b-896d-2db78635894d, connection=PooledConnection{channel=[id: 0xb00ef751, L:/127.0.0.1:49896 - R:localhost/127.0.0.1:8081]}}, [response_received])
20:29:40.062 [reactor-http-nio-12] DEBUG reactor.netty.channel.FluxReceive - [id: 0x622ee18f, L:/127.0.0.1:49911 - R:localhost/127.0.0.1:8081] Subscribing inbound receiver [pending: 0, cancelled:false, inboundDone: false]
20:29:40.062 [reactor-http-nio-11] DEBUG reactor.netty.http.client.HttpClientOperations - [id: 0x543091a3, L:/127.0.0.1:49885 - R:localhost/127.0.0.1:8081] Received response (auto-read:false) : [Content-Type=application/json, Transfer-Encoding=chunked, Date=Tue, 29 Jun 2021 14:59:39 GMT]
20:29:40.062 [reactor-http-nio-11] DEBUG reactor.netty.resources.PooledConnectionProvider - [id: 0x543091a3, L:/127.0.0.1:49885 - R:localhost/127.0.0.1:8081] onStateChange(GET{uri=/getAttractions, connection=PooledConnection{channel=[id: 0x543091a3, L:/127.0.0.1:49885 - R:localhost/127.0.0.1:8081]}}, [response_received])
20:29:40.062 [reactor-http-nio-10] DEBUG org.springframework.web.reactive.function.client.ExchangeFunctions - [121e73de] Response 200 OK
20:29:40.062 [reactor-http-nio-15] DEBUG reactor.netty.channel.FluxReceive - [id: 0xefe012b0, L:/127.0.0.1:49889 - R:localhost/127.0.0.1:8081] Subscribing inbound receiver [pending: 0, cancelled:false, inboundDone: false]
20:29:40.062 [pool-13-thread-17] DEBUG org.springframework.web.reactive.function.client.ExchangeFunctions - [71c23ef6] HTTP GET http://localhost:8081/getAttractions
20:29:40.062 [reactor-http-nio-12] DEBUG reactor.netty.http.client.HttpClientOperations - [id: 0x622ee18f, L:/127.0.0.1:49911 - R:localhost/127.0.0.1:8081] Received last HTTP packet
20:29:40.062 [reactor-http-nio-13] DEBUG org.springframework.web.reactive.function.client.ExchangeFunctions - [c939bd4] Response 200 OK
20:29:40.062 [reactor-http-nio-11] DEBUG org.springframework.web.reactive.function.client.ExchangeFunctions - [491cf974] Response 200 OK
20:29:40.062 [reactor-http-nio-12] DEBUG org.springframework.core.codec.StringDecoder - [a315fbd] Decoded "{"userId":"1d4177fd-1f0f-4003-a58d-e9a6a1287749","location":{"longitude":-113.770527,"latitude":38. (truncated)...
20:29:40.062 [reactor-http-nio-15] DEBUG reactor.netty.http.client.HttpClientOperations - [id: 0xefe012b0, L:/127.0.0.1:49889 - R:localhost/127.0.0.1:8081] Received last HTTP packet
20:29:40.062 [reactor-http-nio-10] DEBUG reactor.netty.channel.FluxReceive - [id: 0xb00ef751, L:/127.0.0.1:49896 - R:localhost/127.0.0.1:8081] Subscribing inbound receiver [pending: 0, cancelled:false, inboundDone: false]
20:29:40.062 [reactor-http-nio-12] DEBUG reactor.netty.resources.PooledConnectionProvider - [id: 0x622ee18f, L:/127.0.0.1:49911 - R:localhost/127.0.0.1:8081] onStateChange(GET{uri=/getUserLocation?userId=1d4177fd-1f0f-4003-a58d-e9a6a1287749, connection=PooledConnection{channel=[id: 0x622ee18f, L:/127.0.0.1:49911 - R:localhost/127.0.0.1:8081]}}, [disconnecting])
20:29:40.062 [reactor-http-nio-13] DEBUG reactor.netty.channel.FluxReceive - [id: 0x93eb028b, L:/127.0.0.1:49917 - R:localhost/127.0.0.1:8081] Subscribing inbound receiver [pending: 0, cancelled:false, inboundDone: false]
20:29:40.062 [reactor-http-nio-11] DEBUG reactor.netty.channel.FluxReceive - [id: 0x543091a3, L:/127.0.0.1:49885 - R:localhost/127.0.0.1:8081] Subscribing inbound receiver [pending: 0, cancelled:false, inboundDone: false]
20:29:40.062 [reactor-http-nio-12] DEBUG reactor.netty.resources.PooledConnectionProvider - [id: 0x622ee18f, L:/127.0.0.1:49911 - R:localhost/127.0.0.1:8081] Releasing channel
20:29:40.062 [reactor-http-nio-10] DEBUG reactor.netty.http.client.HttpClientOperations - [id: 0xb00ef751, L:/127.0.0.1:49896 - R:localhost/127.0.0.1:8081] Received last HTTP packet
20:29:40.062 [reactor-http-nio-12] DEBUG reactor.netty.resources.PooledConnectionProvider - [id: 0x622ee18f, L:/127.0.0.1:49911 - R:localhost/127.0.0.1:8081] Channel cleaned, now 55 active connections and 11 inactive connections
20:29:40.062 [reactor-http-nio-11] DEBUG reactor.netty.http.client.HttpClientOperations - [id: 0x543091a3, L:/127.0.0.1:49885 - R:localhost/127.0.0.1:8081] Received last HTTP packet
20:29:40.062 [reactor-http-nio-10] DEBUG org.springframework.core.codec.StringDecoder - [121e73de] Decoded "{"userId":"ce40b025-7726-490b-896d-2db78635894d","location":{"longitude":-26.837258,"latitude":-3.5 (truncated)...
20:29:40.062 [reactor-http-nio-13] DEBUG reactor.netty.http.client.HttpClientOperations - [id: 0x93eb028b, L:/127.0.0.1:49917 - R:localhost/127.0.0.1:8081] Received last HTTP packet
20:29:40.062 [reactor-http-nio-15] DEBUG org.springframework.core.codec.StringDecoder - [3e9f99b] Decoded "[{"longitude":-117.922008,"latitude":33.817595,"attractionName":"Disneyland","city":"Anaheim","stat (truncated)...
20:29:40.062 [reactor-http-nio-2] DEBUG reactor.netty.resources.PooledConnectionProvider - [id: 0x3adc52e3, L:/127.0.0.1:49881 - R:localhost/127.0.0.1:8081] Channel acquired, now 56 active connections and 10 inactive connections
20:29:40.062 [reactor-http-nio-15] DEBUG reactor.netty.resources.PooledConnectionProvider - [id: 0xefe012b0, L:/127.0.0.1:49889 - R:localhost/127.0.0.1:8081] onStateChange(GET{uri=/getAttractions, connection=PooledConnection{channel=[id: 0xefe012b0, L:/127.0.0.1:49889 - R:localhost/127.0.0.1:8081]}}, [disconnecting])
20:29:40.062 [reactor-http-nio-15] DEBUG reactor.netty.resources.PooledConnectionProvider - [id: 0xefe012b0, L:/127.0.0.1:49889 - R:localhost/127.0.0.1:8081] Releasing channel
20:29:40.062 [reactor-http-nio-2] DEBUG reactor.netty.http.client.HttpClientConnect - [id: 0x3adc52e3, L:/127.0.0.1:49881 - R:localhost/127.0.0.1:8081] Handler is being applied: {uri=http://localhost:8081/getAttractions, method=GET}
20:29:40.063 [reactor-http-nio-15] DEBUG reactor.netty.resources.PooledConnectionProvider - [id: 0xefe012b0, L:/127.0.0.1:49889 - R:localhost/127.0.0.1:8081] Channel cleaned, now 55 active connections and 11 inactive connections
20:29:40.063 [reactor-http-nio-11] DEBUG org.springframework.core.codec.StringDecoder - [491cf974] Decoded "[{"longitude":-117.922008,"latitude":33.817595,"attractionName":"Disneyland","city":"Anaheim","stat (truncated)...
20:29:40.062 [reactor-http-nio-10] DEBUG reactor.netty.resources.PooledConnectionProvider - [id: 0xb00ef751, L:/127.0.0.1:49896 - R:localhost/127.0.0.1:8081] onStateChange(GET{uri=/getUserLocation?userId=ce40b025-7726-490b-896d-2db78635894d, connection=PooledConnection{channel=[id: 0xb00ef751, L:/127.0.0.1:49896 - R:localhost/127.0.0.1:8081]}}, [disconnecting])
20:29:40.063 [reactor-http-nio-11] DEBUG reactor.netty.resources.PooledConnectionProvider - [id: 0x543091a3, L:/127.0.0.1:49885 - R:localhost/127.0.0.1:8081] onStateChange(GET{uri=/getAttractions, connection=PooledConnection{channel=[id: 0x543091a3, L:/127.0.0.1:49885 - R:localhost/127.0.0.1:8081]}}, [disconnecting])
20:29:40.063 [reactor-http-nio-11] DEBUG reactor.netty.resources.PooledConnectionProvider - [id: 0x543091a3, L:/127.0.0.1:49885 - R:localhost/127.0.0.1:8081] Releasing channel
20:29:40.063 [reactor-http-nio-11] DEBUG reactor.netty.resources.PooledConnectionProvider - [id: 0x543091a3, L:/127.0.0.1:49885 - R:localhost/127.0.0.1:8081] Channel cleaned, now 55 active connections and 11 inactive connections
20:29:40.063 [reactor-http-nio-13] DEBUG org.springframework.core.codec.StringDecoder - [c939bd4] Decoded "{"userId":"ca0977da-13ae-4a07-848a-83dc602bd85e","location":{"longitude":-154.811682,"latitude":-8. (truncated)...
20:29:40.063 [reactor-http-nio-13] DEBUG reactor.netty.resources.PooledConnectionProvider - [id: 0x93eb028b, L:/127.0.0.1:49917 - R:localhost/127.0.0.1:8081] onStateChange(GET{uri=/getUserLocation?userId=ca0977da-13ae-4a07-848a-83dc602bd85e, connection=PooledConnection{channel=[id: 0x93eb028b, L:/127.0.0.1:49917 - R:localhost/127.0.0.1:8081]}}, [disconnecting])
20:29:40.063 [reactor-http-nio-13] DEBUG reactor.netty.resources.PooledConnectionProvider - [id: 0x93eb028b, L:/127.0.0.1:49917 - R:localhost/127.0.0.1:8081] Releasing channel
20:29:40.063 [reactor-http-nio-2] DEBUG reactor.netty.resources.PooledConnectionProvider - [id: 0x3adc52e3, L:/127.0.0.1:49881 - R:localhost/127.0.0.1:8081] onStateChange(GET{uri=/getAttractions, connection=PooledConnection{channel=[id: 0x3adc52e3, L:/127.0.0.1:49881 - R:localhost/127.0.0.1:8081]}}, [request_sent])
20:29:40.063 [reactor-http-nio-12] DEBUG reactor.netty.http.client.HttpClientOperations - [id: 0x5a829f34, L:/127.0.0.1:49910 - R:localhost/127.0.0.1:8081] Received response (auto-read:false) : [Content-Type=application/json, Transfer-Encoding=chunked, Date=Tue, 29 Jun 2021 14:59:39 GMT]
20:29:40.063 [reactor-http-nio-12] DEBUG reactor.netty.resources.PooledConnectionProvider - [id: 0x5a829f34, L:/127.0.0.1:49910 - R:localhost/127.0.0.1:8081] onStateChange(GET{uri=/getAttractions, connection=PooledConnection{channel=[id: 0x5a829f34, L:/127.0.0.1:49910 - R:localhost/127.0.0.1:8081]}}, [response_received])
20:29:40.063 [reactor-http-nio-12] DEBUG org.springframework.web.reactive.function.client.ExchangeFunctions - [79cda17a] Response 200 OK
20:29:40.063 [pool-13-thread-51] DEBUG org.springframework.web.reactive.function.client.ExchangeFunctions - [44c53d31] HTTP GET http://localhost:8081/getUserLocation?userId=5affea08-2985-4251-bd8e-5b5458fb12b5
20:29:40.063 [reactor-http-nio-12] DEBUG reactor.netty.channel.FluxReceive - [id: 0x5a829f34, L:/127.0.0.1:49910 - R:localhost/127.0.0.1:8081] Subscribing inbound receiver [pending: 0, cancelled:false, inboundDone: false]
20:29:40.063 [reactor-http-nio-15] DEBUG reactor.netty.resources.PooledConnectionProvider - [id: 0x30e81d35, L:/127.0.0.1:49884 - R:localhost/127.0.0.1:8081] Channel acquired, now 56 active connections and 10 inactive connections
20:29:40.064 [reactor-http-nio-15] DEBUG reactor.netty.http.client.HttpClientConnect - [id: 0x30e81d35, L:/127.0.0.1:49884 - R:localhost/127.0.0.1:8081] Handler is being applied: {uri=http://localhost:8081/getAttractions, method=GET}
20:29:40.064 [pool-13-thread-57] DEBUG org.springframework.web.reactive.function.client.ExchangeFunctions - [4f6a08b] HTTP GET http://localhost:8081/getAttractions
20:29:40.064 [reactor-http-nio-11] DEBUG reactor.netty.resources.PooledConnectionProvider - [id: 0x5557723c, L:/127.0.0.1:49932 - R:localhost/127.0.0.1:8081] Channel acquired, now 55 active connections and 11 inactive connections
20:29:40.063 [reactor-http-nio-10] DEBUG reactor.netty.resources.PooledConnectionProvider - [id: 0xb00ef751, L:/127.0.0.1:49896 - R:localhost/127.0.0.1:8081] Releasing channel
20:29:40.064 [reactor-http-nio-11] DEBUG reactor.netty.http.client.HttpClientConnect - [id: 0x5557723c, L:/127.0.0.1:49932 - R:localhost/127.0.0.1:8081] Handler is being applied: {uri=http://localhost:8081/getAttractions, method=GET}
20:29:40.064 [reactor-http-nio-10] DEBUG reactor.netty.resources.PooledConnectionProvider - [id: 0xb00ef751, L:/127.0.0.1:49896 - R:localhost/127.0.0.1:8081] Channel cleaned, now 54 active connections and 12 inactive connections
20:29:40.064 [reactor-http-nio-15] DEBUG reactor.netty.resources.PooledConnectionProvider - [id: 0x30e81d35, L:/127.0.0.1:49884 - R:localhost/127.0.0.1:8081] onStateChange(GET{uri=/getAttractions, connection=PooledConnection{channel=[id: 0x30e81d35, L:/127.0.0.1:49884 - R:localhost/127.0.0.1:8081]}}, [request_sent])
20:29:40.063 [reactor-http-nio-13] DEBUG reactor.netty.resources.PooledConnectionProvider - [id: 0x93eb028b, L:/127.0.0.1:49917 - R:localhost/127.0.0.1:8081] Channel cleaned, now 54 active connections and 12 inactive connections
20:29:40.064 [reactor-http-nio-2] DEBUG reactor.netty.resources.PooledConnectionProvider - [id: 0x5921853c, L:/127.0.0.1:49928 - R:localhost/127.0.0.1:8081] Channel acquired, now 55 active connections and 11 inactive connections
20:29:40.064 [pool-13-thread-36] DEBUG org.springframework.web.reactive.function.client.ExchangeFunctions - [1cd98fed] HTTP GET http://localhost:8081/getAttractions
20:29:40.064 [reactor-http-nio-2] DEBUG reactor.netty.http.client.HttpClientConnect - [id: 0x5921853c, L:/127.0.0.1:49928 - R:localhost/127.0.0.1:8081] Handler is being applied: {uri=http://localhost:8081/getAttractions, method=GET}
20:29:40.064 [reactor-http-nio-11] DEBUG reactor.netty.resources.PooledConnectionProvider - [id: 0x5557723c, L:/127.0.0.1:49932 - R:localhost/127.0.0.1:8081] onStateChange(GET{uri=/getAttractions, connection=PooledConnection{channel=[id: 0x5557723c, L:/127.0.0.1:49932 - R:localhost/127.0.0.1:8081]}}, [request_sent])
20:29:40.064 [reactor-http-nio-13] DEBUG reactor.netty.resources.PooledConnectionProvider - [id: 0x99ebd170, L:/127.0.0.1:49872 - R:localhost/127.0.0.1:8081] Channel acquired, now 56 active connections and 10 inactive connections
20:29:40.064 [reactor-http-nio-13] DEBUG reactor.netty.http.client.HttpClientConnect - [id: 0x99ebd170, L:/127.0.0.1:49872 - R:localhost/127.0.0.1:8081] Handler is being applied: {uri=http://localhost:8081/getUserLocation?userId=9664e43b-818c-49b9-9e90-1a88120f822f, method=GET}
20:29:40.064 [reactor-http-nio-12] DEBUG reactor.netty.http.client.HttpClientOperations - [id: 0x5a829f34, L:/127.0.0.1:49910 - R:localhost/127.0.0.1:8081] Received last HTTP packet
20:29:40.064 [reactor-http-nio-15] DEBUG reactor.netty.resources.PooledConnectionProvider - [id: 0x0f728531, L:/127.0.0.1:49904 - R:localhost/127.0.0.1:8081] Channel acquired, now 57 active connections and 9 inactive connections
20:29:40.064 [reactor-http-nio-15] DEBUG reactor.netty.http.client.HttpClientConnect - [id: 0x0f728531, L:/127.0.0.1:49904 - R:localhost/127.0.0.1:8081] Handler is being applied: {uri=http://localhost:8081/getAttractions, method=GET}
20:29:40.065 [reactor-http-nio-2] DEBUG reactor.netty.resources.PooledConnectionProvider - [id: 0x5921853c, L:/127.0.0.1:49928 - R:localhost/127.0.0.1:8081] onStateChange(GET{uri=/getAttractions, connection=PooledConnection{channel=[id: 0x5921853c, L:/127.0.0.1:49928 - R:localhost/127.0.0.1:8081]}}, [request_sent])
20:29:40.065 [pool-13-thread-46] DEBUG org.springframework.web.reactive.function.client.ExchangeFunctions - [7d67d3e] HTTP GET http://localhost:8081/getUserLocation?userId=d5071696-2a77-4038-9e02-5f684573ec83
20:29:40.065 [pool-13-thread-32] DEBUG org.springframework.web.reactive.function.client.ExchangeFunctions - [4d23748f] HTTP GET http://localhost:8081/getUserLocation?userId=f7f2a7ab-678b-4f01-94c6-5e54bef7d6b9
20:29:40.065 [reactor-http-nio-13] DEBUG reactor.netty.resources.PooledConnectionProvider - [id: 0x99ebd170, L:/127.0.0.1:49872 - R:localhost/127.0.0.1:8081] onStateChange(GET{uri=/getUserLocation?userId=9664e43b-818c-49b9-9e90-1a88120f822f, connection=PooledConnection{channel=[id: 0x99ebd170, L:/127.0.0.1:49872 - R:localhost/127.0.0.1:8081]}}, [request_sent])
20:29:40.065 [reactor-http-nio-12] DEBUG org.springframework.core.codec.StringDecoder - [79cda17a] Decoded "[{"longitude":-117.922008,"latitude":33.817595,"attractionName":"Disneyland","city":"Anaheim","stat (truncated)...
20:29:40.065 [reactor-http-nio-12] DEBUG reactor.netty.resources.PooledConnectionProvider - [id: 0x5a829f34, L:/127.0.0.1:49910 - R:localhost/127.0.0.1:8081] onStateChange(GET{uri=/getAttractions, connection=PooledConnection{channel=[id: 0x5a829f34, L:/127.0.0.1:49910 - R:localhost/127.0.0.1:8081]}}, [disconnecting])
20:29:40.065 [reactor-http-nio-12] DEBUG reactor.netty.resources.PooledConnectionProvider - [id: 0x5a829f34, L:/127.0.0.1:49910 - R:localhost/127.0.0.1:8081] Releasing channel
20:29:40.065 [reactor-http-nio-12] DEBUG reactor.netty.resources.PooledConnectionProvider - [id: 0x5a829f34, L:/127.0.0.1:49910 - R:localhost/127.0.0.1:8081] Channel cleaned, now 56 active connections and 10 inactive connections
20:29:40.065 [reactor-http-nio-15] DEBUG reactor.netty.resources.PooledConnectionProvider - [id: 0x0f728531, L:/127.0.0.1:49904 - R:localhost/127.0.0.1:8081] onStateChange(GET{uri=/getAttractions, connection=PooledConnection{channel=[id: 0x0f728531, L:/127.0.0.1:49904 - R:localhost/127.0.0.1:8081]}}, [request_sent])
20:29:40.065 [reactor-http-nio-15] DEBUG reactor.netty.resources.PooledConnectionProvider - [id: 0xefe012b0, L:/127.0.0.1:49889 - R:localhost/127.0.0.1:8081] Channel acquired, now 59 active connections and 6 inactive connections
20:29:40.065 [reactor-http-nio-2] DEBUG reactor.netty.resources.PooledConnectionProvider - [id: 0xbbc840e5, L:/127.0.0.1:49882 - R:localhost/127.0.0.1:8081] Channel acquired, now 57 active connections and 9 inactive connections
20:29:40.065 [reactor-http-nio-11] DEBUG reactor.netty.resources.PooledConnectionProvider - [id: 0x543091a3, L:/127.0.0.1:49885 - R:localhost/127.0.0.1:8081] Channel acquired, now 58 active connections and 8 inactive connections
20:29:40.065 [reactor-http-nio-15] DEBUG reactor.netty.http.client.HttpClientConnect - [id: 0xefe012b0, L:/127.0.0.1:49889 - R:localhost/127.0.0.1:8081] Handler is being applied: {uri=http://localhost:8081/getUserLocation?userId=d5071696-2a77-4038-9e02-5f684573ec83, method=GET}
20:29:40.065 [reactor-http-nio-12] DEBUG reactor.netty.resources.PooledConnectionProvider - [id: 0x622ee18f, L:/127.0.0.1:49911 - R:localhost/127.0.0.1:8081] Channel acquired, now 61 active connections and 5 inactive connections
20:29:40.065 [reactor-http-nio-2] DEBUG reactor.netty.http.client.HttpClientConnect - [id: 0xbbc840e5, L:/127.0.0.1:49882 - R:localhost/127.0.0.1:8081] Handler is being applied: {uri=http://localhost:8081/getAttractions, method=GET}
20:29:40.065 [reactor-http-nio-11] DEBUG reactor.netty.http.client.HttpClientConnect - [id: 0x543091a3, L:/127.0.0.1:49885 - R:localhost/127.0.0.1:8081] Handler is being applied: {uri=http://localhost:8081/getUserLocation?userId=f7f2a7ab-678b-4f01-94c6-5e54bef7d6b9, method=GET}
20:29:40.065 [reactor-http-nio-13] DEBUG reactor.netty.http.client.HttpClientOperations - [id: 0x834a6289, L:/127.0.0.1:49920 - R:localhost/127.0.0.1:8081] Received response (auto-read:false) : [Content-Type=application/json, Transfer-Encoding=chunked, Date=Tue, 29 Jun 2021 14:59:39 GMT]
20:29:40.065 [reactor-http-nio-16] DEBUG reactor.netty.resources.PooledConnectionProvider - [id: 0xd94b0585, L:/127.0.0.1:49927 - R:localhost/127.0.0.1:8081] Channel acquired, now 60 active connections and 6 inactive connections
20:29:40.065 [reactor-http-nio-13] DEBUG reactor.netty.resources.PooledConnectionProvider - [id: 0x834a6289, L:/127.0.0.1:49920 - R:localhost/127.0.0.1:8081] onStateChange(GET{uri=/getUserLocation?userId=53f0cab0-8dce-41b8-9879-41c52caf1aea, connection=PooledConnection{channel=[id: 0x834a6289, L:/127.0.0.1:49920 - R:localhost/127.0.0.1:8081]}}, [response_received])
20:29:40.065 [pool-13-thread-48] DEBUG org.springframework.web.reactive.function.client.ExchangeFunctions - [2546436] HTTP GET http://localhost:8081/getAttractions
20:29:40.065 [reactor-http-nio-12] DEBUG reactor.netty.http.client.HttpClientConnect - [id: 0x622ee18f, L:/127.0.0.1:49911 - R:localhost/127.0.0.1:8081] Handler is being applied: {uri=http://localhost:8081/getAttractions, method=GET}
20:29:40.066 [reactor-http-nio-13] DEBUG org.springframework.web.reactive.function.client.ExchangeFunctions - [2be73efd] Response 200 OK
20:29:40.065 [reactor-http-nio-16] DEBUG reactor.netty.http.client.HttpClientConnect - [id: 0xd94b0585, L:/127.0.0.1:49927 - R:localhost/127.0.0.1:8081] Handler is being applied: {uri=http://localhost:8081/getUserLocation?userId=5affea08-2985-4251-bd8e-5b5458fb12b5, method=GET}
20:29:40.066 [reactor-http-nio-11] DEBUG reactor.netty.resources.PooledConnectionProvider - [id: 0x543091a3, L:/127.0.0.1:49885 - R:localhost/127.0.0.1:8081] onStateChange(GET{uri=/getUserLocation?userId=f7f2a7ab-678b-4f01-94c6-5e54bef7d6b9, connection=PooledConnection{channel=[id: 0x543091a3, L:/127.0.0.1:49885 - R:localhost/127.0.0.1:8081]}}, [request_sent])
20:29:40.066 [reactor-http-nio-12] DEBUG reactor.netty.resources.PooledConnectionProvider - [id: 0x622ee18f, L:/127.0.0.1:49911 - R:localhost/127.0.0.1:8081] onStateChange(GET{uri=/getAttractions, connection=PooledConnection{channel=[id: 0x622ee18f, L:/127.0.0.1:49911 - R:localhost/127.0.0.1:8081]}}, [request_sent])
20:29:40.066 [reactor-http-nio-15] DEBUG reactor.netty.resources.PooledConnectionProvider - [id: 0xefe012b0, L:/127.0.0.1:49889 - R:localhost/127.0.0.1:8081] onStateChange(GET{uri=/getUserLocation?userId=d5071696-2a77-4038-9e02-5f684573ec83, connection=PooledConnection{channel=[id: 0xefe012b0, L:/127.0.0.1:49889 - R:localhost/127.0.0.1:8081]}}, [request_sent])
20:29:40.066 [reactor-http-nio-16] DEBUG reactor.netty.resources.PooledConnectionProvider - [id: 0xd94b0585, L:/127.0.0.1:49927 - R:localhost/127.0.0.1:8081] onStateChange(GET{uri=/getUserLocation?userId=5affea08-2985-4251-bd8e-5b5458fb12b5, connection=PooledConnection{channel=[id: 0xd94b0585, L:/127.0.0.1:49927 - R:localhost/127.0.0.1:8081]}}, [request_sent])
20:29:40.066 [reactor-http-nio-2] DEBUG reactor.netty.resources.PooledConnectionProvider - [id: 0xbbc840e5, L:/127.0.0.1:49882 - R:localhost/127.0.0.1:8081] onStateChange(GET{uri=/getAttractions, connection=PooledConnection{channel=[id: 0xbbc840e5, L:/127.0.0.1:49882 - R:localhost/127.0.0.1:8081]}}, [request_sent])
20:29:40.066 [reactor-http-nio-13] DEBUG reactor.netty.channel.FluxReceive - [id: 0x834a6289, L:/127.0.0.1:49920 - R:localhost/127.0.0.1:8081] Subscribing inbound receiver [pending: 0, cancelled:false, inboundDone: false]
20:29:40.066 [reactor-http-nio-13] DEBUG reactor.netty.http.client.HttpClientOperations - [id: 0x834a6289, L:/127.0.0.1:49920 - R:localhost/127.0.0.1:8081] Received last HTTP packet
20:29:40.066 [reactor-http-nio-13] DEBUG org.springframework.core.codec.StringDecoder - [2be73efd] Decoded "{"userId":"53f0cab0-8dce-41b8-9879-41c52caf1aea","location":{"longitude":37.557946,"latitude":58.44 (truncated)...
20:29:40.066 [reactor-http-nio-13] DEBUG reactor.netty.resources.PooledConnectionProvider - [id: 0x834a6289, L:/127.0.0.1:49920 - R:localhost/127.0.0.1:8081] onStateChange(GET{uri=/getUserLocation?userId=53f0cab0-8dce-41b8-9879-41c52caf1aea, connection=PooledConnection{channel=[id: 0x834a6289, L:/127.0.0.1:49920 - R:localhost/127.0.0.1:8081]}}, [disconnecting])
20:29:40.067 [reactor-http-nio-13] DEBUG reactor.netty.resources.PooledConnectionProvider - [id: 0x834a6289, L:/127.0.0.1:49920 - R:localhost/127.0.0.1:8081] Releasing channel
20:29:40.067 [reactor-http-nio-13] DEBUG reactor.netty.resources.PooledConnectionProvider - [id: 0x834a6289, L:/127.0.0.1:49920 - R:localhost/127.0.0.1:8081] Channel cleaned, now 60 active connections and 6 inactive connections
20:29:40.067 [reactor-http-nio-13] DEBUG reactor.netty.resources.PooledConnectionProvider - [id: 0x6e1bd8e9, L:/127.0.0.1:49914 - R:localhost/127.0.0.1:8081] Channel acquired, now 61 active connections and 5 inactive connections
20:29:40.067 [reactor-http-nio-13] DEBUG reactor.netty.http.client.HttpClientConnect - [id: 0x6e1bd8e9, L:/127.0.0.1:49914 - R:localhost/127.0.0.1:8081] Handler is being applied: {uri=http://localhost:8081/getAttractions, method=GET}
20:29:40.067 [pool-13-thread-29] DEBUG org.springframework.web.reactive.function.client.ExchangeFunctions - [7df23a9b] HTTP GET http://localhost:8081/getUserLocation?userId=e5983646-546a-4d41-a8bb-2537ca1ef38a
20:29:40.067 [reactor-http-nio-10] DEBUG reactor.netty.resources.PooledConnectionProvider - [id: 0xb00ef751, L:/127.0.0.1:49896 - R:localhost/127.0.0.1:8081] Channel acquired, now 62 active connections and 4 inactive connections
20:29:40.067 [reactor-http-nio-13] DEBUG reactor.netty.resources.PooledConnectionProvider - [id: 0x6e1bd8e9, L:/127.0.0.1:49914 - R:localhost/127.0.0.1:8081] onStateChange(GET{uri=/getAttractions, connection=PooledConnection{channel=[id: 0x6e1bd8e9, L:/127.0.0.1:49914 - R:localhost/127.0.0.1:8081]}}, [request_sent])
20:29:40.067 [reactor-http-nio-10] DEBUG reactor.netty.http.client.HttpClientConnect - [id: 0xb00ef751, L:/127.0.0.1:49896 - R:localhost/127.0.0.1:8081] Handler is being applied: {uri=http://localhost:8081/getUserLocation?userId=e5983646-546a-4d41-a8bb-2537ca1ef38a, method=GET}
20:29:40.067 [reactor-http-nio-13] DEBUG reactor.netty.resources.PooledConnectionProvider - [id: 0x4b9adda7, L:/127.0.0.1:49909 - R:localhost/127.0.0.1:8081] Channel acquired, now 63 active connections and 3 inactive connections
20:29:40.067 [reactor-http-nio-13] DEBUG reactor.netty.http.client.HttpClientConnect - [id: 0x4b9adda7, L:/127.0.0.1:49909 - R:localhost/127.0.0.1:8081] Handler is being applied: {uri=http://localhost:8081/getAttractions, method=GET}
20:29:40.068 [reactor-http-nio-10] DEBUG reactor.netty.resources.PooledConnectionProvider - [id: 0xb00ef751, L:/127.0.0.1:49896 - R:localhost/127.0.0.1:8081] onStateChange(GET{uri=/getUserLocation?userId=e5983646-546a-4d41-a8bb-2537ca1ef38a, connection=PooledConnection{channel=[id: 0xb00ef751, L:/127.0.0.1:49896 - R:localhost/127.0.0.1:8081]}}, [request_sent])
20:29:40.068 [reactor-http-nio-10] DEBUG reactor.netty.http.client.HttpClientOperations - [id: 0xb1e8f457, L:/127.0.0.1:49935 - R:localhost/127.0.0.1:8081] Received response (auto-read:false) : [Content-Type=application/json, Transfer-Encoding=chunked, Date=Tue, 29 Jun 2021 14:59:39 GMT]
20:29:40.068 [reactor-http-nio-13] DEBUG reactor.netty.resources.PooledConnectionProvider - [id: 0x4b9adda7, L:/127.0.0.1:49909 - R:localhost/127.0.0.1:8081] onStateChange(GET{uri=/getAttractions, connection=PooledConnection{channel=[id: 0x4b9adda7, L:/127.0.0.1:49909 - R:localhost/127.0.0.1:8081]}}, [request_sent])
20:29:40.068 [reactor-http-nio-15] DEBUG reactor.netty.http.client.HttpClientOperations - [id: 0x05482a00, L:/127.0.0.1:49865 - R:localhost/127.0.0.1:8081] Received response (auto-read:false) : [Content-Type=application/json, Transfer-Encoding=chunked, Date=Tue, 29 Jun 2021 14:59:39 GMT]
20:29:40.068 [reactor-http-nio-15] DEBUG reactor.netty.resources.PooledConnectionProvider - [id: 0x05482a00, L:/127.0.0.1:49865 - R:localhost/127.0.0.1:8081] onStateChange(GET{uri=/getAttractions, connection=PooledConnection{channel=[id: 0x05482a00, L:/127.0.0.1:49865 - R:localhost/127.0.0.1:8081]}}, [response_received])
20:29:40.068 [reactor-http-nio-15] DEBUG org.springframework.web.reactive.function.client.ExchangeFunctions - [688ee6e8] Response 200 OK
20:29:40.068 [pool-13-thread-61] DEBUG org.springframework.web.reactive.function.client.ExchangeFunctions - [2520c5f1] HTTP GET http://localhost:8081/getAttractions
20:29:40.068 [reactor-http-nio-13] DEBUG reactor.netty.http.client.HttpClientOperations - [id: 0xfae62b5e, L:/127.0.0.1:49890 - R:localhost/127.0.0.1:8081] Received response (auto-read:false) : [Content-Type=application/json, Transfer-Encoding=chunked, Date=Tue, 29 Jun 2021 14:59:39 GMT]
20:29:40.069 [reactor-http-nio-13] DEBUG reactor.netty.resources.PooledConnectionProvider - [id: 0xfae62b5e, L:/127.0.0.1:49890 - R:localhost/127.0.0.1:8081] onStateChange(GET{uri=/getUserLocation?userId=f32a0715-f9d3-4341-94e5-d231be29872e, connection=PooledConnection{channel=[id: 0xfae62b5e, L:/127.0.0.1:49890 - R:localhost/127.0.0.1:8081]}}, [response_received])
20:29:40.069 [reactor-http-nio-15] DEBUG reactor.netty.channel.FluxReceive - [id: 0x05482a00, L:/127.0.0.1:49865 - R:localhost/127.0.0.1:8081] Subscribing inbound receiver [pending: 0, cancelled:false, inboundDone: false]
20:29:40.069 [reactor-http-nio-13] DEBUG org.springframework.web.reactive.function.client.ExchangeFunctions - [38b98f5b] Response 200 OK
20:29:40.069 [reactor-http-nio-15] DEBUG reactor.netty.http.client.HttpClientOperations - [id: 0x05482a00, L:/127.0.0.1:49865 - R:localhost/127.0.0.1:8081] Received last HTTP packet
20:29:40.069 [reactor-http-nio-13] DEBUG reactor.netty.channel.FluxReceive - [id: 0xfae62b5e, L:/127.0.0.1:49890 - R:localhost/127.0.0.1:8081] Subscribing inbound receiver [pending: 0, cancelled:false, inboundDone: false]
20:29:40.069 [reactor-http-nio-15] DEBUG org.springframework.core.codec.StringDecoder - [688ee6e8] Decoded "[{"longitude":-117.922008,"latitude":33.817595,"attractionName":"Disneyland","city":"Anaheim","stat (truncated)...
20:29:40.069 [reactor-http-nio-13] DEBUG reactor.netty.http.client.HttpClientOperations - [id: 0xfae62b5e, L:/127.0.0.1:49890 - R:localhost/127.0.0.1:8081] Received last HTTP packet
20:29:40.069 [reactor-http-nio-15] DEBUG reactor.netty.resources.PooledConnectionProvider - [id: 0x05482a00, L:/127.0.0.1:49865 - R:localhost/127.0.0.1:8081] onStateChange(GET{uri=/getAttractions, connection=PooledConnection{channel=[id: 0x05482a00, L:/127.0.0.1:49865 - R:localhost/127.0.0.1:8081]}}, [disconnecting])
20:29:40.069 [reactor-http-nio-15] DEBUG reactor.netty.resources.PooledConnectionProvider - [id: 0x05482a00, L:/127.0.0.1:49865 - R:localhost/127.0.0.1:8081] Releasing channel
20:29:40.069 [reactor-http-nio-15] DEBUG reactor.netty.resources.PooledConnectionProvider - [id: 0x05482a00, L:/127.0.0.1:49865 - R:localhost/127.0.0.1:8081] Channel cleaned, now 62 active connections and 4 inactive connections
20:29:40.069 [reactor-http-nio-13] DEBUG org.springframework.core.codec.StringDecoder - [38b98f5b] Decoded "{"userId":"f32a0715-f9d3-4341-94e5-d231be29872e","location":{"longitude":126.772895,"latitude":-48. (truncated)...
20:29:40.069 [reactor-http-nio-13] DEBUG reactor.netty.resources.PooledConnectionProvider - [id: 0xfae62b5e, L:/127.0.0.1:49890 - R:localhost/127.0.0.1:8081] onStateChange(GET{uri=/getUserLocation?userId=f32a0715-f9d3-4341-94e5-d231be29872e, connection=PooledConnection{channel=[id: 0xfae62b5e, L:/127.0.0.1:49890 - R:localhost/127.0.0.1:8081]}}, [disconnecting])
20:29:40.069 [reactor-http-nio-13] DEBUG reactor.netty.resources.PooledConnectionProvider - [id: 0xfae62b5e, L:/127.0.0.1:49890 - R:localhost/127.0.0.1:8081] Releasing channel
20:29:40.069 [reactor-http-nio-13] DEBUG reactor.netty.resources.PooledConnectionProvider - [id: 0xfae62b5e, L:/127.0.0.1:49890 - R:localhost/127.0.0.1:8081] Channel cleaned, now 61 active connections and 5 inactive connections
20:29:40.069 [reactor-http-nio-13] DEBUG reactor.netty.resources.PooledConnectionProvider - [id: 0x93eb028b, L:/127.0.0.1:49917 - R:localhost/127.0.0.1:8081] Channel acquired, now 62 active connections and 4 inactive connections
20:29:40.069 [reactor-http-nio-2] DEBUG reactor.netty.http.client.HttpClientOperations - [id: 0x3a160202, L:/127.0.0.1:49876 - R:localhost/127.0.0.1:8081] Received response (auto-read:false) : [Content-Type=application/json, Transfer-Encoding=chunked, Date=Tue, 29 Jun 2021 14:59:39 GMT]
20:29:40.070 [reactor-http-nio-13] DEBUG reactor.netty.http.client.HttpClientConnect - [id: 0x93eb028b, L:/127.0.0.1:49917 - R:localhost/127.0.0.1:8081] Handler is being applied: {uri=http://localhost:8081/getAttractions, method=GET}
20:29:40.068 [reactor-http-nio-10] DEBUG reactor.netty.resources.PooledConnectionProvider - [id: 0xb1e8f457, L:/127.0.0.1:49935 - R:localhost/127.0.0.1:8081] onStateChange(GET{uri=/getAttractions, connection=PooledConnection{channel=[id: 0xb1e8f457, L:/127.0.0.1:49935 - R:localhost/127.0.0.1:8081]}}, [response_received])
20:29:40.070 [reactor-http-nio-10] DEBUG org.springframework.web.reactive.function.client.ExchangeFunctions - [6046a83d] Response 200 OK
20:29:40.070 [reactor-http-nio-10] DEBUG reactor.netty.channel.FluxReceive - [id: 0xb1e8f457, L:/127.0.0.1:49935 - R:localhost/127.0.0.1:8081] Subscribing inbound receiver [pending: 0, cancelled:false, inboundDone: false]
20:29:40.070 [reactor-http-nio-12] DEBUG reactor.netty.resources.PooledConnectionProvider - [id: 0x5a829f34, L:/127.0.0.1:49910 - R:localhost/127.0.0.1:8081] Channel acquired, now 63 active connections and 3 inactive connections
20:29:40.070 [reactor-http-nio-12] DEBUG reactor.netty.http.client.HttpClientConnect - [id: 0x5a829f34, L:/127.0.0.1:49910 - R:localhost/127.0.0.1:8081] Handler is being applied: {uri=http://localhost:8081/getAttractions, method=GET}
20:29:40.070 [reactor-http-nio-10] DEBUG reactor.netty.http.client.HttpClientOperations - [id: 0xb1e8f457, L:/127.0.0.1:49935 - R:localhost/127.0.0.1:8081] Received last HTTP packet
20:29:40.071 [reactor-http-nio-12] DEBUG reactor.netty.resources.PooledConnectionProvider - [id: 0x5a829f34, L:/127.0.0.1:49910 - R:localhost/127.0.0.1:8081] onStateChange(GET{uri=/getAttractions, connection=PooledConnection{channel=[id: 0x5a829f34, L:/127.0.0.1:49910 - R:localhost/127.0.0.1:8081]}}, [request_sent])
20:29:40.071 [reactor-http-nio-10] DEBUG org.springframework.core.codec.StringDecoder - [6046a83d] Decoded "[{"longitude":-117.922008,"latitude":33.817595,"attractionName":"Disneyland","city":"Anaheim","stat (truncated)...
20:29:40.071 [reactor-http-nio-10] DEBUG reactor.netty.resources.PooledConnectionProvider - [id: 0xb1e8f457, L:/127.0.0.1:49935 - R:localhost/127.0.0.1:8081] onStateChange(GET{uri=/getAttractions, connection=PooledConnection{channel=[id: 0xb1e8f457, L:/127.0.0.1:49935 - R:localhost/127.0.0.1:8081]}}, [disconnecting])
20:29:40.068 [reactor-http-nio-16] DEBUG reactor.netty.http.client.HttpClientOperations - [id: 0xca5097d1, L:/127.0.0.1:49901 - R:localhost/127.0.0.1:8081] Received response (auto-read:false) : [Content-Type=application/json, Transfer-Encoding=chunked, Date=Tue, 29 Jun 2021 14:59:39 GMT]
20:29:40.071 [reactor-http-nio-16] DEBUG reactor.netty.resources.PooledConnectionProvider - [id: 0xca5097d1, L:/127.0.0.1:49901 - R:localhost/127.0.0.1:8081] onStateChange(GET{uri=/getUserLocation?userId=b183dc03-531d-408b-b7fa-36c3ab7d9dd9, connection=PooledConnection{channel=[id: 0xca5097d1, L:/127.0.0.1:49901 - R:localhost/127.0.0.1:8081]}}, [response_received])
20:29:40.071 [reactor-http-nio-16] DEBUG org.springframework.web.reactive.function.client.ExchangeFunctions - [572d5f78] Response 200 OK
20:29:40.071 [reactor-http-nio-14] DEBUG reactor.netty.http.client.HttpClientOperations - [id: 0x0b723f2b, L:/127.0.0.1:49877 - R:localhost/127.0.0.1:8081] Received response (auto-read:false) : [Content-Type=application/json, Transfer-Encoding=chunked, Date=Tue, 29 Jun 2021 14:59:39 GMT]
20:29:40.071 [pool-13-thread-24] DEBUG org.springframework.web.reactive.function.client.ExchangeFunctions - [6cb17f21] HTTP GET http://localhost:8081/getUserLocation?userId=50aab37f-f04c-48e7-8c2a-392c752c1190
20:29:40.070 [reactor-http-nio-15] DEBUG reactor.netty.http.client.HttpClientOperations - [id: 0x5e54db3b, L:/127.0.0.1:49903 - R:localhost/127.0.0.1:8081] Received response (auto-read:false) : [Content-Type=application/json, Transfer-Encoding=chunked, Date=Tue, 29 Jun 2021 14:59:39 GMT]
20:29:40.071 [reactor-http-nio-15] DEBUG reactor.netty.resources.PooledConnectionProvider - [id: 0x5e54db3b, L:/127.0.0.1:49903 - R:localhost/127.0.0.1:8081] onStateChange(GET{uri=/getUserLocation?userId=0f718771-9084-4065-9168-0d4876a30c13, connection=PooledConnection{channel=[id: 0x5e54db3b, L:/127.0.0.1:49903 - R:localhost/127.0.0.1:8081]}}, [response_received])
20:29:40.071 [reactor-http-nio-15] DEBUG org.springframework.web.reactive.function.client.ExchangeFunctions - [4eb08062] Response 200 OK
20:29:40.072 [reactor-http-nio-16] DEBUG reactor.netty.channel.FluxReceive - [id: 0xca5097d1, L:/127.0.0.1:49901 - R:localhost/127.0.0.1:8081] Subscribing inbound receiver [pending: 0, cancelled:false, inboundDone: false]
20:29:40.072 [reactor-http-nio-16] DEBUG reactor.netty.http.client.HttpClientOperations - [id: 0xca5097d1, L:/127.0.0.1:49901 - R:localhost/127.0.0.1:8081] Received last HTTP packet
20:29:40.070 [reactor-http-nio-2] DEBUG reactor.netty.resources.PooledConnectionProvider - [id: 0x3a160202, L:/127.0.0.1:49876 - R:localhost/127.0.0.1:8081] onStateChange(GET{uri=/getUserLocation?userId=3477b050-2540-4f24-a521-660118cb0a26, connection=PooledConnection{channel=[id: 0x3a160202, L:/127.0.0.1:49876 - R:localhost/127.0.0.1:8081]}}, [response_received])
20:29:40.072 [reactor-http-nio-16] DEBUG org.springframework.core.codec.StringDecoder - [572d5f78] Decoded "{"userId":"b183dc03-531d-408b-b7fa-36c3ab7d9dd9","location":{"longitude":116.645914,"latitude":-70. (truncated)...
20:29:40.070 [reactor-http-nio-13] DEBUG reactor.netty.resources.PooledConnectionProvider - [id: 0x93eb028b, L:/127.0.0.1:49917 - R:localhost/127.0.0.1:8081] onStateChange(GET{uri=/getAttractions, connection=PooledConnection{channel=[id: 0x93eb028b, L:/127.0.0.1:49917 - R:localhost/127.0.0.1:8081]}}, [request_sent])
20:29:40.072 [reactor-http-nio-16] DEBUG reactor.netty.resources.PooledConnectionProvider - [id: 0xca5097d1, L:/127.0.0.1:49901 - R:localhost/127.0.0.1:8081] onStateChange(GET{uri=/getUserLocation?userId=b183dc03-531d-408b-b7fa-36c3ab7d9dd9, connection=PooledConnection{channel=[id: 0xca5097d1, L:/127.0.0.1:49901 - R:localhost/127.0.0.1:8081]}}, [disconnecting])
20:29:40.072 [reactor-http-nio-16] DEBUG reactor.netty.resources.PooledConnectionProvider - [id: 0xca5097d1, L:/127.0.0.1:49901 - R:localhost/127.0.0.1:8081] Releasing channel
20:29:40.072 [reactor-http-nio-16] DEBUG reactor.netty.resources.PooledConnectionProvider - [id: 0xca5097d1, L:/127.0.0.1:49901 - R:localhost/127.0.0.1:8081] Channel cleaned, now 62 active connections and 4 inactive connections
20:29:40.071 [reactor-http-nio-10] DEBUG reactor.netty.resources.PooledConnectionProvider - [id: 0xb1e8f457, L:/127.0.0.1:49935 - R:localhost/127.0.0.1:8081] Releasing channel
20:29:40.072 [reactor-http-nio-13] DEBUG reactor.netty.http.client.HttpClientOperations - [id: 0xb89a2408, L:/127.0.0.1:49915 - R:localhost/127.0.0.1:8081] Received response (auto-read:false) : [Content-Type=application/json, Transfer-Encoding=chunked, Date=Tue, 29 Jun 2021 14:59:39 GMT]
20:29:40.072 [reactor-http-nio-13] DEBUG reactor.netty.resources.PooledConnectionProvider - [id: 0xb89a2408, L:/127.0.0.1:49915 - R:localhost/127.0.0.1:8081] onStateChange(GET{uri=/getUserLocation?userId=d48df6ab-e9ad-45ec-94ca-c936bbbbaaa9, connection=PooledConnection{channel=[id: 0xb89a2408, L:/127.0.0.1:49915 - R:localhost/127.0.0.1:8081]}}, [response_received])
20:29:40.072 [reactor-http-nio-10] DEBUG reactor.netty.resources.PooledConnectionProvider - [id: 0xb1e8f457, L:/127.0.0.1:49935 - R:localhost/127.0.0.1:8081] Channel cleaned, now 61 active connections and 5 inactive connections
20:29:40.071 [reactor-http-nio-11] DEBUG reactor.netty.http.client.HttpClientOperations - [id: 0xf98e8509, L:/127.0.0.1:49922 - R:localhost/127.0.0.1:8081] Received response (auto-read:false) : [Content-Type=application/json, Transfer-Encoding=chunked, Date=Tue, 29 Jun 2021 14:59:39 GMT]
20:29:40.072 [reactor-http-nio-16] DEBUG reactor.netty.http.client.HttpClientOperations - [id: 0x31cea2d6, L:/127.0.0.1:49902 - R:localhost/127.0.0.1:8081] Received response (auto-read:false) : [Content-Type=application/json, Transfer-Encoding=chunked, Date=Tue, 29 Jun 2021 14:59:39 GMT]
20:29:40.072 [reactor-http-nio-11] DEBUG reactor.netty.resources.PooledConnectionProvider - [id: 0xf98e8509, L:/127.0.0.1:49922 - R:localhost/127.0.0.1:8081] onStateChange(GET{uri=/getAttractions, connection=PooledConnection{channel=[id: 0xf98e8509, L:/127.0.0.1:49922 - R:localhost/127.0.0.1:8081]}}, [response_received])
20:29:40.072 [reactor-http-nio-16] DEBUG reactor.netty.resources.PooledConnectionProvider - [id: 0x31cea2d6, L:/127.0.0.1:49902 - R:localhost/127.0.0.1:8081] onStateChange(GET{uri=/getUserLocation?userId=ba826450-88ca-43b4-9ff4-e7d34f4ece4a, connection=PooledConnection{channel=[id: 0x31cea2d6, L:/127.0.0.1:49902 - R:localhost/127.0.0.1:8081]}}, [response_received])
20:29:40.071 [pool-13-thread-18] DEBUG org.springframework.web.reactive.function.client.ExchangeFunctions - [367e763c] HTTP GET http://localhost:8081/getAttractions
20:29:40.071 [reactor-http-nio-14] DEBUG reactor.netty.resources.PooledConnectionProvider - [id: 0x0b723f2b, L:/127.0.0.1:49877 - R:localhost/127.0.0.1:8081] onStateChange(GET{uri=/getAttractions, connection=PooledConnection{channel=[id: 0x0b723f2b, L:/127.0.0.1:49877 - R:localhost/127.0.0.1:8081]}}, [response_received])
20:29:40.072 [reactor-http-nio-16] DEBUG org.springframework.web.reactive.function.client.ExchangeFunctions - [7cd025ae] Response 200 OK
20:29:40.072 [reactor-http-nio-15] DEBUG reactor.netty.channel.FluxReceive - [id: 0x5e54db3b, L:/127.0.0.1:49903 - R:localhost/127.0.0.1:8081] Subscribing inbound receiver [pending: 0, cancelled:false, inboundDone: false]
20:29:40.073 [reactor-http-nio-14] DEBUG org.springframework.web.reactive.function.client.ExchangeFunctions - [174dce26] Response 200 OK
20:29:40.072 [reactor-http-nio-2] DEBUG org.springframework.web.reactive.function.client.ExchangeFunctions - [6ec333bb] Response 200 OK
20:29:40.073 [reactor-http-nio-15] DEBUG reactor.netty.http.client.HttpClientOperations - [id: 0x5e54db3b, L:/127.0.0.1:49903 - R:localhost/127.0.0.1:8081] Received last HTTP packet
20:29:40.072 [reactor-http-nio-13] DEBUG org.springframework.web.reactive.function.client.ExchangeFunctions - [7305736f] Response 200 OK
20:29:40.073 [reactor-http-nio-15] DEBUG org.springframework.core.codec.StringDecoder - [4eb08062] Decoded "{"userId":"0f718771-9084-4065-9168-0d4876a30c13","location":{"longitude":160.428855,"latitude":51.3 (truncated)...
20:29:40.073 [reactor-http-nio-16] DEBUG reactor.netty.channel.FluxReceive - [id: 0x31cea2d6, L:/127.0.0.1:49902 - R:localhost/127.0.0.1:8081] Subscribing inbound receiver [pending: 0, cancelled:false, inboundDone: false]
20:29:40.073 [reactor-http-nio-15] DEBUG reactor.netty.resources.PooledConnectionProvider - [id: 0x5e54db3b, L:/127.0.0.1:49903 - R:localhost/127.0.0.1:8081] onStateChange(GET{uri=/getUserLocation?userId=0f718771-9084-4065-9168-0d4876a30c13, connection=PooledConnection{channel=[id: 0x5e54db3b, L:/127.0.0.1:49903 - R:localhost/127.0.0.1:8081]}}, [disconnecting])
20:29:40.072 [reactor-http-nio-11] DEBUG org.springframework.web.reactive.function.client.ExchangeFunctions - [7d9a49a2] Response 200 OK
20:29:40.073 [reactor-http-nio-2] DEBUG reactor.netty.channel.FluxReceive - [id: 0x3a160202, L:/127.0.0.1:49876 - R:localhost/127.0.0.1:8081] Subscribing inbound receiver [pending: 0, cancelled:false, inboundDone: false]
20:29:40.073 [reactor-http-nio-13] DEBUG reactor.netty.channel.FluxReceive - [id: 0xb89a2408, L:/127.0.0.1:49915 - R:localhost/127.0.0.1:8081] Subscribing inbound receiver [pending: 0, cancelled:false, inboundDone: false]
20:29:40.073 [reactor-http-nio-2] DEBUG reactor.netty.http.client.HttpClientOperations - [id: 0x3a160202, L:/127.0.0.1:49876 - R:localhost/127.0.0.1:8081] Received last HTTP packet
20:29:40.073 [reactor-http-nio-16] DEBUG reactor.netty.http.client.HttpClientOperations - [id: 0x31cea2d6, L:/127.0.0.1:49902 - R:localhost/127.0.0.1:8081] Received last HTTP packet
20:29:40.073 [reactor-http-nio-11] DEBUG reactor.netty.channel.FluxReceive - [id: 0xf98e8509, L:/127.0.0.1:49922 - R:localhost/127.0.0.1:8081] Subscribing inbound receiver [pending: 0, cancelled:false, inboundDone: false]
20:29:40.073 [reactor-http-nio-2] DEBUG org.springframework.core.codec.StringDecoder - [6ec333bb] Decoded "{"userId":"3477b050-2540-4f24-a521-660118cb0a26","location":{"longitude":-166.500928,"latitude":38. (truncated)...
20:29:40.073 [reactor-http-nio-14] DEBUG reactor.netty.channel.FluxReceive - [id: 0x0b723f2b, L:/127.0.0.1:49877 - R:localhost/127.0.0.1:8081] Subscribing inbound receiver [pending: 0, cancelled:false, inboundDone: false]
20:29:40.073 [reactor-http-nio-15] DEBUG reactor.netty.resources.PooledConnectionProvider - [id: 0x5e54db3b, L:/127.0.0.1:49903 - R:localhost/127.0.0.1:8081] Releasing channel
20:29:40.073 [reactor-http-nio-14] DEBUG reactor.netty.http.client.HttpClientOperations - [id: 0x0b723f2b, L:/127.0.0.1:49877 - R:localhost/127.0.0.1:8081] Received last HTTP packet
20:29:40.073 [reactor-http-nio-15] DEBUG reactor.netty.resources.PooledConnectionProvider - [id: 0x5e54db3b, L:/127.0.0.1:49903 - R:localhost/127.0.0.1:8081] Channel cleaned, now 60 active connections and 6 inactive connections
20:29:40.073 [reactor-http-nio-11] DEBUG reactor.netty.http.client.HttpClientOperations - [id: 0xf98e8509, L:/127.0.0.1:49922 - R:localhost/127.0.0.1:8081] Received last HTTP packet
20:29:40.073 [reactor-http-nio-10] DEBUG reactor.netty.http.client.HttpClientOperations - [id: 0x333c1bf0, L:/127.0.0.1:49905 - R:localhost/127.0.0.1:8081] Received response (auto-read:false) : [Content-Type=application/json, Transfer-Encoding=chunked, Date=Tue, 29 Jun 2021 14:59:39 GMT]
20:29:40.073 [reactor-http-nio-10] DEBUG reactor.netty.resources.PooledConnectionProvider - [id: 0x333c1bf0, L:/127.0.0.1:49905 - R:localhost/127.0.0.1:8081] onStateChange(GET{uri=/getUserLocation?userId=6481dcb4-2f55-4f48-935d-cd126a87cdbf, connection=PooledConnection{channel=[id: 0x333c1bf0, L:/127.0.0.1:49905 - R:localhost/127.0.0.1:8081]}}, [response_received])
20:29:40.074 [reactor-http-nio-15] DEBUG reactor.netty.http.client.HttpClientOperations - [id: 0x822a7f8c, L:/127.0.0.1:49898 - R:localhost/127.0.0.1:8081] Received response (auto-read:false) : [Content-Type=application/json, Transfer-Encoding=chunked, Date=Tue, 29 Jun 2021 14:59:39 GMT]
20:29:40.074 [reactor-http-nio-15] DEBUG reactor.netty.resources.PooledConnectionProvider - [id: 0x822a7f8c, L:/127.0.0.1:49898 - R:localhost/127.0.0.1:8081] onStateChange(GET{uri=/getUserLocation?userId=db54afb3-6f50-4ded-a6b9-c9f153b99da7, connection=PooledConnection{channel=[id: 0x822a7f8c, L:/127.0.0.1:49898 - R:localhost/127.0.0.1:8081]}}, [response_received])
20:29:40.073 [reactor-http-nio-13] DEBUG reactor.netty.http.client.HttpClientOperations - [id: 0xb89a2408, L:/127.0.0.1:49915 - R:localhost/127.0.0.1:8081] Received last HTTP packet
20:29:40.074 [reactor-http-nio-15] DEBUG org.springframework.web.reactive.function.client.ExchangeFunctions - [57a0020a] Response 200 OK
20:29:40.073 [pool-13-thread-1] DEBUG org.springframework.web.reactive.function.client.ExchangeFunctions - [647920ed] HTTP GET http://localhost:8081/getUserLocation?userId=3e630fb2-15b4-4423-9fb4-be64dabf18dc
20:29:40.074 [reactor-http-nio-11] DEBUG org.springframework.core.codec.StringDecoder - [7d9a49a2] Decoded "[{"longitude":-117.922008,"latitude":33.817595,"attractionName":"Disneyland","city":"Anaheim","stat (truncated)...
20:29:40.074 [reactor-http-nio-13] DEBUG org.springframework.core.codec.StringDecoder - [7305736f] Decoded "{"userId":"d48df6ab-e9ad-45ec-94ca-c936bbbbaaa9","location":{"longitude":36.469386,"latitude":-15.0 (truncated)...
20:29:40.074 [reactor-http-nio-11] DEBUG reactor.netty.resources.PooledConnectionProvider - [id: 0xf98e8509, L:/127.0.0.1:49922 - R:localhost/127.0.0.1:8081] onStateChange(GET{uri=/getAttractions, connection=PooledConnection{channel=[id: 0xf98e8509, L:/127.0.0.1:49922 - R:localhost/127.0.0.1:8081]}}, [disconnecting])
20:29:40.074 [reactor-http-nio-11] DEBUG reactor.netty.resources.PooledConnectionProvider - [id: 0xf98e8509, L:/127.0.0.1:49922 - R:localhost/127.0.0.1:8081] Releasing channel
20:29:40.074 [reactor-http-nio-11] DEBUG reactor.netty.resources.PooledConnectionProvider - [id: 0xf98e8509, L:/127.0.0.1:49922 - R:localhost/127.0.0.1:8081] Channel cleaned, now 59 active connections and 7 inactive connections
20:29:40.074 [pool-13-thread-42] DEBUG org.springframework.web.reactive.function.client.ExchangeFunctions - [59eaabed] HTTP GET http://localhost:8081/getAttractions
20:29:40.073 [reactor-http-nio-16] DEBUG org.springframework.core.codec.StringDecoder - [7cd025ae] Decoded "{"userId":"ba826450-88ca-43b4-9ff4-e7d34f4ece4a","location":{"longitude":-23.527086,"latitude":29.6 (truncated)...
20:29:40.074 [reactor-http-nio-16] DEBUG reactor.netty.resources.PooledConnectionProvider - [id: 0x31cea2d6, L:/127.0.0.1:49902 - R:localhost/127.0.0.1:8081] onStateChange(GET{uri=/getUserLocation?userId=ba826450-88ca-43b4-9ff4-e7d34f4ece4a, connection=PooledConnection{channel=[id: 0x31cea2d6, L:/127.0.0.1:49902 - R:localhost/127.0.0.1:8081]}}, [disconnecting])
20:29:40.074 [reactor-http-nio-16] DEBUG reactor.netty.resources.PooledConnectionProvider - [id: 0x31cea2d6, L:/127.0.0.1:49902 - R:localhost/127.0.0.1:8081] Releasing channel
20:29:40.074 [reactor-http-nio-16] DEBUG reactor.netty.resources.PooledConnectionProvider - [id: 0x31cea2d6, L:/127.0.0.1:49902 - R:localhost/127.0.0.1:8081] Channel cleaned, now 58 active connections and 8 inactive connections
20:29:40.074 [reactor-http-nio-11] DEBUG reactor.netty.http.client.HttpClientOperations - [id: 0x70ea745d, L:/127.0.0.1:49931 - R:localhost/127.0.0.1:8081] Received response (auto-read:false) : [Content-Type=application/json, Transfer-Encoding=chunked, Date=Tue, 29 Jun 2021 14:59:39 GMT]
20:29:40.074 [reactor-http-nio-11] DEBUG reactor.netty.resources.PooledConnectionProvider - [id: 0x70ea745d, L:/127.0.0.1:49931 - R:localhost/127.0.0.1:8081] onStateChange(GET{uri=/getUserLocation?userId=187e6802-e5d2-4b65-85a2-d315a0439744, connection=PooledConnection{channel=[id: 0x70ea745d, L:/127.0.0.1:49931 - R:localhost/127.0.0.1:8081]}}, [response_received])
20:29:40.074 [reactor-http-nio-11] DEBUG org.springframework.web.reactive.function.client.ExchangeFunctions - [79a99f57] Response 200 OK
20:29:40.073 [reactor-http-nio-2] DEBUG reactor.netty.resources.PooledConnectionProvider - [id: 0x3a160202, L:/127.0.0.1:49876 - R:localhost/127.0.0.1:8081] onStateChange(GET{uri=/getUserLocation?userId=3477b050-2540-4f24-a521-660118cb0a26, connection=PooledConnection{channel=[id: 0x3a160202, L:/127.0.0.1:49876 - R:localhost/127.0.0.1:8081]}}, [disconnecting])
20:29:40.074 [reactor-http-nio-2] DEBUG reactor.netty.resources.PooledConnectionProvider - [id: 0x3a160202, L:/127.0.0.1:49876 - R:localhost/127.0.0.1:8081] Releasing channel
20:29:40.074 [reactor-http-nio-16] DEBUG reactor.netty.http.client.HttpClientOperations - [id: 0xbf9579bc, L:/127.0.0.1:49879 - R:localhost/127.0.0.1:8081] Received response (auto-read:false) : [Content-Type=application/json, Transfer-Encoding=chunked, Date=Tue, 29 Jun 2021 14:59:39 GMT]
20:29:40.074 [reactor-http-nio-2] DEBUG reactor.netty.resources.PooledConnectionProvider - [id: 0x3a160202, L:/127.0.0.1:49876 - R:localhost/127.0.0.1:8081] Channel cleaned, now 57 active connections and 9 inactive connections
20:29:40.074 [reactor-http-nio-11] DEBUG reactor.netty.channel.FluxReceive - [id: 0x70ea745d, L:/127.0.0.1:49931 - R:localhost/127.0.0.1:8081] Subscribing inbound receiver [pending: 0, cancelled:false, inboundDone: false]
20:29:40.074 [reactor-http-nio-2] DEBUG reactor.netty.http.client.HttpClientOperations - [id: 0xb543d4db, L:/127.0.0.1:49930 - R:localhost/127.0.0.1:8081] Received response (auto-read:false) : [Content-Type=application/json, Transfer-Encoding=chunked, Date=Tue, 29 Jun 2021 14:59:39 GMT]
20:29:40.074 [reactor-http-nio-2] DEBUG reactor.netty.resources.PooledConnectionProvider - [id: 0xb543d4db, L:/127.0.0.1:49930 - R:localhost/127.0.0.1:8081] onStateChange(GET{uri=/getUserLocation?userId=968c9a67-fd41-4c49-9869-89efd4efb0c5, connection=PooledConnection{channel=[id: 0xb543d4db, L:/127.0.0.1:49930 - R:localhost/127.0.0.1:8081]}}, [response_received])
20:29:40.075 [reactor-http-nio-11] DEBUG reactor.netty.http.client.HttpClientOperations - [id: 0x70ea745d, L:/127.0.0.1:49931 - R:localhost/127.0.0.1:8081] Received last HTTP packet
20:29:40.074 [reactor-http-nio-14] DEBUG org.springframework.core.codec.StringDecoder - [174dce26] Decoded "[{"longitude":-117.922008,"latitude":33.817595,"attractionName":"Disneyland","city":"Anaheim","stat (truncated)...
20:29:40.075 [reactor-http-nio-11] DEBUG org.springframework.core.codec.StringDecoder - [79a99f57] Decoded "{"userId":"187e6802-e5d2-4b65-85a2-d315a0439744","location":{"longitude":107.935462,"latitude":42.2 (truncated)...
20:29:40.075 [reactor-http-nio-11] DEBUG reactor.netty.resources.PooledConnectionProvider - [id: 0x70ea745d, L:/127.0.0.1:49931 - R:localhost/127.0.0.1:8081] onStateChange(GET{uri=/getUserLocation?userId=187e6802-e5d2-4b65-85a2-d315a0439744, connection=PooledConnection{channel=[id: 0x70ea745d, L:/127.0.0.1:49931 - R:localhost/127.0.0.1:8081]}}, [disconnecting])
20:29:40.075 [reactor-http-nio-11] DEBUG reactor.netty.resources.PooledConnectionProvider - [id: 0x70ea745d, L:/127.0.0.1:49931 - R:localhost/127.0.0.1:8081] Releasing channel
20:29:40.074 [reactor-http-nio-10] DEBUG org.springframework.web.reactive.function.client.ExchangeFunctions - [485bdd20] Response 200 OK
20:29:40.075 [reactor-http-nio-11] DEBUG reactor.netty.resources.PooledConnectionProvider - [id: 0x70ea745d, L:/127.0.0.1:49931 - R:localhost/127.0.0.1:8081] Channel cleaned, now 56 active connections and 10 inactive connections
20:29:40.075 [reactor-http-nio-11] DEBUG reactor.netty.http.client.HttpClientOperations - [id: 0xd4c90cec, L:/127.0.0.1:49883 - R:localhost/127.0.0.1:8081] Received response (auto-read:false) : [Content-Type=application/json, Transfer-Encoding=chunked, Date=Tue, 29 Jun 2021 14:59:39 GMT]
20:29:40.075 [reactor-http-nio-11] DEBUG reactor.netty.resources.PooledConnectionProvider - [id: 0xd4c90cec, L:/127.0.0.1:49883 - R:localhost/127.0.0.1:8081] onStateChange(GET{uri=/getUserLocation?userId=d1089acd-b9eb-4b8b-87e9-939493f4ea33, connection=PooledConnection{channel=[id: 0xd4c90cec, L:/127.0.0.1:49883 - R:localhost/127.0.0.1:8081]}}, [response_received])
20:29:40.075 [reactor-http-nio-11] DEBUG org.springframework.web.reactive.function.client.ExchangeFunctions - [2cdd8036] Response 200 OK
20:29:40.074 [reactor-http-nio-13] DEBUG reactor.netty.resources.PooledConnectionProvider - [id: 0xb89a2408, L:/127.0.0.1:49915 - R:localhost/127.0.0.1:8081] onStateChange(GET{uri=/getUserLocation?userId=d48df6ab-e9ad-45ec-94ca-c936bbbbaaa9, connection=PooledConnection{channel=[id: 0xb89a2408, L:/127.0.0.1:49915 - R:localhost/127.0.0.1:8081]}}, [disconnecting])
20:29:40.075 [reactor-http-nio-13] DEBUG reactor.netty.resources.PooledConnectionProvider - [id: 0xb89a2408, L:/127.0.0.1:49915 - R:localhost/127.0.0.1:8081] Releasing channel
20:29:40.075 [reactor-http-nio-13] DEBUG reactor.netty.resources.PooledConnectionProvider - [id: 0xb89a2408, L:/127.0.0.1:49915 - R:localhost/127.0.0.1:8081] Channel cleaned, now 55 active connections and 11 inactive connections
20:29:40.075 [reactor-http-nio-13] DEBUG reactor.netty.resources.PooledConnectionProvider - [id: 0x834a6289, L:/127.0.0.1:49920 - R:localhost/127.0.0.1:8081] Channel acquired, now 56 active connections and 10 inactive connections
20:29:40.076 [pool-13-thread-10] DEBUG org.springframework.web.reactive.function.client.ExchangeFunctions - [79a5d2c9] HTTP GET http://localhost:8081/getUserLocation?userId=c73a0f0b-b840-4ae9-ae56-1cfe8545d82c
20:29:40.074 [reactor-http-nio-15] DEBUG reactor.netty.channel.FluxReceive - [id: 0x822a7f8c, L:/127.0.0.1:49898 - R:localhost/127.0.0.1:8081] Subscribing inbound receiver [pending: 0, cancelled:false, inboundDone: false]
20:29:40.074 [reactor-http-nio-16] DEBUG reactor.netty.resources.PooledConnectionProvider - [id: 0xbf9579bc, L:/127.0.0.1:49879 - R:localhost/127.0.0.1:8081] onStateChange(GET{uri=/getAttractions, connection=PooledConnection{channel=[id: 0xbf9579bc, L:/127.0.0.1:49879 - R:localhost/127.0.0.1:8081]}}, [response_received])
20:29:40.075 [reactor-http-nio-2] DEBUG org.springframework.web.reactive.function.client.ExchangeFunctions - [1bde7379] Response 200 OK
20:29:40.076 [reactor-http-nio-15] DEBUG reactor.netty.http.client.HttpClientOperations - [id: 0x822a7f8c, L:/127.0.0.1:49898 - R:localhost/127.0.0.1:8081] Received last HTTP packet
20:29:40.075 [pool-13-thread-53] DEBUG org.springframework.web.reactive.function.client.ExchangeFunctions - [407767c4] HTTP GET http://localhost:8081/getAttractions
20:29:40.075 [reactor-http-nio-14] DEBUG reactor.netty.resources.PooledConnectionProvider - [id: 0x0b723f2b, L:/127.0.0.1:49877 - R:localhost/127.0.0.1:8081] onStateChange(GET{uri=/getAttractions, connection=PooledConnection{channel=[id: 0x0b723f2b, L:/127.0.0.1:49877 - R:localhost/127.0.0.1:8081]}}, [disconnecting])
20:29:40.076 [reactor-http-nio-15] DEBUG org.springframework.core.codec.StringDecoder - [57a0020a] Decoded "{"userId":"db54afb3-6f50-4ded-a6b9-c9f153b99da7","location":{"longitude":21.377994,"latitude":-41.2 (truncated)...
20:29:40.076 [reactor-http-nio-15] DEBUG reactor.netty.resources.PooledConnectionProvider - [id: 0x822a7f8c, L:/127.0.0.1:49898 - R:localhost/127.0.0.1:8081] onStateChange(GET{uri=/getUserLocation?userId=db54afb3-6f50-4ded-a6b9-c9f153b99da7, connection=PooledConnection{channel=[id: 0x822a7f8c, L:/127.0.0.1:49898 - R:localhost/127.0.0.1:8081]}}, [disconnecting])
20:29:40.076 [reactor-http-nio-15] DEBUG reactor.netty.resources.PooledConnectionProvider - [id: 0x822a7f8c, L:/127.0.0.1:49898 - R:localhost/127.0.0.1:8081] Releasing channel
20:29:40.076 [reactor-http-nio-15] DEBUG reactor.netty.resources.PooledConnectionProvider - [id: 0x822a7f8c, L:/127.0.0.1:49898 - R:localhost/127.0.0.1:8081] Channel cleaned, now 55 active connections and 11 inactive connections
20:29:40.075 [pool-13-thread-7] DEBUG org.springframework.web.reactive.function.client.ExchangeFunctions - [6004c013] HTTP GET http://localhost:8081/getAttractions
20:29:40.075 [reactor-http-nio-10] DEBUG reactor.netty.channel.FluxReceive - [id: 0x333c1bf0, L:/127.0.0.1:49905 - R:localhost/127.0.0.1:8081] Subscribing inbound receiver [pending: 0, cancelled:false, inboundDone: false]
20:29:40.076 [reactor-http-nio-15] DEBUG reactor.netty.http.client.HttpClientOperations - [id: 0x6124bcfa, L:/127.0.0.1:49886 - R:localhost/127.0.0.1:8081] Received response (auto-read:false) : [Content-Type=application/json, Transfer-Encoding=chunked, Date=Tue, 29 Jun 2021 14:59:39 GMT]
20:29:40.076 [reactor-http-nio-15] DEBUG reactor.netty.resources.PooledConnectionProvider - [id: 0x6124bcfa, L:/127.0.0.1:49886 - R:localhost/127.0.0.1:8081] onStateChange(GET{uri=/getUserLocation?userId=c2379045-f4ac-44fb-ba45-6714e60d9210, connection=PooledConnection{channel=[id: 0x6124bcfa, L:/127.0.0.1:49886 - R:localhost/127.0.0.1:8081]}}, [response_received])
20:29:40.076 [reactor-http-nio-15] DEBUG org.springframework.web.reactive.function.client.ExchangeFunctions - [45f791e0] Response 200 OK
20:29:40.076 [reactor-http-nio-13] DEBUG reactor.netty.http.client.HttpClientConnect - [id: 0x834a6289, L:/127.0.0.1:49920 - R:localhost/127.0.0.1:8081] Handler is being applied: {uri=http://localhost:8081/getUserLocation?userId=50aab37f-f04c-48e7-8c2a-392c752c1190, method=GET}
20:29:40.077 [reactor-http-nio-10] DEBUG reactor.netty.http.client.HttpClientOperations - [id: 0x333c1bf0, L:/127.0.0.1:49905 - R:localhost/127.0.0.1:8081] Received last HTTP packet
20:29:40.076 [pool-13-thread-44] DEBUG org.springframework.web.reactive.function.client.ExchangeFunctions - [7dc2837f] HTTP GET http://localhost:8081/getAttractions
20:29:40.077 [reactor-http-nio-15] DEBUG reactor.netty.channel.FluxReceive - [id: 0x6124bcfa, L:/127.0.0.1:49886 - R:localhost/127.0.0.1:8081] Subscribing inbound receiver [pending: 0, cancelled:false, inboundDone: false]
20:29:40.077 [reactor-http-nio-10] DEBUG org.springframework.core.codec.StringDecoder - [485bdd20] Decoded "{"userId":"6481dcb4-2f55-4f48-935d-cd126a87cdbf","location":{"longitude":100.478125,"latitude":-9.3 (truncated)...
20:29:40.077 [reactor-http-nio-10] DEBUG reactor.netty.resources.PooledConnectionProvider - [id: 0x333c1bf0, L:/127.0.0.1:49905 - R:localhost/127.0.0.1:8081] onStateChange(GET{uri=/getUserLocation?userId=6481dcb4-2f55-4f48-935d-cd126a87cdbf, connection=PooledConnection{channel=[id: 0x333c1bf0, L:/127.0.0.1:49905 - R:localhost/127.0.0.1:8081]}}, [disconnecting])
20:29:40.077 [reactor-http-nio-13] DEBUG reactor.netty.resources.PooledConnectionProvider - [id: 0x834a6289, L:/127.0.0.1:49920 - R:localhost/127.0.0.1:8081] onStateChange(GET{uri=/getUserLocation?userId=50aab37f-f04c-48e7-8c2a-392c752c1190, connection=PooledConnection{channel=[id: 0x834a6289, L:/127.0.0.1:49920 - R:localhost/127.0.0.1:8081]}}, [request_sent])
20:29:40.076 [reactor-http-nio-11] DEBUG reactor.netty.channel.FluxReceive - [id: 0xd4c90cec, L:/127.0.0.1:49883 - R:localhost/127.0.0.1:8081] Subscribing inbound receiver [pending: 0, cancelled:false, inboundDone: false]
20:29:40.076 [pool-13-thread-59] DEBUG org.springframework.web.reactive.function.client.ExchangeFunctions - [7217c444] HTTP GET http://localhost:8081/getAttractions
20:29:40.076 [reactor-http-nio-16] DEBUG org.springframework.web.reactive.function.client.ExchangeFunctions - [384cd975] Response 200 OK
20:29:40.077 [reactor-http-nio-11] DEBUG reactor.netty.http.client.HttpClientOperations - [id: 0xd4c90cec, L:/127.0.0.1:49883 - R:localhost/127.0.0.1:8081] Received last HTTP packet
20:29:40.077 [reactor-http-nio-13] DEBUG reactor.netty.http.client.HttpClientOperations - [id: 0x3d1cc9c3, L:/127.0.0.1:49878 - R:localhost/127.0.0.1:8081] Received response (auto-read:false) : [Content-Type=application/json, Transfer-Encoding=chunked, Date=Tue, 29 Jun 2021 14:59:39 GMT]
20:29:40.077 [reactor-http-nio-13] DEBUG reactor.netty.resources.PooledConnectionProvider - [id: 0x3d1cc9c3, L:/127.0.0.1:49878 - R:localhost/127.0.0.1:8081] onStateChange(GET{uri=/getAttractions, connection=PooledConnection{channel=[id: 0x3d1cc9c3, L:/127.0.0.1:49878 - R:localhost/127.0.0.1:8081]}}, [response_received])
20:29:40.076 [reactor-http-nio-14] DEBUG reactor.netty.resources.PooledConnectionProvider - [id: 0x0b723f2b, L:/127.0.0.1:49877 - R:localhost/127.0.0.1:8081] Releasing channel
20:29:40.077 [reactor-http-nio-13] DEBUG org.springframework.web.reactive.function.client.ExchangeFunctions - [22660824] Response 200 OK
20:29:40.077 [reactor-http-nio-14] DEBUG reactor.netty.resources.PooledConnectionProvider - [id: 0x0b723f2b, L:/127.0.0.1:49877 - R:localhost/127.0.0.1:8081] Channel cleaned, now 54 active connections and 12 inactive connections
20:29:40.076 [reactor-http-nio-2] DEBUG reactor.netty.channel.FluxReceive - [id: 0xb543d4db, L:/127.0.0.1:49930 - R:localhost/127.0.0.1:8081] Subscribing inbound receiver [pending: 0, cancelled:false, inboundDone: false]
20:29:40.077 [reactor-http-nio-16] DEBUG reactor.netty.channel.FluxReceive - [id: 0xbf9579bc, L:/127.0.0.1:49879 - R:localhost/127.0.0.1:8081] Subscribing inbound receiver [pending: 0, cancelled:false, inboundDone: false]
20:29:40.077 [reactor-http-nio-13] DEBUG reactor.netty.channel.FluxReceive - [id: 0x3d1cc9c3, L:/127.0.0.1:49878 - R:localhost/127.0.0.1:8081] Subscribing inbound receiver [pending: 0, cancelled:false, inboundDone: false]
20:29:40.077 [reactor-http-nio-2] DEBUG reactor.netty.http.client.HttpClientOperations - [id: 0xb543d4db, L:/127.0.0.1:49930 - R:localhost/127.0.0.1:8081] Received last HTTP packet
20:29:40.077 [pool-13-thread-39] DEBUG org.springframework.web.reactive.function.client.ExchangeFunctions - [776e7e12] HTTP GET http://localhost:8081/getAttractions
20:29:40.078 [reactor-http-nio-16] DEBUG reactor.netty.http.client.HttpClientOperations - [id: 0xbf9579bc, L:/127.0.0.1:49879 - R:localhost/127.0.0.1:8081] Received last HTTP packet
20:29:40.078 [reactor-http-nio-2] DEBUG org.springframework.core.codec.StringDecoder - [1bde7379] Decoded "{"userId":"968c9a67-fd41-4c49-9869-89efd4efb0c5","location":{"longitude":-10.110088,"latitude":-18. (truncated)...
20:29:40.078 [reactor-http-nio-13] DEBUG reactor.netty.http.client.HttpClientOperations - [id: 0x3d1cc9c3, L:/127.0.0.1:49878 - R:localhost/127.0.0.1:8081] Received last HTTP packet
20:29:40.077 [pool-13-thread-19] DEBUG org.springframework.web.reactive.function.client.ExchangeFunctions - [13725817] HTTP GET http://localhost:8081/getUserLocation?userId=2ef3f0ae-224e-455d-956a-263d2f03dce0
20:29:40.077 [reactor-http-nio-15] DEBUG reactor.netty.http.client.HttpClientOperations - [id: 0x6124bcfa, L:/127.0.0.1:49886 - R:localhost/127.0.0.1:8081] Received last HTTP packet
20:29:40.078 [pool-13-thread-40] DEBUG org.springframework.web.reactive.function.client.ExchangeFunctions - [5967f68e] HTTP GET http://localhost:8081/getAttractions
20:29:40.078 [reactor-http-nio-16] DEBUG org.springframework.core.codec.StringDecoder - [384cd975] Decoded "[{"longitude":-117.922008,"latitude":33.817595,"attractionName":"Disneyland","city":"Anaheim","stat (truncated)...
20:29:40.077 [reactor-http-nio-10] DEBUG reactor.netty.resources.PooledConnectionProvider - [id: 0x333c1bf0, L:/127.0.0.1:49905 - R:localhost/127.0.0.1:8081] Releasing channel
20:29:40.078 [reactor-http-nio-15] DEBUG org.springframework.core.codec.StringDecoder - [45f791e0] Decoded "{"userId":"c2379045-f4ac-44fb-ba45-6714e60d9210","location":{"longitude":73.65597,"latitude":-33.45 (truncated)...
20:29:40.078 [reactor-http-nio-13] DEBUG org.springframework.core.codec.StringDecoder - [22660824] Decoded "[{"longitude":-117.922008,"latitude":33.817595,"attractionName":"Disneyland","city":"Anaheim","stat (truncated)...
20:29:40.078 [reactor-http-nio-16] DEBUG reactor.netty.resources.PooledConnectionProvider - [id: 0xbf9579bc, L:/127.0.0.1:49879 - R:localhost/127.0.0.1:8081] onStateChange(GET{uri=/getAttractions, connection=PooledConnection{channel=[id: 0xbf9579bc, L:/127.0.0.1:49879 - R:localhost/127.0.0.1:8081]}}, [disconnecting])
20:29:40.078 [reactor-http-nio-13] DEBUG reactor.netty.resources.PooledConnectionProvider - [id: 0x3d1cc9c3, L:/127.0.0.1:49878 - R:localhost/127.0.0.1:8081] onStateChange(GET{uri=/getAttractions, connection=PooledConnection{channel=[id: 0x3d1cc9c3, L:/127.0.0.1:49878 - R:localhost/127.0.0.1:8081]}}, [disconnecting])
20:29:40.078 [reactor-http-nio-13] DEBUG reactor.netty.resources.PooledConnectionProvider - [id: 0x3d1cc9c3, L:/127.0.0.1:49878 - R:localhost/127.0.0.1:8081] Releasing channel
20:29:40.078 [reactor-http-nio-13] DEBUG reactor.netty.resources.PooledConnectionProvider - [id: 0x3d1cc9c3, L:/127.0.0.1:49878 - R:localhost/127.0.0.1:8081] Channel cleaned, now 52 active connections and 14 inactive connections
20:29:40.077 [reactor-http-nio-11] DEBUG org.springframework.core.codec.StringDecoder - [2cdd8036] Decoded "{"userId":"d1089acd-b9eb-4b8b-87e9-939493f4ea33","location":{"longitude":24.392458,"latitude":-4.46 (truncated)...
20:29:40.078 [reactor-http-nio-11] DEBUG reactor.netty.resources.PooledConnectionProvider - [id: 0xd4c90cec, L:/127.0.0.1:49883 - R:localhost/127.0.0.1:8081] onStateChange(GET{uri=/getUserLocation?userId=d1089acd-b9eb-4b8b-87e9-939493f4ea33, connection=PooledConnection{channel=[id: 0xd4c90cec, L:/127.0.0.1:49883 - R:localhost/127.0.0.1:8081]}}, [disconnecting])
20:29:40.078 [reactor-http-nio-11] DEBUG reactor.netty.resources.PooledConnectionProvider - [id: 0xd4c90cec, L:/127.0.0.1:49883 - R:localhost/127.0.0.1:8081] Releasing channel
20:29:40.078 [reactor-http-nio-11] DEBUG reactor.netty.resources.PooledConnectionProvider - [id: 0xd4c90cec, L:/127.0.0.1:49883 - R:localhost/127.0.0.1:8081] Channel cleaned, now 51 active connections and 15 inactive connections
20:29:40.079 [pool-13-thread-37] DEBUG org.springframework.web.reactive.function.client.ExchangeFunctions - [469c3a5b] HTTP GET http://localhost:8081/getAttractions
20:29:40.078 [reactor-http-nio-14] DEBUG reactor.netty.http.client.HttpClientOperations - [id: 0x862a0562, L:/127.0.0.1:49894 - R:localhost/127.0.0.1:8081] Received response (auto-read:false) : [Content-Type=application/json, Transfer-Encoding=chunked, Date=Tue, 29 Jun 2021 14:59:39 GMT]
20:29:40.079 [reactor-http-nio-14] DEBUG reactor.netty.resources.PooledConnectionProvider - [id: 0x862a0562, L:/127.0.0.1:49894 - R:localhost/127.0.0.1:8081] onStateChange(GET{uri=/getAttractions, connection=PooledConnection{channel=[id: 0x862a0562, L:/127.0.0.1:49894 - R:localhost/127.0.0.1:8081]}}, [response_received])
20:29:40.079 [reactor-http-nio-14] DEBUG org.springframework.web.reactive.function.client.ExchangeFunctions - [74572100] Response 200 OK
20:29:40.079 [reactor-http-nio-14] DEBUG reactor.netty.channel.FluxReceive - [id: 0x862a0562, L:/127.0.0.1:49894 - R:localhost/127.0.0.1:8081] Subscribing inbound receiver [pending: 0, cancelled:false, inboundDone: false]
20:29:40.079 [pool-13-thread-63] DEBUG org.springframework.web.reactive.function.client.ExchangeFunctions - [15198e72] HTTP GET http://localhost:8081/getAttractions
20:29:40.079 [reactor-http-nio-13] DEBUG reactor.netty.http.client.HttpClientOperations - [id: 0x6e1bd8e9, L:/127.0.0.1:49914 - R:localhost/127.0.0.1:8081] Received response (auto-read:false) : [Content-Type=application/json, Transfer-Encoding=chunked, Date=Tue, 29 Jun 2021 14:59:39 GMT]
20:29:40.079 [reactor-http-nio-13] DEBUG reactor.netty.resources.PooledConnectionProvider - [id: 0x6e1bd8e9, L:/127.0.0.1:49914 - R:localhost/127.0.0.1:8081] onStateChange(GET{uri=/getAttractions, connection=PooledConnection{channel=[id: 0x6e1bd8e9, L:/127.0.0.1:49914 - R:localhost/127.0.0.1:8081]}}, [response_received])
20:29:40.079 [reactor-http-nio-14] DEBUG reactor.netty.http.client.HttpClientOperations - [id: 0x862a0562, L:/127.0.0.1:49894 - R:localhost/127.0.0.1:8081] Received last HTTP packet
20:29:40.080 [pool-13-thread-14] DEBUG org.springframework.web.reactive.function.client.ExchangeFunctions - [4b30772e] HTTP GET http://localhost:8081/getAttractions
20:29:40.080 [reactor-http-nio-14] DEBUG org.springframework.core.codec.StringDecoder - [74572100] Decoded "[{"longitude":-117.922008,"latitude":33.817595,"attractionName":"Disneyland","city":"Anaheim","stat (truncated)...
20:29:40.080 [reactor-http-nio-14] DEBUG reactor.netty.resources.PooledConnectionProvider - [id: 0x862a0562, L:/127.0.0.1:49894 - R:localhost/127.0.0.1:8081] onStateChange(GET{uri=/getAttractions, connection=PooledConnection{channel=[id: 0x862a0562, L:/127.0.0.1:49894 - R:localhost/127.0.0.1:8081]}}, [disconnecting])
20:29:40.080 [reactor-http-nio-14] DEBUG reactor.netty.resources.PooledConnectionProvider - [id: 0x862a0562, L:/127.0.0.1:49894 - R:localhost/127.0.0.1:8081] Releasing channel
20:29:40.080 [reactor-http-nio-14] DEBUG reactor.netty.resources.PooledConnectionProvider - [id: 0x862a0562, L:/127.0.0.1:49894 - R:localhost/127.0.0.1:8081] Channel cleaned, now 50 active connections and 16 inactive connections
20:29:40.078 [reactor-http-nio-2] DEBUG reactor.netty.resources.PooledConnectionProvider - [id: 0xb543d4db, L:/127.0.0.1:49930 - R:localhost/127.0.0.1:8081] onStateChange(GET{uri=/getUserLocation?userId=968c9a67-fd41-4c49-9869-89efd4efb0c5, connection=PooledConnection{channel=[id: 0xb543d4db, L:/127.0.0.1:49930 - R:localhost/127.0.0.1:8081]}}, [disconnecting])
20:29:40.080 [reactor-http-nio-2] DEBUG reactor.netty.resources.PooledConnectionProvider - [id: 0xb543d4db, L:/127.0.0.1:49930 - R:localhost/127.0.0.1:8081] Releasing channel
20:29:40.080 [pool-13-thread-12] DEBUG org.springframework.web.reactive.function.client.ExchangeFunctions - [221a7bdd] HTTP GET http://localhost:8081/getAttractions
20:29:40.078 [reactor-http-nio-10] DEBUG reactor.netty.resources.PooledConnectionProvider - [id: 0x333c1bf0, L:/127.0.0.1:49905 - R:localhost/127.0.0.1:8081] Channel cleaned, now 53 active connections and 13 inactive connections
20:29:40.078 [reactor-http-nio-15] DEBUG reactor.netty.resources.PooledConnectionProvider - [id: 0x6124bcfa, L:/127.0.0.1:49886 - R:localhost/127.0.0.1:8081] onStateChange(GET{uri=/getUserLocation?userId=c2379045-f4ac-44fb-ba45-6714e60d9210, connection=PooledConnection{channel=[id: 0x6124bcfa, L:/127.0.0.1:49886 - R:localhost/127.0.0.1:8081]}}, [disconnecting])
20:29:40.078 [reactor-http-nio-16] DEBUG reactor.netty.resources.PooledConnectionProvider - [id: 0xbf9579bc, L:/127.0.0.1:49879 - R:localhost/127.0.0.1:8081] Releasing channel
20:29:40.079 [reactor-http-nio-13] DEBUG org.springframework.web.reactive.function.client.ExchangeFunctions - [2f9ab45f] Response 200 OK
20:29:40.080 [pool-13-thread-27] DEBUG org.springframework.web.reactive.function.client.ExchangeFunctions - [3c734aa4] HTTP GET http://localhost:8081/getUserLocation?userId=f9b2e52b-edbb-41a8-9a55-51e40e5479e2
20:29:40.080 [pool-13-thread-15] DEBUG org.springframework.web.reactive.function.client.ExchangeFunctions - [265998b0] HTTP GET http://localhost:8081/getUserLocation?userId=5407430b-be6d-4e33-8e70-7fe08dccf28f
20:29:40.080 [reactor-http-nio-14] DEBUG reactor.netty.http.client.HttpClientOperations - [id: 0x636930f8, L:/127.0.0.1:49895 - R:localhost/127.0.0.1:8081] Received response (auto-read:false) : [Content-Type=application/json, Transfer-Encoding=chunked, Date=Tue, 29 Jun 2021 14:59:39 GMT]
20:29:40.080 [reactor-http-nio-2] DEBUG reactor.netty.resources.PooledConnectionProvider - [id: 0xb543d4db, L:/127.0.0.1:49930 - R:localhost/127.0.0.1:8081] Channel cleaned, now 49 active connections and 17 inactive connections
20:29:40.080 [reactor-http-nio-11] DEBUG reactor.netty.http.client.HttpClientOperations - [id: 0x5557723c, L:/127.0.0.1:49932 - R:localhost/127.0.0.1:8081] Received response (auto-read:false) : [Content-Type=application/json, Transfer-Encoding=chunked, Date=Tue, 29 Jun 2021 14:59:39 GMT]
20:29:40.080 [reactor-http-nio-15] DEBUG reactor.netty.resources.PooledConnectionProvider - [id: 0x6124bcfa, L:/127.0.0.1:49886 - R:localhost/127.0.0.1:8081] Releasing channel
20:29:40.081 [reactor-http-nio-16] DEBUG reactor.netty.resources.PooledConnectionProvider - [id: 0xbf9579bc, L:/127.0.0.1:49879 - R:localhost/127.0.0.1:8081] Channel cleaned, now 48 active connections and 18 inactive connections
20:29:40.081 [reactor-http-nio-15] DEBUG reactor.netty.resources.PooledConnectionProvider - [id: 0x6124bcfa, L:/127.0.0.1:49886 - R:localhost/127.0.0.1:8081] Channel cleaned, now 47 active connections and 19 inactive connections
20:29:40.081 [reactor-http-nio-12] DEBUG reactor.netty.http.client.HttpClientOperations - [id: 0x622ee18f, L:/127.0.0.1:49911 - R:localhost/127.0.0.1:8081] Received response (auto-read:false) : [Content-Type=application/json, Transfer-Encoding=chunked, Date=Tue, 29 Jun 2021 14:59:39 GMT]
20:29:40.081 [reactor-http-nio-10] DEBUG reactor.netty.http.client.HttpClientOperations - [id: 0x415a9863, L:/127.0.0.1:49906 - R:localhost/127.0.0.1:8081] Received response (auto-read:false) : [Content-Type=application/json, Transfer-Encoding=chunked, Date=Tue, 29 Jun 2021 14:59:39 GMT]
20:29:40.081 [reactor-http-nio-2] DEBUG reactor.netty.http.client.HttpClientOperations - [id: 0xa9dc0f4b, L:/127.0.0.1:49924 - R:localhost/127.0.0.1:8081] Received response (auto-read:false) : [Content-Type=application/json, Transfer-Encoding=chunked, Date=Tue, 29 Jun 2021 14:59:39 GMT]
20:29:40.081 [reactor-http-nio-15] DEBUG reactor.netty.resources.PooledConnectionProvider - [id: 0x05482a00, L:/127.0.0.1:49865 - R:localhost/127.0.0.1:8081] Channel acquired, now 48 active connections and 18 inactive connections
20:29:40.081 [reactor-http-nio-2] DEBUG reactor.netty.resources.PooledConnectionProvider - [id: 0xa9dc0f4b, L:/127.0.0.1:49924 - R:localhost/127.0.0.1:8081] onStateChange(GET{uri=/getUserLocation?userId=58a56308-8d4c-444e-bbc3-64121f880305, connection=PooledConnection{channel=[id: 0xa9dc0f4b, L:/127.0.0.1:49924 - R:localhost/127.0.0.1:8081]}}, [response_received])
20:29:40.081 [reactor-http-nio-14] DEBUG reactor.netty.resources.PooledConnectionProvider - [id: 0x636930f8, L:/127.0.0.1:49895 - R:localhost/127.0.0.1:8081] onStateChange(GET{uri=/getUserLocation?userId=da040135-e798-4ad4-89cf-eb7bf2267293, connection=PooledConnection{channel=[id: 0x636930f8, L:/127.0.0.1:49895 - R:localhost/127.0.0.1:8081]}}, [response_received])
20:29:40.081 [reactor-http-nio-11] DEBUG reactor.netty.resources.PooledConnectionProvider - [id: 0x5557723c, L:/127.0.0.1:49932 - R:localhost/127.0.0.1:8081] onStateChange(GET{uri=/getAttractions, connection=PooledConnection{channel=[id: 0x5557723c, L:/127.0.0.1:49932 - R:localhost/127.0.0.1:8081]}}, [response_received])
20:29:40.081 [reactor-http-nio-15] DEBUG reactor.netty.http.client.HttpClientConnect - [id: 0x05482a00, L:/127.0.0.1:49865 - R:localhost/127.0.0.1:8081] Handler is being applied: {uri=http://localhost:8081/getAttractions, method=GET}
20:29:40.081 [reactor-http-nio-12] DEBUG reactor.netty.resources.PooledConnectionProvider - [id: 0x622ee18f, L:/127.0.0.1:49911 - R:localhost/127.0.0.1:8081] onStateChange(GET{uri=/getAttractions, connection=PooledConnection{channel=[id: 0x622ee18f, L:/127.0.0.1:49911 - R:localhost/127.0.0.1:8081]}}, [response_received])
20:29:40.081 [reactor-http-nio-11] DEBUG org.springframework.web.reactive.function.client.ExchangeFunctions - [43dcb6f0] Response 200 OK
20:29:40.081 [reactor-http-nio-10] DEBUG reactor.netty.resources.PooledConnectionProvider - [id: 0x415a9863, L:/127.0.0.1:49906 - R:localhost/127.0.0.1:8081] onStateChange(GET{uri=/getUserLocation?userId=0e25da6d-7e82-4e4b-ace0-0c93b7703707, connection=PooledConnection{channel=[id: 0x415a9863, L:/127.0.0.1:49906 - R:localhost/127.0.0.1:8081]}}, [response_received])
20:29:40.081 [reactor-http-nio-13] DEBUG reactor.netty.channel.FluxReceive - [id: 0x6e1bd8e9, L:/127.0.0.1:49914 - R:localhost/127.0.0.1:8081] Subscribing inbound receiver [pending: 0, cancelled:false, inboundDone: false]
20:29:40.081 [reactor-http-nio-2] DEBUG org.springframework.web.reactive.function.client.ExchangeFunctions - [52b1a908] Response 200 OK
20:29:40.081 [reactor-http-nio-16] DEBUG reactor.netty.http.client.HttpClientOperations - [id: 0x1eb86fc9, L:/127.0.0.1:49891 - R:localhost/127.0.0.1:8081] Received response (auto-read:false) : [Content-Type=application/json, Transfer-Encoding=chunked, Date=Tue, 29 Jun 2021 14:59:39 GMT]
20:29:40.081 [reactor-http-nio-14] DEBUG org.springframework.web.reactive.function.client.ExchangeFunctions - [61eff44d] Response 200 OK
20:29:40.081 [reactor-http-nio-16] DEBUG reactor.netty.resources.PooledConnectionProvider - [id: 0x1eb86fc9, L:/127.0.0.1:49891 - R:localhost/127.0.0.1:8081] onStateChange(GET{uri=/getAttractions, connection=PooledConnection{channel=[id: 0x1eb86fc9, L:/127.0.0.1:49891 - R:localhost/127.0.0.1:8081]}}, [response_received])
20:29:40.081 [reactor-http-nio-12] DEBUG org.springframework.web.reactive.function.client.ExchangeFunctions - [1cd98fed] Response 200 OK
20:29:40.081 [reactor-http-nio-16] DEBUG org.springframework.web.reactive.function.client.ExchangeFunctions - [76a20709] Response 200 OK
20:29:40.081 [reactor-http-nio-2] DEBUG reactor.netty.channel.FluxReceive - [id: 0xa9dc0f4b, L:/127.0.0.1:49924 - R:localhost/127.0.0.1:8081] Subscribing inbound receiver [pending: 0, cancelled:false, inboundDone: false]
20:29:40.081 [reactor-http-nio-11] DEBUG reactor.netty.channel.FluxReceive - [id: 0x5557723c, L:/127.0.0.1:49932 - R:localhost/127.0.0.1:8081] Subscribing inbound receiver [pending: 0, cancelled:false, inboundDone: false]
20:29:40.081 [reactor-http-nio-10] DEBUG org.springframework.web.reactive.function.client.ExchangeFunctions - [2b19096b] Response 200 OK
20:29:40.081 [reactor-http-nio-15] DEBUG reactor.netty.resources.PooledConnectionProvider - [id: 0x05482a00, L:/127.0.0.1:49865 - R:localhost/127.0.0.1:8081] onStateChange(GET{uri=/getAttractions, connection=PooledConnection{channel=[id: 0x05482a00, L:/127.0.0.1:49865 - R:localhost/127.0.0.1:8081]}}, [request_sent])
20:29:40.081 [reactor-http-nio-14] DEBUG reactor.netty.channel.FluxReceive - [id: 0x636930f8, L:/127.0.0.1:49895 - R:localhost/127.0.0.1:8081] Subscribing inbound receiver [pending: 0, cancelled:false, inboundDone: false]
20:29:40.081 [reactor-http-nio-13] DEBUG reactor.netty.http.client.HttpClientOperations - [id: 0x6e1bd8e9, L:/127.0.0.1:49914 - R:localhost/127.0.0.1:8081] Received last HTTP packet
20:29:40.082 [reactor-http-nio-11] DEBUG reactor.netty.http.client.HttpClientOperations - [id: 0x5557723c, L:/127.0.0.1:49932 - R:localhost/127.0.0.1:8081] Received last HTTP packet
20:29:40.082 [reactor-http-nio-14] DEBUG reactor.netty.http.client.HttpClientOperations - [id: 0x636930f8, L:/127.0.0.1:49895 - R:localhost/127.0.0.1:8081] Received last HTTP packet
20:29:40.081 [reactor-http-nio-12] DEBUG reactor.netty.channel.FluxReceive - [id: 0x622ee18f, L:/127.0.0.1:49911 - R:localhost/127.0.0.1:8081] Subscribing inbound receiver [pending: 0, cancelled:false, inboundDone: false]
20:29:40.081 [reactor-http-nio-16] DEBUG reactor.netty.channel.FluxReceive - [id: 0x1eb86fc9, L:/127.0.0.1:49891 - R:localhost/127.0.0.1:8081] Subscribing inbound receiver [pending: 0, cancelled:false, inboundDone: false]
20:29:40.082 [reactor-http-nio-14] DEBUG org.springframework.core.codec.StringDecoder - [61eff44d] Decoded "{"userId":"da040135-e798-4ad4-89cf-eb7bf2267293","location":{"longitude":-20.468088,"latitude":8.59 (truncated)...
20:29:40.082 [reactor-http-nio-15] DEBUG reactor.netty.resources.PooledConnectionProvider - [id: 0x822a7f8c, L:/127.0.0.1:49898 - R:localhost/127.0.0.1:8081] Channel acquired, now 49 active connections and 17 inactive connections
20:29:40.082 [reactor-http-nio-12] DEBUG reactor.netty.http.client.HttpClientOperations - [id: 0x622ee18f, L:/127.0.0.1:49911 - R:localhost/127.0.0.1:8081] Received last HTTP packet
20:29:40.082 [reactor-http-nio-11] DEBUG org.springframework.core.codec.StringDecoder - [43dcb6f0] Decoded "[{"longitude":-117.922008,"latitude":33.817595,"attractionName":"Disneyland","city":"Anaheim","stat (truncated)...
20:29:40.082 [reactor-http-nio-2] DEBUG reactor.netty.http.client.HttpClientOperations - [id: 0xa9dc0f4b, L:/127.0.0.1:49924 - R:localhost/127.0.0.1:8081] Received last HTTP packet
20:29:40.082 [reactor-http-nio-10] DEBUG reactor.netty.channel.FluxReceive - [id: 0x415a9863, L:/127.0.0.1:49906 - R:localhost/127.0.0.1:8081] Subscribing inbound receiver [pending: 0, cancelled:false, inboundDone: false]
20:29:40.082 [reactor-http-nio-14] DEBUG reactor.netty.resources.PooledConnectionProvider - [id: 0x636930f8, L:/127.0.0.1:49895 - R:localhost/127.0.0.1:8081] onStateChange(GET{uri=/getUserLocation?userId=da040135-e798-4ad4-89cf-eb7bf2267293, connection=PooledConnection{channel=[id: 0x636930f8, L:/127.0.0.1:49895 - R:localhost/127.0.0.1:8081]}}, [disconnecting])
20:29:40.082 [reactor-http-nio-14] DEBUG reactor.netty.resources.PooledConnectionProvider - [id: 0x636930f8, L:/127.0.0.1:49895 - R:localhost/127.0.0.1:8081] Releasing channel
20:29:40.082 [reactor-http-nio-10] DEBUG reactor.netty.http.client.HttpClientOperations - [id: 0x415a9863, L:/127.0.0.1:49906 - R:localhost/127.0.0.1:8081] Received last HTTP packet
20:29:40.082 [reactor-http-nio-12] DEBUG org.springframework.core.codec.StringDecoder - [1cd98fed] Decoded "[{"longitude":-117.922008,"latitude":33.817595,"attractionName":"Disneyland","city":"Anaheim","stat (truncated)...
20:29:40.082 [reactor-http-nio-15] DEBUG reactor.netty.http.client.HttpClientConnect - [id: 0x822a7f8c, L:/127.0.0.1:49898 - R:localhost/127.0.0.1:8081] Handler is being applied: {uri=http://localhost:8081/getAttractions, method=GET}
20:29:40.082 [reactor-http-nio-12] DEBUG reactor.netty.resources.PooledConnectionProvider - [id: 0x622ee18f, L:/127.0.0.1:49911 - R:localhost/127.0.0.1:8081] onStateChange(GET{uri=/getAttractions, connection=PooledConnection{channel=[id: 0x622ee18f, L:/127.0.0.1:49911 - R:localhost/127.0.0.1:8081]}}, [disconnecting])
20:29:40.082 [reactor-http-nio-12] DEBUG reactor.netty.resources.PooledConnectionProvider - [id: 0x622ee18f, L:/127.0.0.1:49911 - R:localhost/127.0.0.1:8081] Releasing channel
20:29:40.082 [reactor-http-nio-12] DEBUG reactor.netty.resources.PooledConnectionProvider - [id: 0x622ee18f, L:/127.0.0.1:49911 - R:localhost/127.0.0.1:8081] Channel cleaned, now 47 active connections and 19 inactive connections
20:29:40.082 [reactor-http-nio-13] DEBUG org.springframework.core.codec.StringDecoder - [2f9ab45f] Decoded "[{"longitude":-117.922008,"latitude":33.817595,"attractionName":"Disneyland","city":"Anaheim","stat (truncated)...
20:29:40.083 [reactor-http-nio-13] DEBUG reactor.netty.resources.PooledConnectionProvider - [id: 0x6e1bd8e9, L:/127.0.0.1:49914 - R:localhost/127.0.0.1:8081] onStateChange(GET{uri=/getAttractions, connection=PooledConnection{channel=[id: 0x6e1bd8e9, L:/127.0.0.1:49914 - R:localhost/127.0.0.1:8081]}}, [disconnecting])
20:29:40.083 [reactor-http-nio-13] DEBUG reactor.netty.resources.PooledConnectionProvider - [id: 0x6e1bd8e9, L:/127.0.0.1:49914 - R:localhost/127.0.0.1:8081] Releasing channel
20:29:40.083 [reactor-http-nio-13] DEBUG reactor.netty.resources.PooledConnectionProvider - [id: 0x6e1bd8e9, L:/127.0.0.1:49914 - R:localhost/127.0.0.1:8081] Channel cleaned, now 46 active connections and 20 inactive connections
20:29:40.083 [reactor-http-nio-15] DEBUG reactor.netty.resources.PooledConnectionProvider - [id: 0x822a7f8c, L:/127.0.0.1:49898 - R:localhost/127.0.0.1:8081] onStateChange(GET{uri=/getAttractions, connection=PooledConnection{channel=[id: 0x822a7f8c, L:/127.0.0.1:49898 - R:localhost/127.0.0.1:8081]}}, [request_sent])
20:29:40.082 [reactor-http-nio-16] DEBUG reactor.netty.http.client.HttpClientOperations - [id: 0x1eb86fc9, L:/127.0.0.1:49891 - R:localhost/127.0.0.1:8081] Received last HTTP packet
20:29:40.083 [reactor-http-nio-15] DEBUG reactor.netty.http.client.HttpClientOperations - [id: 0x30e81d35, L:/127.0.0.1:49884 - R:localhost/127.0.0.1:8081] Received response (auto-read:false) : [Content-Type=application/json, Transfer-Encoding=chunked, Date=Tue, 29 Jun 2021 14:59:39 GMT]
20:29:40.083 [reactor-http-nio-15] DEBUG reactor.netty.resources.PooledConnectionProvider - [id: 0x30e81d35, L:/127.0.0.1:49884 - R:localhost/127.0.0.1:8081] onStateChange(GET{uri=/getAttractions, connection=PooledConnection{channel=[id: 0x30e81d35, L:/127.0.0.1:49884 - R:localhost/127.0.0.1:8081]}}, [response_received])
20:29:40.083 [reactor-http-nio-15] DEBUG org.springframework.web.reactive.function.client.ExchangeFunctions - [260fb5d9] Response 200 OK
20:29:40.082 [reactor-http-nio-11] DEBUG reactor.netty.resources.PooledConnectionProvider - [id: 0x5557723c, L:/127.0.0.1:49932 - R:localhost/127.0.0.1:8081] onStateChange(GET{uri=/getAttractions, connection=PooledConnection{channel=[id: 0x5557723c, L:/127.0.0.1:49932 - R:localhost/127.0.0.1:8081]}}, [disconnecting])
20:29:40.083 [reactor-http-nio-16] DEBUG org.springframework.core.codec.StringDecoder - [76a20709] Decoded "[{"longitude":-117.922008,"latitude":33.817595,"attractionName":"Disneyland","city":"Anaheim","stat (truncated)...
20:29:40.083 [reactor-http-nio-11] DEBUG reactor.netty.resources.PooledConnectionProvider - [id: 0x5557723c, L:/127.0.0.1:49932 - R:localhost/127.0.0.1:8081] Releasing channel
20:29:40.083 [reactor-http-nio-16] DEBUG reactor.netty.resources.PooledConnectionProvider - [id: 0x1eb86fc9, L:/127.0.0.1:49891 - R:localhost/127.0.0.1:8081] onStateChange(GET{uri=/getAttractions, connection=PooledConnection{channel=[id: 0x1eb86fc9, L:/127.0.0.1:49891 - R:localhost/127.0.0.1:8081]}}, [disconnecting])
20:29:40.083 [reactor-http-nio-16] DEBUG reactor.netty.resources.PooledConnectionProvider - [id: 0x1eb86fc9, L:/127.0.0.1:49891 - R:localhost/127.0.0.1:8081] Releasing channel
20:29:40.083 [reactor-http-nio-11] DEBUG reactor.netty.resources.PooledConnectionProvider - [id: 0x5557723c, L:/127.0.0.1:49932 - R:localhost/127.0.0.1:8081] Channel cleaned, now 45 active connections and 21 inactive connections
20:29:40.083 [reactor-http-nio-16] DEBUG reactor.netty.resources.PooledConnectionProvider - [id: 0x1eb86fc9, L:/127.0.0.1:49891 - R:localhost/127.0.0.1:8081] Channel cleaned, now 44 active connections and 22 inactive connections
20:29:40.083 [reactor-http-nio-12] DEBUG reactor.netty.http.client.HttpClientOperations - [id: 0x5a829f34, L:/127.0.0.1:49910 - R:localhost/127.0.0.1:8081] Received response (auto-read:false) : [Content-Type=application/json, Transfer-Encoding=chunked, Date=Tue, 29 Jun 2021 14:59:39 GMT]
20:29:40.083 [reactor-http-nio-12] DEBUG reactor.netty.resources.PooledConnectionProvider - [id: 0x5a829f34, L:/127.0.0.1:49910 - R:localhost/127.0.0.1:8081] onStateChange(GET{uri=/getAttractions, connection=PooledConnection{channel=[id: 0x5a829f34, L:/127.0.0.1:49910 - R:localhost/127.0.0.1:8081]}}, [response_received])
20:29:40.083 [reactor-http-nio-12] DEBUG org.springframework.web.reactive.function.client.ExchangeFunctions - [2520c5f1] Response 200 OK
20:29:40.084 [reactor-http-nio-16] DEBUG reactor.netty.http.client.HttpClientOperations - [id: 0x08b58e36, L:/127.0.0.1:49899 - R:localhost/127.0.0.1:8081] Received response (auto-read:false) : [Content-Type=application/json, Transfer-Encoding=chunked, Date=Tue, 29 Jun 2021 14:59:39 GMT]
20:29:40.082 [pool-13-thread-38] DEBUG org.springframework.web.reactive.function.client.ExchangeFunctions - [7068bb52] HTTP GET http://localhost:8081/getUserLocation?userId=840e7239-016a-4b82-acc8-d49a7644b73a
20:29:40.082 [reactor-http-nio-2] DEBUG org.springframework.core.codec.StringDecoder - [52b1a908] Decoded "{"userId":"58a56308-8d4c-444e-bbc3-64121f880305","location":{"longitude":79.251632,"latitude":2.413 (truncated)...
20:29:40.084 [reactor-http-nio-12] DEBUG reactor.netty.channel.FluxReceive - [id: 0x5a829f34, L:/127.0.0.1:49910 - R:localhost/127.0.0.1:8081] Subscribing inbound receiver [pending: 0, cancelled:false, inboundDone: false]
20:29:40.084 [pool-13-thread-41] DEBUG org.springframework.web.reactive.function.client.ExchangeFunctions - [6f280600] HTTP GET http://localhost:8081/getAttractions
20:29:40.082 [reactor-http-nio-14] DEBUG reactor.netty.resources.PooledConnectionProvider - [id: 0x636930f8, L:/127.0.0.1:49895 - R:localhost/127.0.0.1:8081] Channel cleaned, now 48 active connections and 18 inactive connections
20:29:40.084 [reactor-http-nio-12] DEBUG reactor.netty.http.client.HttpClientOperations - [id: 0x5a829f34, L:/127.0.0.1:49910 - R:localhost/127.0.0.1:8081] Received last HTTP packet
20:29:40.082 [reactor-http-nio-10] DEBUG org.springframework.core.codec.StringDecoder - [2b19096b] Decoded "{"userId":"0e25da6d-7e82-4e4b-ace0-0c93b7703707","location":{"longitude":117.215761,"latitude":-74. (truncated)...
20:29:40.084 [pool-13-thread-47] DEBUG org.springframework.web.reactive.function.client.ExchangeFunctions - [47e33a53] HTTP GET http://localhost:8081/getUserLocation?userId=0e8d7533-7b65-462e-b339-7a3baf3f3600
20:29:40.083 [reactor-http-nio-13] DEBUG reactor.netty.http.client.HttpClientOperations - [id: 0x4b9adda7, L:/127.0.0.1:49909 - R:localhost/127.0.0.1:8081] Received response (auto-read:false) : [Content-Type=application/json, Transfer-Encoding=chunked, Date=Tue, 29 Jun 2021 14:59:39 GMT]
20:29:40.084 [pool-13-thread-50] DEBUG org.springframework.web.reactive.function.client.ExchangeFunctions - [2ba53574] HTTP GET http://localhost:8081/getUserLocation?userId=82beb281-814a-4b5f-8fcb-f50db6229977
20:29:40.083 [reactor-http-nio-15] DEBUG reactor.netty.channel.FluxReceive - [id: 0x30e81d35, L:/127.0.0.1:49884 - R:localhost/127.0.0.1:8081] Subscribing inbound receiver [pending: 0, cancelled:false, inboundDone: false]
20:29:40.083 [reactor-http-nio-11] DEBUG reactor.netty.resources.PooledConnectionProvider - [id: 0xd4c90cec, L:/127.0.0.1:49883 - R:localhost/127.0.0.1:8081] Channel acquired, now 45 active connections and 21 inactive connections
20:29:40.084 [reactor-http-nio-11] DEBUG reactor.netty.http.client.HttpClientConnect - [id: 0xd4c90cec, L:/127.0.0.1:49883 - R:localhost/127.0.0.1:8081] Handler is being applied: {uri=http://localhost:8081/getAttractions, method=GET}
20:29:40.084 [reactor-http-nio-16] DEBUG reactor.netty.resources.PooledConnectionProvider - [id: 0x08b58e36, L:/127.0.0.1:49899 - R:localhost/127.0.0.1:8081] onStateChange(GET{uri=/getUserLocation?userId=93405125-2138-472a-ba16-9b7d62ca1e26, connection=PooledConnection{channel=[id: 0x08b58e36, L:/127.0.0.1:49899 - R:localhost/127.0.0.1:8081]}}, [response_received])
20:29:40.085 [reactor-http-nio-15] DEBUG reactor.netty.http.client.HttpClientOperations - [id: 0x30e81d35, L:/127.0.0.1:49884 - R:localhost/127.0.0.1:8081] Received last HTTP packet
20:29:40.085 [reactor-http-nio-16] DEBUG org.springframework.web.reactive.function.client.ExchangeFunctions - [1ee1d572] Response 200 OK
20:29:40.085 [reactor-http-nio-11] DEBUG reactor.netty.resources.PooledConnectionProvider - [id: 0xd4c90cec, L:/127.0.0.1:49883 - R:localhost/127.0.0.1:8081] onStateChange(GET{uri=/getAttractions, connection=PooledConnection{channel=[id: 0xd4c90cec, L:/127.0.0.1:49883 - R:localhost/127.0.0.1:8081]}}, [request_sent])
20:29:40.085 [reactor-http-nio-16] DEBUG reactor.netty.channel.FluxReceive - [id: 0x08b58e36, L:/127.0.0.1:49899 - R:localhost/127.0.0.1:8081] Subscribing inbound receiver [pending: 0, cancelled:false, inboundDone: false]
20:29:40.085 [reactor-http-nio-15] DEBUG org.springframework.core.codec.StringDecoder - [260fb5d9] Decoded "[{"longitude":-117.922008,"latitude":33.817595,"attractionName":"Disneyland","city":"Anaheim","stat (truncated)...
20:29:40.085 [reactor-http-nio-15] DEBUG reactor.netty.resources.PooledConnectionProvider - [id: 0x30e81d35, L:/127.0.0.1:49884 - R:localhost/127.0.0.1:8081] onStateChange(GET{uri=/getAttractions, connection=PooledConnection{channel=[id: 0x30e81d35, L:/127.0.0.1:49884 - R:localhost/127.0.0.1:8081]}}, [disconnecting])
20:29:40.085 [reactor-http-nio-15] DEBUG reactor.netty.resources.PooledConnectionProvider - [id: 0x30e81d35, L:/127.0.0.1:49884 - R:localhost/127.0.0.1:8081] Releasing channel
20:29:40.085 [reactor-http-nio-15] DEBUG reactor.netty.resources.PooledConnectionProvider - [id: 0x30e81d35, L:/127.0.0.1:49884 - R:localhost/127.0.0.1:8081] Channel cleaned, now 45 active connections and 21 inactive connections
20:29:40.084 [reactor-http-nio-2] DEBUG reactor.netty.resources.PooledConnectionProvider - [id: 0xa9dc0f4b, L:/127.0.0.1:49924 - R:localhost/127.0.0.1:8081] onStateChange(GET{uri=/getUserLocation?userId=58a56308-8d4c-444e-bbc3-64121f880305, connection=PooledConnection{channel=[id: 0xa9dc0f4b, L:/127.0.0.1:49924 - R:localhost/127.0.0.1:8081]}}, [disconnecting])
20:29:40.085 [reactor-http-nio-2] DEBUG reactor.netty.resources.PooledConnectionProvider - [id: 0xa9dc0f4b, L:/127.0.0.1:49924 - R:localhost/127.0.0.1:8081] Releasing channel
20:29:40.085 [reactor-http-nio-2] DEBUG reactor.netty.resources.PooledConnectionProvider - [id: 0xa9dc0f4b, L:/127.0.0.1:49924 - R:localhost/127.0.0.1:8081] Channel cleaned, now 44 active connections and 22 inactive connections
20:29:40.085 [pool-13-thread-22] DEBUG org.springframework.web.reactive.function.client.ExchangeFunctions - [729d8d05] HTTP GET http://localhost:8081/getUserLocation?userId=64d49763-50d4-4306-96f4-a1438764341e
20:29:40.086 [reactor-http-nio-15] DEBUG reactor.netty.http.client.HttpClientOperations - [id: 0x0f728531, L:/127.0.0.1:49904 - R:localhost/127.0.0.1:8081] Received response (auto-read:false) : [Content-Type=application/json, Transfer-Encoding=chunked, Date=Tue, 29 Jun 2021 14:59:39 GMT]
20:29:40.086 [reactor-http-nio-15] DEBUG reactor.netty.resources.PooledConnectionProvider - [id: 0x0f728531, L:/127.0.0.1:49904 - R:localhost/127.0.0.1:8081] onStateChange(GET{uri=/getAttractions, connection=PooledConnection{channel=[id: 0x0f728531, L:/127.0.0.1:49904 - R:localhost/127.0.0.1:8081]}}, [response_received])
20:29:40.084 [reactor-http-nio-12] DEBUG org.springframework.core.codec.StringDecoder - [2520c5f1] Decoded "[{"longitude":-117.922008,"latitude":33.817595,"attractionName":"Disneyland","city":"Anaheim","stat (truncated)...
20:29:40.084 [pool-13-thread-36] DEBUG org.springframework.web.reactive.function.client.ExchangeFunctions - [18e618ae] HTTP GET http://localhost:8081/getUserLocation?userId=7087ff16-7a54-4942-9fb6-83bd0c2ddf4c
20:29:40.084 [reactor-http-nio-14] DEBUG reactor.netty.http.client.HttpClientOperations - [id: 0x02e00a46, L:/127.0.0.1:49897 - R:localhost/127.0.0.1:8081] Received response (auto-read:false) : [Content-Type=application/json, Transfer-Encoding=chunked, Date=Tue, 29 Jun 2021 14:59:39 GMT]
20:29:40.086 [reactor-http-nio-14] DEBUG reactor.netty.resources.PooledConnectionProvider - [id: 0x02e00a46, L:/127.0.0.1:49897 - R:localhost/127.0.0.1:8081] onStateChange(GET{uri=/getUserLocation?userId=d1d37d4f-820c-4300-9f3d-082f5e4c6188, connection=PooledConnection{channel=[id: 0x02e00a46, L:/127.0.0.1:49897 - R:localhost/127.0.0.1:8081]}}, [response_received])
20:29:40.084 [reactor-http-nio-10] DEBUG reactor.netty.resources.PooledConnectionProvider - [id: 0x415a9863, L:/127.0.0.1:49906 - R:localhost/127.0.0.1:8081] onStateChange(GET{uri=/getUserLocation?userId=0e25da6d-7e82-4e4b-ace0-0c93b7703707, connection=PooledConnection{channel=[id: 0x415a9863, L:/127.0.0.1:49906 - R:localhost/127.0.0.1:8081]}}, [disconnecting])
20:29:40.086 [reactor-http-nio-14] DEBUG org.springframework.web.reactive.function.client.ExchangeFunctions - [5a298b72] Response 200 OK
20:29:40.084 [reactor-http-nio-13] DEBUG reactor.netty.resources.PooledConnectionProvider - [id: 0x4b9adda7, L:/127.0.0.1:49909 - R:localhost/127.0.0.1:8081] onStateChange(GET{uri=/getAttractions, connection=PooledConnection{channel=[id: 0x4b9adda7, L:/127.0.0.1:49909 - R:localhost/127.0.0.1:8081]}}, [response_received])
20:29:40.085 [reactor-http-nio-11] DEBUG reactor.netty.resources.PooledConnectionProvider - [id: 0x70ea745d, L:/127.0.0.1:49931 - R:localhost/127.0.0.1:8081] Channel acquired, now 46 active connections and 20 inactive connections
20:29:40.086 [reactor-http-nio-13] DEBUG org.springframework.web.reactive.function.client.ExchangeFunctions - [71c23ef6] Response 200 OK
20:29:40.085 [reactor-http-nio-16] DEBUG reactor.netty.http.client.HttpClientOperations - [id: 0x08b58e36, L:/127.0.0.1:49899 - R:localhost/127.0.0.1:8081] Received last HTTP packet
20:29:40.086 [reactor-http-nio-11] DEBUG reactor.netty.http.client.HttpClientConnect - [id: 0x70ea745d, L:/127.0.0.1:49931 - R:localhost/127.0.0.1:8081] Handler is being applied: {uri=http://localhost:8081/getAttractions, method=GET}
20:29:40.085 [pool-13-thread-28] DEBUG org.springframework.web.reactive.function.client.ExchangeFunctions - [5c765d2e] HTTP GET http://localhost:8081/getAttractions
20:29:40.086 [reactor-http-nio-16] DEBUG org.springframework.core.codec.StringDecoder - [1ee1d572] Decoded "{"userId":"93405125-2138-472a-ba16-9b7d62ca1e26","location":{"longitude":-58.145607,"latitude":56.6 (truncated)...
20:29:40.086 [reactor-http-nio-13] DEBUG reactor.netty.channel.FluxReceive - [id: 0x4b9adda7, L:/127.0.0.1:49909 - R:localhost/127.0.0.1:8081] Subscribing inbound receiver [pending: 0, cancelled:false, inboundDone: false]
20:29:40.086 [reactor-http-nio-16] DEBUG reactor.netty.resources.PooledConnectionProvider - [id: 0x08b58e36, L:/127.0.0.1:49899 - R:localhost/127.0.0.1:8081] onStateChange(GET{uri=/getUserLocation?userId=93405125-2138-472a-ba16-9b7d62ca1e26, connection=PooledConnection{channel=[id: 0x08b58e36, L:/127.0.0.1:49899 - R:localhost/127.0.0.1:8081]}}, [disconnecting])
20:29:40.086 [reactor-http-nio-16] DEBUG reactor.netty.resources.PooledConnectionProvider - [id: 0x08b58e36, L:/127.0.0.1:49899 - R:localhost/127.0.0.1:8081] Releasing channel
20:29:40.086 [reactor-http-nio-2] DEBUG reactor.netty.http.client.HttpClientOperations - [id: 0x3adc52e3, L:/127.0.0.1:49881 - R:localhost/127.0.0.1:8081] Received response (auto-read:false) : [Content-Type=application/json, Transfer-Encoding=chunked, Date=Tue, 29 Jun 2021 14:59:39 GMT]
20:29:40.086 [reactor-http-nio-16] DEBUG reactor.netty.resources.PooledConnectionProvider - [id: 0x08b58e36, L:/127.0.0.1:49899 - R:localhost/127.0.0.1:8081] Channel cleaned, now 43 active connections and 23 inactive connections
20:29:40.086 [reactor-http-nio-2] DEBUG reactor.netty.resources.PooledConnectionProvider - [id: 0x3adc52e3, L:/127.0.0.1:49881 - R:localhost/127.0.0.1:8081] onStateChange(GET{uri=/getAttractions, connection=PooledConnection{channel=[id: 0x3adc52e3, L:/127.0.0.1:49881 - R:localhost/127.0.0.1:8081]}}, [response_received])
20:29:40.086 [reactor-http-nio-2] DEBUG org.springframework.web.reactive.function.client.ExchangeFunctions - [3152d681] Response 200 OK
20:29:40.086 [reactor-http-nio-11] DEBUG reactor.netty.resources.PooledConnectionProvider - [id: 0x70ea745d, L:/127.0.0.1:49931 - R:localhost/127.0.0.1:8081] onStateChange(GET{uri=/getAttractions, connection=PooledConnection{channel=[id: 0x70ea745d, L:/127.0.0.1:49931 - R:localhost/127.0.0.1:8081]}}, [request_sent])
20:29:40.086 [reactor-http-nio-13] DEBUG reactor.netty.http.client.HttpClientOperations - [id: 0x4b9adda7, L:/127.0.0.1:49909 - R:localhost/127.0.0.1:8081] Received last HTTP packet
20:29:40.086 [reactor-http-nio-11] DEBUG reactor.netty.resources.PooledConnectionProvider - [id: 0x5557723c, L:/127.0.0.1:49932 - R:localhost/127.0.0.1:8081] Channel acquired, now 44 active connections and 22 inactive connections
20:29:40.086 [reactor-http-nio-15] DEBUG org.springframework.web.reactive.function.client.ExchangeFunctions - [4fdac990] Response 200 OK
20:29:40.087 [reactor-http-nio-16] DEBUG reactor.netty.resources.PooledConnectionProvider - [id: 0x31cea2d6, L:/127.0.0.1:49902 - R:localhost/127.0.0.1:8081] Channel acquired, now 45 active connections and 21 inactive connections
20:29:40.087 [reactor-http-nio-16] DEBUG reactor.netty.http.client.HttpClientConnect - [id: 0x31cea2d6, L:/127.0.0.1:49902 - R:localhost/127.0.0.1:8081] Handler is being applied: {uri=http://localhost:8081/getAttractions, method=GET}
20:29:40.087 [reactor-http-nio-13] DEBUG org.springframework.core.codec.StringDecoder - [71c23ef6] Decoded "[{"longitude":-117.922008,"latitude":33.817595,"attractionName":"Disneyland","city":"Anaheim","stat (truncated)...
20:29:40.086 [reactor-http-nio-12] DEBUG reactor.netty.resources.PooledConnectionProvider - [id: 0x5a829f34, L:/127.0.0.1:49910 - R:localhost/127.0.0.1:8081] onStateChange(GET{uri=/getAttractions, connection=PooledConnection{channel=[id: 0x5a829f34, L:/127.0.0.1:49910 - R:localhost/127.0.0.1:8081]}}, [disconnecting])
20:29:40.087 [reactor-http-nio-12] DEBUG reactor.netty.resources.PooledConnectionProvider - [id: 0x5a829f34, L:/127.0.0.1:49910 - R:localhost/127.0.0.1:8081] Releasing channel
20:29:40.086 [pool-13-thread-56] DEBUG org.springframework.web.reactive.function.client.ExchangeFunctions - [25dee278] HTTP GET http://localhost:8081/getAttractions
20:29:40.087 [reactor-http-nio-12] DEBUG reactor.netty.resources.PooledConnectionProvider - [id: 0x5a829f34, L:/127.0.0.1:49910 - R:localhost/127.0.0.1:8081] Channel cleaned, now 44 active connections and 22 inactive connections
20:29:40.086 [reactor-http-nio-10] DEBUG reactor.netty.resources.PooledConnectionProvider - [id: 0x415a9863, L:/127.0.0.1:49906 - R:localhost/127.0.0.1:8081] Releasing channel
20:29:40.086 [reactor-http-nio-14] DEBUG reactor.netty.channel.FluxReceive - [id: 0x02e00a46, L:/127.0.0.1:49897 - R:localhost/127.0.0.1:8081] Subscribing inbound receiver [pending: 0, cancelled:false, inboundDone: false]
20:29:40.087 [reactor-http-nio-11] DEBUG reactor.netty.http.client.HttpClientConnect - [id: 0x5557723c, L:/127.0.0.1:49932 - R:localhost/127.0.0.1:8081] Handler is being applied: {uri=http://localhost:8081/getUserLocation?userId=7087ff16-7a54-4942-9fb6-83bd0c2ddf4c, method=GET}
20:29:40.087 [reactor-http-nio-12] DEBUG reactor.netty.http.client.HttpClientOperations - [id: 0x54b51839, L:/127.0.0.1:49907 - R:localhost/127.0.0.1:8081] Received response (auto-read:false) : [Content-Type=application/json, Transfer-Encoding=chunked, Date=Tue, 29 Jun 2021 14:59:39 GMT]
20:29:40.087 [reactor-http-nio-2] DEBUG reactor.netty.channel.FluxReceive - [id: 0x3adc52e3, L:/127.0.0.1:49881 - R:localhost/127.0.0.1:8081] Subscribing inbound receiver [pending: 0, cancelled:false, inboundDone: false]
20:29:40.087 [pool-13-thread-54] DEBUG org.springframework.web.reactive.function.client.ExchangeFunctions - [223025c0] HTTP GET http://localhost:8081/getUserLocation?userId=99db3442-ccf2-46a9-8f42-89ebb0745798
20:29:40.087 [reactor-http-nio-2] DEBUG reactor.netty.http.client.HttpClientOperations - [id: 0x3adc52e3, L:/127.0.0.1:49881 - R:localhost/127.0.0.1:8081] Received last HTTP packet
20:29:40.087 [reactor-http-nio-15] DEBUG reactor.netty.channel.FluxReceive - [id: 0x0f728531, L:/127.0.0.1:49904 - R:localhost/127.0.0.1:8081] Subscribing inbound receiver [pending: 0, cancelled:false, inboundDone: false]
20:29:40.087 [reactor-http-nio-13] DEBUG reactor.netty.resources.PooledConnectionProvider - [id: 0x4b9adda7, L:/127.0.0.1:49909 - R:localhost/127.0.0.1:8081] onStateChange(GET{uri=/getAttractions, connection=PooledConnection{channel=[id: 0x4b9adda7, L:/127.0.0.1:49909 - R:localhost/127.0.0.1:8081]}}, [disconnecting])
20:29:40.088 [reactor-http-nio-13] DEBUG reactor.netty.resources.PooledConnectionProvider - [id: 0x4b9adda7, L:/127.0.0.1:49909 - R:localhost/127.0.0.1:8081] Releasing channel
20:29:40.088 [reactor-http-nio-13] DEBUG reactor.netty.resources.PooledConnectionProvider - [id: 0x4b9adda7, L:/127.0.0.1:49909 - R:localhost/127.0.0.1:8081] Channel cleaned, now 42 active connections and 24 inactive connections
20:29:40.088 [reactor-http-nio-2] DEBUG org.springframework.core.codec.StringDecoder - [3152d681] Decoded "[{"longitude":-117.922008,"latitude":33.817595,"attractionName":"Disneyland","city":"Anaheim","stat (truncated)...
20:29:40.087 [reactor-http-nio-10] DEBUG reactor.netty.resources.PooledConnectionProvider - [id: 0x415a9863, L:/127.0.0.1:49906 - R:localhost/127.0.0.1:8081] Channel cleaned, now 43 active connections and 23 inactive connections
20:29:40.088 [reactor-http-nio-15] DEBUG reactor.netty.http.client.HttpClientOperations - [id: 0x0f728531, L:/127.0.0.1:49904 - R:localhost/127.0.0.1:8081] Received last HTTP packet
20:29:40.088 [pool-13-thread-61] DEBUG org.springframework.web.reactive.function.client.ExchangeFunctions - [211f558d] HTTP GET http://localhost:8081/getUserLocation?userId=aa6f293c-bbdf-41d3-94df-d7c666c7c0c0
20:29:40.088 [reactor-http-nio-2] DEBUG reactor.netty.resources.PooledConnectionProvider - [id: 0x3adc52e3, L:/127.0.0.1:49881 - R:localhost/127.0.0.1:8081] onStateChange(GET{uri=/getAttractions, connection=PooledConnection{channel=[id: 0x3adc52e3, L:/127.0.0.1:49881 - R:localhost/127.0.0.1:8081]}}, [disconnecting])
20:29:40.088 [reactor-http-nio-13] DEBUG reactor.netty.http.client.HttpClientOperations - [id: 0x93eb028b, L:/127.0.0.1:49917 - R:localhost/127.0.0.1:8081] Received response (auto-read:false) : [Content-Type=application/json, Transfer-Encoding=chunked, Date=Tue, 29 Jun 2021 14:59:39 GMT]
20:29:40.087 [reactor-http-nio-16] DEBUG reactor.netty.resources.PooledConnectionProvider - [id: 0x31cea2d6, L:/127.0.0.1:49902 - R:localhost/127.0.0.1:8081] onStateChange(GET{uri=/getAttractions, connection=PooledConnection{channel=[id: 0x31cea2d6, L:/127.0.0.1:49902 - R:localhost/127.0.0.1:8081]}}, [request_sent])
20:29:40.088 [reactor-http-nio-16] DEBUG reactor.netty.resources.PooledConnectionProvider - [id: 0x1eb86fc9, L:/127.0.0.1:49891 - R:localhost/127.0.0.1:8081] Channel acquired, now 44 active connections and 22 inactive connections
20:29:40.087 [reactor-http-nio-14] DEBUG reactor.netty.http.client.HttpClientOperations - [id: 0x02e00a46, L:/127.0.0.1:49897 - R:localhost/127.0.0.1:8081] Received last HTTP packet
20:29:40.088 [reactor-http-nio-16] DEBUG reactor.netty.http.client.HttpClientConnect - [id: 0x1eb86fc9, L:/127.0.0.1:49891 - R:localhost/127.0.0.1:8081] Handler is being applied: {uri=http://localhost:8081/getAttractions, method=GET}
20:29:40.087 [reactor-http-nio-12] DEBUG reactor.netty.resources.PooledConnectionProvider - [id: 0x54b51839, L:/127.0.0.1:49907 - R:localhost/127.0.0.1:8081] onStateChange(GET{uri=/getUserLocation?userId=b4d7750c-34ec-49bf-9d92-36af6017cb60, connection=PooledConnection{channel=[id: 0x54b51839, L:/127.0.0.1:49907 - R:localhost/127.0.0.1:8081]}}, [response_received])
20:29:40.088 [reactor-http-nio-14] DEBUG org.springframework.core.codec.StringDecoder - [5a298b72] Decoded "{"userId":"d1d37d4f-820c-4300-9f3d-082f5e4c6188","location":{"longitude":-179.650782,"latitude":-45 (truncated)...
20:29:40.088 [reactor-http-nio-12] DEBUG org.springframework.web.reactive.function.client.ExchangeFunctions - [2b2f4a6d] Response 200 OK
20:29:40.088 [reactor-http-nio-11] DEBUG reactor.netty.resources.PooledConnectionProvider - [id: 0x5557723c, L:/127.0.0.1:49932 - R:localhost/127.0.0.1:8081] onStateChange(GET{uri=/getUserLocation?userId=7087ff16-7a54-4942-9fb6-83bd0c2ddf4c, connection=PooledConnection{channel=[id: 0x5557723c, L:/127.0.0.1:49932 - R:localhost/127.0.0.1:8081]}}, [request_sent])
20:29:40.088 [reactor-http-nio-11] DEBUG reactor.netty.resources.PooledConnectionProvider - [id: 0xf98e8509, L:/127.0.0.1:49922 - R:localhost/127.0.0.1:8081] Channel acquired, now 45 active connections and 21 inactive connections
20:29:40.088 [reactor-http-nio-11] DEBUG reactor.netty.http.client.HttpClientConnect - [id: 0xf98e8509, L:/127.0.0.1:49922 - R:localhost/127.0.0.1:8081] Handler is being applied: {uri=http://localhost:8081/getAttractions, method=GET}
20:29:40.088 [reactor-http-nio-16] DEBUG reactor.netty.resources.PooledConnectionProvider - [id: 0x1eb86fc9, L:/127.0.0.1:49891 - R:localhost/127.0.0.1:8081] onStateChange(GET{uri=/getAttractions, connection=PooledConnection{channel=[id: 0x1eb86fc9, L:/127.0.0.1:49891 - R:localhost/127.0.0.1:8081]}}, [request_sent])
20:29:40.089 [pool-13-thread-17] DEBUG org.springframework.web.reactive.function.client.ExchangeFunctions - [75fda416] HTTP GET http://localhost:8081/getUserLocation?userId=0e62a5c5-c0b9-477f-beae-41ba2abaf926
20:29:40.089 [reactor-http-nio-11] DEBUG reactor.netty.resources.PooledConnectionProvider - [id: 0xf98e8509, L:/127.0.0.1:49922 - R:localhost/127.0.0.1:8081] onStateChange(GET{uri=/getAttractions, connection=PooledConnection{channel=[id: 0xf98e8509, L:/127.0.0.1:49922 - R:localhost/127.0.0.1:8081]}}, [request_sent])
20:29:40.088 [reactor-http-nio-10] DEBUG reactor.netty.resources.PooledConnectionProvider - [id: 0xb1e8f457, L:/127.0.0.1:49935 - R:localhost/127.0.0.1:8081] Channel acquired, now 43 active connections and 23 inactive connections
20:29:40.089 [reactor-http-nio-10] DEBUG reactor.netty.http.client.HttpClientConnect - [id: 0xb1e8f457, L:/127.0.0.1:49935 - R:localhost/127.0.0.1:8081] Handler is being applied: {uri=http://localhost:8081/getUserLocation?userId=c73a0f0b-b840-4ae9-ae56-1cfe8545d82c, method=GET}
20:29:40.088 [pool-13-thread-45] DEBUG org.springframework.web.reactive.function.client.ExchangeFunctions - [102638de] HTTP GET http://localhost:8081/getAttractions
20:29:40.088 [reactor-http-nio-2] DEBUG reactor.netty.resources.PooledConnectionProvider - [id: 0x3adc52e3, L:/127.0.0.1:49881 - R:localhost/127.0.0.1:8081] Releasing channel
20:29:40.089 [reactor-http-nio-2] DEBUG reactor.netty.resources.PooledConnectionProvider - [id: 0x3adc52e3, L:/127.0.0.1:49881 - R:localhost/127.0.0.1:8081] Channel cleaned, now 44 active connections and 22 inactive connections
20:29:40.088 [reactor-http-nio-13] DEBUG reactor.netty.resources.PooledConnectionProvider - [id: 0x93eb028b, L:/127.0.0.1:49917 - R:localhost/127.0.0.1:8081] onStateChange(GET{uri=/getAttractions, connection=PooledConnection{channel=[id: 0x93eb028b, L:/127.0.0.1:49917 - R:localhost/127.0.0.1:8081]}}, [response_received])
20:29:40.089 [reactor-http-nio-10] DEBUG reactor.netty.resources.PooledConnectionProvider - [id: 0xb1e8f457, L:/127.0.0.1:49935 - R:localhost/127.0.0.1:8081] onStateChange(GET{uri=/getUserLocation?userId=c73a0f0b-b840-4ae9-ae56-1cfe8545d82c, connection=PooledConnection{channel=[id: 0xb1e8f457, L:/127.0.0.1:49935 - R:localhost/127.0.0.1:8081]}}, [request_sent])
20:29:40.089 [reactor-http-nio-11] DEBUG reactor.netty.http.client.HttpClientOperations - [id: 0x952ee786, L:/127.0.0.1:49873 - R:localhost/127.0.0.1:8081] Received response (auto-read:false) : [Content-Type=application/json, Transfer-Encoding=chunked, Date=Tue, 29 Jun 2021 14:59:39 GMT]
20:29:40.089 [reactor-http-nio-11] DEBUG reactor.netty.resources.PooledConnectionProvider - [id: 0x952ee786, L:/127.0.0.1:49873 - R:localhost/127.0.0.1:8081] onStateChange(GET{uri=/getUserLocation?userId=6e30b432-9693-4918-9ff5-b4b96c3ec9b5, connection=PooledConnection{channel=[id: 0x952ee786, L:/127.0.0.1:49873 - R:localhost/127.0.0.1:8081]}}, [response_received])
20:29:40.088 [reactor-http-nio-15] DEBUG org.springframework.core.codec.StringDecoder - [4fdac990] Decoded "[{"longitude":-117.922008,"latitude":33.817595,"attractionName":"Disneyland","city":"Anaheim","stat (truncated)...
20:29:40.089 [reactor-http-nio-11] DEBUG org.springframework.web.reactive.function.client.ExchangeFunctions - [35b777cb] Response 200 OK
20:29:40.089 [reactor-http-nio-2] DEBUG reactor.netty.http.client.HttpClientOperations - [id: 0x7dd6550e, L:/127.0.0.1:49925 - R:localhost/127.0.0.1:8081] Received response (auto-read:false) : [Content-Type=application/json, Transfer-Encoding=chunked, Date=Tue, 29 Jun 2021 14:59:39 GMT]
20:29:40.089 [reactor-http-nio-2] DEBUG reactor.netty.resources.PooledConnectionProvider - [id: 0x7dd6550e, L:/127.0.0.1:49925 - R:localhost/127.0.0.1:8081] onStateChange(GET{uri=/getUserLocation?userId=5744eeb4-cadb-45ed-80cc-e675911cd1df, connection=PooledConnection{channel=[id: 0x7dd6550e, L:/127.0.0.1:49925 - R:localhost/127.0.0.1:8081]}}, [response_received])
20:29:40.090 [reactor-http-nio-2] DEBUG org.springframework.web.reactive.function.client.ExchangeFunctions - [429c2269] Response 200 OK
20:29:40.090 [reactor-http-nio-11] DEBUG reactor.netty.channel.FluxReceive - [id: 0x952ee786, L:/127.0.0.1:49873 - R:localhost/127.0.0.1:8081] Subscribing inbound receiver [pending: 0, cancelled:false, inboundDone: false]
20:29:40.088 [reactor-http-nio-14] DEBUG reactor.netty.resources.PooledConnectionProvider - [id: 0x02e00a46, L:/127.0.0.1:49897 - R:localhost/127.0.0.1:8081] onStateChange(GET{uri=/getUserLocation?userId=d1d37d4f-820c-4300-9f3d-082f5e4c6188, connection=PooledConnection{channel=[id: 0x02e00a46, L:/127.0.0.1:49897 - R:localhost/127.0.0.1:8081]}}, [disconnecting])
20:29:40.090 [reactor-http-nio-14] DEBUG reactor.netty.resources.PooledConnectionProvider - [id: 0x02e00a46, L:/127.0.0.1:49897 - R:localhost/127.0.0.1:8081] Releasing channel
20:29:40.090 [reactor-http-nio-2] DEBUG reactor.netty.channel.FluxReceive - [id: 0x7dd6550e, L:/127.0.0.1:49925 - R:localhost/127.0.0.1:8081] Subscribing inbound receiver [pending: 0, cancelled:false, inboundDone: false]
20:29:40.090 [reactor-http-nio-14] DEBUG reactor.netty.resources.PooledConnectionProvider - [id: 0x02e00a46, L:/127.0.0.1:49897 - R:localhost/127.0.0.1:8081] Channel cleaned, now 43 active connections and 23 inactive connections
20:29:40.088 [reactor-http-nio-12] DEBUG reactor.netty.channel.FluxReceive - [id: 0x54b51839, L:/127.0.0.1:49907 - R:localhost/127.0.0.1:8081] Subscribing inbound receiver [pending: 0, cancelled:false, inboundDone: false]
20:29:40.090 [reactor-http-nio-11] DEBUG reactor.netty.http.client.HttpClientOperations - [id: 0x952ee786, L:/127.0.0.1:49873 - R:localhost/127.0.0.1:8081] Received last HTTP packet
20:29:40.089 [reactor-http-nio-13] DEBUG org.springframework.web.reactive.function.client.ExchangeFunctions - [2546436] Response 200 OK
20:29:40.089 [reactor-http-nio-15] DEBUG reactor.netty.resources.PooledConnectionProvider - [id: 0x0f728531, L:/127.0.0.1:49904 - R:localhost/127.0.0.1:8081] onStateChange(GET{uri=/getAttractions, connection=PooledConnection{channel=[id: 0x0f728531, L:/127.0.0.1:49904 - R:localhost/127.0.0.1:8081]}}, [disconnecting])
20:29:40.090 [reactor-http-nio-15] DEBUG reactor.netty.resources.PooledConnectionProvider - [id: 0x0f728531, L:/127.0.0.1:49904 - R:localhost/127.0.0.1:8081] Releasing channel
20:29:40.090 [reactor-http-nio-2] DEBUG reactor.netty.http.client.HttpClientOperations - [id: 0x7dd6550e, L:/127.0.0.1:49925 - R:localhost/127.0.0.1:8081] Received last HTTP packet
20:29:40.090 [reactor-http-nio-11] DEBUG org.springframework.core.codec.StringDecoder - [35b777cb] Decoded "{"userId":"6e30b432-9693-4918-9ff5-b4b96c3ec9b5","location":{"longitude":-71.16403,"latitude":-12.9 (truncated)...
20:29:40.090 [reactor-http-nio-15] DEBUG reactor.netty.resources.PooledConnectionProvider - [id: 0x0f728531, L:/127.0.0.1:49904 - R:localhost/127.0.0.1:8081] Channel cleaned, now 43 active connections and 23 inactive connections
20:29:40.090 [pool-13-thread-52] DEBUG org.springframework.web.reactive.function.client.ExchangeFunctions - [54ee7e47] HTTP GET http://localhost:8081/getAttractions
20:29:40.090 [reactor-http-nio-2] DEBUG org.springframework.core.codec.StringDecoder - [429c2269] Decoded "{"userId":"5744eeb4-cadb-45ed-80cc-e675911cd1df","location":{"longitude":-45.126992,"latitude":34.0 (truncated)...
20:29:40.090 [reactor-http-nio-15] DEBUG reactor.netty.resources.PooledConnectionProvider - [id: 0x6124bcfa, L:/127.0.0.1:49886 - R:localhost/127.0.0.1:8081] Channel acquired, now 45 active connections and 21 inactive connections
20:29:40.090 [pool-13-thread-4] DEBUG org.springframework.web.reactive.function.client.ExchangeFunctions - [356d5473] HTTP GET http://localhost:8081/getUserLocation?userId=fe96ffa7-52b0-410e-8546-813a2fe678cd
20:29:40.090 [reactor-http-nio-15] DEBUG reactor.netty.http.client.HttpClientConnect - [id: 0x6124bcfa, L:/127.0.0.1:49886 - R:localhost/127.0.0.1:8081] Handler is being applied: {uri=http://localhost:8081/getAttractions, method=GET}
20:29:40.090 [reactor-http-nio-14] DEBUG reactor.netty.resources.PooledConnectionProvider - [id: 0x0b723f2b, L:/127.0.0.1:49877 - R:localhost/127.0.0.1:8081] Channel acquired, now 44 active connections and 22 inactive connections
20:29:40.090 [reactor-http-nio-12] DEBUG reactor.netty.http.client.HttpClientOperations - [id: 0x54b51839, L:/127.0.0.1:49907 - R:localhost/127.0.0.1:8081] Received last HTTP packet
20:29:40.090 [reactor-http-nio-14] DEBUG reactor.netty.http.client.HttpClientConnect - [id: 0x0b723f2b, L:/127.0.0.1:49877 - R:localhost/127.0.0.1:8081] Handler is being applied: {uri=http://localhost:8081/getAttractions, method=GET}
20:29:40.090 [reactor-http-nio-16] DEBUG reactor.netty.resources.PooledConnectionProvider - [id: 0xbf9579bc, L:/127.0.0.1:49879 - R:localhost/127.0.0.1:8081] Channel acquired, now 44 active connections and 22 inactive connections
20:29:40.090 [reactor-http-nio-12] DEBUG org.springframework.core.codec.StringDecoder - [2b2f4a6d] Decoded "{"userId":"b4d7750c-34ec-49bf-9d92-36af6017cb60","location":{"longitude":-173.567132,"latitude":-19 (truncated)...
20:29:40.090 [reactor-http-nio-16] DEBUG reactor.netty.http.client.HttpClientConnect - [id: 0xbf9579bc, L:/127.0.0.1:49879 - R:localhost/127.0.0.1:8081] Handler is being applied: {uri=http://localhost:8081/getUserLocation?userId=840e7239-016a-4b82-acc8-d49a7644b73a, method=GET}
20:29:40.090 [reactor-http-nio-11] DEBUG reactor.netty.resources.PooledConnectionProvider - [id: 0x952ee786, L:/127.0.0.1:49873 - R:localhost/127.0.0.1:8081] onStateChange(GET{uri=/getUserLocation?userId=6e30b432-9693-4918-9ff5-b4b96c3ec9b5, connection=PooledConnection{channel=[id: 0x952ee786, L:/127.0.0.1:49873 - R:localhost/127.0.0.1:8081]}}, [disconnecting])
20:29:40.091 [reactor-http-nio-11] DEBUG reactor.netty.resources.PooledConnectionProvider - [id: 0x952ee786, L:/127.0.0.1:49873 - R:localhost/127.0.0.1:8081] Releasing channel
20:29:40.091 [reactor-http-nio-11] DEBUG reactor.netty.resources.PooledConnectionProvider - [id: 0x952ee786, L:/127.0.0.1:49873 - R:localhost/127.0.0.1:8081] Channel cleaned, now 44 active connections and 22 inactive connections
20:29:40.090 [reactor-http-nio-2] DEBUG reactor.netty.resources.PooledConnectionProvider - [id: 0x7dd6550e, L:/127.0.0.1:49925 - R:localhost/127.0.0.1:8081] onStateChange(GET{uri=/getUserLocation?userId=5744eeb4-cadb-45ed-80cc-e675911cd1df, connection=PooledConnection{channel=[id: 0x7dd6550e, L:/127.0.0.1:49925 - R:localhost/127.0.0.1:8081]}}, [disconnecting])
20:29:40.091 [reactor-http-nio-15] DEBUG reactor.netty.resources.PooledConnectionProvider - [id: 0x6124bcfa, L:/127.0.0.1:49886 - R:localhost/127.0.0.1:8081] onStateChange(GET{uri=/getAttractions, connection=PooledConnection{channel=[id: 0x6124bcfa, L:/127.0.0.1:49886 - R:localhost/127.0.0.1:8081]}}, [request_sent])
20:29:40.091 [reactor-http-nio-2] DEBUG reactor.netty.resources.PooledConnectionProvider - [id: 0x7dd6550e, L:/127.0.0.1:49925 - R:localhost/127.0.0.1:8081] Releasing channel
20:29:40.091 [reactor-http-nio-2] DEBUG reactor.netty.resources.PooledConnectionProvider - [id: 0x7dd6550e, L:/127.0.0.1:49925 - R:localhost/127.0.0.1:8081] Channel cleaned, now 44 active connections and 22 inactive connections
20:29:40.091 [reactor-http-nio-15] DEBUG reactor.netty.resources.PooledConnectionProvider - [id: 0x5e54db3b, L:/127.0.0.1:49903 - R:localhost/127.0.0.1:8081] Channel acquired, now 44 active connections and 22 inactive connections
20:29:40.090 [reactor-http-nio-13] DEBUG reactor.netty.channel.FluxReceive - [id: 0x93eb028b, L:/127.0.0.1:49917 - R:localhost/127.0.0.1:8081] Subscribing inbound receiver [pending: 0, cancelled:false, inboundDone: false]
20:29:40.090 [reactor-http-nio-12] DEBUG reactor.netty.resources.PooledConnectionProvider - [id: 0x54b51839, L:/127.0.0.1:49907 - R:localhost/127.0.0.1:8081] onStateChange(GET{uri=/getUserLocation?userId=b4d7750c-34ec-49bf-9d92-36af6017cb60, connection=PooledConnection{channel=[id: 0x54b51839, L:/127.0.0.1:49907 - R:localhost/127.0.0.1:8081]}}, [disconnecting])
20:29:40.091 [reactor-http-nio-12] DEBUG reactor.netty.resources.PooledConnectionProvider - [id: 0x54b51839, L:/127.0.0.1:49907 - R:localhost/127.0.0.1:8081] Releasing channel
20:29:40.091 [reactor-http-nio-12] DEBUG reactor.netty.resources.PooledConnectionProvider - [id: 0x54b51839, L:/127.0.0.1:49907 - R:localhost/127.0.0.1:8081] Channel cleaned, now 43 active connections and 23 inactive connections
20:29:40.091 [reactor-http-nio-16] DEBUG reactor.netty.resources.PooledConnectionProvider - [id: 0xbf9579bc, L:/127.0.0.1:49879 - R:localhost/127.0.0.1:8081] onStateChange(GET{uri=/getUserLocation?userId=840e7239-016a-4b82-acc8-d49a7644b73a, connection=PooledConnection{channel=[id: 0xbf9579bc, L:/127.0.0.1:49879 - R:localhost/127.0.0.1:8081]}}, [request_sent])
20:29:40.091 [reactor-http-nio-16] DEBUG reactor.netty.resources.PooledConnectionProvider - [id: 0xca5097d1, L:/127.0.0.1:49901 - R:localhost/127.0.0.1:8081] Channel acquired, now 44 active connections and 22 inactive connections
20:29:40.091 [reactor-http-nio-14] DEBUG reactor.netty.resources.PooledConnectionProvider - [id: 0x0b723f2b, L:/127.0.0.1:49877 - R:localhost/127.0.0.1:8081] onStateChange(GET{uri=/getAttractions, connection=PooledConnection{channel=[id: 0x0b723f2b, L:/127.0.0.1:49877 - R:localhost/127.0.0.1:8081]}}, [request_sent])
20:29:40.091 [reactor-http-nio-14] DEBUG reactor.netty.resources.PooledConnectionProvider - [id: 0x862a0562, L:/127.0.0.1:49894 - R:localhost/127.0.0.1:8081] Channel acquired, now 45 active connections and 21 inactive connections
20:29:40.091 [reactor-http-nio-16] DEBUG reactor.netty.http.client.HttpClientConnect - [id: 0xca5097d1, L:/127.0.0.1:49901 - R:localhost/127.0.0.1:8081] Handler is being applied: {uri=http://localhost:8081/getAttractions, method=GET}
20:29:40.091 [reactor-http-nio-13] DEBUG reactor.netty.http.client.HttpClientOperations - [id: 0x93eb028b, L:/127.0.0.1:49917 - R:localhost/127.0.0.1:8081] Received last HTTP packet
20:29:40.091 [reactor-http-nio-12] DEBUG reactor.netty.http.client.HttpClientOperations - [id: 0x715de37b, L:/127.0.0.1:49908 - R:localhost/127.0.0.1:8081] Received response (auto-read:false) : [Content-Type=application/json, Transfer-Encoding=chunked, Date=Tue, 29 Jun 2021 14:59:39 GMT]
20:29:40.091 [reactor-http-nio-12] DEBUG reactor.netty.resources.PooledConnectionProvider - [id: 0x715de37b, L:/127.0.0.1:49908 - R:localhost/127.0.0.1:8081] onStateChange(GET{uri=/getUserLocation?userId=e07c8398-eae3-417a-b784-61914321667e, connection=PooledConnection{channel=[id: 0x715de37b, L:/127.0.0.1:49908 - R:localhost/127.0.0.1:8081]}}, [response_received])
20:29:40.091 [reactor-http-nio-12] DEBUG org.springframework.web.reactive.function.client.ExchangeFunctions - [15c67a40] Response 200 OK
20:29:40.091 [reactor-http-nio-15] DEBUG reactor.netty.http.client.HttpClientConnect - [id: 0x5e54db3b, L:/127.0.0.1:49903 - R:localhost/127.0.0.1:8081] Handler is being applied: {uri=http://localhost:8081/getAttractions, method=GET}
20:29:40.092 [pool-13-thread-58] DEBUG org.springframework.web.reactive.function.client.ExchangeFunctions - [4be544b3] HTTP GET http://localhost:8081/getUserLocation?userId=2da827dc-5f5a-49bc-8047-6a9783d1a8e1
20:29:40.092 [reactor-http-nio-13] DEBUG org.springframework.core.codec.StringDecoder - [2546436] Decoded "[{"longitude":-117.922008,"latitude":33.817595,"attractionName":"Disneyland","city":"Anaheim","stat (truncated)...
20:29:40.092 [reactor-http-nio-16] DEBUG reactor.netty.resources.PooledConnectionProvider - [id: 0xca5097d1, L:/127.0.0.1:49901 - R:localhost/127.0.0.1:8081] onStateChange(GET{uri=/getAttractions, connection=PooledConnection{channel=[id: 0xca5097d1, L:/127.0.0.1:49901 - R:localhost/127.0.0.1:8081]}}, [request_sent])
20:29:40.092 [reactor-http-nio-13] DEBUG reactor.netty.resources.PooledConnectionProvider - [id: 0x93eb028b, L:/127.0.0.1:49917 - R:localhost/127.0.0.1:8081] onStateChange(GET{uri=/getAttractions, connection=PooledConnection{channel=[id: 0x93eb028b, L:/127.0.0.1:49917 - R:localhost/127.0.0.1:8081]}}, [disconnecting])
20:29:40.092 [reactor-http-nio-13] DEBUG reactor.netty.resources.PooledConnectionProvider - [id: 0x93eb028b, L:/127.0.0.1:49917 - R:localhost/127.0.0.1:8081] Releasing channel
20:29:40.092 [pool-13-thread-8] DEBUG org.springframework.web.reactive.function.client.ExchangeFunctions - [70b5ef19] HTTP GET http://localhost:8081/getAttractions
20:29:40.092 [reactor-http-nio-12] DEBUG reactor.netty.channel.FluxReceive - [id: 0x715de37b, L:/127.0.0.1:49908 - R:localhost/127.0.0.1:8081] Subscribing inbound receiver [pending: 0, cancelled:false, inboundDone: false]
20:29:40.092 [pool-13-thread-34] DEBUG org.springframework.web.reactive.function.client.ExchangeFunctions - [4c5bd44a] HTTP GET http://localhost:8081/getAttractions
20:29:40.092 [pool-13-thread-13] DEBUG org.springframework.web.reactive.function.client.ExchangeFunctions - [64d5bb43] HTTP GET http://localhost:8081/getAttractions
20:29:40.091 [reactor-http-nio-2] DEBUG reactor.netty.http.client.HttpClientOperations - [id: 0xbbc840e5, L:/127.0.0.1:49882 - R:localhost/127.0.0.1:8081] Received response (auto-read:false) : [Content-Type=application/json, Transfer-Encoding=chunked, Date=Tue, 29 Jun 2021 14:59:39 GMT]
20:29:40.092 [reactor-http-nio-2] DEBUG reactor.netty.resources.PooledConnectionProvider - [id: 0xbbc840e5, L:/127.0.0.1:49882 - R:localhost/127.0.0.1:8081] onStateChange(GET{uri=/getAttractions, connection=PooledConnection{channel=[id: 0xbbc840e5, L:/127.0.0.1:49882 - R:localhost/127.0.0.1:8081]}}, [response_received])
20:29:40.091 [reactor-http-nio-14] DEBUG reactor.netty.http.client.HttpClientConnect - [id: 0x862a0562, L:/127.0.0.1:49894 - R:localhost/127.0.0.1:8081] Handler is being applied: {uri=http://localhost:8081/getUserLocation?userId=f9b2e52b-edbb-41a8-9a55-51e40e5479e2, method=GET}
20:29:40.092 [reactor-http-nio-2] DEBUG org.springframework.web.reactive.function.client.ExchangeFunctions - [4f6a08b] Response 200 OK
20:29:40.092 [reactor-http-nio-13] DEBUG reactor.netty.resources.PooledConnectionProvider - [id: 0x93eb028b, L:/127.0.0.1:49917 - R:localhost/127.0.0.1:8081] Channel cleaned, now 44 active connections and 22 inactive connections
20:29:40.092 [reactor-http-nio-14] DEBUG reactor.netty.resources.PooledConnectionProvider - [id: 0x862a0562, L:/127.0.0.1:49894 - R:localhost/127.0.0.1:8081] onStateChange(GET{uri=/getUserLocation?userId=f9b2e52b-edbb-41a8-9a55-51e40e5479e2, connection=PooledConnection{channel=[id: 0x862a0562, L:/127.0.0.1:49894 - R:localhost/127.0.0.1:8081]}}, [request_sent])
20:29:40.093 [reactor-http-nio-14] DEBUG reactor.netty.resources.PooledConnectionProvider - [id: 0x636930f8, L:/127.0.0.1:49895 - R:localhost/127.0.0.1:8081] Channel acquired, now 46 active connections and 20 inactive connections
20:29:40.093 [reactor-http-nio-11] DEBUG reactor.netty.http.client.HttpClientOperations - [id: 0xa8d1cb41, L:/127.0.0.1:49934 - R:localhost/127.0.0.1:8081] Received response (auto-read:false) : [Content-Type=application/json, Transfer-Encoding=chunked, Date=Tue, 29 Jun 2021 14:59:39 GMT]
20:29:40.093 [reactor-http-nio-2] DEBUG reactor.netty.channel.FluxReceive - [id: 0xbbc840e5, L:/127.0.0.1:49882 - R:localhost/127.0.0.1:8081] Subscribing inbound receiver [pending: 0, cancelled:false, inboundDone: false]
20:29:40.093 [reactor-http-nio-11] DEBUG reactor.netty.resources.PooledConnectionProvider - [id: 0xa8d1cb41, L:/127.0.0.1:49934 - R:localhost/127.0.0.1:8081] onStateChange(GET{uri=/getUserLocation?userId=4e4386f1-0f47-4469-8f8a-8f9c6e5eca51, connection=PooledConnection{channel=[id: 0xa8d1cb41, L:/127.0.0.1:49934 - R:localhost/127.0.0.1:8081]}}, [response_received])
20:29:40.093 [reactor-http-nio-14] DEBUG reactor.netty.http.client.HttpClientConnect - [id: 0x636930f8, L:/127.0.0.1:49895 - R:localhost/127.0.0.1:8081] Handler is being applied: {uri=http://localhost:8081/getUserLocation?userId=0e8d7533-7b65-462e-b339-7a3baf3f3600, method=GET}
20:29:40.093 [reactor-http-nio-11] DEBUG org.springframework.web.reactive.function.client.ExchangeFunctions - [811a5d7] Response 200 OK
20:29:40.093 [reactor-http-nio-2] DEBUG reactor.netty.http.client.HttpClientOperations - [id: 0xbbc840e5, L:/127.0.0.1:49882 - R:localhost/127.0.0.1:8081] Received last HTTP packet
20:29:40.093 [pool-13-thread-48] DEBUG org.springframework.web.reactive.function.client.ExchangeFunctions - [66bf0a4] HTTP GET http://localhost:8081/getUserLocation?userId=0f86a5f6-e73a-4036-a646-76b92e5f0cab
20:29:40.093 [reactor-http-nio-14] DEBUG reactor.netty.resources.PooledConnectionProvider - [id: 0x636930f8, L:/127.0.0.1:49895 - R:localhost/127.0.0.1:8081] onStateChange(GET{uri=/getUserLocation?userId=0e8d7533-7b65-462e-b339-7a3baf3f3600, connection=PooledConnection{channel=[id: 0x636930f8, L:/127.0.0.1:49895 - R:localhost/127.0.0.1:8081]}}, [request_sent])
20:29:40.093 [reactor-http-nio-2] DEBUG org.springframework.core.codec.StringDecoder - [4f6a08b] Decoded "[{"longitude":-117.922008,"latitude":33.817595,"attractionName":"Disneyland","city":"Anaheim","stat (truncated)...
20:29:40.093 [reactor-http-nio-2] DEBUG reactor.netty.resources.PooledConnectionProvider - [id: 0xbbc840e5, L:/127.0.0.1:49882 - R:localhost/127.0.0.1:8081] onStateChange(GET{uri=/getAttractions, connection=PooledConnection{channel=[id: 0xbbc840e5, L:/127.0.0.1:49882 - R:localhost/127.0.0.1:8081]}}, [disconnecting])
20:29:40.093 [reactor-http-nio-2] DEBUG reactor.netty.resources.PooledConnectionProvider - [id: 0xbbc840e5, L:/127.0.0.1:49882 - R:localhost/127.0.0.1:8081] Releasing channel
20:29:40.093 [reactor-http-nio-11] DEBUG reactor.netty.channel.FluxReceive - [id: 0xa8d1cb41, L:/127.0.0.1:49934 - R:localhost/127.0.0.1:8081] Subscribing inbound receiver [pending: 0, cancelled:false, inboundDone: false]
20:29:40.093 [reactor-http-nio-2] DEBUG reactor.netty.resources.PooledConnectionProvider - [id: 0xbbc840e5, L:/127.0.0.1:49882 - R:localhost/127.0.0.1:8081] Channel cleaned, now 45 active connections and 21 inactive connections
20:29:40.094 [reactor-http-nio-11] DEBUG reactor.netty.http.client.HttpClientOperations - [id: 0xa8d1cb41, L:/127.0.0.1:49934 - R:localhost/127.0.0.1:8081] Received last HTTP packet
20:29:40.092 [reactor-http-nio-15] DEBUG reactor.netty.resources.PooledConnectionProvider - [id: 0x5e54db3b, L:/127.0.0.1:49903 - R:localhost/127.0.0.1:8081] onStateChange(GET{uri=/getAttractions, connection=PooledConnection{channel=[id: 0x5e54db3b, L:/127.0.0.1:49903 - R:localhost/127.0.0.1:8081]}}, [request_sent])
20:29:40.094 [reactor-http-nio-2] DEBUG reactor.netty.http.client.HttpClientOperations - [id: 0x5921853c, L:/127.0.0.1:49928 - R:localhost/127.0.0.1:8081] Received response (auto-read:false) : [Content-Type=application/json, Transfer-Encoding=chunked, Date=Tue, 29 Jun 2021 14:59:39 GMT]
20:29:40.094 [reactor-http-nio-2] DEBUG reactor.netty.resources.PooledConnectionProvider - [id: 0x5921853c, L:/127.0.0.1:49928 - R:localhost/127.0.0.1:8081] onStateChange(GET{uri=/getAttractions, connection=PooledConnection{channel=[id: 0x5921853c, L:/127.0.0.1:49928 - R:localhost/127.0.0.1:8081]}}, [response_received])
20:29:40.092 [reactor-http-nio-12] DEBUG reactor.netty.http.client.HttpClientOperations - [id: 0x715de37b, L:/127.0.0.1:49908 - R:localhost/127.0.0.1:8081] Received last HTTP packet
20:29:40.094 [reactor-http-nio-16] DEBUG reactor.netty.resources.PooledConnectionProvider - [id: 0x08b58e36, L:/127.0.0.1:49899 - R:localhost/127.0.0.1:8081] Channel acquired, now 46 active connections and 20 inactive connections
20:29:40.094 [reactor-http-nio-14] DEBUG reactor.netty.http.client.HttpClientOperations - [id: 0xd139cd35, L:/127.0.0.1:49893 - R:localhost/127.0.0.1:8081] Received response (auto-read:false) : [Content-Type=application/json, Transfer-Encoding=chunked, Date=Tue, 29 Jun 2021 14:59:39 GMT]
20:29:40.094 [reactor-http-nio-14] DEBUG reactor.netty.resources.PooledConnectionProvider - [id: 0xd139cd35, L:/127.0.0.1:49893 - R:localhost/127.0.0.1:8081] onStateChange(GET{uri=/getUserLocation?userId=fab1c447-346d-42d5-8920-ee520af003a1, connection=PooledConnection{channel=[id: 0xd139cd35, L:/127.0.0.1:49893 - R:localhost/127.0.0.1:8081]}}, [response_received])
20:29:40.093 [reactor-http-nio-13] DEBUG reactor.netty.resources.PooledConnectionProvider - [id: 0xfae62b5e, L:/127.0.0.1:49890 - R:localhost/127.0.0.1:8081] Channel acquired, now 46 active connections and 20 inactive connections
20:29:40.094 [reactor-http-nio-14] DEBUG org.springframework.web.reactive.function.client.ExchangeFunctions - [228ba8df] Response 200 OK
20:29:40.094 [reactor-http-nio-13] DEBUG reactor.netty.http.client.HttpClientConnect - [id: 0xfae62b5e, L:/127.0.0.1:49890 - R:localhost/127.0.0.1:8081] Handler is being applied: {uri=http://localhost:8081/getUserLocation?userId=3e630fb2-15b4-4423-9fb4-be64dabf18dc, method=GET}
20:29:40.094 [reactor-http-nio-15] DEBUG reactor.netty.http.client.HttpClientOperations - [id: 0x05482a00, L:/127.0.0.1:49865 - R:localhost/127.0.0.1:8081] Received response (auto-read:false) : [Content-Type=application/json, Transfer-Encoding=chunked, Date=Tue, 29 Jun 2021 14:59:39 GMT]
20:29:40.094 [reactor-http-nio-15] DEBUG reactor.netty.resources.PooledConnectionProvider - [id: 0x05482a00, L:/127.0.0.1:49865 - R:localhost/127.0.0.1:8081] onStateChange(GET{uri=/getAttractions, connection=PooledConnection{channel=[id: 0x05482a00, L:/127.0.0.1:49865 - R:localhost/127.0.0.1:8081]}}, [response_received])
20:29:40.094 [reactor-http-nio-15] DEBUG org.springframework.web.reactive.function.client.ExchangeFunctions - [367e763c] Response 200 OK
20:29:40.094 [reactor-http-nio-11] DEBUG org.springframework.core.codec.StringDecoder - [811a5d7] Decoded "{"userId":"4e4386f1-0f47-4469-8f8a-8f9c6e5eca51","location":{"longitude":-147.372827,"latitude":57. (truncated)...
20:29:40.094 [reactor-http-nio-14] DEBUG reactor.netty.channel.FluxReceive - [id: 0xd139cd35, L:/127.0.0.1:49893 - R:localhost/127.0.0.1:8081] Subscribing inbound receiver [pending: 0, cancelled:false, inboundDone: false]
20:29:40.094 [reactor-http-nio-11] DEBUG reactor.netty.resources.PooledConnectionProvider - [id: 0xa8d1cb41, L:/127.0.0.1:49934 - R:localhost/127.0.0.1:8081] onStateChange(GET{uri=/getUserLocation?userId=4e4386f1-0f47-4469-8f8a-8f9c6e5eca51, connection=PooledConnection{channel=[id: 0xa8d1cb41, L:/127.0.0.1:49934 - R:localhost/127.0.0.1:8081]}}, [disconnecting])
20:29:40.094 [reactor-http-nio-11] DEBUG reactor.netty.resources.PooledConnectionProvider - [id: 0xa8d1cb41, L:/127.0.0.1:49934 - R:localhost/127.0.0.1:8081] Releasing channel
20:29:40.094 [reactor-http-nio-15] DEBUG reactor.netty.channel.FluxReceive - [id: 0x05482a00, L:/127.0.0.1:49865 - R:localhost/127.0.0.1:8081] Subscribing inbound receiver [pending: 0, cancelled:false, inboundDone: false]
20:29:40.094 [reactor-http-nio-11] DEBUG reactor.netty.resources.PooledConnectionProvider - [id: 0xa8d1cb41, L:/127.0.0.1:49934 - R:localhost/127.0.0.1:8081] Channel cleaned, now 45 active connections and 21 inactive connections
20:29:40.094 [reactor-http-nio-14] DEBUG reactor.netty.http.client.HttpClientOperations - [id: 0xd139cd35, L:/127.0.0.1:49893 - R:localhost/127.0.0.1:8081] Received last HTTP packet
20:29:40.094 [reactor-http-nio-11] DEBUG reactor.netty.resources.PooledConnectionProvider - [id: 0x952ee786, L:/127.0.0.1:49873 - R:localhost/127.0.0.1:8081] Channel acquired, now 46 active connections and 20 inactive connections
20:29:40.094 [reactor-http-nio-15] DEBUG reactor.netty.http.client.HttpClientOperations - [id: 0x05482a00, L:/127.0.0.1:49865 - R:localhost/127.0.0.1:8081] Received last HTTP packet
20:29:40.094 [reactor-http-nio-2] DEBUG org.springframework.web.reactive.function.client.ExchangeFunctions - [3e98bbfb] Response 200 OK
20:29:40.094 [reactor-http-nio-12] DEBUG org.springframework.core.codec.StringDecoder - [15c67a40] Decoded "{"userId":"e07c8398-eae3-417a-b784-61914321667e","location":{"longitude":-19.856759,"latitude":33.2 (truncated)...
20:29:40.095 [reactor-http-nio-15] DEBUG org.springframework.core.codec.StringDecoder - [367e763c] Decoded "[{"longitude":-117.922008,"latitude":33.817595,"attractionName":"Disneyland","city":"Anaheim","stat (truncated)...
20:29:40.094 [reactor-http-nio-16] DEBUG reactor.netty.http.client.HttpClientConnect - [id: 0x08b58e36, L:/127.0.0.1:49899 - R:localhost/127.0.0.1:8081] Handler is being applied: {uri=http://localhost:8081/getUserLocation?userId=aa6f293c-bbdf-41d3-94df-d7c666c7c0c0, method=GET}
20:29:40.095 [pool-13-thread-57] DEBUG org.springframework.web.reactive.function.client.ExchangeFunctions - [c934cd] HTTP GET http://localhost:8081/getUserLocation?userId=9a540d36-06ad-45ab-bb7f-101b7ef4a9da
20:29:40.095 [reactor-http-nio-16] DEBUG reactor.netty.resources.PooledConnectionProvider - [id: 0x08b58e36, L:/127.0.0.1:49899 - R:localhost/127.0.0.1:8081] onStateChange(GET{uri=/getUserLocation?userId=aa6f293c-bbdf-41d3-94df-d7c666c7c0c0, connection=PooledConnection{channel=[id: 0x08b58e36, L:/127.0.0.1:49899 - R:localhost/127.0.0.1:8081]}}, [request_sent])
20:29:40.094 [reactor-http-nio-11] DEBUG reactor.netty.http.client.HttpClientConnect - [id: 0x952ee786, L:/127.0.0.1:49873 - R:localhost/127.0.0.1:8081] Handler is being applied: {uri=http://localhost:8081/getAttractions, method=GET}
20:29:40.094 [reactor-http-nio-14] DEBUG org.springframework.core.codec.StringDecoder - [228ba8df] Decoded "{"userId":"fab1c447-346d-42d5-8920-ee520af003a1","location":{"longitude":-144.865907,"latitude":40. (truncated)...
20:29:40.096 [reactor-http-nio-14] DEBUG reactor.netty.resources.PooledConnectionProvider - [id: 0xd139cd35, L:/127.0.0.1:49893 - R:localhost/127.0.0.1:8081] onStateChange(GET{uri=/getUserLocation?userId=fab1c447-346d-42d5-8920-ee520af003a1, connection=PooledConnection{channel=[id: 0xd139cd35, L:/127.0.0.1:49893 - R:localhost/127.0.0.1:8081]}}, [disconnecting])
20:29:40.096 [reactor-http-nio-14] DEBUG reactor.netty.resources.PooledConnectionProvider - [id: 0xd139cd35, L:/127.0.0.1:49893 - R:localhost/127.0.0.1:8081] Releasing channel
20:29:40.096 [pool-13-thread-64] DEBUG org.springframework.web.reactive.function.client.ExchangeFunctions - [6d65aa5] HTTP GET http://localhost:8081/getAttractions
20:29:40.096 [reactor-http-nio-11] DEBUG reactor.netty.resources.PooledConnectionProvider - [id: 0x952ee786, L:/127.0.0.1:49873 - R:localhost/127.0.0.1:8081] onStateChange(GET{uri=/getAttractions, connection=PooledConnection{channel=[id: 0x952ee786, L:/127.0.0.1:49873 - R:localhost/127.0.0.1:8081]}}, [request_sent])
20:29:40.095 [reactor-http-nio-13] DEBUG reactor.netty.resources.PooledConnectionProvider - [id: 0xfae62b5e, L:/127.0.0.1:49890 - R:localhost/127.0.0.1:8081] onStateChange(GET{uri=/getUserLocation?userId=3e630fb2-15b4-4423-9fb4-be64dabf18dc, connection=PooledConnection{channel=[id: 0xfae62b5e, L:/127.0.0.1:49890 - R:localhost/127.0.0.1:8081]}}, [request_sent])
20:29:40.095 [reactor-http-nio-12] DEBUG reactor.netty.resources.PooledConnectionProvider - [id: 0x715de37b, L:/127.0.0.1:49908 - R:localhost/127.0.0.1:8081] onStateChange(GET{uri=/getUserLocation?userId=e07c8398-eae3-417a-b784-61914321667e, connection=PooledConnection{channel=[id: 0x715de37b, L:/127.0.0.1:49908 - R:localhost/127.0.0.1:8081]}}, [disconnecting])
20:29:40.096 [reactor-http-nio-13] DEBUG reactor.netty.resources.PooledConnectionProvider - [id: 0xb89a2408, L:/127.0.0.1:49915 - R:localhost/127.0.0.1:8081] Channel acquired, now 46 active connections and 20 inactive connections
20:29:40.096 [reactor-http-nio-12] DEBUG reactor.netty.resources.PooledConnectionProvider - [id: 0x715de37b, L:/127.0.0.1:49908 - R:localhost/127.0.0.1:8081] Releasing channel
20:29:40.095 [reactor-http-nio-15] DEBUG reactor.netty.resources.PooledConnectionProvider - [id: 0x05482a00, L:/127.0.0.1:49865 - R:localhost/127.0.0.1:8081] onStateChange(GET{uri=/getAttractions, connection=PooledConnection{channel=[id: 0x05482a00, L:/127.0.0.1:49865 - R:localhost/127.0.0.1:8081]}}, [disconnecting])
20:29:40.096 [reactor-http-nio-13] DEBUG reactor.netty.http.client.HttpClientConnect - [id: 0xb89a2408, L:/127.0.0.1:49915 - R:localhost/127.0.0.1:8081] Handler is being applied: {uri=http://localhost:8081/getUserLocation?userId=2ef3f0ae-224e-455d-956a-263d2f03dce0, method=GET}
20:29:40.096 [pool-13-thread-18] DEBUG org.springframework.web.reactive.function.client.ExchangeFunctions - [3241e42b] HTTP GET http://localhost:8081/getUserLocation?userId=ceb3ef0a-fc59-4374-80d7-9d0fcc568e78
20:29:40.095 [reactor-http-nio-2] DEBUG reactor.netty.channel.FluxReceive - [id: 0x5921853c, L:/127.0.0.1:49928 - R:localhost/127.0.0.1:8081] Subscribing inbound receiver [pending: 0, cancelled:false, inboundDone: false]
20:29:40.096 [reactor-http-nio-14] DEBUG reactor.netty.resources.PooledConnectionProvider - [id: 0xd139cd35, L:/127.0.0.1:49893 - R:localhost/127.0.0.1:8081] Channel cleaned, now 45 active connections and 21 inactive connections
20:29:40.096 [pool-13-thread-20] DEBUG org.springframework.web.reactive.function.client.ExchangeFunctions - [1b018688] HTTP GET http://localhost:8081/getAttractions
20:29:40.096 [reactor-http-nio-12] DEBUG reactor.netty.resources.PooledConnectionProvider - [id: 0x715de37b, L:/127.0.0.1:49908 - R:localhost/127.0.0.1:8081] Channel cleaned, now 45 active connections and 21 inactive connections
20:29:40.096 [reactor-http-nio-14] DEBUG reactor.netty.http.client.HttpClientOperations - [id: 0x6c889872, L:/127.0.0.1:49887 - R:localhost/127.0.0.1:8081] Received response (auto-read:false) : [Content-Type=application/json, Transfer-Encoding=chunked, Date=Tue, 29 Jun 2021 14:59:39 GMT]
20:29:40.096 [reactor-http-nio-12] DEBUG reactor.netty.resources.PooledConnectionProvider - [id: 0x5a829f34, L:/127.0.0.1:49910 - R:localhost/127.0.0.1:8081] Channel acquired, now 46 active connections and 20 inactive connections
20:29:40.096 [reactor-http-nio-14] DEBUG reactor.netty.resources.PooledConnectionProvider - [id: 0x6c889872, L:/127.0.0.1:49887 - R:localhost/127.0.0.1:8081] onStateChange(GET{uri=/getUserLocation?userId=eb35b127-9677-4ad8-b794-d29d37c1ad6f, connection=PooledConnection{channel=[id: 0x6c889872, L:/127.0.0.1:49887 - R:localhost/127.0.0.1:8081]}}, [response_received])
20:29:40.097 [reactor-http-nio-14] DEBUG org.springframework.web.reactive.function.client.ExchangeFunctions - [cdabc6b] Response 200 OK
20:29:40.097 [reactor-http-nio-11] DEBUG reactor.netty.resources.PooledConnectionProvider - [id: 0xa8d1cb41, L:/127.0.0.1:49934 - R:localhost/127.0.0.1:8081] Channel acquired, now 47 active connections and 19 inactive connections
20:29:40.096 [reactor-http-nio-15] DEBUG reactor.netty.resources.PooledConnectionProvider - [id: 0x05482a00, L:/127.0.0.1:49865 - R:localhost/127.0.0.1:8081] Releasing channel
20:29:40.097 [reactor-http-nio-11] DEBUG reactor.netty.http.client.HttpClientConnect - [id: 0xa8d1cb41, L:/127.0.0.1:49934 - R:localhost/127.0.0.1:8081] Handler is being applied: {uri=http://localhost:8081/getUserLocation?userId=ceb3ef0a-fc59-4374-80d7-9d0fcc568e78, method=GET}
20:29:40.097 [reactor-http-nio-15] DEBUG reactor.netty.resources.PooledConnectionProvider - [id: 0x05482a00, L:/127.0.0.1:49865 - R:localhost/127.0.0.1:8081] Channel cleaned, now 46 active connections and 20 inactive connections
20:29:40.097 [reactor-http-nio-14] DEBUG reactor.netty.channel.FluxReceive - [id: 0x6c889872, L:/127.0.0.1:49887 - R:localhost/127.0.0.1:8081] Subscribing inbound receiver [pending: 0, cancelled:false, inboundDone: false]
20:29:40.096 [reactor-http-nio-2] DEBUG reactor.netty.http.client.HttpClientOperations - [id: 0x5921853c, L:/127.0.0.1:49928 - R:localhost/127.0.0.1:8081] Received last HTTP packet
20:29:40.097 [reactor-http-nio-14] DEBUG reactor.netty.http.client.HttpClientOperations - [id: 0x6c889872, L:/127.0.0.1:49887 - R:localhost/127.0.0.1:8081] Received last HTTP packet
20:29:40.097 [pool-13-thread-23] DEBUG org.springframework.web.reactive.function.client.ExchangeFunctions - [2c4c42fe] HTTP GET http://localhost:8081/getAttractions
20:29:40.097 [reactor-http-nio-14] DEBUG org.springframework.core.codec.StringDecoder - [cdabc6b] Decoded "{"userId":"eb35b127-9677-4ad8-b794-d29d37c1ad6f","location":{"longitude":-29.513924,"latitude":-3.3 (truncated)...
20:29:40.097 [reactor-http-nio-14] DEBUG reactor.netty.resources.PooledConnectionProvider - [id: 0x6c889872, L:/127.0.0.1:49887 - R:localhost/127.0.0.1:8081] onStateChange(GET{uri=/getUserLocation?userId=eb35b127-9677-4ad8-b794-d29d37c1ad6f, connection=PooledConnection{channel=[id: 0x6c889872, L:/127.0.0.1:49887 - R:localhost/127.0.0.1:8081]}}, [disconnecting])
20:29:40.097 [reactor-http-nio-14] DEBUG reactor.netty.resources.PooledConnectionProvider - [id: 0x6c889872, L:/127.0.0.1:49887 - R:localhost/127.0.0.1:8081] Releasing channel
20:29:40.097 [reactor-http-nio-2] DEBUG org.springframework.core.codec.StringDecoder - [3e98bbfb] Decoded "[{"longitude":-117.922008,"latitude":33.817595,"attractionName":"Disneyland","city":"Anaheim","stat (truncated)...
20:29:40.097 [reactor-http-nio-2] DEBUG reactor.netty.resources.PooledConnectionProvider - [id: 0x5921853c, L:/127.0.0.1:49928 - R:localhost/127.0.0.1:8081] onStateChange(GET{uri=/getAttractions, connection=PooledConnection{channel=[id: 0x5921853c, L:/127.0.0.1:49928 - R:localhost/127.0.0.1:8081]}}, [disconnecting])
20:29:40.097 [reactor-http-nio-2] DEBUG reactor.netty.resources.PooledConnectionProvider - [id: 0x5921853c, L:/127.0.0.1:49928 - R:localhost/127.0.0.1:8081] Releasing channel
20:29:40.097 [reactor-http-nio-2] DEBUG reactor.netty.resources.PooledConnectionProvider - [id: 0x5921853c, L:/127.0.0.1:49928 - R:localhost/127.0.0.1:8081] Channel cleaned, now 44 active connections and 22 inactive connections
20:29:40.098 [reactor-http-nio-2] DEBUG reactor.netty.resources.PooledConnectionProvider - [id: 0x3a160202, L:/127.0.0.1:49876 - R:localhost/127.0.0.1:8081] Channel acquired, now 45 active connections and 21 inactive connections
20:29:40.098 [reactor-http-nio-2] DEBUG reactor.netty.http.client.HttpClientConnect - [id: 0x3a160202, L:/127.0.0.1:49876 - R:localhost/127.0.0.1:8081] Handler is being applied: {uri=http://localhost:8081/getAttractions, method=GET}
20:29:40.096 [reactor-http-nio-13] DEBUG reactor.netty.resources.PooledConnectionProvider - [id: 0xb89a2408, L:/127.0.0.1:49915 - R:localhost/127.0.0.1:8081] onStateChange(GET{uri=/getUserLocation?userId=2ef3f0ae-224e-455d-956a-263d2f03dce0, connection=PooledConnection{channel=[id: 0xb89a2408, L:/127.0.0.1:49915 - R:localhost/127.0.0.1:8081]}}, [request_sent])
20:29:40.097 [reactor-http-nio-12] DEBUG reactor.netty.http.client.HttpClientConnect - [id: 0x5a829f34, L:/127.0.0.1:49910 - R:localhost/127.0.0.1:8081] Handler is being applied: {uri=http://localhost:8081/getUserLocation?userId=0e62a5c5-c0b9-477f-beae-41ba2abaf926, method=GET}
20:29:40.098 [reactor-http-nio-13] DEBUG reactor.netty.resources.PooledConnectionProvider - [id: 0x3d1cc9c3, L:/127.0.0.1:49878 - R:localhost/127.0.0.1:8081] Channel acquired, now 46 active connections and 20 inactive connections
20:29:40.097 [reactor-http-nio-11] DEBUG reactor.netty.resources.PooledConnectionProvider - [id: 0xa8d1cb41, L:/127.0.0.1:49934 - R:localhost/127.0.0.1:8081] onStateChange(GET{uri=/getUserLocation?userId=ceb3ef0a-fc59-4374-80d7-9d0fcc568e78, connection=PooledConnection{channel=[id: 0xa8d1cb41, L:/127.0.0.1:49934 - R:localhost/127.0.0.1:8081]}}, [request_sent])
20:29:40.098 [reactor-http-nio-13] DEBUG reactor.netty.http.client.HttpClientConnect - [id: 0x3d1cc9c3, L:/127.0.0.1:49878 - R:localhost/127.0.0.1:8081] Handler is being applied: {uri=http://localhost:8081/getAttractions, method=GET}
20:29:40.097 [reactor-http-nio-14] DEBUG reactor.netty.resources.PooledConnectionProvider - [id: 0x6c889872, L:/127.0.0.1:49887 - R:localhost/127.0.0.1:8081] Channel cleaned, now 45 active connections and 21 inactive connections
20:29:40.098 [reactor-http-nio-12] DEBUG reactor.netty.resources.PooledConnectionProvider - [id: 0x5a829f34, L:/127.0.0.1:49910 - R:localhost/127.0.0.1:8081] onStateChange(GET{uri=/getUserLocation?userId=0e62a5c5-c0b9-477f-beae-41ba2abaf926, connection=PooledConnection{channel=[id: 0x5a829f34, L:/127.0.0.1:49910 - R:localhost/127.0.0.1:8081]}}, [request_sent])
20:29:40.098 [reactor-http-nio-2] DEBUG reactor.netty.resources.PooledConnectionProvider - [id: 0x3a160202, L:/127.0.0.1:49876 - R:localhost/127.0.0.1:8081] onStateChange(GET{uri=/getAttractions, connection=PooledConnection{channel=[id: 0x3a160202, L:/127.0.0.1:49876 - R:localhost/127.0.0.1:8081]}}, [request_sent])
20:29:40.098 [reactor-http-nio-12] DEBUG reactor.netty.resources.PooledConnectionProvider - [id: 0x622ee18f, L:/127.0.0.1:49911 - R:localhost/127.0.0.1:8081] Channel acquired, now 47 active connections and 19 inactive connections
20:29:40.098 [reactor-http-nio-2] DEBUG reactor.netty.resources.PooledConnectionProvider - [id: 0xb543d4db, L:/127.0.0.1:49930 - R:localhost/127.0.0.1:8081] Channel acquired, now 48 active connections and 18 inactive connections
20:29:40.098 [reactor-http-nio-14] DEBUG reactor.netty.resources.PooledConnectionProvider - [id: 0x02e00a46, L:/127.0.0.1:49897 - R:localhost/127.0.0.1:8081] Channel acquired, now 49 active connections and 17 inactive connections
20:29:40.098 [reactor-http-nio-2] DEBUG reactor.netty.http.client.HttpClientConnect - [id: 0xb543d4db, L:/127.0.0.1:49930 - R:localhost/127.0.0.1:8081] Handler is being applied: {uri=http://localhost:8081/getUserLocation?userId=5407430b-be6d-4e33-8e70-7fe08dccf28f, method=GET}
20:29:40.098 [reactor-http-nio-14] DEBUG reactor.netty.http.client.HttpClientConnect - [id: 0x02e00a46, L:/127.0.0.1:49897 - R:localhost/127.0.0.1:8081] Handler is being applied: {uri=http://localhost:8081/getUserLocation?userId=2da827dc-5f5a-49bc-8047-6a9783d1a8e1, method=GET}
20:29:40.099 [reactor-http-nio-10] DEBUG reactor.netty.resources.PooledConnectionProvider - [id: 0x333c1bf0, L:/127.0.0.1:49905 - R:localhost/127.0.0.1:8081] Channel acquired, now 50 active connections and 16 inactive connections
20:29:40.099 [reactor-http-nio-10] DEBUG reactor.netty.http.client.HttpClientConnect - [id: 0x333c1bf0, L:/127.0.0.1:49905 - R:localhost/127.0.0.1:8081] Handler is being applied: {uri=http://localhost:8081/getAttractions, method=GET}
20:29:40.099 [reactor-http-nio-11] DEBUG reactor.netty.http.client.HttpClientOperations - [id: 0xd4c90cec, L:/127.0.0.1:49883 - R:localhost/127.0.0.1:8081] Received response (auto-read:false) : [Content-Type=application/json, Transfer-Encoding=chunked, Date=Tue, 29 Jun 2021 14:59:39 GMT]
20:29:40.099 [pool-13-thread-9] DEBUG org.springframework.web.reactive.function.client.ExchangeFunctions - [21d5380] HTTP GET http://localhost:8081/getAttractions
20:29:40.099 [reactor-http-nio-11] DEBUG reactor.netty.resources.PooledConnectionProvider - [id: 0xd4c90cec, L:/127.0.0.1:49883 - R:localhost/127.0.0.1:8081] onStateChange(GET{uri=/getAttractions, connection=PooledConnection{channel=[id: 0xd4c90cec, L:/127.0.0.1:49883 - R:localhost/127.0.0.1:8081]}}, [response_received])
20:29:40.097 [reactor-http-nio-15] DEBUG reactor.netty.http.client.HttpClientOperations - [id: 0xdfea8ccc, L:/127.0.0.1:49892 - R:localhost/127.0.0.1:8081] Received response (auto-read:false) : [Content-Type=application/json, Transfer-Encoding=chunked, Date=Tue, 29 Jun 2021 14:59:39 GMT]
20:29:40.099 [reactor-http-nio-15] DEBUG reactor.netty.resources.PooledConnectionProvider - [id: 0xdfea8ccc, L:/127.0.0.1:49892 - R:localhost/127.0.0.1:8081] onStateChange(GET{uri=/getUserLocation?userId=d146b0f0-e8e9-4fc3-8ab6-ab7e587892da, connection=PooledConnection{channel=[id: 0xdfea8ccc, L:/127.0.0.1:49892 - R:localhost/127.0.0.1:8081]}}, [response_received])
20:29:40.099 [reactor-http-nio-11] DEBUG org.springframework.web.reactive.function.client.ExchangeFunctions - [221a7bdd] Response 200 OK
20:29:40.099 [reactor-http-nio-15] DEBUG org.springframework.web.reactive.function.client.ExchangeFunctions - [1b5388d6] Response 200 OK
20:29:40.099 [reactor-http-nio-10] DEBUG reactor.netty.resources.PooledConnectionProvider - [id: 0x333c1bf0, L:/127.0.0.1:49905 - R:localhost/127.0.0.1:8081] onStateChange(GET{uri=/getAttractions, connection=PooledConnection{channel=[id: 0x333c1bf0, L:/127.0.0.1:49905 - R:localhost/127.0.0.1:8081]}}, [request_sent])
20:29:40.099 [reactor-http-nio-10] DEBUG reactor.netty.resources.PooledConnectionProvider - [id: 0x415a9863, L:/127.0.0.1:49906 - R:localhost/127.0.0.1:8081] Channel acquired, now 51 active connections and 15 inactive connections
20:29:40.099 [reactor-http-nio-10] DEBUG reactor.netty.http.client.HttpClientConnect - [id: 0x415a9863, L:/127.0.0.1:49906 - R:localhost/127.0.0.1:8081] Handler is being applied: {uri=http://localhost:8081/getAttractions, method=GET}
20:29:40.099 [reactor-http-nio-15] DEBUG reactor.netty.channel.FluxReceive - [id: 0xdfea8ccc, L:/127.0.0.1:49892 - R:localhost/127.0.0.1:8081] Subscribing inbound receiver [pending: 0, cancelled:false, inboundDone: false]
20:29:40.098 [reactor-http-nio-13] DEBUG reactor.netty.resources.PooledConnectionProvider - [id: 0x3d1cc9c3, L:/127.0.0.1:49878 - R:localhost/127.0.0.1:8081] onStateChange(GET{uri=/getAttractions, connection=PooledConnection{channel=[id: 0x3d1cc9c3, L:/127.0.0.1:49878 - R:localhost/127.0.0.1:8081]}}, [request_sent])
20:29:40.099 [reactor-http-nio-15] DEBUG reactor.netty.http.client.HttpClientOperations - [id: 0xdfea8ccc, L:/127.0.0.1:49892 - R:localhost/127.0.0.1:8081] Received last HTTP packet
20:29:40.099 [reactor-http-nio-11] DEBUG reactor.netty.channel.FluxReceive - [id: 0xd4c90cec, L:/127.0.0.1:49883 - R:localhost/127.0.0.1:8081] Subscribing inbound receiver [pending: 0, cancelled:false, inboundDone: false]
20:29:40.100 [reactor-http-nio-10] DEBUG reactor.netty.resources.PooledConnectionProvider - [id: 0x415a9863, L:/127.0.0.1:49906 - R:localhost/127.0.0.1:8081] onStateChange(GET{uri=/getAttractions, connection=PooledConnection{channel=[id: 0x415a9863, L:/127.0.0.1:49906 - R:localhost/127.0.0.1:8081]}}, [request_sent])
20:29:40.098 [reactor-http-nio-12] DEBUG reactor.netty.http.client.HttpClientConnect - [id: 0x622ee18f, L:/127.0.0.1:49911 - R:localhost/127.0.0.1:8081] Handler is being applied: {uri=http://localhost:8081/getUserLocation?userId=82beb281-814a-4b5f-8fcb-f50db6229977, method=GET}
20:29:40.099 [pool-13-thread-33] DEBUG org.springframework.web.reactive.function.client.ExchangeFunctions - [3aa738f0] HTTP GET http://localhost:8081/getUserLocation?userId=2a0cfe37-6fe8-4aac-baea-29a7d50d32ef
20:29:40.099 [reactor-http-nio-14] DEBUG reactor.netty.resources.PooledConnectionProvider - [id: 0x02e00a46, L:/127.0.0.1:49897 - R:localhost/127.0.0.1:8081] onStateChange(GET{uri=/getUserLocation?userId=2da827dc-5f5a-49bc-8047-6a9783d1a8e1, connection=PooledConnection{channel=[id: 0x02e00a46, L:/127.0.0.1:49897 - R:localhost/127.0.0.1:8081]}}, [request_sent])
20:29:40.100 [reactor-http-nio-16] DEBUG reactor.netty.http.client.HttpClientOperations - [id: 0x31cea2d6, L:/127.0.0.1:49902 - R:localhost/127.0.0.1:8081] Received response (auto-read:false) : [Content-Type=application/json, Transfer-Encoding=chunked, Date=Tue, 29 Jun 2021 14:59:39 GMT]
20:29:40.100 [reactor-http-nio-16] DEBUG reactor.netty.resources.PooledConnectionProvider - [id: 0x31cea2d6, L:/127.0.0.1:49902 - R:localhost/127.0.0.1:8081] onStateChange(GET{uri=/getAttractions, connection=PooledConnection{channel=[id: 0x31cea2d6, L:/127.0.0.1:49902 - R:localhost/127.0.0.1:8081]}}, [response_received])
20:29:40.100 [reactor-http-nio-16] DEBUG org.springframework.web.reactive.function.client.ExchangeFunctions - [7dc2837f] Response 200 OK
20:29:40.100 [reactor-http-nio-11] DEBUG reactor.netty.http.client.HttpClientOperations - [id: 0xd4c90cec, L:/127.0.0.1:49883 - R:localhost/127.0.0.1:8081] Received last HTTP packet
20:29:40.100 [reactor-http-nio-12] DEBUG reactor.netty.resources.PooledConnectionProvider - [id: 0x622ee18f, L:/127.0.0.1:49911 - R:localhost/127.0.0.1:8081] onStateChange(GET{uri=/getUserLocation?userId=82beb281-814a-4b5f-8fcb-f50db6229977, connection=PooledConnection{channel=[id: 0x622ee18f, L:/127.0.0.1:49911 - R:localhost/127.0.0.1:8081]}}, [request_sent])
20:29:40.100 [reactor-http-nio-12] DEBUG reactor.netty.resources.PooledConnectionProvider - [id: 0x54b51839, L:/127.0.0.1:49907 - R:localhost/127.0.0.1:8081] Channel acquired, now 52 active connections and 14 inactive connections
20:29:40.100 [reactor-http-nio-16] DEBUG reactor.netty.channel.FluxReceive - [id: 0x31cea2d6, L:/127.0.0.1:49902 - R:localhost/127.0.0.1:8081] Subscribing inbound receiver [pending: 0, cancelled:false, inboundDone: false]
20:29:40.100 [reactor-http-nio-14] DEBUG reactor.netty.resources.PooledConnectionProvider - [id: 0xd139cd35, L:/127.0.0.1:49893 - R:localhost/127.0.0.1:8081] Channel acquired, now 53 active connections and 13 inactive connections
20:29:40.100 [reactor-http-nio-15] DEBUG org.springframework.core.codec.StringDecoder - [1b5388d6] Decoded "{"userId":"d146b0f0-e8e9-4fc3-8ab6-ab7e587892da","location":{"longitude":121.652887,"latitude":-66. (truncated)...
20:29:40.100 [reactor-http-nio-14] DEBUG reactor.netty.http.client.HttpClientConnect - [id: 0xd139cd35, L:/127.0.0.1:49893 - R:localhost/127.0.0.1:8081] Handler is being applied: {uri=http://localhost:8081/getAttractions, method=GET}
20:29:40.100 [reactor-http-nio-15] DEBUG reactor.netty.resources.PooledConnectionProvider - [id: 0xdfea8ccc, L:/127.0.0.1:49892 - R:localhost/127.0.0.1:8081] onStateChange(GET{uri=/getUserLocation?userId=d146b0f0-e8e9-4fc3-8ab6-ab7e587892da, connection=PooledConnection{channel=[id: 0xdfea8ccc, L:/127.0.0.1:49892 - R:localhost/127.0.0.1:8081]}}, [disconnecting])
20:29:40.100 [reactor-http-nio-15] DEBUG reactor.netty.resources.PooledConnectionProvider - [id: 0xdfea8ccc, L:/127.0.0.1:49892 - R:localhost/127.0.0.1:8081] Releasing channel
20:29:40.100 [reactor-http-nio-15] DEBUG reactor.netty.resources.PooledConnectionProvider - [id: 0xdfea8ccc, L:/127.0.0.1:49892 - R:localhost/127.0.0.1:8081] Channel cleaned, now 52 active connections and 14 inactive connections
20:29:40.100 [reactor-http-nio-11] DEBUG org.springframework.core.codec.StringDecoder - [221a7bdd] Decoded "[{"longitude":-117.922008,"latitude":33.817595,"attractionName":"Disneyland","city":"Anaheim","stat (truncated)...
20:29:40.100 [reactor-http-nio-15] DEBUG reactor.netty.resources.PooledConnectionProvider - [id: 0x30e81d35, L:/127.0.0.1:49884 - R:localhost/127.0.0.1:8081] Channel acquired, now 54 active connections and 12 inactive connections
20:29:40.100 [reactor-http-nio-11] DEBUG reactor.netty.resources.PooledConnectionProvider - [id: 0xd4c90cec, L:/127.0.0.1:49883 - R:localhost/127.0.0.1:8081] onStateChange(GET{uri=/getAttractions, connection=PooledConnection{channel=[id: 0xd4c90cec, L:/127.0.0.1:49883 - R:localhost/127.0.0.1:8081]}}, [disconnecting])
20:29:40.101 [reactor-http-nio-11] DEBUG reactor.netty.resources.PooledConnectionProvider - [id: 0xd4c90cec, L:/127.0.0.1:49883 - R:localhost/127.0.0.1:8081] Releasing channel
20:29:40.101 [reactor-http-nio-15] DEBUG reactor.netty.http.client.HttpClientConnect - [id: 0x30e81d35, L:/127.0.0.1:49884 - R:localhost/127.0.0.1:8081] Handler is being applied: {uri=http://localhost:8081/getAttractions, method=GET}
20:29:40.101 [reactor-http-nio-11] DEBUG reactor.netty.resources.PooledConnectionProvider - [id: 0xd4c90cec, L:/127.0.0.1:49883 - R:localhost/127.0.0.1:8081] Channel cleaned, now 53 active connections and 13 inactive connections
20:29:40.101 [reactor-http-nio-14] DEBUG reactor.netty.resources.PooledConnectionProvider - [id: 0xd139cd35, L:/127.0.0.1:49893 - R:localhost/127.0.0.1:8081] onStateChange(GET{uri=/getAttractions, connection=PooledConnection{channel=[id: 0xd139cd35, L:/127.0.0.1:49893 - R:localhost/127.0.0.1:8081]}}, [request_sent])
20:29:40.101 [reactor-http-nio-14] DEBUG reactor.netty.resources.PooledConnectionProvider - [id: 0x6c889872, L:/127.0.0.1:49887 - R:localhost/127.0.0.1:8081] Channel acquired, now 54 active connections and 12 inactive connections
20:29:40.101 [reactor-http-nio-14] DEBUG reactor.netty.http.client.HttpClientConnect - [id: 0x6c889872, L:/127.0.0.1:49887 - R:localhost/127.0.0.1:8081] Handler is being applied: {uri=http://localhost:8081/getUserLocation?userId=2a0cfe37-6fe8-4aac-baea-29a7d50d32ef, method=GET}
20:29:40.101 [reactor-http-nio-11] DEBUG reactor.netty.http.client.HttpClientOperations - [id: 0x70ea745d, L:/127.0.0.1:49931 - R:localhost/127.0.0.1:8081] Received response (auto-read:false) : [Content-Type=application/json, Transfer-Encoding=chunked, Date=Tue, 29 Jun 2021 14:59:39 GMT]
20:29:40.101 [reactor-http-nio-11] DEBUG reactor.netty.resources.PooledConnectionProvider - [id: 0x70ea745d, L:/127.0.0.1:49931 - R:localhost/127.0.0.1:8081] onStateChange(GET{uri=/getAttractions, connection=PooledConnection{channel=[id: 0x70ea745d, L:/127.0.0.1:49931 - R:localhost/127.0.0.1:8081]}}, [response_received])
20:29:40.101 [reactor-http-nio-11] DEBUG org.springframework.web.reactive.function.client.ExchangeFunctions - [776e7e12] Response 200 OK
20:29:40.101 [reactor-http-nio-15] DEBUG reactor.netty.resources.PooledConnectionProvider - [id: 0x30e81d35, L:/127.0.0.1:49884 - R:localhost/127.0.0.1:8081] onStateChange(GET{uri=/getAttractions, connection=PooledConnection{channel=[id: 0x30e81d35, L:/127.0.0.1:49884 - R:localhost/127.0.0.1:8081]}}, [request_sent])
20:29:40.101 [reactor-http-nio-15] DEBUG reactor.netty.resources.PooledConnectionProvider - [id: 0x0f728531, L:/127.0.0.1:49904 - R:localhost/127.0.0.1:8081] Channel acquired, now 55 active connections and 11 inactive connections
20:29:40.101 [reactor-http-nio-15] DEBUG reactor.netty.http.client.HttpClientConnect - [id: 0x0f728531, L:/127.0.0.1:49904 - R:localhost/127.0.0.1:8081] Handler is being applied: {uri=http://localhost:8081/getAttractions, method=GET}
20:29:40.101 [reactor-http-nio-11] DEBUG reactor.netty.channel.FluxReceive - [id: 0x70ea745d, L:/127.0.0.1:49931 - R:localhost/127.0.0.1:8081] Subscribing inbound receiver [pending: 0, cancelled:false, inboundDone: false]
20:29:40.101 [reactor-http-nio-15] DEBUG reactor.netty.resources.PooledConnectionProvider - [id: 0x0f728531, L:/127.0.0.1:49904 - R:localhost/127.0.0.1:8081] onStateChange(GET{uri=/getAttractions, connection=PooledConnection{channel=[id: 0x0f728531, L:/127.0.0.1:49904 - R:localhost/127.0.0.1:8081]}}, [request_sent])
20:29:40.101 [reactor-http-nio-15] DEBUG reactor.netty.resources.PooledConnectionProvider - [id: 0x05482a00, L:/127.0.0.1:49865 - R:localhost/127.0.0.1:8081] Channel acquired, now 56 active connections and 10 inactive connections
20:29:40.101 [reactor-http-nio-15] DEBUG reactor.netty.http.client.HttpClientConnect - [id: 0x05482a00, L:/127.0.0.1:49865 - R:localhost/127.0.0.1:8081] Handler is being applied: {uri=http://localhost:8081/getAttractions, method=GET}
20:29:40.099 [reactor-http-nio-2] DEBUG reactor.netty.resources.PooledConnectionProvider - [id: 0xb543d4db, L:/127.0.0.1:49930 - R:localhost/127.0.0.1:8081] onStateChange(GET{uri=/getUserLocation?userId=5407430b-be6d-4e33-8e70-7fe08dccf28f, connection=PooledConnection{channel=[id: 0xb543d4db, L:/127.0.0.1:49930 - R:localhost/127.0.0.1:8081]}}, [request_sent])
20:29:40.102 [reactor-http-nio-2] DEBUG reactor.netty.resources.PooledConnectionProvider - [id: 0xbbc840e5, L:/127.0.0.1:49882 - R:localhost/127.0.0.1:8081] Channel acquired, now 57 active connections and 9 inactive connections
20:29:40.102 [reactor-http-nio-2] DEBUG reactor.netty.http.client.HttpClientConnect - [id: 0xbbc840e5, L:/127.0.0.1:49882 - R:localhost/127.0.0.1:8081] Handler is being applied: {uri=http://localhost:8081/getAttractions, method=GET}
20:29:40.100 [reactor-http-nio-12] DEBUG reactor.netty.http.client.HttpClientConnect - [id: 0x54b51839, L:/127.0.0.1:49907 - R:localhost/127.0.0.1:8081] Handler is being applied: {uri=http://localhost:8081/getUserLocation?userId=0f86a5f6-e73a-4036-a646-76b92e5f0cab, method=GET}
20:29:40.100 [reactor-http-nio-16] DEBUG reactor.netty.http.client.HttpClientOperations - [id: 0x31cea2d6, L:/127.0.0.1:49902 - R:localhost/127.0.0.1:8081] Received last HTTP packet
20:29:40.102 [reactor-http-nio-15] DEBUG reactor.netty.resources.PooledConnectionProvider - [id: 0x05482a00, L:/127.0.0.1:49865 - R:localhost/127.0.0.1:8081] onStateChange(GET{uri=/getAttractions, connection=PooledConnection{channel=[id: 0x05482a00, L:/127.0.0.1:49865 - R:localhost/127.0.0.1:8081]}}, [request_sent])
20:29:40.102 [pool-13-thread-12] DEBUG org.springframework.web.reactive.function.client.ExchangeFunctions - [2625eb46] HTTP GET http://localhost:8081/getUserLocation?userId=bf2c050f-213c-48ef-bb4e-0543efd031ca
20:29:40.102 [reactor-http-nio-16] DEBUG org.springframework.core.codec.StringDecoder - [7dc2837f] Decoded "[{"longitude":-117.922008,"latitude":33.817595,"attractionName":"Disneyland","city":"Anaheim","stat (truncated)...
20:29:40.100 [reactor-http-nio-13] DEBUG reactor.netty.resources.PooledConnectionProvider - [id: 0x6e1bd8e9, L:/127.0.0.1:49914 - R:localhost/127.0.0.1:8081] Channel acquired, now 53 active connections and 13 inactive connections
20:29:40.102 [reactor-http-nio-15] DEBUG reactor.netty.http.client.HttpClientOperations - [id: 0x822a7f8c, L:/127.0.0.1:49898 - R:localhost/127.0.0.1:8081] Received response (auto-read:false) : [Content-Type=application/json, Transfer-Encoding=chunked, Date=Tue, 29 Jun 2021 14:59:39 GMT]
20:29:40.103 [reactor-http-nio-15] DEBUG reactor.netty.resources.PooledConnectionProvider - [id: 0x822a7f8c, L:/127.0.0.1:49898 - R:localhost/127.0.0.1:8081] onStateChange(GET{uri=/getAttractions, connection=PooledConnection{channel=[id: 0x822a7f8c, L:/127.0.0.1:49898 - R:localhost/127.0.0.1:8081]}}, [response_received])
20:29:40.103 [reactor-http-nio-13] DEBUG reactor.netty.http.client.HttpClientConnect - [id: 0x6e1bd8e9, L:/127.0.0.1:49914 - R:localhost/127.0.0.1:8081] Handler is being applied: {uri=http://localhost:8081/getUserLocation?userId=64d49763-50d4-4306-96f4-a1438764341e, method=GET}
20:29:40.103 [reactor-http-nio-15] DEBUG org.springframework.web.reactive.function.client.ExchangeFunctions - [5967f68e] Response 200 OK
20:29:40.101 [reactor-http-nio-14] DEBUG reactor.netty.resources.PooledConnectionProvider - [id: 0x6c889872, L:/127.0.0.1:49887 - R:localhost/127.0.0.1:8081] onStateChange(GET{uri=/getUserLocation?userId=2a0cfe37-6fe8-4aac-baea-29a7d50d32ef, connection=PooledConnection{channel=[id: 0x6c889872, L:/127.0.0.1:49887 - R:localhost/127.0.0.1:8081]}}, [request_sent])
20:29:40.101 [reactor-http-nio-11] DEBUG reactor.netty.http.client.HttpClientOperations - [id: 0x70ea745d, L:/127.0.0.1:49931 - R:localhost/127.0.0.1:8081] Received last HTTP packet
20:29:40.103 [reactor-http-nio-2] DEBUG reactor.netty.resources.PooledConnectionProvider - [id: 0xbbc840e5, L:/127.0.0.1:49882 - R:localhost/127.0.0.1:8081] onStateChange(GET{uri=/getAttractions, connection=PooledConnection{channel=[id: 0xbbc840e5, L:/127.0.0.1:49882 - R:localhost/127.0.0.1:8081]}}, [request_sent])
20:29:40.102 [pool-13-thread-30] DEBUG org.springframework.web.reactive.function.client.ExchangeFunctions - [159465cc] HTTP GET http://localhost:8081/getAttractions
20:29:40.102 [reactor-http-nio-12] DEBUG reactor.netty.resources.PooledConnectionProvider - [id: 0x54b51839, L:/127.0.0.1:49907 - R:localhost/127.0.0.1:8081] onStateChange(GET{uri=/getUserLocation?userId=0f86a5f6-e73a-4036-a646-76b92e5f0cab, connection=PooledConnection{channel=[id: 0x54b51839, L:/127.0.0.1:49907 - R:localhost/127.0.0.1:8081]}}, [request_sent])
20:29:40.102 [reactor-http-nio-16] DEBUG reactor.netty.resources.PooledConnectionProvider - [id: 0x31cea2d6, L:/127.0.0.1:49902 - R:localhost/127.0.0.1:8081] onStateChange(GET{uri=/getAttractions, connection=PooledConnection{channel=[id: 0x31cea2d6, L:/127.0.0.1:49902 - R:localhost/127.0.0.1:8081]}}, [disconnecting])
20:29:40.103 [reactor-http-nio-16] DEBUG reactor.netty.resources.PooledConnectionProvider - [id: 0x31cea2d6, L:/127.0.0.1:49902 - R:localhost/127.0.0.1:8081] Releasing channel
20:29:40.103 [reactor-http-nio-14] DEBUG reactor.netty.http.client.HttpClientOperations - [id: 0x0b723f2b, L:/127.0.0.1:49877 - R:localhost/127.0.0.1:8081] Received response (auto-read:false) : [Content-Type=application/json, Transfer-Encoding=chunked, Date=Tue, 29 Jun 2021 14:59:39 GMT]
20:29:40.104 [reactor-http-nio-14] DEBUG reactor.netty.resources.PooledConnectionProvider - [id: 0x0b723f2b, L:/127.0.0.1:49877 - R:localhost/127.0.0.1:8081] onStateChange(GET{uri=/getAttractions, connection=PooledConnection{channel=[id: 0x0b723f2b, L:/127.0.0.1:49877 - R:localhost/127.0.0.1:8081]}}, [response_received])
20:29:40.104 [reactor-http-nio-11] DEBUG org.springframework.core.codec.StringDecoder - [776e7e12] Decoded "[{"longitude":-117.922008,"latitude":33.817595,"attractionName":"Disneyland","city":"Anaheim","stat (truncated)...
20:29:40.104 [reactor-http-nio-14] DEBUG org.springframework.web.reactive.function.client.ExchangeFunctions - [469c3a5b] Response 200 OK
20:29:40.104 [reactor-http-nio-12] DEBUG reactor.netty.http.client.HttpClientOperations - [id: 0xc976ea3e, L:/127.0.0.1:49874 - R:localhost/127.0.0.1:8081] Received response (auto-read:false) : [Content-Type=application/json, Transfer-Encoding=chunked, Date=Tue, 29 Jun 2021 14:59:39 GMT]
20:29:40.104 [reactor-http-nio-12] DEBUG reactor.netty.resources.PooledConnectionProvider - [id: 0xc976ea3e, L:/127.0.0.1:49874 - R:localhost/127.0.0.1:8081] onStateChange(GET{uri=/getUserLocation?userId=c3e9f62d-d28e-420a-995b-4ffd7afb02f6, connection=PooledConnection{channel=[id: 0xc976ea3e, L:/127.0.0.1:49874 - R:localhost/127.0.0.1:8081]}}, [response_received])
20:29:40.104 [reactor-http-nio-13] DEBUG reactor.netty.resources.PooledConnectionProvider - [id: 0x6e1bd8e9, L:/127.0.0.1:49914 - R:localhost/127.0.0.1:8081] onStateChange(GET{uri=/getUserLocation?userId=64d49763-50d4-4306-96f4-a1438764341e, connection=PooledConnection{channel=[id: 0x6e1bd8e9, L:/127.0.0.1:49914 - R:localhost/127.0.0.1:8081]}}, [request_sent])
20:29:40.104 [reactor-http-nio-12] DEBUG org.springframework.web.reactive.function.client.ExchangeFunctions - [66d552e6] Response 200 OK
20:29:40.104 [reactor-http-nio-13] DEBUG reactor.netty.resources.PooledConnectionProvider - [id: 0x4b9adda7, L:/127.0.0.1:49909 - R:localhost/127.0.0.1:8081] Channel acquired, now 58 active connections and 8 inactive connections
20:29:40.104 [reactor-http-nio-13] DEBUG reactor.netty.http.client.HttpClientConnect - [id: 0x4b9adda7, L:/127.0.0.1:49909 - R:localhost/127.0.0.1:8081] Handler is being applied: {uri=http://localhost:8081/getAttractions, method=GET}
20:29:40.104 [reactor-http-nio-14] DEBUG reactor.netty.channel.FluxReceive - [id: 0x0b723f2b, L:/127.0.0.1:49877 - R:localhost/127.0.0.1:8081] Subscribing inbound receiver [pending: 0, cancelled:false, inboundDone: false]
20:29:40.104 [reactor-http-nio-12] DEBUG reactor.netty.channel.FluxReceive - [id: 0xc976ea3e, L:/127.0.0.1:49874 - R:localhost/127.0.0.1:8081] Subscribing inbound receiver [pending: 0, cancelled:false, inboundDone: false]
20:29:40.104 [reactor-http-nio-12] DEBUG reactor.netty.http.client.HttpClientOperations - [id: 0xc976ea3e, L:/127.0.0.1:49874 - R:localhost/127.0.0.1:8081] Received last HTTP packet
20:29:40.104 [reactor-http-nio-12] DEBUG org.springframework.core.codec.StringDecoder - [66d552e6] Decoded "{"userId":"c3e9f62d-d28e-420a-995b-4ffd7afb02f6","location":{"longitude":-92.706329,"latitude":78.9 (truncated)...
20:29:40.104 [reactor-http-nio-13] DEBUG reactor.netty.resources.PooledConnectionProvider - [id: 0x4b9adda7, L:/127.0.0.1:49909 - R:localhost/127.0.0.1:8081] onStateChange(GET{uri=/getAttractions, connection=PooledConnection{channel=[id: 0x4b9adda7, L:/127.0.0.1:49909 - R:localhost/127.0.0.1:8081]}}, [request_sent])
20:29:40.103 [reactor-http-nio-15] DEBUG reactor.netty.channel.FluxReceive - [id: 0x822a7f8c, L:/127.0.0.1:49898 - R:localhost/127.0.0.1:8081] Subscribing inbound receiver [pending: 0, cancelled:false, inboundDone: false]
20:29:40.103 [reactor-http-nio-2] DEBUG reactor.netty.resources.PooledConnectionProvider - [id: 0xa9dc0f4b, L:/127.0.0.1:49924 - R:localhost/127.0.0.1:8081] Channel acquired, now 58 active connections and 8 inactive connections
20:29:40.103 [reactor-http-nio-16] DEBUG reactor.netty.resources.PooledConnectionProvider - [id: 0x31cea2d6, L:/127.0.0.1:49902 - R:localhost/127.0.0.1:8081] Channel cleaned, now 57 active connections and 9 inactive connections
20:29:40.104 [reactor-http-nio-13] DEBUG reactor.netty.http.client.HttpClientOperations - [id: 0x2d54eb76, L:/127.0.0.1:49912 - R:localhost/127.0.0.1:8081] Received response (auto-read:false) : [Content-Type=application/json, Transfer-Encoding=chunked, Date=Tue, 29 Jun 2021 14:59:39 GMT]
20:29:40.105 [reactor-http-nio-15] DEBUG reactor.netty.http.client.HttpClientOperations - [id: 0x822a7f8c, L:/127.0.0.1:49898 - R:localhost/127.0.0.1:8081] Received last HTTP packet
20:29:40.104 [reactor-http-nio-11] DEBUG reactor.netty.resources.PooledConnectionProvider - [id: 0x70ea745d, L:/127.0.0.1:49931 - R:localhost/127.0.0.1:8081] onStateChange(GET{uri=/getAttractions, connection=PooledConnection{channel=[id: 0x70ea745d, L:/127.0.0.1:49931 - R:localhost/127.0.0.1:8081]}}, [disconnecting])
20:29:40.104 [pool-13-thread-44] DEBUG org.springframework.web.reactive.function.client.ExchangeFunctions - [79fd181f] HTTP GET http://localhost:8081/getUserLocation?userId=b2a16c8c-5c6e-417f-99df-70de86c4b2c1
20:29:40.105 [reactor-http-nio-16] DEBUG reactor.netty.http.client.HttpClientOperations - [id: 0x1eb86fc9, L:/127.0.0.1:49891 - R:localhost/127.0.0.1:8081] Received response (auto-read:false) : [Content-Type=application/json, Transfer-Encoding=chunked, Date=Tue, 29 Jun 2021 14:59:39 GMT]
20:29:40.104 [reactor-http-nio-12] DEBUG reactor.netty.resources.PooledConnectionProvider - [id: 0xc976ea3e, L:/127.0.0.1:49874 - R:localhost/127.0.0.1:8081] onStateChange(GET{uri=/getUserLocation?userId=c3e9f62d-d28e-420a-995b-4ffd7afb02f6, connection=PooledConnection{channel=[id: 0xc976ea3e, L:/127.0.0.1:49874 - R:localhost/127.0.0.1:8081]}}, [disconnecting])
20:29:40.105 [reactor-http-nio-12] DEBUG reactor.netty.resources.PooledConnectionProvider - [id: 0xc976ea3e, L:/127.0.0.1:49874 - R:localhost/127.0.0.1:8081] Releasing channel
20:29:40.104 [reactor-http-nio-14] DEBUG reactor.netty.http.client.HttpClientOperations - [id: 0x0b723f2b, L:/127.0.0.1:49877 - R:localhost/127.0.0.1:8081] Received last HTTP packet
20:29:40.105 [reactor-http-nio-15] DEBUG org.springframework.core.codec.StringDecoder - [5967f68e] Decoded "[{"longitude":-117.922008,"latitude":33.817595,"attractionName":"Disneyland","city":"Anaheim","stat (truncated)...
20:29:40.105 [reactor-http-nio-15] DEBUG reactor.netty.resources.PooledConnectionProvider - [id: 0x822a7f8c, L:/127.0.0.1:49898 - R:localhost/127.0.0.1:8081] onStateChange(GET{uri=/getAttractions, connection=PooledConnection{channel=[id: 0x822a7f8c, L:/127.0.0.1:49898 - R:localhost/127.0.0.1:8081]}}, [disconnecting])
20:29:40.105 [reactor-http-nio-15] DEBUG reactor.netty.resources.PooledConnectionProvider - [id: 0x822a7f8c, L:/127.0.0.1:49898 - R:localhost/127.0.0.1:8081] Releasing channel
20:29:40.105 [reactor-http-nio-15] DEBUG reactor.netty.resources.PooledConnectionProvider - [id: 0x822a7f8c, L:/127.0.0.1:49898 - R:localhost/127.0.0.1:8081] Channel cleaned, now 56 active connections and 10 inactive connections
20:29:40.105 [reactor-http-nio-14] DEBUG org.springframework.core.codec.StringDecoder - [469c3a5b] Decoded "[{"longitude":-117.922008,"latitude":33.817595,"attractionName":"Disneyland","city":"Anaheim","stat (truncated)...
20:29:40.105 [pool-13-thread-39] DEBUG org.springframework.web.reactive.function.client.ExchangeFunctions - [7351f427] HTTP GET http://localhost:8081/getUserLocation?userId=ce88871e-1458-4823-8382-854c9c70659f
20:29:40.105 [reactor-http-nio-14] DEBUG reactor.netty.resources.PooledConnectionProvider - [id: 0x0b723f2b, L:/127.0.0.1:49877 - R:localhost/127.0.0.1:8081] onStateChange(GET{uri=/getAttractions, connection=PooledConnection{channel=[id: 0x0b723f2b, L:/127.0.0.1:49877 - R:localhost/127.0.0.1:8081]}}, [disconnecting])
20:29:40.105 [reactor-http-nio-14] DEBUG reactor.netty.resources.PooledConnectionProvider - [id: 0x0b723f2b, L:/127.0.0.1:49877 - R:localhost/127.0.0.1:8081] Releasing channel
20:29:40.105 [reactor-http-nio-14] DEBUG reactor.netty.resources.PooledConnectionProvider - [id: 0x0b723f2b, L:/127.0.0.1:49877 - R:localhost/127.0.0.1:8081] Channel cleaned, now 55 active connections and 11 inactive connections
20:29:40.104 [reactor-http-nio-2] DEBUG reactor.netty.http.client.HttpClientConnect - [id: 0xa9dc0f4b, L:/127.0.0.1:49924 - R:localhost/127.0.0.1:8081] Handler is being applied: {uri=http://localhost:8081/getUserLocation?userId=99db3442-ccf2-46a9-8f42-89ebb0745798, method=GET}
20:29:40.104 [reactor-http-nio-13] DEBUG reactor.netty.resources.PooledConnectionProvider - [id: 0x2d54eb76, L:/127.0.0.1:49912 - R:localhost/127.0.0.1:8081] onStateChange(GET{uri=/getUserLocation?userId=e304c7b3-b810-475b-b2bd-1cff9e4d783e, connection=PooledConnection{channel=[id: 0x2d54eb76, L:/127.0.0.1:49912 - R:localhost/127.0.0.1:8081]}}, [response_received])
20:29:40.106 [reactor-http-nio-13] DEBUG org.springframework.web.reactive.function.client.ExchangeFunctions - [33e79467] Response 200 OK
20:29:40.106 [pool-13-thread-2] DEBUG org.springframework.web.reactive.function.client.ExchangeFunctions - [23d7d058] HTTP GET http://localhost:8081/getAttractions
20:29:40.106 [reactor-http-nio-2] DEBUG reactor.netty.resources.PooledConnectionProvider - [id: 0xa9dc0f4b, L:/127.0.0.1:49924 - R:localhost/127.0.0.1:8081] onStateChange(GET{uri=/getUserLocation?userId=99db3442-ccf2-46a9-8f42-89ebb0745798, connection=PooledConnection{channel=[id: 0xa9dc0f4b, L:/127.0.0.1:49924 - R:localhost/127.0.0.1:8081]}}, [request_sent])
20:29:40.106 [reactor-http-nio-2] DEBUG reactor.netty.resources.PooledConnectionProvider - [id: 0x7dd6550e, L:/127.0.0.1:49925 - R:localhost/127.0.0.1:8081] Channel acquired, now 56 active connections and 10 inactive connections
20:29:40.105 [reactor-http-nio-11] DEBUG reactor.netty.resources.PooledConnectionProvider - [id: 0x70ea745d, L:/127.0.0.1:49931 - R:localhost/127.0.0.1:8081] Releasing channel
20:29:40.105 [reactor-http-nio-16] DEBUG reactor.netty.resources.PooledConnectionProvider - [id: 0x1eb86fc9, L:/127.0.0.1:49891 - R:localhost/127.0.0.1:8081] onStateChange(GET{uri=/getAttractions, connection=PooledConnection{channel=[id: 0x1eb86fc9, L:/127.0.0.1:49891 - R:localhost/127.0.0.1:8081]}}, [response_received])
20:29:40.105 [reactor-http-nio-12] DEBUG reactor.netty.resources.PooledConnectionProvider - [id: 0xc976ea3e, L:/127.0.0.1:49874 - R:localhost/127.0.0.1:8081] Channel cleaned, now 57 active connections and 9 inactive connections
20:29:40.106 [reactor-http-nio-16] DEBUG org.springframework.web.reactive.function.client.ExchangeFunctions - [5c765d2e] Response 200 OK
20:29:40.106 [reactor-http-nio-12] DEBUG reactor.netty.resources.PooledConnectionProvider - [id: 0x715de37b, L:/127.0.0.1:49908 - R:localhost/127.0.0.1:8081] Channel acquired, now 56 active connections and 10 inactive connections
20:29:40.106 [reactor-http-nio-12] DEBUG reactor.netty.http.client.HttpClientConnect - [id: 0x715de37b, L:/127.0.0.1:49908 - R:localhost/127.0.0.1:8081] Handler is being applied: {uri=http://localhost:8081/getAttractions, method=GET}
20:29:40.106 [reactor-http-nio-16] DEBUG reactor.netty.channel.FluxReceive - [id: 0x1eb86fc9, L:/127.0.0.1:49891 - R:localhost/127.0.0.1:8081] Subscribing inbound receiver [pending: 0, cancelled:false, inboundDone: false]
20:29:40.106 [reactor-http-nio-16] DEBUG reactor.netty.http.client.HttpClientOperations - [id: 0x1eb86fc9, L:/127.0.0.1:49891 - R:localhost/127.0.0.1:8081] Received last HTTP packet
20:29:40.107 [reactor-http-nio-12] DEBUG reactor.netty.resources.PooledConnectionProvider - [id: 0x715de37b, L:/127.0.0.1:49908 - R:localhost/127.0.0.1:8081] onStateChange(GET{uri=/getAttractions, connection=PooledConnection{channel=[id: 0x715de37b, L:/127.0.0.1:49908 - R:localhost/127.0.0.1:8081]}}, [request_sent])
20:29:40.107 [reactor-http-nio-12] DEBUG reactor.netty.resources.PooledConnectionProvider - [id: 0xc976ea3e, L:/127.0.0.1:49874 - R:localhost/127.0.0.1:8081] Channel acquired, now 57 active connections and 9 inactive connections
20:29:40.107 [pool-13-thread-40] DEBUG org.springframework.web.reactive.function.client.ExchangeFunctions - [5d58697a] HTTP GET http://localhost:8081/getUserLocation?userId=da1c8374-e376-4ab4-b7b2-200d554037b8
20:29:40.107 [reactor-http-nio-16] DEBUG org.springframework.core.codec.StringDecoder - [5c765d2e] Decoded "[{"longitude":-117.922008,"latitude":33.817595,"attractionName":"Disneyland","city":"Anaheim","stat (truncated)...
20:29:40.107 [reactor-http-nio-16] DEBUG reactor.netty.resources.PooledConnectionProvider - [id: 0x1eb86fc9, L:/127.0.0.1:49891 - R:localhost/127.0.0.1:8081] onStateChange(GET{uri=/getAttractions, connection=PooledConnection{channel=[id: 0x1eb86fc9, L:/127.0.0.1:49891 - R:localhost/127.0.0.1:8081]}}, [disconnecting])
20:29:40.107 [reactor-http-nio-16] DEBUG reactor.netty.resources.PooledConnectionProvider - [id: 0x1eb86fc9, L:/127.0.0.1:49891 - R:localhost/127.0.0.1:8081] Releasing channel
20:29:40.105 [reactor-http-nio-15] DEBUG reactor.netty.http.client.HttpClientOperations - [id: 0x6124bcfa, L:/127.0.0.1:49886 - R:localhost/127.0.0.1:8081] Received response (auto-read:false) : [Content-Type=application/json, Transfer-Encoding=chunked, Date=Tue, 29 Jun 2021 14:59:39 GMT]
20:29:40.107 [reactor-http-nio-15] DEBUG reactor.netty.resources.PooledConnectionProvider - [id: 0x6124bcfa, L:/127.0.0.1:49886 - R:localhost/127.0.0.1:8081] onStateChange(GET{uri=/getAttractions, connection=PooledConnection{channel=[id: 0x6124bcfa, L:/127.0.0.1:49886 - R:localhost/127.0.0.1:8081]}}, [response_received])
20:29:40.107 [reactor-http-nio-15] DEBUG org.springframework.web.reactive.function.client.ExchangeFunctions - [6f280600] Response 200 OK
20:29:40.106 [reactor-http-nio-2] DEBUG reactor.netty.http.client.HttpClientConnect - [id: 0x7dd6550e, L:/127.0.0.1:49925 - R:localhost/127.0.0.1:8081] Handler is being applied: {uri=http://localhost:8081/getAttractions, method=GET}
20:29:40.106 [reactor-http-nio-13] DEBUG reactor.netty.channel.FluxReceive - [id: 0x2d54eb76, L:/127.0.0.1:49912 - R:localhost/127.0.0.1:8081] Subscribing inbound receiver [pending: 0, cancelled:false, inboundDone: false]
20:29:40.107 [reactor-http-nio-15] DEBUG reactor.netty.channel.FluxReceive - [id: 0x6124bcfa, L:/127.0.0.1:49886 - R:localhost/127.0.0.1:8081] Subscribing inbound receiver [pending: 0, cancelled:false, inboundDone: false]
20:29:40.107 [reactor-http-nio-13] DEBUG reactor.netty.http.client.HttpClientOperations - [id: 0x2d54eb76, L:/127.0.0.1:49912 - R:localhost/127.0.0.1:8081] Received last HTTP packet
20:29:40.107 [reactor-http-nio-15] DEBUG reactor.netty.http.client.HttpClientOperations - [id: 0x6124bcfa, L:/127.0.0.1:49886 - R:localhost/127.0.0.1:8081] Received last HTTP packet
20:29:40.107 [reactor-http-nio-2] DEBUG reactor.netty.resources.PooledConnectionProvider - [id: 0x7dd6550e, L:/127.0.0.1:49925 - R:localhost/127.0.0.1:8081] onStateChange(GET{uri=/getAttractions, connection=PooledConnection{channel=[id: 0x7dd6550e, L:/127.0.0.1:49925 - R:localhost/127.0.0.1:8081]}}, [request_sent])
20:29:40.108 [reactor-http-nio-2] DEBUG reactor.netty.http.client.HttpClientOperations - [id: 0x549de069, L:/127.0.0.1:49916 - R:localhost/127.0.0.1:8081] Received response (auto-read:false) : [Content-Type=application/json, Transfer-Encoding=chunked, Date=Tue, 29 Jun 2021 14:59:39 GMT]
20:29:40.108 [reactor-http-nio-2] DEBUG reactor.netty.resources.PooledConnectionProvider - [id: 0x549de069, L:/127.0.0.1:49916 - R:localhost/127.0.0.1:8081] onStateChange(GET{uri=/getUserLocation?userId=62a91e43-935e-4e97-b9cb-aae84e26b9fb, connection=PooledConnection{channel=[id: 0x549de069, L:/127.0.0.1:49916 - R:localhost/127.0.0.1:8081]}}, [response_received])
20:29:40.108 [reactor-http-nio-13] DEBUG org.springframework.core.codec.StringDecoder - [33e79467] Decoded "{"userId":"e304c7b3-b810-475b-b2bd-1cff9e4d783e","location":{"longitude":9.492411,"latitude":51.409 (truncated)...
20:29:40.108 [reactor-http-nio-2] DEBUG org.springframework.web.reactive.function.client.ExchangeFunctions - [2f40bac6] Response 200 OK
20:29:40.106 [reactor-http-nio-11] DEBUG reactor.netty.resources.PooledConnectionProvider - [id: 0x70ea745d, L:/127.0.0.1:49931 - R:localhost/127.0.0.1:8081] Channel cleaned, now 55 active connections and 11 inactive connections
20:29:40.107 [reactor-http-nio-12] DEBUG reactor.netty.http.client.HttpClientConnect - [id: 0xc976ea3e, L:/127.0.0.1:49874 - R:localhost/127.0.0.1:8081] Handler is being applied: {uri=http://localhost:8081/getAttractions, method=GET}
20:29:40.108 [reactor-http-nio-2] DEBUG reactor.netty.channel.FluxReceive - [id: 0x549de069, L:/127.0.0.1:49916 - R:localhost/127.0.0.1:8081] Subscribing inbound receiver [pending: 0, cancelled:false, inboundDone: false]
20:29:40.108 [reactor-http-nio-11] DEBUG reactor.netty.http.client.HttpClientOperations - [id: 0x444af37b, L:/127.0.0.1:49923 - R:localhost/127.0.0.1:8081] Received response (auto-read:false) : [Content-Type=application/json, Transfer-Encoding=chunked, Date=Tue, 29 Jun 2021 14:59:39 GMT]
20:29:40.108 [reactor-http-nio-11] DEBUG reactor.netty.resources.PooledConnectionProvider - [id: 0x444af37b, L:/127.0.0.1:49923 - R:localhost/127.0.0.1:8081] onStateChange(GET{uri=/getUserLocation?userId=7a60608b-a302-4f12-b8cd-b59a9734dd46, connection=PooledConnection{channel=[id: 0x444af37b, L:/127.0.0.1:49923 - R:localhost/127.0.0.1:8081]}}, [response_received])
20:29:40.108 [reactor-http-nio-2] DEBUG reactor.netty.http.client.HttpClientOperations - [id: 0x549de069, L:/127.0.0.1:49916 - R:localhost/127.0.0.1:8081] Received last HTTP packet
20:29:40.108 [reactor-http-nio-11] DEBUG org.springframework.web.reactive.function.client.ExchangeFunctions - [11cd4870] Response 200 OK
20:29:40.107 [reactor-http-nio-16] DEBUG reactor.netty.resources.PooledConnectionProvider - [id: 0x1eb86fc9, L:/127.0.0.1:49891 - R:localhost/127.0.0.1:8081] Channel cleaned, now 56 active connections and 10 inactive connections
20:29:40.108 [reactor-http-nio-2] DEBUG org.springframework.core.codec.StringDecoder - [2f40bac6] Decoded "{"userId":"62a91e43-935e-4e97-b9cb-aae84e26b9fb","location":{"longitude":164.310933,"latitude":-22. (truncated)...
20:29:40.108 [reactor-http-nio-2] DEBUG reactor.netty.resources.PooledConnectionProvider - [id: 0x549de069, L:/127.0.0.1:49916 - R:localhost/127.0.0.1:8081] onStateChange(GET{uri=/getUserLocation?userId=62a91e43-935e-4e97-b9cb-aae84e26b9fb, connection=PooledConnection{channel=[id: 0x549de069, L:/127.0.0.1:49916 - R:localhost/127.0.0.1:8081]}}, [disconnecting])
20:29:40.108 [reactor-http-nio-2] DEBUG reactor.netty.resources.PooledConnectionProvider - [id: 0x549de069, L:/127.0.0.1:49916 - R:localhost/127.0.0.1:8081] Releasing channel
20:29:40.109 [reactor-http-nio-2] DEBUG reactor.netty.resources.PooledConnectionProvider - [id: 0x549de069, L:/127.0.0.1:49916 - R:localhost/127.0.0.1:8081] Channel cleaned, now 55 active connections and 11 inactive connections
20:29:40.109 [reactor-http-nio-16] DEBUG reactor.netty.http.client.HttpClientOperations - [id: 0xca5097d1, L:/127.0.0.1:49901 - R:localhost/127.0.0.1:8081] Received response (auto-read:false) : [Content-Type=application/json, Transfer-Encoding=chunked, Date=Tue, 29 Jun 2021 14:59:39 GMT]
20:29:40.109 [reactor-http-nio-16] DEBUG reactor.netty.resources.PooledConnectionProvider - [id: 0xca5097d1, L:/127.0.0.1:49901 - R:localhost/127.0.0.1:8081] onStateChange(GET{uri=/getAttractions, connection=PooledConnection{channel=[id: 0xca5097d1, L:/127.0.0.1:49901 - R:localhost/127.0.0.1:8081]}}, [response_received])
20:29:40.109 [reactor-http-nio-16] DEBUG org.springframework.web.reactive.function.client.ExchangeFunctions - [59eaabed] Response 200 OK
20:29:40.109 [reactor-http-nio-2] DEBUG reactor.netty.http.client.HttpClientOperations - [id: 0xf696f9f2, L:/127.0.0.1:49929 - R:localhost/127.0.0.1:8081] Received response (auto-read:false) : [Content-Type=application/json, Transfer-Encoding=chunked, Date=Tue, 29 Jun 2021 14:59:39 GMT]
20:29:40.109 [reactor-http-nio-2] DEBUG reactor.netty.resources.PooledConnectionProvider - [id: 0xf696f9f2, L:/127.0.0.1:49929 - R:localhost/127.0.0.1:8081] onStateChange(GET{uri=/getUserLocation?userId=bcc7d915-55d8-40a6-b927-d631c802a912, connection=PooledConnection{channel=[id: 0xf696f9f2, L:/127.0.0.1:49929 - R:localhost/127.0.0.1:8081]}}, [response_received])
20:29:40.109 [reactor-http-nio-16] DEBUG reactor.netty.channel.FluxReceive - [id: 0xca5097d1, L:/127.0.0.1:49901 - R:localhost/127.0.0.1:8081] Subscribing inbound receiver [pending: 0, cancelled:false, inboundDone: false]
20:29:40.109 [reactor-http-nio-11] DEBUG reactor.netty.channel.FluxReceive - [id: 0x444af37b, L:/127.0.0.1:49923 - R:localhost/127.0.0.1:8081] Subscribing inbound receiver [pending: 0, cancelled:false, inboundDone: false]
20:29:40.109 [reactor-http-nio-2] DEBUG org.springframework.web.reactive.function.client.ExchangeFunctions - [17e9de60] Response 200 OK
20:29:40.109 [reactor-http-nio-11] DEBUG reactor.netty.http.client.HttpClientOperations - [id: 0x444af37b, L:/127.0.0.1:49923 - R:localhost/127.0.0.1:8081] Received last HTTP packet
20:29:40.109 [reactor-http-nio-16] DEBUG reactor.netty.http.client.HttpClientOperations - [id: 0xca5097d1, L:/127.0.0.1:49901 - R:localhost/127.0.0.1:8081] Received last HTTP packet
20:29:40.109 [reactor-http-nio-2] DEBUG reactor.netty.channel.FluxReceive - [id: 0xf696f9f2, L:/127.0.0.1:49929 - R:localhost/127.0.0.1:8081] Subscribing inbound receiver [pending: 0, cancelled:false, inboundDone: false]
20:29:40.108 [reactor-http-nio-15] DEBUG org.springframework.core.codec.StringDecoder - [6f280600] Decoded "[{"longitude":-117.922008,"latitude":33.817595,"attractionName":"Disneyland","city":"Anaheim","stat (truncated)...
20:29:40.108 [reactor-http-nio-13] DEBUG reactor.netty.resources.PooledConnectionProvider - [id: 0x2d54eb76, L:/127.0.0.1:49912 - R:localhost/127.0.0.1:8081] onStateChange(GET{uri=/getUserLocation?userId=e304c7b3-b810-475b-b2bd-1cff9e4d783e, connection=PooledConnection{channel=[id: 0x2d54eb76, L:/127.0.0.1:49912 - R:localhost/127.0.0.1:8081]}}, [disconnecting])
20:29:40.109 [reactor-http-nio-15] DEBUG reactor.netty.resources.PooledConnectionProvider - [id: 0x6124bcfa, L:/127.0.0.1:49886 - R:localhost/127.0.0.1:8081] onStateChange(GET{uri=/getAttractions, connection=PooledConnection{channel=[id: 0x6124bcfa, L:/127.0.0.1:49886 - R:localhost/127.0.0.1:8081]}}, [disconnecting])
20:29:40.109 [reactor-http-nio-15] DEBUG reactor.netty.resources.PooledConnectionProvider - [id: 0x6124bcfa, L:/127.0.0.1:49886 - R:localhost/127.0.0.1:8081] Releasing channel
20:29:40.108 [reactor-http-nio-12] DEBUG reactor.netty.resources.PooledConnectionProvider - [id: 0xc976ea3e, L:/127.0.0.1:49874 - R:localhost/127.0.0.1:8081] onStateChange(GET{uri=/getAttractions, connection=PooledConnection{channel=[id: 0xc976ea3e, L:/127.0.0.1:49874 - R:localhost/127.0.0.1:8081]}}, [request_sent])
20:29:40.109 [reactor-http-nio-16] DEBUG org.springframework.core.codec.StringDecoder - [59eaabed] Decoded "[{"longitude":-117.922008,"latitude":33.817595,"attractionName":"Disneyland","city":"Anaheim","stat (truncated)...
20:29:40.110 [reactor-http-nio-16] DEBUG reactor.netty.resources.PooledConnectionProvider - [id: 0xca5097d1, L:/127.0.0.1:49901 - R:localhost/127.0.0.1:8081] onStateChange(GET{uri=/getAttractions, connection=PooledConnection{channel=[id: 0xca5097d1, L:/127.0.0.1:49901 - R:localhost/127.0.0.1:8081]}}, [disconnecting])
20:29:40.110 [reactor-http-nio-16] DEBUG reactor.netty.resources.PooledConnectionProvider - [id: 0xca5097d1, L:/127.0.0.1:49901 - R:localhost/127.0.0.1:8081] Releasing channel
20:29:40.109 [reactor-http-nio-11] DEBUG org.springframework.core.codec.StringDecoder - [11cd4870] Decoded "{"userId":"7a60608b-a302-4f12-b8cd-b59a9734dd46","location":{"longitude":-113.275043,"latitude":84. (truncated)...
20:29:40.110 [reactor-http-nio-16] DEBUG reactor.netty.resources.PooledConnectionProvider - [id: 0xca5097d1, L:/127.0.0.1:49901 - R:localhost/127.0.0.1:8081] Channel cleaned, now 53 active connections and 13 inactive connections
20:29:40.109 [pool-13-thread-26] DEBUG org.springframework.web.reactive.function.client.ExchangeFunctions - [3d206c6b] HTTP GET http://localhost:8081/getAttractions
20:29:40.110 [pool-13-thread-25] DEBUG org.springframework.web.reactive.function.client.ExchangeFunctions - [2187515e] HTTP GET http://localhost:8081/getAttractions
20:29:40.110 [reactor-http-nio-14] DEBUG reactor.netty.resources.PooledConnectionProvider - [id: 0x0b723f2b, L:/127.0.0.1:49877 - R:localhost/127.0.0.1:8081] Channel acquired, now 54 active connections and 12 inactive connections
20:29:40.110 [reactor-http-nio-14] DEBUG reactor.netty.http.client.HttpClientConnect - [id: 0x0b723f2b, L:/127.0.0.1:49877 - R:localhost/127.0.0.1:8081] Handler is being applied: {uri=http://localhost:8081/getAttractions, method=GET}
20:29:40.110 [reactor-http-nio-16] DEBUG reactor.netty.http.client.HttpClientOperations - [id: 0xd94b0585, L:/127.0.0.1:49927 - R:localhost/127.0.0.1:8081] Received response (auto-read:false) : [Content-Type=application/json, Transfer-Encoding=chunked, Date=Tue, 29 Jun 2021 14:59:39 GMT]
20:29:40.110 [reactor-http-nio-16] DEBUG reactor.netty.resources.PooledConnectionProvider - [id: 0xd94b0585, L:/127.0.0.1:49927 - R:localhost/127.0.0.1:8081] onStateChange(GET{uri=/getUserLocation?userId=5affea08-2985-4251-bd8e-5b5458fb12b5, connection=PooledConnection{channel=[id: 0xd94b0585, L:/127.0.0.1:49927 - R:localhost/127.0.0.1:8081]}}, [response_received])
20:29:40.110 [reactor-http-nio-11] DEBUG reactor.netty.resources.PooledConnectionProvider - [id: 0x444af37b, L:/127.0.0.1:49923 - R:localhost/127.0.0.1:8081] onStateChange(GET{uri=/getUserLocation?userId=7a60608b-a302-4f12-b8cd-b59a9734dd46, connection=PooledConnection{channel=[id: 0x444af37b, L:/127.0.0.1:49923 - R:localhost/127.0.0.1:8081]}}, [disconnecting])
20:29:40.110 [reactor-http-nio-11] DEBUG reactor.netty.resources.PooledConnectionProvider - [id: 0x444af37b, L:/127.0.0.1:49923 - R:localhost/127.0.0.1:8081] Releasing channel
20:29:40.110 [reactor-http-nio-16] DEBUG org.springframework.web.reactive.function.client.ExchangeFunctions - [44c53d31] Response 200 OK
20:29:40.110 [reactor-http-nio-11] DEBUG reactor.netty.resources.PooledConnectionProvider - [id: 0x444af37b, L:/127.0.0.1:49923 - R:localhost/127.0.0.1:8081] Channel cleaned, now 53 active connections and 13 inactive connections
20:29:40.110 [reactor-http-nio-16] DEBUG reactor.netty.channel.FluxReceive - [id: 0xd94b0585, L:/127.0.0.1:49927 - R:localhost/127.0.0.1:8081] Subscribing inbound receiver [pending: 0, cancelled:false, inboundDone: false]
20:29:40.110 [reactor-http-nio-14] DEBUG reactor.netty.resources.PooledConnectionProvider - [id: 0x0b723f2b, L:/127.0.0.1:49877 - R:localhost/127.0.0.1:8081] onStateChange(GET{uri=/getAttractions, connection=PooledConnection{channel=[id: 0x0b723f2b, L:/127.0.0.1:49877 - R:localhost/127.0.0.1:8081]}}, [request_sent])
20:29:40.111 [reactor-http-nio-10] DEBUG reactor.netty.http.client.HttpClientOperations - [id: 0x415a9863, L:/127.0.0.1:49906 - R:localhost/127.0.0.1:8081] Received response (auto-read:false) : [Content-Type=application/json, Transfer-Encoding=chunked, Date=Tue, 29 Jun 2021 14:59:39 GMT]
20:29:40.111 [reactor-http-nio-10] DEBUG reactor.netty.resources.PooledConnectionProvider - [id: 0x415a9863, L:/127.0.0.1:49906 - R:localhost/127.0.0.1:8081] onStateChange(GET{uri=/getAttractions, connection=PooledConnection{channel=[id: 0x415a9863, L:/127.0.0.1:49906 - R:localhost/127.0.0.1:8081]}}, [response_received])
20:29:40.111 [reactor-http-nio-10] DEBUG org.springframework.web.reactive.function.client.ExchangeFunctions - [102638de] Response 200 OK
20:29:40.109 [reactor-http-nio-13] DEBUG reactor.netty.resources.PooledConnectionProvider - [id: 0x2d54eb76, L:/127.0.0.1:49912 - R:localhost/127.0.0.1:8081] Releasing channel
20:29:40.111 [reactor-http-nio-11] DEBUG reactor.netty.http.client.HttpClientOperations - [id: 0xf98e8509, L:/127.0.0.1:49922 - R:localhost/127.0.0.1:8081] Received response (auto-read:false) : [Content-Type=application/json, Transfer-Encoding=chunked, Date=Tue, 29 Jun 2021 14:59:39 GMT]
20:29:40.111 [reactor-http-nio-11] DEBUG reactor.netty.resources.PooledConnectionProvider - [id: 0xf98e8509, L:/127.0.0.1:49922 - R:localhost/127.0.0.1:8081] onStateChange(GET{uri=/getAttractions, connection=PooledConnection{channel=[id: 0xf98e8509, L:/127.0.0.1:49922 - R:localhost/127.0.0.1:8081]}}, [response_received])
20:29:40.109 [reactor-http-nio-15] DEBUG reactor.netty.resources.PooledConnectionProvider - [id: 0x6124bcfa, L:/127.0.0.1:49886 - R:localhost/127.0.0.1:8081] Channel cleaned, now 54 active connections and 12 inactive connections
20:29:40.111 [pool-13-thread-43] DEBUG org.springframework.web.reactive.function.client.ExchangeFunctions - [1f0ab439] HTTP GET http://localhost:8081/getAttractions
20:29:40.111 [reactor-http-nio-11] DEBUG org.springframework.web.reactive.function.client.ExchangeFunctions - [6004c013] Response 200 OK
20:29:40.111 [reactor-http-nio-15] DEBUG reactor.netty.http.client.HttpClientOperations - [id: 0x5e54db3b, L:/127.0.0.1:49903 - R:localhost/127.0.0.1:8081] Received response (auto-read:false) : [Content-Type=application/json, Transfer-Encoding=chunked, Date=Tue, 29 Jun 2021 14:59:39 GMT]
20:29:40.111 [reactor-http-nio-15] DEBUG reactor.netty.resources.PooledConnectionProvider - [id: 0x5e54db3b, L:/127.0.0.1:49903 - R:localhost/127.0.0.1:8081] onStateChange(GET{uri=/getAttractions, connection=PooledConnection{channel=[id: 0x5e54db3b, L:/127.0.0.1:49903 - R:localhost/127.0.0.1:8081]}}, [response_received])
20:29:40.112 [reactor-http-nio-15] DEBUG org.springframework.web.reactive.function.client.ExchangeFunctions - [407767c4] Response 200 OK
20:29:40.112 [reactor-http-nio-11] DEBUG reactor.netty.channel.FluxReceive - [id: 0xf98e8509, L:/127.0.0.1:49922 - R:localhost/127.0.0.1:8081] Subscribing inbound receiver [pending: 0, cancelled:false, inboundDone: false]
20:29:40.112 [reactor-http-nio-14] DEBUG reactor.netty.http.client.HttpClientOperations - [id: 0xd139cd35, L:/127.0.0.1:49893 - R:localhost/127.0.0.1:8081] Received response (auto-read:false) : [Content-Type=application/json, Transfer-Encoding=chunked, Date=Tue, 29 Jun 2021 14:59:39 GMT]
20:29:40.112 [reactor-http-nio-15] DEBUG reactor.netty.channel.FluxReceive - [id: 0x5e54db3b, L:/127.0.0.1:49903 - R:localhost/127.0.0.1:8081] Subscribing inbound receiver [pending: 0, cancelled:false, inboundDone: false]
20:29:40.109 [reactor-http-nio-2] DEBUG reactor.netty.http.client.HttpClientOperations - [id: 0xf696f9f2, L:/127.0.0.1:49929 - R:localhost/127.0.0.1:8081] Received last HTTP packet
20:29:40.111 [reactor-http-nio-16] DEBUG reactor.netty.resources.PooledConnectionProvider - [id: 0x31cea2d6, L:/127.0.0.1:49902 - R:localhost/127.0.0.1:8081] Channel acquired, now 54 active connections and 12 inactive connections
20:29:40.112 [reactor-http-nio-2] DEBUG org.springframework.core.codec.StringDecoder - [17e9de60] Decoded "{"userId":"bcc7d915-55d8-40a6-b927-d631c802a912","location":{"longitude":-28.137247,"latitude":28.1 (truncated)...
20:29:40.112 [reactor-http-nio-16] DEBUG reactor.netty.http.client.HttpClientConnect - [id: 0x31cea2d6, L:/127.0.0.1:49902 - R:localhost/127.0.0.1:8081] Handler is being applied: {uri=http://localhost:8081/getUserLocation?userId=ce88871e-1458-4823-8382-854c9c70659f, method=GET}
20:29:40.112 [reactor-http-nio-15] DEBUG reactor.netty.http.client.HttpClientOperations - [id: 0x5e54db3b, L:/127.0.0.1:49903 - R:localhost/127.0.0.1:8081] Received last HTTP packet
20:29:40.111 [reactor-http-nio-10] DEBUG reactor.netty.channel.FluxReceive - [id: 0x415a9863, L:/127.0.0.1:49906 - R:localhost/127.0.0.1:8081] Subscribing inbound receiver [pending: 0, cancelled:false, inboundDone: false]
20:29:40.112 [reactor-http-nio-15] DEBUG org.springframework.core.codec.StringDecoder - [407767c4] Decoded "[{"longitude":-117.922008,"latitude":33.817595,"attractionName":"Disneyland","city":"Anaheim","stat (truncated)...
20:29:40.113 [reactor-http-nio-15] DEBUG reactor.netty.resources.PooledConnectionProvider - [id: 0x5e54db3b, L:/127.0.0.1:49903 - R:localhost/127.0.0.1:8081] onStateChange(GET{uri=/getAttractions, connection=PooledConnection{channel=[id: 0x5e54db3b, L:/127.0.0.1:49903 - R:localhost/127.0.0.1:8081]}}, [disconnecting])
20:29:40.113 [reactor-http-nio-15] DEBUG reactor.netty.resources.PooledConnectionProvider - [id: 0x5e54db3b, L:/127.0.0.1:49903 - R:localhost/127.0.0.1:8081] Releasing channel
20:29:40.113 [reactor-http-nio-15] DEBUG reactor.netty.resources.PooledConnectionProvider - [id: 0x5e54db3b, L:/127.0.0.1:49903 - R:localhost/127.0.0.1:8081] Channel cleaned, now 52 active connections and 14 inactive connections
20:29:40.113 [reactor-http-nio-2] DEBUG reactor.netty.resources.PooledConnectionProvider - [id: 0xf696f9f2, L:/127.0.0.1:49929 - R:localhost/127.0.0.1:8081] onStateChange(GET{uri=/getUserLocation?userId=bcc7d915-55d8-40a6-b927-d631c802a912, connection=PooledConnection{channel=[id: 0xf696f9f2, L:/127.0.0.1:49929 - R:localhost/127.0.0.1:8081]}}, [disconnecting])
20:29:40.113 [reactor-http-nio-2] DEBUG reactor.netty.resources.PooledConnectionProvider - [id: 0xf696f9f2, L:/127.0.0.1:49929 - R:localhost/127.0.0.1:8081] Releasing channel
20:29:40.113 [reactor-http-nio-15] DEBUG reactor.netty.resources.PooledConnectionProvider - [id: 0xdfea8ccc, L:/127.0.0.1:49892 - R:localhost/127.0.0.1:8081] Channel acquired, now 53 active connections and 13 inactive connections
20:29:40.113 [reactor-http-nio-2] DEBUG reactor.netty.resources.PooledConnectionProvider - [id: 0xf696f9f2, L:/127.0.0.1:49929 - R:localhost/127.0.0.1:8081] Channel cleaned, now 52 active connections and 14 inactive connections
20:29:40.113 [reactor-http-nio-15] DEBUG reactor.netty.http.client.HttpClientConnect - [id: 0xdfea8ccc, L:/127.0.0.1:49892 - R:localhost/127.0.0.1:8081] Handler is being applied: {uri=http://localhost:8081/getAttractions, method=GET}
20:29:40.113 [reactor-http-nio-2] DEBUG reactor.netty.http.client.HttpClientOperations - [id: 0x5d20b19f, L:/127.0.0.1:49926 - R:localhost/127.0.0.1:8081] Received response (auto-read:false) : [Content-Type=application/json, Transfer-Encoding=chunked, Date=Tue, 29 Jun 2021 14:59:39 GMT]
20:29:40.113 [reactor-http-nio-2] DEBUG reactor.netty.resources.PooledConnectionProvider - [id: 0x5d20b19f, L:/127.0.0.1:49926 - R:localhost/127.0.0.1:8081] onStateChange(GET{uri=/getUserLocation?userId=f8fa426f-8264-476e-9af2-9068283774d8, connection=PooledConnection{channel=[id: 0x5d20b19f, L:/127.0.0.1:49926 - R:localhost/127.0.0.1:8081]}}, [response_received])
20:29:40.113 [reactor-http-nio-15] DEBUG reactor.netty.resources.PooledConnectionProvider - [id: 0xdfea8ccc, L:/127.0.0.1:49892 - R:localhost/127.0.0.1:8081] onStateChange(GET{uri=/getAttractions, connection=PooledConnection{channel=[id: 0xdfea8ccc, L:/127.0.0.1:49892 - R:localhost/127.0.0.1:8081]}}, [request_sent])
20:29:40.111 [reactor-http-nio-13] DEBUG reactor.netty.resources.PooledConnectionProvider - [id: 0x2d54eb76, L:/127.0.0.1:49912 - R:localhost/127.0.0.1:8081] Channel cleaned, now 53 active connections and 13 inactive connections
20:29:40.113 [reactor-http-nio-2] DEBUG org.springframework.web.reactive.function.client.ExchangeFunctions - [5fd86098] Response 200 OK
20:29:40.113 [reactor-http-nio-15] DEBUG reactor.netty.http.client.HttpClientOperations - [id: 0x30e81d35, L:/127.0.0.1:49884 - R:localhost/127.0.0.1:8081] Received response (auto-read:false) : [Content-Type=application/json, Transfer-Encoding=chunked, Date=Tue, 29 Jun 2021 14:59:39 GMT]
20:29:40.112 [reactor-http-nio-11] DEBUG reactor.netty.http.client.HttpClientOperations - [id: 0xf98e8509, L:/127.0.0.1:49922 - R:localhost/127.0.0.1:8081] Received last HTTP packet
20:29:40.112 [reactor-http-nio-14] DEBUG reactor.netty.resources.PooledConnectionProvider - [id: 0xd139cd35, L:/127.0.0.1:49893 - R:localhost/127.0.0.1:8081] onStateChange(GET{uri=/getAttractions, connection=PooledConnection{channel=[id: 0xd139cd35, L:/127.0.0.1:49893 - R:localhost/127.0.0.1:8081]}}, [response_received])
20:29:40.112 [reactor-http-nio-10] DEBUG reactor.netty.http.client.HttpClientOperations - [id: 0x415a9863, L:/127.0.0.1:49906 - R:localhost/127.0.0.1:8081] Received last HTTP packet
20:29:40.114 [reactor-http-nio-2] DEBUG reactor.netty.channel.FluxReceive - [id: 0x5d20b19f, L:/127.0.0.1:49926 - R:localhost/127.0.0.1:8081] Subscribing inbound receiver [pending: 0, cancelled:false, inboundDone: false]
20:29:40.114 [reactor-http-nio-11] DEBUG org.springframework.core.codec.StringDecoder - [6004c013] Decoded "[{"longitude":-117.922008,"latitude":33.817595,"attractionName":"Disneyland","city":"Anaheim","stat (truncated)...
20:29:40.113 [reactor-http-nio-16] DEBUG reactor.netty.resources.PooledConnectionProvider - [id: 0x31cea2d6, L:/127.0.0.1:49902 - R:localhost/127.0.0.1:8081] onStateChange(GET{uri=/getUserLocation?userId=ce88871e-1458-4823-8382-854c9c70659f, connection=PooledConnection{channel=[id: 0x31cea2d6, L:/127.0.0.1:49902 - R:localhost/127.0.0.1:8081]}}, [request_sent])
20:29:40.114 [reactor-http-nio-11] DEBUG reactor.netty.resources.PooledConnectionProvider - [id: 0xf98e8509, L:/127.0.0.1:49922 - R:localhost/127.0.0.1:8081] onStateChange(GET{uri=/getAttractions, connection=PooledConnection{channel=[id: 0xf98e8509, L:/127.0.0.1:49922 - R:localhost/127.0.0.1:8081]}}, [disconnecting])
20:29:40.114 [reactor-http-nio-11] DEBUG reactor.netty.resources.PooledConnectionProvider - [id: 0xf98e8509, L:/127.0.0.1:49922 - R:localhost/127.0.0.1:8081] Releasing channel
20:29:40.114 [pool-13-thread-60] DEBUG org.springframework.web.reactive.function.client.ExchangeFunctions - [192e22ed] HTTP GET http://localhost:8081/getAttractions
20:29:40.114 [reactor-http-nio-11] DEBUG reactor.netty.resources.PooledConnectionProvider - [id: 0xf98e8509, L:/127.0.0.1:49922 - R:localhost/127.0.0.1:8081] Channel cleaned, now 52 active connections and 14 inactive connections
20:29:40.113 [reactor-http-nio-13] DEBUG reactor.netty.http.client.HttpClientOperations - [id: 0x0f3e4556, L:/127.0.0.1:49918 - R:localhost/127.0.0.1:8081] Received response (auto-read:false) : [Content-Type=application/json, Transfer-Encoding=chunked, Date=Tue, 29 Jun 2021 14:59:39 GMT]
20:29:40.113 [reactor-http-nio-15] DEBUG reactor.netty.resources.PooledConnectionProvider - [id: 0x30e81d35, L:/127.0.0.1:49884 - R:localhost/127.0.0.1:8081] onStateChange(GET{uri=/getAttractions, connection=PooledConnection{channel=[id: 0x30e81d35, L:/127.0.0.1:49884 - R:localhost/127.0.0.1:8081]}}, [response_received])
20:29:40.114 [reactor-http-nio-10] DEBUG org.springframework.core.codec.StringDecoder - [102638de] Decoded "[{"longitude":-117.922008,"latitude":33.817595,"attractionName":"Disneyland","city":"Anaheim","stat (truncated)...
20:29:40.114 [reactor-http-nio-15] DEBUG org.springframework.web.reactive.function.client.ExchangeFunctions - [25dee278] Response 200 OK
20:29:40.114 [reactor-http-nio-10] DEBUG reactor.netty.resources.PooledConnectionProvider - [id: 0x415a9863, L:/127.0.0.1:49906 - R:localhost/127.0.0.1:8081] onStateChange(GET{uri=/getAttractions, connection=PooledConnection{channel=[id: 0x415a9863, L:/127.0.0.1:49906 - R:localhost/127.0.0.1:8081]}}, [disconnecting])
20:29:40.114 [reactor-http-nio-10] DEBUG reactor.netty.resources.PooledConnectionProvider - [id: 0x415a9863, L:/127.0.0.1:49906 - R:localhost/127.0.0.1:8081] Releasing channel
20:29:40.114 [reactor-http-nio-14] DEBUG org.springframework.web.reactive.function.client.ExchangeFunctions - [1b018688] Response 200 OK
20:29:40.114 [reactor-http-nio-10] DEBUG reactor.netty.resources.PooledConnectionProvider - [id: 0x415a9863, L:/127.0.0.1:49906 - R:localhost/127.0.0.1:8081] Channel cleaned, now 51 active connections and 15 inactive connections
20:29:40.114 [reactor-http-nio-2] DEBUG reactor.netty.http.client.HttpClientOperations - [id: 0x5d20b19f, L:/127.0.0.1:49926 - R:localhost/127.0.0.1:8081] Received last HTTP packet
20:29:40.114 [reactor-http-nio-16] DEBUG reactor.netty.resources.PooledConnectionProvider - [id: 0x1eb86fc9, L:/127.0.0.1:49891 - R:localhost/127.0.0.1:8081] Channel acquired, now 53 active connections and 13 inactive connections
20:29:40.114 [reactor-http-nio-15] DEBUG reactor.netty.channel.FluxReceive - [id: 0x30e81d35, L:/127.0.0.1:49884 - R:localhost/127.0.0.1:8081] Subscribing inbound receiver [pending: 0, cancelled:false, inboundDone: false]
20:29:40.114 [reactor-http-nio-16] DEBUG reactor.netty.http.client.HttpClientConnect - [id: 0x1eb86fc9, L:/127.0.0.1:49891 - R:localhost/127.0.0.1:8081] Handler is being applied: {uri=http://localhost:8081/getAttractions, method=GET}
20:29:40.114 [reactor-http-nio-15] DEBUG reactor.netty.http.client.HttpClientOperations - [id: 0x30e81d35, L:/127.0.0.1:49884 - R:localhost/127.0.0.1:8081] Received last HTTP packet
20:29:40.114 [reactor-http-nio-2] DEBUG org.springframework.core.codec.StringDecoder - [5fd86098] Decoded "{"userId":"f8fa426f-8264-476e-9af2-9068283774d8","location":{"longitude":169.510226,"latitude":-58. (truncated)...
20:29:40.114 [reactor-http-nio-2] DEBUG reactor.netty.resources.PooledConnectionProvider - [id: 0x5d20b19f, L:/127.0.0.1:49926 - R:localhost/127.0.0.1:8081] onStateChange(GET{uri=/getUserLocation?userId=f8fa426f-8264-476e-9af2-9068283774d8, connection=PooledConnection{channel=[id: 0x5d20b19f, L:/127.0.0.1:49926 - R:localhost/127.0.0.1:8081]}}, [disconnecting])
20:29:40.114 [reactor-http-nio-2] DEBUG reactor.netty.resources.PooledConnectionProvider - [id: 0x5d20b19f, L:/127.0.0.1:49926 - R:localhost/127.0.0.1:8081] Releasing channel
20:29:40.114 [reactor-http-nio-2] DEBUG reactor.netty.resources.PooledConnectionProvider - [id: 0x5d20b19f, L:/127.0.0.1:49926 - R:localhost/127.0.0.1:8081] Channel cleaned, now 50 active connections and 16 inactive connections
20:29:40.114 [reactor-http-nio-13] DEBUG reactor.netty.resources.PooledConnectionProvider - [id: 0x0f3e4556, L:/127.0.0.1:49918 - R:localhost/127.0.0.1:8081] onStateChange(GET{uri=/getUserLocation?userId=033cec38-3fd1-419a-ab42-9a3814571a61, connection=PooledConnection{channel=[id: 0x0f3e4556, L:/127.0.0.1:49918 - R:localhost/127.0.0.1:8081]}}, [response_received])
20:29:40.114 [reactor-http-nio-2] DEBUG reactor.netty.resources.PooledConnectionProvider - [id: 0x5921853c, L:/127.0.0.1:49928 - R:localhost/127.0.0.1:8081] Channel acquired, now 51 active connections and 15 inactive connections
20:29:40.114 [reactor-http-nio-15] DEBUG org.springframework.core.codec.StringDecoder - [25dee278] Decoded "[{"longitude":-117.922008,"latitude":33.817595,"attractionName":"Disneyland","city":"Anaheim","stat (truncated)...
20:29:40.114 [reactor-http-nio-2] DEBUG reactor.netty.http.client.HttpClientConnect - [id: 0x5921853c, L:/127.0.0.1:49928 - R:localhost/127.0.0.1:8081] Handler is being applied: {uri=http://localhost:8081/getUserLocation?userId=bf2c050f-213c-48ef-bb4e-0543efd031ca, method=GET}
20:29:40.115 [reactor-http-nio-16] DEBUG reactor.netty.resources.PooledConnectionProvider - [id: 0x1eb86fc9, L:/127.0.0.1:49891 - R:localhost/127.0.0.1:8081] onStateChange(GET{uri=/getAttractions, connection=PooledConnection{channel=[id: 0x1eb86fc9, L:/127.0.0.1:49891 - R:localhost/127.0.0.1:8081]}}, [request_sent])
20:29:40.115 [reactor-http-nio-13] DEBUG org.springframework.web.reactive.function.client.ExchangeFunctions - [29cef31e] Response 200 OK
20:29:40.115 [reactor-http-nio-16] DEBUG reactor.netty.http.client.HttpClientOperations - [id: 0xd94b0585, L:/127.0.0.1:49927 - R:localhost/127.0.0.1:8081] Received last HTTP packet
20:29:40.115 [reactor-http-nio-2] DEBUG reactor.netty.resources.PooledConnectionProvider - [id: 0x5921853c, L:/127.0.0.1:49928 - R:localhost/127.0.0.1:8081] onStateChange(GET{uri=/getUserLocation?userId=bf2c050f-213c-48ef-bb4e-0543efd031ca, connection=PooledConnection{channel=[id: 0x5921853c, L:/127.0.0.1:49928 - R:localhost/127.0.0.1:8081]}}, [request_sent])
20:29:40.115 [reactor-http-nio-16] DEBUG org.springframework.core.codec.StringDecoder - [44c53d31] Decoded "{"userId":"5affea08-2985-4251-bd8e-5b5458fb12b5","location":{"longitude":81.183625,"latitude":-45.7 (truncated)...
20:29:40.115 [reactor-http-nio-16] DEBUG reactor.netty.resources.PooledConnectionProvider - [id: 0xd94b0585, L:/127.0.0.1:49927 - R:localhost/127.0.0.1:8081] onStateChange(GET{uri=/getUserLocation?userId=5affea08-2985-4251-bd8e-5b5458fb12b5, connection=PooledConnection{channel=[id: 0xd94b0585, L:/127.0.0.1:49927 - R:localhost/127.0.0.1:8081]}}, [disconnecting])
20:29:40.115 [reactor-http-nio-16] DEBUG reactor.netty.resources.PooledConnectionProvider - [id: 0xd94b0585, L:/127.0.0.1:49927 - R:localhost/127.0.0.1:8081] Releasing channel
20:29:40.115 [reactor-http-nio-16] DEBUG reactor.netty.resources.PooledConnectionProvider - [id: 0xd94b0585, L:/127.0.0.1:49927 - R:localhost/127.0.0.1:8081] Channel cleaned, now 51 active connections and 15 inactive connections
20:29:40.115 [reactor-http-nio-2] DEBUG reactor.netty.resources.PooledConnectionProvider - [id: 0x3adc52e3, L:/127.0.0.1:49881 - R:localhost/127.0.0.1:8081] Channel acquired, now 52 active connections and 14 inactive connections
20:29:40.114 [reactor-http-nio-11] DEBUG reactor.netty.http.client.HttpClientOperations - [id: 0x5f76b813, L:/127.0.0.1:49921 - R:localhost/127.0.0.1:8081] Received response (auto-read:false) : [Content-Type=application/json, Transfer-Encoding=chunked, Date=Tue, 29 Jun 2021 14:59:39 GMT]
20:29:40.115 [reactor-http-nio-11] DEBUG reactor.netty.resources.PooledConnectionProvider - [id: 0x5f76b813, L:/127.0.0.1:49921 - R:localhost/127.0.0.1:8081] onStateChange(GET{uri=/getUserLocation?userId=ff8ab042-cc81-468e-ac32-ef1613683e63, connection=PooledConnection{channel=[id: 0x5f76b813, L:/127.0.0.1:49921 - R:localhost/127.0.0.1:8081]}}, [response_received])
20:29:40.115 [reactor-http-nio-2] DEBUG reactor.netty.http.client.HttpClientConnect - [id: 0x3adc52e3, L:/127.0.0.1:49881 - R:localhost/127.0.0.1:8081] Handler is being applied: {uri=http://localhost:8081/getUserLocation?userId=fe96ffa7-52b0-410e-8546-813a2fe678cd, method=GET}
20:29:40.115 [reactor-http-nio-11] DEBUG org.springframework.web.reactive.function.client.ExchangeFunctions - [609f335e] Response 200 OK
20:29:40.114 [reactor-http-nio-14] DEBUG reactor.netty.channel.FluxReceive - [id: 0xd139cd35, L:/127.0.0.1:49893 - R:localhost/127.0.0.1:8081] Subscribing inbound receiver [pending: 0, cancelled:false, inboundDone: false]
20:29:40.114 [reactor-http-nio-10] DEBUG reactor.netty.http.client.HttpClientOperations - [id: 0x333c1bf0, L:/127.0.0.1:49905 - R:localhost/127.0.0.1:8081] Received response (auto-read:false) : [Content-Type=application/json, Transfer-Encoding=chunked, Date=Tue, 29 Jun 2021 14:59:39 GMT]
20:29:40.115 [reactor-http-nio-10] DEBUG reactor.netty.resources.PooledConnectionProvider - [id: 0x333c1bf0, L:/127.0.0.1:49905 - R:localhost/127.0.0.1:8081] onStateChange(GET{uri=/getAttractions, connection=PooledConnection{channel=[id: 0x333c1bf0, L:/127.0.0.1:49905 - R:localhost/127.0.0.1:8081]}}, [response_received])
20:29:40.115 [reactor-http-nio-10] DEBUG org.springframework.web.reactive.function.client.ExchangeFunctions - [15198e72] Response 200 OK
20:29:40.116 [reactor-http-nio-14] DEBUG reactor.netty.http.client.HttpClientOperations - [id: 0xd139cd35, L:/127.0.0.1:49893 - R:localhost/127.0.0.1:8081] Received last HTTP packet
20:29:40.116 [reactor-http-nio-2] DEBUG reactor.netty.resources.PooledConnectionProvider - [id: 0x3adc52e3, L:/127.0.0.1:49881 - R:localhost/127.0.0.1:8081] onStateChange(GET{uri=/getUserLocation?userId=fe96ffa7-52b0-410e-8546-813a2fe678cd, connection=PooledConnection{channel=[id: 0x3adc52e3, L:/127.0.0.1:49881 - R:localhost/127.0.0.1:8081]}}, [request_sent])
20:29:40.116 [reactor-http-nio-2] DEBUG reactor.netty.resources.PooledConnectionProvider - [id: 0x549de069, L:/127.0.0.1:49916 - R:localhost/127.0.0.1:8081] Channel acquired, now 52 active connections and 14 inactive connections
20:29:40.116 [reactor-http-nio-11] DEBUG reactor.netty.channel.FluxReceive - [id: 0x5f76b813, L:/127.0.0.1:49921 - R:localhost/127.0.0.1:8081] Subscribing inbound receiver [pending: 0, cancelled:false, inboundDone: false]
20:29:40.116 [reactor-http-nio-2] DEBUG reactor.netty.http.client.HttpClientConnect - [id: 0x549de069, L:/127.0.0.1:49916 - R:localhost/127.0.0.1:8081] Handler is being applied: {uri=http://localhost:8081/getAttractions, method=GET}
20:29:40.115 [reactor-http-nio-15] DEBUG reactor.netty.resources.PooledConnectionProvider - [id: 0x30e81d35, L:/127.0.0.1:49884 - R:localhost/127.0.0.1:8081] onStateChange(GET{uri=/getAttractions, connection=PooledConnection{channel=[id: 0x30e81d35, L:/127.0.0.1:49884 - R:localhost/127.0.0.1:8081]}}, [disconnecting])
20:29:40.116 [reactor-http-nio-15] DEBUG reactor.netty.resources.PooledConnectionProvider - [id: 0x30e81d35, L:/127.0.0.1:49884 - R:localhost/127.0.0.1:8081] Releasing channel
20:29:40.115 [reactor-http-nio-13] DEBUG reactor.netty.channel.FluxReceive - [id: 0x0f3e4556, L:/127.0.0.1:49918 - R:localhost/127.0.0.1:8081] Subscribing inbound receiver [pending: 0, cancelled:false, inboundDone: false]
20:29:40.116 [reactor-http-nio-10] DEBUG reactor.netty.channel.FluxReceive - [id: 0x333c1bf0, L:/127.0.0.1:49905 - R:localhost/127.0.0.1:8081] Subscribing inbound receiver [pending: 0, cancelled:false, inboundDone: false]
20:29:40.116 [pool-13-thread-31] DEBUG org.springframework.web.reactive.function.client.ExchangeFunctions - [511f9513] HTTP GET http://localhost:8081/getAttractions
20:29:40.116 [reactor-http-nio-2] DEBUG reactor.netty.resources.PooledConnectionProvider - [id: 0x549de069, L:/127.0.0.1:49916 - R:localhost/127.0.0.1:8081] onStateChange(GET{uri=/getAttractions, connection=PooledConnection{channel=[id: 0x549de069, L:/127.0.0.1:49916 - R:localhost/127.0.0.1:8081]}}, [request_sent])
20:29:40.116 [reactor-http-nio-10] DEBUG reactor.netty.http.client.HttpClientOperations - [id: 0x333c1bf0, L:/127.0.0.1:49905 - R:localhost/127.0.0.1:8081] Received last HTTP packet
20:29:40.116 [reactor-http-nio-13] DEBUG reactor.netty.http.client.HttpClientOperations - [id: 0x0f3e4556, L:/127.0.0.1:49918 - R:localhost/127.0.0.1:8081] Received last HTTP packet
20:29:40.116 [reactor-http-nio-11] DEBUG reactor.netty.http.client.HttpClientOperations - [id: 0x5f76b813, L:/127.0.0.1:49921 - R:localhost/127.0.0.1:8081] Received last HTTP packet
20:29:40.116 [pool-13-thread-51] DEBUG org.springframework.web.reactive.function.client.ExchangeFunctions - [1c7abcd] HTTP GET http://localhost:8081/getAttractions
20:29:40.116 [reactor-http-nio-14] DEBUG org.springframework.core.codec.StringDecoder - [1b018688] Decoded "[{"longitude":-117.922008,"latitude":33.817595,"attractionName":"Disneyland","city":"Anaheim","stat (truncated)...
20:29:40.116 [reactor-http-nio-13] DEBUG org.springframework.core.codec.StringDecoder - [29cef31e] Decoded "{"userId":"033cec38-3fd1-419a-ab42-9a3814571a61","location":{"longitude":-169.372686,"latitude":22. (truncated)...
20:29:40.116 [reactor-http-nio-15] DEBUG reactor.netty.resources.PooledConnectionProvider - [id: 0x30e81d35, L:/127.0.0.1:49884 - R:localhost/127.0.0.1:8081] Channel cleaned, now 51 active connections and 15 inactive connections
20:29:40.116 [reactor-http-nio-13] DEBUG reactor.netty.resources.PooledConnectionProvider - [id: 0x0f3e4556, L:/127.0.0.1:49918 - R:localhost/127.0.0.1:8081] onStateChange(GET{uri=/getUserLocation?userId=033cec38-3fd1-419a-ab42-9a3814571a61, connection=PooledConnection{channel=[id: 0x0f3e4556, L:/127.0.0.1:49918 - R:localhost/127.0.0.1:8081]}}, [disconnecting])
20:29:40.117 [reactor-http-nio-11] DEBUG org.springframework.core.codec.StringDecoder - [609f335e] Decoded "{"userId":"ff8ab042-cc81-468e-ac32-ef1613683e63","location":{"longitude":6.316587,"latitude":62.532 (truncated)...
20:29:40.117 [reactor-http-nio-11] DEBUG reactor.netty.resources.PooledConnectionProvider - [id: 0x5f76b813, L:/127.0.0.1:49921 - R:localhost/127.0.0.1:8081] onStateChange(GET{uri=/getUserLocation?userId=ff8ab042-cc81-468e-ac32-ef1613683e63, connection=PooledConnection{channel=[id: 0x5f76b813, L:/127.0.0.1:49921 - R:localhost/127.0.0.1:8081]}}, [disconnecting])
20:29:40.117 [reactor-http-nio-11] DEBUG reactor.netty.resources.PooledConnectionProvider - [id: 0x5f76b813, L:/127.0.0.1:49921 - R:localhost/127.0.0.1:8081] Releasing channel
20:29:40.117 [reactor-http-nio-11] DEBUG reactor.netty.resources.PooledConnectionProvider - [id: 0x5f76b813, L:/127.0.0.1:49921 - R:localhost/127.0.0.1:8081] Channel cleaned, now 50 active connections and 16 inactive connections
20:29:40.116 [reactor-http-nio-2] DEBUG reactor.netty.http.client.HttpClientOperations - [id: 0x3a160202, L:/127.0.0.1:49876 - R:localhost/127.0.0.1:8081] Received response (auto-read:false) : [Content-Type=application/json, Transfer-Encoding=chunked, Date=Tue, 29 Jun 2021 14:59:39 GMT]
20:29:40.117 [reactor-http-nio-2] DEBUG reactor.netty.resources.PooledConnectionProvider - [id: 0x3a160202, L:/127.0.0.1:49876 - R:localhost/127.0.0.1:8081] onStateChange(GET{uri=/getAttractions, connection=PooledConnection{channel=[id: 0x3a160202, L:/127.0.0.1:49876 - R:localhost/127.0.0.1:8081]}}, [response_received])
20:29:40.116 [reactor-http-nio-14] DEBUG reactor.netty.resources.PooledConnectionProvider - [id: 0xd139cd35, L:/127.0.0.1:49893 - R:localhost/127.0.0.1:8081] onStateChange(GET{uri=/getAttractions, connection=PooledConnection{channel=[id: 0xd139cd35, L:/127.0.0.1:49893 - R:localhost/127.0.0.1:8081]}}, [disconnecting])
20:29:40.117 [reactor-http-nio-14] DEBUG reactor.netty.resources.PooledConnectionProvider - [id: 0xd139cd35, L:/127.0.0.1:49893 - R:localhost/127.0.0.1:8081] Releasing channel
20:29:40.117 [reactor-http-nio-13] DEBUG reactor.netty.resources.PooledConnectionProvider - [id: 0x0f3e4556, L:/127.0.0.1:49918 - R:localhost/127.0.0.1:8081] Releasing channel
20:29:40.117 [reactor-http-nio-14] DEBUG reactor.netty.resources.PooledConnectionProvider - [id: 0xd139cd35, L:/127.0.0.1:49893 - R:localhost/127.0.0.1:8081] Channel cleaned, now 49 active connections and 17 inactive connections
20:29:40.117 [reactor-http-nio-13] DEBUG reactor.netty.resources.PooledConnectionProvider - [id: 0x0f3e4556, L:/127.0.0.1:49918 - R:localhost/127.0.0.1:8081] Channel cleaned, now 48 active connections and 18 inactive connections
20:29:40.117 [reactor-http-nio-11] DEBUG reactor.netty.http.client.HttpClientOperations - [id: 0xb9e4c7b3, L:/127.0.0.1:49933 - R:localhost/127.0.0.1:8081] Received response (auto-read:false) : [Content-Type=application/json, Transfer-Encoding=chunked, Date=Tue, 29 Jun 2021 14:59:39 GMT]
20:29:40.117 [reactor-http-nio-10] DEBUG org.springframework.core.codec.StringDecoder - [15198e72] Decoded "[{"longitude":-117.922008,"latitude":33.817595,"attractionName":"Disneyland","city":"Anaheim","stat (truncated)...
20:29:40.117 [reactor-http-nio-10] DEBUG reactor.netty.resources.PooledConnectionProvider - [id: 0x333c1bf0, L:/127.0.0.1:49905 - R:localhost/127.0.0.1:8081] onStateChange(GET{uri=/getAttractions, connection=PooledConnection{channel=[id: 0x333c1bf0, L:/127.0.0.1:49905 - R:localhost/127.0.0.1:8081]}}, [disconnecting])
20:29:40.117 [reactor-http-nio-13] DEBUG reactor.netty.http.client.HttpClientOperations - [id: 0x99ebd170, L:/127.0.0.1:49872 - R:localhost/127.0.0.1:8081] Received response (auto-read:false) : [Content-Type=application/json, Transfer-Encoding=chunked, Date=Tue, 29 Jun 2021 14:59:39 GMT]
20:29:40.117 [reactor-http-nio-13] DEBUG reactor.netty.resources.PooledConnectionProvider - [id: 0x99ebd170, L:/127.0.0.1:49872 - R:localhost/127.0.0.1:8081] onStateChange(GET{uri=/getUserLocation?userId=9664e43b-818c-49b9-9e90-1a88120f822f, connection=PooledConnection{channel=[id: 0x99ebd170, L:/127.0.0.1:49872 - R:localhost/127.0.0.1:8081]}}, [response_received])
20:29:40.117 [reactor-http-nio-13] DEBUG org.springframework.web.reactive.function.client.ExchangeFunctions - [52294039] Response 200 OK
20:29:40.117 [reactor-http-nio-15] DEBUG reactor.netty.http.client.HttpClientOperations - [id: 0x0f728531, L:/127.0.0.1:49904 - R:localhost/127.0.0.1:8081] Received response (auto-read:false) : [Content-Type=application/json, Transfer-Encoding=chunked, Date=Tue, 29 Jun 2021 14:59:39 GMT]
20:29:40.117 [reactor-http-nio-15] DEBUG reactor.netty.resources.PooledConnectionProvider - [id: 0x0f728531, L:/127.0.0.1:49904 - R:localhost/127.0.0.1:8081] onStateChange(GET{uri=/getAttractions, connection=PooledConnection{channel=[id: 0x0f728531, L:/127.0.0.1:49904 - R:localhost/127.0.0.1:8081]}}, [response_received])
20:29:40.117 [reactor-http-nio-15] DEBUG org.springframework.web.reactive.function.client.ExchangeFunctions - [70b5ef19] Response 200 OK
20:29:40.117 [reactor-http-nio-13] DEBUG reactor.netty.channel.FluxReceive - [id: 0x99ebd170, L:/127.0.0.1:49872 - R:localhost/127.0.0.1:8081] Subscribing inbound receiver [pending: 0, cancelled:false, inboundDone: false]
20:29:40.118 [reactor-http-nio-15] DEBUG reactor.netty.channel.FluxReceive - [id: 0x0f728531, L:/127.0.0.1:49904 - R:localhost/127.0.0.1:8081] Subscribing inbound receiver [pending: 0, cancelled:false, inboundDone: false]
20:29:40.118 [reactor-http-nio-13] DEBUG reactor.netty.http.client.HttpClientOperations - [id: 0x99ebd170, L:/127.0.0.1:49872 - R:localhost/127.0.0.1:8081] Received last HTTP packet
20:29:40.118 [reactor-http-nio-13] DEBUG org.springframework.core.codec.StringDecoder - [52294039] Decoded "{"userId":"9664e43b-818c-49b9-9e90-1a88120f822f","location":{"longitude":23.17456,"latitude":62.578 (truncated)...
20:29:40.118 [reactor-http-nio-13] DEBUG reactor.netty.resources.PooledConnectionProvider - [id: 0x99ebd170, L:/127.0.0.1:49872 - R:localhost/127.0.0.1:8081] onStateChange(GET{uri=/getUserLocation?userId=9664e43b-818c-49b9-9e90-1a88120f822f, connection=PooledConnection{channel=[id: 0x99ebd170, L:/127.0.0.1:49872 - R:localhost/127.0.0.1:8081]}}, [disconnecting])
20:29:40.118 [reactor-http-nio-13] DEBUG reactor.netty.resources.PooledConnectionProvider - [id: 0x99ebd170, L:/127.0.0.1:49872 - R:localhost/127.0.0.1:8081] Releasing channel
20:29:40.118 [reactor-http-nio-13] DEBUG reactor.netty.resources.PooledConnectionProvider - [id: 0x99ebd170, L:/127.0.0.1:49872 - R:localhost/127.0.0.1:8081] Channel cleaned, now 47 active connections and 19 inactive connections
20:29:40.118 [reactor-http-nio-12] DEBUG reactor.netty.http.client.HttpClientOperations - [id: 0x715de37b, L:/127.0.0.1:49908 - R:localhost/127.0.0.1:8081] Received response (auto-read:false) : [Content-Type=application/json, Transfer-Encoding=chunked, Date=Tue, 29 Jun 2021 14:59:39 GMT]
20:29:40.118 [reactor-http-nio-12] DEBUG reactor.netty.resources.PooledConnectionProvider - [id: 0x715de37b, L:/127.0.0.1:49908 - R:localhost/127.0.0.1:8081] onStateChange(GET{uri=/getAttractions, connection=PooledConnection{channel=[id: 0x715de37b, L:/127.0.0.1:49908 - R:localhost/127.0.0.1:8081]}}, [response_received])
20:29:40.118 [pool-13-thread-55] DEBUG org.springframework.web.reactive.function.client.ExchangeFunctions - [27091857] HTTP GET http://localhost:8081/getAttractions
20:29:40.117 [reactor-http-nio-2] DEBUG org.springframework.web.reactive.function.client.ExchangeFunctions - [7217c444] Response 200 OK
20:29:40.118 [reactor-http-nio-12] DEBUG org.springframework.web.reactive.function.client.ExchangeFunctions - [2c4c42fe] Response 200 OK
20:29:40.117 [reactor-http-nio-11] DEBUG reactor.netty.resources.PooledConnectionProvider - [id: 0xb9e4c7b3, L:/127.0.0.1:49933 - R:localhost/127.0.0.1:8081] onStateChange(GET{uri=/getUserLocation?userId=32f7f253-7f2e-49ac-8cf3-9cf70cd4d48b, connection=PooledConnection{channel=[id: 0xb9e4c7b3, L:/127.0.0.1:49933 - R:localhost/127.0.0.1:8081]}}, [response_received])
20:29:40.117 [reactor-http-nio-10] DEBUG reactor.netty.resources.PooledConnectionProvider - [id: 0x333c1bf0, L:/127.0.0.1:49905 - R:localhost/127.0.0.1:8081] Releasing channel
20:29:40.118 [reactor-http-nio-11] DEBUG org.springframework.web.reactive.function.client.ExchangeFunctions - [1f351ed0] Response 200 OK
20:29:40.118 [pool-13-thread-35] DEBUG org.springframework.web.reactive.function.client.ExchangeFunctions - [6e58c13d] HTTP GET http://localhost:8081/getAttractions
20:29:40.118 [reactor-http-nio-13] DEBUG reactor.netty.http.client.HttpClientOperations - [id: 0xef273551, L:/127.0.0.1:49919 - R:localhost/127.0.0.1:8081] Received response (auto-read:false) : [Content-Type=application/json, Transfer-Encoding=chunked, Date=Tue, 29 Jun 2021 14:59:39 GMT]
20:29:40.118 [reactor-http-nio-12] DEBUG reactor.netty.channel.FluxReceive - [id: 0x715de37b, L:/127.0.0.1:49908 - R:localhost/127.0.0.1:8081] Subscribing inbound receiver [pending: 0, cancelled:false, inboundDone: false]
20:29:40.118 [reactor-http-nio-15] DEBUG reactor.netty.http.client.HttpClientOperations - [id: 0x0f728531, L:/127.0.0.1:49904 - R:localhost/127.0.0.1:8081] Received last HTTP packet
20:29:40.118 [reactor-http-nio-10] DEBUG reactor.netty.resources.PooledConnectionProvider - [id: 0x333c1bf0, L:/127.0.0.1:49905 - R:localhost/127.0.0.1:8081] Channel cleaned, now 46 active connections and 20 inactive connections
20:29:40.118 [reactor-http-nio-2] DEBUG reactor.netty.channel.FluxReceive - [id: 0x3a160202, L:/127.0.0.1:49876 - R:localhost/127.0.0.1:8081] Subscribing inbound receiver [pending: 0, cancelled:false, inboundDone: false]
20:29:40.118 [reactor-http-nio-13] DEBUG reactor.netty.resources.PooledConnectionProvider - [id: 0xef273551, L:/127.0.0.1:49919 - R:localhost/127.0.0.1:8081] onStateChange(GET{uri=/getUserLocation?userId=6b700be5-6959-4433-ba50-feeab79d81ff, connection=PooledConnection{channel=[id: 0xef273551, L:/127.0.0.1:49919 - R:localhost/127.0.0.1:8081]}}, [response_received])
20:29:40.119 [reactor-http-nio-13] DEBUG org.springframework.web.reactive.function.client.ExchangeFunctions - [44ddcd56] Response 200 OK
20:29:40.119 [reactor-http-nio-2] DEBUG reactor.netty.http.client.HttpClientOperations - [id: 0x3a160202, L:/127.0.0.1:49876 - R:localhost/127.0.0.1:8081] Received last HTTP packet
20:29:40.119 [reactor-http-nio-15] DEBUG org.springframework.core.codec.StringDecoder - [70b5ef19] Decoded "[{"longitude":-117.922008,"latitude":33.817595,"attractionName":"Disneyland","city":"Anaheim","stat (truncated)...
20:29:40.119 [reactor-http-nio-15] DEBUG reactor.netty.resources.PooledConnectionProvider - [id: 0x0f728531, L:/127.0.0.1:49904 - R:localhost/127.0.0.1:8081] onStateChange(GET{uri=/getAttractions, connection=PooledConnection{channel=[id: 0x0f728531, L:/127.0.0.1:49904 - R:localhost/127.0.0.1:8081]}}, [disconnecting])
20:29:40.119 [reactor-http-nio-15] DEBUG reactor.netty.resources.PooledConnectionProvider - [id: 0x0f728531, L:/127.0.0.1:49904 - R:localhost/127.0.0.1:8081] Releasing channel
20:29:40.119 [reactor-http-nio-15] DEBUG reactor.netty.resources.PooledConnectionProvider - [id: 0x0f728531, L:/127.0.0.1:49904 - R:localhost/127.0.0.1:8081] Channel cleaned, now 45 active connections and 21 inactive connections
20:29:40.119 [reactor-http-nio-2] DEBUG org.springframework.core.codec.StringDecoder - [7217c444] Decoded "[{"longitude":-117.922008,"latitude":33.817595,"attractionName":"Disneyland","city":"Anaheim","stat (truncated)...
20:29:40.119 [reactor-http-nio-2] DEBUG reactor.netty.resources.PooledConnectionProvider - [id: 0x3a160202, L:/127.0.0.1:49876 - R:localhost/127.0.0.1:8081] onStateChange(GET{uri=/getAttractions, connection=PooledConnection{channel=[id: 0x3a160202, L:/127.0.0.1:49876 - R:localhost/127.0.0.1:8081]}}, [disconnecting])
20:29:40.119 [reactor-http-nio-2] DEBUG reactor.netty.resources.PooledConnectionProvider - [id: 0x3a160202, L:/127.0.0.1:49876 - R:localhost/127.0.0.1:8081] Releasing channel
20:29:40.119 [reactor-http-nio-15] DEBUG reactor.netty.http.client.HttpClientOperations - [id: 0x05482a00, L:/127.0.0.1:49865 - R:localhost/127.0.0.1:8081] Received response (auto-read:false) : [Content-Type=application/json, Transfer-Encoding=chunked, Date=Tue, 29 Jun 2021 14:59:39 GMT]
20:29:40.119 [reactor-http-nio-2] DEBUG reactor.netty.resources.PooledConnectionProvider - [id: 0x3a160202, L:/127.0.0.1:49876 - R:localhost/127.0.0.1:8081] Channel cleaned, now 44 active connections and 22 inactive connections
20:29:40.118 [reactor-http-nio-11] DEBUG reactor.netty.channel.FluxReceive - [id: 0xb9e4c7b3, L:/127.0.0.1:49933 - R:localhost/127.0.0.1:8081] Subscribing inbound receiver [pending: 0, cancelled:false, inboundDone: false]
20:29:40.119 [pool-13-thread-21] DEBUG org.springframework.web.reactive.function.client.ExchangeFunctions - [172bd418] HTTP GET http://localhost:8081/getAttractions
20:29:40.118 [reactor-http-nio-12] DEBUG reactor.netty.http.client.HttpClientOperations - [id: 0x715de37b, L:/127.0.0.1:49908 - R:localhost/127.0.0.1:8081] Received last HTTP packet
20:29:40.119 [reactor-http-nio-11] DEBUG reactor.netty.http.client.HttpClientOperations - [id: 0xb9e4c7b3, L:/127.0.0.1:49933 - R:localhost/127.0.0.1:8081] Received last HTTP packet
20:29:40.119 [reactor-http-nio-11] DEBUG org.springframework.core.codec.StringDecoder - [1f351ed0] Decoded "{"userId":"32f7f253-7f2e-49ac-8cf3-9cf70cd4d48b","location":{"longitude":23.418661,"latitude":-41.7 (truncated)...
20:29:40.119 [reactor-http-nio-12] DEBUG org.springframework.core.codec.StringDecoder - [2c4c42fe] Decoded "[{"longitude":-117.922008,"latitude":33.817595,"attractionName":"Disneyland","city":"Anaheim","stat (truncated)...
20:29:40.120 [reactor-http-nio-12] DEBUG reactor.netty.resources.PooledConnectionProvider - [id: 0x715de37b, L:/127.0.0.1:49908 - R:localhost/127.0.0.1:8081] onStateChange(GET{uri=/getAttractions, connection=PooledConnection{channel=[id: 0x715de37b, L:/127.0.0.1:49908 - R:localhost/127.0.0.1:8081]}}, [disconnecting])
20:29:40.120 [reactor-http-nio-12] DEBUG reactor.netty.resources.PooledConnectionProvider - [id: 0x715de37b, L:/127.0.0.1:49908 - R:localhost/127.0.0.1:8081] Releasing channel
20:29:40.120 [reactor-http-nio-12] DEBUG reactor.netty.resources.PooledConnectionProvider - [id: 0x715de37b, L:/127.0.0.1:49908 - R:localhost/127.0.0.1:8081] Channel cleaned, now 43 active connections and 23 inactive connections
20:29:40.119 [reactor-http-nio-13] DEBUG reactor.netty.channel.FluxReceive - [id: 0xef273551, L:/127.0.0.1:49919 - R:localhost/127.0.0.1:8081] Subscribing inbound receiver [pending: 0, cancelled:false, inboundDone: false]
20:29:40.119 [reactor-http-nio-15] DEBUG reactor.netty.resources.PooledConnectionProvider - [id: 0x05482a00, L:/127.0.0.1:49865 - R:localhost/127.0.0.1:8081] onStateChange(GET{uri=/getAttractions, connection=PooledConnection{channel=[id: 0x05482a00, L:/127.0.0.1:49865 - R:localhost/127.0.0.1:8081]}}, [response_received])
20:29:40.120 [reactor-http-nio-13] DEBUG reactor.netty.http.client.HttpClientOperations - [id: 0xef273551, L:/127.0.0.1:49919 - R:localhost/127.0.0.1:8081] Received last HTTP packet
20:29:40.120 [reactor-http-nio-15] DEBUG org.springframework.web.reactive.function.client.ExchangeFunctions - [21d5380] Response 200 OK
20:29:40.120 [reactor-http-nio-13] DEBUG org.springframework.core.codec.StringDecoder - [44ddcd56] Decoded "{"userId":"6b700be5-6959-4433-ba50-feeab79d81ff","location":{"longitude":82.420258,"latitude":-25.9 (truncated)...
20:29:40.119 [reactor-http-nio-2] DEBUG reactor.netty.http.client.HttpClientOperations - [id: 0xbbc840e5, L:/127.0.0.1:49882 - R:localhost/127.0.0.1:8081] Received response (auto-read:false) : [Content-Type=application/json, Transfer-Encoding=chunked, Date=Tue, 29 Jun 2021 14:59:39 GMT]
20:29:40.120 [reactor-http-nio-2] DEBUG reactor.netty.resources.PooledConnectionProvider - [id: 0xbbc840e5, L:/127.0.0.1:49882 - R:localhost/127.0.0.1:8081] onStateChange(GET{uri=/getAttractions, connection=PooledConnection{channel=[id: 0xbbc840e5, L:/127.0.0.1:49882 - R:localhost/127.0.0.1:8081]}}, [response_received])
20:29:40.120 [reactor-http-nio-2] DEBUG org.springframework.web.reactive.function.client.ExchangeFunctions - [6d65aa5] Response 200 OK
20:29:40.120 [reactor-http-nio-15] DEBUG reactor.netty.channel.FluxReceive - [id: 0x05482a00, L:/127.0.0.1:49865 - R:localhost/127.0.0.1:8081] Subscribing inbound receiver [pending: 0, cancelled:false, inboundDone: false]
20:29:40.120 [reactor-http-nio-15] DEBUG reactor.netty.http.client.HttpClientOperations - [id: 0x05482a00, L:/127.0.0.1:49865 - R:localhost/127.0.0.1:8081] Received last HTTP packet
20:29:40.120 [reactor-http-nio-2] DEBUG reactor.netty.channel.FluxReceive - [id: 0xbbc840e5, L:/127.0.0.1:49882 - R:localhost/127.0.0.1:8081] Subscribing inbound receiver [pending: 0, cancelled:false, inboundDone: false]
20:29:40.121 [reactor-http-nio-12] DEBUG reactor.netty.http.client.HttpClientOperations - [id: 0xc976ea3e, L:/127.0.0.1:49874 - R:localhost/127.0.0.1:8081] Received response (auto-read:false) : [Content-Type=application/json, Transfer-Encoding=chunked, Date=Tue, 29 Jun 2021 14:59:39 GMT]
20:29:40.121 [reactor-http-nio-12] DEBUG reactor.netty.resources.PooledConnectionProvider - [id: 0xc976ea3e, L:/127.0.0.1:49874 - R:localhost/127.0.0.1:8081] onStateChange(GET{uri=/getAttractions, connection=PooledConnection{channel=[id: 0xc976ea3e, L:/127.0.0.1:49874 - R:localhost/127.0.0.1:8081]}}, [response_received])
20:29:40.121 [reactor-http-nio-15] DEBUG org.springframework.core.codec.StringDecoder - [21d5380] Decoded "[{"longitude":-117.922008,"latitude":33.817595,"attractionName":"Disneyland","city":"Anaheim","stat (truncated)...
20:29:40.121 [reactor-http-nio-2] DEBUG reactor.netty.http.client.HttpClientOperations - [id: 0xbbc840e5, L:/127.0.0.1:49882 - R:localhost/127.0.0.1:8081] Received last HTTP packet
20:29:40.121 [reactor-http-nio-12] DEBUG org.springframework.web.reactive.function.client.ExchangeFunctions - [23d7d058] Response 200 OK
20:29:40.121 [reactor-http-nio-15] DEBUG reactor.netty.resources.PooledConnectionProvider - [id: 0x05482a00, L:/127.0.0.1:49865 - R:localhost/127.0.0.1:8081] onStateChange(GET{uri=/getAttractions, connection=PooledConnection{channel=[id: 0x05482a00, L:/127.0.0.1:49865 - R:localhost/127.0.0.1:8081]}}, [disconnecting])
20:29:40.121 [reactor-http-nio-15] DEBUG reactor.netty.resources.PooledConnectionProvider - [id: 0x05482a00, L:/127.0.0.1:49865 - R:localhost/127.0.0.1:8081] Releasing channel
20:29:40.121 [reactor-http-nio-15] DEBUG reactor.netty.resources.PooledConnectionProvider - [id: 0x05482a00, L:/127.0.0.1:49865 - R:localhost/127.0.0.1:8081] Channel cleaned, now 42 active connections and 24 inactive connections
20:29:40.121 [reactor-http-nio-14] DEBUG reactor.netty.http.client.HttpClientOperations - [id: 0xa39718a1, L:/127.0.0.1:49900 - R:localhost/127.0.0.1:8081] Received response (auto-read:false) : [Content-Type=application/json, Transfer-Encoding=chunked, Date=Tue, 29 Jun 2021 14:59:39 GMT]
20:29:40.121 [pool-13-thread-49] DEBUG org.springframework.web.reactive.function.client.ExchangeFunctions - [11f2f346] HTTP GET http://localhost:8081/getAttractions
20:29:40.121 [reactor-http-nio-14] DEBUG reactor.netty.resources.PooledConnectionProvider - [id: 0xa39718a1, L:/127.0.0.1:49900 - R:localhost/127.0.0.1:8081] onStateChange(GET{uri=/getUserLocation?userId=1d19c6b8-444e-45df-bd65-e87a3a354850, connection=PooledConnection{channel=[id: 0xa39718a1, L:/127.0.0.1:49900 - R:localhost/127.0.0.1:8081]}}, [response_received])
20:29:40.121 [reactor-http-nio-12] DEBUG reactor.netty.channel.FluxReceive - [id: 0xc976ea3e, L:/127.0.0.1:49874 - R:localhost/127.0.0.1:8081] Subscribing inbound receiver [pending: 0, cancelled:false, inboundDone: false]
20:29:40.120 [reactor-http-nio-11] DEBUG reactor.netty.resources.PooledConnectionProvider - [id: 0xb9e4c7b3, L:/127.0.0.1:49933 - R:localhost/127.0.0.1:8081] onStateChange(GET{uri=/getUserLocation?userId=32f7f253-7f2e-49ac-8cf3-9cf70cd4d48b, connection=PooledConnection{channel=[id: 0xb9e4c7b3, L:/127.0.0.1:49933 - R:localhost/127.0.0.1:8081]}}, [disconnecting])
20:29:40.121 [reactor-http-nio-11] DEBUG reactor.netty.resources.PooledConnectionProvider - [id: 0xb9e4c7b3, L:/127.0.0.1:49933 - R:localhost/127.0.0.1:8081] Releasing channel
20:29:40.120 [reactor-http-nio-13] DEBUG reactor.netty.resources.PooledConnectionProvider - [id: 0xef273551, L:/127.0.0.1:49919 - R:localhost/127.0.0.1:8081] onStateChange(GET{uri=/getUserLocation?userId=6b700be5-6959-4433-ba50-feeab79d81ff, connection=PooledConnection{channel=[id: 0xef273551, L:/127.0.0.1:49919 - R:localhost/127.0.0.1:8081]}}, [disconnecting])
20:29:40.121 [reactor-http-nio-13] DEBUG reactor.netty.resources.PooledConnectionProvider - [id: 0xef273551, L:/127.0.0.1:49919 - R:localhost/127.0.0.1:8081] Releasing channel
20:29:40.121 [reactor-http-nio-13] DEBUG reactor.netty.resources.PooledConnectionProvider - [id: 0xef273551, L:/127.0.0.1:49919 - R:localhost/127.0.0.1:8081] Channel cleaned, now 40 active connections and 26 inactive connections
20:29:40.121 [reactor-http-nio-15] DEBUG reactor.netty.http.client.HttpClientOperations - [id: 0x8bf64842, L:/127.0.0.1:49888 - R:localhost/127.0.0.1:8081] Received response (auto-read:false) : [Content-Type=application/json, Transfer-Encoding=chunked, Date=Tue, 29 Jun 2021 14:59:39 GMT]
20:29:40.121 [reactor-http-nio-15] DEBUG reactor.netty.resources.PooledConnectionProvider - [id: 0x8bf64842, L:/127.0.0.1:49888 - R:localhost/127.0.0.1:8081] onStateChange(GET{uri=/getUserLocation?userId=f465e4dc-500f-4931-90d9-e9acad804f44, connection=PooledConnection{channel=[id: 0x8bf64842, L:/127.0.0.1:49888 - R:localhost/127.0.0.1:8081]}}, [response_received])
20:29:40.121 [reactor-http-nio-13] DEBUG reactor.netty.resources.PooledConnectionProvider - [id: 0x93eb028b, L:/127.0.0.1:49917 - R:localhost/127.0.0.1:8081] Channel acquired, now 41 active connections and 25 inactive connections
20:29:40.121 [reactor-http-nio-12] DEBUG reactor.netty.http.client.HttpClientOperations - [id: 0xc976ea3e, L:/127.0.0.1:49874 - R:localhost/127.0.0.1:8081] Received last HTTP packet
20:29:40.121 [reactor-http-nio-15] DEBUG org.springframework.web.reactive.function.client.ExchangeFunctions - [d12fdd6] Response 200 OK
20:29:40.121 [reactor-http-nio-13] DEBUG reactor.netty.http.client.HttpClientConnect - [id: 0x93eb028b, L:/127.0.0.1:49917 - R:localhost/127.0.0.1:8081] Handler is being applied: {uri=http://localhost:8081/getUserLocation?userId=9a540d36-06ad-45ab-bb7f-101b7ef4a9da, method=GET}
20:29:40.121 [reactor-http-nio-2] DEBUG org.springframework.core.codec.StringDecoder - [6d65aa5] Decoded "[{"longitude":-117.922008,"latitude":33.817595,"attractionName":"Disneyland","city":"Anaheim","stat (truncated)...
20:29:40.121 [reactor-http-nio-14] DEBUG org.springframework.web.reactive.function.client.ExchangeFunctions - [1331c4ca] Response 200 OK
20:29:40.121 [pool-13-thread-62] DEBUG org.springframework.web.reactive.function.client.ExchangeFunctions - [4a1a3bbd] HTTP GET http://localhost:8081/getAttractions
20:29:40.121 [reactor-http-nio-11] DEBUG reactor.netty.resources.PooledConnectionProvider - [id: 0xb9e4c7b3, L:/127.0.0.1:49933 - R:localhost/127.0.0.1:8081] Channel cleaned, now 41 active connections and 25 inactive connections
20:29:40.121 [reactor-http-nio-12] DEBUG org.springframework.core.codec.StringDecoder - [23d7d058] Decoded "[{"longitude":-117.922008,"latitude":33.817595,"attractionName":"Disneyland","city":"Anaheim","stat (truncated)...
20:29:40.122 [reactor-http-nio-14] DEBUG reactor.netty.channel.FluxReceive - [id: 0xa39718a1, L:/127.0.0.1:49900 - R:localhost/127.0.0.1:8081] Subscribing inbound receiver [pending: 0, cancelled:false, inboundDone: false]
20:29:40.121 [reactor-http-nio-2] DEBUG reactor.netty.resources.PooledConnectionProvider - [id: 0xbbc840e5, L:/127.0.0.1:49882 - R:localhost/127.0.0.1:8081] onStateChange(GET{uri=/getAttractions, connection=PooledConnection{channel=[id: 0xbbc840e5, L:/127.0.0.1:49882 - R:localhost/127.0.0.1:8081]}}, [disconnecting])
20:29:40.122 [reactor-http-nio-2] DEBUG reactor.netty.resources.PooledConnectionProvider - [id: 0xbbc840e5, L:/127.0.0.1:49882 - R:localhost/127.0.0.1:8081] Releasing channel
20:29:40.122 [reactor-http-nio-2] DEBUG reactor.netty.resources.PooledConnectionProvider - [id: 0xbbc840e5, L:/127.0.0.1:49882 - R:localhost/127.0.0.1:8081] Channel cleaned, now 40 active connections and 26 inactive connections
20:29:40.122 [reactor-http-nio-11] DEBUG reactor.netty.http.client.HttpClientOperations - [id: 0x952ee786, L:/127.0.0.1:49873 - R:localhost/127.0.0.1:8081] Received response (auto-read:false) : [Content-Type=application/json, Transfer-Encoding=chunked, Date=Tue, 29 Jun 2021 14:59:39 GMT]
20:29:40.122 [reactor-http-nio-11] DEBUG reactor.netty.resources.PooledConnectionProvider - [id: 0x952ee786, L:/127.0.0.1:49873 - R:localhost/127.0.0.1:8081] onStateChange(GET{uri=/getAttractions, connection=PooledConnection{channel=[id: 0x952ee786, L:/127.0.0.1:49873 - R:localhost/127.0.0.1:8081]}}, [response_received])
20:29:40.121 [reactor-http-nio-15] DEBUG reactor.netty.channel.FluxReceive - [id: 0x8bf64842, L:/127.0.0.1:49888 - R:localhost/127.0.0.1:8081] Subscribing inbound receiver [pending: 0, cancelled:false, inboundDone: false]
20:29:40.122 [reactor-http-nio-14] DEBUG reactor.netty.http.client.HttpClientOperations - [id: 0xa39718a1, L:/127.0.0.1:49900 - R:localhost/127.0.0.1:8081] Received last HTTP packet
20:29:40.122 [reactor-http-nio-2] DEBUG reactor.netty.http.client.HttpClientOperations - [id: 0x7dd6550e, L:/127.0.0.1:49925 - R:localhost/127.0.0.1:8081] Received response (auto-read:false) : [Content-Type=application/json, Transfer-Encoding=chunked, Date=Tue, 29 Jun 2021 14:59:39 GMT]
20:29:40.122 [reactor-http-nio-2] DEBUG reactor.netty.resources.PooledConnectionProvider - [id: 0x7dd6550e, L:/127.0.0.1:49925 - R:localhost/127.0.0.1:8081] onStateChange(GET{uri=/getAttractions, connection=PooledConnection{channel=[id: 0x7dd6550e, L:/127.0.0.1:49925 - R:localhost/127.0.0.1:8081]}}, [response_received])
20:29:40.122 [reactor-http-nio-15] DEBUG reactor.netty.http.client.HttpClientOperations - [id: 0x8bf64842, L:/127.0.0.1:49888 - R:localhost/127.0.0.1:8081] Received last HTTP packet
20:29:40.122 [reactor-http-nio-2] DEBUG org.springframework.web.reactive.function.client.ExchangeFunctions - [64d5bb43] Response 200 OK
20:29:40.122 [reactor-http-nio-13] DEBUG reactor.netty.resources.PooledConnectionProvider - [id: 0x93eb028b, L:/127.0.0.1:49917 - R:localhost/127.0.0.1:8081] onStateChange(GET{uri=/getUserLocation?userId=9a540d36-06ad-45ab-bb7f-101b7ef4a9da, connection=PooledConnection{channel=[id: 0x93eb028b, L:/127.0.0.1:49917 - R:localhost/127.0.0.1:8081]}}, [request_sent])
20:29:40.122 [reactor-http-nio-13] DEBUG reactor.netty.resources.PooledConnectionProvider - [id: 0x2d54eb76, L:/127.0.0.1:49912 - R:localhost/127.0.0.1:8081] Channel acquired, now 41 active connections and 25 inactive connections
20:29:40.122 [reactor-http-nio-12] DEBUG reactor.netty.resources.PooledConnectionProvider - [id: 0xc976ea3e, L:/127.0.0.1:49874 - R:localhost/127.0.0.1:8081] onStateChange(GET{uri=/getAttractions, connection=PooledConnection{channel=[id: 0xc976ea3e, L:/127.0.0.1:49874 - R:localhost/127.0.0.1:8081]}}, [disconnecting])
20:29:40.122 [reactor-http-nio-12] DEBUG reactor.netty.resources.PooledConnectionProvider - [id: 0xc976ea3e, L:/127.0.0.1:49874 - R:localhost/127.0.0.1:8081] Releasing channel
20:29:40.122 [reactor-http-nio-13] DEBUG reactor.netty.http.client.HttpClientConnect - [id: 0x2d54eb76, L:/127.0.0.1:49912 - R:localhost/127.0.0.1:8081] Handler is being applied: {uri=http://localhost:8081/getAttractions, method=GET}
20:29:40.122 [reactor-http-nio-2] DEBUG reactor.netty.channel.FluxReceive - [id: 0x7dd6550e, L:/127.0.0.1:49925 - R:localhost/127.0.0.1:8081] Subscribing inbound receiver [pending: 0, cancelled:false, inboundDone: false]
20:29:40.122 [reactor-http-nio-11] DEBUG org.springframework.web.reactive.function.client.ExchangeFunctions - [4c5bd44a] Response 200 OK
20:29:40.122 [reactor-http-nio-2] DEBUG reactor.netty.http.client.HttpClientOperations - [id: 0x7dd6550e, L:/127.0.0.1:49925 - R:localhost/127.0.0.1:8081] Received last HTTP packet
20:29:40.122 [reactor-http-nio-14] DEBUG org.springframework.core.codec.StringDecoder - [1331c4ca] Decoded "{"userId":"1d19c6b8-444e-45df-bd65-e87a3a354850","location":{"longitude":2.697249,"latitude":-59.27 (truncated)...
20:29:40.123 [reactor-http-nio-13] DEBUG reactor.netty.resources.PooledConnectionProvider - [id: 0x2d54eb76, L:/127.0.0.1:49912 - R:localhost/127.0.0.1:8081] onStateChange(GET{uri=/getAttractions, connection=PooledConnection{channel=[id: 0x2d54eb76, L:/127.0.0.1:49912 - R:localhost/127.0.0.1:8081]}}, [request_sent])
20:29:40.123 [reactor-http-nio-14] DEBUG reactor.netty.resources.PooledConnectionProvider - [id: 0xa39718a1, L:/127.0.0.1:49900 - R:localhost/127.0.0.1:8081] onStateChange(GET{uri=/getUserLocation?userId=1d19c6b8-444e-45df-bd65-e87a3a354850, connection=PooledConnection{channel=[id: 0xa39718a1, L:/127.0.0.1:49900 - R:localhost/127.0.0.1:8081]}}, [disconnecting])
20:29:40.123 [reactor-http-nio-14] DEBUG reactor.netty.resources.PooledConnectionProvider - [id: 0xa39718a1, L:/127.0.0.1:49900 - R:localhost/127.0.0.1:8081] Releasing channel
20:29:40.123 [reactor-http-nio-14] DEBUG reactor.netty.resources.PooledConnectionProvider - [id: 0xa39718a1, L:/127.0.0.1:49900 - R:localhost/127.0.0.1:8081] Channel cleaned, now 39 active connections and 27 inactive connections
20:29:40.123 [reactor-http-nio-13] DEBUG reactor.netty.http.client.HttpClientOperations - [id: 0x834a6289, L:/127.0.0.1:49920 - R:localhost/127.0.0.1:8081] Received response (auto-read:false) : [Content-Type=application/json, Transfer-Encoding=chunked, Date=Tue, 29 Jun 2021 14:59:39 GMT]
20:29:40.122 [reactor-http-nio-15] DEBUG org.springframework.core.codec.StringDecoder - [d12fdd6] Decoded "{"userId":"f465e4dc-500f-4931-90d9-e9acad804f44","location":{"longitude":-25.203524,"latitude":-12. (truncated)...
20:29:40.123 [reactor-http-nio-15] DEBUG reactor.netty.resources.PooledConnectionProvider - [id: 0x8bf64842, L:/127.0.0.1:49888 - R:localhost/127.0.0.1:8081] onStateChange(GET{uri=/getUserLocation?userId=f465e4dc-500f-4931-90d9-e9acad804f44, connection=PooledConnection{channel=[id: 0x8bf64842, L:/127.0.0.1:49888 - R:localhost/127.0.0.1:8081]}}, [disconnecting])
20:29:40.123 [reactor-http-nio-14] DEBUG reactor.netty.http.client.HttpClientOperations - [id: 0x0b723f2b, L:/127.0.0.1:49877 - R:localhost/127.0.0.1:8081] Received response (auto-read:false) : [Content-Type=application/json, Transfer-Encoding=chunked, Date=Tue, 29 Jun 2021 14:59:39 GMT]
20:29:40.122 [reactor-http-nio-12] DEBUG reactor.netty.resources.PooledConnectionProvider - [id: 0xc976ea3e, L:/127.0.0.1:49874 - R:localhost/127.0.0.1:8081] Channel cleaned, now 40 active connections and 26 inactive connections
20:29:40.123 [reactor-http-nio-2] DEBUG org.springframework.core.codec.StringDecoder - [64d5bb43] Decoded "[{"longitude":-117.922008,"latitude":33.817595,"attractionName":"Disneyland","city":"Anaheim","stat (truncated)...
20:29:40.123 [reactor-http-nio-2] DEBUG reactor.netty.resources.PooledConnectionProvider - [id: 0x7dd6550e, L:/127.0.0.1:49925 - R:localhost/127.0.0.1:8081] onStateChange(GET{uri=/getAttractions, connection=PooledConnection{channel=[id: 0x7dd6550e, L:/127.0.0.1:49925 - R:localhost/127.0.0.1:8081]}}, [disconnecting])
20:29:40.123 [reactor-http-nio-2] DEBUG reactor.netty.resources.PooledConnectionProvider - [id: 0x7dd6550e, L:/127.0.0.1:49925 - R:localhost/127.0.0.1:8081] Releasing channel
20:29:40.123 [reactor-http-nio-2] DEBUG reactor.netty.resources.PooledConnectionProvider - [id: 0x7dd6550e, L:/127.0.0.1:49925 - R:localhost/127.0.0.1:8081] Channel cleaned, now 38 active connections and 28 inactive connections
20:29:40.123 [reactor-http-nio-11] DEBUG reactor.netty.channel.FluxReceive - [id: 0x952ee786, L:/127.0.0.1:49873 - R:localhost/127.0.0.1:8081] Subscribing inbound receiver [pending: 0, cancelled:false, inboundDone: false]
20:29:40.123 [reactor-http-nio-13] DEBUG reactor.netty.resources.PooledConnectionProvider - [id: 0x834a6289, L:/127.0.0.1:49920 - R:localhost/127.0.0.1:8081] onStateChange(GET{uri=/getUserLocation?userId=50aab37f-f04c-48e7-8c2a-392c752c1190, connection=PooledConnection{channel=[id: 0x834a6289, L:/127.0.0.1:49920 - R:localhost/127.0.0.1:8081]}}, [response_received])
20:29:40.123 [reactor-http-nio-15] DEBUG reactor.netty.resources.PooledConnectionProvider - [id: 0x8bf64842, L:/127.0.0.1:49888 - R:localhost/127.0.0.1:8081] Releasing channel
20:29:40.123 [reactor-http-nio-13] DEBUG org.springframework.web.reactive.function.client.ExchangeFunctions - [6cb17f21] Response 200 OK
20:29:40.123 [reactor-http-nio-14] DEBUG reactor.netty.resources.PooledConnectionProvider - [id: 0x0b723f2b, L:/127.0.0.1:49877 - R:localhost/127.0.0.1:8081] onStateChange(GET{uri=/getAttractions, connection=PooledConnection{channel=[id: 0x0b723f2b, L:/127.0.0.1:49877 - R:localhost/127.0.0.1:8081]}}, [response_received])
20:29:40.123 [reactor-http-nio-11] DEBUG reactor.netty.http.client.HttpClientOperations - [id: 0x952ee786, L:/127.0.0.1:49873 - R:localhost/127.0.0.1:8081] Received last HTTP packet
20:29:40.123 [reactor-http-nio-14] DEBUG org.springframework.web.reactive.function.client.ExchangeFunctions - [3d206c6b] Response 200 OK
20:29:40.124 [reactor-http-nio-13] DEBUG reactor.netty.channel.FluxReceive - [id: 0x834a6289, L:/127.0.0.1:49920 - R:localhost/127.0.0.1:8081] Subscribing inbound receiver [pending: 0, cancelled:false, inboundDone: false]
20:29:40.124 [reactor-http-nio-11] DEBUG org.springframework.core.codec.StringDecoder - [4c5bd44a] Decoded "[{"longitude":-117.922008,"latitude":33.817595,"attractionName":"Disneyland","city":"Anaheim","stat (truncated)...
20:29:40.124 [reactor-http-nio-13] DEBUG reactor.netty.http.client.HttpClientOperations - [id: 0x834a6289, L:/127.0.0.1:49920 - R:localhost/127.0.0.1:8081] Received last HTTP packet
20:29:40.123 [reactor-http-nio-15] DEBUG reactor.netty.resources.PooledConnectionProvider - [id: 0x8bf64842, L:/127.0.0.1:49888 - R:localhost/127.0.0.1:8081] Channel cleaned, now 37 active connections and 29 inactive connections
20:29:40.124 [reactor-http-nio-13] DEBUG org.springframework.core.codec.StringDecoder - [6cb17f21] Decoded "{"userId":"50aab37f-f04c-48e7-8c2a-392c752c1190","location":{"longitude":168.137603,"latitude":-64. (truncated)...
20:29:40.124 [reactor-http-nio-14] DEBUG reactor.netty.channel.FluxReceive - [id: 0x0b723f2b, L:/127.0.0.1:49877 - R:localhost/127.0.0.1:8081] Subscribing inbound receiver [pending: 0, cancelled:false, inboundDone: false]
20:29:40.124 [reactor-http-nio-13] DEBUG reactor.netty.resources.PooledConnectionProvider - [id: 0x834a6289, L:/127.0.0.1:49920 - R:localhost/127.0.0.1:8081] onStateChange(GET{uri=/getUserLocation?userId=50aab37f-f04c-48e7-8c2a-392c752c1190, connection=PooledConnection{channel=[id: 0x834a6289, L:/127.0.0.1:49920 - R:localhost/127.0.0.1:8081]}}, [disconnecting])
20:29:40.124 [reactor-http-nio-13] DEBUG reactor.netty.resources.PooledConnectionProvider - [id: 0x834a6289, L:/127.0.0.1:49920 - R:localhost/127.0.0.1:8081] Releasing channel
20:29:40.124 [reactor-http-nio-14] DEBUG reactor.netty.http.client.HttpClientOperations - [id: 0x0b723f2b, L:/127.0.0.1:49877 - R:localhost/127.0.0.1:8081] Received last HTTP packet
20:29:40.124 [pool-13-thread-5] DEBUG org.springframework.web.reactive.function.client.ExchangeFunctions - [563348c8] HTTP GET http://localhost:8081/getAttractions
20:29:40.124 [pool-13-thread-6] DEBUG org.springframework.web.reactive.function.client.ExchangeFunctions - [48106210] HTTP GET http://localhost:8081/getAttractions
20:29:40.124 [reactor-http-nio-11] DEBUG reactor.netty.resources.PooledConnectionProvider - [id: 0x952ee786, L:/127.0.0.1:49873 - R:localhost/127.0.0.1:8081] onStateChange(GET{uri=/getAttractions, connection=PooledConnection{channel=[id: 0x952ee786, L:/127.0.0.1:49873 - R:localhost/127.0.0.1:8081]}}, [disconnecting])
20:29:40.124 [reactor-http-nio-11] DEBUG reactor.netty.resources.PooledConnectionProvider - [id: 0x952ee786, L:/127.0.0.1:49873 - R:localhost/127.0.0.1:8081] Releasing channel
20:29:40.124 [reactor-http-nio-14] DEBUG org.springframework.core.codec.StringDecoder - [3d206c6b] Decoded "[{"longitude":-117.922008,"latitude":33.817595,"attractionName":"Disneyland","city":"Anaheim","stat (truncated)...
20:29:40.124 [reactor-http-nio-11] DEBUG reactor.netty.resources.PooledConnectionProvider - [id: 0x952ee786, L:/127.0.0.1:49873 - R:localhost/127.0.0.1:8081] Channel cleaned, now 36 active connections and 30 inactive connections
20:29:40.124 [reactor-http-nio-10] DEBUG reactor.netty.resources.PooledConnectionProvider - [id: 0x415a9863, L:/127.0.0.1:49906 - R:localhost/127.0.0.1:8081] Channel acquired, now 37 active connections and 29 inactive connections
20:29:40.124 [reactor-http-nio-10] DEBUG reactor.netty.http.client.HttpClientConnect - [id: 0x415a9863, L:/127.0.0.1:49906 - R:localhost/127.0.0.1:8081] Handler is being applied: {uri=http://localhost:8081/getAttractions, method=GET}
20:29:40.124 [reactor-http-nio-15] DEBUG reactor.netty.resources.PooledConnectionProvider - [id: 0x6124bcfa, L:/127.0.0.1:49886 - R:localhost/127.0.0.1:8081] Channel acquired, now 38 active connections and 28 inactive connections
20:29:40.124 [reactor-http-nio-15] DEBUG reactor.netty.http.client.HttpClientConnect - [id: 0x6124bcfa, L:/127.0.0.1:49886 - R:localhost/127.0.0.1:8081] Handler is being applied: {uri=http://localhost:8081/getAttractions, method=GET}
20:29:40.124 [reactor-http-nio-13] DEBUG reactor.netty.resources.PooledConnectionProvider - [id: 0x834a6289, L:/127.0.0.1:49920 - R:localhost/127.0.0.1:8081] Channel cleaned, now 37 active connections and 29 inactive connections
20:29:40.124 [reactor-http-nio-14] DEBUG reactor.netty.resources.PooledConnectionProvider - [id: 0x0b723f2b, L:/127.0.0.1:49877 - R:localhost/127.0.0.1:8081] onStateChange(GET{uri=/getAttractions, connection=PooledConnection{channel=[id: 0x0b723f2b, L:/127.0.0.1:49877 - R:localhost/127.0.0.1:8081]}}, [disconnecting])
20:29:40.125 [reactor-http-nio-14] DEBUG reactor.netty.resources.PooledConnectionProvider - [id: 0x0b723f2b, L:/127.0.0.1:49877 - R:localhost/127.0.0.1:8081] Releasing channel
20:29:40.125 [reactor-http-nio-14] DEBUG reactor.netty.resources.PooledConnectionProvider - [id: 0x0b723f2b, L:/127.0.0.1:49877 - R:localhost/127.0.0.1:8081] Channel cleaned, now 38 active connections and 28 inactive connections
20:29:40.125 [reactor-http-nio-10] DEBUG reactor.netty.resources.PooledConnectionProvider - [id: 0x415a9863, L:/127.0.0.1:49906 - R:localhost/127.0.0.1:8081] onStateChange(GET{uri=/getAttractions, connection=PooledConnection{channel=[id: 0x415a9863, L:/127.0.0.1:49906 - R:localhost/127.0.0.1:8081]}}, [request_sent])
20:29:40.125 [reactor-http-nio-15] DEBUG reactor.netty.resources.PooledConnectionProvider - [id: 0x6124bcfa, L:/127.0.0.1:49886 - R:localhost/127.0.0.1:8081] onStateChange(GET{uri=/getAttractions, connection=PooledConnection{channel=[id: 0x6124bcfa, L:/127.0.0.1:49886 - R:localhost/127.0.0.1:8081]}}, [request_sent])
20:29:40.124 [reactor-http-nio-11] DEBUG reactor.netty.resources.PooledConnectionProvider - [id: 0xd4c90cec, L:/127.0.0.1:49883 - R:localhost/127.0.0.1:8081] Channel acquired, now 38 active connections and 28 inactive connections
20:29:40.125 [reactor-http-nio-15] DEBUG reactor.netty.resources.PooledConnectionProvider - [id: 0x5e54db3b, L:/127.0.0.1:49903 - R:localhost/127.0.0.1:8081] Channel acquired, now 39 active connections and 27 inactive connections
20:29:40.125 [reactor-http-nio-11] DEBUG reactor.netty.http.client.HttpClientConnect - [id: 0xd4c90cec, L:/127.0.0.1:49883 - R:localhost/127.0.0.1:8081] Handler is being applied: {uri=http://localhost:8081/getUserLocation?userId=b2a16c8c-5c6e-417f-99df-70de86c4b2c1, method=GET}
20:29:40.124 [reactor-http-nio-2] DEBUG reactor.netty.resources.PooledConnectionProvider - [id: 0x5d20b19f, L:/127.0.0.1:49926 - R:localhost/127.0.0.1:8081] Channel acquired, now 39 active connections and 27 inactive connections
20:29:40.125 [reactor-http-nio-13] DEBUG reactor.netty.http.client.HttpClientOperations - [id: 0x3d1cc9c3, L:/127.0.0.1:49878 - R:localhost/127.0.0.1:8081] Received response (auto-read:false) : [Content-Type=application/json, Transfer-Encoding=chunked, Date=Tue, 29 Jun 2021 14:59:39 GMT]
20:29:40.125 [reactor-http-nio-13] DEBUG reactor.netty.resources.PooledConnectionProvider - [id: 0x3d1cc9c3, L:/127.0.0.1:49878 - R:localhost/127.0.0.1:8081] onStateChange(GET{uri=/getAttractions, connection=PooledConnection{channel=[id: 0x3d1cc9c3, L:/127.0.0.1:49878 - R:localhost/127.0.0.1:8081]}}, [response_received])
20:29:40.125 [reactor-http-nio-15] DEBUG reactor.netty.http.client.HttpClientConnect - [id: 0x5e54db3b, L:/127.0.0.1:49903 - R:localhost/127.0.0.1:8081] Handler is being applied: {uri=http://localhost:8081/getAttractions, method=GET}
20:29:40.125 [reactor-http-nio-2] DEBUG reactor.netty.http.client.HttpClientConnect - [id: 0x5d20b19f, L:/127.0.0.1:49926 - R:localhost/127.0.0.1:8081] Handler is being applied: {uri=http://localhost:8081/getAttractions, method=GET}
20:29:40.125 [pool-13-thread-24] DEBUG org.springframework.web.reactive.function.client.ExchangeFunctions - [29b3ecd3] HTTP GET http://localhost:8081/getAttractions
20:29:40.125 [reactor-http-nio-11] DEBUG reactor.netty.resources.PooledConnectionProvider - [id: 0xd4c90cec, L:/127.0.0.1:49883 - R:localhost/127.0.0.1:8081] onStateChange(GET{uri=/getUserLocation?userId=b2a16c8c-5c6e-417f-99df-70de86c4b2c1, connection=PooledConnection{channel=[id: 0xd4c90cec, L:/127.0.0.1:49883 - R:localhost/127.0.0.1:8081]}}, [request_sent])
20:29:40.125 [reactor-http-nio-13] DEBUG org.springframework.web.reactive.function.client.ExchangeFunctions - [4b30772e] Response 200 OK
20:29:40.125 [reactor-http-nio-11] DEBUG reactor.netty.resources.PooledConnectionProvider - [id: 0x70ea745d, L:/127.0.0.1:49931 - R:localhost/127.0.0.1:8081] Channel acquired, now 40 active connections and 26 inactive connections
20:29:40.125 [reactor-http-nio-11] DEBUG reactor.netty.http.client.HttpClientConnect - [id: 0x70ea745d, L:/127.0.0.1:49931 - R:localhost/127.0.0.1:8081] Handler is being applied: {uri=http://localhost:8081/getAttractions, method=GET}
20:29:40.125 [reactor-http-nio-2] DEBUG reactor.netty.resources.PooledConnectionProvider - [id: 0x5d20b19f, L:/127.0.0.1:49926 - R:localhost/127.0.0.1:8081] onStateChange(GET{uri=/getAttractions, connection=PooledConnection{channel=[id: 0x5d20b19f, L:/127.0.0.1:49926 - R:localhost/127.0.0.1:8081]}}, [request_sent])
20:29:40.125 [reactor-http-nio-15] DEBUG reactor.netty.resources.PooledConnectionProvider - [id: 0x5e54db3b, L:/127.0.0.1:49903 - R:localhost/127.0.0.1:8081] onStateChange(GET{uri=/getAttractions, connection=PooledConnection{channel=[id: 0x5e54db3b, L:/127.0.0.1:49903 - R:localhost/127.0.0.1:8081]}}, [request_sent])
20:29:40.126 [reactor-http-nio-15] DEBUG reactor.netty.resources.PooledConnectionProvider - [id: 0x822a7f8c, L:/127.0.0.1:49898 - R:localhost/127.0.0.1:8081] Channel acquired, now 41 active connections and 25 inactive connections
20:29:40.126 [reactor-http-nio-13] DEBUG reactor.netty.channel.FluxReceive - [id: 0x3d1cc9c3, L:/127.0.0.1:49878 - R:localhost/127.0.0.1:8081] Subscribing inbound receiver [pending: 0, cancelled:false, inboundDone: false]
20:29:40.126 [reactor-http-nio-15] DEBUG reactor.netty.http.client.HttpClientConnect - [id: 0x822a7f8c, L:/127.0.0.1:49898 - R:localhost/127.0.0.1:8081] Handler is being applied: {uri=http://localhost:8081/getUserLocation?userId=da1c8374-e376-4ab4-b7b2-200d554037b8, method=GET}
20:29:40.126 [reactor-http-nio-11] DEBUG reactor.netty.resources.PooledConnectionProvider - [id: 0x70ea745d, L:/127.0.0.1:49931 - R:localhost/127.0.0.1:8081] onStateChange(GET{uri=/getAttractions, connection=PooledConnection{channel=[id: 0x70ea745d, L:/127.0.0.1:49931 - R:localhost/127.0.0.1:8081]}}, [request_sent])
20:29:40.126 [reactor-http-nio-13] DEBUG reactor.netty.http.client.HttpClientOperations - [id: 0x3d1cc9c3, L:/127.0.0.1:49878 - R:localhost/127.0.0.1:8081] Received last HTTP packet
20:29:40.126 [reactor-http-nio-2] DEBUG reactor.netty.resources.PooledConnectionProvider - [id: 0xf696f9f2, L:/127.0.0.1:49929 - R:localhost/127.0.0.1:8081] Channel acquired, now 42 active connections and 24 inactive connections
20:29:40.126 [reactor-http-nio-16] DEBUG reactor.netty.resources.PooledConnectionProvider - [id: 0xca5097d1, L:/127.0.0.1:49901 - R:localhost/127.0.0.1:8081] Channel acquired, now 43 active connections and 23 inactive connections
20:29:40.126 [reactor-http-nio-16] DEBUG reactor.netty.http.client.HttpClientConnect - [id: 0xca5097d1, L:/127.0.0.1:49901 - R:localhost/127.0.0.1:8081] Handler is being applied: {uri=http://localhost:8081/getAttractions, method=GET}
20:29:40.126 [reactor-http-nio-15] DEBUG reactor.netty.resources.PooledConnectionProvider - [id: 0x822a7f8c, L:/127.0.0.1:49898 - R:localhost/127.0.0.1:8081] onStateChange(GET{uri=/getUserLocation?userId=da1c8374-e376-4ab4-b7b2-200d554037b8, connection=PooledConnection{channel=[id: 0x822a7f8c, L:/127.0.0.1:49898 - R:localhost/127.0.0.1:8081]}}, [request_sent])
20:29:40.126 [reactor-http-nio-2] DEBUG reactor.netty.http.client.HttpClientConnect - [id: 0xf696f9f2, L:/127.0.0.1:49929 - R:localhost/127.0.0.1:8081] Handler is being applied: {uri=http://localhost:8081/getAttractions, method=GET}
20:29:40.126 [reactor-http-nio-15] DEBUG reactor.netty.http.client.HttpClientOperations - [id: 0xdfea8ccc, L:/127.0.0.1:49892 - R:localhost/127.0.0.1:8081] Received response (auto-read:false) : [Content-Type=application/json, Transfer-Encoding=chunked, Date=Tue, 29 Jun 2021 14:59:39 GMT]
20:29:40.126 [reactor-http-nio-15] DEBUG reactor.netty.resources.PooledConnectionProvider - [id: 0xdfea8ccc, L:/127.0.0.1:49892 - R:localhost/127.0.0.1:8081] onStateChange(GET{uri=/getAttractions, connection=PooledConnection{channel=[id: 0xdfea8ccc, L:/127.0.0.1:49892 - R:localhost/127.0.0.1:8081]}}, [response_received])
20:29:40.126 [reactor-http-nio-15] DEBUG org.springframework.web.reactive.function.client.ExchangeFunctions - [159465cc] Response 200 OK
20:29:40.126 [reactor-http-nio-2] DEBUG reactor.netty.resources.PooledConnectionProvider - [id: 0xf696f9f2, L:/127.0.0.1:49929 - R:localhost/127.0.0.1:8081] onStateChange(GET{uri=/getAttractions, connection=PooledConnection{channel=[id: 0xf696f9f2, L:/127.0.0.1:49929 - R:localhost/127.0.0.1:8081]}}, [request_sent])
20:29:40.126 [reactor-http-nio-16] DEBUG reactor.netty.resources.PooledConnectionProvider - [id: 0xca5097d1, L:/127.0.0.1:49901 - R:localhost/127.0.0.1:8081] onStateChange(GET{uri=/getAttractions, connection=PooledConnection{channel=[id: 0xca5097d1, L:/127.0.0.1:49901 - R:localhost/127.0.0.1:8081]}}, [request_sent])
20:29:40.126 [reactor-http-nio-11] DEBUG reactor.netty.resources.PooledConnectionProvider - [id: 0x444af37b, L:/127.0.0.1:49923 - R:localhost/127.0.0.1:8081] Channel acquired, now 44 active connections and 22 inactive connections
20:29:40.126 [reactor-http-nio-16] DEBUG reactor.netty.resources.PooledConnectionProvider - [id: 0xd94b0585, L:/127.0.0.1:49927 - R:localhost/127.0.0.1:8081] Channel acquired, now 45 active connections and 21 inactive connections
20:29:40.126 [reactor-http-nio-16] DEBUG reactor.netty.http.client.HttpClientConnect - [id: 0xd94b0585, L:/127.0.0.1:49927 - R:localhost/127.0.0.1:8081] Handler is being applied: {uri=http://localhost:8081/getAttractions, method=GET}
20:29:40.126 [reactor-http-nio-11] DEBUG reactor.netty.http.client.HttpClientConnect - [id: 0x444af37b, L:/127.0.0.1:49923 - R:localhost/127.0.0.1:8081] Handler is being applied: {uri=http://localhost:8081/getAttractions, method=GET}
20:29:40.126 [reactor-http-nio-13] DEBUG org.springframework.core.codec.StringDecoder - [4b30772e] Decoded "[{"longitude":-117.922008,"latitude":33.817595,"attractionName":"Disneyland","city":"Anaheim","stat (truncated)...
20:29:40.127 [reactor-http-nio-15] DEBUG reactor.netty.channel.FluxReceive - [id: 0xdfea8ccc, L:/127.0.0.1:49892 - R:localhost/127.0.0.1:8081] Subscribing inbound receiver [pending: 0, cancelled:false, inboundDone: false]
20:29:40.127 [reactor-http-nio-13] DEBUG reactor.netty.resources.PooledConnectionProvider - [id: 0x3d1cc9c3, L:/127.0.0.1:49878 - R:localhost/127.0.0.1:8081] onStateChange(GET{uri=/getAttractions, connection=PooledConnection{channel=[id: 0x3d1cc9c3, L:/127.0.0.1:49878 - R:localhost/127.0.0.1:8081]}}, [disconnecting])
20:29:40.127 [reactor-http-nio-13] DEBUG reactor.netty.resources.PooledConnectionProvider - [id: 0x3d1cc9c3, L:/127.0.0.1:49878 - R:localhost/127.0.0.1:8081] Releasing channel
20:29:40.127 [reactor-http-nio-13] DEBUG reactor.netty.resources.PooledConnectionProvider - [id: 0x3d1cc9c3, L:/127.0.0.1:49878 - R:localhost/127.0.0.1:8081] Channel cleaned, now 44 active connections and 22 inactive connections
20:29:40.127 [reactor-http-nio-16] DEBUG reactor.netty.resources.PooledConnectionProvider - [id: 0xd94b0585, L:/127.0.0.1:49927 - R:localhost/127.0.0.1:8081] onStateChange(GET{uri=/getAttractions, connection=PooledConnection{channel=[id: 0xd94b0585, L:/127.0.0.1:49927 - R:localhost/127.0.0.1:8081]}}, [request_sent])
20:29:40.127 [reactor-http-nio-11] DEBUG reactor.netty.resources.PooledConnectionProvider - [id: 0x444af37b, L:/127.0.0.1:49923 - R:localhost/127.0.0.1:8081] onStateChange(GET{uri=/getAttractions, connection=PooledConnection{channel=[id: 0x444af37b, L:/127.0.0.1:49923 - R:localhost/127.0.0.1:8081]}}, [request_sent])
20:29:40.127 [reactor-http-nio-11] DEBUG reactor.netty.resources.PooledConnectionProvider - [id: 0xf98e8509, L:/127.0.0.1:49922 - R:localhost/127.0.0.1:8081] Channel acquired, now 45 active connections and 21 inactive connections
20:29:40.127 [reactor-http-nio-13] DEBUG reactor.netty.http.client.HttpClientOperations - [id: 0x4b9adda7, L:/127.0.0.1:49909 - R:localhost/127.0.0.1:8081] Received response (auto-read:false) : [Content-Type=application/json, Transfer-Encoding=chunked, Date=Tue, 29 Jun 2021 14:59:39 GMT]
20:29:40.127 [reactor-http-nio-13] DEBUG reactor.netty.resources.PooledConnectionProvider - [id: 0x4b9adda7, L:/127.0.0.1:49909 - R:localhost/127.0.0.1:8081] onStateChange(GET{uri=/getAttractions, connection=PooledConnection{channel=[id: 0x4b9adda7, L:/127.0.0.1:49909 - R:localhost/127.0.0.1:8081]}}, [response_received])
20:29:40.127 [reactor-http-nio-11] DEBUG reactor.netty.http.client.HttpClientConnect - [id: 0xf98e8509, L:/127.0.0.1:49922 - R:localhost/127.0.0.1:8081] Handler is being applied: {uri=http://localhost:8081/getAttractions, method=GET}
20:29:40.127 [reactor-http-nio-15] DEBUG reactor.netty.http.client.HttpClientOperations - [id: 0xdfea8ccc, L:/127.0.0.1:49892 - R:localhost/127.0.0.1:8081] Received last HTTP packet
20:29:40.127 [reactor-http-nio-13] DEBUG org.springframework.web.reactive.function.client.ExchangeFunctions - [54ee7e47] Response 200 OK
20:29:40.127 [reactor-http-nio-16] DEBUG reactor.netty.http.client.HttpClientOperations - [id: 0x1eb86fc9, L:/127.0.0.1:49891 - R:localhost/127.0.0.1:8081] Received response (auto-read:false) : [Content-Type=application/json, Transfer-Encoding=chunked, Date=Tue, 29 Jun 2021 14:59:39 GMT]
20:29:40.127 [reactor-http-nio-16] DEBUG reactor.netty.resources.PooledConnectionProvider - [id: 0x1eb86fc9, L:/127.0.0.1:49891 - R:localhost/127.0.0.1:8081] onStateChange(GET{uri=/getAttractions, connection=PooledConnection{channel=[id: 0x1eb86fc9, L:/127.0.0.1:49891 - R:localhost/127.0.0.1:8081]}}, [response_received])
20:29:40.127 [reactor-http-nio-16] DEBUG org.springframework.web.reactive.function.client.ExchangeFunctions - [1f0ab439] Response 200 OK
20:29:40.127 [reactor-http-nio-15] DEBUG org.springframework.core.codec.StringDecoder - [159465cc] Decoded "[{"longitude":-117.922008,"latitude":33.817595,"attractionName":"Disneyland","city":"Anaheim","stat (truncated)...
20:29:40.127 [reactor-http-nio-15] DEBUG reactor.netty.resources.PooledConnectionProvider - [id: 0xdfea8ccc, L:/127.0.0.1:49892 - R:localhost/127.0.0.1:8081] onStateChange(GET{uri=/getAttractions, connection=PooledConnection{channel=[id: 0xdfea8ccc, L:/127.0.0.1:49892 - R:localhost/127.0.0.1:8081]}}, [disconnecting])
20:29:40.127 [reactor-http-nio-15] DEBUG reactor.netty.resources.PooledConnectionProvider - [id: 0xdfea8ccc, L:/127.0.0.1:49892 - R:localhost/127.0.0.1:8081] Releasing channel
20:29:40.127 [reactor-http-nio-15] DEBUG reactor.netty.resources.PooledConnectionProvider - [id: 0xdfea8ccc, L:/127.0.0.1:49892 - R:localhost/127.0.0.1:8081] Channel cleaned, now 44 active connections and 22 inactive connections
20:29:40.127 [reactor-http-nio-13] DEBUG reactor.netty.channel.FluxReceive - [id: 0x4b9adda7, L:/127.0.0.1:49909 - R:localhost/127.0.0.1:8081] Subscribing inbound receiver [pending: 0, cancelled:false, inboundDone: false]
20:29:40.127 [reactor-http-nio-16] DEBUG reactor.netty.channel.FluxReceive - [id: 0x1eb86fc9, L:/127.0.0.1:49891 - R:localhost/127.0.0.1:8081] Subscribing inbound receiver [pending: 0, cancelled:false, inboundDone: false]
20:29:40.128 [reactor-http-nio-13] DEBUG reactor.netty.http.client.HttpClientOperations - [id: 0x4b9adda7, L:/127.0.0.1:49909 - R:localhost/127.0.0.1:8081] Received last HTTP packet
20:29:40.128 [reactor-http-nio-11] DEBUG reactor.netty.resources.PooledConnectionProvider - [id: 0xf98e8509, L:/127.0.0.1:49922 - R:localhost/127.0.0.1:8081] onStateChange(GET{uri=/getAttractions, connection=PooledConnection{channel=[id: 0xf98e8509, L:/127.0.0.1:49922 - R:localhost/127.0.0.1:8081]}}, [request_sent])
20:29:40.128 [reactor-http-nio-16] DEBUG reactor.netty.http.client.HttpClientOperations - [id: 0x1eb86fc9, L:/127.0.0.1:49891 - R:localhost/127.0.0.1:8081] Received last HTTP packet
20:29:40.128 [reactor-http-nio-2] DEBUG reactor.netty.http.client.HttpClientOperations - [id: 0x549de069, L:/127.0.0.1:49916 - R:localhost/127.0.0.1:8081] Received response (auto-read:false) : [Content-Type=application/json, Transfer-Encoding=chunked, Date=Tue, 29 Jun 2021 14:59:39 GMT]
20:29:40.128 [reactor-http-nio-2] DEBUG reactor.netty.resources.PooledConnectionProvider - [id: 0x549de069, L:/127.0.0.1:49916 - R:localhost/127.0.0.1:8081] onStateChange(GET{uri=/getAttractions, connection=PooledConnection{channel=[id: 0x549de069, L:/127.0.0.1:49916 - R:localhost/127.0.0.1:8081]}}, [response_received])
20:29:40.128 [reactor-http-nio-2] DEBUG org.springframework.web.reactive.function.client.ExchangeFunctions - [192e22ed] Response 200 OK
20:29:40.128 [reactor-http-nio-2] DEBUG reactor.netty.channel.FluxReceive - [id: 0x549de069, L:/127.0.0.1:49916 - R:localhost/127.0.0.1:8081] Subscribing inbound receiver [pending: 0, cancelled:false, inboundDone: false]
20:29:40.128 [reactor-http-nio-16] DEBUG org.springframework.core.codec.StringDecoder - [1f0ab439] Decoded "[{"longitude":-117.922008,"latitude":33.817595,"attractionName":"Disneyland","city":"Anaheim","stat (truncated)...
20:29:40.128 [reactor-http-nio-13] DEBUG org.springframework.core.codec.StringDecoder - [54ee7e47] Decoded "[{"longitude":-117.922008,"latitude":33.817595,"attractionName":"Disneyland","city":"Anaheim","stat (truncated)...
20:29:40.128 [reactor-http-nio-16] DEBUG reactor.netty.resources.PooledConnectionProvider - [id: 0x1eb86fc9, L:/127.0.0.1:49891 - R:localhost/127.0.0.1:8081] onStateChange(GET{uri=/getAttractions, connection=PooledConnection{channel=[id: 0x1eb86fc9, L:/127.0.0.1:49891 - R:localhost/127.0.0.1:8081]}}, [disconnecting])
20:29:40.128 [reactor-http-nio-16] DEBUG reactor.netty.resources.PooledConnectionProvider - [id: 0x1eb86fc9, L:/127.0.0.1:49891 - R:localhost/127.0.0.1:8081] Releasing channel
20:29:40.128 [reactor-http-nio-13] DEBUG reactor.netty.resources.PooledConnectionProvider - [id: 0x4b9adda7, L:/127.0.0.1:49909 - R:localhost/127.0.0.1:8081] onStateChange(GET{uri=/getAttractions, connection=PooledConnection{channel=[id: 0x4b9adda7, L:/127.0.0.1:49909 - R:localhost/127.0.0.1:8081]}}, [disconnecting])
20:29:40.128 [reactor-http-nio-13] DEBUG reactor.netty.resources.PooledConnectionProvider - [id: 0x4b9adda7, L:/127.0.0.1:49909 - R:localhost/127.0.0.1:8081] Releasing channel
20:29:40.128 [reactor-http-nio-13] DEBUG reactor.netty.resources.PooledConnectionProvider - [id: 0x4b9adda7, L:/127.0.0.1:49909 - R:localhost/127.0.0.1:8081] Channel cleaned, now 42 active connections and 24 inactive connections
20:29:40.128 [reactor-http-nio-2] DEBUG reactor.netty.http.client.HttpClientOperations - [id: 0x549de069, L:/127.0.0.1:49916 - R:localhost/127.0.0.1:8081] Received last HTTP packet
20:29:40.128 [reactor-http-nio-11] DEBUG reactor.netty.http.client.HttpClientOperations - [id: 0x5557723c, L:/127.0.0.1:49932 - R:localhost/127.0.0.1:8081] Received response (auto-read:false) : [Content-Type=application/json, Transfer-Encoding=chunked, Date=Tue, 29 Jun 2021 14:59:39 GMT]
20:29:40.128 [reactor-http-nio-16] DEBUG reactor.netty.resources.PooledConnectionProvider - [id: 0x1eb86fc9, L:/127.0.0.1:49891 - R:localhost/127.0.0.1:8081] Channel cleaned, now 43 active connections and 23 inactive connections
20:29:40.129 [reactor-http-nio-11] DEBUG reactor.netty.resources.PooledConnectionProvider - [id: 0x5557723c, L:/127.0.0.1:49932 - R:localhost/127.0.0.1:8081] onStateChange(GET{uri=/getUserLocation?userId=7087ff16-7a54-4942-9fb6-83bd0c2ddf4c, connection=PooledConnection{channel=[id: 0x5557723c, L:/127.0.0.1:49932 - R:localhost/127.0.0.1:8081]}}, [response_received])
20:29:40.129 [reactor-http-nio-11] DEBUG org.springframework.web.reactive.function.client.ExchangeFunctions - [18e618ae] Response 200 OK
20:29:40.129 [reactor-http-nio-11] DEBUG reactor.netty.channel.FluxReceive - [id: 0x5557723c, L:/127.0.0.1:49932 - R:localhost/127.0.0.1:8081] Subscribing inbound receiver [pending: 0, cancelled:false, inboundDone: false]
20:29:40.129 [reactor-http-nio-11] DEBUG reactor.netty.http.client.HttpClientOperations - [id: 0x5557723c, L:/127.0.0.1:49932 - R:localhost/127.0.0.1:8081] Received last HTTP packet
20:29:40.129 [reactor-http-nio-11] DEBUG org.springframework.core.codec.StringDecoder - [18e618ae] Decoded "{"userId":"7087ff16-7a54-4942-9fb6-83bd0c2ddf4c","location":{"longitude":148.81255,"latitude":-56.9 (truncated)...
20:29:40.129 [reactor-http-nio-11] DEBUG reactor.netty.resources.PooledConnectionProvider - [id: 0x5557723c, L:/127.0.0.1:49932 - R:localhost/127.0.0.1:8081] onStateChange(GET{uri=/getUserLocation?userId=7087ff16-7a54-4942-9fb6-83bd0c2ddf4c, connection=PooledConnection{channel=[id: 0x5557723c, L:/127.0.0.1:49932 - R:localhost/127.0.0.1:8081]}}, [disconnecting])
20:29:40.129 [reactor-http-nio-11] DEBUG reactor.netty.resources.PooledConnectionProvider - [id: 0x5557723c, L:/127.0.0.1:49932 - R:localhost/127.0.0.1:8081] Releasing channel
20:29:40.130 [reactor-http-nio-11] DEBUG reactor.netty.resources.PooledConnectionProvider - [id: 0x5557723c, L:/127.0.0.1:49932 - R:localhost/127.0.0.1:8081] Channel cleaned, now 41 active connections and 25 inactive connections
20:29:40.129 [reactor-http-nio-2] DEBUG org.springframework.core.codec.StringDecoder - [192e22ed] Decoded "[{"longitude":-117.922008,"latitude":33.817595,"attractionName":"Disneyland","city":"Anaheim","stat (truncated)...
20:29:40.130 [reactor-http-nio-2] DEBUG reactor.netty.resources.PooledConnectionProvider - [id: 0x549de069, L:/127.0.0.1:49916 - R:localhost/127.0.0.1:8081] onStateChange(GET{uri=/getAttractions, connection=PooledConnection{channel=[id: 0x549de069, L:/127.0.0.1:49916 - R:localhost/127.0.0.1:8081]}}, [disconnecting])
20:29:40.130 [reactor-http-nio-2] DEBUG reactor.netty.resources.PooledConnectionProvider - [id: 0x549de069, L:/127.0.0.1:49916 - R:localhost/127.0.0.1:8081] Releasing channel
20:29:40.130 [reactor-http-nio-2] DEBUG reactor.netty.resources.PooledConnectionProvider - [id: 0x549de069, L:/127.0.0.1:49916 - R:localhost/127.0.0.1:8081] Channel cleaned, now 40 active connections and 26 inactive connections
20:29:40.131 [reactor-http-nio-13] DEBUG reactor.netty.http.client.HttpClientOperations - [id: 0x3ab95760, L:/127.0.0.1:49913 - R:localhost/127.0.0.1:8081] Received response (auto-read:false) : [Content-Type=application/json, Transfer-Encoding=chunked, Date=Tue, 29 Jun 2021 14:59:39 GMT]
20:29:40.131 [reactor-http-nio-13] DEBUG reactor.netty.resources.PooledConnectionProvider - [id: 0x3ab95760, L:/127.0.0.1:49913 - R:localhost/127.0.0.1:8081] onStateChange(GET{uri=/getUserLocation?userId=6ec11af8-75a3-4092-9e75-31e4d60b51be, connection=PooledConnection{channel=[id: 0x3ab95760, L:/127.0.0.1:49913 - R:localhost/127.0.0.1:8081]}}, [response_received])
20:29:40.131 [reactor-http-nio-13] DEBUG org.springframework.web.reactive.function.client.ExchangeFunctions - [5cfae633] Response 200 OK
20:29:40.131 [pool-13-thread-36] DEBUG org.springframework.web.reactive.function.client.ExchangeFunctions - [5de485d6] HTTP GET http://localhost:8081/getAttractions
20:29:40.131 [reactor-http-nio-13] DEBUG reactor.netty.channel.FluxReceive - [id: 0x3ab95760, L:/127.0.0.1:49913 - R:localhost/127.0.0.1:8081] Subscribing inbound receiver [pending: 0, cancelled:false, inboundDone: false]
20:29:40.131 [reactor-http-nio-15] DEBUG reactor.netty.resources.PooledConnectionProvider - [id: 0x30e81d35, L:/127.0.0.1:49884 - R:localhost/127.0.0.1:8081] Channel acquired, now 41 active connections and 25 inactive connections
20:29:40.131 [reactor-http-nio-15] DEBUG reactor.netty.http.client.HttpClientConnect - [id: 0x30e81d35, L:/127.0.0.1:49884 - R:localhost/127.0.0.1:8081] Handler is being applied: {uri=http://localhost:8081/getAttractions, method=GET}
20:29:40.131 [reactor-http-nio-13] DEBUG reactor.netty.http.client.HttpClientOperations - [id: 0x3ab95760, L:/127.0.0.1:49913 - R:localhost/127.0.0.1:8081] Received last HTTP packet
20:29:40.131 [reactor-http-nio-13] DEBUG org.springframework.core.codec.StringDecoder - [5cfae633] Decoded "{"userId":"6ec11af8-75a3-4092-9e75-31e4d60b51be","location":{"longitude":-117.964781,"latitude":15. (truncated)...
20:29:40.131 [reactor-http-nio-13] DEBUG reactor.netty.resources.PooledConnectionProvider - [id: 0x3ab95760, L:/127.0.0.1:49913 - R:localhost/127.0.0.1:8081] onStateChange(GET{uri=/getUserLocation?userId=6ec11af8-75a3-4092-9e75-31e4d60b51be, connection=PooledConnection{channel=[id: 0x3ab95760, L:/127.0.0.1:49913 - R:localhost/127.0.0.1:8081]}}, [disconnecting])
20:29:40.132 [reactor-http-nio-13] DEBUG reactor.netty.resources.PooledConnectionProvider - [id: 0x3ab95760, L:/127.0.0.1:49913 - R:localhost/127.0.0.1:8081] Releasing channel
20:29:40.132 [reactor-http-nio-13] DEBUG reactor.netty.resources.PooledConnectionProvider - [id: 0x3ab95760, L:/127.0.0.1:49913 - R:localhost/127.0.0.1:8081] Channel cleaned, now 40 active connections and 26 inactive connections
20:29:40.131 [reactor-http-nio-15] DEBUG reactor.netty.resources.PooledConnectionProvider - [id: 0x30e81d35, L:/127.0.0.1:49884 - R:localhost/127.0.0.1:8081] onStateChange(GET{uri=/getAttractions, connection=PooledConnection{channel=[id: 0x30e81d35, L:/127.0.0.1:49884 - R:localhost/127.0.0.1:8081]}}, [request_sent])
20:29:40.133 [pool-13-thread-3] DEBUG org.springframework.web.reactive.function.client.ExchangeFunctions - [19f873c8] HTTP GET http://localhost:8081/getAttractions
20:29:40.133 [reactor-http-nio-11] DEBUG reactor.netty.resources.PooledConnectionProvider - [id: 0x5f76b813, L:/127.0.0.1:49921 - R:localhost/127.0.0.1:8081] Channel acquired, now 41 active connections and 25 inactive connections
20:29:40.133 [reactor-http-nio-11] DEBUG reactor.netty.http.client.HttpClientConnect - [id: 0x5f76b813, L:/127.0.0.1:49921 - R:localhost/127.0.0.1:8081] Handler is being applied: {uri=http://localhost:8081/getAttractions, method=GET}
20:29:40.133 [reactor-http-nio-11] DEBUG reactor.netty.resources.PooledConnectionProvider - [id: 0x5f76b813, L:/127.0.0.1:49921 - R:localhost/127.0.0.1:8081] onStateChange(GET{uri=/getAttractions, connection=PooledConnection{channel=[id: 0x5f76b813, L:/127.0.0.1:49921 - R:localhost/127.0.0.1:8081]}}, [request_sent])
20:29:40.134 [reactor-http-nio-13] DEBUG reactor.netty.http.client.HttpClientOperations - [id: 0x2d54eb76, L:/127.0.0.1:49912 - R:localhost/127.0.0.1:8081] Received response (auto-read:false) : [Content-Type=application/json, Transfer-Encoding=chunked, Date=Tue, 29 Jun 2021 14:59:39 GMT]
20:29:40.134 [reactor-http-nio-13] DEBUG reactor.netty.resources.PooledConnectionProvider - [id: 0x2d54eb76, L:/127.0.0.1:49912 - R:localhost/127.0.0.1:8081] onStateChange(GET{uri=/getAttractions, connection=PooledConnection{channel=[id: 0x2d54eb76, L:/127.0.0.1:49912 - R:localhost/127.0.0.1:8081]}}, [response_received])
20:29:40.134 [reactor-http-nio-13] DEBUG org.springframework.web.reactive.function.client.ExchangeFunctions - [6e58c13d] Response 200 OK
20:29:40.135 [reactor-http-nio-13] DEBUG reactor.netty.channel.FluxReceive - [id: 0x2d54eb76, L:/127.0.0.1:49912 - R:localhost/127.0.0.1:8081] Subscribing inbound receiver [pending: 0, cancelled:false, inboundDone: false]
20:29:40.135 [reactor-http-nio-12] DEBUG reactor.netty.http.client.HttpClientOperations - [id: 0x622ee18f, L:/127.0.0.1:49911 - R:localhost/127.0.0.1:8081] Received response (auto-read:false) : [Content-Type=application/json, Transfer-Encoding=chunked, Date=Tue, 29 Jun 2021 14:59:39 GMT]
20:29:40.135 [reactor-http-nio-12] DEBUG reactor.netty.resources.PooledConnectionProvider - [id: 0x622ee18f, L:/127.0.0.1:49911 - R:localhost/127.0.0.1:8081] onStateChange(GET{uri=/getUserLocation?userId=82beb281-814a-4b5f-8fcb-f50db6229977, connection=PooledConnection{channel=[id: 0x622ee18f, L:/127.0.0.1:49911 - R:localhost/127.0.0.1:8081]}}, [response_received])
20:29:40.135 [reactor-http-nio-12] DEBUG org.springframework.web.reactive.function.client.ExchangeFunctions - [2ba53574] Response 200 OK
20:29:40.135 [reactor-http-nio-13] DEBUG reactor.netty.http.client.HttpClientOperations - [id: 0x2d54eb76, L:/127.0.0.1:49912 - R:localhost/127.0.0.1:8081] Received last HTTP packet
20:29:40.135 [reactor-http-nio-12] DEBUG reactor.netty.channel.FluxReceive - [id: 0x622ee18f, L:/127.0.0.1:49911 - R:localhost/127.0.0.1:8081] Subscribing inbound receiver [pending: 0, cancelled:false, inboundDone: false]
20:29:40.135 [reactor-http-nio-13] DEBUG org.springframework.core.codec.StringDecoder - [6e58c13d] Decoded "[{"longitude":-117.922008,"latitude":33.817595,"attractionName":"Disneyland","city":"Anaheim","stat (truncated)...
20:29:40.135 [reactor-http-nio-12] DEBUG reactor.netty.http.client.HttpClientOperations - [id: 0x622ee18f, L:/127.0.0.1:49911 - R:localhost/127.0.0.1:8081] Received last HTTP packet
20:29:40.135 [reactor-http-nio-12] DEBUG org.springframework.core.codec.StringDecoder - [2ba53574] Decoded "{"userId":"82beb281-814a-4b5f-8fcb-f50db6229977","location":{"longitude":82.651547,"latitude":-25.4 (truncated)...
20:29:40.136 [reactor-http-nio-12] DEBUG reactor.netty.resources.PooledConnectionProvider - [id: 0x622ee18f, L:/127.0.0.1:49911 - R:localhost/127.0.0.1:8081] onStateChange(GET{uri=/getUserLocation?userId=82beb281-814a-4b5f-8fcb-f50db6229977, connection=PooledConnection{channel=[id: 0x622ee18f, L:/127.0.0.1:49911 - R:localhost/127.0.0.1:8081]}}, [disconnecting])
20:29:40.136 [reactor-http-nio-12] DEBUG reactor.netty.resources.PooledConnectionProvider - [id: 0x622ee18f, L:/127.0.0.1:49911 - R:localhost/127.0.0.1:8081] Releasing channel
20:29:40.136 [reactor-http-nio-12] DEBUG reactor.netty.resources.PooledConnectionProvider - [id: 0x622ee18f, L:/127.0.0.1:49911 - R:localhost/127.0.0.1:8081] Channel cleaned, now 40 active connections and 26 inactive connections
20:29:40.135 [reactor-http-nio-13] DEBUG reactor.netty.resources.PooledConnectionProvider - [id: 0x2d54eb76, L:/127.0.0.1:49912 - R:localhost/127.0.0.1:8081] onStateChange(GET{uri=/getAttractions, connection=PooledConnection{channel=[id: 0x2d54eb76, L:/127.0.0.1:49912 - R:localhost/127.0.0.1:8081]}}, [disconnecting])
20:29:40.136 [reactor-http-nio-13] DEBUG reactor.netty.resources.PooledConnectionProvider - [id: 0x2d54eb76, L:/127.0.0.1:49912 - R:localhost/127.0.0.1:8081] Releasing channel
20:29:40.136 [reactor-http-nio-13] DEBUG reactor.netty.resources.PooledConnectionProvider - [id: 0x2d54eb76, L:/127.0.0.1:49912 - R:localhost/127.0.0.1:8081] Channel cleaned, now 39 active connections and 27 inactive connections
20:29:40.136 [reactor-http-nio-10] DEBUG reactor.netty.http.client.HttpClientOperations - [id: 0x415a9863, L:/127.0.0.1:49906 - R:localhost/127.0.0.1:8081] Received response (auto-read:false) : [Content-Type=application/json, Transfer-Encoding=chunked, Date=Tue, 29 Jun 2021 14:59:39 GMT]
20:29:40.136 [reactor-http-nio-10] DEBUG reactor.netty.resources.PooledConnectionProvider - [id: 0x415a9863, L:/127.0.0.1:49906 - R:localhost/127.0.0.1:8081] onStateChange(GET{uri=/getAttractions, connection=PooledConnection{channel=[id: 0x415a9863, L:/127.0.0.1:49906 - R:localhost/127.0.0.1:8081]}}, [response_received])
20:29:40.136 [reactor-http-nio-15] DEBUG reactor.netty.http.client.HttpClientOperations - [id: 0x6124bcfa, L:/127.0.0.1:49886 - R:localhost/127.0.0.1:8081] Received response (auto-read:false) : [Content-Type=application/json, Transfer-Encoding=chunked, Date=Tue, 29 Jun 2021 14:59:39 GMT]
20:29:40.136 [reactor-http-nio-10] DEBUG org.springframework.web.reactive.function.client.ExchangeFunctions - [563348c8] Response 200 OK
20:29:40.136 [reactor-http-nio-15] DEBUG reactor.netty.resources.PooledConnectionProvider - [id: 0x6124bcfa, L:/127.0.0.1:49886 - R:localhost/127.0.0.1:8081] onStateChange(GET{uri=/getAttractions, connection=PooledConnection{channel=[id: 0x6124bcfa, L:/127.0.0.1:49886 - R:localhost/127.0.0.1:8081]}}, [response_received])
20:29:40.136 [reactor-http-nio-15] DEBUG org.springframework.web.reactive.function.client.ExchangeFunctions - [511f9513] Response 200 OK
20:29:40.137 [reactor-http-nio-10] DEBUG reactor.netty.channel.FluxReceive - [id: 0x415a9863, L:/127.0.0.1:49906 - R:localhost/127.0.0.1:8081] Subscribing inbound receiver [pending: 0, cancelled:false, inboundDone: false]
20:29:40.137 [reactor-http-nio-15] DEBUG reactor.netty.channel.FluxReceive - [id: 0x6124bcfa, L:/127.0.0.1:49886 - R:localhost/127.0.0.1:8081] Subscribing inbound receiver [pending: 0, cancelled:false, inboundDone: false]
20:29:40.137 [reactor-http-nio-10] DEBUG reactor.netty.http.client.HttpClientOperations - [id: 0x415a9863, L:/127.0.0.1:49906 - R:localhost/127.0.0.1:8081] Received last HTTP packet
20:29:40.137 [pool-13-thread-50] DEBUG org.springframework.web.reactive.function.client.ExchangeFunctions - [6ea7be64] HTTP GET http://localhost:8081/getAttractions
20:29:40.137 [reactor-http-nio-15] DEBUG reactor.netty.http.client.HttpClientOperations - [id: 0x6124bcfa, L:/127.0.0.1:49886 - R:localhost/127.0.0.1:8081] Received last HTTP packet
20:29:40.137 [reactor-http-nio-2] DEBUG reactor.netty.http.client.HttpClientOperations - [id: 0x5d20b19f, L:/127.0.0.1:49926 - R:localhost/127.0.0.1:8081] Received response (auto-read:false) : [Content-Type=application/json, Transfer-Encoding=chunked, Date=Tue, 29 Jun 2021 14:59:39 GMT]
20:29:40.137 [reactor-http-nio-2] DEBUG reactor.netty.resources.PooledConnectionProvider - [id: 0x5d20b19f, L:/127.0.0.1:49926 - R:localhost/127.0.0.1:8081] onStateChange(GET{uri=/getAttractions, connection=PooledConnection{channel=[id: 0x5d20b19f, L:/127.0.0.1:49926 - R:localhost/127.0.0.1:8081]}}, [response_received])
20:29:40.137 [reactor-http-nio-14] DEBUG reactor.netty.resources.PooledConnectionProvider - [id: 0xd139cd35, L:/127.0.0.1:49893 - R:localhost/127.0.0.1:8081] Channel acquired, now 40 active connections and 26 inactive connections
20:29:40.137 [reactor-http-nio-2] DEBUG org.springframework.web.reactive.function.client.ExchangeFunctions - [48106210] Response 200 OK
20:29:40.137 [reactor-http-nio-14] DEBUG reactor.netty.http.client.HttpClientConnect - [id: 0xd139cd35, L:/127.0.0.1:49893 - R:localhost/127.0.0.1:8081] Handler is being applied: {uri=http://localhost:8081/getAttractions, method=GET}
20:29:40.137 [reactor-http-nio-11] DEBUG reactor.netty.http.client.HttpClientOperations - [id: 0x70ea745d, L:/127.0.0.1:49931 - R:localhost/127.0.0.1:8081] Received response (auto-read:false) : [Content-Type=application/json, Transfer-Encoding=chunked, Date=Tue, 29 Jun 2021 14:59:39 GMT]
20:29:40.137 [reactor-http-nio-11] DEBUG reactor.netty.resources.PooledConnectionProvider - [id: 0x70ea745d, L:/127.0.0.1:49931 - R:localhost/127.0.0.1:8081] onStateChange(GET{uri=/getAttractions, connection=PooledConnection{channel=[id: 0x70ea745d, L:/127.0.0.1:49931 - R:localhost/127.0.0.1:8081]}}, [response_received])
20:29:40.137 [reactor-http-nio-11] DEBUG org.springframework.web.reactive.function.client.ExchangeFunctions - [2187515e] Response 200 OK
20:29:40.137 [reactor-http-nio-2] DEBUG reactor.netty.channel.FluxReceive - [id: 0x5d20b19f, L:/127.0.0.1:49926 - R:localhost/127.0.0.1:8081] Subscribing inbound receiver [pending: 0, cancelled:false, inboundDone: false]
20:29:40.137 [reactor-http-nio-10] DEBUG org.springframework.core.codec.StringDecoder - [563348c8] Decoded "[{"longitude":-117.922008,"latitude":33.817595,"attractionName":"Disneyland","city":"Anaheim","stat (truncated)...
20:29:40.137 [reactor-http-nio-15] DEBUG org.springframework.core.codec.StringDecoder - [511f9513] Decoded "[{"longitude":-117.922008,"latitude":33.817595,"attractionName":"Disneyland","city":"Anaheim","stat (truncated)...
20:29:40.137 [reactor-http-nio-10] DEBUG reactor.netty.resources.PooledConnectionProvider - [id: 0x415a9863, L:/127.0.0.1:49906 - R:localhost/127.0.0.1:8081] onStateChange(GET{uri=/getAttractions, connection=PooledConnection{channel=[id: 0x415a9863, L:/127.0.0.1:49906 - R:localhost/127.0.0.1:8081]}}, [disconnecting])
20:29:40.137 [reactor-http-nio-15] DEBUG reactor.netty.resources.PooledConnectionProvider - [id: 0x6124bcfa, L:/127.0.0.1:49886 - R:localhost/127.0.0.1:8081] onStateChange(GET{uri=/getAttractions, connection=PooledConnection{channel=[id: 0x6124bcfa, L:/127.0.0.1:49886 - R:localhost/127.0.0.1:8081]}}, [disconnecting])
20:29:40.137 [reactor-http-nio-2] DEBUG reactor.netty.http.client.HttpClientOperations - [id: 0x5d20b19f, L:/127.0.0.1:49926 - R:localhost/127.0.0.1:8081] Received last HTTP packet
20:29:40.137 [reactor-http-nio-10] DEBUG reactor.netty.resources.PooledConnectionProvider - [id: 0x415a9863, L:/127.0.0.1:49906 - R:localhost/127.0.0.1:8081] Releasing channel
20:29:40.138 [reactor-http-nio-10] DEBUG reactor.netty.resources.PooledConnectionProvider - [id: 0x415a9863, L:/127.0.0.1:49906 - R:localhost/127.0.0.1:8081] Channel cleaned, now 39 active connections and 27 inactive connections
20:29:40.138 [reactor-http-nio-11] DEBUG reactor.netty.channel.FluxReceive - [id: 0x70ea745d, L:/127.0.0.1:49931 - R:localhost/127.0.0.1:8081] Subscribing inbound receiver [pending: 0, cancelled:false, inboundDone: false]
20:29:40.138 [reactor-http-nio-16] DEBUG reactor.netty.http.client.HttpClientOperations - [id: 0xca5097d1, L:/127.0.0.1:49901 - R:localhost/127.0.0.1:8081] Received response (auto-read:false) : [Content-Type=application/json, Transfer-Encoding=chunked, Date=Tue, 29 Jun 2021 14:59:39 GMT]
20:29:40.138 [reactor-http-nio-16] DEBUG reactor.netty.resources.PooledConnectionProvider - [id: 0xca5097d1, L:/127.0.0.1:49901 - R:localhost/127.0.0.1:8081] onStateChange(GET{uri=/getAttractions, connection=PooledConnection{channel=[id: 0xca5097d1, L:/127.0.0.1:49901 - R:localhost/127.0.0.1:8081]}}, [response_received])
20:29:40.138 [reactor-http-nio-16] DEBUG org.springframework.web.reactive.function.client.ExchangeFunctions - [1c7abcd] Response 200 OK
20:29:40.138 [reactor-http-nio-11] DEBUG reactor.netty.http.client.HttpClientOperations - [id: 0x70ea745d, L:/127.0.0.1:49931 - R:localhost/127.0.0.1:8081] Received last HTTP packet
20:29:40.138 [reactor-http-nio-2] DEBUG org.springframework.core.codec.StringDecoder - [48106210] Decoded "[{"longitude":-117.922008,"latitude":33.817595,"attractionName":"Disneyland","city":"Anaheim","stat (truncated)...
20:29:40.138 [reactor-http-nio-2] DEBUG reactor.netty.resources.PooledConnectionProvider - [id: 0x5d20b19f, L:/127.0.0.1:49926 - R:localhost/127.0.0.1:8081] onStateChange(GET{uri=/getAttractions, connection=PooledConnection{channel=[id: 0x5d20b19f, L:/127.0.0.1:49926 - R:localhost/127.0.0.1:8081]}}, [disconnecting])
20:29:40.138 [reactor-http-nio-2] DEBUG reactor.netty.resources.PooledConnectionProvider - [id: 0x5d20b19f, L:/127.0.0.1:49926 - R:localhost/127.0.0.1:8081] Releasing channel
20:29:40.138 [reactor-http-nio-16] DEBUG reactor.netty.channel.FluxReceive - [id: 0xca5097d1, L:/127.0.0.1:49901 - R:localhost/127.0.0.1:8081] Subscribing inbound receiver [pending: 0, cancelled:false, inboundDone: false]
20:29:40.138 [reactor-http-nio-2] DEBUG reactor.netty.resources.PooledConnectionProvider - [id: 0x5d20b19f, L:/127.0.0.1:49926 - R:localhost/127.0.0.1:8081] Channel cleaned, now 38 active connections and 28 inactive connections
20:29:40.138 [reactor-http-nio-16] DEBUG reactor.netty.http.client.HttpClientOperations - [id: 0xca5097d1, L:/127.0.0.1:49901 - R:localhost/127.0.0.1:8081] Received last HTTP packet
20:29:40.138 [reactor-http-nio-2] DEBUG reactor.netty.http.client.HttpClientOperations - [id: 0xf696f9f2, L:/127.0.0.1:49929 - R:localhost/127.0.0.1:8081] Received response (auto-read:false) : [Content-Type=application/json, Transfer-Encoding=chunked, Date=Tue, 29 Jun 2021 14:59:39 GMT]
20:29:40.138 [reactor-http-nio-2] DEBUG reactor.netty.resources.PooledConnectionProvider - [id: 0xf696f9f2, L:/127.0.0.1:49929 - R:localhost/127.0.0.1:8081] onStateChange(GET{uri=/getAttractions, connection=PooledConnection{channel=[id: 0xf696f9f2, L:/127.0.0.1:49929 - R:localhost/127.0.0.1:8081]}}, [response_received])
20:29:40.138 [reactor-http-nio-2] DEBUG org.springframework.web.reactive.function.client.ExchangeFunctions - [11f2f346] Response 200 OK
20:29:40.137 [reactor-http-nio-15] DEBUG reactor.netty.resources.PooledConnectionProvider - [id: 0x6124bcfa, L:/127.0.0.1:49886 - R:localhost/127.0.0.1:8081] Releasing channel
20:29:40.139 [reactor-http-nio-15] DEBUG reactor.netty.resources.PooledConnectionProvider - [id: 0x6124bcfa, L:/127.0.0.1:49886 - R:localhost/127.0.0.1:8081] Channel cleaned, now 37 active connections and 29 inactive connections
20:29:40.138 [reactor-http-nio-14] DEBUG reactor.netty.resources.PooledConnectionProvider - [id: 0xd139cd35, L:/127.0.0.1:49893 - R:localhost/127.0.0.1:8081] onStateChange(GET{uri=/getAttractions, connection=PooledConnection{channel=[id: 0xd139cd35, L:/127.0.0.1:49893 - R:localhost/127.0.0.1:8081]}}, [request_sent])
20:29:40.139 [reactor-http-nio-11] DEBUG org.springframework.core.codec.StringDecoder - [2187515e] Decoded "[{"longitude":-117.922008,"latitude":33.817595,"attractionName":"Disneyland","city":"Anaheim","stat (truncated)...
20:29:40.139 [reactor-http-nio-16] DEBUG org.springframework.core.codec.StringDecoder - [1c7abcd] Decoded "[{"longitude":-117.922008,"latitude":33.817595,"attractionName":"Disneyland","city":"Anaheim","stat (truncated)...
20:29:40.139 [reactor-http-nio-11] DEBUG reactor.netty.resources.PooledConnectionProvider - [id: 0x70ea745d, L:/127.0.0.1:49931 - R:localhost/127.0.0.1:8081] onStateChange(GET{uri=/getAttractions, connection=PooledConnection{channel=[id: 0x70ea745d, L:/127.0.0.1:49931 - R:localhost/127.0.0.1:8081]}}, [disconnecting])
20:29:40.139 [reactor-http-nio-11] DEBUG reactor.netty.resources.PooledConnectionProvider - [id: 0x70ea745d, L:/127.0.0.1:49931 - R:localhost/127.0.0.1:8081] Releasing channel
20:29:40.139 [reactor-http-nio-16] DEBUG reactor.netty.resources.PooledConnectionProvider - [id: 0xca5097d1, L:/127.0.0.1:49901 - R:localhost/127.0.0.1:8081] onStateChange(GET{uri=/getAttractions, connection=PooledConnection{channel=[id: 0xca5097d1, L:/127.0.0.1:49901 - R:localhost/127.0.0.1:8081]}}, [disconnecting])
20:29:40.146 [reactor-http-nio-15] DEBUG reactor.netty.http.client.HttpClientOperations - [id: 0x5e54db3b, L:/127.0.0.1:49903 - R:localhost/127.0.0.1:8081] Received response (auto-read:false) : [Content-Type=application/json, Transfer-Encoding=chunked, Date=Tue, 29 Jun 2021 14:59:39 GMT]
20:29:40.146 [reactor-http-nio-15] DEBUG reactor.netty.resources.PooledConnectionProvider - [id: 0x5e54db3b, L:/127.0.0.1:49903 - R:localhost/127.0.0.1:8081] onStateChange(GET{uri=/getAttractions, connection=PooledConnection{channel=[id: 0x5e54db3b, L:/127.0.0.1:49903 - R:localhost/127.0.0.1:8081]}}, [response_received])
20:29:40.139 [reactor-http-nio-11] DEBUG reactor.netty.resources.PooledConnectionProvider - [id: 0x70ea745d, L:/127.0.0.1:49931 - R:localhost/127.0.0.1:8081] Channel cleaned, now 36 active connections and 30 inactive connections
20:29:40.146 [reactor-http-nio-15] DEBUG org.springframework.web.reactive.function.client.ExchangeFunctions - [172bd418] Response 200 OK
20:29:40.146 [reactor-http-nio-2] DEBUG reactor.netty.channel.FluxReceive - [id: 0xf696f9f2, L:/127.0.0.1:49929 - R:localhost/127.0.0.1:8081] Subscribing inbound receiver [pending: 0, cancelled:false, inboundDone: false]
20:29:40.146 [reactor-http-nio-10] DEBUG reactor.netty.http.client.HttpClientOperations - [id: 0x46c6efe2, L:/127.0.0.1:49875 - R:localhost/127.0.0.1:8081] Received response (auto-read:false) : [Content-Type=application/json, Transfer-Encoding=chunked, Date=Tue, 29 Jun 2021 14:59:39 GMT]
20:29:40.146 [reactor-http-nio-16] DEBUG reactor.netty.resources.PooledConnectionProvider - [id: 0xca5097d1, L:/127.0.0.1:49901 - R:localhost/127.0.0.1:8081] Releasing channel
20:29:40.146 [reactor-http-nio-10] DEBUG reactor.netty.resources.PooledConnectionProvider - [id: 0x46c6efe2, L:/127.0.0.1:49875 - R:localhost/127.0.0.1:8081] onStateChange(GET{uri=/getUserLocation?userId=411b28ef-830a-44dc-bdb8-09bc36e33b33, connection=PooledConnection{channel=[id: 0x46c6efe2, L:/127.0.0.1:49875 - R:localhost/127.0.0.1:8081]}}, [response_received])
20:29:40.146 [reactor-http-nio-16] DEBUG reactor.netty.resources.PooledConnectionProvider - [id: 0xca5097d1, L:/127.0.0.1:49901 - R:localhost/127.0.0.1:8081] Channel cleaned, now 35 active connections and 31 inactive connections
20:29:40.146 [reactor-http-nio-10] DEBUG org.springframework.web.reactive.function.client.ExchangeFunctions - [603c21ff] Response 200 OK
20:29:40.146 [reactor-http-nio-15] DEBUG reactor.netty.channel.FluxReceive - [id: 0x5e54db3b, L:/127.0.0.1:49903 - R:localhost/127.0.0.1:8081] Subscribing inbound receiver [pending: 0, cancelled:false, inboundDone: false]
20:29:40.146 [reactor-http-nio-2] DEBUG reactor.netty.http.client.HttpClientOperations - [id: 0xf696f9f2, L:/127.0.0.1:49929 - R:localhost/127.0.0.1:8081] Received last HTTP packet
20:29:40.146 [reactor-http-nio-16] DEBUG reactor.netty.http.client.HttpClientOperations - [id: 0xd94b0585, L:/127.0.0.1:49927 - R:localhost/127.0.0.1:8081] Received response (auto-read:false) : [Content-Type=application/json, Transfer-Encoding=chunked, Date=Tue, 29 Jun 2021 14:59:39 GMT]
20:29:40.146 [reactor-http-nio-15] DEBUG reactor.netty.http.client.HttpClientOperations - [id: 0x5e54db3b, L:/127.0.0.1:49903 - R:localhost/127.0.0.1:8081] Received last HTTP packet
20:29:40.146 [reactor-http-nio-10] DEBUG reactor.netty.channel.FluxReceive - [id: 0x46c6efe2, L:/127.0.0.1:49875 - R:localhost/127.0.0.1:8081] Subscribing inbound receiver [pending: 0, cancelled:false, inboundDone: false]
20:29:40.147 [reactor-http-nio-10] DEBUG reactor.netty.http.client.HttpClientOperations - [id: 0x46c6efe2, L:/127.0.0.1:49875 - R:localhost/127.0.0.1:8081] Received last HTTP packet
20:29:40.146 [reactor-http-nio-16] DEBUG reactor.netty.resources.PooledConnectionProvider - [id: 0xd94b0585, L:/127.0.0.1:49927 - R:localhost/127.0.0.1:8081] onStateChange(GET{uri=/getAttractions, connection=PooledConnection{channel=[id: 0xd94b0585, L:/127.0.0.1:49927 - R:localhost/127.0.0.1:8081]}}, [response_received])
20:29:40.147 [reactor-http-nio-15] DEBUG org.springframework.core.codec.StringDecoder - [172bd418] Decoded "[{"longitude":-117.922008,"latitude":33.817595,"attractionName":"Disneyland","city":"Anaheim","stat (truncated)...
20:29:40.147 [reactor-http-nio-15] DEBUG reactor.netty.resources.PooledConnectionProvider - [id: 0x5e54db3b, L:/127.0.0.1:49903 - R:localhost/127.0.0.1:8081] onStateChange(GET{uri=/getAttractions, connection=PooledConnection{channel=[id: 0x5e54db3b, L:/127.0.0.1:49903 - R:localhost/127.0.0.1:8081]}}, [disconnecting])
20:29:40.147 [reactor-http-nio-15] DEBUG reactor.netty.resources.PooledConnectionProvider - [id: 0x5e54db3b, L:/127.0.0.1:49903 - R:localhost/127.0.0.1:8081] Releasing channel
20:29:40.147 [reactor-http-nio-15] DEBUG reactor.netty.resources.PooledConnectionProvider - [id: 0x5e54db3b, L:/127.0.0.1:49903 - R:localhost/127.0.0.1:8081] Channel cleaned, now 34 active connections and 32 inactive connections
20:29:40.147 [reactor-http-nio-10] DEBUG org.springframework.core.codec.StringDecoder - [603c21ff] Decoded "{"userId":"411b28ef-830a-44dc-bdb8-09bc36e33b33","location":{"longitude":-4.948675,"latitude":3.059 (truncated)...
20:29:40.147 [reactor-http-nio-15] DEBUG reactor.netty.http.client.HttpClientOperations - [id: 0x30e81d35, L:/127.0.0.1:49884 - R:localhost/127.0.0.1:8081] Received response (auto-read:false) : [Content-Type=application/json, Transfer-Encoding=chunked, Date=Tue, 29 Jun 2021 14:59:39 GMT]
20:29:40.147 [reactor-http-nio-10] DEBUG reactor.netty.resources.PooledConnectionProvider - [id: 0x46c6efe2, L:/127.0.0.1:49875 - R:localhost/127.0.0.1:8081] onStateChange(GET{uri=/getUserLocation?userId=411b28ef-830a-44dc-bdb8-09bc36e33b33, connection=PooledConnection{channel=[id: 0x46c6efe2, L:/127.0.0.1:49875 - R:localhost/127.0.0.1:8081]}}, [disconnecting])
20:29:40.147 [reactor-http-nio-10] DEBUG reactor.netty.resources.PooledConnectionProvider - [id: 0x46c6efe2, L:/127.0.0.1:49875 - R:localhost/127.0.0.1:8081] Releasing channel
20:29:40.147 [reactor-http-nio-16] DEBUG org.springframework.web.reactive.function.client.ExchangeFunctions - [29b3ecd3] Response 200 OK
20:29:40.147 [reactor-http-nio-10] DEBUG reactor.netty.resources.PooledConnectionProvider - [id: 0x46c6efe2, L:/127.0.0.1:49875 - R:localhost/127.0.0.1:8081] Channel cleaned, now 33 active connections and 33 inactive connections
20:29:40.147 [reactor-http-nio-11] DEBUG reactor.netty.http.client.HttpClientOperations - [id: 0x444af37b, L:/127.0.0.1:49923 - R:localhost/127.0.0.1:8081] Received response (auto-read:false) : [Content-Type=application/json, Transfer-Encoding=chunked, Date=Tue, 29 Jun 2021 14:59:39 GMT]
20:29:40.147 [reactor-http-nio-11] DEBUG reactor.netty.resources.PooledConnectionProvider - [id: 0x444af37b, L:/127.0.0.1:49923 - R:localhost/127.0.0.1:8081] onStateChange(GET{uri=/getAttractions, connection=PooledConnection{channel=[id: 0x444af37b, L:/127.0.0.1:49923 - R:localhost/127.0.0.1:8081]}}, [response_received])
20:29:40.147 [reactor-http-nio-11] DEBUG org.springframework.web.reactive.function.client.ExchangeFunctions - [27091857] Response 200 OK
20:29:40.147 [reactor-http-nio-15] DEBUG reactor.netty.resources.PooledConnectionProvider - [id: 0x30e81d35, L:/127.0.0.1:49884 - R:localhost/127.0.0.1:8081] onStateChange(GET{uri=/getAttractions, connection=PooledConnection{channel=[id: 0x30e81d35, L:/127.0.0.1:49884 - R:localhost/127.0.0.1:8081]}}, [response_received])
20:29:40.147 [reactor-http-nio-16] DEBUG reactor.netty.channel.FluxReceive - [id: 0xd94b0585, L:/127.0.0.1:49927 - R:localhost/127.0.0.1:8081] Subscribing inbound receiver [pending: 0, cancelled:false, inboundDone: false]
20:29:40.147 [reactor-http-nio-15] DEBUG org.springframework.web.reactive.function.client.ExchangeFunctions - [5de485d6] Response 200 OK
20:29:40.147 [reactor-http-nio-2] DEBUG org.springframework.core.codec.StringDecoder - [11f2f346] Decoded "[{"longitude":-117.922008,"latitude":33.817595,"attractionName":"Disneyland","city":"Anaheim","stat (truncated)...
20:29:40.147 [reactor-http-nio-11] DEBUG reactor.netty.channel.FluxReceive - [id: 0x444af37b, L:/127.0.0.1:49923 - R:localhost/127.0.0.1:8081] Subscribing inbound receiver [pending: 0, cancelled:false, inboundDone: false]
20:29:40.148 [reactor-http-nio-2] DEBUG reactor.netty.resources.PooledConnectionProvider - [id: 0xf696f9f2, L:/127.0.0.1:49929 - R:localhost/127.0.0.1:8081] onStateChange(GET{uri=/getAttractions, connection=PooledConnection{channel=[id: 0xf696f9f2, L:/127.0.0.1:49929 - R:localhost/127.0.0.1:8081]}}, [disconnecting])
20:29:40.148 [reactor-http-nio-2] DEBUG reactor.netty.resources.PooledConnectionProvider - [id: 0xf696f9f2, L:/127.0.0.1:49929 - R:localhost/127.0.0.1:8081] Releasing channel
20:29:40.148 [reactor-http-nio-2] DEBUG reactor.netty.resources.PooledConnectionProvider - [id: 0xf696f9f2, L:/127.0.0.1:49929 - R:localhost/127.0.0.1:8081] Channel cleaned, now 32 active connections and 34 inactive connections
20:29:40.147 [reactor-http-nio-10] DEBUG reactor.netty.http.client.HttpClientOperations - [id: 0xb00ef751, L:/127.0.0.1:49896 - R:localhost/127.0.0.1:8081] Received response (auto-read:false) : [Content-Type=application/json, Transfer-Encoding=chunked, Date=Tue, 29 Jun 2021 14:59:39 GMT]
20:29:40.148 [reactor-http-nio-10] DEBUG reactor.netty.resources.PooledConnectionProvider - [id: 0xb00ef751, L:/127.0.0.1:49896 - R:localhost/127.0.0.1:8081] onStateChange(GET{uri=/getUserLocation?userId=e5983646-546a-4d41-a8bb-2537ca1ef38a, connection=PooledConnection{channel=[id: 0xb00ef751, L:/127.0.0.1:49896 - R:localhost/127.0.0.1:8081]}}, [response_received])
20:29:40.148 [reactor-http-nio-16] DEBUG reactor.netty.http.client.HttpClientOperations - [id: 0xd94b0585, L:/127.0.0.1:49927 - R:localhost/127.0.0.1:8081] Received last HTTP packet
20:29:40.148 [reactor-http-nio-10] DEBUG org.springframework.web.reactive.function.client.ExchangeFunctions - [7df23a9b] Response 200 OK
20:29:40.148 [reactor-http-nio-14] DEBUG reactor.netty.http.client.HttpClientOperations - [id: 0x636930f8, L:/127.0.0.1:49895 - R:localhost/127.0.0.1:8081] Received response (auto-read:false) : [Content-Type=application/json, Transfer-Encoding=chunked, Date=Tue, 29 Jun 2021 14:59:39 GMT]
20:29:40.148 [reactor-http-nio-14] DEBUG reactor.netty.resources.PooledConnectionProvider - [id: 0x636930f8, L:/127.0.0.1:49895 - R:localhost/127.0.0.1:8081] onStateChange(GET{uri=/getUserLocation?userId=0e8d7533-7b65-462e-b339-7a3baf3f3600, connection=PooledConnection{channel=[id: 0x636930f8, L:/127.0.0.1:49895 - R:localhost/127.0.0.1:8081]}}, [response_received])
20:29:40.148 [reactor-http-nio-15] DEBUG reactor.netty.channel.FluxReceive - [id: 0x30e81d35, L:/127.0.0.1:49884 - R:localhost/127.0.0.1:8081] Subscribing inbound receiver [pending: 0, cancelled:false, inboundDone: false]
20:29:40.148 [reactor-http-nio-14] DEBUG org.springframework.web.reactive.function.client.ExchangeFunctions - [47e33a53] Response 200 OK
20:29:40.148 [reactor-http-nio-10] DEBUG reactor.netty.channel.FluxReceive - [id: 0xb00ef751, L:/127.0.0.1:49896 - R:localhost/127.0.0.1:8081] Subscribing inbound receiver [pending: 0, cancelled:false, inboundDone: false]
20:29:40.148 [reactor-http-nio-16] DEBUG org.springframework.core.codec.StringDecoder - [29b3ecd3] Decoded "[{"longitude":-117.922008,"latitude":33.817595,"attractionName":"Disneyland","city":"Anaheim","stat (truncated)...
20:29:40.148 [reactor-http-nio-14] DEBUG reactor.netty.channel.FluxReceive - [id: 0x636930f8, L:/127.0.0.1:49895 - R:localhost/127.0.0.1:8081] Subscribing inbound receiver [pending: 0, cancelled:false, inboundDone: false]
20:29:40.148 [reactor-http-nio-11] DEBUG reactor.netty.http.client.HttpClientOperations - [id: 0x444af37b, L:/127.0.0.1:49923 - R:localhost/127.0.0.1:8081] Received last HTTP packet
20:29:40.148 [pool-13-thread-16] DEBUG org.springframework.web.reactive.function.client.ExchangeFunctions - [253ea39c] HTTP GET http://localhost:8081/getAttractions
20:29:40.148 [reactor-http-nio-10] DEBUG reactor.netty.http.client.HttpClientOperations - [id: 0xb00ef751, L:/127.0.0.1:49896 - R:localhost/127.0.0.1:8081] Received last HTTP packet
20:29:40.148 [reactor-http-nio-10] DEBUG org.springframework.core.codec.StringDecoder - [7df23a9b] Decoded "{"userId":"e5983646-546a-4d41-a8bb-2537ca1ef38a","location":{"longitude":49.815944,"latitude":13.17 (truncated)...
20:29:40.148 [reactor-http-nio-16] DEBUG reactor.netty.resources.PooledConnectionProvider - [id: 0xd94b0585, L:/127.0.0.1:49927 - R:localhost/127.0.0.1:8081] onStateChange(GET{uri=/getAttractions, connection=PooledConnection{channel=[id: 0xd94b0585, L:/127.0.0.1:49927 - R:localhost/127.0.0.1:8081]}}, [disconnecting])
20:29:40.148 [reactor-http-nio-10] DEBUG reactor.netty.resources.PooledConnectionProvider - [id: 0xb00ef751, L:/127.0.0.1:49896 - R:localhost/127.0.0.1:8081] onStateChange(GET{uri=/getUserLocation?userId=e5983646-546a-4d41-a8bb-2537ca1ef38a, connection=PooledConnection{channel=[id: 0xb00ef751, L:/127.0.0.1:49896 - R:localhost/127.0.0.1:8081]}}, [disconnecting])
20:29:40.148 [reactor-http-nio-16] DEBUG reactor.netty.resources.PooledConnectionProvider - [id: 0xd94b0585, L:/127.0.0.1:49927 - R:localhost/127.0.0.1:8081] Releasing channel
20:29:40.148 [reactor-http-nio-10] DEBUG reactor.netty.resources.PooledConnectionProvider - [id: 0xb00ef751, L:/127.0.0.1:49896 - R:localhost/127.0.0.1:8081] Releasing channel
20:29:40.148 [reactor-http-nio-16] DEBUG reactor.netty.resources.PooledConnectionProvider - [id: 0xd94b0585, L:/127.0.0.1:49927 - R:localhost/127.0.0.1:8081] Channel cleaned, now 30 active connections and 36 inactive connections
20:29:40.148 [reactor-http-nio-15] DEBUG reactor.netty.http.client.HttpClientOperations - [id: 0x30e81d35, L:/127.0.0.1:49884 - R:localhost/127.0.0.1:8081] Received last HTTP packet
20:29:40.148 [reactor-http-nio-14] DEBUG reactor.netty.http.client.HttpClientOperations - [id: 0x636930f8, L:/127.0.0.1:49895 - R:localhost/127.0.0.1:8081] Received last HTTP packet
20:29:40.148 [reactor-http-nio-10] DEBUG reactor.netty.resources.PooledConnectionProvider - [id: 0xb00ef751, L:/127.0.0.1:49896 - R:localhost/127.0.0.1:8081] Channel cleaned, now 30 active connections and 36 inactive connections
20:29:40.149 [reactor-http-nio-14] DEBUG org.springframework.core.codec.StringDecoder - [47e33a53] Decoded "{"userId":"0e8d7533-7b65-462e-b339-7a3baf3f3600","location":{"longitude":71.880907,"latitude":38.96 (truncated)...
20:29:40.149 [reactor-http-nio-14] DEBUG reactor.netty.resources.PooledConnectionProvider - [id: 0x636930f8, L:/127.0.0.1:49895 - R:localhost/127.0.0.1:8081] onStateChange(GET{uri=/getUserLocation?userId=0e8d7533-7b65-462e-b339-7a3baf3f3600, connection=PooledConnection{channel=[id: 0x636930f8, L:/127.0.0.1:49895 - R:localhost/127.0.0.1:8081]}}, [disconnecting])
20:29:40.149 [reactor-http-nio-14] DEBUG reactor.netty.resources.PooledConnectionProvider - [id: 0x636930f8, L:/127.0.0.1:49895 - R:localhost/127.0.0.1:8081] Releasing channel
20:29:40.149 [reactor-http-nio-14] DEBUG reactor.netty.resources.PooledConnectionProvider - [id: 0x636930f8, L:/127.0.0.1:49895 - R:localhost/127.0.0.1:8081] Channel cleaned, now 29 active connections and 37 inactive connections
20:29:40.149 [reactor-http-nio-11] DEBUG org.springframework.core.codec.StringDecoder - [27091857] Decoded "[{"longitude":-117.922008,"latitude":33.817595,"attractionName":"Disneyland","city":"Anaheim","stat (truncated)...
20:29:40.149 [reactor-http-nio-11] DEBUG reactor.netty.resources.PooledConnectionProvider - [id: 0x444af37b, L:/127.0.0.1:49923 - R:localhost/127.0.0.1:8081] onStateChange(GET{uri=/getAttractions, connection=PooledConnection{channel=[id: 0x444af37b, L:/127.0.0.1:49923 - R:localhost/127.0.0.1:8081]}}, [disconnecting])
20:29:40.149 [reactor-http-nio-11] DEBUG reactor.netty.resources.PooledConnectionProvider - [id: 0x444af37b, L:/127.0.0.1:49923 - R:localhost/127.0.0.1:8081] Releasing channel
20:29:40.149 [reactor-http-nio-11] DEBUG reactor.netty.resources.PooledConnectionProvider - [id: 0x444af37b, L:/127.0.0.1:49923 - R:localhost/127.0.0.1:8081] Channel cleaned, now 28 active connections and 38 inactive connections
20:29:40.149 [reactor-http-nio-15] DEBUG org.springframework.core.codec.StringDecoder - [5de485d6] Decoded "[{"longitude":-117.922008,"latitude":33.817595,"attractionName":"Disneyland","city":"Anaheim","stat (truncated)...
20:29:40.149 [reactor-http-nio-14] DEBUG reactor.netty.http.client.HttpClientOperations - [id: 0xd139cd35, L:/127.0.0.1:49893 - R:localhost/127.0.0.1:8081] Received response (auto-read:false) : [Content-Type=application/json, Transfer-Encoding=chunked, Date=Tue, 29 Jun 2021 14:59:39 GMT]
20:29:40.149 [reactor-http-nio-14] DEBUG reactor.netty.resources.PooledConnectionProvider - [id: 0xd139cd35, L:/127.0.0.1:49893 - R:localhost/127.0.0.1:8081] onStateChange(GET{uri=/getAttractions, connection=PooledConnection{channel=[id: 0xd139cd35, L:/127.0.0.1:49893 - R:localhost/127.0.0.1:8081]}}, [response_received])
20:29:40.149 [reactor-http-nio-15] DEBUG reactor.netty.resources.PooledConnectionProvider - [id: 0x30e81d35, L:/127.0.0.1:49884 - R:localhost/127.0.0.1:8081] onStateChange(GET{uri=/getAttractions, connection=PooledConnection{channel=[id: 0x30e81d35, L:/127.0.0.1:49884 - R:localhost/127.0.0.1:8081]}}, [disconnecting])
20:29:40.149 [reactor-http-nio-15] DEBUG reactor.netty.resources.PooledConnectionProvider - [id: 0x30e81d35, L:/127.0.0.1:49884 - R:localhost/127.0.0.1:8081] Releasing channel
20:29:40.149 [reactor-http-nio-15] DEBUG reactor.netty.resources.PooledConnectionProvider - [id: 0x30e81d35, L:/127.0.0.1:49884 - R:localhost/127.0.0.1:8081] Channel cleaned, now 27 active connections and 39 inactive connections
20:29:40.150 [reactor-http-nio-14] DEBUG org.springframework.web.reactive.function.client.ExchangeFunctions - [6ea7be64] Response 200 OK
20:29:40.150 [reactor-http-nio-15] DEBUG reactor.netty.http.client.HttpClientOperations - [id: 0x3b57da73, L:/127.0.0.1:49868 - R:localhost/127.0.0.1:8081] Received response (auto-read:false) : [Content-Type=application/json, Transfer-Encoding=chunked, Date=Tue, 29 Jun 2021 14:59:39 GMT]
20:29:40.150 [reactor-http-nio-15] DEBUG reactor.netty.resources.PooledConnectionProvider - [id: 0x3b57da73, L:/127.0.0.1:49868 - R:localhost/127.0.0.1:8081] onStateChange(GET{uri=/getUserLocation?userId=044c830f-ed2f-4113-9005-876a03502f44, connection=PooledConnection{channel=[id: 0x3b57da73, L:/127.0.0.1:49868 - R:localhost/127.0.0.1:8081]}}, [response_received])
20:29:40.150 [pool-13-thread-29] DEBUG org.springframework.web.reactive.function.client.ExchangeFunctions - [38f0ab41] HTTP GET http://localhost:8081/getAttractions
20:29:40.150 [reactor-http-nio-15] DEBUG org.springframework.web.reactive.function.client.ExchangeFunctions - [7fee0eb0] Response 200 OK
20:29:40.150 [reactor-http-nio-14] DEBUG reactor.netty.channel.FluxReceive - [id: 0xd139cd35, L:/127.0.0.1:49893 - R:localhost/127.0.0.1:8081] Subscribing inbound receiver [pending: 0, cancelled:false, inboundDone: false]
20:29:40.149 [reactor-http-nio-11] DEBUG reactor.netty.http.client.HttpClientOperations - [id: 0xf98e8509, L:/127.0.0.1:49922 - R:localhost/127.0.0.1:8081] Received response (auto-read:false) : [Content-Type=application/json, Transfer-Encoding=chunked, Date=Tue, 29 Jun 2021 14:59:39 GMT]
20:29:40.150 [pool-13-thread-47] DEBUG org.springframework.web.reactive.function.client.ExchangeFunctions - [2e1bccb] HTTP GET http://localhost:8081/getAttractions
20:29:40.150 [reactor-http-nio-11] DEBUG reactor.netty.resources.PooledConnectionProvider - [id: 0xf98e8509, L:/127.0.0.1:49922 - R:localhost/127.0.0.1:8081] onStateChange(GET{uri=/getAttractions, connection=PooledConnection{channel=[id: 0xf98e8509, L:/127.0.0.1:49922 - R:localhost/127.0.0.1:8081]}}, [response_received])
20:29:40.150 [reactor-http-nio-15] DEBUG reactor.netty.channel.FluxReceive - [id: 0x3b57da73, L:/127.0.0.1:49868 - R:localhost/127.0.0.1:8081] Subscribing inbound receiver [pending: 0, cancelled:false, inboundDone: false]
20:29:40.150 [reactor-http-nio-11] DEBUG org.springframework.web.reactive.function.client.ExchangeFunctions - [4a1a3bbd] Response 200 OK
20:29:40.150 [reactor-http-nio-14] DEBUG reactor.netty.http.client.HttpClientOperations - [id: 0xd139cd35, L:/127.0.0.1:49893 - R:localhost/127.0.0.1:8081] Received last HTTP packet
20:29:40.150 [reactor-http-nio-15] DEBUG reactor.netty.http.client.HttpClientOperations - [id: 0x3b57da73, L:/127.0.0.1:49868 - R:localhost/127.0.0.1:8081] Received last HTTP packet
20:29:40.150 [reactor-http-nio-10] DEBUG reactor.netty.resources.PooledConnectionProvider - [id: 0x333c1bf0, L:/127.0.0.1:49905 - R:localhost/127.0.0.1:8081] Channel acquired, now 29 active connections and 37 inactive connections
20:29:40.150 [reactor-http-nio-10] DEBUG reactor.netty.http.client.HttpClientConnect - [id: 0x333c1bf0, L:/127.0.0.1:49905 - R:localhost/127.0.0.1:8081] Handler is being applied: {uri=http://localhost:8081/getAttractions, method=GET}
20:29:40.150 [reactor-http-nio-11] DEBUG reactor.netty.channel.FluxReceive - [id: 0xf98e8509, L:/127.0.0.1:49922 - R:localhost/127.0.0.1:8081] Subscribing inbound receiver [pending: 0, cancelled:false, inboundDone: false]
20:29:40.150 [reactor-http-nio-14] DEBUG org.springframework.core.codec.StringDecoder - [6ea7be64] Decoded "[{"longitude":-117.922008,"latitude":33.817595,"attractionName":"Disneyland","city":"Anaheim","stat (truncated)...
20:29:40.150 [reactor-http-nio-14] DEBUG reactor.netty.resources.PooledConnectionProvider - [id: 0xd139cd35, L:/127.0.0.1:49893 - R:localhost/127.0.0.1:8081] onStateChange(GET{uri=/getAttractions, connection=PooledConnection{channel=[id: 0xd139cd35, L:/127.0.0.1:49893 - R:localhost/127.0.0.1:8081]}}, [disconnecting])
20:29:40.150 [reactor-http-nio-14] DEBUG reactor.netty.resources.PooledConnectionProvider - [id: 0xd139cd35, L:/127.0.0.1:49893 - R:localhost/127.0.0.1:8081] Releasing channel
20:29:40.150 [reactor-http-nio-11] DEBUG reactor.netty.http.client.HttpClientOperations - [id: 0xf98e8509, L:/127.0.0.1:49922 - R:localhost/127.0.0.1:8081] Received last HTTP packet
20:29:40.151 [reactor-http-nio-14] DEBUG reactor.netty.resources.PooledConnectionProvider - [id: 0xd139cd35, L:/127.0.0.1:49893 - R:localhost/127.0.0.1:8081] Channel cleaned, now 28 active connections and 38 inactive connections
20:29:40.151 [reactor-http-nio-11] DEBUG org.springframework.core.codec.StringDecoder - [4a1a3bbd] Decoded "[{"longitude":-117.922008,"latitude":33.817595,"attractionName":"Disneyland","city":"Anaheim","stat (truncated)...
20:29:40.151 [reactor-http-nio-15] DEBUG org.springframework.core.codec.StringDecoder - [7fee0eb0] Decoded "{"userId":"044c830f-ed2f-4113-9005-876a03502f44","location":{"longitude":-27.162181,"latitude":-32. (truncated)...
20:29:40.150 [reactor-http-nio-13] DEBUG reactor.netty.resources.PooledConnectionProvider - [id: 0x99ebd170, L:/127.0.0.1:49872 - R:localhost/127.0.0.1:8081] Channel acquired, now 28 active connections and 38 inactive connections
20:29:40.151 [reactor-http-nio-13] DEBUG reactor.netty.http.client.HttpClientConnect - [id: 0x99ebd170, L:/127.0.0.1:49872 - R:localhost/127.0.0.1:8081] Handler is being applied: {uri=http://localhost:8081/getAttractions, method=GET}
20:29:40.151 [reactor-http-nio-11] DEBUG reactor.netty.resources.PooledConnectionProvider - [id: 0xf98e8509, L:/127.0.0.1:49922 - R:localhost/127.0.0.1:8081] onStateChange(GET{uri=/getAttractions, connection=PooledConnection{channel=[id: 0xf98e8509, L:/127.0.0.1:49922 - R:localhost/127.0.0.1:8081]}}, [disconnecting])
20:29:40.151 [reactor-http-nio-10] DEBUG reactor.netty.resources.PooledConnectionProvider - [id: 0x333c1bf0, L:/127.0.0.1:49905 - R:localhost/127.0.0.1:8081] onStateChange(GET{uri=/getAttractions, connection=PooledConnection{channel=[id: 0x333c1bf0, L:/127.0.0.1:49905 - R:localhost/127.0.0.1:8081]}}, [request_sent])
20:29:40.152 [reactor-http-nio-13] DEBUG reactor.netty.resources.PooledConnectionProvider - [id: 0x99ebd170, L:/127.0.0.1:49872 - R:localhost/127.0.0.1:8081] onStateChange(GET{uri=/getAttractions, connection=PooledConnection{channel=[id: 0x99ebd170, L:/127.0.0.1:49872 - R:localhost/127.0.0.1:8081]}}, [request_sent])
20:29:40.152 [reactor-http-nio-10] DEBUG reactor.netty.http.client.HttpClientOperations - [id: 0xc25feb92, L:/127.0.0.1:49880 - R:localhost/127.0.0.1:8081] Received response (auto-read:false) : [Content-Type=application/json, Transfer-Encoding=chunked, Date=Tue, 29 Jun 2021 14:59:39 GMT]
20:29:40.152 [reactor-http-nio-10] DEBUG reactor.netty.resources.PooledConnectionProvider - [id: 0xc25feb92, L:/127.0.0.1:49880 - R:localhost/127.0.0.1:8081] onStateChange(GET{uri=/getUserLocation?userId=7c877f07-86fd-47bb-83d0-6f0bfd013479, connection=PooledConnection{channel=[id: 0xc25feb92, L:/127.0.0.1:49880 - R:localhost/127.0.0.1:8081]}}, [response_received])
20:29:40.152 [reactor-http-nio-10] DEBUG org.springframework.web.reactive.function.client.ExchangeFunctions - [72600c64] Response 200 OK
20:29:40.151 [reactor-http-nio-15] DEBUG reactor.netty.resources.PooledConnectionProvider - [id: 0x3b57da73, L:/127.0.0.1:49868 - R:localhost/127.0.0.1:8081] onStateChange(GET{uri=/getUserLocation?userId=044c830f-ed2f-4113-9005-876a03502f44, connection=PooledConnection{channel=[id: 0x3b57da73, L:/127.0.0.1:49868 - R:localhost/127.0.0.1:8081]}}, [disconnecting])
20:29:40.152 [reactor-http-nio-15] DEBUG reactor.netty.resources.PooledConnectionProvider - [id: 0x3b57da73, L:/127.0.0.1:49868 - R:localhost/127.0.0.1:8081] Releasing channel
20:29:40.152 [reactor-http-nio-15] DEBUG reactor.netty.resources.PooledConnectionProvider - [id: 0x3b57da73, L:/127.0.0.1:49868 - R:localhost/127.0.0.1:8081] Channel cleaned, now 27 active connections and 39 inactive connections
20:29:40.151 [reactor-http-nio-11] DEBUG reactor.netty.resources.PooledConnectionProvider - [id: 0xf98e8509, L:/127.0.0.1:49922 - R:localhost/127.0.0.1:8081] Releasing channel
20:29:40.152 [reactor-http-nio-11] DEBUG reactor.netty.resources.PooledConnectionProvider - [id: 0xf98e8509, L:/127.0.0.1:49922 - R:localhost/127.0.0.1:8081] Channel cleaned, now 26 active connections and 40 inactive connections
20:29:40.152 [reactor-http-nio-10] DEBUG reactor.netty.channel.FluxReceive - [id: 0xc25feb92, L:/127.0.0.1:49880 - R:localhost/127.0.0.1:8081] Subscribing inbound receiver [pending: 0, cancelled:false, inboundDone: false]
20:29:40.151 [reactor-http-nio-2] DEBUG reactor.netty.http.client.HttpClientOperations - [id: 0x5921853c, L:/127.0.0.1:49928 - R:localhost/127.0.0.1:8081] Received response (auto-read:false) : [Content-Type=application/json, Transfer-Encoding=chunked, Date=Tue, 29 Jun 2021 14:59:39 GMT]
20:29:40.152 [reactor-http-nio-10] DEBUG reactor.netty.http.client.HttpClientOperations - [id: 0xc25feb92, L:/127.0.0.1:49880 - R:localhost/127.0.0.1:8081] Received last HTTP packet
20:29:40.152 [reactor-http-nio-2] DEBUG reactor.netty.resources.PooledConnectionProvider - [id: 0x5921853c, L:/127.0.0.1:49928 - R:localhost/127.0.0.1:8081] onStateChange(GET{uri=/getUserLocation?userId=bf2c050f-213c-48ef-bb4e-0543efd031ca, connection=PooledConnection{channel=[id: 0x5921853c, L:/127.0.0.1:49928 - R:localhost/127.0.0.1:8081]}}, [response_received])
20:29:40.152 [reactor-http-nio-2] DEBUG org.springframework.web.reactive.function.client.ExchangeFunctions - [2625eb46] Response 200 OK
20:29:40.152 [reactor-http-nio-10] DEBUG org.springframework.core.codec.StringDecoder - [72600c64] Decoded "{"userId":"7c877f07-86fd-47bb-83d0-6f0bfd013479","location":{"longitude":-2.756229,"latitude":13.46 (truncated)...
20:29:40.152 [reactor-http-nio-10] DEBUG reactor.netty.resources.PooledConnectionProvider - [id: 0xc25feb92, L:/127.0.0.1:49880 - R:localhost/127.0.0.1:8081] onStateChange(GET{uri=/getUserLocation?userId=7c877f07-86fd-47bb-83d0-6f0bfd013479, connection=PooledConnection{channel=[id: 0xc25feb92, L:/127.0.0.1:49880 - R:localhost/127.0.0.1:8081]}}, [disconnecting])
20:29:40.152 [reactor-http-nio-10] DEBUG reactor.netty.resources.PooledConnectionProvider - [id: 0xc25feb92, L:/127.0.0.1:49880 - R:localhost/127.0.0.1:8081] Releasing channel
20:29:40.152 [reactor-http-nio-10] DEBUG reactor.netty.resources.PooledConnectionProvider - [id: 0xc25feb92, L:/127.0.0.1:49880 - R:localhost/127.0.0.1:8081] Channel cleaned, now 25 active connections and 41 inactive connections
20:29:40.153 [reactor-http-nio-11] DEBUG reactor.netty.http.client.HttpClientOperations - [id: 0x5f76b813, L:/127.0.0.1:49921 - R:localhost/127.0.0.1:8081] Received response (auto-read:false) : [Content-Type=application/json, Transfer-Encoding=chunked, Date=Tue, 29 Jun 2021 14:59:39 GMT]
20:29:40.152 [reactor-http-nio-13] DEBUG reactor.netty.http.client.HttpClientOperations - [id: 0xfae62b5e, L:/127.0.0.1:49890 - R:localhost/127.0.0.1:8081] Received response (auto-read:false) : [Content-Type=application/json, Transfer-Encoding=chunked, Date=Tue, 29 Jun 2021 14:59:39 GMT]
20:29:40.152 [pool-13-thread-11] DEBUG org.springframework.web.reactive.function.client.ExchangeFunctions - [3aec9f29] HTTP GET http://localhost:8081/getAttractions
20:29:40.153 [reactor-http-nio-13] DEBUG reactor.netty.resources.PooledConnectionProvider - [id: 0xfae62b5e, L:/127.0.0.1:49890 - R:localhost/127.0.0.1:8081] onStateChange(GET{uri=/getUserLocation?userId=3e630fb2-15b4-4423-9fb4-be64dabf18dc, connection=PooledConnection{channel=[id: 0xfae62b5e, L:/127.0.0.1:49890 - R:localhost/127.0.0.1:8081]}}, [response_received])
20:29:40.153 [reactor-http-nio-13] DEBUG org.springframework.web.reactive.function.client.ExchangeFunctions - [647920ed] Response 200 OK
20:29:40.153 [reactor-http-nio-11] DEBUG reactor.netty.resources.PooledConnectionProvider - [id: 0x5f76b813, L:/127.0.0.1:49921 - R:localhost/127.0.0.1:8081] onStateChange(GET{uri=/getAttractions, connection=PooledConnection{channel=[id: 0x5f76b813, L:/127.0.0.1:49921 - R:localhost/127.0.0.1:8081]}}, [response_received])
20:29:40.153 [reactor-http-nio-11] DEBUG org.springframework.web.reactive.function.client.ExchangeFunctions - [19f873c8] Response 200 OK
20:29:40.153 [reactor-http-nio-13] DEBUG reactor.netty.channel.FluxReceive - [id: 0xfae62b5e, L:/127.0.0.1:49890 - R:localhost/127.0.0.1:8081] Subscribing inbound receiver [pending: 0, cancelled:false, inboundDone: false]
20:29:40.153 [reactor-http-nio-13] DEBUG reactor.netty.http.client.HttpClientOperations - [id: 0xfae62b5e, L:/127.0.0.1:49890 - R:localhost/127.0.0.1:8081] Received last HTTP packet
20:29:40.153 [reactor-http-nio-15] DEBUG reactor.netty.resources.PooledConnectionProvider - [id: 0x0f728531, L:/127.0.0.1:49904 - R:localhost/127.0.0.1:8081] Channel acquired, now 26 active connections and 40 inactive connections
20:29:40.153 [reactor-http-nio-13] DEBUG org.springframework.core.codec.StringDecoder - [647920ed] Decoded "{"userId":"3e630fb2-15b4-4423-9fb4-be64dabf18dc","location":{"longitude":77.345466,"latitude":29.41 (truncated)...
20:29:40.153 [reactor-http-nio-13] DEBUG reactor.netty.resources.PooledConnectionProvider - [id: 0xfae62b5e, L:/127.0.0.1:49890 - R:localhost/127.0.0.1:8081] onStateChange(GET{uri=/getUserLocation?userId=3e630fb2-15b4-4423-9fb4-be64dabf18dc, connection=PooledConnection{channel=[id: 0xfae62b5e, L:/127.0.0.1:49890 - R:localhost/127.0.0.1:8081]}}, [disconnecting])
20:29:40.153 [reactor-http-nio-13] DEBUG reactor.netty.resources.PooledConnectionProvider - [id: 0xfae62b5e, L:/127.0.0.1:49890 - R:localhost/127.0.0.1:8081] Releasing channel
20:29:40.153 [reactor-http-nio-15] DEBUG reactor.netty.http.client.HttpClientConnect - [id: 0x0f728531, L:/127.0.0.1:49904 - R:localhost/127.0.0.1:8081] Handler is being applied: {uri=http://localhost:8081/getAttractions, method=GET}
20:29:40.153 [reactor-http-nio-2] DEBUG reactor.netty.channel.FluxReceive - [id: 0x5921853c, L:/127.0.0.1:49928 - R:localhost/127.0.0.1:8081] Subscribing inbound receiver [pending: 0, cancelled:false, inboundDone: false]
20:29:40.153 [reactor-http-nio-11] DEBUG reactor.netty.channel.FluxReceive - [id: 0x5f76b813, L:/127.0.0.1:49921 - R:localhost/127.0.0.1:8081] Subscribing inbound receiver [pending: 0, cancelled:false, inboundDone: false]
20:29:40.154 [reactor-http-nio-2] DEBUG reactor.netty.http.client.HttpClientOperations - [id: 0x5921853c, L:/127.0.0.1:49928 - R:localhost/127.0.0.1:8081] Received last HTTP packet
20:29:40.153 [reactor-http-nio-13] DEBUG reactor.netty.resources.PooledConnectionProvider - [id: 0xfae62b5e, L:/127.0.0.1:49890 - R:localhost/127.0.0.1:8081] Channel cleaned, now 25 active connections and 41 inactive connections
20:29:40.154 [reactor-http-nio-2] DEBUG org.springframework.core.codec.StringDecoder - [2625eb46] Decoded "{"userId":"bf2c050f-213c-48ef-bb4e-0543efd031ca","location":{"longitude":108.616758,"latitude":55.1 (truncated)...
20:29:40.154 [reactor-http-nio-13] DEBUG reactor.netty.resources.PooledConnectionProvider - [id: 0x0f3e4556, L:/127.0.0.1:49918 - R:localhost/127.0.0.1:8081] Channel acquired, now 26 active connections and 40 inactive connections
20:29:40.154 [reactor-http-nio-13] DEBUG reactor.netty.http.client.HttpClientConnect - [id: 0x0f3e4556, L:/127.0.0.1:49918 - R:localhost/127.0.0.1:8081] Handler is being applied: {uri=http://localhost:8081/getAttractions, method=GET}
20:29:40.154 [reactor-http-nio-15] DEBUG reactor.netty.resources.PooledConnectionProvider - [id: 0x0f728531, L:/127.0.0.1:49904 - R:localhost/127.0.0.1:8081] onStateChange(GET{uri=/getAttractions, connection=PooledConnection{channel=[id: 0x0f728531, L:/127.0.0.1:49904 - R:localhost/127.0.0.1:8081]}}, [request_sent])
20:29:40.154 [pool-12-thread-1] DEBUG org.springframework.web.reactive.function.client.ExchangeFunctions - [37629c4c] HTTP GET http://localhost:8081/getAttractions
20:29:40.154 [reactor-http-nio-2] DEBUG reactor.netty.resources.PooledConnectionProvider - [id: 0x5921853c, L:/127.0.0.1:49928 - R:localhost/127.0.0.1:8081] onStateChange(GET{uri=/getUserLocation?userId=bf2c050f-213c-48ef-bb4e-0543efd031ca, connection=PooledConnection{channel=[id: 0x5921853c, L:/127.0.0.1:49928 - R:localhost/127.0.0.1:8081]}}, [disconnecting])
20:29:40.154 [reactor-http-nio-2] DEBUG reactor.netty.resources.PooledConnectionProvider - [id: 0x5921853c, L:/127.0.0.1:49928 - R:localhost/127.0.0.1:8081] Releasing channel
20:29:40.154 [reactor-http-nio-2] DEBUG reactor.netty.resources.PooledConnectionProvider - [id: 0x5921853c, L:/127.0.0.1:49928 - R:localhost/127.0.0.1:8081] Channel cleaned, now 25 active connections and 41 inactive connections
20:29:40.154 [reactor-http-nio-13] DEBUG reactor.netty.resources.PooledConnectionProvider - [id: 0x0f3e4556, L:/127.0.0.1:49918 - R:localhost/127.0.0.1:8081] onStateChange(GET{uri=/getAttractions, connection=PooledConnection{channel=[id: 0x0f3e4556, L:/127.0.0.1:49918 - R:localhost/127.0.0.1:8081]}}, [request_sent])
20:29:40.154 [reactor-http-nio-11] DEBUG reactor.netty.http.client.HttpClientOperations - [id: 0x5f76b813, L:/127.0.0.1:49921 - R:localhost/127.0.0.1:8081] Received last HTTP packet
20:29:40.155 [reactor-http-nio-11] DEBUG org.springframework.core.codec.StringDecoder - [19f873c8] Decoded "[{"longitude":-117.922008,"latitude":33.817595,"attractionName":"Disneyland","city":"Anaheim","stat (truncated)...
20:29:40.155 [reactor-http-nio-11] DEBUG reactor.netty.resources.PooledConnectionProvider - [id: 0x5f76b813, L:/127.0.0.1:49921 - R:localhost/127.0.0.1:8081] onStateChange(GET{uri=/getAttractions, connection=PooledConnection{channel=[id: 0x5f76b813, L:/127.0.0.1:49921 - R:localhost/127.0.0.1:8081]}}, [disconnecting])
20:29:40.155 [reactor-http-nio-11] DEBUG reactor.netty.resources.PooledConnectionProvider - [id: 0x5f76b813, L:/127.0.0.1:49921 - R:localhost/127.0.0.1:8081] Releasing channel
20:29:40.155 [reactor-http-nio-11] DEBUG reactor.netty.resources.PooledConnectionProvider - [id: 0x5f76b813, L:/127.0.0.1:49921 - R:localhost/127.0.0.1:8081] Channel cleaned, now 24 active connections and 42 inactive connections
20:29:40.155 [pool-13-thread-1] DEBUG org.springframework.web.reactive.function.client.ExchangeFunctions - [217ba206] HTTP GET http://localhost:8081/getAttractions
20:29:40.155 [reactor-http-nio-12] DEBUG reactor.netty.resources.PooledConnectionProvider - [id: 0x715de37b, L:/127.0.0.1:49908 - R:localhost/127.0.0.1:8081] Channel acquired, now 25 active connections and 41 inactive connections
20:29:40.155 [reactor-http-nio-12] DEBUG reactor.netty.http.client.HttpClientConnect - [id: 0x715de37b, L:/127.0.0.1:49908 - R:localhost/127.0.0.1:8081] Handler is being applied: {uri=http://localhost:8081/getAttractions, method=GET}
20:29:40.155 [pool-13-thread-12] DEBUG org.springframework.web.reactive.function.client.ExchangeFunctions - [632771e6] HTTP GET http://localhost:8081/getAttractions
20:29:40.155 [reactor-http-nio-2] DEBUG reactor.netty.resources.PooledConnectionProvider - [id: 0x3a160202, L:/127.0.0.1:49876 - R:localhost/127.0.0.1:8081] Channel acquired, now 26 active connections and 40 inactive connections
20:29:40.155 [reactor-http-nio-2] DEBUG reactor.netty.http.client.HttpClientConnect - [id: 0x3a160202, L:/127.0.0.1:49876 - R:localhost/127.0.0.1:8081] Handler is being applied: {uri=http://localhost:8081/getAttractions, method=GET}
20:29:40.155 [reactor-http-nio-12] DEBUG reactor.netty.resources.PooledConnectionProvider - [id: 0x715de37b, L:/127.0.0.1:49908 - R:localhost/127.0.0.1:8081] onStateChange(GET{uri=/getAttractions, connection=PooledConnection{channel=[id: 0x715de37b, L:/127.0.0.1:49908 - R:localhost/127.0.0.1:8081]}}, [request_sent])
20:29:40.155 [reactor-http-nio-15] DEBUG reactor.netty.resources.PooledConnectionProvider - [id: 0x05482a00, L:/127.0.0.1:49865 - R:localhost/127.0.0.1:8081] Channel acquired, now 27 active connections and 39 inactive connections
20:29:40.155 [reactor-http-nio-15] DEBUG reactor.netty.http.client.HttpClientConnect - [id: 0x05482a00, L:/127.0.0.1:49865 - R:localhost/127.0.0.1:8081] Handler is being applied: {uri=http://localhost:8081/getAttractions, method=GET}
20:29:40.155 [reactor-http-nio-2] DEBUG reactor.netty.resources.PooledConnectionProvider - [id: 0x3a160202, L:/127.0.0.1:49876 - R:localhost/127.0.0.1:8081] onStateChange(GET{uri=/getAttractions, connection=PooledConnection{channel=[id: 0x3a160202, L:/127.0.0.1:49876 - R:localhost/127.0.0.1:8081]}}, [request_sent])
20:29:40.156 [reactor-http-nio-15] DEBUG reactor.netty.resources.PooledConnectionProvider - [id: 0x05482a00, L:/127.0.0.1:49865 - R:localhost/127.0.0.1:8081] onStateChange(GET{uri=/getAttractions, connection=PooledConnection{channel=[id: 0x05482a00, L:/127.0.0.1:49865 - R:localhost/127.0.0.1:8081]}}, [request_sent])
20:29:40.156 [reactor-http-nio-11] DEBUG reactor.netty.http.client.HttpClientOperations - [id: 0x543091a3, L:/127.0.0.1:49885 - R:localhost/127.0.0.1:8081] Received response (auto-read:false) : [Content-Type=application/json, Transfer-Encoding=chunked, Date=Tue, 29 Jun 2021 14:59:39 GMT]
20:29:40.156 [reactor-http-nio-11] DEBUG reactor.netty.resources.PooledConnectionProvider - [id: 0x543091a3, L:/127.0.0.1:49885 - R:localhost/127.0.0.1:8081] onStateChange(GET{uri=/getUserLocation?userId=f7f2a7ab-678b-4f01-94c6-5e54bef7d6b9, connection=PooledConnection{channel=[id: 0x543091a3, L:/127.0.0.1:49885 - R:localhost/127.0.0.1:8081]}}, [response_received])
20:29:40.156 [reactor-http-nio-15] DEBUG reactor.netty.http.client.HttpClientOperations - [id: 0xefe012b0, L:/127.0.0.1:49889 - R:localhost/127.0.0.1:8081] Received response (auto-read:false) : [Content-Type=application/json, Transfer-Encoding=chunked, Date=Tue, 29 Jun 2021 14:59:39 GMT]
20:29:40.156 [reactor-http-nio-15] DEBUG reactor.netty.resources.PooledConnectionProvider - [id: 0xefe012b0, L:/127.0.0.1:49889 - R:localhost/127.0.0.1:8081] onStateChange(GET{uri=/getUserLocation?userId=d5071696-2a77-4038-9e02-5f684573ec83, connection=PooledConnection{channel=[id: 0xefe012b0, L:/127.0.0.1:49889 - R:localhost/127.0.0.1:8081]}}, [response_received])
20:29:40.156 [reactor-http-nio-11] DEBUG org.springframework.web.reactive.function.client.ExchangeFunctions - [4d23748f] Response 200 OK
20:29:40.156 [reactor-http-nio-15] DEBUG org.springframework.web.reactive.function.client.ExchangeFunctions - [7d67d3e] Response 200 OK
20:29:40.156 [reactor-http-nio-15] DEBUG reactor.netty.channel.FluxReceive - [id: 0xefe012b0, L:/127.0.0.1:49889 - R:localhost/127.0.0.1:8081] Subscribing inbound receiver [pending: 0, cancelled:false, inboundDone: false]
20:29:40.156 [reactor-http-nio-11] DEBUG reactor.netty.channel.FluxReceive - [id: 0x543091a3, L:/127.0.0.1:49885 - R:localhost/127.0.0.1:8081] Subscribing inbound receiver [pending: 0, cancelled:false, inboundDone: false]
20:29:40.157 [reactor-http-nio-15] DEBUG reactor.netty.http.client.HttpClientOperations - [id: 0xefe012b0, L:/127.0.0.1:49889 - R:localhost/127.0.0.1:8081] Received last HTTP packet
20:29:40.157 [reactor-http-nio-11] DEBUG reactor.netty.http.client.HttpClientOperations - [id: 0x543091a3, L:/127.0.0.1:49885 - R:localhost/127.0.0.1:8081] Received last HTTP packet
20:29:40.157 [reactor-http-nio-15] DEBUG org.springframework.core.codec.StringDecoder - [7d67d3e] Decoded "{"userId":"d5071696-2a77-4038-9e02-5f684573ec83","location":{"longitude":-46.240128,"latitude":0.57 (truncated)...
20:29:40.157 [reactor-http-nio-11] DEBUG org.springframework.core.codec.StringDecoder - [4d23748f] Decoded "{"userId":"f7f2a7ab-678b-4f01-94c6-5e54bef7d6b9","location":{"longitude":-99.49993,"latitude":-77.6 (truncated)...
20:29:40.157 [reactor-http-nio-15] DEBUG reactor.netty.resources.PooledConnectionProvider - [id: 0xefe012b0, L:/127.0.0.1:49889 - R:localhost/127.0.0.1:8081] onStateChange(GET{uri=/getUserLocation?userId=d5071696-2a77-4038-9e02-5f684573ec83, connection=PooledConnection{channel=[id: 0xefe012b0, L:/127.0.0.1:49889 - R:localhost/127.0.0.1:8081]}}, [disconnecting])
20:29:40.157 [reactor-http-nio-15] DEBUG reactor.netty.resources.PooledConnectionProvider - [id: 0xefe012b0, L:/127.0.0.1:49889 - R:localhost/127.0.0.1:8081] Releasing channel
20:29:40.157 [reactor-http-nio-15] DEBUG reactor.netty.resources.PooledConnectionProvider - [id: 0xefe012b0, L:/127.0.0.1:49889 - R:localhost/127.0.0.1:8081] Channel cleaned, now 26 active connections and 40 inactive connections
20:29:40.157 [reactor-http-nio-11] DEBUG reactor.netty.resources.PooledConnectionProvider - [id: 0x543091a3, L:/127.0.0.1:49885 - R:localhost/127.0.0.1:8081] onStateChange(GET{uri=/getUserLocation?userId=f7f2a7ab-678b-4f01-94c6-5e54bef7d6b9, connection=PooledConnection{channel=[id: 0x543091a3, L:/127.0.0.1:49885 - R:localhost/127.0.0.1:8081]}}, [disconnecting])
20:29:40.157 [reactor-http-nio-11] DEBUG reactor.netty.resources.PooledConnectionProvider - [id: 0x543091a3, L:/127.0.0.1:49885 - R:localhost/127.0.0.1:8081] Releasing channel
20:29:40.157 [reactor-http-nio-11] DEBUG reactor.netty.resources.PooledConnectionProvider - [id: 0x543091a3, L:/127.0.0.1:49885 - R:localhost/127.0.0.1:8081] Channel cleaned, now 25 active connections and 41 inactive connections
20:29:40.158 [pool-13-thread-32] DEBUG org.springframework.web.reactive.function.client.ExchangeFunctions - [821f34f] HTTP GET http://localhost:8081/getAttractions
20:29:40.158 [pool-13-thread-46] DEBUG org.springframework.web.reactive.function.client.ExchangeFunctions - [42d4f3a0] HTTP GET http://localhost:8081/getAttractions
20:29:40.158 [reactor-http-nio-11] DEBUG reactor.netty.resources.PooledConnectionProvider - [id: 0xb9e4c7b3, L:/127.0.0.1:49933 - R:localhost/127.0.0.1:8081] Channel acquired, now 26 active connections and 40 inactive connections
20:29:40.158 [reactor-http-nio-13] DEBUG reactor.netty.resources.PooledConnectionProvider - [id: 0xef273551, L:/127.0.0.1:49919 - R:localhost/127.0.0.1:8081] Channel acquired, now 27 active connections and 39 inactive connections
20:29:40.158 [reactor-http-nio-11] DEBUG reactor.netty.http.client.HttpClientConnect - [id: 0xb9e4c7b3, L:/127.0.0.1:49933 - R:localhost/127.0.0.1:8081] Handler is being applied: {uri=http://localhost:8081/getAttractions, method=GET}
20:29:40.158 [reactor-http-nio-13] DEBUG reactor.netty.http.client.HttpClientConnect - [id: 0xef273551, L:/127.0.0.1:49919 - R:localhost/127.0.0.1:8081] Handler is being applied: {uri=http://localhost:8081/getAttractions, method=GET}
20:29:40.159 [reactor-http-nio-11] DEBUG reactor.netty.resources.PooledConnectionProvider - [id: 0xb9e4c7b3, L:/127.0.0.1:49933 - R:localhost/127.0.0.1:8081] onStateChange(GET{uri=/getAttractions, connection=PooledConnection{channel=[id: 0xb9e4c7b3, L:/127.0.0.1:49933 - R:localhost/127.0.0.1:8081]}}, [request_sent])
20:29:40.159 [reactor-http-nio-13] DEBUG reactor.netty.resources.PooledConnectionProvider - [id: 0xef273551, L:/127.0.0.1:49919 - R:localhost/127.0.0.1:8081] onStateChange(GET{uri=/getAttractions, connection=PooledConnection{channel=[id: 0xef273551, L:/127.0.0.1:49919 - R:localhost/127.0.0.1:8081]}}, [request_sent])
20:29:40.164 [reactor-http-nio-10] DEBUG reactor.netty.http.client.HttpClientOperations - [id: 0x333c1bf0, L:/127.0.0.1:49905 - R:localhost/127.0.0.1:8081] Received response (auto-read:false) : [Content-Type=application/json, Transfer-Encoding=chunked, Date=Tue, 29 Jun 2021 14:59:39 GMT]
20:29:40.164 [reactor-http-nio-13] DEBUG reactor.netty.http.client.HttpClientOperations - [id: 0x99ebd170, L:/127.0.0.1:49872 - R:localhost/127.0.0.1:8081] Received response (auto-read:false) : [Content-Type=application/json, Transfer-Encoding=chunked, Date=Tue, 29 Jun 2021 14:59:39 GMT]
20:29:40.164 [reactor-http-nio-10] DEBUG reactor.netty.resources.PooledConnectionProvider - [id: 0x333c1bf0, L:/127.0.0.1:49905 - R:localhost/127.0.0.1:8081] onStateChange(GET{uri=/getAttractions, connection=PooledConnection{channel=[id: 0x333c1bf0, L:/127.0.0.1:49905 - R:localhost/127.0.0.1:8081]}}, [response_received])
20:29:40.164 [reactor-http-nio-13] DEBUG reactor.netty.resources.PooledConnectionProvider - [id: 0x99ebd170, L:/127.0.0.1:49872 - R:localhost/127.0.0.1:8081] onStateChange(GET{uri=/getAttractions, connection=PooledConnection{channel=[id: 0x99ebd170, L:/127.0.0.1:49872 - R:localhost/127.0.0.1:8081]}}, [response_received])
20:29:40.164 [reactor-http-nio-10] DEBUG org.springframework.web.reactive.function.client.ExchangeFunctions - [2e1bccb] Response 200 OK
20:29:40.164 [reactor-http-nio-13] DEBUG org.springframework.web.reactive.function.client.ExchangeFunctions - [38f0ab41] Response 200 OK
20:29:40.164 [reactor-http-nio-10] DEBUG reactor.netty.channel.FluxReceive - [id: 0x333c1bf0, L:/127.0.0.1:49905 - R:localhost/127.0.0.1:8081] Subscribing inbound receiver [pending: 0, cancelled:false, inboundDone: false]
20:29:40.164 [reactor-http-nio-13] DEBUG reactor.netty.channel.FluxReceive - [id: 0x99ebd170, L:/127.0.0.1:49872 - R:localhost/127.0.0.1:8081] Subscribing inbound receiver [pending: 0, cancelled:false, inboundDone: false]
20:29:40.164 [reactor-http-nio-10] DEBUG reactor.netty.http.client.HttpClientOperations - [id: 0x333c1bf0, L:/127.0.0.1:49905 - R:localhost/127.0.0.1:8081] Received last HTTP packet
20:29:40.164 [reactor-http-nio-13] DEBUG reactor.netty.http.client.HttpClientOperations - [id: 0x99ebd170, L:/127.0.0.1:49872 - R:localhost/127.0.0.1:8081] Received last HTTP packet
20:29:40.165 [reactor-http-nio-10] DEBUG org.springframework.core.codec.StringDecoder - [2e1bccb] Decoded "[{"longitude":-117.922008,"latitude":33.817595,"attractionName":"Disneyland","city":"Anaheim","stat (truncated)...
20:29:40.165 [reactor-http-nio-13] DEBUG org.springframework.core.codec.StringDecoder - [38f0ab41] Decoded "[{"longitude":-117.922008,"latitude":33.817595,"attractionName":"Disneyland","city":"Anaheim","stat (truncated)...
20:29:40.165 [reactor-http-nio-10] DEBUG reactor.netty.resources.PooledConnectionProvider - [id: 0x333c1bf0, L:/127.0.0.1:49905 - R:localhost/127.0.0.1:8081] onStateChange(GET{uri=/getAttractions, connection=PooledConnection{channel=[id: 0x333c1bf0, L:/127.0.0.1:49905 - R:localhost/127.0.0.1:8081]}}, [disconnecting])
20:29:40.165 [reactor-http-nio-10] DEBUG reactor.netty.resources.PooledConnectionProvider - [id: 0x333c1bf0, L:/127.0.0.1:49905 - R:localhost/127.0.0.1:8081] Releasing channel
20:29:40.165 [reactor-http-nio-10] DEBUG reactor.netty.resources.PooledConnectionProvider - [id: 0x333c1bf0, L:/127.0.0.1:49905 - R:localhost/127.0.0.1:8081] Channel cleaned, now 26 active connections and 40 inactive connections
20:29:40.165 [reactor-http-nio-13] DEBUG reactor.netty.resources.PooledConnectionProvider - [id: 0x99ebd170, L:/127.0.0.1:49872 - R:localhost/127.0.0.1:8081] onStateChange(GET{uri=/getAttractions, connection=PooledConnection{channel=[id: 0x99ebd170, L:/127.0.0.1:49872 - R:localhost/127.0.0.1:8081]}}, [disconnecting])
20:29:40.165 [reactor-http-nio-13] DEBUG reactor.netty.resources.PooledConnectionProvider - [id: 0x99ebd170, L:/127.0.0.1:49872 - R:localhost/127.0.0.1:8081] Releasing channel
20:29:40.165 [reactor-http-nio-13] DEBUG reactor.netty.resources.PooledConnectionProvider - [id: 0x99ebd170, L:/127.0.0.1:49872 - R:localhost/127.0.0.1:8081] Channel cleaned, now 25 active connections and 41 inactive connections
20:29:40.166 [reactor-http-nio-15] DEBUG reactor.netty.http.client.HttpClientOperations - [id: 0x0f728531, L:/127.0.0.1:49904 - R:localhost/127.0.0.1:8081] Received response (auto-read:false) : [Content-Type=application/json, Transfer-Encoding=chunked, Date=Tue, 29 Jun 2021 14:59:39 GMT]
20:29:40.166 [reactor-http-nio-15] DEBUG reactor.netty.resources.PooledConnectionProvider - [id: 0x0f728531, L:/127.0.0.1:49904 - R:localhost/127.0.0.1:8081] onStateChange(GET{uri=/getAttractions, connection=PooledConnection{channel=[id: 0x0f728531, L:/127.0.0.1:49904 - R:localhost/127.0.0.1:8081]}}, [response_received])
20:29:40.166 [reactor-http-nio-15] DEBUG org.springframework.web.reactive.function.client.ExchangeFunctions - [3aec9f29] Response 200 OK
20:29:40.166 [reactor-http-nio-13] DEBUG reactor.netty.http.client.HttpClientOperations - [id: 0x0f3e4556, L:/127.0.0.1:49918 - R:localhost/127.0.0.1:8081] Received response (auto-read:false) : [Content-Type=application/json, Transfer-Encoding=chunked, Date=Tue, 29 Jun 2021 14:59:39 GMT]
20:29:40.166 [reactor-http-nio-13] DEBUG reactor.netty.resources.PooledConnectionProvider - [id: 0x0f3e4556, L:/127.0.0.1:49918 - R:localhost/127.0.0.1:8081] onStateChange(GET{uri=/getAttractions, connection=PooledConnection{channel=[id: 0x0f3e4556, L:/127.0.0.1:49918 - R:localhost/127.0.0.1:8081]}}, [response_received])
20:29:40.166 [reactor-http-nio-10] DEBUG reactor.netty.http.client.HttpClientOperations - [id: 0xb1e8f457, L:/127.0.0.1:49935 - R:localhost/127.0.0.1:8081] Received response (auto-read:false) : [Content-Type=application/json, Transfer-Encoding=chunked, Date=Tue, 29 Jun 2021 14:59:39 GMT]
20:29:40.166 [reactor-http-nio-10] DEBUG reactor.netty.resources.PooledConnectionProvider - [id: 0xb1e8f457, L:/127.0.0.1:49935 - R:localhost/127.0.0.1:8081] onStateChange(GET{uri=/getUserLocation?userId=c73a0f0b-b840-4ae9-ae56-1cfe8545d82c, connection=PooledConnection{channel=[id: 0xb1e8f457, L:/127.0.0.1:49935 - R:localhost/127.0.0.1:8081]}}, [response_received])
20:29:40.166 [reactor-http-nio-13] DEBUG org.springframework.web.reactive.function.client.ExchangeFunctions - [253ea39c] Response 200 OK
20:29:40.166 [reactor-http-nio-10] DEBUG org.springframework.web.reactive.function.client.ExchangeFunctions - [79a5d2c9] Response 200 OK
20:29:40.166 [reactor-http-nio-10] DEBUG reactor.netty.channel.FluxReceive - [id: 0xb1e8f457, L:/127.0.0.1:49935 - R:localhost/127.0.0.1:8081] Subscribing inbound receiver [pending: 0, cancelled:false, inboundDone: false]
20:29:40.166 [reactor-http-nio-10] DEBUG reactor.netty.http.client.HttpClientOperations - [id: 0xb1e8f457, L:/127.0.0.1:49935 - R:localhost/127.0.0.1:8081] Received last HTTP packet
20:29:40.166 [reactor-http-nio-15] DEBUG reactor.netty.channel.FluxReceive - [id: 0x0f728531, L:/127.0.0.1:49904 - R:localhost/127.0.0.1:8081] Subscribing inbound receiver [pending: 0, cancelled:false, inboundDone: false]
20:29:40.167 [reactor-http-nio-10] DEBUG org.springframework.core.codec.StringDecoder - [79a5d2c9] Decoded "{"userId":"c73a0f0b-b840-4ae9-ae56-1cfe8545d82c","location":{"longitude":-132.250391,"latitude":17. (truncated)...
20:29:40.167 [reactor-http-nio-13] DEBUG reactor.netty.channel.FluxReceive - [id: 0x0f3e4556, L:/127.0.0.1:49918 - R:localhost/127.0.0.1:8081] Subscribing inbound receiver [pending: 0, cancelled:false, inboundDone: false]
20:29:40.166 [reactor-http-nio-2] DEBUG reactor.netty.http.client.HttpClientOperations - [id: 0xa9dc0f4b, L:/127.0.0.1:49924 - R:localhost/127.0.0.1:8081] Received response (auto-read:false) : [Content-Type=application/json, Transfer-Encoding=chunked, Date=Tue, 29 Jun 2021 14:59:39 GMT]
20:29:40.167 [reactor-http-nio-2] DEBUG reactor.netty.resources.PooledConnectionProvider - [id: 0xa9dc0f4b, L:/127.0.0.1:49924 - R:localhost/127.0.0.1:8081] onStateChange(GET{uri=/getUserLocation?userId=99db3442-ccf2-46a9-8f42-89ebb0745798, connection=PooledConnection{channel=[id: 0xa9dc0f4b, L:/127.0.0.1:49924 - R:localhost/127.0.0.1:8081]}}, [response_received])
20:29:40.167 [reactor-http-nio-2] DEBUG org.springframework.web.reactive.function.client.ExchangeFunctions - [223025c0] Response 200 OK
20:29:40.167 [reactor-http-nio-15] DEBUG reactor.netty.http.client.HttpClientOperations - [id: 0x0f728531, L:/127.0.0.1:49904 - R:localhost/127.0.0.1:8081] Received last HTTP packet
20:29:40.167 [reactor-http-nio-10] DEBUG reactor.netty.resources.PooledConnectionProvider - [id: 0xb1e8f457, L:/127.0.0.1:49935 - R:localhost/127.0.0.1:8081] onStateChange(GET{uri=/getUserLocation?userId=c73a0f0b-b840-4ae9-ae56-1cfe8545d82c, connection=PooledConnection{channel=[id: 0xb1e8f457, L:/127.0.0.1:49935 - R:localhost/127.0.0.1:8081]}}, [disconnecting])
20:29:40.167 [reactor-http-nio-10] DEBUG reactor.netty.resources.PooledConnectionProvider - [id: 0xb1e8f457, L:/127.0.0.1:49935 - R:localhost/127.0.0.1:8081] Releasing channel
20:29:40.167 [reactor-http-nio-12] DEBUG reactor.netty.http.client.HttpClientOperations - [id: 0x715de37b, L:/127.0.0.1:49908 - R:localhost/127.0.0.1:8081] Received response (auto-read:false) : [Content-Type=application/json, Transfer-Encoding=chunked, Date=Tue, 29 Jun 2021 14:59:39 GMT]
20:29:40.167 [reactor-http-nio-2] DEBUG reactor.netty.channel.FluxReceive - [id: 0xa9dc0f4b, L:/127.0.0.1:49924 - R:localhost/127.0.0.1:8081] Subscribing inbound receiver [pending: 0, cancelled:false, inboundDone: false]
20:29:40.167 [reactor-http-nio-12] DEBUG reactor.netty.resources.PooledConnectionProvider - [id: 0x715de37b, L:/127.0.0.1:49908 - R:localhost/127.0.0.1:8081] onStateChange(GET{uri=/getAttractions, connection=PooledConnection{channel=[id: 0x715de37b, L:/127.0.0.1:49908 - R:localhost/127.0.0.1:8081]}}, [response_received])
20:29:40.167 [reactor-http-nio-10] DEBUG reactor.netty.resources.PooledConnectionProvider - [id: 0xb1e8f457, L:/127.0.0.1:49935 - R:localhost/127.0.0.1:8081] Channel cleaned, now 24 active connections and 42 inactive connections
20:29:40.167 [reactor-http-nio-2] DEBUG reactor.netty.http.client.HttpClientOperations - [id: 0xa9dc0f4b, L:/127.0.0.1:49924 - R:localhost/127.0.0.1:8081] Received last HTTP packet
20:29:40.167 [reactor-http-nio-13] DEBUG reactor.netty.http.client.HttpClientOperations - [id: 0x0f3e4556, L:/127.0.0.1:49918 - R:localhost/127.0.0.1:8081] Received last HTTP packet
20:29:40.167 [reactor-http-nio-12] DEBUG org.springframework.web.reactive.function.client.ExchangeFunctions - [217ba206] Response 200 OK
20:29:40.167 [reactor-http-nio-2] DEBUG org.springframework.core.codec.StringDecoder - [223025c0] Decoded "{"userId":"99db3442-ccf2-46a9-8f42-89ebb0745798","location":{"longitude":42.50509,"latitude":38.356 (truncated)...
20:29:40.167 [reactor-http-nio-2] DEBUG reactor.netty.resources.PooledConnectionProvider - [id: 0xa9dc0f4b, L:/127.0.0.1:49924 - R:localhost/127.0.0.1:8081] onStateChange(GET{uri=/getUserLocation?userId=99db3442-ccf2-46a9-8f42-89ebb0745798, connection=PooledConnection{channel=[id: 0xa9dc0f4b, L:/127.0.0.1:49924 - R:localhost/127.0.0.1:8081]}}, [disconnecting])
20:29:40.167 [reactor-http-nio-2] DEBUG reactor.netty.resources.PooledConnectionProvider - [id: 0xa9dc0f4b, L:/127.0.0.1:49924 - R:localhost/127.0.0.1:8081] Releasing channel
20:29:40.167 [reactor-http-nio-2] DEBUG reactor.netty.resources.PooledConnectionProvider - [id: 0xa9dc0f4b, L:/127.0.0.1:49924 - R:localhost/127.0.0.1:8081] Channel cleaned, now 23 active connections and 43 inactive connections
20:29:40.167 [reactor-http-nio-12] DEBUG reactor.netty.channel.FluxReceive - [id: 0x715de37b, L:/127.0.0.1:49908 - R:localhost/127.0.0.1:8081] Subscribing inbound receiver [pending: 0, cancelled:false, inboundDone: false]
20:29:40.168 [reactor-http-nio-13] DEBUG org.springframework.core.codec.StringDecoder - [253ea39c] Decoded "[{"longitude":-117.922008,"latitude":33.817595,"attractionName":"Disneyland","city":"Anaheim","stat (truncated)...
20:29:40.168 [reactor-http-nio-2] DEBUG reactor.netty.http.client.HttpClientOperations - [id: 0x3a160202, L:/127.0.0.1:49876 - R:localhost/127.0.0.1:8081] Received response (auto-read:false) : [Content-Type=application/json, Transfer-Encoding=chunked, Date=Tue, 29 Jun 2021 14:59:39 GMT]
20:29:40.168 [reactor-http-nio-2] DEBUG reactor.netty.resources.PooledConnectionProvider - [id: 0x3a160202, L:/127.0.0.1:49876 - R:localhost/127.0.0.1:8081] onStateChange(GET{uri=/getAttractions, connection=PooledConnection{channel=[id: 0x3a160202, L:/127.0.0.1:49876 - R:localhost/127.0.0.1:8081]}}, [response_received])
20:29:40.168 [reactor-http-nio-2] DEBUG org.springframework.web.reactive.function.client.ExchangeFunctions - [37629c4c] Response 200 OK
20:29:40.168 [reactor-http-nio-12] DEBUG reactor.netty.http.client.HttpClientOperations - [id: 0x715de37b, L:/127.0.0.1:49908 - R:localhost/127.0.0.1:8081] Received last HTTP packet
20:29:40.168 [reactor-http-nio-2] DEBUG reactor.netty.channel.FluxReceive - [id: 0x3a160202, L:/127.0.0.1:49876 - R:localhost/127.0.0.1:8081] Subscribing inbound receiver [pending: 0, cancelled:false, inboundDone: false]
20:29:40.168 [reactor-http-nio-12] DEBUG org.springframework.core.codec.StringDecoder - [217ba206] Decoded "[{"longitude":-117.922008,"latitude":33.817595,"attractionName":"Disneyland","city":"Anaheim","stat (truncated)...
20:29:40.168 [reactor-http-nio-12] DEBUG reactor.netty.resources.PooledConnectionProvider - [id: 0x715de37b, L:/127.0.0.1:49908 - R:localhost/127.0.0.1:8081] onStateChange(GET{uri=/getAttractions, connection=PooledConnection{channel=[id: 0x715de37b, L:/127.0.0.1:49908 - R:localhost/127.0.0.1:8081]}}, [disconnecting])
20:29:40.168 [reactor-http-nio-12] DEBUG reactor.netty.resources.PooledConnectionProvider - [id: 0x715de37b, L:/127.0.0.1:49908 - R:localhost/127.0.0.1:8081] Releasing channel
20:29:40.168 [reactor-http-nio-2] DEBUG reactor.netty.http.client.HttpClientOperations - [id: 0x3a160202, L:/127.0.0.1:49876 - R:localhost/127.0.0.1:8081] Received last HTTP packet
20:29:40.168 [reactor-http-nio-12] DEBUG reactor.netty.resources.PooledConnectionProvider - [id: 0x715de37b, L:/127.0.0.1:49908 - R:localhost/127.0.0.1:8081] Channel cleaned, now 22 active connections and 44 inactive connections
20:29:40.168 [reactor-http-nio-13] DEBUG reactor.netty.resources.PooledConnectionProvider - [id: 0x0f3e4556, L:/127.0.0.1:49918 - R:localhost/127.0.0.1:8081] onStateChange(GET{uri=/getAttractions, connection=PooledConnection{channel=[id: 0x0f3e4556, L:/127.0.0.1:49918 - R:localhost/127.0.0.1:8081]}}, [disconnecting])
20:29:40.168 [reactor-http-nio-13] DEBUG reactor.netty.resources.PooledConnectionProvider - [id: 0x0f3e4556, L:/127.0.0.1:49918 - R:localhost/127.0.0.1:8081] Releasing channel
20:29:40.168 [reactor-http-nio-13] DEBUG reactor.netty.resources.PooledConnectionProvider - [id: 0x0f3e4556, L:/127.0.0.1:49918 - R:localhost/127.0.0.1:8081] Channel cleaned, now 21 active connections and 45 inactive connections
20:29:40.168 [pool-13-thread-10] DEBUG org.springframework.web.reactive.function.client.ExchangeFunctions - [3ca74399] HTTP GET http://localhost:8081/getAttractions
20:29:40.168 [pool-13-thread-54] DEBUG org.springframework.web.reactive.function.client.ExchangeFunctions - [6732bfe2] HTTP GET http://localhost:8081/getAttractions
20:29:40.169 [reactor-http-nio-2] DEBUG org.springframework.core.codec.StringDecoder - [37629c4c] Decoded "[{"longitude":-117.922008,"latitude":33.817595,"attractionName":"Disneyland","city":"Anaheim","stat (truncated)...
20:29:40.169 [reactor-http-nio-2] DEBUG reactor.netty.resources.PooledConnectionProvider - [id: 0x3a160202, L:/127.0.0.1:49876 - R:localhost/127.0.0.1:8081] onStateChange(GET{uri=/getAttractions, connection=PooledConnection{channel=[id: 0x3a160202, L:/127.0.0.1:49876 - R:localhost/127.0.0.1:8081]}}, [disconnecting])
20:29:40.169 [reactor-http-nio-2] DEBUG reactor.netty.resources.PooledConnectionProvider - [id: 0x3a160202, L:/127.0.0.1:49876 - R:localhost/127.0.0.1:8081] Releasing channel
20:29:40.169 [reactor-http-nio-2] DEBUG reactor.netty.resources.PooledConnectionProvider - [id: 0x3a160202, L:/127.0.0.1:49876 - R:localhost/127.0.0.1:8081] Channel cleaned, now 20 active connections and 46 inactive connections
20:29:40.169 [reactor-http-nio-15] DEBUG org.springframework.core.codec.StringDecoder - [3aec9f29] Decoded "[{"longitude":-117.922008,"latitude":33.817595,"attractionName":"Disneyland","city":"Anaheim","stat (truncated)...
20:29:40.169 [reactor-http-nio-15] DEBUG reactor.netty.resources.PooledConnectionProvider - [id: 0x0f728531, L:/127.0.0.1:49904 - R:localhost/127.0.0.1:8081] onStateChange(GET{uri=/getAttractions, connection=PooledConnection{channel=[id: 0x0f728531, L:/127.0.0.1:49904 - R:localhost/127.0.0.1:8081]}}, [disconnecting])
20:29:40.169 [reactor-http-nio-15] DEBUG reactor.netty.resources.PooledConnectionProvider - [id: 0x0f728531, L:/127.0.0.1:49904 - R:localhost/127.0.0.1:8081] Releasing channel
20:29:40.169 [reactor-http-nio-15] DEBUG reactor.netty.resources.PooledConnectionProvider - [id: 0x0f728531, L:/127.0.0.1:49904 - R:localhost/127.0.0.1:8081] Channel cleaned, now 20 active connections and 46 inactive connections
20:29:40.169 [reactor-http-nio-12] DEBUG reactor.netty.resources.PooledConnectionProvider - [id: 0xc976ea3e, L:/127.0.0.1:49874 - R:localhost/127.0.0.1:8081] Channel acquired, now 20 active connections and 46 inactive connections
20:29:40.169 [reactor-http-nio-12] DEBUG reactor.netty.http.client.HttpClientConnect - [id: 0xc976ea3e, L:/127.0.0.1:49874 - R:localhost/127.0.0.1:8081] Handler is being applied: {uri=http://localhost:8081/getAttractions, method=GET}
20:29:40.169 [reactor-http-nio-2] DEBUG reactor.netty.resources.PooledConnectionProvider - [id: 0xbbc840e5, L:/127.0.0.1:49882 - R:localhost/127.0.0.1:8081] Channel acquired, now 21 active connections and 45 inactive connections
20:29:40.169 [reactor-http-nio-2] DEBUG reactor.netty.http.client.HttpClientConnect - [id: 0xbbc840e5, L:/127.0.0.1:49882 - R:localhost/127.0.0.1:8081] Handler is being applied: {uri=http://localhost:8081/getAttractions, method=GET}
20:29:40.169 [reactor-http-nio-15] DEBUG reactor.netty.http.client.HttpClientOperations - [id: 0x05482a00, L:/127.0.0.1:49865 - R:localhost/127.0.0.1:8081] Received response (auto-read:false) : [Content-Type=application/json, Transfer-Encoding=chunked, Date=Tue, 29 Jun 2021 14:59:39 GMT]
20:29:40.169 [reactor-http-nio-15] DEBUG reactor.netty.resources.PooledConnectionProvider - [id: 0x05482a00, L:/127.0.0.1:49865 - R:localhost/127.0.0.1:8081] onStateChange(GET{uri=/getAttractions, connection=PooledConnection{channel=[id: 0x05482a00, L:/127.0.0.1:49865 - R:localhost/127.0.0.1:8081]}}, [response_received])
20:29:40.169 [reactor-http-nio-15] DEBUG org.springframework.web.reactive.function.client.ExchangeFunctions - [632771e6] Response 200 OK
20:29:40.170 [reactor-http-nio-12] DEBUG reactor.netty.resources.PooledConnectionProvider - [id: 0xc976ea3e, L:/127.0.0.1:49874 - R:localhost/127.0.0.1:8081] onStateChange(GET{uri=/getAttractions, connection=PooledConnection{channel=[id: 0xc976ea3e, L:/127.0.0.1:49874 - R:localhost/127.0.0.1:8081]}}, [request_sent])
20:29:40.170 [reactor-http-nio-15] DEBUG reactor.netty.channel.FluxReceive - [id: 0x05482a00, L:/127.0.0.1:49865 - R:localhost/127.0.0.1:8081] Subscribing inbound receiver [pending: 0, cancelled:false, inboundDone: false]
20:29:40.170 [reactor-http-nio-15] DEBUG reactor.netty.http.client.HttpClientOperations - [id: 0x05482a00, L:/127.0.0.1:49865 - R:localhost/127.0.0.1:8081] Received last HTTP packet
20:29:40.170 [reactor-http-nio-2] DEBUG reactor.netty.resources.PooledConnectionProvider - [id: 0xbbc840e5, L:/127.0.0.1:49882 - R:localhost/127.0.0.1:8081] onStateChange(GET{uri=/getAttractions, connection=PooledConnection{channel=[id: 0xbbc840e5, L:/127.0.0.1:49882 - R:localhost/127.0.0.1:8081]}}, [request_sent])
20:29:40.170 [reactor-http-nio-15] DEBUG org.springframework.core.codec.StringDecoder - [632771e6] Decoded "[{"longitude":-117.922008,"latitude":33.817595,"attractionName":"Disneyland","city":"Anaheim","stat (truncated)...
20:29:40.170 [reactor-http-nio-15] DEBUG reactor.netty.resources.PooledConnectionProvider - [id: 0x05482a00, L:/127.0.0.1:49865 - R:localhost/127.0.0.1:8081] onStateChange(GET{uri=/getAttractions, connection=PooledConnection{channel=[id: 0x05482a00, L:/127.0.0.1:49865 - R:localhost/127.0.0.1:8081]}}, [disconnecting])
20:29:40.170 [reactor-http-nio-15] DEBUG reactor.netty.resources.PooledConnectionProvider - [id: 0x05482a00, L:/127.0.0.1:49865 - R:localhost/127.0.0.1:8081] Releasing channel
20:29:40.170 [pool-12-thread-1] DEBUG org.springframework.web.reactive.function.client.ExchangeFunctions - [c79ed73] HTTP GET http://localhost:8081/getUserLocation?userId=0cf06056-6136-4ad5-a952-6a1967221a28
20:29:40.171 [reactor-http-nio-15] DEBUG reactor.netty.resources.PooledConnectionProvider - [id: 0x05482a00, L:/127.0.0.1:49865 - R:localhost/127.0.0.1:8081] Channel cleaned, now 20 active connections and 46 inactive connections
20:29:40.171 [reactor-http-nio-14] DEBUG reactor.netty.http.client.HttpClientOperations - [id: 0x862a0562, L:/127.0.0.1:49894 - R:localhost/127.0.0.1:8081] Received response (auto-read:false) : [Content-Type=application/json, Transfer-Encoding=chunked, Date=Tue, 29 Jun 2021 14:59:39 GMT]
20:29:40.171 [reactor-http-nio-14] DEBUG reactor.netty.resources.PooledConnectionProvider - [id: 0x862a0562, L:/127.0.0.1:49894 - R:localhost/127.0.0.1:8081] onStateChange(GET{uri=/getUserLocation?userId=f9b2e52b-edbb-41a8-9a55-51e40e5479e2, connection=PooledConnection{channel=[id: 0x862a0562, L:/127.0.0.1:49894 - R:localhost/127.0.0.1:8081]}}, [response_received])
20:29:40.171 [reactor-http-nio-13] DEBUG reactor.netty.http.client.HttpClientOperations - [id: 0x6e1bd8e9, L:/127.0.0.1:49914 - R:localhost/127.0.0.1:8081] Received response (auto-read:false) : [Content-Type=application/json, Transfer-Encoding=chunked, Date=Tue, 29 Jun 2021 14:59:39 GMT]
20:29:40.171 [reactor-http-nio-13] DEBUG reactor.netty.resources.PooledConnectionProvider - [id: 0x6e1bd8e9, L:/127.0.0.1:49914 - R:localhost/127.0.0.1:8081] onStateChange(GET{uri=/getUserLocation?userId=64d49763-50d4-4306-96f4-a1438764341e, connection=PooledConnection{channel=[id: 0x6e1bd8e9, L:/127.0.0.1:49914 - R:localhost/127.0.0.1:8081]}}, [response_received])
20:29:40.171 [reactor-http-nio-14] DEBUG org.springframework.web.reactive.function.client.ExchangeFunctions - [3c734aa4] Response 200 OK
20:29:40.171 [reactor-http-nio-13] DEBUG org.springframework.web.reactive.function.client.ExchangeFunctions - [729d8d05] Response 200 OK
20:29:40.171 [reactor-http-nio-11] DEBUG reactor.netty.http.client.HttpClientOperations - [id: 0xb9e4c7b3, L:/127.0.0.1:49933 - R:localhost/127.0.0.1:8081] Received response (auto-read:false) : [Content-Type=application/json, Transfer-Encoding=chunked, Date=Tue, 29 Jun 2021 14:59:39 GMT]
20:29:40.171 [reactor-http-nio-11] DEBUG reactor.netty.resources.PooledConnectionProvider - [id: 0xb9e4c7b3, L:/127.0.0.1:49933 - R:localhost/127.0.0.1:8081] onStateChange(GET{uri=/getAttractions, connection=PooledConnection{channel=[id: 0xb9e4c7b3, L:/127.0.0.1:49933 - R:localhost/127.0.0.1:8081]}}, [response_received])
20:29:40.171 [reactor-http-nio-11] DEBUG org.springframework.web.reactive.function.client.ExchangeFunctions - [821f34f] Response 200 OK
20:29:40.171 [reactor-http-nio-13] DEBUG reactor.netty.channel.FluxReceive - [id: 0x6e1bd8e9, L:/127.0.0.1:49914 - R:localhost/127.0.0.1:8081] Subscribing inbound receiver [pending: 0, cancelled:false, inboundDone: false]
20:29:40.171 [reactor-http-nio-14] DEBUG reactor.netty.channel.FluxReceive - [id: 0x862a0562, L:/127.0.0.1:49894 - R:localhost/127.0.0.1:8081] Subscribing inbound receiver [pending: 0, cancelled:false, inboundDone: false]
20:29:40.171 [reactor-http-nio-13] DEBUG reactor.netty.http.client.HttpClientOperations - [id: 0x6e1bd8e9, L:/127.0.0.1:49914 - R:localhost/127.0.0.1:8081] Received last HTTP packet
20:29:40.171 [reactor-http-nio-13] DEBUG org.springframework.core.codec.StringDecoder - [729d8d05] Decoded "{"userId":"64d49763-50d4-4306-96f4-a1438764341e","location":{"longitude":131.989842,"latitude":-60. (truncated)...
20:29:40.171 [reactor-http-nio-13] DEBUG reactor.netty.resources.PooledConnectionProvider - [id: 0x6e1bd8e9, L:/127.0.0.1:49914 - R:localhost/127.0.0.1:8081] onStateChange(GET{uri=/getUserLocation?userId=64d49763-50d4-4306-96f4-a1438764341e, connection=PooledConnection{channel=[id: 0x6e1bd8e9, L:/127.0.0.1:49914 - R:localhost/127.0.0.1:8081]}}, [disconnecting])
20:29:40.171 [reactor-http-nio-13] DEBUG reactor.netty.resources.PooledConnectionProvider - [id: 0x6e1bd8e9, L:/127.0.0.1:49914 - R:localhost/127.0.0.1:8081] Releasing channel
20:29:40.171 [reactor-http-nio-13] DEBUG reactor.netty.resources.PooledConnectionProvider - [id: 0x6e1bd8e9, L:/127.0.0.1:49914 - R:localhost/127.0.0.1:8081] Channel cleaned, now 19 active connections and 47 inactive connections
20:29:40.171 [reactor-http-nio-11] DEBUG reactor.netty.channel.FluxReceive - [id: 0xb9e4c7b3, L:/127.0.0.1:49933 - R:localhost/127.0.0.1:8081] Subscribing inbound receiver [pending: 0, cancelled:false, inboundDone: false]
20:29:40.171 [reactor-http-nio-14] DEBUG reactor.netty.http.client.HttpClientOperations - [id: 0x862a0562, L:/127.0.0.1:49894 - R:localhost/127.0.0.1:8081] Received last HTTP packet
20:29:40.172 [reactor-http-nio-13] DEBUG reactor.netty.http.client.HttpClientOperations - [id: 0xef273551, L:/127.0.0.1:49919 - R:localhost/127.0.0.1:8081] Received response (auto-read:false) : [Content-Type=application/json, Transfer-Encoding=chunked, Date=Tue, 29 Jun 2021 14:59:39 GMT]
20:29:40.172 [reactor-http-nio-13] DEBUG reactor.netty.resources.PooledConnectionProvider - [id: 0xef273551, L:/127.0.0.1:49919 - R:localhost/127.0.0.1:8081] onStateChange(GET{uri=/getAttractions, connection=PooledConnection{channel=[id: 0xef273551, L:/127.0.0.1:49919 - R:localhost/127.0.0.1:8081]}}, [response_received])
20:29:40.172 [reactor-http-nio-14] DEBUG org.springframework.core.codec.StringDecoder - [3c734aa4] Decoded "{"userId":"f9b2e52b-edbb-41a8-9a55-51e40e5479e2","location":{"longitude":-150.538789,"latitude":71. (truncated)...
20:29:40.172 [reactor-http-nio-14] DEBUG reactor.netty.resources.PooledConnectionProvider - [id: 0x862a0562, L:/127.0.0.1:49894 - R:localhost/127.0.0.1:8081] onStateChange(GET{uri=/getUserLocation?userId=f9b2e52b-edbb-41a8-9a55-51e40e5479e2, connection=PooledConnection{channel=[id: 0x862a0562, L:/127.0.0.1:49894 - R:localhost/127.0.0.1:8081]}}, [disconnecting])
20:29:40.172 [reactor-http-nio-14] DEBUG reactor.netty.resources.PooledConnectionProvider - [id: 0x862a0562, L:/127.0.0.1:49894 - R:localhost/127.0.0.1:8081] Releasing channel
20:29:40.172 [reactor-http-nio-14] DEBUG reactor.netty.resources.PooledConnectionProvider - [id: 0x862a0562, L:/127.0.0.1:49894 - R:localhost/127.0.0.1:8081] Channel cleaned, now 18 active connections and 48 inactive connections
20:29:40.172 [reactor-http-nio-11] DEBUG reactor.netty.http.client.HttpClientOperations - [id: 0xb9e4c7b3, L:/127.0.0.1:49933 - R:localhost/127.0.0.1:8081] Received last HTTP packet
20:29:40.172 [reactor-http-nio-13] DEBUG org.springframework.web.reactive.function.client.ExchangeFunctions - [42d4f3a0] Response 200 OK
20:29:40.172 [reactor-http-nio-14] DEBUG reactor.netty.resources.PooledConnectionProvider - [id: 0xa39718a1, L:/127.0.0.1:49900 - R:localhost/127.0.0.1:8081] Channel acquired, now 19 active connections and 47 inactive connections
20:29:40.172 [reactor-http-nio-14] DEBUG reactor.netty.http.client.HttpClientConnect - [id: 0xa39718a1, L:/127.0.0.1:49900 - R:localhost/127.0.0.1:8081] Handler is being applied: {uri=http://localhost:8081/getUserLocation?userId=0cf06056-6136-4ad5-a952-6a1967221a28, method=GET}
20:29:40.172 [reactor-http-nio-13] DEBUG reactor.netty.channel.FluxReceive - [id: 0xef273551, L:/127.0.0.1:49919 - R:localhost/127.0.0.1:8081] Subscribing inbound receiver [pending: 0, cancelled:false, inboundDone: false]
20:29:40.172 [reactor-http-nio-11] DEBUG org.springframework.core.codec.StringDecoder - [821f34f] Decoded "[{"longitude":-117.922008,"latitude":33.817595,"attractionName":"Disneyland","city":"Anaheim","stat (truncated)...
20:29:40.172 [reactor-http-nio-14] DEBUG reactor.netty.resources.PooledConnectionProvider - [id: 0xa39718a1, L:/127.0.0.1:49900 - R:localhost/127.0.0.1:8081] onStateChange(GET{uri=/getUserLocation?userId=0cf06056-6136-4ad5-a952-6a1967221a28, connection=PooledConnection{channel=[id: 0xa39718a1, L:/127.0.0.1:49900 - R:localhost/127.0.0.1:8081]}}, [request_sent])
20:29:40.172 [reactor-http-nio-13] DEBUG reactor.netty.http.client.HttpClientOperations - [id: 0xef273551, L:/127.0.0.1:49919 - R:localhost/127.0.0.1:8081] Received last HTTP packet
20:29:40.172 [reactor-http-nio-11] DEBUG reactor.netty.resources.PooledConnectionProvider - [id: 0xb9e4c7b3, L:/127.0.0.1:49933 - R:localhost/127.0.0.1:8081] onStateChange(GET{uri=/getAttractions, connection=PooledConnection{channel=[id: 0xb9e4c7b3, L:/127.0.0.1:49933 - R:localhost/127.0.0.1:8081]}}, [disconnecting])
20:29:40.172 [reactor-http-nio-11] DEBUG reactor.netty.resources.PooledConnectionProvider - [id: 0xb9e4c7b3, L:/127.0.0.1:49933 - R:localhost/127.0.0.1:8081] Releasing channel
20:29:40.172 [reactor-http-nio-11] DEBUG reactor.netty.resources.PooledConnectionProvider - [id: 0xb9e4c7b3, L:/127.0.0.1:49933 - R:localhost/127.0.0.1:8081] Channel cleaned, now 18 active connections and 48 inactive connections
20:29:40.173 [reactor-http-nio-13] DEBUG org.springframework.core.codec.StringDecoder - [42d4f3a0] Decoded "[{"longitude":-117.922008,"latitude":33.817595,"attractionName":"Disneyland","city":"Anaheim","stat (truncated)...
20:29:40.173 [pool-13-thread-22] DEBUG org.springframework.web.reactive.function.client.ExchangeFunctions - [379f0d32] HTTP GET http://localhost:8081/getAttractions
20:29:40.173 [pool-13-thread-27] DEBUG org.springframework.web.reactive.function.client.ExchangeFunctions - [7971d34e] HTTP GET http://localhost:8081/getAttractions
20:29:40.173 [reactor-http-nio-13] DEBUG reactor.netty.resources.PooledConnectionProvider - [id: 0xef273551, L:/127.0.0.1:49919 - R:localhost/127.0.0.1:8081] onStateChange(GET{uri=/getAttractions, connection=PooledConnection{channel=[id: 0xef273551, L:/127.0.0.1:49919 - R:localhost/127.0.0.1:8081]}}, [disconnecting])
20:29:40.173 [reactor-http-nio-13] DEBUG reactor.netty.resources.PooledConnectionProvider - [id: 0xef273551, L:/127.0.0.1:49919 - R:localhost/127.0.0.1:8081] Releasing channel
20:29:40.173 [reactor-http-nio-13] DEBUG reactor.netty.resources.PooledConnectionProvider - [id: 0xef273551, L:/127.0.0.1:49919 - R:localhost/127.0.0.1:8081] Channel cleaned, now 17 active connections and 49 inactive connections
20:29:40.173 [reactor-http-nio-2] DEBUG reactor.netty.resources.PooledConnectionProvider - [id: 0x7dd6550e, L:/127.0.0.1:49925 - R:localhost/127.0.0.1:8081] Channel acquired, now 18 active connections and 48 inactive connections
20:29:40.173 [reactor-http-nio-15] DEBUG reactor.netty.resources.PooledConnectionProvider - [id: 0x8bf64842, L:/127.0.0.1:49888 - R:localhost/127.0.0.1:8081] Channel acquired, now 19 active connections and 47 inactive connections
20:29:40.173 [reactor-http-nio-2] DEBUG reactor.netty.http.client.HttpClientConnect - [id: 0x7dd6550e, L:/127.0.0.1:49925 - R:localhost/127.0.0.1:8081] Handler is being applied: {uri=http://localhost:8081/getAttractions, method=GET}
20:29:40.173 [reactor-http-nio-15] DEBUG reactor.netty.http.client.HttpClientConnect - [id: 0x8bf64842, L:/127.0.0.1:49888 - R:localhost/127.0.0.1:8081] Handler is being applied: {uri=http://localhost:8081/getAttractions, method=GET}
20:29:40.174 [reactor-http-nio-15] DEBUG reactor.netty.resources.PooledConnectionProvider - [id: 0x8bf64842, L:/127.0.0.1:49888 - R:localhost/127.0.0.1:8081] onStateChange(GET{uri=/getAttractions, connection=PooledConnection{channel=[id: 0x8bf64842, L:/127.0.0.1:49888 - R:localhost/127.0.0.1:8081]}}, [request_sent])
20:29:40.174 [reactor-http-nio-2] DEBUG reactor.netty.resources.PooledConnectionProvider - [id: 0x7dd6550e, L:/127.0.0.1:49925 - R:localhost/127.0.0.1:8081] onStateChange(GET{uri=/getAttractions, connection=PooledConnection{channel=[id: 0x7dd6550e, L:/127.0.0.1:49925 - R:localhost/127.0.0.1:8081]}}, [request_sent])
20:29:40.178 [reactor-http-nio-11] DEBUG reactor.netty.http.client.HttpClientOperations - [id: 0xd4c90cec, L:/127.0.0.1:49883 - R:localhost/127.0.0.1:8081] Received response (auto-read:false) : [Content-Type=application/json, Transfer-Encoding=chunked, Date=Tue, 29 Jun 2021 14:59:39 GMT]
20:29:40.179 [reactor-http-nio-11] DEBUG reactor.netty.resources.PooledConnectionProvider - [id: 0xd4c90cec, L:/127.0.0.1:49883 - R:localhost/127.0.0.1:8081] onStateChange(GET{uri=/getUserLocation?userId=b2a16c8c-5c6e-417f-99df-70de86c4b2c1, connection=PooledConnection{channel=[id: 0xd4c90cec, L:/127.0.0.1:49883 - R:localhost/127.0.0.1:8081]}}, [response_received])
20:29:40.179 [reactor-http-nio-11] DEBUG org.springframework.web.reactive.function.client.ExchangeFunctions - [79fd181f] Response 200 OK
20:29:40.179 [reactor-http-nio-11] DEBUG reactor.netty.channel.FluxReceive - [id: 0xd4c90cec, L:/127.0.0.1:49883 - R:localhost/127.0.0.1:8081] Subscribing inbound receiver [pending: 0, cancelled:false, inboundDone: false]
20:29:40.179 [reactor-http-nio-11] DEBUG reactor.netty.http.client.HttpClientOperations - [id: 0xd4c90cec, L:/127.0.0.1:49883 - R:localhost/127.0.0.1:8081] Received last HTTP packet
20:29:40.179 [reactor-http-nio-11] DEBUG org.springframework.core.codec.StringDecoder - [79fd181f] Decoded "{"userId":"b2a16c8c-5c6e-417f-99df-70de86c4b2c1","location":{"longitude":-148.281771,"latitude":-67 (truncated)...
20:29:40.179 [reactor-http-nio-11] DEBUG reactor.netty.resources.PooledConnectionProvider - [id: 0xd4c90cec, L:/127.0.0.1:49883 - R:localhost/127.0.0.1:8081] onStateChange(GET{uri=/getUserLocation?userId=b2a16c8c-5c6e-417f-99df-70de86c4b2c1, connection=PooledConnection{channel=[id: 0xd4c90cec, L:/127.0.0.1:49883 - R:localhost/127.0.0.1:8081]}}, [disconnecting])
20:29:40.179 [reactor-http-nio-11] DEBUG reactor.netty.resources.PooledConnectionProvider - [id: 0xd4c90cec, L:/127.0.0.1:49883 - R:localhost/127.0.0.1:8081] Releasing channel
20:29:40.179 [reactor-http-nio-11] DEBUG reactor.netty.resources.PooledConnectionProvider - [id: 0xd4c90cec, L:/127.0.0.1:49883 - R:localhost/127.0.0.1:8081] Channel cleaned, now 18 active connections and 48 inactive connections
20:29:40.181 [pool-13-thread-44] DEBUG org.springframework.web.reactive.function.client.ExchangeFunctions - [3cff8944] HTTP GET http://localhost:8081/getAttractions
20:29:40.181 [reactor-http-nio-13] DEBUG reactor.netty.resources.PooledConnectionProvider - [id: 0x834a6289, L:/127.0.0.1:49920 - R:localhost/127.0.0.1:8081] Channel acquired, now 19 active connections and 47 inactive connections
20:29:40.181 [reactor-http-nio-13] DEBUG reactor.netty.http.client.HttpClientConnect - [id: 0x834a6289, L:/127.0.0.1:49920 - R:localhost/127.0.0.1:8081] Handler is being applied: {uri=http://localhost:8081/getAttractions, method=GET}
20:29:40.182 [reactor-http-nio-13] DEBUG reactor.netty.resources.PooledConnectionProvider - [id: 0x834a6289, L:/127.0.0.1:49920 - R:localhost/127.0.0.1:8081] onStateChange(GET{uri=/getAttractions, connection=PooledConnection{channel=[id: 0x834a6289, L:/127.0.0.1:49920 - R:localhost/127.0.0.1:8081]}}, [request_sent])
20:29:40.182 [reactor-http-nio-12] DEBUG reactor.netty.http.client.HttpClientOperations - [id: 0xc976ea3e, L:/127.0.0.1:49874 - R:localhost/127.0.0.1:8081] Received response (auto-read:false) : [Content-Type=application/json, Transfer-Encoding=chunked, Date=Tue, 29 Jun 2021 14:59:39 GMT]
20:29:40.182 [reactor-http-nio-12] DEBUG reactor.netty.resources.PooledConnectionProvider - [id: 0xc976ea3e, L:/127.0.0.1:49874 - R:localhost/127.0.0.1:8081] onStateChange(GET{uri=/getAttractions, connection=PooledConnection{channel=[id: 0xc976ea3e, L:/127.0.0.1:49874 - R:localhost/127.0.0.1:8081]}}, [response_received])
20:29:40.182 [reactor-http-nio-13] DEBUG reactor.netty.http.client.HttpClientOperations - [id: 0x93eb028b, L:/127.0.0.1:49917 - R:localhost/127.0.0.1:8081] Received response (auto-read:false) : [Content-Type=application/json, Transfer-Encoding=chunked, Date=Tue, 29 Jun 2021 14:59:39 GMT]
20:29:40.182 [reactor-http-nio-13] DEBUG reactor.netty.resources.PooledConnectionProvider - [id: 0x93eb028b, L:/127.0.0.1:49917 - R:localhost/127.0.0.1:8081] onStateChange(GET{uri=/getUserLocation?userId=9a540d36-06ad-45ab-bb7f-101b7ef4a9da, connection=PooledConnection{channel=[id: 0x93eb028b, L:/127.0.0.1:49917 - R:localhost/127.0.0.1:8081]}}, [response_received])
20:29:40.182 [reactor-http-nio-2] DEBUG reactor.netty.http.client.HttpClientOperations - [id: 0xbbc840e5, L:/127.0.0.1:49882 - R:localhost/127.0.0.1:8081] Received response (auto-read:false) : [Content-Type=application/json, Transfer-Encoding=chunked, Date=Tue, 29 Jun 2021 14:59:39 GMT]
20:29:40.182 [reactor-http-nio-12] DEBUG org.springframework.web.reactive.function.client.ExchangeFunctions - [6732bfe2] Response 200 OK
20:29:40.182 [reactor-http-nio-13] DEBUG org.springframework.web.reactive.function.client.ExchangeFunctions - [c934cd] Response 200 OK
20:29:40.182 [reactor-http-nio-2] DEBUG reactor.netty.resources.PooledConnectionProvider - [id: 0xbbc840e5, L:/127.0.0.1:49882 - R:localhost/127.0.0.1:8081] onStateChange(GET{uri=/getAttractions, connection=PooledConnection{channel=[id: 0xbbc840e5, L:/127.0.0.1:49882 - R:localhost/127.0.0.1:8081]}}, [response_received])
20:29:40.182 [reactor-http-nio-2] DEBUG org.springframework.web.reactive.function.client.ExchangeFunctions - [3ca74399] Response 200 OK
20:29:40.182 [reactor-http-nio-12] DEBUG reactor.netty.channel.FluxReceive - [id: 0xc976ea3e, L:/127.0.0.1:49874 - R:localhost/127.0.0.1:8081] Subscribing inbound receiver [pending: 0, cancelled:false, inboundDone: false]
20:29:40.182 [reactor-http-nio-13] DEBUG reactor.netty.channel.FluxReceive - [id: 0x93eb028b, L:/127.0.0.1:49917 - R:localhost/127.0.0.1:8081] Subscribing inbound receiver [pending: 0, cancelled:false, inboundDone: false]
20:29:40.183 [reactor-http-nio-2] DEBUG reactor.netty.channel.FluxReceive - [id: 0xbbc840e5, L:/127.0.0.1:49882 - R:localhost/127.0.0.1:8081] Subscribing inbound receiver [pending: 0, cancelled:false, inboundDone: false]
20:29:40.183 [reactor-http-nio-13] DEBUG reactor.netty.http.client.HttpClientOperations - [id: 0x93eb028b, L:/127.0.0.1:49917 - R:localhost/127.0.0.1:8081] Received last HTTP packet
20:29:40.183 [reactor-http-nio-12] DEBUG reactor.netty.http.client.HttpClientOperations - [id: 0x5a829f34, L:/127.0.0.1:49910 - R:localhost/127.0.0.1:8081] Received response (auto-read:false) : [Content-Type=application/json, Transfer-Encoding=chunked, Date=Tue, 29 Jun 2021 14:59:39 GMT]
20:29:40.183 [reactor-http-nio-12] DEBUG reactor.netty.resources.PooledConnectionProvider - [id: 0x5a829f34, L:/127.0.0.1:49910 - R:localhost/127.0.0.1:8081] onStateChange(GET{uri=/getUserLocation?userId=0e62a5c5-c0b9-477f-beae-41ba2abaf926, connection=PooledConnection{channel=[id: 0x5a829f34, L:/127.0.0.1:49910 - R:localhost/127.0.0.1:8081]}}, [response_received])
20:29:40.183 [reactor-http-nio-12] DEBUG org.springframework.web.reactive.function.client.ExchangeFunctions - [75fda416] Response 200 OK
20:29:40.183 [reactor-http-nio-13] DEBUG org.springframework.core.codec.StringDecoder - [c934cd] Decoded "{"userId":"9a540d36-06ad-45ab-bb7f-101b7ef4a9da","location":{"longitude":-64.363986,"latitude":70.5 (truncated)...
20:29:40.183 [reactor-http-nio-13] DEBUG reactor.netty.resources.PooledConnectionProvider - [id: 0x93eb028b, L:/127.0.0.1:49917 - R:localhost/127.0.0.1:8081] onStateChange(GET{uri=/getUserLocation?userId=9a540d36-06ad-45ab-bb7f-101b7ef4a9da, connection=PooledConnection{channel=[id: 0x93eb028b, L:/127.0.0.1:49917 - R:localhost/127.0.0.1:8081]}}, [disconnecting])
20:29:40.183 [reactor-http-nio-13] DEBUG reactor.netty.resources.PooledConnectionProvider - [id: 0x93eb028b, L:/127.0.0.1:49917 - R:localhost/127.0.0.1:8081] Releasing channel
20:29:40.183 [reactor-http-nio-13] DEBUG reactor.netty.resources.PooledConnectionProvider - [id: 0x93eb028b, L:/127.0.0.1:49917 - R:localhost/127.0.0.1:8081] Channel cleaned, now 18 active connections and 48 inactive connections
20:29:40.183 [reactor-http-nio-12] DEBUG reactor.netty.channel.FluxReceive - [id: 0x5a829f34, L:/127.0.0.1:49910 - R:localhost/127.0.0.1:8081] Subscribing inbound receiver [pending: 0, cancelled:false, inboundDone: false]
20:29:40.183 [reactor-http-nio-2] DEBUG reactor.netty.http.client.HttpClientOperations - [id: 0xbbc840e5, L:/127.0.0.1:49882 - R:localhost/127.0.0.1:8081] Received last HTTP packet
20:29:40.183 [reactor-http-nio-12] DEBUG reactor.netty.http.client.HttpClientOperations - [id: 0x5a829f34, L:/127.0.0.1:49910 - R:localhost/127.0.0.1:8081] Received last HTTP packet
20:29:40.183 [reactor-http-nio-12] DEBUG org.springframework.core.codec.StringDecoder - [75fda416] Decoded "{"userId":"0e62a5c5-c0b9-477f-beae-41ba2abaf926","location":{"longitude":-64.660978,"latitude":-21. (truncated)...
20:29:40.183 [reactor-http-nio-12] DEBUG reactor.netty.resources.PooledConnectionProvider - [id: 0x5a829f34, L:/127.0.0.1:49910 - R:localhost/127.0.0.1:8081] onStateChange(GET{uri=/getUserLocation?userId=0e62a5c5-c0b9-477f-beae-41ba2abaf926, connection=PooledConnection{channel=[id: 0x5a829f34, L:/127.0.0.1:49910 - R:localhost/127.0.0.1:8081]}}, [disconnecting])
20:29:40.183 [reactor-http-nio-12] DEBUG reactor.netty.resources.PooledConnectionProvider - [id: 0x5a829f34, L:/127.0.0.1:49910 - R:localhost/127.0.0.1:8081] Releasing channel
20:29:40.183 [reactor-http-nio-12] DEBUG reactor.netty.resources.PooledConnectionProvider - [id: 0x5a829f34, L:/127.0.0.1:49910 - R:localhost/127.0.0.1:8081] Channel cleaned, now 17 active connections and 49 inactive connections
20:29:40.184 [reactor-http-nio-2] DEBUG org.springframework.core.codec.StringDecoder - [3ca74399] Decoded "[{"longitude":-117.922008,"latitude":33.817595,"attractionName":"Disneyland","city":"Anaheim","stat (truncated)...
20:29:40.184 [reactor-http-nio-2] DEBUG reactor.netty.resources.PooledConnectionProvider - [id: 0xbbc840e5, L:/127.0.0.1:49882 - R:localhost/127.0.0.1:8081] onStateChange(GET{uri=/getAttractions, connection=PooledConnection{channel=[id: 0xbbc840e5, L:/127.0.0.1:49882 - R:localhost/127.0.0.1:8081]}}, [disconnecting])
20:29:40.184 [reactor-http-nio-2] DEBUG reactor.netty.resources.PooledConnectionProvider - [id: 0xbbc840e5, L:/127.0.0.1:49882 - R:localhost/127.0.0.1:8081] Releasing channel
20:29:40.184 [reactor-http-nio-2] DEBUG reactor.netty.resources.PooledConnectionProvider - [id: 0xbbc840e5, L:/127.0.0.1:49882 - R:localhost/127.0.0.1:8081] Channel cleaned, now 16 active connections and 50 inactive connections
20:29:40.184 [reactor-http-nio-12] DEBUG reactor.netty.http.client.HttpClientOperations - [id: 0xc976ea3e, L:/127.0.0.1:49874 - R:localhost/127.0.0.1:8081] Received last HTTP packet
20:29:40.184 [reactor-http-nio-2] DEBUG reactor.netty.http.client.HttpClientOperations - [id: 0xb543d4db, L:/127.0.0.1:49930 - R:localhost/127.0.0.1:8081] Received response (auto-read:false) : [Content-Type=application/json, Transfer-Encoding=chunked, Date=Tue, 29 Jun 2021 14:59:39 GMT]
20:29:40.184 [reactor-http-nio-2] DEBUG reactor.netty.resources.PooledConnectionProvider - [id: 0xb543d4db, L:/127.0.0.1:49930 - R:localhost/127.0.0.1:8081] onStateChange(GET{uri=/getUserLocation?userId=5407430b-be6d-4e33-8e70-7fe08dccf28f, connection=PooledConnection{channel=[id: 0xb543d4db, L:/127.0.0.1:49930 - R:localhost/127.0.0.1:8081]}}, [response_received])
20:29:40.184 [reactor-http-nio-12] DEBUG org.springframework.core.codec.StringDecoder - [6732bfe2] Decoded "[{"longitude":-117.922008,"latitude":33.817595,"attractionName":"Disneyland","city":"Anaheim","stat (truncated)...
20:29:40.184 [reactor-http-nio-2] DEBUG org.springframework.web.reactive.function.client.ExchangeFunctions - [265998b0] Response 200 OK
20:29:40.184 [reactor-http-nio-12] DEBUG reactor.netty.resources.PooledConnectionProvider - [id: 0xc976ea3e, L:/127.0.0.1:49874 - R:localhost/127.0.0.1:8081] onStateChange(GET{uri=/getAttractions, connection=PooledConnection{channel=[id: 0xc976ea3e, L:/127.0.0.1:49874 - R:localhost/127.0.0.1:8081]}}, [disconnecting])
20:29:40.184 [reactor-http-nio-12] DEBUG reactor.netty.resources.PooledConnectionProvider - [id: 0xc976ea3e, L:/127.0.0.1:49874 - R:localhost/127.0.0.1:8081] Releasing channel
20:29:40.184 [reactor-http-nio-12] DEBUG reactor.netty.resources.PooledConnectionProvider - [id: 0xc976ea3e, L:/127.0.0.1:49874 - R:localhost/127.0.0.1:8081] Channel cleaned, now 15 active connections and 51 inactive connections
20:29:40.184 [reactor-http-nio-2] DEBUG reactor.netty.channel.FluxReceive - [id: 0xb543d4db, L:/127.0.0.1:49930 - R:localhost/127.0.0.1:8081] Subscribing inbound receiver [pending: 0, cancelled:false, inboundDone: false]
20:29:40.184 [pool-13-thread-57] DEBUG org.springframework.web.reactive.function.client.ExchangeFunctions - [45cbaab0] HTTP GET http://localhost:8081/getAttractions
20:29:40.184 [pool-13-thread-17] DEBUG org.springframework.web.reactive.function.client.ExchangeFunctions - [30ff34cd] HTTP GET http://localhost:8081/getAttractions
20:29:40.185 [reactor-http-nio-2] DEBUG reactor.netty.http.client.HttpClientOperations - [id: 0xb543d4db, L:/127.0.0.1:49930 - R:localhost/127.0.0.1:8081] Received last HTTP packet
20:29:40.185 [reactor-http-nio-2] DEBUG org.springframework.core.codec.StringDecoder - [265998b0] Decoded "{"userId":"5407430b-be6d-4e33-8e70-7fe08dccf28f","location":{"longitude":-96.40418,"latitude":-36.4 (truncated)...
20:29:40.185 [reactor-http-nio-14] DEBUG reactor.netty.resources.PooledConnectionProvider - [id: 0x0b723f2b, L:/127.0.0.1:49877 - R:localhost/127.0.0.1:8081] Channel acquired, now 16 active connections and 50 inactive connections
20:29:40.185 [reactor-http-nio-2] DEBUG reactor.netty.resources.PooledConnectionProvider - [id: 0xb543d4db, L:/127.0.0.1:49930 - R:localhost/127.0.0.1:8081] onStateChange(GET{uri=/getUserLocation?userId=5407430b-be6d-4e33-8e70-7fe08dccf28f, connection=PooledConnection{channel=[id: 0xb543d4db, L:/127.0.0.1:49930 - R:localhost/127.0.0.1:8081]}}, [disconnecting])
20:29:40.185 [reactor-http-nio-2] DEBUG reactor.netty.resources.PooledConnectionProvider - [id: 0xb543d4db, L:/127.0.0.1:49930 - R:localhost/127.0.0.1:8081] Releasing channel
20:29:40.185 [reactor-http-nio-2] DEBUG reactor.netty.resources.PooledConnectionProvider - [id: 0xb543d4db, L:/127.0.0.1:49930 - R:localhost/127.0.0.1:8081] Channel cleaned, now 16 active connections and 50 inactive connections
20:29:40.185 [reactor-http-nio-11] DEBUG reactor.netty.resources.PooledConnectionProvider - [id: 0x952ee786, L:/127.0.0.1:49873 - R:localhost/127.0.0.1:8081] Channel acquired, now 17 active connections and 49 inactive connections
20:29:40.185 [reactor-http-nio-14] DEBUG reactor.netty.http.client.HttpClientConnect - [id: 0x0b723f2b, L:/127.0.0.1:49877 - R:localhost/127.0.0.1:8081] Handler is being applied: {uri=http://localhost:8081/getAttractions, method=GET}
20:29:40.185 [reactor-http-nio-11] DEBUG reactor.netty.http.client.HttpClientConnect - [id: 0x952ee786, L:/127.0.0.1:49873 - R:localhost/127.0.0.1:8081] Handler is being applied: {uri=http://localhost:8081/getAttractions, method=GET}
20:29:40.185 [reactor-http-nio-14] DEBUG reactor.netty.resources.PooledConnectionProvider - [id: 0x0b723f2b, L:/127.0.0.1:49877 - R:localhost/127.0.0.1:8081] onStateChange(GET{uri=/getAttractions, connection=PooledConnection{channel=[id: 0x0b723f2b, L:/127.0.0.1:49877 - R:localhost/127.0.0.1:8081]}}, [request_sent])
20:29:40.185 [reactor-http-nio-11] DEBUG reactor.netty.resources.PooledConnectionProvider - [id: 0x952ee786, L:/127.0.0.1:49873 - R:localhost/127.0.0.1:8081] onStateChange(GET{uri=/getAttractions, connection=PooledConnection{channel=[id: 0x952ee786, L:/127.0.0.1:49873 - R:localhost/127.0.0.1:8081]}}, [request_sent])
20:29:40.186 [reactor-http-nio-14] DEBUG reactor.netty.http.client.HttpClientOperations - [id: 0x02e00a46, L:/127.0.0.1:49897 - R:localhost/127.0.0.1:8081] Received response (auto-read:false) : [Content-Type=application/json, Transfer-Encoding=chunked, Date=Tue, 29 Jun 2021 14:59:39 GMT]
20:29:40.186 [reactor-http-nio-2] DEBUG reactor.netty.http.client.HttpClientOperations - [id: 0x7dd6550e, L:/127.0.0.1:49925 - R:localhost/127.0.0.1:8081] Received response (auto-read:false) : [Content-Type=application/json, Transfer-Encoding=chunked, Date=Tue, 29 Jun 2021 14:59:39 GMT]
20:29:40.186 [reactor-http-nio-2] DEBUG reactor.netty.resources.PooledConnectionProvider - [id: 0x7dd6550e, L:/127.0.0.1:49925 - R:localhost/127.0.0.1:8081] onStateChange(GET{uri=/getAttractions, connection=PooledConnection{channel=[id: 0x7dd6550e, L:/127.0.0.1:49925 - R:localhost/127.0.0.1:8081]}}, [response_received])
20:29:40.186 [reactor-http-nio-14] DEBUG reactor.netty.resources.PooledConnectionProvider - [id: 0x02e00a46, L:/127.0.0.1:49897 - R:localhost/127.0.0.1:8081] onStateChange(GET{uri=/getUserLocation?userId=2da827dc-5f5a-49bc-8047-6a9783d1a8e1, connection=PooledConnection{channel=[id: 0x02e00a46, L:/127.0.0.1:49897 - R:localhost/127.0.0.1:8081]}}, [response_received])
20:29:40.186 [reactor-http-nio-14] DEBUG org.springframework.web.reactive.function.client.ExchangeFunctions - [4be544b3] Response 200 OK
20:29:40.186 [reactor-http-nio-16] DEBUG reactor.netty.http.client.HttpClientOperations - [id: 0x08b58e36, L:/127.0.0.1:49899 - R:localhost/127.0.0.1:8081] Received response (auto-read:false) : [Content-Type=application/json, Transfer-Encoding=chunked, Date=Tue, 29 Jun 2021 14:59:39 GMT]
20:29:40.186 [reactor-http-nio-16] DEBUG reactor.netty.resources.PooledConnectionProvider - [id: 0x08b58e36, L:/127.0.0.1:49899 - R:localhost/127.0.0.1:8081] onStateChange(GET{uri=/getUserLocation?userId=aa6f293c-bbdf-41d3-94df-d7c666c7c0c0, connection=PooledConnection{channel=[id: 0x08b58e36, L:/127.0.0.1:49899 - R:localhost/127.0.0.1:8081]}}, [response_received])
20:29:40.186 [pool-13-thread-15] DEBUG org.springframework.web.reactive.function.client.ExchangeFunctions - [635b021f] HTTP GET http://localhost:8081/getAttractions
20:29:40.186 [reactor-http-nio-2] DEBUG org.springframework.web.reactive.function.client.ExchangeFunctions - [379f0d32] Response 200 OK
20:29:40.186 [reactor-http-nio-13] DEBUG reactor.netty.http.client.HttpClientOperations - [id: 0xb89a2408, L:/127.0.0.1:49915 - R:localhost/127.0.0.1:8081] Received response (auto-read:false) : [Content-Type=application/json, Transfer-Encoding=chunked, Date=Tue, 29 Jun 2021 14:59:39 GMT]
20:29:40.186 [reactor-http-nio-13] DEBUG reactor.netty.resources.PooledConnectionProvider - [id: 0xb89a2408, L:/127.0.0.1:49915 - R:localhost/127.0.0.1:8081] onStateChange(GET{uri=/getUserLocation?userId=2ef3f0ae-224e-455d-956a-263d2f03dce0, connection=PooledConnection{channel=[id: 0xb89a2408, L:/127.0.0.1:49915 - R:localhost/127.0.0.1:8081]}}, [response_received])
20:29:40.186 [reactor-http-nio-15] DEBUG reactor.netty.http.client.HttpClientOperations - [id: 0x8bf64842, L:/127.0.0.1:49888 - R:localhost/127.0.0.1:8081] Received response (auto-read:false) : [Content-Type=application/json, Transfer-Encoding=chunked, Date=Tue, 29 Jun 2021 14:59:39 GMT]
20:29:40.186 [reactor-http-nio-16] DEBUG org.springframework.web.reactive.function.client.ExchangeFunctions - [211f558d] Response 200 OK
20:29:40.186 [reactor-http-nio-13] DEBUG org.springframework.web.reactive.function.client.ExchangeFunctions - [13725817] Response 200 OK
20:29:40.186 [reactor-http-nio-14] DEBUG reactor.netty.channel.FluxReceive - [id: 0x02e00a46, L:/127.0.0.1:49897 - R:localhost/127.0.0.1:8081] Subscribing inbound receiver [pending: 0, cancelled:false, inboundDone: false]
20:29:40.186 [reactor-http-nio-15] DEBUG reactor.netty.resources.PooledConnectionProvider - [id: 0x8bf64842, L:/127.0.0.1:49888 - R:localhost/127.0.0.1:8081] onStateChange(GET{uri=/getAttractions, connection=PooledConnection{channel=[id: 0x8bf64842, L:/127.0.0.1:49888 - R:localhost/127.0.0.1:8081]}}, [response_received])
20:29:40.187 [reactor-http-nio-13] DEBUG reactor.netty.channel.FluxReceive - [id: 0xb89a2408, L:/127.0.0.1:49915 - R:localhost/127.0.0.1:8081] Subscribing inbound receiver [pending: 0, cancelled:false, inboundDone: false]
20:29:40.187 [reactor-http-nio-15] DEBUG org.springframework.web.reactive.function.client.ExchangeFunctions - [7971d34e] Response 200 OK
20:29:40.186 [reactor-http-nio-2] DEBUG reactor.netty.channel.FluxReceive - [id: 0x7dd6550e, L:/127.0.0.1:49925 - R:localhost/127.0.0.1:8081] Subscribing inbound receiver [pending: 0, cancelled:false, inboundDone: false]
20:29:40.187 [reactor-http-nio-13] DEBUG reactor.netty.http.client.HttpClientOperations - [id: 0xb89a2408, L:/127.0.0.1:49915 - R:localhost/127.0.0.1:8081] Received last HTTP packet
20:29:40.187 [reactor-http-nio-16] DEBUG reactor.netty.channel.FluxReceive - [id: 0x08b58e36, L:/127.0.0.1:49899 - R:localhost/127.0.0.1:8081] Subscribing inbound receiver [pending: 0, cancelled:false, inboundDone: false]
20:29:40.187 [reactor-http-nio-14] DEBUG reactor.netty.http.client.HttpClientOperations - [id: 0x02e00a46, L:/127.0.0.1:49897 - R:localhost/127.0.0.1:8081] Received last HTTP packet
20:29:40.187 [reactor-http-nio-13] DEBUG org.springframework.core.codec.StringDecoder - [13725817] Decoded "{"userId":"2ef3f0ae-224e-455d-956a-263d2f03dce0","location":{"longitude":-68.786823,"latitude":-37. (truncated)...
20:29:40.187 [reactor-http-nio-14] DEBUG org.springframework.core.codec.StringDecoder - [4be544b3] Decoded "{"userId":"2da827dc-5f5a-49bc-8047-6a9783d1a8e1","location":{"longitude":-10.995408,"latitude":-11. (truncated)...
20:29:40.187 [reactor-http-nio-14] DEBUG reactor.netty.resources.PooledConnectionProvider - [id: 0x02e00a46, L:/127.0.0.1:49897 - R:localhost/127.0.0.1:8081] onStateChange(GET{uri=/getUserLocation?userId=2da827dc-5f5a-49bc-8047-6a9783d1a8e1, connection=PooledConnection{channel=[id: 0x02e00a46, L:/127.0.0.1:49897 - R:localhost/127.0.0.1:8081]}}, [disconnecting])
20:29:40.187 [reactor-http-nio-14] DEBUG reactor.netty.resources.PooledConnectionProvider - [id: 0x02e00a46, L:/127.0.0.1:49897 - R:localhost/127.0.0.1:8081] Releasing channel
20:29:40.187 [reactor-http-nio-14] DEBUG reactor.netty.resources.PooledConnectionProvider - [id: 0x02e00a46, L:/127.0.0.1:49897 - R:localhost/127.0.0.1:8081] Channel cleaned, now 15 active connections and 51 inactive connections
20:29:40.187 [reactor-http-nio-2] DEBUG reactor.netty.http.client.HttpClientOperations - [id: 0x7dd6550e, L:/127.0.0.1:49925 - R:localhost/127.0.0.1:8081] Received last HTTP packet
20:29:40.187 [reactor-http-nio-13] DEBUG reactor.netty.resources.PooledConnectionProvider - [id: 0xb89a2408, L:/127.0.0.1:49915 - R:localhost/127.0.0.1:8081] onStateChange(GET{uri=/getUserLocation?userId=2ef3f0ae-224e-455d-956a-263d2f03dce0, connection=PooledConnection{channel=[id: 0xb89a2408, L:/127.0.0.1:49915 - R:localhost/127.0.0.1:8081]}}, [disconnecting])
20:29:40.187 [reactor-http-nio-13] DEBUG reactor.netty.resources.PooledConnectionProvider - [id: 0xb89a2408, L:/127.0.0.1:49915 - R:localhost/127.0.0.1:8081] Releasing channel
20:29:40.187 [reactor-http-nio-16] DEBUG reactor.netty.http.client.HttpClientOperations - [id: 0x08b58e36, L:/127.0.0.1:49899 - R:localhost/127.0.0.1:8081] Received last HTTP packet
20:29:40.187 [reactor-http-nio-2] DEBUG org.springframework.core.codec.StringDecoder - [379f0d32] Decoded "[{"longitude":-117.922008,"latitude":33.817595,"attractionName":"Disneyland","city":"Anaheim","stat (truncated)...
20:29:40.187 [reactor-http-nio-2] DEBUG reactor.netty.resources.PooledConnectionProvider - [id: 0x7dd6550e, L:/127.0.0.1:49925 - R:localhost/127.0.0.1:8081] onStateChange(GET{uri=/getAttractions, connection=PooledConnection{channel=[id: 0x7dd6550e, L:/127.0.0.1:49925 - R:localhost/127.0.0.1:8081]}}, [disconnecting])
20:29:40.187 [reactor-http-nio-2] DEBUG reactor.netty.resources.PooledConnectionProvider - [id: 0x7dd6550e, L:/127.0.0.1:49925 - R:localhost/127.0.0.1:8081] Releasing channel
20:29:40.187 [reactor-http-nio-16] DEBUG org.springframework.core.codec.StringDecoder - [211f558d] Decoded "{"userId":"aa6f293c-bbdf-41d3-94df-d7c666c7c0c0","location":{"longitude":-92.385587,"latitude":4.64 (truncated)...
20:29:40.187 [reactor-http-nio-16] DEBUG reactor.netty.resources.PooledConnectionProvider - [id: 0x08b58e36, L:/127.0.0.1:49899 - R:localhost/127.0.0.1:8081] onStateChange(GET{uri=/getUserLocation?userId=aa6f293c-bbdf-41d3-94df-d7c666c7c0c0, connection=PooledConnection{channel=[id: 0x08b58e36, L:/127.0.0.1:49899 - R:localhost/127.0.0.1:8081]}}, [disconnecting])
20:29:40.187 [reactor-http-nio-16] DEBUG reactor.netty.resources.PooledConnectionProvider - [id: 0x08b58e36, L:/127.0.0.1:49899 - R:localhost/127.0.0.1:8081] Releasing channel
20:29:40.187 [reactor-http-nio-15] DEBUG reactor.netty.channel.FluxReceive - [id: 0x8bf64842, L:/127.0.0.1:49888 - R:localhost/127.0.0.1:8081] Subscribing inbound receiver [pending: 0, cancelled:false, inboundDone: false]
20:29:40.187 [reactor-http-nio-13] DEBUG reactor.netty.resources.PooledConnectionProvider - [id: 0xb89a2408, L:/127.0.0.1:49915 - R:localhost/127.0.0.1:8081] Channel cleaned, now 14 active connections and 52 inactive connections
20:29:40.187 [reactor-http-nio-2] DEBUG reactor.netty.resources.PooledConnectionProvider - [id: 0x7dd6550e, L:/127.0.0.1:49925 - R:localhost/127.0.0.1:8081] Channel cleaned, now 13 active connections and 53 inactive connections
20:29:40.187 [reactor-http-nio-16] DEBUG reactor.netty.resources.PooledConnectionProvider - [id: 0x08b58e36, L:/127.0.0.1:49899 - R:localhost/127.0.0.1:8081] Channel cleaned, now 12 active connections and 54 inactive connections
20:29:40.188 [reactor-http-nio-15] DEBUG reactor.netty.http.client.HttpClientOperations - [id: 0x8bf64842, L:/127.0.0.1:49888 - R:localhost/127.0.0.1:8081] Received last HTTP packet
20:29:40.188 [reactor-http-nio-13] DEBUG reactor.netty.resources.PooledConnectionProvider - [id: 0x3d1cc9c3, L:/127.0.0.1:49878 - R:localhost/127.0.0.1:8081] Channel acquired, now 13 active connections and 53 inactive connections
20:29:40.188 [reactor-http-nio-13] DEBUG reactor.netty.http.client.HttpClientConnect - [id: 0x3d1cc9c3, L:/127.0.0.1:49878 - R:localhost/127.0.0.1:8081] Handler is being applied: {uri=http://localhost:8081/getAttractions, method=GET}
20:29:40.188 [reactor-http-nio-15] DEBUG org.springframework.core.codec.StringDecoder - [7971d34e] Decoded "[{"longitude":-117.922008,"latitude":33.817595,"attractionName":"Disneyland","city":"Anaheim","stat (truncated)...
20:29:40.188 [reactor-http-nio-15] DEBUG reactor.netty.resources.PooledConnectionProvider - [id: 0x8bf64842, L:/127.0.0.1:49888 - R:localhost/127.0.0.1:8081] onStateChange(GET{uri=/getAttractions, connection=PooledConnection{channel=[id: 0x8bf64842, L:/127.0.0.1:49888 - R:localhost/127.0.0.1:8081]}}, [disconnecting])
20:29:40.188 [reactor-http-nio-15] DEBUG reactor.netty.resources.PooledConnectionProvider - [id: 0x8bf64842, L:/127.0.0.1:49888 - R:localhost/127.0.0.1:8081] Releasing channel
20:29:40.188 [reactor-http-nio-15] DEBUG reactor.netty.resources.PooledConnectionProvider - [id: 0x8bf64842, L:/127.0.0.1:49888 - R:localhost/127.0.0.1:8081] Channel cleaned, now 12 active connections and 54 inactive connections
20:29:40.188 [pool-13-thread-58] DEBUG org.springframework.web.reactive.function.client.ExchangeFunctions - [ee7c3ab] HTTP GET http://localhost:8081/getAttractions
20:29:40.188 [pool-13-thread-19] DEBUG org.springframework.web.reactive.function.client.ExchangeFunctions - [5670c41d] HTTP GET http://localhost:8081/getAttractions
20:29:40.188 [reactor-http-nio-13] DEBUG reactor.netty.resources.PooledConnectionProvider - [id: 0x3d1cc9c3, L:/127.0.0.1:49878 - R:localhost/127.0.0.1:8081] onStateChange(GET{uri=/getAttractions, connection=PooledConnection{channel=[id: 0x3d1cc9c3, L:/127.0.0.1:49878 - R:localhost/127.0.0.1:8081]}}, [request_sent])
20:29:40.188 [reactor-http-nio-16] DEBUG reactor.netty.resources.PooledConnectionProvider - [id: 0x1eb86fc9, L:/127.0.0.1:49891 - R:localhost/127.0.0.1:8081] Channel acquired, now 13 active connections and 53 inactive connections
20:29:40.188 [reactor-http-nio-16] DEBUG reactor.netty.http.client.HttpClientConnect - [id: 0x1eb86fc9, L:/127.0.0.1:49891 - R:localhost/127.0.0.1:8081] Handler is being applied: {uri=http://localhost:8081/getAttractions, method=GET}
20:29:40.189 [pool-13-thread-61] DEBUG org.springframework.web.reactive.function.client.ExchangeFunctions - [641dcfca] HTTP GET http://localhost:8081/getAttractions
20:29:40.189 [reactor-http-nio-15] DEBUG reactor.netty.resources.PooledConnectionProvider - [id: 0xdfea8ccc, L:/127.0.0.1:49892 - R:localhost/127.0.0.1:8081] Channel acquired, now 14 active connections and 52 inactive connections
20:29:40.189 [reactor-http-nio-15] DEBUG reactor.netty.http.client.HttpClientConnect - [id: 0xdfea8ccc, L:/127.0.0.1:49892 - R:localhost/127.0.0.1:8081] Handler is being applied: {uri=http://localhost:8081/getAttractions, method=GET}
20:29:40.189 [reactor-http-nio-13] DEBUG reactor.netty.resources.PooledConnectionProvider - [id: 0x4b9adda7, L:/127.0.0.1:49909 - R:localhost/127.0.0.1:8081] Channel acquired, now 15 active connections and 51 inactive connections
20:29:40.189 [reactor-http-nio-16] DEBUG reactor.netty.resources.PooledConnectionProvider - [id: 0x1eb86fc9, L:/127.0.0.1:49891 - R:localhost/127.0.0.1:8081] onStateChange(GET{uri=/getAttractions, connection=PooledConnection{channel=[id: 0x1eb86fc9, L:/127.0.0.1:49891 - R:localhost/127.0.0.1:8081]}}, [request_sent])
20:29:40.189 [reactor-http-nio-13] DEBUG reactor.netty.http.client.HttpClientConnect - [id: 0x4b9adda7, L:/127.0.0.1:49909 - R:localhost/127.0.0.1:8081] Handler is being applied: {uri=http://localhost:8081/getAttractions, method=GET}
20:29:40.189 [reactor-http-nio-15] DEBUG reactor.netty.resources.PooledConnectionProvider - [id: 0xdfea8ccc, L:/127.0.0.1:49892 - R:localhost/127.0.0.1:8081] onStateChange(GET{uri=/getAttractions, connection=PooledConnection{channel=[id: 0xdfea8ccc, L:/127.0.0.1:49892 - R:localhost/127.0.0.1:8081]}}, [request_sent])
20:29:40.189 [reactor-http-nio-13] DEBUG reactor.netty.resources.PooledConnectionProvider - [id: 0x4b9adda7, L:/127.0.0.1:49909 - R:localhost/127.0.0.1:8081] onStateChange(GET{uri=/getAttractions, connection=PooledConnection{channel=[id: 0x4b9adda7, L:/127.0.0.1:49909 - R:localhost/127.0.0.1:8081]}}, [request_sent])
20:29:40.190 [reactor-http-nio-11] DEBUG reactor.netty.http.client.HttpClientOperations - [id: 0xa8d1cb41, L:/127.0.0.1:49934 - R:localhost/127.0.0.1:8081] Received response (auto-read:false) : [Content-Type=application/json, Transfer-Encoding=chunked, Date=Tue, 29 Jun 2021 14:59:39 GMT]
20:29:40.190 [reactor-http-nio-16] DEBUG reactor.netty.http.client.HttpClientOperations - [id: 0xbf9579bc, L:/127.0.0.1:49879 - R:localhost/127.0.0.1:8081] Received response (auto-read:false) : [Content-Type=application/json, Transfer-Encoding=chunked, Date=Tue, 29 Jun 2021 14:59:39 GMT]
20:29:40.190 [reactor-http-nio-11] DEBUG reactor.netty.resources.PooledConnectionProvider - [id: 0xa8d1cb41, L:/127.0.0.1:49934 - R:localhost/127.0.0.1:8081] onStateChange(GET{uri=/getUserLocation?userId=ceb3ef0a-fc59-4374-80d7-9d0fcc568e78, connection=PooledConnection{channel=[id: 0xa8d1cb41, L:/127.0.0.1:49934 - R:localhost/127.0.0.1:8081]}}, [response_received])
20:29:40.190 [reactor-http-nio-16] DEBUG reactor.netty.resources.PooledConnectionProvider - [id: 0xbf9579bc, L:/127.0.0.1:49879 - R:localhost/127.0.0.1:8081] onStateChange(GET{uri=/getUserLocation?userId=840e7239-016a-4b82-acc8-d49a7644b73a, connection=PooledConnection{channel=[id: 0xbf9579bc, L:/127.0.0.1:49879 - R:localhost/127.0.0.1:8081]}}, [response_received])
20:29:40.190 [reactor-http-nio-16] DEBUG org.springframework.web.reactive.function.client.ExchangeFunctions - [7068bb52] Response 200 OK
20:29:40.190 [reactor-http-nio-11] DEBUG org.springframework.web.reactive.function.client.ExchangeFunctions - [3241e42b] Response 200 OK
20:29:40.191 [reactor-http-nio-16] DEBUG reactor.netty.channel.FluxReceive - [id: 0xbf9579bc, L:/127.0.0.1:49879 - R:localhost/127.0.0.1:8081] Subscribing inbound receiver [pending: 0, cancelled:false, inboundDone: false]
20:29:40.191 [reactor-http-nio-11] DEBUG reactor.netty.channel.FluxReceive - [id: 0xa8d1cb41, L:/127.0.0.1:49934 - R:localhost/127.0.0.1:8081] Subscribing inbound receiver [pending: 0, cancelled:false, inboundDone: false]
20:29:40.191 [reactor-http-nio-16] DEBUG reactor.netty.http.client.HttpClientOperations - [id: 0xbf9579bc, L:/127.0.0.1:49879 - R:localhost/127.0.0.1:8081] Received last HTTP packet
20:29:40.191 [reactor-http-nio-11] DEBUG reactor.netty.http.client.HttpClientOperations - [id: 0xa8d1cb41, L:/127.0.0.1:49934 - R:localhost/127.0.0.1:8081] Received last HTTP packet
20:29:40.191 [reactor-http-nio-16] DEBUG org.springframework.core.codec.StringDecoder - [7068bb52] Decoded "{"userId":"840e7239-016a-4b82-acc8-d49a7644b73a","location":{"longitude":98.364328,"latitude":53.63 (truncated)...
20:29:40.191 [reactor-http-nio-11] DEBUG org.springframework.core.codec.StringDecoder - [3241e42b] Decoded "{"userId":"ceb3ef0a-fc59-4374-80d7-9d0fcc568e78","location":{"longitude":112.302794,"latitude":56.6 (truncated)...
20:29:40.191 [reactor-http-nio-16] DEBUG reactor.netty.resources.PooledConnectionProvider - [id: 0xbf9579bc, L:/127.0.0.1:49879 - R:localhost/127.0.0.1:8081] onStateChange(GET{uri=/getUserLocation?userId=840e7239-016a-4b82-acc8-d49a7644b73a, connection=PooledConnection{channel=[id: 0xbf9579bc, L:/127.0.0.1:49879 - R:localhost/127.0.0.1:8081]}}, [disconnecting])
20:29:40.191 [reactor-http-nio-16] DEBUG reactor.netty.resources.PooledConnectionProvider - [id: 0xbf9579bc, L:/127.0.0.1:49879 - R:localhost/127.0.0.1:8081] Releasing channel
20:29:40.191 [reactor-http-nio-16] DEBUG reactor.netty.resources.PooledConnectionProvider - [id: 0xbf9579bc, L:/127.0.0.1:49879 - R:localhost/127.0.0.1:8081] Channel cleaned, now 14 active connections and 52 inactive connections
20:29:40.192 [reactor-http-nio-2] DEBUG reactor.netty.http.client.HttpClientOperations - [id: 0x3adc52e3, L:/127.0.0.1:49881 - R:localhost/127.0.0.1:8081] Received response (auto-read:false) : [Content-Type=application/json, Transfer-Encoding=chunked, Date=Tue, 29 Jun 2021 14:59:39 GMT]
20:29:40.192 [reactor-http-nio-2] DEBUG reactor.netty.resources.PooledConnectionProvider - [id: 0x3adc52e3, L:/127.0.0.1:49881 - R:localhost/127.0.0.1:8081] onStateChange(GET{uri=/getUserLocation?userId=fe96ffa7-52b0-410e-8546-813a2fe678cd, connection=PooledConnection{channel=[id: 0x3adc52e3, L:/127.0.0.1:49881 - R:localhost/127.0.0.1:8081]}}, [response_received])
20:29:40.192 [reactor-http-nio-2] DEBUG org.springframework.web.reactive.function.client.ExchangeFunctions - [356d5473] Response 200 OK
20:29:40.192 [reactor-http-nio-11] DEBUG reactor.netty.resources.PooledConnectionProvider - [id: 0xa8d1cb41, L:/127.0.0.1:49934 - R:localhost/127.0.0.1:8081] onStateChange(GET{uri=/getUserLocation?userId=ceb3ef0a-fc59-4374-80d7-9d0fcc568e78, connection=PooledConnection{channel=[id: 0xa8d1cb41, L:/127.0.0.1:49934 - R:localhost/127.0.0.1:8081]}}, [disconnecting])
20:29:40.192 [reactor-http-nio-14] DEBUG reactor.netty.http.client.HttpClientOperations - [id: 0x6c889872, L:/127.0.0.1:49887 - R:localhost/127.0.0.1:8081] Received response (auto-read:false) : [Content-Type=application/json, Transfer-Encoding=chunked, Date=Tue, 29 Jun 2021 14:59:39 GMT]
20:29:40.192 [reactor-http-nio-11] DEBUG reactor.netty.resources.PooledConnectionProvider - [id: 0xa8d1cb41, L:/127.0.0.1:49934 - R:localhost/127.0.0.1:8081] Releasing channel
20:29:40.192 [reactor-http-nio-14] DEBUG reactor.netty.resources.PooledConnectionProvider - [id: 0x6c889872, L:/127.0.0.1:49887 - R:localhost/127.0.0.1:8081] onStateChange(GET{uri=/getUserLocation?userId=2a0cfe37-6fe8-4aac-baea-29a7d50d32ef, connection=PooledConnection{channel=[id: 0x6c889872, L:/127.0.0.1:49887 - R:localhost/127.0.0.1:8081]}}, [response_received])
20:29:40.192 [reactor-http-nio-11] DEBUG reactor.netty.resources.PooledConnectionProvider - [id: 0xa8d1cb41, L:/127.0.0.1:49934 - R:localhost/127.0.0.1:8081] Channel cleaned, now 13 active connections and 53 inactive connections
20:29:40.192 [reactor-http-nio-14] DEBUG org.springframework.web.reactive.function.client.ExchangeFunctions - [3aa738f0] Response 200 OK
20:29:40.192 [reactor-http-nio-2] DEBUG reactor.netty.channel.FluxReceive - [id: 0x3adc52e3, L:/127.0.0.1:49881 - R:localhost/127.0.0.1:8081] Subscribing inbound receiver [pending: 0, cancelled:false, inboundDone: false]
20:29:40.192 [reactor-http-nio-2] DEBUG reactor.netty.http.client.HttpClientOperations - [id: 0x3adc52e3, L:/127.0.0.1:49881 - R:localhost/127.0.0.1:8081] Received last HTTP packet
20:29:40.192 [pool-13-thread-18] DEBUG org.springframework.web.reactive.function.client.ExchangeFunctions - [77437c07] HTTP GET http://localhost:8081/getAttractions
20:29:40.192 [reactor-http-nio-14] DEBUG reactor.netty.channel.FluxReceive - [id: 0x6c889872, L:/127.0.0.1:49887 - R:localhost/127.0.0.1:8081] Subscribing inbound receiver [pending: 0, cancelled:false, inboundDone: false]
20:29:40.192 [pool-13-thread-38] DEBUG org.springframework.web.reactive.function.client.ExchangeFunctions - [356a2b3b] HTTP GET http://localhost:8081/getAttractions
20:29:40.192 [reactor-http-nio-2] DEBUG org.springframework.core.codec.StringDecoder - [356d5473] Decoded "{"userId":"fe96ffa7-52b0-410e-8546-813a2fe678cd","location":{"longitude":59.501099,"latitude":-13.3 (truncated)...
20:29:40.192 [reactor-http-nio-2] DEBUG reactor.netty.resources.PooledConnectionProvider - [id: 0x3adc52e3, L:/127.0.0.1:49881 - R:localhost/127.0.0.1:8081] onStateChange(GET{uri=/getUserLocation?userId=fe96ffa7-52b0-410e-8546-813a2fe678cd, connection=PooledConnection{channel=[id: 0x3adc52e3, L:/127.0.0.1:49881 - R:localhost/127.0.0.1:8081]}}, [disconnecting])
20:29:40.192 [reactor-http-nio-2] DEBUG reactor.netty.resources.PooledConnectionProvider - [id: 0x3adc52e3, L:/127.0.0.1:49881 - R:localhost/127.0.0.1:8081] Releasing channel
20:29:40.192 [reactor-http-nio-2] DEBUG reactor.netty.resources.PooledConnectionProvider - [id: 0x3adc52e3, L:/127.0.0.1:49881 - R:localhost/127.0.0.1:8081] Channel cleaned, now 12 active connections and 54 inactive connections
20:29:40.193 [reactor-http-nio-14] DEBUG reactor.netty.http.client.HttpClientOperations - [id: 0x6c889872, L:/127.0.0.1:49887 - R:localhost/127.0.0.1:8081] Received last HTTP packet
20:29:40.193 [reactor-http-nio-11] DEBUG reactor.netty.resources.PooledConnectionProvider - [id: 0x5557723c, L:/127.0.0.1:49932 - R:localhost/127.0.0.1:8081] Channel acquired, now 13 active connections and 53 inactive connections
20:29:40.193 [reactor-http-nio-14] DEBUG org.springframework.core.codec.StringDecoder - [3aa738f0] Decoded "{"userId":"2a0cfe37-6fe8-4aac-baea-29a7d50d32ef","location":{"longitude":32.248097,"latitude":-52.6 (truncated)...
20:29:40.193 [reactor-http-nio-14] DEBUG reactor.netty.resources.PooledConnectionProvider - [id: 0x6c889872, L:/127.0.0.1:49887 - R:localhost/127.0.0.1:8081] onStateChange(GET{uri=/getUserLocation?userId=2a0cfe37-6fe8-4aac-baea-29a7d50d32ef, connection=PooledConnection{channel=[id: 0x6c889872, L:/127.0.0.1:49887 - R:localhost/127.0.0.1:8081]}}, [disconnecting])
20:29:40.193 [reactor-http-nio-14] DEBUG reactor.netty.resources.PooledConnectionProvider - [id: 0x6c889872, L:/127.0.0.1:49887 - R:localhost/127.0.0.1:8081] Releasing channel
20:29:40.193 [reactor-http-nio-14] DEBUG reactor.netty.resources.PooledConnectionProvider - [id: 0x6c889872, L:/127.0.0.1:49887 - R:localhost/127.0.0.1:8081] Channel cleaned, now 12 active connections and 54 inactive connections
20:29:40.193 [reactor-http-nio-2] DEBUG reactor.netty.resources.PooledConnectionProvider - [id: 0x549de069, L:/127.0.0.1:49916 - R:localhost/127.0.0.1:8081] Channel acquired, now 13 active connections and 53 inactive connections
20:29:40.193 [reactor-http-nio-2] DEBUG reactor.netty.http.client.HttpClientConnect - [id: 0x549de069, L:/127.0.0.1:49916 - R:localhost/127.0.0.1:8081] Handler is being applied: {uri=http://localhost:8081/getAttractions, method=GET}
20:29:40.193 [reactor-http-nio-11] DEBUG reactor.netty.http.client.HttpClientConnect - [id: 0x5557723c, L:/127.0.0.1:49932 - R:localhost/127.0.0.1:8081] Handler is being applied: {uri=http://localhost:8081/getAttractions, method=GET}
20:29:40.193 [reactor-http-nio-13] DEBUG reactor.netty.http.client.HttpClientOperations - [id: 0x834a6289, L:/127.0.0.1:49920 - R:localhost/127.0.0.1:8081] Received response (auto-read:false) : [Content-Type=application/json, Transfer-Encoding=chunked, Date=Tue, 29 Jun 2021 14:59:39 GMT]
20:29:40.193 [reactor-http-nio-2] DEBUG reactor.netty.resources.PooledConnectionProvider - [id: 0x549de069, L:/127.0.0.1:49916 - R:localhost/127.0.0.1:8081] onStateChange(GET{uri=/getAttractions, connection=PooledConnection{channel=[id: 0x549de069, L:/127.0.0.1:49916 - R:localhost/127.0.0.1:8081]}}, [request_sent])
20:29:40.193 [reactor-http-nio-13] DEBUG reactor.netty.resources.PooledConnectionProvider - [id: 0x834a6289, L:/127.0.0.1:49920 - R:localhost/127.0.0.1:8081] onStateChange(GET{uri=/getAttractions, connection=PooledConnection{channel=[id: 0x834a6289, L:/127.0.0.1:49920 - R:localhost/127.0.0.1:8081]}}, [response_received])
20:29:40.193 [reactor-http-nio-11] DEBUG reactor.netty.resources.PooledConnectionProvider - [id: 0x5557723c, L:/127.0.0.1:49932 - R:localhost/127.0.0.1:8081] onStateChange(GET{uri=/getAttractions, connection=PooledConnection{channel=[id: 0x5557723c, L:/127.0.0.1:49932 - R:localhost/127.0.0.1:8081]}}, [request_sent])
20:29:40.194 [reactor-http-nio-13] DEBUG org.springframework.web.reactive.function.client.ExchangeFunctions - [3cff8944] Response 200 OK
20:29:40.194 [pool-13-thread-4] DEBUG org.springframework.web.reactive.function.client.ExchangeFunctions - [706fdcba] HTTP GET http://localhost:8081/getAttractions
20:29:40.194 [reactor-http-nio-13] DEBUG reactor.netty.channel.FluxReceive - [id: 0x834a6289, L:/127.0.0.1:49920 - R:localhost/127.0.0.1:8081] Subscribing inbound receiver [pending: 0, cancelled:false, inboundDone: false]
20:29:40.194 [pool-13-thread-33] DEBUG org.springframework.web.reactive.function.client.ExchangeFunctions - [7fa5b1c0] HTTP GET http://localhost:8081/getAttractions
20:29:40.194 [reactor-http-nio-13] DEBUG reactor.netty.http.client.HttpClientOperations - [id: 0x834a6289, L:/127.0.0.1:49920 - R:localhost/127.0.0.1:8081] Received last HTTP packet
20:29:40.194 [reactor-http-nio-12] DEBUG reactor.netty.resources.PooledConnectionProvider - [id: 0x622ee18f, L:/127.0.0.1:49911 - R:localhost/127.0.0.1:8081] Channel acquired, now 14 active connections and 52 inactive connections
20:29:40.194 [reactor-http-nio-12] DEBUG reactor.netty.http.client.HttpClientConnect - [id: 0x622ee18f, L:/127.0.0.1:49911 - R:localhost/127.0.0.1:8081] Handler is being applied: {uri=http://localhost:8081/getAttractions, method=GET}
20:29:40.194 [reactor-http-nio-13] DEBUG org.springframework.core.codec.StringDecoder - [3cff8944] Decoded "[{"longitude":-117.922008,"latitude":33.817595,"attractionName":"Disneyland","city":"Anaheim","stat (truncated)...
20:29:40.194 [reactor-http-nio-13] DEBUG reactor.netty.resources.PooledConnectionProvider - [id: 0x834a6289, L:/127.0.0.1:49920 - R:localhost/127.0.0.1:8081] onStateChange(GET{uri=/getAttractions, connection=PooledConnection{channel=[id: 0x834a6289, L:/127.0.0.1:49920 - R:localhost/127.0.0.1:8081]}}, [disconnecting])
20:29:40.194 [reactor-http-nio-13] DEBUG reactor.netty.resources.PooledConnectionProvider - [id: 0x834a6289, L:/127.0.0.1:49920 - R:localhost/127.0.0.1:8081] Releasing channel
20:29:40.194 [reactor-http-nio-13] DEBUG reactor.netty.resources.PooledConnectionProvider - [id: 0x834a6289, L:/127.0.0.1:49920 - R:localhost/127.0.0.1:8081] Channel cleaned, now 13 active connections and 53 inactive connections
20:29:40.195 [reactor-http-nio-12] DEBUG reactor.netty.resources.PooledConnectionProvider - [id: 0x622ee18f, L:/127.0.0.1:49911 - R:localhost/127.0.0.1:8081] onStateChange(GET{uri=/getAttractions, connection=PooledConnection{channel=[id: 0x622ee18f, L:/127.0.0.1:49911 - R:localhost/127.0.0.1:8081]}}, [request_sent])
20:29:40.195 [reactor-http-nio-13] DEBUG reactor.netty.resources.PooledConnectionProvider - [id: 0x3ab95760, L:/127.0.0.1:49913 - R:localhost/127.0.0.1:8081] Channel acquired, now 14 active connections and 52 inactive connections
20:29:40.195 [reactor-http-nio-13] DEBUG reactor.netty.http.client.HttpClientConnect - [id: 0x3ab95760, L:/127.0.0.1:49913 - R:localhost/127.0.0.1:8081] Handler is being applied: {uri=http://localhost:8081/getAttractions, method=GET}
20:29:40.195 [reactor-http-nio-13] DEBUG reactor.netty.resources.PooledConnectionProvider - [id: 0x3ab95760, L:/127.0.0.1:49913 - R:localhost/127.0.0.1:8081] onStateChange(GET{uri=/getAttractions, connection=PooledConnection{channel=[id: 0x3ab95760, L:/127.0.0.1:49913 - R:localhost/127.0.0.1:8081]}}, [request_sent])
20:29:40.199 [reactor-http-nio-11] DEBUG reactor.netty.http.client.HttpClientOperations - [id: 0x952ee786, L:/127.0.0.1:49873 - R:localhost/127.0.0.1:8081] Received response (auto-read:false) : [Content-Type=application/json, Transfer-Encoding=chunked, Date=Tue, 29 Jun 2021 14:59:39 GMT]
20:29:40.199 [reactor-http-nio-11] DEBUG reactor.netty.resources.PooledConnectionProvider - [id: 0x952ee786, L:/127.0.0.1:49873 - R:localhost/127.0.0.1:8081] onStateChange(GET{uri=/getAttractions, connection=PooledConnection{channel=[id: 0x952ee786, L:/127.0.0.1:49873 - R:localhost/127.0.0.1:8081]}}, [response_received])
20:29:40.199 [reactor-http-nio-14] DEBUG reactor.netty.http.client.HttpClientOperations - [id: 0x0b723f2b, L:/127.0.0.1:49877 - R:localhost/127.0.0.1:8081] Received response (auto-read:false) : [Content-Type=application/json, Transfer-Encoding=chunked, Date=Tue, 29 Jun 2021 14:59:39 GMT]
20:29:40.199 [reactor-http-nio-11] DEBUG org.springframework.web.reactive.function.client.ExchangeFunctions - [45cbaab0] Response 200 OK
20:29:40.199 [reactor-http-nio-14] DEBUG reactor.netty.resources.PooledConnectionProvider - [id: 0x0b723f2b, L:/127.0.0.1:49877 - R:localhost/127.0.0.1:8081] onStateChange(GET{uri=/getAttractions, connection=PooledConnection{channel=[id: 0x0b723f2b, L:/127.0.0.1:49877 - R:localhost/127.0.0.1:8081]}}, [response_received])
20:29:40.199 [reactor-http-nio-13] DEBUG reactor.netty.http.client.HttpClientOperations - [id: 0x3d1cc9c3, L:/127.0.0.1:49878 - R:localhost/127.0.0.1:8081] Received response (auto-read:false) : [Content-Type=application/json, Transfer-Encoding=chunked, Date=Tue, 29 Jun 2021 14:59:39 GMT]
20:29:40.200 [reactor-http-nio-14] DEBUG org.springframework.web.reactive.function.client.ExchangeFunctions - [30ff34cd] Response 200 OK
20:29:40.200 [reactor-http-nio-13] DEBUG reactor.netty.resources.PooledConnectionProvider - [id: 0x3d1cc9c3, L:/127.0.0.1:49878 - R:localhost/127.0.0.1:8081] onStateChange(GET{uri=/getAttractions, connection=PooledConnection{channel=[id: 0x3d1cc9c3, L:/127.0.0.1:49878 - R:localhost/127.0.0.1:8081]}}, [response_received])
20:29:40.200 [reactor-http-nio-13] DEBUG org.springframework.web.reactive.function.client.ExchangeFunctions - [635b021f] Response 200 OK
20:29:40.200 [reactor-http-nio-11] DEBUG reactor.netty.channel.FluxReceive - [id: 0x952ee786, L:/127.0.0.1:49873 - R:localhost/127.0.0.1:8081] Subscribing inbound receiver [pending: 0, cancelled:false, inboundDone: false]
20:29:40.200 [reactor-http-nio-14] DEBUG reactor.netty.channel.FluxReceive - [id: 0x0b723f2b, L:/127.0.0.1:49877 - R:localhost/127.0.0.1:8081] Subscribing inbound receiver [pending: 0, cancelled:false, inboundDone: false]
20:29:40.200 [reactor-http-nio-11] DEBUG reactor.netty.http.client.HttpClientOperations - [id: 0x952ee786, L:/127.0.0.1:49873 - R:localhost/127.0.0.1:8081] Received last HTTP packet
20:29:40.200 [reactor-http-nio-13] DEBUG reactor.netty.channel.FluxReceive - [id: 0x3d1cc9c3, L:/127.0.0.1:49878 - R:localhost/127.0.0.1:8081] Subscribing inbound receiver [pending: 0, cancelled:false, inboundDone: false]
20:29:40.200 [reactor-http-nio-14] DEBUG reactor.netty.http.client.HttpClientOperations - [id: 0x0b723f2b, L:/127.0.0.1:49877 - R:localhost/127.0.0.1:8081] Received last HTTP packet
20:29:40.200 [reactor-http-nio-16] DEBUG reactor.netty.http.client.HttpClientOperations - [id: 0x1eb86fc9, L:/127.0.0.1:49891 - R:localhost/127.0.0.1:8081] Received response (auto-read:false) : [Content-Type=application/json, Transfer-Encoding=chunked, Date=Tue, 29 Jun 2021 14:59:39 GMT]
20:29:40.200 [reactor-http-nio-16] DEBUG reactor.netty.resources.PooledConnectionProvider - [id: 0x1eb86fc9, L:/127.0.0.1:49891 - R:localhost/127.0.0.1:8081] onStateChange(GET{uri=/getAttractions, connection=PooledConnection{channel=[id: 0x1eb86fc9, L:/127.0.0.1:49891 - R:localhost/127.0.0.1:8081]}}, [response_received])
20:29:40.200 [reactor-http-nio-16] DEBUG org.springframework.web.reactive.function.client.ExchangeFunctions - [5670c41d] Response 200 OK
20:29:40.201 [reactor-http-nio-13] DEBUG reactor.netty.http.client.HttpClientOperations - [id: 0x3d1cc9c3, L:/127.0.0.1:49878 - R:localhost/127.0.0.1:8081] Received last HTTP packet
20:29:40.201 [reactor-http-nio-11] DEBUG org.springframework.core.codec.StringDecoder - [45cbaab0] Decoded "[{"longitude":-117.922008,"latitude":33.817595,"attractionName":"Disneyland","city":"Anaheim","stat (truncated)...
20:29:40.201 [reactor-http-nio-16] DEBUG reactor.netty.channel.FluxReceive - [id: 0x1eb86fc9, L:/127.0.0.1:49891 - R:localhost/127.0.0.1:8081] Subscribing inbound receiver [pending: 0, cancelled:false, inboundDone: false]
20:29:40.201 [reactor-http-nio-11] DEBUG reactor.netty.resources.PooledConnectionProvider - [id: 0x952ee786, L:/127.0.0.1:49873 - R:localhost/127.0.0.1:8081] onStateChange(GET{uri=/getAttractions, connection=PooledConnection{channel=[id: 0x952ee786, L:/127.0.0.1:49873 - R:localhost/127.0.0.1:8081]}}, [disconnecting])
20:29:40.201 [reactor-http-nio-11] DEBUG reactor.netty.resources.PooledConnectionProvider - [id: 0x952ee786, L:/127.0.0.1:49873 - R:localhost/127.0.0.1:8081] Releasing channel
20:29:40.201 [reactor-http-nio-11] DEBUG reactor.netty.resources.PooledConnectionProvider - [id: 0x952ee786, L:/127.0.0.1:49873 - R:localhost/127.0.0.1:8081] Channel cleaned, now 13 active connections and 53 inactive connections
20:29:40.201 [reactor-http-nio-16] DEBUG reactor.netty.http.client.HttpClientOperations - [id: 0x1eb86fc9, L:/127.0.0.1:49891 - R:localhost/127.0.0.1:8081] Received last HTTP packet
20:29:40.201 [reactor-http-nio-14] DEBUG org.springframework.core.codec.StringDecoder - [30ff34cd] Decoded "[{"longitude":-117.922008,"latitude":33.817595,"attractionName":"Disneyland","city":"Anaheim","stat (truncated)...
20:29:40.201 [reactor-http-nio-14] DEBUG reactor.netty.resources.PooledConnectionProvider - [id: 0x0b723f2b, L:/127.0.0.1:49877 - R:localhost/127.0.0.1:8081] onStateChange(GET{uri=/getAttractions, connection=PooledConnection{channel=[id: 0x0b723f2b, L:/127.0.0.1:49877 - R:localhost/127.0.0.1:8081]}}, [disconnecting])
20:29:40.201 [reactor-http-nio-14] DEBUG reactor.netty.resources.PooledConnectionProvider - [id: 0x0b723f2b, L:/127.0.0.1:49877 - R:localhost/127.0.0.1:8081] Releasing channel
20:29:40.201 [reactor-http-nio-14] DEBUG reactor.netty.resources.PooledConnectionProvider - [id: 0x0b723f2b, L:/127.0.0.1:49877 - R:localhost/127.0.0.1:8081] Channel cleaned, now 12 active connections and 54 inactive connections
20:29:40.201 [reactor-http-nio-13] DEBUG org.springframework.core.codec.StringDecoder - [635b021f] Decoded "[{"longitude":-117.922008,"latitude":33.817595,"attractionName":"Disneyland","city":"Anaheim","stat (truncated)...
20:29:40.201 [reactor-http-nio-16] DEBUG org.springframework.core.codec.StringDecoder - [5670c41d] Decoded "[{"longitude":-117.922008,"latitude":33.817595,"attractionName":"Disneyland","city":"Anaheim","stat (truncated)...
20:29:40.201 [reactor-http-nio-16] DEBUG reactor.netty.resources.PooledConnectionProvider - [id: 0x1eb86fc9, L:/127.0.0.1:49891 - R:localhost/127.0.0.1:8081] onStateChange(GET{uri=/getAttractions, connection=PooledConnection{channel=[id: 0x1eb86fc9, L:/127.0.0.1:49891 - R:localhost/127.0.0.1:8081]}}, [disconnecting])
20:29:40.201 [reactor-http-nio-16] DEBUG reactor.netty.resources.PooledConnectionProvider - [id: 0x1eb86fc9, L:/127.0.0.1:49891 - R:localhost/127.0.0.1:8081] Releasing channel
20:29:40.201 [reactor-http-nio-16] DEBUG reactor.netty.resources.PooledConnectionProvider - [id: 0x1eb86fc9, L:/127.0.0.1:49891 - R:localhost/127.0.0.1:8081] Channel cleaned, now 11 active connections and 55 inactive connections
20:29:40.201 [reactor-http-nio-13] DEBUG reactor.netty.resources.PooledConnectionProvider - [id: 0x3d1cc9c3, L:/127.0.0.1:49878 - R:localhost/127.0.0.1:8081] onStateChange(GET{uri=/getAttractions, connection=PooledConnection{channel=[id: 0x3d1cc9c3, L:/127.0.0.1:49878 - R:localhost/127.0.0.1:8081]}}, [disconnecting])
20:29:40.201 [reactor-http-nio-13] DEBUG reactor.netty.resources.PooledConnectionProvider - [id: 0x3d1cc9c3, L:/127.0.0.1:49878 - R:localhost/127.0.0.1:8081] Releasing channel
20:29:40.201 [reactor-http-nio-13] DEBUG reactor.netty.resources.PooledConnectionProvider - [id: 0x3d1cc9c3, L:/127.0.0.1:49878 - R:localhost/127.0.0.1:8081] Channel cleaned, now 10 active connections and 56 inactive connections
20:29:40.201 [reactor-http-nio-13] DEBUG reactor.netty.http.client.HttpClientOperations - [id: 0x4b9adda7, L:/127.0.0.1:49909 - R:localhost/127.0.0.1:8081] Received response (auto-read:false) : [Content-Type=application/json, Transfer-Encoding=chunked, Date=Tue, 29 Jun 2021 14:59:39 GMT]
20:29:40.201 [reactor-http-nio-15] DEBUG reactor.netty.http.client.HttpClientOperations - [id: 0xdfea8ccc, L:/127.0.0.1:49892 - R:localhost/127.0.0.1:8081] Received response (auto-read:false) : [Content-Type=application/json, Transfer-Encoding=chunked, Date=Tue, 29 Jun 2021 14:59:39 GMT]
20:29:40.202 [reactor-http-nio-13] DEBUG reactor.netty.resources.PooledConnectionProvider - [id: 0x4b9adda7, L:/127.0.0.1:49909 - R:localhost/127.0.0.1:8081] onStateChange(GET{uri=/getAttractions, connection=PooledConnection{channel=[id: 0x4b9adda7, L:/127.0.0.1:49909 - R:localhost/127.0.0.1:8081]}}, [response_received])
20:29:40.202 [reactor-http-nio-13] DEBUG org.springframework.web.reactive.function.client.ExchangeFunctions - [641dcfca] Response 200 OK
20:29:40.202 [reactor-http-nio-13] DEBUG reactor.netty.channel.FluxReceive - [id: 0x4b9adda7, L:/127.0.0.1:49909 - R:localhost/127.0.0.1:8081] Subscribing inbound receiver [pending: 0, cancelled:false, inboundDone: false]
20:29:40.202 [reactor-http-nio-15] DEBUG reactor.netty.resources.PooledConnectionProvider - [id: 0xdfea8ccc, L:/127.0.0.1:49892 - R:localhost/127.0.0.1:8081] onStateChange(GET{uri=/getAttractions, connection=PooledConnection{channel=[id: 0xdfea8ccc, L:/127.0.0.1:49892 - R:localhost/127.0.0.1:8081]}}, [response_received])
20:29:40.202 [reactor-http-nio-13] DEBUG reactor.netty.http.client.HttpClientOperations - [id: 0x4b9adda7, L:/127.0.0.1:49909 - R:localhost/127.0.0.1:8081] Received last HTTP packet
20:29:40.202 [reactor-http-nio-15] DEBUG org.springframework.web.reactive.function.client.ExchangeFunctions - [ee7c3ab] Response 200 OK
20:29:40.202 [reactor-http-nio-13] DEBUG org.springframework.core.codec.StringDecoder - [641dcfca] Decoded "[{"longitude":-117.922008,"latitude":33.817595,"attractionName":"Disneyland","city":"Anaheim","stat (truncated)...
20:29:40.202 [reactor-http-nio-15] DEBUG reactor.netty.channel.FluxReceive - [id: 0xdfea8ccc, L:/127.0.0.1:49892 - R:localhost/127.0.0.1:8081] Subscribing inbound receiver [pending: 0, cancelled:false, inboundDone: false]
20:29:40.203 [reactor-http-nio-13] DEBUG reactor.netty.resources.PooledConnectionProvider - [id: 0x4b9adda7, L:/127.0.0.1:49909 - R:localhost/127.0.0.1:8081] onStateChange(GET{uri=/getAttractions, connection=PooledConnection{channel=[id: 0x4b9adda7, L:/127.0.0.1:49909 - R:localhost/127.0.0.1:8081]}}, [disconnecting])
20:29:40.203 [reactor-http-nio-13] DEBUG reactor.netty.resources.PooledConnectionProvider - [id: 0x4b9adda7, L:/127.0.0.1:49909 - R:localhost/127.0.0.1:8081] Releasing channel
20:29:40.203 [reactor-http-nio-13] DEBUG reactor.netty.resources.PooledConnectionProvider - [id: 0x4b9adda7, L:/127.0.0.1:49909 - R:localhost/127.0.0.1:8081] Channel cleaned, now 9 active connections and 57 inactive connections
20:29:40.203 [reactor-http-nio-15] DEBUG reactor.netty.http.client.HttpClientOperations - [id: 0xdfea8ccc, L:/127.0.0.1:49892 - R:localhost/127.0.0.1:8081] Received last HTTP packet
20:29:40.203 [reactor-http-nio-15] DEBUG org.springframework.core.codec.StringDecoder - [ee7c3ab] Decoded "[{"longitude":-117.922008,"latitude":33.817595,"attractionName":"Disneyland","city":"Anaheim","stat (truncated)...
20:29:40.203 [reactor-http-nio-15] DEBUG reactor.netty.resources.PooledConnectionProvider - [id: 0xdfea8ccc, L:/127.0.0.1:49892 - R:localhost/127.0.0.1:8081] onStateChange(GET{uri=/getAttractions, connection=PooledConnection{channel=[id: 0xdfea8ccc, L:/127.0.0.1:49892 - R:localhost/127.0.0.1:8081]}}, [disconnecting])
20:29:40.203 [reactor-http-nio-15] DEBUG reactor.netty.resources.PooledConnectionProvider - [id: 0xdfea8ccc, L:/127.0.0.1:49892 - R:localhost/127.0.0.1:8081] Releasing channel
20:29:40.203 [reactor-http-nio-15] DEBUG reactor.netty.resources.PooledConnectionProvider - [id: 0xdfea8ccc, L:/127.0.0.1:49892 - R:localhost/127.0.0.1:8081] Channel cleaned, now 8 active connections and 58 inactive connections
20:29:40.205 [reactor-http-nio-12] DEBUG reactor.netty.http.client.HttpClientOperations - [id: 0x54b51839, L:/127.0.0.1:49907 - R:localhost/127.0.0.1:8081] Received response (auto-read:false) : [Content-Type=application/json, Transfer-Encoding=chunked, Date=Tue, 29 Jun 2021 14:59:39 GMT]
20:29:40.205 [reactor-http-nio-12] DEBUG reactor.netty.resources.PooledConnectionProvider - [id: 0x54b51839, L:/127.0.0.1:49907 - R:localhost/127.0.0.1:8081] onStateChange(GET{uri=/getUserLocation?userId=0f86a5f6-e73a-4036-a646-76b92e5f0cab, connection=PooledConnection{channel=[id: 0x54b51839, L:/127.0.0.1:49907 - R:localhost/127.0.0.1:8081]}}, [response_received])
20:29:40.205 [reactor-http-nio-12] DEBUG org.springframework.web.reactive.function.client.ExchangeFunctions - [66bf0a4] Response 200 OK
20:29:40.205 [reactor-http-nio-2] DEBUG reactor.netty.http.client.HttpClientOperations - [id: 0x549de069, L:/127.0.0.1:49916 - R:localhost/127.0.0.1:8081] Received response (auto-read:false) : [Content-Type=application/json, Transfer-Encoding=chunked, Date=Tue, 29 Jun 2021 14:59:39 GMT]
20:29:40.205 [reactor-http-nio-2] DEBUG reactor.netty.resources.PooledConnectionProvider - [id: 0x549de069, L:/127.0.0.1:49916 - R:localhost/127.0.0.1:8081] onStateChange(GET{uri=/getAttractions, connection=PooledConnection{channel=[id: 0x549de069, L:/127.0.0.1:49916 - R:localhost/127.0.0.1:8081]}}, [response_received])
20:29:40.205 [reactor-http-nio-2] DEBUG org.springframework.web.reactive.function.client.ExchangeFunctions - [356a2b3b] Response 200 OK
20:29:40.205 [reactor-http-nio-12] DEBUG reactor.netty.channel.FluxReceive - [id: 0x54b51839, L:/127.0.0.1:49907 - R:localhost/127.0.0.1:8081] Subscribing inbound receiver [pending: 0, cancelled:false, inboundDone: false]
20:29:40.205 [reactor-http-nio-2] DEBUG reactor.netty.channel.FluxReceive - [id: 0x549de069, L:/127.0.0.1:49916 - R:localhost/127.0.0.1:8081] Subscribing inbound receiver [pending: 0, cancelled:false, inboundDone: false]
20:29:40.205 [reactor-http-nio-12] DEBUG reactor.netty.http.client.HttpClientOperations - [id: 0x54b51839, L:/127.0.0.1:49907 - R:localhost/127.0.0.1:8081] Received last HTTP packet
20:29:40.205 [reactor-http-nio-2] DEBUG reactor.netty.http.client.HttpClientOperations - [id: 0x549de069, L:/127.0.0.1:49916 - R:localhost/127.0.0.1:8081] Received last HTTP packet
20:29:40.205 [reactor-http-nio-12] DEBUG org.springframework.core.codec.StringDecoder - [66bf0a4] Decoded "{"userId":"0f86a5f6-e73a-4036-a646-76b92e5f0cab","location":{"longitude":-166.493942,"latitude":-52 (truncated)...
20:29:40.206 [reactor-http-nio-12] DEBUG reactor.netty.resources.PooledConnectionProvider - [id: 0x54b51839, L:/127.0.0.1:49907 - R:localhost/127.0.0.1:8081] onStateChange(GET{uri=/getUserLocation?userId=0f86a5f6-e73a-4036-a646-76b92e5f0cab, connection=PooledConnection{channel=[id: 0x54b51839, L:/127.0.0.1:49907 - R:localhost/127.0.0.1:8081]}}, [disconnecting])
20:29:40.206 [reactor-http-nio-12] DEBUG reactor.netty.resources.PooledConnectionProvider - [id: 0x54b51839, L:/127.0.0.1:49907 - R:localhost/127.0.0.1:8081] Releasing channel
20:29:40.206 [reactor-http-nio-2] DEBUG org.springframework.core.codec.StringDecoder - [356a2b3b] Decoded "[{"longitude":-117.922008,"latitude":33.817595,"attractionName":"Disneyland","city":"Anaheim","stat (truncated)...
20:29:40.206 [reactor-http-nio-2] DEBUG reactor.netty.resources.PooledConnectionProvider - [id: 0x549de069, L:/127.0.0.1:49916 - R:localhost/127.0.0.1:8081] onStateChange(GET{uri=/getAttractions, connection=PooledConnection{channel=[id: 0x549de069, L:/127.0.0.1:49916 - R:localhost/127.0.0.1:8081]}}, [disconnecting])
20:29:40.206 [reactor-http-nio-2] DEBUG reactor.netty.resources.PooledConnectionProvider - [id: 0x549de069, L:/127.0.0.1:49916 - R:localhost/127.0.0.1:8081] Releasing channel
20:29:40.205 [reactor-http-nio-11] DEBUG reactor.netty.http.client.HttpClientOperations - [id: 0x5557723c, L:/127.0.0.1:49932 - R:localhost/127.0.0.1:8081] Received response (auto-read:false) : [Content-Type=application/json, Transfer-Encoding=chunked, Date=Tue, 29 Jun 2021 14:59:39 GMT]
20:29:40.206 [reactor-http-nio-11] DEBUG reactor.netty.resources.PooledConnectionProvider - [id: 0x5557723c, L:/127.0.0.1:49932 - R:localhost/127.0.0.1:8081] onStateChange(GET{uri=/getAttractions, connection=PooledConnection{channel=[id: 0x5557723c, L:/127.0.0.1:49932 - R:localhost/127.0.0.1:8081]}}, [response_received])
20:29:40.206 [reactor-http-nio-12] DEBUG reactor.netty.resources.PooledConnectionProvider - [id: 0x54b51839, L:/127.0.0.1:49907 - R:localhost/127.0.0.1:8081] Channel cleaned, now 7 active connections and 59 inactive connections
20:29:40.206 [reactor-http-nio-11] DEBUG org.springframework.web.reactive.function.client.ExchangeFunctions - [77437c07] Response 200 OK
20:29:40.206 [reactor-http-nio-2] DEBUG reactor.netty.resources.PooledConnectionProvider - [id: 0x549de069, L:/127.0.0.1:49916 - R:localhost/127.0.0.1:8081] Channel cleaned, now 6 active connections and 60 inactive connections
20:29:40.206 [reactor-http-nio-11] DEBUG reactor.netty.channel.FluxReceive - [id: 0x5557723c, L:/127.0.0.1:49932 - R:localhost/127.0.0.1:8081] Subscribing inbound receiver [pending: 0, cancelled:false, inboundDone: false]
20:29:40.206 [reactor-http-nio-11] DEBUG reactor.netty.http.client.HttpClientOperations - [id: 0x5557723c, L:/127.0.0.1:49932 - R:localhost/127.0.0.1:8081] Received last HTTP packet
20:29:40.206 [reactor-http-nio-12] DEBUG reactor.netty.http.client.HttpClientOperations - [id: 0x622ee18f, L:/127.0.0.1:49911 - R:localhost/127.0.0.1:8081] Received response (auto-read:false) : [Content-Type=application/json, Transfer-Encoding=chunked, Date=Tue, 29 Jun 2021 14:59:39 GMT]
20:29:40.206 [reactor-http-nio-12] DEBUG reactor.netty.resources.PooledConnectionProvider - [id: 0x622ee18f, L:/127.0.0.1:49911 - R:localhost/127.0.0.1:8081] onStateChange(GET{uri=/getAttractions, connection=PooledConnection{channel=[id: 0x622ee18f, L:/127.0.0.1:49911 - R:localhost/127.0.0.1:8081]}}, [response_received])
20:29:40.206 [reactor-http-nio-13] DEBUG reactor.netty.http.client.HttpClientOperations - [id: 0x3ab95760, L:/127.0.0.1:49913 - R:localhost/127.0.0.1:8081] Received response (auto-read:false) : [Content-Type=application/json, Transfer-Encoding=chunked, Date=Tue, 29 Jun 2021 14:59:39 GMT]
20:29:40.207 [reactor-http-nio-12] DEBUG org.springframework.web.reactive.function.client.ExchangeFunctions - [7fa5b1c0] Response 200 OK
20:29:40.207 [reactor-http-nio-13] DEBUG reactor.netty.resources.PooledConnectionProvider - [id: 0x3ab95760, L:/127.0.0.1:49913 - R:localhost/127.0.0.1:8081] onStateChange(GET{uri=/getAttractions, connection=PooledConnection{channel=[id: 0x3ab95760, L:/127.0.0.1:49913 - R:localhost/127.0.0.1:8081]}}, [response_received])
20:29:40.207 [reactor-http-nio-11] DEBUG org.springframework.core.codec.StringDecoder - [77437c07] Decoded "[{"longitude":-117.922008,"latitude":33.817595,"attractionName":"Disneyland","city":"Anaheim","stat (truncated)...
20:29:40.207 [reactor-http-nio-13] DEBUG org.springframework.web.reactive.function.client.ExchangeFunctions - [706fdcba] Response 200 OK
20:29:40.207 [reactor-http-nio-11] DEBUG reactor.netty.resources.PooledConnectionProvider - [id: 0x5557723c, L:/127.0.0.1:49932 - R:localhost/127.0.0.1:8081] onStateChange(GET{uri=/getAttractions, connection=PooledConnection{channel=[id: 0x5557723c, L:/127.0.0.1:49932 - R:localhost/127.0.0.1:8081]}}, [disconnecting])
20:29:40.207 [reactor-http-nio-11] DEBUG reactor.netty.resources.PooledConnectionProvider - [id: 0x5557723c, L:/127.0.0.1:49932 - R:localhost/127.0.0.1:8081] Releasing channel
20:29:40.207 [reactor-http-nio-11] DEBUG reactor.netty.resources.PooledConnectionProvider - [id: 0x5557723c, L:/127.0.0.1:49932 - R:localhost/127.0.0.1:8081] Channel cleaned, now 5 active connections and 61 inactive connections
20:29:40.207 [pool-13-thread-48] DEBUG org.springframework.web.reactive.function.client.ExchangeFunctions - [43696e0d] HTTP GET http://localhost:8081/getAttractions
20:29:40.207 [reactor-http-nio-12] DEBUG reactor.netty.channel.FluxReceive - [id: 0x622ee18f, L:/127.0.0.1:49911 - R:localhost/127.0.0.1:8081] Subscribing inbound receiver [pending: 0, cancelled:false, inboundDone: false]
20:29:40.207 [reactor-http-nio-13] DEBUG reactor.netty.channel.FluxReceive - [id: 0x3ab95760, L:/127.0.0.1:49913 - R:localhost/127.0.0.1:8081] Subscribing inbound receiver [pending: 0, cancelled:false, inboundDone: false]
20:29:40.207 [reactor-http-nio-12] DEBUG reactor.netty.http.client.HttpClientOperations - [id: 0x622ee18f, L:/127.0.0.1:49911 - R:localhost/127.0.0.1:8081] Received last HTTP packet
20:29:40.207 [reactor-http-nio-13] DEBUG reactor.netty.http.client.HttpClientOperations - [id: 0x3ab95760, L:/127.0.0.1:49913 - R:localhost/127.0.0.1:8081] Received last HTTP packet
20:29:40.207 [reactor-http-nio-12] DEBUG org.springframework.core.codec.StringDecoder - [7fa5b1c0] Decoded "[{"longitude":-117.922008,"latitude":33.817595,"attractionName":"Disneyland","city":"Anaheim","stat (truncated)...
20:29:40.207 [reactor-http-nio-13] DEBUG org.springframework.core.codec.StringDecoder - [706fdcba] Decoded "[{"longitude":-117.922008,"latitude":33.817595,"attractionName":"Disneyland","city":"Anaheim","stat (truncated)...
20:29:40.207 [reactor-http-nio-12] DEBUG reactor.netty.resources.PooledConnectionProvider - [id: 0x622ee18f, L:/127.0.0.1:49911 - R:localhost/127.0.0.1:8081] onStateChange(GET{uri=/getAttractions, connection=PooledConnection{channel=[id: 0x622ee18f, L:/127.0.0.1:49911 - R:localhost/127.0.0.1:8081]}}, [disconnecting])
20:29:40.207 [reactor-http-nio-12] DEBUG reactor.netty.resources.PooledConnectionProvider - [id: 0x622ee18f, L:/127.0.0.1:49911 - R:localhost/127.0.0.1:8081] Releasing channel
20:29:40.208 [reactor-http-nio-12] DEBUG reactor.netty.resources.PooledConnectionProvider - [id: 0x622ee18f, L:/127.0.0.1:49911 - R:localhost/127.0.0.1:8081] Channel cleaned, now 4 active connections and 62 inactive connections
20:29:40.208 [reactor-http-nio-13] DEBUG reactor.netty.resources.PooledConnectionProvider - [id: 0x3ab95760, L:/127.0.0.1:49913 - R:localhost/127.0.0.1:8081] onStateChange(GET{uri=/getAttractions, connection=PooledConnection{channel=[id: 0x3ab95760, L:/127.0.0.1:49913 - R:localhost/127.0.0.1:8081]}}, [disconnecting])
20:29:40.208 [reactor-http-nio-13] DEBUG reactor.netty.resources.PooledConnectionProvider - [id: 0x3ab95760, L:/127.0.0.1:49913 - R:localhost/127.0.0.1:8081] Releasing channel
20:29:40.208 [reactor-http-nio-13] DEBUG reactor.netty.resources.PooledConnectionProvider - [id: 0x3ab95760, L:/127.0.0.1:49913 - R:localhost/127.0.0.1:8081] Channel cleaned, now 3 active connections and 63 inactive connections
20:29:40.208 [reactor-http-nio-13] DEBUG reactor.netty.resources.PooledConnectionProvider - [id: 0x2d54eb76, L:/127.0.0.1:49912 - R:localhost/127.0.0.1:8081] Channel acquired, now 4 active connections and 62 inactive connections
20:29:40.208 [reactor-http-nio-13] DEBUG reactor.netty.http.client.HttpClientConnect - [id: 0x2d54eb76, L:/127.0.0.1:49912 - R:localhost/127.0.0.1:8081] Handler is being applied: {uri=http://localhost:8081/getAttractions, method=GET}
20:29:40.208 [reactor-http-nio-13] DEBUG reactor.netty.resources.PooledConnectionProvider - [id: 0x2d54eb76, L:/127.0.0.1:49912 - R:localhost/127.0.0.1:8081] onStateChange(GET{uri=/getAttractions, connection=PooledConnection{channel=[id: 0x2d54eb76, L:/127.0.0.1:49912 - R:localhost/127.0.0.1:8081]}}, [request_sent])
20:29:40.212 [reactor-http-nio-16] DEBUG reactor.netty.http.client.HttpClientOperations - [id: 0x31cea2d6, L:/127.0.0.1:49902 - R:localhost/127.0.0.1:8081] Received response (auto-read:false) : [Content-Type=application/json, Transfer-Encoding=chunked, Date=Tue, 29 Jun 2021 14:59:39 GMT]
20:29:40.212 [reactor-http-nio-16] DEBUG reactor.netty.resources.PooledConnectionProvider - [id: 0x31cea2d6, L:/127.0.0.1:49902 - R:localhost/127.0.0.1:8081] onStateChange(GET{uri=/getUserLocation?userId=ce88871e-1458-4823-8382-854c9c70659f, connection=PooledConnection{channel=[id: 0x31cea2d6, L:/127.0.0.1:49902 - R:localhost/127.0.0.1:8081]}}, [response_received])
20:29:40.212 [reactor-http-nio-16] DEBUG org.springframework.web.reactive.function.client.ExchangeFunctions - [7351f427] Response 200 OK
20:29:40.213 [reactor-http-nio-16] DEBUG reactor.netty.channel.FluxReceive - [id: 0x31cea2d6, L:/127.0.0.1:49902 - R:localhost/127.0.0.1:8081] Subscribing inbound receiver [pending: 0, cancelled:false, inboundDone: false]
20:29:40.213 [reactor-http-nio-16] DEBUG reactor.netty.http.client.HttpClientOperations - [id: 0x31cea2d6, L:/127.0.0.1:49902 - R:localhost/127.0.0.1:8081] Received last HTTP packet
20:29:40.213 [reactor-http-nio-16] DEBUG org.springframework.core.codec.StringDecoder - [7351f427] Decoded "{"userId":"ce88871e-1458-4823-8382-854c9c70659f","location":{"longitude":-111.184824,"latitude":-46 (truncated)...
20:29:40.213 [reactor-http-nio-16] DEBUG reactor.netty.resources.PooledConnectionProvider - [id: 0x31cea2d6, L:/127.0.0.1:49902 - R:localhost/127.0.0.1:8081] onStateChange(GET{uri=/getUserLocation?userId=ce88871e-1458-4823-8382-854c9c70659f, connection=PooledConnection{channel=[id: 0x31cea2d6, L:/127.0.0.1:49902 - R:localhost/127.0.0.1:8081]}}, [disconnecting])
20:29:40.213 [reactor-http-nio-16] DEBUG reactor.netty.resources.PooledConnectionProvider - [id: 0x31cea2d6, L:/127.0.0.1:49902 - R:localhost/127.0.0.1:8081] Releasing channel
20:29:40.213 [reactor-http-nio-16] DEBUG reactor.netty.resources.PooledConnectionProvider - [id: 0x31cea2d6, L:/127.0.0.1:49902 - R:localhost/127.0.0.1:8081] Channel cleaned, now 3 active connections and 63 inactive connections
20:29:40.214 [pool-13-thread-39] DEBUG org.springframework.web.reactive.function.client.ExchangeFunctions - [36537429] HTTP GET http://localhost:8081/getAttractions
20:29:40.214 [reactor-http-nio-10] DEBUG reactor.netty.resources.PooledConnectionProvider - [id: 0x415a9863, L:/127.0.0.1:49906 - R:localhost/127.0.0.1:8081] Channel acquired, now 4 active connections and 62 inactive connections
20:29:40.215 [reactor-http-nio-10] DEBUG reactor.netty.http.client.HttpClientConnect - [id: 0x415a9863, L:/127.0.0.1:49906 - R:localhost/127.0.0.1:8081] Handler is being applied: {uri=http://localhost:8081/getAttractions, method=GET}
20:29:40.215 [reactor-http-nio-10] DEBUG reactor.netty.resources.PooledConnectionProvider - [id: 0x415a9863, L:/127.0.0.1:49906 - R:localhost/127.0.0.1:8081] onStateChange(GET{uri=/getAttractions, connection=PooledConnection{channel=[id: 0x415a9863, L:/127.0.0.1:49906 - R:localhost/127.0.0.1:8081]}}, [request_sent])
20:29:40.222 [reactor-http-nio-13] DEBUG reactor.netty.http.client.HttpClientOperations - [id: 0x2d54eb76, L:/127.0.0.1:49912 - R:localhost/127.0.0.1:8081] Received response (auto-read:false) : [Content-Type=application/json, Transfer-Encoding=chunked, Date=Tue, 29 Jun 2021 14:59:39 GMT]
20:29:40.222 [reactor-http-nio-14] DEBUG reactor.netty.http.client.HttpClientOperations - [id: 0xa39718a1, L:/127.0.0.1:49900 - R:localhost/127.0.0.1:8081] Received response (auto-read:false) : [Content-Type=application/json, Transfer-Encoding=chunked, Date=Tue, 29 Jun 2021 14:59:39 GMT]
20:29:40.222 [reactor-http-nio-13] DEBUG reactor.netty.resources.PooledConnectionProvider - [id: 0x2d54eb76, L:/127.0.0.1:49912 - R:localhost/127.0.0.1:8081] onStateChange(GET{uri=/getAttractions, connection=PooledConnection{channel=[id: 0x2d54eb76, L:/127.0.0.1:49912 - R:localhost/127.0.0.1:8081]}}, [response_received])
20:29:40.222 [reactor-http-nio-14] DEBUG reactor.netty.resources.PooledConnectionProvider - [id: 0xa39718a1, L:/127.0.0.1:49900 - R:localhost/127.0.0.1:8081] onStateChange(GET{uri=/getUserLocation?userId=0cf06056-6136-4ad5-a952-6a1967221a28, connection=PooledConnection{channel=[id: 0xa39718a1, L:/127.0.0.1:49900 - R:localhost/127.0.0.1:8081]}}, [response_received])
20:29:40.222 [reactor-http-nio-14] DEBUG org.springframework.web.reactive.function.client.ExchangeFunctions - [c79ed73] Response 200 OK
20:29:40.222 [reactor-http-nio-13] DEBUG org.springframework.web.reactive.function.client.ExchangeFunctions - [43696e0d] Response 200 OK
20:29:40.222 [reactor-http-nio-14] DEBUG reactor.netty.channel.FluxReceive - [id: 0xa39718a1, L:/127.0.0.1:49900 - R:localhost/127.0.0.1:8081] Subscribing inbound receiver [pending: 0, cancelled:false, inboundDone: false]
20:29:40.222 [reactor-http-nio-13] DEBUG reactor.netty.channel.FluxReceive - [id: 0x2d54eb76, L:/127.0.0.1:49912 - R:localhost/127.0.0.1:8081] Subscribing inbound receiver [pending: 0, cancelled:false, inboundDone: false]
20:29:40.222 [reactor-http-nio-14] DEBUG reactor.netty.http.client.HttpClientOperations - [id: 0xa39718a1, L:/127.0.0.1:49900 - R:localhost/127.0.0.1:8081] Received last HTTP packet
20:29:40.222 [reactor-http-nio-13] DEBUG reactor.netty.http.client.HttpClientOperations - [id: 0x2d54eb76, L:/127.0.0.1:49912 - R:localhost/127.0.0.1:8081] Received last HTTP packet
20:29:40.222 [reactor-http-nio-14] DEBUG org.springframework.core.codec.StringDecoder - [c79ed73] Decoded "{"userId":"0cf06056-6136-4ad5-a952-6a1967221a28","location":{"longitude":-91.401183,"latitude":78.4 (truncated)...
20:29:40.222 [reactor-http-nio-14] DEBUG reactor.netty.resources.PooledConnectionProvider - [id: 0xa39718a1, L:/127.0.0.1:49900 - R:localhost/127.0.0.1:8081] onStateChange(GET{uri=/getUserLocation?userId=0cf06056-6136-4ad5-a952-6a1967221a28, connection=PooledConnection{channel=[id: 0xa39718a1, L:/127.0.0.1:49900 - R:localhost/127.0.0.1:8081]}}, [disconnecting])
20:29:40.222 [reactor-http-nio-14] DEBUG reactor.netty.resources.PooledConnectionProvider - [id: 0xa39718a1, L:/127.0.0.1:49900 - R:localhost/127.0.0.1:8081] Releasing channel
20:29:40.222 [reactor-http-nio-14] DEBUG reactor.netty.resources.PooledConnectionProvider - [id: 0xa39718a1, L:/127.0.0.1:49900 - R:localhost/127.0.0.1:8081] Channel cleaned, now 3 active connections and 63 inactive connections
20:29:40.223 [reactor-http-nio-13] DEBUG org.springframework.core.codec.StringDecoder - [43696e0d] Decoded "[{"longitude":-117.922008,"latitude":33.817595,"attractionName":"Disneyland","city":"Anaheim","stat (truncated)...
20:29:40.223 [reactor-http-nio-13] DEBUG reactor.netty.resources.PooledConnectionProvider - [id: 0x2d54eb76, L:/127.0.0.1:49912 - R:localhost/127.0.0.1:8081] onStateChange(GET{uri=/getAttractions, connection=PooledConnection{channel=[id: 0x2d54eb76, L:/127.0.0.1:49912 - R:localhost/127.0.0.1:8081]}}, [disconnecting])
20:29:40.223 [reactor-http-nio-13] DEBUG reactor.netty.resources.PooledConnectionProvider - [id: 0x2d54eb76, L:/127.0.0.1:49912 - R:localhost/127.0.0.1:8081] Releasing channel
20:29:40.223 [reactor-http-nio-13] DEBUG reactor.netty.resources.PooledConnectionProvider - [id: 0x2d54eb76, L:/127.0.0.1:49912 - R:localhost/127.0.0.1:8081] Channel cleaned, now 2 active connections and 64 inactive connections
20:29:40.224 [pool-12-thread-1] DEBUG org.springframework.web.reactive.function.client.ExchangeFunctions - [69f2ea5] HTTP GET http://localhost:8081/getAttractions
20:29:40.224 [reactor-http-nio-2] DEBUG reactor.netty.resources.PooledConnectionProvider - [id: 0x5d20b19f, L:/127.0.0.1:49926 - R:localhost/127.0.0.1:8081] Channel acquired, now 3 active connections and 63 inactive connections
20:29:40.224 [reactor-http-nio-2] DEBUG reactor.netty.http.client.HttpClientConnect - [id: 0x5d20b19f, L:/127.0.0.1:49926 - R:localhost/127.0.0.1:8081] Handler is being applied: {uri=http://localhost:8081/getAttractions, method=GET}
20:29:40.224 [reactor-http-nio-2] DEBUG reactor.netty.resources.PooledConnectionProvider - [id: 0x5d20b19f, L:/127.0.0.1:49926 - R:localhost/127.0.0.1:8081] onStateChange(GET{uri=/getAttractions, connection=PooledConnection{channel=[id: 0x5d20b19f, L:/127.0.0.1:49926 - R:localhost/127.0.0.1:8081]}}, [request_sent])
20:29:40.229 [reactor-http-nio-15] DEBUG reactor.netty.http.client.HttpClientOperations - [id: 0x822a7f8c, L:/127.0.0.1:49898 - R:localhost/127.0.0.1:8081] Received response (auto-read:false) : [Content-Type=application/json, Transfer-Encoding=chunked, Date=Tue, 29 Jun 2021 14:59:39 GMT]
20:29:40.229 [reactor-http-nio-10] DEBUG reactor.netty.http.client.HttpClientOperations - [id: 0x415a9863, L:/127.0.0.1:49906 - R:localhost/127.0.0.1:8081] Received response (auto-read:false) : [Content-Type=application/json, Transfer-Encoding=chunked, Date=Tue, 29 Jun 2021 14:59:39 GMT]
20:29:40.229 [reactor-http-nio-15] DEBUG reactor.netty.resources.PooledConnectionProvider - [id: 0x822a7f8c, L:/127.0.0.1:49898 - R:localhost/127.0.0.1:8081] onStateChange(GET{uri=/getUserLocation?userId=da1c8374-e376-4ab4-b7b2-200d554037b8, connection=PooledConnection{channel=[id: 0x822a7f8c, L:/127.0.0.1:49898 - R:localhost/127.0.0.1:8081]}}, [response_received])
20:29:40.229 [reactor-http-nio-10] DEBUG reactor.netty.resources.PooledConnectionProvider - [id: 0x415a9863, L:/127.0.0.1:49906 - R:localhost/127.0.0.1:8081] onStateChange(GET{uri=/getAttractions, connection=PooledConnection{channel=[id: 0x415a9863, L:/127.0.0.1:49906 - R:localhost/127.0.0.1:8081]}}, [response_received])
20:29:40.229 [reactor-http-nio-10] DEBUG org.springframework.web.reactive.function.client.ExchangeFunctions - [36537429] Response 200 OK
20:29:40.229 [reactor-http-nio-15] DEBUG org.springframework.web.reactive.function.client.ExchangeFunctions - [5d58697a] Response 200 OK
20:29:40.229 [reactor-http-nio-10] DEBUG reactor.netty.channel.FluxReceive - [id: 0x415a9863, L:/127.0.0.1:49906 - R:localhost/127.0.0.1:8081] Subscribing inbound receiver [pending: 0, cancelled:false, inboundDone: false]
20:29:40.229 [reactor-http-nio-15] DEBUG reactor.netty.channel.FluxReceive - [id: 0x822a7f8c, L:/127.0.0.1:49898 - R:localhost/127.0.0.1:8081] Subscribing inbound receiver [pending: 0, cancelled:false, inboundDone: false]
20:29:40.229 [reactor-http-nio-10] DEBUG reactor.netty.http.client.HttpClientOperations - [id: 0x415a9863, L:/127.0.0.1:49906 - R:localhost/127.0.0.1:8081] Received last HTTP packet
20:29:40.229 [reactor-http-nio-15] DEBUG reactor.netty.http.client.HttpClientOperations - [id: 0x822a7f8c, L:/127.0.0.1:49898 - R:localhost/127.0.0.1:8081] Received last HTTP packet
20:29:40.229 [reactor-http-nio-15] DEBUG org.springframework.core.codec.StringDecoder - [5d58697a] Decoded "{"userId":"da1c8374-e376-4ab4-b7b2-200d554037b8","location":{"longitude":50.791912,"latitude":-7.23 (truncated)...
20:29:40.229 [reactor-http-nio-10] DEBUG org.springframework.core.codec.StringDecoder - [36537429] Decoded "[{"longitude":-117.922008,"latitude":33.817595,"attractionName":"Disneyland","city":"Anaheim","stat (truncated)...
20:29:40.229 [reactor-http-nio-15] DEBUG reactor.netty.resources.PooledConnectionProvider - [id: 0x822a7f8c, L:/127.0.0.1:49898 - R:localhost/127.0.0.1:8081] onStateChange(GET{uri=/getUserLocation?userId=da1c8374-e376-4ab4-b7b2-200d554037b8, connection=PooledConnection{channel=[id: 0x822a7f8c, L:/127.0.0.1:49898 - R:localhost/127.0.0.1:8081]}}, [disconnecting])
20:29:40.229 [reactor-http-nio-15] DEBUG reactor.netty.resources.PooledConnectionProvider - [id: 0x822a7f8c, L:/127.0.0.1:49898 - R:localhost/127.0.0.1:8081] Releasing channel
20:29:40.229 [reactor-http-nio-15] DEBUG reactor.netty.resources.PooledConnectionProvider - [id: 0x822a7f8c, L:/127.0.0.1:49898 - R:localhost/127.0.0.1:8081] Channel cleaned, now 2 active connections and 64 inactive connections
20:29:40.230 [reactor-http-nio-10] DEBUG reactor.netty.resources.PooledConnectionProvider - [id: 0x415a9863, L:/127.0.0.1:49906 - R:localhost/127.0.0.1:8081] onStateChange(GET{uri=/getAttractions, connection=PooledConnection{channel=[id: 0x415a9863, L:/127.0.0.1:49906 - R:localhost/127.0.0.1:8081]}}, [disconnecting])
20:29:40.230 [reactor-http-nio-10] DEBUG reactor.netty.resources.PooledConnectionProvider - [id: 0x415a9863, L:/127.0.0.1:49906 - R:localhost/127.0.0.1:8081] Releasing channel
20:29:40.230 [reactor-http-nio-10] DEBUG reactor.netty.resources.PooledConnectionProvider - [id: 0x415a9863, L:/127.0.0.1:49906 - R:localhost/127.0.0.1:8081] Channel cleaned, now 1 active connections and 65 inactive connections
20:29:40.230 [pool-13-thread-40] DEBUG org.springframework.web.reactive.function.client.ExchangeFunctions - [185afcb5] HTTP GET http://localhost:8081/getAttractions
20:29:40.231 [reactor-http-nio-15] DEBUG reactor.netty.resources.PooledConnectionProvider - [id: 0x6124bcfa, L:/127.0.0.1:49886 - R:localhost/127.0.0.1:8081] Channel acquired, now 2 active connections and 64 inactive connections
20:29:40.231 [reactor-http-nio-15] DEBUG reactor.netty.http.client.HttpClientConnect - [id: 0x6124bcfa, L:/127.0.0.1:49886 - R:localhost/127.0.0.1:8081] Handler is being applied: {uri=http://localhost:8081/getAttractions, method=GET}
20:29:40.231 [reactor-http-nio-15] DEBUG reactor.netty.resources.PooledConnectionProvider - [id: 0x6124bcfa, L:/127.0.0.1:49886 - R:localhost/127.0.0.1:8081] onStateChange(GET{uri=/getAttractions, connection=PooledConnection{channel=[id: 0x6124bcfa, L:/127.0.0.1:49886 - R:localhost/127.0.0.1:8081]}}, [request_sent])
20:29:40.237 [reactor-http-nio-2] DEBUG reactor.netty.http.client.HttpClientOperations - [id: 0x5d20b19f, L:/127.0.0.1:49926 - R:localhost/127.0.0.1:8081] Received response (auto-read:false) : [Content-Type=application/json, Transfer-Encoding=chunked, Date=Tue, 29 Jun 2021 14:59:39 GMT]
20:29:40.237 [reactor-http-nio-2] DEBUG reactor.netty.resources.PooledConnectionProvider - [id: 0x5d20b19f, L:/127.0.0.1:49926 - R:localhost/127.0.0.1:8081] onStateChange(GET{uri=/getAttractions, connection=PooledConnection{channel=[id: 0x5d20b19f, L:/127.0.0.1:49926 - R:localhost/127.0.0.1:8081]}}, [response_received])
20:29:40.237 [reactor-http-nio-2] DEBUG org.springframework.web.reactive.function.client.ExchangeFunctions - [69f2ea5] Response 200 OK
20:29:40.237 [reactor-http-nio-2] DEBUG reactor.netty.channel.FluxReceive - [id: 0x5d20b19f, L:/127.0.0.1:49926 - R:localhost/127.0.0.1:8081] Subscribing inbound receiver [pending: 0, cancelled:false, inboundDone: false]
20:29:40.237 [reactor-http-nio-2] DEBUG reactor.netty.http.client.HttpClientOperations - [id: 0x5d20b19f, L:/127.0.0.1:49926 - R:localhost/127.0.0.1:8081] Received last HTTP packet
20:29:40.237 [reactor-http-nio-2] DEBUG org.springframework.core.codec.StringDecoder - [69f2ea5] Decoded "[{"longitude":-117.922008,"latitude":33.817595,"attractionName":"Disneyland","city":"Anaheim","stat (truncated)...
20:29:40.237 [reactor-http-nio-2] DEBUG reactor.netty.resources.PooledConnectionProvider - [id: 0x5d20b19f, L:/127.0.0.1:49926 - R:localhost/127.0.0.1:8081] onStateChange(GET{uri=/getAttractions, connection=PooledConnection{channel=[id: 0x5d20b19f, L:/127.0.0.1:49926 - R:localhost/127.0.0.1:8081]}}, [disconnecting])
20:29:40.237 [reactor-http-nio-2] DEBUG reactor.netty.resources.PooledConnectionProvider - [id: 0x5d20b19f, L:/127.0.0.1:49926 - R:localhost/127.0.0.1:8081] Releasing channel
20:29:40.237 [reactor-http-nio-2] DEBUG reactor.netty.resources.PooledConnectionProvider - [id: 0x5d20b19f, L:/127.0.0.1:49926 - R:localhost/127.0.0.1:8081] Channel cleaned, now 1 active connections and 65 inactive connections
20:29:40.238 [pool-12-thread-1] DEBUG org.springframework.web.reactive.function.client.ExchangeFunctions - [746e013e] HTTP GET http://localhost:8081/getUserLocation?userId=87ad5f95-1fb2-43d7-ab27-ddca75dedc30
20:29:40.238 [reactor-http-nio-11] DEBUG reactor.netty.resources.PooledConnectionProvider - [id: 0x70ea745d, L:/127.0.0.1:49931 - R:localhost/127.0.0.1:8081] Channel acquired, now 2 active connections and 64 inactive connections
20:29:40.239 [reactor-http-nio-11] DEBUG reactor.netty.http.client.HttpClientConnect - [id: 0x70ea745d, L:/127.0.0.1:49931 - R:localhost/127.0.0.1:8081] Handler is being applied: {uri=http://localhost:8081/getUserLocation?userId=87ad5f95-1fb2-43d7-ab27-ddca75dedc30, method=GET}
20:29:40.239 [reactor-http-nio-11] DEBUG reactor.netty.resources.PooledConnectionProvider - [id: 0x70ea745d, L:/127.0.0.1:49931 - R:localhost/127.0.0.1:8081] onStateChange(GET{uri=/getUserLocation?userId=87ad5f95-1fb2-43d7-ab27-ddca75dedc30, connection=PooledConnection{channel=[id: 0x70ea745d, L:/127.0.0.1:49931 - R:localhost/127.0.0.1:8081]}}, [request_sent])
20:29:40.244 [reactor-http-nio-15] DEBUG reactor.netty.http.client.HttpClientOperations - [id: 0x6124bcfa, L:/127.0.0.1:49886 - R:localhost/127.0.0.1:8081] Received response (auto-read:false) : [Content-Type=application/json, Transfer-Encoding=chunked, Date=Tue, 29 Jun 2021 14:59:39 GMT]
20:29:40.244 [reactor-http-nio-15] DEBUG reactor.netty.resources.PooledConnectionProvider - [id: 0x6124bcfa, L:/127.0.0.1:49886 - R:localhost/127.0.0.1:8081] onStateChange(GET{uri=/getAttractions, connection=PooledConnection{channel=[id: 0x6124bcfa, L:/127.0.0.1:49886 - R:localhost/127.0.0.1:8081]}}, [response_received])
20:29:40.244 [reactor-http-nio-15] DEBUG org.springframework.web.reactive.function.client.ExchangeFunctions - [185afcb5] Response 200 OK
20:29:40.245 [reactor-http-nio-15] DEBUG reactor.netty.channel.FluxReceive - [id: 0x6124bcfa, L:/127.0.0.1:49886 - R:localhost/127.0.0.1:8081] Subscribing inbound receiver [pending: 0, cancelled:false, inboundDone: false]
20:29:40.245 [reactor-http-nio-15] DEBUG reactor.netty.http.client.HttpClientOperations - [id: 0x6124bcfa, L:/127.0.0.1:49886 - R:localhost/127.0.0.1:8081] Received last HTTP packet
20:29:40.245 [reactor-http-nio-15] DEBUG org.springframework.core.codec.StringDecoder - [185afcb5] Decoded "[{"longitude":-117.922008,"latitude":33.817595,"attractionName":"Disneyland","city":"Anaheim","stat (truncated)...
20:29:40.245 [reactor-http-nio-15] DEBUG reactor.netty.resources.PooledConnectionProvider - [id: 0x6124bcfa, L:/127.0.0.1:49886 - R:localhost/127.0.0.1:8081] onStateChange(GET{uri=/getAttractions, connection=PooledConnection{channel=[id: 0x6124bcfa, L:/127.0.0.1:49886 - R:localhost/127.0.0.1:8081]}}, [disconnecting])
20:29:40.245 [reactor-http-nio-15] DEBUG reactor.netty.resources.PooledConnectionProvider - [id: 0x6124bcfa, L:/127.0.0.1:49886 - R:localhost/127.0.0.1:8081] Releasing channel
20:29:40.245 [reactor-http-nio-15] DEBUG reactor.netty.resources.PooledConnectionProvider - [id: 0x6124bcfa, L:/127.0.0.1:49886 - R:localhost/127.0.0.1:8081] Channel cleaned, now 1 active connections and 65 inactive connections
20:29:40.245 [pool-12-thread-1] DEBUG org.springframework.web.reactive.function.client.ExchangeFunctions - [746e013e] Cancel signal (to close connection)
highVolumeTrackLocation: Time Elapsed: 0 seconds.
20:29:40.246 [reactor-http-nio-11] DEBUG reactor.netty.resources.PooledConnectionProvider - [id: 0x70ea745d, L:/127.0.0.1:49931 ! R:localhost/127.0.0.1:8081] Channel cleaned, now 0 active connections and 66 inactive connections
20:29:40.246 [reactor-http-nio-11] DEBUG reactor.netty.resources.PooledConnectionProvider - [id: 0x70ea745d, L:/127.0.0.1:49931 ! R:localhost/127.0.0.1:8081] Channel closed, now 0 active connections and 65 inactive connections
20:29:40.246 [Test worker] INFO tourGuide.service.TourGuideService - TestMode enabled
20:29:40.246 [Test worker] DEBUG tourGuide.service.TourGuideService - Initializing users
20:29:40.252 [Test worker] DEBUG tourGuide.service.TourGuideService - Created 100 internal test users.
20:29:40.252 [Test worker] DEBUG tourGuide.service.TourGuideService - Finished initializing users
20:29:40.252 [pool-14-thread-1] DEBUG tourGuide.tracker.Tracker - Begin Tracker. Tracking 100 users.
20:29:40.252 [Test worker] DEBUG org.springframework.web.reactive.function.client.ExchangeFunctions - [4b509ec] HTTP GET http://localhost:8081/getAttractions
20:29:40.252 [pool-14-thread-1] DEBUG org.springframework.web.reactive.function.client.ExchangeFunctions - [1c67effe] HTTP GET http://localhost:8081/getUserLocation?userId=c396b449-df93-43a1-93d2-e3d9b5b9b35a
20:29:40.253 [reactor-http-nio-15] DEBUG reactor.netty.resources.PooledConnectionProvider - [id: 0x5e54db3b, L:/127.0.0.1:49903 - R:localhost/127.0.0.1:8081] Channel acquired, now 1 active connections and 64 inactive connections
20:29:40.253 [reactor-http-nio-16] DEBUG reactor.netty.resources.PooledConnectionProvider - [id: 0xca5097d1, L:/127.0.0.1:49901 - R:localhost/127.0.0.1:8081] Channel acquired, now 2 active connections and 63 inactive connections
20:29:40.253 [reactor-http-nio-15] DEBUG reactor.netty.http.client.HttpClientConnect - [id: 0x5e54db3b, L:/127.0.0.1:49903 - R:localhost/127.0.0.1:8081] Handler is being applied: {uri=http://localhost:8081/getUserLocation?userId=c396b449-df93-43a1-93d2-e3d9b5b9b35a, method=GET}
20:29:40.253 [reactor-http-nio-16] DEBUG reactor.netty.http.client.HttpClientConnect - [id: 0xca5097d1, L:/127.0.0.1:49901 - R:localhost/127.0.0.1:8081] Handler is being applied: {uri=http://localhost:8081/getAttractions, method=GET}
20:29:40.253 [reactor-http-nio-16] DEBUG reactor.netty.resources.PooledConnectionProvider - [id: 0xca5097d1, L:/127.0.0.1:49901 - R:localhost/127.0.0.1:8081] onStateChange(GET{uri=/getAttractions, connection=PooledConnection{channel=[id: 0xca5097d1, L:/127.0.0.1:49901 - R:localhost/127.0.0.1:8081]}}, [request_sent])
20:29:40.253 [reactor-http-nio-15] DEBUG reactor.netty.resources.PooledConnectionProvider - [id: 0x5e54db3b, L:/127.0.0.1:49903 - R:localhost/127.0.0.1:8081] onStateChange(GET{uri=/getUserLocation?userId=c396b449-df93-43a1-93d2-e3d9b5b9b35a, connection=PooledConnection{channel=[id: 0x5e54db3b, L:/127.0.0.1:49903 - R:localhost/127.0.0.1:8081]}}, [request_sent])
20:29:40.267 [reactor-http-nio-16] DEBUG reactor.netty.http.client.HttpClientOperations - [id: 0xca5097d1, L:/127.0.0.1:49901 - R:localhost/127.0.0.1:8081] Received response (auto-read:false) : [Content-Type=application/json, Transfer-Encoding=chunked, Date=Tue, 29 Jun 2021 14:59:39 GMT]
20:29:40.267 [reactor-http-nio-16] DEBUG reactor.netty.resources.PooledConnectionProvider - [id: 0xca5097d1, L:/127.0.0.1:49901 - R:localhost/127.0.0.1:8081] onStateChange(GET{uri=/getAttractions, connection=PooledConnection{channel=[id: 0xca5097d1, L:/127.0.0.1:49901 - R:localhost/127.0.0.1:8081]}}, [response_received])
20:29:40.267 [reactor-http-nio-16] DEBUG org.springframework.web.reactive.function.client.ExchangeFunctions - [4b509ec] Response 200 OK
20:29:40.267 [reactor-http-nio-16] DEBUG reactor.netty.channel.FluxReceive - [id: 0xca5097d1, L:/127.0.0.1:49901 - R:localhost/127.0.0.1:8081] Subscribing inbound receiver [pending: 0, cancelled:false, inboundDone: false]
20:29:40.267 [reactor-http-nio-16] DEBUG reactor.netty.http.client.HttpClientOperations - [id: 0xca5097d1, L:/127.0.0.1:49901 - R:localhost/127.0.0.1:8081] Received last HTTP packet
20:29:40.267 [reactor-http-nio-16] DEBUG org.springframework.core.codec.StringDecoder - [4b509ec] Decoded "[{"longitude":-117.922008,"latitude":33.817595,"attractionName":"Disneyland","city":"Anaheim","stat (truncated)...
20:29:40.267 [reactor-http-nio-16] DEBUG reactor.netty.resources.PooledConnectionProvider - [id: 0xca5097d1, L:/127.0.0.1:49901 - R:localhost/127.0.0.1:8081] onStateChange(GET{uri=/getAttractions, connection=PooledConnection{channel=[id: 0xca5097d1, L:/127.0.0.1:49901 - R:localhost/127.0.0.1:8081]}}, [disconnecting])
20:29:40.267 [reactor-http-nio-16] DEBUG reactor.netty.resources.PooledConnectionProvider - [id: 0xca5097d1, L:/127.0.0.1:49901 - R:localhost/127.0.0.1:8081] Releasing channel
20:29:40.267 [reactor-http-nio-16] DEBUG reactor.netty.resources.PooledConnectionProvider - [id: 0xca5097d1, L:/127.0.0.1:49901 - R:localhost/127.0.0.1:8081] Channel cleaned, now 1 active connections and 64 inactive connections
20:29:40.270 [pool-15-thread-1] DEBUG org.springframework.web.reactive.function.client.ExchangeFunctions - [734b95c5] HTTP GET http://localhost:8081/getAttractions
20:29:40.270 [pool-15-thread-3] DEBUG org.springframework.web.reactive.function.client.ExchangeFunctions - [5e3c16c2] HTTP GET http://localhost:8081/getAttractions
20:29:40.270 [pool-15-thread-2] DEBUG org.springframework.web.reactive.function.client.ExchangeFunctions - [3496e06f] HTTP GET http://localhost:8081/getAttractions
20:29:40.270 [pool-15-thread-4] DEBUG org.springframework.web.reactive.function.client.ExchangeFunctions - [3959f726] HTTP GET http://localhost:8081/getAttractions
20:29:40.270 [pool-15-thread-5] DEBUG org.springframework.web.reactive.function.client.ExchangeFunctions - [4c53bf8f] HTTP GET http://localhost:8081/getAttractions
20:29:40.270 [pool-15-thread-6] DEBUG org.springframework.web.reactive.function.client.ExchangeFunctions - [7b6d1fa4] HTTP GET http://localhost:8081/getAttractions
20:29:40.271 [pool-15-thread-7] DEBUG org.springframework.web.reactive.function.client.ExchangeFunctions - [71e46937] HTTP GET http://localhost:8081/getAttractions
20:29:40.271 [pool-15-thread-8] DEBUG org.springframework.web.reactive.function.client.ExchangeFunctions - [50792af8] HTTP GET http://localhost:8081/getAttractions
20:29:40.271 [reactor-http-nio-10] DEBUG reactor.netty.resources.PooledConnectionProvider - [id: 0xb00ef751, L:/127.0.0.1:49896 - R:localhost/127.0.0.1:8081] Channel acquired, now 2 active connections and 63 inactive connections
20:29:40.271 [pool-15-thread-9] DEBUG org.springframework.web.reactive.function.client.ExchangeFunctions - [68574acb] HTTP GET http://localhost:8081/getAttractions
20:29:40.271 [reactor-http-nio-10] DEBUG reactor.netty.http.client.HttpClientConnect - [id: 0xb00ef751, L:/127.0.0.1:49896 - R:localhost/127.0.0.1:8081] Handler is being applied: {uri=http://localhost:8081/getAttractions, method=GET}
20:29:40.271 [reactor-http-nio-14] DEBUG reactor.netty.resources.PooledConnectionProvider - [id: 0xd139cd35, L:/127.0.0.1:49893 - R:localhost/127.0.0.1:8081] Channel acquired, now 4 active connections and 61 inactive connections
20:29:40.271 [pool-15-thread-10] DEBUG org.springframework.web.reactive.function.client.ExchangeFunctions - [2d9ddb6b] HTTP GET http://localhost:8081/getAttractions
20:29:40.271 [reactor-http-nio-14] DEBUG reactor.netty.http.client.HttpClientConnect - [id: 0xd139cd35, L:/127.0.0.1:49893 - R:localhost/127.0.0.1:8081] Handler is being applied: {uri=http://localhost:8081/getAttractions, method=GET}
20:29:40.271 [pool-15-thread-11] DEBUG org.springframework.web.reactive.function.client.ExchangeFunctions - [73dd8e48] HTTP GET http://localhost:8081/getAttractions
20:29:40.271 [reactor-http-nio-16] DEBUG reactor.netty.resources.PooledConnectionProvider - [id: 0xd94b0585, L:/127.0.0.1:49927 - R:localhost/127.0.0.1:8081] Channel acquired, now 3 active connections and 62 inactive connections
20:29:40.271 [pool-15-thread-12] DEBUG org.springframework.web.reactive.function.client.ExchangeFunctions - [f89819] HTTP GET http://localhost:8081/getAttractions
20:29:40.271 [pool-15-thread-13] DEBUG org.springframework.web.reactive.function.client.ExchangeFunctions - [b88e00f] HTTP GET http://localhost:8081/getAttractions
20:29:40.271 [pool-15-thread-14] DEBUG org.springframework.web.reactive.function.client.ExchangeFunctions - [5b4dd251] HTTP GET http://localhost:8081/getAttractions
20:29:40.271 [pool-15-thread-15] DEBUG org.springframework.web.reactive.function.client.ExchangeFunctions - [33e3638] HTTP GET http://localhost:8081/getAttractions
20:29:40.272 [pool-15-thread-16] DEBUG org.springframework.web.reactive.function.client.ExchangeFunctions - [61e04166] HTTP GET http://localhost:8081/getAttractions
20:29:40.272 [pool-15-thread-17] DEBUG org.springframework.web.reactive.function.client.ExchangeFunctions - [6be70986] HTTP GET http://localhost:8081/getAttractions
20:29:40.272 [pool-15-thread-18] DEBUG org.springframework.web.reactive.function.client.ExchangeFunctions - [772024af] HTTP GET http://localhost:8081/getAttractions
20:29:40.272 [reactor-http-nio-16] DEBUG reactor.netty.http.client.HttpClientConnect - [id: 0xd94b0585, L:/127.0.0.1:49927 - R:localhost/127.0.0.1:8081] Handler is being applied: {uri=http://localhost:8081/getAttractions, method=GET}
20:29:40.272 [pool-15-thread-19] DEBUG org.springframework.web.reactive.function.client.ExchangeFunctions - [68612fd2] HTTP GET http://localhost:8081/getAttractions
20:29:40.272 [reactor-http-nio-2] DEBUG reactor.netty.resources.PooledConnectionProvider - [id: 0xf696f9f2, L:/127.0.0.1:49929 - R:localhost/127.0.0.1:8081] Channel acquired, now 6 active connections and 59 inactive connections
20:29:40.271 [reactor-http-nio-15] DEBUG reactor.netty.resources.PooledConnectionProvider - [id: 0x3b57da73, L:/127.0.0.1:49868 - R:localhost/127.0.0.1:8081] Channel acquired, now 5 active connections and 60 inactive connections
20:29:40.272 [pool-15-thread-21] DEBUG org.springframework.web.reactive.function.client.ExchangeFunctions - [1700a98b] HTTP GET http://localhost:8081/getAttractions
20:29:40.271 [reactor-http-nio-10] DEBUG reactor.netty.resources.PooledConnectionProvider - [id: 0xb00ef751, L:/127.0.0.1:49896 - R:localhost/127.0.0.1:8081] onStateChange(GET{uri=/getAttractions, connection=PooledConnection{channel=[id: 0xb00ef751, L:/127.0.0.1:49896 - R:localhost/127.0.0.1:8081]}}, [request_sent])
20:29:40.272 [reactor-http-nio-14] DEBUG reactor.netty.resources.PooledConnectionProvider - [id: 0xd139cd35, L:/127.0.0.1:49893 - R:localhost/127.0.0.1:8081] onStateChange(GET{uri=/getAttractions, connection=PooledConnection{channel=[id: 0xd139cd35, L:/127.0.0.1:49893 - R:localhost/127.0.0.1:8081]}}, [request_sent])
20:29:40.272 [pool-15-thread-20] DEBUG org.springframework.web.reactive.function.client.ExchangeFunctions - [22a9a493] HTTP GET http://localhost:8081/getAttractions
20:29:40.272 [pool-15-thread-23] DEBUG org.springframework.web.reactive.function.client.ExchangeFunctions - [2977eae6] HTTP GET http://localhost:8081/getAttractions
20:29:40.272 [pool-15-thread-22] DEBUG org.springframework.web.reactive.function.client.ExchangeFunctions - [43f5cd35] HTTP GET http://localhost:8081/getAttractions
20:29:40.272 [reactor-http-nio-10] DEBUG reactor.netty.resources.PooledConnectionProvider - [id: 0x46c6efe2, L:/127.0.0.1:49875 - R:localhost/127.0.0.1:8081] Channel acquired, now 8 active connections and 57 inactive connections
20:29:40.272 [reactor-http-nio-10] DEBUG reactor.netty.http.client.HttpClientConnect - [id: 0x46c6efe2, L:/127.0.0.1:49875 - R:localhost/127.0.0.1:8081] Handler is being applied: {uri=http://localhost:8081/getAttractions, method=GET}
20:29:40.273 [pool-15-thread-26] DEBUG org.springframework.web.reactive.function.client.ExchangeFunctions - [7d64b303] HTTP GET http://localhost:8081/getAttractions
20:29:40.273 [pool-15-thread-27] DEBUG org.springframework.web.reactive.function.client.ExchangeFunctions - [3f851781] HTTP GET http://localhost:8081/getAttractions
20:29:40.273 [reactor-http-nio-13] DEBUG reactor.netty.resources.PooledConnectionProvider - [id: 0x0f3e4556, L:/127.0.0.1:49918 - R:localhost/127.0.0.1:8081] Channel acquired, now 10 active connections and 55 inactive connections
20:29:40.273 [pool-15-thread-28] DEBUG org.springframework.web.reactive.function.client.ExchangeFunctions - [8112739] HTTP GET http://localhost:8081/getAttractions
20:29:40.273 [pool-15-thread-29] DEBUG org.springframework.web.reactive.function.client.ExchangeFunctions - [1495f45d] HTTP GET http://localhost:8081/getAttractions
20:29:40.273 [pool-15-thread-30] DEBUG org.springframework.web.reactive.function.client.ExchangeFunctions - [3ec01ded] HTTP GET http://localhost:8081/getAttractions
20:29:40.273 [reactor-http-nio-10] DEBUG reactor.netty.resources.PooledConnectionProvider - [id: 0x46c6efe2, L:/127.0.0.1:49875 - R:localhost/127.0.0.1:8081] onStateChange(GET{uri=/getAttractions, connection=PooledConnection{channel=[id: 0x46c6efe2, L:/127.0.0.1:49875 - R:localhost/127.0.0.1:8081]}}, [request_sent])
20:29:40.273 [pool-15-thread-31] DEBUG org.springframework.web.reactive.function.client.ExchangeFunctions - [69b072fd] HTTP GET http://localhost:8081/getAttractions
20:29:40.273 [pool-15-thread-32] DEBUG org.springframework.web.reactive.function.client.ExchangeFunctions - [204bb5be] HTTP GET http://localhost:8081/getAttractions
20:29:40.273 [pool-15-thread-33] DEBUG org.springframework.web.reactive.function.client.ExchangeFunctions - [59cdb788] HTTP GET http://localhost:8081/getAttractions
20:29:40.272 [reactor-http-nio-15] DEBUG reactor.netty.http.client.HttpClientConnect - [id: 0x3b57da73, L:/127.0.0.1:49868 - R:localhost/127.0.0.1:8081] Handler is being applied: {uri=http://localhost:8081/getAttractions, method=GET}
20:29:40.272 [reactor-http-nio-2] DEBUG reactor.netty.http.client.HttpClientConnect - [id: 0xf696f9f2, L:/127.0.0.1:49929 - R:localhost/127.0.0.1:8081] Handler is being applied: {uri=http://localhost:8081/getAttractions, method=GET}
20:29:40.272 [reactor-http-nio-16] DEBUG reactor.netty.resources.PooledConnectionProvider - [id: 0xd94b0585, L:/127.0.0.1:49927 - R:localhost/127.0.0.1:8081] onStateChange(GET{uri=/getAttractions, connection=PooledConnection{channel=[id: 0xd94b0585, L:/127.0.0.1:49927 - R:localhost/127.0.0.1:8081]}}, [request_sent])
20:29:40.272 [reactor-http-nio-14] DEBUG reactor.netty.resources.PooledConnectionProvider - [id: 0x636930f8, L:/127.0.0.1:49895 - R:localhost/127.0.0.1:8081] Channel acquired, now 8 active connections and 57 inactive connections
20:29:40.272 [pool-15-thread-24] DEBUG org.springframework.web.reactive.function.client.ExchangeFunctions - [7d221f59] HTTP GET http://localhost:8081/getAttractions
20:29:40.274 [pool-15-thread-36] DEBUG org.springframework.web.reactive.function.client.ExchangeFunctions - [21312170] HTTP GET http://localhost:8081/getAttractions
20:29:40.274 [pool-15-thread-37] DEBUG org.springframework.web.reactive.function.client.ExchangeFunctions - [51789765] HTTP GET http://localhost:8081/getAttractions
20:29:40.274 [reactor-http-nio-14] DEBUG reactor.netty.http.client.HttpClientConnect - [id: 0x636930f8, L:/127.0.0.1:49895 - R:localhost/127.0.0.1:8081] Handler is being applied: {uri=http://localhost:8081/getAttractions, method=GET}
20:29:40.274 [pool-15-thread-38] DEBUG org.springframework.web.reactive.function.client.ExchangeFunctions - [1a944b8c] HTTP GET http://localhost:8081/getAttractions
20:29:40.274 [pool-15-thread-39] DEBUG org.springframework.web.reactive.function.client.ExchangeFunctions - [18f71a5] HTTP GET http://localhost:8081/getAttractions
20:29:40.274 [reactor-http-nio-2] DEBUG reactor.netty.resources.PooledConnectionProvider - [id: 0xf696f9f2, L:/127.0.0.1:49929 - R:localhost/127.0.0.1:8081] onStateChange(GET{uri=/getAttractions, connection=PooledConnection{channel=[id: 0xf696f9f2, L:/127.0.0.1:49929 - R:localhost/127.0.0.1:8081]}}, [request_sent])
20:29:40.274 [pool-15-thread-41] DEBUG org.springframework.web.reactive.function.client.ExchangeFunctions - [1039957b] HTTP GET http://localhost:8081/getAttractions
20:29:40.274 [pool-15-thread-42] DEBUG org.springframework.web.reactive.function.client.ExchangeFunctions - [67a18c50] HTTP GET http://localhost:8081/getAttractions
20:29:40.274 [pool-15-thread-43] DEBUG org.springframework.web.reactive.function.client.ExchangeFunctions - [1f8fcc15] HTTP GET http://localhost:8081/getAttractions
20:29:40.274 [reactor-http-nio-12] DEBUG reactor.netty.resources.PooledConnectionProvider - [id: 0xc976ea3e, L:/127.0.0.1:49874 - R:localhost/127.0.0.1:8081] Channel acquired, now 11 active connections and 54 inactive connections
20:29:40.274 [pool-15-thread-44] DEBUG org.springframework.web.reactive.function.client.ExchangeFunctions - [64a6ff86] HTTP GET http://localhost:8081/getAttractions
20:29:40.274 [reactor-http-nio-12] DEBUG reactor.netty.http.client.HttpClientConnect - [id: 0xc976ea3e, L:/127.0.0.1:49874 - R:localhost/127.0.0.1:8081] Handler is being applied: {uri=http://localhost:8081/getAttractions, method=GET}
20:29:40.275 [pool-15-thread-45] DEBUG org.springframework.web.reactive.function.client.ExchangeFunctions - [1c78d864] HTTP GET http://localhost:8081/getAttractions
20:29:40.275 [pool-15-thread-46] DEBUG org.springframework.web.reactive.function.client.ExchangeFunctions - [13256ef1] HTTP GET http://localhost:8081/getAttractions
20:29:40.275 [pool-15-thread-47] DEBUG org.springframework.web.reactive.function.client.ExchangeFunctions - [3bb57f14] HTTP GET http://localhost:8081/getAttractions
20:29:40.275 [reactor-http-nio-2] DEBUG reactor.netty.resources.PooledConnectionProvider - [id: 0xb543d4db, L:/127.0.0.1:49930 - R:localhost/127.0.0.1:8081] Channel acquired, now 12 active connections and 53 inactive connections
20:29:40.275 [pool-15-thread-48] DEBUG org.springframework.web.reactive.function.client.ExchangeFunctions - [4e04d657] HTTP GET http://localhost:8081/getAttractions
20:29:40.275 [reactor-http-nio-10] DEBUG reactor.netty.resources.PooledConnectionProvider - [id: 0xc25feb92, L:/127.0.0.1:49880 - R:localhost/127.0.0.1:8081] Channel acquired, now 13 active connections and 52 inactive connections
20:29:40.275 [reactor-http-nio-10] DEBUG reactor.netty.http.client.HttpClientConnect - [id: 0xc25feb92, L:/127.0.0.1:49880 - R:localhost/127.0.0.1:8081] Handler is being applied: {uri=http://localhost:8081/getAttractions, method=GET}
20:29:40.275 [pool-15-thread-49] DEBUG org.springframework.web.reactive.function.client.ExchangeFunctions - [77d96aca] HTTP GET http://localhost:8081/getAttractions
20:29:40.275 [pool-15-thread-50] DEBUG org.springframework.web.reactive.function.client.ExchangeFunctions - [2ed6552] HTTP GET http://localhost:8081/getAttractions
20:29:40.275 [pool-15-thread-51] DEBUG org.springframework.web.reactive.function.client.ExchangeFunctions - [415c1ac1] HTTP GET http://localhost:8081/getAttractions
20:29:40.275 [pool-15-thread-52] DEBUG org.springframework.web.reactive.function.client.ExchangeFunctions - [3521034a] HTTP GET http://localhost:8081/getAttractions
20:29:40.275 [reactor-http-nio-15] DEBUG reactor.netty.resources.PooledConnectionProvider - [id: 0x3b57da73, L:/127.0.0.1:49868 - R:localhost/127.0.0.1:8081] onStateChange(GET{uri=/getAttractions, connection=PooledConnection{channel=[id: 0x3b57da73, L:/127.0.0.1:49868 - R:localhost/127.0.0.1:8081]}}, [request_sent])
20:29:40.275 [pool-15-thread-53] DEBUG org.springframework.web.reactive.function.client.ExchangeFunctions - [3f5a663b] HTTP GET http://localhost:8081/getAttractions
20:29:40.276 [reactor-http-nio-15] DEBUG reactor.netty.resources.PooledConnectionProvider - [id: 0x30e81d35, L:/127.0.0.1:49884 - R:localhost/127.0.0.1:8081] Channel acquired, now 14 active connections and 51 inactive connections
20:29:40.276 [reactor-http-nio-10] DEBUG reactor.netty.resources.PooledConnectionProvider - [id: 0xc25feb92, L:/127.0.0.1:49880 - R:localhost/127.0.0.1:8081] onStateChange(GET{uri=/getAttractions, connection=PooledConnection{channel=[id: 0xc25feb92, L:/127.0.0.1:49880 - R:localhost/127.0.0.1:8081]}}, [request_sent])
20:29:40.276 [reactor-http-nio-10] DEBUG reactor.netty.resources.PooledConnectionProvider - [id: 0xb1e8f457, L:/127.0.0.1:49935 - R:localhost/127.0.0.1:8081] Channel acquired, now 15 active connections and 50 inactive connections
20:29:40.272 [reactor-http-nio-11] DEBUG reactor.netty.resources.PooledConnectionProvider - [id: 0x444af37b, L:/127.0.0.1:49923 - R:localhost/127.0.0.1:8081] Channel acquired, now 9 active connections and 56 inactive connections
20:29:40.273 [pool-15-thread-25] DEBUG org.springframework.web.reactive.function.client.ExchangeFunctions - [7eb00f62] HTTP GET http://localhost:8081/getAttractions
20:29:40.273 [pool-15-thread-34] DEBUG org.springframework.web.reactive.function.client.ExchangeFunctions - [398c80ee] HTTP GET http://localhost:8081/getAttractions
20:29:40.274 [pool-15-thread-35] DEBUG org.springframework.web.reactive.function.client.ExchangeFunctions - [6339ee1f] HTTP GET http://localhost:8081/getAttractions
20:29:40.274 [pool-15-thread-40] DEBUG org.springframework.web.reactive.function.client.ExchangeFunctions - [29a533a0] HTTP GET http://localhost:8081/getAttractions
20:29:40.275 [reactor-http-nio-14] DEBUG reactor.netty.resources.PooledConnectionProvider - [id: 0x636930f8, L:/127.0.0.1:49895 - R:localhost/127.0.0.1:8081] onStateChange(GET{uri=/getAttractions, connection=PooledConnection{channel=[id: 0x636930f8, L:/127.0.0.1:49895 - R:localhost/127.0.0.1:8081]}}, [request_sent])
20:29:40.275 [reactor-http-nio-12] DEBUG reactor.netty.resources.PooledConnectionProvider - [id: 0xc976ea3e, L:/127.0.0.1:49874 - R:localhost/127.0.0.1:8081] onStateChange(GET{uri=/getAttractions, connection=PooledConnection{channel=[id: 0xc976ea3e, L:/127.0.0.1:49874 - R:localhost/127.0.0.1:8081]}}, [request_sent])
20:29:40.275 [reactor-http-nio-2] DEBUG reactor.netty.http.client.HttpClientConnect - [id: 0xb543d4db, L:/127.0.0.1:49930 - R:localhost/127.0.0.1:8081] Handler is being applied: {uri=http://localhost:8081/getAttractions, method=GET}
20:29:40.276 [reactor-http-nio-16] DEBUG reactor.netty.resources.PooledConnectionProvider - [id: 0x1eb86fc9, L:/127.0.0.1:49891 - R:localhost/127.0.0.1:8081] Channel acquired, now 17 active connections and 48 inactive connections
20:29:40.276 [pool-15-thread-56] DEBUG org.springframework.web.reactive.function.client.ExchangeFunctions - [5a77050e] HTTP GET http://localhost:8081/getAttractions
20:29:40.276 [pool-15-thread-54] DEBUG org.springframework.web.reactive.function.client.ExchangeFunctions - [290fb562] HTTP GET http://localhost:8081/getAttractions
20:29:40.276 [pool-15-thread-57] DEBUG org.springframework.web.reactive.function.client.ExchangeFunctions - [33296e60] HTTP GET http://localhost:8081/getAttractions
20:29:40.276 [reactor-http-nio-16] DEBUG reactor.netty.http.client.HttpClientConnect - [id: 0x1eb86fc9, L:/127.0.0.1:49891 - R:localhost/127.0.0.1:8081] Handler is being applied: {uri=http://localhost:8081/getAttractions, method=GET}
20:29:40.276 [pool-15-thread-60] DEBUG org.springframework.web.reactive.function.client.ExchangeFunctions - [3dd22619] HTTP GET http://localhost:8081/getAttractions
20:29:40.276 [reactor-http-nio-11] DEBUG reactor.netty.http.client.HttpClientConnect - [id: 0x444af37b, L:/127.0.0.1:49923 - R:localhost/127.0.0.1:8081] Handler is being applied: {uri=http://localhost:8081/getAttractions, method=GET}
20:29:40.276 [pool-15-thread-58] DEBUG org.springframework.web.reactive.function.client.ExchangeFunctions - [578d14cb] HTTP GET http://localhost:8081/getAttractions
20:29:40.276 [pool-15-thread-61] DEBUG org.springframework.web.reactive.function.client.ExchangeFunctions - [48554300] HTTP GET http://localhost:8081/getAttractions
20:29:40.276 [pool-15-thread-62] DEBUG org.springframework.web.reactive.function.client.ExchangeFunctions - [7d71f7b0] HTTP GET http://localhost:8081/getAttractions
20:29:40.276 [reactor-http-nio-12] DEBUG reactor.netty.resources.PooledConnectionProvider - [id: 0x5a829f34, L:/127.0.0.1:49910 - R:localhost/127.0.0.1:8081] Channel acquired, now 17 active connections and 48 inactive connections
20:29:40.277 [reactor-http-nio-12] DEBUG reactor.netty.http.client.HttpClientConnect - [id: 0x5a829f34, L:/127.0.0.1:49910 - R:localhost/127.0.0.1:8081] Handler is being applied: {uri=http://localhost:8081/getAttractions, method=GET}
20:29:40.276 [reactor-http-nio-15] DEBUG reactor.netty.http.client.HttpClientConnect - [id: 0x30e81d35, L:/127.0.0.1:49884 - R:localhost/127.0.0.1:8081] Handler is being applied: {uri=http://localhost:8081/getAttractions, method=GET}
20:29:40.276 [pool-15-thread-55] DEBUG org.springframework.web.reactive.function.client.ExchangeFunctions - [733315b6] HTTP GET http://localhost:8081/getAttractions
20:29:40.277 [pool-15-thread-64] DEBUG org.springframework.web.reactive.function.client.ExchangeFunctions - [31e3fdf9] HTTP GET http://localhost:8081/getAttractions
20:29:40.276 [reactor-http-nio-10] DEBUG reactor.netty.http.client.HttpClientConnect - [id: 0xb1e8f457, L:/127.0.0.1:49935 - R:localhost/127.0.0.1:8081] Handler is being applied: {uri=http://localhost:8081/getAttractions, method=GET}
20:29:40.276 [pool-15-thread-59] DEBUG org.springframework.web.reactive.function.client.ExchangeFunctions - [25d682d9] HTTP GET http://localhost:8081/getAttractions
20:29:40.277 [pool-15-thread-63] DEBUG org.springframework.web.reactive.function.client.ExchangeFunctions - [6313f6b9] HTTP GET http://localhost:8081/getAttractions
20:29:40.277 [reactor-http-nio-12] DEBUG reactor.netty.resources.PooledConnectionProvider - [id: 0x5a829f34, L:/127.0.0.1:49910 - R:localhost/127.0.0.1:8081] onStateChange(GET{uri=/getAttractions, connection=PooledConnection{channel=[id: 0x5a829f34, L:/127.0.0.1:49910 - R:localhost/127.0.0.1:8081]}}, [request_sent])
20:29:40.277 [reactor-http-nio-15] DEBUG reactor.netty.resources.PooledConnectionProvider - [id: 0x30e81d35, L:/127.0.0.1:49884 - R:localhost/127.0.0.1:8081] onStateChange(GET{uri=/getAttractions, connection=PooledConnection{channel=[id: 0x30e81d35, L:/127.0.0.1:49884 - R:localhost/127.0.0.1:8081]}}, [request_sent])
20:29:40.277 [reactor-http-nio-16] DEBUG reactor.netty.resources.PooledConnectionProvider - [id: 0x1eb86fc9, L:/127.0.0.1:49891 - R:localhost/127.0.0.1:8081] onStateChange(GET{uri=/getAttractions, connection=PooledConnection{channel=[id: 0x1eb86fc9, L:/127.0.0.1:49891 - R:localhost/127.0.0.1:8081]}}, [request_sent])
20:29:40.277 [reactor-http-nio-15] DEBUG reactor.netty.resources.PooledConnectionProvider - [id: 0x05482a00, L:/127.0.0.1:49865 - R:localhost/127.0.0.1:8081] Channel acquired, now 18 active connections and 47 inactive connections
20:29:40.277 [reactor-http-nio-11] DEBUG reactor.netty.resources.PooledConnectionProvider - [id: 0x444af37b, L:/127.0.0.1:49923 - R:localhost/127.0.0.1:8081] onStateChange(GET{uri=/getAttractions, connection=PooledConnection{channel=[id: 0x444af37b, L:/127.0.0.1:49923 - R:localhost/127.0.0.1:8081]}}, [request_sent])
20:29:40.277 [reactor-http-nio-15] DEBUG reactor.netty.http.client.HttpClientConnect - [id: 0x05482a00, L:/127.0.0.1:49865 - R:localhost/127.0.0.1:8081] Handler is being applied: {uri=http://localhost:8081/getAttractions, method=GET}
20:29:40.277 [reactor-http-nio-14] DEBUG reactor.netty.resources.PooledConnectionProvider - [id: 0xa39718a1, L:/127.0.0.1:49900 - R:localhost/127.0.0.1:8081] Channel acquired, now 20 active connections and 45 inactive connections
20:29:40.277 [reactor-http-nio-11] DEBUG reactor.netty.resources.PooledConnectionProvider - [id: 0x5f76b813, L:/127.0.0.1:49921 - R:localhost/127.0.0.1:8081] Channel acquired, now 20 active connections and 45 inactive connections
20:29:40.277 [reactor-http-nio-11] DEBUG reactor.netty.http.client.HttpClientConnect - [id: 0x5f76b813, L:/127.0.0.1:49921 - R:localhost/127.0.0.1:8081] Handler is being applied: {uri=http://localhost:8081/getAttractions, method=GET}
20:29:40.277 [reactor-http-nio-10] DEBUG reactor.netty.resources.PooledConnectionProvider - [id: 0xb1e8f457, L:/127.0.0.1:49935 - R:localhost/127.0.0.1:8081] onStateChange(GET{uri=/getAttractions, connection=PooledConnection{channel=[id: 0xb1e8f457, L:/127.0.0.1:49935 - R:localhost/127.0.0.1:8081]}}, [request_sent])
20:29:40.277 [reactor-http-nio-2] DEBUG reactor.netty.resources.PooledConnectionProvider - [id: 0xb543d4db, L:/127.0.0.1:49930 - R:localhost/127.0.0.1:8081] onStateChange(GET{uri=/getAttractions, connection=PooledConnection{channel=[id: 0xb543d4db, L:/127.0.0.1:49930 - R:localhost/127.0.0.1:8081]}}, [request_sent])
20:29:40.277 [reactor-http-nio-14] DEBUG reactor.netty.http.client.HttpClientConnect - [id: 0xa39718a1, L:/127.0.0.1:49900 - R:localhost/127.0.0.1:8081] Handler is being applied: {uri=http://localhost:8081/getAttractions, method=GET}
20:29:40.277 [reactor-http-nio-12] DEBUG reactor.netty.resources.PooledConnectionProvider - [id: 0x54b51839, L:/127.0.0.1:49907 - R:localhost/127.0.0.1:8081] Channel acquired, now 21 active connections and 44 inactive connections
20:29:40.277 [reactor-http-nio-2] DEBUG reactor.netty.resources.PooledConnectionProvider - [id: 0xa9dc0f4b, L:/127.0.0.1:49924 - R:localhost/127.0.0.1:8081] Channel acquired, now 22 active connections and 43 inactive connections
20:29:40.277 [reactor-http-nio-12] DEBUG reactor.netty.http.client.HttpClientConnect - [id: 0x54b51839, L:/127.0.0.1:49907 - R:localhost/127.0.0.1:8081] Handler is being applied: {uri=http://localhost:8081/getAttractions, method=GET}
20:29:40.277 [reactor-http-nio-2] DEBUG reactor.netty.http.client.HttpClientConnect - [id: 0xa9dc0f4b, L:/127.0.0.1:49924 - R:localhost/127.0.0.1:8081] Handler is being applied: {uri=http://localhost:8081/getAttractions, method=GET}
20:29:40.278 [reactor-http-nio-15] DEBUG reactor.netty.resources.PooledConnectionProvider - [id: 0x05482a00, L:/127.0.0.1:49865 - R:localhost/127.0.0.1:8081] onStateChange(GET{uri=/getAttractions, connection=PooledConnection{channel=[id: 0x05482a00, L:/127.0.0.1:49865 - R:localhost/127.0.0.1:8081]}}, [request_sent])
20:29:40.278 [reactor-http-nio-14] DEBUG reactor.netty.resources.PooledConnectionProvider - [id: 0xa39718a1, L:/127.0.0.1:49900 - R:localhost/127.0.0.1:8081] onStateChange(GET{uri=/getAttractions, connection=PooledConnection{channel=[id: 0xa39718a1, L:/127.0.0.1:49900 - R:localhost/127.0.0.1:8081]}}, [request_sent])
20:29:40.278 [reactor-http-nio-10] DEBUG reactor.netty.resources.PooledConnectionProvider - [id: 0x333c1bf0, L:/127.0.0.1:49905 - R:localhost/127.0.0.1:8081] Channel acquired, now 24 active connections and 41 inactive connections
20:29:40.278 [reactor-http-nio-12] DEBUG reactor.netty.resources.PooledConnectionProvider - [id: 0x54b51839, L:/127.0.0.1:49907 - R:localhost/127.0.0.1:8081] onStateChange(GET{uri=/getAttractions, connection=PooledConnection{channel=[id: 0x54b51839, L:/127.0.0.1:49907 - R:localhost/127.0.0.1:8081]}}, [request_sent])
20:29:40.278 [reactor-http-nio-10] DEBUG reactor.netty.http.client.HttpClientConnect - [id: 0x333c1bf0, L:/127.0.0.1:49905 - R:localhost/127.0.0.1:8081] Handler is being applied: {uri=http://localhost:8081/getAttractions, method=GET}
20:29:40.278 [reactor-http-nio-2] DEBUG reactor.netty.resources.PooledConnectionProvider - [id: 0xa9dc0f4b, L:/127.0.0.1:49924 - R:localhost/127.0.0.1:8081] onStateChange(GET{uri=/getAttractions, connection=PooledConnection{channel=[id: 0xa9dc0f4b, L:/127.0.0.1:49924 - R:localhost/127.0.0.1:8081]}}, [request_sent])
20:29:40.278 [reactor-http-nio-2] DEBUG reactor.netty.resources.PooledConnectionProvider - [id: 0x3adc52e3, L:/127.0.0.1:49881 - R:localhost/127.0.0.1:8081] Channel acquired, now 27 active connections and 38 inactive connections
20:29:40.278 [reactor-http-nio-15] DEBUG reactor.netty.resources.PooledConnectionProvider - [id: 0x0f728531, L:/127.0.0.1:49904 - R:localhost/127.0.0.1:8081] Channel acquired, now 23 active connections and 42 inactive connections
20:29:40.278 [reactor-http-nio-16] DEBUG reactor.netty.resources.PooledConnectionProvider - [id: 0xbf9579bc, L:/127.0.0.1:49879 - R:localhost/127.0.0.1:8081] Channel acquired, now 25 active connections and 40 inactive connections
20:29:40.278 [reactor-http-nio-13] DEBUG reactor.netty.http.client.HttpClientConnect - [id: 0x0f3e4556, L:/127.0.0.1:49918 - R:localhost/127.0.0.1:8081] Handler is being applied: {uri=http://localhost:8081/getAttractions, method=GET}
20:29:40.278 [reactor-http-nio-16] DEBUG reactor.netty.http.client.HttpClientConnect - [id: 0xbf9579bc, L:/127.0.0.1:49879 - R:localhost/127.0.0.1:8081] Handler is being applied: {uri=http://localhost:8081/getAttractions, method=GET}
20:29:40.278 [reactor-http-nio-14] DEBUG reactor.netty.resources.PooledConnectionProvider - [id: 0x02e00a46, L:/127.0.0.1:49897 - R:localhost/127.0.0.1:8081] Channel acquired, now 26 active connections and 39 inactive connections
20:29:40.278 [reactor-http-nio-10] DEBUG reactor.netty.resources.PooledConnectionProvider - [id: 0x333c1bf0, L:/127.0.0.1:49905 - R:localhost/127.0.0.1:8081] onStateChange(GET{uri=/getAttractions, connection=PooledConnection{channel=[id: 0x333c1bf0, L:/127.0.0.1:49905 - R:localhost/127.0.0.1:8081]}}, [request_sent])
20:29:40.278 [reactor-http-nio-14] DEBUG reactor.netty.http.client.HttpClientConnect - [id: 0x02e00a46, L:/127.0.0.1:49897 - R:localhost/127.0.0.1:8081] Handler is being applied: {uri=http://localhost:8081/getAttractions, method=GET}
20:29:40.278 [reactor-http-nio-11] DEBUG reactor.netty.resources.PooledConnectionProvider - [id: 0x5f76b813, L:/127.0.0.1:49921 - R:localhost/127.0.0.1:8081] onStateChange(GET{uri=/getAttractions, connection=PooledConnection{channel=[id: 0x5f76b813, L:/127.0.0.1:49921 - R:localhost/127.0.0.1:8081]}}, [request_sent])
20:29:40.278 [reactor-http-nio-16] DEBUG reactor.netty.resources.PooledConnectionProvider - [id: 0xbf9579bc, L:/127.0.0.1:49879 - R:localhost/127.0.0.1:8081] onStateChange(GET{uri=/getAttractions, connection=PooledConnection{channel=[id: 0xbf9579bc, L:/127.0.0.1:49879 - R:localhost/127.0.0.1:8081]}}, [request_sent])
20:29:40.278 [reactor-http-nio-11] DEBUG reactor.netty.resources.PooledConnectionProvider - [id: 0xf98e8509, L:/127.0.0.1:49922 - R:localhost/127.0.0.1:8081] Channel acquired, now 29 active connections and 36 inactive connections
20:29:40.278 [reactor-http-nio-16] DEBUG reactor.netty.resources.PooledConnectionProvider - [id: 0xca5097d1, L:/127.0.0.1:49901 - R:localhost/127.0.0.1:8081] Channel acquired, now 28 active connections and 37 inactive connections
20:29:40.278 [reactor-http-nio-12] DEBUG reactor.netty.resources.PooledConnectionProvider - [id: 0x715de37b, L:/127.0.0.1:49908 - R:localhost/127.0.0.1:8081] Channel acquired, now 30 active connections and 35 inactive connections
20:29:40.278 [reactor-http-nio-16] DEBUG reactor.netty.http.client.HttpClientConnect - [id: 0xca5097d1, L:/127.0.0.1:49901 - R:localhost/127.0.0.1:8081] Handler is being applied: {uri=http://localhost:8081/getAttractions, method=GET}
20:29:40.278 [reactor-http-nio-12] DEBUG reactor.netty.http.client.HttpClientConnect - [id: 0x715de37b, L:/127.0.0.1:49908 - R:localhost/127.0.0.1:8081] Handler is being applied: {uri=http://localhost:8081/getAttractions, method=GET}
20:29:40.278 [reactor-http-nio-2] DEBUG reactor.netty.http.client.HttpClientConnect - [id: 0x3adc52e3, L:/127.0.0.1:49881 - R:localhost/127.0.0.1:8081] Handler is being applied: {uri=http://localhost:8081/getAttractions, method=GET}
20:29:40.278 [reactor-http-nio-15] DEBUG reactor.netty.http.client.HttpClientConnect - [id: 0x0f728531, L:/127.0.0.1:49904 - R:localhost/127.0.0.1:8081] Handler is being applied: {uri=http://localhost:8081/getAttractions, method=GET}
20:29:40.278 [reactor-http-nio-13] DEBUG reactor.netty.resources.PooledConnectionProvider - [id: 0x0f3e4556, L:/127.0.0.1:49918 - R:localhost/127.0.0.1:8081] onStateChange(GET{uri=/getAttractions, connection=PooledConnection{channel=[id: 0x0f3e4556, L:/127.0.0.1:49918 - R:localhost/127.0.0.1:8081]}}, [request_sent])
20:29:40.279 [reactor-http-nio-13] DEBUG reactor.netty.resources.PooledConnectionProvider - [id: 0xfae62b5e, L:/127.0.0.1:49890 - R:localhost/127.0.0.1:8081] Channel acquired, now 31 active connections and 34 inactive connections
20:29:40.279 [reactor-http-nio-2] DEBUG reactor.netty.resources.PooledConnectionProvider - [id: 0x3adc52e3, L:/127.0.0.1:49881 - R:localhost/127.0.0.1:8081] onStateChange(GET{uri=/getAttractions, connection=PooledConnection{channel=[id: 0x3adc52e3, L:/127.0.0.1:49881 - R:localhost/127.0.0.1:8081]}}, [request_sent])
20:29:40.279 [reactor-http-nio-2] DEBUG reactor.netty.resources.PooledConnectionProvider - [id: 0xbbc840e5, L:/127.0.0.1:49882 - R:localhost/127.0.0.1:8081] Channel acquired, now 32 active connections and 33 inactive connections
20:29:40.279 [reactor-http-nio-15] DEBUG reactor.netty.resources.PooledConnectionProvider - [id: 0x0f728531, L:/127.0.0.1:49904 - R:localhost/127.0.0.1:8081] onStateChange(GET{uri=/getAttractions, connection=PooledConnection{channel=[id: 0x0f728531, L:/127.0.0.1:49904 - R:localhost/127.0.0.1:8081]}}, [request_sent])
20:29:40.279 [reactor-http-nio-2] DEBUG reactor.netty.http.client.HttpClientConnect - [id: 0xbbc840e5, L:/127.0.0.1:49882 - R:localhost/127.0.0.1:8081] Handler is being applied: {uri=http://localhost:8081/getAttractions, method=GET}
20:29:40.279 [reactor-http-nio-15] DEBUG reactor.netty.resources.PooledConnectionProvider - [id: 0x822a7f8c, L:/127.0.0.1:49898 - R:localhost/127.0.0.1:8081] Channel acquired, now 33 active connections and 32 inactive connections
20:29:40.279 [reactor-http-nio-15] DEBUG reactor.netty.http.client.HttpClientConnect - [id: 0x822a7f8c, L:/127.0.0.1:49898 - R:localhost/127.0.0.1:8081] Handler is being applied: {uri=http://localhost:8081/getAttractions, method=GET}
20:29:40.278 [reactor-http-nio-11] DEBUG reactor.netty.http.client.HttpClientConnect - [id: 0xf98e8509, L:/127.0.0.1:49922 - R:localhost/127.0.0.1:8081] Handler is being applied: {uri=http://localhost:8081/getAttractions, method=GET}
20:29:40.278 [reactor-http-nio-14] DEBUG reactor.netty.resources.PooledConnectionProvider - [id: 0x02e00a46, L:/127.0.0.1:49897 - R:localhost/127.0.0.1:8081] onStateChange(GET{uri=/getAttractions, connection=PooledConnection{channel=[id: 0x02e00a46, L:/127.0.0.1:49897 - R:localhost/127.0.0.1:8081]}}, [request_sent])
20:29:40.279 [reactor-http-nio-15] DEBUG reactor.netty.resources.PooledConnectionProvider - [id: 0x822a7f8c, L:/127.0.0.1:49898 - R:localhost/127.0.0.1:8081] onStateChange(GET{uri=/getAttractions, connection=PooledConnection{channel=[id: 0x822a7f8c, L:/127.0.0.1:49898 - R:localhost/127.0.0.1:8081]}}, [request_sent])
20:29:40.279 [reactor-http-nio-16] DEBUG reactor.netty.resources.PooledConnectionProvider - [id: 0xca5097d1, L:/127.0.0.1:49901 - R:localhost/127.0.0.1:8081] onStateChange(GET{uri=/getAttractions, connection=PooledConnection{channel=[id: 0xca5097d1, L:/127.0.0.1:49901 - R:localhost/127.0.0.1:8081]}}, [request_sent])
20:29:40.279 [reactor-http-nio-13] DEBUG reactor.netty.http.client.HttpClientConnect - [id: 0xfae62b5e, L:/127.0.0.1:49890 - R:localhost/127.0.0.1:8081] Handler is being applied: {uri=http://localhost:8081/getAttractions, method=GET}
20:29:40.279 [reactor-http-nio-16] DEBUG reactor.netty.resources.PooledConnectionProvider - [id: 0x31cea2d6, L:/127.0.0.1:49902 - R:localhost/127.0.0.1:8081] Channel acquired, now 35 active connections and 30 inactive connections
20:29:40.280 [reactor-http-nio-16] DEBUG reactor.netty.http.client.HttpClientConnect - [id: 0x31cea2d6, L:/127.0.0.1:49902 - R:localhost/127.0.0.1:8081] Handler is being applied: {uri=http://localhost:8081/getAttractions, method=GET}
20:29:40.279 [reactor-http-nio-12] DEBUG reactor.netty.resources.PooledConnectionProvider - [id: 0x715de37b, L:/127.0.0.1:49908 - R:localhost/127.0.0.1:8081] onStateChange(GET{uri=/getAttractions, connection=PooledConnection{channel=[id: 0x715de37b, L:/127.0.0.1:49908 - R:localhost/127.0.0.1:8081]}}, [request_sent])
20:29:40.280 [reactor-http-nio-13] DEBUG reactor.netty.resources.PooledConnectionProvider - [id: 0xfae62b5e, L:/127.0.0.1:49890 - R:localhost/127.0.0.1:8081] onStateChange(GET{uri=/getAttractions, connection=PooledConnection{channel=[id: 0xfae62b5e, L:/127.0.0.1:49890 - R:localhost/127.0.0.1:8081]}}, [request_sent])
20:29:40.280 [reactor-http-nio-13] DEBUG reactor.netty.resources.PooledConnectionProvider - [id: 0x93eb028b, L:/127.0.0.1:49917 - R:localhost/127.0.0.1:8081] Channel acquired, now 36 active connections and 29 inactive connections
20:29:40.280 [reactor-http-nio-13] DEBUG reactor.netty.http.client.HttpClientConnect - [id: 0x93eb028b, L:/127.0.0.1:49917 - R:localhost/127.0.0.1:8081] Handler is being applied: {uri=http://localhost:8081/getAttractions, method=GET}
20:29:40.279 [reactor-http-nio-2] DEBUG reactor.netty.resources.PooledConnectionProvider - [id: 0xbbc840e5, L:/127.0.0.1:49882 - R:localhost/127.0.0.1:8081] onStateChange(GET{uri=/getAttractions, connection=PooledConnection{channel=[id: 0xbbc840e5, L:/127.0.0.1:49882 - R:localhost/127.0.0.1:8081]}}, [request_sent])
20:29:40.280 [reactor-http-nio-16] DEBUG reactor.netty.resources.PooledConnectionProvider - [id: 0x31cea2d6, L:/127.0.0.1:49902 - R:localhost/127.0.0.1:8081] onStateChange(GET{uri=/getAttractions, connection=PooledConnection{channel=[id: 0x31cea2d6, L:/127.0.0.1:49902 - R:localhost/127.0.0.1:8081]}}, [request_sent])
20:29:40.279 [reactor-http-nio-14] DEBUG reactor.netty.resources.PooledConnectionProvider - [id: 0x6c889872, L:/127.0.0.1:49887 - R:localhost/127.0.0.1:8081] Channel acquired, now 34 active connections and 31 inactive connections
20:29:40.280 [reactor-http-nio-2] DEBUG reactor.netty.resources.PooledConnectionProvider - [id: 0x7dd6550e, L:/127.0.0.1:49925 - R:localhost/127.0.0.1:8081] Channel acquired, now 37 active connections and 28 inactive connections
20:29:40.280 [reactor-http-nio-15] DEBUG reactor.netty.resources.PooledConnectionProvider - [id: 0xdfea8ccc, L:/127.0.0.1:49892 - R:localhost/127.0.0.1:8081] Channel acquired, now 38 active connections and 27 inactive connections
20:29:40.280 [reactor-http-nio-14] DEBUG reactor.netty.http.client.HttpClientConnect - [id: 0x6c889872, L:/127.0.0.1:49887 - R:localhost/127.0.0.1:8081] Handler is being applied: {uri=http://localhost:8081/getAttractions, method=GET}
20:29:40.280 [reactor-http-nio-15] DEBUG reactor.netty.http.client.HttpClientConnect - [id: 0xdfea8ccc, L:/127.0.0.1:49892 - R:localhost/127.0.0.1:8081] Handler is being applied: {uri=http://localhost:8081/getAttractions, method=GET}
20:29:40.280 [reactor-http-nio-11] DEBUG reactor.netty.resources.PooledConnectionProvider - [id: 0xf98e8509, L:/127.0.0.1:49922 - R:localhost/127.0.0.1:8081] onStateChange(GET{uri=/getAttractions, connection=PooledConnection{channel=[id: 0xf98e8509, L:/127.0.0.1:49922 - R:localhost/127.0.0.1:8081]}}, [request_sent])
20:29:40.280 [reactor-http-nio-13] DEBUG reactor.netty.resources.PooledConnectionProvider - [id: 0x93eb028b, L:/127.0.0.1:49917 - R:localhost/127.0.0.1:8081] onStateChange(GET{uri=/getAttractions, connection=PooledConnection{channel=[id: 0x93eb028b, L:/127.0.0.1:49917 - R:localhost/127.0.0.1:8081]}}, [request_sent])
20:29:40.281 [reactor-http-nio-15] DEBUG reactor.netty.resources.PooledConnectionProvider - [id: 0xdfea8ccc, L:/127.0.0.1:49892 - R:localhost/127.0.0.1:8081] onStateChange(GET{uri=/getAttractions, connection=PooledConnection{channel=[id: 0xdfea8ccc, L:/127.0.0.1:49892 - R:localhost/127.0.0.1:8081]}}, [request_sent])
20:29:40.281 [reactor-http-nio-14] DEBUG reactor.netty.resources.PooledConnectionProvider - [id: 0x6c889872, L:/127.0.0.1:49887 - R:localhost/127.0.0.1:8081] onStateChange(GET{uri=/getAttractions, connection=PooledConnection{channel=[id: 0x6c889872, L:/127.0.0.1:49887 - R:localhost/127.0.0.1:8081]}}, [request_sent])
20:29:40.280 [reactor-http-nio-2] DEBUG reactor.netty.http.client.HttpClientConnect - [id: 0x7dd6550e, L:/127.0.0.1:49925 - R:localhost/127.0.0.1:8081] Handler is being applied: {uri=http://localhost:8081/getAttractions, method=GET}
20:29:40.281 [reactor-http-nio-14] DEBUG reactor.netty.resources.PooledConnectionProvider - [id: 0x862a0562, L:/127.0.0.1:49894 - R:localhost/127.0.0.1:8081] Channel acquired, now 41 active connections and 24 inactive connections
20:29:40.281 [reactor-http-nio-14] DEBUG reactor.netty.http.client.HttpClientConnect - [id: 0x862a0562, L:/127.0.0.1:49894 - R:localhost/127.0.0.1:8081] Handler is being applied: {uri=http://localhost:8081/getAttractions, method=GET}
20:29:40.281 [reactor-http-nio-11] DEBUG reactor.netty.resources.PooledConnectionProvider - [id: 0x543091a3, L:/127.0.0.1:49885 - R:localhost/127.0.0.1:8081] Channel acquired, now 39 active connections and 26 inactive connections
20:29:40.281 [reactor-http-nio-11] DEBUG reactor.netty.http.client.HttpClientConnect - [id: 0x543091a3, L:/127.0.0.1:49885 - R:localhost/127.0.0.1:8081] Handler is being applied: {uri=http://localhost:8081/getAttractions, method=GET}
20:29:40.281 [reactor-http-nio-14] DEBUG reactor.netty.resources.PooledConnectionProvider - [id: 0x862a0562, L:/127.0.0.1:49894 - R:localhost/127.0.0.1:8081] onStateChange(GET{uri=/getAttractions, connection=PooledConnection{channel=[id: 0x862a0562, L:/127.0.0.1:49894 - R:localhost/127.0.0.1:8081]}}, [request_sent])
20:29:40.281 [reactor-http-nio-2] DEBUG reactor.netty.resources.PooledConnectionProvider - [id: 0x7dd6550e, L:/127.0.0.1:49925 - R:localhost/127.0.0.1:8081] onStateChange(GET{uri=/getAttractions, connection=PooledConnection{channel=[id: 0x7dd6550e, L:/127.0.0.1:49925 - R:localhost/127.0.0.1:8081]}}, [request_sent])
20:29:40.281 [reactor-http-nio-2] DEBUG reactor.netty.resources.PooledConnectionProvider - [id: 0x5d20b19f, L:/127.0.0.1:49926 - R:localhost/127.0.0.1:8081] Channel acquired, now 43 active connections and 22 inactive connections
20:29:40.281 [reactor-http-nio-15] DEBUG reactor.netty.resources.PooledConnectionProvider - [id: 0x8bf64842, L:/127.0.0.1:49888 - R:localhost/127.0.0.1:8081] Channel acquired, now 42 active connections and 23 inactive connections
20:29:40.281 [reactor-http-nio-2] DEBUG reactor.netty.http.client.HttpClientConnect - [id: 0x5d20b19f, L:/127.0.0.1:49926 - R:localhost/127.0.0.1:8081] Handler is being applied: {uri=http://localhost:8081/getAttractions, method=GET}
20:29:40.281 [reactor-http-nio-13] DEBUG reactor.netty.resources.PooledConnectionProvider - [id: 0x99ebd170, L:/127.0.0.1:49872 - R:localhost/127.0.0.1:8081] Channel acquired, now 40 active connections and 25 inactive connections
20:29:40.281 [reactor-http-nio-11] DEBUG reactor.netty.resources.PooledConnectionProvider - [id: 0x543091a3, L:/127.0.0.1:49885 - R:localhost/127.0.0.1:8081] onStateChange(GET{uri=/getAttractions, connection=PooledConnection{channel=[id: 0x543091a3, L:/127.0.0.1:49885 - R:localhost/127.0.0.1:8081]}}, [request_sent])
20:29:40.282 [reactor-http-nio-11] DEBUG reactor.netty.resources.PooledConnectionProvider - [id: 0xb9e4c7b3, L:/127.0.0.1:49933 - R:localhost/127.0.0.1:8081] Channel acquired, now 44 active connections and 21 inactive connections
20:29:40.282 [reactor-http-nio-13] DEBUG reactor.netty.http.client.HttpClientConnect - [id: 0x99ebd170, L:/127.0.0.1:49872 - R:localhost/127.0.0.1:8081] Handler is being applied: {uri=http://localhost:8081/getAttractions, method=GET}
20:29:40.281 [reactor-http-nio-15] DEBUG reactor.netty.http.client.HttpClientConnect - [id: 0x8bf64842, L:/127.0.0.1:49888 - R:localhost/127.0.0.1:8081] Handler is being applied: {uri=http://localhost:8081/getAttractions, method=GET}
20:29:40.282 [reactor-http-nio-10] DEBUG reactor.netty.resources.PooledConnectionProvider - [id: 0x415a9863, L:/127.0.0.1:49906 - R:localhost/127.0.0.1:8081] Channel acquired, now 45 active connections and 20 inactive connections
20:29:40.282 [reactor-http-nio-10] DEBUG reactor.netty.http.client.HttpClientConnect - [id: 0x415a9863, L:/127.0.0.1:49906 - R:localhost/127.0.0.1:8081] Handler is being applied: {uri=http://localhost:8081/getAttractions, method=GET}
20:29:40.282 [reactor-http-nio-11] DEBUG reactor.netty.http.client.HttpClientConnect - [id: 0xb9e4c7b3, L:/127.0.0.1:49933 - R:localhost/127.0.0.1:8081] Handler is being applied: {uri=http://localhost:8081/getAttractions, method=GET}
20:29:40.282 [reactor-http-nio-15] DEBUG reactor.netty.resources.PooledConnectionProvider - [id: 0x8bf64842, L:/127.0.0.1:49888 - R:localhost/127.0.0.1:8081] onStateChange(GET{uri=/getAttractions, connection=PooledConnection{channel=[id: 0x8bf64842, L:/127.0.0.1:49888 - R:localhost/127.0.0.1:8081]}}, [request_sent])
20:29:40.282 [reactor-http-nio-10] DEBUG reactor.netty.resources.PooledConnectionProvider - [id: 0x415a9863, L:/127.0.0.1:49906 - R:localhost/127.0.0.1:8081] onStateChange(GET{uri=/getAttractions, connection=PooledConnection{channel=[id: 0x415a9863, L:/127.0.0.1:49906 - R:localhost/127.0.0.1:8081]}}, [request_sent])
20:29:40.282 [reactor-http-nio-2] DEBUG reactor.netty.resources.PooledConnectionProvider - [id: 0x5d20b19f, L:/127.0.0.1:49926 - R:localhost/127.0.0.1:8081] onStateChange(GET{uri=/getAttractions, connection=PooledConnection{channel=[id: 0x5d20b19f, L:/127.0.0.1:49926 - R:localhost/127.0.0.1:8081]}}, [request_sent])
20:29:40.283 [reactor-http-nio-10] DEBUG reactor.netty.http.client.HttpClientOperations - [id: 0xb00ef751, L:/127.0.0.1:49896 - R:localhost/127.0.0.1:8081] Received response (auto-read:false) : [Content-Type=application/json, Transfer-Encoding=chunked, Date=Tue, 29 Jun 2021 14:59:39 GMT]
20:29:40.283 [reactor-http-nio-10] DEBUG reactor.netty.resources.PooledConnectionProvider - [id: 0xb00ef751, L:/127.0.0.1:49896 - R:localhost/127.0.0.1:8081] onStateChange(GET{uri=/getAttractions, connection=PooledConnection{channel=[id: 0xb00ef751, L:/127.0.0.1:49896 - R:localhost/127.0.0.1:8081]}}, [response_received])
20:29:40.283 [reactor-http-nio-2] DEBUG reactor.netty.resources.PooledConnectionProvider - [id: 0x5921853c, L:/127.0.0.1:49928 - R:localhost/127.0.0.1:8081] Channel acquired, now 46 active connections and 19 inactive connections
20:29:40.283 [reactor-http-nio-11] DEBUG reactor.netty.resources.PooledConnectionProvider - [id: 0xb9e4c7b3, L:/127.0.0.1:49933 - R:localhost/127.0.0.1:8081] onStateChange(GET{uri=/getAttractions, connection=PooledConnection{channel=[id: 0xb9e4c7b3, L:/127.0.0.1:49933 - R:localhost/127.0.0.1:8081]}}, [request_sent])
20:29:40.283 [reactor-http-nio-11] DEBUG reactor.netty.resources.PooledConnectionProvider - [id: 0xd4c90cec, L:/127.0.0.1:49883 - R:localhost/127.0.0.1:8081] Channel acquired, now 47 active connections and 18 inactive connections
20:29:40.283 [reactor-http-nio-10] DEBUG org.springframework.web.reactive.function.client.ExchangeFunctions - [3959f726] Response 200 OK
20:29:40.283 [reactor-http-nio-11] DEBUG reactor.netty.http.client.HttpClientConnect - [id: 0xd4c90cec, L:/127.0.0.1:49883 - R:localhost/127.0.0.1:8081] Handler is being applied: {uri=http://localhost:8081/getAttractions, method=GET}
20:29:40.283 [reactor-http-nio-14] DEBUG reactor.netty.http.client.HttpClientOperations - [id: 0xd139cd35, L:/127.0.0.1:49893 - R:localhost/127.0.0.1:8081] Received response (auto-read:false) : [Content-Type=application/json, Transfer-Encoding=chunked, Date=Tue, 29 Jun 2021 14:59:39 GMT]
20:29:40.283 [reactor-http-nio-14] DEBUG reactor.netty.resources.PooledConnectionProvider - [id: 0xd139cd35, L:/127.0.0.1:49893 - R:localhost/127.0.0.1:8081] onStateChange(GET{uri=/getAttractions, connection=PooledConnection{channel=[id: 0xd139cd35, L:/127.0.0.1:49893 - R:localhost/127.0.0.1:8081]}}, [response_received])
20:29:40.283 [reactor-http-nio-2] DEBUG reactor.netty.http.client.HttpClientConnect - [id: 0x5921853c, L:/127.0.0.1:49928 - R:localhost/127.0.0.1:8081] Handler is being applied: {uri=http://localhost:8081/getAttractions, method=GET}
20:29:40.283 [reactor-http-nio-14] DEBUG org.springframework.web.reactive.function.client.ExchangeFunctions - [50792af8] Response 200 OK
20:29:40.283 [reactor-http-nio-10] DEBUG reactor.netty.channel.FluxReceive - [id: 0xb00ef751, L:/127.0.0.1:49896 - R:localhost/127.0.0.1:8081] Subscribing inbound receiver [pending: 0, cancelled:false, inboundDone: false]
20:29:40.283 [reactor-http-nio-14] DEBUG reactor.netty.channel.FluxReceive - [id: 0xd139cd35, L:/127.0.0.1:49893 - R:localhost/127.0.0.1:8081] Subscribing inbound receiver [pending: 0, cancelled:false, inboundDone: false]
20:29:40.283 [reactor-http-nio-13] DEBUG reactor.netty.resources.PooledConnectionProvider - [id: 0x99ebd170, L:/127.0.0.1:49872 - R:localhost/127.0.0.1:8081] onStateChange(GET{uri=/getAttractions, connection=PooledConnection{channel=[id: 0x99ebd170, L:/127.0.0.1:49872 - R:localhost/127.0.0.1:8081]}}, [request_sent])
20:29:40.283 [reactor-http-nio-14] DEBUG reactor.netty.resources.PooledConnectionProvider - [id: 0x0b723f2b, L:/127.0.0.1:49877 - R:localhost/127.0.0.1:8081] Channel acquired, now 49 active connections and 16 inactive connections
20:29:40.283 [reactor-http-nio-16] DEBUG reactor.netty.resources.PooledConnectionProvider - [id: 0x08b58e36, L:/127.0.0.1:49899 - R:localhost/127.0.0.1:8081] Channel acquired, now 50 active connections and 15 inactive connections
20:29:40.283 [reactor-http-nio-12] DEBUG reactor.netty.resources.PooledConnectionProvider - [id: 0x622ee18f, L:/127.0.0.1:49911 - R:localhost/127.0.0.1:8081] Channel acquired, now 51 active connections and 14 inactive connections
20:29:40.283 [reactor-http-nio-10] DEBUG reactor.netty.http.client.HttpClientOperations - [id: 0xb00ef751, L:/127.0.0.1:49896 - R:localhost/127.0.0.1:8081] Received last HTTP packet
20:29:40.283 [reactor-http-nio-14] DEBUG reactor.netty.http.client.HttpClientConnect - [id: 0x0b723f2b, L:/127.0.0.1:49877 - R:localhost/127.0.0.1:8081] Handler is being applied: {uri=http://localhost:8081/getAttractions, method=GET}
20:29:40.283 [reactor-http-nio-12] DEBUG reactor.netty.http.client.HttpClientConnect - [id: 0x622ee18f, L:/127.0.0.1:49911 - R:localhost/127.0.0.1:8081] Handler is being applied: {uri=http://localhost:8081/getAttractions, method=GET}
20:29:40.283 [reactor-http-nio-11] DEBUG reactor.netty.resources.PooledConnectionProvider - [id: 0xd4c90cec, L:/127.0.0.1:49883 - R:localhost/127.0.0.1:8081] onStateChange(GET{uri=/getAttractions, connection=PooledConnection{channel=[id: 0xd4c90cec, L:/127.0.0.1:49883 - R:localhost/127.0.0.1:8081]}}, [request_sent])
20:29:40.283 [reactor-http-nio-2] DEBUG reactor.netty.resources.PooledConnectionProvider - [id: 0x5921853c, L:/127.0.0.1:49928 - R:localhost/127.0.0.1:8081] onStateChange(GET{uri=/getAttractions, connection=PooledConnection{channel=[id: 0x5921853c, L:/127.0.0.1:49928 - R:localhost/127.0.0.1:8081]}}, [request_sent])
20:29:40.284 [reactor-http-nio-2] DEBUG reactor.netty.resources.PooledConnectionProvider - [id: 0x549de069, L:/127.0.0.1:49916 - R:localhost/127.0.0.1:8081] Channel acquired, now 54 active connections and 11 inactive connections
20:29:40.284 [reactor-http-nio-10] DEBUG org.springframework.core.codec.StringDecoder - [3959f726] Decoded "[{"longitude":-117.922008,"latitude":33.817595,"attractionName":"Disneyland","city":"Anaheim","stat (truncated)...
20:29:40.284 [reactor-http-nio-2] DEBUG reactor.netty.http.client.HttpClientConnect - [id: 0x549de069, L:/127.0.0.1:49916 - R:localhost/127.0.0.1:8081] Handler is being applied: {uri=http://localhost:8081/getAttractions, method=GET}
20:29:40.284 [reactor-http-nio-10] DEBUG reactor.netty.resources.PooledConnectionProvider - [id: 0xb00ef751, L:/127.0.0.1:49896 - R:localhost/127.0.0.1:8081] onStateChange(GET{uri=/getAttractions, connection=PooledConnection{channel=[id: 0xb00ef751, L:/127.0.0.1:49896 - R:localhost/127.0.0.1:8081]}}, [disconnecting])
20:29:40.284 [reactor-http-nio-10] DEBUG reactor.netty.resources.PooledConnectionProvider - [id: 0xb00ef751, L:/127.0.0.1:49896 - R:localhost/127.0.0.1:8081] Releasing channel
20:29:40.284 [reactor-http-nio-10] DEBUG reactor.netty.resources.PooledConnectionProvider - [id: 0xb00ef751, L:/127.0.0.1:49896 - R:localhost/127.0.0.1:8081] Channel cleaned, now 53 active connections and 12 inactive connections
20:29:40.283 [reactor-http-nio-13] DEBUG reactor.netty.resources.PooledConnectionProvider - [id: 0x6e1bd8e9, L:/127.0.0.1:49914 - R:localhost/127.0.0.1:8081] Channel acquired, now 49 active connections and 16 inactive connections
20:29:40.284 [reactor-http-nio-12] DEBUG reactor.netty.resources.PooledConnectionProvider - [id: 0x622ee18f, L:/127.0.0.1:49911 - R:localhost/127.0.0.1:8081] onStateChange(GET{uri=/getAttractions, connection=PooledConnection{channel=[id: 0x622ee18f, L:/127.0.0.1:49911 - R:localhost/127.0.0.1:8081]}}, [request_sent])
20:29:40.283 [reactor-http-nio-16] DEBUG reactor.netty.http.client.HttpClientConnect - [id: 0x08b58e36, L:/127.0.0.1:49899 - R:localhost/127.0.0.1:8081] Handler is being applied: {uri=http://localhost:8081/getAttractions, method=GET}
20:29:40.284 [reactor-http-nio-15] DEBUG reactor.netty.resources.PooledConnectionProvider - [id: 0xefe012b0, L:/127.0.0.1:49889 - R:localhost/127.0.0.1:8081] Channel acquired, now 52 active connections and 13 inactive connections
20:29:40.284 [reactor-http-nio-2] DEBUG reactor.netty.resources.PooledConnectionProvider - [id: 0x549de069, L:/127.0.0.1:49916 - R:localhost/127.0.0.1:8081] onStateChange(GET{uri=/getAttractions, connection=PooledConnection{channel=[id: 0x549de069, L:/127.0.0.1:49916 - R:localhost/127.0.0.1:8081]}}, [request_sent])
20:29:40.284 [reactor-http-nio-2] DEBUG reactor.netty.resources.PooledConnectionProvider - [id: 0x3a160202, L:/127.0.0.1:49876 - R:localhost/127.0.0.1:8081] Channel acquired, now 54 active connections and 11 inactive connections
20:29:40.284 [reactor-http-nio-16] DEBUG reactor.netty.resources.PooledConnectionProvider - [id: 0x08b58e36, L:/127.0.0.1:49899 - R:localhost/127.0.0.1:8081] onStateChange(GET{uri=/getAttractions, connection=PooledConnection{channel=[id: 0x08b58e36, L:/127.0.0.1:49899 - R:localhost/127.0.0.1:8081]}}, [request_sent])
20:29:40.284 [reactor-http-nio-11] DEBUG reactor.netty.resources.PooledConnectionProvider - [id: 0xa8d1cb41, L:/127.0.0.1:49934 - R:localhost/127.0.0.1:8081] Channel acquired, now 53 active connections and 12 inactive connections
20:29:40.284 [reactor-http-nio-14] DEBUG reactor.netty.resources.PooledConnectionProvider - [id: 0x0b723f2b, L:/127.0.0.1:49877 - R:localhost/127.0.0.1:8081] onStateChange(GET{uri=/getAttractions, connection=PooledConnection{channel=[id: 0x0b723f2b, L:/127.0.0.1:49877 - R:localhost/127.0.0.1:8081]}}, [request_sent])
20:29:40.285 [reactor-http-nio-11] DEBUG reactor.netty.http.client.HttpClientConnect - [id: 0xa8d1cb41, L:/127.0.0.1:49934 - R:localhost/127.0.0.1:8081] Handler is being applied: {uri=http://localhost:8081/getAttractions, method=GET}
20:29:40.284 [reactor-http-nio-15] DEBUG reactor.netty.http.client.HttpClientConnect - [id: 0xefe012b0, L:/127.0.0.1:49889 - R:localhost/127.0.0.1:8081] Handler is being applied: {uri=http://localhost:8081/getAttractions, method=GET}
20:29:40.285 [reactor-http-nio-10] DEBUG reactor.netty.http.client.HttpClientOperations - [id: 0x46c6efe2, L:/127.0.0.1:49875 - R:localhost/127.0.0.1:8081] Received response (auto-read:false) : [Content-Type=application/json, Transfer-Encoding=chunked, Date=Tue, 29 Jun 2021 14:59:39 GMT]
20:29:40.285 [reactor-http-nio-16] DEBUG reactor.netty.http.client.HttpClientOperations - [id: 0xd94b0585, L:/127.0.0.1:49927 - R:localhost/127.0.0.1:8081] Received response (auto-read:false) : [Content-Type=application/json, Transfer-Encoding=chunked, Date=Tue, 29 Jun 2021 14:59:39 GMT]
20:29:40.284 [reactor-http-nio-13] DEBUG reactor.netty.http.client.HttpClientConnect - [id: 0x6e1bd8e9, L:/127.0.0.1:49914 - R:localhost/127.0.0.1:8081] Handler is being applied: {uri=http://localhost:8081/getAttractions, method=GET}
20:29:40.284 [reactor-http-nio-2] DEBUG reactor.netty.http.client.HttpClientConnect - [id: 0x3a160202, L:/127.0.0.1:49876 - R:localhost/127.0.0.1:8081] Handler is being applied: {uri=http://localhost:8081/getAttractions, method=GET}
20:29:40.285 [reactor-http-nio-10] DEBUG reactor.netty.resources.PooledConnectionProvider - [id: 0x46c6efe2, L:/127.0.0.1:49875 - R:localhost/127.0.0.1:8081] onStateChange(GET{uri=/getAttractions, connection=PooledConnection{channel=[id: 0x46c6efe2, L:/127.0.0.1:49875 - R:localhost/127.0.0.1:8081]}}, [response_received])
20:29:40.285 [reactor-http-nio-16] DEBUG reactor.netty.resources.PooledConnectionProvider - [id: 0xd94b0585, L:/127.0.0.1:49927 - R:localhost/127.0.0.1:8081] onStateChange(GET{uri=/getAttractions, connection=PooledConnection{channel=[id: 0xd94b0585, L:/127.0.0.1:49927 - R:localhost/127.0.0.1:8081]}}, [response_received])
20:29:40.285 [reactor-http-nio-14] DEBUG reactor.netty.http.client.HttpClientOperations - [id: 0xd139cd35, L:/127.0.0.1:49893 - R:localhost/127.0.0.1:8081] Received last HTTP packet
20:29:40.285 [reactor-http-nio-16] DEBUG org.springframework.web.reactive.function.client.ExchangeFunctions - [3496e06f] Response 200 OK
20:29:40.285 [reactor-http-nio-11] DEBUG reactor.netty.resources.PooledConnectionProvider - [id: 0xa8d1cb41, L:/127.0.0.1:49934 - R:localhost/127.0.0.1:8081] onStateChange(GET{uri=/getAttractions, connection=PooledConnection{channel=[id: 0xa8d1cb41, L:/127.0.0.1:49934 - R:localhost/127.0.0.1:8081]}}, [request_sent])
20:29:40.285 [reactor-http-nio-11] DEBUG reactor.netty.resources.PooledConnectionProvider - [id: 0x952ee786, L:/127.0.0.1:49873 - R:localhost/127.0.0.1:8081] Channel acquired, now 55 active connections and 10 inactive connections
20:29:40.285 [reactor-http-nio-11] DEBUG reactor.netty.http.client.HttpClientConnect - [id: 0x952ee786, L:/127.0.0.1:49873 - R:localhost/127.0.0.1:8081] Handler is being applied: {uri=http://localhost:8081/getAttractions, method=GET}
20:29:40.285 [pool-15-thread-4] DEBUG org.springframework.web.reactive.function.client.ExchangeFunctions - [379e0e7d] HTTP GET http://localhost:8082/getAttractionRewardPoints?attractionId=22718bce-7af3-4f5c-a2ff-6556c1848c0b&userId=3367c1ad-5365-43e2-bb3e-a8dec4b22956
20:29:40.285 [reactor-http-nio-14] DEBUG org.springframework.core.codec.StringDecoder - [50792af8] Decoded "[{"longitude":-117.922008,"latitude":33.817595,"attractionName":"Disneyland","city":"Anaheim","stat (truncated)...
20:29:40.285 [reactor-http-nio-16] DEBUG reactor.netty.channel.FluxReceive - [id: 0xd94b0585, L:/127.0.0.1:49927 - R:localhost/127.0.0.1:8081] Subscribing inbound receiver [pending: 0, cancelled:false, inboundDone: false]
20:29:40.285 [reactor-http-nio-10] DEBUG org.springframework.web.reactive.function.client.ExchangeFunctions - [734b95c5] Response 200 OK
20:29:40.285 [reactor-http-nio-14] DEBUG reactor.netty.resources.PooledConnectionProvider - [id: 0xd139cd35, L:/127.0.0.1:49893 - R:localhost/127.0.0.1:8081] onStateChange(GET{uri=/getAttractions, connection=PooledConnection{channel=[id: 0xd139cd35, L:/127.0.0.1:49893 - R:localhost/127.0.0.1:8081]}}, [disconnecting])
20:29:40.285 [reactor-http-nio-16] DEBUG reactor.netty.http.client.HttpClientOperations - [id: 0xd94b0585, L:/127.0.0.1:49927 - R:localhost/127.0.0.1:8081] Received last HTTP packet
20:29:40.285 [reactor-http-nio-11] DEBUG reactor.netty.resources.PooledConnectionProvider - [id: 0x952ee786, L:/127.0.0.1:49873 - R:localhost/127.0.0.1:8081] onStateChange(GET{uri=/getAttractions, connection=PooledConnection{channel=[id: 0x952ee786, L:/127.0.0.1:49873 - R:localhost/127.0.0.1:8081]}}, [request_sent])
20:29:40.285 [reactor-http-nio-10] DEBUG reactor.netty.channel.FluxReceive - [id: 0x46c6efe2, L:/127.0.0.1:49875 - R:localhost/127.0.0.1:8081] Subscribing inbound receiver [pending: 0, cancelled:false, inboundDone: false]
20:29:40.285 [reactor-http-nio-14] DEBUG reactor.netty.resources.PooledConnectionProvider - [id: 0xd139cd35, L:/127.0.0.1:49893 - R:localhost/127.0.0.1:8081] Releasing channel
20:29:40.285 [reactor-http-nio-14] DEBUG reactor.netty.resources.PooledConnectionProvider - [id: 0xd139cd35, L:/127.0.0.1:49893 - R:localhost/127.0.0.1:8081] Channel cleaned, now 55 active connections and 10 inactive connections
20:29:40.286 [reactor-http-nio-10] DEBUG reactor.netty.http.client.HttpClientOperations - [id: 0x46c6efe2, L:/127.0.0.1:49875 - R:localhost/127.0.0.1:8081] Received last HTTP packet
20:29:40.286 [reactor-http-nio-2] DEBUG reactor.netty.resources.PooledConnectionProvider - [id: 0x3a160202, L:/127.0.0.1:49876 - R:localhost/127.0.0.1:8081] onStateChange(GET{uri=/getAttractions, connection=PooledConnection{channel=[id: 0x3a160202, L:/127.0.0.1:49876 - R:localhost/127.0.0.1:8081]}}, [request_sent])
20:29:40.285 [reactor-http-nio-11] DEBUG reactor.netty.resources.PooledConnectionProvider - [id: 0x5557723c, L:/127.0.0.1:49932 - R:localhost/127.0.0.1:8081] Channel acquired, now 56 active connections and 9 inactive connections
20:29:40.286 [reactor-http-nio-16] DEBUG org.springframework.core.codec.StringDecoder - [3496e06f] Decoded "[{"longitude":-117.922008,"latitude":33.817595,"attractionName":"Disneyland","city":"Anaheim","stat (truncated)...
20:29:40.286 [reactor-http-nio-15] DEBUG reactor.netty.resources.PooledConnectionProvider - [id: 0xefe012b0, L:/127.0.0.1:49889 - R:localhost/127.0.0.1:8081] onStateChange(GET{uri=/getAttractions, connection=PooledConnection{channel=[id: 0xefe012b0, L:/127.0.0.1:49889 - R:localhost/127.0.0.1:8081]}}, [request_sent])
20:29:40.286 [reactor-http-nio-15] DEBUG reactor.netty.resources.PooledConnectionProvider - [id: 0x6124bcfa, L:/127.0.0.1:49886 - R:localhost/127.0.0.1:8081] Channel acquired, now 56 active connections and 9 inactive connections
20:29:40.286 [reactor-http-nio-10] DEBUG org.springframework.core.codec.StringDecoder - [734b95c5] Decoded "[{"longitude":-117.922008,"latitude":33.817595,"attractionName":"Disneyland","city":"Anaheim","stat (truncated)...
20:29:40.286 [reactor-http-nio-15] DEBUG reactor.netty.http.client.HttpClientConnect - [id: 0x6124bcfa, L:/127.0.0.1:49886 - R:localhost/127.0.0.1:8081] Handler is being applied: {uri=http://localhost:8081/getAttractions, method=GET}
20:29:40.286 [reactor-http-nio-16] DEBUG reactor.netty.resources.PooledConnectionProvider - [id: 0xd94b0585, L:/127.0.0.1:49927 - R:localhost/127.0.0.1:8081] onStateChange(GET{uri=/getAttractions, connection=PooledConnection{channel=[id: 0xd94b0585, L:/127.0.0.1:49927 - R:localhost/127.0.0.1:8081]}}, [disconnecting])
20:29:40.286 [pool-15-thread-8] DEBUG org.springframework.web.reactive.function.client.ExchangeFunctions - [5ebede87] HTTP GET http://localhost:8082/getAttractionRewardPoints?attractionId=9975fb08-f2d2-48de-b49b-7866d7674e1e&userId=fe7bfd7a-3cb1-4555-9ffe-8ee184f98d35
20:29:40.286 [reactor-http-nio-10] DEBUG reactor.netty.resources.PooledConnectionProvider - [id: 0x46c6efe2, L:/127.0.0.1:49875 - R:localhost/127.0.0.1:8081] onStateChange(GET{uri=/getAttractions, connection=PooledConnection{channel=[id: 0x46c6efe2, L:/127.0.0.1:49875 - R:localhost/127.0.0.1:8081]}}, [disconnecting])
20:29:40.286 [reactor-http-nio-10] DEBUG reactor.netty.resources.PooledConnectionProvider - [id: 0x46c6efe2, L:/127.0.0.1:49875 - R:localhost/127.0.0.1:8081] Releasing channel
20:29:40.286 [reactor-http-nio-10] DEBUG reactor.netty.resources.PooledConnectionProvider - [id: 0x46c6efe2, L:/127.0.0.1:49875 - R:localhost/127.0.0.1:8081] Channel cleaned, now 55 active connections and 10 inactive connections
20:29:40.286 [reactor-http-nio-15] DEBUG reactor.netty.resources.PooledConnectionProvider - [id: 0x6124bcfa, L:/127.0.0.1:49886 - R:localhost/127.0.0.1:8081] onStateChange(GET{uri=/getAttractions, connection=PooledConnection{channel=[id: 0x6124bcfa, L:/127.0.0.1:49886 - R:localhost/127.0.0.1:8081]}}, [request_sent])
20:29:40.286 [reactor-http-nio-16] DEBUG reactor.netty.resources.PooledConnectionProvider - [id: 0xd94b0585, L:/127.0.0.1:49927 - R:localhost/127.0.0.1:8081] Releasing channel
20:29:40.287 [reactor-http-nio-16] DEBUG reactor.netty.resources.PooledConnectionProvider - [id: 0xd94b0585, L:/127.0.0.1:49927 - R:localhost/127.0.0.1:8081] Channel cleaned, now 54 active connections and 11 inactive connections
20:29:40.286 [reactor-http-nio-11] DEBUG reactor.netty.http.client.HttpClientConnect - [id: 0x5557723c, L:/127.0.0.1:49932 - R:localhost/127.0.0.1:8081] Handler is being applied: {uri=http://localhost:8081/getAttractions, method=GET}
20:29:40.287 [reactor-http-nio-10] DEBUG reactor.netty.http.client.HttpClientOperations - [id: 0xc25feb92, L:/127.0.0.1:49880 - R:localhost/127.0.0.1:8081] Received response (auto-read:false) : [Content-Type=application/json, Transfer-Encoding=chunked, Date=Tue, 29 Jun 2021 14:59:39 GMT]
20:29:40.287 [reactor-http-nio-12] DEBUG reactor.netty.http.client.HttpClientOperations - [id: 0xc976ea3e, L:/127.0.0.1:49874 - R:localhost/127.0.0.1:8081] Received response (auto-read:false) : [Content-Type=application/json, Transfer-Encoding=chunked, Date=Tue, 29 Jun 2021 14:59:39 GMT]
20:29:40.287 [reactor-http-nio-14] DEBUG reactor.netty.http.client.HttpClientOperations - [id: 0x636930f8, L:/127.0.0.1:49895 - R:localhost/127.0.0.1:8081] Received response (auto-read:false) : [Content-Type=application/json, Transfer-Encoding=chunked, Date=Tue, 29 Jun 2021 14:59:39 GMT]
20:29:40.287 [reactor-http-nio-14] DEBUG reactor.netty.resources.PooledConnectionProvider - [id: 0x636930f8, L:/127.0.0.1:49895 - R:localhost/127.0.0.1:8081] onStateChange(GET{uri=/getAttractions, connection=PooledConnection{channel=[id: 0x636930f8, L:/127.0.0.1:49895 - R:localhost/127.0.0.1:8081]}}, [response_received])
20:29:40.287 [reactor-http-nio-15] DEBUG reactor.netty.http.client.HttpClientOperations - [id: 0x3b57da73, L:/127.0.0.1:49868 - R:localhost/127.0.0.1:8081] Received response (auto-read:false) : [Content-Type=application/json, Transfer-Encoding=chunked, Date=Tue, 29 Jun 2021 14:59:39 GMT]
20:29:40.287 [reactor-http-nio-10] DEBUG reactor.netty.resources.PooledConnectionProvider - [id: 0xc25feb92, L:/127.0.0.1:49880 - R:localhost/127.0.0.1:8081] onStateChange(GET{uri=/getAttractions, connection=PooledConnection{channel=[id: 0xc25feb92, L:/127.0.0.1:49880 - R:localhost/127.0.0.1:8081]}}, [response_received])
20:29:40.287 [reactor-http-nio-14] DEBUG org.springframework.web.reactive.function.client.ExchangeFunctions - [4c53bf8f] Response 200 OK
20:29:40.287 [reactor-http-nio-2] DEBUG reactor.netty.http.client.HttpClientOperations - [id: 0xf696f9f2, L:/127.0.0.1:49929 - R:localhost/127.0.0.1:8081] Received response (auto-read:false) : [Content-Type=application/json, Transfer-Encoding=chunked, Date=Tue, 29 Jun 2021 14:59:39 GMT]
20:29:40.287 [reactor-http-nio-2] DEBUG reactor.netty.resources.PooledConnectionProvider - [id: 0xf696f9f2, L:/127.0.0.1:49929 - R:localhost/127.0.0.1:8081] onStateChange(GET{uri=/getAttractions, connection=PooledConnection{channel=[id: 0xf696f9f2, L:/127.0.0.1:49929 - R:localhost/127.0.0.1:8081]}}, [response_received])
20:29:40.287 [reactor-http-nio-2] DEBUG org.springframework.web.reactive.function.client.ExchangeFunctions - [5e3c16c2] Response 200 OK
20:29:40.287 [reactor-http-nio-12] DEBUG reactor.netty.resources.PooledConnectionProvider - [id: 0xc976ea3e, L:/127.0.0.1:49874 - R:localhost/127.0.0.1:8081] onStateChange(GET{uri=/getAttractions, connection=PooledConnection{channel=[id: 0xc976ea3e, L:/127.0.0.1:49874 - R:localhost/127.0.0.1:8081]}}, [response_received])
20:29:40.287 [pool-15-thread-1] DEBUG org.springframework.web.reactive.function.client.ExchangeFunctions - [7d8c65dc] HTTP GET http://localhost:8082/getAttractionRewardPoints?attractionId=57cb6aca-62fa-499d-9cc2-3410731d46f2&userId=c396b449-df93-43a1-93d2-e3d9b5b9b35a
20:29:40.287 [pool-15-thread-2] DEBUG org.springframework.web.reactive.function.client.ExchangeFunctions - [3a51188d] HTTP GET http://localhost:8082/getAttractionRewardPoints?attractionId=c2f1a75a-b68e-4a19-9f3f-7d6cf41b00c9&userId=794250c4-bc62-49e9-a642-b4ecc74a179a
20:29:40.288 [reactor-http-nio-12] DEBUG org.springframework.web.reactive.function.client.ExchangeFunctions - [51789765] Response 200 OK
20:29:40.288 [reactor-http-nio-12] DEBUG reactor.netty.channel.FluxReceive - [id: 0xc976ea3e, L:/127.0.0.1:49874 - R:localhost/127.0.0.1:8081] Subscribing inbound receiver [pending: 0, cancelled:false, inboundDone: false]
20:29:40.288 [reactor-http-nio-2] DEBUG reactor.netty.channel.FluxReceive - [id: 0xf696f9f2, L:/127.0.0.1:49929 - R:localhost/127.0.0.1:8081] Subscribing inbound receiver [pending: 0, cancelled:false, inboundDone: false]
20:29:40.288 [reactor-http-nio-14] DEBUG reactor.netty.channel.FluxReceive - [id: 0x636930f8, L:/127.0.0.1:49895 - R:localhost/127.0.0.1:8081] Subscribing inbound receiver [pending: 0, cancelled:false, inboundDone: false]
20:29:40.288 [reactor-http-nio-2] DEBUG reactor.netty.http.client.HttpClientOperations - [id: 0xf696f9f2, L:/127.0.0.1:49929 - R:localhost/127.0.0.1:8081] Received last HTTP packet
20:29:40.288 [reactor-http-nio-16] DEBUG reactor.netty.http.client.HttpClientOperations - [id: 0x1eb86fc9, L:/127.0.0.1:49891 - R:localhost/127.0.0.1:8081] Received response (auto-read:false) : [Content-Type=application/json, Transfer-Encoding=chunked, Date=Tue, 29 Jun 2021 14:59:39 GMT]
20:29:40.288 [reactor-http-nio-16] DEBUG reactor.netty.resources.PooledConnectionProvider - [id: 0x1eb86fc9, L:/127.0.0.1:49891 - R:localhost/127.0.0.1:8081] onStateChange(GET{uri=/getAttractions, connection=PooledConnection{channel=[id: 0x1eb86fc9, L:/127.0.0.1:49891 - R:localhost/127.0.0.1:8081]}}, [response_received])
20:29:40.288 [reactor-http-nio-16] DEBUG org.springframework.web.reactive.function.client.ExchangeFunctions - [3521034a] Response 200 OK
20:29:40.287 [reactor-http-nio-15] DEBUG reactor.netty.resources.PooledConnectionProvider - [id: 0x3b57da73, L:/127.0.0.1:49868 - R:localhost/127.0.0.1:8081] onStateChange(GET{uri=/getAttractions, connection=PooledConnection{channel=[id: 0x3b57da73, L:/127.0.0.1:49868 - R:localhost/127.0.0.1:8081]}}, [response_received])
20:29:40.289 [reactor-http-nio-15] DEBUG org.springframework.web.reactive.function.client.ExchangeFunctions - [68574acb] Response 200 OK
20:29:40.289 [reactor-http-nio-16] DEBUG reactor.netty.channel.FluxReceive - [id: 0x1eb86fc9, L:/127.0.0.1:49891 - R:localhost/127.0.0.1:8081] Subscribing inbound receiver [pending: 0, cancelled:false, inboundDone: false]
20:29:40.287 [reactor-http-nio-10] DEBUG org.springframework.web.reactive.function.client.ExchangeFunctions - [73dd8e48] Response 200 OK
20:29:40.289 [reactor-http-nio-16] DEBUG reactor.netty.http.client.HttpClientOperations - [id: 0x1eb86fc9, L:/127.0.0.1:49891 - R:localhost/127.0.0.1:8081] Received last HTTP packet
20:29:40.289 [reactor-http-nio-10] DEBUG reactor.netty.channel.FluxReceive - [id: 0xc25feb92, L:/127.0.0.1:49880 - R:localhost/127.0.0.1:8081] Subscribing inbound receiver [pending: 0, cancelled:false, inboundDone: false]
20:29:40.287 [reactor-http-nio-11] DEBUG reactor.netty.resources.PooledConnectionProvider - [id: 0x5557723c, L:/127.0.0.1:49932 - R:localhost/127.0.0.1:8081] onStateChange(GET{uri=/getAttractions, connection=PooledConnection{channel=[id: 0x5557723c, L:/127.0.0.1:49932 - R:localhost/127.0.0.1:8081]}}, [request_sent])
20:29:40.289 [reactor-http-nio-10] DEBUG reactor.netty.http.client.HttpClientOperations - [id: 0xc25feb92, L:/127.0.0.1:49880 - R:localhost/127.0.0.1:8081] Received last HTTP packet
20:29:40.289 [reactor-http-nio-13] DEBUG reactor.netty.resources.PooledConnectionProvider - [id: 0x6e1bd8e9, L:/127.0.0.1:49914 - R:localhost/127.0.0.1:8081] onStateChange(GET{uri=/getAttractions, connection=PooledConnection{channel=[id: 0x6e1bd8e9, L:/127.0.0.1:49914 - R:localhost/127.0.0.1:8081]}}, [request_sent])
20:29:40.288 [reactor-http-nio-12] DEBUG reactor.netty.http.client.HttpClientOperations - [id: 0xc976ea3e, L:/127.0.0.1:49874 - R:localhost/127.0.0.1:8081] Received last HTTP packet
20:29:40.289 [reactor-http-nio-11] DEBUG reactor.netty.http.client.HttpClientOperations - [id: 0x444af37b, L:/127.0.0.1:49923 - R:localhost/127.0.0.1:8081] Received response (auto-read:false) : [Content-Type=application/json, Transfer-Encoding=chunked, Date=Tue, 29 Jun 2021 14:59:39 GMT]
20:29:40.289 [reactor-http-nio-11] DEBUG reactor.netty.resources.PooledConnectionProvider - [id: 0x444af37b, L:/127.0.0.1:49923 - R:localhost/127.0.0.1:8081] onStateChange(GET{uri=/getAttractions, connection=PooledConnection{channel=[id: 0x444af37b, L:/127.0.0.1:49923 - R:localhost/127.0.0.1:8081]}}, [response_received])
20:29:40.290 [reactor-http-nio-11] DEBUG org.springframework.web.reactive.function.client.ExchangeFunctions - [7b6d1fa4] Response 200 OK
20:29:40.290 [reactor-http-nio-2] DEBUG org.springframework.core.codec.StringDecoder - [5e3c16c2] Decoded "[{"longitude":-117.922008,"latitude":33.817595,"attractionName":"Disneyland","city":"Anaheim","stat (truncated)...
20:29:40.290 [reactor-http-nio-2] DEBUG reactor.netty.resources.PooledConnectionProvider - [id: 0xf696f9f2, L:/127.0.0.1:49929 - R:localhost/127.0.0.1:8081] onStateChange(GET{uri=/getAttractions, connection=PooledConnection{channel=[id: 0xf696f9f2, L:/127.0.0.1:49929 - R:localhost/127.0.0.1:8081]}}, [disconnecting])
20:29:40.290 [reactor-http-nio-2] DEBUG reactor.netty.resources.PooledConnectionProvider - [id: 0xf696f9f2, L:/127.0.0.1:49929 - R:localhost/127.0.0.1:8081] Releasing channel
20:29:40.290 [reactor-http-nio-2] DEBUG reactor.netty.resources.PooledConnectionProvider - [id: 0xf696f9f2, L:/127.0.0.1:49929 - R:localhost/127.0.0.1:8081] Channel cleaned, now 54 active connections and 11 inactive connections
20:29:40.290 [reactor-http-nio-10] DEBUG org.springframework.core.codec.StringDecoder - [73dd8e48] Decoded "[{"longitude":-117.922008,"latitude":33.817595,"attractionName":"Disneyland","city":"Anaheim","stat (truncated)...
20:29:40.290 [reactor-http-nio-10] DEBUG reactor.netty.resources.PooledConnectionProvider - [id: 0xc25feb92, L:/127.0.0.1:49880 - R:localhost/127.0.0.1:8081] onStateChange(GET{uri=/getAttractions, connection=PooledConnection{channel=[id: 0xc25feb92, L:/127.0.0.1:49880 - R:localhost/127.0.0.1:8081]}}, [disconnecting])
20:29:40.290 [reactor-http-nio-10] DEBUG reactor.netty.resources.PooledConnectionProvider - [id: 0xc25feb92, L:/127.0.0.1:49880 - R:localhost/127.0.0.1:8081] Releasing channel
20:29:40.290 [reactor-http-nio-10] DEBUG reactor.netty.resources.PooledConnectionProvider - [id: 0xc25feb92, L:/127.0.0.1:49880 - R:localhost/127.0.0.1:8081] Channel cleaned, now 53 active connections and 12 inactive connections
20:29:40.289 [reactor-http-nio-14] DEBUG reactor.netty.http.client.HttpClientOperations - [id: 0x636930f8, L:/127.0.0.1:49895 - R:localhost/127.0.0.1:8081] Received last HTTP packet
20:29:40.290 [reactor-http-nio-11] DEBUG reactor.netty.channel.FluxReceive - [id: 0x444af37b, L:/127.0.0.1:49923 - R:localhost/127.0.0.1:8081] Subscribing inbound receiver [pending: 0, cancelled:false, inboundDone: false]
20:29:40.290 [reactor-http-nio-2] DEBUG reactor.netty.resources.PooledConnectionProvider - [id: 0x1d64c07f] Created new pooled channel, now 0 active connections and 2 inactive connections
20:29:40.290 [reactor-http-nio-11] DEBUG reactor.netty.http.client.HttpClientOperations - [id: 0x444af37b, L:/127.0.0.1:49923 - R:localhost/127.0.0.1:8081] Received last HTTP packet
20:29:40.290 [reactor-http-nio-2] DEBUG reactor.netty.channel.BootstrapHandlers - [id: 0x1d64c07f] Initialized pipeline DefaultChannelPipeline{(BootstrapHandlers$BootstrapInitializerHandler#0 = reactor.netty.channel.BootstrapHandlers$BootstrapInitializerHandler), (SimpleChannelPool$1#0 = io.netty.channel.pool.SimpleChannelPool$1), (reactor.left.httpCodec = io.netty.handler.codec.http.HttpClientCodec), (reactor.left.decompressor = io.netty.handler.codec.http.HttpContentDecompressor), (reactor.right.reactiveBridge = reactor.netty.channel.ChannelOperationsHandler)}
20:29:40.290 [reactor-http-nio-10] DEBUG reactor.netty.http.client.HttpClientOperations - [id: 0xb1e8f457, L:/127.0.0.1:49935 - R:localhost/127.0.0.1:8081] Received response (auto-read:false) : [Content-Type=application/json, Transfer-Encoding=chunked, Date=Tue, 29 Jun 2021 14:59:39 GMT]
20:29:40.290 [reactor-http-nio-10] DEBUG reactor.netty.resources.PooledConnectionProvider - [id: 0xb1e8f457, L:/127.0.0.1:49935 - R:localhost/127.0.0.1:8081] onStateChange(GET{uri=/getAttractions, connection=PooledConnection{channel=[id: 0xb1e8f457, L:/127.0.0.1:49935 - R:localhost/127.0.0.1:8081]}}, [response_received])
20:29:40.290 [reactor-http-nio-10] DEBUG org.springframework.web.reactive.function.client.ExchangeFunctions - [68612fd2] Response 200 OK
20:29:40.289 [reactor-http-nio-15] DEBUG reactor.netty.channel.FluxReceive - [id: 0x3b57da73, L:/127.0.0.1:49868 - R:localhost/127.0.0.1:8081] Subscribing inbound receiver [pending: 0, cancelled:false, inboundDone: false]
20:29:40.290 [reactor-http-nio-14] DEBUG org.springframework.core.codec.StringDecoder - [4c53bf8f] Decoded "[{"longitude":-117.922008,"latitude":33.817595,"attractionName":"Disneyland","city":"Anaheim","stat (truncated)...
20:29:40.290 [reactor-http-nio-14] DEBUG reactor.netty.resources.PooledConnectionProvider - [id: 0x636930f8, L:/127.0.0.1:49895 - R:localhost/127.0.0.1:8081] onStateChange(GET{uri=/getAttractions, connection=PooledConnection{channel=[id: 0x636930f8, L:/127.0.0.1:49895 - R:localhost/127.0.0.1:8081]}}, [disconnecting])
20:29:40.290 [reactor-http-nio-14] DEBUG reactor.netty.resources.PooledConnectionProvider - [id: 0x636930f8, L:/127.0.0.1:49895 - R:localhost/127.0.0.1:8081] Releasing channel
20:29:40.290 [reactor-http-nio-14] DEBUG reactor.netty.resources.PooledConnectionProvider - [id: 0x636930f8, L:/127.0.0.1:49895 - R:localhost/127.0.0.1:8081] Channel cleaned, now 52 active connections and 13 inactive connections
20:29:40.291 [reactor-http-nio-14] DEBUG reactor.netty.resources.PooledConnectionProvider - [id: 0xd648e0a7, L:/127.0.0.1:49871 - R:localhost/127.0.0.1:8082] Channel acquired, now 1 active connections and 1 inactive connections
20:29:40.291 [pool-15-thread-11] DEBUG org.springframework.web.reactive.function.client.ExchangeFunctions - [7d1a6e43] HTTP GET http://localhost:8082/getAttractionRewardPoints?attractionId=b6b26f40-1129-4b48-b146-a2b53a70cb56&userId=5a23ae35-b541-4175-8123-fcc579587353
20:29:40.291 [reactor-http-nio-2] DEBUG reactor.netty.http.client.HttpClientOperations - [id: 0xb543d4db, L:/127.0.0.1:49930 - R:localhost/127.0.0.1:8081] Received response (auto-read:false) : [Content-Type=application/json, Transfer-Encoding=chunked, Date=Tue, 29 Jun 2021 14:59:39 GMT]
20:29:40.291 [reactor-http-nio-14] DEBUG reactor.netty.http.client.HttpClientConnect - [id: 0xd648e0a7, L:/127.0.0.1:49871 - R:localhost/127.0.0.1:8082] Handler is being applied: {uri=http://localhost:8082/getAttractionRewardPoints?attractionId=22718bce-7af3-4f5c-a2ff-6556c1848c0b&userId=3367c1ad-5365-43e2-bb3e-a8dec4b22956, method=GET}
20:29:40.291 [reactor-http-nio-15] DEBUG reactor.netty.http.client.HttpClientOperations - [id: 0x3b57da73, L:/127.0.0.1:49868 - R:localhost/127.0.0.1:8081] Received last HTTP packet
20:29:40.291 [reactor-http-nio-10] DEBUG reactor.netty.channel.FluxReceive - [id: 0xb1e8f457, L:/127.0.0.1:49935 - R:localhost/127.0.0.1:8081] Subscribing inbound receiver [pending: 0, cancelled:false, inboundDone: false]
20:29:40.292 [pool-15-thread-5] DEBUG org.springframework.web.reactive.function.client.ExchangeFunctions - [42944875] HTTP GET http://localhost:8082/getAttractionRewardPoints?attractionId=bb436b4c-f9f1-4fbe-902a-2ef3cddb9435&userId=4fff623e-7045-4912-9e46-962386f50d78
20:29:40.292 [reactor-http-nio-15] DEBUG org.springframework.core.codec.StringDecoder - [68574acb] Decoded "[{"longitude":-117.922008,"latitude":33.817595,"attractionName":"Disneyland","city":"Anaheim","stat (truncated)...
20:29:40.292 [reactor-http-nio-15] DEBUG reactor.netty.resources.PooledConnectionProvider - [id: 0x3b57da73, L:/127.0.0.1:49868 - R:localhost/127.0.0.1:8081] onStateChange(GET{uri=/getAttractions, connection=PooledConnection{channel=[id: 0x3b57da73, L:/127.0.0.1:49868 - R:localhost/127.0.0.1:8081]}}, [disconnecting])
20:29:40.292 [reactor-http-nio-15] DEBUG reactor.netty.resources.PooledConnectionProvider - [id: 0x3b57da73, L:/127.0.0.1:49868 - R:localhost/127.0.0.1:8081] Releasing channel
20:29:40.292 [reactor-http-nio-15] DEBUG reactor.netty.resources.PooledConnectionProvider - [id: 0x3b57da73, L:/127.0.0.1:49868 - R:localhost/127.0.0.1:8081] Channel cleaned, now 51 active connections and 14 inactive connections
20:29:40.292 [reactor-http-nio-14] DEBUG reactor.netty.resources.PooledConnectionProvider - [id: 0xd648e0a7, L:/127.0.0.1:49871 - R:localhost/127.0.0.1:8082] onStateChange(GET{uri=/getAttractionRewardPoints?attractionId=22718bce-7af3-4f5c-a2ff-6556c1848c0b&userId=3367c1ad-5365-43e2-bb3e-a8dec4b22956, connection=PooledConnection{channel=[id: 0xd648e0a7, L:/127.0.0.1:49871 - R:localhost/127.0.0.1:8082]}}, [request_sent])
20:29:40.292 [reactor-http-nio-15] DEBUG reactor.netty.resources.PooledConnectionProvider - [id: 0xac13e584] Created new pooled channel, now 1 active connections and 2 inactive connections
20:29:40.292 [reactor-http-nio-15] DEBUG reactor.netty.channel.BootstrapHandlers - [id: 0xac13e584] Initialized pipeline DefaultChannelPipeline{(BootstrapHandlers$BootstrapInitializerHandler#0 = reactor.netty.channel.BootstrapHandlers$BootstrapInitializerHandler), (SimpleChannelPool$1#0 = io.netty.channel.pool.SimpleChannelPool$1), (reactor.left.httpCodec = io.netty.handler.codec.http.HttpClientCodec), (reactor.left.decompressor = io.netty.handler.codec.http.HttpContentDecompressor), (reactor.right.reactiveBridge = reactor.netty.channel.ChannelOperationsHandler)}
20:29:40.292 [reactor-http-nio-14] DEBUG reactor.netty.http.client.HttpClientOperations - [id: 0xa39718a1, L:/127.0.0.1:49900 - R:localhost/127.0.0.1:8081] Received response (auto-read:false) : [Content-Type=application/json, Transfer-Encoding=chunked, Date=Tue, 29 Jun 2021 14:59:39 GMT]
20:29:40.292 [reactor-http-nio-14] DEBUG reactor.netty.resources.PooledConnectionProvider - [id: 0xa39718a1, L:/127.0.0.1:49900 - R:localhost/127.0.0.1:8081] onStateChange(GET{uri=/getAttractions, connection=PooledConnection{channel=[id: 0xa39718a1, L:/127.0.0.1:49900 - R:localhost/127.0.0.1:8081]}}, [response_received])
20:29:40.292 [reactor-http-nio-14] DEBUG org.springframework.web.reactive.function.client.ExchangeFunctions - [578d14cb] Response 200 OK
20:29:40.289 [reactor-http-nio-13] DEBUG reactor.netty.resources.PooledConnectionProvider - [id: 0xef273551, L:/127.0.0.1:49919 - R:localhost/127.0.0.1:8081] Channel acquired, now 55 active connections and 10 inactive connections
20:29:40.293 [reactor-http-nio-14] DEBUG reactor.netty.channel.FluxReceive - [id: 0xa39718a1, L:/127.0.0.1:49900 - R:localhost/127.0.0.1:8081] Subscribing inbound receiver [pending: 0, cancelled:false, inboundDone: false]
20:29:40.289 [reactor-http-nio-16] DEBUG org.springframework.core.codec.StringDecoder - [3521034a] Decoded "[{"longitude":-117.922008,"latitude":33.817595,"attractionName":"Disneyland","city":"Anaheim","stat (truncated)...
20:29:40.290 [reactor-http-nio-12] DEBUG org.springframework.core.codec.StringDecoder - [51789765] Decoded "[{"longitude":-117.922008,"latitude":33.817595,"attractionName":"Disneyland","city":"Anaheim","stat (truncated)...
20:29:40.293 [reactor-http-nio-15] DEBUG reactor.netty.http.client.HttpClientOperations - [id: 0x30e81d35, L:/127.0.0.1:49884 - R:localhost/127.0.0.1:8081] Received response (auto-read:false) : [Content-Type=application/json, Transfer-Encoding=chunked, Date=Tue, 29 Jun 2021 14:59:39 GMT]
20:29:40.293 [reactor-http-nio-15] DEBUG reactor.netty.resources.PooledConnectionProvider - [id: 0x30e81d35, L:/127.0.0.1:49884 - R:localhost/127.0.0.1:8081] onStateChange(GET{uri=/getAttractions, connection=PooledConnection{channel=[id: 0x30e81d35, L:/127.0.0.1:49884 - R:localhost/127.0.0.1:8081]}}, [response_received])
20:29:40.293 [reactor-http-nio-12] DEBUG reactor.netty.resources.PooledConnectionProvider - [id: 0xc976ea3e, L:/127.0.0.1:49874 - R:localhost/127.0.0.1:8081] onStateChange(GET{uri=/getAttractions, connection=PooledConnection{channel=[id: 0xc976ea3e, L:/127.0.0.1:49874 - R:localhost/127.0.0.1:8081]}}, [disconnecting])
20:29:40.293 [reactor-http-nio-12] DEBUG reactor.netty.resources.PooledConnectionProvider - [id: 0xc976ea3e, L:/127.0.0.1:49874 - R:localhost/127.0.0.1:8081] Releasing channel
20:29:40.293 [reactor-http-nio-14] DEBUG reactor.netty.http.client.HttpClientOperations - [id: 0xa39718a1, L:/127.0.0.1:49900 - R:localhost/127.0.0.1:8081] Received last HTTP packet
20:29:40.293 [reactor-http-nio-12] DEBUG reactor.netty.resources.PooledConnectionProvider - [id: 0xc976ea3e, L:/127.0.0.1:49874 - R:localhost/127.0.0.1:8081] Channel cleaned, now 50 active connections and 15 inactive connections
20:29:40.290 [reactor-http-nio-11] DEBUG org.springframework.core.codec.StringDecoder - [7b6d1fa4] Decoded "[{"longitude":-117.922008,"latitude":33.817595,"attractionName":"Disneyland","city":"Anaheim","stat (truncated)...
20:29:40.291 [pool-15-thread-3] DEBUG org.springframework.web.reactive.function.client.ExchangeFunctions - [50fbf375] HTTP GET http://localhost:8082/getAttractionRewardPoints?attractionId=6096c044-d2cd-4181-b7c3-38a60f12889d&userId=6d88f4f0-cfee-463c-9418-c2cc5b2d995a
20:29:40.293 [reactor-http-nio-12] DEBUG reactor.netty.resources.PooledConnectionProvider - [id: 0xfe38bb55] Created new pooled channel, now 1 active connections and 3 inactive connections
20:29:40.293 [reactor-http-nio-12] DEBUG reactor.netty.channel.BootstrapHandlers - [id: 0xfe38bb55] Initialized pipeline DefaultChannelPipeline{(BootstrapHandlers$BootstrapInitializerHandler#0 = reactor.netty.channel.BootstrapHandlers$BootstrapInitializerHandler), (SimpleChannelPool$1#0 = io.netty.channel.pool.SimpleChannelPool$1), (reactor.left.httpCodec = io.netty.handler.codec.http.HttpClientCodec), (reactor.left.decompressor = io.netty.handler.codec.http.HttpContentDecompressor), (reactor.right.reactiveBridge = reactor.netty.channel.ChannelOperationsHandler)}
20:29:40.293 [reactor-http-nio-11] DEBUG reactor.netty.resources.PooledConnectionProvider - [id: 0x444af37b, L:/127.0.0.1:49923 - R:localhost/127.0.0.1:8081] onStateChange(GET{uri=/getAttractions, connection=PooledConnection{channel=[id: 0x444af37b, L:/127.0.0.1:49923 - R:localhost/127.0.0.1:8081]}}, [disconnecting])
20:29:40.293 [reactor-http-nio-14] DEBUG org.springframework.core.codec.StringDecoder - [578d14cb] Decoded "[{"longitude":-117.922008,"latitude":33.817595,"attractionName":"Disneyland","city":"Anaheim","stat (truncated)...
20:29:40.291 [reactor-http-nio-2] DEBUG reactor.netty.resources.PooledConnectionProvider - [id: 0xb543d4db, L:/127.0.0.1:49930 - R:localhost/127.0.0.1:8081] onStateChange(GET{uri=/getAttractions, connection=PooledConnection{channel=[id: 0xb543d4db, L:/127.0.0.1:49930 - R:localhost/127.0.0.1:8081]}}, [response_received])
20:29:40.294 [reactor-http-nio-12] DEBUG reactor.netty.http.client.HttpClientOperations - [id: 0x5a829f34, L:/127.0.0.1:49910 - R:localhost/127.0.0.1:8081] Received response (auto-read:false) : [Content-Type=application/json, Transfer-Encoding=chunked, Date=Tue, 29 Jun 2021 14:59:39 GMT]
20:29:40.292 [reactor-http-nio-10] DEBUG reactor.netty.http.client.HttpClientOperations - [id: 0xb1e8f457, L:/127.0.0.1:49935 - R:localhost/127.0.0.1:8081] Received last HTTP packet
20:29:40.294 [reactor-http-nio-2] DEBUG org.springframework.web.reactive.function.client.ExchangeFunctions - [1a944b8c] Response 200 OK
20:29:40.294 [reactor-http-nio-10] DEBUG org.springframework.core.codec.StringDecoder - [68612fd2] Decoded "[{"longitude":-117.922008,"latitude":33.817595,"attractionName":"Disneyland","city":"Anaheim","stat (truncated)...
20:29:40.293 [reactor-http-nio-15] DEBUG org.springframework.web.reactive.function.client.ExchangeFunctions - [71e46937] Response 200 OK
20:29:40.293 [pool-15-thread-9] DEBUG org.springframework.web.reactive.function.client.ExchangeFunctions - [6690b9b1] HTTP GET http://localhost:8082/getAttractionRewardPoints?attractionId=0172a72e-5e85-40af-8db6-910387ba56f0&userId=2ceef7a9-40f7-47fd-bbc1-a86e956c62a9
20:29:40.294 [reactor-http-nio-10] DEBUG reactor.netty.resources.PooledConnectionProvider - [id: 0xb1e8f457, L:/127.0.0.1:49935 - R:localhost/127.0.0.1:8081] onStateChange(GET{uri=/getAttractions, connection=PooledConnection{channel=[id: 0xb1e8f457, L:/127.0.0.1:49935 - R:localhost/127.0.0.1:8081]}}, [disconnecting])
20:29:40.294 [reactor-http-nio-10] DEBUG reactor.netty.resources.PooledConnectionProvider - [id: 0xb1e8f457, L:/127.0.0.1:49935 - R:localhost/127.0.0.1:8081] Releasing channel
20:29:40.293 [reactor-http-nio-16] DEBUG reactor.netty.resources.PooledConnectionProvider - [id: 0x1eb86fc9, L:/127.0.0.1:49891 - R:localhost/127.0.0.1:8081] onStateChange(GET{uri=/getAttractions, connection=PooledConnection{channel=[id: 0x1eb86fc9, L:/127.0.0.1:49891 - R:localhost/127.0.0.1:8081]}}, [disconnecting])
20:29:40.294 [pool-15-thread-58] DEBUG org.springframework.web.reactive.function.client.ExchangeFunctions - [594af04a] HTTP GET http://localhost:8082/getAttractionRewardPoints?attractionId=46ac4f8b-5a57-4323-9b9e-ab7ec60619c0&userId=0f0307db-6b10-43fb-a343-8309f3ae15cb
20:29:40.293 [reactor-http-nio-11] DEBUG reactor.netty.resources.PooledConnectionProvider - [id: 0x444af37b, L:/127.0.0.1:49923 - R:localhost/127.0.0.1:8081] Releasing channel
20:29:40.294 [reactor-http-nio-2] DEBUG reactor.netty.channel.FluxReceive - [id: 0xb543d4db, L:/127.0.0.1:49930 - R:localhost/127.0.0.1:8081] Subscribing inbound receiver [pending: 0, cancelled:false, inboundDone: false]
20:29:40.294 [reactor-http-nio-11] DEBUG reactor.netty.resources.PooledConnectionProvider - [id: 0x444af37b, L:/127.0.0.1:49923 - R:localhost/127.0.0.1:8081] Channel cleaned, now 48 active connections and 17 inactive connections
20:29:40.294 [reactor-http-nio-14] DEBUG reactor.netty.resources.PooledConnectionProvider - [id: 0xa39718a1, L:/127.0.0.1:49900 - R:localhost/127.0.0.1:8081] onStateChange(GET{uri=/getAttractions, connection=PooledConnection{channel=[id: 0xa39718a1, L:/127.0.0.1:49900 - R:localhost/127.0.0.1:8081]}}, [disconnecting])
20:29:40.295 [reactor-http-nio-15] DEBUG reactor.netty.channel.FluxReceive - [id: 0x30e81d35, L:/127.0.0.1:49884 - R:localhost/127.0.0.1:8081] Subscribing inbound receiver [pending: 0, cancelled:false, inboundDone: false]
20:29:40.295 [reactor-http-nio-2] DEBUG reactor.netty.http.client.HttpClientOperations - [id: 0xb543d4db, L:/127.0.0.1:49930 - R:localhost/127.0.0.1:8081] Received last HTTP packet
20:29:40.294 [reactor-http-nio-12] DEBUG reactor.netty.resources.PooledConnectionProvider - [id: 0x5a829f34, L:/127.0.0.1:49910 - R:localhost/127.0.0.1:8081] onStateChange(GET{uri=/getAttractions, connection=PooledConnection{channel=[id: 0x5a829f34, L:/127.0.0.1:49910 - R:localhost/127.0.0.1:8081]}}, [response_received])
20:29:40.294 [pool-15-thread-37] DEBUG org.springframework.web.reactive.function.client.ExchangeFunctions - [5fbf633a] HTTP GET http://localhost:8082/getAttractionRewardPoints?attractionId=82b223ce-a6c5-41b0-8b3f-7e17d222722f&userId=ff1138ab-e29e-4a14-a76b-3ceeb3f24366
20:29:40.294 [pool-15-thread-6] DEBUG org.springframework.web.reactive.function.client.ExchangeFunctions - [75aaeeb9] HTTP GET http://localhost:8082/getAttractionRewardPoints?attractionId=58804254-4d14-4066-b777-f367f27d4ce4&userId=9c078a3f-4671-4f98-a06c-0d6a79978073
20:29:40.295 [reactor-http-nio-12] DEBUG org.springframework.web.reactive.function.client.ExchangeFunctions - [7d221f59] Response 200 OK
20:29:40.294 [pool-15-thread-52] DEBUG org.springframework.web.reactive.function.client.ExchangeFunctions - [3be6eb9e] HTTP GET http://localhost:8082/getAttractionRewardPoints?attractionId=d7c144ae-b8c2-41ff-9366-814df00f8d50&userId=7f0191d7-d605-46b0-b932-eb877fda9f0e
20:29:40.294 [reactor-http-nio-10] DEBUG reactor.netty.resources.PooledConnectionProvider - [id: 0xb1e8f457, L:/127.0.0.1:49935 - R:localhost/127.0.0.1:8081] Channel cleaned, now 49 active connections and 16 inactive connections
20:29:40.294 [reactor-http-nio-16] DEBUG reactor.netty.resources.PooledConnectionProvider - [id: 0x1eb86fc9, L:/127.0.0.1:49891 - R:localhost/127.0.0.1:8081] Releasing channel
20:29:40.295 [reactor-http-nio-14] DEBUG reactor.netty.resources.PooledConnectionProvider - [id: 0xa39718a1, L:/127.0.0.1:49900 - R:localhost/127.0.0.1:8081] Releasing channel
20:29:40.295 [reactor-http-nio-16] DEBUG reactor.netty.resources.PooledConnectionProvider - [id: 0x1eb86fc9, L:/127.0.0.1:49891 - R:localhost/127.0.0.1:8081] Channel cleaned, now 47 active connections and 18 inactive connections
20:29:40.296 [reactor-http-nio-10] DEBUG reactor.netty.http.client.HttpClientOperations - [id: 0x333c1bf0, L:/127.0.0.1:49905 - R:localhost/127.0.0.1:8081] Received response (auto-read:false) : [Content-Type=application/json, Transfer-Encoding=chunked, Date=Tue, 29 Jun 2021 14:59:39 GMT]
20:29:40.296 [reactor-http-nio-14] DEBUG reactor.netty.resources.PooledConnectionProvider - [id: 0xa39718a1, L:/127.0.0.1:49900 - R:localhost/127.0.0.1:8081] Channel cleaned, now 46 active connections and 19 inactive connections
20:29:40.296 [reactor-http-nio-12] DEBUG reactor.netty.channel.FluxReceive - [id: 0x5a829f34, L:/127.0.0.1:49910 - R:localhost/127.0.0.1:8081] Subscribing inbound receiver [pending: 0, cancelled:false, inboundDone: false]
20:29:40.295 [reactor-http-nio-11] DEBUG reactor.netty.http.client.HttpClientOperations - [id: 0x5f76b813, L:/127.0.0.1:49921 - R:localhost/127.0.0.1:8081] Received response (auto-read:false) : [Content-Type=application/json, Transfer-Encoding=chunked, Date=Tue, 29 Jun 2021 14:59:39 GMT]
20:29:40.296 [pool-15-thread-19] DEBUG org.springframework.web.reactive.function.client.ExchangeFunctions - [66a6dcae] HTTP GET http://localhost:8082/getAttractionRewardPoints?attractionId=0ae76432-8aec-431b-ba66-e1d5b6af294d&userId=9dcae6db-bde9-4852-aff5-5eefb4f4de07
20:29:40.296 [reactor-http-nio-2] DEBUG org.springframework.core.codec.StringDecoder - [1a944b8c] Decoded "[{"longitude":-117.922008,"latitude":33.817595,"attractionName":"Disneyland","city":"Anaheim","stat (truncated)...
20:29:40.296 [reactor-http-nio-12] DEBUG reactor.netty.http.client.HttpClientOperations - [id: 0x5a829f34, L:/127.0.0.1:49910 - R:localhost/127.0.0.1:8081] Received last HTTP packet
20:29:40.296 [reactor-http-nio-2] DEBUG reactor.netty.resources.PooledConnectionProvider - [id: 0xb543d4db, L:/127.0.0.1:49930 - R:localhost/127.0.0.1:8081] onStateChange(GET{uri=/getAttractions, connection=PooledConnection{channel=[id: 0xb543d4db, L:/127.0.0.1:49930 - R:localhost/127.0.0.1:8081]}}, [disconnecting])
20:29:40.296 [reactor-http-nio-2] DEBUG reactor.netty.resources.PooledConnectionProvider - [id: 0xb543d4db, L:/127.0.0.1:49930 - R:localhost/127.0.0.1:8081] Releasing channel
20:29:40.296 [reactor-http-nio-2] DEBUG reactor.netty.resources.PooledConnectionProvider - [id: 0xb543d4db, L:/127.0.0.1:49930 - R:localhost/127.0.0.1:8081] Channel cleaned, now 45 active connections and 20 inactive connections
20:29:40.296 [reactor-http-nio-2] DEBUG reactor.netty.http.client.HttpClientOperations - [id: 0xa9dc0f4b, L:/127.0.0.1:49924 - R:localhost/127.0.0.1:8081] Received response (auto-read:false) : [Content-Type=application/json, Transfer-Encoding=chunked, Date=Tue, 29 Jun 2021 14:59:39 GMT]
20:29:40.296 [reactor-http-nio-2] DEBUG reactor.netty.resources.PooledConnectionProvider - [id: 0xa9dc0f4b, L:/127.0.0.1:49924 - R:localhost/127.0.0.1:8081] onStateChange(GET{uri=/getAttractions, connection=PooledConnection{channel=[id: 0xa9dc0f4b, L:/127.0.0.1:49924 - R:localhost/127.0.0.1:8081]}}, [response_received])
20:29:40.296 [reactor-http-nio-10] DEBUG reactor.netty.resources.PooledConnectionProvider - [id: 0x333c1bf0, L:/127.0.0.1:49905 - R:localhost/127.0.0.1:8081] onStateChange(GET{uri=/getAttractions, connection=PooledConnection{channel=[id: 0x333c1bf0, L:/127.0.0.1:49905 - R:localhost/127.0.0.1:8081]}}, [response_received])
20:29:40.296 [reactor-http-nio-11] DEBUG reactor.netty.resources.PooledConnectionProvider - [id: 0x5f76b813, L:/127.0.0.1:49921 - R:localhost/127.0.0.1:8081] onStateChange(GET{uri=/getAttractions, connection=PooledConnection{channel=[id: 0x5f76b813, L:/127.0.0.1:49921 - R:localhost/127.0.0.1:8081]}}, [response_received])
20:29:40.296 [reactor-http-nio-12] DEBUG org.springframework.core.codec.StringDecoder - [7d221f59] Decoded "[{"longitude":-117.922008,"latitude":33.817595,"attractionName":"Disneyland","city":"Anaheim","stat (truncated)...
20:29:40.296 [reactor-http-nio-10] DEBUG org.springframework.web.reactive.function.client.ExchangeFunctions - [6be70986] Response 200 OK
20:29:40.296 [reactor-http-nio-12] DEBUG reactor.netty.resources.PooledConnectionProvider - [id: 0x5a829f34, L:/127.0.0.1:49910 - R:localhost/127.0.0.1:8081] onStateChange(GET{uri=/getAttractions, connection=PooledConnection{channel=[id: 0x5a829f34, L:/127.0.0.1:49910 - R:localhost/127.0.0.1:8081]}}, [disconnecting])
20:29:40.296 [reactor-http-nio-15] DEBUG reactor.netty.http.client.HttpClientOperations - [id: 0x30e81d35, L:/127.0.0.1:49884 - R:localhost/127.0.0.1:8081] Received last HTTP packet
20:29:40.296 [reactor-http-nio-12] DEBUG reactor.netty.resources.PooledConnectionProvider - [id: 0x5a829f34, L:/127.0.0.1:49910 - R:localhost/127.0.0.1:8081] Releasing channel
20:29:40.296 [reactor-http-nio-16] DEBUG reactor.netty.http.client.HttpClientOperations - [id: 0xbf9579bc, L:/127.0.0.1:49879 - R:localhost/127.0.0.1:8081] Received response (auto-read:false) : [Content-Type=application/json, Transfer-Encoding=chunked, Date=Tue, 29 Jun 2021 14:59:39 GMT]
20:29:40.296 [reactor-http-nio-12] DEBUG reactor.netty.resources.PooledConnectionProvider - [id: 0x5a829f34, L:/127.0.0.1:49910 - R:localhost/127.0.0.1:8081] Channel cleaned, now 44 active connections and 21 inactive connections
20:29:40.296 [reactor-http-nio-16] DEBUG reactor.netty.resources.PooledConnectionProvider - [id: 0xbf9579bc, L:/127.0.0.1:49879 - R:localhost/127.0.0.1:8081] onStateChange(GET{uri=/getAttractions, connection=PooledConnection{channel=[id: 0xbf9579bc, L:/127.0.0.1:49879 - R:localhost/127.0.0.1:8081]}}, [response_received])
20:29:40.296 [reactor-http-nio-14] DEBUG reactor.netty.http.client.HttpClientOperations - [id: 0x02e00a46, L:/127.0.0.1:49897 - R:localhost/127.0.0.1:8081] Received response (auto-read:false) : [Content-Type=application/json, Transfer-Encoding=chunked, Date=Tue, 29 Jun 2021 14:59:39 GMT]
20:29:40.296 [reactor-http-nio-14] DEBUG reactor.netty.resources.PooledConnectionProvider - [id: 0x02e00a46, L:/127.0.0.1:49897 - R:localhost/127.0.0.1:8081] onStateChange(GET{uri=/getAttractions, connection=PooledConnection{channel=[id: 0x02e00a46, L:/127.0.0.1:49897 - R:localhost/127.0.0.1:8081]}}, [response_received])
20:29:40.296 [reactor-http-nio-2] DEBUG org.springframework.web.reactive.function.client.ExchangeFunctions - [1700a98b] Response 200 OK
20:29:40.296 [reactor-http-nio-14] DEBUG org.springframework.web.reactive.function.client.ExchangeFunctions - [18f71a5] Response 200 OK
20:29:40.296 [reactor-http-nio-13] DEBUG reactor.netty.http.client.HttpClientConnect - [id: 0xef273551, L:/127.0.0.1:49919 - R:localhost/127.0.0.1:8081] Handler is being applied: {uri=http://localhost:8081/getAttractions, method=GET}
20:29:40.296 [reactor-http-nio-11] DEBUG org.springframework.web.reactive.function.client.ExchangeFunctions - [5b4dd251] Response 200 OK
20:29:40.296 [reactor-http-nio-10] DEBUG reactor.netty.channel.FluxReceive - [id: 0x333c1bf0, L:/127.0.0.1:49905 - R:localhost/127.0.0.1:8081] Subscribing inbound receiver [pending: 0, cancelled:false, inboundDone: false]
20:29:40.297 [reactor-http-nio-11] DEBUG reactor.netty.channel.FluxReceive - [id: 0x5f76b813, L:/127.0.0.1:49921 - R:localhost/127.0.0.1:8081] Subscribing inbound receiver [pending: 0, cancelled:false, inboundDone: false]
20:29:40.296 [reactor-http-nio-16] DEBUG org.springframework.web.reactive.function.client.ExchangeFunctions - [1c78d864] Response 200 OK
20:29:40.297 [reactor-http-nio-10] DEBUG reactor.netty.http.client.HttpClientOperations - [id: 0x333c1bf0, L:/127.0.0.1:49905 - R:localhost/127.0.0.1:8081] Received last HTTP packet
20:29:40.297 [pool-15-thread-38] DEBUG org.springframework.web.reactive.function.client.ExchangeFunctions - [1453a6ae] HTTP GET http://localhost:8082/getAttractionRewardPoints?attractionId=ac235408-71b7-41da-aa60-c8a28dcc78a3&userId=699a4a5d-0db8-45fb-8423-e13eca7ca83b
20:29:40.296 [reactor-http-nio-12] DEBUG reactor.netty.http.client.HttpClientOperations - [id: 0x54b51839, L:/127.0.0.1:49907 - R:localhost/127.0.0.1:8081] Received response (auto-read:false) : [Content-Type=application/json, Transfer-Encoding=chunked, Date=Tue, 29 Jun 2021 14:59:39 GMT]
20:29:40.297 [reactor-http-nio-16] DEBUG reactor.netty.channel.FluxReceive - [id: 0xbf9579bc, L:/127.0.0.1:49879 - R:localhost/127.0.0.1:8081] Subscribing inbound receiver [pending: 0, cancelled:false, inboundDone: false]
20:29:40.297 [reactor-http-nio-11] DEBUG reactor.netty.http.client.HttpClientOperations - [id: 0x5f76b813, L:/127.0.0.1:49921 - R:localhost/127.0.0.1:8081] Received last HTTP packet
20:29:40.297 [reactor-http-nio-16] DEBUG reactor.netty.http.client.HttpClientOperations - [id: 0xbf9579bc, L:/127.0.0.1:49879 - R:localhost/127.0.0.1:8081] Received last HTTP packet
20:29:40.297 [reactor-http-nio-10] DEBUG org.springframework.core.codec.StringDecoder - [6be70986] Decoded "[{"longitude":-117.922008,"latitude":33.817595,"attractionName":"Disneyland","city":"Anaheim","stat (truncated)...
20:29:40.297 [reactor-http-nio-10] DEBUG reactor.netty.resources.PooledConnectionProvider - [id: 0x333c1bf0, L:/127.0.0.1:49905 - R:localhost/127.0.0.1:8081] onStateChange(GET{uri=/getAttractions, connection=PooledConnection{channel=[id: 0x333c1bf0, L:/127.0.0.1:49905 - R:localhost/127.0.0.1:8081]}}, [disconnecting])
20:29:40.297 [pool-15-thread-24] DEBUG org.springframework.web.reactive.function.client.ExchangeFunctions - [73e5ee8d] HTTP GET http://localhost:8082/getAttractionRewardPoints?attractionId=693d7be2-70cb-4808-ad71-4021a1f46d68&userId=a9ad725e-dada-4366-ae57-bc92f85c1ef8
20:29:40.296 [reactor-http-nio-15] DEBUG org.springframework.core.codec.StringDecoder - [71e46937] Decoded "[{"longitude":-117.922008,"latitude":33.817595,"attractionName":"Disneyland","city":"Anaheim","stat (truncated)...
20:29:40.297 [reactor-http-nio-15] DEBUG reactor.netty.resources.PooledConnectionProvider - [id: 0x30e81d35, L:/127.0.0.1:49884 - R:localhost/127.0.0.1:8081] onStateChange(GET{uri=/getAttractions, connection=PooledConnection{channel=[id: 0x30e81d35, L:/127.0.0.1:49884 - R:localhost/127.0.0.1:8081]}}, [disconnecting])
20:29:40.297 [reactor-http-nio-15] DEBUG reactor.netty.resources.PooledConnectionProvider - [id: 0x30e81d35, L:/127.0.0.1:49884 - R:localhost/127.0.0.1:8081] Releasing channel
20:29:40.297 [reactor-http-nio-15] DEBUG reactor.netty.resources.PooledConnectionProvider - [id: 0x30e81d35, L:/127.0.0.1:49884 - R:localhost/127.0.0.1:8081] Channel cleaned, now 43 active connections and 22 inactive connections
20:29:40.297 [reactor-http-nio-11] DEBUG org.springframework.core.codec.StringDecoder - [5b4dd251] Decoded "[{"longitude":-117.922008,"latitude":33.817595,"attractionName":"Disneyland","city":"Anaheim","stat (truncated)...
20:29:40.297 [reactor-http-nio-11] DEBUG reactor.netty.resources.PooledConnectionProvider - [id: 0x5f76b813, L:/127.0.0.1:49921 - R:localhost/127.0.0.1:8081] onStateChange(GET{uri=/getAttractions, connection=PooledConnection{channel=[id: 0x5f76b813, L:/127.0.0.1:49921 - R:localhost/127.0.0.1:8081]}}, [disconnecting])
20:29:40.297 [reactor-http-nio-11] DEBUG reactor.netty.resources.PooledConnectionProvider - [id: 0x5f76b813, L:/127.0.0.1:49921 - R:localhost/127.0.0.1:8081] Releasing channel
20:29:40.297 [reactor-http-nio-16] DEBUG org.springframework.core.codec.StringDecoder - [1c78d864] Decoded "[{"longitude":-117.922008,"latitude":33.817595,"attractionName":"Disneyland","city":"Anaheim","stat (truncated)...
20:29:40.297 [reactor-http-nio-11] DEBUG reactor.netty.resources.PooledConnectionProvider - [id: 0x5f76b813, L:/127.0.0.1:49921 - R:localhost/127.0.0.1:8081] Channel cleaned, now 42 active connections and 23 inactive connections
20:29:40.297 [reactor-http-nio-15] DEBUG reactor.netty.http.client.HttpClientOperations - [id: 0x05482a00, L:/127.0.0.1:49865 - R:localhost/127.0.0.1:8081] Received response (auto-read:false) : [Content-Type=application/json, Transfer-Encoding=chunked, Date=Tue, 29 Jun 2021 14:59:39 GMT]
20:29:40.298 [reactor-http-nio-16] DEBUG reactor.netty.resources.PooledConnectionProvider - [id: 0xbf9579bc, L:/127.0.0.1:49879 - R:localhost/127.0.0.1:8081] onStateChange(GET{uri=/getAttractions, connection=PooledConnection{channel=[id: 0xbf9579bc, L:/127.0.0.1:49879 - R:localhost/127.0.0.1:8081]}}, [disconnecting])
20:29:40.298 [reactor-http-nio-16] DEBUG reactor.netty.resources.PooledConnectionProvider - [id: 0xbf9579bc, L:/127.0.0.1:49879 - R:localhost/127.0.0.1:8081] Releasing channel
20:29:40.297 [reactor-http-nio-2] DEBUG reactor.netty.channel.FluxReceive - [id: 0xa9dc0f4b, L:/127.0.0.1:49924 - R:localhost/127.0.0.1:8081] Subscribing inbound receiver [pending: 0, cancelled:false, inboundDone: false]
20:29:40.297 [reactor-http-nio-14] DEBUG reactor.netty.channel.FluxReceive - [id: 0x02e00a46, L:/127.0.0.1:49897 - R:localhost/127.0.0.1:8081] Subscribing inbound receiver [pending: 0, cancelled:false, inboundDone: false]
20:29:40.298 [reactor-http-nio-2] DEBUG reactor.netty.http.client.HttpClientOperations - [id: 0xa9dc0f4b, L:/127.0.0.1:49924 - R:localhost/127.0.0.1:8081] Received last HTTP packet
20:29:40.298 [reactor-http-nio-14] DEBUG reactor.netty.http.client.HttpClientOperations - [id: 0x02e00a46, L:/127.0.0.1:49897 - R:localhost/127.0.0.1:8081] Received last HTTP packet
20:29:40.298 [pool-15-thread-17] DEBUG org.springframework.web.reactive.function.client.ExchangeFunctions - [6520ea8a] HTTP GET http://localhost:8082/getAttractionRewardPoints?attractionId=6f95ac1f-fa71-4f46-9a3d-e9b4f8d574bc&userId=7d1033ba-128d-4e09-bb3d-58647812bcd2
20:29:40.298 [reactor-http-nio-14] DEBUG org.springframework.core.codec.StringDecoder - [18f71a5] Decoded "[{"longitude":-117.922008,"latitude":33.817595,"attractionName":"Disneyland","city":"Anaheim","stat (truncated)...
20:29:40.298 [reactor-http-nio-14] DEBUG reactor.netty.resources.PooledConnectionProvider - [id: 0x02e00a46, L:/127.0.0.1:49897 - R:localhost/127.0.0.1:8081] onStateChange(GET{uri=/getAttractions, connection=PooledConnection{channel=[id: 0x02e00a46, L:/127.0.0.1:49897 - R:localhost/127.0.0.1:8081]}}, [disconnecting])
20:29:40.298 [reactor-http-nio-14] DEBUG reactor.netty.resources.PooledConnectionProvider - [id: 0x02e00a46, L:/127.0.0.1:49897 - R:localhost/127.0.0.1:8081] Releasing channel
20:29:40.298 [reactor-http-nio-14] DEBUG reactor.netty.resources.PooledConnectionProvider - [id: 0x02e00a46, L:/127.0.0.1:49897 - R:localhost/127.0.0.1:8081] Channel cleaned, now 40 active connections and 25 inactive connections
20:29:40.298 [pool-15-thread-7] DEBUG org.springframework.web.reactive.function.client.ExchangeFunctions - [7f23997b] HTTP GET http://localhost:8082/getAttractionRewardPoints?attractionId=b774d7cb-dd9b-4f5d-a181-4b30f752bd77&userId=314dc2a9-0d23-491b-9a73-044af191a4fe
20:29:40.299 [reactor-http-nio-14] DEBUG reactor.netty.http.client.HttpClientOperations - [id: 0x862a0562, L:/127.0.0.1:49894 - R:localhost/127.0.0.1:8081] Received response (auto-read:false) : [Content-Type=application/json, Transfer-Encoding=chunked, Date=Tue, 29 Jun 2021 14:59:39 GMT]
20:29:40.299 [pool-15-thread-14] DEBUG org.springframework.web.reactive.function.client.ExchangeFunctions - [558a2748] HTTP GET http://localhost:8082/getAttractionRewardPoints?attractionId=f57c96bd-a682-4e55-bba3-55d7d4d4d9b9&userId=09f74eff-63e5-46e3-9dbd-6b35b5c60546
20:29:40.299 [reactor-http-nio-14] DEBUG reactor.netty.resources.PooledConnectionProvider - [id: 0x862a0562, L:/127.0.0.1:49894 - R:localhost/127.0.0.1:8081] onStateChange(GET{uri=/getAttractions, connection=PooledConnection{channel=[id: 0x862a0562, L:/127.0.0.1:49894 - R:localhost/127.0.0.1:8081]}}, [response_received])
20:29:40.299 [reactor-http-nio-14] DEBUG org.springframework.web.reactive.function.client.ExchangeFunctions - [1495f45d] Response 200 OK
20:29:40.297 [reactor-http-nio-13] DEBUG reactor.netty.resources.PooledConnectionProvider - [id: 0xef273551, L:/127.0.0.1:49919 - R:localhost/127.0.0.1:8081] onStateChange(GET{uri=/getAttractions, connection=PooledConnection{channel=[id: 0xef273551, L:/127.0.0.1:49919 - R:localhost/127.0.0.1:8081]}}, [request_sent])
20:29:40.299 [reactor-http-nio-13] DEBUG reactor.netty.resources.PooledConnectionProvider - [id: 0x4b9adda7, L:/127.0.0.1:49909 - R:localhost/127.0.0.1:8081] Channel acquired, now 41 active connections and 24 inactive connections
20:29:40.299 [reactor-http-nio-13] DEBUG reactor.netty.http.client.HttpClientConnect - [id: 0x4b9adda7, L:/127.0.0.1:49909 - R:localhost/127.0.0.1:8081] Handler is being applied: {uri=http://localhost:8081/getAttractions, method=GET}
20:29:40.297 [reactor-http-nio-12] DEBUG reactor.netty.resources.PooledConnectionProvider - [id: 0x54b51839, L:/127.0.0.1:49907 - R:localhost/127.0.0.1:8081] onStateChange(GET{uri=/getAttractions, connection=PooledConnection{channel=[id: 0x54b51839, L:/127.0.0.1:49907 - R:localhost/127.0.0.1:8081]}}, [response_received])
20:29:40.297 [reactor-http-nio-10] DEBUG reactor.netty.resources.PooledConnectionProvider - [id: 0x333c1bf0, L:/127.0.0.1:49905 - R:localhost/127.0.0.1:8081] Releasing channel
20:29:40.299 [pool-15-thread-39] DEBUG org.springframework.web.reactive.function.client.ExchangeFunctions - [f488fe4] HTTP GET http://localhost:8082/getAttractionRewardPoints?attractionId=299180de-1068-4565-8f03-16f1192cada6&userId=4b68a981-15fd-4ef2-b72e-fb3a1aed4696
20:29:40.298 [reactor-http-nio-15] DEBUG reactor.netty.resources.PooledConnectionProvider - [id: 0x05482a00, L:/127.0.0.1:49865 - R:localhost/127.0.0.1:8081] onStateChange(GET{uri=/getAttractions, connection=PooledConnection{channel=[id: 0x05482a00, L:/127.0.0.1:49865 - R:localhost/127.0.0.1:8081]}}, [response_received])
20:29:40.298 [reactor-http-nio-11] DEBUG reactor.netty.resources.PooledConnectionProvider - [id: 0xf6923df7] Created new pooled channel, now 1 active connections and 4 inactive connections
20:29:40.298 [reactor-http-nio-16] DEBUG reactor.netty.resources.PooledConnectionProvider - [id: 0xbf9579bc, L:/127.0.0.1:49879 - R:localhost/127.0.0.1:8081] Channel cleaned, now 41 active connections and 24 inactive connections
20:29:40.299 [reactor-http-nio-13] DEBUG reactor.netty.resources.PooledConnectionProvider - [id: 0x4b9adda7, L:/127.0.0.1:49909 - R:localhost/127.0.0.1:8081] onStateChange(GET{uri=/getAttractions, connection=PooledConnection{channel=[id: 0x4b9adda7, L:/127.0.0.1:49909 - R:localhost/127.0.0.1:8081]}}, [request_sent])
20:29:40.299 [reactor-http-nio-13] DEBUG reactor.netty.resources.PooledConnectionProvider - [id: 0x3ab95760, L:/127.0.0.1:49913 - R:localhost/127.0.0.1:8081] Channel acquired, now 41 active connections and 24 inactive connections
20:29:40.299 [reactor-http-nio-13] DEBUG reactor.netty.http.client.HttpClientConnect - [id: 0x3ab95760, L:/127.0.0.1:49913 - R:localhost/127.0.0.1:8081] Handler is being applied: {uri=http://localhost:8081/getAttractions, method=GET}
20:29:40.298 [reactor-http-nio-2] DEBUG org.springframework.core.codec.StringDecoder - [1700a98b] Decoded "[{"longitude":-117.922008,"latitude":33.817595,"attractionName":"Disneyland","city":"Anaheim","stat (truncated)...
20:29:40.300 [reactor-http-nio-11] DEBUG reactor.netty.channel.BootstrapHandlers - [id: 0xf6923df7] Initialized pipeline DefaultChannelPipeline{(BootstrapHandlers$BootstrapInitializerHandler#0 = reactor.netty.channel.BootstrapHandlers$BootstrapInitializerHandler), (SimpleChannelPool$1#0 = io.netty.channel.pool.SimpleChannelPool$1), (reactor.left.httpCodec = io.netty.handler.codec.http.HttpClientCodec), (reactor.left.decompressor = io.netty.handler.codec.http.HttpContentDecompressor), (reactor.right.reactiveBridge = reactor.netty.channel.ChannelOperationsHandler)}
20:29:40.299 [pool-15-thread-45] DEBUG org.springframework.web.reactive.function.client.ExchangeFunctions - [12bf359b] HTTP GET http://localhost:8082/getAttractionRewardPoints?attractionId=93357b33-78e4-4b86-be00-18d8eaabccd7&userId=2f81ebbf-c104-48a4-8366-04c2bf15363f
20:29:40.300 [reactor-http-nio-2] DEBUG reactor.netty.resources.PooledConnectionProvider - [id: 0xa9dc0f4b, L:/127.0.0.1:49924 - R:localhost/127.0.0.1:8081] onStateChange(GET{uri=/getAttractions, connection=PooledConnection{channel=[id: 0xa9dc0f4b, L:/127.0.0.1:49924 - R:localhost/127.0.0.1:8081]}}, [disconnecting])
20:29:40.300 [reactor-http-nio-2] DEBUG reactor.netty.resources.PooledConnectionProvider - [id: 0xa9dc0f4b, L:/127.0.0.1:49924 - R:localhost/127.0.0.1:8081] Releasing channel
20:29:40.300 [reactor-http-nio-16] DEBUG reactor.netty.http.client.HttpClientOperations - [id: 0xca5097d1, L:/127.0.0.1:49901 - R:localhost/127.0.0.1:8081] Received response (auto-read:false) : [Content-Type=application/json, Transfer-Encoding=chunked, Date=Tue, 29 Jun 2021 14:59:39 GMT]
20:29:40.299 [reactor-http-nio-14] DEBUG reactor.netty.channel.FluxReceive - [id: 0x862a0562, L:/127.0.0.1:49894 - R:localhost/127.0.0.1:8081] Subscribing inbound receiver [pending: 0, cancelled:false, inboundDone: false]
20:29:40.300 [reactor-http-nio-16] DEBUG reactor.netty.resources.PooledConnectionProvider - [id: 0xca5097d1, L:/127.0.0.1:49901 - R:localhost/127.0.0.1:8081] onStateChange(GET{uri=/getAttractions, connection=PooledConnection{channel=[id: 0xca5097d1, L:/127.0.0.1:49901 - R:localhost/127.0.0.1:8081]}}, [response_received])
20:29:40.299 [reactor-http-nio-12] DEBUG org.springframework.web.reactive.function.client.ExchangeFunctions - [6339ee1f] Response 200 OK
20:29:40.300 [reactor-http-nio-11] DEBUG reactor.netty.resources.PooledConnectionProvider - [id: 0x3a510d05] Created new pooled channel, now 1 active connections and 5 inactive connections
20:29:40.299 [reactor-http-nio-10] DEBUG reactor.netty.resources.PooledConnectionProvider - [id: 0x333c1bf0, L:/127.0.0.1:49905 - R:localhost/127.0.0.1:8081] Channel cleaned, now 40 active connections and 25 inactive connections
20:29:40.300 [reactor-http-nio-11] DEBUG reactor.netty.channel.BootstrapHandlers - [id: 0x3a510d05] Initialized pipeline DefaultChannelPipeline{(BootstrapHandlers$BootstrapInitializerHandler#0 = reactor.netty.channel.BootstrapHandlers$BootstrapInitializerHandler), (SimpleChannelPool$1#0 = io.netty.channel.pool.SimpleChannelPool$1), (reactor.left.httpCodec = io.netty.handler.codec.http.HttpClientCodec), (reactor.left.decompressor = io.netty.handler.codec.http.HttpContentDecompressor), (reactor.right.reactiveBridge = reactor.netty.channel.ChannelOperationsHandler)}
20:29:40.299 [reactor-http-nio-15] DEBUG org.springframework.web.reactive.function.client.ExchangeFunctions - [3f851781] Response 200 OK
20:29:40.300 [reactor-http-nio-12] DEBUG reactor.netty.channel.FluxReceive - [id: 0x54b51839, L:/127.0.0.1:49907 - R:localhost/127.0.0.1:8081] Subscribing inbound receiver [pending: 0, cancelled:false, inboundDone: false]
20:29:40.300 [reactor-http-nio-2] DEBUG reactor.netty.resources.PooledConnectionProvider - [id: 0xa9dc0f4b, L:/127.0.0.1:49924 - R:localhost/127.0.0.1:8081] Channel cleaned, now 40 active connections and 25 inactive connections
20:29:40.300 [reactor-http-nio-16] DEBUG org.springframework.web.reactive.function.client.ExchangeFunctions - [6313f6b9] Response 200 OK
20:29:40.300 [reactor-http-nio-14] DEBUG reactor.netty.http.client.HttpClientOperations - [id: 0x862a0562, L:/127.0.0.1:49894 - R:localhost/127.0.0.1:8081] Received last HTTP packet
20:29:40.300 [reactor-http-nio-10] DEBUG reactor.netty.resources.PooledConnectionProvider - [id: 0x671d8722] Created new pooled channel, now 1 active connections and 6 inactive connections
20:29:40.300 [reactor-http-nio-16] DEBUG reactor.netty.channel.FluxReceive - [id: 0xca5097d1, L:/127.0.0.1:49901 - R:localhost/127.0.0.1:8081] Subscribing inbound receiver [pending: 0, cancelled:false, inboundDone: false]
20:29:40.300 [reactor-http-nio-12] DEBUG reactor.netty.http.client.HttpClientOperations - [id: 0x54b51839, L:/127.0.0.1:49907 - R:localhost/127.0.0.1:8081] Received last HTTP packet
20:29:40.300 [reactor-http-nio-16] DEBUG reactor.netty.http.client.HttpClientOperations - [id: 0xca5097d1, L:/127.0.0.1:49901 - R:localhost/127.0.0.1:8081] Received last HTTP packet
20:29:40.300 [reactor-http-nio-10] DEBUG reactor.netty.channel.BootstrapHandlers - [id: 0x671d8722] Initialized pipeline DefaultChannelPipeline{(BootstrapHandlers$BootstrapInitializerHandler#0 = reactor.netty.channel.BootstrapHandlers$BootstrapInitializerHandler), (SimpleChannelPool$1#0 = io.netty.channel.pool.SimpleChannelPool$1), (reactor.left.httpCodec = io.netty.handler.codec.http.HttpClientCodec), (reactor.left.decompressor = io.netty.handler.codec.http.HttpContentDecompressor), (reactor.right.reactiveBridge = reactor.netty.channel.ChannelOperationsHandler)}
20:29:40.300 [reactor-http-nio-11] DEBUG reactor.netty.resources.PooledConnectionProvider - [id: 0xbb78fa67] Created new pooled channel, now 1 active connections and 7 inactive connections
20:29:40.301 [reactor-http-nio-2] DEBUG reactor.netty.http.client.HttpClientOperations - [id: 0x3adc52e3, L:/127.0.0.1:49881 - R:localhost/127.0.0.1:8081] Received response (auto-read:false) : [Content-Type=application/json, Transfer-Encoding=chunked, Date=Tue, 29 Jun 2021 14:59:39 GMT]
20:29:40.301 [reactor-http-nio-11] DEBUG reactor.netty.channel.BootstrapHandlers - [id: 0xbb78fa67] Initialized pipeline DefaultChannelPipeline{(BootstrapHandlers$BootstrapInitializerHandler#0 = reactor.netty.channel.BootstrapHandlers$BootstrapInitializerHandler), (SimpleChannelPool$1#0 = io.netty.channel.pool.SimpleChannelPool$1), (reactor.left.httpCodec = io.netty.handler.codec.http.HttpClientCodec), (reactor.left.decompressor = io.netty.handler.codec.http.HttpContentDecompressor), (reactor.right.reactiveBridge = reactor.netty.channel.ChannelOperationsHandler)}
20:29:40.301 [reactor-http-nio-12] DEBUG org.springframework.core.codec.StringDecoder - [6339ee1f] Decoded "[{"longitude":-117.922008,"latitude":33.817595,"attractionName":"Disneyland","city":"Anaheim","stat (truncated)...
20:29:40.300 [reactor-http-nio-13] DEBUG reactor.netty.resources.PooledConnectionProvider - [id: 0x3ab95760, L:/127.0.0.1:49913 - R:localhost/127.0.0.1:8081] onStateChange(GET{uri=/getAttractions, connection=PooledConnection{channel=[id: 0x3ab95760, L:/127.0.0.1:49913 - R:localhost/127.0.0.1:8081]}}, [request_sent])
20:29:40.301 [reactor-http-nio-12] DEBUG reactor.netty.resources.PooledConnectionProvider - [id: 0x54b51839, L:/127.0.0.1:49907 - R:localhost/127.0.0.1:8081] onStateChange(GET{uri=/getAttractions, connection=PooledConnection{channel=[id: 0x54b51839, L:/127.0.0.1:49907 - R:localhost/127.0.0.1:8081]}}, [disconnecting])
20:29:40.301 [reactor-http-nio-12] DEBUG reactor.netty.resources.PooledConnectionProvider - [id: 0x54b51839, L:/127.0.0.1:49907 - R:localhost/127.0.0.1:8081] Releasing channel
20:29:40.301 [reactor-http-nio-11] DEBUG reactor.netty.resources.PooledConnectionProvider - [id: 0x8c5398f6] Created new pooled channel, now 1 active connections and 8 inactive connections
20:29:40.300 [reactor-http-nio-14] DEBUG org.springframework.core.codec.StringDecoder - [1495f45d] Decoded "[{"longitude":-117.922008,"latitude":33.817595,"attractionName":"Disneyland","city":"Anaheim","stat (truncated)...
20:29:40.301 [reactor-http-nio-11] DEBUG reactor.netty.channel.BootstrapHandlers - [id: 0x8c5398f6] Initialized pipeline DefaultChannelPipeline{(BootstrapHandlers$BootstrapInitializerHandler#0 = reactor.netty.channel.BootstrapHandlers$BootstrapInitializerHandler), (SimpleChannelPool$1#0 = io.netty.channel.pool.SimpleChannelPool$1), (reactor.left.httpCodec = io.netty.handler.codec.http.HttpClientCodec), (reactor.left.decompressor = io.netty.handler.codec.http.HttpContentDecompressor), (reactor.right.reactiveBridge = reactor.netty.channel.ChannelOperationsHandler)}
20:29:40.301 [reactor-http-nio-14] DEBUG reactor.netty.resources.PooledConnectionProvider - [id: 0x862a0562, L:/127.0.0.1:49894 - R:localhost/127.0.0.1:8081] onStateChange(GET{uri=/getAttractions, connection=PooledConnection{channel=[id: 0x862a0562, L:/127.0.0.1:49894 - R:localhost/127.0.0.1:8081]}}, [disconnecting])
20:29:40.301 [reactor-http-nio-14] DEBUG reactor.netty.resources.PooledConnectionProvider - [id: 0x862a0562, L:/127.0.0.1:49894 - R:localhost/127.0.0.1:8081] Releasing channel
20:29:40.300 [reactor-http-nio-15] DEBUG reactor.netty.channel.FluxReceive - [id: 0x05482a00, L:/127.0.0.1:49865 - R:localhost/127.0.0.1:8081] Subscribing inbound receiver [pending: 0, cancelled:false, inboundDone: false]
20:29:40.301 [reactor-http-nio-2] DEBUG reactor.netty.resources.PooledConnectionProvider - [id: 0x3adc52e3, L:/127.0.0.1:49881 - R:localhost/127.0.0.1:8081] onStateChange(GET{uri=/getAttractions, connection=PooledConnection{channel=[id: 0x3adc52e3, L:/127.0.0.1:49881 - R:localhost/127.0.0.1:8081]}}, [response_received])
20:29:40.301 [reactor-http-nio-15] DEBUG reactor.netty.http.client.HttpClientOperations - [id: 0x05482a00, L:/127.0.0.1:49865 - R:localhost/127.0.0.1:8081] Received last HTTP packet
20:29:40.301 [reactor-http-nio-16] DEBUG org.springframework.core.codec.StringDecoder - [6313f6b9] Decoded "[{"longitude":-117.922008,"latitude":33.817595,"attractionName":"Disneyland","city":"Anaheim","stat (truncated)...
20:29:40.301 [pool-15-thread-21] DEBUG org.springframework.web.reactive.function.client.ExchangeFunctions - [19c7451b] HTTP GET http://localhost:8082/getAttractionRewardPoints?attractionId=8defcbbf-cf7d-488d-b0a4-f7606c0b6e3e&userId=da6b857b-fad7-48ac-88f0-d94fc7a697e4
20:29:40.301 [reactor-http-nio-11] DEBUG reactor.netty.http.client.HttpClientOperations - [id: 0xf98e8509, L:/127.0.0.1:49922 - R:localhost/127.0.0.1:8081] Received response (auto-read:false) : [Content-Type=application/json, Transfer-Encoding=chunked, Date=Tue, 29 Jun 2021 14:59:39 GMT]
20:29:40.301 [reactor-http-nio-11] DEBUG reactor.netty.resources.PooledConnectionProvider - [id: 0xf98e8509, L:/127.0.0.1:49922 - R:localhost/127.0.0.1:8081] onStateChange(GET{uri=/getAttractions, connection=PooledConnection{channel=[id: 0xf98e8509, L:/127.0.0.1:49922 - R:localhost/127.0.0.1:8081]}}, [response_received])
20:29:40.301 [reactor-http-nio-16] DEBUG reactor.netty.resources.PooledConnectionProvider - [id: 0xca5097d1, L:/127.0.0.1:49901 - R:localhost/127.0.0.1:8081] onStateChange(GET{uri=/getAttractions, connection=PooledConnection{channel=[id: 0xca5097d1, L:/127.0.0.1:49901 - R:localhost/127.0.0.1:8081]}}, [disconnecting])
20:29:40.301 [reactor-http-nio-16] DEBUG reactor.netty.resources.PooledConnectionProvider - [id: 0xca5097d1, L:/127.0.0.1:49901 - R:localhost/127.0.0.1:8081] Releasing channel
20:29:40.302 [reactor-http-nio-11] DEBUG org.springframework.web.reactive.function.client.ExchangeFunctions - [2d9ddb6b] Response 200 OK
20:29:40.302 [reactor-http-nio-2] DEBUG org.springframework.web.reactive.function.client.ExchangeFunctions - [3bb57f14] Response 200 OK
20:29:40.302 [reactor-http-nio-15] DEBUG org.springframework.core.codec.StringDecoder - [3f851781] Decoded "[{"longitude":-117.922008,"latitude":33.817595,"attractionName":"Disneyland","city":"Anaheim","stat (truncated)...
20:29:40.302 [reactor-http-nio-11] DEBUG reactor.netty.channel.FluxReceive - [id: 0xf98e8509, L:/127.0.0.1:49922 - R:localhost/127.0.0.1:8081] Subscribing inbound receiver [pending: 0, cancelled:false, inboundDone: false]
20:29:40.302 [reactor-http-nio-15] DEBUG reactor.netty.resources.PooledConnectionProvider - [id: 0x05482a00, L:/127.0.0.1:49865 - R:localhost/127.0.0.1:8081] onStateChange(GET{uri=/getAttractions, connection=PooledConnection{channel=[id: 0x05482a00, L:/127.0.0.1:49865 - R:localhost/127.0.0.1:8081]}}, [disconnecting])
20:29:40.302 [reactor-http-nio-15] DEBUG reactor.netty.resources.PooledConnectionProvider - [id: 0x05482a00, L:/127.0.0.1:49865 - R:localhost/127.0.0.1:8081] Releasing channel
20:29:40.302 [pool-15-thread-35] DEBUG org.springframework.web.reactive.function.client.ExchangeFunctions - [6dfe1c08] HTTP GET http://localhost:8082/getAttractionRewardPoints?attractionId=32055b8a-ee2b-48fd-ac7d-ce03ef1c996c&userId=67453a03-2ca3-4d5e-84fd-f3caeb8f21d6
20:29:40.302 [reactor-http-nio-15] DEBUG reactor.netty.resources.PooledConnectionProvider - [id: 0x05482a00, L:/127.0.0.1:49865 - R:localhost/127.0.0.1:8081] Channel cleaned, now 37 active connections and 28 inactive connections
20:29:40.302 [reactor-http-nio-11] DEBUG reactor.netty.http.client.HttpClientOperations - [id: 0xf98e8509, L:/127.0.0.1:49922 - R:localhost/127.0.0.1:8081] Received last HTTP packet
20:29:40.301 [reactor-http-nio-13] DEBUG reactor.netty.resources.PooledConnectionProvider - [id: 0x2d54eb76, L:/127.0.0.1:49912 - R:localhost/127.0.0.1:8081] Channel acquired, now 41 active connections and 24 inactive connections
20:29:40.301 [reactor-http-nio-12] DEBUG reactor.netty.resources.PooledConnectionProvider - [id: 0x54b51839, L:/127.0.0.1:49907 - R:localhost/127.0.0.1:8081] Channel cleaned, now 40 active connections and 25 inactive connections
20:29:40.301 [reactor-http-nio-10] DEBUG reactor.netty.http.client.HttpClientOperations - [id: 0x415a9863, L:/127.0.0.1:49906 - R:localhost/127.0.0.1:8081] Received response (auto-read:false) : [Content-Type=application/json, Transfer-Encoding=chunked, Date=Tue, 29 Jun 2021 14:59:39 GMT]
20:29:40.301 [reactor-http-nio-14] DEBUG reactor.netty.resources.PooledConnectionProvider - [id: 0x862a0562, L:/127.0.0.1:49894 - R:localhost/127.0.0.1:8081] Channel cleaned, now 39 active connections and 26 inactive connections
20:29:40.302 [reactor-http-nio-16] DEBUG reactor.netty.resources.PooledConnectionProvider - [id: 0xca5097d1, L:/127.0.0.1:49901 - R:localhost/127.0.0.1:8081] Channel cleaned, now 38 active connections and 27 inactive connections
20:29:40.302 [reactor-http-nio-14] DEBUG reactor.netty.resources.PooledConnectionProvider - [id: 0x01a5d163] Created new pooled channel, now 1 active connections and 9 inactive connections
20:29:40.302 [reactor-http-nio-12] DEBUG reactor.netty.http.client.HttpClientOperations - [id: 0x715de37b, L:/127.0.0.1:49908 - R:localhost/127.0.0.1:8081] Received response (auto-read:false) : [Content-Type=application/json, Transfer-Encoding=chunked, Date=Tue, 29 Jun 2021 14:59:39 GMT]
20:29:40.302 [reactor-http-nio-12] DEBUG reactor.netty.resources.PooledConnectionProvider - [id: 0x715de37b, L:/127.0.0.1:49908 - R:localhost/127.0.0.1:8081] onStateChange(GET{uri=/getAttractions, connection=PooledConnection{channel=[id: 0x715de37b, L:/127.0.0.1:49908 - R:localhost/127.0.0.1:8081]}}, [response_received])
20:29:40.302 [reactor-http-nio-12] DEBUG org.springframework.web.reactive.function.client.ExchangeFunctions - [22a9a493] Response 200 OK
20:29:40.302 [reactor-http-nio-2] DEBUG reactor.netty.channel.FluxReceive - [id: 0x3adc52e3, L:/127.0.0.1:49881 - R:localhost/127.0.0.1:8081] Subscribing inbound receiver [pending: 0, cancelled:false, inboundDone: false]
20:29:40.302 [reactor-http-nio-13] DEBUG reactor.netty.http.client.HttpClientConnect - [id: 0x2d54eb76, L:/127.0.0.1:49912 - R:localhost/127.0.0.1:8081] Handler is being applied: {uri=http://localhost:8081/getAttractions, method=GET}
20:29:40.302 [pool-15-thread-29] DEBUG org.springframework.web.reactive.function.client.ExchangeFunctions - [1a5218bf] HTTP GET http://localhost:8082/getAttractionRewardPoints?attractionId=5212c6db-9944-4935-a469-e5f3670d241d&userId=6dacf9e4-c1a6-4d9c-aaa9-b8f6e70c8947
20:29:40.302 [pool-15-thread-63] DEBUG org.springframework.web.reactive.function.client.ExchangeFunctions - [6dd414ab] HTTP GET http://localhost:8082/getAttractionRewardPoints?attractionId=79d42fd5-149d-4deb-aaaf-2409249bd987&userId=97af19c4-46f3-4db1-a43f-d7664a365a0f
20:29:40.302 [reactor-http-nio-15] DEBUG reactor.netty.http.client.HttpClientOperations - [id: 0x0f728531, L:/127.0.0.1:49904 - R:localhost/127.0.0.1:8081] Received response (auto-read:false) : [Content-Type=application/json, Transfer-Encoding=chunked, Date=Tue, 29 Jun 2021 14:59:39 GMT]
20:29:40.303 [reactor-http-nio-15] DEBUG reactor.netty.resources.PooledConnectionProvider - [id: 0x0f728531, L:/127.0.0.1:49904 - R:localhost/127.0.0.1:8081] onStateChange(GET{uri=/getAttractions, connection=PooledConnection{channel=[id: 0x0f728531, L:/127.0.0.1:49904 - R:localhost/127.0.0.1:8081]}}, [response_received])
20:29:40.303 [reactor-http-nio-15] DEBUG org.springframework.web.reactive.function.client.ExchangeFunctions - [7d64b303] Response 200 OK
20:29:40.303 [pool-15-thread-27] DEBUG org.springframework.web.reactive.function.client.ExchangeFunctions - [3142ee01] HTTP GET http://localhost:8082/getAttractionRewardPoints?attractionId=9cd9f53f-1280-4224-8a81-db0650657bb3&userId=5bb93807-f51b-4d7f-b264-e6c7523033d9
20:29:40.303 [reactor-http-nio-13] DEBUG reactor.netty.resources.PooledConnectionProvider - [id: 0x2d54eb76, L:/127.0.0.1:49912 - R:localhost/127.0.0.1:8081] onStateChange(GET{uri=/getAttractions, connection=PooledConnection{channel=[id: 0x2d54eb76, L:/127.0.0.1:49912 - R:localhost/127.0.0.1:8081]}}, [request_sent])
20:29:40.303 [reactor-http-nio-13] DEBUG reactor.netty.resources.PooledConnectionProvider - [id: 0x3d1cc9c3, L:/127.0.0.1:49878 - R:localhost/127.0.0.1:8081] Channel acquired, now 38 active connections and 27 inactive connections
20:29:40.303 [reactor-http-nio-15] DEBUG reactor.netty.channel.FluxReceive - [id: 0x0f728531, L:/127.0.0.1:49904 - R:localhost/127.0.0.1:8081] Subscribing inbound receiver [pending: 0, cancelled:false, inboundDone: false]
20:29:40.303 [reactor-http-nio-13] DEBUG reactor.netty.http.client.HttpClientConnect - [id: 0x3d1cc9c3, L:/127.0.0.1:49878 - R:localhost/127.0.0.1:8081] Handler is being applied: {uri=http://localhost:8081/getAttractions, method=GET}
20:29:40.302 [reactor-http-nio-11] DEBUG org.springframework.core.codec.StringDecoder - [2d9ddb6b] Decoded "[{"longitude":-117.922008,"latitude":33.817595,"attractionName":"Disneyland","city":"Anaheim","stat (truncated)...
20:29:40.302 [reactor-http-nio-10] DEBUG reactor.netty.resources.PooledConnectionProvider - [id: 0x415a9863, L:/127.0.0.1:49906 - R:localhost/127.0.0.1:8081] onStateChange(GET{uri=/getAttractions, connection=PooledConnection{channel=[id: 0x415a9863, L:/127.0.0.1:49906 - R:localhost/127.0.0.1:8081]}}, [response_received])
20:29:40.302 [reactor-http-nio-14] DEBUG reactor.netty.channel.BootstrapHandlers - [id: 0x01a5d163] Initialized pipeline DefaultChannelPipeline{(BootstrapHandlers$BootstrapInitializerHandler#0 = reactor.netty.channel.BootstrapHandlers$BootstrapInitializerHandler), (SimpleChannelPool$1#0 = io.netty.channel.pool.SimpleChannelPool$1), (reactor.left.httpCodec = io.netty.handler.codec.http.HttpClientCodec), (reactor.left.decompressor = io.netty.handler.codec.http.HttpContentDecompressor), (reactor.right.reactiveBridge = reactor.netty.channel.ChannelOperationsHandler)}
20:29:40.302 [reactor-http-nio-16] DEBUG reactor.netty.http.client.HttpClientOperations - [id: 0x31cea2d6, L:/127.0.0.1:49902 - R:localhost/127.0.0.1:8081] Received response (auto-read:false) : [Content-Type=application/json, Transfer-Encoding=chunked, Date=Tue, 29 Jun 2021 14:59:39 GMT]
20:29:40.303 [reactor-http-nio-16] DEBUG reactor.netty.resources.PooledConnectionProvider - [id: 0x31cea2d6, L:/127.0.0.1:49902 - R:localhost/127.0.0.1:8081] onStateChange(GET{uri=/getAttractions, connection=PooledConnection{channel=[id: 0x31cea2d6, L:/127.0.0.1:49902 - R:localhost/127.0.0.1:8081]}}, [response_received])
20:29:40.303 [reactor-http-nio-2] DEBUG reactor.netty.http.client.HttpClientOperations - [id: 0x3adc52e3, L:/127.0.0.1:49881 - R:localhost/127.0.0.1:8081] Received last HTTP packet
20:29:40.303 [reactor-http-nio-16] DEBUG org.springframework.web.reactive.function.client.ExchangeFunctions - [3dd22619] Response 200 OK
20:29:40.303 [reactor-http-nio-12] DEBUG reactor.netty.channel.FluxReceive - [id: 0x715de37b, L:/127.0.0.1:49908 - R:localhost/127.0.0.1:8081] Subscribing inbound receiver [pending: 0, cancelled:false, inboundDone: false]
20:29:40.303 [reactor-http-nio-15] DEBUG reactor.netty.http.client.HttpClientOperations - [id: 0x0f728531, L:/127.0.0.1:49904 - R:localhost/127.0.0.1:8081] Received last HTTP packet
20:29:40.304 [reactor-http-nio-12] DEBUG reactor.netty.http.client.HttpClientOperations - [id: 0x715de37b, L:/127.0.0.1:49908 - R:localhost/127.0.0.1:8081] Received last HTTP packet
20:29:40.304 [reactor-http-nio-16] DEBUG reactor.netty.channel.FluxReceive - [id: 0x31cea2d6, L:/127.0.0.1:49902 - R:localhost/127.0.0.1:8081] Subscribing inbound receiver [pending: 0, cancelled:false, inboundDone: false]
20:29:40.304 [reactor-http-nio-2] DEBUG org.springframework.core.codec.StringDecoder - [3bb57f14] Decoded "[{"longitude":-117.922008,"latitude":33.817595,"attractionName":"Disneyland","city":"Anaheim","stat (truncated)...
20:29:40.304 [reactor-http-nio-2] DEBUG reactor.netty.resources.PooledConnectionProvider - [id: 0x3adc52e3, L:/127.0.0.1:49881 - R:localhost/127.0.0.1:8081] onStateChange(GET{uri=/getAttractions, connection=PooledConnection{channel=[id: 0x3adc52e3, L:/127.0.0.1:49881 - R:localhost/127.0.0.1:8081]}}, [disconnecting])
20:29:40.304 [reactor-http-nio-2] DEBUG reactor.netty.resources.PooledConnectionProvider - [id: 0x3adc52e3, L:/127.0.0.1:49881 - R:localhost/127.0.0.1:8081] Releasing channel
20:29:40.304 [reactor-http-nio-16] DEBUG reactor.netty.http.client.HttpClientOperations - [id: 0x31cea2d6, L:/127.0.0.1:49902 - R:localhost/127.0.0.1:8081] Received last HTTP packet
20:29:40.304 [reactor-http-nio-2] DEBUG reactor.netty.resources.PooledConnectionProvider - [id: 0x3adc52e3, L:/127.0.0.1:49881 - R:localhost/127.0.0.1:8081] Channel cleaned, now 37 active connections and 28 inactive connections
20:29:40.304 [reactor-http-nio-2] DEBUG reactor.netty.resources.PooledConnectionProvider - [id: 0x4eabdfc3] Created new pooled channel, now 1 active connections and 11 inactive connections
20:29:40.304 [reactor-http-nio-12] DEBUG org.springframework.core.codec.StringDecoder - [22a9a493] Decoded "[{"longitude":-117.922008,"latitude":33.817595,"attractionName":"Disneyland","city":"Anaheim","stat (truncated)...
20:29:40.304 [reactor-http-nio-2] DEBUG reactor.netty.channel.BootstrapHandlers - [id: 0x4eabdfc3] Initialized pipeline DefaultChannelPipeline{(BootstrapHandlers$BootstrapInitializerHandler#0 = reactor.netty.channel.BootstrapHandlers$BootstrapInitializerHandler), (SimpleChannelPool$1#0 = io.netty.channel.pool.SimpleChannelPool$1), (reactor.left.httpCodec = io.netty.handler.codec.http.HttpClientCodec), (reactor.left.decompressor = io.netty.handler.codec.http.HttpContentDecompressor), (reactor.right.reactiveBridge = reactor.netty.channel.ChannelOperationsHandler)}
20:29:40.304 [reactor-http-nio-12] DEBUG reactor.netty.resources.PooledConnectionProvider - [id: 0x715de37b, L:/127.0.0.1:49908 - R:localhost/127.0.0.1:8081] onStateChange(GET{uri=/getAttractions, connection=PooledConnection{channel=[id: 0x715de37b, L:/127.0.0.1:49908 - R:localhost/127.0.0.1:8081]}}, [disconnecting])
20:29:40.304 [reactor-http-nio-12] DEBUG reactor.netty.resources.PooledConnectionProvider - [id: 0x715de37b, L:/127.0.0.1:49908 - R:localhost/127.0.0.1:8081] Releasing channel
20:29:40.304 [reactor-http-nio-12] DEBUG reactor.netty.resources.PooledConnectionProvider - [id: 0x715de37b, L:/127.0.0.1:49908 - R:localhost/127.0.0.1:8081] Channel cleaned, now 36 active connections and 29 inactive connections
20:29:40.304 [reactor-http-nio-2] DEBUG reactor.netty.resources.PooledConnectionProvider - [id: 0x1493a2a6] Created new pooled channel, now 1 active connections and 12 inactive connections
20:29:40.304 [pool-15-thread-10] DEBUG org.springframework.web.reactive.function.client.ExchangeFunctions - [235a30a8] HTTP GET http://localhost:8082/getAttractionRewardPoints?attractionId=01d71a37-f798-407d-9589-a01b727251b7&userId=e946bfd9-3589-46bb-8ce9-7578d04af5c2
20:29:40.303 [reactor-http-nio-11] DEBUG reactor.netty.resources.PooledConnectionProvider - [id: 0xf98e8509, L:/127.0.0.1:49922 - R:localhost/127.0.0.1:8081] onStateChange(GET{uri=/getAttractions, connection=PooledConnection{channel=[id: 0xf98e8509, L:/127.0.0.1:49922 - R:localhost/127.0.0.1:8081]}}, [disconnecting])
20:29:40.304 [reactor-http-nio-11] DEBUG reactor.netty.resources.PooledConnectionProvider - [id: 0xf98e8509, L:/127.0.0.1:49922 - R:localhost/127.0.0.1:8081] Releasing channel
20:29:40.304 [reactor-http-nio-2] DEBUG reactor.netty.channel.BootstrapHandlers - [id: 0x1493a2a6] Initialized pipeline DefaultChannelPipeline{(BootstrapHandlers$BootstrapInitializerHandler#0 = reactor.netty.channel.BootstrapHandlers$BootstrapInitializerHandler), (SimpleChannelPool$1#0 = io.netty.channel.pool.SimpleChannelPool$1), (reactor.left.httpCodec = io.netty.handler.codec.http.HttpClientCodec), (reactor.left.decompressor = io.netty.handler.codec.http.HttpContentDecompressor), (reactor.right.reactiveBridge = reactor.netty.channel.ChannelOperationsHandler)}
20:29:40.303 [reactor-http-nio-10] DEBUG org.springframework.web.reactive.function.client.ExchangeFunctions - [733315b6] Response 200 OK
20:29:40.303 [reactor-http-nio-14] DEBUG reactor.netty.resources.PooledConnectionProvider - [id: 0x5e075b23] Created new pooled channel, now 1 active connections and 10 inactive connections
20:29:40.304 [reactor-http-nio-2] DEBUG reactor.netty.resources.PooledConnectionProvider - [id: 0xe830ae82] Created new pooled channel, now 1 active connections and 14 inactive connections
20:29:40.304 [reactor-http-nio-15] DEBUG org.springframework.core.codec.StringDecoder - [7d64b303] Decoded "[{"longitude":-117.922008,"latitude":33.817595,"attractionName":"Disneyland","city":"Anaheim","stat (truncated)...
20:29:40.304 [reactor-http-nio-14] DEBUG reactor.netty.channel.BootstrapHandlers - [id: 0x5e075b23] Initialized pipeline DefaultChannelPipeline{(BootstrapHandlers$BootstrapInitializerHandler#0 = reactor.netty.channel.BootstrapHandlers$BootstrapInitializerHandler), (SimpleChannelPool$1#0 = io.netty.channel.pool.SimpleChannelPool$1), (reactor.left.httpCodec = io.netty.handler.codec.http.HttpClientCodec), (reactor.left.decompressor = io.netty.handler.codec.http.HttpContentDecompressor), (reactor.right.reactiveBridge = reactor.netty.channel.ChannelOperationsHandler)}
20:29:40.305 [reactor-http-nio-2] DEBUG reactor.netty.channel.BootstrapHandlers - [id: 0xe830ae82] Initialized pipeline DefaultChannelPipeline{(BootstrapHandlers$BootstrapInitializerHandler#0 = reactor.netty.channel.BootstrapHandlers$BootstrapInitializerHandler), (SimpleChannelPool$1#0 = io.netty.channel.pool.SimpleChannelPool$1), (reactor.left.httpCodec = io.netty.handler.codec.http.HttpClientCodec), (reactor.left.decompressor = io.netty.handler.codec.http.HttpContentDecompressor), (reactor.right.reactiveBridge = reactor.netty.channel.ChannelOperationsHandler)}
20:29:40.305 [reactor-http-nio-15] DEBUG reactor.netty.resources.PooledConnectionProvider - [id: 0x0f728531, L:/127.0.0.1:49904 - R:localhost/127.0.0.1:8081] onStateChange(GET{uri=/getAttractions, connection=PooledConnection{channel=[id: 0x0f728531, L:/127.0.0.1:49904 - R:localhost/127.0.0.1:8081]}}, [disconnecting])
20:29:40.305 [reactor-http-nio-14] DEBUG reactor.netty.resources.PooledConnectionProvider - [id: 0xbf5565fb] Created new pooled channel, now 1 active connections and 15 inactive connections
20:29:40.305 [pool-15-thread-47] DEBUG org.springframework.web.reactive.function.client.ExchangeFunctions - [35729612] HTTP GET http://localhost:8082/getAttractionRewardPoints?attractionId=604d8fee-d569-4692-8a99-715f28c4e3eb&userId=38dc0841-2c28-47e1-b83e-bf21be52cf70
20:29:40.305 [reactor-http-nio-14] DEBUG reactor.netty.channel.BootstrapHandlers - [id: 0xbf5565fb] Initialized pipeline DefaultChannelPipeline{(BootstrapHandlers$BootstrapInitializerHandler#0 = reactor.netty.channel.BootstrapHandlers$BootstrapInitializerHandler), (SimpleChannelPool$1#0 = io.netty.channel.pool.SimpleChannelPool$1), (reactor.left.httpCodec = io.netty.handler.codec.http.HttpClientCodec), (reactor.left.decompressor = io.netty.handler.codec.http.HttpContentDecompressor), (reactor.right.reactiveBridge = reactor.netty.channel.ChannelOperationsHandler)}
20:29:40.305 [reactor-http-nio-2] DEBUG reactor.netty.resources.PooledConnectionProvider - [id: 0xda5365a3] Created new pooled channel, now 1 active connections and 16 inactive connections
20:29:40.305 [pool-15-thread-20] DEBUG org.springframework.web.reactive.function.client.ExchangeFunctions - [2c6e5eb6] HTTP GET http://localhost:8082/getAttractionRewardPoints?attractionId=05d2a7f3-7d1e-46e0-bd3a-92957d39ab97&userId=ee3c2a23-2f37-400c-bde0-eea626a7664a
20:29:40.305 [reactor-http-nio-2] DEBUG reactor.netty.channel.BootstrapHandlers - [id: 0xda5365a3] Initialized pipeline DefaultChannelPipeline{(BootstrapHandlers$BootstrapInitializerHandler#0 = reactor.netty.channel.BootstrapHandlers$BootstrapInitializerHandler), (SimpleChannelPool$1#0 = io.netty.channel.pool.SimpleChannelPool$1), (reactor.left.httpCodec = io.netty.handler.codec.http.HttpClientCodec), (reactor.left.decompressor = io.netty.handler.codec.http.HttpContentDecompressor), (reactor.right.reactiveBridge = reactor.netty.channel.ChannelOperationsHandler)}
20:29:40.303 [reactor-http-nio-13] DEBUG reactor.netty.resources.PooledConnectionProvider - [id: 0x3d1cc9c3, L:/127.0.0.1:49878 - R:localhost/127.0.0.1:8081] onStateChange(GET{uri=/getAttractions, connection=PooledConnection{channel=[id: 0x3d1cc9c3, L:/127.0.0.1:49878 - R:localhost/127.0.0.1:8081]}}, [request_sent])
20:29:40.305 [reactor-http-nio-13] DEBUG reactor.netty.resources.PooledConnectionProvider - [id: 0x109b9dd3] Created new pooled channel, now 1 active connections and 17 inactive connections
20:29:40.304 [reactor-http-nio-16] DEBUG org.springframework.core.codec.StringDecoder - [3dd22619] Decoded "[{"longitude":-117.922008,"latitude":33.817595,"attractionName":"Disneyland","city":"Anaheim","stat (truncated)...
20:29:40.304 [reactor-http-nio-12] DEBUG reactor.netty.resources.PooledConnectionProvider - [id: 0xc47e4404] Created new pooled channel, now 1 active connections and 13 inactive connections
20:29:40.304 [reactor-http-nio-11] DEBUG reactor.netty.resources.PooledConnectionProvider - [id: 0xf98e8509, L:/127.0.0.1:49922 - R:localhost/127.0.0.1:8081] Channel cleaned, now 35 active connections and 30 inactive connections
20:29:40.305 [reactor-http-nio-10] DEBUG reactor.netty.channel.FluxReceive - [id: 0x415a9863, L:/127.0.0.1:49906 - R:localhost/127.0.0.1:8081] Subscribing inbound receiver [pending: 0, cancelled:false, inboundDone: false]
20:29:40.305 [reactor-http-nio-12] DEBUG reactor.netty.channel.BootstrapHandlers - [id: 0xc47e4404] Initialized pipeline DefaultChannelPipeline{(BootstrapHandlers$BootstrapInitializerHandler#0 = reactor.netty.channel.BootstrapHandlers$BootstrapInitializerHandler), (SimpleChannelPool$1#0 = io.netty.channel.pool.SimpleChannelPool$1), (reactor.left.httpCodec = io.netty.handler.codec.http.HttpClientCodec), (reactor.left.decompressor = io.netty.handler.codec.http.HttpContentDecompressor), (reactor.right.reactiveBridge = reactor.netty.channel.ChannelOperationsHandler)}
20:29:40.305 [reactor-http-nio-15] DEBUG reactor.netty.resources.PooledConnectionProvider - [id: 0x0f728531, L:/127.0.0.1:49904 - R:localhost/127.0.0.1:8081] Releasing channel
20:29:40.306 [reactor-http-nio-10] DEBUG reactor.netty.http.client.HttpClientOperations - [id: 0x415a9863, L:/127.0.0.1:49906 - R:localhost/127.0.0.1:8081] Received last HTTP packet
20:29:40.305 [reactor-http-nio-14] DEBUG reactor.netty.http.client.HttpClientOperations - [id: 0x6c889872, L:/127.0.0.1:49887 - R:localhost/127.0.0.1:8081] Received response (auto-read:false) : [Content-Type=application/json, Transfer-Encoding=chunked, Date=Tue, 29 Jun 2021 14:59:39 GMT]
20:29:40.306 [reactor-http-nio-15] DEBUG reactor.netty.resources.PooledConnectionProvider - [id: 0x0f728531, L:/127.0.0.1:49904 - R:localhost/127.0.0.1:8081] Channel cleaned, now 34 active connections and 31 inactive connections
20:29:40.306 [reactor-http-nio-11] DEBUG reactor.netty.http.client.HttpClientOperations - [id: 0x543091a3, L:/127.0.0.1:49885 - R:localhost/127.0.0.1:8081] Received response (auto-read:false) : [Content-Type=application/json, Transfer-Encoding=chunked, Date=Tue, 29 Jun 2021 14:59:39 GMT]
20:29:40.305 [reactor-http-nio-16] DEBUG reactor.netty.resources.PooledConnectionProvider - [id: 0x31cea2d6, L:/127.0.0.1:49902 - R:localhost/127.0.0.1:8081] onStateChange(GET{uri=/getAttractions, connection=PooledConnection{channel=[id: 0x31cea2d6, L:/127.0.0.1:49902 - R:localhost/127.0.0.1:8081]}}, [disconnecting])
20:29:40.305 [reactor-http-nio-13] DEBUG reactor.netty.channel.BootstrapHandlers - [id: 0x109b9dd3] Initialized pipeline DefaultChannelPipeline{(BootstrapHandlers$BootstrapInitializerHandler#0 = reactor.netty.channel.BootstrapHandlers$BootstrapInitializerHandler), (SimpleChannelPool$1#0 = io.netty.channel.pool.SimpleChannelPool$1), (reactor.left.httpCodec = io.netty.handler.codec.http.HttpClientCodec), (reactor.left.decompressor = io.netty.handler.codec.http.HttpContentDecompressor), (reactor.right.reactiveBridge = reactor.netty.channel.ChannelOperationsHandler)}
20:29:40.305 [reactor-http-nio-2] DEBUG reactor.netty.resources.PooledConnectionProvider - [id: 0x1d64c07f, L:/127.0.0.1:49936 - R:localhost/127.0.0.1:8082] onStateChange(PooledConnection{channel=[id: 0x1d64c07f, L:/127.0.0.1:49936 - R:localhost/127.0.0.1:8082]}, [connected])
20:29:40.306 [reactor-http-nio-15] DEBUG reactor.netty.http.client.HttpClientOperations - [id: 0x822a7f8c, L:/127.0.0.1:49898 - R:localhost/127.0.0.1:8081] Received response (auto-read:false) : [Content-Type=application/json, Transfer-Encoding=chunked, Date=Tue, 29 Jun 2021 14:59:39 GMT]
20:29:40.306 [reactor-http-nio-15] DEBUG reactor.netty.resources.PooledConnectionProvider - [id: 0x822a7f8c, L:/127.0.0.1:49898 - R:localhost/127.0.0.1:8081] onStateChange(GET{uri=/getAttractions, connection=PooledConnection{channel=[id: 0x822a7f8c, L:/127.0.0.1:49898 - R:localhost/127.0.0.1:8081]}}, [response_received])
20:29:40.306 [reactor-http-nio-12] DEBUG reactor.netty.resources.PooledConnectionProvider - [id: 0xb21cf120] Created new pooled channel, now 1 active connections and 18 inactive connections
20:29:40.306 [reactor-http-nio-10] DEBUG org.springframework.core.codec.StringDecoder - [733315b6] Decoded "[{"longitude":-117.922008,"latitude":33.817595,"attractionName":"Disneyland","city":"Anaheim","stat (truncated)...
20:29:40.306 [reactor-http-nio-15] DEBUG org.springframework.web.reactive.function.client.ExchangeFunctions - [7d71f7b0] Response 200 OK
20:29:40.306 [reactor-http-nio-14] DEBUG reactor.netty.resources.PooledConnectionProvider - [id: 0x6c889872, L:/127.0.0.1:49887 - R:localhost/127.0.0.1:8081] onStateChange(GET{uri=/getAttractions, connection=PooledConnection{channel=[id: 0x6c889872, L:/127.0.0.1:49887 - R:localhost/127.0.0.1:8081]}}, [response_received])
20:29:40.306 [pool-15-thread-26] DEBUG org.springframework.web.reactive.function.client.ExchangeFunctions - [73a352df] HTTP GET http://localhost:8082/getAttractionRewardPoints?attractionId=071bdec7-13c7-4c77-98a4-10a641e78805&userId=87ca3f57-aa8a-4f63-a526-bb6f20d30f79
20:29:40.306 [reactor-http-nio-14] DEBUG org.springframework.web.reactive.function.client.ExchangeFunctions - [4e04d657] Response 200 OK
20:29:40.306 [reactor-http-nio-11] DEBUG reactor.netty.resources.PooledConnectionProvider - [id: 0x543091a3, L:/127.0.0.1:49885 - R:localhost/127.0.0.1:8081] onStateChange(GET{uri=/getAttractions, connection=PooledConnection{channel=[id: 0x543091a3, L:/127.0.0.1:49885 - R:localhost/127.0.0.1:8081]}}, [response_received])
20:29:40.306 [reactor-http-nio-11] DEBUG org.springframework.web.reactive.function.client.ExchangeFunctions - [61e04166] Response 200 OK
20:29:40.306 [reactor-http-nio-14] DEBUG reactor.netty.channel.FluxReceive - [id: 0x6c889872, L:/127.0.0.1:49887 - R:localhost/127.0.0.1:8081] Subscribing inbound receiver [pending: 0, cancelled:false, inboundDone: false]
20:29:40.306 [reactor-http-nio-15] DEBUG reactor.netty.channel.FluxReceive - [id: 0x822a7f8c, L:/127.0.0.1:49898 - R:localhost/127.0.0.1:8081] Subscribing inbound receiver [pending: 0, cancelled:false, inboundDone: false]
20:29:40.306 [pool-15-thread-60] DEBUG org.springframework.web.reactive.function.client.ExchangeFunctions - [3315cfd3] HTTP GET http://localhost:8082/getAttractionRewardPoints?attractionId=6c369a72-8c37-4052-b7d6-7c0bb3632bc9&userId=6e5e402f-d009-4bc8-8534-e2c551a8b43c
20:29:40.306 [reactor-http-nio-11] DEBUG reactor.netty.channel.FluxReceive - [id: 0x543091a3, L:/127.0.0.1:49885 - R:localhost/127.0.0.1:8081] Subscribing inbound receiver [pending: 0, cancelled:false, inboundDone: false]
20:29:40.306 [reactor-http-nio-16] DEBUG reactor.netty.resources.PooledConnectionProvider - [id: 0x31cea2d6, L:/127.0.0.1:49902 - R:localhost/127.0.0.1:8081] Releasing channel
20:29:40.306 [reactor-http-nio-16] DEBUG reactor.netty.resources.PooledConnectionProvider - [id: 0x31cea2d6, L:/127.0.0.1:49902 - R:localhost/127.0.0.1:8081] Channel cleaned, now 34 active connections and 31 inactive connections
20:29:40.306 [reactor-http-nio-14] DEBUG reactor.netty.http.client.HttpClientOperations - [id: 0x6c889872, L:/127.0.0.1:49887 - R:localhost/127.0.0.1:8081] Received last HTTP packet
20:29:40.306 [reactor-http-nio-11] DEBUG reactor.netty.http.client.HttpClientOperations - [id: 0x543091a3, L:/127.0.0.1:49885 - R:localhost/127.0.0.1:8081] Received last HTTP packet
20:29:40.306 [reactor-http-nio-2] DEBUG reactor.netty.resources.PooledConnectionProvider - [id: 0x1d64c07f, L:/127.0.0.1:49936 - R:localhost/127.0.0.1:8082] onStateChange(GET{uri=/, connection=PooledConnection{channel=[id: 0x1d64c07f, L:/127.0.0.1:49936 - R:localhost/127.0.0.1:8082]}}, [configured])
20:29:40.307 [reactor-http-nio-16] DEBUG reactor.netty.http.client.HttpClientOperations - [id: 0x08b58e36, L:/127.0.0.1:49899 - R:localhost/127.0.0.1:8081] Received response (auto-read:false) : [Content-Type=application/json, Transfer-Encoding=chunked, Date=Tue, 29 Jun 2021 14:59:39 GMT]
20:29:40.307 [reactor-http-nio-16] DEBUG reactor.netty.resources.PooledConnectionProvider - [id: 0x08b58e36, L:/127.0.0.1:49899 - R:localhost/127.0.0.1:8081] onStateChange(GET{uri=/getAttractions, connection=PooledConnection{channel=[id: 0x08b58e36, L:/127.0.0.1:49899 - R:localhost/127.0.0.1:8081]}}, [response_received])
20:29:40.307 [reactor-http-nio-11] DEBUG org.springframework.core.codec.StringDecoder - [61e04166] Decoded "[{"longitude":-117.922008,"latitude":33.817595,"attractionName":"Disneyland","city":"Anaheim","stat (truncated)...
20:29:40.307 [reactor-http-nio-16] DEBUG org.springframework.web.reactive.function.client.ExchangeFunctions - [1f8fcc15] Response 200 OK
20:29:40.307 [reactor-http-nio-11] DEBUG reactor.netty.resources.PooledConnectionProvider - [id: 0x543091a3, L:/127.0.0.1:49885 - R:localhost/127.0.0.1:8081] onStateChange(GET{uri=/getAttractions, connection=PooledConnection{channel=[id: 0x543091a3, L:/127.0.0.1:49885 - R:localhost/127.0.0.1:8081]}}, [disconnecting])
20:29:40.307 [reactor-http-nio-11] DEBUG reactor.netty.resources.PooledConnectionProvider - [id: 0x543091a3, L:/127.0.0.1:49885 - R:localhost/127.0.0.1:8081] Releasing channel
20:29:40.307 [reactor-http-nio-2] DEBUG reactor.netty.http.client.HttpClientOperations - [id: 0xbbc840e5, L:/127.0.0.1:49882 - R:localhost/127.0.0.1:8081] Received response (auto-read:false) : [Content-Type=application/json, Transfer-Encoding=chunked, Date=Tue, 29 Jun 2021 14:59:39 GMT]
20:29:40.307 [reactor-http-nio-2] DEBUG reactor.netty.resources.PooledConnectionProvider - [id: 0xbbc840e5, L:/127.0.0.1:49882 - R:localhost/127.0.0.1:8081] onStateChange(GET{uri=/getAttractions, connection=PooledConnection{channel=[id: 0xbbc840e5, L:/127.0.0.1:49882 - R:localhost/127.0.0.1:8081]}}, [response_received])
20:29:40.307 [reactor-http-nio-2] DEBUG org.springframework.web.reactive.function.client.ExchangeFunctions - [21312170] Response 200 OK
20:29:40.307 [pool-15-thread-55] DEBUG org.springframework.web.reactive.function.client.ExchangeFunctions - [7df4f5a0] HTTP GET http://localhost:8082/getAttractionRewardPoints?attractionId=4213f3c3-29da-4622-a3b3-b73f975afc7a&userId=25094c19-9d80-4cbd-be4f-a99758025bf2
20:29:40.306 [reactor-http-nio-13] DEBUG reactor.netty.resources.PooledConnectionProvider - [id: 0xb89a2408, L:/127.0.0.1:49915 - R:localhost/127.0.0.1:8081] Channel acquired, now 35 active connections and 30 inactive connections
20:29:40.306 [reactor-http-nio-10] DEBUG reactor.netty.resources.PooledConnectionProvider - [id: 0x415a9863, L:/127.0.0.1:49906 - R:localhost/127.0.0.1:8081] onStateChange(GET{uri=/getAttractions, connection=PooledConnection{channel=[id: 0x415a9863, L:/127.0.0.1:49906 - R:localhost/127.0.0.1:8081]}}, [disconnecting])
20:29:40.307 [reactor-http-nio-10] DEBUG reactor.netty.resources.PooledConnectionProvider - [id: 0x415a9863, L:/127.0.0.1:49906 - R:localhost/127.0.0.1:8081] Releasing channel
20:29:40.307 [reactor-http-nio-13] DEBUG reactor.netty.http.client.HttpClientConnect - [id: 0xb89a2408, L:/127.0.0.1:49915 - R:localhost/127.0.0.1:8081] Handler is being applied: {uri=http://localhost:8081/getAttractions, method=GET}
20:29:40.307 [reactor-http-nio-10] DEBUG reactor.netty.resources.PooledConnectionProvider - [id: 0x415a9863, L:/127.0.0.1:49906 - R:localhost/127.0.0.1:8081] Channel cleaned, now 32 active connections and 33 inactive connections
20:29:40.307 [reactor-http-nio-10] DEBUG reactor.netty.resources.PooledConnectionProvider - [id: 0x671d8722, L:/127.0.0.1:49939 - R:localhost/127.0.0.1:8082] onStateChange(PooledConnection{channel=[id: 0x671d8722, L:/127.0.0.1:49939 - R:localhost/127.0.0.1:8082]}, [connected])
20:29:40.307 [reactor-http-nio-10] DEBUG reactor.netty.resources.PooledConnectionProvider - [id: 0x671d8722, L:/127.0.0.1:49939 - R:localhost/127.0.0.1:8082] onStateChange(GET{uri=/, connection=PooledConnection{channel=[id: 0x671d8722, L:/127.0.0.1:49939 - R:localhost/127.0.0.1:8082]}}, [configured])
20:29:40.306 [reactor-http-nio-12] DEBUG reactor.netty.channel.BootstrapHandlers - [id: 0xb21cf120] Initialized pipeline DefaultChannelPipeline{(BootstrapHandlers$BootstrapInitializerHandler#0 = reactor.netty.channel.BootstrapHandlers$BootstrapInitializerHandler), (SimpleChannelPool$1#0 = io.netty.channel.pool.SimpleChannelPool$1), (reactor.left.httpCodec = io.netty.handler.codec.http.HttpClientCodec), (reactor.left.decompressor = io.netty.handler.codec.http.HttpContentDecompressor), (reactor.right.reactiveBridge = reactor.netty.channel.ChannelOperationsHandler)}
20:29:40.308 [pool-15-thread-16] DEBUG org.springframework.web.reactive.function.client.ExchangeFunctions - [6f27a32a] HTTP GET http://localhost:8082/getAttractionRewardPoints?attractionId=ef4fde66-6a7e-4885-b300-e7b977ea5855&userId=d3df7c2d-5672-4d9d-804a-c807a8fb1f5b
20:29:40.308 [reactor-http-nio-12] DEBUG reactor.netty.resources.PooledConnectionProvider - [id: 0xfe38bb55, L:/127.0.0.1:49938 - R:localhost/127.0.0.1:8082] onStateChange(PooledConnection{channel=[id: 0xfe38bb55, L:/127.0.0.1:49938 - R:localhost/127.0.0.1:8082]}, [connected])
20:29:40.306 [reactor-http-nio-15] DEBUG reactor.netty.http.client.HttpClientOperations - [id: 0x822a7f8c, L:/127.0.0.1:49898 - R:localhost/127.0.0.1:8081] Received last HTTP packet
20:29:40.308 [reactor-http-nio-12] DEBUG reactor.netty.resources.PooledConnectionProvider - [id: 0xfe38bb55, L:/127.0.0.1:49938 - R:localhost/127.0.0.1:8082] onStateChange(GET{uri=/, connection=PooledConnection{channel=[id: 0xfe38bb55, L:/127.0.0.1:49938 - R:localhost/127.0.0.1:8082]}}, [configured])
20:29:40.307 [reactor-http-nio-14] DEBUG org.springframework.core.codec.StringDecoder - [4e04d657] Decoded "[{"longitude":-117.922008,"latitude":33.817595,"attractionName":"Disneyland","city":"Anaheim","stat (truncated)...
20:29:40.308 [reactor-http-nio-14] DEBUG reactor.netty.resources.PooledConnectionProvider - [id: 0x6c889872, L:/127.0.0.1:49887 - R:localhost/127.0.0.1:8081] onStateChange(GET{uri=/getAttractions, connection=PooledConnection{channel=[id: 0x6c889872, L:/127.0.0.1:49887 - R:localhost/127.0.0.1:8081]}}, [disconnecting])
20:29:40.308 [reactor-http-nio-14] DEBUG reactor.netty.resources.PooledConnectionProvider - [id: 0x6c889872, L:/127.0.0.1:49887 - R:localhost/127.0.0.1:8081] Releasing channel
20:29:40.307 [reactor-http-nio-11] DEBUG reactor.netty.resources.PooledConnectionProvider - [id: 0x543091a3, L:/127.0.0.1:49885 - R:localhost/127.0.0.1:8081] Channel cleaned, now 33 active connections and 32 inactive connections
20:29:40.308 [reactor-http-nio-12] DEBUG reactor.netty.http.client.HttpClientOperations - [id: 0x622ee18f, L:/127.0.0.1:49911 - R:localhost/127.0.0.1:8081] Received response (auto-read:false) : [Content-Type=application/json, Transfer-Encoding=chunked, Date=Tue, 29 Jun 2021 14:59:39 GMT]
20:29:40.308 [reactor-http-nio-12] DEBUG reactor.netty.resources.PooledConnectionProvider - [id: 0x622ee18f, L:/127.0.0.1:49911 - R:localhost/127.0.0.1:8081] onStateChange(GET{uri=/getAttractions, connection=PooledConnection{channel=[id: 0x622ee18f, L:/127.0.0.1:49911 - R:localhost/127.0.0.1:8081]}}, [response_received])
20:29:40.307 [reactor-http-nio-16] DEBUG reactor.netty.channel.FluxReceive - [id: 0x08b58e36, L:/127.0.0.1:49899 - R:localhost/127.0.0.1:8081] Subscribing inbound receiver [pending: 0, cancelled:false, inboundDone: false]
20:29:40.308 [reactor-http-nio-15] DEBUG org.springframework.core.codec.StringDecoder - [7d71f7b0] Decoded "[{"longitude":-117.922008,"latitude":33.817595,"attractionName":"Disneyland","city":"Anaheim","stat (truncated)...
20:29:40.308 [reactor-http-nio-12] DEBUG org.springframework.web.reactive.function.client.ExchangeFunctions - [290fb562] Response 200 OK
20:29:40.308 [reactor-http-nio-15] DEBUG reactor.netty.resources.PooledConnectionProvider - [id: 0x822a7f8c, L:/127.0.0.1:49898 - R:localhost/127.0.0.1:8081] onStateChange(GET{uri=/getAttractions, connection=PooledConnection{channel=[id: 0x822a7f8c, L:/127.0.0.1:49898 - R:localhost/127.0.0.1:8081]}}, [disconnecting])
20:29:40.308 [reactor-http-nio-15] DEBUG reactor.netty.resources.PooledConnectionProvider - [id: 0x822a7f8c, L:/127.0.0.1:49898 - R:localhost/127.0.0.1:8081] Releasing channel
20:29:40.308 [reactor-http-nio-11] DEBUG reactor.netty.http.client.HttpClientOperations - [id: 0xb9e4c7b3, L:/127.0.0.1:49933 - R:localhost/127.0.0.1:8081] Received response (auto-read:false) : [Content-Type=application/json, Transfer-Encoding=chunked, Date=Tue, 29 Jun 2021 14:59:39 GMT]
20:29:40.308 [reactor-http-nio-15] DEBUG reactor.netty.resources.PooledConnectionProvider - [id: 0x822a7f8c, L:/127.0.0.1:49898 - R:localhost/127.0.0.1:8081] Channel cleaned, now 30 active connections and 35 inactive connections
20:29:40.307 [reactor-http-nio-2] DEBUG reactor.netty.channel.FluxReceive - [id: 0xbbc840e5, L:/127.0.0.1:49882 - R:localhost/127.0.0.1:8081] Subscribing inbound receiver [pending: 0, cancelled:false, inboundDone: false]
20:29:40.308 [reactor-http-nio-14] DEBUG reactor.netty.resources.PooledConnectionProvider - [id: 0x6c889872, L:/127.0.0.1:49887 - R:localhost/127.0.0.1:8081] Channel cleaned, now 31 active connections and 34 inactive connections
20:29:40.308 [reactor-http-nio-11] DEBUG reactor.netty.resources.PooledConnectionProvider - [id: 0xb9e4c7b3, L:/127.0.0.1:49933 - R:localhost/127.0.0.1:8081] onStateChange(GET{uri=/getAttractions, connection=PooledConnection{channel=[id: 0xb9e4c7b3, L:/127.0.0.1:49933 - R:localhost/127.0.0.1:8081]}}, [response_received])
20:29:40.309 [reactor-http-nio-2] DEBUG reactor.netty.http.client.HttpClientOperations - [id: 0xbbc840e5, L:/127.0.0.1:49882 - R:localhost/127.0.0.1:8081] Received last HTTP packet
20:29:40.309 [reactor-http-nio-16] DEBUG reactor.netty.http.client.HttpClientOperations - [id: 0x08b58e36, L:/127.0.0.1:49899 - R:localhost/127.0.0.1:8081] Received last HTTP packet
20:29:40.309 [reactor-http-nio-12] DEBUG reactor.netty.channel.FluxReceive - [id: 0x622ee18f, L:/127.0.0.1:49911 - R:localhost/127.0.0.1:8081] Subscribing inbound receiver [pending: 0, cancelled:false, inboundDone: false]
20:29:40.309 [reactor-http-nio-13] DEBUG reactor.netty.resources.PooledConnectionProvider - [id: 0xb89a2408, L:/127.0.0.1:49915 - R:localhost/127.0.0.1:8081] onStateChange(GET{uri=/getAttractions, connection=PooledConnection{channel=[id: 0xb89a2408, L:/127.0.0.1:49915 - R:localhost/127.0.0.1:8081]}}, [request_sent])
20:29:40.309 [reactor-http-nio-13] DEBUG reactor.netty.resources.PooledConnectionProvider - [id: 0x834a6289, L:/127.0.0.1:49920 - R:localhost/127.0.0.1:8081] Channel acquired, now 31 active connections and 34 inactive connections
20:29:40.309 [reactor-http-nio-12] DEBUG reactor.netty.http.client.HttpClientOperations - [id: 0x622ee18f, L:/127.0.0.1:49911 - R:localhost/127.0.0.1:8081] Received last HTTP packet
20:29:40.309 [reactor-http-nio-13] DEBUG reactor.netty.http.client.HttpClientConnect - [id: 0x834a6289, L:/127.0.0.1:49920 - R:localhost/127.0.0.1:8081] Handler is being applied: {uri=http://localhost:8081/getAttractions, method=GET}
20:29:40.309 [reactor-http-nio-2] DEBUG org.springframework.core.codec.StringDecoder - [21312170] Decoded "[{"longitude":-117.922008,"latitude":33.817595,"attractionName":"Disneyland","city":"Anaheim","stat (truncated)...
20:29:40.309 [reactor-http-nio-16] DEBUG org.springframework.core.codec.StringDecoder - [1f8fcc15] Decoded "[{"longitude":-117.922008,"latitude":33.817595,"attractionName":"Disneyland","city":"Anaheim","stat (truncated)...
20:29:40.309 [reactor-http-nio-16] DEBUG reactor.netty.resources.PooledConnectionProvider - [id: 0x08b58e36, L:/127.0.0.1:49899 - R:localhost/127.0.0.1:8081] onStateChange(GET{uri=/getAttractions, connection=PooledConnection{channel=[id: 0x08b58e36, L:/127.0.0.1:49899 - R:localhost/127.0.0.1:8081]}}, [disconnecting])
20:29:40.309 [reactor-http-nio-16] DEBUG reactor.netty.resources.PooledConnectionProvider - [id: 0x08b58e36, L:/127.0.0.1:49899 - R:localhost/127.0.0.1:8081] Releasing channel
20:29:40.309 [reactor-http-nio-16] DEBUG reactor.netty.resources.PooledConnectionProvider - [id: 0x08b58e36, L:/127.0.0.1:49899 - R:localhost/127.0.0.1:8081] Channel cleaned, now 30 active connections and 35 inactive connections
20:29:40.309 [reactor-http-nio-12] DEBUG org.springframework.core.codec.StringDecoder - [290fb562] Decoded "[{"longitude":-117.922008,"latitude":33.817595,"attractionName":"Disneyland","city":"Anaheim","stat (truncated)...
20:29:40.309 [reactor-http-nio-12] DEBUG reactor.netty.resources.PooledConnectionProvider - [id: 0x622ee18f, L:/127.0.0.1:49911 - R:localhost/127.0.0.1:8081] onStateChange(GET{uri=/getAttractions, connection=PooledConnection{channel=[id: 0x622ee18f, L:/127.0.0.1:49911 - R:localhost/127.0.0.1:8081]}}, [disconnecting])
20:29:40.309 [reactor-http-nio-12] DEBUG reactor.netty.resources.PooledConnectionProvider - [id: 0x622ee18f, L:/127.0.0.1:49911 - R:localhost/127.0.0.1:8081] Releasing channel
20:29:40.309 [reactor-http-nio-12] DEBUG reactor.netty.resources.PooledConnectionProvider - [id: 0x622ee18f, L:/127.0.0.1:49911 - R:localhost/127.0.0.1:8081] Channel cleaned, now 29 active connections and 36 inactive connections
20:29:40.309 [reactor-http-nio-10] DEBUG reactor.netty.resources.PooledConnectionProvider - [id: 0x671d8722, L:/127.0.0.1:49939 - R:localhost/127.0.0.1:8082] Registering pool release on close event for channel
20:29:40.309 [reactor-http-nio-10] DEBUG reactor.netty.http.client.HttpClientConnect - [id: 0x671d8722, L:/127.0.0.1:49939 - R:localhost/127.0.0.1:8082] Handler is being applied: {uri=http://localhost:8082/getAttractionRewardPoints?attractionId=ac235408-71b7-41da-aa60-c8a28dcc78a3&userId=699a4a5d-0db8-45fb-8423-e13eca7ca83b, method=GET}
20:29:40.309 [pool-15-thread-62] DEBUG org.springframework.web.reactive.function.client.ExchangeFunctions - [73b6066e] HTTP GET http://localhost:8082/getAttractionRewardPoints?attractionId=461b90d2-6550-42c1-b269-989ea8aa5387&userId=79032032-aa0e-43ff-a885-39ca2725a762
20:29:40.309 [reactor-http-nio-12] DEBUG reactor.netty.resources.PooledConnectionProvider - [id: 0xc47e4404, L:/127.0.0.1:49951 - R:localhost/127.0.0.1:8082] onStateChange(PooledConnection{channel=[id: 0xc47e4404, L:/127.0.0.1:49951 - R:localhost/127.0.0.1:8082]}, [connected])
20:29:40.310 [reactor-http-nio-12] DEBUG reactor.netty.resources.PooledConnectionProvider - [id: 0xc47e4404, L:/127.0.0.1:49951 - R:localhost/127.0.0.1:8082] onStateChange(GET{uri=/, connection=PooledConnection{channel=[id: 0xc47e4404, L:/127.0.0.1:49951 - R:localhost/127.0.0.1:8082]}}, [configured])
20:29:40.310 [reactor-http-nio-12] DEBUG reactor.netty.resources.PooledConnectionProvider - [id: 0xb21cf120, L:/127.0.0.1:49952 - R:localhost/127.0.0.1:8082] onStateChange(PooledConnection{channel=[id: 0xb21cf120, L:/127.0.0.1:49952 - R:localhost/127.0.0.1:8082]}, [connected])
20:29:40.310 [reactor-http-nio-10] DEBUG reactor.netty.resources.PooledConnectionProvider - [id: 0x671d8722, L:/127.0.0.1:49939 - R:localhost/127.0.0.1:8082] onStateChange(GET{uri=/getAttractionRewardPoints?attractionId=ac235408-71b7-41da-aa60-c8a28dcc78a3&userId=699a4a5d-0db8-45fb-8423-e13eca7ca83b, connection=PooledConnection{channel=[id: 0x671d8722, L:/127.0.0.1:49939 - R:localhost/127.0.0.1:8082]}}, [request_sent])
20:29:40.310 [reactor-http-nio-12] DEBUG reactor.netty.resources.PooledConnectionProvider - [id: 0xb21cf120, L:/127.0.0.1:49952 - R:localhost/127.0.0.1:8082] onStateChange(GET{uri=/, connection=PooledConnection{channel=[id: 0xb21cf120, L:/127.0.0.1:49952 - R:localhost/127.0.0.1:8082]}}, [configured])
20:29:40.310 [reactor-http-nio-10] DEBUG reactor.netty.resources.PooledConnectionProvider - [id: 0x671d8722, L:/127.0.0.1:49939 - R:localhost/127.0.0.1:8082] Channel connected, now 2 active connections and 17 inactive connections
20:29:40.310 [reactor-http-nio-12] DEBUG reactor.netty.resources.PooledConnectionProvider - [id: 0xfe38bb55, L:/127.0.0.1:49938 - R:localhost/127.0.0.1:8082] Registering pool release on close event for channel
20:29:40.310 [reactor-http-nio-12] DEBUG reactor.netty.http.client.HttpClientConnect - [id: 0xfe38bb55, L:/127.0.0.1:49938 - R:localhost/127.0.0.1:8082] Handler is being applied: {uri=http://localhost:8082/getAttractionRewardPoints?attractionId=c2f1a75a-b68e-4a19-9f3f-7d6cf41b00c9&userId=794250c4-bc62-49e9-a642-b4ecc74a179a, method=GET}
20:29:40.309 [reactor-http-nio-15] DEBUG reactor.netty.http.client.HttpClientOperations - [id: 0x5e54db3b, L:/127.0.0.1:49903 - R:localhost/127.0.0.1:8081] Received response (auto-read:false) : [Content-Type=application/json, Transfer-Encoding=chunked, Date=Tue, 29 Jun 2021 14:59:39 GMT]
20:29:40.310 [reactor-http-nio-15] DEBUG reactor.netty.resources.PooledConnectionProvider - [id: 0x5e54db3b, L:/127.0.0.1:49903 - R:localhost/127.0.0.1:8081] onStateChange(GET{uri=/getUserLocation?userId=c396b449-df93-43a1-93d2-e3d9b5b9b35a, connection=PooledConnection{channel=[id: 0x5e54db3b, L:/127.0.0.1:49903 - R:localhost/127.0.0.1:8081]}}, [response_received])
20:29:40.310 [reactor-http-nio-15] DEBUG org.springframework.web.reactive.function.client.ExchangeFunctions - [1c67effe] Response 200 OK
20:29:40.309 [reactor-http-nio-14] DEBUG reactor.netty.http.client.HttpClientOperations - [id: 0x0b723f2b, L:/127.0.0.1:49877 - R:localhost/127.0.0.1:8081] Received response (auto-read:false) : [Content-Type=application/json, Transfer-Encoding=chunked, Date=Tue, 29 Jun 2021 14:59:39 GMT]
20:29:40.310 [reactor-http-nio-14] DEBUG reactor.netty.resources.PooledConnectionProvider - [id: 0x0b723f2b, L:/127.0.0.1:49877 - R:localhost/127.0.0.1:8081] onStateChange(GET{uri=/getAttractions, connection=PooledConnection{channel=[id: 0x0b723f2b, L:/127.0.0.1:49877 - R:localhost/127.0.0.1:8081]}}, [response_received])
20:29:40.310 [reactor-http-nio-12] DEBUG reactor.netty.resources.PooledConnectionProvider - [id: 0xfe38bb55, L:/127.0.0.1:49938 - R:localhost/127.0.0.1:8082] onStateChange(GET{uri=/getAttractionRewardPoints?attractionId=c2f1a75a-b68e-4a19-9f3f-7d6cf41b00c9&userId=794250c4-bc62-49e9-a642-b4ecc74a179a, connection=PooledConnection{channel=[id: 0xfe38bb55, L:/127.0.0.1:49938 - R:localhost/127.0.0.1:8082]}}, [request_sent])
20:29:40.310 [reactor-http-nio-12] DEBUG reactor.netty.resources.PooledConnectionProvider - [id: 0xfe38bb55, L:/127.0.0.1:49938 - R:localhost/127.0.0.1:8082] Channel connected, now 3 active connections and 16 inactive connections
20:29:40.310 [reactor-http-nio-12] DEBUG reactor.netty.resources.PooledConnectionProvider - [id: 0xb21cf120, L:/127.0.0.1:49952 - R:localhost/127.0.0.1:8082] Registering pool release on close event for channel
20:29:40.310 [reactor-http-nio-12] DEBUG reactor.netty.http.client.HttpClientConnect - [id: 0xb21cf120, L:/127.0.0.1:49952 - R:localhost/127.0.0.1:8082] Handler is being applied: {uri=http://localhost:8082/getAttractionRewardPoints?attractionId=604d8fee-d569-4692-8a99-715f28c4e3eb&userId=38dc0841-2c28-47e1-b83e-bf21be52cf70, method=GET}
20:29:40.310 [reactor-http-nio-15] DEBUG reactor.netty.channel.FluxReceive - [id: 0x5e54db3b, L:/127.0.0.1:49903 - R:localhost/127.0.0.1:8081] Subscribing inbound receiver [pending: 0, cancelled:false, inboundDone: false]
20:29:40.309 [reactor-http-nio-11] DEBUG org.springframework.web.reactive.function.client.ExchangeFunctions - [3ec01ded] Response 200 OK
20:29:40.311 [pool-15-thread-54] DEBUG org.springframework.web.reactive.function.client.ExchangeFunctions - [27c84e33] HTTP GET http://localhost:8082/getAttractionRewardPoints?attractionId=e69887dc-6a5d-442d-9c6a-fab0b00e1777&userId=462a37f4-f297-4fef-a6c1-0dfc60d1c34e
20:29:40.311 [reactor-http-nio-15] DEBUG reactor.netty.http.client.HttpClientOperations - [id: 0x5e54db3b, L:/127.0.0.1:49903 - R:localhost/127.0.0.1:8081] Received last HTTP packet
20:29:40.311 [reactor-http-nio-13] DEBUG reactor.netty.resources.PooledConnectionProvider - [id: 0x834a6289, L:/127.0.0.1:49920 - R:localhost/127.0.0.1:8081] onStateChange(GET{uri=/getAttractions, connection=PooledConnection{channel=[id: 0x834a6289, L:/127.0.0.1:49920 - R:localhost/127.0.0.1:8081]}}, [request_sent])
20:29:40.309 [reactor-http-nio-2] DEBUG reactor.netty.resources.PooledConnectionProvider - [id: 0xbbc840e5, L:/127.0.0.1:49882 - R:localhost/127.0.0.1:8081] onStateChange(GET{uri=/getAttractions, connection=PooledConnection{channel=[id: 0xbbc840e5, L:/127.0.0.1:49882 - R:localhost/127.0.0.1:8081]}}, [disconnecting])
20:29:40.309 [pool-15-thread-48] DEBUG org.springframework.web.reactive.function.client.ExchangeFunctions - [40c331e7] HTTP GET http://localhost:8082/getAttractionRewardPoints?attractionId=137450c0-c7d7-4bd7-874a-bbba93482f54&userId=dc3668c0-44fc-43e4-b7d5-1e5e5d4ba630
20:29:40.310 [reactor-http-nio-14] DEBUG org.springframework.web.reactive.function.client.ExchangeFunctions - [415c1ac1] Response 200 OK
20:29:40.311 [pool-15-thread-36] DEBUG org.springframework.web.reactive.function.client.ExchangeFunctions - [2ff6db26] HTTP GET http://localhost:8082/getAttractionRewardPoints?attractionId=c4fff6d4-3095-47ae-97bc-f3f517476b4d&userId=98264743-7625-424f-ab41-f310e7d15a3b
20:29:40.311 [pool-15-thread-43] DEBUG org.springframework.web.reactive.function.client.ExchangeFunctions - [11483194] HTTP GET http://localhost:8082/getAttractionRewardPoints?attractionId=277bbb97-bdb3-4351-b228-3ad86c6e472c&userId=c370d4fe-7a03-4264-8ef9-6870ff370d8b
20:29:40.311 [reactor-http-nio-12] DEBUG reactor.netty.resources.PooledConnectionProvider - [id: 0xb21cf120, L:/127.0.0.1:49952 - R:localhost/127.0.0.1:8082] onStateChange(GET{uri=/getAttractionRewardPoints?attractionId=604d8fee-d569-4692-8a99-715f28c4e3eb&userId=38dc0841-2c28-47e1-b83e-bf21be52cf70, connection=PooledConnection{channel=[id: 0xb21cf120, L:/127.0.0.1:49952 - R:localhost/127.0.0.1:8082]}}, [request_sent])
20:29:40.311 [reactor-http-nio-12] DEBUG reactor.netty.resources.PooledConnectionProvider - [id: 0xb21cf120, L:/127.0.0.1:49952 - R:localhost/127.0.0.1:8082] Channel connected, now 4 active connections and 16 inactive connections
20:29:40.311 [reactor-http-nio-14] DEBUG reactor.netty.channel.FluxReceive - [id: 0x0b723f2b, L:/127.0.0.1:49877 - R:localhost/127.0.0.1:8081] Subscribing inbound receiver [pending: 0, cancelled:false, inboundDone: false]
20:29:40.311 [reactor-http-nio-12] DEBUG reactor.netty.resources.PooledConnectionProvider - [id: 0x662a75f6] Created new pooled channel, now 4 active connections and 17 inactive connections
20:29:40.311 [reactor-http-nio-15] DEBUG org.springframework.core.codec.StringDecoder - [1c67effe] Decoded "{"userId":"c396b449-df93-43a1-93d2-e3d9b5b9b35a","location":{"longitude":135.34753,"latitude":-16.9 (truncated)...
20:29:40.311 [reactor-http-nio-15] DEBUG reactor.netty.resources.PooledConnectionProvider - [id: 0x5e54db3b, L:/127.0.0.1:49903 - R:localhost/127.0.0.1:8081] onStateChange(GET{uri=/getUserLocation?userId=c396b449-df93-43a1-93d2-e3d9b5b9b35a, connection=PooledConnection{channel=[id: 0x5e54db3b, L:/127.0.0.1:49903 - R:localhost/127.0.0.1:8081]}}, [disconnecting])
20:29:40.311 [reactor-http-nio-15] DEBUG reactor.netty.resources.PooledConnectionProvider - [id: 0x5e54db3b, L:/127.0.0.1:49903 - R:localhost/127.0.0.1:8081] Releasing channel
20:29:40.311 [reactor-http-nio-15] DEBUG reactor.netty.resources.PooledConnectionProvider - [id: 0x5e54db3b, L:/127.0.0.1:49903 - R:localhost/127.0.0.1:8081] Channel cleaned, now 28 active connections and 37 inactive connections
20:29:40.311 [reactor-http-nio-12] DEBUG reactor.netty.channel.BootstrapHandlers - [id: 0x662a75f6] Initialized pipeline DefaultChannelPipeline{(BootstrapHandlers$BootstrapInitializerHandler#0 = reactor.netty.channel.BootstrapHandlers$BootstrapInitializerHandler), (SimpleChannelPool$1#0 = io.netty.channel.pool.SimpleChannelPool$1), (reactor.left.httpCodec = io.netty.handler.codec.http.HttpClientCodec), (reactor.left.decompressor = io.netty.handler.codec.http.HttpContentDecompressor), (reactor.right.reactiveBridge = reactor.netty.channel.ChannelOperationsHandler)}
20:29:40.311 [reactor-http-nio-11] DEBUG reactor.netty.channel.FluxReceive - [id: 0xb9e4c7b3, L:/127.0.0.1:49933 - R:localhost/127.0.0.1:8081] Subscribing inbound receiver [pending: 0, cancelled:false, inboundDone: false]
20:29:40.311 [reactor-http-nio-2] DEBUG reactor.netty.resources.PooledConnectionProvider - [id: 0xbbc840e5, L:/127.0.0.1:49882 - R:localhost/127.0.0.1:8081] Releasing channel
20:29:40.311 [reactor-http-nio-15] DEBUG reactor.netty.http.client.HttpClientOperations - [id: 0xdfea8ccc, L:/127.0.0.1:49892 - R:localhost/127.0.0.1:8081] Received response (auto-read:false) : [Content-Type=application/json, Transfer-Encoding=chunked, Date=Tue, 29 Jun 2021 14:59:39 GMT]
20:29:40.312 [reactor-http-nio-2] DEBUG reactor.netty.resources.PooledConnectionProvider - [id: 0xbbc840e5, L:/127.0.0.1:49882 - R:localhost/127.0.0.1:8081] Channel cleaned, now 27 active connections and 38 inactive connections
20:29:40.312 [reactor-http-nio-11] DEBUG reactor.netty.http.client.HttpClientOperations - [id: 0xb9e4c7b3, L:/127.0.0.1:49933 - R:localhost/127.0.0.1:8081] Received last HTTP packet
20:29:40.312 [reactor-http-nio-12] DEBUG reactor.netty.resources.PooledConnectionProvider - [id: 0x662a75f6, L:/127.0.0.1:49953 - R:localhost/127.0.0.1:8082] onStateChange(PooledConnection{channel=[id: 0x662a75f6, L:/127.0.0.1:49953 - R:localhost/127.0.0.1:8082]}, [connected])
20:29:40.311 [reactor-http-nio-13] DEBUG reactor.netty.resources.PooledConnectionProvider - [id: 0xc99de1ee] Created new pooled channel, now 4 active connections and 16 inactive connections
20:29:40.311 [reactor-http-nio-14] DEBUG reactor.netty.http.client.HttpClientOperations - [id: 0x0b723f2b, L:/127.0.0.1:49877 - R:localhost/127.0.0.1:8081] Received last HTTP packet
20:29:40.312 [reactor-http-nio-11] DEBUG org.springframework.core.codec.StringDecoder - [3ec01ded] Decoded "[{"longitude":-117.922008,"latitude":33.817595,"attractionName":"Disneyland","city":"Anaheim","stat (truncated)...
20:29:40.312 [reactor-http-nio-15] DEBUG reactor.netty.resources.PooledConnectionProvider - [id: 0xdfea8ccc, L:/127.0.0.1:49892 - R:localhost/127.0.0.1:8081] onStateChange(GET{uri=/getAttractions, connection=PooledConnection{channel=[id: 0xdfea8ccc, L:/127.0.0.1:49892 - R:localhost/127.0.0.1:8081]}}, [response_received])
20:29:40.312 [reactor-http-nio-11] DEBUG reactor.netty.resources.PooledConnectionProvider - [id: 0xb9e4c7b3, L:/127.0.0.1:49933 - R:localhost/127.0.0.1:8081] onStateChange(GET{uri=/getAttractions, connection=PooledConnection{channel=[id: 0xb9e4c7b3, L:/127.0.0.1:49933 - R:localhost/127.0.0.1:8081]}}, [disconnecting])
20:29:40.312 [reactor-http-nio-11] DEBUG reactor.netty.resources.PooledConnectionProvider - [id: 0xb9e4c7b3, L:/127.0.0.1:49933 - R:localhost/127.0.0.1:8081] Releasing channel
20:29:40.312 [reactor-http-nio-15] DEBUG org.springframework.web.reactive.function.client.ExchangeFunctions - [398c80ee] Response 200 OK
20:29:40.312 [reactor-http-nio-2] DEBUG reactor.netty.http.client.HttpClientOperations - [id: 0x7dd6550e, L:/127.0.0.1:49925 - R:localhost/127.0.0.1:8081] Received response (auto-read:false) : [Content-Type=application/json, Transfer-Encoding=chunked, Date=Tue, 29 Jun 2021 14:59:39 GMT]
20:29:40.312 [reactor-http-nio-12] DEBUG reactor.netty.resources.PooledConnectionProvider - [id: 0x662a75f6, L:/127.0.0.1:49953 - R:localhost/127.0.0.1:8082] onStateChange(GET{uri=/, connection=PooledConnection{channel=[id: 0x662a75f6, L:/127.0.0.1:49953 - R:localhost/127.0.0.1:8082]}}, [configured])
20:29:40.312 [reactor-http-nio-12] DEBUG reactor.netty.resources.PooledConnectionProvider - [id: 0x662a75f6, L:/127.0.0.1:49953 - R:localhost/127.0.0.1:8082] Registering pool release on close event for channel
20:29:40.312 [reactor-http-nio-14] DEBUG org.springframework.core.codec.StringDecoder - [415c1ac1] Decoded "[{"longitude":-117.922008,"latitude":33.817595,"attractionName":"Disneyland","city":"Anaheim","stat (truncated)...
20:29:40.312 [reactor-http-nio-12] DEBUG reactor.netty.http.client.HttpClientConnect - [id: 0x662a75f6, L:/127.0.0.1:49953 - R:localhost/127.0.0.1:8082] Handler is being applied: {uri=http://localhost:8082/getAttractionRewardPoints?attractionId=e69887dc-6a5d-442d-9c6a-fab0b00e1777&userId=462a37f4-f297-4fef-a6c1-0dfc60d1c34e, method=GET}
20:29:40.312 [reactor-http-nio-14] DEBUG reactor.netty.resources.PooledConnectionProvider - [id: 0x0b723f2b, L:/127.0.0.1:49877 - R:localhost/127.0.0.1:8081] onStateChange(GET{uri=/getAttractions, connection=PooledConnection{channel=[id: 0x0b723f2b, L:/127.0.0.1:49877 - R:localhost/127.0.0.1:8081]}}, [disconnecting])
20:29:40.312 [reactor-http-nio-14] DEBUG reactor.netty.resources.PooledConnectionProvider - [id: 0x0b723f2b, L:/127.0.0.1:49877 - R:localhost/127.0.0.1:8081] Releasing channel
20:29:40.312 [reactor-http-nio-15] DEBUG reactor.netty.channel.FluxReceive - [id: 0xdfea8ccc, L:/127.0.0.1:49892 - R:localhost/127.0.0.1:8081] Subscribing inbound receiver [pending: 0, cancelled:false, inboundDone: false]
20:29:40.312 [reactor-http-nio-14] DEBUG reactor.netty.resources.PooledConnectionProvider - [id: 0x0b723f2b, L:/127.0.0.1:49877 - R:localhost/127.0.0.1:8081] Channel cleaned, now 25 active connections and 40 inactive connections
20:29:40.312 [reactor-http-nio-15] DEBUG reactor.netty.http.client.HttpClientOperations - [id: 0xdfea8ccc, L:/127.0.0.1:49892 - R:localhost/127.0.0.1:8081] Received last HTTP packet
20:29:40.312 [reactor-http-nio-14] DEBUG reactor.netty.resources.PooledConnectionProvider - [id: 0x01a5d163, L:/127.0.0.1:49946 - R:localhost/127.0.0.1:8082] onStateChange(PooledConnection{channel=[id: 0x01a5d163, L:/127.0.0.1:49946 - R:localhost/127.0.0.1:8082]}, [connected])
20:29:40.312 [reactor-http-nio-14] DEBUG reactor.netty.resources.PooledConnectionProvider - [id: 0x01a5d163, L:/127.0.0.1:49946 - R:localhost/127.0.0.1:8082] onStateChange(GET{uri=/, connection=PooledConnection{channel=[id: 0x01a5d163, L:/127.0.0.1:49946 - R:localhost/127.0.0.1:8082]}}, [configured])
20:29:40.312 [reactor-http-nio-12] DEBUG reactor.netty.resources.PooledConnectionProvider - [id: 0x662a75f6, L:/127.0.0.1:49953 - R:localhost/127.0.0.1:8082] onStateChange(GET{uri=/getAttractionRewardPoints?attractionId=e69887dc-6a5d-442d-9c6a-fab0b00e1777&userId=462a37f4-f297-4fef-a6c1-0dfc60d1c34e, connection=PooledConnection{channel=[id: 0x662a75f6, L:/127.0.0.1:49953 - R:localhost/127.0.0.1:8082]}}, [request_sent])
20:29:40.312 [reactor-http-nio-14] DEBUG reactor.netty.resources.PooledConnectionProvider - [id: 0x5e075b23, L:/127.0.0.1:49947 - R:localhost/127.0.0.1:8082] onStateChange(PooledConnection{channel=[id: 0x5e075b23, L:/127.0.0.1:49947 - R:localhost/127.0.0.1:8082]}, [connected])
20:29:40.312 [reactor-http-nio-11] DEBUG reactor.netty.resources.PooledConnectionProvider - [id: 0xb9e4c7b3, L:/127.0.0.1:49933 - R:localhost/127.0.0.1:8081] Channel cleaned, now 26 active connections and 39 inactive connections
20:29:40.313 [reactor-http-nio-14] DEBUG reactor.netty.resources.PooledConnectionProvider - [id: 0x5e075b23, L:/127.0.0.1:49947 - R:localhost/127.0.0.1:8082] onStateChange(GET{uri=/, connection=PooledConnection{channel=[id: 0x5e075b23, L:/127.0.0.1:49947 - R:localhost/127.0.0.1:8082]}}, [configured])
20:29:40.312 [reactor-http-nio-13] DEBUG reactor.netty.channel.BootstrapHandlers - [id: 0xc99de1ee] Initialized pipeline DefaultChannelPipeline{(BootstrapHandlers$BootstrapInitializerHandler#0 = reactor.netty.channel.BootstrapHandlers$BootstrapInitializerHandler), (SimpleChannelPool$1#0 = io.netty.channel.pool.SimpleChannelPool$1), (reactor.left.httpCodec = io.netty.handler.codec.http.HttpClientCodec), (reactor.left.decompressor = io.netty.handler.codec.http.HttpContentDecompressor), (reactor.right.reactiveBridge = reactor.netty.channel.ChannelOperationsHandler)}
20:29:40.312 [pool-14-thread-1] DEBUG org.springframework.web.reactive.function.client.ExchangeFunctions - [12a01202] HTTP GET http://localhost:8081/getAttractions
20:29:40.313 [reactor-http-nio-13] DEBUG reactor.netty.resources.PooledConnectionProvider - [id: 0xaeb92e55] Created new pooled channel, now 5 active connections and 17 inactive connections
20:29:40.312 [reactor-http-nio-12] DEBUG reactor.netty.resources.PooledConnectionProvider - [id: 0x662a75f6, L:/127.0.0.1:49953 - R:localhost/127.0.0.1:8082] Channel connected, now 5 active connections and 16 inactive connections
20:29:40.313 [reactor-http-nio-13] DEBUG reactor.netty.channel.BootstrapHandlers - [id: 0xaeb92e55] Initialized pipeline DefaultChannelPipeline{(BootstrapHandlers$BootstrapInitializerHandler#0 = reactor.netty.channel.BootstrapHandlers$BootstrapInitializerHandler), (SimpleChannelPool$1#0 = io.netty.channel.pool.SimpleChannelPool$1), (reactor.left.httpCodec = io.netty.handler.codec.http.HttpClientCodec), (reactor.left.decompressor = io.netty.handler.codec.http.HttpContentDecompressor), (reactor.right.reactiveBridge = reactor.netty.channel.ChannelOperationsHandler)}
20:29:40.313 [reactor-http-nio-10] DEBUG reactor.netty.resources.PooledConnectionProvider - [id: 0xb00ef751, L:/127.0.0.1:49896 - R:localhost/127.0.0.1:8081] Channel acquired, now 26 active connections and 39 inactive connections
20:29:40.313 [reactor-http-nio-13] DEBUG reactor.netty.resources.PooledConnectionProvider - [id: 0x65bd51d7] Created new pooled channel, now 5 active connections and 18 inactive connections
20:29:40.313 [reactor-http-nio-13] DEBUG reactor.netty.channel.BootstrapHandlers - [id: 0x65bd51d7] Initialized pipeline DefaultChannelPipeline{(BootstrapHandlers$BootstrapInitializerHandler#0 = reactor.netty.channel.BootstrapHandlers$BootstrapInitializerHandler), (SimpleChannelPool$1#0 = io.netty.channel.pool.SimpleChannelPool$1), (reactor.left.httpCodec = io.netty.handler.codec.http.HttpClientCodec), (reactor.left.decompressor = io.netty.handler.codec.http.HttpContentDecompressor), (reactor.right.reactiveBridge = reactor.netty.channel.ChannelOperationsHandler)}
20:29:40.312 [reactor-http-nio-2] DEBUG reactor.netty.resources.PooledConnectionProvider - [id: 0x7dd6550e, L:/127.0.0.1:49925 - R:localhost/127.0.0.1:8081] onStateChange(GET{uri=/getAttractions, connection=PooledConnection{channel=[id: 0x7dd6550e, L:/127.0.0.1:49925 - R:localhost/127.0.0.1:8081]}}, [response_received])
20:29:40.313 [reactor-http-nio-13] DEBUG reactor.netty.resources.PooledConnectionProvider - [id: 0xf2b4090b] Created new pooled channel, now 5 active connections and 19 inactive connections
20:29:40.313 [pool-15-thread-51] DEBUG org.springframework.web.reactive.function.client.ExchangeFunctions - [4f9bfc9a] HTTP GET http://localhost:8082/getAttractionRewardPoints?attractionId=df9fb0e9-e539-4a8d-8dc6-8912bf80c649&userId=c094580a-3e97-4eec-9f10-49849efba5b0
20:29:40.312 [reactor-http-nio-15] DEBUG org.springframework.core.codec.StringDecoder - [398c80ee] Decoded "[{"longitude":-117.922008,"latitude":33.817595,"attractionName":"Disneyland","city":"Anaheim","stat (truncated)...
20:29:40.313 [reactor-http-nio-14] DEBUG reactor.netty.resources.PooledConnectionProvider - [id: 0xbf5565fb, L:/127.0.0.1:49948 - R:localhost/127.0.0.1:8082] onStateChange(PooledConnection{channel=[id: 0xbf5565fb, L:/127.0.0.1:49948 - R:localhost/127.0.0.1:8082]}, [connected])
20:29:40.314 [reactor-http-nio-2] DEBUG org.springframework.web.reactive.function.client.ExchangeFunctions - [67a18c50] Response 200 OK
20:29:40.314 [reactor-http-nio-14] DEBUG reactor.netty.resources.PooledConnectionProvider - [id: 0xbf5565fb, L:/127.0.0.1:49948 - R:localhost/127.0.0.1:8082] onStateChange(GET{uri=/, connection=PooledConnection{channel=[id: 0xbf5565fb, L:/127.0.0.1:49948 - R:localhost/127.0.0.1:8082]}}, [configured])
20:29:40.314 [reactor-http-nio-14] DEBUG reactor.netty.resources.PooledConnectionProvider - [id: 0xef78899f] Created new pooled channel, now 5 active connections and 20 inactive connections
20:29:40.313 [reactor-http-nio-11] DEBUG reactor.netty.http.client.HttpClientOperations - [id: 0xd4c90cec, L:/127.0.0.1:49883 - R:localhost/127.0.0.1:8081] Received response (auto-read:false) : [Content-Type=application/json, Transfer-Encoding=chunked, Date=Tue, 29 Jun 2021 14:59:39 GMT]
20:29:40.314 [reactor-http-nio-11] DEBUG reactor.netty.resources.PooledConnectionProvider - [id: 0xd4c90cec, L:/127.0.0.1:49883 - R:localhost/127.0.0.1:8081] onStateChange(GET{uri=/getAttractions, connection=PooledConnection{channel=[id: 0xd4c90cec, L:/127.0.0.1:49883 - R:localhost/127.0.0.1:8081]}}, [response_received])
20:29:40.314 [reactor-http-nio-14] DEBUG reactor.netty.channel.BootstrapHandlers - [id: 0xef78899f] Initialized pipeline DefaultChannelPipeline{(BootstrapHandlers$BootstrapInitializerHandler#0 = reactor.netty.channel.BootstrapHandlers$BootstrapInitializerHandler), (SimpleChannelPool$1#0 = io.netty.channel.pool.SimpleChannelPool$1), (reactor.left.httpCodec = io.netty.handler.codec.http.HttpClientCodec), (reactor.left.decompressor = io.netty.handler.codec.http.HttpContentDecompressor), (reactor.right.reactiveBridge = reactor.netty.channel.ChannelOperationsHandler)}
20:29:40.314 [reactor-http-nio-2] DEBUG reactor.netty.channel.FluxReceive - [id: 0x7dd6550e, L:/127.0.0.1:49925 - R:localhost/127.0.0.1:8081] Subscribing inbound receiver [pending: 0, cancelled:false, inboundDone: false]
20:29:40.313 [reactor-http-nio-10] DEBUG reactor.netty.http.client.HttpClientConnect - [id: 0xb00ef751, L:/127.0.0.1:49896 - R:localhost/127.0.0.1:8081] Handler is being applied: {uri=http://localhost:8081/getAttractions, method=GET}
20:29:40.313 [pool-15-thread-30] DEBUG org.springframework.web.reactive.function.client.ExchangeFunctions - [3007f445] HTTP GET http://localhost:8082/getAttractionRewardPoints?attractionId=8ea262ab-84fa-45d2-83ef-19062b60db81&userId=c967b345-c67b-45bc-8353-1d5c5c1d0a54
20:29:40.314 [reactor-http-nio-11] DEBUG org.springframework.web.reactive.function.client.ExchangeFunctions - [204bb5be] Response 200 OK
20:29:40.314 [reactor-http-nio-10] DEBUG reactor.netty.resources.PooledConnectionProvider - [id: 0xb00ef751, L:/127.0.0.1:49896 - R:localhost/127.0.0.1:8081] onStateChange(GET{uri=/getAttractions, connection=PooledConnection{channel=[id: 0xb00ef751, L:/127.0.0.1:49896 - R:localhost/127.0.0.1:8081]}}, [request_sent])
20:29:40.314 [reactor-http-nio-10] DEBUG reactor.netty.resources.PooledConnectionProvider - [id: 0x0ceedb0f] Created new pooled channel, now 6 active connections and 20 inactive connections
20:29:40.314 [reactor-http-nio-11] DEBUG reactor.netty.channel.FluxReceive - [id: 0xd4c90cec, L:/127.0.0.1:49883 - R:localhost/127.0.0.1:8081] Subscribing inbound receiver [pending: 0, cancelled:false, inboundDone: false]
20:29:40.315 [reactor-http-nio-10] DEBUG reactor.netty.channel.BootstrapHandlers - [id: 0x0ceedb0f] Initialized pipeline DefaultChannelPipeline{(BootstrapHandlers$BootstrapInitializerHandler#0 = reactor.netty.channel.BootstrapHandlers$BootstrapInitializerHandler), (SimpleChannelPool$1#0 = io.netty.channel.pool.SimpleChannelPool$1), (reactor.left.httpCodec = io.netty.handler.codec.http.HttpClientCodec), (reactor.left.decompressor = io.netty.handler.codec.http.HttpContentDecompressor), (reactor.right.reactiveBridge = reactor.netty.channel.ChannelOperationsHandler)}
20:29:40.315 [reactor-http-nio-11] DEBUG reactor.netty.http.client.HttpClientOperations - [id: 0xd4c90cec, L:/127.0.0.1:49883 - R:localhost/127.0.0.1:8081] Received last HTTP packet
20:29:40.315 [pool-15-thread-34] DEBUG org.springframework.web.reactive.function.client.ExchangeFunctions - [374b79af] HTTP GET http://localhost:8082/getAttractionRewardPoints?attractionId=8d514372-5fc5-4791-9b14-ed040881395c&userId=d9ace215-e2f2-46fd-b8f0-0b0fdfa8a5e3
20:29:40.313 [reactor-http-nio-13] DEBUG reactor.netty.channel.BootstrapHandlers - [id: 0xf2b4090b] Initialized pipeline DefaultChannelPipeline{(BootstrapHandlers$BootstrapInitializerHandler#0 = reactor.netty.channel.BootstrapHandlers$BootstrapInitializerHandler), (SimpleChannelPool$1#0 = io.netty.channel.pool.SimpleChannelPool$1), (reactor.left.httpCodec = io.netty.handler.codec.http.HttpClientCodec), (reactor.left.decompressor = io.netty.handler.codec.http.HttpContentDecompressor), (reactor.right.reactiveBridge = reactor.netty.channel.ChannelOperationsHandler)}
20:29:40.315 [reactor-http-nio-10] DEBUG reactor.netty.resources.PooledConnectionProvider - [id: 0x0ceedb0f, L:/127.0.0.1:49954 - R:localhost/127.0.0.1:8082] onStateChange(PooledConnection{channel=[id: 0x0ceedb0f, L:/127.0.0.1:49954 - R:localhost/127.0.0.1:8082]}, [connected])
20:29:40.314 [reactor-http-nio-15] DEBUG reactor.netty.resources.PooledConnectionProvider - [id: 0xdfea8ccc, L:/127.0.0.1:49892 - R:localhost/127.0.0.1:8081] onStateChange(GET{uri=/getAttractions, connection=PooledConnection{channel=[id: 0xdfea8ccc, L:/127.0.0.1:49892 - R:localhost/127.0.0.1:8081]}}, [disconnecting])
20:29:40.315 [reactor-http-nio-15] DEBUG reactor.netty.resources.PooledConnectionProvider - [id: 0xdfea8ccc, L:/127.0.0.1:49892 - R:localhost/127.0.0.1:8081] Releasing channel
20:29:40.315 [reactor-http-nio-15] DEBUG reactor.netty.resources.PooledConnectionProvider - [id: 0xdfea8ccc, L:/127.0.0.1:49892 - R:localhost/127.0.0.1:8081] Channel cleaned, now 25 active connections and 40 inactive connections
20:29:40.314 [reactor-http-nio-14] DEBUG reactor.netty.resources.PooledConnectionProvider - [id: 0x5e075b23, L:/127.0.0.1:49947 - R:localhost/127.0.0.1:8082] Registering pool release on close event for channel
20:29:40.315 [reactor-http-nio-14] DEBUG reactor.netty.http.client.HttpClientConnect - [id: 0x5e075b23, L:/127.0.0.1:49947 - R:localhost/127.0.0.1:8082] Handler is being applied: {uri=http://localhost:8082/getAttractionRewardPoints?attractionId=6f95ac1f-fa71-4f46-9a3d-e9b4f8d574bc&userId=7d1033ba-128d-4e09-bb3d-58647812bcd2, method=GET}
20:29:40.314 [reactor-http-nio-2] DEBUG reactor.netty.http.client.HttpClientOperations - [id: 0x7dd6550e, L:/127.0.0.1:49925 - R:localhost/127.0.0.1:8081] Received last HTTP packet
20:29:40.315 [reactor-http-nio-12] DEBUG reactor.netty.resources.PooledConnectionProvider - [id: 0xd3e383bb] Created new pooled channel, now 6 active connections and 21 inactive connections
20:29:40.316 [reactor-http-nio-12] DEBUG reactor.netty.channel.BootstrapHandlers - [id: 0xd3e383bb] Initialized pipeline DefaultChannelPipeline{(BootstrapHandlers$BootstrapInitializerHandler#0 = reactor.netty.channel.BootstrapHandlers$BootstrapInitializerHandler), (SimpleChannelPool$1#0 = io.netty.channel.pool.SimpleChannelPool$1), (reactor.left.httpCodec = io.netty.handler.codec.http.HttpClientCodec), (reactor.left.decompressor = io.netty.handler.codec.http.HttpContentDecompressor), (reactor.right.reactiveBridge = reactor.netty.channel.ChannelOperationsHandler)}
20:29:40.315 [reactor-http-nio-11] DEBUG org.springframework.core.codec.StringDecoder - [204bb5be] Decoded "[{"longitude":-117.922008,"latitude":33.817595,"attractionName":"Disneyland","city":"Anaheim","stat (truncated)...
20:29:40.315 [reactor-http-nio-10] DEBUG reactor.netty.resources.PooledConnectionProvider - [id: 0x0ceedb0f, L:/127.0.0.1:49954 - R:localhost/127.0.0.1:8082] onStateChange(GET{uri=/, connection=PooledConnection{channel=[id: 0x0ceedb0f, L:/127.0.0.1:49954 - R:localhost/127.0.0.1:8082]}}, [configured])
20:29:40.316 [reactor-http-nio-11] DEBUG reactor.netty.resources.PooledConnectionProvider - [id: 0xd4c90cec, L:/127.0.0.1:49883 - R:localhost/127.0.0.1:8081] onStateChange(GET{uri=/getAttractions, connection=PooledConnection{channel=[id: 0xd4c90cec, L:/127.0.0.1:49883 - R:localhost/127.0.0.1:8081]}}, [disconnecting])
20:29:40.316 [reactor-http-nio-11] DEBUG reactor.netty.resources.PooledConnectionProvider - [id: 0xd4c90cec, L:/127.0.0.1:49883 - R:localhost/127.0.0.1:8081] Releasing channel
20:29:40.315 [reactor-http-nio-15] DEBUG reactor.netty.resources.PooledConnectionProvider - [id: 0xd13dd737] Created new pooled channel, now 6 active connections and 22 inactive connections
20:29:40.316 [reactor-http-nio-11] DEBUG reactor.netty.resources.PooledConnectionProvider - [id: 0xd4c90cec, L:/127.0.0.1:49883 - R:localhost/127.0.0.1:8081] Channel cleaned, now 24 active connections and 41 inactive connections
20:29:40.316 [reactor-http-nio-12] DEBUG reactor.netty.resources.PooledConnectionProvider - [id: 0xd3e383bb, L:/127.0.0.1:49956 - R:localhost/127.0.0.1:8082] onStateChange(PooledConnection{channel=[id: 0xd3e383bb, L:/127.0.0.1:49956 - R:localhost/127.0.0.1:8082]}, [connected])
20:29:40.316 [reactor-http-nio-15] DEBUG reactor.netty.channel.BootstrapHandlers - [id: 0xd13dd737] Initialized pipeline DefaultChannelPipeline{(BootstrapHandlers$BootstrapInitializerHandler#0 = reactor.netty.channel.BootstrapHandlers$BootstrapInitializerHandler), (SimpleChannelPool$1#0 = io.netty.channel.pool.SimpleChannelPool$1), (reactor.left.httpCodec = io.netty.handler.codec.http.HttpClientCodec), (reactor.left.decompressor = io.netty.handler.codec.http.HttpContentDecompressor), (reactor.right.reactiveBridge = reactor.netty.channel.ChannelOperationsHandler)}
20:29:40.316 [reactor-http-nio-12] DEBUG reactor.netty.resources.PooledConnectionProvider - [id: 0xd3e383bb, L:/127.0.0.1:49956 - R:localhost/127.0.0.1:8082] onStateChange(GET{uri=/, connection=PooledConnection{channel=[id: 0xd3e383bb, L:/127.0.0.1:49956 - R:localhost/127.0.0.1:8082]}}, [configured])
20:29:40.316 [reactor-http-nio-11] DEBUG reactor.netty.http.client.HttpClientOperations - [id: 0xa8d1cb41, L:/127.0.0.1:49934 - R:localhost/127.0.0.1:8081] Received response (auto-read:false) : [Content-Type=application/json, Transfer-Encoding=chunked, Date=Tue, 29 Jun 2021 14:59:39 GMT]
20:29:40.316 [reactor-http-nio-11] DEBUG reactor.netty.resources.PooledConnectionProvider - [id: 0xa8d1cb41, L:/127.0.0.1:49934 - R:localhost/127.0.0.1:8081] onStateChange(GET{uri=/getAttractions, connection=PooledConnection{channel=[id: 0xa8d1cb41, L:/127.0.0.1:49934 - R:localhost/127.0.0.1:8081]}}, [response_received])
20:29:40.316 [reactor-http-nio-11] DEBUG org.springframework.web.reactive.function.client.ExchangeFunctions - [13256ef1] Response 200 OK
20:29:40.316 [reactor-http-nio-2] DEBUG org.springframework.core.codec.StringDecoder - [67a18c50] Decoded "[{"longitude":-117.922008,"latitude":33.817595,"attractionName":"Disneyland","city":"Anaheim","stat (truncated)...
20:29:40.316 [reactor-http-nio-11] DEBUG reactor.netty.channel.FluxReceive - [id: 0xa8d1cb41, L:/127.0.0.1:49934 - R:localhost/127.0.0.1:8081] Subscribing inbound receiver [pending: 0, cancelled:false, inboundDone: false]
20:29:40.317 [reactor-http-nio-2] DEBUG reactor.netty.resources.PooledConnectionProvider - [id: 0x7dd6550e, L:/127.0.0.1:49925 - R:localhost/127.0.0.1:8081] onStateChange(GET{uri=/getAttractions, connection=PooledConnection{channel=[id: 0x7dd6550e, L:/127.0.0.1:49925 - R:localhost/127.0.0.1:8081]}}, [disconnecting])
20:29:40.317 [reactor-http-nio-2] DEBUG reactor.netty.resources.PooledConnectionProvider - [id: 0x7dd6550e, L:/127.0.0.1:49925 - R:localhost/127.0.0.1:8081] Releasing channel
20:29:40.317 [reactor-http-nio-2] DEBUG reactor.netty.resources.PooledConnectionProvider - [id: 0x7dd6550e, L:/127.0.0.1:49925 - R:localhost/127.0.0.1:8081] Channel cleaned, now 23 active connections and 42 inactive connections
20:29:40.317 [pool-15-thread-32] DEBUG org.springframework.web.reactive.function.client.ExchangeFunctions - [2e8c4fc7] HTTP GET http://localhost:8082/getAttractionRewardPoints?attractionId=2d1dce36-858c-4ea7-8080-1b6bf6126eb9&userId=40cd76c2-6a5f-4e45-8ebd-d4ea5a9a6125
20:29:40.316 [reactor-http-nio-13] DEBUG reactor.netty.resources.PooledConnectionProvider - [id: 0xf9edb90a] Created new pooled channel, now 6 active connections and 23 inactive connections
20:29:40.317 [reactor-http-nio-2] DEBUG reactor.netty.http.client.HttpClientOperations - [id: 0x5d20b19f, L:/127.0.0.1:49926 - R:localhost/127.0.0.1:8081] Received response (auto-read:false) : [Content-Type=application/json, Transfer-Encoding=chunked, Date=Tue, 29 Jun 2021 14:59:39 GMT]
20:29:40.317 [reactor-http-nio-2] DEBUG reactor.netty.resources.PooledConnectionProvider - [id: 0x5d20b19f, L:/127.0.0.1:49926 - R:localhost/127.0.0.1:8081] onStateChange(GET{uri=/getAttractions, connection=PooledConnection{channel=[id: 0x5d20b19f, L:/127.0.0.1:49926 - R:localhost/127.0.0.1:8081]}}, [response_received])
20:29:40.317 [reactor-http-nio-11] DEBUG reactor.netty.http.client.HttpClientOperations - [id: 0xa8d1cb41, L:/127.0.0.1:49934 - R:localhost/127.0.0.1:8081] Received last HTTP packet
20:29:40.316 [reactor-http-nio-14] DEBUG reactor.netty.resources.PooledConnectionProvider - [id: 0x5e075b23, L:/127.0.0.1:49947 - R:localhost/127.0.0.1:8082] onStateChange(GET{uri=/getAttractionRewardPoints?attractionId=6f95ac1f-fa71-4f46-9a3d-e9b4f8d574bc&userId=7d1033ba-128d-4e09-bb3d-58647812bcd2, connection=PooledConnection{channel=[id: 0x5e075b23, L:/127.0.0.1:49947 - R:localhost/127.0.0.1:8082]}}, [request_sent])
20:29:40.317 [reactor-http-nio-13] DEBUG reactor.netty.channel.BootstrapHandlers - [id: 0xf9edb90a] Initialized pipeline DefaultChannelPipeline{(BootstrapHandlers$BootstrapInitializerHandler#0 = reactor.netty.channel.BootstrapHandlers$BootstrapInitializerHandler), (SimpleChannelPool$1#0 = io.netty.channel.pool.SimpleChannelPool$1), (reactor.left.httpCodec = io.netty.handler.codec.http.HttpClientCodec), (reactor.left.decompressor = io.netty.handler.codec.http.HttpContentDecompressor), (reactor.right.reactiveBridge = reactor.netty.channel.ChannelOperationsHandler)}
20:29:40.317 [reactor-http-nio-14] DEBUG reactor.netty.resources.PooledConnectionProvider - [id: 0x5e075b23, L:/127.0.0.1:49947 - R:localhost/127.0.0.1:8082] Channel connected, now 6 active connections and 24 inactive connections
20:29:40.317 [reactor-http-nio-11] DEBUG org.springframework.core.codec.StringDecoder - [13256ef1] Decoded "[{"longitude":-117.922008,"latitude":33.817595,"attractionName":"Disneyland","city":"Anaheim","stat (truncated)...
20:29:40.317 [reactor-http-nio-11] DEBUG reactor.netty.resources.PooledConnectionProvider - [id: 0xa8d1cb41, L:/127.0.0.1:49934 - R:localhost/127.0.0.1:8081] onStateChange(GET{uri=/getAttractions, connection=PooledConnection{channel=[id: 0xa8d1cb41, L:/127.0.0.1:49934 - R:localhost/127.0.0.1:8081]}}, [disconnecting])
20:29:40.317 [reactor-http-nio-11] DEBUG reactor.netty.resources.PooledConnectionProvider - [id: 0xa8d1cb41, L:/127.0.0.1:49934 - R:localhost/127.0.0.1:8081] Releasing channel
20:29:40.317 [reactor-http-nio-14] DEBUG reactor.netty.resources.PooledConnectionProvider - [id: 0x26eebc06] Created new pooled channel, now 6 active connections and 26 inactive connections
20:29:40.317 [reactor-http-nio-16] DEBUG reactor.netty.resources.PooledConnectionProvider - [id: 0xc5639ab4] Created new pooled channel, now 6 active connections and 27 inactive connections
20:29:40.317 [reactor-http-nio-14] DEBUG reactor.netty.channel.BootstrapHandlers - [id: 0x26eebc06] Initialized pipeline DefaultChannelPipeline{(BootstrapHandlers$BootstrapInitializerHandler#0 = reactor.netty.channel.BootstrapHandlers$BootstrapInitializerHandler), (SimpleChannelPool$1#0 = io.netty.channel.pool.SimpleChannelPool$1), (reactor.left.httpCodec = io.netty.handler.codec.http.HttpClientCodec), (reactor.left.decompressor = io.netty.handler.codec.http.HttpContentDecompressor), (reactor.right.reactiveBridge = reactor.netty.channel.ChannelOperationsHandler)}
20:29:40.317 [reactor-http-nio-11] DEBUG reactor.netty.resources.PooledConnectionProvider - [id: 0xa8d1cb41, L:/127.0.0.1:49934 - R:localhost/127.0.0.1:8081] Channel cleaned, now 22 active connections and 43 inactive connections
20:29:40.317 [reactor-http-nio-16] DEBUG reactor.netty.channel.BootstrapHandlers - [id: 0xc5639ab4] Initialized pipeline DefaultChannelPipeline{(BootstrapHandlers$BootstrapInitializerHandler#0 = reactor.netty.channel.BootstrapHandlers$BootstrapInitializerHandler), (SimpleChannelPool$1#0 = io.netty.channel.pool.SimpleChannelPool$1), (reactor.left.httpCodec = io.netty.handler.codec.http.HttpClientCodec), (reactor.left.decompressor = io.netty.handler.codec.http.HttpContentDecompressor), (reactor.right.reactiveBridge = reactor.netty.channel.ChannelOperationsHandler)}
20:29:40.316 [reactor-http-nio-15] DEBUG reactor.netty.resources.PooledConnectionProvider - [id: 0xcbdafd8d] Created new pooled channel, now 6 active connections and 24 inactive connections
20:29:40.317 [reactor-http-nio-2] DEBUG org.springframework.web.reactive.function.client.ExchangeFunctions - [31e3fdf9] Response 200 OK
20:29:40.318 [reactor-http-nio-11] DEBUG reactor.netty.http.client.HttpClientOperations - [id: 0x952ee786, L:/127.0.0.1:49873 - R:localhost/127.0.0.1:8081] Received response (auto-read:false) : [Content-Type=application/json, Transfer-Encoding=chunked, Date=Tue, 29 Jun 2021 14:59:39 GMT]
20:29:40.318 [reactor-http-nio-14] DEBUG reactor.netty.resources.PooledConnectionProvider - [id: 0xef78899f, L:/127.0.0.1:49957 - R:localhost/127.0.0.1:8082] onStateChange(PooledConnection{channel=[id: 0xef78899f, L:/127.0.0.1:49957 - R:localhost/127.0.0.1:8082]}, [connected])
20:29:40.318 [reactor-http-nio-15] DEBUG reactor.netty.channel.BootstrapHandlers - [id: 0xcbdafd8d] Initialized pipeline DefaultChannelPipeline{(BootstrapHandlers$BootstrapInitializerHandler#0 = reactor.netty.channel.BootstrapHandlers$BootstrapInitializerHandler), (SimpleChannelPool$1#0 = io.netty.channel.pool.SimpleChannelPool$1), (reactor.left.httpCodec = io.netty.handler.codec.http.HttpClientCodec), (reactor.left.decompressor = io.netty.handler.codec.http.HttpContentDecompressor), (reactor.right.reactiveBridge = reactor.netty.channel.ChannelOperationsHandler)}
20:29:40.318 [reactor-http-nio-14] DEBUG reactor.netty.resources.PooledConnectionProvider - [id: 0xef78899f, L:/127.0.0.1:49957 - R:localhost/127.0.0.1:8082] onStateChange(GET{uri=/, connection=PooledConnection{channel=[id: 0xef78899f, L:/127.0.0.1:49957 - R:localhost/127.0.0.1:8082]}}, [configured])
20:29:40.318 [reactor-http-nio-14] DEBUG reactor.netty.resources.PooledConnectionProvider - [id: 0xef78899f, L:/127.0.0.1:49957 - R:localhost/127.0.0.1:8082] Registering pool release on close event for channel
20:29:40.318 [reactor-http-nio-14] DEBUG reactor.netty.http.client.HttpClientConnect - [id: 0xef78899f, L:/127.0.0.1:49957 - R:localhost/127.0.0.1:8082] Handler is being applied: {uri=http://localhost:8082/getAttractionRewardPoints?attractionId=c4fff6d4-3095-47ae-97bc-f3f517476b4d&userId=98264743-7625-424f-ab41-f310e7d15a3b, method=GET}
20:29:40.318 [reactor-http-nio-16] DEBUG reactor.netty.resources.PooledConnectionProvider - [id: 0xc5639ab4, L:/127.0.0.1:49959 - R:localhost/127.0.0.1:8082] onStateChange(PooledConnection{channel=[id: 0xc5639ab4, L:/127.0.0.1:49959 - R:localhost/127.0.0.1:8082]}, [connected])
20:29:40.318 [reactor-http-nio-14] DEBUG reactor.netty.resources.PooledConnectionProvider - [id: 0xef78899f, L:/127.0.0.1:49957 - R:localhost/127.0.0.1:8082] onStateChange(GET{uri=/getAttractionRewardPoints?attractionId=c4fff6d4-3095-47ae-97bc-f3f517476b4d&userId=98264743-7625-424f-ab41-f310e7d15a3b, connection=PooledConnection{channel=[id: 0xef78899f, L:/127.0.0.1:49957 - R:localhost/127.0.0.1:8082]}}, [request_sent])
20:29:40.318 [reactor-http-nio-16] DEBUG reactor.netty.resources.PooledConnectionProvider - [id: 0xc5639ab4, L:/127.0.0.1:49959 - R:localhost/127.0.0.1:8082] onStateChange(GET{uri=/, connection=PooledConnection{channel=[id: 0xc5639ab4, L:/127.0.0.1:49959 - R:localhost/127.0.0.1:8082]}}, [configured])
20:29:40.318 [reactor-http-nio-14] DEBUG reactor.netty.resources.PooledConnectionProvider - [id: 0xef78899f, L:/127.0.0.1:49957 - R:localhost/127.0.0.1:8082] Channel connected, now 7 active connections and 27 inactive connections
20:29:40.318 [reactor-http-nio-15] DEBUG reactor.netty.resources.PooledConnectionProvider - [id: 0xbc63c65a] Created new pooled channel, now 7 active connections and 27 inactive connections
20:29:40.318 [reactor-http-nio-14] DEBUG reactor.netty.resources.PooledConnectionProvider - [id: 0x26eebc06, L:/127.0.0.1:49958 - R:localhost/127.0.0.1:8082] onStateChange(PooledConnection{channel=[id: 0x26eebc06, L:/127.0.0.1:49958 - R:localhost/127.0.0.1:8082]}, [connected])
20:29:40.319 [reactor-http-nio-14] DEBUG reactor.netty.resources.PooledConnectionProvider - [id: 0x26eebc06, L:/127.0.0.1:49958 - R:localhost/127.0.0.1:8082] onStateChange(GET{uri=/, connection=PooledConnection{channel=[id: 0x26eebc06, L:/127.0.0.1:49958 - R:localhost/127.0.0.1:8082]}}, [configured])
20:29:40.319 [reactor-http-nio-15] DEBUG reactor.netty.channel.BootstrapHandlers - [id: 0xbc63c65a] Initialized pipeline DefaultChannelPipeline{(BootstrapHandlers$BootstrapInitializerHandler#0 = reactor.netty.channel.BootstrapHandlers$BootstrapInitializerHandler), (SimpleChannelPool$1#0 = io.netty.channel.pool.SimpleChannelPool$1), (reactor.left.httpCodec = io.netty.handler.codec.http.HttpClientCodec), (reactor.left.decompressor = io.netty.handler.codec.http.HttpContentDecompressor), (reactor.right.reactiveBridge = reactor.netty.channel.ChannelOperationsHandler)}
20:29:40.319 [reactor-http-nio-15] DEBUG reactor.netty.resources.PooledConnectionProvider - [id: 0x7a86405b] Created new pooled channel, now 7 active connections and 28 inactive connections
20:29:40.317 [reactor-http-nio-13] DEBUG reactor.netty.resources.PooledConnectionProvider - [id: 0xdee89d36] Created new pooled channel, now 6 active connections and 25 inactive connections
20:29:40.319 [reactor-http-nio-2] DEBUG reactor.netty.channel.FluxReceive - [id: 0x5d20b19f, L:/127.0.0.1:49926 - R:localhost/127.0.0.1:8081] Subscribing inbound receiver [pending: 0, cancelled:false, inboundDone: false]
20:29:40.319 [reactor-http-nio-15] DEBUG reactor.netty.channel.BootstrapHandlers - [id: 0x7a86405b] Initialized pipeline DefaultChannelPipeline{(BootstrapHandlers$BootstrapInitializerHandler#0 = reactor.netty.channel.BootstrapHandlers$BootstrapInitializerHandler), (SimpleChannelPool$1#0 = io.netty.channel.pool.SimpleChannelPool$1), (reactor.left.httpCodec = io.netty.handler.codec.http.HttpClientCodec), (reactor.left.decompressor = io.netty.handler.codec.http.HttpContentDecompressor), (reactor.right.reactiveBridge = reactor.netty.channel.ChannelOperationsHandler)}
20:29:40.318 [reactor-http-nio-11] DEBUG reactor.netty.resources.PooledConnectionProvider - [id: 0x952ee786, L:/127.0.0.1:49873 - R:localhost/127.0.0.1:8081] onStateChange(GET{uri=/getAttractions, connection=PooledConnection{channel=[id: 0x952ee786, L:/127.0.0.1:49873 - R:localhost/127.0.0.1:8081]}}, [response_received])
20:29:40.318 [pool-15-thread-42] DEBUG org.springframework.web.reactive.function.client.ExchangeFunctions - [69667ed4] HTTP GET http://localhost:8082/getAttractionRewardPoints?attractionId=33f1da04-052c-4794-b63e-869a72aef97a&userId=f56205c9-63cc-4daf-9e39-dbac2640e759
20:29:40.318 [pool-15-thread-46] DEBUG org.springframework.web.reactive.function.client.ExchangeFunctions - [1de292e5] HTTP GET http://localhost:8082/getAttractionRewardPoints?attractionId=033a5402-cf60-4a6b-98bb-95f19e0be32d&userId=e6b0fc49-fca4-44ce-83bc-754ddca234eb
20:29:40.319 [reactor-http-nio-11] DEBUG org.springframework.web.reactive.function.client.ExchangeFunctions - [2ed6552] Response 200 OK
20:29:40.319 [reactor-http-nio-15] DEBUG reactor.netty.resources.PooledConnectionProvider - [id: 0x3457a508] Created new pooled channel, now 7 active connections and 29 inactive connections
20:29:40.319 [reactor-http-nio-15] DEBUG reactor.netty.channel.BootstrapHandlers - [id: 0x3457a508] Initialized pipeline DefaultChannelPipeline{(BootstrapHandlers$BootstrapInitializerHandler#0 = reactor.netty.channel.BootstrapHandlers$BootstrapInitializerHandler), (SimpleChannelPool$1#0 = io.netty.channel.pool.SimpleChannelPool$1), (reactor.left.httpCodec = io.netty.handler.codec.http.HttpClientCodec), (reactor.left.decompressor = io.netty.handler.codec.http.HttpContentDecompressor), (reactor.right.reactiveBridge = reactor.netty.channel.ChannelOperationsHandler)}
20:29:40.319 [reactor-http-nio-13] DEBUG reactor.netty.channel.BootstrapHandlers - [id: 0xdee89d36] Initialized pipeline DefaultChannelPipeline{(BootstrapHandlers$BootstrapInitializerHandler#0 = reactor.netty.channel.BootstrapHandlers$BootstrapInitializerHandler), (SimpleChannelPool$1#0 = io.netty.channel.pool.SimpleChannelPool$1), (reactor.left.httpCodec = io.netty.handler.codec.http.HttpClientCodec), (reactor.left.decompressor = io.netty.handler.codec.http.HttpContentDecompressor), (reactor.right.reactiveBridge = reactor.netty.channel.ChannelOperationsHandler)}
20:29:40.319 [reactor-http-nio-15] DEBUG reactor.netty.resources.PooledConnectionProvider - [id: 0xb7664c42] Created new pooled channel, now 7 active connections and 30 inactive connections
20:29:40.319 [reactor-http-nio-14] DEBUG reactor.netty.resources.PooledConnectionProvider - [id: 0x01a5d163, L:/127.0.0.1:49946 - R:localhost/127.0.0.1:8082] Registering pool release on close event for channel
20:29:40.319 [reactor-http-nio-15] DEBUG reactor.netty.channel.BootstrapHandlers - [id: 0xb7664c42] Initialized pipeline DefaultChannelPipeline{(BootstrapHandlers$BootstrapInitializerHandler#0 = reactor.netty.channel.BootstrapHandlers$BootstrapInitializerHandler), (SimpleChannelPool$1#0 = io.netty.channel.pool.SimpleChannelPool$1), (reactor.left.httpCodec = io.netty.handler.codec.http.HttpClientCodec), (reactor.left.decompressor = io.netty.handler.codec.http.HttpContentDecompressor), (reactor.right.reactiveBridge = reactor.netty.channel.ChannelOperationsHandler)}
20:29:40.319 [reactor-http-nio-2] DEBUG reactor.netty.http.client.HttpClientOperations - [id: 0x5d20b19f, L:/127.0.0.1:49926 - R:localhost/127.0.0.1:8081] Received last HTTP packet
20:29:40.320 [reactor-http-nio-12] DEBUG reactor.netty.resources.PooledConnectionProvider - [id: 0x980ec248] Created new pooled channel, now 8 active connections and 30 inactive connections
20:29:40.320 [reactor-http-nio-15] DEBUG reactor.netty.resources.PooledConnectionProvider - [id: 0xde72b019] Created new pooled channel, now 8 active connections and 31 inactive connections
20:29:40.319 [reactor-http-nio-11] DEBUG reactor.netty.channel.FluxReceive - [id: 0x952ee786, L:/127.0.0.1:49873 - R:localhost/127.0.0.1:8081] Subscribing inbound receiver [pending: 0, cancelled:false, inboundDone: false]
20:29:40.320 [reactor-http-nio-12] DEBUG reactor.netty.channel.BootstrapHandlers - [id: 0x980ec248] Initialized pipeline DefaultChannelPipeline{(BootstrapHandlers$BootstrapInitializerHandler#0 = reactor.netty.channel.BootstrapHandlers$BootstrapInitializerHandler), (SimpleChannelPool$1#0 = io.netty.channel.pool.SimpleChannelPool$1), (reactor.left.httpCodec = io.netty.handler.codec.http.HttpClientCodec), (reactor.left.decompressor = io.netty.handler.codec.http.HttpContentDecompressor), (reactor.right.reactiveBridge = reactor.netty.channel.ChannelOperationsHandler)}
20:29:40.320 [reactor-http-nio-15] DEBUG reactor.netty.channel.BootstrapHandlers - [id: 0xde72b019] Initialized pipeline DefaultChannelPipeline{(BootstrapHandlers$BootstrapInitializerHandler#0 = reactor.netty.channel.BootstrapHandlers$BootstrapInitializerHandler), (SimpleChannelPool$1#0 = io.netty.channel.pool.SimpleChannelPool$1), (reactor.left.httpCodec = io.netty.handler.codec.http.HttpClientCodec), (reactor.left.decompressor = io.netty.handler.codec.http.HttpContentDecompressor), (reactor.right.reactiveBridge = reactor.netty.channel.ChannelOperationsHandler)}
20:29:40.319 [reactor-http-nio-14] DEBUG reactor.netty.http.client.HttpClientConnect - [id: 0x01a5d163, L:/127.0.0.1:49946 - R:localhost/127.0.0.1:8082] Handler is being applied: {uri=http://localhost:8082/getAttractionRewardPoints?attractionId=46ac4f8b-5a57-4323-9b9e-ab7ec60619c0&userId=0f0307db-6b10-43fb-a343-8309f3ae15cb, method=GET}
20:29:40.320 [reactor-http-nio-11] DEBUG reactor.netty.http.client.HttpClientOperations - [id: 0x952ee786, L:/127.0.0.1:49873 - R:localhost/127.0.0.1:8081] Received last HTTP packet
20:29:40.320 [reactor-http-nio-15] DEBUG reactor.netty.resources.PooledConnectionProvider - [id: 0x4f027c99] Created new pooled channel, now 8 active connections and 32 inactive connections
20:29:40.320 [reactor-http-nio-12] DEBUG reactor.netty.resources.PooledConnectionProvider - [id: 0x980ec248, L:/127.0.0.1:49961 - R:localhost/127.0.0.1:8082] onStateChange(PooledConnection{channel=[id: 0x980ec248, L:/127.0.0.1:49961 - R:localhost/127.0.0.1:8082]}, [connected])
20:29:40.320 [reactor-http-nio-12] DEBUG reactor.netty.resources.PooledConnectionProvider - [id: 0x980ec248, L:/127.0.0.1:49961 - R:localhost/127.0.0.1:8082] onStateChange(GET{uri=/, connection=PooledConnection{channel=[id: 0x980ec248, L:/127.0.0.1:49961 - R:localhost/127.0.0.1:8082]}}, [configured])
20:29:40.320 [reactor-http-nio-15] DEBUG reactor.netty.channel.BootstrapHandlers - [id: 0x4f027c99] Initialized pipeline DefaultChannelPipeline{(BootstrapHandlers$BootstrapInitializerHandler#0 = reactor.netty.channel.BootstrapHandlers$BootstrapInitializerHandler), (SimpleChannelPool$1#0 = io.netty.channel.pool.SimpleChannelPool$1), (reactor.left.httpCodec = io.netty.handler.codec.http.HttpClientCodec), (reactor.left.decompressor = io.netty.handler.codec.http.HttpContentDecompressor), (reactor.right.reactiveBridge = reactor.netty.channel.ChannelOperationsHandler)}
20:29:40.320 [reactor-http-nio-2] DEBUG org.springframework.core.codec.StringDecoder - [31e3fdf9] Decoded "[{"longitude":-117.922008,"latitude":33.817595,"attractionName":"Disneyland","city":"Anaheim","stat (truncated)...
20:29:40.320 [reactor-http-nio-14] DEBUG reactor.netty.resources.PooledConnectionProvider - [id: 0x01a5d163, L:/127.0.0.1:49946 - R:localhost/127.0.0.1:8082] onStateChange(GET{uri=/getAttractionRewardPoints?attractionId=46ac4f8b-5a57-4323-9b9e-ab7ec60619c0&userId=0f0307db-6b10-43fb-a343-8309f3ae15cb, connection=PooledConnection{channel=[id: 0x01a5d163, L:/127.0.0.1:49946 - R:localhost/127.0.0.1:8082]}}, [request_sent])
20:29:40.320 [reactor-http-nio-2] DEBUG reactor.netty.resources.PooledConnectionProvider - [id: 0x5d20b19f, L:/127.0.0.1:49926 - R:localhost/127.0.0.1:8081] onStateChange(GET{uri=/getAttractions, connection=PooledConnection{channel=[id: 0x5d20b19f, L:/127.0.0.1:49926 - R:localhost/127.0.0.1:8081]}}, [disconnecting])
20:29:40.320 [reactor-http-nio-14] DEBUG reactor.netty.resources.PooledConnectionProvider - [id: 0x01a5d163, L:/127.0.0.1:49946 - R:localhost/127.0.0.1:8082] Channel connected, now 8 active connections and 32 inactive connections
20:29:40.320 [reactor-http-nio-11] DEBUG org.springframework.core.codec.StringDecoder - [2ed6552] Decoded "[{"longitude":-117.922008,"latitude":33.817595,"attractionName":"Disneyland","city":"Anaheim","stat (truncated)...
20:29:40.321 [reactor-http-nio-16] DEBUG reactor.netty.resources.PooledConnectionProvider - [id: 0xc5639ab4, L:/127.0.0.1:49959 - R:localhost/127.0.0.1:8082] Registering pool release on close event for channel
20:29:40.321 [reactor-http-nio-16] DEBUG reactor.netty.http.client.HttpClientConnect - [id: 0xc5639ab4, L:/127.0.0.1:49959 - R:localhost/127.0.0.1:8082] Handler is being applied: {uri=http://localhost:8082/getAttractionRewardPoints?attractionId=2d1dce36-858c-4ea7-8080-1b6bf6126eb9&userId=40cd76c2-6a5f-4e45-8ebd-d4ea5a9a6125, method=GET}
20:29:40.321 [pool-15-thread-64] DEBUG org.springframework.web.reactive.function.client.ExchangeFunctions - [3f2415b5] HTTP GET http://localhost:8082/getAttractionRewardPoints?attractionId=50d57996-296c-4f75-b4ae-c448f4113d93&userId=eced047f-cd04-447e-a9ad-c16f30fe49a9
20:29:40.322 [reactor-http-nio-16] DEBUG reactor.netty.resources.PooledConnectionProvider - [id: 0xc5639ab4, L:/127.0.0.1:49959 - R:localhost/127.0.0.1:8082] onStateChange(GET{uri=/getAttractionRewardPoints?attractionId=2d1dce36-858c-4ea7-8080-1b6bf6126eb9&userId=40cd76c2-6a5f-4e45-8ebd-d4ea5a9a6125, connection=PooledConnection{channel=[id: 0xc5639ab4, L:/127.0.0.1:49959 - R:localhost/127.0.0.1:8082]}}, [request_sent])
20:29:40.322 [reactor-http-nio-16] DEBUG reactor.netty.resources.PooledConnectionProvider - [id: 0xc5639ab4, L:/127.0.0.1:49959 - R:localhost/127.0.0.1:8082] Channel connected, now 9 active connections and 31 inactive connections
20:29:40.322 [reactor-http-nio-14] DEBUG reactor.netty.resources.PooledConnectionProvider - [id: 0x64526eb3] Created new pooled channel, now 9 active connections and 32 inactive connections
20:29:40.320 [reactor-http-nio-2] DEBUG reactor.netty.resources.PooledConnectionProvider - [id: 0x5d20b19f, L:/127.0.0.1:49926 - R:localhost/127.0.0.1:8081] Releasing channel
20:29:40.322 [reactor-http-nio-15] DEBUG reactor.netty.resources.PooledConnectionProvider - [id: 0xac13e584, L:/127.0.0.1:49937 - R:localhost/127.0.0.1:8082] onStateChange(PooledConnection{channel=[id: 0xac13e584, L:/127.0.0.1:49937 - R:localhost/127.0.0.1:8082]}, [connected])
20:29:40.322 [reactor-http-nio-2] DEBUG reactor.netty.resources.PooledConnectionProvider - [id: 0x5d20b19f, L:/127.0.0.1:49926 - R:localhost/127.0.0.1:8081] Channel cleaned, now 21 active connections and 44 inactive connections
20:29:40.322 [reactor-http-nio-14] DEBUG reactor.netty.channel.BootstrapHandlers - [id: 0x64526eb3] Initialized pipeline DefaultChannelPipeline{(BootstrapHandlers$BootstrapInitializerHandler#0 = reactor.netty.channel.BootstrapHandlers$BootstrapInitializerHandler), (SimpleChannelPool$1#0 = io.netty.channel.pool.SimpleChannelPool$1), (reactor.left.httpCodec = io.netty.handler.codec.http.HttpClientCodec), (reactor.left.decompressor = io.netty.handler.codec.http.HttpContentDecompressor), (reactor.right.reactiveBridge = reactor.netty.channel.ChannelOperationsHandler)}
20:29:40.322 [reactor-http-nio-15] DEBUG reactor.netty.resources.PooledConnectionProvider - [id: 0xac13e584, L:/127.0.0.1:49937 - R:localhost/127.0.0.1:8082] onStateChange(GET{uri=/, connection=PooledConnection{channel=[id: 0xac13e584, L:/127.0.0.1:49937 - R:localhost/127.0.0.1:8082]}}, [configured])
20:29:40.323 [reactor-http-nio-2] DEBUG reactor.netty.http.client.HttpClientOperations - [id: 0x5921853c, L:/127.0.0.1:49928 - R:localhost/127.0.0.1:8081] Received response (auto-read:false) : [Content-Type=application/json, Transfer-Encoding=chunked, Date=Tue, 29 Jun 2021 14:59:39 GMT]
20:29:40.323 [reactor-http-nio-2] DEBUG reactor.netty.resources.PooledConnectionProvider - [id: 0x5921853c, L:/127.0.0.1:49928 - R:localhost/127.0.0.1:8081] onStateChange(GET{uri=/getAttractions, connection=PooledConnection{channel=[id: 0x5921853c, L:/127.0.0.1:49928 - R:localhost/127.0.0.1:8081]}}, [response_received])
20:29:40.321 [reactor-http-nio-11] DEBUG reactor.netty.resources.PooledConnectionProvider - [id: 0x952ee786, L:/127.0.0.1:49873 - R:localhost/127.0.0.1:8081] onStateChange(GET{uri=/getAttractions, connection=PooledConnection{channel=[id: 0x952ee786, L:/127.0.0.1:49873 - R:localhost/127.0.0.1:8081]}}, [disconnecting])
20:29:40.322 [pool-15-thread-50] DEBUG org.springframework.web.reactive.function.client.ExchangeFunctions - [c2a9b7f] HTTP GET http://localhost:8082/getAttractionRewardPoints?attractionId=f0404960-2b92-4f36-8140-95fe62fd4a04&userId=b2609ee6-c32a-45c1-96a3-97b8fb5f88cb
20:29:40.323 [reactor-http-nio-2] DEBUG org.springframework.web.reactive.function.client.ExchangeFunctions - [b88e00f] Response 200 OK
20:29:40.323 [reactor-http-nio-14] DEBUG reactor.netty.resources.PooledConnectionProvider - [id: 0x64526eb3, L:/127.0.0.1:49971 - R:localhost/127.0.0.1:8082] onStateChange(PooledConnection{channel=[id: 0x64526eb3, L:/127.0.0.1:49971 - R:localhost/127.0.0.1:8082]}, [connected])
20:29:40.323 [reactor-http-nio-14] DEBUG reactor.netty.resources.PooledConnectionProvider - [id: 0x64526eb3, L:/127.0.0.1:49971 - R:localhost/127.0.0.1:8082] onStateChange(GET{uri=/, connection=PooledConnection{channel=[id: 0x64526eb3, L:/127.0.0.1:49971 - R:localhost/127.0.0.1:8082]}}, [configured])
20:29:40.323 [reactor-http-nio-15] DEBUG reactor.netty.http.client.HttpClientOperations - [id: 0x8bf64842, L:/127.0.0.1:49888 - R:localhost/127.0.0.1:8081] Received response (auto-read:false) : [Content-Type=application/json, Transfer-Encoding=chunked, Date=Tue, 29 Jun 2021 14:59:39 GMT]
20:29:40.323 [reactor-http-nio-11] DEBUG reactor.netty.resources.PooledConnectionProvider - [id: 0x952ee786, L:/127.0.0.1:49873 - R:localhost/127.0.0.1:8081] Releasing channel
20:29:40.323 [reactor-http-nio-11] DEBUG reactor.netty.resources.PooledConnectionProvider - [id: 0x952ee786, L:/127.0.0.1:49873 - R:localhost/127.0.0.1:8081] Channel cleaned, now 20 active connections and 45 inactive connections
20:29:40.323 [reactor-http-nio-15] DEBUG reactor.netty.resources.PooledConnectionProvider - [id: 0x8bf64842, L:/127.0.0.1:49888 - R:localhost/127.0.0.1:8081] onStateChange(GET{uri=/getAttractions, connection=PooledConnection{channel=[id: 0x8bf64842, L:/127.0.0.1:49888 - R:localhost/127.0.0.1:8081]}}, [response_received])
20:29:40.323 [reactor-http-nio-2] DEBUG reactor.netty.channel.FluxReceive - [id: 0x5921853c, L:/127.0.0.1:49928 - R:localhost/127.0.0.1:8081] Subscribing inbound receiver [pending: 0, cancelled:false, inboundDone: false]
20:29:40.323 [reactor-http-nio-15] DEBUG org.springframework.web.reactive.function.client.ExchangeFunctions - [64a6ff86] Response 200 OK
20:29:40.323 [reactor-http-nio-11] DEBUG reactor.netty.http.client.HttpClientOperations - [id: 0x5557723c, L:/127.0.0.1:49932 - R:localhost/127.0.0.1:8081] Received response (auto-read:false) : [Content-Type=application/json, Transfer-Encoding=chunked, Date=Tue, 29 Jun 2021 14:59:39 GMT]
20:29:40.323 [reactor-http-nio-11] DEBUG reactor.netty.resources.PooledConnectionProvider - [id: 0x5557723c, L:/127.0.0.1:49932 - R:localhost/127.0.0.1:8081] onStateChange(GET{uri=/getAttractions, connection=PooledConnection{channel=[id: 0x5557723c, L:/127.0.0.1:49932 - R:localhost/127.0.0.1:8081]}}, [response_received])
20:29:40.323 [reactor-http-nio-2] DEBUG reactor.netty.http.client.HttpClientOperations - [id: 0x5921853c, L:/127.0.0.1:49928 - R:localhost/127.0.0.1:8081] Received last HTTP packet
20:29:40.323 [reactor-http-nio-16] DEBUG reactor.netty.resources.PooledConnectionProvider - [id: 0x69a3ca7e] Created new pooled channel, now 9 active connections and 33 inactive connections
20:29:40.323 [reactor-http-nio-2] DEBUG org.springframework.core.codec.StringDecoder - [b88e00f] Decoded "[{"longitude":-117.922008,"latitude":33.817595,"attractionName":"Disneyland","city":"Anaheim","stat (truncated)...
20:29:40.324 [reactor-http-nio-14] DEBUG reactor.netty.resources.PooledConnectionProvider - [id: 0x26eebc06, L:/127.0.0.1:49958 - R:localhost/127.0.0.1:8082] Registering pool release on close event for channel
20:29:40.323 [reactor-http-nio-11] DEBUG org.springframework.web.reactive.function.client.ExchangeFunctions - [5a77050e] Response 200 OK
20:29:40.324 [reactor-http-nio-15] DEBUG reactor.netty.channel.FluxReceive - [id: 0x8bf64842, L:/127.0.0.1:49888 - R:localhost/127.0.0.1:8081] Subscribing inbound receiver [pending: 0, cancelled:false, inboundDone: false]
20:29:40.324 [reactor-http-nio-14] DEBUG reactor.netty.http.client.HttpClientConnect - [id: 0x26eebc06, L:/127.0.0.1:49958 - R:localhost/127.0.0.1:8082] Handler is being applied: {uri=http://localhost:8082/getAttractionRewardPoints?attractionId=8d514372-5fc5-4791-9b14-ed040881395c&userId=d9ace215-e2f2-46fd-b8f0-0b0fdfa8a5e3, method=GET}
20:29:40.323 [reactor-http-nio-16] DEBUG reactor.netty.channel.BootstrapHandlers - [id: 0x69a3ca7e] Initialized pipeline DefaultChannelPipeline{(BootstrapHandlers$BootstrapInitializerHandler#0 = reactor.netty.channel.BootstrapHandlers$BootstrapInitializerHandler), (SimpleChannelPool$1#0 = io.netty.channel.pool.SimpleChannelPool$1), (reactor.left.httpCodec = io.netty.handler.codec.http.HttpClientCodec), (reactor.left.decompressor = io.netty.handler.codec.http.HttpContentDecompressor), (reactor.right.reactiveBridge = reactor.netty.channel.ChannelOperationsHandler)}
20:29:40.324 [reactor-http-nio-15] DEBUG reactor.netty.http.client.HttpClientOperations - [id: 0x8bf64842, L:/127.0.0.1:49888 - R:localhost/127.0.0.1:8081] Received last HTTP packet
20:29:40.328 [reactor-http-nio-16] DEBUG reactor.netty.resources.PooledConnectionProvider - [id: 0x69a3ca7e, L:/127.0.0.1:49976 - R:localhost/127.0.0.1:8082] onStateChange(PooledConnection{channel=[id: 0x69a3ca7e, L:/127.0.0.1:49976 - R:localhost/127.0.0.1:8082]}, [connected])
20:29:40.328 [reactor-http-nio-16] DEBUG reactor.netty.resources.PooledConnectionProvider - [id: 0x69a3ca7e, L:/127.0.0.1:49976 - R:localhost/127.0.0.1:8082] onStateChange(GET{uri=/, connection=PooledConnection{channel=[id: 0x69a3ca7e, L:/127.0.0.1:49976 - R:localhost/127.0.0.1:8082]}}, [configured])
20:29:40.328 [reactor-http-nio-14] DEBUG reactor.netty.resources.PooledConnectionProvider - [id: 0x26eebc06, L:/127.0.0.1:49958 - R:localhost/127.0.0.1:8082] onStateChange(GET{uri=/getAttractionRewardPoints?attractionId=8d514372-5fc5-4791-9b14-ed040881395c&userId=d9ace215-e2f2-46fd-b8f0-0b0fdfa8a5e3, connection=PooledConnection{channel=[id: 0x26eebc06, L:/127.0.0.1:49958 - R:localhost/127.0.0.1:8082]}}, [request_sent])
20:29:40.328 [reactor-http-nio-10] DEBUG reactor.netty.http.client.HttpClientOperations - [id: 0xb00ef751, L:/127.0.0.1:49896 - R:localhost/127.0.0.1:8081] Received response (auto-read:false) : [Content-Type=application/json, Transfer-Encoding=chunked, Date=Tue, 29 Jun 2021 14:59:39 GMT]
20:29:40.328 [reactor-http-nio-10] DEBUG reactor.netty.resources.PooledConnectionProvider - [id: 0xb00ef751, L:/127.0.0.1:49896 - R:localhost/127.0.0.1:8081] onStateChange(GET{uri=/getAttractions, connection=PooledConnection{channel=[id: 0xb00ef751, L:/127.0.0.1:49896 - R:localhost/127.0.0.1:8081]}}, [response_received])
20:29:40.328 [reactor-http-nio-10] DEBUG org.springframework.web.reactive.function.client.ExchangeFunctions - [12a01202] Response 200 OK
20:29:40.324 [reactor-http-nio-2] DEBUG reactor.netty.resources.PooledConnectionProvider - [id: 0x5921853c, L:/127.0.0.1:49928 - R:localhost/127.0.0.1:8081] onStateChange(GET{uri=/getAttractions, connection=PooledConnection{channel=[id: 0x5921853c, L:/127.0.0.1:49928 - R:localhost/127.0.0.1:8081]}}, [disconnecting])
20:29:40.328 [reactor-http-nio-2] DEBUG reactor.netty.resources.PooledConnectionProvider - [id: 0x5921853c, L:/127.0.0.1:49928 - R:localhost/127.0.0.1:8081] Releasing channel
20:29:40.328 [reactor-http-nio-2] DEBUG reactor.netty.resources.PooledConnectionProvider - [id: 0x5921853c, L:/127.0.0.1:49928 - R:localhost/127.0.0.1:8081] Channel cleaned, now 19 active connections and 46 inactive connections
20:29:40.328 [reactor-http-nio-11] DEBUG reactor.netty.channel.FluxReceive - [id: 0x5557723c, L:/127.0.0.1:49932 - R:localhost/127.0.0.1:8081] Subscribing inbound receiver [pending: 0, cancelled:false, inboundDone: false]
20:29:40.328 [reactor-http-nio-14] DEBUG reactor.netty.resources.PooledConnectionProvider - [id: 0x26eebc06, L:/127.0.0.1:49958 - R:localhost/127.0.0.1:8082] Channel connected, now 10 active connections and 32 inactive connections
20:29:40.328 [reactor-http-nio-14] DEBUG reactor.netty.resources.PooledConnectionProvider - [id: 0x64526eb3, L:/127.0.0.1:49971 - R:localhost/127.0.0.1:8082] Registering pool release on close event for channel
20:29:40.328 [reactor-http-nio-14] DEBUG reactor.netty.http.client.HttpClientConnect - [id: 0x64526eb3, L:/127.0.0.1:49971 - R:localhost/127.0.0.1:8082] Handler is being applied: {uri=http://localhost:8082/getAttractionRewardPoints?attractionId=50d57996-296c-4f75-b4ae-c448f4113d93&userId=eced047f-cd04-447e-a9ad-c16f30fe49a9, method=GET}
20:29:40.328 [reactor-http-nio-15] DEBUG org.springframework.core.codec.StringDecoder - [64a6ff86] Decoded "[{"longitude":-117.922008,"latitude":33.817595,"attractionName":"Disneyland","city":"Anaheim","stat (truncated)...
20:29:40.328 [reactor-http-nio-15] DEBUG reactor.netty.resources.PooledConnectionProvider - [id: 0x8bf64842, L:/127.0.0.1:49888 - R:localhost/127.0.0.1:8081] onStateChange(GET{uri=/getAttractions, connection=PooledConnection{channel=[id: 0x8bf64842, L:/127.0.0.1:49888 - R:localhost/127.0.0.1:8081]}}, [disconnecting])
20:29:40.328 [reactor-http-nio-15] DEBUG reactor.netty.resources.PooledConnectionProvider - [id: 0x8bf64842, L:/127.0.0.1:49888 - R:localhost/127.0.0.1:8081] Releasing channel
20:29:40.329 [reactor-http-nio-15] DEBUG reactor.netty.resources.PooledConnectionProvider - [id: 0x8bf64842, L:/127.0.0.1:49888 - R:localhost/127.0.0.1:8081] Channel cleaned, now 18 active connections and 47 inactive connections
20:29:40.328 [reactor-http-nio-10] DEBUG reactor.netty.channel.FluxReceive - [id: 0xb00ef751, L:/127.0.0.1:49896 - R:localhost/127.0.0.1:8081] Subscribing inbound receiver [pending: 0, cancelled:false, inboundDone: false]
20:29:40.329 [reactor-http-nio-10] DEBUG reactor.netty.http.client.HttpClientOperations - [id: 0xb00ef751, L:/127.0.0.1:49896 - R:localhost/127.0.0.1:8081] Received last HTTP packet
20:29:40.328 [reactor-http-nio-11] DEBUG reactor.netty.http.client.HttpClientOperations - [id: 0x5557723c, L:/127.0.0.1:49932 - R:localhost/127.0.0.1:8081] Received last HTTP packet
20:29:40.329 [reactor-http-nio-14] DEBUG reactor.netty.resources.PooledConnectionProvider - [id: 0x64526eb3, L:/127.0.0.1:49971 - R:localhost/127.0.0.1:8082] onStateChange(GET{uri=/getAttractionRewardPoints?attractionId=50d57996-296c-4f75-b4ae-c448f4113d93&userId=eced047f-cd04-447e-a9ad-c16f30fe49a9, connection=PooledConnection{channel=[id: 0x64526eb3, L:/127.0.0.1:49971 - R:localhost/127.0.0.1:8082]}}, [request_sent])
20:29:40.329 [reactor-http-nio-14] DEBUG reactor.netty.resources.PooledConnectionProvider - [id: 0x64526eb3, L:/127.0.0.1:49971 - R:localhost/127.0.0.1:8082] Channel connected, now 11 active connections and 31 inactive connections
20:29:40.328 [reactor-http-nio-2] DEBUG reactor.netty.http.client.HttpClientOperations - [id: 0x549de069, L:/127.0.0.1:49916 - R:localhost/127.0.0.1:8081] Received response (auto-read:false) : [Content-Type=application/json, Transfer-Encoding=chunked, Date=Tue, 29 Jun 2021 14:59:39 GMT]
20:29:40.329 [reactor-http-nio-2] DEBUG reactor.netty.resources.PooledConnectionProvider - [id: 0x549de069, L:/127.0.0.1:49916 - R:localhost/127.0.0.1:8081] onStateChange(GET{uri=/getAttractions, connection=PooledConnection{channel=[id: 0x549de069, L:/127.0.0.1:49916 - R:localhost/127.0.0.1:8081]}}, [response_received])
20:29:40.329 [reactor-http-nio-15] DEBUG reactor.netty.http.client.HttpClientOperations - [id: 0xefe012b0, L:/127.0.0.1:49889 - R:localhost/127.0.0.1:8081] Received response (auto-read:false) : [Content-Type=application/json, Transfer-Encoding=chunked, Date=Tue, 29 Jun 2021 14:59:39 GMT]
20:29:40.329 [reactor-http-nio-2] DEBUG org.springframework.web.reactive.function.client.ExchangeFunctions - [29a533a0] Response 200 OK
20:29:40.329 [reactor-http-nio-15] DEBUG reactor.netty.resources.PooledConnectionProvider - [id: 0xefe012b0, L:/127.0.0.1:49889 - R:localhost/127.0.0.1:8081] onStateChange(GET{uri=/getAttractions, connection=PooledConnection{channel=[id: 0xefe012b0, L:/127.0.0.1:49889 - R:localhost/127.0.0.1:8081]}}, [response_received])
20:29:40.329 [reactor-http-nio-15] DEBUG org.springframework.web.reactive.function.client.ExchangeFunctions - [33e3638] Response 200 OK
20:29:40.329 [reactor-http-nio-13] DEBUG reactor.netty.http.client.HttpClientOperations - [id: 0x0f3e4556, L:/127.0.0.1:49918 - R:localhost/127.0.0.1:8081] Received response (auto-read:false) : [Content-Type=application/json, Transfer-Encoding=chunked, Date=Tue, 29 Jun 2021 14:59:39 GMT]
20:29:40.329 [reactor-http-nio-13] DEBUG reactor.netty.resources.PooledConnectionProvider - [id: 0x0f3e4556, L:/127.0.0.1:49918 - R:localhost/127.0.0.1:8081] onStateChange(GET{uri=/getAttractions, connection=PooledConnection{channel=[id: 0x0f3e4556, L:/127.0.0.1:49918 - R:localhost/127.0.0.1:8081]}}, [response_received])
20:29:40.329 [reactor-http-nio-2] DEBUG reactor.netty.channel.FluxReceive - [id: 0x549de069, L:/127.0.0.1:49916 - R:localhost/127.0.0.1:8081] Subscribing inbound receiver [pending: 0, cancelled:false, inboundDone: false]
20:29:40.329 [reactor-http-nio-13] DEBUG org.springframework.web.reactive.function.client.ExchangeFunctions - [2977eae6] Response 200 OK
20:29:40.329 [reactor-http-nio-2] DEBUG reactor.netty.http.client.HttpClientOperations - [id: 0x549de069, L:/127.0.0.1:49916 - R:localhost/127.0.0.1:8081] Received last HTTP packet
20:29:40.329 [pool-15-thread-44] DEBUG org.springframework.web.reactive.function.client.ExchangeFunctions - [6a611d62] HTTP GET http://localhost:8082/getAttractionRewardPoints?attractionId=38cd0f05-c4a8-4fdf-89f7-9fb86d288f12&userId=2e131be5-aa30-4485-9e21-e3d280b54d1a
20:29:40.329 [reactor-http-nio-13] DEBUG reactor.netty.channel.FluxReceive - [id: 0x0f3e4556, L:/127.0.0.1:49918 - R:localhost/127.0.0.1:8081] Subscribing inbound receiver [pending: 0, cancelled:false, inboundDone: false]
20:29:40.330 [reactor-http-nio-13] DEBUG reactor.netty.http.client.HttpClientOperations - [id: 0x0f3e4556, L:/127.0.0.1:49918 - R:localhost/127.0.0.1:8081] Received last HTTP packet
20:29:40.330 [reactor-http-nio-10] DEBUG org.springframework.core.codec.StringDecoder - [12a01202] Decoded "[{"longitude":-117.922008,"latitude":33.817595,"attractionName":"Disneyland","city":"Anaheim","stat (truncated)...
20:29:40.330 [reactor-http-nio-10] DEBUG reactor.netty.resources.PooledConnectionProvider - [id: 0xb00ef751, L:/127.0.0.1:49896 - R:localhost/127.0.0.1:8081] onStateChange(GET{uri=/getAttractions, connection=PooledConnection{channel=[id: 0xb00ef751, L:/127.0.0.1:49896 - R:localhost/127.0.0.1:8081]}}, [disconnecting])
20:29:40.330 [reactor-http-nio-10] DEBUG reactor.netty.resources.PooledConnectionProvider - [id: 0xb00ef751, L:/127.0.0.1:49896 - R:localhost/127.0.0.1:8081] Releasing channel
20:29:40.329 [reactor-http-nio-15] DEBUG reactor.netty.channel.FluxReceive - [id: 0xefe012b0, L:/127.0.0.1:49889 - R:localhost/127.0.0.1:8081] Subscribing inbound receiver [pending: 0, cancelled:false, inboundDone: false]
20:29:40.330 [reactor-http-nio-10] DEBUG reactor.netty.resources.PooledConnectionProvider - [id: 0xb00ef751, L:/127.0.0.1:49896 - R:localhost/127.0.0.1:8081] Channel cleaned, now 17 active connections and 48 inactive connections
20:29:40.330 [reactor-http-nio-2] DEBUG org.springframework.core.codec.StringDecoder - [29a533a0] Decoded "[{"longitude":-117.922008,"latitude":33.817595,"attractionName":"Disneyland","city":"Anaheim","stat (truncated)...
20:29:40.330 [reactor-http-nio-11] DEBUG org.springframework.core.codec.StringDecoder - [5a77050e] Decoded "[{"longitude":-117.922008,"latitude":33.817595,"attractionName":"Disneyland","city":"Anaheim","stat (truncated)...
20:29:40.330 [reactor-http-nio-15] DEBUG reactor.netty.http.client.HttpClientOperations - [id: 0xefe012b0, L:/127.0.0.1:49889 - R:localhost/127.0.0.1:8081] Received last HTTP packet
20:29:40.330 [reactor-http-nio-11] DEBUG reactor.netty.resources.PooledConnectionProvider - [id: 0x5557723c, L:/127.0.0.1:49932 - R:localhost/127.0.0.1:8081] onStateChange(GET{uri=/getAttractions, connection=PooledConnection{channel=[id: 0x5557723c, L:/127.0.0.1:49932 - R:localhost/127.0.0.1:8081]}}, [disconnecting])
20:29:40.330 [reactor-http-nio-2] DEBUG reactor.netty.resources.PooledConnectionProvider - [id: 0x549de069, L:/127.0.0.1:49916 - R:localhost/127.0.0.1:8081] onStateChange(GET{uri=/getAttractions, connection=PooledConnection{channel=[id: 0x549de069, L:/127.0.0.1:49916 - R:localhost/127.0.0.1:8081]}}, [disconnecting])
20:29:40.330 [reactor-http-nio-2] DEBUG reactor.netty.resources.PooledConnectionProvider - [id: 0x549de069, L:/127.0.0.1:49916 - R:localhost/127.0.0.1:8081] Releasing channel
20:29:40.330 [reactor-http-nio-10] DEBUG reactor.netty.resources.PooledConnectionProvider - [id: 0x59d6c8da] Created new pooled channel, now 11 active connections and 32 inactive connections
20:29:40.330 [reactor-http-nio-11] DEBUG reactor.netty.resources.PooledConnectionProvider - [id: 0x5557723c, L:/127.0.0.1:49932 - R:localhost/127.0.0.1:8081] Releasing channel
20:29:40.330 [reactor-http-nio-15] DEBUG org.springframework.core.codec.StringDecoder - [33e3638] Decoded "[{"longitude":-117.922008,"latitude":33.817595,"attractionName":"Disneyland","city":"Anaheim","stat (truncated)...
20:29:40.330 [reactor-http-nio-10] DEBUG reactor.netty.channel.BootstrapHandlers - [id: 0x59d6c8da] Initialized pipeline DefaultChannelPipeline{(BootstrapHandlers$BootstrapInitializerHandler#0 = reactor.netty.channel.BootstrapHandlers$BootstrapInitializerHandler), (SimpleChannelPool$1#0 = io.netty.channel.pool.SimpleChannelPool$1), (reactor.left.httpCodec = io.netty.handler.codec.http.HttpClientCodec), (reactor.left.decompressor = io.netty.handler.codec.http.HttpContentDecompressor), (reactor.right.reactiveBridge = reactor.netty.channel.ChannelOperationsHandler)}
20:29:40.330 [reactor-http-nio-2] DEBUG reactor.netty.resources.PooledConnectionProvider - [id: 0x549de069, L:/127.0.0.1:49916 - R:localhost/127.0.0.1:8081] Channel cleaned, now 16 active connections and 49 inactive connections
20:29:40.330 [reactor-http-nio-2] DEBUG reactor.netty.http.client.HttpClientOperations - [id: 0x3a160202, L:/127.0.0.1:49876 - R:localhost/127.0.0.1:8081] Received response (auto-read:false) : [Content-Type=application/json, Transfer-Encoding=chunked, Date=Tue, 29 Jun 2021 14:59:39 GMT]
20:29:40.330 [reactor-http-nio-2] DEBUG reactor.netty.resources.PooledConnectionProvider - [id: 0x3a160202, L:/127.0.0.1:49876 - R:localhost/127.0.0.1:8081] onStateChange(GET{uri=/getAttractions, connection=PooledConnection{channel=[id: 0x3a160202, L:/127.0.0.1:49876 - R:localhost/127.0.0.1:8081]}}, [response_received])
20:29:40.331 [reactor-http-nio-2] DEBUG org.springframework.web.reactive.function.client.ExchangeFunctions - [43f5cd35] Response 200 OK
20:29:40.331 [reactor-http-nio-10] DEBUG reactor.netty.resources.PooledConnectionProvider - [id: 0x59d6c8da, L:/127.0.0.1:49977 - R:localhost/127.0.0.1:8082] onStateChange(PooledConnection{channel=[id: 0x59d6c8da, L:/127.0.0.1:49977 - R:localhost/127.0.0.1:8082]}, [connected])
20:29:40.330 [reactor-http-nio-11] DEBUG reactor.netty.resources.PooledConnectionProvider - [id: 0x5557723c, L:/127.0.0.1:49932 - R:localhost/127.0.0.1:8081] Channel cleaned, now 15 active connections and 50 inactive connections
20:29:40.331 [reactor-http-nio-11] DEBUG reactor.netty.resources.PooledConnectionProvider - [id: 0xf6923df7, L:/127.0.0.1:49940 - R:localhost/127.0.0.1:8082] onStateChange(PooledConnection{channel=[id: 0xf6923df7, L:/127.0.0.1:49940 - R:localhost/127.0.0.1:8082]}, [connected])
20:29:40.330 [reactor-http-nio-15] DEBUG reactor.netty.resources.PooledConnectionProvider - [id: 0xefe012b0, L:/127.0.0.1:49889 - R:localhost/127.0.0.1:8081] onStateChange(GET{uri=/getAttractions, connection=PooledConnection{channel=[id: 0xefe012b0, L:/127.0.0.1:49889 - R:localhost/127.0.0.1:8081]}}, [disconnecting])
20:29:40.331 [reactor-http-nio-15] DEBUG reactor.netty.resources.PooledConnectionProvider - [id: 0xefe012b0, L:/127.0.0.1:49889 - R:localhost/127.0.0.1:8081] Releasing channel
20:29:40.331 [reactor-http-nio-13] DEBUG org.springframework.core.codec.StringDecoder - [2977eae6] Decoded "[{"longitude":-117.922008,"latitude":33.817595,"attractionName":"Disneyland","city":"Anaheim","stat (truncated)...
20:29:40.331 [reactor-http-nio-13] DEBUG reactor.netty.resources.PooledConnectionProvider - [id: 0x0f3e4556, L:/127.0.0.1:49918 - R:localhost/127.0.0.1:8081] onStateChange(GET{uri=/getAttractions, connection=PooledConnection{channel=[id: 0x0f3e4556, L:/127.0.0.1:49918 - R:localhost/127.0.0.1:8081]}}, [disconnecting])
20:29:40.331 [reactor-http-nio-13] DEBUG reactor.netty.resources.PooledConnectionProvider - [id: 0x0f3e4556, L:/127.0.0.1:49918 - R:localhost/127.0.0.1:8081] Releasing channel
20:29:40.331 [reactor-http-nio-13] DEBUG reactor.netty.resources.PooledConnectionProvider - [id: 0x0f3e4556, L:/127.0.0.1:49918 - R:localhost/127.0.0.1:8081] Channel cleaned, now 13 active connections and 52 inactive connections
20:29:40.331 [pool-14-thread-1] DEBUG org.springframework.web.reactive.function.client.ExchangeFunctions - [169f848e] HTTP GET http://localhost:8082/getAttractionRewardPoints?attractionId=0cb1ed78-9d1b-4fa7-99ea-f36e7220fdeb&userId=c396b449-df93-43a1-93d2-e3d9b5b9b35a
20:29:40.331 [reactor-http-nio-10] DEBUG reactor.netty.resources.PooledConnectionProvider - [id: 0x59d6c8da, L:/127.0.0.1:49977 - R:localhost/127.0.0.1:8082] onStateChange(GET{uri=/, connection=PooledConnection{channel=[id: 0x59d6c8da, L:/127.0.0.1:49977 - R:localhost/127.0.0.1:8082]}}, [configured])
20:29:40.331 [reactor-http-nio-2] DEBUG reactor.netty.channel.FluxReceive - [id: 0x3a160202, L:/127.0.0.1:49876 - R:localhost/127.0.0.1:8081] Subscribing inbound receiver [pending: 0, cancelled:false, inboundDone: false]
20:29:40.331 [reactor-http-nio-11] DEBUG reactor.netty.resources.PooledConnectionProvider - [id: 0xf6923df7, L:/127.0.0.1:49940 - R:localhost/127.0.0.1:8082] onStateChange(GET{uri=/, connection=PooledConnection{channel=[id: 0xf6923df7, L:/127.0.0.1:49940 - R:localhost/127.0.0.1:8082]}}, [configured])
20:29:40.331 [reactor-http-nio-13] DEBUG reactor.netty.http.client.HttpClientOperations - [id: 0x93eb028b, L:/127.0.0.1:49917 - R:localhost/127.0.0.1:8081] Received response (auto-read:false) : [Content-Type=application/json, Transfer-Encoding=chunked, Date=Tue, 29 Jun 2021 14:59:39 GMT]
20:29:40.331 [reactor-http-nio-13] DEBUG reactor.netty.resources.PooledConnectionProvider - [id: 0x93eb028b, L:/127.0.0.1:49917 - R:localhost/127.0.0.1:8081] onStateChange(GET{uri=/getAttractions, connection=PooledConnection{channel=[id: 0x93eb028b, L:/127.0.0.1:49917 - R:localhost/127.0.0.1:8081]}}, [response_received])
20:29:40.331 [reactor-http-nio-15] DEBUG reactor.netty.resources.PooledConnectionProvider - [id: 0xefe012b0, L:/127.0.0.1:49889 - R:localhost/127.0.0.1:8081] Channel cleaned, now 14 active connections and 51 inactive connections
20:29:40.331 [reactor-http-nio-2] DEBUG reactor.netty.http.client.HttpClientOperations - [id: 0x3a160202, L:/127.0.0.1:49876 - R:localhost/127.0.0.1:8081] Received last HTTP packet
20:29:40.331 [reactor-http-nio-11] DEBUG reactor.netty.resources.PooledConnectionProvider - [id: 0x3a510d05, L:/127.0.0.1:49941 - R:localhost/127.0.0.1:8082] onStateChange(PooledConnection{channel=[id: 0x3a510d05, L:/127.0.0.1:49941 - R:localhost/127.0.0.1:8082]}, [connected])
20:29:40.331 [reactor-http-nio-15] DEBUG reactor.netty.http.client.HttpClientOperations - [id: 0x6124bcfa, L:/127.0.0.1:49886 - R:localhost/127.0.0.1:8081] Received response (auto-read:false) : [Content-Type=application/json, Transfer-Encoding=chunked, Date=Tue, 29 Jun 2021 14:59:39 GMT]
20:29:40.331 [reactor-http-nio-15] DEBUG reactor.netty.resources.PooledConnectionProvider - [id: 0x6124bcfa, L:/127.0.0.1:49886 - R:localhost/127.0.0.1:8081] onStateChange(GET{uri=/getAttractions, connection=PooledConnection{channel=[id: 0x6124bcfa, L:/127.0.0.1:49886 - R:localhost/127.0.0.1:8081]}}, [response_received])
20:29:40.331 [reactor-http-nio-15] DEBUG org.springframework.web.reactive.function.client.ExchangeFunctions - [25d682d9] Response 200 OK
20:29:40.331 [reactor-http-nio-13] DEBUG org.springframework.web.reactive.function.client.ExchangeFunctions - [59cdb788] Response 200 OK
20:29:40.331 [reactor-http-nio-11] DEBUG reactor.netty.resources.PooledConnectionProvider - [id: 0x3a510d05, L:/127.0.0.1:49941 - R:localhost/127.0.0.1:8082] onStateChange(GET{uri=/, connection=PooledConnection{channel=[id: 0x3a510d05, L:/127.0.0.1:49941 - R:localhost/127.0.0.1:8082]}}, [configured])
20:29:40.332 [reactor-http-nio-11] DEBUG reactor.netty.resources.PooledConnectionProvider - [id: 0xbb78fa67, L:/127.0.0.1:49942 - R:localhost/127.0.0.1:8082] onStateChange(PooledConnection{channel=[id: 0xbb78fa67, L:/127.0.0.1:49942 - R:localhost/127.0.0.1:8082]}, [connected])
20:29:40.332 [reactor-http-nio-11] DEBUG reactor.netty.resources.PooledConnectionProvider - [id: 0xbb78fa67, L:/127.0.0.1:49942 - R:localhost/127.0.0.1:8082] onStateChange(GET{uri=/, connection=PooledConnection{channel=[id: 0xbb78fa67, L:/127.0.0.1:49942 - R:localhost/127.0.0.1:8082]}}, [configured])
20:29:40.332 [reactor-http-nio-14] DEBUG reactor.netty.http.client.HttpClientOperations - [id: 0x01a5d163, L:/127.0.0.1:49946 - R:localhost/127.0.0.1:8082] Received response (auto-read:false) : [Content-Type=application/json, Transfer-Encoding=chunked, Date=Tue, 29 Jun 2021 14:59:39 GMT]
20:29:40.332 [reactor-http-nio-14] DEBUG reactor.netty.resources.PooledConnectionProvider - [id: 0x01a5d163, L:/127.0.0.1:49946 - R:localhost/127.0.0.1:8082] onStateChange(GET{uri=/getAttractionRewardPoints?attractionId=46ac4f8b-5a57-4323-9b9e-ab7ec60619c0&userId=0f0307db-6b10-43fb-a343-8309f3ae15cb, connection=PooledConnection{channel=[id: 0x01a5d163, L:/127.0.0.1:49946 - R:localhost/127.0.0.1:8082]}}, [response_received])
20:29:40.332 [reactor-http-nio-11] DEBUG reactor.netty.resources.PooledConnectionProvider - [id: 0x8c5398f6, L:/127.0.0.1:49943 - R:localhost/127.0.0.1:8082] onStateChange(PooledConnection{channel=[id: 0x8c5398f6, L:/127.0.0.1:49943 - R:localhost/127.0.0.1:8082]}, [connected])
20:29:40.332 [reactor-http-nio-14] DEBUG org.springframework.web.reactive.function.client.ExchangeFunctions - [594af04a] Response 200 OK
20:29:40.332 [reactor-http-nio-11] DEBUG reactor.netty.resources.PooledConnectionProvider - [id: 0x8c5398f6, L:/127.0.0.1:49943 - R:localhost/127.0.0.1:8082] onStateChange(GET{uri=/, connection=PooledConnection{channel=[id: 0x8c5398f6, L:/127.0.0.1:49943 - R:localhost/127.0.0.1:8082]}}, [configured])
20:29:40.332 [reactor-http-nio-11] DEBUG reactor.netty.resources.PooledConnectionProvider - [id: 0x7b03b842] Created new pooled channel, now 11 active connections and 33 inactive connections
20:29:40.333 [reactor-http-nio-11] DEBUG reactor.netty.channel.BootstrapHandlers - [id: 0x7b03b842] Initialized pipeline DefaultChannelPipeline{(BootstrapHandlers$BootstrapInitializerHandler#0 = reactor.netty.channel.BootstrapHandlers$BootstrapInitializerHandler), (SimpleChannelPool$1#0 = io.netty.channel.pool.SimpleChannelPool$1), (reactor.left.httpCodec = io.netty.handler.codec.http.HttpClientCodec), (reactor.left.decompressor = io.netty.handler.codec.http.HttpContentDecompressor), (reactor.right.reactiveBridge = reactor.netty.channel.ChannelOperationsHandler)}
20:29:40.333 [pool-15-thread-40] DEBUG org.springframework.web.reactive.function.client.ExchangeFunctions - [2762c8e4] HTTP GET http://localhost:8082/getAttractionRewardPoints?attractionId=c3f7d4be-2d9b-4469-9061-1aab302f1ead&userId=ce9da9c3-8a72-4efb-ba88-ed7e23ed27e0
20:29:40.333 [pool-15-thread-15] DEBUG org.springframework.web.reactive.function.client.ExchangeFunctions - [df9d82f] HTTP GET http://localhost:8082/getAttractionRewardPoints?attractionId=91b9bfe5-f305-4021-8fd7-4c95a78cbe34&userId=22ce3b21-a70c-4812-a62d-5708966e6855
20:29:40.333 [reactor-http-nio-12] DEBUG reactor.netty.resources.PooledConnectionProvider - [id: 0xafac718b] Created new pooled channel, now 11 active connections and 35 inactive connections
20:29:40.333 [reactor-http-nio-2] DEBUG org.springframework.core.codec.StringDecoder - [43f5cd35] Decoded "[{"longitude":-117.922008,"latitude":33.817595,"attractionName":"Disneyland","city":"Anaheim","stat (truncated)...
20:29:40.333 [reactor-http-nio-2] DEBUG reactor.netty.resources.PooledConnectionProvider - [id: 0x3a160202, L:/127.0.0.1:49876 - R:localhost/127.0.0.1:8081] onStateChange(GET{uri=/getAttractions, connection=PooledConnection{channel=[id: 0x3a160202, L:/127.0.0.1:49876 - R:localhost/127.0.0.1:8081]}}, [disconnecting])
20:29:40.333 [reactor-http-nio-2] DEBUG reactor.netty.resources.PooledConnectionProvider - [id: 0x3a160202, L:/127.0.0.1:49876 - R:localhost/127.0.0.1:8081] Releasing channel
20:29:40.333 [reactor-http-nio-2] DEBUG reactor.netty.resources.PooledConnectionProvider - [id: 0x3a160202, L:/127.0.0.1:49876 - R:localhost/127.0.0.1:8081] Channel cleaned, now 12 active connections and 53 inactive connections
20:29:40.333 [reactor-http-nio-2] DEBUG reactor.netty.resources.PooledConnectionProvider - [id: 0x4eabdfc3, L:/127.0.0.1:49944 - R:localhost/127.0.0.1:8082] onStateChange(PooledConnection{channel=[id: 0x4eabdfc3, L:/127.0.0.1:49944 - R:localhost/127.0.0.1:8082]}, [connected])
20:29:40.333 [pool-15-thread-13] DEBUG org.springframework.web.reactive.function.client.ExchangeFunctions - [54f1f0e] HTTP GET http://localhost:8082/getAttractionRewardPoints?attractionId=0c7828db-b194-472f-aa83-a79d87d14105&userId=61b50129-88d9-4a71-ace6-da4a54016632
20:29:40.333 [reactor-http-nio-2] DEBUG reactor.netty.resources.PooledConnectionProvider - [id: 0x4eabdfc3, L:/127.0.0.1:49944 - R:localhost/127.0.0.1:8082] onStateChange(GET{uri=/, connection=PooledConnection{channel=[id: 0x4eabdfc3, L:/127.0.0.1:49944 - R:localhost/127.0.0.1:8082]}}, [configured])
20:29:40.333 [reactor-http-nio-16] DEBUG reactor.netty.resources.PooledConnectionProvider - [id: 0x5ee570b3] Created new pooled channel, now 11 active connections and 36 inactive connections
20:29:40.333 [pool-15-thread-23] DEBUG org.springframework.web.reactive.function.client.ExchangeFunctions - [27b011b8] HTTP GET http://localhost:8082/getAttractionRewardPoints?attractionId=ae61c55e-23a8-460d-805a-512bd7d6e524&userId=37f54411-7265-4c84-b41b-cd7860bf803d
20:29:40.332 [reactor-http-nio-15] DEBUG reactor.netty.channel.FluxReceive - [id: 0x6124bcfa, L:/127.0.0.1:49886 - R:localhost/127.0.0.1:8081] Subscribing inbound receiver [pending: 0, cancelled:false, inboundDone: false]
20:29:40.333 [reactor-http-nio-16] DEBUG reactor.netty.channel.BootstrapHandlers - [id: 0x5ee570b3] Initialized pipeline DefaultChannelPipeline{(BootstrapHandlers$BootstrapInitializerHandler#0 = reactor.netty.channel.BootstrapHandlers$BootstrapInitializerHandler), (SimpleChannelPool$1#0 = io.netty.channel.pool.SimpleChannelPool$1), (reactor.left.httpCodec = io.netty.handler.codec.http.HttpClientCodec), (reactor.left.decompressor = io.netty.handler.codec.http.HttpContentDecompressor), (reactor.right.reactiveBridge = reactor.netty.channel.ChannelOperationsHandler)}
20:29:40.334 [reactor-http-nio-15] DEBUG reactor.netty.http.client.HttpClientOperations - [id: 0x6124bcfa, L:/127.0.0.1:49886 - R:localhost/127.0.0.1:8081] Received last HTTP packet
20:29:40.334 [reactor-http-nio-14] DEBUG reactor.netty.channel.FluxReceive - [id: 0x01a5d163, L:/127.0.0.1:49946 - R:localhost/127.0.0.1:8082] Subscribing inbound receiver [pending: 0, cancelled:false, inboundDone: false]
20:29:40.333 [reactor-http-nio-11] DEBUG reactor.netty.resources.PooledConnectionProvider - [id: 0x49d0e115] Created new pooled channel, now 11 active connections and 35 inactive connections
20:29:40.333 [reactor-http-nio-12] DEBUG reactor.netty.channel.BootstrapHandlers - [id: 0xafac718b] Initialized pipeline DefaultChannelPipeline{(BootstrapHandlers$BootstrapInitializerHandler#0 = reactor.netty.channel.BootstrapHandlers$BootstrapInitializerHandler), (SimpleChannelPool$1#0 = io.netty.channel.pool.SimpleChannelPool$1), (reactor.left.httpCodec = io.netty.handler.codec.http.HttpClientCodec), (reactor.left.decompressor = io.netty.handler.codec.http.HttpContentDecompressor), (reactor.right.reactiveBridge = reactor.netty.channel.ChannelOperationsHandler)}
20:29:40.334 [reactor-http-nio-16] DEBUG reactor.netty.resources.PooledConnectionProvider - [id: 0x5ee570b3, L:/127.0.0.1:49978 - R:localhost/127.0.0.1:8082] onStateChange(PooledConnection{channel=[id: 0x5ee570b3, L:/127.0.0.1:49978 - R:localhost/127.0.0.1:8082]}, [connected])
20:29:40.334 [reactor-http-nio-11] DEBUG reactor.netty.channel.BootstrapHandlers - [id: 0x49d0e115] Initialized pipeline DefaultChannelPipeline{(BootstrapHandlers$BootstrapInitializerHandler#0 = reactor.netty.channel.BootstrapHandlers$BootstrapInitializerHandler), (SimpleChannelPool$1#0 = io.netty.channel.pool.SimpleChannelPool$1), (reactor.left.httpCodec = io.netty.handler.codec.http.HttpClientCodec), (reactor.left.decompressor = io.netty.handler.codec.http.HttpContentDecompressor), (reactor.right.reactiveBridge = reactor.netty.channel.ChannelOperationsHandler)}
20:29:40.333 [reactor-http-nio-2] DEBUG reactor.netty.resources.PooledConnectionProvider - [id: 0x1493a2a6, L:/127.0.0.1:49945 - R:localhost/127.0.0.1:8082] onStateChange(PooledConnection{channel=[id: 0x1493a2a6, L:/127.0.0.1:49945 - R:localhost/127.0.0.1:8082]}, [connected])
20:29:40.334 [reactor-http-nio-15] DEBUG org.springframework.core.codec.StringDecoder - [25d682d9] Decoded "[{"longitude":-117.922008,"latitude":33.817595,"attractionName":"Disneyland","city":"Anaheim","stat (truncated)...
20:29:40.334 [reactor-http-nio-14] DEBUG reactor.netty.resources.PooledConnectionProvider - [id: 0xbf5565fb, L:/127.0.0.1:49948 - R:localhost/127.0.0.1:8082] Registering pool release on close event for channel
20:29:40.334 [pool-15-thread-56] DEBUG org.springframework.web.reactive.function.client.ExchangeFunctions - [54b0e030] HTTP GET http://localhost:8082/getAttractionRewardPoints?attractionId=ce34cd21-87b6-4a35-9fa8-a8fb9cdd7b81&userId=d6b0c146-18d4-4659-bc73-c715278ef48c
20:29:40.334 [reactor-http-nio-2] DEBUG reactor.netty.resources.PooledConnectionProvider - [id: 0x1493a2a6, L:/127.0.0.1:49945 - R:localhost/127.0.0.1:8082] onStateChange(GET{uri=/, connection=PooledConnection{channel=[id: 0x1493a2a6, L:/127.0.0.1:49945 - R:localhost/127.0.0.1:8082]}}, [configured])
20:29:40.334 [pool-15-thread-22] DEBUG org.springframework.web.reactive.function.client.ExchangeFunctions - [4d322b3b] HTTP GET http://localhost:8082/getAttractionRewardPoints?attractionId=2b242fa6-0a0c-419a-a3e1-95594a0afa5b&userId=bf87d3c4-f639-4f6d-91fd-649d98e7093e
20:29:40.334 [reactor-http-nio-12] DEBUG reactor.netty.resources.PooledConnectionProvider - [id: 0xd3e383bb, L:/127.0.0.1:49956 - R:localhost/127.0.0.1:8082] Registering pool release on close event for channel
20:29:40.334 [reactor-http-nio-12] DEBUG reactor.netty.http.client.HttpClientConnect - [id: 0xd3e383bb, L:/127.0.0.1:49956 - R:localhost/127.0.0.1:8082] Handler is being applied: {uri=http://localhost:8082/getAttractionRewardPoints?attractionId=8ea262ab-84fa-45d2-83ef-19062b60db81&userId=c967b345-c67b-45bc-8353-1d5c5c1d0a54, method=GET}
20:29:40.334 [reactor-http-nio-16] DEBUG reactor.netty.resources.PooledConnectionProvider - [id: 0x5ee570b3, L:/127.0.0.1:49978 - R:localhost/127.0.0.1:8082] onStateChange(GET{uri=/, connection=PooledConnection{channel=[id: 0x5ee570b3, L:/127.0.0.1:49978 - R:localhost/127.0.0.1:8082]}}, [configured])
20:29:40.334 [reactor-http-nio-11] DEBUG reactor.netty.resources.PooledConnectionProvider - [id: 0xf6923df7, L:/127.0.0.1:49940 - R:localhost/127.0.0.1:8082] Registering pool release on close event for channel
20:29:40.334 [reactor-http-nio-11] DEBUG reactor.netty.http.client.HttpClientConnect - [id: 0xf6923df7, L:/127.0.0.1:49940 - R:localhost/127.0.0.1:8082] Handler is being applied: {uri=http://localhost:8082/getAttractionRewardPoints?attractionId=6096c044-d2cd-4181-b7c3-38a60f12889d&userId=6d88f4f0-cfee-463c-9418-c2cc5b2d995a, method=GET}
20:29:40.335 [reactor-http-nio-12] DEBUG reactor.netty.resources.PooledConnectionProvider - [id: 0xd3e383bb, L:/127.0.0.1:49956 - R:localhost/127.0.0.1:8082] onStateChange(GET{uri=/getAttractionRewardPoints?attractionId=8ea262ab-84fa-45d2-83ef-19062b60db81&userId=c967b345-c67b-45bc-8353-1d5c5c1d0a54, connection=PooledConnection{channel=[id: 0xd3e383bb, L:/127.0.0.1:49956 - R:localhost/127.0.0.1:8082]}}, [request_sent])
20:29:40.334 [reactor-http-nio-15] DEBUG reactor.netty.resources.PooledConnectionProvider - [id: 0x6124bcfa, L:/127.0.0.1:49886 - R:localhost/127.0.0.1:8081] onStateChange(GET{uri=/getAttractions, connection=PooledConnection{channel=[id: 0x6124bcfa, L:/127.0.0.1:49886 - R:localhost/127.0.0.1:8081]}}, [disconnecting])
20:29:40.335 [reactor-http-nio-12] DEBUG reactor.netty.resources.PooledConnectionProvider - [id: 0xd3e383bb, L:/127.0.0.1:49956 - R:localhost/127.0.0.1:8082] Channel connected, now 14 active connections and 34 inactive connections
20:29:40.334 [reactor-http-nio-14] DEBUG reactor.netty.http.client.HttpClientConnect - [id: 0xbf5565fb, L:/127.0.0.1:49948 - R:localhost/127.0.0.1:8082] Handler is being applied: {uri=http://localhost:8082/getAttractionRewardPoints?attractionId=79d42fd5-149d-4deb-aaaf-2409249bd987&userId=97af19c4-46f3-4db1-a43f-d7664a365a0f, method=GET}
20:29:40.335 [reactor-http-nio-12] DEBUG reactor.netty.resources.PooledConnectionProvider - [id: 0x297f734c] Created new pooled channel, now 14 active connections and 35 inactive connections
20:29:40.335 [reactor-http-nio-12] DEBUG reactor.netty.channel.BootstrapHandlers - [id: 0x297f734c] Initialized pipeline DefaultChannelPipeline{(BootstrapHandlers$BootstrapInitializerHandler#0 = reactor.netty.channel.BootstrapHandlers$BootstrapInitializerHandler), (SimpleChannelPool$1#0 = io.netty.channel.pool.SimpleChannelPool$1), (reactor.left.httpCodec = io.netty.handler.codec.http.HttpClientCodec), (reactor.left.decompressor = io.netty.handler.codec.http.HttpContentDecompressor), (reactor.right.reactiveBridge = reactor.netty.channel.ChannelOperationsHandler)}
20:29:40.334 [reactor-http-nio-13] DEBUG reactor.netty.channel.FluxReceive - [id: 0x93eb028b, L:/127.0.0.1:49917 - R:localhost/127.0.0.1:8081] Subscribing inbound receiver [pending: 0, cancelled:false, inboundDone: false]
20:29:40.335 [reactor-http-nio-14] DEBUG reactor.netty.resources.PooledConnectionProvider - [id: 0xbf5565fb, L:/127.0.0.1:49948 - R:localhost/127.0.0.1:8082] onStateChange(GET{uri=/getAttractionRewardPoints?attractionId=79d42fd5-149d-4deb-aaaf-2409249bd987&userId=97af19c4-46f3-4db1-a43f-d7664a365a0f, connection=PooledConnection{channel=[id: 0xbf5565fb, L:/127.0.0.1:49948 - R:localhost/127.0.0.1:8082]}}, [request_sent])
20:29:40.335 [reactor-http-nio-14] DEBUG reactor.netty.resources.PooledConnectionProvider - [id: 0xbf5565fb, L:/127.0.0.1:49948 - R:localhost/127.0.0.1:8082] Channel connected, now 14 active connections and 35 inactive connections
20:29:40.335 [reactor-http-nio-13] DEBUG reactor.netty.http.client.HttpClientOperations - [id: 0x93eb028b, L:/127.0.0.1:49917 - R:localhost/127.0.0.1:8081] Received last HTTP packet
20:29:40.335 [reactor-http-nio-14] DEBUG reactor.netty.http.client.HttpClientOperations - [id: 0x01a5d163, L:/127.0.0.1:49946 - R:localhost/127.0.0.1:8082] Received last HTTP packet
20:29:40.335 [reactor-http-nio-12] DEBUG reactor.netty.resources.PooledConnectionProvider - [id: 0xafac718b, L:/127.0.0.1:49979 - R:localhost/127.0.0.1:8082] onStateChange(PooledConnection{channel=[id: 0xafac718b, L:/127.0.0.1:49979 - R:localhost/127.0.0.1:8082]}, [connected])
20:29:40.334 [reactor-http-nio-2] DEBUG reactor.netty.resources.PooledConnectionProvider - [id: 0xe830ae82, L:/127.0.0.1:49949 - R:localhost/127.0.0.1:8082] onStateChange(PooledConnection{channel=[id: 0xe830ae82, L:/127.0.0.1:49949 - R:localhost/127.0.0.1:8082]}, [connected])
20:29:40.335 [reactor-http-nio-16] DEBUG reactor.netty.resources.PooledConnectionProvider - [id: 0xb6047605] Created new pooled channel, now 14 active connections and 34 inactive connections
20:29:40.335 [reactor-http-nio-14] DEBUG org.springframework.core.codec.StringDecoder - [594af04a] Decoded "430"
20:29:40.335 [reactor-http-nio-12] DEBUG reactor.netty.resources.PooledConnectionProvider - [id: 0xafac718b, L:/127.0.0.1:49979 - R:localhost/127.0.0.1:8082] onStateChange(GET{uri=/, connection=PooledConnection{channel=[id: 0xafac718b, L:/127.0.0.1:49979 - R:localhost/127.0.0.1:8082]}}, [configured])
20:29:40.335 [reactor-http-nio-14] DEBUG reactor.netty.resources.PooledConnectionProvider - [id: 0x01a5d163, L:/127.0.0.1:49946 - R:localhost/127.0.0.1:8082] onStateChange(GET{uri=/getAttractionRewardPoints?attractionId=46ac4f8b-5a57-4323-9b9e-ab7ec60619c0&userId=0f0307db-6b10-43fb-a343-8309f3ae15cb, connection=PooledConnection{channel=[id: 0x01a5d163, L:/127.0.0.1:49946 - R:localhost/127.0.0.1:8082]}}, [disconnecting])
20:29:40.335 [reactor-http-nio-14] DEBUG reactor.netty.resources.PooledConnectionProvider - [id: 0x01a5d163, L:/127.0.0.1:49946 - R:localhost/127.0.0.1:8082] Releasing channel
20:29:40.335 [reactor-http-nio-14] DEBUG reactor.netty.resources.PooledConnectionProvider - [id: 0x01a5d163, L:/127.0.0.1:49946 - R:localhost/127.0.0.1:8082] Channel cleaned, now 13 active connections and 36 inactive connections
20:29:40.335 [reactor-http-nio-13] DEBUG org.springframework.core.codec.StringDecoder - [59cdb788] Decoded "[{"longitude":-117.922008,"latitude":33.817595,"attractionName":"Disneyland","city":"Anaheim","stat (truncated)...
20:29:40.335 [reactor-http-nio-12] DEBUG reactor.netty.resources.PooledConnectionProvider - [id: 0x297f734c, L:/127.0.0.1:49980 - R:localhost/127.0.0.1:8082] onStateChange(PooledConnection{channel=[id: 0x297f734c, L:/127.0.0.1:49980 - R:localhost/127.0.0.1:8082]}, [connected])
20:29:40.336 [reactor-http-nio-13] DEBUG reactor.netty.resources.PooledConnectionProvider - [id: 0x93eb028b, L:/127.0.0.1:49917 - R:localhost/127.0.0.1:8081] onStateChange(GET{uri=/getAttractions, connection=PooledConnection{channel=[id: 0x93eb028b, L:/127.0.0.1:49917 - R:localhost/127.0.0.1:8081]}}, [disconnecting])
20:29:40.336 [reactor-http-nio-13] DEBUG reactor.netty.resources.PooledConnectionProvider - [id: 0x93eb028b, L:/127.0.0.1:49917 - R:localhost/127.0.0.1:8081] Releasing channel
20:29:40.335 [reactor-http-nio-15] DEBUG reactor.netty.resources.PooledConnectionProvider - [id: 0x6124bcfa, L:/127.0.0.1:49886 - R:localhost/127.0.0.1:8081] Releasing channel
20:29:40.336 [reactor-http-nio-13] DEBUG reactor.netty.resources.PooledConnectionProvider - [id: 0x93eb028b, L:/127.0.0.1:49917 - R:localhost/127.0.0.1:8081] Channel cleaned, now 11 active connections and 54 inactive connections
20:29:40.335 [reactor-http-nio-11] DEBUG reactor.netty.resources.PooledConnectionProvider - [id: 0xf6923df7, L:/127.0.0.1:49940 - R:localhost/127.0.0.1:8082] onStateChange(GET{uri=/getAttractionRewardPoints?attractionId=6096c044-d2cd-4181-b7c3-38a60f12889d&userId=6d88f4f0-cfee-463c-9418-c2cc5b2d995a, connection=PooledConnection{channel=[id: 0xf6923df7, L:/127.0.0.1:49940 - R:localhost/127.0.0.1:8082]}}, [request_sent])
20:29:40.335 [pool-15-thread-59] DEBUG org.springframework.web.reactive.function.client.ExchangeFunctions - [2b117813] HTTP GET http://localhost:8082/getAttractionRewardPoints?attractionId=fc530570-4b3a-4992-81dd-c08441d98efc&userId=091aaf4f-24e9-4266-85c0-1bcebbddd887
20:29:40.336 [reactor-http-nio-11] DEBUG reactor.netty.resources.PooledConnectionProvider - [id: 0xf6923df7, L:/127.0.0.1:49940 - R:localhost/127.0.0.1:8082] Channel connected, now 13 active connections and 36 inactive connections
20:29:40.336 [reactor-http-nio-11] DEBUG reactor.netty.resources.PooledConnectionProvider - [id: 0x3a510d05, L:/127.0.0.1:49941 - R:localhost/127.0.0.1:8082] Registering pool release on close event for channel
20:29:40.336 [reactor-http-nio-13] DEBUG reactor.netty.http.client.HttpClientOperations - [id: 0xfae62b5e, L:/127.0.0.1:49890 - R:localhost/127.0.0.1:8081] Received response (auto-read:false) : [Content-Type=application/json, Transfer-Encoding=chunked, Date=Tue, 29 Jun 2021 14:59:39 GMT]
20:29:40.336 [reactor-http-nio-13] DEBUG reactor.netty.resources.PooledConnectionProvider - [id: 0xfae62b5e, L:/127.0.0.1:49890 - R:localhost/127.0.0.1:8081] onStateChange(GET{uri=/getAttractions, connection=PooledConnection{channel=[id: 0xfae62b5e, L:/127.0.0.1:49890 - R:localhost/127.0.0.1:8081]}}, [response_received])
20:29:40.335 [reactor-http-nio-2] DEBUG reactor.netty.resources.PooledConnectionProvider - [id: 0xe830ae82, L:/127.0.0.1:49949 - R:localhost/127.0.0.1:8082] onStateChange(GET{uri=/, connection=PooledConnection{channel=[id: 0xe830ae82, L:/127.0.0.1:49949 - R:localhost/127.0.0.1:8082]}}, [configured])
20:29:40.336 [reactor-http-nio-12] DEBUG reactor.netty.resources.PooledConnectionProvider - [id: 0x297f734c, L:/127.0.0.1:49980 - R:localhost/127.0.0.1:8082] onStateChange(GET{uri=/, connection=PooledConnection{channel=[id: 0x297f734c, L:/127.0.0.1:49980 - R:localhost/127.0.0.1:8082]}}, [configured])
20:29:40.336 [reactor-http-nio-13] DEBUG org.springframework.web.reactive.function.client.ExchangeFunctions - [f89819] Response 200 OK
20:29:40.336 [reactor-http-nio-16] DEBUG reactor.netty.channel.BootstrapHandlers - [id: 0xb6047605] Initialized pipeline DefaultChannelPipeline{(BootstrapHandlers$BootstrapInitializerHandler#0 = reactor.netty.channel.BootstrapHandlers$BootstrapInitializerHandler), (SimpleChannelPool$1#0 = io.netty.channel.pool.SimpleChannelPool$1), (reactor.left.httpCodec = io.netty.handler.codec.http.HttpClientCodec), (reactor.left.decompressor = io.netty.handler.codec.http.HttpContentDecompressor), (reactor.right.reactiveBridge = reactor.netty.channel.ChannelOperationsHandler)}
20:29:40.336 [reactor-http-nio-15] DEBUG reactor.netty.resources.PooledConnectionProvider - [id: 0x6124bcfa, L:/127.0.0.1:49886 - R:localhost/127.0.0.1:8081] Channel cleaned, now 10 active connections and 55 inactive connections
20:29:40.336 [reactor-http-nio-11] DEBUG reactor.netty.http.client.HttpClientConnect - [id: 0x3a510d05, L:/127.0.0.1:49941 - R:localhost/127.0.0.1:8082] Handler is being applied: {uri=http://localhost:8082/getAttractionRewardPoints?attractionId=82b223ce-a6c5-41b0-8b3f-7e17d222722f&userId=ff1138ab-e29e-4a14-a76b-3ceeb3f24366, method=GET}
20:29:40.336 [pool-15-thread-58] DEBUG org.springframework.web.reactive.function.client.ExchangeFunctions - [5d757fbb] HTTP GET http://localhost:8081/getAttractions
20:29:40.336 [reactor-http-nio-13] DEBUG reactor.netty.channel.FluxReceive - [id: 0xfae62b5e, L:/127.0.0.1:49890 - R:localhost/127.0.0.1:8081] Subscribing inbound receiver [pending: 0, cancelled:false, inboundDone: false]
20:29:40.336 [reactor-http-nio-12] DEBUG reactor.netty.resources.PooledConnectionProvider - [id: 0x297f734c, L:/127.0.0.1:49980 - R:localhost/127.0.0.1:8082] Registering pool release on close event for channel
20:29:40.336 [reactor-http-nio-15] DEBUG reactor.netty.resources.PooledConnectionProvider - [id: 0xd13dd737, L:/127.0.0.1:49962 - R:localhost/127.0.0.1:8082] onStateChange(PooledConnection{channel=[id: 0xd13dd737, L:/127.0.0.1:49962 - R:localhost/127.0.0.1:8082]}, [connected])
20:29:40.336 [reactor-http-nio-12] DEBUG reactor.netty.http.client.HttpClientConnect - [id: 0x297f734c, L:/127.0.0.1:49980 - R:localhost/127.0.0.1:8082] Handler is being applied: {uri=http://localhost:8082/getAttractionRewardPoints?attractionId=ae61c55e-23a8-460d-805a-512bd7d6e524&userId=37f54411-7265-4c84-b41b-cd7860bf803d, method=GET}
20:29:40.336 [reactor-http-nio-15] DEBUG reactor.netty.resources.PooledConnectionProvider - [id: 0xd13dd737, L:/127.0.0.1:49962 - R:localhost/127.0.0.1:8082] onStateChange(GET{uri=/, connection=PooledConnection{channel=[id: 0xd13dd737, L:/127.0.0.1:49962 - R:localhost/127.0.0.1:8082]}}, [configured])
20:29:40.336 [reactor-http-nio-16] DEBUG reactor.netty.resources.PooledConnectionProvider - [id: 0x5ee570b3, L:/127.0.0.1:49978 - R:localhost/127.0.0.1:8082] Registering pool release on close event for channel
20:29:40.336 [reactor-http-nio-13] DEBUG reactor.netty.http.client.HttpClientOperations - [id: 0xfae62b5e, L:/127.0.0.1:49890 - R:localhost/127.0.0.1:8081] Received last HTTP packet
20:29:40.336 [reactor-http-nio-15] DEBUG reactor.netty.resources.PooledConnectionProvider - [id: 0xcbdafd8d, L:/127.0.0.1:49963 - R:localhost/127.0.0.1:8082] onStateChange(PooledConnection{channel=[id: 0xcbdafd8d, L:/127.0.0.1:49963 - R:localhost/127.0.0.1:8082]}, [connected])
20:29:40.336 [reactor-http-nio-12] DEBUG reactor.netty.resources.PooledConnectionProvider - [id: 0x297f734c, L:/127.0.0.1:49980 - R:localhost/127.0.0.1:8082] onStateChange(GET{uri=/getAttractionRewardPoints?attractionId=ae61c55e-23a8-460d-805a-512bd7d6e524&userId=37f54411-7265-4c84-b41b-cd7860bf803d, connection=PooledConnection{channel=[id: 0x297f734c, L:/127.0.0.1:49980 - R:localhost/127.0.0.1:8082]}}, [request_sent])
20:29:40.337 [reactor-http-nio-12] DEBUG reactor.netty.resources.PooledConnectionProvider - [id: 0x297f734c, L:/127.0.0.1:49980 - R:localhost/127.0.0.1:8082] Channel connected, now 16 active connections and 33 inactive connections
20:29:40.336 [reactor-http-nio-2] DEBUG reactor.netty.resources.PooledConnectionProvider - [id: 0xda5365a3, L:/127.0.0.1:49950 - R:localhost/127.0.0.1:8082] onStateChange(PooledConnection{channel=[id: 0xda5365a3, L:/127.0.0.1:49950 - R:localhost/127.0.0.1:8082]}, [connected])
20:29:40.336 [reactor-http-nio-16] DEBUG reactor.netty.http.client.HttpClientConnect - [id: 0x5ee570b3, L:/127.0.0.1:49978 - R:localhost/127.0.0.1:8082] Handler is being applied: {uri=http://localhost:8082/getAttractionRewardPoints?attractionId=91b9bfe5-f305-4021-8fd7-4c95a78cbe34&userId=22ce3b21-a70c-4812-a62d-5708966e6855, method=GET}
20:29:40.337 [reactor-http-nio-2] DEBUG reactor.netty.resources.PooledConnectionProvider - [id: 0xda5365a3, L:/127.0.0.1:49950 - R:localhost/127.0.0.1:8082] onStateChange(GET{uri=/, connection=PooledConnection{channel=[id: 0xda5365a3, L:/127.0.0.1:49950 - R:localhost/127.0.0.1:8082]}}, [configured])
20:29:40.336 [reactor-http-nio-14] DEBUG reactor.netty.resources.PooledConnectionProvider - [id: 0xd139cd35, L:/127.0.0.1:49893 - R:localhost/127.0.0.1:8081] Channel acquired, now 11 active connections and 54 inactive connections
20:29:40.337 [reactor-http-nio-14] DEBUG reactor.netty.http.client.HttpClientConnect - [id: 0xd139cd35, L:/127.0.0.1:49893 - R:localhost/127.0.0.1:8081] Handler is being applied: {uri=http://localhost:8081/getAttractions, method=GET}
20:29:40.336 [reactor-http-nio-11] DEBUG reactor.netty.resources.PooledConnectionProvider - [id: 0x3a510d05, L:/127.0.0.1:49941 - R:localhost/127.0.0.1:8082] onStateChange(GET{uri=/getAttractionRewardPoints?attractionId=82b223ce-a6c5-41b0-8b3f-7e17d222722f&userId=ff1138ab-e29e-4a14-a76b-3ceeb3f24366, connection=PooledConnection{channel=[id: 0x3a510d05, L:/127.0.0.1:49941 - R:localhost/127.0.0.1:8082]}}, [request_sent])
20:29:40.337 [reactor-http-nio-11] DEBUG reactor.netty.resources.PooledConnectionProvider - [id: 0x3a510d05, L:/127.0.0.1:49941 - R:localhost/127.0.0.1:8082] Channel connected, now 16 active connections and 34 inactive connections
20:29:40.337 [reactor-http-nio-16] DEBUG reactor.netty.resources.PooledConnectionProvider - [id: 0x5ee570b3, L:/127.0.0.1:49978 - R:localhost/127.0.0.1:8082] onStateChange(GET{uri=/getAttractionRewardPoints?attractionId=91b9bfe5-f305-4021-8fd7-4c95a78cbe34&userId=22ce3b21-a70c-4812-a62d-5708966e6855, connection=PooledConnection{channel=[id: 0x5ee570b3, L:/127.0.0.1:49978 - R:localhost/127.0.0.1:8082]}}, [request_sent])
20:29:40.337 [reactor-http-nio-11] DEBUG reactor.netty.resources.PooledConnectionProvider - [id: 0x8c5398f6, L:/127.0.0.1:49943 - R:localhost/127.0.0.1:8082] Registering pool release on close event for channel
20:29:40.337 [reactor-http-nio-11] DEBUG reactor.netty.http.client.HttpClientConnect - [id: 0x8c5398f6, L:/127.0.0.1:49943 - R:localhost/127.0.0.1:8082] Handler is being applied: {uri=http://localhost:8082/getAttractionRewardPoints?attractionId=299180de-1068-4565-8f03-16f1192cada6&userId=4b68a981-15fd-4ef2-b72e-fb3a1aed4696, method=GET}
20:29:40.337 [reactor-http-nio-13] DEBUG org.springframework.core.codec.StringDecoder - [f89819] Decoded "[{"longitude":-117.922008,"latitude":33.817595,"attractionName":"Disneyland","city":"Anaheim","stat (truncated)...
20:29:40.337 [reactor-http-nio-15] DEBUG reactor.netty.resources.PooledConnectionProvider - [id: 0xcbdafd8d, L:/127.0.0.1:49963 - R:localhost/127.0.0.1:8082] onStateChange(GET{uri=/, connection=PooledConnection{channel=[id: 0xcbdafd8d, L:/127.0.0.1:49963 - R:localhost/127.0.0.1:8082]}}, [configured])
20:29:40.337 [pool-15-thread-33] DEBUG org.springframework.web.reactive.function.client.ExchangeFunctions - [570a52c1] HTTP GET http://localhost:8082/getAttractionRewardPoints?attractionId=6869790c-cce8-496f-b0b6-9ab84a1d2e83&userId=3c806ac2-0783-4b08-a886-591bbb9ba017
20:29:40.337 [reactor-http-nio-13] DEBUG reactor.netty.resources.PooledConnectionProvider - [id: 0xfae62b5e, L:/127.0.0.1:49890 - R:localhost/127.0.0.1:8081] onStateChange(GET{uri=/getAttractions, connection=PooledConnection{channel=[id: 0xfae62b5e, L:/127.0.0.1:49890 - R:localhost/127.0.0.1:8081]}}, [disconnecting])
20:29:40.337 [reactor-http-nio-13] DEBUG reactor.netty.resources.PooledConnectionProvider - [id: 0xfae62b5e, L:/127.0.0.1:49890 - R:localhost/127.0.0.1:8081] Releasing channel
20:29:40.337 [reactor-http-nio-13] DEBUG reactor.netty.resources.PooledConnectionProvider - [id: 0xfae62b5e, L:/127.0.0.1:49890 - R:localhost/127.0.0.1:8081] Channel cleaned, now 10 active connections and 55 inactive connections
20:29:40.337 [reactor-http-nio-2] DEBUG reactor.netty.resources.PooledConnectionProvider - [id: 0x58a6e91c] Created new pooled channel, now 16 active connections and 34 inactive connections
20:29:40.337 [reactor-http-nio-14] DEBUG reactor.netty.resources.PooledConnectionProvider - [id: 0xd139cd35, L:/127.0.0.1:49893 - R:localhost/127.0.0.1:8081] onStateChange(GET{uri=/getAttractions, connection=PooledConnection{channel=[id: 0xd139cd35, L:/127.0.0.1:49893 - R:localhost/127.0.0.1:8081]}}, [request_sent])
20:29:40.337 [reactor-http-nio-16] DEBUG reactor.netty.resources.PooledConnectionProvider - [id: 0x5ee570b3, L:/127.0.0.1:49978 - R:localhost/127.0.0.1:8082] Channel connected, now 17 active connections and 33 inactive connections
20:29:40.338 [reactor-http-nio-2] DEBUG reactor.netty.channel.BootstrapHandlers - [id: 0x58a6e91c] Initialized pipeline DefaultChannelPipeline{(BootstrapHandlers$BootstrapInitializerHandler#0 = reactor.netty.channel.BootstrapHandlers$BootstrapInitializerHandler), (SimpleChannelPool$1#0 = io.netty.channel.pool.SimpleChannelPool$1), (reactor.left.httpCodec = io.netty.handler.codec.http.HttpClientCodec), (reactor.left.decompressor = io.netty.handler.codec.http.HttpContentDecompressor), (reactor.right.reactiveBridge = reactor.netty.channel.ChannelOperationsHandler)}
20:29:40.338 [reactor-http-nio-13] DEBUG reactor.netty.http.client.HttpClientOperations - [id: 0x99ebd170, L:/127.0.0.1:49872 - R:localhost/127.0.0.1:8081] Received response (auto-read:false) : [Content-Type=application/json, Transfer-Encoding=chunked, Date=Tue, 29 Jun 2021 14:59:39 GMT]
20:29:40.338 [reactor-http-nio-13] DEBUG reactor.netty.resources.PooledConnectionProvider - [id: 0x99ebd170, L:/127.0.0.1:49872 - R:localhost/127.0.0.1:8081] onStateChange(GET{uri=/getAttractions, connection=PooledConnection{channel=[id: 0x99ebd170, L:/127.0.0.1:49872 - R:localhost/127.0.0.1:8081]}}, [response_received])
20:29:40.338 [reactor-http-nio-13] DEBUG org.springframework.web.reactive.function.client.ExchangeFunctions - [772024af] Response 200 OK
20:29:40.338 [reactor-http-nio-16] DEBUG reactor.netty.resources.PooledConnectionProvider - [id: 0xb6047605, L:/127.0.0.1:49981 - R:localhost/127.0.0.1:8082] onStateChange(PooledConnection{channel=[id: 0xb6047605, L:/127.0.0.1:49981 - R:localhost/127.0.0.1:8082]}, [connected])
20:29:40.338 [reactor-http-nio-16] DEBUG reactor.netty.resources.PooledConnectionProvider - [id: 0xb6047605, L:/127.0.0.1:49981 - R:localhost/127.0.0.1:8082] onStateChange(GET{uri=/, connection=PooledConnection{channel=[id: 0xb6047605, L:/127.0.0.1:49981 - R:localhost/127.0.0.1:8082]}}, [configured])
20:29:40.338 [reactor-http-nio-2] DEBUG reactor.netty.resources.PooledConnectionProvider - [id: 0x1d64c07f, L:/127.0.0.1:49936 - R:localhost/127.0.0.1:8082] Registering pool release on close event for channel
20:29:40.338 [reactor-http-nio-11] DEBUG reactor.netty.resources.PooledConnectionProvider - [id: 0x8c5398f6, L:/127.0.0.1:49943 - R:localhost/127.0.0.1:8082] onStateChange(GET{uri=/getAttractionRewardPoints?attractionId=299180de-1068-4565-8f03-16f1192cada6&userId=4b68a981-15fd-4ef2-b72e-fb3a1aed4696, connection=PooledConnection{channel=[id: 0x8c5398f6, L:/127.0.0.1:49943 - R:localhost/127.0.0.1:8082]}}, [request_sent])
20:29:40.338 [reactor-http-nio-2] DEBUG reactor.netty.http.client.HttpClientConnect - [id: 0x1d64c07f, L:/127.0.0.1:49936 - R:localhost/127.0.0.1:8082] Handler is being applied: {uri=http://localhost:8082/getAttractionRewardPoints?attractionId=9975fb08-f2d2-48de-b49b-7866d7674e1e&userId=fe7bfd7a-3cb1-4555-9ffe-8ee184f98d35, method=GET}
20:29:40.338 [reactor-http-nio-11] DEBUG reactor.netty.resources.PooledConnectionProvider - [id: 0x8c5398f6, L:/127.0.0.1:49943 - R:localhost/127.0.0.1:8082] Channel connected, now 18 active connections and 33 inactive connections
20:29:40.338 [reactor-http-nio-15] DEBUG reactor.netty.resources.PooledConnectionProvider - [id: 0xbc63c65a, L:/127.0.0.1:49964 - R:localhost/127.0.0.1:8082] onStateChange(PooledConnection{channel=[id: 0xbc63c65a, L:/127.0.0.1:49964 - R:localhost/127.0.0.1:8082]}, [connected])
20:29:40.338 [pool-15-thread-12] DEBUG org.springframework.web.reactive.function.client.ExchangeFunctions - [e3f6676] HTTP GET http://localhost:8082/getAttractionRewardPoints?attractionId=1730176c-fd12-4205-b4a6-af50278658d4&userId=258147a0-62eb-477c-a562-001214d79dff
20:29:40.338 [reactor-http-nio-12] DEBUG reactor.netty.resources.PooledConnectionProvider - [id: 0x1e6bc944] Created new pooled channel, now 17 active connections and 34 inactive connections
20:29:40.338 [reactor-http-nio-15] DEBUG reactor.netty.resources.PooledConnectionProvider - [id: 0xbc63c65a, L:/127.0.0.1:49964 - R:localhost/127.0.0.1:8082] onStateChange(GET{uri=/, connection=PooledConnection{channel=[id: 0xbc63c65a, L:/127.0.0.1:49964 - R:localhost/127.0.0.1:8082]}}, [configured])
20:29:40.339 [reactor-http-nio-11] DEBUG reactor.netty.resources.PooledConnectionProvider - [id: 0xed7bd3f3] Created new pooled channel, now 18 active connections and 34 inactive connections
20:29:40.339 [reactor-http-nio-12] DEBUG reactor.netty.channel.BootstrapHandlers - [id: 0x1e6bc944] Initialized pipeline DefaultChannelPipeline{(BootstrapHandlers$BootstrapInitializerHandler#0 = reactor.netty.channel.BootstrapHandlers$BootstrapInitializerHandler), (SimpleChannelPool$1#0 = io.netty.channel.pool.SimpleChannelPool$1), (reactor.left.httpCodec = io.netty.handler.codec.http.HttpClientCodec), (reactor.left.decompressor = io.netty.handler.codec.http.HttpContentDecompressor), (reactor.right.reactiveBridge = reactor.netty.channel.ChannelOperationsHandler)}
20:29:40.339 [reactor-http-nio-11] DEBUG reactor.netty.channel.BootstrapHandlers - [id: 0xed7bd3f3] Initialized pipeline DefaultChannelPipeline{(BootstrapHandlers$BootstrapInitializerHandler#0 = reactor.netty.channel.BootstrapHandlers$BootstrapInitializerHandler), (SimpleChannelPool$1#0 = io.netty.channel.pool.SimpleChannelPool$1), (reactor.left.httpCodec = io.netty.handler.codec.http.HttpClientCodec), (reactor.left.decompressor = io.netty.handler.codec.http.HttpContentDecompressor), (reactor.right.reactiveBridge = reactor.netty.channel.ChannelOperationsHandler)}
20:29:40.339 [reactor-http-nio-2] DEBUG reactor.netty.resources.PooledConnectionProvider - [id: 0x1d64c07f, L:/127.0.0.1:49936 - R:localhost/127.0.0.1:8082] onStateChange(GET{uri=/getAttractionRewardPoints?attractionId=9975fb08-f2d2-48de-b49b-7866d7674e1e&userId=fe7bfd7a-3cb1-4555-9ffe-8ee184f98d35, connection=PooledConnection{channel=[id: 0x1d64c07f, L:/127.0.0.1:49936 - R:localhost/127.0.0.1:8082]}}, [request_sent])
20:29:40.339 [reactor-http-nio-2] DEBUG reactor.netty.resources.PooledConnectionProvider - [id: 0x1d64c07f, L:/127.0.0.1:49936 - R:localhost/127.0.0.1:8082] Channel connected, now 18 active connections and 34 inactive connections
20:29:40.339 [reactor-http-nio-2] DEBUG reactor.netty.resources.PooledConnectionProvider - [id: 0x4eabdfc3, L:/127.0.0.1:49944 - R:localhost/127.0.0.1:8082] Registering pool release on close event for channel
20:29:40.339 [reactor-http-nio-10] DEBUG reactor.netty.resources.PooledConnectionProvider - [id: 0x0ceedb0f, L:/127.0.0.1:49954 - R:localhost/127.0.0.1:8082] Registering pool release on close event for channel
20:29:40.339 [reactor-http-nio-12] DEBUG reactor.netty.resources.PooledConnectionProvider - [id: 0xc47e4404, L:/127.0.0.1:49951 - R:localhost/127.0.0.1:8082] Registering pool release on close event for channel
20:29:40.339 [reactor-http-nio-11] DEBUG reactor.netty.resources.PooledConnectionProvider - [id: 0xbb78fa67, L:/127.0.0.1:49942 - R:localhost/127.0.0.1:8082] Registering pool release on close event for channel
20:29:40.338 [reactor-http-nio-13] DEBUG reactor.netty.channel.FluxReceive - [id: 0x99ebd170, L:/127.0.0.1:49872 - R:localhost/127.0.0.1:8081] Subscribing inbound receiver [pending: 0, cancelled:false, inboundDone: false]
20:29:40.339 [reactor-http-nio-11] DEBUG reactor.netty.http.client.HttpClientConnect - [id: 0xbb78fa67, L:/127.0.0.1:49942 - R:localhost/127.0.0.1:8082] Handler is being applied: {uri=http://localhost:8082/getAttractionRewardPoints?attractionId=693d7be2-70cb-4808-ad71-4021a1f46d68&userId=a9ad725e-dada-4366-ae57-bc92f85c1ef8, method=GET}
20:29:40.339 [reactor-http-nio-15] DEBUG reactor.netty.resources.PooledConnectionProvider - [id: 0x7a86405b, L:/127.0.0.1:49965 - R:localhost/127.0.0.1:8082] onStateChange(PooledConnection{channel=[id: 0x7a86405b, L:/127.0.0.1:49965 - R:localhost/127.0.0.1:8082]}, [connected])
20:29:40.339 [reactor-http-nio-2] DEBUG reactor.netty.http.client.HttpClientConnect - [id: 0x4eabdfc3, L:/127.0.0.1:49944 - R:localhost/127.0.0.1:8082] Handler is being applied: {uri=http://localhost:8082/getAttractionRewardPoints?attractionId=bb436b4c-f9f1-4fbe-902a-2ef3cddb9435&userId=4fff623e-7045-4912-9e46-962386f50d78, method=GET}
20:29:40.339 [reactor-http-nio-10] DEBUG reactor.netty.http.client.HttpClientConnect - [id: 0x0ceedb0f, L:/127.0.0.1:49954 - R:localhost/127.0.0.1:8082] Handler is being applied: {uri=http://localhost:8082/getAttractionRewardPoints?attractionId=df9fb0e9-e539-4a8d-8dc6-8912bf80c649&userId=c094580a-3e97-4eec-9f10-49849efba5b0, method=GET}
20:29:40.339 [reactor-http-nio-14] DEBUG reactor.netty.resources.PooledConnectionProvider - [id: 0x0e81cf39] Created new pooled channel, now 22 active connections and 31 inactive connections
20:29:40.339 [reactor-http-nio-11] DEBUG reactor.netty.resources.PooledConnectionProvider - [id: 0xbb78fa67, L:/127.0.0.1:49942 - R:localhost/127.0.0.1:8082] onStateChange(GET{uri=/getAttractionRewardPoints?attractionId=693d7be2-70cb-4808-ad71-4021a1f46d68&userId=a9ad725e-dada-4366-ae57-bc92f85c1ef8, connection=PooledConnection{channel=[id: 0xbb78fa67, L:/127.0.0.1:49942 - R:localhost/127.0.0.1:8082]}}, [request_sent])
20:29:40.339 [reactor-http-nio-12] DEBUG reactor.netty.http.client.HttpClientConnect - [id: 0xc47e4404, L:/127.0.0.1:49951 - R:localhost/127.0.0.1:8082] Handler is being applied: {uri=http://localhost:8082/getAttractionRewardPoints?attractionId=58804254-4d14-4066-b777-f367f27d4ce4&userId=9c078a3f-4671-4f98-a06c-0d6a79978073, method=GET}
20:29:40.339 [reactor-http-nio-14] DEBUG reactor.netty.channel.BootstrapHandlers - [id: 0x0e81cf39] Initialized pipeline DefaultChannelPipeline{(BootstrapHandlers$BootstrapInitializerHandler#0 = reactor.netty.channel.BootstrapHandlers$BootstrapInitializerHandler), (SimpleChannelPool$1#0 = io.netty.channel.pool.SimpleChannelPool$1), (reactor.left.httpCodec = io.netty.handler.codec.http.HttpClientCodec), (reactor.left.decompressor = io.netty.handler.codec.http.HttpContentDecompressor), (reactor.right.reactiveBridge = reactor.netty.channel.ChannelOperationsHandler)}
20:29:40.340 [reactor-http-nio-10] DEBUG reactor.netty.resources.PooledConnectionProvider - [id: 0x0ceedb0f, L:/127.0.0.1:49954 - R:localhost/127.0.0.1:8082] onStateChange(GET{uri=/getAttractionRewardPoints?attractionId=df9fb0e9-e539-4a8d-8dc6-8912bf80c649&userId=c094580a-3e97-4eec-9f10-49849efba5b0, connection=PooledConnection{channel=[id: 0x0ceedb0f, L:/127.0.0.1:49954 - R:localhost/127.0.0.1:8082]}}, [request_sent])
20:29:40.340 [reactor-http-nio-10] DEBUG reactor.netty.resources.PooledConnectionProvider - [id: 0x0ceedb0f, L:/127.0.0.1:49954 - R:localhost/127.0.0.1:8082] Channel connected, now 22 active connections and 31 inactive connections
20:29:40.340 [reactor-http-nio-10] DEBUG reactor.netty.resources.PooledConnectionProvider - [id: 0x59d6c8da, L:/127.0.0.1:49977 - R:localhost/127.0.0.1:8082] Registering pool release on close event for channel
20:29:40.340 [reactor-http-nio-10] DEBUG reactor.netty.http.client.HttpClientConnect - [id: 0x59d6c8da, L:/127.0.0.1:49977 - R:localhost/127.0.0.1:8082] Handler is being applied: {uri=http://localhost:8082/getAttractionRewardPoints?attractionId=38cd0f05-c4a8-4fdf-89f7-9fb86d288f12&userId=2e131be5-aa30-4485-9e21-e3d280b54d1a, method=GET}
20:29:40.340 [reactor-http-nio-14] DEBUG reactor.netty.resources.PooledConnectionProvider - [id: 0x0e81cf39, L:/127.0.0.1:49986 - R:localhost/127.0.0.1:8082] onStateChange(PooledConnection{channel=[id: 0x0e81cf39, L:/127.0.0.1:49986 - R:localhost/127.0.0.1:8082]}, [connected])
20:29:40.340 [reactor-http-nio-14] DEBUG reactor.netty.resources.PooledConnectionProvider - [id: 0x0e81cf39, L:/127.0.0.1:49986 - R:localhost/127.0.0.1:8082] onStateChange(GET{uri=/, connection=PooledConnection{channel=[id: 0x0e81cf39, L:/127.0.0.1:49986 - R:localhost/127.0.0.1:8082]}}, [configured])
20:29:40.339 [reactor-http-nio-13] DEBUG reactor.netty.http.client.HttpClientOperations - [id: 0x99ebd170, L:/127.0.0.1:49872 - R:localhost/127.0.0.1:8081] Received last HTTP packet
20:29:40.340 [reactor-http-nio-10] DEBUG reactor.netty.resources.PooledConnectionProvider - [id: 0x59d6c8da, L:/127.0.0.1:49977 - R:localhost/127.0.0.1:8082] onStateChange(GET{uri=/getAttractionRewardPoints?attractionId=38cd0f05-c4a8-4fdf-89f7-9fb86d288f12&userId=2e131be5-aa30-4485-9e21-e3d280b54d1a, connection=PooledConnection{channel=[id: 0x59d6c8da, L:/127.0.0.1:49977 - R:localhost/127.0.0.1:8082]}}, [request_sent])
20:29:40.340 [reactor-http-nio-10] DEBUG reactor.netty.resources.PooledConnectionProvider - [id: 0x59d6c8da, L:/127.0.0.1:49977 - R:localhost/127.0.0.1:8082] Channel connected, now 23 active connections and 30 inactive connections
20:29:40.340 [reactor-http-nio-12] DEBUG reactor.netty.resources.PooledConnectionProvider - [id: 0xc47e4404, L:/127.0.0.1:49951 - R:localhost/127.0.0.1:8082] onStateChange(GET{uri=/getAttractionRewardPoints?attractionId=58804254-4d14-4066-b777-f367f27d4ce4&userId=9c078a3f-4671-4f98-a06c-0d6a79978073, connection=PooledConnection{channel=[id: 0xc47e4404, L:/127.0.0.1:49951 - R:localhost/127.0.0.1:8082]}}, [request_sent])
20:29:40.340 [reactor-http-nio-12] DEBUG reactor.netty.resources.PooledConnectionProvider - [id: 0xc47e4404, L:/127.0.0.1:49951 - R:localhost/127.0.0.1:8082] Channel connected, now 23 active connections and 30 inactive connections
20:29:40.340 [reactor-http-nio-12] DEBUG reactor.netty.resources.PooledConnectionProvider - [id: 0x980ec248, L:/127.0.0.1:49961 - R:localhost/127.0.0.1:8082] Registering pool release on close event for channel
20:29:40.339 [reactor-http-nio-15] DEBUG reactor.netty.resources.PooledConnectionProvider - [id: 0x7a86405b, L:/127.0.0.1:49965 - R:localhost/127.0.0.1:8082] onStateChange(GET{uri=/, connection=PooledConnection{channel=[id: 0x7a86405b, L:/127.0.0.1:49965 - R:localhost/127.0.0.1:8082]}}, [configured])
20:29:40.340 [reactor-http-nio-13] DEBUG org.springframework.core.codec.StringDecoder - [772024af] Decoded "[{"longitude":-117.922008,"latitude":33.817595,"attractionName":"Disneyland","city":"Anaheim","stat (truncated)...
20:29:40.339 [reactor-http-nio-11] DEBUG reactor.netty.resources.PooledConnectionProvider - [id: 0xbb78fa67, L:/127.0.0.1:49942 - R:localhost/127.0.0.1:8082] Channel connected, now 22 active connections and 31 inactive connections
20:29:40.340 [reactor-http-nio-13] DEBUG reactor.netty.resources.PooledConnectionProvider - [id: 0x99ebd170, L:/127.0.0.1:49872 - R:localhost/127.0.0.1:8081] onStateChange(GET{uri=/getAttractions, connection=PooledConnection{channel=[id: 0x99ebd170, L:/127.0.0.1:49872 - R:localhost/127.0.0.1:8081]}}, [disconnecting])
20:29:40.340 [reactor-http-nio-13] DEBUG reactor.netty.resources.PooledConnectionProvider - [id: 0x99ebd170, L:/127.0.0.1:49872 - R:localhost/127.0.0.1:8081] Releasing channel
20:29:40.340 [reactor-http-nio-13] DEBUG reactor.netty.resources.PooledConnectionProvider - [id: 0x99ebd170, L:/127.0.0.1:49872 - R:localhost/127.0.0.1:8081] Channel cleaned, now 9 active connections and 56 inactive connections
20:29:40.340 [reactor-http-nio-11] DEBUG reactor.netty.resources.PooledConnectionProvider - [id: 0x7b03b842, L:/127.0.0.1:49982 - R:localhost/127.0.0.1:8082] onStateChange(PooledConnection{channel=[id: 0x7b03b842, L:/127.0.0.1:49982 - R:localhost/127.0.0.1:8082]}, [connected])
20:29:40.341 [reactor-http-nio-11] DEBUG reactor.netty.resources.PooledConnectionProvider - [id: 0x7b03b842, L:/127.0.0.1:49982 - R:localhost/127.0.0.1:8082] onStateChange(GET{uri=/, connection=PooledConnection{channel=[id: 0x7b03b842, L:/127.0.0.1:49982 - R:localhost/127.0.0.1:8082]}}, [configured])
20:29:40.341 [reactor-http-nio-13] DEBUG reactor.netty.http.client.HttpClientOperations - [id: 0x6e1bd8e9, L:/127.0.0.1:49914 - R:localhost/127.0.0.1:8081] Received response (auto-read:false) : [Content-Type=application/json, Transfer-Encoding=chunked, Date=Tue, 29 Jun 2021 14:59:39 GMT]
20:29:40.341 [reactor-http-nio-13] DEBUG reactor.netty.resources.PooledConnectionProvider - [id: 0x6e1bd8e9, L:/127.0.0.1:49914 - R:localhost/127.0.0.1:8081] onStateChange(GET{uri=/getAttractions, connection=PooledConnection{channel=[id: 0x6e1bd8e9, L:/127.0.0.1:49914 - R:localhost/127.0.0.1:8081]}}, [response_received])
20:29:40.341 [reactor-http-nio-11] DEBUG reactor.netty.resources.PooledConnectionProvider - [id: 0x49d0e115, L:/127.0.0.1:49984 - R:localhost/127.0.0.1:8082] onStateChange(PooledConnection{channel=[id: 0x49d0e115, L:/127.0.0.1:49984 - R:localhost/127.0.0.1:8082]}, [connected])
20:29:40.341 [reactor-http-nio-13] DEBUG org.springframework.web.reactive.function.client.ExchangeFunctions - [8112739] Response 200 OK
20:29:40.340 [reactor-http-nio-2] DEBUG reactor.netty.resources.PooledConnectionProvider - [id: 0x4eabdfc3, L:/127.0.0.1:49944 - R:localhost/127.0.0.1:8082] onStateChange(GET{uri=/getAttractionRewardPoints?attractionId=bb436b4c-f9f1-4fbe-902a-2ef3cddb9435&userId=4fff623e-7045-4912-9e46-962386f50d78, connection=PooledConnection{channel=[id: 0x4eabdfc3, L:/127.0.0.1:49944 - R:localhost/127.0.0.1:8082]}}, [request_sent])
20:29:40.341 [reactor-http-nio-11] DEBUG reactor.netty.resources.PooledConnectionProvider - [id: 0x49d0e115, L:/127.0.0.1:49984 - R:localhost/127.0.0.1:8082] onStateChange(GET{uri=/, connection=PooledConnection{channel=[id: 0x49d0e115, L:/127.0.0.1:49984 - R:localhost/127.0.0.1:8082]}}, [configured])
20:29:40.341 [reactor-http-nio-2] DEBUG reactor.netty.resources.PooledConnectionProvider - [id: 0x4eabdfc3, L:/127.0.0.1:49944 - R:localhost/127.0.0.1:8082] Channel connected, now 24 active connections and 29 inactive connections
20:29:40.341 [reactor-http-nio-2] DEBUG reactor.netty.resources.PooledConnectionProvider - [id: 0x1493a2a6, L:/127.0.0.1:49945 - R:localhost/127.0.0.1:8082] Registering pool release on close event for channel
20:29:40.341 [reactor-http-nio-11] DEBUG reactor.netty.resources.PooledConnectionProvider - [id: 0xed7bd3f3, L:/127.0.0.1:49985 - R:localhost/127.0.0.1:8082] onStateChange(PooledConnection{channel=[id: 0xed7bd3f3, L:/127.0.0.1:49985 - R:localhost/127.0.0.1:8082]}, [connected])
20:29:40.340 [reactor-http-nio-12] DEBUG reactor.netty.http.client.HttpClientConnect - [id: 0x980ec248, L:/127.0.0.1:49961 - R:localhost/127.0.0.1:8082] Handler is being applied: {uri=http://localhost:8082/getAttractionRewardPoints?attractionId=033a5402-cf60-4a6b-98bb-95f19e0be32d&userId=e6b0fc49-fca4-44ce-83bc-754ddca234eb, method=GET}
20:29:40.341 [reactor-http-nio-2] DEBUG reactor.netty.http.client.HttpClientConnect - [id: 0x1493a2a6, L:/127.0.0.1:49945 - R:localhost/127.0.0.1:8082] Handler is being applied: {uri=http://localhost:8082/getAttractionRewardPoints?attractionId=f57c96bd-a682-4e55-bba3-55d7d4d4d9b9&userId=09f74eff-63e5-46e3-9dbd-6b35b5c60546, method=GET}
20:29:40.341 [reactor-http-nio-15] DEBUG reactor.netty.resources.PooledConnectionProvider - [id: 0x3457a508, L:/127.0.0.1:49966 - R:localhost/127.0.0.1:8082] onStateChange(PooledConnection{channel=[id: 0x3457a508, L:/127.0.0.1:49966 - R:localhost/127.0.0.1:8082]}, [connected])
20:29:40.341 [reactor-http-nio-15] DEBUG reactor.netty.resources.PooledConnectionProvider - [id: 0x3457a508, L:/127.0.0.1:49966 - R:localhost/127.0.0.1:8082] onStateChange(GET{uri=/, connection=PooledConnection{channel=[id: 0x3457a508, L:/127.0.0.1:49966 - R:localhost/127.0.0.1:8082]}}, [configured])
20:29:40.341 [reactor-http-nio-11] DEBUG reactor.netty.resources.PooledConnectionProvider - [id: 0xed7bd3f3, L:/127.0.0.1:49985 - R:localhost/127.0.0.1:8082] onStateChange(GET{uri=/, connection=PooledConnection{channel=[id: 0xed7bd3f3, L:/127.0.0.1:49985 - R:localhost/127.0.0.1:8082]}}, [configured])
20:29:40.341 [reactor-http-nio-11] DEBUG reactor.netty.resources.PooledConnectionProvider - [id: 0x7b03b842, L:/127.0.0.1:49982 - R:localhost/127.0.0.1:8082] Registering pool release on close event for channel
20:29:40.341 [reactor-http-nio-11] DEBUG reactor.netty.http.client.HttpClientConnect - [id: 0x7b03b842, L:/127.0.0.1:49982 - R:localhost/127.0.0.1:8082] Handler is being applied: {uri=http://localhost:8082/getAttractionRewardPoints?attractionId=4213f3c3-29da-4622-a3b3-b73f975afc7a&userId=25094c19-9d80-4cbd-be4f-a99758025bf2, method=GET}
20:29:40.341 [reactor-http-nio-2] DEBUG reactor.netty.resources.PooledConnectionProvider - [id: 0x1493a2a6, L:/127.0.0.1:49945 - R:localhost/127.0.0.1:8082] onStateChange(GET{uri=/getAttractionRewardPoints?attractionId=f57c96bd-a682-4e55-bba3-55d7d4d4d9b9&userId=09f74eff-63e5-46e3-9dbd-6b35b5c60546, connection=PooledConnection{channel=[id: 0x1493a2a6, L:/127.0.0.1:49945 - R:localhost/127.0.0.1:8082]}}, [request_sent])
20:29:40.341 [reactor-http-nio-2] DEBUG reactor.netty.resources.PooledConnectionProvider - [id: 0x1493a2a6, L:/127.0.0.1:49945 - R:localhost/127.0.0.1:8082] Channel connected, now 26 active connections and 27 inactive connections
20:29:40.341 [reactor-http-nio-2] DEBUG reactor.netty.resources.PooledConnectionProvider - [id: 0xe830ae82, L:/127.0.0.1:49949 - R:localhost/127.0.0.1:8082] Registering pool release on close event for channel
20:29:40.341 [reactor-http-nio-2] DEBUG reactor.netty.http.client.HttpClientConnect - [id: 0xe830ae82, L:/127.0.0.1:49949 - R:localhost/127.0.0.1:8082] Handler is being applied: {uri=http://localhost:8082/getAttractionRewardPoints?attractionId=32055b8a-ee2b-48fd-ac7d-ce03ef1c996c&userId=67453a03-2ca3-4d5e-84fd-f3caeb8f21d6, method=GET}
20:29:40.341 [reactor-http-nio-13] DEBUG reactor.netty.channel.FluxReceive - [id: 0x6e1bd8e9, L:/127.0.0.1:49914 - R:localhost/127.0.0.1:8081] Subscribing inbound receiver [pending: 0, cancelled:false, inboundDone: false]
20:29:40.341 [reactor-http-nio-15] DEBUG reactor.netty.resources.PooledConnectionProvider - [id: 0xb7664c42, L:/127.0.0.1:49967 - R:localhost/127.0.0.1:8082] onStateChange(PooledConnection{channel=[id: 0xb7664c42, L:/127.0.0.1:49967 - R:localhost/127.0.0.1:8082]}, [connected])
20:29:40.342 [reactor-http-nio-15] DEBUG reactor.netty.resources.PooledConnectionProvider - [id: 0xb7664c42, L:/127.0.0.1:49967 - R:localhost/127.0.0.1:8082] onStateChange(GET{uri=/, connection=PooledConnection{channel=[id: 0xb7664c42, L:/127.0.0.1:49967 - R:localhost/127.0.0.1:8082]}}, [configured])
20:29:40.341 [reactor-http-nio-12] DEBUG reactor.netty.resources.PooledConnectionProvider - [id: 0x980ec248, L:/127.0.0.1:49961 - R:localhost/127.0.0.1:8082] onStateChange(GET{uri=/getAttractionRewardPoints?attractionId=033a5402-cf60-4a6b-98bb-95f19e0be32d&userId=e6b0fc49-fca4-44ce-83bc-754ddca234eb, connection=PooledConnection{channel=[id: 0x980ec248, L:/127.0.0.1:49961 - R:localhost/127.0.0.1:8082]}}, [request_sent])
20:29:40.341 [pool-15-thread-18] DEBUG org.springframework.web.reactive.function.client.ExchangeFunctions - [79e7c43b] HTTP GET http://localhost:8082/getAttractionRewardPoints?attractionId=64d3b4f5-ac68-46b6-819d-1df41746e953&userId=3507f55a-c5b9-4d78-a3a3-453a4084f05e
20:29:40.342 [reactor-http-nio-12] DEBUG reactor.netty.resources.PooledConnectionProvider - [id: 0x980ec248, L:/127.0.0.1:49961 - R:localhost/127.0.0.1:8082] Channel connected, now 27 active connections and 26 inactive connections
20:29:40.342 [reactor-http-nio-12] DEBUG reactor.netty.resources.PooledConnectionProvider - [id: 0xafac718b, L:/127.0.0.1:49979 - R:localhost/127.0.0.1:8082] Registering pool release on close event for channel
20:29:40.342 [reactor-http-nio-12] DEBUG reactor.netty.http.client.HttpClientConnect - [id: 0xafac718b, L:/127.0.0.1:49979 - R:localhost/127.0.0.1:8082] Handler is being applied: {uri=http://localhost:8082/getAttractionRewardPoints?attractionId=0cb1ed78-9d1b-4fa7-99ea-f36e7220fdeb&userId=c396b449-df93-43a1-93d2-e3d9b5b9b35a, method=GET}
20:29:40.342 [reactor-http-nio-2] DEBUG reactor.netty.resources.PooledConnectionProvider - [id: 0xe830ae82, L:/127.0.0.1:49949 - R:localhost/127.0.0.1:8082] onStateChange(GET{uri=/getAttractionRewardPoints?attractionId=32055b8a-ee2b-48fd-ac7d-ce03ef1c996c&userId=67453a03-2ca3-4d5e-84fd-f3caeb8f21d6, connection=PooledConnection{channel=[id: 0xe830ae82, L:/127.0.0.1:49949 - R:localhost/127.0.0.1:8082]}}, [request_sent])
20:29:40.342 [reactor-http-nio-2] DEBUG reactor.netty.resources.PooledConnectionProvider - [id: 0xe830ae82, L:/127.0.0.1:49949 - R:localhost/127.0.0.1:8082] Channel connected, now 28 active connections and 25 inactive connections
20:29:40.342 [reactor-http-nio-2] DEBUG reactor.netty.resources.PooledConnectionProvider - [id: 0xda5365a3, L:/127.0.0.1:49950 - R:localhost/127.0.0.1:8082] Registering pool release on close event for channel
20:29:40.342 [reactor-http-nio-15] DEBUG reactor.netty.resources.PooledConnectionProvider - [id: 0xde72b019, L:/127.0.0.1:49968 - R:localhost/127.0.0.1:8082] onStateChange(PooledConnection{channel=[id: 0xde72b019, L:/127.0.0.1:49968 - R:localhost/127.0.0.1:8082]}, [connected])
20:29:40.342 [reactor-http-nio-2] DEBUG reactor.netty.http.client.HttpClientConnect - [id: 0xda5365a3, L:/127.0.0.1:49950 - R:localhost/127.0.0.1:8082] Handler is being applied: {uri=http://localhost:8082/getAttractionRewardPoints?attractionId=01d71a37-f798-407d-9589-a01b727251b7&userId=e946bfd9-3589-46bb-8ce9-7578d04af5c2, method=GET}
20:29:40.342 [reactor-http-nio-15] DEBUG reactor.netty.resources.PooledConnectionProvider - [id: 0xde72b019, L:/127.0.0.1:49968 - R:localhost/127.0.0.1:8082] onStateChange(GET{uri=/, connection=PooledConnection{channel=[id: 0xde72b019, L:/127.0.0.1:49968 - R:localhost/127.0.0.1:8082]}}, [configured])
20:29:40.342 [reactor-http-nio-12] DEBUG reactor.netty.resources.PooledConnectionProvider - [id: 0xafac718b, L:/127.0.0.1:49979 - R:localhost/127.0.0.1:8082] onStateChange(GET{uri=/getAttractionRewardPoints?attractionId=0cb1ed78-9d1b-4fa7-99ea-f36e7220fdeb&userId=c396b449-df93-43a1-93d2-e3d9b5b9b35a, connection=PooledConnection{channel=[id: 0xafac718b, L:/127.0.0.1:49979 - R:localhost/127.0.0.1:8082]}}, [request_sent])
20:29:40.342 [reactor-http-nio-11] DEBUG reactor.netty.resources.PooledConnectionProvider - [id: 0x7b03b842, L:/127.0.0.1:49982 - R:localhost/127.0.0.1:8082] onStateChange(GET{uri=/getAttractionRewardPoints?attractionId=4213f3c3-29da-4622-a3b3-b73f975afc7a&userId=25094c19-9d80-4cbd-be4f-a99758025bf2, connection=PooledConnection{channel=[id: 0x7b03b842, L:/127.0.0.1:49982 - R:localhost/127.0.0.1:8082]}}, [request_sent])
20:29:40.343 [reactor-http-nio-11] DEBUG reactor.netty.resources.PooledConnectionProvider - [id: 0x7b03b842, L:/127.0.0.1:49982 - R:localhost/127.0.0.1:8082] Channel connected, now 30 active connections and 24 inactive connections
20:29:40.343 [reactor-http-nio-13] DEBUG reactor.netty.http.client.HttpClientOperations - [id: 0x6e1bd8e9, L:/127.0.0.1:49914 - R:localhost/127.0.0.1:8081] Received last HTTP packet
20:29:40.342 [reactor-http-nio-14] DEBUG reactor.netty.resources.PooledConnectionProvider - [id: 0x01a5d163, L:/127.0.0.1:49946 - R:localhost/127.0.0.1:8082] Channel acquired, now 30 active connections and 23 inactive connections
20:29:40.343 [reactor-http-nio-16] DEBUG reactor.netty.resources.PooledConnectionProvider - [id: 0x79452d73] Created new pooled channel, now 30 active connections and 24 inactive connections
20:29:40.343 [reactor-http-nio-14] DEBUG reactor.netty.http.client.HttpClientConnect - [id: 0x01a5d163, L:/127.0.0.1:49946 - R:localhost/127.0.0.1:8082] Handler is being applied: {uri=http://localhost:8082/getAttractionRewardPoints?attractionId=fc530570-4b3a-4992-81dd-c08441d98efc&userId=091aaf4f-24e9-4266-85c0-1bcebbddd887, method=GET}
20:29:40.343 [reactor-http-nio-12] DEBUG reactor.netty.resources.PooledConnectionProvider - [id: 0xafac718b, L:/127.0.0.1:49979 - R:localhost/127.0.0.1:8082] Channel connected, now 30 active connections and 24 inactive connections
20:29:40.343 [reactor-http-nio-13] DEBUG org.springframework.core.codec.StringDecoder - [8112739] Decoded "[{"longitude":-117.922008,"latitude":33.817595,"attractionName":"Disneyland","city":"Anaheim","stat (truncated)...
20:29:40.343 [reactor-http-nio-16] DEBUG reactor.netty.channel.BootstrapHandlers - [id: 0x79452d73] Initialized pipeline DefaultChannelPipeline{(BootstrapHandlers$BootstrapInitializerHandler#0 = reactor.netty.channel.BootstrapHandlers$BootstrapInitializerHandler), (SimpleChannelPool$1#0 = io.netty.channel.pool.SimpleChannelPool$1), (reactor.left.httpCodec = io.netty.handler.codec.http.HttpClientCodec), (reactor.left.decompressor = io.netty.handler.codec.http.HttpContentDecompressor), (reactor.right.reactiveBridge = reactor.netty.channel.ChannelOperationsHandler)}
20:29:40.343 [reactor-http-nio-13] DEBUG reactor.netty.resources.PooledConnectionProvider - [id: 0x6e1bd8e9, L:/127.0.0.1:49914 - R:localhost/127.0.0.1:8081] onStateChange(GET{uri=/getAttractions, connection=PooledConnection{channel=[id: 0x6e1bd8e9, L:/127.0.0.1:49914 - R:localhost/127.0.0.1:8081]}}, [disconnecting])
20:29:40.343 [reactor-http-nio-13] DEBUG reactor.netty.resources.PooledConnectionProvider - [id: 0x6e1bd8e9, L:/127.0.0.1:49914 - R:localhost/127.0.0.1:8081] Releasing channel
20:29:40.343 [reactor-http-nio-13] DEBUG reactor.netty.resources.PooledConnectionProvider - [id: 0x6e1bd8e9, L:/127.0.0.1:49914 - R:localhost/127.0.0.1:8081] Channel cleaned, now 8 active connections and 57 inactive connections
20:29:40.343 [reactor-http-nio-14] DEBUG reactor.netty.resources.PooledConnectionProvider - [id: 0x01a5d163, L:/127.0.0.1:49946 - R:localhost/127.0.0.1:8082] onStateChange(GET{uri=/getAttractionRewardPoints?attractionId=fc530570-4b3a-4992-81dd-c08441d98efc&userId=091aaf4f-24e9-4266-85c0-1bcebbddd887, connection=PooledConnection{channel=[id: 0x01a5d163, L:/127.0.0.1:49946 - R:localhost/127.0.0.1:8082]}}, [request_sent])
20:29:40.343 [reactor-http-nio-15] DEBUG reactor.netty.resources.PooledConnectionProvider - [id: 0x4f027c99, L:/127.0.0.1:49969 - R:localhost/127.0.0.1:8082] onStateChange(PooledConnection{channel=[id: 0x4f027c99, L:/127.0.0.1:49969 - R:localhost/127.0.0.1:8082]}, [connected])
20:29:40.343 [reactor-http-nio-12] DEBUG reactor.netty.resources.PooledConnectionProvider - [id: 0x1e6bc944, L:/127.0.0.1:49983 - R:localhost/127.0.0.1:8082] onStateChange(PooledConnection{channel=[id: 0x1e6bc944, L:/127.0.0.1:49983 - R:localhost/127.0.0.1:8082]}, [connected])
20:29:40.343 [reactor-http-nio-15] DEBUG reactor.netty.resources.PooledConnectionProvider - [id: 0x4f027c99, L:/127.0.0.1:49969 - R:localhost/127.0.0.1:8082] onStateChange(GET{uri=/, connection=PooledConnection{channel=[id: 0x4f027c99, L:/127.0.0.1:49969 - R:localhost/127.0.0.1:8082]}}, [configured])
20:29:40.343 [reactor-http-nio-12] DEBUG reactor.netty.resources.PooledConnectionProvider - [id: 0x1e6bc944, L:/127.0.0.1:49983 - R:localhost/127.0.0.1:8082] onStateChange(GET{uri=/, connection=PooledConnection{channel=[id: 0x1e6bc944, L:/127.0.0.1:49983 - R:localhost/127.0.0.1:8082]}}, [configured])
20:29:40.343 [reactor-http-nio-16] DEBUG reactor.netty.resources.PooledConnectionProvider - [id: 0x79452d73, L:/127.0.0.1:49987 - R:localhost/127.0.0.1:8082] onStateChange(PooledConnection{channel=[id: 0x79452d73, L:/127.0.0.1:49987 - R:localhost/127.0.0.1:8082]}, [connected])
20:29:40.343 [reactor-http-nio-11] DEBUG reactor.netty.resources.PooledConnectionProvider - [id: 0x49d0e115, L:/127.0.0.1:49984 - R:localhost/127.0.0.1:8082] Registering pool release on close event for channel
20:29:40.343 [reactor-http-nio-16] DEBUG reactor.netty.resources.PooledConnectionProvider - [id: 0x79452d73, L:/127.0.0.1:49987 - R:localhost/127.0.0.1:8082] onStateChange(GET{uri=/, connection=PooledConnection{channel=[id: 0x79452d73, L:/127.0.0.1:49987 - R:localhost/127.0.0.1:8082]}}, [configured])
20:29:40.343 [reactor-http-nio-11] DEBUG reactor.netty.http.client.HttpClientConnect - [id: 0x49d0e115, L:/127.0.0.1:49984 - R:localhost/127.0.0.1:8082] Handler is being applied: {uri=http://localhost:8082/getAttractionRewardPoints?attractionId=33f1da04-052c-4794-b63e-869a72aef97a&userId=f56205c9-63cc-4daf-9e39-dbac2640e759, method=GET}
20:29:40.343 [reactor-http-nio-2] DEBUG reactor.netty.resources.PooledConnectionProvider - [id: 0xda5365a3, L:/127.0.0.1:49950 - R:localhost/127.0.0.1:8082] onStateChange(GET{uri=/getAttractionRewardPoints?attractionId=01d71a37-f798-407d-9589-a01b727251b7&userId=e946bfd9-3589-46bb-8ce9-7578d04af5c2, connection=PooledConnection{channel=[id: 0xda5365a3, L:/127.0.0.1:49950 - R:localhost/127.0.0.1:8082]}}, [request_sent])
20:29:40.344 [reactor-http-nio-2] DEBUG reactor.netty.resources.PooledConnectionProvider - [id: 0xda5365a3, L:/127.0.0.1:49950 - R:localhost/127.0.0.1:8082] Channel connected, now 32 active connections and 22 inactive connections
20:29:40.343 [reactor-http-nio-13] DEBUG reactor.netty.http.client.HttpClientOperations - [id: 0xef273551, L:/127.0.0.1:49919 - R:localhost/127.0.0.1:8081] Received response (auto-read:false) : [Content-Type=application/json, Transfer-Encoding=chunked, Date=Tue, 29 Jun 2021 14:59:39 GMT]
20:29:40.344 [reactor-http-nio-13] DEBUG reactor.netty.resources.PooledConnectionProvider - [id: 0xef273551, L:/127.0.0.1:49919 - R:localhost/127.0.0.1:8081] onStateChange(GET{uri=/getAttractions, connection=PooledConnection{channel=[id: 0xef273551, L:/127.0.0.1:49919 - R:localhost/127.0.0.1:8081]}}, [response_received])
20:29:40.344 [reactor-http-nio-13] DEBUG org.springframework.web.reactive.function.client.ExchangeFunctions - [69b072fd] Response 200 OK
20:29:40.344 [reactor-http-nio-2] DEBUG reactor.netty.resources.PooledConnectionProvider - [id: 0x58a6e91c, L:/127.0.0.1:49988 - R:localhost/127.0.0.1:8082] onStateChange(PooledConnection{channel=[id: 0x58a6e91c, L:/127.0.0.1:49988 - R:localhost/127.0.0.1:8082]}, [connected])
20:29:40.344 [pool-15-thread-28] DEBUG org.springframework.web.reactive.function.client.ExchangeFunctions - [6d6c84b] HTTP GET http://localhost:8082/getAttractionRewardPoints?attractionId=1960e5b1-cfba-474f-955a-e97e8d63ad38&userId=dd48b3b5-1586-4d64-aae4-518a33a5f5b6
20:29:40.344 [reactor-http-nio-13] DEBUG reactor.netty.channel.FluxReceive - [id: 0xef273551, L:/127.0.0.1:49919 - R:localhost/127.0.0.1:8081] Subscribing inbound receiver [pending: 0, cancelled:false, inboundDone: false]
20:29:40.344 [reactor-http-nio-11] DEBUG reactor.netty.resources.PooledConnectionProvider - [id: 0x49d0e115, L:/127.0.0.1:49984 - R:localhost/127.0.0.1:8082] onStateChange(GET{uri=/getAttractionRewardPoints?attractionId=33f1da04-052c-4794-b63e-869a72aef97a&userId=f56205c9-63cc-4daf-9e39-dbac2640e759, connection=PooledConnection{channel=[id: 0x49d0e115, L:/127.0.0.1:49984 - R:localhost/127.0.0.1:8082]}}, [request_sent])
20:29:40.343 [reactor-http-nio-15] DEBUG reactor.netty.resources.PooledConnectionProvider - [id: 0xac13e584, L:/127.0.0.1:49937 - R:localhost/127.0.0.1:8082] Registering pool release on close event for channel
20:29:40.344 [reactor-http-nio-11] DEBUG reactor.netty.resources.PooledConnectionProvider - [id: 0x49d0e115, L:/127.0.0.1:49984 - R:localhost/127.0.0.1:8082] Channel connected, now 32 active connections and 22 inactive connections
20:29:40.344 [reactor-http-nio-2] DEBUG reactor.netty.resources.PooledConnectionProvider - [id: 0x58a6e91c, L:/127.0.0.1:49988 - R:localhost/127.0.0.1:8082] onStateChange(GET{uri=/, connection=PooledConnection{channel=[id: 0x58a6e91c, L:/127.0.0.1:49988 - R:localhost/127.0.0.1:8082]}}, [configured])
20:29:40.344 [reactor-http-nio-11] DEBUG reactor.netty.resources.PooledConnectionProvider - [id: 0xed7bd3f3, L:/127.0.0.1:49985 - R:localhost/127.0.0.1:8082] Registering pool release on close event for channel
20:29:40.344 [reactor-http-nio-13] DEBUG reactor.netty.http.client.HttpClientOperations - [id: 0xef273551, L:/127.0.0.1:49919 - R:localhost/127.0.0.1:8081] Received last HTTP packet
20:29:40.344 [reactor-http-nio-11] DEBUG reactor.netty.http.client.HttpClientConnect - [id: 0xed7bd3f3, L:/127.0.0.1:49985 - R:localhost/127.0.0.1:8082] Handler is being applied: {uri=http://localhost:8082/getAttractionRewardPoints?attractionId=0c7828db-b194-472f-aa83-a79d87d14105&userId=61b50129-88d9-4a71-ace6-da4a54016632, method=GET}
20:29:40.344 [reactor-http-nio-15] DEBUG reactor.netty.http.client.HttpClientConnect - [id: 0xac13e584, L:/127.0.0.1:49937 - R:localhost/127.0.0.1:8082] Handler is being applied: {uri=http://localhost:8082/getAttractionRewardPoints?attractionId=b6b26f40-1129-4b48-b146-a2b53a70cb56&userId=5a23ae35-b541-4175-8123-fcc579587353, method=GET}
20:29:40.344 [reactor-http-nio-12] DEBUG reactor.netty.resources.PooledConnectionProvider - [id: 0x1e6bc944, L:/127.0.0.1:49983 - R:localhost/127.0.0.1:8082] Registering pool release on close event for channel
20:29:40.345 [reactor-http-nio-12] DEBUG reactor.netty.http.client.HttpClientConnect - [id: 0x1e6bc944, L:/127.0.0.1:49983 - R:localhost/127.0.0.1:8082] Handler is being applied: {uri=http://localhost:8082/getAttractionRewardPoints?attractionId=6869790c-cce8-496f-b0b6-9ab84a1d2e83&userId=3c806ac2-0783-4b08-a886-591bbb9ba017, method=GET}
20:29:40.345 [reactor-http-nio-10] DEBUG reactor.netty.resources.PooledConnectionProvider - [id: 0xe0e2d6ca] Created new pooled channel, now 35 active connections and 20 inactive connections
20:29:40.344 [reactor-http-nio-2] DEBUG reactor.netty.resources.PooledConnectionProvider - [id: 0x58a6e91c, L:/127.0.0.1:49988 - R:localhost/127.0.0.1:8082] Registering pool release on close event for channel
20:29:40.345 [reactor-http-nio-2] DEBUG reactor.netty.http.client.HttpClientConnect - [id: 0x58a6e91c, L:/127.0.0.1:49988 - R:localhost/127.0.0.1:8082] Handler is being applied: {uri=http://localhost:8082/getAttractionRewardPoints?attractionId=6c369a72-8c37-4052-b7d6-7c0bb3632bc9&userId=6e5e402f-d009-4bc8-8534-e2c551a8b43c, method=GET}
20:29:40.345 [reactor-http-nio-13] DEBUG org.springframework.core.codec.StringDecoder - [69b072fd] Decoded "[{"longitude":-117.922008,"latitude":33.817595,"attractionName":"Disneyland","city":"Anaheim","stat (truncated)...
20:29:40.345 [reactor-http-nio-10] DEBUG reactor.netty.channel.BootstrapHandlers - [id: 0xe0e2d6ca] Initialized pipeline DefaultChannelPipeline{(BootstrapHandlers$BootstrapInitializerHandler#0 = reactor.netty.channel.BootstrapHandlers$BootstrapInitializerHandler), (SimpleChannelPool$1#0 = io.netty.channel.pool.SimpleChannelPool$1), (reactor.left.httpCodec = io.netty.handler.codec.http.HttpClientCodec), (reactor.left.decompressor = io.netty.handler.codec.http.HttpContentDecompressor), (reactor.right.reactiveBridge = reactor.netty.channel.ChannelOperationsHandler)}
20:29:40.345 [reactor-http-nio-13] DEBUG reactor.netty.resources.PooledConnectionProvider - [id: 0xef273551, L:/127.0.0.1:49919 - R:localhost/127.0.0.1:8081] onStateChange(GET{uri=/getAttractions, connection=PooledConnection{channel=[id: 0xef273551, L:/127.0.0.1:49919 - R:localhost/127.0.0.1:8081]}}, [disconnecting])
20:29:40.345 [reactor-http-nio-13] DEBUG reactor.netty.resources.PooledConnectionProvider - [id: 0xef273551, L:/127.0.0.1:49919 - R:localhost/127.0.0.1:8081] Releasing channel
20:29:40.345 [reactor-http-nio-2] DEBUG reactor.netty.resources.PooledConnectionProvider - [id: 0x58a6e91c, L:/127.0.0.1:49988 - R:localhost/127.0.0.1:8082] onStateChange(GET{uri=/getAttractionRewardPoints?attractionId=6c369a72-8c37-4052-b7d6-7c0bb3632bc9&userId=6e5e402f-d009-4bc8-8534-e2c551a8b43c, connection=PooledConnection{channel=[id: 0x58a6e91c, L:/127.0.0.1:49988 - R:localhost/127.0.0.1:8082]}}, [request_sent])
20:29:40.345 [reactor-http-nio-2] DEBUG reactor.netty.resources.PooledConnectionProvider - [id: 0x58a6e91c, L:/127.0.0.1:49988 - R:localhost/127.0.0.1:8082] Channel connected, now 35 active connections and 20 inactive connections
20:29:40.345 [reactor-http-nio-15] DEBUG reactor.netty.resources.PooledConnectionProvider - [id: 0xac13e584, L:/127.0.0.1:49937 - R:localhost/127.0.0.1:8082] onStateChange(GET{uri=/getAttractionRewardPoints?attractionId=b6b26f40-1129-4b48-b146-a2b53a70cb56&userId=5a23ae35-b541-4175-8123-fcc579587353, connection=PooledConnection{channel=[id: 0xac13e584, L:/127.0.0.1:49937 - R:localhost/127.0.0.1:8082]}}, [request_sent])
20:29:40.345 [reactor-http-nio-15] DEBUG reactor.netty.resources.PooledConnectionProvider - [id: 0xac13e584, L:/127.0.0.1:49937 - R:localhost/127.0.0.1:8082] Channel connected, now 35 active connections and 20 inactive connections
20:29:40.345 [reactor-http-nio-13] DEBUG reactor.netty.resources.PooledConnectionProvider - [id: 0xef273551, L:/127.0.0.1:49919 - R:localhost/127.0.0.1:8081] Channel cleaned, now 7 active connections and 58 inactive connections
20:29:40.345 [reactor-http-nio-10] DEBUG reactor.netty.resources.PooledConnectionProvider - [id: 0xe0e2d6ca, L:/127.0.0.1:49989 - R:localhost/127.0.0.1:8082] onStateChange(PooledConnection{channel=[id: 0xe0e2d6ca, L:/127.0.0.1:49989 - R:localhost/127.0.0.1:8082]}, [connected])
20:29:40.345 [reactor-http-nio-12] DEBUG reactor.netty.resources.PooledConnectionProvider - [id: 0x1e6bc944, L:/127.0.0.1:49983 - R:localhost/127.0.0.1:8082] onStateChange(GET{uri=/getAttractionRewardPoints?attractionId=6869790c-cce8-496f-b0b6-9ab84a1d2e83&userId=3c806ac2-0783-4b08-a886-591bbb9ba017, connection=PooledConnection{channel=[id: 0x1e6bc944, L:/127.0.0.1:49983 - R:localhost/127.0.0.1:8082]}}, [request_sent])
20:29:40.346 [reactor-http-nio-12] DEBUG reactor.netty.resources.PooledConnectionProvider - [id: 0x1e6bc944, L:/127.0.0.1:49983 - R:localhost/127.0.0.1:8082] Channel connected, now 35 active connections and 20 inactive connections
20:29:40.346 [reactor-http-nio-10] DEBUG reactor.netty.resources.PooledConnectionProvider - [id: 0xe0e2d6ca, L:/127.0.0.1:49989 - R:localhost/127.0.0.1:8082] onStateChange(GET{uri=/, connection=PooledConnection{channel=[id: 0xe0e2d6ca, L:/127.0.0.1:49989 - R:localhost/127.0.0.1:8082]}}, [configured])
20:29:40.346 [reactor-http-nio-13] DEBUG reactor.netty.http.client.HttpClientOperations - [id: 0x4b9adda7, L:/127.0.0.1:49909 - R:localhost/127.0.0.1:8081] Received response (auto-read:false) : [Content-Type=application/json, Transfer-Encoding=chunked, Date=Tue, 29 Jun 2021 14:59:39 GMT]
20:29:40.346 [reactor-http-nio-10] DEBUG reactor.netty.resources.PooledConnectionProvider - [id: 0xe0e2d6ca, L:/127.0.0.1:49989 - R:localhost/127.0.0.1:8082] Registering pool release on close event for channel
20:29:40.346 [reactor-http-nio-10] DEBUG reactor.netty.http.client.HttpClientConnect - [id: 0xe0e2d6ca, L:/127.0.0.1:49989 - R:localhost/127.0.0.1:8082] Handler is being applied: {uri=http://localhost:8082/getAttractionRewardPoints?attractionId=1960e5b1-cfba-474f-955a-e97e8d63ad38&userId=dd48b3b5-1586-4d64-aae4-518a33a5f5b6, method=GET}
20:29:40.346 [reactor-http-nio-13] DEBUG reactor.netty.resources.PooledConnectionProvider - [id: 0x4b9adda7, L:/127.0.0.1:49909 - R:localhost/127.0.0.1:8081] onStateChange(GET{uri=/getAttractions, connection=PooledConnection{channel=[id: 0x4b9adda7, L:/127.0.0.1:49909 - R:localhost/127.0.0.1:8081]}}, [response_received])
20:29:40.346 [reactor-http-nio-16] DEBUG reactor.netty.resources.PooledConnectionProvider - [id: 0x69a3ca7e, L:/127.0.0.1:49976 - R:localhost/127.0.0.1:8082] Registering pool release on close event for channel
20:29:40.346 [reactor-http-nio-16] DEBUG reactor.netty.http.client.HttpClientConnect - [id: 0x69a3ca7e, L:/127.0.0.1:49976 - R:localhost/127.0.0.1:8082] Handler is being applied: {uri=http://localhost:8082/getAttractionRewardPoints?attractionId=f0404960-2b92-4f36-8140-95fe62fd4a04&userId=b2609ee6-c32a-45c1-96a3-97b8fb5f88cb, method=GET}
20:29:40.346 [reactor-http-nio-15] DEBUG reactor.netty.resources.PooledConnectionProvider - [id: 0xb886dbd8] Created new pooled channel, now 37 active connections and 19 inactive connections
20:29:40.346 [reactor-http-nio-13] DEBUG org.springframework.web.reactive.function.client.ExchangeFunctions - [7eb00f62] Response 200 OK
20:29:40.346 [reactor-http-nio-12] DEBUG reactor.netty.http.client.HttpClientOperations - [id: 0x297f734c, L:/127.0.0.1:49980 - R:localhost/127.0.0.1:8082] Received response (auto-read:false) : [Content-Type=application/json, Transfer-Encoding=chunked, Date=Tue, 29 Jun 2021 14:59:39 GMT]
20:29:40.346 [reactor-http-nio-12] DEBUG reactor.netty.resources.PooledConnectionProvider - [id: 0x297f734c, L:/127.0.0.1:49980 - R:localhost/127.0.0.1:8082] onStateChange(GET{uri=/getAttractionRewardPoints?attractionId=ae61c55e-23a8-460d-805a-512bd7d6e524&userId=37f54411-7265-4c84-b41b-cd7860bf803d, connection=PooledConnection{channel=[id: 0x297f734c, L:/127.0.0.1:49980 - R:localhost/127.0.0.1:8082]}}, [response_received])
20:29:40.346 [pool-15-thread-31] DEBUG org.springframework.web.reactive.function.client.ExchangeFunctions - [677791bb] HTTP GET http://localhost:8082/getAttractionRewardPoints?attractionId=cadee10f-ada7-4bdf-b649-25dd3273dab2&userId=2adbec63-71dc-4fa8-aebb-b3eef4324c13
20:29:40.346 [reactor-http-nio-10] DEBUG reactor.netty.resources.PooledConnectionProvider - [id: 0xe0e2d6ca, L:/127.0.0.1:49989 - R:localhost/127.0.0.1:8082] onStateChange(GET{uri=/getAttractionRewardPoints?attractionId=1960e5b1-cfba-474f-955a-e97e8d63ad38&userId=dd48b3b5-1586-4d64-aae4-518a33a5f5b6, connection=PooledConnection{channel=[id: 0xe0e2d6ca, L:/127.0.0.1:49989 - R:localhost/127.0.0.1:8082]}}, [request_sent])
20:29:40.346 [reactor-http-nio-10] DEBUG reactor.netty.resources.PooledConnectionProvider - [id: 0xe0e2d6ca, L:/127.0.0.1:49989 - R:localhost/127.0.0.1:8082] Channel connected, now 37 active connections and 19 inactive connections
20:29:40.346 [reactor-http-nio-16] DEBUG reactor.netty.resources.PooledConnectionProvider - [id: 0x69a3ca7e, L:/127.0.0.1:49976 - R:localhost/127.0.0.1:8082] onStateChange(GET{uri=/getAttractionRewardPoints?attractionId=f0404960-2b92-4f36-8140-95fe62fd4a04&userId=b2609ee6-c32a-45c1-96a3-97b8fb5f88cb, connection=PooledConnection{channel=[id: 0x69a3ca7e, L:/127.0.0.1:49976 - R:localhost/127.0.0.1:8082]}}, [request_sent])
20:29:40.346 [reactor-http-nio-16] DEBUG reactor.netty.resources.PooledConnectionProvider - [id: 0x69a3ca7e, L:/127.0.0.1:49976 - R:localhost/127.0.0.1:8082] Channel connected, now 37 active connections and 19 inactive connections
20:29:40.346 [reactor-http-nio-11] DEBUG reactor.netty.resources.PooledConnectionProvider - [id: 0xed7bd3f3, L:/127.0.0.1:49985 - R:localhost/127.0.0.1:8082] onStateChange(GET{uri=/getAttractionRewardPoints?attractionId=0c7828db-b194-472f-aa83-a79d87d14105&userId=61b50129-88d9-4a71-ace6-da4a54016632, connection=PooledConnection{channel=[id: 0xed7bd3f3, L:/127.0.0.1:49985 - R:localhost/127.0.0.1:8082]}}, [request_sent])
20:29:40.346 [reactor-http-nio-13] DEBUG reactor.netty.channel.FluxReceive - [id: 0x4b9adda7, L:/127.0.0.1:49909 - R:localhost/127.0.0.1:8081] Subscribing inbound receiver [pending: 0, cancelled:false, inboundDone: false]
20:29:40.346 [reactor-http-nio-11] DEBUG reactor.netty.resources.PooledConnectionProvider - [id: 0xed7bd3f3, L:/127.0.0.1:49985 - R:localhost/127.0.0.1:8082] Channel connected, now 37 active connections and 19 inactive connections
20:29:40.346 [reactor-http-nio-15] DEBUG reactor.netty.channel.BootstrapHandlers - [id: 0xb886dbd8] Initialized pipeline DefaultChannelPipeline{(BootstrapHandlers$BootstrapInitializerHandler#0 = reactor.netty.channel.BootstrapHandlers$BootstrapInitializerHandler), (SimpleChannelPool$1#0 = io.netty.channel.pool.SimpleChannelPool$1), (reactor.left.httpCodec = io.netty.handler.codec.http.HttpClientCodec), (reactor.left.decompressor = io.netty.handler.codec.http.HttpContentDecompressor), (reactor.right.reactiveBridge = reactor.netty.channel.ChannelOperationsHandler)}
20:29:40.346 [reactor-http-nio-12] DEBUG org.springframework.web.reactive.function.client.ExchangeFunctions - [27b011b8] Response 200 OK
20:29:40.347 [reactor-http-nio-13] DEBUG reactor.netty.http.client.HttpClientOperations - [id: 0x4b9adda7, L:/127.0.0.1:49909 - R:localhost/127.0.0.1:8081] Received last HTTP packet
20:29:40.347 [reactor-http-nio-12] DEBUG reactor.netty.channel.FluxReceive - [id: 0x297f734c, L:/127.0.0.1:49980 - R:localhost/127.0.0.1:8082] Subscribing inbound receiver [pending: 0, cancelled:false, inboundDone: false]
20:29:40.347 [reactor-http-nio-15] DEBUG reactor.netty.resources.PooledConnectionProvider - [id: 0x0ff74a4e] Created new pooled channel, now 37 active connections and 20 inactive connections
20:29:40.347 [reactor-http-nio-13] DEBUG org.springframework.core.codec.StringDecoder - [7eb00f62] Decoded "[{"longitude":-117.922008,"latitude":33.817595,"attractionName":"Disneyland","city":"Anaheim","stat (truncated)...
20:29:40.347 [reactor-http-nio-13] DEBUG reactor.netty.resources.PooledConnectionProvider - [id: 0x4b9adda7, L:/127.0.0.1:49909 - R:localhost/127.0.0.1:8081] onStateChange(GET{uri=/getAttractions, connection=PooledConnection{channel=[id: 0x4b9adda7, L:/127.0.0.1:49909 - R:localhost/127.0.0.1:8081]}}, [disconnecting])
20:29:40.347 [reactor-http-nio-13] DEBUG reactor.netty.resources.PooledConnectionProvider - [id: 0x4b9adda7, L:/127.0.0.1:49909 - R:localhost/127.0.0.1:8081] Releasing channel
20:29:40.347 [reactor-http-nio-12] DEBUG reactor.netty.resources.PooledConnectionProvider - [id: 0x437cfbd8] Created new pooled channel, now 37 active connections and 21 inactive connections
20:29:40.347 [reactor-http-nio-13] DEBUG reactor.netty.resources.PooledConnectionProvider - [id: 0x4b9adda7, L:/127.0.0.1:49909 - R:localhost/127.0.0.1:8081] Channel cleaned, now 6 active connections and 59 inactive connections
20:29:40.347 [reactor-http-nio-12] DEBUG reactor.netty.channel.BootstrapHandlers - [id: 0x437cfbd8] Initialized pipeline DefaultChannelPipeline{(BootstrapHandlers$BootstrapInitializerHandler#0 = reactor.netty.channel.BootstrapHandlers$BootstrapInitializerHandler), (SimpleChannelPool$1#0 = io.netty.channel.pool.SimpleChannelPool$1), (reactor.left.httpCodec = io.netty.handler.codec.http.HttpClientCodec), (reactor.left.decompressor = io.netty.handler.codec.http.HttpContentDecompressor), (reactor.right.reactiveBridge = reactor.netty.channel.ChannelOperationsHandler)}
20:29:40.347 [reactor-http-nio-15] DEBUG reactor.netty.channel.BootstrapHandlers - [id: 0x0ff74a4e] Initialized pipeline DefaultChannelPipeline{(BootstrapHandlers$BootstrapInitializerHandler#0 = reactor.netty.channel.BootstrapHandlers$BootstrapInitializerHandler), (SimpleChannelPool$1#0 = io.netty.channel.pool.SimpleChannelPool$1), (reactor.left.httpCodec = io.netty.handler.codec.http.HttpClientCodec), (reactor.left.decompressor = io.netty.handler.codec.http.HttpContentDecompressor), (reactor.right.reactiveBridge = reactor.netty.channel.ChannelOperationsHandler)}
20:29:40.347 [reactor-http-nio-13] DEBUG reactor.netty.http.client.HttpClientOperations - [id: 0x3ab95760, L:/127.0.0.1:49913 - R:localhost/127.0.0.1:8081] Received response (auto-read:false) : [Content-Type=application/json, Transfer-Encoding=chunked, Date=Tue, 29 Jun 2021 14:59:39 GMT]
20:29:40.347 [reactor-http-nio-13] DEBUG reactor.netty.resources.PooledConnectionProvider - [id: 0x3ab95760, L:/127.0.0.1:49913 - R:localhost/127.0.0.1:8081] onStateChange(GET{uri=/getAttractions, connection=PooledConnection{channel=[id: 0x3ab95760, L:/127.0.0.1:49913 - R:localhost/127.0.0.1:8081]}}, [response_received])
20:29:40.347 [reactor-http-nio-13] DEBUG org.springframework.web.reactive.function.client.ExchangeFunctions - [33296e60] Response 200 OK
20:29:40.347 [reactor-http-nio-12] DEBUG reactor.netty.http.client.HttpClientOperations - [id: 0x297f734c, L:/127.0.0.1:49980 - R:localhost/127.0.0.1:8082] Received last HTTP packet
20:29:40.347 [reactor-http-nio-12] DEBUG org.springframework.core.codec.StringDecoder - [27b011b8] Decoded "114"
20:29:40.347 [reactor-http-nio-15] DEBUG reactor.netty.resources.PooledConnectionProvider - [id: 0xd13dd737, L:/127.0.0.1:49962 - R:localhost/127.0.0.1:8082] Registering pool release on close event for channel
20:29:40.347 [reactor-http-nio-13] DEBUG reactor.netty.channel.FluxReceive - [id: 0x3ab95760, L:/127.0.0.1:49913 - R:localhost/127.0.0.1:8081] Subscribing inbound receiver [pending: 0, cancelled:false, inboundDone: false]
20:29:40.348 [reactor-http-nio-12] DEBUG reactor.netty.resources.PooledConnectionProvider - [id: 0x297f734c, L:/127.0.0.1:49980 - R:localhost/127.0.0.1:8082] onStateChange(GET{uri=/getAttractionRewardPoints?attractionId=ae61c55e-23a8-460d-805a-512bd7d6e524&userId=37f54411-7265-4c84-b41b-cd7860bf803d, connection=PooledConnection{channel=[id: 0x297f734c, L:/127.0.0.1:49980 - R:localhost/127.0.0.1:8082]}}, [disconnecting])
20:29:40.348 [reactor-http-nio-12] DEBUG reactor.netty.resources.PooledConnectionProvider - [id: 0x297f734c, L:/127.0.0.1:49980 - R:localhost/127.0.0.1:8082] Releasing channel
20:29:40.348 [reactor-http-nio-12] DEBUG reactor.netty.resources.PooledConnectionProvider - [id: 0x297f734c, L:/127.0.0.1:49980 - R:localhost/127.0.0.1:8082] Channel cleaned, now 37 active connections and 21 inactive connections
20:29:40.348 [reactor-http-nio-13] DEBUG reactor.netty.http.client.HttpClientOperations - [id: 0x3ab95760, L:/127.0.0.1:49913 - R:localhost/127.0.0.1:8081] Received last HTTP packet
20:29:40.348 [reactor-http-nio-15] DEBUG reactor.netty.http.client.HttpClientConnect - [id: 0xd13dd737, L:/127.0.0.1:49962 - R:localhost/127.0.0.1:8082] Handler is being applied: {uri=http://localhost:8082/getAttractionRewardPoints?attractionId=0172a72e-5e85-40af-8db6-910387ba56f0&userId=2ceef7a9-40f7-47fd-bbc1-a86e956c62a9, method=GET}
20:29:40.348 [reactor-http-nio-12] DEBUG reactor.netty.resources.PooledConnectionProvider - [id: 0x437cfbd8, L:/127.0.0.1:49990 - R:localhost/127.0.0.1:8082] onStateChange(PooledConnection{channel=[id: 0x437cfbd8, L:/127.0.0.1:49990 - R:localhost/127.0.0.1:8082]}, [connected])
20:29:40.348 [reactor-http-nio-12] DEBUG reactor.netty.resources.PooledConnectionProvider - [id: 0x437cfbd8, L:/127.0.0.1:49990 - R:localhost/127.0.0.1:8082] onStateChange(GET{uri=/, connection=PooledConnection{channel=[id: 0x437cfbd8, L:/127.0.0.1:49990 - R:localhost/127.0.0.1:8082]}}, [configured])
20:29:40.348 [reactor-http-nio-12] DEBUG reactor.netty.resources.PooledConnectionProvider - [id: 0x437cfbd8, L:/127.0.0.1:49990 - R:localhost/127.0.0.1:8082] Registering pool release on close event for channel
20:29:40.348 [reactor-http-nio-13] DEBUG org.springframework.core.codec.StringDecoder - [33296e60] Decoded "[{"longitude":-117.922008,"latitude":33.817595,"attractionName":"Disneyland","city":"Anaheim","stat (truncated)...
20:29:40.348 [reactor-http-nio-12] DEBUG reactor.netty.http.client.HttpClientConnect - [id: 0x437cfbd8, L:/127.0.0.1:49990 - R:localhost/127.0.0.1:8082] Handler is being applied: {uri=http://localhost:8082/getAttractionRewardPoints?attractionId=cadee10f-ada7-4bdf-b649-25dd3273dab2&userId=2adbec63-71dc-4fa8-aebb-b3eef4324c13, method=GET}
20:29:40.348 [pool-15-thread-23] DEBUG org.springframework.web.reactive.function.client.ExchangeFunctions - [238f8196] HTTP GET http://localhost:8081/getAttractions
20:29:40.348 [pool-15-thread-25] DEBUG org.springframework.web.reactive.function.client.ExchangeFunctions - [7077eec4] HTTP GET http://localhost:8082/getAttractionRewardPoints?attractionId=95f10c3e-65c5-4fd7-99b4-d1b165264760&userId=560b838d-e28e-4ec1-9650-8b193f1dc0e7
20:29:40.348 [reactor-http-nio-13] DEBUG reactor.netty.resources.PooledConnectionProvider - [id: 0x3ab95760, L:/127.0.0.1:49913 - R:localhost/127.0.0.1:8081] onStateChange(GET{uri=/getAttractions, connection=PooledConnection{channel=[id: 0x3ab95760, L:/127.0.0.1:49913 - R:localhost/127.0.0.1:8081]}}, [disconnecting])
20:29:40.348 [reactor-http-nio-13] DEBUG reactor.netty.resources.PooledConnectionProvider - [id: 0x3ab95760, L:/127.0.0.1:49913 - R:localhost/127.0.0.1:8081] Releasing channel
20:29:40.348 [reactor-http-nio-13] DEBUG reactor.netty.resources.PooledConnectionProvider - [id: 0x3ab95760, L:/127.0.0.1:49913 - R:localhost/127.0.0.1:8081] Channel cleaned, now 5 active connections and 60 inactive connections
20:29:40.348 [reactor-http-nio-12] DEBUG reactor.netty.resources.PooledConnectionProvider - [id: 0x437cfbd8, L:/127.0.0.1:49990 - R:localhost/127.0.0.1:8082] onStateChange(GET{uri=/getAttractionRewardPoints?attractionId=cadee10f-ada7-4bdf-b649-25dd3273dab2&userId=2adbec63-71dc-4fa8-aebb-b3eef4324c13, connection=PooledConnection{channel=[id: 0x437cfbd8, L:/127.0.0.1:49990 - R:localhost/127.0.0.1:8082]}}, [request_sent])
20:29:40.348 [reactor-http-nio-15] DEBUG reactor.netty.resources.PooledConnectionProvider - [id: 0xd13dd737, L:/127.0.0.1:49962 - R:localhost/127.0.0.1:8082] onStateChange(GET{uri=/getAttractionRewardPoints?attractionId=0172a72e-5e85-40af-8db6-910387ba56f0&userId=2ceef7a9-40f7-47fd-bbc1-a86e956c62a9, connection=PooledConnection{channel=[id: 0xd13dd737, L:/127.0.0.1:49962 - R:localhost/127.0.0.1:8082]}}, [request_sent])
20:29:40.348 [reactor-http-nio-15] DEBUG reactor.netty.resources.PooledConnectionProvider - [id: 0xd13dd737, L:/127.0.0.1:49962 - R:localhost/127.0.0.1:8082] Channel connected, now 38 active connections and 20 inactive connections
20:29:40.348 [reactor-http-nio-12] DEBUG reactor.netty.resources.PooledConnectionProvider - [id: 0x437cfbd8, L:/127.0.0.1:49990 - R:localhost/127.0.0.1:8082] Channel connected, now 38 active connections and 20 inactive connections
20:29:40.348 [reactor-http-nio-15] DEBUG reactor.netty.resources.PooledConnectionProvider - [id: 0xcbdafd8d, L:/127.0.0.1:49963 - R:localhost/127.0.0.1:8082] Registering pool release on close event for channel
20:29:40.348 [reactor-http-nio-15] DEBUG reactor.netty.http.client.HttpClientConnect - [id: 0xcbdafd8d, L:/127.0.0.1:49963 - R:localhost/127.0.0.1:8082] Handler is being applied: {uri=http://localhost:8082/getAttractionRewardPoints?attractionId=0ae76432-8aec-431b-ba66-e1d5b6af294d&userId=9dcae6db-bde9-4852-aff5-5eefb4f4de07, method=GET}
20:29:40.349 [reactor-http-nio-13] DEBUG reactor.netty.http.client.HttpClientOperations - [id: 0x2d54eb76, L:/127.0.0.1:49912 - R:localhost/127.0.0.1:8081] Received response (auto-read:false) : [Content-Type=application/json, Transfer-Encoding=chunked, Date=Tue, 29 Jun 2021 14:59:39 GMT]
20:29:40.349 [reactor-http-nio-13] DEBUG reactor.netty.resources.PooledConnectionProvider - [id: 0x2d54eb76, L:/127.0.0.1:49912 - R:localhost/127.0.0.1:8081] onStateChange(GET{uri=/getAttractions, connection=PooledConnection{channel=[id: 0x2d54eb76, L:/127.0.0.1:49912 - R:localhost/127.0.0.1:8081]}}, [response_received])
20:29:40.349 [reactor-http-nio-14] DEBUG reactor.netty.http.client.HttpClientOperations - [id: 0xd139cd35, L:/127.0.0.1:49893 - R:localhost/127.0.0.1:8081] Received response (auto-read:false) : [Content-Type=application/json, Transfer-Encoding=chunked, Date=Tue, 29 Jun 2021 14:59:39 GMT]
20:29:40.349 [reactor-http-nio-14] DEBUG reactor.netty.resources.PooledConnectionProvider - [id: 0xd139cd35, L:/127.0.0.1:49893 - R:localhost/127.0.0.1:8081] onStateChange(GET{uri=/getAttractions, connection=PooledConnection{channel=[id: 0xd139cd35, L:/127.0.0.1:49893 - R:localhost/127.0.0.1:8081]}}, [response_received])
20:29:40.349 [reactor-http-nio-13] DEBUG org.springframework.web.reactive.function.client.ExchangeFunctions - [48554300] Response 200 OK
20:29:40.349 [reactor-http-nio-14] DEBUG org.springframework.web.reactive.function.client.ExchangeFunctions - [5d757fbb] Response 200 OK
20:29:40.349 [pool-15-thread-57] DEBUG org.springframework.web.reactive.function.client.ExchangeFunctions - [3dee9675] HTTP GET http://localhost:8082/getAttractionRewardPoints?attractionId=4eec6d18-9e68-4154-8932-0bdc1511cc54&userId=85d8eae5-f361-461a-b64f-6d2b336003be
20:29:40.349 [reactor-http-nio-14] DEBUG reactor.netty.channel.FluxReceive - [id: 0xd139cd35, L:/127.0.0.1:49893 - R:localhost/127.0.0.1:8081] Subscribing inbound receiver [pending: 0, cancelled:false, inboundDone: false]
20:29:40.349 [reactor-http-nio-15] DEBUG reactor.netty.resources.PooledConnectionProvider - [id: 0xcbdafd8d, L:/127.0.0.1:49963 - R:localhost/127.0.0.1:8082] onStateChange(GET{uri=/getAttractionRewardPoints?attractionId=0ae76432-8aec-431b-ba66-e1d5b6af294d&userId=9dcae6db-bde9-4852-aff5-5eefb4f4de07, connection=PooledConnection{channel=[id: 0xcbdafd8d, L:/127.0.0.1:49963 - R:localhost/127.0.0.1:8082]}}, [request_sent])
20:29:40.349 [reactor-http-nio-15] DEBUG reactor.netty.resources.PooledConnectionProvider - [id: 0xcbdafd8d, L:/127.0.0.1:49963 - R:localhost/127.0.0.1:8082] Channel connected, now 39 active connections and 19 inactive connections
20:29:40.349 [reactor-http-nio-15] DEBUG reactor.netty.resources.PooledConnectionProvider - [id: 0x7a86405b, L:/127.0.0.1:49965 - R:localhost/127.0.0.1:8082] Registering pool release on close event for channel
20:29:40.349 [reactor-http-nio-13] DEBUG reactor.netty.channel.FluxReceive - [id: 0x2d54eb76, L:/127.0.0.1:49912 - R:localhost/127.0.0.1:8081] Subscribing inbound receiver [pending: 0, cancelled:false, inboundDone: false]
20:29:40.349 [reactor-http-nio-15] DEBUG reactor.netty.http.client.HttpClientConnect - [id: 0x7a86405b, L:/127.0.0.1:49965 - R:localhost/127.0.0.1:8082] Handler is being applied: {uri=http://localhost:8082/getAttractionRewardPoints?attractionId=8defcbbf-cf7d-488d-b0a4-f7606c0b6e3e&userId=da6b857b-fad7-48ac-88f0-d94fc7a697e4, method=GET}
20:29:40.349 [reactor-http-nio-13] DEBUG reactor.netty.http.client.HttpClientOperations - [id: 0x2d54eb76, L:/127.0.0.1:49912 - R:localhost/127.0.0.1:8081] Received last HTTP packet
20:29:40.350 [reactor-http-nio-12] DEBUG reactor.netty.resources.PooledConnectionProvider - [id: 0x297f734c, L:/127.0.0.1:49980 - R:localhost/127.0.0.1:8082] Channel acquired, now 41 active connections and 17 inactive connections
20:29:40.350 [reactor-http-nio-15] DEBUG reactor.netty.resources.PooledConnectionProvider - [id: 0x7a86405b, L:/127.0.0.1:49965 - R:localhost/127.0.0.1:8082] onStateChange(GET{uri=/getAttractionRewardPoints?attractionId=8defcbbf-cf7d-488d-b0a4-f7606c0b6e3e&userId=da6b857b-fad7-48ac-88f0-d94fc7a697e4, connection=PooledConnection{channel=[id: 0x7a86405b, L:/127.0.0.1:49965 - R:localhost/127.0.0.1:8082]}}, [request_sent])
20:29:40.350 [reactor-http-nio-15] DEBUG reactor.netty.resources.PooledConnectionProvider - [id: 0x7a86405b, L:/127.0.0.1:49965 - R:localhost/127.0.0.1:8082] Channel connected, now 41 active connections and 18 inactive connections
20:29:40.350 [reactor-http-nio-16] DEBUG reactor.netty.resources.PooledConnectionProvider - [id: 0xdc2607b9] Created new pooled channel, now 41 active connections and 18 inactive connections
20:29:40.350 [reactor-http-nio-14] DEBUG reactor.netty.http.client.HttpClientOperations - [id: 0xd139cd35, L:/127.0.0.1:49893 - R:localhost/127.0.0.1:8081] Received last HTTP packet
20:29:40.350 [reactor-http-nio-12] DEBUG reactor.netty.http.client.HttpClientConnect - [id: 0x297f734c, L:/127.0.0.1:49980 - R:localhost/127.0.0.1:8082] Handler is being applied: {uri=http://localhost:8082/getAttractionRewardPoints?attractionId=95f10c3e-65c5-4fd7-99b4-d1b165264760&userId=560b838d-e28e-4ec1-9650-8b193f1dc0e7, method=GET}
20:29:40.350 [reactor-http-nio-16] DEBUG reactor.netty.channel.BootstrapHandlers - [id: 0xdc2607b9] Initialized pipeline DefaultChannelPipeline{(BootstrapHandlers$BootstrapInitializerHandler#0 = reactor.netty.channel.BootstrapHandlers$BootstrapInitializerHandler), (SimpleChannelPool$1#0 = io.netty.channel.pool.SimpleChannelPool$1), (reactor.left.httpCodec = io.netty.handler.codec.http.HttpClientCodec), (reactor.left.decompressor = io.netty.handler.codec.http.HttpContentDecompressor), (reactor.right.reactiveBridge = reactor.netty.channel.ChannelOperationsHandler)}
20:29:40.350 [reactor-http-nio-14] DEBUG org.springframework.core.codec.StringDecoder - [5d757fbb] Decoded "[{"longitude":-117.922008,"latitude":33.817595,"attractionName":"Disneyland","city":"Anaheim","stat (truncated)...
20:29:40.350 [reactor-http-nio-14] DEBUG reactor.netty.resources.PooledConnectionProvider - [id: 0xd139cd35, L:/127.0.0.1:49893 - R:localhost/127.0.0.1:8081] onStateChange(GET{uri=/getAttractions, connection=PooledConnection{channel=[id: 0xd139cd35, L:/127.0.0.1:49893 - R:localhost/127.0.0.1:8081]}}, [disconnecting])
20:29:40.350 [reactor-http-nio-14] DEBUG reactor.netty.resources.PooledConnectionProvider - [id: 0xd139cd35, L:/127.0.0.1:49893 - R:localhost/127.0.0.1:8081] Releasing channel
20:29:40.350 [reactor-http-nio-14] DEBUG reactor.netty.resources.PooledConnectionProvider - [id: 0xd139cd35, L:/127.0.0.1:49893 - R:localhost/127.0.0.1:8081] Channel cleaned, now 4 active connections and 61 inactive connections
20:29:40.350 [reactor-http-nio-15] DEBUG reactor.netty.resources.PooledConnectionProvider - [id: 0xb7664c42, L:/127.0.0.1:49967 - R:localhost/127.0.0.1:8082] Registering pool release on close event for channel
20:29:40.351 [reactor-http-nio-13] DEBUG org.springframework.core.codec.StringDecoder - [48554300] Decoded "[{"longitude":-117.922008,"latitude":33.817595,"attractionName":"Disneyland","city":"Anaheim","stat (truncated)...
20:29:40.351 [reactor-http-nio-16] DEBUG reactor.netty.resources.PooledConnectionProvider - [id: 0xdc2607b9, L:/127.0.0.1:49991 - R:localhost/127.0.0.1:8082] onStateChange(PooledConnection{channel=[id: 0xdc2607b9, L:/127.0.0.1:49991 - R:localhost/127.0.0.1:8082]}, [connected])
20:29:40.351 [reactor-http-nio-12] DEBUG reactor.netty.resources.PooledConnectionProvider - [id: 0x297f734c, L:/127.0.0.1:49980 - R:localhost/127.0.0.1:8082] onStateChange(GET{uri=/getAttractionRewardPoints?attractionId=95f10c3e-65c5-4fd7-99b4-d1b165264760&userId=560b838d-e28e-4ec1-9650-8b193f1dc0e7, connection=PooledConnection{channel=[id: 0x297f734c, L:/127.0.0.1:49980 - R:localhost/127.0.0.1:8082]}}, [request_sent])
20:29:40.351 [reactor-http-nio-16] DEBUG reactor.netty.resources.PooledConnectionProvider - [id: 0xdc2607b9, L:/127.0.0.1:49991 - R:localhost/127.0.0.1:8082] onStateChange(GET{uri=/, connection=PooledConnection{channel=[id: 0xdc2607b9, L:/127.0.0.1:49991 - R:localhost/127.0.0.1:8082]}}, [configured])
20:29:40.351 [reactor-http-nio-13] DEBUG reactor.netty.resources.PooledConnectionProvider - [id: 0x2d54eb76, L:/127.0.0.1:49912 - R:localhost/127.0.0.1:8081] onStateChange(GET{uri=/getAttractions, connection=PooledConnection{channel=[id: 0x2d54eb76, L:/127.0.0.1:49912 - R:localhost/127.0.0.1:8081]}}, [disconnecting])
20:29:40.351 [reactor-http-nio-15] DEBUG reactor.netty.http.client.HttpClientConnect - [id: 0xb7664c42, L:/127.0.0.1:49967 - R:localhost/127.0.0.1:8082] Handler is being applied: {uri=http://localhost:8082/getAttractionRewardPoints?attractionId=071bdec7-13c7-4c77-98a4-10a641e78805&userId=87ca3f57-aa8a-4f63-a526-bb6f20d30f79, method=GET}
20:29:40.351 [reactor-http-nio-13] DEBUG reactor.netty.resources.PooledConnectionProvider - [id: 0x2d54eb76, L:/127.0.0.1:49912 - R:localhost/127.0.0.1:8081] Releasing channel
20:29:40.351 [reactor-http-nio-13] DEBUG reactor.netty.resources.PooledConnectionProvider - [id: 0x2d54eb76, L:/127.0.0.1:49912 - R:localhost/127.0.0.1:8081] Channel cleaned, now 3 active connections and 62 inactive connections
20:29:40.351 [pool-15-thread-58] DEBUG org.springframework.web.reactive.function.client.ExchangeFunctions - [1877fa71] HTTP GET http://localhost:8082/getAttractionRewardPoints?attractionId=0dffc310-2320-4253-b8e9-e0000d0de90b&userId=cf7b7972-848a-4095-89d5-bde4f9855ea4
20:29:40.351 [reactor-http-nio-13] DEBUG reactor.netty.http.client.HttpClientOperations - [id: 0x3d1cc9c3, L:/127.0.0.1:49878 - R:localhost/127.0.0.1:8081] Received response (auto-read:false) : [Content-Type=application/json, Transfer-Encoding=chunked, Date=Tue, 29 Jun 2021 14:59:39 GMT]
20:29:40.351 [reactor-http-nio-13] DEBUG reactor.netty.resources.PooledConnectionProvider - [id: 0x3d1cc9c3, L:/127.0.0.1:49878 - R:localhost/127.0.0.1:8081] onStateChange(GET{uri=/getAttractions, connection=PooledConnection{channel=[id: 0x3d1cc9c3, L:/127.0.0.1:49878 - R:localhost/127.0.0.1:8081]}}, [response_received])
20:29:40.351 [reactor-http-nio-15] DEBUG reactor.netty.resources.PooledConnectionProvider - [id: 0xb7664c42, L:/127.0.0.1:49967 - R:localhost/127.0.0.1:8082] onStateChange(GET{uri=/getAttractionRewardPoints?attractionId=071bdec7-13c7-4c77-98a4-10a641e78805&userId=87ca3f57-aa8a-4f63-a526-bb6f20d30f79, connection=PooledConnection{channel=[id: 0xb7664c42, L:/127.0.0.1:49967 - R:localhost/127.0.0.1:8082]}}, [request_sent])
20:29:40.351 [reactor-http-nio-15] DEBUG reactor.netty.resources.PooledConnectionProvider - [id: 0xb7664c42, L:/127.0.0.1:49967 - R:localhost/127.0.0.1:8082] Channel connected, now 42 active connections and 17 inactive connections
20:29:40.351 [reactor-http-nio-13] DEBUG org.springframework.web.reactive.function.client.ExchangeFunctions - [3f5a663b] Response 200 OK
20:29:40.351 [reactor-http-nio-15] DEBUG reactor.netty.resources.PooledConnectionProvider - [id: 0xde72b019, L:/127.0.0.1:49968 - R:localhost/127.0.0.1:8082] Registering pool release on close event for channel
20:29:40.352 [reactor-http-nio-15] DEBUG reactor.netty.http.client.HttpClientConnect - [id: 0xde72b019, L:/127.0.0.1:49968 - R:localhost/127.0.0.1:8082] Handler is being applied: {uri=http://localhost:8082/getAttractionRewardPoints?attractionId=461b90d2-6550-42c1-b269-989ea8aa5387&userId=79032032-aa0e-43ff-a885-39ca2725a762, method=GET}
20:29:40.352 [reactor-http-nio-10] DEBUG reactor.netty.resources.PooledConnectionProvider - [id: 0x8ba9f3b7] Created new pooled channel, now 43 active connections and 17 inactive connections
20:29:40.352 [reactor-http-nio-13] DEBUG reactor.netty.channel.FluxReceive - [id: 0x3d1cc9c3, L:/127.0.0.1:49878 - R:localhost/127.0.0.1:8081] Subscribing inbound receiver [pending: 0, cancelled:false, inboundDone: false]
20:29:40.352 [reactor-http-nio-10] DEBUG reactor.netty.channel.BootstrapHandlers - [id: 0x8ba9f3b7] Initialized pipeline DefaultChannelPipeline{(BootstrapHandlers$BootstrapInitializerHandler#0 = reactor.netty.channel.BootstrapHandlers$BootstrapInitializerHandler), (SimpleChannelPool$1#0 = io.netty.channel.pool.SimpleChannelPool$1), (reactor.left.httpCodec = io.netty.handler.codec.http.HttpClientCodec), (reactor.left.decompressor = io.netty.handler.codec.http.HttpContentDecompressor), (reactor.right.reactiveBridge = reactor.netty.channel.ChannelOperationsHandler)}
20:29:40.352 [reactor-http-nio-13] DEBUG reactor.netty.http.client.HttpClientOperations - [id: 0x3d1cc9c3, L:/127.0.0.1:49878 - R:localhost/127.0.0.1:8081] Received last HTTP packet
20:29:40.352 [pool-15-thread-61] DEBUG org.springframework.web.reactive.function.client.ExchangeFunctions - [4692a47a] HTTP GET http://localhost:8082/getAttractionRewardPoints?attractionId=682c0f6e-d9c8-471d-9e81-1572c306dd4f&userId=3c08da6d-829e-4d65-b006-0e99003bd88c
20:29:40.352 [reactor-http-nio-15] DEBUG reactor.netty.resources.PooledConnectionProvider - [id: 0xde72b019, L:/127.0.0.1:49968 - R:localhost/127.0.0.1:8082] onStateChange(GET{uri=/getAttractionRewardPoints?attractionId=461b90d2-6550-42c1-b269-989ea8aa5387&userId=79032032-aa0e-43ff-a885-39ca2725a762, connection=PooledConnection{channel=[id: 0xde72b019, L:/127.0.0.1:49968 - R:localhost/127.0.0.1:8082]}}, [request_sent])
20:29:40.352 [reactor-http-nio-15] DEBUG reactor.netty.resources.PooledConnectionProvider - [id: 0xde72b019, L:/127.0.0.1:49968 - R:localhost/127.0.0.1:8082] Channel connected, now 43 active connections and 17 inactive connections
20:29:40.352 [reactor-http-nio-15] DEBUG reactor.netty.resources.PooledConnectionProvider - [id: 0x3457a508, L:/127.0.0.1:49966 - R:localhost/127.0.0.1:8082] Registering pool release on close event for channel
20:29:40.352 [reactor-http-nio-10] DEBUG reactor.netty.resources.PooledConnectionProvider - [id: 0x8ba9f3b7, L:/127.0.0.1:49992 - R:localhost/127.0.0.1:8082] onStateChange(PooledConnection{channel=[id: 0x8ba9f3b7, L:/127.0.0.1:49992 - R:localhost/127.0.0.1:8082]}, [connected])
20:29:40.352 [reactor-http-nio-13] DEBUG org.springframework.core.codec.StringDecoder - [3f5a663b] Decoded "[{"longitude":-117.922008,"latitude":33.817595,"attractionName":"Disneyland","city":"Anaheim","stat (truncated)...
20:29:40.352 [reactor-http-nio-10] DEBUG reactor.netty.resources.PooledConnectionProvider - [id: 0x8ba9f3b7, L:/127.0.0.1:49992 - R:localhost/127.0.0.1:8082] onStateChange(GET{uri=/, connection=PooledConnection{channel=[id: 0x8ba9f3b7, L:/127.0.0.1:49992 - R:localhost/127.0.0.1:8082]}}, [configured])
20:29:40.352 [reactor-http-nio-12] DEBUG reactor.netty.resources.PooledConnectionProvider - [id: 0xddec26e6] Created new pooled channel, now 44 active connections and 17 inactive connections
20:29:40.353 [reactor-http-nio-10] DEBUG reactor.netty.resources.PooledConnectionProvider - [id: 0x8ba9f3b7, L:/127.0.0.1:49992 - R:localhost/127.0.0.1:8082] Registering pool release on close event for channel
20:29:40.352 [reactor-http-nio-13] DEBUG reactor.netty.resources.PooledConnectionProvider - [id: 0x3d1cc9c3, L:/127.0.0.1:49878 - R:localhost/127.0.0.1:8081] onStateChange(GET{uri=/getAttractions, connection=PooledConnection{channel=[id: 0x3d1cc9c3, L:/127.0.0.1:49878 - R:localhost/127.0.0.1:8081]}}, [disconnecting])
20:29:40.353 [reactor-http-nio-13] DEBUG reactor.netty.resources.PooledConnectionProvider - [id: 0x3d1cc9c3, L:/127.0.0.1:49878 - R:localhost/127.0.0.1:8081] Releasing channel
20:29:40.352 [reactor-http-nio-15] DEBUG reactor.netty.http.client.HttpClientConnect - [id: 0x3457a508, L:/127.0.0.1:49966 - R:localhost/127.0.0.1:8082] Handler is being applied: {uri=http://localhost:8082/getAttractionRewardPoints?attractionId=9cd9f53f-1280-4224-8a81-db0650657bb3&userId=5bb93807-f51b-4d7f-b264-e6c7523033d9, method=GET}
20:29:40.353 [reactor-http-nio-12] DEBUG reactor.netty.channel.BootstrapHandlers - [id: 0xddec26e6] Initialized pipeline DefaultChannelPipeline{(BootstrapHandlers$BootstrapInitializerHandler#0 = reactor.netty.channel.BootstrapHandlers$BootstrapInitializerHandler), (SimpleChannelPool$1#0 = io.netty.channel.pool.SimpleChannelPool$1), (reactor.left.httpCodec = io.netty.handler.codec.http.HttpClientCodec), (reactor.left.decompressor = io.netty.handler.codec.http.HttpContentDecompressor), (reactor.right.reactiveBridge = reactor.netty.channel.ChannelOperationsHandler)}
20:29:40.353 [reactor-http-nio-10] DEBUG reactor.netty.http.client.HttpClientConnect - [id: 0x8ba9f3b7, L:/127.0.0.1:49992 - R:localhost/127.0.0.1:8082] Handler is being applied: {uri=http://localhost:8082/getAttractionRewardPoints?attractionId=0dffc310-2320-4253-b8e9-e0000d0de90b&userId=cf7b7972-848a-4095-89d5-bde4f9855ea4, method=GET}
20:29:40.353 [reactor-http-nio-13] DEBUG reactor.netty.resources.PooledConnectionProvider - [id: 0x3d1cc9c3, L:/127.0.0.1:49878 - R:localhost/127.0.0.1:8081] Channel cleaned, now 2 active connections and 63 inactive connections
20:29:40.353 [reactor-http-nio-13] DEBUG reactor.netty.http.client.HttpClientOperations - [id: 0xb89a2408, L:/127.0.0.1:49915 - R:localhost/127.0.0.1:8081] Received response (auto-read:false) : [Content-Type=application/json, Transfer-Encoding=chunked, Date=Tue, 29 Jun 2021 14:59:39 GMT]
20:29:40.353 [reactor-http-nio-13] DEBUG reactor.netty.resources.PooledConnectionProvider - [id: 0xb89a2408, L:/127.0.0.1:49915 - R:localhost/127.0.0.1:8081] onStateChange(GET{uri=/getAttractions, connection=PooledConnection{channel=[id: 0xb89a2408, L:/127.0.0.1:49915 - R:localhost/127.0.0.1:8081]}}, [response_received])
20:29:40.353 [reactor-http-nio-12] DEBUG reactor.netty.resources.PooledConnectionProvider - [id: 0xddec26e6, L:/127.0.0.1:49993 - R:localhost/127.0.0.1:8082] onStateChange(PooledConnection{channel=[id: 0xddec26e6, L:/127.0.0.1:49993 - R:localhost/127.0.0.1:8082]}, [connected])
20:29:40.353 [reactor-http-nio-10] DEBUG reactor.netty.resources.PooledConnectionProvider - [id: 0x8ba9f3b7, L:/127.0.0.1:49992 - R:localhost/127.0.0.1:8082] onStateChange(GET{uri=/getAttractionRewardPoints?attractionId=0dffc310-2320-4253-b8e9-e0000d0de90b&userId=cf7b7972-848a-4095-89d5-bde4f9855ea4, connection=PooledConnection{channel=[id: 0x8ba9f3b7, L:/127.0.0.1:49992 - R:localhost/127.0.0.1:8082]}}, [request_sent])
20:29:40.353 [reactor-http-nio-12] DEBUG reactor.netty.resources.PooledConnectionProvider - [id: 0xddec26e6, L:/127.0.0.1:49993 - R:localhost/127.0.0.1:8082] onStateChange(GET{uri=/, connection=PooledConnection{channel=[id: 0xddec26e6, L:/127.0.0.1:49993 - R:localhost/127.0.0.1:8082]}}, [configured])
20:29:40.353 [reactor-http-nio-10] DEBUG reactor.netty.resources.PooledConnectionProvider - [id: 0x8ba9f3b7, L:/127.0.0.1:49992 - R:localhost/127.0.0.1:8082] Channel connected, now 45 active connections and 16 inactive connections
20:29:40.353 [reactor-http-nio-12] DEBUG reactor.netty.resources.PooledConnectionProvider - [id: 0xddec26e6, L:/127.0.0.1:49993 - R:localhost/127.0.0.1:8082] Registering pool release on close event for channel
20:29:40.353 [reactor-http-nio-13] DEBUG org.springframework.web.reactive.function.client.ExchangeFunctions - [1039957b] Response 200 OK
20:29:40.353 [reactor-http-nio-12] DEBUG reactor.netty.http.client.HttpClientConnect - [id: 0xddec26e6, L:/127.0.0.1:49993 - R:localhost/127.0.0.1:8082] Handler is being applied: {uri=http://localhost:8082/getAttractionRewardPoints?attractionId=682c0f6e-d9c8-471d-9e81-1572c306dd4f&userId=3c08da6d-829e-4d65-b006-0e99003bd88c, method=GET}
20:29:40.353 [reactor-http-nio-15] DEBUG reactor.netty.resources.PooledConnectionProvider - [id: 0x3457a508, L:/127.0.0.1:49966 - R:localhost/127.0.0.1:8082] onStateChange(GET{uri=/getAttractionRewardPoints?attractionId=9cd9f53f-1280-4224-8a81-db0650657bb3&userId=5bb93807-f51b-4d7f-b264-e6c7523033d9, connection=PooledConnection{channel=[id: 0x3457a508, L:/127.0.0.1:49966 - R:localhost/127.0.0.1:8082]}}, [request_sent])
20:29:40.353 [reactor-http-nio-15] DEBUG reactor.netty.resources.PooledConnectionProvider - [id: 0x3457a508, L:/127.0.0.1:49966 - R:localhost/127.0.0.1:8082] Channel connected, now 46 active connections and 15 inactive connections
20:29:40.353 [reactor-http-nio-15] DEBUG reactor.netty.resources.PooledConnectionProvider - [id: 0x4f027c99, L:/127.0.0.1:49969 - R:localhost/127.0.0.1:8082] Registering pool release on close event for channel
20:29:40.353 [reactor-http-nio-15] DEBUG reactor.netty.http.client.HttpClientConnect - [id: 0x4f027c99, L:/127.0.0.1:49969 - R:localhost/127.0.0.1:8082] Handler is being applied: {uri=http://localhost:8082/getAttractionRewardPoints?attractionId=277bbb97-bdb3-4351-b228-3ad86c6e472c&userId=c370d4fe-7a03-4264-8ef9-6870ff370d8b, method=GET}
20:29:40.354 [reactor-http-nio-16] DEBUG reactor.netty.resources.PooledConnectionProvider - [id: 0x79452d73, L:/127.0.0.1:49987 - R:localhost/127.0.0.1:8082] Registering pool release on close event for channel
20:29:40.354 [pool-15-thread-53] DEBUG org.springframework.web.reactive.function.client.ExchangeFunctions - [319d9fa0] HTTP GET http://localhost:8082/getAttractionRewardPoints?attractionId=ba3332de-91ff-40d8-8426-7cbebf48e704&userId=d480bbef-0dc4-41f5-aca8-1b2edde2f774
20:29:40.354 [reactor-http-nio-16] DEBUG reactor.netty.http.client.HttpClientConnect - [id: 0x79452d73, L:/127.0.0.1:49987 - R:localhost/127.0.0.1:8082] Handler is being applied: {uri=http://localhost:8082/getAttractionRewardPoints?attractionId=64d3b4f5-ac68-46b6-819d-1df41746e953&userId=3507f55a-c5b9-4d78-a3a3-453a4084f05e, method=GET}
20:29:40.354 [reactor-http-nio-12] DEBUG reactor.netty.resources.PooledConnectionProvider - [id: 0xddec26e6, L:/127.0.0.1:49993 - R:localhost/127.0.0.1:8082] onStateChange(GET{uri=/getAttractionRewardPoints?attractionId=682c0f6e-d9c8-471d-9e81-1572c306dd4f&userId=3c08da6d-829e-4d65-b006-0e99003bd88c, connection=PooledConnection{channel=[id: 0xddec26e6, L:/127.0.0.1:49993 - R:localhost/127.0.0.1:8082]}}, [request_sent])
20:29:40.354 [reactor-http-nio-12] DEBUG reactor.netty.resources.PooledConnectionProvider - [id: 0xddec26e6, L:/127.0.0.1:49993 - R:localhost/127.0.0.1:8082] Channel connected, now 48 active connections and 13 inactive connections
20:29:40.354 [reactor-http-nio-13] DEBUG reactor.netty.channel.FluxReceive - [id: 0xb89a2408, L:/127.0.0.1:49915 - R:localhost/127.0.0.1:8081] Subscribing inbound receiver [pending: 0, cancelled:false, inboundDone: false]
20:29:40.354 [reactor-http-nio-15] DEBUG reactor.netty.resources.PooledConnectionProvider - [id: 0x4f027c99, L:/127.0.0.1:49969 - R:localhost/127.0.0.1:8082] onStateChange(GET{uri=/getAttractionRewardPoints?attractionId=277bbb97-bdb3-4351-b228-3ad86c6e472c&userId=c370d4fe-7a03-4264-8ef9-6870ff370d8b, connection=PooledConnection{channel=[id: 0x4f027c99, L:/127.0.0.1:49969 - R:localhost/127.0.0.1:8082]}}, [request_sent])
20:29:40.354 [reactor-http-nio-16] DEBUG reactor.netty.resources.PooledConnectionProvider - [id: 0x79452d73, L:/127.0.0.1:49987 - R:localhost/127.0.0.1:8082] onStateChange(GET{uri=/getAttractionRewardPoints?attractionId=64d3b4f5-ac68-46b6-819d-1df41746e953&userId=3507f55a-c5b9-4d78-a3a3-453a4084f05e, connection=PooledConnection{channel=[id: 0x79452d73, L:/127.0.0.1:49987 - R:localhost/127.0.0.1:8082]}}, [request_sent])
20:29:40.354 [reactor-http-nio-16] DEBUG reactor.netty.resources.PooledConnectionProvider - [id: 0x79452d73, L:/127.0.0.1:49987 - R:localhost/127.0.0.1:8082] Channel connected, now 48 active connections and 13 inactive connections
20:29:40.354 [reactor-http-nio-13] DEBUG reactor.netty.http.client.HttpClientOperations - [id: 0xb89a2408, L:/127.0.0.1:49915 - R:localhost/127.0.0.1:8081] Received last HTTP packet
20:29:40.354 [reactor-http-nio-13] DEBUG org.springframework.core.codec.StringDecoder - [1039957b] Decoded "[{"longitude":-117.922008,"latitude":33.817595,"attractionName":"Disneyland","city":"Anaheim","stat (truncated)...
20:29:40.354 [reactor-http-nio-13] DEBUG reactor.netty.resources.PooledConnectionProvider - [id: 0xb89a2408, L:/127.0.0.1:49915 - R:localhost/127.0.0.1:8081] onStateChange(GET{uri=/getAttractions, connection=PooledConnection{channel=[id: 0xb89a2408, L:/127.0.0.1:49915 - R:localhost/127.0.0.1:8081]}}, [disconnecting])
20:29:40.355 [reactor-http-nio-13] DEBUG reactor.netty.resources.PooledConnectionProvider - [id: 0xb89a2408, L:/127.0.0.1:49915 - R:localhost/127.0.0.1:8081] Releasing channel
20:29:40.355 [reactor-http-nio-13] DEBUG reactor.netty.resources.PooledConnectionProvider - [id: 0xb89a2408, L:/127.0.0.1:49915 - R:localhost/127.0.0.1:8081] Channel cleaned, now 1 active connections and 64 inactive connections
20:29:40.354 [reactor-http-nio-15] DEBUG reactor.netty.resources.PooledConnectionProvider - [id: 0x4f027c99, L:/127.0.0.1:49969 - R:localhost/127.0.0.1:8082] Channel connected, now 48 active connections and 13 inactive connections
20:29:40.355 [reactor-http-nio-13] DEBUG reactor.netty.http.client.HttpClientOperations - [id: 0x834a6289, L:/127.0.0.1:49920 - R:localhost/127.0.0.1:8081] Received response (auto-read:false) : [Content-Type=application/json, Transfer-Encoding=chunked, Date=Tue, 29 Jun 2021 14:59:39 GMT]
20:29:40.355 [reactor-http-nio-13] DEBUG reactor.netty.resources.PooledConnectionProvider - [id: 0x834a6289, L:/127.0.0.1:49920 - R:localhost/127.0.0.1:8081] onStateChange(GET{uri=/getAttractions, connection=PooledConnection{channel=[id: 0x834a6289, L:/127.0.0.1:49920 - R:localhost/127.0.0.1:8081]}}, [response_received])
20:29:40.355 [reactor-http-nio-14] DEBUG reactor.netty.resources.PooledConnectionProvider - [id: 0x06643fe5] Created new pooled channel, now 48 active connections and 14 inactive connections
20:29:40.355 [reactor-http-nio-13] DEBUG org.springframework.web.reactive.function.client.ExchangeFunctions - [77d96aca] Response 200 OK
20:29:40.355 [reactor-http-nio-14] DEBUG reactor.netty.channel.BootstrapHandlers - [id: 0x06643fe5] Initialized pipeline DefaultChannelPipeline{(BootstrapHandlers$BootstrapInitializerHandler#0 = reactor.netty.channel.BootstrapHandlers$BootstrapInitializerHandler), (SimpleChannelPool$1#0 = io.netty.channel.pool.SimpleChannelPool$1), (reactor.left.httpCodec = io.netty.handler.codec.http.HttpClientCodec), (reactor.left.decompressor = io.netty.handler.codec.http.HttpContentDecompressor), (reactor.right.reactiveBridge = reactor.netty.channel.ChannelOperationsHandler)}
20:29:40.355 [reactor-http-nio-13] DEBUG reactor.netty.channel.FluxReceive - [id: 0x834a6289, L:/127.0.0.1:49920 - R:localhost/127.0.0.1:8081] Subscribing inbound receiver [pending: 0, cancelled:false, inboundDone: false]
20:29:40.355 [reactor-http-nio-14] DEBUG reactor.netty.resources.PooledConnectionProvider - [id: 0x06643fe5, L:/127.0.0.1:49995 - R:localhost/127.0.0.1:8082] onStateChange(PooledConnection{channel=[id: 0x06643fe5, L:/127.0.0.1:49995 - R:localhost/127.0.0.1:8082]}, [connected])
20:29:40.356 [reactor-http-nio-13] DEBUG reactor.netty.http.client.HttpClientOperations - [id: 0x834a6289, L:/127.0.0.1:49920 - R:localhost/127.0.0.1:8081] Received last HTTP packet
20:29:40.356 [pool-15-thread-41] DEBUG org.springframework.web.reactive.function.client.ExchangeFunctions - [1efe790c] HTTP GET http://localhost:8082/getAttractionRewardPoints?attractionId=2de6a2b9-d65f-4f24-bf6c-360ae61dd733&userId=8b8830fd-dd1d-4222-9790-5d0e1b9cbb41
20:29:40.356 [reactor-http-nio-16] DEBUG reactor.netty.resources.PooledConnectionProvider - [id: 0xdc2607b9, L:/127.0.0.1:49991 - R:localhost/127.0.0.1:8082] Registering pool release on close event for channel
20:29:40.356 [reactor-http-nio-16] DEBUG reactor.netty.http.client.HttpClientConnect - [id: 0xdc2607b9, L:/127.0.0.1:49991 - R:localhost/127.0.0.1:8082] Handler is being applied: {uri=http://localhost:8082/getAttractionRewardPoints?attractionId=4eec6d18-9e68-4154-8932-0bdc1511cc54&userId=85d8eae5-f361-461a-b64f-6d2b336003be, method=GET}
20:29:40.356 [reactor-http-nio-14] DEBUG reactor.netty.resources.PooledConnectionProvider - [id: 0x06643fe5, L:/127.0.0.1:49995 - R:localhost/127.0.0.1:8082] onStateChange(GET{uri=/, connection=PooledConnection{channel=[id: 0x06643fe5, L:/127.0.0.1:49995 - R:localhost/127.0.0.1:8082]}}, [configured])
20:29:40.356 [reactor-http-nio-13] DEBUG org.springframework.core.codec.StringDecoder - [77d96aca] Decoded "[{"longitude":-117.922008,"latitude":33.817595,"attractionName":"Disneyland","city":"Anaheim","stat (truncated)...
20:29:40.356 [reactor-http-nio-13] DEBUG reactor.netty.resources.PooledConnectionProvider - [id: 0x834a6289, L:/127.0.0.1:49920 - R:localhost/127.0.0.1:8081] onStateChange(GET{uri=/getAttractions, connection=PooledConnection{channel=[id: 0x834a6289, L:/127.0.0.1:49920 - R:localhost/127.0.0.1:8081]}}, [disconnecting])
20:29:40.356 [reactor-http-nio-13] DEBUG reactor.netty.resources.PooledConnectionProvider - [id: 0x834a6289, L:/127.0.0.1:49920 - R:localhost/127.0.0.1:8081] Releasing channel
20:29:40.356 [reactor-http-nio-13] DEBUG reactor.netty.resources.PooledConnectionProvider - [id: 0x834a6289, L:/127.0.0.1:49920 - R:localhost/127.0.0.1:8081] Channel cleaned, now 0 active connections and 65 inactive connections
20:29:40.356 [reactor-http-nio-13] DEBUG reactor.netty.resources.PooledConnectionProvider - [id: 0x109b9dd3, L:/127.0.0.1:49955 - R:localhost/127.0.0.1:8082] onStateChange(PooledConnection{channel=[id: 0x109b9dd3, L:/127.0.0.1:49955 - R:localhost/127.0.0.1:8082]}, [connected])
20:29:40.356 [reactor-http-nio-16] DEBUG reactor.netty.resources.PooledConnectionProvider - [id: 0xdc2607b9, L:/127.0.0.1:49991 - R:localhost/127.0.0.1:8082] onStateChange(GET{uri=/getAttractionRewardPoints?attractionId=4eec6d18-9e68-4154-8932-0bdc1511cc54&userId=85d8eae5-f361-461a-b64f-6d2b336003be, connection=PooledConnection{channel=[id: 0xdc2607b9, L:/127.0.0.1:49991 - R:localhost/127.0.0.1:8082]}}, [request_sent])
20:29:40.356 [reactor-http-nio-13] DEBUG reactor.netty.resources.PooledConnectionProvider - [id: 0x109b9dd3, L:/127.0.0.1:49955 - R:localhost/127.0.0.1:8082] onStateChange(GET{uri=/, connection=PooledConnection{channel=[id: 0x109b9dd3, L:/127.0.0.1:49955 - R:localhost/127.0.0.1:8082]}}, [configured])
20:29:40.356 [reactor-http-nio-13] DEBUG reactor.netty.resources.PooledConnectionProvider - [id: 0xc99de1ee, L:/127.0.0.1:49960 - R:localhost/127.0.0.1:8082] onStateChange(PooledConnection{channel=[id: 0xc99de1ee, L:/127.0.0.1:49960 - R:localhost/127.0.0.1:8082]}, [connected])
20:29:40.356 [reactor-http-nio-13] DEBUG reactor.netty.resources.PooledConnectionProvider - [id: 0xc99de1ee, L:/127.0.0.1:49960 - R:localhost/127.0.0.1:8082] onStateChange(GET{uri=/, connection=PooledConnection{channel=[id: 0xc99de1ee, L:/127.0.0.1:49960 - R:localhost/127.0.0.1:8082]}}, [configured])
20:29:40.356 [reactor-http-nio-15] DEBUG reactor.netty.resources.PooledConnectionProvider - [id: 0xb886dbd8, L:/127.0.0.1:49994 - R:localhost/127.0.0.1:8082] onStateChange(PooledConnection{channel=[id: 0xb886dbd8, L:/127.0.0.1:49994 - R:localhost/127.0.0.1:8082]}, [connected])
20:29:40.356 [reactor-http-nio-16] DEBUG reactor.netty.resources.PooledConnectionProvider - [id: 0xdc2607b9, L:/127.0.0.1:49991 - R:localhost/127.0.0.1:8082] Channel connected, now 49 active connections and 13 inactive connections
20:29:40.357 [reactor-http-nio-13] DEBUG reactor.netty.resources.PooledConnectionProvider - [id: 0xaeb92e55, L:/127.0.0.1:49970 - R:localhost/127.0.0.1:8082] onStateChange(PooledConnection{channel=[id: 0xaeb92e55, L:/127.0.0.1:49970 - R:localhost/127.0.0.1:8082]}, [connected])
20:29:40.357 [reactor-http-nio-16] DEBUG reactor.netty.resources.PooledConnectionProvider - [id: 0x1d80bd18] Created new pooled channel, now 49 active connections and 14 inactive connections
20:29:40.357 [reactor-http-nio-15] DEBUG reactor.netty.resources.PooledConnectionProvider - [id: 0xb886dbd8, L:/127.0.0.1:49994 - R:localhost/127.0.0.1:8082] onStateChange(GET{uri=/, connection=PooledConnection{channel=[id: 0xb886dbd8, L:/127.0.0.1:49994 - R:localhost/127.0.0.1:8082]}}, [configured])
20:29:40.357 [reactor-http-nio-13] DEBUG reactor.netty.resources.PooledConnectionProvider - [id: 0xaeb92e55, L:/127.0.0.1:49970 - R:localhost/127.0.0.1:8082] onStateChange(GET{uri=/, connection=PooledConnection{channel=[id: 0xaeb92e55, L:/127.0.0.1:49970 - R:localhost/127.0.0.1:8082]}}, [configured])
20:29:40.357 [reactor-http-nio-15] DEBUG reactor.netty.resources.PooledConnectionProvider - [id: 0x0ff74a4e, L:/127.0.0.1:49996 - R:localhost/127.0.0.1:8082] onStateChange(PooledConnection{channel=[id: 0x0ff74a4e, L:/127.0.0.1:49996 - R:localhost/127.0.0.1:8082]}, [connected])
20:29:40.357 [reactor-http-nio-16] DEBUG reactor.netty.channel.BootstrapHandlers - [id: 0x1d80bd18] Initialized pipeline DefaultChannelPipeline{(BootstrapHandlers$BootstrapInitializerHandler#0 = reactor.netty.channel.BootstrapHandlers$BootstrapInitializerHandler), (SimpleChannelPool$1#0 = io.netty.channel.pool.SimpleChannelPool$1), (reactor.left.httpCodec = io.netty.handler.codec.http.HttpClientCodec), (reactor.left.decompressor = io.netty.handler.codec.http.HttpContentDecompressor), (reactor.right.reactiveBridge = reactor.netty.channel.ChannelOperationsHandler)}
20:29:40.357 [reactor-http-nio-15] DEBUG reactor.netty.resources.PooledConnectionProvider - [id: 0x0ff74a4e, L:/127.0.0.1:49996 - R:localhost/127.0.0.1:8082] onStateChange(GET{uri=/, connection=PooledConnection{channel=[id: 0x0ff74a4e, L:/127.0.0.1:49996 - R:localhost/127.0.0.1:8082]}}, [configured])
20:29:40.357 [reactor-http-nio-15] DEBUG reactor.netty.resources.PooledConnectionProvider - [id: 0x0ff74a4e, L:/127.0.0.1:49996 - R:localhost/127.0.0.1:8082] Registering pool release on close event for channel
20:29:40.357 [reactor-http-nio-15] DEBUG reactor.netty.http.client.HttpClientConnect - [id: 0x0ff74a4e, L:/127.0.0.1:49996 - R:localhost/127.0.0.1:8082] Handler is being applied: {uri=http://localhost:8082/getAttractionRewardPoints?attractionId=2b242fa6-0a0c-419a-a3e1-95594a0afa5b&userId=bf87d3c4-f639-4f6d-91fd-649d98e7093e, method=GET}
20:29:40.357 [reactor-http-nio-13] DEBUG reactor.netty.resources.PooledConnectionProvider - [id: 0x65bd51d7, L:/127.0.0.1:49972 - R:localhost/127.0.0.1:8082] onStateChange(PooledConnection{channel=[id: 0x65bd51d7, L:/127.0.0.1:49972 - R:localhost/127.0.0.1:8082]}, [connected])
20:29:40.357 [reactor-http-nio-13] DEBUG reactor.netty.resources.PooledConnectionProvider - [id: 0x65bd51d7, L:/127.0.0.1:49972 - R:localhost/127.0.0.1:8082] onStateChange(GET{uri=/, connection=PooledConnection{channel=[id: 0x65bd51d7, L:/127.0.0.1:49972 - R:localhost/127.0.0.1:8082]}}, [configured])
20:29:40.357 [pool-15-thread-49] DEBUG org.springframework.web.reactive.function.client.ExchangeFunctions - [791e8a41] HTTP GET http://localhost:8082/getAttractionRewardPoints?attractionId=0a29efcb-6271-49b4-8efe-0f9f6c495f83&userId=dd878b29-2254-45d6-8759-4f7ffeeb5016
20:29:40.357 [reactor-http-nio-13] DEBUG reactor.netty.resources.PooledConnectionProvider - [id: 0xf2b4090b, L:/127.0.0.1:49973 - R:localhost/127.0.0.1:8082] onStateChange(PooledConnection{channel=[id: 0xf2b4090b, L:/127.0.0.1:49973 - R:localhost/127.0.0.1:8082]}, [connected])
20:29:40.357 [reactor-http-nio-16] DEBUG reactor.netty.resources.PooledConnectionProvider - [id: 0x1d80bd18, L:/127.0.0.1:49997 - R:localhost/127.0.0.1:8082] onStateChange(PooledConnection{channel=[id: 0x1d80bd18, L:/127.0.0.1:49997 - R:localhost/127.0.0.1:8082]}, [connected])
20:29:40.357 [reactor-http-nio-16] DEBUG reactor.netty.resources.PooledConnectionProvider - [id: 0x1d80bd18, L:/127.0.0.1:49997 - R:localhost/127.0.0.1:8082] onStateChange(GET{uri=/, connection=PooledConnection{channel=[id: 0x1d80bd18, L:/127.0.0.1:49997 - R:localhost/127.0.0.1:8082]}}, [configured])
20:29:40.357 [reactor-http-nio-15] DEBUG reactor.netty.resources.PooledConnectionProvider - [id: 0x0ff74a4e, L:/127.0.0.1:49996 - R:localhost/127.0.0.1:8082] onStateChange(GET{uri=/getAttractionRewardPoints?attractionId=2b242fa6-0a0c-419a-a3e1-95594a0afa5b&userId=bf87d3c4-f639-4f6d-91fd-649d98e7093e, connection=PooledConnection{channel=[id: 0x0ff74a4e, L:/127.0.0.1:49996 - R:localhost/127.0.0.1:8082]}}, [request_sent])
20:29:40.357 [reactor-http-nio-15] DEBUG reactor.netty.resources.PooledConnectionProvider - [id: 0x0ff74a4e, L:/127.0.0.1:49996 - R:localhost/127.0.0.1:8082] Channel connected, now 50 active connections and 13 inactive connections
20:29:40.357 [reactor-http-nio-16] DEBUG reactor.netty.resources.PooledConnectionProvider - [id: 0x1d80bd18, L:/127.0.0.1:49997 - R:localhost/127.0.0.1:8082] Registering pool release on close event for channel
20:29:40.357 [reactor-http-nio-16] DEBUG reactor.netty.http.client.HttpClientConnect - [id: 0x1d80bd18, L:/127.0.0.1:49997 - R:localhost/127.0.0.1:8082] Handler is being applied: {uri=http://localhost:8082/getAttractionRewardPoints?attractionId=2de6a2b9-d65f-4f24-bf6c-360ae61dd733&userId=8b8830fd-dd1d-4222-9790-5d0e1b9cbb41, method=GET}
20:29:40.358 [reactor-http-nio-10] DEBUG reactor.netty.resources.PooledConnectionProvider - [id: 0x71aea6bf] Created new pooled channel, now 51 active connections and 13 inactive connections
20:29:40.357 [reactor-http-nio-13] DEBUG reactor.netty.resources.PooledConnectionProvider - [id: 0xf2b4090b, L:/127.0.0.1:49973 - R:localhost/127.0.0.1:8082] onStateChange(GET{uri=/, connection=PooledConnection{channel=[id: 0xf2b4090b, L:/127.0.0.1:49973 - R:localhost/127.0.0.1:8082]}}, [configured])
20:29:40.358 [reactor-http-nio-10] DEBUG reactor.netty.channel.BootstrapHandlers - [id: 0x71aea6bf] Initialized pipeline DefaultChannelPipeline{(BootstrapHandlers$BootstrapInitializerHandler#0 = reactor.netty.channel.BootstrapHandlers$BootstrapInitializerHandler), (SimpleChannelPool$1#0 = io.netty.channel.pool.SimpleChannelPool$1), (reactor.left.httpCodec = io.netty.handler.codec.http.HttpClientCodec), (reactor.left.decompressor = io.netty.handler.codec.http.HttpContentDecompressor), (reactor.right.reactiveBridge = reactor.netty.channel.ChannelOperationsHandler)}
20:29:40.358 [reactor-http-nio-13] DEBUG reactor.netty.resources.PooledConnectionProvider - [id: 0xf9edb90a, L:/127.0.0.1:49974 - R:localhost/127.0.0.1:8082] onStateChange(PooledConnection{channel=[id: 0xf9edb90a, L:/127.0.0.1:49974 - R:localhost/127.0.0.1:8082]}, [connected])
20:29:40.358 [reactor-http-nio-16] DEBUG reactor.netty.resources.PooledConnectionProvider - [id: 0x1d80bd18, L:/127.0.0.1:49997 - R:localhost/127.0.0.1:8082] onStateChange(GET{uri=/getAttractionRewardPoints?attractionId=2de6a2b9-d65f-4f24-bf6c-360ae61dd733&userId=8b8830fd-dd1d-4222-9790-5d0e1b9cbb41, connection=PooledConnection{channel=[id: 0x1d80bd18, L:/127.0.0.1:49997 - R:localhost/127.0.0.1:8082]}}, [request_sent])
20:29:40.358 [reactor-http-nio-13] DEBUG reactor.netty.resources.PooledConnectionProvider - [id: 0xf9edb90a, L:/127.0.0.1:49974 - R:localhost/127.0.0.1:8082] onStateChange(GET{uri=/, connection=PooledConnection{channel=[id: 0xf9edb90a, L:/127.0.0.1:49974 - R:localhost/127.0.0.1:8082]}}, [configured])
20:29:40.358 [reactor-http-nio-16] DEBUG reactor.netty.resources.PooledConnectionProvider - [id: 0x1d80bd18, L:/127.0.0.1:49997 - R:localhost/127.0.0.1:8082] Channel connected, now 51 active connections and 13 inactive connections
20:29:40.358 [reactor-http-nio-13] DEBUG reactor.netty.resources.PooledConnectionProvider - [id: 0xdee89d36, L:/127.0.0.1:49975 - R:localhost/127.0.0.1:8082] onStateChange(PooledConnection{channel=[id: 0xdee89d36, L:/127.0.0.1:49975 - R:localhost/127.0.0.1:8082]}, [connected])
20:29:40.358 [reactor-http-nio-13] DEBUG reactor.netty.resources.PooledConnectionProvider - [id: 0xdee89d36, L:/127.0.0.1:49975 - R:localhost/127.0.0.1:8082] onStateChange(GET{uri=/, connection=PooledConnection{channel=[id: 0xdee89d36, L:/127.0.0.1:49975 - R:localhost/127.0.0.1:8082]}}, [configured])
20:29:40.358 [reactor-http-nio-13] DEBUG reactor.netty.resources.PooledConnectionProvider - [id: 0xc99de1ee, L:/127.0.0.1:49960 - R:localhost/127.0.0.1:8082] Registering pool release on close event for channel
20:29:40.358 [reactor-http-nio-14] DEBUG reactor.netty.resources.PooledConnectionProvider - [id: 0x0e81cf39, L:/127.0.0.1:49986 - R:localhost/127.0.0.1:8082] Registering pool release on close event for channel
20:29:40.358 [reactor-http-nio-16] DEBUG reactor.netty.resources.PooledConnectionProvider - [id: 0xb6047605, L:/127.0.0.1:49981 - R:localhost/127.0.0.1:8082] Registering pool release on close event for channel
20:29:40.358 [reactor-http-nio-15] DEBUG reactor.netty.resources.PooledConnectionProvider - [id: 0xbc63c65a, L:/127.0.0.1:49964 - R:localhost/127.0.0.1:8082] Registering pool release on close event for channel
20:29:40.358 [reactor-http-nio-13] DEBUG reactor.netty.http.client.HttpClientConnect - [id: 0xc99de1ee, L:/127.0.0.1:49960 - R:localhost/127.0.0.1:8082] Handler is being applied: {uri=http://localhost:8082/getAttractionRewardPoints?attractionId=d7c144ae-b8c2-41ff-9366-814df00f8d50&userId=7f0191d7-d605-46b0-b932-eb877fda9f0e, method=GET}
20:29:40.358 [reactor-http-nio-14] DEBUG reactor.netty.http.client.HttpClientConnect - [id: 0x0e81cf39, L:/127.0.0.1:49986 - R:localhost/127.0.0.1:8082] Handler is being applied: {uri=http://localhost:8082/getAttractionRewardPoints?attractionId=1730176c-fd12-4205-b4a6-af50278658d4&userId=258147a0-62eb-477c-a562-001214d79dff, method=GET}
20:29:40.358 [reactor-http-nio-16] DEBUG reactor.netty.http.client.HttpClientConnect - [id: 0xb6047605, L:/127.0.0.1:49981 - R:localhost/127.0.0.1:8082] Handler is being applied: {uri=http://localhost:8082/getAttractionRewardPoints?attractionId=ce34cd21-87b6-4a35-9fa8-a8fb9cdd7b81&userId=d6b0c146-18d4-4659-bc73-c715278ef48c, method=GET}
20:29:40.359 [reactor-http-nio-16] DEBUG reactor.netty.resources.PooledConnectionProvider - [id: 0xb6047605, L:/127.0.0.1:49981 - R:localhost/127.0.0.1:8082] onStateChange(GET{uri=/getAttractionRewardPoints?attractionId=ce34cd21-87b6-4a35-9fa8-a8fb9cdd7b81&userId=d6b0c146-18d4-4659-bc73-c715278ef48c, connection=PooledConnection{channel=[id: 0xb6047605, L:/127.0.0.1:49981 - R:localhost/127.0.0.1:8082]}}, [request_sent])
20:29:40.359 [reactor-http-nio-16] DEBUG reactor.netty.resources.PooledConnectionProvider - [id: 0xb6047605, L:/127.0.0.1:49981 - R:localhost/127.0.0.1:8082] Channel connected, now 55 active connections and 9 inactive connections
20:29:40.359 [reactor-http-nio-13] DEBUG reactor.netty.resources.PooledConnectionProvider - [id: 0xc99de1ee, L:/127.0.0.1:49960 - R:localhost/127.0.0.1:8082] onStateChange(GET{uri=/getAttractionRewardPoints?attractionId=d7c144ae-b8c2-41ff-9366-814df00f8d50&userId=7f0191d7-d605-46b0-b932-eb877fda9f0e, connection=PooledConnection{channel=[id: 0xc99de1ee, L:/127.0.0.1:49960 - R:localhost/127.0.0.1:8082]}}, [request_sent])
20:29:40.359 [reactor-http-nio-13] DEBUG reactor.netty.resources.PooledConnectionProvider - [id: 0xc99de1ee, L:/127.0.0.1:49960 - R:localhost/127.0.0.1:8082] Channel connected, now 55 active connections and 9 inactive connections
20:29:40.359 [reactor-http-nio-13] DEBUG reactor.netty.resources.PooledConnectionProvider - [id: 0x109b9dd3, L:/127.0.0.1:49955 - R:localhost/127.0.0.1:8082] Registering pool release on close event for channel
20:29:40.359 [reactor-http-nio-13] DEBUG reactor.netty.http.client.HttpClientConnect - [id: 0x109b9dd3, L:/127.0.0.1:49955 - R:localhost/127.0.0.1:8082] Handler is being applied: {uri=http://localhost:8082/getAttractionRewardPoints?attractionId=57cb6aca-62fa-499d-9cc2-3410731d46f2&userId=c396b449-df93-43a1-93d2-e3d9b5b9b35a, method=GET}
20:29:40.359 [reactor-http-nio-13] DEBUG reactor.netty.resources.PooledConnectionProvider - [id: 0x109b9dd3, L:/127.0.0.1:49955 - R:localhost/127.0.0.1:8082] onStateChange(GET{uri=/getAttractionRewardPoints?attractionId=57cb6aca-62fa-499d-9cc2-3410731d46f2&userId=c396b449-df93-43a1-93d2-e3d9b5b9b35a, connection=PooledConnection{channel=[id: 0x109b9dd3, L:/127.0.0.1:49955 - R:localhost/127.0.0.1:8082]}}, [request_sent])
20:29:40.360 [reactor-http-nio-13] DEBUG reactor.netty.resources.PooledConnectionProvider - [id: 0x109b9dd3, L:/127.0.0.1:49955 - R:localhost/127.0.0.1:8082] Channel connected, now 56 active connections and 8 inactive connections
20:29:40.360 [reactor-http-nio-13] DEBUG reactor.netty.resources.PooledConnectionProvider - [id: 0xaeb92e55, L:/127.0.0.1:49970 - R:localhost/127.0.0.1:8082] Registering pool release on close event for channel
20:29:40.360 [reactor-http-nio-13] DEBUG reactor.netty.http.client.HttpClientConnect - [id: 0xaeb92e55, L:/127.0.0.1:49970 - R:localhost/127.0.0.1:8082] Handler is being applied: {uri=http://localhost:8082/getAttractionRewardPoints?attractionId=93357b33-78e4-4b86-be00-18d8eaabccd7&userId=2f81ebbf-c104-48a4-8366-04c2bf15363f, method=GET}
20:29:40.358 [reactor-http-nio-15] DEBUG reactor.netty.http.client.HttpClientConnect - [id: 0xbc63c65a, L:/127.0.0.1:49964 - R:localhost/127.0.0.1:8082] Handler is being applied: {uri=http://localhost:8082/getAttractionRewardPoints?attractionId=b774d7cb-dd9b-4f5d-a181-4b30f752bd77&userId=314dc2a9-0d23-491b-9a73-044af191a4fe, method=GET}
20:29:40.359 [reactor-http-nio-10] DEBUG reactor.netty.resources.PooledConnectionProvider - [id: 0x46c6efe2, L:/127.0.0.1:49875 - R:localhost/127.0.0.1:8081] Channel acquired, now 1 active connections and 64 inactive connections
20:29:40.360 [reactor-http-nio-13] DEBUG reactor.netty.resources.PooledConnectionProvider - [id: 0xaeb92e55, L:/127.0.0.1:49970 - R:localhost/127.0.0.1:8082] onStateChange(GET{uri=/getAttractionRewardPoints?attractionId=93357b33-78e4-4b86-be00-18d8eaabccd7&userId=2f81ebbf-c104-48a4-8366-04c2bf15363f, connection=PooledConnection{channel=[id: 0xaeb92e55, L:/127.0.0.1:49970 - R:localhost/127.0.0.1:8082]}}, [request_sent])
20:29:40.361 [reactor-http-nio-13] DEBUG reactor.netty.resources.PooledConnectionProvider - [id: 0xaeb92e55, L:/127.0.0.1:49970 - R:localhost/127.0.0.1:8082] Channel connected, now 57 active connections and 7 inactive connections
20:29:40.361 [reactor-http-nio-13] DEBUG reactor.netty.resources.PooledConnectionProvider - [id: 0x65bd51d7, L:/127.0.0.1:49972 - R:localhost/127.0.0.1:8082] Registering pool release on close event for channel
20:29:40.360 [reactor-http-nio-14] DEBUG reactor.netty.resources.PooledConnectionProvider - [id: 0x0e81cf39, L:/127.0.0.1:49986 - R:localhost/127.0.0.1:8082] onStateChange(GET{uri=/getAttractionRewardPoints?attractionId=1730176c-fd12-4205-b4a6-af50278658d4&userId=258147a0-62eb-477c-a562-001214d79dff, connection=PooledConnection{channel=[id: 0x0e81cf39, L:/127.0.0.1:49986 - R:localhost/127.0.0.1:8082]}}, [request_sent])
20:29:40.360 [reactor-http-nio-10] DEBUG reactor.netty.http.client.HttpClientConnect - [id: 0x46c6efe2, L:/127.0.0.1:49875 - R:localhost/127.0.0.1:8081] Handler is being applied: {uri=http://localhost:8081/getAttractions, method=GET}
20:29:40.361 [reactor-http-nio-14] DEBUG reactor.netty.resources.PooledConnectionProvider - [id: 0x0e81cf39, L:/127.0.0.1:49986 - R:localhost/127.0.0.1:8082] Channel connected, now 58 active connections and 6 inactive connections
20:29:40.361 [reactor-http-nio-14] DEBUG reactor.netty.resources.PooledConnectionProvider - [id: 0x06643fe5, L:/127.0.0.1:49995 - R:localhost/127.0.0.1:8082] Registering pool release on close event for channel
20:29:40.361 [reactor-http-nio-15] DEBUG reactor.netty.resources.PooledConnectionProvider - [id: 0xbc63c65a, L:/127.0.0.1:49964 - R:localhost/127.0.0.1:8082] onStateChange(GET{uri=/getAttractionRewardPoints?attractionId=b774d7cb-dd9b-4f5d-a181-4b30f752bd77&userId=314dc2a9-0d23-491b-9a73-044af191a4fe, connection=PooledConnection{channel=[id: 0xbc63c65a, L:/127.0.0.1:49964 - R:localhost/127.0.0.1:8082]}}, [request_sent])
20:29:40.361 [reactor-http-nio-13] DEBUG reactor.netty.http.client.HttpClientConnect - [id: 0x65bd51d7, L:/127.0.0.1:49972 - R:localhost/127.0.0.1:8082] Handler is being applied: {uri=http://localhost:8082/getAttractionRewardPoints?attractionId=5212c6db-9944-4935-a469-e5f3670d241d&userId=6dacf9e4-c1a6-4d9c-aaa9-b8f6e70c8947, method=GET}
20:29:40.361 [reactor-http-nio-14] DEBUG reactor.netty.http.client.HttpClientConnect - [id: 0x06643fe5, L:/127.0.0.1:49995 - R:localhost/127.0.0.1:8082] Handler is being applied: {uri=http://localhost:8082/getAttractionRewardPoints?attractionId=ba3332de-91ff-40d8-8426-7cbebf48e704&userId=d480bbef-0dc4-41f5-aca8-1b2edde2f774, method=GET}
20:29:40.361 [reactor-http-nio-10] DEBUG reactor.netty.resources.PooledConnectionProvider - [id: 0x46c6efe2, L:/127.0.0.1:49875 - R:localhost/127.0.0.1:8081] onStateChange(GET{uri=/getAttractions, connection=PooledConnection{channel=[id: 0x46c6efe2, L:/127.0.0.1:49875 - R:localhost/127.0.0.1:8081]}}, [request_sent])
20:29:40.362 [reactor-http-nio-10] DEBUG reactor.netty.resources.PooledConnectionProvider - [id: 0x71aea6bf, L:/127.0.0.1:49998 - R:localhost/127.0.0.1:8082] onStateChange(PooledConnection{channel=[id: 0x71aea6bf, L:/127.0.0.1:49998 - R:localhost/127.0.0.1:8082]}, [connected])
20:29:40.363 [reactor-http-nio-10] DEBUG reactor.netty.resources.PooledConnectionProvider - [id: 0x71aea6bf, L:/127.0.0.1:49998 - R:localhost/127.0.0.1:8082] onStateChange(GET{uri=/, connection=PooledConnection{channel=[id: 0x71aea6bf, L:/127.0.0.1:49998 - R:localhost/127.0.0.1:8082]}}, [configured])
20:29:40.363 [reactor-http-nio-14] DEBUG reactor.netty.resources.PooledConnectionProvider - [id: 0x06643fe5, L:/127.0.0.1:49995 - R:localhost/127.0.0.1:8082] onStateChange(GET{uri=/getAttractionRewardPoints?attractionId=ba3332de-91ff-40d8-8426-7cbebf48e704&userId=d480bbef-0dc4-41f5-aca8-1b2edde2f774, connection=PooledConnection{channel=[id: 0x06643fe5, L:/127.0.0.1:49995 - R:localhost/127.0.0.1:8082]}}, [request_sent])
20:29:40.363 [reactor-http-nio-14] DEBUG reactor.netty.resources.PooledConnectionProvider - [id: 0x06643fe5, L:/127.0.0.1:49995 - R:localhost/127.0.0.1:8082] Channel connected, now 59 active connections and 5 inactive connections
20:29:40.364 [reactor-http-nio-10] DEBUG reactor.netty.resources.PooledConnectionProvider - [id: 0x71aea6bf, L:/127.0.0.1:49998 - R:localhost/127.0.0.1:8082] Registering pool release on close event for channel
20:29:40.364 [reactor-http-nio-10] DEBUG reactor.netty.http.client.HttpClientConnect - [id: 0x71aea6bf, L:/127.0.0.1:49998 - R:localhost/127.0.0.1:8082] Handler is being applied: {uri=http://localhost:8082/getAttractionRewardPoints?attractionId=0a29efcb-6271-49b4-8efe-0f9f6c495f83&userId=dd878b29-2254-45d6-8759-4f7ffeeb5016, method=GET}
20:29:40.364 [reactor-http-nio-13] DEBUG reactor.netty.resources.PooledConnectionProvider - [id: 0x65bd51d7, L:/127.0.0.1:49972 - R:localhost/127.0.0.1:8082] onStateChange(GET{uri=/getAttractionRewardPoints?attractionId=5212c6db-9944-4935-a469-e5f3670d241d&userId=6dacf9e4-c1a6-4d9c-aaa9-b8f6e70c8947, connection=PooledConnection{channel=[id: 0x65bd51d7, L:/127.0.0.1:49972 - R:localhost/127.0.0.1:8082]}}, [request_sent])
20:29:40.364 [reactor-http-nio-13] DEBUG reactor.netty.resources.PooledConnectionProvider - [id: 0x65bd51d7, L:/127.0.0.1:49972 - R:localhost/127.0.0.1:8082] Channel connected, now 60 active connections and 4 inactive connections
20:29:40.364 [reactor-http-nio-13] DEBUG reactor.netty.resources.PooledConnectionProvider - [id: 0xf2b4090b, L:/127.0.0.1:49973 - R:localhost/127.0.0.1:8082] Registering pool release on close event for channel
20:29:40.364 [reactor-http-nio-13] DEBUG reactor.netty.http.client.HttpClientConnect - [id: 0xf2b4090b, L:/127.0.0.1:49973 - R:localhost/127.0.0.1:8082] Handler is being applied: {uri=http://localhost:8082/getAttractionRewardPoints?attractionId=05d2a7f3-7d1e-46e0-bd3a-92957d39ab97&userId=ee3c2a23-2f37-400c-bde0-eea626a7664a, method=GET}
20:29:40.361 [reactor-http-nio-15] DEBUG reactor.netty.resources.PooledConnectionProvider - [id: 0xbc63c65a, L:/127.0.0.1:49964 - R:localhost/127.0.0.1:8082] Channel connected, now 59 active connections and 5 inactive connections
20:29:40.365 [reactor-http-nio-15] DEBUG reactor.netty.resources.PooledConnectionProvider - [id: 0xb886dbd8, L:/127.0.0.1:49994 - R:localhost/127.0.0.1:8082] Registering pool release on close event for channel
20:29:40.365 [reactor-http-nio-15] DEBUG reactor.netty.http.client.HttpClientConnect - [id: 0xb886dbd8, L:/127.0.0.1:49994 - R:localhost/127.0.0.1:8082] Handler is being applied: {uri=http://localhost:8082/getAttractionRewardPoints?attractionId=c3f7d4be-2d9b-4469-9061-1aab302f1ead&userId=ce9da9c3-8a72-4efb-ba88-ed7e23ed27e0, method=GET}
20:29:40.364 [reactor-http-nio-10] DEBUG reactor.netty.resources.PooledConnectionProvider - [id: 0x71aea6bf, L:/127.0.0.1:49998 - R:localhost/127.0.0.1:8082] onStateChange(GET{uri=/getAttractionRewardPoints?attractionId=0a29efcb-6271-49b4-8efe-0f9f6c495f83&userId=dd878b29-2254-45d6-8759-4f7ffeeb5016, connection=PooledConnection{channel=[id: 0x71aea6bf, L:/127.0.0.1:49998 - R:localhost/127.0.0.1:8082]}}, [request_sent])
20:29:40.365 [reactor-http-nio-10] DEBUG reactor.netty.resources.PooledConnectionProvider - [id: 0x71aea6bf, L:/127.0.0.1:49998 - R:localhost/127.0.0.1:8082] Channel connected, now 62 active connections and 2 inactive connections
20:29:40.365 [reactor-http-nio-13] DEBUG reactor.netty.resources.PooledConnectionProvider - [id: 0xf2b4090b, L:/127.0.0.1:49973 - R:localhost/127.0.0.1:8082] onStateChange(GET{uri=/getAttractionRewardPoints?attractionId=05d2a7f3-7d1e-46e0-bd3a-92957d39ab97&userId=ee3c2a23-2f37-400c-bde0-eea626a7664a, connection=PooledConnection{channel=[id: 0xf2b4090b, L:/127.0.0.1:49973 - R:localhost/127.0.0.1:8082]}}, [request_sent])
20:29:40.366 [reactor-http-nio-13] DEBUG reactor.netty.resources.PooledConnectionProvider - [id: 0xf2b4090b, L:/127.0.0.1:49973 - R:localhost/127.0.0.1:8082] Channel connected, now 62 active connections and 2 inactive connections
20:29:40.366 [reactor-http-nio-13] DEBUG reactor.netty.resources.PooledConnectionProvider - [id: 0xf9edb90a, L:/127.0.0.1:49974 - R:localhost/127.0.0.1:8082] Registering pool release on close event for channel
20:29:40.366 [reactor-http-nio-13] DEBUG reactor.netty.http.client.HttpClientConnect - [id: 0xf9edb90a, L:/127.0.0.1:49974 - R:localhost/127.0.0.1:8082] Handler is being applied: {uri=http://localhost:8082/getAttractionRewardPoints?attractionId=ef4fde66-6a7e-4885-b300-e7b977ea5855&userId=d3df7c2d-5672-4d9d-804a-c807a8fb1f5b, method=GET}
20:29:40.366 [reactor-http-nio-15] DEBUG reactor.netty.resources.PooledConnectionProvider - [id: 0xb886dbd8, L:/127.0.0.1:49994 - R:localhost/127.0.0.1:8082] onStateChange(GET{uri=/getAttractionRewardPoints?attractionId=c3f7d4be-2d9b-4469-9061-1aab302f1ead&userId=ce9da9c3-8a72-4efb-ba88-ed7e23ed27e0, connection=PooledConnection{channel=[id: 0xb886dbd8, L:/127.0.0.1:49994 - R:localhost/127.0.0.1:8082]}}, [request_sent])
20:29:40.366 [reactor-http-nio-15] DEBUG reactor.netty.resources.PooledConnectionProvider - [id: 0xb886dbd8, L:/127.0.0.1:49994 - R:localhost/127.0.0.1:8082] Channel connected, now 63 active connections and 1 inactive connections
20:29:40.366 [reactor-http-nio-13] DEBUG reactor.netty.resources.PooledConnectionProvider - [id: 0xf9edb90a, L:/127.0.0.1:49974 - R:localhost/127.0.0.1:8082] onStateChange(GET{uri=/getAttractionRewardPoints?attractionId=ef4fde66-6a7e-4885-b300-e7b977ea5855&userId=d3df7c2d-5672-4d9d-804a-c807a8fb1f5b, connection=PooledConnection{channel=[id: 0xf9edb90a, L:/127.0.0.1:49974 - R:localhost/127.0.0.1:8082]}}, [request_sent])
20:29:40.366 [reactor-http-nio-13] DEBUG reactor.netty.resources.PooledConnectionProvider - [id: 0xf9edb90a, L:/127.0.0.1:49974 - R:localhost/127.0.0.1:8082] Channel connected, now 63 active connections and 1 inactive connections
20:29:40.366 [reactor-http-nio-13] DEBUG reactor.netty.resources.PooledConnectionProvider - [id: 0xdee89d36, L:/127.0.0.1:49975 - R:localhost/127.0.0.1:8082] Registering pool release on close event for channel
20:29:40.366 [reactor-http-nio-13] DEBUG reactor.netty.http.client.HttpClientConnect - [id: 0xdee89d36, L:/127.0.0.1:49975 - R:localhost/127.0.0.1:8082] Handler is being applied: {uri=http://localhost:8082/getAttractionRewardPoints?attractionId=137450c0-c7d7-4bd7-874a-bbba93482f54&userId=dc3668c0-44fc-43e4-b7d5-1e5e5d4ba630, method=GET}
20:29:40.367 [reactor-http-nio-13] DEBUG reactor.netty.resources.PooledConnectionProvider - [id: 0xdee89d36, L:/127.0.0.1:49975 - R:localhost/127.0.0.1:8082] onStateChange(GET{uri=/getAttractionRewardPoints?attractionId=137450c0-c7d7-4bd7-874a-bbba93482f54&userId=dc3668c0-44fc-43e4-b7d5-1e5e5d4ba630, connection=PooledConnection{channel=[id: 0xdee89d36, L:/127.0.0.1:49975 - R:localhost/127.0.0.1:8082]}}, [request_sent])
20:29:40.367 [reactor-http-nio-13] DEBUG reactor.netty.resources.PooledConnectionProvider - [id: 0xdee89d36, L:/127.0.0.1:49975 - R:localhost/127.0.0.1:8082] Channel connected, now 64 active connections and 0 inactive connections
20:29:40.373 [reactor-http-nio-10] DEBUG reactor.netty.http.client.HttpClientOperations - [id: 0x46c6efe2, L:/127.0.0.1:49875 - R:localhost/127.0.0.1:8081] Received response (auto-read:false) : [Content-Type=application/json, Transfer-Encoding=chunked, Date=Tue, 29 Jun 2021 14:59:40 GMT]
20:29:40.373 [reactor-http-nio-10] DEBUG reactor.netty.resources.PooledConnectionProvider - [id: 0x46c6efe2, L:/127.0.0.1:49875 - R:localhost/127.0.0.1:8081] onStateChange(GET{uri=/getAttractions, connection=PooledConnection{channel=[id: 0x46c6efe2, L:/127.0.0.1:49875 - R:localhost/127.0.0.1:8081]}}, [response_received])
20:29:40.374 [reactor-http-nio-10] DEBUG org.springframework.web.reactive.function.client.ExchangeFunctions - [238f8196] Response 200 OK
20:29:40.374 [reactor-http-nio-10] DEBUG reactor.netty.channel.FluxReceive - [id: 0x46c6efe2, L:/127.0.0.1:49875 - R:localhost/127.0.0.1:8081] Subscribing inbound receiver [pending: 0, cancelled:false, inboundDone: false]
20:29:40.374 [reactor-http-nio-10] DEBUG reactor.netty.http.client.HttpClientOperations - [id: 0x46c6efe2, L:/127.0.0.1:49875 - R:localhost/127.0.0.1:8081] Received last HTTP packet
20:29:40.375 [reactor-http-nio-10] DEBUG org.springframework.core.codec.StringDecoder - [238f8196] Decoded "[{"longitude":-117.922008,"latitude":33.817595,"attractionName":"Disneyland","city":"Anaheim","stat (truncated)...
20:29:40.375 [reactor-http-nio-10] DEBUG reactor.netty.resources.PooledConnectionProvider - [id: 0x46c6efe2, L:/127.0.0.1:49875 - R:localhost/127.0.0.1:8081] onStateChange(GET{uri=/getAttractions, connection=PooledConnection{channel=[id: 0x46c6efe2, L:/127.0.0.1:49875 - R:localhost/127.0.0.1:8081]}}, [disconnecting])
20:29:40.375 [reactor-http-nio-10] DEBUG reactor.netty.resources.PooledConnectionProvider - [id: 0x46c6efe2, L:/127.0.0.1:49875 - R:localhost/127.0.0.1:8081] Releasing channel
20:29:40.376 [reactor-http-nio-10] DEBUG reactor.netty.resources.PooledConnectionProvider - [id: 0x46c6efe2, L:/127.0.0.1:49875 - R:localhost/127.0.0.1:8081] Channel cleaned, now 0 active connections and 65 inactive connections
20:29:40.377 [pool-15-thread-23] DEBUG org.springframework.web.reactive.function.client.ExchangeFunctions - [668d1b83] HTTP GET http://localhost:8082/getAttractionRewardPoints?attractionId=cd36b252-de3b-496e-b7a1-92d487819ca7&userId=9104735b-e2a5-4934-828e-f9f483151db6
20:29:40.377 [reactor-http-nio-12] DEBUG reactor.netty.resources.PooledConnectionProvider - [id: 0x45b00ab0] Created new pooled channel, now 64 active connections and 1 inactive connections
20:29:40.378 [reactor-http-nio-12] DEBUG reactor.netty.channel.BootstrapHandlers - [id: 0x45b00ab0] Initialized pipeline DefaultChannelPipeline{(BootstrapHandlers$BootstrapInitializerHandler#0 = reactor.netty.channel.BootstrapHandlers$BootstrapInitializerHandler), (SimpleChannelPool$1#0 = io.netty.channel.pool.SimpleChannelPool$1), (reactor.left.httpCodec = io.netty.handler.codec.http.HttpClientCodec), (reactor.left.decompressor = io.netty.handler.codec.http.HttpContentDecompressor), (reactor.right.reactiveBridge = reactor.netty.channel.ChannelOperationsHandler)}
20:29:40.380 [reactor-http-nio-12] DEBUG reactor.netty.resources.PooledConnectionProvider - [id: 0x45b00ab0, L:/127.0.0.1:49999 - R:localhost/127.0.0.1:8082] onStateChange(PooledConnection{channel=[id: 0x45b00ab0, L:/127.0.0.1:49999 - R:localhost/127.0.0.1:8082]}, [connected])
20:29:40.380 [reactor-http-nio-12] DEBUG reactor.netty.resources.PooledConnectionProvider - [id: 0x45b00ab0, L:/127.0.0.1:49999 - R:localhost/127.0.0.1:8082] onStateChange(GET{uri=/, connection=PooledConnection{channel=[id: 0x45b00ab0, L:/127.0.0.1:49999 - R:localhost/127.0.0.1:8082]}}, [configured])
20:29:40.380 [reactor-http-nio-12] DEBUG reactor.netty.resources.PooledConnectionProvider - [id: 0x45b00ab0, L:/127.0.0.1:49999 - R:localhost/127.0.0.1:8082] Registering pool release on close event for channel
20:29:40.380 [reactor-http-nio-12] DEBUG reactor.netty.http.client.HttpClientConnect - [id: 0x45b00ab0, L:/127.0.0.1:49999 - R:localhost/127.0.0.1:8082] Handler is being applied: {uri=http://localhost:8082/getAttractionRewardPoints?attractionId=cd36b252-de3b-496e-b7a1-92d487819ca7&userId=9104735b-e2a5-4934-828e-f9f483151db6, method=GET}
20:29:40.381 [reactor-http-nio-12] DEBUG reactor.netty.resources.PooledConnectionProvider - [id: 0x45b00ab0, L:/127.0.0.1:49999 - R:localhost/127.0.0.1:8082] onStateChange(GET{uri=/getAttractionRewardPoints?attractionId=cd36b252-de3b-496e-b7a1-92d487819ca7&userId=9104735b-e2a5-4934-828e-f9f483151db6, connection=PooledConnection{channel=[id: 0x45b00ab0, L:/127.0.0.1:49999 - R:localhost/127.0.0.1:8082]}}, [request_sent])
20:29:40.381 [reactor-http-nio-12] DEBUG reactor.netty.resources.PooledConnectionProvider - [id: 0x45b00ab0, L:/127.0.0.1:49999 - R:localhost/127.0.0.1:8082] Channel connected, now 65 active connections and 0 inactive connections
20:29:40.381 [reactor-http-nio-12] DEBUG reactor.netty.http.client.HttpClientOperations - [id: 0xb21cf120, L:/127.0.0.1:49952 - R:localhost/127.0.0.1:8082] Received response (auto-read:false) : [Content-Type=application/json, Transfer-Encoding=chunked, Date=Tue, 29 Jun 2021 14:59:39 GMT]
20:29:40.381 [reactor-http-nio-12] DEBUG reactor.netty.resources.PooledConnectionProvider - [id: 0xb21cf120, L:/127.0.0.1:49952 - R:localhost/127.0.0.1:8082] onStateChange(GET{uri=/getAttractionRewardPoints?attractionId=604d8fee-d569-4692-8a99-715f28c4e3eb&userId=38dc0841-2c28-47e1-b83e-bf21be52cf70, connection=PooledConnection{channel=[id: 0xb21cf120, L:/127.0.0.1:49952 - R:localhost/127.0.0.1:8082]}}, [response_received])
20:29:40.381 [reactor-http-nio-12] DEBUG org.springframework.web.reactive.function.client.ExchangeFunctions - [35729612] Response 200 OK
20:29:40.382 [reactor-http-nio-12] DEBUG reactor.netty.channel.FluxReceive - [id: 0xb21cf120, L:/127.0.0.1:49952 - R:localhost/127.0.0.1:8082] Subscribing inbound receiver [pending: 0, cancelled:false, inboundDone: false]
20:29:40.382 [reactor-http-nio-12] DEBUG reactor.netty.http.client.HttpClientOperations - [id: 0xb21cf120, L:/127.0.0.1:49952 - R:localhost/127.0.0.1:8082] Received last HTTP packet
20:29:40.382 [reactor-http-nio-12] DEBUG org.springframework.core.codec.StringDecoder - [35729612] Decoded "599"
20:29:40.382 [reactor-http-nio-12] DEBUG reactor.netty.resources.PooledConnectionProvider - [id: 0xb21cf120, L:/127.0.0.1:49952 - R:localhost/127.0.0.1:8082] onStateChange(GET{uri=/getAttractionRewardPoints?attractionId=604d8fee-d569-4692-8a99-715f28c4e3eb&userId=38dc0841-2c28-47e1-b83e-bf21be52cf70, connection=PooledConnection{channel=[id: 0xb21cf120, L:/127.0.0.1:49952 - R:localhost/127.0.0.1:8082]}}, [disconnecting])
20:29:40.382 [reactor-http-nio-12] DEBUG reactor.netty.resources.PooledConnectionProvider - [id: 0xb21cf120, L:/127.0.0.1:49952 - R:localhost/127.0.0.1:8082] Releasing channel
20:29:40.382 [reactor-http-nio-12] DEBUG reactor.netty.resources.PooledConnectionProvider - [id: 0xb21cf120, L:/127.0.0.1:49952 - R:localhost/127.0.0.1:8082] Channel cleaned, now 64 active connections and 1 inactive connections
20:29:40.382 [pool-15-thread-47] DEBUG org.springframework.web.reactive.function.client.ExchangeFunctions - [314d1464] HTTP GET http://localhost:8081/getAttractions
20:29:40.383 [reactor-http-nio-16] DEBUG reactor.netty.resources.PooledConnectionProvider - [id: 0xd94b0585, L:/127.0.0.1:49927 - R:localhost/127.0.0.1:8081] Channel acquired, now 1 active connections and 64 inactive connections
20:29:40.383 [reactor-http-nio-16] DEBUG reactor.netty.http.client.HttpClientConnect - [id: 0xd94b0585, L:/127.0.0.1:49927 - R:localhost/127.0.0.1:8081] Handler is being applied: {uri=http://localhost:8081/getAttractions, method=GET}
20:29:40.384 [reactor-http-nio-16] DEBUG reactor.netty.resources.PooledConnectionProvider - [id: 0xd94b0585, L:/127.0.0.1:49927 - R:localhost/127.0.0.1:8081] onStateChange(GET{uri=/getAttractions, connection=PooledConnection{channel=[id: 0xd94b0585, L:/127.0.0.1:49927 - R:localhost/127.0.0.1:8081]}}, [request_sent])
20:29:40.389 [reactor-http-nio-2] DEBUG reactor.netty.http.client.HttpClientOperations - [id: 0x58a6e91c, L:/127.0.0.1:49988 - R:localhost/127.0.0.1:8082] Received response (auto-read:false) : [Content-Type=application/json, Transfer-Encoding=chunked, Date=Tue, 29 Jun 2021 14:59:39 GMT]
20:29:40.389 [reactor-http-nio-2] DEBUG reactor.netty.resources.PooledConnectionProvider - [id: 0x58a6e91c, L:/127.0.0.1:49988 - R:localhost/127.0.0.1:8082] onStateChange(GET{uri=/getAttractionRewardPoints?attractionId=6c369a72-8c37-4052-b7d6-7c0bb3632bc9&userId=6e5e402f-d009-4bc8-8534-e2c551a8b43c, connection=PooledConnection{channel=[id: 0x58a6e91c, L:/127.0.0.1:49988 - R:localhost/127.0.0.1:8082]}}, [response_received])
20:29:40.389 [reactor-http-nio-2] DEBUG org.springframework.web.reactive.function.client.ExchangeFunctions - [3315cfd3] Response 200 OK
20:29:40.390 [reactor-http-nio-2] DEBUG reactor.netty.channel.FluxReceive - [id: 0x58a6e91c, L:/127.0.0.1:49988 - R:localhost/127.0.0.1:8082] Subscribing inbound receiver [pending: 0, cancelled:false, inboundDone: false]
20:29:40.390 [reactor-http-nio-2] DEBUG reactor.netty.http.client.HttpClientOperations - [id: 0x58a6e91c, L:/127.0.0.1:49988 - R:localhost/127.0.0.1:8082] Received last HTTP packet
20:29:40.390 [reactor-http-nio-2] DEBUG org.springframework.core.codec.StringDecoder - [3315cfd3] Decoded "347"
20:29:40.390 [reactor-http-nio-2] DEBUG reactor.netty.resources.PooledConnectionProvider - [id: 0x58a6e91c, L:/127.0.0.1:49988 - R:localhost/127.0.0.1:8082] onStateChange(GET{uri=/getAttractionRewardPoints?attractionId=6c369a72-8c37-4052-b7d6-7c0bb3632bc9&userId=6e5e402f-d009-4bc8-8534-e2c551a8b43c, connection=PooledConnection{channel=[id: 0x58a6e91c, L:/127.0.0.1:49988 - R:localhost/127.0.0.1:8082]}}, [disconnecting])
20:29:40.390 [reactor-http-nio-2] DEBUG reactor.netty.resources.PooledConnectionProvider - [id: 0x58a6e91c, L:/127.0.0.1:49988 - R:localhost/127.0.0.1:8082] Releasing channel
20:29:40.390 [reactor-http-nio-2] DEBUG reactor.netty.resources.PooledConnectionProvider - [id: 0x58a6e91c, L:/127.0.0.1:49988 - R:localhost/127.0.0.1:8082] Channel cleaned, now 63 active connections and 2 inactive connections
20:29:40.390 [pool-15-thread-60] DEBUG org.springframework.web.reactive.function.client.ExchangeFunctions - [372a4d69] HTTP GET http://localhost:8081/getAttractions
20:29:40.391 [reactor-http-nio-2] DEBUG reactor.netty.resources.PooledConnectionProvider - [id: 0xf696f9f2, L:/127.0.0.1:49929 - R:localhost/127.0.0.1:8081] Channel acquired, now 2 active connections and 63 inactive connections
20:29:40.391 [reactor-http-nio-2] DEBUG reactor.netty.http.client.HttpClientConnect - [id: 0xf696f9f2, L:/127.0.0.1:49929 - R:localhost/127.0.0.1:8081] Handler is being applied: {uri=http://localhost:8081/getAttractions, method=GET}
20:29:40.391 [reactor-http-nio-2] DEBUG reactor.netty.resources.PooledConnectionProvider - [id: 0xf696f9f2, L:/127.0.0.1:49929 - R:localhost/127.0.0.1:8081] onStateChange(GET{uri=/getAttractions, connection=PooledConnection{channel=[id: 0xf696f9f2, L:/127.0.0.1:49929 - R:localhost/127.0.0.1:8081]}}, [request_sent])
20:29:40.393 [reactor-http-nio-10] DEBUG reactor.netty.http.client.HttpClientOperations - [id: 0x71aea6bf, L:/127.0.0.1:49998 - R:localhost/127.0.0.1:8082] Received response (auto-read:false) : [Content-Type=application/json, Transfer-Encoding=chunked, Date=Tue, 29 Jun 2021 14:59:39 GMT]
20:29:40.393 [reactor-http-nio-10] DEBUG reactor.netty.resources.PooledConnectionProvider - [id: 0x71aea6bf, L:/127.0.0.1:49998 - R:localhost/127.0.0.1:8082] onStateChange(GET{uri=/getAttractionRewardPoints?attractionId=0a29efcb-6271-49b4-8efe-0f9f6c495f83&userId=dd878b29-2254-45d6-8759-4f7ffeeb5016, connection=PooledConnection{channel=[id: 0x71aea6bf, L:/127.0.0.1:49998 - R:localhost/127.0.0.1:8082]}}, [response_received])
20:29:40.393 [reactor-http-nio-10] DEBUG org.springframework.web.reactive.function.client.ExchangeFunctions - [791e8a41] Response 200 OK
20:29:40.393 [reactor-http-nio-10] DEBUG reactor.netty.channel.FluxReceive - [id: 0x71aea6bf, L:/127.0.0.1:49998 - R:localhost/127.0.0.1:8082] Subscribing inbound receiver [pending: 0, cancelled:false, inboundDone: false]
20:29:40.394 [reactor-http-nio-10] DEBUG reactor.netty.http.client.HttpClientOperations - [id: 0x71aea6bf, L:/127.0.0.1:49998 - R:localhost/127.0.0.1:8082] Received last HTTP packet
20:29:40.394 [reactor-http-nio-10] DEBUG org.springframework.core.codec.StringDecoder - [791e8a41] Decoded "101"
20:29:40.394 [reactor-http-nio-10] DEBUG reactor.netty.resources.PooledConnectionProvider - [id: 0x71aea6bf, L:/127.0.0.1:49998 - R:localhost/127.0.0.1:8082] onStateChange(GET{uri=/getAttractionRewardPoints?attractionId=0a29efcb-6271-49b4-8efe-0f9f6c495f83&userId=dd878b29-2254-45d6-8759-4f7ffeeb5016, connection=PooledConnection{channel=[id: 0x71aea6bf, L:/127.0.0.1:49998 - R:localhost/127.0.0.1:8082]}}, [disconnecting])
20:29:40.394 [reactor-http-nio-10] DEBUG reactor.netty.resources.PooledConnectionProvider - [id: 0x71aea6bf, L:/127.0.0.1:49998 - R:localhost/127.0.0.1:8082] Releasing channel
20:29:40.394 [reactor-http-nio-10] DEBUG reactor.netty.resources.PooledConnectionProvider - [id: 0x71aea6bf, L:/127.0.0.1:49998 - R:localhost/127.0.0.1:8082] Channel cleaned, now 62 active connections and 3 inactive connections
20:29:40.394 [pool-15-thread-49] DEBUG org.springframework.web.reactive.function.client.ExchangeFunctions - [7d2101ba] HTTP GET http://localhost:8081/getAttractions
20:29:40.394 [reactor-http-nio-10] DEBUG reactor.netty.resources.PooledConnectionProvider - [id: 0xc25feb92, L:/127.0.0.1:49880 - R:localhost/127.0.0.1:8081] Channel acquired, now 3 active connections and 62 inactive connections
20:29:40.395 [reactor-http-nio-10] DEBUG reactor.netty.http.client.HttpClientConnect - [id: 0xc25feb92, L:/127.0.0.1:49880 - R:localhost/127.0.0.1:8081] Handler is being applied: {uri=http://localhost:8081/getAttractions, method=GET}
20:29:40.395 [reactor-http-nio-10] DEBUG reactor.netty.resources.PooledConnectionProvider - [id: 0xc25feb92, L:/127.0.0.1:49880 - R:localhost/127.0.0.1:8081] onStateChange(GET{uri=/getAttractions, connection=PooledConnection{channel=[id: 0xc25feb92, L:/127.0.0.1:49880 - R:localhost/127.0.0.1:8081]}}, [request_sent])
20:29:40.395 [reactor-http-nio-16] DEBUG reactor.netty.http.client.HttpClientOperations - [id: 0xd94b0585, L:/127.0.0.1:49927 - R:localhost/127.0.0.1:8081] Received response (auto-read:false) : [Content-Type=application/json, Transfer-Encoding=chunked, Date=Tue, 29 Jun 2021 14:59:40 GMT]
20:29:40.395 [reactor-http-nio-16] DEBUG reactor.netty.resources.PooledConnectionProvider - [id: 0xd94b0585, L:/127.0.0.1:49927 - R:localhost/127.0.0.1:8081] onStateChange(GET{uri=/getAttractions, connection=PooledConnection{channel=[id: 0xd94b0585, L:/127.0.0.1:49927 - R:localhost/127.0.0.1:8081]}}, [response_received])
20:29:40.395 [reactor-http-nio-16] DEBUG org.springframework.web.reactive.function.client.ExchangeFunctions - [314d1464] Response 200 OK
20:29:40.396 [reactor-http-nio-16] DEBUG reactor.netty.channel.FluxReceive - [id: 0xd94b0585, L:/127.0.0.1:49927 - R:localhost/127.0.0.1:8081] Subscribing inbound receiver [pending: 0, cancelled:false, inboundDone: false]
20:29:40.396 [reactor-http-nio-16] DEBUG reactor.netty.http.client.HttpClientOperations - [id: 0xd94b0585, L:/127.0.0.1:49927 - R:localhost/127.0.0.1:8081] Received last HTTP packet
20:29:40.396 [reactor-http-nio-16] DEBUG org.springframework.core.codec.StringDecoder - [314d1464] Decoded "[{"longitude":-117.922008,"latitude":33.817595,"attractionName":"Disneyland","city":"Anaheim","stat (truncated)...
20:29:40.396 [reactor-http-nio-16] DEBUG reactor.netty.resources.PooledConnectionProvider - [id: 0xd94b0585, L:/127.0.0.1:49927 - R:localhost/127.0.0.1:8081] onStateChange(GET{uri=/getAttractions, connection=PooledConnection{channel=[id: 0xd94b0585, L:/127.0.0.1:49927 - R:localhost/127.0.0.1:8081]}}, [disconnecting])
20:29:40.396 [reactor-http-nio-16] DEBUG reactor.netty.resources.PooledConnectionProvider - [id: 0xd94b0585, L:/127.0.0.1:49927 - R:localhost/127.0.0.1:8081] Releasing channel
20:29:40.396 [reactor-http-nio-16] DEBUG reactor.netty.resources.PooledConnectionProvider - [id: 0xd94b0585, L:/127.0.0.1:49927 - R:localhost/127.0.0.1:8081] Channel cleaned, now 2 active connections and 63 inactive connections
20:29:40.397 [pool-15-thread-47] DEBUG org.springframework.web.reactive.function.client.ExchangeFunctions - [744f9c29] HTTP GET http://localhost:8082/getAttractionRewardPoints?attractionId=95525de4-c968-4f7a-aa5b-41923cc5b313&userId=2ba664ca-dda6-4633-a78d-1ce422c4f2ef
20:29:40.398 [reactor-http-nio-12] DEBUG reactor.netty.resources.PooledConnectionProvider - [id: 0xb21cf120, L:/127.0.0.1:49952 - R:localhost/127.0.0.1:8082] Channel acquired, now 63 active connections and 2 inactive connections
20:29:40.398 [reactor-http-nio-12] DEBUG reactor.netty.http.client.HttpClientConnect - [id: 0xb21cf120, L:/127.0.0.1:49952 - R:localhost/127.0.0.1:8082] Handler is being applied: {uri=http://localhost:8082/getAttractionRewardPoints?attractionId=95525de4-c968-4f7a-aa5b-41923cc5b313&userId=2ba664ca-dda6-4633-a78d-1ce422c4f2ef, method=GET}
20:29:40.398 [reactor-http-nio-12] DEBUG reactor.netty.resources.PooledConnectionProvider - [id: 0xb21cf120, L:/127.0.0.1:49952 - R:localhost/127.0.0.1:8082] onStateChange(GET{uri=/getAttractionRewardPoints?attractionId=95525de4-c968-4f7a-aa5b-41923cc5b313&userId=2ba664ca-dda6-4633-a78d-1ce422c4f2ef, connection=PooledConnection{channel=[id: 0xb21cf120, L:/127.0.0.1:49952 - R:localhost/127.0.0.1:8082]}}, [request_sent])
20:29:40.402 [reactor-http-nio-2] DEBUG reactor.netty.http.client.HttpClientOperations - [id: 0xf696f9f2, L:/127.0.0.1:49929 - R:localhost/127.0.0.1:8081] Received response (auto-read:false) : [Content-Type=application/json, Transfer-Encoding=chunked, Date=Tue, 29 Jun 2021 14:59:40 GMT]
20:29:40.403 [reactor-http-nio-2] DEBUG reactor.netty.resources.PooledConnectionProvider - [id: 0xf696f9f2, L:/127.0.0.1:49929 - R:localhost/127.0.0.1:8081] onStateChange(GET{uri=/getAttractions, connection=PooledConnection{channel=[id: 0xf696f9f2, L:/127.0.0.1:49929 - R:localhost/127.0.0.1:8081]}}, [response_received])
20:29:40.403 [reactor-http-nio-2] DEBUG org.springframework.web.reactive.function.client.ExchangeFunctions - [372a4d69] Response 200 OK
20:29:40.403 [reactor-http-nio-2] DEBUG reactor.netty.channel.FluxReceive - [id: 0xf696f9f2, L:/127.0.0.1:49929 - R:localhost/127.0.0.1:8081] Subscribing inbound receiver [pending: 0, cancelled:false, inboundDone: false]
20:29:40.403 [reactor-http-nio-2] DEBUG reactor.netty.http.client.HttpClientOperations - [id: 0xf696f9f2, L:/127.0.0.1:49929 - R:localhost/127.0.0.1:8081] Received last HTTP packet
20:29:40.403 [reactor-http-nio-2] DEBUG org.springframework.core.codec.StringDecoder - [372a4d69] Decoded "[{"longitude":-117.922008,"latitude":33.817595,"attractionName":"Disneyland","city":"Anaheim","stat (truncated)...
20:29:40.403 [reactor-http-nio-2] DEBUG reactor.netty.resources.PooledConnectionProvider - [id: 0xf696f9f2, L:/127.0.0.1:49929 - R:localhost/127.0.0.1:8081] onStateChange(GET{uri=/getAttractions, connection=PooledConnection{channel=[id: 0xf696f9f2, L:/127.0.0.1:49929 - R:localhost/127.0.0.1:8081]}}, [disconnecting])
20:29:40.403 [reactor-http-nio-2] DEBUG reactor.netty.resources.PooledConnectionProvider - [id: 0xf696f9f2, L:/127.0.0.1:49929 - R:localhost/127.0.0.1:8081] Releasing channel
20:29:40.403 [reactor-http-nio-2] DEBUG reactor.netty.resources.PooledConnectionProvider - [id: 0xf696f9f2, L:/127.0.0.1:49929 - R:localhost/127.0.0.1:8081] Channel cleaned, now 1 active connections and 64 inactive connections
20:29:40.404 [pool-15-thread-60] DEBUG org.springframework.web.reactive.function.client.ExchangeFunctions - [7228c5e8] HTTP GET http://localhost:8082/getAttractionRewardPoints?attractionId=7f7f3fa0-bab9-4ae4-ab34-80aa83231d92&userId=c476df89-4931-4944-8dff-13f125874b2b
20:29:40.404 [reactor-http-nio-2] DEBUG reactor.netty.resources.PooledConnectionProvider - [id: 0x58a6e91c, L:/127.0.0.1:49988 - R:localhost/127.0.0.1:8082] Channel acquired, now 64 active connections and 1 inactive connections
20:29:40.404 [reactor-http-nio-2] DEBUG reactor.netty.http.client.HttpClientConnect - [id: 0x58a6e91c, L:/127.0.0.1:49988 - R:localhost/127.0.0.1:8082] Handler is being applied: {uri=http://localhost:8082/getAttractionRewardPoints?attractionId=7f7f3fa0-bab9-4ae4-ab34-80aa83231d92&userId=c476df89-4931-4944-8dff-13f125874b2b, method=GET}
20:29:40.404 [reactor-http-nio-2] DEBUG reactor.netty.resources.PooledConnectionProvider - [id: 0x58a6e91c, L:/127.0.0.1:49988 - R:localhost/127.0.0.1:8082] onStateChange(GET{uri=/getAttractionRewardPoints?attractionId=7f7f3fa0-bab9-4ae4-ab34-80aa83231d92&userId=c476df89-4931-4944-8dff-13f125874b2b, connection=PooledConnection{channel=[id: 0x58a6e91c, L:/127.0.0.1:49988 - R:localhost/127.0.0.1:8082]}}, [request_sent])
20:29:40.409 [reactor-http-nio-10] DEBUG reactor.netty.http.client.HttpClientOperations - [id: 0xc25feb92, L:/127.0.0.1:49880 - R:localhost/127.0.0.1:8081] Received response (auto-read:false) : [Content-Type=application/json, Transfer-Encoding=chunked, Date=Tue, 29 Jun 2021 14:59:40 GMT]
20:29:40.409 [reactor-http-nio-10] DEBUG reactor.netty.resources.PooledConnectionProvider - [id: 0xc25feb92, L:/127.0.0.1:49880 - R:localhost/127.0.0.1:8081] onStateChange(GET{uri=/getAttractions, connection=PooledConnection{channel=[id: 0xc25feb92, L:/127.0.0.1:49880 - R:localhost/127.0.0.1:8081]}}, [response_received])
20:29:40.409 [reactor-http-nio-10] DEBUG org.springframework.web.reactive.function.client.ExchangeFunctions - [7d2101ba] Response 200 OK
20:29:40.409 [reactor-http-nio-10] DEBUG reactor.netty.channel.FluxReceive - [id: 0xc25feb92, L:/127.0.0.1:49880 - R:localhost/127.0.0.1:8081] Subscribing inbound receiver [pending: 0, cancelled:false, inboundDone: false]
20:29:40.409 [reactor-http-nio-10] DEBUG reactor.netty.http.client.HttpClientOperations - [id: 0xc25feb92, L:/127.0.0.1:49880 - R:localhost/127.0.0.1:8081] Received last HTTP packet
20:29:40.409 [reactor-http-nio-10] DEBUG org.springframework.core.codec.StringDecoder - [7d2101ba] Decoded "[{"longitude":-117.922008,"latitude":33.817595,"attractionName":"Disneyland","city":"Anaheim","stat (truncated)...
20:29:40.409 [reactor-http-nio-10] DEBUG reactor.netty.resources.PooledConnectionProvider - [id: 0xc25feb92, L:/127.0.0.1:49880 - R:localhost/127.0.0.1:8081] onStateChange(GET{uri=/getAttractions, connection=PooledConnection{channel=[id: 0xc25feb92, L:/127.0.0.1:49880 - R:localhost/127.0.0.1:8081]}}, [disconnecting])
20:29:40.409 [reactor-http-nio-10] DEBUG reactor.netty.resources.PooledConnectionProvider - [id: 0xc25feb92, L:/127.0.0.1:49880 - R:localhost/127.0.0.1:8081] Releasing channel
20:29:40.409 [reactor-http-nio-10] DEBUG reactor.netty.resources.PooledConnectionProvider - [id: 0xc25feb92, L:/127.0.0.1:49880 - R:localhost/127.0.0.1:8081] Channel cleaned, now 0 active connections and 65 inactive connections
20:29:40.410 [pool-15-thread-49] DEBUG org.springframework.web.reactive.function.client.ExchangeFunctions - [3823807a] HTTP GET http://localhost:8082/getAttractionRewardPoints?attractionId=f6f13217-23d9-4a62-bfb0-2cc9d384705d&userId=8edea616-9dad-4ae9-aeb3-106b528d10c2
20:29:40.410 [reactor-http-nio-10] DEBUG reactor.netty.resources.PooledConnectionProvider - [id: 0x71aea6bf, L:/127.0.0.1:49998 - R:localhost/127.0.0.1:8082] Channel acquired, now 65 active connections and 0 inactive connections
20:29:40.410 [reactor-http-nio-10] DEBUG reactor.netty.http.client.HttpClientConnect - [id: 0x71aea6bf, L:/127.0.0.1:49998 - R:localhost/127.0.0.1:8082] Handler is being applied: {uri=http://localhost:8082/getAttractionRewardPoints?attractionId=f6f13217-23d9-4a62-bfb0-2cc9d384705d&userId=8edea616-9dad-4ae9-aeb3-106b528d10c2, method=GET}
20:29:40.411 [reactor-http-nio-10] DEBUG reactor.netty.resources.PooledConnectionProvider - [id: 0x71aea6bf, L:/127.0.0.1:49998 - R:localhost/127.0.0.1:8082] onStateChange(GET{uri=/getAttractionRewardPoints?attractionId=f6f13217-23d9-4a62-bfb0-2cc9d384705d&userId=8edea616-9dad-4ae9-aeb3-106b528d10c2, connection=PooledConnection{channel=[id: 0x71aea6bf, L:/127.0.0.1:49998 - R:localhost/127.0.0.1:8082]}}, [request_sent])
20:29:40.421 [reactor-http-nio-12] DEBUG reactor.netty.http.client.HttpClientOperations - [id: 0xddec26e6, L:/127.0.0.1:49993 - R:localhost/127.0.0.1:8082] Received response (auto-read:false) : [Content-Type=application/json, Transfer-Encoding=chunked, Date=Tue, 29 Jun 2021 14:59:39 GMT]
20:29:40.421 [reactor-http-nio-12] DEBUG reactor.netty.resources.PooledConnectionProvider - [id: 0xddec26e6, L:/127.0.0.1:49993 - R:localhost/127.0.0.1:8082] onStateChange(GET{uri=/getAttractionRewardPoints?attractionId=682c0f6e-d9c8-471d-9e81-1572c306dd4f&userId=3c08da6d-829e-4d65-b006-0e99003bd88c, connection=PooledConnection{channel=[id: 0xddec26e6, L:/127.0.0.1:49993 - R:localhost/127.0.0.1:8082]}}, [response_received])
20:29:40.421 [reactor-http-nio-12] DEBUG org.springframework.web.reactive.function.client.ExchangeFunctions - [4692a47a] Response 200 OK
20:29:40.421 [reactor-http-nio-12] DEBUG reactor.netty.channel.FluxReceive - [id: 0xddec26e6, L:/127.0.0.1:49993 - R:localhost/127.0.0.1:8082] Subscribing inbound receiver [pending: 0, cancelled:false, inboundDone: false]
20:29:40.421 [reactor-http-nio-12] DEBUG reactor.netty.http.client.HttpClientOperations - [id: 0xddec26e6, L:/127.0.0.1:49993 - R:localhost/127.0.0.1:8082] Received last HTTP packet
20:29:40.421 [reactor-http-nio-12] DEBUG org.springframework.core.codec.StringDecoder - [4692a47a] Decoded "517"
20:29:40.421 [reactor-http-nio-12] DEBUG reactor.netty.resources.PooledConnectionProvider - [id: 0xddec26e6, L:/127.0.0.1:49993 - R:localhost/127.0.0.1:8082] onStateChange(GET{uri=/getAttractionRewardPoints?attractionId=682c0f6e-d9c8-471d-9e81-1572c306dd4f&userId=3c08da6d-829e-4d65-b006-0e99003bd88c, connection=PooledConnection{channel=[id: 0xddec26e6, L:/127.0.0.1:49993 - R:localhost/127.0.0.1:8082]}}, [disconnecting])
20:29:40.421 [reactor-http-nio-12] DEBUG reactor.netty.resources.PooledConnectionProvider - [id: 0xddec26e6, L:/127.0.0.1:49993 - R:localhost/127.0.0.1:8082] Releasing channel
20:29:40.422 [reactor-http-nio-12] DEBUG reactor.netty.resources.PooledConnectionProvider - [id: 0xddec26e6, L:/127.0.0.1:49993 - R:localhost/127.0.0.1:8082] Channel cleaned, now 64 active connections and 1 inactive connections
20:29:40.422 [pool-15-thread-61] DEBUG org.springframework.web.reactive.function.client.ExchangeFunctions - [42ad2870] HTTP GET http://localhost:8081/getAttractions
20:29:40.422 [reactor-http-nio-14] DEBUG reactor.netty.resources.PooledConnectionProvider - [id: 0x636930f8, L:/127.0.0.1:49895 - R:localhost/127.0.0.1:8081] Channel acquired, now 1 active connections and 64 inactive connections
20:29:40.422 [reactor-http-nio-14] DEBUG reactor.netty.http.client.HttpClientConnect - [id: 0x636930f8, L:/127.0.0.1:49895 - R:localhost/127.0.0.1:8081] Handler is being applied: {uri=http://localhost:8081/getAttractions, method=GET}
20:29:40.422 [reactor-http-nio-14] DEBUG reactor.netty.resources.PooledConnectionProvider - [id: 0x636930f8, L:/127.0.0.1:49895 - R:localhost/127.0.0.1:8081] onStateChange(GET{uri=/getAttractions, connection=PooledConnection{channel=[id: 0x636930f8, L:/127.0.0.1:49895 - R:localhost/127.0.0.1:8081]}}, [request_sent])
20:29:40.436 [reactor-http-nio-14] DEBUG reactor.netty.http.client.HttpClientOperations - [id: 0x636930f8, L:/127.0.0.1:49895 - R:localhost/127.0.0.1:8081] Received response (auto-read:false) : [Content-Type=application/json, Transfer-Encoding=chunked, Date=Tue, 29 Jun 2021 14:59:40 GMT]
20:29:40.436 [reactor-http-nio-14] DEBUG reactor.netty.resources.PooledConnectionProvider - [id: 0x636930f8, L:/127.0.0.1:49895 - R:localhost/127.0.0.1:8081] onStateChange(GET{uri=/getAttractions, connection=PooledConnection{channel=[id: 0x636930f8, L:/127.0.0.1:49895 - R:localhost/127.0.0.1:8081]}}, [response_received])
20:29:40.436 [reactor-http-nio-14] DEBUG org.springframework.web.reactive.function.client.ExchangeFunctions - [42ad2870] Response 200 OK
20:29:40.436 [reactor-http-nio-14] DEBUG reactor.netty.channel.FluxReceive - [id: 0x636930f8, L:/127.0.0.1:49895 - R:localhost/127.0.0.1:8081] Subscribing inbound receiver [pending: 0, cancelled:false, inboundDone: false]
20:29:40.436 [reactor-http-nio-14] DEBUG reactor.netty.http.client.HttpClientOperations - [id: 0x636930f8, L:/127.0.0.1:49895 - R:localhost/127.0.0.1:8081] Received last HTTP packet
20:29:40.436 [reactor-http-nio-14] DEBUG org.springframework.core.codec.StringDecoder - [42ad2870] Decoded "[{"longitude":-117.922008,"latitude":33.817595,"attractionName":"Disneyland","city":"Anaheim","stat (truncated)...
20:29:40.436 [reactor-http-nio-14] DEBUG reactor.netty.resources.PooledConnectionProvider - [id: 0x636930f8, L:/127.0.0.1:49895 - R:localhost/127.0.0.1:8081] onStateChange(GET{uri=/getAttractions, connection=PooledConnection{channel=[id: 0x636930f8, L:/127.0.0.1:49895 - R:localhost/127.0.0.1:8081]}}, [disconnecting])
20:29:40.436 [reactor-http-nio-14] DEBUG reactor.netty.resources.PooledConnectionProvider - [id: 0x636930f8, L:/127.0.0.1:49895 - R:localhost/127.0.0.1:8081] Releasing channel
20:29:40.437 [reactor-http-nio-14] DEBUG reactor.netty.resources.PooledConnectionProvider - [id: 0x636930f8, L:/127.0.0.1:49895 - R:localhost/127.0.0.1:8081] Channel cleaned, now 0 active connections and 65 inactive connections
20:29:40.437 [pool-15-thread-61] DEBUG org.springframework.web.reactive.function.client.ExchangeFunctions - [7afae41] HTTP GET http://localhost:8082/getAttractionRewardPoints?attractionId=54357dbf-4e87-459d-9681-0b6dac6543f4&userId=f0940809-23ad-42e7-881d-a58c001991bf
20:29:40.437 [reactor-http-nio-12] DEBUG reactor.netty.resources.PooledConnectionProvider - [id: 0xddec26e6, L:/127.0.0.1:49993 - R:localhost/127.0.0.1:8082] Channel acquired, now 65 active connections and 0 inactive connections
20:29:40.437 [reactor-http-nio-12] DEBUG reactor.netty.http.client.HttpClientConnect - [id: 0xddec26e6, L:/127.0.0.1:49993 - R:localhost/127.0.0.1:8082] Handler is being applied: {uri=http://localhost:8082/getAttractionRewardPoints?attractionId=54357dbf-4e87-459d-9681-0b6dac6543f4&userId=f0940809-23ad-42e7-881d-a58c001991bf, method=GET}
20:29:40.438 [reactor-http-nio-12] DEBUG reactor.netty.resources.PooledConnectionProvider - [id: 0xddec26e6, L:/127.0.0.1:49993 - R:localhost/127.0.0.1:8082] onStateChange(GET{uri=/getAttractionRewardPoints?attractionId=54357dbf-4e87-459d-9681-0b6dac6543f4&userId=f0940809-23ad-42e7-881d-a58c001991bf, connection=PooledConnection{channel=[id: 0xddec26e6, L:/127.0.0.1:49993 - R:localhost/127.0.0.1:8082]}}, [request_sent])
20:29:40.450 [reactor-http-nio-16] DEBUG reactor.netty.http.client.HttpClientOperations - [id: 0xdc2607b9, L:/127.0.0.1:49991 - R:localhost/127.0.0.1:8082] Received response (auto-read:false) : [Content-Type=application/json, Transfer-Encoding=chunked, Date=Tue, 29 Jun 2021 14:59:39 GMT]
20:29:40.450 [reactor-http-nio-16] DEBUG reactor.netty.resources.PooledConnectionProvider - [id: 0xdc2607b9, L:/127.0.0.1:49991 - R:localhost/127.0.0.1:8082] onStateChange(GET{uri=/getAttractionRewardPoints?attractionId=4eec6d18-9e68-4154-8932-0bdc1511cc54&userId=85d8eae5-f361-461a-b64f-6d2b336003be, connection=PooledConnection{channel=[id: 0xdc2607b9, L:/127.0.0.1:49991 - R:localhost/127.0.0.1:8082]}}, [response_received])
20:29:40.450 [reactor-http-nio-16] DEBUG org.springframework.web.reactive.function.client.ExchangeFunctions - [3dee9675] Response 200 OK
20:29:40.450 [reactor-http-nio-16] DEBUG reactor.netty.channel.FluxReceive - [id: 0xdc2607b9, L:/127.0.0.1:49991 - R:localhost/127.0.0.1:8082] Subscribing inbound receiver [pending: 0, cancelled:false, inboundDone: false]
20:29:40.451 [reactor-http-nio-16] DEBUG reactor.netty.http.client.HttpClientOperations - [id: 0xdc2607b9, L:/127.0.0.1:49991 - R:localhost/127.0.0.1:8082] Received last HTTP packet
20:29:40.451 [reactor-http-nio-16] DEBUG org.springframework.core.codec.StringDecoder - [3dee9675] Decoded "999"
20:29:40.451 [reactor-http-nio-16] DEBUG reactor.netty.resources.PooledConnectionProvider - [id: 0xdc2607b9, L:/127.0.0.1:49991 - R:localhost/127.0.0.1:8082] onStateChange(GET{uri=/getAttractionRewardPoints?attractionId=4eec6d18-9e68-4154-8932-0bdc1511cc54&userId=85d8eae5-f361-461a-b64f-6d2b336003be, connection=PooledConnection{channel=[id: 0xdc2607b9, L:/127.0.0.1:49991 - R:localhost/127.0.0.1:8082]}}, [disconnecting])
20:29:40.451 [reactor-http-nio-16] DEBUG reactor.netty.resources.PooledConnectionProvider - [id: 0xdc2607b9, L:/127.0.0.1:49991 - R:localhost/127.0.0.1:8082] Releasing channel
20:29:40.451 [reactor-http-nio-16] DEBUG reactor.netty.resources.PooledConnectionProvider - [id: 0xdc2607b9, L:/127.0.0.1:49991 - R:localhost/127.0.0.1:8082] Channel cleaned, now 64 active connections and 1 inactive connections
20:29:40.451 [pool-15-thread-57] DEBUG org.springframework.web.reactive.function.client.ExchangeFunctions - [39d10510] HTTP GET http://localhost:8081/getAttractions
20:29:40.451 [reactor-http-nio-15] DEBUG reactor.netty.resources.PooledConnectionProvider - [id: 0x3b57da73, L:/127.0.0.1:49868 - R:localhost/127.0.0.1:8081] Channel acquired, now 1 active connections and 64 inactive connections
20:29:40.451 [reactor-http-nio-15] DEBUG reactor.netty.http.client.HttpClientConnect - [id: 0x3b57da73, L:/127.0.0.1:49868 - R:localhost/127.0.0.1:8081] Handler is being applied: {uri=http://localhost:8081/getAttractions, method=GET}
20:29:40.452 [reactor-http-nio-15] DEBUG reactor.netty.resources.PooledConnectionProvider - [id: 0x3b57da73, L:/127.0.0.1:49868 - R:localhost/127.0.0.1:8081] onStateChange(GET{uri=/getAttractions, connection=PooledConnection{channel=[id: 0x3b57da73, L:/127.0.0.1:49868 - R:localhost/127.0.0.1:8081]}}, [request_sent])
20:29:40.453 [reactor-http-nio-15] DEBUG reactor.netty.http.client.HttpClientOperations - [id: 0xd13dd737, L:/127.0.0.1:49962 - R:localhost/127.0.0.1:8082] Received response (auto-read:false) : [Content-Type=application/json, Transfer-Encoding=chunked, Date=Tue, 29 Jun 2021 14:59:39 GMT]
20:29:40.453 [reactor-http-nio-15] DEBUG reactor.netty.resources.PooledConnectionProvider - [id: 0xd13dd737, L:/127.0.0.1:49962 - R:localhost/127.0.0.1:8082] onStateChange(GET{uri=/getAttractionRewardPoints?attractionId=0172a72e-5e85-40af-8db6-910387ba56f0&userId=2ceef7a9-40f7-47fd-bbc1-a86e956c62a9, connection=PooledConnection{channel=[id: 0xd13dd737, L:/127.0.0.1:49962 - R:localhost/127.0.0.1:8082]}}, [response_received])
20:29:40.453 [reactor-http-nio-15] DEBUG org.springframework.web.reactive.function.client.ExchangeFunctions - [6690b9b1] Response 200 OK
20:29:40.453 [reactor-http-nio-15] DEBUG reactor.netty.channel.FluxReceive - [id: 0xd13dd737, L:/127.0.0.1:49962 - R:localhost/127.0.0.1:8082] Subscribing inbound receiver [pending: 0, cancelled:false, inboundDone: false]
20:29:40.454 [reactor-http-nio-15] DEBUG reactor.netty.http.client.HttpClientOperations - [id: 0xd13dd737, L:/127.0.0.1:49962 - R:localhost/127.0.0.1:8082] Received last HTTP packet
20:29:40.454 [reactor-http-nio-15] DEBUG org.springframework.core.codec.StringDecoder - [6690b9b1] Decoded "126"
20:29:40.454 [reactor-http-nio-15] DEBUG reactor.netty.resources.PooledConnectionProvider - [id: 0xd13dd737, L:/127.0.0.1:49962 - R:localhost/127.0.0.1:8082] onStateChange(GET{uri=/getAttractionRewardPoints?attractionId=0172a72e-5e85-40af-8db6-910387ba56f0&userId=2ceef7a9-40f7-47fd-bbc1-a86e956c62a9, connection=PooledConnection{channel=[id: 0xd13dd737, L:/127.0.0.1:49962 - R:localhost/127.0.0.1:8082]}}, [disconnecting])
20:29:40.454 [reactor-http-nio-15] DEBUG reactor.netty.resources.PooledConnectionProvider - [id: 0xd13dd737, L:/127.0.0.1:49962 - R:localhost/127.0.0.1:8082] Releasing channel
20:29:40.454 [reactor-http-nio-15] DEBUG reactor.netty.resources.PooledConnectionProvider - [id: 0xd13dd737, L:/127.0.0.1:49962 - R:localhost/127.0.0.1:8082] Channel cleaned, now 63 active connections and 2 inactive connections
20:29:40.454 [pool-15-thread-9] DEBUG org.springframework.web.reactive.function.client.ExchangeFunctions - [62af21bb] HTTP GET http://localhost:8081/getAttractions
20:29:40.455 [reactor-http-nio-12] DEBUG reactor.netty.resources.PooledConnectionProvider - [id: 0xc976ea3e, L:/127.0.0.1:49874 - R:localhost/127.0.0.1:8081] Channel acquired, now 2 active connections and 63 inactive connections
20:29:40.455 [reactor-http-nio-12] DEBUG reactor.netty.http.client.HttpClientConnect - [id: 0xc976ea3e, L:/127.0.0.1:49874 - R:localhost/127.0.0.1:8081] Handler is being applied: {uri=http://localhost:8081/getAttractions, method=GET}
20:29:40.455 [reactor-http-nio-12] DEBUG reactor.netty.resources.PooledConnectionProvider - [id: 0xc976ea3e, L:/127.0.0.1:49874 - R:localhost/127.0.0.1:8081] onStateChange(GET{uri=/getAttractions, connection=PooledConnection{channel=[id: 0xc976ea3e, L:/127.0.0.1:49874 - R:localhost/127.0.0.1:8081]}}, [request_sent])
20:29:40.460 [reactor-http-nio-11] DEBUG reactor.netty.http.client.HttpClientOperations - [id: 0x49d0e115, L:/127.0.0.1:49984 - R:localhost/127.0.0.1:8082] Received response (auto-read:false) : [Content-Type=application/json, Transfer-Encoding=chunked, Date=Tue, 29 Jun 2021 14:59:39 GMT]
20:29:40.460 [reactor-http-nio-11] DEBUG reactor.netty.resources.PooledConnectionProvider - [id: 0x49d0e115, L:/127.0.0.1:49984 - R:localhost/127.0.0.1:8082] onStateChange(GET{uri=/getAttractionRewardPoints?attractionId=33f1da04-052c-4794-b63e-869a72aef97a&userId=f56205c9-63cc-4daf-9e39-dbac2640e759, connection=PooledConnection{channel=[id: 0x49d0e115, L:/127.0.0.1:49984 - R:localhost/127.0.0.1:8082]}}, [response_received])
20:29:40.460 [reactor-http-nio-11] DEBUG org.springframework.web.reactive.function.client.ExchangeFunctions - [69667ed4] Response 200 OK
20:29:40.461 [reactor-http-nio-11] DEBUG reactor.netty.channel.FluxReceive - [id: 0x49d0e115, L:/127.0.0.1:49984 - R:localhost/127.0.0.1:8082] Subscribing inbound receiver [pending: 0, cancelled:false, inboundDone: false]
20:29:40.461 [reactor-http-nio-11] DEBUG reactor.netty.http.client.HttpClientOperations - [id: 0x49d0e115, L:/127.0.0.1:49984 - R:localhost/127.0.0.1:8082] Received last HTTP packet
20:29:40.461 [reactor-http-nio-11] DEBUG org.springframework.core.codec.StringDecoder - [69667ed4] Decoded "618"
20:29:40.461 [reactor-http-nio-11] DEBUG reactor.netty.resources.PooledConnectionProvider - [id: 0x49d0e115, L:/127.0.0.1:49984 - R:localhost/127.0.0.1:8082] onStateChange(GET{uri=/getAttractionRewardPoints?attractionId=33f1da04-052c-4794-b63e-869a72aef97a&userId=f56205c9-63cc-4daf-9e39-dbac2640e759, connection=PooledConnection{channel=[id: 0x49d0e115, L:/127.0.0.1:49984 - R:localhost/127.0.0.1:8082]}}, [disconnecting])
20:29:40.461 [reactor-http-nio-11] DEBUG reactor.netty.resources.PooledConnectionProvider - [id: 0x49d0e115, L:/127.0.0.1:49984 - R:localhost/127.0.0.1:8082] Releasing channel
20:29:40.461 [reactor-http-nio-11] DEBUG reactor.netty.resources.PooledConnectionProvider - [id: 0x49d0e115, L:/127.0.0.1:49984 - R:localhost/127.0.0.1:8082] Channel cleaned, now 62 active connections and 3 inactive connections
20:29:40.461 [pool-15-thread-42] DEBUG org.springframework.web.reactive.function.client.ExchangeFunctions - [6d59e720] HTTP GET http://localhost:8081/getAttractions
20:29:40.462 [reactor-http-nio-10] DEBUG reactor.netty.resources.PooledConnectionProvider - [id: 0xb1e8f457, L:/127.0.0.1:49935 - R:localhost/127.0.0.1:8081] Channel acquired, now 3 active connections and 62 inactive connections
20:29:40.462 [reactor-http-nio-10] DEBUG reactor.netty.http.client.HttpClientConnect - [id: 0xb1e8f457, L:/127.0.0.1:49935 - R:localhost/127.0.0.1:8081] Handler is being applied: {uri=http://localhost:8081/getAttractions, method=GET}
20:29:40.462 [reactor-http-nio-10] DEBUG reactor.netty.resources.PooledConnectionProvider - [id: 0xb1e8f457, L:/127.0.0.1:49935 - R:localhost/127.0.0.1:8081] onStateChange(GET{uri=/getAttractions, connection=PooledConnection{channel=[id: 0xb1e8f457, L:/127.0.0.1:49935 - R:localhost/127.0.0.1:8081]}}, [request_sent])
20:29:40.465 [reactor-http-nio-15] DEBUG reactor.netty.http.client.HttpClientOperations - [id: 0x3b57da73, L:/127.0.0.1:49868 - R:localhost/127.0.0.1:8081] Received response (auto-read:false) : [Content-Type=application/json, Transfer-Encoding=chunked, Date=Tue, 29 Jun 2021 14:59:40 GMT]
20:29:40.465 [reactor-http-nio-15] DEBUG reactor.netty.resources.PooledConnectionProvider - [id: 0x3b57da73, L:/127.0.0.1:49868 - R:localhost/127.0.0.1:8081] onStateChange(GET{uri=/getAttractions, connection=PooledConnection{channel=[id: 0x3b57da73, L:/127.0.0.1:49868 - R:localhost/127.0.0.1:8081]}}, [response_received])
20:29:40.466 [reactor-http-nio-15] DEBUG org.springframework.web.reactive.function.client.ExchangeFunctions - [39d10510] Response 200 OK
20:29:40.466 [reactor-http-nio-10] DEBUG reactor.netty.http.client.HttpClientOperations - [id: 0x59d6c8da, L:/127.0.0.1:49977 - R:localhost/127.0.0.1:8082] Received response (auto-read:false) : [Content-Type=application/json, Transfer-Encoding=chunked, Date=Tue, 29 Jun 2021 14:59:39 GMT]
20:29:40.466 [reactor-http-nio-10] DEBUG reactor.netty.resources.PooledConnectionProvider - [id: 0x59d6c8da, L:/127.0.0.1:49977 - R:localhost/127.0.0.1:8082] onStateChange(GET{uri=/getAttractionRewardPoints?attractionId=38cd0f05-c4a8-4fdf-89f7-9fb86d288f12&userId=2e131be5-aa30-4485-9e21-e3d280b54d1a, connection=PooledConnection{channel=[id: 0x59d6c8da, L:/127.0.0.1:49977 - R:localhost/127.0.0.1:8082]}}, [response_received])
20:29:40.466 [reactor-http-nio-15] DEBUG reactor.netty.channel.FluxReceive - [id: 0x3b57da73, L:/127.0.0.1:49868 - R:localhost/127.0.0.1:8081] Subscribing inbound receiver [pending: 0, cancelled:false, inboundDone: false]
20:29:40.466 [reactor-http-nio-10] DEBUG org.springframework.web.reactive.function.client.ExchangeFunctions - [6a611d62] Response 200 OK
20:29:40.466 [reactor-http-nio-15] DEBUG reactor.netty.http.client.HttpClientOperations - [id: 0x3b57da73, L:/127.0.0.1:49868 - R:localhost/127.0.0.1:8081] Received last HTTP packet
20:29:40.466 [reactor-http-nio-10] DEBUG reactor.netty.channel.FluxReceive - [id: 0x59d6c8da, L:/127.0.0.1:49977 - R:localhost/127.0.0.1:8082] Subscribing inbound receiver [pending: 0, cancelled:false, inboundDone: false]
20:29:40.466 [reactor-http-nio-12] DEBUG reactor.netty.http.client.HttpClientOperations - [id: 0xc976ea3e, L:/127.0.0.1:49874 - R:localhost/127.0.0.1:8081] Received response (auto-read:false) : [Content-Type=application/json, Transfer-Encoding=chunked, Date=Tue, 29 Jun 2021 14:59:40 GMT]
20:29:40.466 [reactor-http-nio-12] DEBUG reactor.netty.resources.PooledConnectionProvider - [id: 0xc976ea3e, L:/127.0.0.1:49874 - R:localhost/127.0.0.1:8081] onStateChange(GET{uri=/getAttractions, connection=PooledConnection{channel=[id: 0xc976ea3e, L:/127.0.0.1:49874 - R:localhost/127.0.0.1:8081]}}, [response_received])
20:29:40.466 [reactor-http-nio-15] DEBUG org.springframework.core.codec.StringDecoder - [39d10510] Decoded "[{"longitude":-117.922008,"latitude":33.817595,"attractionName":"Disneyland","city":"Anaheim","stat (truncated)...
20:29:40.466 [reactor-http-nio-12] DEBUG org.springframework.web.reactive.function.client.ExchangeFunctions - [62af21bb] Response 200 OK
20:29:40.466 [reactor-http-nio-15] DEBUG reactor.netty.resources.PooledConnectionProvider - [id: 0x3b57da73, L:/127.0.0.1:49868 - R:localhost/127.0.0.1:8081] onStateChange(GET{uri=/getAttractions, connection=PooledConnection{channel=[id: 0x3b57da73, L:/127.0.0.1:49868 - R:localhost/127.0.0.1:8081]}}, [disconnecting])
20:29:40.466 [reactor-http-nio-15] DEBUG reactor.netty.resources.PooledConnectionProvider - [id: 0x3b57da73, L:/127.0.0.1:49868 - R:localhost/127.0.0.1:8081] Releasing channel
20:29:40.466 [reactor-http-nio-10] DEBUG reactor.netty.http.client.HttpClientOperations - [id: 0x59d6c8da, L:/127.0.0.1:49977 - R:localhost/127.0.0.1:8082] Received last HTTP packet
20:29:40.466 [reactor-http-nio-15] DEBUG reactor.netty.resources.PooledConnectionProvider - [id: 0x3b57da73, L:/127.0.0.1:49868 - R:localhost/127.0.0.1:8081] Channel cleaned, now 2 active connections and 63 inactive connections
20:29:40.466 [reactor-http-nio-10] DEBUG org.springframework.core.codec.StringDecoder - [6a611d62] Decoded "982"
20:29:40.466 [reactor-http-nio-12] DEBUG reactor.netty.channel.FluxReceive - [id: 0xc976ea3e, L:/127.0.0.1:49874 - R:localhost/127.0.0.1:8081] Subscribing inbound receiver [pending: 0, cancelled:false, inboundDone: false]
20:29:40.466 [reactor-http-nio-10] DEBUG reactor.netty.resources.PooledConnectionProvider - [id: 0x59d6c8da, L:/127.0.0.1:49977 - R:localhost/127.0.0.1:8082] onStateChange(GET{uri=/getAttractionRewardPoints?attractionId=38cd0f05-c4a8-4fdf-89f7-9fb86d288f12&userId=2e131be5-aa30-4485-9e21-e3d280b54d1a, connection=PooledConnection{channel=[id: 0x59d6c8da, L:/127.0.0.1:49977 - R:localhost/127.0.0.1:8082]}}, [disconnecting])
20:29:40.467 [reactor-http-nio-10] DEBUG reactor.netty.resources.PooledConnectionProvider - [id: 0x59d6c8da, L:/127.0.0.1:49977 - R:localhost/127.0.0.1:8082] Releasing channel
20:29:40.467 [reactor-http-nio-10] DEBUG reactor.netty.resources.PooledConnectionProvider - [id: 0x59d6c8da, L:/127.0.0.1:49977 - R:localhost/127.0.0.1:8082] Channel cleaned, now 61 active connections and 4 inactive connections
20:29:40.467 [reactor-http-nio-12] DEBUG reactor.netty.http.client.HttpClientOperations - [id: 0xc976ea3e, L:/127.0.0.1:49874 - R:localhost/127.0.0.1:8081] Received last HTTP packet
20:29:40.467 [reactor-http-nio-12] DEBUG org.springframework.core.codec.StringDecoder - [62af21bb] Decoded "[{"longitude":-117.922008,"latitude":33.817595,"attractionName":"Disneyland","city":"Anaheim","stat (truncated)...
20:29:40.467 [reactor-http-nio-12] DEBUG reactor.netty.resources.PooledConnectionProvider - [id: 0xc976ea3e, L:/127.0.0.1:49874 - R:localhost/127.0.0.1:8081] onStateChange(GET{uri=/getAttractions, connection=PooledConnection{channel=[id: 0xc976ea3e, L:/127.0.0.1:49874 - R:localhost/127.0.0.1:8081]}}, [disconnecting])
20:29:40.467 [reactor-http-nio-12] DEBUG reactor.netty.resources.PooledConnectionProvider - [id: 0xc976ea3e, L:/127.0.0.1:49874 - R:localhost/127.0.0.1:8081] Releasing channel
20:29:40.467 [pool-15-thread-44] DEBUG org.springframework.web.reactive.function.client.ExchangeFunctions - [6e5e94f6] HTTP GET http://localhost:8081/getAttractions
20:29:40.467 [reactor-http-nio-12] DEBUG reactor.netty.resources.PooledConnectionProvider - [id: 0xc976ea3e, L:/127.0.0.1:49874 - R:localhost/127.0.0.1:8081] Channel cleaned, now 1 active connections and 64 inactive connections
20:29:40.467 [reactor-http-nio-11] DEBUG reactor.netty.resources.PooledConnectionProvider - [id: 0x444af37b, L:/127.0.0.1:49923 - R:localhost/127.0.0.1:8081] Channel acquired, now 2 active connections and 63 inactive connections
20:29:40.467 [pool-15-thread-57] DEBUG org.springframework.web.reactive.function.client.ExchangeFunctions - [7cd39c4e] HTTP GET http://localhost:8082/getAttractionRewardPoints?attractionId=a8708455-02ad-4720-a7a3-852220a18b43&userId=2b526e4d-8177-4cd5-bd6f-0ff509cac664
20:29:40.467 [reactor-http-nio-11] DEBUG reactor.netty.http.client.HttpClientConnect - [id: 0x444af37b, L:/127.0.0.1:49923 - R:localhost/127.0.0.1:8081] Handler is being applied: {uri=http://localhost:8081/getAttractions, method=GET}
20:29:40.468 [reactor-http-nio-16] DEBUG reactor.netty.resources.PooledConnectionProvider - [id: 0xdc2607b9, L:/127.0.0.1:49991 - R:localhost/127.0.0.1:8082] Channel acquired, now 62 active connections and 3 inactive connections
20:29:40.468 [reactor-http-nio-16] DEBUG reactor.netty.http.client.HttpClientConnect - [id: 0xdc2607b9, L:/127.0.0.1:49991 - R:localhost/127.0.0.1:8082] Handler is being applied: {uri=http://localhost:8082/getAttractionRewardPoints?attractionId=a8708455-02ad-4720-a7a3-852220a18b43&userId=2b526e4d-8177-4cd5-bd6f-0ff509cac664, method=GET}
20:29:40.468 [reactor-http-nio-11] DEBUG reactor.netty.resources.PooledConnectionProvider - [id: 0x444af37b, L:/127.0.0.1:49923 - R:localhost/127.0.0.1:8081] onStateChange(GET{uri=/getAttractions, connection=PooledConnection{channel=[id: 0x444af37b, L:/127.0.0.1:49923 - R:localhost/127.0.0.1:8081]}}, [request_sent])
20:29:40.468 [pool-15-thread-9] DEBUG org.springframework.web.reactive.function.client.ExchangeFunctions - [27adb38a] HTTP GET http://localhost:8082/getAttractionRewardPoints?attractionId=33828a8d-50d2-46e8-9e47-3f03a4f50657&userId=6be5c869-8684-4460-b7aa-86e47506728f
20:29:40.468 [reactor-http-nio-16] DEBUG reactor.netty.resources.PooledConnectionProvider - [id: 0xdc2607b9, L:/127.0.0.1:49991 - R:localhost/127.0.0.1:8082] onStateChange(GET{uri=/getAttractionRewardPoints?attractionId=a8708455-02ad-4720-a7a3-852220a18b43&userId=2b526e4d-8177-4cd5-bd6f-0ff509cac664, connection=PooledConnection{channel=[id: 0xdc2607b9, L:/127.0.0.1:49991 - R:localhost/127.0.0.1:8082]}}, [request_sent])
20:29:40.468 [reactor-http-nio-15] DEBUG reactor.netty.resources.PooledConnectionProvider - [id: 0xd13dd737, L:/127.0.0.1:49962 - R:localhost/127.0.0.1:8082] Channel acquired, now 63 active connections and 2 inactive connections
20:29:40.468 [reactor-http-nio-15] DEBUG reactor.netty.http.client.HttpClientConnect - [id: 0xd13dd737, L:/127.0.0.1:49962 - R:localhost/127.0.0.1:8082] Handler is being applied: {uri=http://localhost:8082/getAttractionRewardPoints?attractionId=33828a8d-50d2-46e8-9e47-3f03a4f50657&userId=6be5c869-8684-4460-b7aa-86e47506728f, method=GET}
20:29:40.469 [reactor-http-nio-15] DEBUG reactor.netty.resources.PooledConnectionProvider - [id: 0xd13dd737, L:/127.0.0.1:49962 - R:localhost/127.0.0.1:8082] onStateChange(GET{uri=/getAttractionRewardPoints?attractionId=33828a8d-50d2-46e8-9e47-3f03a4f50657&userId=6be5c869-8684-4460-b7aa-86e47506728f, connection=PooledConnection{channel=[id: 0xd13dd737, L:/127.0.0.1:49962 - R:localhost/127.0.0.1:8082]}}, [request_sent])
20:29:40.470 [reactor-http-nio-14] DEBUG reactor.netty.http.client.HttpClientOperations - [id: 0x5e075b23, L:/127.0.0.1:49947 - R:localhost/127.0.0.1:8082] Received response (auto-read:false) : [Content-Type=application/json, Transfer-Encoding=chunked, Date=Tue, 29 Jun 2021 14:59:39 GMT]
20:29:40.470 [reactor-http-nio-14] DEBUG reactor.netty.resources.PooledConnectionProvider - [id: 0x5e075b23, L:/127.0.0.1:49947 - R:localhost/127.0.0.1:8082] onStateChange(GET{uri=/getAttractionRewardPoints?attractionId=6f95ac1f-fa71-4f46-9a3d-e9b4f8d574bc&userId=7d1033ba-128d-4e09-bb3d-58647812bcd2, connection=PooledConnection{channel=[id: 0x5e075b23, L:/127.0.0.1:49947 - R:localhost/127.0.0.1:8082]}}, [response_received])
20:29:40.470 [reactor-http-nio-14] DEBUG org.springframework.web.reactive.function.client.ExchangeFunctions - [6520ea8a] Response 200 OK
20:29:40.470 [reactor-http-nio-14] DEBUG reactor.netty.channel.FluxReceive - [id: 0x5e075b23, L:/127.0.0.1:49947 - R:localhost/127.0.0.1:8082] Subscribing inbound receiver [pending: 0, cancelled:false, inboundDone: false]
20:29:40.471 [reactor-http-nio-14] DEBUG reactor.netty.http.client.HttpClientOperations - [id: 0x5e075b23, L:/127.0.0.1:49947 - R:localhost/127.0.0.1:8082] Received last HTTP packet
20:29:40.471 [reactor-http-nio-14] DEBUG org.springframework.core.codec.StringDecoder - [6520ea8a] Decoded "19"
20:29:40.471 [reactor-http-nio-14] DEBUG reactor.netty.resources.PooledConnectionProvider - [id: 0x5e075b23, L:/127.0.0.1:49947 - R:localhost/127.0.0.1:8082] onStateChange(GET{uri=/getAttractionRewardPoints?attractionId=6f95ac1f-fa71-4f46-9a3d-e9b4f8d574bc&userId=7d1033ba-128d-4e09-bb3d-58647812bcd2, connection=PooledConnection{channel=[id: 0x5e075b23, L:/127.0.0.1:49947 - R:localhost/127.0.0.1:8082]}}, [disconnecting])
20:29:40.471 [reactor-http-nio-14] DEBUG reactor.netty.resources.PooledConnectionProvider - [id: 0x5e075b23, L:/127.0.0.1:49947 - R:localhost/127.0.0.1:8082] Releasing channel
20:29:40.471 [reactor-http-nio-14] DEBUG reactor.netty.resources.PooledConnectionProvider - [id: 0x5e075b23, L:/127.0.0.1:49947 - R:localhost/127.0.0.1:8082] Channel cleaned, now 62 active connections and 3 inactive connections
20:29:40.471 [reactor-http-nio-11] DEBUG reactor.netty.http.client.HttpClientOperations - [id: 0xf6923df7, L:/127.0.0.1:49940 - R:localhost/127.0.0.1:8082] Received response (auto-read:false) : [Content-Type=application/json, Transfer-Encoding=chunked, Date=Tue, 29 Jun 2021 14:59:39 GMT]
20:29:40.471 [reactor-http-nio-11] DEBUG reactor.netty.resources.PooledConnectionProvider - [id: 0xf6923df7, L:/127.0.0.1:49940 - R:localhost/127.0.0.1:8082] onStateChange(GET{uri=/getAttractionRewardPoints?attractionId=6096c044-d2cd-4181-b7c3-38a60f12889d&userId=6d88f4f0-cfee-463c-9418-c2cc5b2d995a, connection=PooledConnection{channel=[id: 0xf6923df7, L:/127.0.0.1:49940 - R:localhost/127.0.0.1:8082]}}, [response_received])
20:29:40.471 [reactor-http-nio-11] DEBUG org.springframework.web.reactive.function.client.ExchangeFunctions - [50fbf375] Response 200 OK
20:29:40.471 [pool-15-thread-17] DEBUG org.springframework.web.reactive.function.client.ExchangeFunctions - [611f62f6] HTTP GET http://localhost:8081/getAttractions
20:29:40.472 [reactor-http-nio-11] DEBUG reactor.netty.channel.FluxReceive - [id: 0xf6923df7, L:/127.0.0.1:49940 - R:localhost/127.0.0.1:8082] Subscribing inbound receiver [pending: 0, cancelled:false, inboundDone: false]
20:29:40.472 [reactor-http-nio-16] DEBUG reactor.netty.resources.PooledConnectionProvider - [id: 0x1eb86fc9, L:/127.0.0.1:49891 - R:localhost/127.0.0.1:8081] Channel acquired, now 3 active connections and 62 inactive connections
20:29:40.472 [reactor-http-nio-11] DEBUG reactor.netty.http.client.HttpClientOperations - [id: 0xf6923df7, L:/127.0.0.1:49940 - R:localhost/127.0.0.1:8082] Received last HTTP packet
20:29:40.472 [reactor-http-nio-16] DEBUG reactor.netty.http.client.HttpClientConnect - [id: 0x1eb86fc9, L:/127.0.0.1:49891 - R:localhost/127.0.0.1:8081] Handler is being applied: {uri=http://localhost:8081/getAttractions, method=GET}
20:29:40.472 [reactor-http-nio-11] DEBUG org.springframework.core.codec.StringDecoder - [50fbf375] Decoded "282"
20:29:40.472 [reactor-http-nio-11] DEBUG reactor.netty.resources.PooledConnectionProvider - [id: 0xf6923df7, L:/127.0.0.1:49940 - R:localhost/127.0.0.1:8082] onStateChange(GET{uri=/getAttractionRewardPoints?attractionId=6096c044-d2cd-4181-b7c3-38a60f12889d&userId=6d88f4f0-cfee-463c-9418-c2cc5b2d995a, connection=PooledConnection{channel=[id: 0xf6923df7, L:/127.0.0.1:49940 - R:localhost/127.0.0.1:8082]}}, [disconnecting])
20:29:40.472 [reactor-http-nio-11] DEBUG reactor.netty.resources.PooledConnectionProvider - [id: 0xf6923df7, L:/127.0.0.1:49940 - R:localhost/127.0.0.1:8082] Releasing channel
20:29:40.472 [reactor-http-nio-11] DEBUG reactor.netty.resources.PooledConnectionProvider - [id: 0xf6923df7, L:/127.0.0.1:49940 - R:localhost/127.0.0.1:8082] Channel cleaned, now 61 active connections and 4 inactive connections
20:29:40.472 [reactor-http-nio-16] DEBUG reactor.netty.resources.PooledConnectionProvider - [id: 0x1eb86fc9, L:/127.0.0.1:49891 - R:localhost/127.0.0.1:8081] onStateChange(GET{uri=/getAttractions, connection=PooledConnection{channel=[id: 0x1eb86fc9, L:/127.0.0.1:49891 - R:localhost/127.0.0.1:8081]}}, [request_sent])
20:29:40.472 [pool-15-thread-3] DEBUG org.springframework.web.reactive.function.client.ExchangeFunctions - [54c47db2] HTTP GET http://localhost:8081/getAttractions
20:29:40.473 [reactor-http-nio-14] DEBUG reactor.netty.resources.PooledConnectionProvider - [id: 0xa39718a1, L:/127.0.0.1:49900 - R:localhost/127.0.0.1:8081] Channel acquired, now 4 active connections and 61 inactive connections
20:29:40.473 [reactor-http-nio-14] DEBUG reactor.netty.http.client.HttpClientConnect - [id: 0xa39718a1, L:/127.0.0.1:49900 - R:localhost/127.0.0.1:8081] Handler is being applied: {uri=http://localhost:8081/getAttractions, method=GET}
20:29:40.473 [reactor-http-nio-10] DEBUG reactor.netty.http.client.HttpClientOperations - [id: 0xb1e8f457, L:/127.0.0.1:49935 - R:localhost/127.0.0.1:8081] Received response (auto-read:false) : [Content-Type=application/json, Transfer-Encoding=chunked, Date=Tue, 29 Jun 2021 14:59:40 GMT]
20:29:40.473 [reactor-http-nio-10] DEBUG reactor.netty.resources.PooledConnectionProvider - [id: 0xb1e8f457, L:/127.0.0.1:49935 - R:localhost/127.0.0.1:8081] onStateChange(GET{uri=/getAttractions, connection=PooledConnection{channel=[id: 0xb1e8f457, L:/127.0.0.1:49935 - R:localhost/127.0.0.1:8081]}}, [response_received])
20:29:40.473 [reactor-http-nio-10] DEBUG org.springframework.web.reactive.function.client.ExchangeFunctions - [6d59e720] Response 200 OK
20:29:40.473 [reactor-http-nio-14] DEBUG reactor.netty.resources.PooledConnectionProvider - [id: 0xa39718a1, L:/127.0.0.1:49900 - R:localhost/127.0.0.1:8081] onStateChange(GET{uri=/getAttractions, connection=PooledConnection{channel=[id: 0xa39718a1, L:/127.0.0.1:49900 - R:localhost/127.0.0.1:8081]}}, [request_sent])
20:29:40.473 [reactor-http-nio-10] DEBUG reactor.netty.channel.FluxReceive - [id: 0xb1e8f457, L:/127.0.0.1:49935 - R:localhost/127.0.0.1:8081] Subscribing inbound receiver [pending: 0, cancelled:false, inboundDone: false]
20:29:40.474 [reactor-http-nio-10] DEBUG reactor.netty.http.client.HttpClientOperations - [id: 0xb1e8f457, L:/127.0.0.1:49935 - R:localhost/127.0.0.1:8081] Received last HTTP packet
20:29:40.474 [reactor-http-nio-10] DEBUG org.springframework.core.codec.StringDecoder - [6d59e720] Decoded "[{"longitude":-117.922008,"latitude":33.817595,"attractionName":"Disneyland","city":"Anaheim","stat (truncated)...
20:29:40.474 [reactor-http-nio-10] DEBUG reactor.netty.resources.PooledConnectionProvider - [id: 0xb1e8f457, L:/127.0.0.1:49935 - R:localhost/127.0.0.1:8081] onStateChange(GET{uri=/getAttractions, connection=PooledConnection{channel=[id: 0xb1e8f457, L:/127.0.0.1:49935 - R:localhost/127.0.0.1:8081]}}, [disconnecting])
20:29:40.474 [reactor-http-nio-10] DEBUG reactor.netty.resources.PooledConnectionProvider - [id: 0xb1e8f457, L:/127.0.0.1:49935 - R:localhost/127.0.0.1:8081] Releasing channel
20:29:40.474 [reactor-http-nio-10] DEBUG reactor.netty.resources.PooledConnectionProvider - [id: 0xb1e8f457, L:/127.0.0.1:49935 - R:localhost/127.0.0.1:8081] Channel cleaned, now 3 active connections and 62 inactive connections
20:29:40.475 [pool-15-thread-42] DEBUG org.springframework.web.reactive.function.client.ExchangeFunctions - [285b74ef] HTTP GET http://localhost:8082/getAttractionRewardPoints?attractionId=bdc44b7a-f200-4f38-8a94-79ef9a946dea&userId=b0d32209-67d8-4c40-8aef-65b0488b6711
20:29:40.475 [reactor-http-nio-11] DEBUG reactor.netty.resources.PooledConnectionProvider - [id: 0x49d0e115, L:/127.0.0.1:49984 - R:localhost/127.0.0.1:8082] Channel acquired, now 62 active connections and 3 inactive connections
20:29:40.475 [reactor-http-nio-11] DEBUG reactor.netty.http.client.HttpClientConnect - [id: 0x49d0e115, L:/127.0.0.1:49984 - R:localhost/127.0.0.1:8082] Handler is being applied: {uri=http://localhost:8082/getAttractionRewardPoints?attractionId=bdc44b7a-f200-4f38-8a94-79ef9a946dea&userId=b0d32209-67d8-4c40-8aef-65b0488b6711, method=GET}
20:29:40.475 [reactor-http-nio-11] DEBUG reactor.netty.resources.PooledConnectionProvider - [id: 0x49d0e115, L:/127.0.0.1:49984 - R:localhost/127.0.0.1:8082] onStateChange(GET{uri=/getAttractionRewardPoints?attractionId=bdc44b7a-f200-4f38-8a94-79ef9a946dea&userId=b0d32209-67d8-4c40-8aef-65b0488b6711, connection=PooledConnection{channel=[id: 0x49d0e115, L:/127.0.0.1:49984 - R:localhost/127.0.0.1:8082]}}, [request_sent])
20:29:40.482 [reactor-http-nio-11] DEBUG reactor.netty.http.client.HttpClientOperations - [id: 0x444af37b, L:/127.0.0.1:49923 - R:localhost/127.0.0.1:8081] Received response (auto-read:false) : [Content-Type=application/json, Transfer-Encoding=chunked, Date=Tue, 29 Jun 2021 14:59:40 GMT]
20:29:40.482 [reactor-http-nio-11] DEBUG reactor.netty.resources.PooledConnectionProvider - [id: 0x444af37b, L:/127.0.0.1:49923 - R:localhost/127.0.0.1:8081] onStateChange(GET{uri=/getAttractions, connection=PooledConnection{channel=[id: 0x444af37b, L:/127.0.0.1:49923 - R:localhost/127.0.0.1:8081]}}, [response_received])
20:29:40.482 [reactor-http-nio-11] DEBUG org.springframework.web.reactive.function.client.ExchangeFunctions - [6e5e94f6] Response 200 OK
20:29:40.482 [reactor-http-nio-11] DEBUG reactor.netty.channel.FluxReceive - [id: 0x444af37b, L:/127.0.0.1:49923 - R:localhost/127.0.0.1:8081] Subscribing inbound receiver [pending: 0, cancelled:false, inboundDone: false]
20:29:40.482 [reactor-http-nio-11] DEBUG reactor.netty.http.client.HttpClientOperations - [id: 0x444af37b, L:/127.0.0.1:49923 - R:localhost/127.0.0.1:8081] Received last HTTP packet
20:29:40.483 [reactor-http-nio-11] DEBUG org.springframework.core.codec.StringDecoder - [6e5e94f6] Decoded "[{"longitude":-117.922008,"latitude":33.817595,"attractionName":"Disneyland","city":"Anaheim","stat (truncated)...
20:29:40.483 [reactor-http-nio-11] DEBUG reactor.netty.resources.PooledConnectionProvider - [id: 0x444af37b, L:/127.0.0.1:49923 - R:localhost/127.0.0.1:8081] onStateChange(GET{uri=/getAttractions, connection=PooledConnection{channel=[id: 0x444af37b, L:/127.0.0.1:49923 - R:localhost/127.0.0.1:8081]}}, [disconnecting])
20:29:40.483 [reactor-http-nio-11] DEBUG reactor.netty.resources.PooledConnectionProvider - [id: 0x444af37b, L:/127.0.0.1:49923 - R:localhost/127.0.0.1:8081] Releasing channel
20:29:40.483 [reactor-http-nio-11] DEBUG reactor.netty.resources.PooledConnectionProvider - [id: 0x444af37b, L:/127.0.0.1:49923 - R:localhost/127.0.0.1:8081] Channel cleaned, now 2 active connections and 63 inactive connections
20:29:40.483 [reactor-http-nio-16] DEBUG reactor.netty.http.client.HttpClientOperations - [id: 0x1eb86fc9, L:/127.0.0.1:49891 - R:localhost/127.0.0.1:8081] Received response (auto-read:false) : [Content-Type=application/json, Transfer-Encoding=chunked, Date=Tue, 29 Jun 2021 14:59:40 GMT]
20:29:40.483 [reactor-http-nio-16] DEBUG reactor.netty.resources.PooledConnectionProvider - [id: 0x1eb86fc9, L:/127.0.0.1:49891 - R:localhost/127.0.0.1:8081] onStateChange(GET{uri=/getAttractions, connection=PooledConnection{channel=[id: 0x1eb86fc9, L:/127.0.0.1:49891 - R:localhost/127.0.0.1:8081]}}, [response_received])
20:29:40.484 [reactor-http-nio-16] DEBUG org.springframework.web.reactive.function.client.ExchangeFunctions - [611f62f6] Response 200 OK
20:29:40.484 [pool-15-thread-44] DEBUG org.springframework.web.reactive.function.client.ExchangeFunctions - [2b5c1759] HTTP GET http://localhost:8082/getAttractionRewardPoints?attractionId=d05c35a2-753d-4252-a33e-85b9a3bf09be&userId=52b16691-330e-40e2-94dc-99de39c5309c
20:29:40.484 [reactor-http-nio-10] DEBUG reactor.netty.resources.PooledConnectionProvider - [id: 0x59d6c8da, L:/127.0.0.1:49977 - R:localhost/127.0.0.1:8082] Channel acquired, now 63 active connections and 2 inactive connections
20:29:40.484 [reactor-http-nio-16] DEBUG reactor.netty.channel.FluxReceive - [id: 0x1eb86fc9, L:/127.0.0.1:49891 - R:localhost/127.0.0.1:8081] Subscribing inbound receiver [pending: 0, cancelled:false, inboundDone: false]
20:29:40.484 [reactor-http-nio-10] DEBUG reactor.netty.http.client.HttpClientConnect - [id: 0x59d6c8da, L:/127.0.0.1:49977 - R:localhost/127.0.0.1:8082] Handler is being applied: {uri=http://localhost:8082/getAttractionRewardPoints?attractionId=d05c35a2-753d-4252-a33e-85b9a3bf09be&userId=52b16691-330e-40e2-94dc-99de39c5309c, method=GET}
20:29:40.484 [reactor-http-nio-16] DEBUG reactor.netty.http.client.HttpClientOperations - [id: 0x1eb86fc9, L:/127.0.0.1:49891 - R:localhost/127.0.0.1:8081] Received last HTTP packet
20:29:40.484 [reactor-http-nio-16] DEBUG org.springframework.core.codec.StringDecoder - [611f62f6] Decoded "[{"longitude":-117.922008,"latitude":33.817595,"attractionName":"Disneyland","city":"Anaheim","stat (truncated)...
20:29:40.484 [reactor-http-nio-16] DEBUG reactor.netty.resources.PooledConnectionProvider - [id: 0x1eb86fc9, L:/127.0.0.1:49891 - R:localhost/127.0.0.1:8081] onStateChange(GET{uri=/getAttractions, connection=PooledConnection{channel=[id: 0x1eb86fc9, L:/127.0.0.1:49891 - R:localhost/127.0.0.1:8081]}}, [disconnecting])
20:29:40.484 [reactor-http-nio-16] DEBUG reactor.netty.resources.PooledConnectionProvider - [id: 0x1eb86fc9, L:/127.0.0.1:49891 - R:localhost/127.0.0.1:8081] Releasing channel
20:29:40.484 [reactor-http-nio-10] DEBUG reactor.netty.resources.PooledConnectionProvider - [id: 0x59d6c8da, L:/127.0.0.1:49977 - R:localhost/127.0.0.1:8082] onStateChange(GET{uri=/getAttractionRewardPoints?attractionId=d05c35a2-753d-4252-a33e-85b9a3bf09be&userId=52b16691-330e-40e2-94dc-99de39c5309c, connection=PooledConnection{channel=[id: 0x59d6c8da, L:/127.0.0.1:49977 - R:localhost/127.0.0.1:8082]}}, [request_sent])
20:29:40.484 [reactor-http-nio-14] DEBUG reactor.netty.http.client.HttpClientOperations - [id: 0xa39718a1, L:/127.0.0.1:49900 - R:localhost/127.0.0.1:8081] Received response (auto-read:false) : [Content-Type=application/json, Transfer-Encoding=chunked, Date=Tue, 29 Jun 2021 14:59:40 GMT]
20:29:40.485 [reactor-http-nio-14] DEBUG reactor.netty.resources.PooledConnectionProvider - [id: 0xa39718a1, L:/127.0.0.1:49900 - R:localhost/127.0.0.1:8081] onStateChange(GET{uri=/getAttractions, connection=PooledConnection{channel=[id: 0xa39718a1, L:/127.0.0.1:49900 - R:localhost/127.0.0.1:8081]}}, [response_received])
20:29:40.484 [reactor-http-nio-16] DEBUG reactor.netty.resources.PooledConnectionProvider - [id: 0x1eb86fc9, L:/127.0.0.1:49891 - R:localhost/127.0.0.1:8081] Channel cleaned, now 1 active connections and 64 inactive connections
20:29:40.485 [reactor-http-nio-14] DEBUG org.springframework.web.reactive.function.client.ExchangeFunctions - [54c47db2] Response 200 OK
20:29:40.485 [reactor-http-nio-14] DEBUG reactor.netty.channel.FluxReceive - [id: 0xa39718a1, L:/127.0.0.1:49900 - R:localhost/127.0.0.1:8081] Subscribing inbound receiver [pending: 0, cancelled:false, inboundDone: false]
20:29:40.486 [pool-15-thread-17] DEBUG org.springframework.web.reactive.function.client.ExchangeFunctions - [241de0b1] HTTP GET http://localhost:8082/getAttractionRewardPoints?attractionId=ace2bf17-5deb-4e0b-ab18-d8c3b774b1d2&userId=b3d76f03-7cf8-465f-92c2-650cc35ca464
20:29:40.486 [reactor-http-nio-14] DEBUG reactor.netty.http.client.HttpClientOperations - [id: 0xa39718a1, L:/127.0.0.1:49900 - R:localhost/127.0.0.1:8081] Received last HTTP packet
20:29:40.486 [reactor-http-nio-14] DEBUG org.springframework.core.codec.StringDecoder - [54c47db2] Decoded "[{"longitude":-117.922008,"latitude":33.817595,"attractionName":"Disneyland","city":"Anaheim","stat (truncated)...
20:29:40.486 [reactor-http-nio-14] DEBUG reactor.netty.resources.PooledConnectionProvider - [id: 0xa39718a1, L:/127.0.0.1:49900 - R:localhost/127.0.0.1:8081] onStateChange(GET{uri=/getAttractions, connection=PooledConnection{channel=[id: 0xa39718a1, L:/127.0.0.1:49900 - R:localhost/127.0.0.1:8081]}}, [disconnecting])
20:29:40.486 [reactor-http-nio-14] DEBUG reactor.netty.resources.PooledConnectionProvider - [id: 0xa39718a1, L:/127.0.0.1:49900 - R:localhost/127.0.0.1:8081] Releasing channel
20:29:40.486 [reactor-http-nio-14] DEBUG reactor.netty.resources.PooledConnectionProvider - [id: 0xa39718a1, L:/127.0.0.1:49900 - R:localhost/127.0.0.1:8081] Channel cleaned, now 0 active connections and 65 inactive connections
20:29:40.487 [reactor-http-nio-14] DEBUG reactor.netty.resources.PooledConnectionProvider - [id: 0x5e075b23, L:/127.0.0.1:49947 - R:localhost/127.0.0.1:8082] Channel acquired, now 64 active connections and 1 inactive connections
20:29:40.487 [reactor-http-nio-14] DEBUG reactor.netty.http.client.HttpClientConnect - [id: 0x5e075b23, L:/127.0.0.1:49947 - R:localhost/127.0.0.1:8082] Handler is being applied: {uri=http://localhost:8082/getAttractionRewardPoints?attractionId=ace2bf17-5deb-4e0b-ab18-d8c3b774b1d2&userId=b3d76f03-7cf8-465f-92c2-650cc35ca464, method=GET}
20:29:40.487 [reactor-http-nio-14] DEBUG reactor.netty.resources.PooledConnectionProvider - [id: 0x5e075b23, L:/127.0.0.1:49947 - R:localhost/127.0.0.1:8082] onStateChange(GET{uri=/getAttractionRewardPoints?attractionId=ace2bf17-5deb-4e0b-ab18-d8c3b774b1d2&userId=b3d76f03-7cf8-465f-92c2-650cc35ca464, connection=PooledConnection{channel=[id: 0x5e075b23, L:/127.0.0.1:49947 - R:localhost/127.0.0.1:8082]}}, [request_sent])
20:29:40.487 [pool-15-thread-3] DEBUG org.springframework.web.reactive.function.client.ExchangeFunctions - [11c6f94e] HTTP GET http://localhost:8082/getAttractionRewardPoints?attractionId=36cbb55d-7dba-4725-8663-8c281b321382&userId=d9251766-9e69-4701-87b1-5ea309f30c94
20:29:40.487 [reactor-http-nio-11] DEBUG reactor.netty.resources.PooledConnectionProvider - [id: 0xf6923df7, L:/127.0.0.1:49940 - R:localhost/127.0.0.1:8082] Channel acquired, now 65 active connections and 0 inactive connections
20:29:40.488 [reactor-http-nio-11] DEBUG reactor.netty.http.client.HttpClientConnect - [id: 0xf6923df7, L:/127.0.0.1:49940 - R:localhost/127.0.0.1:8082] Handler is being applied: {uri=http://localhost:8082/getAttractionRewardPoints?attractionId=36cbb55d-7dba-4725-8663-8c281b321382&userId=d9251766-9e69-4701-87b1-5ea309f30c94, method=GET}
20:29:40.488 [reactor-http-nio-11] DEBUG reactor.netty.resources.PooledConnectionProvider - [id: 0xf6923df7, L:/127.0.0.1:49940 - R:localhost/127.0.0.1:8082] onStateChange(GET{uri=/getAttractionRewardPoints?attractionId=36cbb55d-7dba-4725-8663-8c281b321382&userId=d9251766-9e69-4701-87b1-5ea309f30c94, connection=PooledConnection{channel=[id: 0xf6923df7, L:/127.0.0.1:49940 - R:localhost/127.0.0.1:8082]}}, [request_sent])
20:29:40.492 [reactor-http-nio-13] DEBUG reactor.netty.http.client.HttpClientOperations - [id: 0xf9edb90a, L:/127.0.0.1:49974 - R:localhost/127.0.0.1:8082] Received response (auto-read:false) : [Content-Type=application/json, Transfer-Encoding=chunked, Date=Tue, 29 Jun 2021 14:59:39 GMT]
20:29:40.492 [reactor-http-nio-13] DEBUG reactor.netty.resources.PooledConnectionProvider - [id: 0xf9edb90a, L:/127.0.0.1:49974 - R:localhost/127.0.0.1:8082] onStateChange(GET{uri=/getAttractionRewardPoints?attractionId=ef4fde66-6a7e-4885-b300-e7b977ea5855&userId=d3df7c2d-5672-4d9d-804a-c807a8fb1f5b, connection=PooledConnection{channel=[id: 0xf9edb90a, L:/127.0.0.1:49974 - R:localhost/127.0.0.1:8082]}}, [response_received])
20:29:40.492 [reactor-http-nio-13] DEBUG org.springframework.web.reactive.function.client.ExchangeFunctions - [6f27a32a] Response 200 OK
20:29:40.492 [reactor-http-nio-13] DEBUG reactor.netty.channel.FluxReceive - [id: 0xf9edb90a, L:/127.0.0.1:49974 - R:localhost/127.0.0.1:8082] Subscribing inbound receiver [pending: 0, cancelled:false, inboundDone: false]
20:29:40.492 [reactor-http-nio-13] DEBUG reactor.netty.http.client.HttpClientOperations - [id: 0xf9edb90a, L:/127.0.0.1:49974 - R:localhost/127.0.0.1:8082] Received last HTTP packet
20:29:40.492 [reactor-http-nio-13] DEBUG org.springframework.core.codec.StringDecoder - [6f27a32a] Decoded "450"
20:29:40.492 [reactor-http-nio-13] DEBUG reactor.netty.resources.PooledConnectionProvider - [id: 0xf9edb90a, L:/127.0.0.1:49974 - R:localhost/127.0.0.1:8082] onStateChange(GET{uri=/getAttractionRewardPoints?attractionId=ef4fde66-6a7e-4885-b300-e7b977ea5855&userId=d3df7c2d-5672-4d9d-804a-c807a8fb1f5b, connection=PooledConnection{channel=[id: 0xf9edb90a, L:/127.0.0.1:49974 - R:localhost/127.0.0.1:8082]}}, [disconnecting])
20:29:40.492 [reactor-http-nio-13] DEBUG reactor.netty.resources.PooledConnectionProvider - [id: 0xf9edb90a, L:/127.0.0.1:49974 - R:localhost/127.0.0.1:8082] Releasing channel
20:29:40.492 [reactor-http-nio-13] DEBUG reactor.netty.resources.PooledConnectionProvider - [id: 0xf9edb90a, L:/127.0.0.1:49974 - R:localhost/127.0.0.1:8082] Channel cleaned, now 64 active connections and 1 inactive connections
20:29:40.493 [pool-15-thread-16] DEBUG org.springframework.web.reactive.function.client.ExchangeFunctions - [6b182a16] HTTP GET http://localhost:8081/getAttractions
20:29:40.493 [reactor-http-nio-2] DEBUG reactor.netty.resources.PooledConnectionProvider - [id: 0xb543d4db, L:/127.0.0.1:49930 - R:localhost/127.0.0.1:8081] Channel acquired, now 1 active connections and 64 inactive connections
20:29:40.493 [reactor-http-nio-2] DEBUG reactor.netty.http.client.HttpClientConnect - [id: 0xb543d4db, L:/127.0.0.1:49930 - R:localhost/127.0.0.1:8081] Handler is being applied: {uri=http://localhost:8081/getAttractions, method=GET}
20:29:40.493 [reactor-http-nio-2] DEBUG reactor.netty.resources.PooledConnectionProvider - [id: 0xb543d4db, L:/127.0.0.1:49930 - R:localhost/127.0.0.1:8081] onStateChange(GET{uri=/getAttractions, connection=PooledConnection{channel=[id: 0xb543d4db, L:/127.0.0.1:49930 - R:localhost/127.0.0.1:8081]}}, [request_sent])
20:29:40.494 [reactor-http-nio-12] DEBUG reactor.netty.http.client.HttpClientOperations - [id: 0x45b00ab0, L:/127.0.0.1:49999 - R:localhost/127.0.0.1:8082] Received response (auto-read:false) : [Content-Type=application/json, Transfer-Encoding=chunked, Date=Tue, 29 Jun 2021 14:59:39 GMT]
20:29:40.494 [reactor-http-nio-12] DEBUG reactor.netty.resources.PooledConnectionProvider - [id: 0x45b00ab0, L:/127.0.0.1:49999 - R:localhost/127.0.0.1:8082] onStateChange(GET{uri=/getAttractionRewardPoints?attractionId=cd36b252-de3b-496e-b7a1-92d487819ca7&userId=9104735b-e2a5-4934-828e-f9f483151db6, connection=PooledConnection{channel=[id: 0x45b00ab0, L:/127.0.0.1:49999 - R:localhost/127.0.0.1:8082]}}, [response_received])
20:29:40.494 [reactor-http-nio-12] DEBUG org.springframework.web.reactive.function.client.ExchangeFunctions - [668d1b83] Response 200 OK
20:29:40.494 [reactor-http-nio-12] DEBUG reactor.netty.channel.FluxReceive - [id: 0x45b00ab0, L:/127.0.0.1:49999 - R:localhost/127.0.0.1:8082] Subscribing inbound receiver [pending: 0, cancelled:false, inboundDone: false]
20:29:40.494 [reactor-http-nio-12] DEBUG reactor.netty.http.client.HttpClientOperations - [id: 0x45b00ab0, L:/127.0.0.1:49999 - R:localhost/127.0.0.1:8082] Received last HTTP packet
20:29:40.494 [reactor-http-nio-16] DEBUG reactor.netty.http.client.HttpClientOperations - [id: 0xdc2607b9, L:/127.0.0.1:49991 - R:localhost/127.0.0.1:8082] Received response (auto-read:false) : [Content-Type=application/json, Transfer-Encoding=chunked, Date=Tue, 29 Jun 2021 14:59:39 GMT]
20:29:40.494 [reactor-http-nio-16] DEBUG reactor.netty.resources.PooledConnectionProvider - [id: 0xdc2607b9, L:/127.0.0.1:49991 - R:localhost/127.0.0.1:8082] onStateChange(GET{uri=/getAttractionRewardPoints?attractionId=a8708455-02ad-4720-a7a3-852220a18b43&userId=2b526e4d-8177-4cd5-bd6f-0ff509cac664, connection=PooledConnection{channel=[id: 0xdc2607b9, L:/127.0.0.1:49991 - R:localhost/127.0.0.1:8082]}}, [response_received])
20:29:40.494 [reactor-http-nio-12] DEBUG org.springframework.core.codec.StringDecoder - [668d1b83] Decoded "946"
20:29:40.494 [reactor-http-nio-16] DEBUG org.springframework.web.reactive.function.client.ExchangeFunctions - [7cd39c4e] Response 200 OK
20:29:40.494 [reactor-http-nio-12] DEBUG reactor.netty.resources.PooledConnectionProvider - [id: 0x45b00ab0, L:/127.0.0.1:49999 - R:localhost/127.0.0.1:8082] onStateChange(GET{uri=/getAttractionRewardPoints?attractionId=cd36b252-de3b-496e-b7a1-92d487819ca7&userId=9104735b-e2a5-4934-828e-f9f483151db6, connection=PooledConnection{channel=[id: 0x45b00ab0, L:/127.0.0.1:49999 - R:localhost/127.0.0.1:8082]}}, [disconnecting])
20:29:40.495 [reactor-http-nio-12] DEBUG reactor.netty.resources.PooledConnectionProvider - [id: 0x45b00ab0, L:/127.0.0.1:49999 - R:localhost/127.0.0.1:8082] Releasing channel
20:29:40.495 [reactor-http-nio-12] DEBUG reactor.netty.resources.PooledConnectionProvider - [id: 0x45b00ab0, L:/127.0.0.1:49999 - R:localhost/127.0.0.1:8082] Channel cleaned, now 63 active connections and 2 inactive connections
20:29:40.495 [reactor-http-nio-16] DEBUG reactor.netty.channel.FluxReceive - [id: 0xdc2607b9, L:/127.0.0.1:49991 - R:localhost/127.0.0.1:8082] Subscribing inbound receiver [pending: 0, cancelled:false, inboundDone: false]
20:29:40.495 [reactor-http-nio-16] DEBUG reactor.netty.http.client.HttpClientOperations - [id: 0xdc2607b9, L:/127.0.0.1:49991 - R:localhost/127.0.0.1:8082] Received last HTTP packet
20:29:40.495 [reactor-http-nio-16] DEBUG org.springframework.core.codec.StringDecoder - [7cd39c4e] Decoded "104"
20:29:40.495 [pool-15-thread-23] DEBUG org.springframework.web.reactive.function.client.ExchangeFunctions - [703bfd6e] HTTP GET http://localhost:8081/getAttractions
20:29:40.495 [reactor-http-nio-16] DEBUG reactor.netty.resources.PooledConnectionProvider - [id: 0xdc2607b9, L:/127.0.0.1:49991 - R:localhost/127.0.0.1:8082] onStateChange(GET{uri=/getAttractionRewardPoints?attractionId=a8708455-02ad-4720-a7a3-852220a18b43&userId=2b526e4d-8177-4cd5-bd6f-0ff509cac664, connection=PooledConnection{channel=[id: 0xdc2607b9, L:/127.0.0.1:49991 - R:localhost/127.0.0.1:8082]}}, [disconnecting])
20:29:40.495 [reactor-http-nio-16] DEBUG reactor.netty.resources.PooledConnectionProvider - [id: 0xdc2607b9, L:/127.0.0.1:49991 - R:localhost/127.0.0.1:8082] Releasing channel
20:29:40.495 [reactor-http-nio-16] DEBUG reactor.netty.resources.PooledConnectionProvider - [id: 0xdc2607b9, L:/127.0.0.1:49991 - R:localhost/127.0.0.1:8082] Channel cleaned, now 62 active connections and 3 inactive connections
20:29:40.495 [reactor-http-nio-12] DEBUG reactor.netty.resources.PooledConnectionProvider - [id: 0x5a829f34, L:/127.0.0.1:49910 - R:localhost/127.0.0.1:8081] Channel acquired, now 2 active connections and 63 inactive connections
20:29:40.495 [reactor-http-nio-12] DEBUG reactor.netty.http.client.HttpClientConnect - [id: 0x5a829f34, L:/127.0.0.1:49910 - R:localhost/127.0.0.1:8081] Handler is being applied: {uri=http://localhost:8081/getAttractions, method=GET}
20:29:40.496 [pool-15-thread-57] DEBUG org.springframework.web.reactive.function.client.ExchangeFunctions - [4f1b7da] HTTP GET http://localhost:8081/getAttractions
20:29:40.496 [reactor-http-nio-12] DEBUG reactor.netty.resources.PooledConnectionProvider - [id: 0x5a829f34, L:/127.0.0.1:49910 - R:localhost/127.0.0.1:8081] onStateChange(GET{uri=/getAttractions, connection=PooledConnection{channel=[id: 0x5a829f34, L:/127.0.0.1:49910 - R:localhost/127.0.0.1:8081]}}, [request_sent])
20:29:40.496 [reactor-http-nio-15] DEBUG reactor.netty.resources.PooledConnectionProvider - [id: 0x30e81d35, L:/127.0.0.1:49884 - R:localhost/127.0.0.1:8081] Channel acquired, now 3 active connections and 62 inactive connections
20:29:40.496 [reactor-http-nio-15] DEBUG reactor.netty.http.client.HttpClientConnect - [id: 0x30e81d35, L:/127.0.0.1:49884 - R:localhost/127.0.0.1:8081] Handler is being applied: {uri=http://localhost:8081/getAttractions, method=GET}
20:29:40.496 [reactor-http-nio-15] DEBUG reactor.netty.resources.PooledConnectionProvider - [id: 0x30e81d35, L:/127.0.0.1:49884 - R:localhost/127.0.0.1:8081] onStateChange(GET{uri=/getAttractions, connection=PooledConnection{channel=[id: 0x30e81d35, L:/127.0.0.1:49884 - R:localhost/127.0.0.1:8081]}}, [request_sent])
20:29:40.506 [reactor-http-nio-2] DEBUG reactor.netty.http.client.HttpClientOperations - [id: 0xb543d4db, L:/127.0.0.1:49930 - R:localhost/127.0.0.1:8081] Received response (auto-read:false) : [Content-Type=application/json, Transfer-Encoding=chunked, Date=Tue, 29 Jun 2021 14:59:40 GMT]
20:29:40.506 [reactor-http-nio-2] DEBUG reactor.netty.resources.PooledConnectionProvider - [id: 0xb543d4db, L:/127.0.0.1:49930 - R:localhost/127.0.0.1:8081] onStateChange(GET{uri=/getAttractions, connection=PooledConnection{channel=[id: 0xb543d4db, L:/127.0.0.1:49930 - R:localhost/127.0.0.1:8081]}}, [response_received])
20:29:40.506 [reactor-http-nio-2] DEBUG org.springframework.web.reactive.function.client.ExchangeFunctions - [6b182a16] Response 200 OK
20:29:40.506 [reactor-http-nio-2] DEBUG reactor.netty.channel.FluxReceive - [id: 0xb543d4db, L:/127.0.0.1:49930 - R:localhost/127.0.0.1:8081] Subscribing inbound receiver [pending: 0, cancelled:false, inboundDone: false]
20:29:40.507 [reactor-http-nio-2] DEBUG reactor.netty.http.client.HttpClientOperations - [id: 0xb543d4db, L:/127.0.0.1:49930 - R:localhost/127.0.0.1:8081] Received last HTTP packet
20:29:40.507 [reactor-http-nio-2] DEBUG org.springframework.core.codec.StringDecoder - [6b182a16] Decoded "[{"longitude":-117.922008,"latitude":33.817595,"attractionName":"Disneyland","city":"Anaheim","stat (truncated)...
20:29:40.507 [reactor-http-nio-2] DEBUG reactor.netty.resources.PooledConnectionProvider - [id: 0xb543d4db, L:/127.0.0.1:49930 - R:localhost/127.0.0.1:8081] onStateChange(GET{uri=/getAttractions, connection=PooledConnection{channel=[id: 0xb543d4db, L:/127.0.0.1:49930 - R:localhost/127.0.0.1:8081]}}, [disconnecting])
20:29:40.507 [reactor-http-nio-2] DEBUG reactor.netty.resources.PooledConnectionProvider - [id: 0xb543d4db, L:/127.0.0.1:49930 - R:localhost/127.0.0.1:8081] Releasing channel
20:29:40.507 [reactor-http-nio-2] DEBUG reactor.netty.resources.PooledConnectionProvider - [id: 0xb543d4db, L:/127.0.0.1:49930 - R:localhost/127.0.0.1:8081] Channel cleaned, now 2 active connections and 63 inactive connections
20:29:40.509 [pool-15-thread-16] DEBUG org.springframework.web.reactive.function.client.ExchangeFunctions - [2e1aa911] HTTP GET http://localhost:8082/getAttractionRewardPoints?attractionId=dd688ea9-f877-42c7-83ef-0376b0017082&userId=50b2c8d7-8d46-444e-b79e-9f80ccb7edbd
20:29:40.509 [reactor-http-nio-15] DEBUG reactor.netty.http.client.HttpClientOperations - [id: 0x30e81d35, L:/127.0.0.1:49884 - R:localhost/127.0.0.1:8081] Received response (auto-read:false) : [Content-Type=application/json, Transfer-Encoding=chunked, Date=Tue, 29 Jun 2021 14:59:40 GMT]
20:29:40.509 [reactor-http-nio-15] DEBUG reactor.netty.resources.PooledConnectionProvider - [id: 0x30e81d35, L:/127.0.0.1:49884 - R:localhost/127.0.0.1:8081] onStateChange(GET{uri=/getAttractions, connection=PooledConnection{channel=[id: 0x30e81d35, L:/127.0.0.1:49884 - R:localhost/127.0.0.1:8081]}}, [response_received])
20:29:40.509 [reactor-http-nio-13] DEBUG reactor.netty.resources.PooledConnectionProvider - [id: 0xf9edb90a, L:/127.0.0.1:49974 - R:localhost/127.0.0.1:8082] Channel acquired, now 63 active connections and 2 inactive connections
20:29:40.509 [reactor-http-nio-15] DEBUG org.springframework.web.reactive.function.client.ExchangeFunctions - [4f1b7da] Response 200 OK
20:29:40.509 [reactor-http-nio-13] DEBUG reactor.netty.http.client.HttpClientConnect - [id: 0xf9edb90a, L:/127.0.0.1:49974 - R:localhost/127.0.0.1:8082] Handler is being applied: {uri=http://localhost:8082/getAttractionRewardPoints?attractionId=dd688ea9-f877-42c7-83ef-0376b0017082&userId=50b2c8d7-8d46-444e-b79e-9f80ccb7edbd, method=GET}
20:29:40.510 [reactor-http-nio-15] DEBUG reactor.netty.channel.FluxReceive - [id: 0x30e81d35, L:/127.0.0.1:49884 - R:localhost/127.0.0.1:8081] Subscribing inbound receiver [pending: 0, cancelled:false, inboundDone: false]
20:29:40.510 [reactor-http-nio-15] DEBUG reactor.netty.http.client.HttpClientOperations - [id: 0x30e81d35, L:/127.0.0.1:49884 - R:localhost/127.0.0.1:8081] Received last HTTP packet
20:29:40.510 [reactor-http-nio-13] DEBUG reactor.netty.resources.PooledConnectionProvider - [id: 0xf9edb90a, L:/127.0.0.1:49974 - R:localhost/127.0.0.1:8082] onStateChange(GET{uri=/getAttractionRewardPoints?attractionId=dd688ea9-f877-42c7-83ef-0376b0017082&userId=50b2c8d7-8d46-444e-b79e-9f80ccb7edbd, connection=PooledConnection{channel=[id: 0xf9edb90a, L:/127.0.0.1:49974 - R:localhost/127.0.0.1:8082]}}, [request_sent])
20:29:40.510 [reactor-http-nio-15] DEBUG org.springframework.core.codec.StringDecoder - [4f1b7da] Decoded "[{"longitude":-117.922008,"latitude":33.817595,"attractionName":"Disneyland","city":"Anaheim","stat (truncated)...
20:29:40.510 [reactor-http-nio-15] DEBUG reactor.netty.resources.PooledConnectionProvider - [id: 0x30e81d35, L:/127.0.0.1:49884 - R:localhost/127.0.0.1:8081] onStateChange(GET{uri=/getAttractions, connection=PooledConnection{channel=[id: 0x30e81d35, L:/127.0.0.1:49884 - R:localhost/127.0.0.1:8081]}}, [disconnecting])
20:29:40.510 [reactor-http-nio-15] DEBUG reactor.netty.resources.PooledConnectionProvider - [id: 0x30e81d35, L:/127.0.0.1:49884 - R:localhost/127.0.0.1:8081] Releasing channel
20:29:40.510 [reactor-http-nio-12] DEBUG reactor.netty.http.client.HttpClientOperations - [id: 0x5a829f34, L:/127.0.0.1:49910 - R:localhost/127.0.0.1:8081] Received response (auto-read:false) : [Content-Type=application/json, Transfer-Encoding=chunked, Date=Tue, 29 Jun 2021 14:59:40 GMT]
20:29:40.510 [reactor-http-nio-12] DEBUG reactor.netty.resources.PooledConnectionProvider - [id: 0x5a829f34, L:/127.0.0.1:49910 - R:localhost/127.0.0.1:8081] onStateChange(GET{uri=/getAttractions, connection=PooledConnection{channel=[id: 0x5a829f34, L:/127.0.0.1:49910 - R:localhost/127.0.0.1:8081]}}, [response_received])
20:29:40.510 [reactor-http-nio-12] DEBUG org.springframework.web.reactive.function.client.ExchangeFunctions - [703bfd6e] Response 200 OK
20:29:40.510 [reactor-http-nio-15] DEBUG reactor.netty.resources.PooledConnectionProvider - [id: 0x30e81d35, L:/127.0.0.1:49884 - R:localhost/127.0.0.1:8081] Channel cleaned, now 1 active connections and 64 inactive connections
20:29:40.511 [reactor-http-nio-12] DEBUG reactor.netty.channel.FluxReceive - [id: 0x5a829f34, L:/127.0.0.1:49910 - R:localhost/127.0.0.1:8081] Subscribing inbound receiver [pending: 0, cancelled:false, inboundDone: false]
20:29:40.511 [reactor-http-nio-12] DEBUG reactor.netty.http.client.HttpClientOperations - [id: 0x5a829f34, L:/127.0.0.1:49910 - R:localhost/127.0.0.1:8081] Received last HTTP packet
20:29:40.511 [reactor-http-nio-12] DEBUG org.springframework.core.codec.StringDecoder - [703bfd6e] Decoded "[{"longitude":-117.922008,"latitude":33.817595,"attractionName":"Disneyland","city":"Anaheim","stat (truncated)...
20:29:40.512 [reactor-http-nio-12] DEBUG reactor.netty.resources.PooledConnectionProvider - [id: 0x5a829f34, L:/127.0.0.1:49910 - R:localhost/127.0.0.1:8081] onStateChange(GET{uri=/getAttractions, connection=PooledConnection{channel=[id: 0x5a829f34, L:/127.0.0.1:49910 - R:localhost/127.0.0.1:8081]}}, [disconnecting])
20:29:40.512 [reactor-http-nio-12] DEBUG reactor.netty.resources.PooledConnectionProvider - [id: 0x5a829f34, L:/127.0.0.1:49910 - R:localhost/127.0.0.1:8081] Releasing channel
20:29:40.512 [reactor-http-nio-12] DEBUG reactor.netty.resources.PooledConnectionProvider - [id: 0x5a829f34, L:/127.0.0.1:49910 - R:localhost/127.0.0.1:8081] Channel cleaned, now 0 active connections and 65 inactive connections
20:29:40.512 [pool-15-thread-57] DEBUG org.springframework.web.reactive.function.client.ExchangeFunctions - [4d65c40f] HTTP GET http://localhost:8082/getAttractionRewardPoints?attractionId=d6f0f480-2730-4dfc-8fe9-554a341a2936&userId=d359cb08-1aeb-4f8d-85a5-8561d7872835
20:29:40.513 [reactor-http-nio-12] DEBUG reactor.netty.http.client.HttpClientOperations - [id: 0xd3e383bb, L:/127.0.0.1:49956 - R:localhost/127.0.0.1:8082] Received response (auto-read:false) : [Content-Type=application/json, Transfer-Encoding=chunked, Date=Tue, 29 Jun 2021 14:59:39 GMT]
20:29:40.513 [reactor-http-nio-12] DEBUG reactor.netty.resources.PooledConnectionProvider - [id: 0xd3e383bb, L:/127.0.0.1:49956 - R:localhost/127.0.0.1:8082] onStateChange(GET{uri=/getAttractionRewardPoints?attractionId=8ea262ab-84fa-45d2-83ef-19062b60db81&userId=c967b345-c67b-45bc-8353-1d5c5c1d0a54, connection=PooledConnection{channel=[id: 0xd3e383bb, L:/127.0.0.1:49956 - R:localhost/127.0.0.1:8082]}}, [response_received])
20:29:40.513 [reactor-http-nio-12] DEBUG org.springframework.web.reactive.function.client.ExchangeFunctions - [3007f445] Response 200 OK
20:29:40.513 [pool-15-thread-23] DEBUG org.springframework.web.reactive.function.client.ExchangeFunctions - [57211f00] HTTP GET http://localhost:8082/getAttractionRewardPoints?attractionId=5c6e04c4-b777-4677-a16c-5b239bdb63a1&userId=9027e125-9c14-4d8b-9d7b-518689505fa7
20:29:40.513 [reactor-http-nio-12] DEBUG reactor.netty.channel.FluxReceive - [id: 0xd3e383bb, L:/127.0.0.1:49956 - R:localhost/127.0.0.1:8082] Subscribing inbound receiver [pending: 0, cancelled:false, inboundDone: false]
20:29:40.513 [reactor-http-nio-12] DEBUG reactor.netty.http.client.HttpClientOperations - [id: 0xd3e383bb, L:/127.0.0.1:49956 - R:localhost/127.0.0.1:8082] Received last HTTP packet
20:29:40.513 [reactor-http-nio-16] DEBUG reactor.netty.resources.PooledConnectionProvider - [id: 0xdc2607b9, L:/127.0.0.1:49991 - R:localhost/127.0.0.1:8082] Channel acquired, now 64 active connections and 1 inactive connections
20:29:40.513 [reactor-http-nio-12] DEBUG org.springframework.core.codec.StringDecoder - [3007f445] Decoded "892"
20:29:40.513 [reactor-http-nio-16] DEBUG reactor.netty.http.client.HttpClientConnect - [id: 0xdc2607b9, L:/127.0.0.1:49991 - R:localhost/127.0.0.1:8082] Handler is being applied: {uri=http://localhost:8082/getAttractionRewardPoints?attractionId=5c6e04c4-b777-4677-a16c-5b239bdb63a1&userId=9027e125-9c14-4d8b-9d7b-518689505fa7, method=GET}
20:29:40.513 [reactor-http-nio-12] DEBUG reactor.netty.resources.PooledConnectionProvider - [id: 0xd3e383bb, L:/127.0.0.1:49956 - R:localhost/127.0.0.1:8082] onStateChange(GET{uri=/getAttractionRewardPoints?attractionId=8ea262ab-84fa-45d2-83ef-19062b60db81&userId=c967b345-c67b-45bc-8353-1d5c5c1d0a54, connection=PooledConnection{channel=[id: 0xd3e383bb, L:/127.0.0.1:49956 - R:localhost/127.0.0.1:8082]}}, [disconnecting])
20:29:40.514 [reactor-http-nio-12] DEBUG reactor.netty.resources.PooledConnectionProvider - [id: 0xd3e383bb, L:/127.0.0.1:49956 - R:localhost/127.0.0.1:8082] Releasing channel
20:29:40.514 [reactor-http-nio-12] DEBUG reactor.netty.resources.PooledConnectionProvider - [id: 0xd3e383bb, L:/127.0.0.1:49956 - R:localhost/127.0.0.1:8082] Channel cleaned, now 63 active connections and 2 inactive connections
20:29:40.514 [reactor-http-nio-12] DEBUG reactor.netty.resources.PooledConnectionProvider - [id: 0x45b00ab0, L:/127.0.0.1:49999 - R:localhost/127.0.0.1:8082] Channel acquired, now 64 active connections and 1 inactive connections
20:29:40.514 [reactor-http-nio-12] DEBUG reactor.netty.http.client.HttpClientConnect - [id: 0x45b00ab0, L:/127.0.0.1:49999 - R:localhost/127.0.0.1:8082] Handler is being applied: {uri=http://localhost:8082/getAttractionRewardPoints?attractionId=d6f0f480-2730-4dfc-8fe9-554a341a2936&userId=d359cb08-1aeb-4f8d-85a5-8561d7872835, method=GET}
20:29:40.514 [reactor-http-nio-16] DEBUG reactor.netty.resources.PooledConnectionProvider - [id: 0xdc2607b9, L:/127.0.0.1:49991 - R:localhost/127.0.0.1:8082] onStateChange(GET{uri=/getAttractionRewardPoints?attractionId=5c6e04c4-b777-4677-a16c-5b239bdb63a1&userId=9027e125-9c14-4d8b-9d7b-518689505fa7, connection=PooledConnection{channel=[id: 0xdc2607b9, L:/127.0.0.1:49991 - R:localhost/127.0.0.1:8082]}}, [request_sent])
20:29:40.514 [pool-15-thread-30] DEBUG org.springframework.web.reactive.function.client.ExchangeFunctions - [3438769d] HTTP GET http://localhost:8081/getAttractions
20:29:40.514 [reactor-http-nio-12] DEBUG reactor.netty.resources.PooledConnectionProvider - [id: 0x45b00ab0, L:/127.0.0.1:49999 - R:localhost/127.0.0.1:8082] onStateChange(GET{uri=/getAttractionRewardPoints?attractionId=d6f0f480-2730-4dfc-8fe9-554a341a2936&userId=d359cb08-1aeb-4f8d-85a5-8561d7872835, connection=PooledConnection{channel=[id: 0x45b00ab0, L:/127.0.0.1:49999 - R:localhost/127.0.0.1:8082]}}, [request_sent])
20:29:40.515 [reactor-http-nio-11] DEBUG reactor.netty.resources.PooledConnectionProvider - [id: 0x5f76b813, L:/127.0.0.1:49921 - R:localhost/127.0.0.1:8081] Channel acquired, now 1 active connections and 64 inactive connections
20:29:40.515 [reactor-http-nio-11] DEBUG reactor.netty.http.client.HttpClientConnect - [id: 0x5f76b813, L:/127.0.0.1:49921 - R:localhost/127.0.0.1:8081] Handler is being applied: {uri=http://localhost:8081/getAttractions, method=GET}
20:29:40.515 [reactor-http-nio-11] DEBUG reactor.netty.resources.PooledConnectionProvider - [id: 0x5f76b813, L:/127.0.0.1:49921 - R:localhost/127.0.0.1:8081] onStateChange(GET{uri=/getAttractions, connection=PooledConnection{channel=[id: 0x5f76b813, L:/127.0.0.1:49921 - R:localhost/127.0.0.1:8081]}}, [request_sent])
20:29:40.521 [reactor-http-nio-16] DEBUG reactor.netty.http.client.HttpClientOperations - [id: 0x1d80bd18, L:/127.0.0.1:49997 - R:localhost/127.0.0.1:8082] Received response (auto-read:false) : [Content-Type=application/json, Transfer-Encoding=chunked, Date=Tue, 29 Jun 2021 14:59:39 GMT]
20:29:40.521 [reactor-http-nio-16] DEBUG reactor.netty.resources.PooledConnectionProvider - [id: 0x1d80bd18, L:/127.0.0.1:49997 - R:localhost/127.0.0.1:8082] onStateChange(GET{uri=/getAttractionRewardPoints?attractionId=2de6a2b9-d65f-4f24-bf6c-360ae61dd733&userId=8b8830fd-dd1d-4222-9790-5d0e1b9cbb41, connection=PooledConnection{channel=[id: 0x1d80bd18, L:/127.0.0.1:49997 - R:localhost/127.0.0.1:8082]}}, [response_received])
20:29:40.521 [reactor-http-nio-16] DEBUG org.springframework.web.reactive.function.client.ExchangeFunctions - [1efe790c] Response 200 OK
20:29:40.522 [reactor-http-nio-16] DEBUG reactor.netty.channel.FluxReceive - [id: 0x1d80bd18, L:/127.0.0.1:49997 - R:localhost/127.0.0.1:8082] Subscribing inbound receiver [pending: 0, cancelled:false, inboundDone: false]
20:29:40.522 [reactor-http-nio-16] DEBUG reactor.netty.http.client.HttpClientOperations - [id: 0x1d80bd18, L:/127.0.0.1:49997 - R:localhost/127.0.0.1:8082] Received last HTTP packet
20:29:40.522 [reactor-http-nio-16] DEBUG org.springframework.core.codec.StringDecoder - [1efe790c] Decoded "222"
20:29:40.522 [reactor-http-nio-16] DEBUG reactor.netty.resources.PooledConnectionProvider - [id: 0x1d80bd18, L:/127.0.0.1:49997 - R:localhost/127.0.0.1:8082] onStateChange(GET{uri=/getAttractionRewardPoints?attractionId=2de6a2b9-d65f-4f24-bf6c-360ae61dd733&userId=8b8830fd-dd1d-4222-9790-5d0e1b9cbb41, connection=PooledConnection{channel=[id: 0x1d80bd18, L:/127.0.0.1:49997 - R:localhost/127.0.0.1:8082]}}, [disconnecting])
20:29:40.522 [reactor-http-nio-16] DEBUG reactor.netty.resources.PooledConnectionProvider - [id: 0x1d80bd18, L:/127.0.0.1:49997 - R:localhost/127.0.0.1:8082] Releasing channel
20:29:40.522 [reactor-http-nio-16] DEBUG reactor.netty.resources.PooledConnectionProvider - [id: 0x1d80bd18, L:/127.0.0.1:49997 - R:localhost/127.0.0.1:8082] Channel cleaned, now 63 active connections and 2 inactive connections
20:29:40.523 [pool-15-thread-41] DEBUG org.springframework.web.reactive.function.client.ExchangeFunctions - [1ac1fe0b] HTTP GET http://localhost:8081/getAttractions
20:29:40.523 [reactor-http-nio-16] DEBUG reactor.netty.resources.PooledConnectionProvider - [id: 0xbf9579bc, L:/127.0.0.1:49879 - R:localhost/127.0.0.1:8081] Channel acquired, now 2 active connections and 63 inactive connections
20:29:40.523 [reactor-http-nio-16] DEBUG reactor.netty.http.client.HttpClientConnect - [id: 0xbf9579bc, L:/127.0.0.1:49879 - R:localhost/127.0.0.1:8081] Handler is being applied: {uri=http://localhost:8081/getAttractions, method=GET}
20:29:40.523 [reactor-http-nio-16] DEBUG reactor.netty.resources.PooledConnectionProvider - [id: 0xbf9579bc, L:/127.0.0.1:49879 - R:localhost/127.0.0.1:8081] onStateChange(GET{uri=/getAttractions, connection=PooledConnection{channel=[id: 0xbf9579bc, L:/127.0.0.1:49879 - R:localhost/127.0.0.1:8081]}}, [request_sent])
20:29:40.527 [reactor-http-nio-11] DEBUG reactor.netty.http.client.HttpClientOperations - [id: 0x5f76b813, L:/127.0.0.1:49921 - R:localhost/127.0.0.1:8081] Received response (auto-read:false) : [Content-Type=application/json, Transfer-Encoding=chunked, Date=Tue, 29 Jun 2021 14:59:40 GMT]
20:29:40.527 [reactor-http-nio-11] DEBUG reactor.netty.resources.PooledConnectionProvider - [id: 0x5f76b813, L:/127.0.0.1:49921 - R:localhost/127.0.0.1:8081] onStateChange(GET{uri=/getAttractions, connection=PooledConnection{channel=[id: 0x5f76b813, L:/127.0.0.1:49921 - R:localhost/127.0.0.1:8081]}}, [response_received])
20:29:40.527 [reactor-http-nio-11] DEBUG org.springframework.web.reactive.function.client.ExchangeFunctions - [3438769d] Response 200 OK
20:29:40.528 [reactor-http-nio-11] DEBUG reactor.netty.channel.FluxReceive - [id: 0x5f76b813, L:/127.0.0.1:49921 - R:localhost/127.0.0.1:8081] Subscribing inbound receiver [pending: 0, cancelled:false, inboundDone: false]
20:29:40.528 [reactor-http-nio-11] DEBUG reactor.netty.http.client.HttpClientOperations - [id: 0x5f76b813, L:/127.0.0.1:49921 - R:localhost/127.0.0.1:8081] Received last HTTP packet
20:29:40.528 [reactor-http-nio-11] DEBUG org.springframework.core.codec.StringDecoder - [3438769d] Decoded "[{"longitude":-117.922008,"latitude":33.817595,"attractionName":"Disneyland","city":"Anaheim","stat (truncated)...
20:29:40.528 [reactor-http-nio-11] DEBUG reactor.netty.resources.PooledConnectionProvider - [id: 0x5f76b813, L:/127.0.0.1:49921 - R:localhost/127.0.0.1:8081] onStateChange(GET{uri=/getAttractions, connection=PooledConnection{channel=[id: 0x5f76b813, L:/127.0.0.1:49921 - R:localhost/127.0.0.1:8081]}}, [disconnecting])
20:29:40.528 [reactor-http-nio-11] DEBUG reactor.netty.resources.PooledConnectionProvider - [id: 0x5f76b813, L:/127.0.0.1:49921 - R:localhost/127.0.0.1:8081] Releasing channel
20:29:40.528 [reactor-http-nio-11] DEBUG reactor.netty.resources.PooledConnectionProvider - [id: 0x5f76b813, L:/127.0.0.1:49921 - R:localhost/127.0.0.1:8081] Channel cleaned, now 1 active connections and 64 inactive connections
20:29:40.529 [reactor-http-nio-15] DEBUG reactor.netty.http.client.HttpClientOperations - [id: 0x3457a508, L:/127.0.0.1:49966 - R:localhost/127.0.0.1:8082] Received response (auto-read:false) : [Content-Type=application/json, Transfer-Encoding=chunked, Date=Tue, 29 Jun 2021 14:59:39 GMT]
20:29:40.529 [reactor-http-nio-15] DEBUG reactor.netty.resources.PooledConnectionProvider - [id: 0x3457a508, L:/127.0.0.1:49966 - R:localhost/127.0.0.1:8082] onStateChange(GET{uri=/getAttractionRewardPoints?attractionId=9cd9f53f-1280-4224-8a81-db0650657bb3&userId=5bb93807-f51b-4d7f-b264-e6c7523033d9, connection=PooledConnection{channel=[id: 0x3457a508, L:/127.0.0.1:49966 - R:localhost/127.0.0.1:8082]}}, [response_received])
20:29:40.529 [reactor-http-nio-15] DEBUG org.springframework.web.reactive.function.client.ExchangeFunctions - [3142ee01] Response 200 OK
20:29:40.529 [reactor-http-nio-15] DEBUG reactor.netty.channel.FluxReceive - [id: 0x3457a508, L:/127.0.0.1:49966 - R:localhost/127.0.0.1:8082] Subscribing inbound receiver [pending: 0, cancelled:false, inboundDone: false]
20:29:40.529 [reactor-http-nio-15] DEBUG reactor.netty.http.client.HttpClientOperations - [id: 0x3457a508, L:/127.0.0.1:49966 - R:localhost/127.0.0.1:8082] Received last HTTP packet
20:29:40.529 [pool-15-thread-30] DEBUG org.springframework.web.reactive.function.client.ExchangeFunctions - [713afe7e] HTTP GET http://localhost:8082/getAttractionRewardPoints?attractionId=088084aa-984c-4fd1-b022-8f7065874b11&userId=0ab1dade-bbbe-49b7-87bc-edfb622f7b2e
20:29:40.529 [reactor-http-nio-15] DEBUG org.springframework.core.codec.StringDecoder - [3142ee01] Decoded "862"
20:29:40.529 [reactor-http-nio-15] DEBUG reactor.netty.resources.PooledConnectionProvider - [id: 0x3457a508, L:/127.0.0.1:49966 - R:localhost/127.0.0.1:8082] onStateChange(GET{uri=/getAttractionRewardPoints?attractionId=9cd9f53f-1280-4224-8a81-db0650657bb3&userId=5bb93807-f51b-4d7f-b264-e6c7523033d9, connection=PooledConnection{channel=[id: 0x3457a508, L:/127.0.0.1:49966 - R:localhost/127.0.0.1:8082]}}, [disconnecting])
20:29:40.529 [reactor-http-nio-15] DEBUG reactor.netty.resources.PooledConnectionProvider - [id: 0x3457a508, L:/127.0.0.1:49966 - R:localhost/127.0.0.1:8082] Releasing channel
20:29:40.530 [reactor-http-nio-15] DEBUG reactor.netty.resources.PooledConnectionProvider - [id: 0x3457a508, L:/127.0.0.1:49966 - R:localhost/127.0.0.1:8082] Channel cleaned, now 62 active connections and 3 inactive connections
20:29:40.530 [reactor-http-nio-12] DEBUG reactor.netty.resources.PooledConnectionProvider - [id: 0xd3e383bb, L:/127.0.0.1:49956 - R:localhost/127.0.0.1:8082] Channel acquired, now 63 active connections and 2 inactive connections
20:29:40.530 [reactor-http-nio-12] DEBUG reactor.netty.http.client.HttpClientConnect - [id: 0xd3e383bb, L:/127.0.0.1:49956 - R:localhost/127.0.0.1:8082] Handler is being applied: {uri=http://localhost:8082/getAttractionRewardPoints?attractionId=088084aa-984c-4fd1-b022-8f7065874b11&userId=0ab1dade-bbbe-49b7-87bc-edfb622f7b2e, method=GET}
20:29:40.530 [pool-15-thread-27] DEBUG org.springframework.web.reactive.function.client.ExchangeFunctions - [357d7cf1] HTTP GET http://localhost:8081/getAttractions
20:29:40.530 [reactor-http-nio-12] DEBUG reactor.netty.resources.PooledConnectionProvider - [id: 0xd3e383bb, L:/127.0.0.1:49956 - R:localhost/127.0.0.1:8082] onStateChange(GET{uri=/getAttractionRewardPoints?attractionId=088084aa-984c-4fd1-b022-8f7065874b11&userId=0ab1dade-bbbe-49b7-87bc-edfb622f7b2e, connection=PooledConnection{channel=[id: 0xd3e383bb, L:/127.0.0.1:49956 - R:localhost/127.0.0.1:8082]}}, [request_sent])
20:29:40.530 [reactor-http-nio-14] DEBUG reactor.netty.resources.PooledConnectionProvider - [id: 0x02e00a46, L:/127.0.0.1:49897 - R:localhost/127.0.0.1:8081] Channel acquired, now 2 active connections and 63 inactive connections
20:29:40.530 [reactor-http-nio-14] DEBUG reactor.netty.http.client.HttpClientConnect - [id: 0x02e00a46, L:/127.0.0.1:49897 - R:localhost/127.0.0.1:8081] Handler is being applied: {uri=http://localhost:8081/getAttractions, method=GET}
20:29:40.530 [reactor-http-nio-14] DEBUG reactor.netty.resources.PooledConnectionProvider - [id: 0x02e00a46, L:/127.0.0.1:49897 - R:localhost/127.0.0.1:8081] onStateChange(GET{uri=/getAttractions, connection=PooledConnection{channel=[id: 0x02e00a46, L:/127.0.0.1:49897 - R:localhost/127.0.0.1:8081]}}, [request_sent])
20:29:40.533 [reactor-http-nio-12] DEBUG reactor.netty.http.client.HttpClientOperations - [id: 0x980ec248, L:/127.0.0.1:49961 - R:localhost/127.0.0.1:8082] Received response (auto-read:false) : [Content-Type=application/json, Transfer-Encoding=chunked, Date=Tue, 29 Jun 2021 14:59:39 GMT]
20:29:40.533 [reactor-http-nio-12] DEBUG reactor.netty.resources.PooledConnectionProvider - [id: 0x980ec248, L:/127.0.0.1:49961 - R:localhost/127.0.0.1:8082] onStateChange(GET{uri=/getAttractionRewardPoints?attractionId=033a5402-cf60-4a6b-98bb-95f19e0be32d&userId=e6b0fc49-fca4-44ce-83bc-754ddca234eb, connection=PooledConnection{channel=[id: 0x980ec248, L:/127.0.0.1:49961 - R:localhost/127.0.0.1:8082]}}, [response_received])
20:29:40.534 [reactor-http-nio-12] DEBUG org.springframework.web.reactive.function.client.ExchangeFunctions - [1de292e5] Response 200 OK
20:29:40.534 [reactor-http-nio-12] DEBUG reactor.netty.channel.FluxReceive - [id: 0x980ec248, L:/127.0.0.1:49961 - R:localhost/127.0.0.1:8082] Subscribing inbound receiver [pending: 0, cancelled:false, inboundDone: false]
20:29:40.534 [reactor-http-nio-12] DEBUG reactor.netty.http.client.HttpClientOperations - [id: 0x980ec248, L:/127.0.0.1:49961 - R:localhost/127.0.0.1:8082] Received last HTTP packet
20:29:40.534 [reactor-http-nio-12] DEBUG org.springframework.core.codec.StringDecoder - [1de292e5] Decoded "941"
20:29:40.534 [reactor-http-nio-12] DEBUG reactor.netty.resources.PooledConnectionProvider - [id: 0x980ec248, L:/127.0.0.1:49961 - R:localhost/127.0.0.1:8082] onStateChange(GET{uri=/getAttractionRewardPoints?attractionId=033a5402-cf60-4a6b-98bb-95f19e0be32d&userId=e6b0fc49-fca4-44ce-83bc-754ddca234eb, connection=PooledConnection{channel=[id: 0x980ec248, L:/127.0.0.1:49961 - R:localhost/127.0.0.1:8082]}}, [disconnecting])
20:29:40.534 [reactor-http-nio-12] DEBUG reactor.netty.resources.PooledConnectionProvider - [id: 0x980ec248, L:/127.0.0.1:49961 - R:localhost/127.0.0.1:8082] Releasing channel
20:29:40.534 [reactor-http-nio-12] DEBUG reactor.netty.resources.PooledConnectionProvider - [id: 0x980ec248, L:/127.0.0.1:49961 - R:localhost/127.0.0.1:8082] Channel cleaned, now 62 active connections and 3 inactive connections
20:29:40.534 [pool-15-thread-46] DEBUG org.springframework.web.reactive.function.client.ExchangeFunctions - [19dd0581] HTTP GET http://localhost:8081/getAttractions
20:29:40.535 [reactor-http-nio-10] DEBUG reactor.netty.resources.PooledConnectionProvider - [id: 0x333c1bf0, L:/127.0.0.1:49905 - R:localhost/127.0.0.1:8081] Channel acquired, now 3 active connections and 62 inactive connections
20:29:40.535 [reactor-http-nio-10] DEBUG reactor.netty.http.client.HttpClientConnect - [id: 0x333c1bf0, L:/127.0.0.1:49905 - R:localhost/127.0.0.1:8081] Handler is being applied: {uri=http://localhost:8081/getAttractions, method=GET}
20:29:40.535 [reactor-http-nio-16] DEBUG reactor.netty.http.client.HttpClientOperations - [id: 0xbf9579bc, L:/127.0.0.1:49879 - R:localhost/127.0.0.1:8081] Received response (auto-read:false) : [Content-Type=application/json, Transfer-Encoding=chunked, Date=Tue, 29 Jun 2021 14:59:40 GMT]
20:29:40.535 [reactor-http-nio-16] DEBUG reactor.netty.resources.PooledConnectionProvider - [id: 0xbf9579bc, L:/127.0.0.1:49879 - R:localhost/127.0.0.1:8081] onStateChange(GET{uri=/getAttractions, connection=PooledConnection{channel=[id: 0xbf9579bc, L:/127.0.0.1:49879 - R:localhost/127.0.0.1:8081]}}, [response_received])
20:29:40.535 [reactor-http-nio-16] DEBUG org.springframework.web.reactive.function.client.ExchangeFunctions - [1ac1fe0b] Response 200 OK
20:29:40.535 [reactor-http-nio-10] DEBUG reactor.netty.resources.PooledConnectionProvider - [id: 0x333c1bf0, L:/127.0.0.1:49905 - R:localhost/127.0.0.1:8081] onStateChange(GET{uri=/getAttractions, connection=PooledConnection{channel=[id: 0x333c1bf0, L:/127.0.0.1:49905 - R:localhost/127.0.0.1:8081]}}, [request_sent])
20:29:40.535 [reactor-http-nio-16] DEBUG reactor.netty.channel.FluxReceive - [id: 0xbf9579bc, L:/127.0.0.1:49879 - R:localhost/127.0.0.1:8081] Subscribing inbound receiver [pending: 0, cancelled:false, inboundDone: false]
20:29:40.535 [reactor-http-nio-16] DEBUG reactor.netty.http.client.HttpClientOperations - [id: 0xbf9579bc, L:/127.0.0.1:49879 - R:localhost/127.0.0.1:8081] Received last HTTP packet
20:29:40.536 [reactor-http-nio-16] DEBUG org.springframework.core.codec.StringDecoder - [1ac1fe0b] Decoded "[{"longitude":-117.922008,"latitude":33.817595,"attractionName":"Disneyland","city":"Anaheim","stat (truncated)...
20:29:40.536 [reactor-http-nio-16] DEBUG reactor.netty.resources.PooledConnectionProvider - [id: 0xbf9579bc, L:/127.0.0.1:49879 - R:localhost/127.0.0.1:8081] onStateChange(GET{uri=/getAttractions, connection=PooledConnection{channel=[id: 0xbf9579bc, L:/127.0.0.1:49879 - R:localhost/127.0.0.1:8081]}}, [disconnecting])
20:29:40.536 [reactor-http-nio-16] DEBUG reactor.netty.resources.PooledConnectionProvider - [id: 0xbf9579bc, L:/127.0.0.1:49879 - R:localhost/127.0.0.1:8081] Releasing channel
20:29:40.536 [reactor-http-nio-16] DEBUG reactor.netty.resources.PooledConnectionProvider - [id: 0xbf9579bc, L:/127.0.0.1:49879 - R:localhost/127.0.0.1:8081] Channel cleaned, now 2 active connections and 63 inactive connections
20:29:40.536 [pool-15-thread-41] DEBUG org.springframework.web.reactive.function.client.ExchangeFunctions - [5fc37337] HTTP GET http://localhost:8082/getAttractionRewardPoints?attractionId=71e9f465-2f84-4d4e-9883-531109567ea2&userId=dfd93935-fb21-4f23-b8fc-5dded0bca21f
20:29:40.537 [reactor-http-nio-16] DEBUG reactor.netty.resources.PooledConnectionProvider - [id: 0x1d80bd18, L:/127.0.0.1:49997 - R:localhost/127.0.0.1:8082] Channel acquired, now 63 active connections and 2 inactive connections
20:29:40.537 [reactor-http-nio-16] DEBUG reactor.netty.http.client.HttpClientConnect - [id: 0x1d80bd18, L:/127.0.0.1:49997 - R:localhost/127.0.0.1:8082] Handler is being applied: {uri=http://localhost:8082/getAttractionRewardPoints?attractionId=71e9f465-2f84-4d4e-9883-531109567ea2&userId=dfd93935-fb21-4f23-b8fc-5dded0bca21f, method=GET}
20:29:40.537 [reactor-http-nio-16] DEBUG reactor.netty.resources.PooledConnectionProvider - [id: 0x1d80bd18, L:/127.0.0.1:49997 - R:localhost/127.0.0.1:8082] onStateChange(GET{uri=/getAttractionRewardPoints?attractionId=71e9f465-2f84-4d4e-9883-531109567ea2&userId=dfd93935-fb21-4f23-b8fc-5dded0bca21f, connection=PooledConnection{channel=[id: 0x1d80bd18, L:/127.0.0.1:49997 - R:localhost/127.0.0.1:8082]}}, [request_sent])
20:29:40.544 [reactor-http-nio-14] DEBUG reactor.netty.http.client.HttpClientOperations - [id: 0x02e00a46, L:/127.0.0.1:49897 - R:localhost/127.0.0.1:8081] Received response (auto-read:false) : [Content-Type=application/json, Transfer-Encoding=chunked, Date=Tue, 29 Jun 2021 14:59:40 GMT]
20:29:40.544 [reactor-http-nio-14] DEBUG reactor.netty.resources.PooledConnectionProvider - [id: 0x02e00a46, L:/127.0.0.1:49897 - R:localhost/127.0.0.1:8081] onStateChange(GET{uri=/getAttractions, connection=PooledConnection{channel=[id: 0x02e00a46, L:/127.0.0.1:49897 - R:localhost/127.0.0.1:8081]}}, [response_received])
20:29:40.544 [reactor-http-nio-14] DEBUG org.springframework.web.reactive.function.client.ExchangeFunctions - [357d7cf1] Response 200 OK
20:29:40.545 [reactor-http-nio-14] DEBUG reactor.netty.channel.FluxReceive - [id: 0x02e00a46, L:/127.0.0.1:49897 - R:localhost/127.0.0.1:8081] Subscribing inbound receiver [pending: 0, cancelled:false, inboundDone: false]
20:29:40.545 [reactor-http-nio-14] DEBUG reactor.netty.http.client.HttpClientOperations - [id: 0x02e00a46, L:/127.0.0.1:49897 - R:localhost/127.0.0.1:8081] Received last HTTP packet
20:29:40.545 [reactor-http-nio-14] DEBUG org.springframework.core.codec.StringDecoder - [357d7cf1] Decoded "[{"longitude":-117.922008,"latitude":33.817595,"attractionName":"Disneyland","city":"Anaheim","stat (truncated)...
20:29:40.545 [reactor-http-nio-14] DEBUG reactor.netty.resources.PooledConnectionProvider - [id: 0x02e00a46, L:/127.0.0.1:49897 - R:localhost/127.0.0.1:8081] onStateChange(GET{uri=/getAttractions, connection=PooledConnection{channel=[id: 0x02e00a46, L:/127.0.0.1:49897 - R:localhost/127.0.0.1:8081]}}, [disconnecting])
20:29:40.545 [reactor-http-nio-14] DEBUG reactor.netty.resources.PooledConnectionProvider - [id: 0x02e00a46, L:/127.0.0.1:49897 - R:localhost/127.0.0.1:8081] Releasing channel
20:29:40.545 [reactor-http-nio-14] DEBUG reactor.netty.resources.PooledConnectionProvider - [id: 0x02e00a46, L:/127.0.0.1:49897 - R:localhost/127.0.0.1:8081] Channel cleaned, now 1 active connections and 64 inactive connections
20:29:40.546 [reactor-http-nio-12] DEBUG reactor.netty.http.client.HttpClientOperations - [id: 0xc47e4404, L:/127.0.0.1:49951 - R:localhost/127.0.0.1:8082] Received response (auto-read:false) : [Content-Type=application/json, Transfer-Encoding=chunked, Date=Tue, 29 Jun 2021 14:59:39 GMT]
20:29:40.546 [reactor-http-nio-12] DEBUG reactor.netty.resources.PooledConnectionProvider - [id: 0xc47e4404, L:/127.0.0.1:49951 - R:localhost/127.0.0.1:8082] onStateChange(GET{uri=/getAttractionRewardPoints?attractionId=58804254-4d14-4066-b777-f367f27d4ce4&userId=9c078a3f-4671-4f98-a06c-0d6a79978073, connection=PooledConnection{channel=[id: 0xc47e4404, L:/127.0.0.1:49951 - R:localhost/127.0.0.1:8082]}}, [response_received])
20:29:40.546 [reactor-http-nio-12] DEBUG org.springframework.web.reactive.function.client.ExchangeFunctions - [75aaeeb9] Response 200 OK
20:29:40.546 [pool-15-thread-27] DEBUG org.springframework.web.reactive.function.client.ExchangeFunctions - [707fe43a] HTTP GET http://localhost:8082/getAttractionRewardPoints?attractionId=76145cb0-639c-4ccd-9dc5-ccbdd16e7166&userId=1cbc741b-4901-40d2-a469-57508076f79d
20:29:40.546 [reactor-http-nio-12] DEBUG reactor.netty.channel.FluxReceive - [id: 0xc47e4404, L:/127.0.0.1:49951 - R:localhost/127.0.0.1:8082] Subscribing inbound receiver [pending: 0, cancelled:false, inboundDone: false]
20:29:40.546 [reactor-http-nio-10] DEBUG reactor.netty.http.client.HttpClientOperations - [id: 0x333c1bf0, L:/127.0.0.1:49905 - R:localhost/127.0.0.1:8081] Received response (auto-read:false) : [Content-Type=application/json, Transfer-Encoding=chunked, Date=Tue, 29 Jun 2021 14:59:40 GMT]
20:29:40.546 [reactor-http-nio-15] DEBUG reactor.netty.resources.PooledConnectionProvider - [id: 0x3457a508, L:/127.0.0.1:49966 - R:localhost/127.0.0.1:8082] Channel acquired, now 64 active connections and 1 inactive connections
20:29:40.546 [reactor-http-nio-10] DEBUG reactor.netty.resources.PooledConnectionProvider - [id: 0x333c1bf0, L:/127.0.0.1:49905 - R:localhost/127.0.0.1:8081] onStateChange(GET{uri=/getAttractions, connection=PooledConnection{channel=[id: 0x333c1bf0, L:/127.0.0.1:49905 - R:localhost/127.0.0.1:8081]}}, [response_received])
20:29:40.547 [reactor-http-nio-10] DEBUG org.springframework.web.reactive.function.client.ExchangeFunctions - [19dd0581] Response 200 OK
20:29:40.547 [reactor-http-nio-15] DEBUG reactor.netty.http.client.HttpClientConnect - [id: 0x3457a508, L:/127.0.0.1:49966 - R:localhost/127.0.0.1:8082] Handler is being applied: {uri=http://localhost:8082/getAttractionRewardPoints?attractionId=76145cb0-639c-4ccd-9dc5-ccbdd16e7166&userId=1cbc741b-4901-40d2-a469-57508076f79d, method=GET}
20:29:40.547 [reactor-http-nio-12] DEBUG reactor.netty.http.client.HttpClientOperations - [id: 0xc47e4404, L:/127.0.0.1:49951 - R:localhost/127.0.0.1:8082] Received last HTTP packet
20:29:40.547 [reactor-http-nio-12] DEBUG org.springframework.core.codec.StringDecoder - [75aaeeb9] Decoded "161"
20:29:40.547 [reactor-http-nio-12] DEBUG reactor.netty.resources.PooledConnectionProvider - [id: 0xc47e4404, L:/127.0.0.1:49951 - R:localhost/127.0.0.1:8082] onStateChange(GET{uri=/getAttractionRewardPoints?attractionId=58804254-4d14-4066-b777-f367f27d4ce4&userId=9c078a3f-4671-4f98-a06c-0d6a79978073, connection=PooledConnection{channel=[id: 0xc47e4404, L:/127.0.0.1:49951 - R:localhost/127.0.0.1:8082]}}, [disconnecting])
20:29:40.547 [reactor-http-nio-12] DEBUG reactor.netty.resources.PooledConnectionProvider - [id: 0xc47e4404, L:/127.0.0.1:49951 - R:localhost/127.0.0.1:8082] Releasing channel
20:29:40.547 [reactor-http-nio-10] DEBUG reactor.netty.channel.FluxReceive - [id: 0x333c1bf0, L:/127.0.0.1:49905 - R:localhost/127.0.0.1:8081] Subscribing inbound receiver [pending: 0, cancelled:false, inboundDone: false]
20:29:40.547 [reactor-http-nio-12] DEBUG reactor.netty.resources.PooledConnectionProvider - [id: 0xc47e4404, L:/127.0.0.1:49951 - R:localhost/127.0.0.1:8082] Channel cleaned, now 63 active connections and 2 inactive connections
20:29:40.547 [reactor-http-nio-15] DEBUG reactor.netty.resources.PooledConnectionProvider - [id: 0x3457a508, L:/127.0.0.1:49966 - R:localhost/127.0.0.1:8082] onStateChange(GET{uri=/getAttractionRewardPoints?attractionId=76145cb0-639c-4ccd-9dc5-ccbdd16e7166&userId=1cbc741b-4901-40d2-a469-57508076f79d, connection=PooledConnection{channel=[id: 0x3457a508, L:/127.0.0.1:49966 - R:localhost/127.0.0.1:8082]}}, [request_sent])
20:29:40.547 [reactor-http-nio-10] DEBUG reactor.netty.http.client.HttpClientOperations - [id: 0x333c1bf0, L:/127.0.0.1:49905 - R:localhost/127.0.0.1:8081] Received last HTTP packet
20:29:40.547 [reactor-http-nio-10] DEBUG org.springframework.core.codec.StringDecoder - [19dd0581] Decoded "[{"longitude":-117.922008,"latitude":33.817595,"attractionName":"Disneyland","city":"Anaheim","stat (truncated)...
20:29:40.547 [reactor-http-nio-10] DEBUG reactor.netty.resources.PooledConnectionProvider - [id: 0x333c1bf0, L:/127.0.0.1:49905 - R:localhost/127.0.0.1:8081] onStateChange(GET{uri=/getAttractions, connection=PooledConnection{channel=[id: 0x333c1bf0, L:/127.0.0.1:49905 - R:localhost/127.0.0.1:8081]}}, [disconnecting])
20:29:40.547 [reactor-http-nio-10] DEBUG reactor.netty.resources.PooledConnectionProvider - [id: 0x333c1bf0, L:/127.0.0.1:49905 - R:localhost/127.0.0.1:8081] Releasing channel
20:29:40.548 [reactor-http-nio-10] DEBUG reactor.netty.resources.PooledConnectionProvider - [id: 0x333c1bf0, L:/127.0.0.1:49905 - R:localhost/127.0.0.1:8081] Channel cleaned, now 0 active connections and 65 inactive connections
20:29:40.548 [pool-15-thread-6] DEBUG org.springframework.web.reactive.function.client.ExchangeFunctions - [719574d4] HTTP GET http://localhost:8081/getAttractions
20:29:40.548 [reactor-http-nio-2] DEBUG reactor.netty.resources.PooledConnectionProvider - [id: 0xa9dc0f4b, L:/127.0.0.1:49924 - R:localhost/127.0.0.1:8081] Channel acquired, now 1 active connections and 64 inactive connections
20:29:40.548 [reactor-http-nio-2] DEBUG reactor.netty.http.client.HttpClientConnect - [id: 0xa9dc0f4b, L:/127.0.0.1:49924 - R:localhost/127.0.0.1:8081] Handler is being applied: {uri=http://localhost:8081/getAttractions, method=GET}
20:29:40.548 [reactor-http-nio-2] DEBUG reactor.netty.resources.PooledConnectionProvider - [id: 0xa9dc0f4b, L:/127.0.0.1:49924 - R:localhost/127.0.0.1:8081] onStateChange(GET{uri=/getAttractions, connection=PooledConnection{channel=[id: 0xa9dc0f4b, L:/127.0.0.1:49924 - R:localhost/127.0.0.1:8081]}}, [request_sent])
20:29:40.549 [pool-15-thread-46] DEBUG org.springframework.web.reactive.function.client.ExchangeFunctions - [5cdf98de] HTTP GET http://localhost:8082/getAttractionRewardPoints?attractionId=64e05ae7-2168-46ac-8779-82c9923ab31a&userId=99e910b7-154d-45f8-a211-89fe8eb8811a
20:29:40.549 [reactor-http-nio-12] DEBUG reactor.netty.resources.PooledConnectionProvider - [id: 0x980ec248, L:/127.0.0.1:49961 - R:localhost/127.0.0.1:8082] Channel acquired, now 64 active connections and 1 inactive connections
20:29:40.549 [reactor-http-nio-12] DEBUG reactor.netty.http.client.HttpClientConnect - [id: 0x980ec248, L:/127.0.0.1:49961 - R:localhost/127.0.0.1:8082] Handler is being applied: {uri=http://localhost:8082/getAttractionRewardPoints?attractionId=64e05ae7-2168-46ac-8779-82c9923ab31a&userId=99e910b7-154d-45f8-a211-89fe8eb8811a, method=GET}
20:29:40.549 [reactor-http-nio-12] DEBUG reactor.netty.resources.PooledConnectionProvider - [id: 0x980ec248, L:/127.0.0.1:49961 - R:localhost/127.0.0.1:8082] onStateChange(GET{uri=/getAttractionRewardPoints?attractionId=64e05ae7-2168-46ac-8779-82c9923ab31a&userId=99e910b7-154d-45f8-a211-89fe8eb8811a, connection=PooledConnection{channel=[id: 0x980ec248, L:/127.0.0.1:49961 - R:localhost/127.0.0.1:8082]}}, [request_sent])
20:29:40.551 [reactor-http-nio-11] DEBUG reactor.netty.http.client.HttpClientOperations - [id: 0x3a510d05, L:/127.0.0.1:49941 - R:localhost/127.0.0.1:8082] Received response (auto-read:false) : [Content-Type=application/json, Transfer-Encoding=chunked, Date=Tue, 29 Jun 2021 14:59:39 GMT]
20:29:40.551 [reactor-http-nio-15] DEBUG reactor.netty.http.client.HttpClientOperations - [id: 0xb886dbd8, L:/127.0.0.1:49994 - R:localhost/127.0.0.1:8082] Received response (auto-read:false) : [Content-Type=application/json, Transfer-Encoding=chunked, Date=Tue, 29 Jun 2021 14:59:39 GMT]
20:29:40.551 [reactor-http-nio-11] DEBUG reactor.netty.resources.PooledConnectionProvider - [id: 0x3a510d05, L:/127.0.0.1:49941 - R:localhost/127.0.0.1:8082] onStateChange(GET{uri=/getAttractionRewardPoints?attractionId=82b223ce-a6c5-41b0-8b3f-7e17d222722f&userId=ff1138ab-e29e-4a14-a76b-3ceeb3f24366, connection=PooledConnection{channel=[id: 0x3a510d05, L:/127.0.0.1:49941 - R:localhost/127.0.0.1:8082]}}, [response_received])
20:29:40.551 [reactor-http-nio-15] DEBUG reactor.netty.resources.PooledConnectionProvider - [id: 0xb886dbd8, L:/127.0.0.1:49994 - R:localhost/127.0.0.1:8082] onStateChange(GET{uri=/getAttractionRewardPoints?attractionId=c3f7d4be-2d9b-4469-9061-1aab302f1ead&userId=ce9da9c3-8a72-4efb-ba88-ed7e23ed27e0, connection=PooledConnection{channel=[id: 0xb886dbd8, L:/127.0.0.1:49994 - R:localhost/127.0.0.1:8082]}}, [response_received])
20:29:40.551 [reactor-http-nio-15] DEBUG org.springframework.web.reactive.function.client.ExchangeFunctions - [2762c8e4] Response 200 OK
20:29:40.551 [reactor-http-nio-11] DEBUG org.springframework.web.reactive.function.client.ExchangeFunctions - [5fbf633a] Response 200 OK
20:29:40.551 [reactor-http-nio-15] DEBUG reactor.netty.channel.FluxReceive - [id: 0xb886dbd8, L:/127.0.0.1:49994 - R:localhost/127.0.0.1:8082] Subscribing inbound receiver [pending: 0, cancelled:false, inboundDone: false]
20:29:40.551 [reactor-http-nio-11] DEBUG reactor.netty.channel.FluxReceive - [id: 0x3a510d05, L:/127.0.0.1:49941 - R:localhost/127.0.0.1:8082] Subscribing inbound receiver [pending: 0, cancelled:false, inboundDone: false]
20:29:40.552 [reactor-http-nio-15] DEBUG reactor.netty.http.client.HttpClientOperations - [id: 0xb886dbd8, L:/127.0.0.1:49994 - R:localhost/127.0.0.1:8082] Received last HTTP packet
20:29:40.552 [reactor-http-nio-15] DEBUG org.springframework.core.codec.StringDecoder - [2762c8e4] Decoded "420"
20:29:40.552 [reactor-http-nio-11] DEBUG reactor.netty.http.client.HttpClientOperations - [id: 0x3a510d05, L:/127.0.0.1:49941 - R:localhost/127.0.0.1:8082] Received last HTTP packet
20:29:40.552 [reactor-http-nio-15] DEBUG reactor.netty.resources.PooledConnectionProvider - [id: 0xb886dbd8, L:/127.0.0.1:49994 - R:localhost/127.0.0.1:8082] onStateChange(GET{uri=/getAttractionRewardPoints?attractionId=c3f7d4be-2d9b-4469-9061-1aab302f1ead&userId=ce9da9c3-8a72-4efb-ba88-ed7e23ed27e0, connection=PooledConnection{channel=[id: 0xb886dbd8, L:/127.0.0.1:49994 - R:localhost/127.0.0.1:8082]}}, [disconnecting])
20:29:40.552 [reactor-http-nio-15] DEBUG reactor.netty.resources.PooledConnectionProvider - [id: 0xb886dbd8, L:/127.0.0.1:49994 - R:localhost/127.0.0.1:8082] Releasing channel
20:29:40.552 [reactor-http-nio-11] DEBUG org.springframework.core.codec.StringDecoder - [5fbf633a] Decoded "375"
20:29:40.552 [reactor-http-nio-15] DEBUG reactor.netty.resources.PooledConnectionProvider - [id: 0xb886dbd8, L:/127.0.0.1:49994 - R:localhost/127.0.0.1:8082] Channel cleaned, now 63 active connections and 2 inactive connections
20:29:40.552 [reactor-http-nio-11] DEBUG reactor.netty.resources.PooledConnectionProvider - [id: 0x3a510d05, L:/127.0.0.1:49941 - R:localhost/127.0.0.1:8082] onStateChange(GET{uri=/getAttractionRewardPoints?attractionId=82b223ce-a6c5-41b0-8b3f-7e17d222722f&userId=ff1138ab-e29e-4a14-a76b-3ceeb3f24366, connection=PooledConnection{channel=[id: 0x3a510d05, L:/127.0.0.1:49941 - R:localhost/127.0.0.1:8082]}}, [disconnecting])
20:29:40.552 [reactor-http-nio-11] DEBUG reactor.netty.resources.PooledConnectionProvider - [id: 0x3a510d05, L:/127.0.0.1:49941 - R:localhost/127.0.0.1:8082] Releasing channel
20:29:40.552 [reactor-http-nio-11] DEBUG reactor.netty.resources.PooledConnectionProvider - [id: 0x3a510d05, L:/127.0.0.1:49941 - R:localhost/127.0.0.1:8082] Channel cleaned, now 62 active connections and 3 inactive connections
20:29:40.552 [pool-15-thread-40] DEBUG org.springframework.web.reactive.function.client.ExchangeFunctions - [235d58d0] HTTP GET http://localhost:8081/getAttractions
20:29:40.552 [pool-15-thread-37] DEBUG org.springframework.web.reactive.function.client.ExchangeFunctions - [5b80fc15] HTTP GET http://localhost:8081/getAttractions
20:29:40.553 [reactor-http-nio-12] DEBUG reactor.netty.resources.PooledConnectionProvider - [id: 0x54b51839, L:/127.0.0.1:49907 - R:localhost/127.0.0.1:8081] Channel acquired, now 2 active connections and 63 inactive connections
20:29:40.553 [reactor-http-nio-14] DEBUG reactor.netty.resources.PooledConnectionProvider - [id: 0x862a0562, L:/127.0.0.1:49894 - R:localhost/127.0.0.1:8081] Channel acquired, now 3 active connections and 62 inactive connections
20:29:40.553 [reactor-http-nio-12] DEBUG reactor.netty.http.client.HttpClientConnect - [id: 0x54b51839, L:/127.0.0.1:49907 - R:localhost/127.0.0.1:8081] Handler is being applied: {uri=http://localhost:8081/getAttractions, method=GET}
20:29:40.553 [reactor-http-nio-14] DEBUG reactor.netty.http.client.HttpClientConnect - [id: 0x862a0562, L:/127.0.0.1:49894 - R:localhost/127.0.0.1:8081] Handler is being applied: {uri=http://localhost:8081/getAttractions, method=GET}
20:29:40.553 [reactor-http-nio-12] DEBUG reactor.netty.resources.PooledConnectionProvider - [id: 0x54b51839, L:/127.0.0.1:49907 - R:localhost/127.0.0.1:8081] onStateChange(GET{uri=/getAttractions, connection=PooledConnection{channel=[id: 0x54b51839, L:/127.0.0.1:49907 - R:localhost/127.0.0.1:8081]}}, [request_sent])
20:29:40.553 [reactor-http-nio-14] DEBUG reactor.netty.resources.PooledConnectionProvider - [id: 0x862a0562, L:/127.0.0.1:49894 - R:localhost/127.0.0.1:8081] onStateChange(GET{uri=/getAttractions, connection=PooledConnection{channel=[id: 0x862a0562, L:/127.0.0.1:49894 - R:localhost/127.0.0.1:8081]}}, [request_sent])
20:29:40.562 [reactor-http-nio-2] DEBUG reactor.netty.http.client.HttpClientOperations - [id: 0xa9dc0f4b, L:/127.0.0.1:49924 - R:localhost/127.0.0.1:8081] Received response (auto-read:false) : [Content-Type=application/json, Transfer-Encoding=chunked, Date=Tue, 29 Jun 2021 14:59:40 GMT]
20:29:40.562 [reactor-http-nio-2] DEBUG reactor.netty.resources.PooledConnectionProvider - [id: 0xa9dc0f4b, L:/127.0.0.1:49924 - R:localhost/127.0.0.1:8081] onStateChange(GET{uri=/getAttractions, connection=PooledConnection{channel=[id: 0xa9dc0f4b, L:/127.0.0.1:49924 - R:localhost/127.0.0.1:8081]}}, [response_received])
20:29:40.562 [reactor-http-nio-15] DEBUG reactor.netty.http.client.HttpClientOperations - [id: 0xac13e584, L:/127.0.0.1:49937 - R:localhost/127.0.0.1:8082] Received response (auto-read:false) : [Content-Type=application/json, Transfer-Encoding=chunked, Date=Tue, 29 Jun 2021 14:59:39 GMT]
20:29:40.562 [reactor-http-nio-15] DEBUG reactor.netty.resources.PooledConnectionProvider - [id: 0xac13e584, L:/127.0.0.1:49937 - R:localhost/127.0.0.1:8082] onStateChange(GET{uri=/getAttractionRewardPoints?attractionId=b6b26f40-1129-4b48-b146-a2b53a70cb56&userId=5a23ae35-b541-4175-8123-fcc579587353, connection=PooledConnection{channel=[id: 0xac13e584, L:/127.0.0.1:49937 - R:localhost/127.0.0.1:8082]}}, [response_received])
20:29:40.562 [reactor-http-nio-15] DEBUG org.springframework.web.reactive.function.client.ExchangeFunctions - [7d1a6e43] Response 200 OK
20:29:40.562 [reactor-http-nio-2] DEBUG org.springframework.web.reactive.function.client.ExchangeFunctions - [719574d4] Response 200 OK
20:29:40.563 [reactor-http-nio-2] DEBUG reactor.netty.channel.FluxReceive - [id: 0xa9dc0f4b, L:/127.0.0.1:49924 - R:localhost/127.0.0.1:8081] Subscribing inbound receiver [pending: 0, cancelled:false, inboundDone: false]
20:29:40.563 [reactor-http-nio-15] DEBUG reactor.netty.channel.FluxReceive - [id: 0xac13e584, L:/127.0.0.1:49937 - R:localhost/127.0.0.1:8082] Subscribing inbound receiver [pending: 0, cancelled:false, inboundDone: false]
20:29:40.563 [reactor-http-nio-2] DEBUG reactor.netty.http.client.HttpClientOperations - [id: 0xa9dc0f4b, L:/127.0.0.1:49924 - R:localhost/127.0.0.1:8081] Received last HTTP packet
20:29:40.563 [reactor-http-nio-15] DEBUG reactor.netty.http.client.HttpClientOperations - [id: 0xac13e584, L:/127.0.0.1:49937 - R:localhost/127.0.0.1:8082] Received last HTTP packet
20:29:40.563 [reactor-http-nio-15] DEBUG org.springframework.core.codec.StringDecoder - [7d1a6e43] Decoded "478"
20:29:40.563 [reactor-http-nio-2] DEBUG org.springframework.core.codec.StringDecoder - [719574d4] Decoded "[{"longitude":-117.922008,"latitude":33.817595,"attractionName":"Disneyland","city":"Anaheim","stat (truncated)...
20:29:40.563 [reactor-http-nio-15] DEBUG reactor.netty.resources.PooledConnectionProvider - [id: 0xac13e584, L:/127.0.0.1:49937 - R:localhost/127.0.0.1:8082] onStateChange(GET{uri=/getAttractionRewardPoints?attractionId=b6b26f40-1129-4b48-b146-a2b53a70cb56&userId=5a23ae35-b541-4175-8123-fcc579587353, connection=PooledConnection{channel=[id: 0xac13e584, L:/127.0.0.1:49937 - R:localhost/127.0.0.1:8082]}}, [disconnecting])
20:29:40.563 [reactor-http-nio-2] DEBUG reactor.netty.resources.PooledConnectionProvider - [id: 0xa9dc0f4b, L:/127.0.0.1:49924 - R:localhost/127.0.0.1:8081] onStateChange(GET{uri=/getAttractions, connection=PooledConnection{channel=[id: 0xa9dc0f4b, L:/127.0.0.1:49924 - R:localhost/127.0.0.1:8081]}}, [disconnecting])
20:29:40.563 [reactor-http-nio-15] DEBUG reactor.netty.resources.PooledConnectionProvider - [id: 0xac13e584, L:/127.0.0.1:49937 - R:localhost/127.0.0.1:8082] Releasing channel
20:29:40.563 [reactor-http-nio-2] DEBUG reactor.netty.resources.PooledConnectionProvider - [id: 0xa9dc0f4b, L:/127.0.0.1:49924 - R:localhost/127.0.0.1:8081] Releasing channel
20:29:40.563 [reactor-http-nio-15] DEBUG reactor.netty.resources.PooledConnectionProvider - [id: 0xac13e584, L:/127.0.0.1:49937 - R:localhost/127.0.0.1:8082] Channel cleaned, now 61 active connections and 4 inactive connections
20:29:40.563 [reactor-http-nio-2] DEBUG reactor.netty.resources.PooledConnectionProvider - [id: 0xa9dc0f4b, L:/127.0.0.1:49924 - R:localhost/127.0.0.1:8081] Channel cleaned, now 2 active connections and 63 inactive connections
20:29:40.564 [pool-15-thread-11] DEBUG org.springframework.web.reactive.function.client.ExchangeFunctions - [7925e538] HTTP GET http://localhost:8081/getAttractions
20:29:40.564 [reactor-http-nio-16] DEBUG reactor.netty.resources.PooledConnectionProvider - [id: 0xca5097d1, L:/127.0.0.1:49901 - R:localhost/127.0.0.1:8081] Channel acquired, now 3 active connections and 62 inactive connections
20:29:40.564 [reactor-http-nio-16] DEBUG reactor.netty.http.client.HttpClientConnect - [id: 0xca5097d1, L:/127.0.0.1:49901 - R:localhost/127.0.0.1:8081] Handler is being applied: {uri=http://localhost:8081/getAttractions, method=GET}
20:29:40.564 [pool-15-thread-6] DEBUG org.springframework.web.reactive.function.client.ExchangeFunctions - [3497e482] HTTP GET http://localhost:8082/getAttractionRewardPoints?attractionId=35842600-5aad-4a90-b377-f8d6d7f6ea65&userId=114d5cc2-0cef-482c-83d8-cc59cbbc7479
20:29:40.564 [reactor-http-nio-16] DEBUG reactor.netty.resources.PooledConnectionProvider - [id: 0xca5097d1, L:/127.0.0.1:49901 - R:localhost/127.0.0.1:8081] onStateChange(GET{uri=/getAttractions, connection=PooledConnection{channel=[id: 0xca5097d1, L:/127.0.0.1:49901 - R:localhost/127.0.0.1:8081]}}, [request_sent])
20:29:40.564 [reactor-http-nio-12] DEBUG reactor.netty.resources.PooledConnectionProvider - [id: 0xc47e4404, L:/127.0.0.1:49951 - R:localhost/127.0.0.1:8082] Channel acquired, now 62 active connections and 3 inactive connections
20:29:40.564 [reactor-http-nio-12] DEBUG reactor.netty.http.client.HttpClientConnect - [id: 0xc47e4404, L:/127.0.0.1:49951 - R:localhost/127.0.0.1:8082] Handler is being applied: {uri=http://localhost:8082/getAttractionRewardPoints?attractionId=35842600-5aad-4a90-b377-f8d6d7f6ea65&userId=114d5cc2-0cef-482c-83d8-cc59cbbc7479, method=GET}
20:29:40.564 [reactor-http-nio-14] DEBUG reactor.netty.http.client.HttpClientOperations - [id: 0x862a0562, L:/127.0.0.1:49894 - R:localhost/127.0.0.1:8081] Received response (auto-read:false) : [Content-Type=application/json, Transfer-Encoding=chunked, Date=Tue, 29 Jun 2021 14:59:40 GMT]
20:29:40.564 [reactor-http-nio-14] DEBUG reactor.netty.resources.PooledConnectionProvider - [id: 0x862a0562, L:/127.0.0.1:49894 - R:localhost/127.0.0.1:8081] onStateChange(GET{uri=/getAttractions, connection=PooledConnection{channel=[id: 0x862a0562, L:/127.0.0.1:49894 - R:localhost/127.0.0.1:8081]}}, [response_received])
20:29:40.564 [reactor-http-nio-14] DEBUG org.springframework.web.reactive.function.client.ExchangeFunctions - [5b80fc15] Response 200 OK
20:29:40.565 [reactor-http-nio-12] DEBUG reactor.netty.resources.PooledConnectionProvider - [id: 0xc47e4404, L:/127.0.0.1:49951 - R:localhost/127.0.0.1:8082] onStateChange(GET{uri=/getAttractionRewardPoints?attractionId=35842600-5aad-4a90-b377-f8d6d7f6ea65&userId=114d5cc2-0cef-482c-83d8-cc59cbbc7479, connection=PooledConnection{channel=[id: 0xc47e4404, L:/127.0.0.1:49951 - R:localhost/127.0.0.1:8082]}}, [request_sent])
20:29:40.565 [reactor-http-nio-14] DEBUG reactor.netty.channel.FluxReceive - [id: 0x862a0562, L:/127.0.0.1:49894 - R:localhost/127.0.0.1:8081] Subscribing inbound receiver [pending: 0, cancelled:false, inboundDone: false]
20:29:40.565 [reactor-http-nio-14] DEBUG reactor.netty.http.client.HttpClientOperations - [id: 0x862a0562, L:/127.0.0.1:49894 - R:localhost/127.0.0.1:8081] Received last HTTP packet
20:29:40.565 [reactor-http-nio-14] DEBUG org.springframework.core.codec.StringDecoder - [5b80fc15] Decoded "[{"longitude":-117.922008,"latitude":33.817595,"attractionName":"Disneyland","city":"Anaheim","stat (truncated)...
20:29:40.565 [reactor-http-nio-14] DEBUG reactor.netty.resources.PooledConnectionProvider - [id: 0x862a0562, L:/127.0.0.1:49894 - R:localhost/127.0.0.1:8081] onStateChange(GET{uri=/getAttractions, connection=PooledConnection{channel=[id: 0x862a0562, L:/127.0.0.1:49894 - R:localhost/127.0.0.1:8081]}}, [disconnecting])
20:29:40.565 [reactor-http-nio-14] DEBUG reactor.netty.resources.PooledConnectionProvider - [id: 0x862a0562, L:/127.0.0.1:49894 - R:localhost/127.0.0.1:8081] Releasing channel
20:29:40.565 [reactor-http-nio-14] DEBUG reactor.netty.resources.PooledConnectionProvider - [id: 0x862a0562, L:/127.0.0.1:49894 - R:localhost/127.0.0.1:8081] Channel cleaned, now 2 active connections and 63 inactive connections
20:29:40.566 [reactor-http-nio-12] DEBUG reactor.netty.http.client.HttpClientOperations - [id: 0x54b51839, L:/127.0.0.1:49907 - R:localhost/127.0.0.1:8081] Received response (auto-read:false) : [Content-Type=application/json, Transfer-Encoding=chunked, Date=Tue, 29 Jun 2021 14:59:40 GMT]
20:29:40.566 [reactor-http-nio-12] DEBUG reactor.netty.resources.PooledConnectionProvider - [id: 0x54b51839, L:/127.0.0.1:49907 - R:localhost/127.0.0.1:8081] onStateChange(GET{uri=/getAttractions, connection=PooledConnection{channel=[id: 0x54b51839, L:/127.0.0.1:49907 - R:localhost/127.0.0.1:8081]}}, [response_received])
20:29:40.566 [reactor-http-nio-12] DEBUG org.springframework.web.reactive.function.client.ExchangeFunctions - [235d58d0] Response 200 OK
20:29:40.566 [pool-15-thread-37] DEBUG org.springframework.web.reactive.function.client.ExchangeFunctions - [1e826901] HTTP GET http://localhost:8082/getAttractionRewardPoints?attractionId=42946cd3-1432-4987-a13b-124235278808&userId=55894bd5-c373-4d26-b585-275e15b8f379
20:29:40.566 [reactor-http-nio-12] DEBUG reactor.netty.channel.FluxReceive - [id: 0x54b51839, L:/127.0.0.1:49907 - R:localhost/127.0.0.1:8081] Subscribing inbound receiver [pending: 0, cancelled:false, inboundDone: false]
20:29:40.567 [reactor-http-nio-15] DEBUG reactor.netty.resources.PooledConnectionProvider - [id: 0xb886dbd8, L:/127.0.0.1:49994 - R:localhost/127.0.0.1:8082] Channel acquired, now 63 active connections and 2 inactive connections
20:29:40.567 [reactor-http-nio-12] DEBUG reactor.netty.http.client.HttpClientOperations - [id: 0x54b51839, L:/127.0.0.1:49907 - R:localhost/127.0.0.1:8081] Received last HTTP packet
20:29:40.567 [reactor-http-nio-15] DEBUG reactor.netty.http.client.HttpClientConnect - [id: 0xb886dbd8, L:/127.0.0.1:49994 - R:localhost/127.0.0.1:8082] Handler is being applied: {uri=http://localhost:8082/getAttractionRewardPoints?attractionId=42946cd3-1432-4987-a13b-124235278808&userId=55894bd5-c373-4d26-b585-275e15b8f379, method=GET}
20:29:40.567 [reactor-http-nio-16] DEBUG reactor.netty.http.client.HttpClientOperations - [id: 0xdc2607b9, L:/127.0.0.1:49991 - R:localhost/127.0.0.1:8082] Received response (auto-read:false) : [Content-Type=application/json, Transfer-Encoding=chunked, Date=Tue, 29 Jun 2021 14:59:39 GMT]
20:29:40.567 [reactor-http-nio-12] DEBUG org.springframework.core.codec.StringDecoder - [235d58d0] Decoded "[{"longitude":-117.922008,"latitude":33.817595,"attractionName":"Disneyland","city":"Anaheim","stat (truncated)...
20:29:40.567 [reactor-http-nio-16] DEBUG reactor.netty.resources.PooledConnectionProvider - [id: 0xdc2607b9, L:/127.0.0.1:49991 - R:localhost/127.0.0.1:8082] onStateChange(GET{uri=/getAttractionRewardPoints?attractionId=5c6e04c4-b777-4677-a16c-5b239bdb63a1&userId=9027e125-9c14-4d8b-9d7b-518689505fa7, connection=PooledConnection{channel=[id: 0xdc2607b9, L:/127.0.0.1:49991 - R:localhost/127.0.0.1:8082]}}, [response_received])
20:29:40.567 [reactor-http-nio-12] DEBUG reactor.netty.resources.PooledConnectionProvider - [id: 0x54b51839, L:/127.0.0.1:49907 - R:localhost/127.0.0.1:8081] onStateChange(GET{uri=/getAttractions, connection=PooledConnection{channel=[id: 0x54b51839, L:/127.0.0.1:49907 - R:localhost/127.0.0.1:8081]}}, [disconnecting])
20:29:40.567 [reactor-http-nio-12] DEBUG reactor.netty.resources.PooledConnectionProvider - [id: 0x54b51839, L:/127.0.0.1:49907 - R:localhost/127.0.0.1:8081] Releasing channel
20:29:40.567 [reactor-http-nio-16] DEBUG org.springframework.web.reactive.function.client.ExchangeFunctions - [57211f00] Response 200 OK
20:29:40.567 [reactor-http-nio-12] DEBUG reactor.netty.resources.PooledConnectionProvider - [id: 0x54b51839, L:/127.0.0.1:49907 - R:localhost/127.0.0.1:8081] Channel cleaned, now 1 active connections and 64 inactive connections
20:29:40.567 [reactor-http-nio-15] DEBUG reactor.netty.resources.PooledConnectionProvider - [id: 0xb886dbd8, L:/127.0.0.1:49994 - R:localhost/127.0.0.1:8082] onStateChange(GET{uri=/getAttractionRewardPoints?attractionId=42946cd3-1432-4987-a13b-124235278808&userId=55894bd5-c373-4d26-b585-275e15b8f379, connection=PooledConnection{channel=[id: 0xb886dbd8, L:/127.0.0.1:49994 - R:localhost/127.0.0.1:8082]}}, [request_sent])
20:29:40.567 [reactor-http-nio-16] DEBUG reactor.netty.channel.FluxReceive - [id: 0xdc2607b9, L:/127.0.0.1:49991 - R:localhost/127.0.0.1:8082] Subscribing inbound receiver [pending: 0, cancelled:false, inboundDone: false]
20:29:40.568 [reactor-http-nio-16] DEBUG reactor.netty.http.client.HttpClientOperations - [id: 0xdc2607b9, L:/127.0.0.1:49991 - R:localhost/127.0.0.1:8082] Received last HTTP packet
20:29:40.568 [reactor-http-nio-16] DEBUG org.springframework.core.codec.StringDecoder - [57211f00] Decoded "516"
20:29:40.568 [pool-15-thread-40] DEBUG org.springframework.web.reactive.function.client.ExchangeFunctions - [665fc2df] HTTP GET http://localhost:8082/getAttractionRewardPoints?attractionId=f1de912b-a285-4910-a97e-d2a94235bdf8&userId=923baeb4-459c-4b43-8ecf-608b335d8a48
20:29:40.568 [reactor-http-nio-16] DEBUG reactor.netty.resources.PooledConnectionProvider - [id: 0xdc2607b9, L:/127.0.0.1:49991 - R:localhost/127.0.0.1:8082] onStateChange(GET{uri=/getAttractionRewardPoints?attractionId=5c6e04c4-b777-4677-a16c-5b239bdb63a1&userId=9027e125-9c14-4d8b-9d7b-518689505fa7, connection=PooledConnection{channel=[id: 0xdc2607b9, L:/127.0.0.1:49991 - R:localhost/127.0.0.1:8082]}}, [disconnecting])
20:29:40.568 [reactor-http-nio-16] DEBUG reactor.netty.resources.PooledConnectionProvider - [id: 0xdc2607b9, L:/127.0.0.1:49991 - R:localhost/127.0.0.1:8082] Releasing channel
20:29:40.568 [reactor-http-nio-16] DEBUG reactor.netty.resources.PooledConnectionProvider - [id: 0xdc2607b9, L:/127.0.0.1:49991 - R:localhost/127.0.0.1:8082] Channel cleaned, now 62 active connections and 3 inactive connections
20:29:40.569 [reactor-http-nio-11] DEBUG reactor.netty.resources.PooledConnectionProvider - [id: 0x3a510d05, L:/127.0.0.1:49941 - R:localhost/127.0.0.1:8082] Channel acquired, now 63 active connections and 2 inactive connections
20:29:40.569 [pool-15-thread-23] DEBUG org.springframework.web.reactive.function.client.ExchangeFunctions - [87da743] HTTP GET http://localhost:8081/getAttractions
20:29:40.569 [reactor-http-nio-11] DEBUG reactor.netty.http.client.HttpClientConnect - [id: 0x3a510d05, L:/127.0.0.1:49941 - R:localhost/127.0.0.1:8082] Handler is being applied: {uri=http://localhost:8082/getAttractionRewardPoints?attractionId=f1de912b-a285-4910-a97e-d2a94235bdf8&userId=923baeb4-459c-4b43-8ecf-608b335d8a48, method=GET}
20:29:40.569 [reactor-http-nio-15] DEBUG reactor.netty.resources.PooledConnectionProvider - [id: 0x05482a00, L:/127.0.0.1:49865 - R:localhost/127.0.0.1:8081] Channel acquired, now 2 active connections and 63 inactive connections
20:29:40.569 [reactor-http-nio-15] DEBUG reactor.netty.http.client.HttpClientConnect - [id: 0x05482a00, L:/127.0.0.1:49865 - R:localhost/127.0.0.1:8081] Handler is being applied: {uri=http://localhost:8081/getAttractions, method=GET}
20:29:40.569 [reactor-http-nio-11] DEBUG reactor.netty.resources.PooledConnectionProvider - [id: 0x3a510d05, L:/127.0.0.1:49941 - R:localhost/127.0.0.1:8082] onStateChange(GET{uri=/getAttractionRewardPoints?attractionId=f1de912b-a285-4910-a97e-d2a94235bdf8&userId=923baeb4-459c-4b43-8ecf-608b335d8a48, connection=PooledConnection{channel=[id: 0x3a510d05, L:/127.0.0.1:49941 - R:localhost/127.0.0.1:8082]}}, [request_sent])
20:29:40.569 [reactor-http-nio-15] DEBUG reactor.netty.resources.PooledConnectionProvider - [id: 0x05482a00, L:/127.0.0.1:49865 - R:localhost/127.0.0.1:8081] onStateChange(GET{uri=/getAttractions, connection=PooledConnection{channel=[id: 0x05482a00, L:/127.0.0.1:49865 - R:localhost/127.0.0.1:8081]}}, [request_sent])
20:29:40.576 [reactor-http-nio-16] DEBUG reactor.netty.http.client.HttpClientOperations - [id: 0xca5097d1, L:/127.0.0.1:49901 - R:localhost/127.0.0.1:8081] Received response (auto-read:false) : [Content-Type=application/json, Transfer-Encoding=chunked, Date=Tue, 29 Jun 2021 14:59:40 GMT]
20:29:40.576 [reactor-http-nio-16] DEBUG reactor.netty.resources.PooledConnectionProvider - [id: 0xca5097d1, L:/127.0.0.1:49901 - R:localhost/127.0.0.1:8081] onStateChange(GET{uri=/getAttractions, connection=PooledConnection{channel=[id: 0xca5097d1, L:/127.0.0.1:49901 - R:localhost/127.0.0.1:8081]}}, [response_received])
20:29:40.577 [reactor-http-nio-16] DEBUG org.springframework.web.reactive.function.client.ExchangeFunctions - [7925e538] Response 200 OK
20:29:40.577 [reactor-http-nio-16] DEBUG reactor.netty.channel.FluxReceive - [id: 0xca5097d1, L:/127.0.0.1:49901 - R:localhost/127.0.0.1:8081] Subscribing inbound receiver [pending: 0, cancelled:false, inboundDone: false]
20:29:40.577 [reactor-http-nio-16] DEBUG reactor.netty.http.client.HttpClientOperations - [id: 0xca5097d1, L:/127.0.0.1:49901 - R:localhost/127.0.0.1:8081] Received last HTTP packet
20:29:40.577 [reactor-http-nio-16] DEBUG org.springframework.core.codec.StringDecoder - [7925e538] Decoded "[{"longitude":-117.922008,"latitude":33.817595,"attractionName":"Disneyland","city":"Anaheim","stat (truncated)...
20:29:40.577 [reactor-http-nio-16] DEBUG reactor.netty.resources.PooledConnectionProvider - [id: 0xca5097d1, L:/127.0.0.1:49901 - R:localhost/127.0.0.1:8081] onStateChange(GET{uri=/getAttractions, connection=PooledConnection{channel=[id: 0xca5097d1, L:/127.0.0.1:49901 - R:localhost/127.0.0.1:8081]}}, [disconnecting])
20:29:40.577 [reactor-http-nio-16] DEBUG reactor.netty.resources.PooledConnectionProvider - [id: 0xca5097d1, L:/127.0.0.1:49901 - R:localhost/127.0.0.1:8081] Releasing channel
20:29:40.578 [reactor-http-nio-16] DEBUG reactor.netty.resources.PooledConnectionProvider - [id: 0xca5097d1, L:/127.0.0.1:49901 - R:localhost/127.0.0.1:8081] Channel cleaned, now 1 active connections and 64 inactive connections
20:29:40.579 [pool-15-thread-11] DEBUG org.springframework.web.reactive.function.client.ExchangeFunctions - [3c276478] HTTP GET http://localhost:8082/getAttractionRewardPoints?attractionId=00e72116-1bb5-48f6-98fd-a3835f45bf3f&userId=75b4607e-7ba6-4a81-b8b8-2de9dc32fb2c
20:29:40.580 [reactor-http-nio-15] DEBUG reactor.netty.resources.PooledConnectionProvider - [id: 0xac13e584, L:/127.0.0.1:49937 - R:localhost/127.0.0.1:8082] Channel acquired, now 64 active connections and 1 inactive connections
20:29:40.580 [reactor-http-nio-15] DEBUG reactor.netty.http.client.HttpClientConnect - [id: 0xac13e584, L:/127.0.0.1:49937 - R:localhost/127.0.0.1:8082] Handler is being applied: {uri=http://localhost:8082/getAttractionRewardPoints?attractionId=00e72116-1bb5-48f6-98fd-a3835f45bf3f&userId=75b4607e-7ba6-4a81-b8b8-2de9dc32fb2c, method=GET}
20:29:40.581 [reactor-http-nio-15] DEBUG reactor.netty.resources.PooledConnectionProvider - [id: 0xac13e584, L:/127.0.0.1:49937 - R:localhost/127.0.0.1:8082] onStateChange(GET{uri=/getAttractionRewardPoints?attractionId=00e72116-1bb5-48f6-98fd-a3835f45bf3f&userId=75b4607e-7ba6-4a81-b8b8-2de9dc32fb2c, connection=PooledConnection{channel=[id: 0xac13e584, L:/127.0.0.1:49937 - R:localhost/127.0.0.1:8082]}}, [request_sent])
20:29:40.582 [reactor-http-nio-15] DEBUG reactor.netty.http.client.HttpClientOperations - [id: 0x05482a00, L:/127.0.0.1:49865 - R:localhost/127.0.0.1:8081] Received response (auto-read:false) : [Content-Type=application/json, Transfer-Encoding=chunked, Date=Tue, 29 Jun 2021 14:59:40 GMT]
20:29:40.582 [reactor-http-nio-15] DEBUG reactor.netty.resources.PooledConnectionProvider - [id: 0x05482a00, L:/127.0.0.1:49865 - R:localhost/127.0.0.1:8081] onStateChange(GET{uri=/getAttractions, connection=PooledConnection{channel=[id: 0x05482a00, L:/127.0.0.1:49865 - R:localhost/127.0.0.1:8081]}}, [response_received])
20:29:40.582 [reactor-http-nio-11] DEBUG reactor.netty.http.client.HttpClientOperations - [id: 0x8c5398f6, L:/127.0.0.1:49943 - R:localhost/127.0.0.1:8082] Received response (auto-read:false) : [Content-Type=application/json, Transfer-Encoding=chunked, Date=Tue, 29 Jun 2021 14:59:39 GMT]
20:29:40.582 [reactor-http-nio-11] DEBUG reactor.netty.resources.PooledConnectionProvider - [id: 0x8c5398f6, L:/127.0.0.1:49943 - R:localhost/127.0.0.1:8082] onStateChange(GET{uri=/getAttractionRewardPoints?attractionId=299180de-1068-4565-8f03-16f1192cada6&userId=4b68a981-15fd-4ef2-b72e-fb3a1aed4696, connection=PooledConnection{channel=[id: 0x8c5398f6, L:/127.0.0.1:49943 - R:localhost/127.0.0.1:8082]}}, [response_received])
20:29:40.582 [reactor-http-nio-11] DEBUG org.springframework.web.reactive.function.client.ExchangeFunctions - [f488fe4] Response 200 OK
20:29:40.582 [reactor-http-nio-15] DEBUG org.springframework.web.reactive.function.client.ExchangeFunctions - [87da743] Response 200 OK
20:29:40.583 [reactor-http-nio-11] DEBUG reactor.netty.channel.FluxReceive - [id: 0x8c5398f6, L:/127.0.0.1:49943 - R:localhost/127.0.0.1:8082] Subscribing inbound receiver [pending: 0, cancelled:false, inboundDone: false]
20:29:40.583 [reactor-http-nio-15] DEBUG reactor.netty.channel.FluxReceive - [id: 0x05482a00, L:/127.0.0.1:49865 - R:localhost/127.0.0.1:8081] Subscribing inbound receiver [pending: 0, cancelled:false, inboundDone: false]
20:29:40.583 [reactor-http-nio-15] DEBUG reactor.netty.http.client.HttpClientOperations - [id: 0x05482a00, L:/127.0.0.1:49865 - R:localhost/127.0.0.1:8081] Received last HTTP packet
20:29:40.584 [reactor-http-nio-11] DEBUG reactor.netty.http.client.HttpClientOperations - [id: 0x8c5398f6, L:/127.0.0.1:49943 - R:localhost/127.0.0.1:8082] Received last HTTP packet
20:29:40.584 [reactor-http-nio-11] DEBUG org.springframework.core.codec.StringDecoder - [f488fe4] Decoded "481"
20:29:40.584 [reactor-http-nio-11] DEBUG reactor.netty.resources.PooledConnectionProvider - [id: 0x8c5398f6, L:/127.0.0.1:49943 - R:localhost/127.0.0.1:8082] onStateChange(GET{uri=/getAttractionRewardPoints?attractionId=299180de-1068-4565-8f03-16f1192cada6&userId=4b68a981-15fd-4ef2-b72e-fb3a1aed4696, connection=PooledConnection{channel=[id: 0x8c5398f6, L:/127.0.0.1:49943 - R:localhost/127.0.0.1:8082]}}, [disconnecting])
20:29:40.584 [reactor-http-nio-11] DEBUG reactor.netty.resources.PooledConnectionProvider - [id: 0x8c5398f6, L:/127.0.0.1:49943 - R:localhost/127.0.0.1:8082] Releasing channel
20:29:40.584 [reactor-http-nio-11] DEBUG reactor.netty.resources.PooledConnectionProvider - [id: 0x8c5398f6, L:/127.0.0.1:49943 - R:localhost/127.0.0.1:8082] Channel cleaned, now 63 active connections and 2 inactive connections
20:29:40.584 [reactor-http-nio-15] DEBUG org.springframework.core.codec.StringDecoder - [87da743] Decoded "[{"longitude":-117.922008,"latitude":33.817595,"attractionName":"Disneyland","city":"Anaheim","stat (truncated)...
20:29:40.584 [reactor-http-nio-15] DEBUG reactor.netty.resources.PooledConnectionProvider - [id: 0x05482a00, L:/127.0.0.1:49865 - R:localhost/127.0.0.1:8081] onStateChange(GET{uri=/getAttractions, connection=PooledConnection{channel=[id: 0x05482a00, L:/127.0.0.1:49865 - R:localhost/127.0.0.1:8081]}}, [disconnecting])
20:29:40.584 [reactor-http-nio-15] DEBUG reactor.netty.resources.PooledConnectionProvider - [id: 0x05482a00, L:/127.0.0.1:49865 - R:localhost/127.0.0.1:8081] Releasing channel
20:29:40.585 [reactor-http-nio-15] DEBUG reactor.netty.resources.PooledConnectionProvider - [id: 0x05482a00, L:/127.0.0.1:49865 - R:localhost/127.0.0.1:8081] Channel cleaned, now 0 active connections and 65 inactive connections
20:29:40.585 [pool-15-thread-39] DEBUG org.springframework.web.reactive.function.client.ExchangeFunctions - [b771ad5] HTTP GET http://localhost:8081/getAttractions
20:29:40.585 [reactor-http-nio-2] DEBUG reactor.netty.resources.PooledConnectionProvider - [id: 0x3adc52e3, L:/127.0.0.1:49881 - R:localhost/127.0.0.1:8081] Channel acquired, now 1 active connections and 64 inactive connections
20:29:40.585 [reactor-http-nio-2] DEBUG reactor.netty.http.client.HttpClientConnect - [id: 0x3adc52e3, L:/127.0.0.1:49881 - R:localhost/127.0.0.1:8081] Handler is being applied: {uri=http://localhost:8081/getAttractions, method=GET}
20:29:40.585 [pool-15-thread-23] DEBUG org.springframework.web.reactive.function.client.ExchangeFunctions - [6a2e4cc] HTTP GET http://localhost:8082/getAttractionRewardPoints?attractionId=5094ac1d-66f7-48a1-99d7-e4b0a9487187&userId=5389383c-3fe0-4d72-a70b-484d03b8bdec
20:29:40.586 [reactor-http-nio-2] DEBUG reactor.netty.resources.PooledConnectionProvider - [id: 0x3adc52e3, L:/127.0.0.1:49881 - R:localhost/127.0.0.1:8081] onStateChange(GET{uri=/getAttractions, connection=PooledConnection{channel=[id: 0x3adc52e3, L:/127.0.0.1:49881 - R:localhost/127.0.0.1:8081]}}, [request_sent])
20:29:40.586 [reactor-http-nio-16] DEBUG reactor.netty.resources.PooledConnectionProvider - [id: 0xdc2607b9, L:/127.0.0.1:49991 - R:localhost/127.0.0.1:8082] Channel acquired, now 64 active connections and 1 inactive connections
20:29:40.586 [reactor-http-nio-16] DEBUG reactor.netty.http.client.HttpClientConnect - [id: 0xdc2607b9, L:/127.0.0.1:49991 - R:localhost/127.0.0.1:8082] Handler is being applied: {uri=http://localhost:8082/getAttractionRewardPoints?attractionId=5094ac1d-66f7-48a1-99d7-e4b0a9487187&userId=5389383c-3fe0-4d72-a70b-484d03b8bdec, method=GET}
20:29:40.587 [reactor-http-nio-16] DEBUG reactor.netty.resources.PooledConnectionProvider - [id: 0xdc2607b9, L:/127.0.0.1:49991 - R:localhost/127.0.0.1:8082] onStateChange(GET{uri=/getAttractionRewardPoints?attractionId=5094ac1d-66f7-48a1-99d7-e4b0a9487187&userId=5389383c-3fe0-4d72-a70b-484d03b8bdec, connection=PooledConnection{channel=[id: 0xdc2607b9, L:/127.0.0.1:49991 - R:localhost/127.0.0.1:8082]}}, [request_sent])
20:29:40.594 [reactor-http-nio-2] DEBUG reactor.netty.http.client.HttpClientOperations - [id: 0x1d64c07f, L:/127.0.0.1:49936 - R:localhost/127.0.0.1:8082] Received response (auto-read:false) : [Content-Type=application/json, Transfer-Encoding=chunked, Date=Tue, 29 Jun 2021 14:59:39 GMT]
20:29:40.594 [reactor-http-nio-2] DEBUG reactor.netty.resources.PooledConnectionProvider - [id: 0x1d64c07f, L:/127.0.0.1:49936 - R:localhost/127.0.0.1:8082] onStateChange(GET{uri=/getAttractionRewardPoints?attractionId=9975fb08-f2d2-48de-b49b-7866d7674e1e&userId=fe7bfd7a-3cb1-4555-9ffe-8ee184f98d35, connection=PooledConnection{channel=[id: 0x1d64c07f, L:/127.0.0.1:49936 - R:localhost/127.0.0.1:8082]}}, [response_received])
20:29:40.594 [reactor-http-nio-2] DEBUG org.springframework.web.reactive.function.client.ExchangeFunctions - [5ebede87] Response 200 OK
20:29:40.595 [reactor-http-nio-2] DEBUG reactor.netty.channel.FluxReceive - [id: 0x1d64c07f, L:/127.0.0.1:49936 - R:localhost/127.0.0.1:8082] Subscribing inbound receiver [pending: 0, cancelled:false, inboundDone: false]
20:29:40.595 [reactor-http-nio-2] DEBUG reactor.netty.http.client.HttpClientOperations - [id: 0x1d64c07f, L:/127.0.0.1:49936 - R:localhost/127.0.0.1:8082] Received last HTTP packet
20:29:40.595 [reactor-http-nio-2] DEBUG org.springframework.core.codec.StringDecoder - [5ebede87] Decoded "521"
20:29:40.595 [reactor-http-nio-2] DEBUG reactor.netty.resources.PooledConnectionProvider - [id: 0x1d64c07f, L:/127.0.0.1:49936 - R:localhost/127.0.0.1:8082] onStateChange(GET{uri=/getAttractionRewardPoints?attractionId=9975fb08-f2d2-48de-b49b-7866d7674e1e&userId=fe7bfd7a-3cb1-4555-9ffe-8ee184f98d35, connection=PooledConnection{channel=[id: 0x1d64c07f, L:/127.0.0.1:49936 - R:localhost/127.0.0.1:8082]}}, [disconnecting])
20:29:40.595 [reactor-http-nio-2] DEBUG reactor.netty.resources.PooledConnectionProvider - [id: 0x1d64c07f, L:/127.0.0.1:49936 - R:localhost/127.0.0.1:8082] Releasing channel
20:29:40.596 [reactor-http-nio-2] DEBUG reactor.netty.resources.PooledConnectionProvider - [id: 0x1d64c07f, L:/127.0.0.1:49936 - R:localhost/127.0.0.1:8082] Channel cleaned, now 63 active connections and 2 inactive connections
20:29:40.596 [pool-15-thread-8] DEBUG org.springframework.web.reactive.function.client.ExchangeFunctions - [5a814188] HTTP GET http://localhost:8081/getAttractions
20:29:40.596 [reactor-http-nio-12] DEBUG reactor.netty.resources.PooledConnectionProvider - [id: 0x715de37b, L:/127.0.0.1:49908 - R:localhost/127.0.0.1:8081] Channel acquired, now 2 active connections and 63 inactive connections
20:29:40.596 [reactor-http-nio-12] DEBUG reactor.netty.http.client.HttpClientConnect - [id: 0x715de37b, L:/127.0.0.1:49908 - R:localhost/127.0.0.1:8081] Handler is being applied: {uri=http://localhost:8081/getAttractions, method=GET}
20:29:40.597 [reactor-http-nio-12] DEBUG reactor.netty.resources.PooledConnectionProvider - [id: 0x715de37b, L:/127.0.0.1:49908 - R:localhost/127.0.0.1:8081] onStateChange(GET{uri=/getAttractions, connection=PooledConnection{channel=[id: 0x715de37b, L:/127.0.0.1:49908 - R:localhost/127.0.0.1:8081]}}, [request_sent])
20:29:40.597 [reactor-http-nio-2] DEBUG reactor.netty.http.client.HttpClientOperations - [id: 0x3adc52e3, L:/127.0.0.1:49881 - R:localhost/127.0.0.1:8081] Received response (auto-read:false) : [Content-Type=application/json, Transfer-Encoding=chunked, Date=Tue, 29 Jun 2021 14:59:40 GMT]
20:29:40.598 [reactor-http-nio-2] DEBUG reactor.netty.resources.PooledConnectionProvider - [id: 0x3adc52e3, L:/127.0.0.1:49881 - R:localhost/127.0.0.1:8081] onStateChange(GET{uri=/getAttractions, connection=PooledConnection{channel=[id: 0x3adc52e3, L:/127.0.0.1:49881 - R:localhost/127.0.0.1:8081]}}, [response_received])
20:29:40.598 [reactor-http-nio-2] DEBUG org.springframework.web.reactive.function.client.ExchangeFunctions - [b771ad5] Response 200 OK
20:29:40.598 [reactor-http-nio-2] DEBUG reactor.netty.channel.FluxReceive - [id: 0x3adc52e3, L:/127.0.0.1:49881 - R:localhost/127.0.0.1:8081] Subscribing inbound receiver [pending: 0, cancelled:false, inboundDone: false]
20:29:40.598 [reactor-http-nio-2] DEBUG reactor.netty.http.client.HttpClientOperations - [id: 0x3adc52e3, L:/127.0.0.1:49881 - R:localhost/127.0.0.1:8081] Received last HTTP packet
20:29:40.598 [reactor-http-nio-2] DEBUG org.springframework.core.codec.StringDecoder - [b771ad5] Decoded "[{"longitude":-117.922008,"latitude":33.817595,"attractionName":"Disneyland","city":"Anaheim","stat (truncated)...
20:29:40.598 [reactor-http-nio-2] DEBUG reactor.netty.resources.PooledConnectionProvider - [id: 0x3adc52e3, L:/127.0.0.1:49881 - R:localhost/127.0.0.1:8081] onStateChange(GET{uri=/getAttractions, connection=PooledConnection{channel=[id: 0x3adc52e3, L:/127.0.0.1:49881 - R:localhost/127.0.0.1:8081]}}, [disconnecting])
20:29:40.598 [reactor-http-nio-2] DEBUG reactor.netty.resources.PooledConnectionProvider - [id: 0x3adc52e3, L:/127.0.0.1:49881 - R:localhost/127.0.0.1:8081] Releasing channel
20:29:40.598 [reactor-http-nio-2] DEBUG reactor.netty.resources.PooledConnectionProvider - [id: 0x3adc52e3, L:/127.0.0.1:49881 - R:localhost/127.0.0.1:8081] Channel cleaned, now 1 active connections and 64 inactive connections
20:29:40.599 [pool-15-thread-39] DEBUG org.springframework.web.reactive.function.client.ExchangeFunctions - [4e7585df] HTTP GET http://localhost:8082/getAttractionRewardPoints?attractionId=35b719f3-2d89-442c-a454-645e6b7f2cd6&userId=ee77715f-2d1e-4fac-ba22-66cc2f4ad1ed
20:29:40.599 [reactor-http-nio-11] DEBUG reactor.netty.resources.PooledConnectionProvider - [id: 0x8c5398f6, L:/127.0.0.1:49943 - R:localhost/127.0.0.1:8082] Channel acquired, now 64 active connections and 1 inactive connections
20:29:40.600 [reactor-http-nio-11] DEBUG reactor.netty.http.client.HttpClientConnect - [id: 0x8c5398f6, L:/127.0.0.1:49943 - R:localhost/127.0.0.1:8082] Handler is being applied: {uri=http://localhost:8082/getAttractionRewardPoints?attractionId=35b719f3-2d89-442c-a454-645e6b7f2cd6&userId=ee77715f-2d1e-4fac-ba22-66cc2f4ad1ed, method=GET}
20:29:40.600 [reactor-http-nio-11] DEBUG reactor.netty.resources.PooledConnectionProvider - [id: 0x8c5398f6, L:/127.0.0.1:49943 - R:localhost/127.0.0.1:8082] onStateChange(GET{uri=/getAttractionRewardPoints?attractionId=35b719f3-2d89-442c-a454-645e6b7f2cd6&userId=ee77715f-2d1e-4fac-ba22-66cc2f4ad1ed, connection=PooledConnection{channel=[id: 0x8c5398f6, L:/127.0.0.1:49943 - R:localhost/127.0.0.1:8082]}}, [request_sent])
20:29:40.603 [reactor-http-nio-13] DEBUG reactor.netty.http.client.HttpClientOperations - [id: 0x109b9dd3, L:/127.0.0.1:49955 - R:localhost/127.0.0.1:8082] Received response (auto-read:false) : [Content-Type=application/json, Transfer-Encoding=chunked, Date=Tue, 29 Jun 2021 14:59:39 GMT]
20:29:40.603 [reactor-http-nio-13] DEBUG reactor.netty.resources.PooledConnectionProvider - [id: 0x109b9dd3, L:/127.0.0.1:49955 - R:localhost/127.0.0.1:8082] onStateChange(GET{uri=/getAttractionRewardPoints?attractionId=57cb6aca-62fa-499d-9cc2-3410731d46f2&userId=c396b449-df93-43a1-93d2-e3d9b5b9b35a, connection=PooledConnection{channel=[id: 0x109b9dd3, L:/127.0.0.1:49955 - R:localhost/127.0.0.1:8082]}}, [response_received])
20:29:40.603 [reactor-http-nio-13] DEBUG org.springframework.web.reactive.function.client.ExchangeFunctions - [7d8c65dc] Response 200 OK
20:29:40.603 [reactor-http-nio-13] DEBUG reactor.netty.channel.FluxReceive - [id: 0x109b9dd3, L:/127.0.0.1:49955 - R:localhost/127.0.0.1:8082] Subscribing inbound receiver [pending: 0, cancelled:false, inboundDone: false]
20:29:40.604 [reactor-http-nio-13] DEBUG reactor.netty.http.client.HttpClientOperations - [id: 0x109b9dd3, L:/127.0.0.1:49955 - R:localhost/127.0.0.1:8082] Received last HTTP packet
20:29:40.604 [reactor-http-nio-13] DEBUG org.springframework.core.codec.StringDecoder - [7d8c65dc] Decoded "600"
20:29:40.604 [reactor-http-nio-13] DEBUG reactor.netty.resources.PooledConnectionProvider - [id: 0x109b9dd3, L:/127.0.0.1:49955 - R:localhost/127.0.0.1:8082] onStateChange(GET{uri=/getAttractionRewardPoints?attractionId=57cb6aca-62fa-499d-9cc2-3410731d46f2&userId=c396b449-df93-43a1-93d2-e3d9b5b9b35a, connection=PooledConnection{channel=[id: 0x109b9dd3, L:/127.0.0.1:49955 - R:localhost/127.0.0.1:8082]}}, [disconnecting])
20:29:40.604 [reactor-http-nio-13] DEBUG reactor.netty.resources.PooledConnectionProvider - [id: 0x109b9dd3, L:/127.0.0.1:49955 - R:localhost/127.0.0.1:8082] Releasing channel
20:29:40.604 [reactor-http-nio-13] DEBUG reactor.netty.resources.PooledConnectionProvider - [id: 0x109b9dd3, L:/127.0.0.1:49955 - R:localhost/127.0.0.1:8082] Channel cleaned, now 63 active connections and 2 inactive connections
20:29:40.604 [reactor-http-nio-10] DEBUG reactor.netty.http.client.HttpClientOperations - [id: 0x0ceedb0f, L:/127.0.0.1:49954 - R:localhost/127.0.0.1:8082] Received response (auto-read:false) : [Content-Type=application/json, Transfer-Encoding=chunked, Date=Tue, 29 Jun 2021 14:59:39 GMT]
20:29:40.604 [reactor-http-nio-10] DEBUG reactor.netty.resources.PooledConnectionProvider - [id: 0x0ceedb0f, L:/127.0.0.1:49954 - R:localhost/127.0.0.1:8082] onStateChange(GET{uri=/getAttractionRewardPoints?attractionId=df9fb0e9-e539-4a8d-8dc6-8912bf80c649&userId=c094580a-3e97-4eec-9f10-49849efba5b0, connection=PooledConnection{channel=[id: 0x0ceedb0f, L:/127.0.0.1:49954 - R:localhost/127.0.0.1:8082]}}, [response_received])
20:29:40.604 [reactor-http-nio-10] DEBUG org.springframework.web.reactive.function.client.ExchangeFunctions - [4f9bfc9a] Response 200 OK
20:29:40.604 [pool-15-thread-1] DEBUG org.springframework.web.reactive.function.client.ExchangeFunctions - [79b3feb5] HTTP GET http://localhost:8081/getAttractions
20:29:40.605 [reactor-http-nio-10] DEBUG reactor.netty.channel.FluxReceive - [id: 0x0ceedb0f, L:/127.0.0.1:49954 - R:localhost/127.0.0.1:8082] Subscribing inbound receiver [pending: 0, cancelled:false, inboundDone: false]
20:29:40.605 [reactor-http-nio-11] DEBUG reactor.netty.resources.PooledConnectionProvider - [id: 0xf98e8509, L:/127.0.0.1:49922 - R:localhost/127.0.0.1:8081] Channel acquired, now 2 active connections and 63 inactive connections
20:29:40.605 [reactor-http-nio-11] DEBUG reactor.netty.http.client.HttpClientConnect - [id: 0xf98e8509, L:/127.0.0.1:49922 - R:localhost/127.0.0.1:8081] Handler is being applied: {uri=http://localhost:8081/getAttractions, method=GET}
20:29:40.605 [reactor-http-nio-10] DEBUG reactor.netty.http.client.HttpClientOperations - [id: 0x0ceedb0f, L:/127.0.0.1:49954 - R:localhost/127.0.0.1:8082] Received last HTTP packet
20:29:40.605 [reactor-http-nio-10] DEBUG org.springframework.core.codec.StringDecoder - [4f9bfc9a] Decoded "752"
20:29:40.605 [reactor-http-nio-10] DEBUG reactor.netty.resources.PooledConnectionProvider - [id: 0x0ceedb0f, L:/127.0.0.1:49954 - R:localhost/127.0.0.1:8082] onStateChange(GET{uri=/getAttractionRewardPoints?attractionId=df9fb0e9-e539-4a8d-8dc6-8912bf80c649&userId=c094580a-3e97-4eec-9f10-49849efba5b0, connection=PooledConnection{channel=[id: 0x0ceedb0f, L:/127.0.0.1:49954 - R:localhost/127.0.0.1:8082]}}, [disconnecting])
20:29:40.605 [reactor-http-nio-10] DEBUG reactor.netty.resources.PooledConnectionProvider - [id: 0x0ceedb0f, L:/127.0.0.1:49954 - R:localhost/127.0.0.1:8082] Releasing channel
20:29:40.605 [reactor-http-nio-10] DEBUG reactor.netty.resources.PooledConnectionProvider - [id: 0x0ceedb0f, L:/127.0.0.1:49954 - R:localhost/127.0.0.1:8082] Channel cleaned, now 62 active connections and 3 inactive connections
20:29:40.605 [reactor-http-nio-11] DEBUG reactor.netty.resources.PooledConnectionProvider - [id: 0xf98e8509, L:/127.0.0.1:49922 - R:localhost/127.0.0.1:8081] onStateChange(GET{uri=/getAttractions, connection=PooledConnection{channel=[id: 0xf98e8509, L:/127.0.0.1:49922 - R:localhost/127.0.0.1:8081]}}, [request_sent])
20:29:40.606 [pool-15-thread-51] DEBUG org.springframework.web.reactive.function.client.ExchangeFunctions - [4ba471b1] HTTP GET http://localhost:8081/getAttractions
20:29:40.606 [reactor-http-nio-15] DEBUG reactor.netty.resources.PooledConnectionProvider - [id: 0x0f728531, L:/127.0.0.1:49904 - R:localhost/127.0.0.1:8081] Channel acquired, now 3 active connections and 62 inactive connections
20:29:40.606 [reactor-http-nio-15] DEBUG reactor.netty.http.client.HttpClientConnect - [id: 0x0f728531, L:/127.0.0.1:49904 - R:localhost/127.0.0.1:8081] Handler is being applied: {uri=http://localhost:8081/getAttractions, method=GET}
20:29:40.606 [reactor-http-nio-15] DEBUG reactor.netty.resources.PooledConnectionProvider - [id: 0x0f728531, L:/127.0.0.1:49904 - R:localhost/127.0.0.1:8081] onStateChange(GET{uri=/getAttractions, connection=PooledConnection{channel=[id: 0x0f728531, L:/127.0.0.1:49904 - R:localhost/127.0.0.1:8081]}}, [request_sent])
20:29:40.610 [reactor-http-nio-12] DEBUG reactor.netty.http.client.HttpClientOperations - [id: 0x715de37b, L:/127.0.0.1:49908 - R:localhost/127.0.0.1:8081] Received response (auto-read:false) : [Content-Type=application/json, Transfer-Encoding=chunked, Date=Tue, 29 Jun 2021 14:59:40 GMT]
20:29:40.610 [reactor-http-nio-12] DEBUG reactor.netty.resources.PooledConnectionProvider - [id: 0x715de37b, L:/127.0.0.1:49908 - R:localhost/127.0.0.1:8081] onStateChange(GET{uri=/getAttractions, connection=PooledConnection{channel=[id: 0x715de37b, L:/127.0.0.1:49908 - R:localhost/127.0.0.1:8081]}}, [response_received])
20:29:40.610 [reactor-http-nio-12] DEBUG org.springframework.web.reactive.function.client.ExchangeFunctions - [5a814188] Response 200 OK
20:29:40.611 [reactor-http-nio-12] DEBUG reactor.netty.channel.FluxReceive - [id: 0x715de37b, L:/127.0.0.1:49908 - R:localhost/127.0.0.1:8081] Subscribing inbound receiver [pending: 0, cancelled:false, inboundDone: false]
20:29:40.611 [reactor-http-nio-12] DEBUG reactor.netty.http.client.HttpClientOperations - [id: 0x715de37b, L:/127.0.0.1:49908 - R:localhost/127.0.0.1:8081] Received last HTTP packet
20:29:40.611 [reactor-http-nio-12] DEBUG org.springframework.core.codec.StringDecoder - [5a814188] Decoded "[{"longitude":-117.922008,"latitude":33.817595,"attractionName":"Disneyland","city":"Anaheim","stat (truncated)...
20:29:40.611 [reactor-http-nio-12] DEBUG reactor.netty.resources.PooledConnectionProvider - [id: 0x715de37b, L:/127.0.0.1:49908 - R:localhost/127.0.0.1:8081] onStateChange(GET{uri=/getAttractions, connection=PooledConnection{channel=[id: 0x715de37b, L:/127.0.0.1:49908 - R:localhost/127.0.0.1:8081]}}, [disconnecting])
20:29:40.611 [reactor-http-nio-12] DEBUG reactor.netty.resources.PooledConnectionProvider - [id: 0x715de37b, L:/127.0.0.1:49908 - R:localhost/127.0.0.1:8081] Releasing channel
20:29:40.611 [reactor-http-nio-12] DEBUG reactor.netty.resources.PooledConnectionProvider - [id: 0x715de37b, L:/127.0.0.1:49908 - R:localhost/127.0.0.1:8081] Channel cleaned, now 2 active connections and 63 inactive connections
20:29:40.612 [pool-15-thread-8] DEBUG org.springframework.web.reactive.function.client.ExchangeFunctions - [1f83d4bc] HTTP GET http://localhost:8082/getAttractionRewardPoints?attractionId=9bfeae9c-8301-42e4-afa4-f3e273f45381&userId=a458835f-7d49-4e4d-987c-fba8c6ee95e9
20:29:40.612 [reactor-http-nio-2] DEBUG reactor.netty.resources.PooledConnectionProvider - [id: 0x1d64c07f, L:/127.0.0.1:49936 - R:localhost/127.0.0.1:8082] Channel acquired, now 63 active connections and 2 inactive connections
20:29:40.612 [reactor-http-nio-2] DEBUG reactor.netty.http.client.HttpClientConnect - [id: 0x1d64c07f, L:/127.0.0.1:49936 - R:localhost/127.0.0.1:8082] Handler is being applied: {uri=http://localhost:8082/getAttractionRewardPoints?attractionId=9bfeae9c-8301-42e4-afa4-f3e273f45381&userId=a458835f-7d49-4e4d-987c-fba8c6ee95e9, method=GET}
20:29:40.612 [reactor-http-nio-2] DEBUG reactor.netty.resources.PooledConnectionProvider - [id: 0x1d64c07f, L:/127.0.0.1:49936 - R:localhost/127.0.0.1:8082] onStateChange(GET{uri=/getAttractionRewardPoints?attractionId=9bfeae9c-8301-42e4-afa4-f3e273f45381&userId=a458835f-7d49-4e4d-987c-fba8c6ee95e9, connection=PooledConnection{channel=[id: 0x1d64c07f, L:/127.0.0.1:49936 - R:localhost/127.0.0.1:8082]}}, [request_sent])
20:29:40.618 [reactor-http-nio-11] DEBUG reactor.netty.http.client.HttpClientOperations - [id: 0xf98e8509, L:/127.0.0.1:49922 - R:localhost/127.0.0.1:8081] Received response (auto-read:false) : [Content-Type=application/json, Transfer-Encoding=chunked, Date=Tue, 29 Jun 2021 14:59:40 GMT]
20:29:40.618 [reactor-http-nio-15] DEBUG reactor.netty.http.client.HttpClientOperations - [id: 0x0f728531, L:/127.0.0.1:49904 - R:localhost/127.0.0.1:8081] Received response (auto-read:false) : [Content-Type=application/json, Transfer-Encoding=chunked, Date=Tue, 29 Jun 2021 14:59:40 GMT]
20:29:40.618 [reactor-http-nio-11] DEBUG reactor.netty.resources.PooledConnectionProvider - [id: 0xf98e8509, L:/127.0.0.1:49922 - R:localhost/127.0.0.1:8081] onStateChange(GET{uri=/getAttractions, connection=PooledConnection{channel=[id: 0xf98e8509, L:/127.0.0.1:49922 - R:localhost/127.0.0.1:8081]}}, [response_received])
20:29:40.618 [reactor-http-nio-15] DEBUG reactor.netty.resources.PooledConnectionProvider - [id: 0x0f728531, L:/127.0.0.1:49904 - R:localhost/127.0.0.1:8081] onStateChange(GET{uri=/getAttractions, connection=PooledConnection{channel=[id: 0x0f728531, L:/127.0.0.1:49904 - R:localhost/127.0.0.1:8081]}}, [response_received])
20:29:40.618 [reactor-http-nio-15] DEBUG org.springframework.web.reactive.function.client.ExchangeFunctions - [4ba471b1] Response 200 OK
20:29:40.618 [reactor-http-nio-11] DEBUG org.springframework.web.reactive.function.client.ExchangeFunctions - [79b3feb5] Response 200 OK
20:29:40.618 [reactor-http-nio-11] DEBUG reactor.netty.channel.FluxReceive - [id: 0xf98e8509, L:/127.0.0.1:49922 - R:localhost/127.0.0.1:8081] Subscribing inbound receiver [pending: 0, cancelled:false, inboundDone: false]
20:29:40.618 [reactor-http-nio-15] DEBUG reactor.netty.channel.FluxReceive - [id: 0x0f728531, L:/127.0.0.1:49904 - R:localhost/127.0.0.1:8081] Subscribing inbound receiver [pending: 0, cancelled:false, inboundDone: false]
20:29:40.619 [reactor-http-nio-11] DEBUG reactor.netty.http.client.HttpClientOperations - [id: 0xf98e8509, L:/127.0.0.1:49922 - R:localhost/127.0.0.1:8081] Received last HTTP packet
20:29:40.619 [reactor-http-nio-15] DEBUG reactor.netty.http.client.HttpClientOperations - [id: 0x0f728531, L:/127.0.0.1:49904 - R:localhost/127.0.0.1:8081] Received last HTTP packet
20:29:40.619 [reactor-http-nio-11] DEBUG org.springframework.core.codec.StringDecoder - [79b3feb5] Decoded "[{"longitude":-117.922008,"latitude":33.817595,"attractionName":"Disneyland","city":"Anaheim","stat (truncated)...
20:29:40.619 [reactor-http-nio-15] DEBUG org.springframework.core.codec.StringDecoder - [4ba471b1] Decoded "[{"longitude":-117.922008,"latitude":33.817595,"attractionName":"Disneyland","city":"Anaheim","stat (truncated)...
20:29:40.619 [reactor-http-nio-11] DEBUG reactor.netty.resources.PooledConnectionProvider - [id: 0xf98e8509, L:/127.0.0.1:49922 - R:localhost/127.0.0.1:8081] onStateChange(GET{uri=/getAttractions, connection=PooledConnection{channel=[id: 0xf98e8509, L:/127.0.0.1:49922 - R:localhost/127.0.0.1:8081]}}, [disconnecting])
20:29:40.619 [reactor-http-nio-15] DEBUG reactor.netty.resources.PooledConnectionProvider - [id: 0x0f728531, L:/127.0.0.1:49904 - R:localhost/127.0.0.1:8081] onStateChange(GET{uri=/getAttractions, connection=PooledConnection{channel=[id: 0x0f728531, L:/127.0.0.1:49904 - R:localhost/127.0.0.1:8081]}}, [disconnecting])
20:29:40.619 [reactor-http-nio-11] DEBUG reactor.netty.resources.PooledConnectionProvider - [id: 0xf98e8509, L:/127.0.0.1:49922 - R:localhost/127.0.0.1:8081] Releasing channel
20:29:40.619 [reactor-http-nio-11] DEBUG reactor.netty.resources.PooledConnectionProvider - [id: 0xf98e8509, L:/127.0.0.1:49922 - R:localhost/127.0.0.1:8081] Channel cleaned, now 1 active connections and 64 inactive connections
20:29:40.619 [reactor-http-nio-15] DEBUG reactor.netty.resources.PooledConnectionProvider - [id: 0x0f728531, L:/127.0.0.1:49904 - R:localhost/127.0.0.1:8081] Releasing channel
20:29:40.619 [reactor-http-nio-15] DEBUG reactor.netty.resources.PooledConnectionProvider - [id: 0x0f728531, L:/127.0.0.1:49904 - R:localhost/127.0.0.1:8081] Channel cleaned, now 0 active connections and 65 inactive connections
20:29:40.620 [pool-15-thread-1] DEBUG org.springframework.web.reactive.function.client.ExchangeFunctions - [3cb16fe7] HTTP GET http://localhost:8082/getAttractionRewardPoints?attractionId=f4a9c9ad-012c-4f3b-8878-3313d4d64bdf&userId=4a513d41-0f04-4551-afc0-a93e2d950319
20:29:40.620 [pool-15-thread-51] DEBUG org.springframework.web.reactive.function.client.ExchangeFunctions - [ea6f6a1] HTTP GET http://localhost:8082/getAttractionRewardPoints?attractionId=bb68ce98-a83d-46a7-a836-9c2c2224b663&userId=b023d933-a142-4b48-959b-e5fbdcbe0167
20:29:40.620 [reactor-http-nio-13] DEBUG reactor.netty.resources.PooledConnectionProvider - [id: 0x109b9dd3, L:/127.0.0.1:49955 - R:localhost/127.0.0.1:8082] Channel acquired, now 65 active connections and 0 inactive connections
20:29:40.620 [reactor-http-nio-10] DEBUG reactor.netty.resources.PooledConnectionProvider - [id: 0x0ceedb0f, L:/127.0.0.1:49954 - R:localhost/127.0.0.1:8082] Channel acquired, now 65 active connections and 0 inactive connections
20:29:40.620 [reactor-http-nio-10] DEBUG reactor.netty.http.client.HttpClientConnect - [id: 0x0ceedb0f, L:/127.0.0.1:49954 - R:localhost/127.0.0.1:8082] Handler is being applied: {uri=http://localhost:8082/getAttractionRewardPoints?attractionId=bb68ce98-a83d-46a7-a836-9c2c2224b663&userId=b023d933-a142-4b48-959b-e5fbdcbe0167, method=GET}
20:29:40.620 [reactor-http-nio-13] DEBUG reactor.netty.http.client.HttpClientConnect - [id: 0x109b9dd3, L:/127.0.0.1:49955 - R:localhost/127.0.0.1:8082] Handler is being applied: {uri=http://localhost:8082/getAttractionRewardPoints?attractionId=f4a9c9ad-012c-4f3b-8878-3313d4d64bdf&userId=4a513d41-0f04-4551-afc0-a93e2d950319, method=GET}
20:29:40.621 [reactor-http-nio-13] DEBUG reactor.netty.resources.PooledConnectionProvider - [id: 0x109b9dd3, L:/127.0.0.1:49955 - R:localhost/127.0.0.1:8082] onStateChange(GET{uri=/getAttractionRewardPoints?attractionId=f4a9c9ad-012c-4f3b-8878-3313d4d64bdf&userId=4a513d41-0f04-4551-afc0-a93e2d950319, connection=PooledConnection{channel=[id: 0x109b9dd3, L:/127.0.0.1:49955 - R:localhost/127.0.0.1:8082]}}, [request_sent])
20:29:40.621 [reactor-http-nio-10] DEBUG reactor.netty.resources.PooledConnectionProvider - [id: 0x0ceedb0f, L:/127.0.0.1:49954 - R:localhost/127.0.0.1:8082] onStateChange(GET{uri=/getAttractionRewardPoints?attractionId=bb68ce98-a83d-46a7-a836-9c2c2224b663&userId=b023d933-a142-4b48-959b-e5fbdcbe0167, connection=PooledConnection{channel=[id: 0x0ceedb0f, L:/127.0.0.1:49954 - R:localhost/127.0.0.1:8082]}}, [request_sent])
20:29:40.651 [reactor-http-nio-12] DEBUG reactor.netty.http.client.HttpClientOperations - [id: 0xddec26e6, L:/127.0.0.1:49993 - R:localhost/127.0.0.1:8082] Received response (auto-read:false) : [Content-Type=application/json, Transfer-Encoding=chunked, Date=Tue, 29 Jun 2021 14:59:39 GMT]
20:29:40.651 [reactor-http-nio-12] DEBUG reactor.netty.resources.PooledConnectionProvider - [id: 0xddec26e6, L:/127.0.0.1:49993 - R:localhost/127.0.0.1:8082] onStateChange(GET{uri=/getAttractionRewardPoints?attractionId=54357dbf-4e87-459d-9681-0b6dac6543f4&userId=f0940809-23ad-42e7-881d-a58c001991bf, connection=PooledConnection{channel=[id: 0xddec26e6, L:/127.0.0.1:49993 - R:localhost/127.0.0.1:8082]}}, [response_received])
20:29:40.652 [reactor-http-nio-12] DEBUG org.springframework.web.reactive.function.client.ExchangeFunctions - [7afae41] Response 200 OK
20:29:40.652 [reactor-http-nio-12] DEBUG reactor.netty.channel.FluxReceive - [id: 0xddec26e6, L:/127.0.0.1:49993 - R:localhost/127.0.0.1:8082] Subscribing inbound receiver [pending: 0, cancelled:false, inboundDone: false]
20:29:40.652 [reactor-http-nio-12] DEBUG reactor.netty.http.client.HttpClientOperations - [id: 0xddec26e6, L:/127.0.0.1:49993 - R:localhost/127.0.0.1:8082] Received last HTTP packet
20:29:40.652 [reactor-http-nio-12] DEBUG org.springframework.core.codec.StringDecoder - [7afae41] Decoded "504"
20:29:40.652 [reactor-http-nio-12] DEBUG reactor.netty.resources.PooledConnectionProvider - [id: 0xddec26e6, L:/127.0.0.1:49993 - R:localhost/127.0.0.1:8082] onStateChange(GET{uri=/getAttractionRewardPoints?attractionId=54357dbf-4e87-459d-9681-0b6dac6543f4&userId=f0940809-23ad-42e7-881d-a58c001991bf, connection=PooledConnection{channel=[id: 0xddec26e6, L:/127.0.0.1:49993 - R:localhost/127.0.0.1:8082]}}, [disconnecting])
20:29:40.652 [reactor-http-nio-12] DEBUG reactor.netty.resources.PooledConnectionProvider - [id: 0xddec26e6, L:/127.0.0.1:49993 - R:localhost/127.0.0.1:8082] Releasing channel
20:29:40.653 [reactor-http-nio-12] DEBUG reactor.netty.resources.PooledConnectionProvider - [id: 0xddec26e6, L:/127.0.0.1:49993 - R:localhost/127.0.0.1:8082] Channel cleaned, now 64 active connections and 1 inactive connections
20:29:40.653 [reactor-http-nio-12] DEBUG reactor.netty.http.client.HttpClientOperations - [id: 0x297f734c, L:/127.0.0.1:49980 - R:localhost/127.0.0.1:8082] Received response (auto-read:false) : [Content-Type=application/json, Transfer-Encoding=chunked, Date=Tue, 29 Jun 2021 14:59:39 GMT]
20:29:40.653 [reactor-http-nio-12] DEBUG reactor.netty.resources.PooledConnectionProvider - [id: 0x297f734c, L:/127.0.0.1:49980 - R:localhost/127.0.0.1:8082] onStateChange(GET{uri=/getAttractionRewardPoints?attractionId=95f10c3e-65c5-4fd7-99b4-d1b165264760&userId=560b838d-e28e-4ec1-9650-8b193f1dc0e7, connection=PooledConnection{channel=[id: 0x297f734c, L:/127.0.0.1:49980 - R:localhost/127.0.0.1:8082]}}, [response_received])
20:29:40.653 [reactor-http-nio-12] DEBUG org.springframework.web.reactive.function.client.ExchangeFunctions - [7077eec4] Response 200 OK
20:29:40.653 [pool-15-thread-61] DEBUG org.springframework.web.reactive.function.client.ExchangeFunctions - [6580a0f7] HTTP GET http://localhost:8081/getAttractions
20:29:40.653 [reactor-http-nio-16] DEBUG reactor.netty.resources.PooledConnectionProvider - [id: 0x31cea2d6, L:/127.0.0.1:49902 - R:localhost/127.0.0.1:8081] Channel acquired, now 1 active connections and 64 inactive connections
20:29:40.653 [reactor-http-nio-12] DEBUG reactor.netty.channel.FluxReceive - [id: 0x297f734c, L:/127.0.0.1:49980 - R:localhost/127.0.0.1:8082] Subscribing inbound receiver [pending: 0, cancelled:false, inboundDone: false]
20:29:40.653 [reactor-http-nio-16] DEBUG reactor.netty.http.client.HttpClientConnect - [id: 0x31cea2d6, L:/127.0.0.1:49902 - R:localhost/127.0.0.1:8081] Handler is being applied: {uri=http://localhost:8081/getAttractions, method=GET}
20:29:40.653 [reactor-http-nio-12] DEBUG reactor.netty.http.client.HttpClientOperations - [id: 0x297f734c, L:/127.0.0.1:49980 - R:localhost/127.0.0.1:8082] Received last HTTP packet
20:29:40.653 [reactor-http-nio-12] DEBUG org.springframework.core.codec.StringDecoder - [7077eec4] Decoded "120"
20:29:40.653 [reactor-http-nio-12] DEBUG reactor.netty.resources.PooledConnectionProvider - [id: 0x297f734c, L:/127.0.0.1:49980 - R:localhost/127.0.0.1:8082] onStateChange(GET{uri=/getAttractionRewardPoints?attractionId=95f10c3e-65c5-4fd7-99b4-d1b165264760&userId=560b838d-e28e-4ec1-9650-8b193f1dc0e7, connection=PooledConnection{channel=[id: 0x297f734c, L:/127.0.0.1:49980 - R:localhost/127.0.0.1:8082]}}, [disconnecting])
20:29:40.653 [reactor-http-nio-12] DEBUG reactor.netty.resources.PooledConnectionProvider - [id: 0x297f734c, L:/127.0.0.1:49980 - R:localhost/127.0.0.1:8082] Releasing channel
20:29:40.653 [reactor-http-nio-12] DEBUG reactor.netty.resources.PooledConnectionProvider - [id: 0x297f734c, L:/127.0.0.1:49980 - R:localhost/127.0.0.1:8082] Channel cleaned, now 63 active connections and 2 inactive connections
20:29:40.653 [reactor-http-nio-16] DEBUG reactor.netty.resources.PooledConnectionProvider - [id: 0x31cea2d6, L:/127.0.0.1:49902 - R:localhost/127.0.0.1:8081] onStateChange(GET{uri=/getAttractions, connection=PooledConnection{channel=[id: 0x31cea2d6, L:/127.0.0.1:49902 - R:localhost/127.0.0.1:8081]}}, [request_sent])
20:29:40.654 [pool-15-thread-25] DEBUG org.springframework.web.reactive.function.client.ExchangeFunctions - [74486412] HTTP GET http://localhost:8081/getAttractions
20:29:40.654 [reactor-http-nio-11] DEBUG reactor.netty.resources.PooledConnectionProvider - [id: 0x543091a3, L:/127.0.0.1:49885 - R:localhost/127.0.0.1:8081] Channel acquired, now 2 active connections and 63 inactive connections
20:29:40.654 [reactor-http-nio-11] DEBUG reactor.netty.http.client.HttpClientConnect - [id: 0x543091a3, L:/127.0.0.1:49885 - R:localhost/127.0.0.1:8081] Handler is being applied: {uri=http://localhost:8081/getAttractions, method=GET}
20:29:40.654 [reactor-http-nio-11] DEBUG reactor.netty.resources.PooledConnectionProvider - [id: 0x543091a3, L:/127.0.0.1:49885 - R:localhost/127.0.0.1:8081] onStateChange(GET{uri=/getAttractions, connection=PooledConnection{channel=[id: 0x543091a3, L:/127.0.0.1:49885 - R:localhost/127.0.0.1:8081]}}, [request_sent])
20:29:40.661 [reactor-http-nio-15] DEBUG reactor.netty.http.client.HttpClientOperations - [id: 0xcbdafd8d, L:/127.0.0.1:49963 - R:localhost/127.0.0.1:8082] Received response (auto-read:false) : [Content-Type=application/json, Transfer-Encoding=chunked, Date=Tue, 29 Jun 2021 14:59:39 GMT]
20:29:40.661 [reactor-http-nio-15] DEBUG reactor.netty.resources.PooledConnectionProvider - [id: 0xcbdafd8d, L:/127.0.0.1:49963 - R:localhost/127.0.0.1:8082] onStateChange(GET{uri=/getAttractionRewardPoints?attractionId=0ae76432-8aec-431b-ba66-e1d5b6af294d&userId=9dcae6db-bde9-4852-aff5-5eefb4f4de07, connection=PooledConnection{channel=[id: 0xcbdafd8d, L:/127.0.0.1:49963 - R:localhost/127.0.0.1:8082]}}, [response_received])
20:29:40.662 [reactor-http-nio-15] DEBUG org.springframework.web.reactive.function.client.ExchangeFunctions - [66a6dcae] Response 200 OK
20:29:40.662 [reactor-http-nio-15] DEBUG reactor.netty.channel.FluxReceive - [id: 0xcbdafd8d, L:/127.0.0.1:49963 - R:localhost/127.0.0.1:8082] Subscribing inbound receiver [pending: 0, cancelled:false, inboundDone: false]
20:29:40.662 [reactor-http-nio-15] DEBUG reactor.netty.http.client.HttpClientOperations - [id: 0xcbdafd8d, L:/127.0.0.1:49963 - R:localhost/127.0.0.1:8082] Received last HTTP packet
20:29:40.662 [reactor-http-nio-15] DEBUG org.springframework.core.codec.StringDecoder - [66a6dcae] Decoded "676"
20:29:40.662 [reactor-http-nio-15] DEBUG reactor.netty.resources.PooledConnectionProvider - [id: 0xcbdafd8d, L:/127.0.0.1:49963 - R:localhost/127.0.0.1:8082] onStateChange(GET{uri=/getAttractionRewardPoints?attractionId=0ae76432-8aec-431b-ba66-e1d5b6af294d&userId=9dcae6db-bde9-4852-aff5-5eefb4f4de07, connection=PooledConnection{channel=[id: 0xcbdafd8d, L:/127.0.0.1:49963 - R:localhost/127.0.0.1:8082]}}, [disconnecting])
20:29:40.662 [reactor-http-nio-15] DEBUG reactor.netty.resources.PooledConnectionProvider - [id: 0xcbdafd8d, L:/127.0.0.1:49963 - R:localhost/127.0.0.1:8082] Releasing channel
20:29:40.662 [reactor-http-nio-15] DEBUG reactor.netty.resources.PooledConnectionProvider - [id: 0xcbdafd8d, L:/127.0.0.1:49963 - R:localhost/127.0.0.1:8082] Channel cleaned, now 62 active connections and 3 inactive connections
20:29:40.662 [pool-15-thread-19] DEBUG org.springframework.web.reactive.function.client.ExchangeFunctions - [629944a2] HTTP GET http://localhost:8081/getAttractions
20:29:40.663 [reactor-http-nio-10] DEBUG reactor.netty.resources.PooledConnectionProvider - [id: 0x415a9863, L:/127.0.0.1:49906 - R:localhost/127.0.0.1:8081] Channel acquired, now 3 active connections and 62 inactive connections
20:29:40.663 [reactor-http-nio-10] DEBUG reactor.netty.http.client.HttpClientConnect - [id: 0x415a9863, L:/127.0.0.1:49906 - R:localhost/127.0.0.1:8081] Handler is being applied: {uri=http://localhost:8081/getAttractions, method=GET}
20:29:40.663 [reactor-http-nio-10] DEBUG reactor.netty.resources.PooledConnectionProvider - [id: 0x415a9863, L:/127.0.0.1:49906 - R:localhost/127.0.0.1:8081] onStateChange(GET{uri=/getAttractions, connection=PooledConnection{channel=[id: 0x415a9863, L:/127.0.0.1:49906 - R:localhost/127.0.0.1:8081]}}, [request_sent])
20:29:40.665 [reactor-http-nio-16] DEBUG reactor.netty.http.client.HttpClientOperations - [id: 0x31cea2d6, L:/127.0.0.1:49902 - R:localhost/127.0.0.1:8081] Received response (auto-read:false) : [Content-Type=application/json, Transfer-Encoding=chunked, Date=Tue, 29 Jun 2021 14:59:40 GMT]
20:29:40.665 [reactor-http-nio-16] DEBUG reactor.netty.resources.PooledConnectionProvider - [id: 0x31cea2d6, L:/127.0.0.1:49902 - R:localhost/127.0.0.1:8081] onStateChange(GET{uri=/getAttractions, connection=PooledConnection{channel=[id: 0x31cea2d6, L:/127.0.0.1:49902 - R:localhost/127.0.0.1:8081]}}, [response_received])
20:29:40.665 [reactor-http-nio-16] DEBUG org.springframework.web.reactive.function.client.ExchangeFunctions - [6580a0f7] Response 200 OK
20:29:40.665 [reactor-http-nio-16] DEBUG reactor.netty.channel.FluxReceive - [id: 0x31cea2d6, L:/127.0.0.1:49902 - R:localhost/127.0.0.1:8081] Subscribing inbound receiver [pending: 0, cancelled:false, inboundDone: false]
20:29:40.666 [reactor-http-nio-11] DEBUG reactor.netty.http.client.HttpClientOperations - [id: 0x543091a3, L:/127.0.0.1:49885 - R:localhost/127.0.0.1:8081] Received response (auto-read:false) : [Content-Type=application/json, Transfer-Encoding=chunked, Date=Tue, 29 Jun 2021 14:59:40 GMT]
20:29:40.666 [reactor-http-nio-16] DEBUG reactor.netty.http.client.HttpClientOperations - [id: 0x31cea2d6, L:/127.0.0.1:49902 - R:localhost/127.0.0.1:8081] Received last HTTP packet
20:29:40.666 [reactor-http-nio-11] DEBUG reactor.netty.resources.PooledConnectionProvider - [id: 0x543091a3, L:/127.0.0.1:49885 - R:localhost/127.0.0.1:8081] onStateChange(GET{uri=/getAttractions, connection=PooledConnection{channel=[id: 0x543091a3, L:/127.0.0.1:49885 - R:localhost/127.0.0.1:8081]}}, [response_received])
20:29:40.666 [reactor-http-nio-11] DEBUG org.springframework.web.reactive.function.client.ExchangeFunctions - [74486412] Response 200 OK
20:29:40.666 [reactor-http-nio-16] DEBUG org.springframework.core.codec.StringDecoder - [6580a0f7] Decoded "[{"longitude":-117.922008,"latitude":33.817595,"attractionName":"Disneyland","city":"Anaheim","stat (truncated)...
20:29:40.666 [reactor-http-nio-16] DEBUG reactor.netty.resources.PooledConnectionProvider - [id: 0x31cea2d6, L:/127.0.0.1:49902 - R:localhost/127.0.0.1:8081] onStateChange(GET{uri=/getAttractions, connection=PooledConnection{channel=[id: 0x31cea2d6, L:/127.0.0.1:49902 - R:localhost/127.0.0.1:8081]}}, [disconnecting])
20:29:40.666 [reactor-http-nio-16] DEBUG reactor.netty.resources.PooledConnectionProvider - [id: 0x31cea2d6, L:/127.0.0.1:49902 - R:localhost/127.0.0.1:8081] Releasing channel
20:29:40.666 [reactor-http-nio-16] DEBUG reactor.netty.resources.PooledConnectionProvider - [id: 0x31cea2d6, L:/127.0.0.1:49902 - R:localhost/127.0.0.1:8081] Channel cleaned, now 2 active connections and 63 inactive connections
20:29:40.666 [reactor-http-nio-11] DEBUG reactor.netty.channel.FluxReceive - [id: 0x543091a3, L:/127.0.0.1:49885 - R:localhost/127.0.0.1:8081] Subscribing inbound receiver [pending: 0, cancelled:false, inboundDone: false]
20:29:40.666 [reactor-http-nio-11] DEBUG reactor.netty.http.client.HttpClientOperations - [id: 0x543091a3, L:/127.0.0.1:49885 - R:localhost/127.0.0.1:8081] Received last HTTP packet
20:29:40.667 [reactor-http-nio-11] DEBUG org.springframework.core.codec.StringDecoder - [74486412] Decoded "[{"longitude":-117.922008,"latitude":33.817595,"attractionName":"Disneyland","city":"Anaheim","stat (truncated)...
20:29:40.667 [reactor-http-nio-11] DEBUG reactor.netty.resources.PooledConnectionProvider - [id: 0x543091a3, L:/127.0.0.1:49885 - R:localhost/127.0.0.1:8081] onStateChange(GET{uri=/getAttractions, connection=PooledConnection{channel=[id: 0x543091a3, L:/127.0.0.1:49885 - R:localhost/127.0.0.1:8081]}}, [disconnecting])
20:29:40.667 [reactor-http-nio-11] DEBUG reactor.netty.resources.PooledConnectionProvider - [id: 0x543091a3, L:/127.0.0.1:49885 - R:localhost/127.0.0.1:8081] Releasing channel
20:29:40.667 [reactor-http-nio-11] DEBUG reactor.netty.resources.PooledConnectionProvider - [id: 0x543091a3, L:/127.0.0.1:49885 - R:localhost/127.0.0.1:8081] Channel cleaned, now 1 active connections and 64 inactive connections
20:29:40.667 [pool-15-thread-61] DEBUG org.springframework.web.reactive.function.client.ExchangeFunctions - [36e26949] HTTP GET http://localhost:8082/getAttractionRewardPoints?attractionId=e4d9f8be-4618-4b90-b765-a49e11122621&userId=f70af806-2e26-4613-9d2d-d16b26c3c076
20:29:40.667 [reactor-http-nio-12] DEBUG reactor.netty.resources.PooledConnectionProvider - [id: 0xddec26e6, L:/127.0.0.1:49993 - R:localhost/127.0.0.1:8082] Channel acquired, now 63 active connections and 2 inactive connections
20:29:40.667 [pool-15-thread-25] DEBUG org.springframework.web.reactive.function.client.ExchangeFunctions - [314ae4ff] HTTP GET http://localhost:8082/getAttractionRewardPoints?attractionId=de1a9186-e06f-44d0-a883-d22dabaea247&userId=d28d9783-8de8-4168-9ee0-76501fa47574
20:29:40.667 [reactor-http-nio-12] DEBUG reactor.netty.http.client.HttpClientConnect - [id: 0xddec26e6, L:/127.0.0.1:49993 - R:localhost/127.0.0.1:8082] Handler is being applied: {uri=http://localhost:8082/getAttractionRewardPoints?attractionId=e4d9f8be-4618-4b90-b765-a49e11122621&userId=f70af806-2e26-4613-9d2d-d16b26c3c076, method=GET}
20:29:40.668 [reactor-http-nio-12] DEBUG reactor.netty.resources.PooledConnectionProvider - [id: 0xddec26e6, L:/127.0.0.1:49993 - R:localhost/127.0.0.1:8082] onStateChange(GET{uri=/getAttractionRewardPoints?attractionId=e4d9f8be-4618-4b90-b765-a49e11122621&userId=f70af806-2e26-4613-9d2d-d16b26c3c076, connection=PooledConnection{channel=[id: 0xddec26e6, L:/127.0.0.1:49993 - R:localhost/127.0.0.1:8082]}}, [request_sent])
20:29:40.668 [reactor-http-nio-12] DEBUG reactor.netty.resources.PooledConnectionProvider - [id: 0x297f734c, L:/127.0.0.1:49980 - R:localhost/127.0.0.1:8082] Channel acquired, now 64 active connections and 1 inactive connections
20:29:40.668 [reactor-http-nio-12] DEBUG reactor.netty.http.client.HttpClientConnect - [id: 0x297f734c, L:/127.0.0.1:49980 - R:localhost/127.0.0.1:8082] Handler is being applied: {uri=http://localhost:8082/getAttractionRewardPoints?attractionId=de1a9186-e06f-44d0-a883-d22dabaea247&userId=d28d9783-8de8-4168-9ee0-76501fa47574, method=GET}
20:29:40.668 [reactor-http-nio-12] DEBUG reactor.netty.resources.PooledConnectionProvider - [id: 0x297f734c, L:/127.0.0.1:49980 - R:localhost/127.0.0.1:8082] onStateChange(GET{uri=/getAttractionRewardPoints?attractionId=de1a9186-e06f-44d0-a883-d22dabaea247&userId=d28d9783-8de8-4168-9ee0-76501fa47574, connection=PooledConnection{channel=[id: 0x297f734c, L:/127.0.0.1:49980 - R:localhost/127.0.0.1:8082]}}, [request_sent])
20:29:40.671 [reactor-http-nio-12] DEBUG reactor.netty.http.client.HttpClientOperations - [id: 0x1e6bc944, L:/127.0.0.1:49983 - R:localhost/127.0.0.1:8082] Received response (auto-read:false) : [Content-Type=application/json, Transfer-Encoding=chunked, Date=Tue, 29 Jun 2021 14:59:39 GMT]
20:29:40.671 [reactor-http-nio-12] DEBUG reactor.netty.resources.PooledConnectionProvider - [id: 0x1e6bc944, L:/127.0.0.1:49983 - R:localhost/127.0.0.1:8082] onStateChange(GET{uri=/getAttractionRewardPoints?attractionId=6869790c-cce8-496f-b0b6-9ab84a1d2e83&userId=3c806ac2-0783-4b08-a886-591bbb9ba017, connection=PooledConnection{channel=[id: 0x1e6bc944, L:/127.0.0.1:49983 - R:localhost/127.0.0.1:8082]}}, [response_received])
20:29:40.671 [reactor-http-nio-12] DEBUG org.springframework.web.reactive.function.client.ExchangeFunctions - [570a52c1] Response 200 OK
20:29:40.671 [reactor-http-nio-12] DEBUG reactor.netty.channel.FluxReceive - [id: 0x1e6bc944, L:/127.0.0.1:49983 - R:localhost/127.0.0.1:8082] Subscribing inbound receiver [pending: 0, cancelled:false, inboundDone: false]
20:29:40.672 [reactor-http-nio-12] DEBUG reactor.netty.http.client.HttpClientOperations - [id: 0x1e6bc944, L:/127.0.0.1:49983 - R:localhost/127.0.0.1:8082] Received last HTTP packet
20:29:40.672 [reactor-http-nio-12] DEBUG org.springframework.core.codec.StringDecoder - [570a52c1] Decoded "364"
20:29:40.672 [reactor-http-nio-12] DEBUG reactor.netty.resources.PooledConnectionProvider - [id: 0x1e6bc944, L:/127.0.0.1:49983 - R:localhost/127.0.0.1:8082] onStateChange(GET{uri=/getAttractionRewardPoints?attractionId=6869790c-cce8-496f-b0b6-9ab84a1d2e83&userId=3c806ac2-0783-4b08-a886-591bbb9ba017, connection=PooledConnection{channel=[id: 0x1e6bc944, L:/127.0.0.1:49983 - R:localhost/127.0.0.1:8082]}}, [disconnecting])
20:29:40.672 [reactor-http-nio-12] DEBUG reactor.netty.resources.PooledConnectionProvider - [id: 0x1e6bc944, L:/127.0.0.1:49983 - R:localhost/127.0.0.1:8082] Releasing channel
20:29:40.672 [reactor-http-nio-12] DEBUG reactor.netty.resources.PooledConnectionProvider - [id: 0x1e6bc944, L:/127.0.0.1:49983 - R:localhost/127.0.0.1:8082] Channel cleaned, now 63 active connections and 2 inactive connections
20:29:40.672 [pool-15-thread-33] DEBUG org.springframework.web.reactive.function.client.ExchangeFunctions - [5335dcf8] HTTP GET http://localhost:8081/getAttractions
20:29:40.672 [reactor-http-nio-16] DEBUG reactor.netty.http.client.HttpClientOperations - [id: 0x1d80bd18, L:/127.0.0.1:49997 - R:localhost/127.0.0.1:8082] Received response (auto-read:false) : [Content-Type=application/json, Transfer-Encoding=chunked, Date=Tue, 29 Jun 2021 14:59:39 GMT]
20:29:40.672 [reactor-http-nio-16] DEBUG reactor.netty.resources.PooledConnectionProvider - [id: 0x1d80bd18, L:/127.0.0.1:49997 - R:localhost/127.0.0.1:8082] onStateChange(GET{uri=/getAttractionRewardPoints?attractionId=71e9f465-2f84-4d4e-9883-531109567ea2&userId=dfd93935-fb21-4f23-b8fc-5dded0bca21f, connection=PooledConnection{channel=[id: 0x1d80bd18, L:/127.0.0.1:49997 - R:localhost/127.0.0.1:8082]}}, [response_received])
20:29:40.672 [reactor-http-nio-16] DEBUG org.springframework.web.reactive.function.client.ExchangeFunctions - [5fc37337] Response 200 OK
20:29:40.672 [reactor-http-nio-14] DEBUG reactor.netty.resources.PooledConnectionProvider - [id: 0x6c889872, L:/127.0.0.1:49887 - R:localhost/127.0.0.1:8081] Channel acquired, now 2 active connections and 63 inactive connections
20:29:40.673 [reactor-http-nio-14] DEBUG reactor.netty.http.client.HttpClientConnect - [id: 0x6c889872, L:/127.0.0.1:49887 - R:localhost/127.0.0.1:8081] Handler is being applied: {uri=http://localhost:8081/getAttractions, method=GET}
20:29:40.673 [reactor-http-nio-16] DEBUG reactor.netty.channel.FluxReceive - [id: 0x1d80bd18, L:/127.0.0.1:49997 - R:localhost/127.0.0.1:8082] Subscribing inbound receiver [pending: 0, cancelled:false, inboundDone: false]
20:29:40.673 [reactor-http-nio-14] DEBUG reactor.netty.resources.PooledConnectionProvider - [id: 0x6c889872, L:/127.0.0.1:49887 - R:localhost/127.0.0.1:8081] onStateChange(GET{uri=/getAttractions, connection=PooledConnection{channel=[id: 0x6c889872, L:/127.0.0.1:49887 - R:localhost/127.0.0.1:8081]}}, [request_sent])
20:29:40.673 [reactor-http-nio-16] DEBUG reactor.netty.http.client.HttpClientOperations - [id: 0x1d80bd18, L:/127.0.0.1:49997 - R:localhost/127.0.0.1:8082] Received last HTTP packet
20:29:40.673 [reactor-http-nio-16] DEBUG org.springframework.core.codec.StringDecoder - [5fc37337] Decoded "412"
20:29:40.673 [reactor-http-nio-16] DEBUG reactor.netty.resources.PooledConnectionProvider - [id: 0x1d80bd18, L:/127.0.0.1:49997 - R:localhost/127.0.0.1:8082] onStateChange(GET{uri=/getAttractionRewardPoints?attractionId=71e9f465-2f84-4d4e-9883-531109567ea2&userId=dfd93935-fb21-4f23-b8fc-5dded0bca21f, connection=PooledConnection{channel=[id: 0x1d80bd18, L:/127.0.0.1:49997 - R:localhost/127.0.0.1:8082]}}, [disconnecting])
20:29:40.673 [reactor-http-nio-16] DEBUG reactor.netty.resources.PooledConnectionProvider - [id: 0x1d80bd18, L:/127.0.0.1:49997 - R:localhost/127.0.0.1:8082] Releasing channel
20:29:40.673 [reactor-http-nio-16] DEBUG reactor.netty.resources.PooledConnectionProvider - [id: 0x1d80bd18, L:/127.0.0.1:49997 - R:localhost/127.0.0.1:8082] Channel cleaned, now 62 active connections and 3 inactive connections
20:29:40.674 [pool-15-thread-41] DEBUG org.springframework.web.reactive.function.client.ExchangeFunctions - [30da7f9] HTTP GET http://localhost:8081/getAttractions
20:29:40.674 [reactor-http-nio-15] DEBUG reactor.netty.resources.PooledConnectionProvider - [id: 0x822a7f8c, L:/127.0.0.1:49898 - R:localhost/127.0.0.1:8081] Channel acquired, now 3 active connections and 62 inactive connections
20:29:40.674 [reactor-http-nio-15] DEBUG reactor.netty.http.client.HttpClientConnect - [id: 0x822a7f8c, L:/127.0.0.1:49898 - R:localhost/127.0.0.1:8081] Handler is being applied: {uri=http://localhost:8081/getAttractions, method=GET}
20:29:40.674 [reactor-http-nio-15] DEBUG reactor.netty.resources.PooledConnectionProvider - [id: 0x822a7f8c, L:/127.0.0.1:49898 - R:localhost/127.0.0.1:8081] onStateChange(GET{uri=/getAttractions, connection=PooledConnection{channel=[id: 0x822a7f8c, L:/127.0.0.1:49898 - R:localhost/127.0.0.1:8081]}}, [request_sent])
20:29:40.676 [reactor-http-nio-10] DEBUG reactor.netty.http.client.HttpClientOperations - [id: 0x415a9863, L:/127.0.0.1:49906 - R:localhost/127.0.0.1:8081] Received response (auto-read:false) : [Content-Type=application/json, Transfer-Encoding=chunked, Date=Tue, 29 Jun 2021 14:59:40 GMT]
20:29:40.676 [reactor-http-nio-10] DEBUG reactor.netty.resources.PooledConnectionProvider - [id: 0x415a9863, L:/127.0.0.1:49906 - R:localhost/127.0.0.1:8081] onStateChange(GET{uri=/getAttractions, connection=PooledConnection{channel=[id: 0x415a9863, L:/127.0.0.1:49906 - R:localhost/127.0.0.1:8081]}}, [response_received])
20:29:40.676 [reactor-http-nio-10] DEBUG org.springframework.web.reactive.function.client.ExchangeFunctions - [629944a2] Response 200 OK
20:29:40.676 [reactor-http-nio-10] DEBUG reactor.netty.channel.FluxReceive - [id: 0x415a9863, L:/127.0.0.1:49906 - R:localhost/127.0.0.1:8081] Subscribing inbound receiver [pending: 0, cancelled:false, inboundDone: false]
20:29:40.677 [reactor-http-nio-10] DEBUG reactor.netty.http.client.HttpClientOperations - [id: 0x415a9863, L:/127.0.0.1:49906 - R:localhost/127.0.0.1:8081] Received last HTTP packet
20:29:40.677 [reactor-http-nio-10] DEBUG org.springframework.core.codec.StringDecoder - [629944a2] Decoded "[{"longitude":-117.922008,"latitude":33.817595,"attractionName":"Disneyland","city":"Anaheim","stat (truncated)...
20:29:40.677 [reactor-http-nio-10] DEBUG reactor.netty.resources.PooledConnectionProvider - [id: 0x415a9863, L:/127.0.0.1:49906 - R:localhost/127.0.0.1:8081] onStateChange(GET{uri=/getAttractions, connection=PooledConnection{channel=[id: 0x415a9863, L:/127.0.0.1:49906 - R:localhost/127.0.0.1:8081]}}, [disconnecting])
20:29:40.677 [reactor-http-nio-10] DEBUG reactor.netty.resources.PooledConnectionProvider - [id: 0x415a9863, L:/127.0.0.1:49906 - R:localhost/127.0.0.1:8081] Releasing channel
20:29:40.677 [reactor-http-nio-10] DEBUG reactor.netty.resources.PooledConnectionProvider - [id: 0x415a9863, L:/127.0.0.1:49906 - R:localhost/127.0.0.1:8081] Channel cleaned, now 2 active connections and 63 inactive connections
20:29:40.678 [pool-15-thread-19] DEBUG org.springframework.web.reactive.function.client.ExchangeFunctions - [279bd695] HTTP GET http://localhost:8082/getAttractionRewardPoints?attractionId=ddd0c8d7-13c9-47d1-be40-d5e9ed37e7d4&userId=9492f45f-56e7-4163-bc2d-75b896cd03d5
20:29:40.678 [reactor-http-nio-15] DEBUG reactor.netty.resources.PooledConnectionProvider - [id: 0xcbdafd8d, L:/127.0.0.1:49963 - R:localhost/127.0.0.1:8082] Channel acquired, now 63 active connections and 2 inactive connections
20:29:40.678 [reactor-http-nio-15] DEBUG reactor.netty.http.client.HttpClientConnect - [id: 0xcbdafd8d, L:/127.0.0.1:49963 - R:localhost/127.0.0.1:8082] Handler is being applied: {uri=http://localhost:8082/getAttractionRewardPoints?attractionId=ddd0c8d7-13c9-47d1-be40-d5e9ed37e7d4&userId=9492f45f-56e7-4163-bc2d-75b896cd03d5, method=GET}
20:29:40.679 [reactor-http-nio-15] DEBUG reactor.netty.resources.PooledConnectionProvider - [id: 0xcbdafd8d, L:/127.0.0.1:49963 - R:localhost/127.0.0.1:8082] onStateChange(GET{uri=/getAttractionRewardPoints?attractionId=ddd0c8d7-13c9-47d1-be40-d5e9ed37e7d4&userId=9492f45f-56e7-4163-bc2d-75b896cd03d5, connection=PooledConnection{channel=[id: 0xcbdafd8d, L:/127.0.0.1:49963 - R:localhost/127.0.0.1:8082]}}, [request_sent])
20:29:40.685 [reactor-http-nio-13] DEBUG reactor.netty.http.client.HttpClientOperations - [id: 0xdee89d36, L:/127.0.0.1:49975 - R:localhost/127.0.0.1:8082] Received response (auto-read:false) : [Content-Type=application/json, Transfer-Encoding=chunked, Date=Tue, 29 Jun 2021 14:59:39 GMT]
20:29:40.685 [reactor-http-nio-13] DEBUG reactor.netty.resources.PooledConnectionProvider - [id: 0xdee89d36, L:/127.0.0.1:49975 - R:localhost/127.0.0.1:8082] onStateChange(GET{uri=/getAttractionRewardPoints?attractionId=137450c0-c7d7-4bd7-874a-bbba93482f54&userId=dc3668c0-44fc-43e4-b7d5-1e5e5d4ba630, connection=PooledConnection{channel=[id: 0xdee89d36, L:/127.0.0.1:49975 - R:localhost/127.0.0.1:8082]}}, [response_received])
20:29:40.685 [reactor-http-nio-14] DEBUG reactor.netty.http.client.HttpClientOperations - [id: 0x6c889872, L:/127.0.0.1:49887 - R:localhost/127.0.0.1:8081] Received response (auto-read:false) : [Content-Type=application/json, Transfer-Encoding=chunked, Date=Tue, 29 Jun 2021 14:59:40 GMT]
20:29:40.685 [reactor-http-nio-14] DEBUG reactor.netty.resources.PooledConnectionProvider - [id: 0x6c889872, L:/127.0.0.1:49887 - R:localhost/127.0.0.1:8081] onStateChange(GET{uri=/getAttractions, connection=PooledConnection{channel=[id: 0x6c889872, L:/127.0.0.1:49887 - R:localhost/127.0.0.1:8081]}}, [response_received])
20:29:40.685 [reactor-http-nio-14] DEBUG org.springframework.web.reactive.function.client.ExchangeFunctions - [5335dcf8] Response 200 OK
20:29:40.685 [reactor-http-nio-13] DEBUG org.springframework.web.reactive.function.client.ExchangeFunctions - [40c331e7] Response 200 OK
20:29:40.685 [reactor-http-nio-13] DEBUG reactor.netty.channel.FluxReceive - [id: 0xdee89d36, L:/127.0.0.1:49975 - R:localhost/127.0.0.1:8082] Subscribing inbound receiver [pending: 0, cancelled:false, inboundDone: false]
20:29:40.686 [reactor-http-nio-13] DEBUG reactor.netty.http.client.HttpClientOperations - [id: 0xdee89d36, L:/127.0.0.1:49975 - R:localhost/127.0.0.1:8082] Received last HTTP packet
20:29:40.685 [reactor-http-nio-14] DEBUG reactor.netty.channel.FluxReceive - [id: 0x6c889872, L:/127.0.0.1:49887 - R:localhost/127.0.0.1:8081] Subscribing inbound receiver [pending: 0, cancelled:false, inboundDone: false]
20:29:40.686 [reactor-http-nio-13] DEBUG org.springframework.core.codec.StringDecoder - [40c331e7] Decoded "139"
20:29:40.686 [reactor-http-nio-15] DEBUG reactor.netty.http.client.HttpClientOperations - [id: 0x822a7f8c, L:/127.0.0.1:49898 - R:localhost/127.0.0.1:8081] Received response (auto-read:false) : [Content-Type=application/json, Transfer-Encoding=chunked, Date=Tue, 29 Jun 2021 14:59:40 GMT]
20:29:40.686 [reactor-http-nio-14] DEBUG reactor.netty.http.client.HttpClientOperations - [id: 0x6c889872, L:/127.0.0.1:49887 - R:localhost/127.0.0.1:8081] Received last HTTP packet
20:29:40.686 [reactor-http-nio-15] DEBUG reactor.netty.resources.PooledConnectionProvider - [id: 0x822a7f8c, L:/127.0.0.1:49898 - R:localhost/127.0.0.1:8081] onStateChange(GET{uri=/getAttractions, connection=PooledConnection{channel=[id: 0x822a7f8c, L:/127.0.0.1:49898 - R:localhost/127.0.0.1:8081]}}, [response_received])
20:29:40.686 [reactor-http-nio-14] DEBUG org.springframework.core.codec.StringDecoder - [5335dcf8] Decoded "[{"longitude":-117.922008,"latitude":33.817595,"attractionName":"Disneyland","city":"Anaheim","stat (truncated)...
20:29:40.686 [reactor-http-nio-15] DEBUG org.springframework.web.reactive.function.client.ExchangeFunctions - [30da7f9] Response 200 OK
20:29:40.686 [reactor-http-nio-14] DEBUG reactor.netty.resources.PooledConnectionProvider - [id: 0x6c889872, L:/127.0.0.1:49887 - R:localhost/127.0.0.1:8081] onStateChange(GET{uri=/getAttractions, connection=PooledConnection{channel=[id: 0x6c889872, L:/127.0.0.1:49887 - R:localhost/127.0.0.1:8081]}}, [disconnecting])
20:29:40.686 [reactor-http-nio-14] DEBUG reactor.netty.resources.PooledConnectionProvider - [id: 0x6c889872, L:/127.0.0.1:49887 - R:localhost/127.0.0.1:8081] Releasing channel
20:29:40.686 [reactor-http-nio-14] DEBUG reactor.netty.resources.PooledConnectionProvider - [id: 0x6c889872, L:/127.0.0.1:49887 - R:localhost/127.0.0.1:8081] Channel cleaned, now 1 active connections and 64 inactive connections
20:29:40.686 [reactor-http-nio-13] DEBUG reactor.netty.resources.PooledConnectionProvider - [id: 0xdee89d36, L:/127.0.0.1:49975 - R:localhost/127.0.0.1:8082] onStateChange(GET{uri=/getAttractionRewardPoints?attractionId=137450c0-c7d7-4bd7-874a-bbba93482f54&userId=dc3668c0-44fc-43e4-b7d5-1e5e5d4ba630, connection=PooledConnection{channel=[id: 0xdee89d36, L:/127.0.0.1:49975 - R:localhost/127.0.0.1:8082]}}, [disconnecting])
20:29:40.686 [reactor-http-nio-13] DEBUG reactor.netty.resources.PooledConnectionProvider - [id: 0xdee89d36, L:/127.0.0.1:49975 - R:localhost/127.0.0.1:8082] Releasing channel
20:29:40.686 [reactor-http-nio-13] DEBUG reactor.netty.resources.PooledConnectionProvider - [id: 0xdee89d36, L:/127.0.0.1:49975 - R:localhost/127.0.0.1:8082] Channel cleaned, now 62 active connections and 3 inactive connections
20:29:40.686 [reactor-http-nio-15] DEBUG reactor.netty.channel.FluxReceive - [id: 0x822a7f8c, L:/127.0.0.1:49898 - R:localhost/127.0.0.1:8081] Subscribing inbound receiver [pending: 0, cancelled:false, inboundDone: false]
20:29:40.687 [reactor-http-nio-15] DEBUG reactor.netty.http.client.HttpClientOperations - [id: 0x822a7f8c, L:/127.0.0.1:49898 - R:localhost/127.0.0.1:8081] Received last HTTP packet
20:29:40.687 [reactor-http-nio-12] DEBUG reactor.netty.http.client.HttpClientOperations - [id: 0x437cfbd8, L:/127.0.0.1:49990 - R:localhost/127.0.0.1:8082] Received response (auto-read:false) : [Content-Type=application/json, Transfer-Encoding=chunked, Date=Tue, 29 Jun 2021 14:59:39 GMT]
20:29:40.687 [reactor-http-nio-15] DEBUG org.springframework.core.codec.StringDecoder - [30da7f9] Decoded "[{"longitude":-117.922008,"latitude":33.817595,"attractionName":"Disneyland","city":"Anaheim","stat (truncated)...
20:29:40.687 [reactor-http-nio-12] DEBUG reactor.netty.resources.PooledConnectionProvider - [id: 0x437cfbd8, L:/127.0.0.1:49990 - R:localhost/127.0.0.1:8082] onStateChange(GET{uri=/getAttractionRewardPoints?attractionId=cadee10f-ada7-4bdf-b649-25dd3273dab2&userId=2adbec63-71dc-4fa8-aebb-b3eef4324c13, connection=PooledConnection{channel=[id: 0x437cfbd8, L:/127.0.0.1:49990 - R:localhost/127.0.0.1:8082]}}, [response_received])
20:29:40.687 [reactor-http-nio-12] DEBUG org.springframework.web.reactive.function.client.ExchangeFunctions - [677791bb] Response 200 OK
20:29:40.687 [reactor-http-nio-12] DEBUG reactor.netty.channel.FluxReceive - [id: 0x437cfbd8, L:/127.0.0.1:49990 - R:localhost/127.0.0.1:8082] Subscribing inbound receiver [pending: 0, cancelled:false, inboundDone: false]
20:29:40.688 [pool-15-thread-33] DEBUG org.springframework.web.reactive.function.client.ExchangeFunctions - [163758fa] HTTP GET http://localhost:8082/getAttractionRewardPoints?attractionId=b0aa8f0b-7666-47a9-9cba-873443d5442d&userId=23ee7d43-8b3e-4dfc-a44f-784f2229179a
20:29:40.688 [reactor-http-nio-12] DEBUG reactor.netty.http.client.HttpClientOperations - [id: 0x437cfbd8, L:/127.0.0.1:49990 - R:localhost/127.0.0.1:8082] Received last HTTP packet
20:29:40.687 [pool-15-thread-48] DEBUG org.springframework.web.reactive.function.client.ExchangeFunctions - [44fcbd27] HTTP GET http://localhost:8081/getAttractions
20:29:40.688 [reactor-http-nio-12] DEBUG org.springframework.core.codec.StringDecoder - [677791bb] Decoded "862"
20:29:40.688 [reactor-http-nio-12] DEBUG reactor.netty.resources.PooledConnectionProvider - [id: 0x437cfbd8, L:/127.0.0.1:49990 - R:localhost/127.0.0.1:8082] onStateChange(GET{uri=/getAttractionRewardPoints?attractionId=cadee10f-ada7-4bdf-b649-25dd3273dab2&userId=2adbec63-71dc-4fa8-aebb-b3eef4324c13, connection=PooledConnection{channel=[id: 0x437cfbd8, L:/127.0.0.1:49990 - R:localhost/127.0.0.1:8082]}}, [disconnecting])
20:29:40.688 [reactor-http-nio-12] DEBUG reactor.netty.resources.PooledConnectionProvider - [id: 0x437cfbd8, L:/127.0.0.1:49990 - R:localhost/127.0.0.1:8082] Releasing channel
20:29:40.688 [reactor-http-nio-12] DEBUG reactor.netty.resources.PooledConnectionProvider - [id: 0x437cfbd8, L:/127.0.0.1:49990 - R:localhost/127.0.0.1:8082] Channel cleaned, now 61 active connections and 4 inactive connections
20:29:40.687 [reactor-http-nio-15] DEBUG reactor.netty.resources.PooledConnectionProvider - [id: 0x822a7f8c, L:/127.0.0.1:49898 - R:localhost/127.0.0.1:8081] onStateChange(GET{uri=/getAttractions, connection=PooledConnection{channel=[id: 0x822a7f8c, L:/127.0.0.1:49898 - R:localhost/127.0.0.1:8081]}}, [disconnecting])
20:29:40.688 [reactor-http-nio-15] DEBUG reactor.netty.resources.PooledConnectionProvider - [id: 0x822a7f8c, L:/127.0.0.1:49898 - R:localhost/127.0.0.1:8081] Releasing channel
20:29:40.688 [reactor-http-nio-15] DEBUG reactor.netty.resources.PooledConnectionProvider - [id: 0x822a7f8c, L:/127.0.0.1:49898 - R:localhost/127.0.0.1:8081] Channel cleaned, now 0 active connections and 65 inactive connections
20:29:40.688 [reactor-http-nio-12] DEBUG reactor.netty.resources.PooledConnectionProvider - [id: 0x1e6bc944, L:/127.0.0.1:49983 - R:localhost/127.0.0.1:8082] Channel acquired, now 62 active connections and 3 inactive connections
20:29:40.688 [reactor-http-nio-12] DEBUG reactor.netty.http.client.HttpClientConnect - [id: 0x1e6bc944, L:/127.0.0.1:49983 - R:localhost/127.0.0.1:8082] Handler is being applied: {uri=http://localhost:8082/getAttractionRewardPoints?attractionId=b0aa8f0b-7666-47a9-9cba-873443d5442d&userId=23ee7d43-8b3e-4dfc-a44f-784f2229179a, method=GET}
20:29:40.688 [pool-15-thread-31] DEBUG org.springframework.web.reactive.function.client.ExchangeFunctions - [6348198d] HTTP GET http://localhost:8081/getAttractions
20:29:40.689 [reactor-http-nio-16] DEBUG reactor.netty.resources.PooledConnectionProvider - [id: 0x08b58e36, L:/127.0.0.1:49899 - R:localhost/127.0.0.1:8081] Channel acquired, now 1 active connections and 64 inactive connections
20:29:40.689 [reactor-http-nio-16] DEBUG reactor.netty.http.client.HttpClientConnect - [id: 0x08b58e36, L:/127.0.0.1:49899 - R:localhost/127.0.0.1:8081] Handler is being applied: {uri=http://localhost:8081/getAttractions, method=GET}
20:29:40.689 [reactor-http-nio-12] DEBUG reactor.netty.resources.PooledConnectionProvider - [id: 0x1e6bc944, L:/127.0.0.1:49983 - R:localhost/127.0.0.1:8082] onStateChange(GET{uri=/getAttractionRewardPoints?attractionId=b0aa8f0b-7666-47a9-9cba-873443d5442d&userId=23ee7d43-8b3e-4dfc-a44f-784f2229179a, connection=PooledConnection{channel=[id: 0x1e6bc944, L:/127.0.0.1:49983 - R:localhost/127.0.0.1:8082]}}, [request_sent])
20:29:40.688 [pool-15-thread-41] DEBUG org.springframework.web.reactive.function.client.ExchangeFunctions - [6ed6888d] HTTP GET http://localhost:8082/getAttractionRewardPoints?attractionId=da72f877-b4a7-4f0d-be9f-501e9a779802&userId=e17e06d2-6f2f-400a-9ef2-b9b3c4d5f777
20:29:40.689 [reactor-http-nio-16] DEBUG reactor.netty.resources.PooledConnectionProvider - [id: 0x08b58e36, L:/127.0.0.1:49899 - R:localhost/127.0.0.1:8081] onStateChange(GET{uri=/getAttractions, connection=PooledConnection{channel=[id: 0x08b58e36, L:/127.0.0.1:49899 - R:localhost/127.0.0.1:8081]}}, [request_sent])
20:29:40.689 [reactor-http-nio-12] DEBUG reactor.netty.resources.PooledConnectionProvider - [id: 0x622ee18f, L:/127.0.0.1:49911 - R:localhost/127.0.0.1:8081] Channel acquired, now 2 active connections and 63 inactive connections
20:29:40.689 [reactor-http-nio-12] DEBUG reactor.netty.http.client.HttpClientConnect - [id: 0x622ee18f, L:/127.0.0.1:49911 - R:localhost/127.0.0.1:8081] Handler is being applied: {uri=http://localhost:8081/getAttractions, method=GET}
20:29:40.689 [reactor-http-nio-12] DEBUG reactor.netty.resources.PooledConnectionProvider - [id: 0x622ee18f, L:/127.0.0.1:49911 - R:localhost/127.0.0.1:8081] onStateChange(GET{uri=/getAttractions, connection=PooledConnection{channel=[id: 0x622ee18f, L:/127.0.0.1:49911 - R:localhost/127.0.0.1:8081]}}, [request_sent])
20:29:40.690 [reactor-http-nio-16] DEBUG reactor.netty.resources.PooledConnectionProvider - [id: 0x1d80bd18, L:/127.0.0.1:49997 - R:localhost/127.0.0.1:8082] Channel acquired, now 63 active connections and 2 inactive connections
20:29:40.690 [reactor-http-nio-16] DEBUG reactor.netty.http.client.HttpClientConnect - [id: 0x1d80bd18, L:/127.0.0.1:49997 - R:localhost/127.0.0.1:8082] Handler is being applied: {uri=http://localhost:8082/getAttractionRewardPoints?attractionId=da72f877-b4a7-4f0d-be9f-501e9a779802&userId=e17e06d2-6f2f-400a-9ef2-b9b3c4d5f777, method=GET}
20:29:40.690 [reactor-http-nio-16] DEBUG reactor.netty.resources.PooledConnectionProvider - [id: 0x1d80bd18, L:/127.0.0.1:49997 - R:localhost/127.0.0.1:8082] onStateChange(GET{uri=/getAttractionRewardPoints?attractionId=da72f877-b4a7-4f0d-be9f-501e9a779802&userId=e17e06d2-6f2f-400a-9ef2-b9b3c4d5f777, connection=PooledConnection{channel=[id: 0x1d80bd18, L:/127.0.0.1:49997 - R:localhost/127.0.0.1:8082]}}, [request_sent])
20:29:40.698 [reactor-http-nio-14] DEBUG reactor.netty.http.client.HttpClientOperations - [id: 0x01a5d163, L:/127.0.0.1:49946 - R:localhost/127.0.0.1:8082] Received response (auto-read:false) : [Content-Type=application/json, Transfer-Encoding=chunked, Date=Tue, 29 Jun 2021 14:59:40 GMT]
20:29:40.699 [reactor-http-nio-14] DEBUG reactor.netty.resources.PooledConnectionProvider - [id: 0x01a5d163, L:/127.0.0.1:49946 - R:localhost/127.0.0.1:8082] onStateChange(GET{uri=/getAttractionRewardPoints?attractionId=fc530570-4b3a-4992-81dd-c08441d98efc&userId=091aaf4f-24e9-4266-85c0-1bcebbddd887, connection=PooledConnection{channel=[id: 0x01a5d163, L:/127.0.0.1:49946 - R:localhost/127.0.0.1:8082]}}, [response_received])
20:29:40.699 [reactor-http-nio-14] DEBUG org.springframework.web.reactive.function.client.ExchangeFunctions - [2b117813] Response 200 OK
20:29:40.699 [reactor-http-nio-14] DEBUG reactor.netty.channel.FluxReceive - [id: 0x01a5d163, L:/127.0.0.1:49946 - R:localhost/127.0.0.1:8082] Subscribing inbound receiver [pending: 0, cancelled:false, inboundDone: false]
20:29:40.699 [reactor-http-nio-14] DEBUG reactor.netty.http.client.HttpClientOperations - [id: 0x01a5d163, L:/127.0.0.1:49946 - R:localhost/127.0.0.1:8082] Received last HTTP packet
20:29:40.699 [reactor-http-nio-14] DEBUG org.springframework.core.codec.StringDecoder - [2b117813] Decoded "93"
20:29:40.699 [reactor-http-nio-14] DEBUG reactor.netty.resources.PooledConnectionProvider - [id: 0x01a5d163, L:/127.0.0.1:49946 - R:localhost/127.0.0.1:8082] onStateChange(GET{uri=/getAttractionRewardPoints?attractionId=fc530570-4b3a-4992-81dd-c08441d98efc&userId=091aaf4f-24e9-4266-85c0-1bcebbddd887, connection=PooledConnection{channel=[id: 0x01a5d163, L:/127.0.0.1:49946 - R:localhost/127.0.0.1:8082]}}, [disconnecting])
20:29:40.699 [reactor-http-nio-14] DEBUG reactor.netty.resources.PooledConnectionProvider - [id: 0x01a5d163, L:/127.0.0.1:49946 - R:localhost/127.0.0.1:8082] Releasing channel
20:29:40.699 [reactor-http-nio-14] DEBUG reactor.netty.resources.PooledConnectionProvider - [id: 0x01a5d163, L:/127.0.0.1:49946 - R:localhost/127.0.0.1:8082] Channel cleaned, now 62 active connections and 3 inactive connections
20:29:40.700 [pool-15-thread-59] DEBUG org.springframework.web.reactive.function.client.ExchangeFunctions - [2f2ee9a9] HTTP GET http://localhost:8081/getAttractions
20:29:40.700 [reactor-http-nio-15] DEBUG reactor.netty.resources.PooledConnectionProvider - [id: 0x5e54db3b, L:/127.0.0.1:49903 - R:localhost/127.0.0.1:8081] Channel acquired, now 3 active connections and 62 inactive connections
20:29:40.700 [reactor-http-nio-15] DEBUG reactor.netty.http.client.HttpClientConnect - [id: 0x5e54db3b, L:/127.0.0.1:49903 - R:localhost/127.0.0.1:8081] Handler is being applied: {uri=http://localhost:8081/getAttractions, method=GET}
20:29:40.700 [reactor-http-nio-15] DEBUG reactor.netty.resources.PooledConnectionProvider - [id: 0x5e54db3b, L:/127.0.0.1:49903 - R:localhost/127.0.0.1:8081] onStateChange(GET{uri=/getAttractions, connection=PooledConnection{channel=[id: 0x5e54db3b, L:/127.0.0.1:49903 - R:localhost/127.0.0.1:8081]}}, [request_sent])
20:29:40.701 [reactor-http-nio-16] DEBUG reactor.netty.http.client.HttpClientOperations - [id: 0x08b58e36, L:/127.0.0.1:49899 - R:localhost/127.0.0.1:8081] Received response (auto-read:false) : [Content-Type=application/json, Transfer-Encoding=chunked, Date=Tue, 29 Jun 2021 14:59:40 GMT]
20:29:40.701 [reactor-http-nio-12] DEBUG reactor.netty.http.client.HttpClientOperations - [id: 0x622ee18f, L:/127.0.0.1:49911 - R:localhost/127.0.0.1:8081] Received response (auto-read:false) : [Content-Type=application/json, Transfer-Encoding=chunked, Date=Tue, 29 Jun 2021 14:59:40 GMT]
20:29:40.701 [reactor-http-nio-16] DEBUG reactor.netty.resources.PooledConnectionProvider - [id: 0x08b58e36, L:/127.0.0.1:49899 - R:localhost/127.0.0.1:8081] onStateChange(GET{uri=/getAttractions, connection=PooledConnection{channel=[id: 0x08b58e36, L:/127.0.0.1:49899 - R:localhost/127.0.0.1:8081]}}, [response_received])
20:29:40.701 [reactor-http-nio-12] DEBUG reactor.netty.resources.PooledConnectionProvider - [id: 0x622ee18f, L:/127.0.0.1:49911 - R:localhost/127.0.0.1:8081] onStateChange(GET{uri=/getAttractions, connection=PooledConnection{channel=[id: 0x622ee18f, L:/127.0.0.1:49911 - R:localhost/127.0.0.1:8081]}}, [response_received])
20:29:40.701 [reactor-http-nio-12] DEBUG org.springframework.web.reactive.function.client.ExchangeFunctions - [6348198d] Response 200 OK
20:29:40.701 [reactor-http-nio-16] DEBUG org.springframework.web.reactive.function.client.ExchangeFunctions - [44fcbd27] Response 200 OK
20:29:40.701 [reactor-http-nio-12] DEBUG reactor.netty.channel.FluxReceive - [id: 0x622ee18f, L:/127.0.0.1:49911 - R:localhost/127.0.0.1:8081] Subscribing inbound receiver [pending: 0, cancelled:false, inboundDone: false]
20:29:40.701 [reactor-http-nio-16] DEBUG reactor.netty.channel.FluxReceive - [id: 0x08b58e36, L:/127.0.0.1:49899 - R:localhost/127.0.0.1:8081] Subscribing inbound receiver [pending: 0, cancelled:false, inboundDone: false]
20:29:40.701 [reactor-http-nio-16] DEBUG reactor.netty.http.client.HttpClientOperations - [id: 0x08b58e36, L:/127.0.0.1:49899 - R:localhost/127.0.0.1:8081] Received last HTTP packet
20:29:40.701 [reactor-http-nio-12] DEBUG reactor.netty.http.client.HttpClientOperations - [id: 0x622ee18f, L:/127.0.0.1:49911 - R:localhost/127.0.0.1:8081] Received last HTTP packet
20:29:40.702 [reactor-http-nio-12] DEBUG org.springframework.core.codec.StringDecoder - [6348198d] Decoded "[{"longitude":-117.922008,"latitude":33.817595,"attractionName":"Disneyland","city":"Anaheim","stat (truncated)...
20:29:40.702 [reactor-http-nio-16] DEBUG org.springframework.core.codec.StringDecoder - [44fcbd27] Decoded "[{"longitude":-117.922008,"latitude":33.817595,"attractionName":"Disneyland","city":"Anaheim","stat (truncated)...
20:29:40.702 [reactor-http-nio-12] DEBUG reactor.netty.resources.PooledConnectionProvider - [id: 0x622ee18f, L:/127.0.0.1:49911 - R:localhost/127.0.0.1:8081] onStateChange(GET{uri=/getAttractions, connection=PooledConnection{channel=[id: 0x622ee18f, L:/127.0.0.1:49911 - R:localhost/127.0.0.1:8081]}}, [disconnecting])
20:29:40.702 [reactor-http-nio-12] DEBUG reactor.netty.resources.PooledConnectionProvider - [id: 0x622ee18f, L:/127.0.0.1:49911 - R:localhost/127.0.0.1:8081] Releasing channel
20:29:40.702 [reactor-http-nio-16] DEBUG reactor.netty.resources.PooledConnectionProvider - [id: 0x08b58e36, L:/127.0.0.1:49899 - R:localhost/127.0.0.1:8081] onStateChange(GET{uri=/getAttractions, connection=PooledConnection{channel=[id: 0x08b58e36, L:/127.0.0.1:49899 - R:localhost/127.0.0.1:8081]}}, [disconnecting])
20:29:40.702 [reactor-http-nio-16] DEBUG reactor.netty.resources.PooledConnectionProvider - [id: 0x08b58e36, L:/127.0.0.1:49899 - R:localhost/127.0.0.1:8081] Releasing channel
20:29:40.702 [reactor-http-nio-16] DEBUG reactor.netty.resources.PooledConnectionProvider - [id: 0x08b58e36, L:/127.0.0.1:49899 - R:localhost/127.0.0.1:8081] Channel cleaned, now 1 active connections and 64 inactive connections
20:29:40.702 [reactor-http-nio-12] DEBUG reactor.netty.resources.PooledConnectionProvider - [id: 0x622ee18f, L:/127.0.0.1:49911 - R:localhost/127.0.0.1:8081] Channel cleaned, now 2 active connections and 63 inactive connections
20:29:40.703 [pool-15-thread-48] DEBUG org.springframework.web.reactive.function.client.ExchangeFunctions - [1fe3bdc] HTTP GET http://localhost:8082/getAttractionRewardPoints?attractionId=ed97e935-6c55-4ceb-8d46-b0945c247cca&userId=28d9abb7-8436-49bd-85c4-319a9c984e36
20:29:40.703 [pool-15-thread-31] DEBUG org.springframework.web.reactive.function.client.ExchangeFunctions - [264a9b80] HTTP GET http://localhost:8082/getAttractionRewardPoints?attractionId=bd992495-4b85-44fa-a2c3-1bcae6ed68c9&userId=66a58bfb-542a-4927-a412-4de9bed79496
20:29:40.703 [reactor-http-nio-13] DEBUG reactor.netty.resources.PooledConnectionProvider - [id: 0xdee89d36, L:/127.0.0.1:49975 - R:localhost/127.0.0.1:8082] Channel acquired, now 63 active connections and 2 inactive connections
20:29:40.703 [reactor-http-nio-12] DEBUG reactor.netty.resources.PooledConnectionProvider - [id: 0x437cfbd8, L:/127.0.0.1:49990 - R:localhost/127.0.0.1:8082] Channel acquired, now 64 active connections and 1 inactive connections
20:29:40.703 [reactor-http-nio-12] DEBUG reactor.netty.http.client.HttpClientConnect - [id: 0x437cfbd8, L:/127.0.0.1:49990 - R:localhost/127.0.0.1:8082] Handler is being applied: {uri=http://localhost:8082/getAttractionRewardPoints?attractionId=bd992495-4b85-44fa-a2c3-1bcae6ed68c9&userId=66a58bfb-542a-4927-a412-4de9bed79496, method=GET}
20:29:40.703 [reactor-http-nio-13] DEBUG reactor.netty.http.client.HttpClientConnect - [id: 0xdee89d36, L:/127.0.0.1:49975 - R:localhost/127.0.0.1:8082] Handler is being applied: {uri=http://localhost:8082/getAttractionRewardPoints?attractionId=ed97e935-6c55-4ceb-8d46-b0945c247cca&userId=28d9abb7-8436-49bd-85c4-319a9c984e36, method=GET}
20:29:40.704 [reactor-http-nio-12] DEBUG reactor.netty.resources.PooledConnectionProvider - [id: 0x437cfbd8, L:/127.0.0.1:49990 - R:localhost/127.0.0.1:8082] onStateChange(GET{uri=/getAttractionRewardPoints?attractionId=bd992495-4b85-44fa-a2c3-1bcae6ed68c9&userId=66a58bfb-542a-4927-a412-4de9bed79496, connection=PooledConnection{channel=[id: 0x437cfbd8, L:/127.0.0.1:49990 - R:localhost/127.0.0.1:8082]}}, [request_sent])
20:29:40.704 [reactor-http-nio-13] DEBUG reactor.netty.resources.PooledConnectionProvider - [id: 0xdee89d36, L:/127.0.0.1:49975 - R:localhost/127.0.0.1:8082] onStateChange(GET{uri=/getAttractionRewardPoints?attractionId=ed97e935-6c55-4ceb-8d46-b0945c247cca&userId=28d9abb7-8436-49bd-85c4-319a9c984e36, connection=PooledConnection{channel=[id: 0xdee89d36, L:/127.0.0.1:49975 - R:localhost/127.0.0.1:8082]}}, [request_sent])
20:29:40.704 [reactor-http-nio-16] DEBUG reactor.netty.http.client.HttpClientOperations - [id: 0x1d80bd18, L:/127.0.0.1:49997 - R:localhost/127.0.0.1:8082] Received response (auto-read:false) : [Content-Type=application/json, Transfer-Encoding=chunked, Date=Tue, 29 Jun 2021 14:59:40 GMT]
20:29:40.704 [reactor-http-nio-16] DEBUG reactor.netty.resources.PooledConnectionProvider - [id: 0x1d80bd18, L:/127.0.0.1:49997 - R:localhost/127.0.0.1:8082] onStateChange(GET{uri=/getAttractionRewardPoints?attractionId=da72f877-b4a7-4f0d-be9f-501e9a779802&userId=e17e06d2-6f2f-400a-9ef2-b9b3c4d5f777, connection=PooledConnection{channel=[id: 0x1d80bd18, L:/127.0.0.1:49997 - R:localhost/127.0.0.1:8082]}}, [response_received])
20:29:40.704 [reactor-http-nio-16] DEBUG org.springframework.web.reactive.function.client.ExchangeFunctions - [6ed6888d] Response 200 OK
20:29:40.705 [reactor-http-nio-16] DEBUG reactor.netty.channel.FluxReceive - [id: 0x1d80bd18, L:/127.0.0.1:49997 - R:localhost/127.0.0.1:8082] Subscribing inbound receiver [pending: 0, cancelled:false, inboundDone: false]
20:29:40.705 [reactor-http-nio-16] DEBUG reactor.netty.http.client.HttpClientOperations - [id: 0x1d80bd18, L:/127.0.0.1:49997 - R:localhost/127.0.0.1:8082] Received last HTTP packet
20:29:40.705 [reactor-http-nio-16] DEBUG org.springframework.core.codec.StringDecoder - [6ed6888d] Decoded "797"
20:29:40.705 [reactor-http-nio-16] DEBUG reactor.netty.resources.PooledConnectionProvider - [id: 0x1d80bd18, L:/127.0.0.1:49997 - R:localhost/127.0.0.1:8082] onStateChange(GET{uri=/getAttractionRewardPoints?attractionId=da72f877-b4a7-4f0d-be9f-501e9a779802&userId=e17e06d2-6f2f-400a-9ef2-b9b3c4d5f777, connection=PooledConnection{channel=[id: 0x1d80bd18, L:/127.0.0.1:49997 - R:localhost/127.0.0.1:8082]}}, [disconnecting])
20:29:40.705 [reactor-http-nio-16] DEBUG reactor.netty.resources.PooledConnectionProvider - [id: 0x1d80bd18, L:/127.0.0.1:49997 - R:localhost/127.0.0.1:8082] Releasing channel
20:29:40.705 [reactor-http-nio-16] DEBUG reactor.netty.resources.PooledConnectionProvider - [id: 0x1d80bd18, L:/127.0.0.1:49997 - R:localhost/127.0.0.1:8082] Channel cleaned, now 63 active connections and 2 inactive connections
20:29:40.713 [reactor-http-nio-15] DEBUG reactor.netty.http.client.HttpClientOperations - [id: 0x5e54db3b, L:/127.0.0.1:49903 - R:localhost/127.0.0.1:8081] Received response (auto-read:false) : [Content-Type=application/json, Transfer-Encoding=chunked, Date=Tue, 29 Jun 2021 14:59:40 GMT]
20:29:40.713 [reactor-http-nio-15] DEBUG reactor.netty.resources.PooledConnectionProvider - [id: 0x5e54db3b, L:/127.0.0.1:49903 - R:localhost/127.0.0.1:8081] onStateChange(GET{uri=/getAttractions, connection=PooledConnection{channel=[id: 0x5e54db3b, L:/127.0.0.1:49903 - R:localhost/127.0.0.1:8081]}}, [response_received])
20:29:40.714 [reactor-http-nio-15] DEBUG org.springframework.web.reactive.function.client.ExchangeFunctions - [2f2ee9a9] Response 200 OK
20:29:40.714 [reactor-http-nio-13] DEBUG reactor.netty.http.client.HttpClientOperations - [id: 0xf9edb90a, L:/127.0.0.1:49974 - R:localhost/127.0.0.1:8082] Received response (auto-read:false) : [Content-Type=application/json, Transfer-Encoding=chunked, Date=Tue, 29 Jun 2021 14:59:40 GMT]
20:29:40.714 [reactor-http-nio-15] DEBUG reactor.netty.channel.FluxReceive - [id: 0x5e54db3b, L:/127.0.0.1:49903 - R:localhost/127.0.0.1:8081] Subscribing inbound receiver [pending: 0, cancelled:false, inboundDone: false]
20:29:40.714 [reactor-http-nio-15] DEBUG reactor.netty.http.client.HttpClientOperations - [id: 0x5e54db3b, L:/127.0.0.1:49903 - R:localhost/127.0.0.1:8081] Received last HTTP packet
20:29:40.714 [reactor-http-nio-15] DEBUG org.springframework.core.codec.StringDecoder - [2f2ee9a9] Decoded "[{"longitude":-117.922008,"latitude":33.817595,"attractionName":"Disneyland","city":"Anaheim","stat (truncated)...
20:29:40.714 [reactor-http-nio-15] DEBUG reactor.netty.resources.PooledConnectionProvider - [id: 0x5e54db3b, L:/127.0.0.1:49903 - R:localhost/127.0.0.1:8081] onStateChange(GET{uri=/getAttractions, connection=PooledConnection{channel=[id: 0x5e54db3b, L:/127.0.0.1:49903 - R:localhost/127.0.0.1:8081]}}, [disconnecting])
20:29:40.714 [reactor-http-nio-15] DEBUG reactor.netty.resources.PooledConnectionProvider - [id: 0x5e54db3b, L:/127.0.0.1:49903 - R:localhost/127.0.0.1:8081] Releasing channel
20:29:40.714 [reactor-http-nio-15] DEBUG reactor.netty.resources.PooledConnectionProvider - [id: 0x5e54db3b, L:/127.0.0.1:49903 - R:localhost/127.0.0.1:8081] Channel cleaned, now 0 active connections and 65 inactive connections
20:29:40.714 [reactor-http-nio-13] DEBUG reactor.netty.resources.PooledConnectionProvider - [id: 0xf9edb90a, L:/127.0.0.1:49974 - R:localhost/127.0.0.1:8082] onStateChange(GET{uri=/getAttractionRewardPoints?attractionId=dd688ea9-f877-42c7-83ef-0376b0017082&userId=50b2c8d7-8d46-444e-b79e-9f80ccb7edbd, connection=PooledConnection{channel=[id: 0xf9edb90a, L:/127.0.0.1:49974 - R:localhost/127.0.0.1:8082]}}, [response_received])
20:29:40.714 [reactor-http-nio-13] DEBUG org.springframework.web.reactive.function.client.ExchangeFunctions - [2e1aa911] Response 200 OK
20:29:40.714 [reactor-http-nio-13] DEBUG reactor.netty.channel.FluxReceive - [id: 0xf9edb90a, L:/127.0.0.1:49974 - R:localhost/127.0.0.1:8082] Subscribing inbound receiver [pending: 0, cancelled:false, inboundDone: false]
20:29:40.715 [reactor-http-nio-13] DEBUG reactor.netty.http.client.HttpClientOperations - [id: 0xf9edb90a, L:/127.0.0.1:49974 - R:localhost/127.0.0.1:8082] Received last HTTP packet
20:29:40.715 [reactor-http-nio-12] DEBUG reactor.netty.http.client.HttpClientOperations - [id: 0x662a75f6, L:/127.0.0.1:49953 - R:localhost/127.0.0.1:8082] Received response (auto-read:false) : [Content-Type=application/json, Transfer-Encoding=chunked, Date=Tue, 29 Jun 2021 14:59:40 GMT]
20:29:40.715 [reactor-http-nio-12] DEBUG reactor.netty.resources.PooledConnectionProvider - [id: 0x662a75f6, L:/127.0.0.1:49953 - R:localhost/127.0.0.1:8082] onStateChange(GET{uri=/getAttractionRewardPoints?attractionId=e69887dc-6a5d-442d-9c6a-fab0b00e1777&userId=462a37f4-f297-4fef-a6c1-0dfc60d1c34e, connection=PooledConnection{channel=[id: 0x662a75f6, L:/127.0.0.1:49953 - R:localhost/127.0.0.1:8082]}}, [response_received])
20:29:40.715 [reactor-http-nio-13] DEBUG org.springframework.core.codec.StringDecoder - [2e1aa911] Decoded "453"
20:29:40.715 [reactor-http-nio-13] DEBUG reactor.netty.resources.PooledConnectionProvider - [id: 0xf9edb90a, L:/127.0.0.1:49974 - R:localhost/127.0.0.1:8082] onStateChange(GET{uri=/getAttractionRewardPoints?attractionId=dd688ea9-f877-42c7-83ef-0376b0017082&userId=50b2c8d7-8d46-444e-b79e-9f80ccb7edbd, connection=PooledConnection{channel=[id: 0xf9edb90a, L:/127.0.0.1:49974 - R:localhost/127.0.0.1:8082]}}, [disconnecting])
20:29:40.715 [reactor-http-nio-12] DEBUG org.springframework.web.reactive.function.client.ExchangeFunctions - [27c84e33] Response 200 OK
20:29:40.715 [reactor-http-nio-13] DEBUG reactor.netty.resources.PooledConnectionProvider - [id: 0xf9edb90a, L:/127.0.0.1:49974 - R:localhost/127.0.0.1:8082] Releasing channel
20:29:40.715 [reactor-http-nio-13] DEBUG reactor.netty.resources.PooledConnectionProvider - [id: 0xf9edb90a, L:/127.0.0.1:49974 - R:localhost/127.0.0.1:8082] Channel cleaned, now 62 active connections and 3 inactive connections
20:29:40.715 [reactor-http-nio-12] DEBUG reactor.netty.channel.FluxReceive - [id: 0x662a75f6, L:/127.0.0.1:49953 - R:localhost/127.0.0.1:8082] Subscribing inbound receiver [pending: 0, cancelled:false, inboundDone: false]
20:29:40.715 [pool-15-thread-59] DEBUG org.springframework.web.reactive.function.client.ExchangeFunctions - [6a2c7228] HTTP GET http://localhost:8082/getAttractionRewardPoints?attractionId=cc32f485-aa72-47e8-8f6c-c2db83b6ba5d&userId=0d683f70-b8f9-4858-b384-9c4171636de9
20:29:40.715 [reactor-http-nio-12] DEBUG reactor.netty.http.client.HttpClientOperations - [id: 0x662a75f6, L:/127.0.0.1:49953 - R:localhost/127.0.0.1:8082] Received last HTTP packet
20:29:40.715 [reactor-http-nio-14] DEBUG reactor.netty.resources.PooledConnectionProvider - [id: 0x01a5d163, L:/127.0.0.1:49946 - R:localhost/127.0.0.1:8082] Channel acquired, now 63 active connections and 2 inactive connections
20:29:40.715 [reactor-http-nio-12] DEBUG org.springframework.core.codec.StringDecoder - [27c84e33] Decoded "49"
20:29:40.715 [reactor-http-nio-14] DEBUG reactor.netty.http.client.HttpClientConnect - [id: 0x01a5d163, L:/127.0.0.1:49946 - R:localhost/127.0.0.1:8082] Handler is being applied: {uri=http://localhost:8082/getAttractionRewardPoints?attractionId=cc32f485-aa72-47e8-8f6c-c2db83b6ba5d&userId=0d683f70-b8f9-4858-b384-9c4171636de9, method=GET}
20:29:40.715 [reactor-http-nio-12] DEBUG reactor.netty.resources.PooledConnectionProvider - [id: 0x662a75f6, L:/127.0.0.1:49953 - R:localhost/127.0.0.1:8082] onStateChange(GET{uri=/getAttractionRewardPoints?attractionId=e69887dc-6a5d-442d-9c6a-fab0b00e1777&userId=462a37f4-f297-4fef-a6c1-0dfc60d1c34e, connection=PooledConnection{channel=[id: 0x662a75f6, L:/127.0.0.1:49953 - R:localhost/127.0.0.1:8082]}}, [disconnecting])
20:29:40.715 [reactor-http-nio-12] DEBUG reactor.netty.resources.PooledConnectionProvider - [id: 0x662a75f6, L:/127.0.0.1:49953 - R:localhost/127.0.0.1:8082] Releasing channel
20:29:40.716 [reactor-http-nio-12] DEBUG reactor.netty.resources.PooledConnectionProvider - [id: 0x662a75f6, L:/127.0.0.1:49953 - R:localhost/127.0.0.1:8082] Channel cleaned, now 62 active connections and 3 inactive connections
20:29:40.716 [reactor-http-nio-14] DEBUG reactor.netty.resources.PooledConnectionProvider - [id: 0x01a5d163, L:/127.0.0.1:49946 - R:localhost/127.0.0.1:8082] onStateChange(GET{uri=/getAttractionRewardPoints?attractionId=cc32f485-aa72-47e8-8f6c-c2db83b6ba5d&userId=0d683f70-b8f9-4858-b384-9c4171636de9, connection=PooledConnection{channel=[id: 0x01a5d163, L:/127.0.0.1:49946 - R:localhost/127.0.0.1:8082]}}, [request_sent])
20:29:40.716 [reactor-http-nio-14] DEBUG reactor.netty.http.client.HttpClientOperations - [id: 0x0e81cf39, L:/127.0.0.1:49986 - R:localhost/127.0.0.1:8082] Received response (auto-read:false) : [Content-Type=application/json, Transfer-Encoding=chunked, Date=Tue, 29 Jun 2021 14:59:40 GMT]
20:29:40.716 [reactor-http-nio-14] DEBUG reactor.netty.resources.PooledConnectionProvider - [id: 0x0e81cf39, L:/127.0.0.1:49986 - R:localhost/127.0.0.1:8082] onStateChange(GET{uri=/getAttractionRewardPoints?attractionId=1730176c-fd12-4205-b4a6-af50278658d4&userId=258147a0-62eb-477c-a562-001214d79dff, connection=PooledConnection{channel=[id: 0x0e81cf39, L:/127.0.0.1:49986 - R:localhost/127.0.0.1:8082]}}, [response_received])
20:29:40.716 [reactor-http-nio-14] DEBUG org.springframework.web.reactive.function.client.ExchangeFunctions - [e3f6676] Response 200 OK
20:29:40.716 [reactor-http-nio-14] DEBUG reactor.netty.channel.FluxReceive - [id: 0x0e81cf39, L:/127.0.0.1:49986 - R:localhost/127.0.0.1:8082] Subscribing inbound receiver [pending: 0, cancelled:false, inboundDone: false]
20:29:40.716 [reactor-http-nio-14] DEBUG reactor.netty.http.client.HttpClientOperations - [id: 0x0e81cf39, L:/127.0.0.1:49986 - R:localhost/127.0.0.1:8082] Received last HTTP packet
20:29:40.716 [reactor-http-nio-14] DEBUG org.springframework.core.codec.StringDecoder - [e3f6676] Decoded "524"
20:29:40.717 [reactor-http-nio-14] DEBUG reactor.netty.resources.PooledConnectionProvider - [id: 0x0e81cf39, L:/127.0.0.1:49986 - R:localhost/127.0.0.1:8082] onStateChange(GET{uri=/getAttractionRewardPoints?attractionId=1730176c-fd12-4205-b4a6-af50278658d4&userId=258147a0-62eb-477c-a562-001214d79dff, connection=PooledConnection{channel=[id: 0x0e81cf39, L:/127.0.0.1:49986 - R:localhost/127.0.0.1:8082]}}, [disconnecting])
20:29:40.717 [reactor-http-nio-14] DEBUG reactor.netty.resources.PooledConnectionProvider - [id: 0x0e81cf39, L:/127.0.0.1:49986 - R:localhost/127.0.0.1:8082] Releasing channel
20:29:40.717 [reactor-http-nio-14] DEBUG reactor.netty.resources.PooledConnectionProvider - [id: 0x0e81cf39, L:/127.0.0.1:49986 - R:localhost/127.0.0.1:8082] Channel cleaned, now 61 active connections and 4 inactive connections
20:29:40.733 [reactor-http-nio-15] DEBUG reactor.netty.http.client.HttpClientOperations - [id: 0x0ff74a4e, L:/127.0.0.1:49996 - R:localhost/127.0.0.1:8082] Received response (auto-read:false) : [Content-Type=application/json, Transfer-Encoding=chunked, Date=Tue, 29 Jun 2021 14:59:40 GMT]
20:29:40.733 [reactor-http-nio-15] DEBUG reactor.netty.resources.PooledConnectionProvider - [id: 0x0ff74a4e, L:/127.0.0.1:49996 - R:localhost/127.0.0.1:8082] onStateChange(GET{uri=/getAttractionRewardPoints?attractionId=2b242fa6-0a0c-419a-a3e1-95594a0afa5b&userId=bf87d3c4-f639-4f6d-91fd-649d98e7093e, connection=PooledConnection{channel=[id: 0x0ff74a4e, L:/127.0.0.1:49996 - R:localhost/127.0.0.1:8082]}}, [response_received])
20:29:40.733 [reactor-http-nio-15] DEBUG org.springframework.web.reactive.function.client.ExchangeFunctions - [4d322b3b] Response 200 OK
20:29:40.733 [reactor-http-nio-15] DEBUG reactor.netty.channel.FluxReceive - [id: 0x0ff74a4e, L:/127.0.0.1:49996 - R:localhost/127.0.0.1:8082] Subscribing inbound receiver [pending: 0, cancelled:false, inboundDone: false]
20:29:40.733 [reactor-http-nio-15] DEBUG reactor.netty.http.client.HttpClientOperations - [id: 0x0ff74a4e, L:/127.0.0.1:49996 - R:localhost/127.0.0.1:8082] Received last HTTP packet
20:29:40.734 [reactor-http-nio-15] DEBUG org.springframework.core.codec.StringDecoder - [4d322b3b] Decoded "497"
20:29:40.734 [reactor-http-nio-15] DEBUG reactor.netty.resources.PooledConnectionProvider - [id: 0x0ff74a4e, L:/127.0.0.1:49996 - R:localhost/127.0.0.1:8082] onStateChange(GET{uri=/getAttractionRewardPoints?attractionId=2b242fa6-0a0c-419a-a3e1-95594a0afa5b&userId=bf87d3c4-f639-4f6d-91fd-649d98e7093e, connection=PooledConnection{channel=[id: 0x0ff74a4e, L:/127.0.0.1:49996 - R:localhost/127.0.0.1:8082]}}, [disconnecting])
20:29:40.734 [reactor-http-nio-15] DEBUG reactor.netty.resources.PooledConnectionProvider - [id: 0x0ff74a4e, L:/127.0.0.1:49996 - R:localhost/127.0.0.1:8082] Releasing channel
20:29:40.734 [reactor-http-nio-15] DEBUG reactor.netty.resources.PooledConnectionProvider - [id: 0x0ff74a4e, L:/127.0.0.1:49996 - R:localhost/127.0.0.1:8082] Channel cleaned, now 60 active connections and 5 inactive connections
20:29:40.737 [reactor-http-nio-15] DEBUG reactor.netty.http.client.HttpClientOperations - [id: 0xde72b019, L:/127.0.0.1:49968 - R:localhost/127.0.0.1:8082] Received response (auto-read:false) : [Content-Type=application/json, Transfer-Encoding=chunked, Date=Tue, 29 Jun 2021 14:59:40 GMT]
20:29:40.737 [reactor-http-nio-15] DEBUG reactor.netty.resources.PooledConnectionProvider - [id: 0xde72b019, L:/127.0.0.1:49968 - R:localhost/127.0.0.1:8082] onStateChange(GET{uri=/getAttractionRewardPoints?attractionId=461b90d2-6550-42c1-b269-989ea8aa5387&userId=79032032-aa0e-43ff-a885-39ca2725a762, connection=PooledConnection{channel=[id: 0xde72b019, L:/127.0.0.1:49968 - R:localhost/127.0.0.1:8082]}}, [response_received])
20:29:40.737 [reactor-http-nio-15] DEBUG org.springframework.web.reactive.function.client.ExchangeFunctions - [73b6066e] Response 200 OK
20:29:40.738 [reactor-http-nio-15] DEBUG reactor.netty.channel.FluxReceive - [id: 0xde72b019, L:/127.0.0.1:49968 - R:localhost/127.0.0.1:8082] Subscribing inbound receiver [pending: 0, cancelled:false, inboundDone: false]
20:29:40.738 [reactor-http-nio-15] DEBUG reactor.netty.http.client.HttpClientOperations - [id: 0xde72b019, L:/127.0.0.1:49968 - R:localhost/127.0.0.1:8082] Received last HTTP packet
20:29:40.738 [reactor-http-nio-15] DEBUG org.springframework.core.codec.StringDecoder - [73b6066e] Decoded "70"
20:29:40.738 [reactor-http-nio-15] DEBUG reactor.netty.resources.PooledConnectionProvider - [id: 0xde72b019, L:/127.0.0.1:49968 - R:localhost/127.0.0.1:8082] onStateChange(GET{uri=/getAttractionRewardPoints?attractionId=461b90d2-6550-42c1-b269-989ea8aa5387&userId=79032032-aa0e-43ff-a885-39ca2725a762, connection=PooledConnection{channel=[id: 0xde72b019, L:/127.0.0.1:49968 - R:localhost/127.0.0.1:8082]}}, [disconnecting])
20:29:40.738 [reactor-http-nio-15] DEBUG reactor.netty.resources.PooledConnectionProvider - [id: 0xde72b019, L:/127.0.0.1:49968 - R:localhost/127.0.0.1:8082] Releasing channel
20:29:40.738 [reactor-http-nio-15] DEBUG reactor.netty.resources.PooledConnectionProvider - [id: 0xde72b019, L:/127.0.0.1:49968 - R:localhost/127.0.0.1:8082] Channel cleaned, now 59 active connections and 6 inactive connections
20:29:40.759 [reactor-http-nio-2] DEBUG reactor.netty.http.client.HttpClientOperations - [id: 0x1493a2a6, L:/127.0.0.1:49945 - R:localhost/127.0.0.1:8082] Received response (auto-read:false) : [Content-Type=application/json, Transfer-Encoding=chunked, Date=Tue, 29 Jun 2021 14:59:40 GMT]
20:29:40.759 [reactor-http-nio-2] DEBUG reactor.netty.resources.PooledConnectionProvider - [id: 0x1493a2a6, L:/127.0.0.1:49945 - R:localhost/127.0.0.1:8082] onStateChange(GET{uri=/getAttractionRewardPoints?attractionId=f57c96bd-a682-4e55-bba3-55d7d4d4d9b9&userId=09f74eff-63e5-46e3-9dbd-6b35b5c60546, connection=PooledConnection{channel=[id: 0x1493a2a6, L:/127.0.0.1:49945 - R:localhost/127.0.0.1:8082]}}, [response_received])
20:29:40.760 [reactor-http-nio-2] DEBUG org.springframework.web.reactive.function.client.ExchangeFunctions - [558a2748] Response 200 OK
20:29:40.760 [reactor-http-nio-2] DEBUG reactor.netty.channel.FluxReceive - [id: 0x1493a2a6, L:/127.0.0.1:49945 - R:localhost/127.0.0.1:8082] Subscribing inbound receiver [pending: 0, cancelled:false, inboundDone: false]
20:29:40.760 [reactor-http-nio-2] DEBUG reactor.netty.http.client.HttpClientOperations - [id: 0x1493a2a6, L:/127.0.0.1:49945 - R:localhost/127.0.0.1:8082] Received last HTTP packet
20:29:40.760 [reactor-http-nio-2] DEBUG org.springframework.core.codec.StringDecoder - [558a2748] Decoded "9"
20:29:40.760 [reactor-http-nio-2] DEBUG reactor.netty.resources.PooledConnectionProvider - [id: 0x1493a2a6, L:/127.0.0.1:49945 - R:localhost/127.0.0.1:8082] onStateChange(GET{uri=/getAttractionRewardPoints?attractionId=f57c96bd-a682-4e55-bba3-55d7d4d4d9b9&userId=09f74eff-63e5-46e3-9dbd-6b35b5c60546, connection=PooledConnection{channel=[id: 0x1493a2a6, L:/127.0.0.1:49945 - R:localhost/127.0.0.1:8082]}}, [disconnecting])
20:29:40.760 [reactor-http-nio-2] DEBUG reactor.netty.resources.PooledConnectionProvider - [id: 0x1493a2a6, L:/127.0.0.1:49945 - R:localhost/127.0.0.1:8082] Releasing channel
20:29:40.760 [reactor-http-nio-2] DEBUG reactor.netty.resources.PooledConnectionProvider - [id: 0x1493a2a6, L:/127.0.0.1:49945 - R:localhost/127.0.0.1:8082] Channel cleaned, now 58 active connections and 7 inactive connections
20:29:40.792 [reactor-http-nio-11] DEBUG reactor.netty.http.client.HttpClientOperations - [id: 0xed7bd3f3, L:/127.0.0.1:49985 - R:localhost/127.0.0.1:8082] Received response (auto-read:false) : [Content-Type=application/json, Transfer-Encoding=chunked, Date=Tue, 29 Jun 2021 14:59:40 GMT]
20:29:40.792 [reactor-http-nio-11] DEBUG reactor.netty.resources.PooledConnectionProvider - [id: 0xed7bd3f3, L:/127.0.0.1:49985 - R:localhost/127.0.0.1:8082] onStateChange(GET{uri=/getAttractionRewardPoints?attractionId=0c7828db-b194-472f-aa83-a79d87d14105&userId=61b50129-88d9-4a71-ace6-da4a54016632, connection=PooledConnection{channel=[id: 0xed7bd3f3, L:/127.0.0.1:49985 - R:localhost/127.0.0.1:8082]}}, [response_received])
20:29:40.792 [reactor-http-nio-11] DEBUG org.springframework.web.reactive.function.client.ExchangeFunctions - [54f1f0e] Response 200 OK
20:29:40.793 [reactor-http-nio-11] DEBUG reactor.netty.channel.FluxReceive - [id: 0xed7bd3f3, L:/127.0.0.1:49985 - R:localhost/127.0.0.1:8082] Subscribing inbound receiver [pending: 0, cancelled:false, inboundDone: false]
20:29:40.793 [reactor-http-nio-11] DEBUG reactor.netty.http.client.HttpClientOperations - [id: 0xed7bd3f3, L:/127.0.0.1:49985 - R:localhost/127.0.0.1:8082] Received last HTTP packet
20:29:40.793 [reactor-http-nio-11] DEBUG org.springframework.core.codec.StringDecoder - [54f1f0e] Decoded "290"
20:29:40.793 [reactor-http-nio-11] DEBUG reactor.netty.resources.PooledConnectionProvider - [id: 0xed7bd3f3, L:/127.0.0.1:49985 - R:localhost/127.0.0.1:8082] onStateChange(GET{uri=/getAttractionRewardPoints?attractionId=0c7828db-b194-472f-aa83-a79d87d14105&userId=61b50129-88d9-4a71-ace6-da4a54016632, connection=PooledConnection{channel=[id: 0xed7bd3f3, L:/127.0.0.1:49985 - R:localhost/127.0.0.1:8082]}}, [disconnecting])
20:29:40.793 [reactor-http-nio-11] DEBUG reactor.netty.resources.PooledConnectionProvider - [id: 0xed7bd3f3, L:/127.0.0.1:49985 - R:localhost/127.0.0.1:8082] Releasing channel
20:29:40.793 [reactor-http-nio-11] DEBUG reactor.netty.resources.PooledConnectionProvider - [id: 0xed7bd3f3, L:/127.0.0.1:49985 - R:localhost/127.0.0.1:8082] Channel cleaned, now 57 active connections and 8 inactive connections
20:29:40.818 [reactor-http-nio-14] DEBUG reactor.netty.http.client.HttpClientOperations - [id: 0xbf5565fb, L:/127.0.0.1:49948 - R:localhost/127.0.0.1:8082] Received response (auto-read:false) : [Content-Type=application/json, Transfer-Encoding=chunked, Date=Tue, 29 Jun 2021 14:59:40 GMT]
20:29:40.818 [reactor-http-nio-14] DEBUG reactor.netty.resources.PooledConnectionProvider - [id: 0xbf5565fb, L:/127.0.0.1:49948 - R:localhost/127.0.0.1:8082] onStateChange(GET{uri=/getAttractionRewardPoints?attractionId=79d42fd5-149d-4deb-aaaf-2409249bd987&userId=97af19c4-46f3-4db1-a43f-d7664a365a0f, connection=PooledConnection{channel=[id: 0xbf5565fb, L:/127.0.0.1:49948 - R:localhost/127.0.0.1:8082]}}, [response_received])
20:29:40.819 [reactor-http-nio-14] DEBUG org.springframework.web.reactive.function.client.ExchangeFunctions - [6dd414ab] Response 200 OK
20:29:40.819 [reactor-http-nio-14] DEBUG reactor.netty.channel.FluxReceive - [id: 0xbf5565fb, L:/127.0.0.1:49948 - R:localhost/127.0.0.1:8082] Subscribing inbound receiver [pending: 0, cancelled:false, inboundDone: false]
20:29:40.819 [reactor-http-nio-14] DEBUG reactor.netty.http.client.HttpClientOperations - [id: 0xbf5565fb, L:/127.0.0.1:49948 - R:localhost/127.0.0.1:8082] Received last HTTP packet
20:29:40.819 [reactor-http-nio-14] DEBUG org.springframework.core.codec.StringDecoder - [6dd414ab] Decoded "210"
20:29:40.819 [reactor-http-nio-14] DEBUG reactor.netty.resources.PooledConnectionProvider - [id: 0xbf5565fb, L:/127.0.0.1:49948 - R:localhost/127.0.0.1:8082] onStateChange(GET{uri=/getAttractionRewardPoints?attractionId=79d42fd5-149d-4deb-aaaf-2409249bd987&userId=97af19c4-46f3-4db1-a43f-d7664a365a0f, connection=PooledConnection{channel=[id: 0xbf5565fb, L:/127.0.0.1:49948 - R:localhost/127.0.0.1:8082]}}, [disconnecting])
20:29:40.819 [reactor-http-nio-14] DEBUG reactor.netty.resources.PooledConnectionProvider - [id: 0xbf5565fb, L:/127.0.0.1:49948 - R:localhost/127.0.0.1:8082] Releasing channel
20:29:40.819 [reactor-http-nio-14] DEBUG reactor.netty.resources.PooledConnectionProvider - [id: 0xbf5565fb, L:/127.0.0.1:49948 - R:localhost/127.0.0.1:8082] Channel cleaned, now 56 active connections and 9 inactive connections
20:29:40.833 [reactor-http-nio-10] DEBUG reactor.netty.http.client.HttpClientOperations - [id: 0xe0e2d6ca, L:/127.0.0.1:49989 - R:localhost/127.0.0.1:8082] Received response (auto-read:false) : [Content-Type=application/json, Transfer-Encoding=chunked, Date=Tue, 29 Jun 2021 14:59:40 GMT]
20:29:40.833 [reactor-http-nio-10] DEBUG reactor.netty.resources.PooledConnectionProvider - [id: 0xe0e2d6ca, L:/127.0.0.1:49989 - R:localhost/127.0.0.1:8082] onStateChange(GET{uri=/getAttractionRewardPoints?attractionId=1960e5b1-cfba-474f-955a-e97e8d63ad38&userId=dd48b3b5-1586-4d64-aae4-518a33a5f5b6, connection=PooledConnection{channel=[id: 0xe0e2d6ca, L:/127.0.0.1:49989 - R:localhost/127.0.0.1:8082]}}, [response_received])
20:29:40.833 [reactor-http-nio-10] DEBUG org.springframework.web.reactive.function.client.ExchangeFunctions - [6d6c84b] Response 200 OK
20:29:40.833 [reactor-http-nio-10] DEBUG reactor.netty.channel.FluxReceive - [id: 0xe0e2d6ca, L:/127.0.0.1:49989 - R:localhost/127.0.0.1:8082] Subscribing inbound receiver [pending: 0, cancelled:false, inboundDone: false]
20:29:40.833 [reactor-http-nio-10] DEBUG reactor.netty.http.client.HttpClientOperations - [id: 0xe0e2d6ca, L:/127.0.0.1:49989 - R:localhost/127.0.0.1:8082] Received last HTTP packet
20:29:40.833 [reactor-http-nio-10] DEBUG org.springframework.core.codec.StringDecoder - [6d6c84b] Decoded "12"
20:29:40.833 [reactor-http-nio-10] DEBUG reactor.netty.resources.PooledConnectionProvider - [id: 0xe0e2d6ca, L:/127.0.0.1:49989 - R:localhost/127.0.0.1:8082] onStateChange(GET{uri=/getAttractionRewardPoints?attractionId=1960e5b1-cfba-474f-955a-e97e8d63ad38&userId=dd48b3b5-1586-4d64-aae4-518a33a5f5b6, connection=PooledConnection{channel=[id: 0xe0e2d6ca, L:/127.0.0.1:49989 - R:localhost/127.0.0.1:8082]}}, [disconnecting])
20:29:40.833 [reactor-http-nio-10] DEBUG reactor.netty.resources.PooledConnectionProvider - [id: 0xe0e2d6ca, L:/127.0.0.1:49989 - R:localhost/127.0.0.1:8082] Releasing channel
20:29:40.833 [reactor-http-nio-10] DEBUG reactor.netty.resources.PooledConnectionProvider - [id: 0xe0e2d6ca, L:/127.0.0.1:49989 - R:localhost/127.0.0.1:8082] Channel cleaned, now 55 active connections and 10 inactive connections
20:29:40.834 [reactor-http-nio-15] DEBUG reactor.netty.http.client.HttpClientOperations - [id: 0x7a86405b, L:/127.0.0.1:49965 - R:localhost/127.0.0.1:8082] Received response (auto-read:false) : [Content-Type=application/json, Transfer-Encoding=chunked, Date=Tue, 29 Jun 2021 14:59:40 GMT]
20:29:40.834 [reactor-http-nio-15] DEBUG reactor.netty.resources.PooledConnectionProvider - [id: 0x7a86405b, L:/127.0.0.1:49965 - R:localhost/127.0.0.1:8082] onStateChange(GET{uri=/getAttractionRewardPoints?attractionId=8defcbbf-cf7d-488d-b0a4-f7606c0b6e3e&userId=da6b857b-fad7-48ac-88f0-d94fc7a697e4, connection=PooledConnection{channel=[id: 0x7a86405b, L:/127.0.0.1:49965 - R:localhost/127.0.0.1:8082]}}, [response_received])
20:29:40.834 [reactor-http-nio-15] DEBUG org.springframework.web.reactive.function.client.ExchangeFunctions - [19c7451b] Response 200 OK
20:29:40.834 [reactor-http-nio-15] DEBUG reactor.netty.channel.FluxReceive - [id: 0x7a86405b, L:/127.0.0.1:49965 - R:localhost/127.0.0.1:8082] Subscribing inbound receiver [pending: 0, cancelled:false, inboundDone: false]
20:29:40.834 [reactor-http-nio-15] DEBUG reactor.netty.http.client.HttpClientOperations - [id: 0x7a86405b, L:/127.0.0.1:49965 - R:localhost/127.0.0.1:8082] Received last HTTP packet
20:29:40.835 [reactor-http-nio-15] DEBUG org.springframework.core.codec.StringDecoder - [19c7451b] Decoded "715"
20:29:40.835 [reactor-http-nio-15] DEBUG reactor.netty.resources.PooledConnectionProvider - [id: 0x7a86405b, L:/127.0.0.1:49965 - R:localhost/127.0.0.1:8082] onStateChange(GET{uri=/getAttractionRewardPoints?attractionId=8defcbbf-cf7d-488d-b0a4-f7606c0b6e3e&userId=da6b857b-fad7-48ac-88f0-d94fc7a697e4, connection=PooledConnection{channel=[id: 0x7a86405b, L:/127.0.0.1:49965 - R:localhost/127.0.0.1:8082]}}, [disconnecting])
20:29:40.835 [reactor-http-nio-15] DEBUG reactor.netty.resources.PooledConnectionProvider - [id: 0x7a86405b, L:/127.0.0.1:49965 - R:localhost/127.0.0.1:8082] Releasing channel
20:29:40.835 [reactor-http-nio-15] DEBUG reactor.netty.resources.PooledConnectionProvider - [id: 0x7a86405b, L:/127.0.0.1:49965 - R:localhost/127.0.0.1:8082] Channel cleaned, now 54 active connections and 11 inactive connections
20:29:40.864 [reactor-http-nio-14] DEBUG reactor.netty.http.client.HttpClientOperations - [id: 0x26eebc06, L:/127.0.0.1:49958 - R:localhost/127.0.0.1:8082] Received response (auto-read:false) : [Content-Type=application/json, Transfer-Encoding=chunked, Date=Tue, 29 Jun 2021 14:59:40 GMT]
20:29:40.864 [reactor-http-nio-14] DEBUG reactor.netty.resources.PooledConnectionProvider - [id: 0x26eebc06, L:/127.0.0.1:49958 - R:localhost/127.0.0.1:8082] onStateChange(GET{uri=/getAttractionRewardPoints?attractionId=8d514372-5fc5-4791-9b14-ed040881395c&userId=d9ace215-e2f2-46fd-b8f0-0b0fdfa8a5e3, connection=PooledConnection{channel=[id: 0x26eebc06, L:/127.0.0.1:49958 - R:localhost/127.0.0.1:8082]}}, [response_received])
20:29:40.864 [reactor-http-nio-14] DEBUG org.springframework.web.reactive.function.client.ExchangeFunctions - [374b79af] Response 200 OK
20:29:40.864 [reactor-http-nio-14] DEBUG reactor.netty.channel.FluxReceive - [id: 0x26eebc06, L:/127.0.0.1:49958 - R:localhost/127.0.0.1:8082] Subscribing inbound receiver [pending: 0, cancelled:false, inboundDone: false]
20:29:40.864 [reactor-http-nio-14] DEBUG reactor.netty.http.client.HttpClientOperations - [id: 0x26eebc06, L:/127.0.0.1:49958 - R:localhost/127.0.0.1:8082] Received last HTTP packet
20:29:40.864 [reactor-http-nio-14] DEBUG org.springframework.core.codec.StringDecoder - [374b79af] Decoded "542"
20:29:40.864 [reactor-http-nio-14] DEBUG reactor.netty.resources.PooledConnectionProvider - [id: 0x26eebc06, L:/127.0.0.1:49958 - R:localhost/127.0.0.1:8082] onStateChange(GET{uri=/getAttractionRewardPoints?attractionId=8d514372-5fc5-4791-9b14-ed040881395c&userId=d9ace215-e2f2-46fd-b8f0-0b0fdfa8a5e3, connection=PooledConnection{channel=[id: 0x26eebc06, L:/127.0.0.1:49958 - R:localhost/127.0.0.1:8082]}}, [disconnecting])
20:29:40.864 [reactor-http-nio-14] DEBUG reactor.netty.resources.PooledConnectionProvider - [id: 0x26eebc06, L:/127.0.0.1:49958 - R:localhost/127.0.0.1:8082] Releasing channel
20:29:40.864 [reactor-http-nio-14] DEBUG reactor.netty.resources.PooledConnectionProvider - [id: 0x26eebc06, L:/127.0.0.1:49958 - R:localhost/127.0.0.1:8082] Channel cleaned, now 53 active connections and 12 inactive connections
20:29:40.873 [reactor-http-nio-14] DEBUG reactor.netty.http.client.HttpClientOperations - [id: 0x01a5d163, L:/127.0.0.1:49946 - R:localhost/127.0.0.1:8082] Received response (auto-read:false) : [Content-Type=application/json, Transfer-Encoding=chunked, Date=Tue, 29 Jun 2021 14:59:40 GMT]
20:29:40.873 [reactor-http-nio-14] DEBUG reactor.netty.resources.PooledConnectionProvider - [id: 0x01a5d163, L:/127.0.0.1:49946 - R:localhost/127.0.0.1:8082] onStateChange(GET{uri=/getAttractionRewardPoints?attractionId=cc32f485-aa72-47e8-8f6c-c2db83b6ba5d&userId=0d683f70-b8f9-4858-b384-9c4171636de9, connection=PooledConnection{channel=[id: 0x01a5d163, L:/127.0.0.1:49946 - R:localhost/127.0.0.1:8082]}}, [response_received])
20:29:40.873 [reactor-http-nio-14] DEBUG org.springframework.web.reactive.function.client.ExchangeFunctions - [6a2c7228] Response 200 OK
20:29:40.873 [reactor-http-nio-2] DEBUG reactor.netty.http.client.HttpClientOperations - [id: 0x1d64c07f, L:/127.0.0.1:49936 - R:localhost/127.0.0.1:8082] Received response (auto-read:false) : [Content-Type=application/json, Transfer-Encoding=chunked, Date=Tue, 29 Jun 2021 14:59:40 GMT]
20:29:40.873 [reactor-http-nio-2] DEBUG reactor.netty.resources.PooledConnectionProvider - [id: 0x1d64c07f, L:/127.0.0.1:49936 - R:localhost/127.0.0.1:8082] onStateChange(GET{uri=/getAttractionRewardPoints?attractionId=9bfeae9c-8301-42e4-afa4-f3e273f45381&userId=a458835f-7d49-4e4d-987c-fba8c6ee95e9, connection=PooledConnection{channel=[id: 0x1d64c07f, L:/127.0.0.1:49936 - R:localhost/127.0.0.1:8082]}}, [response_received])
20:29:40.873 [reactor-http-nio-14] DEBUG reactor.netty.channel.FluxReceive - [id: 0x01a5d163, L:/127.0.0.1:49946 - R:localhost/127.0.0.1:8082] Subscribing inbound receiver [pending: 0, cancelled:false, inboundDone: false]
20:29:40.873 [reactor-http-nio-2] DEBUG org.springframework.web.reactive.function.client.ExchangeFunctions - [1f83d4bc] Response 200 OK
20:29:40.873 [reactor-http-nio-14] DEBUG reactor.netty.http.client.HttpClientOperations - [id: 0x01a5d163, L:/127.0.0.1:49946 - R:localhost/127.0.0.1:8082] Received last HTTP packet
20:29:40.873 [reactor-http-nio-2] DEBUG reactor.netty.channel.FluxReceive - [id: 0x1d64c07f, L:/127.0.0.1:49936 - R:localhost/127.0.0.1:8082] Subscribing inbound receiver [pending: 0, cancelled:false, inboundDone: false]
20:29:40.873 [reactor-http-nio-14] DEBUG org.springframework.core.codec.StringDecoder - [6a2c7228] Decoded "461"
20:29:40.873 [reactor-http-nio-14] DEBUG reactor.netty.resources.PooledConnectionProvider - [id: 0x01a5d163, L:/127.0.0.1:49946 - R:localhost/127.0.0.1:8082] onStateChange(GET{uri=/getAttractionRewardPoints?attractionId=cc32f485-aa72-47e8-8f6c-c2db83b6ba5d&userId=0d683f70-b8f9-4858-b384-9c4171636de9, connection=PooledConnection{channel=[id: 0x01a5d163, L:/127.0.0.1:49946 - R:localhost/127.0.0.1:8082]}}, [disconnecting])
20:29:40.873 [reactor-http-nio-14] DEBUG reactor.netty.resources.PooledConnectionProvider - [id: 0x01a5d163, L:/127.0.0.1:49946 - R:localhost/127.0.0.1:8082] Releasing channel
20:29:40.873 [reactor-http-nio-2] DEBUG reactor.netty.http.client.HttpClientOperations - [id: 0x1d64c07f, L:/127.0.0.1:49936 - R:localhost/127.0.0.1:8082] Received last HTTP packet
20:29:40.873 [reactor-http-nio-14] DEBUG reactor.netty.resources.PooledConnectionProvider - [id: 0x01a5d163, L:/127.0.0.1:49946 - R:localhost/127.0.0.1:8082] Channel cleaned, now 52 active connections and 13 inactive connections
20:29:40.874 [reactor-http-nio-2] DEBUG org.springframework.core.codec.StringDecoder - [1f83d4bc] Decoded "333"
20:29:40.874 [reactor-http-nio-2] DEBUG reactor.netty.resources.PooledConnectionProvider - [id: 0x1d64c07f, L:/127.0.0.1:49936 - R:localhost/127.0.0.1:8082] onStateChange(GET{uri=/getAttractionRewardPoints?attractionId=9bfeae9c-8301-42e4-afa4-f3e273f45381&userId=a458835f-7d49-4e4d-987c-fba8c6ee95e9, connection=PooledConnection{channel=[id: 0x1d64c07f, L:/127.0.0.1:49936 - R:localhost/127.0.0.1:8082]}}, [disconnecting])
20:29:40.874 [reactor-http-nio-2] DEBUG reactor.netty.resources.PooledConnectionProvider - [id: 0x1d64c07f, L:/127.0.0.1:49936 - R:localhost/127.0.0.1:8082] Releasing channel
20:29:40.874 [reactor-http-nio-2] DEBUG reactor.netty.resources.PooledConnectionProvider - [id: 0x1d64c07f, L:/127.0.0.1:49936 - R:localhost/127.0.0.1:8082] Channel cleaned, now 51 active connections and 14 inactive connections
20:29:40.883 [reactor-http-nio-15] DEBUG reactor.netty.http.client.HttpClientOperations - [id: 0xbc63c65a, L:/127.0.0.1:49964 - R:localhost/127.0.0.1:8082] Received response (auto-read:false) : [Content-Type=application/json, Transfer-Encoding=chunked, Date=Tue, 29 Jun 2021 14:59:40 GMT]
20:29:40.883 [reactor-http-nio-15] DEBUG reactor.netty.resources.PooledConnectionProvider - [id: 0xbc63c65a, L:/127.0.0.1:49964 - R:localhost/127.0.0.1:8082] onStateChange(GET{uri=/getAttractionRewardPoints?attractionId=b774d7cb-dd9b-4f5d-a181-4b30f752bd77&userId=314dc2a9-0d23-491b-9a73-044af191a4fe, connection=PooledConnection{channel=[id: 0xbc63c65a, L:/127.0.0.1:49964 - R:localhost/127.0.0.1:8082]}}, [response_received])
20:29:40.883 [reactor-http-nio-15] DEBUG org.springframework.web.reactive.function.client.ExchangeFunctions - [7f23997b] Response 200 OK
20:29:40.883 [reactor-http-nio-15] DEBUG reactor.netty.channel.FluxReceive - [id: 0xbc63c65a, L:/127.0.0.1:49964 - R:localhost/127.0.0.1:8082] Subscribing inbound receiver [pending: 0, cancelled:false, inboundDone: false]
20:29:40.883 [reactor-http-nio-15] DEBUG reactor.netty.http.client.HttpClientOperations - [id: 0xbc63c65a, L:/127.0.0.1:49964 - R:localhost/127.0.0.1:8082] Received last HTTP packet
20:29:40.883 [reactor-http-nio-15] DEBUG org.springframework.core.codec.StringDecoder - [7f23997b] Decoded "864"
20:29:40.883 [reactor-http-nio-15] DEBUG reactor.netty.resources.PooledConnectionProvider - [id: 0xbc63c65a, L:/127.0.0.1:49964 - R:localhost/127.0.0.1:8082] onStateChange(GET{uri=/getAttractionRewardPoints?attractionId=b774d7cb-dd9b-4f5d-a181-4b30f752bd77&userId=314dc2a9-0d23-491b-9a73-044af191a4fe, connection=PooledConnection{channel=[id: 0xbc63c65a, L:/127.0.0.1:49964 - R:localhost/127.0.0.1:8082]}}, [disconnecting])
20:29:40.884 [reactor-http-nio-15] DEBUG reactor.netty.resources.PooledConnectionProvider - [id: 0xbc63c65a, L:/127.0.0.1:49964 - R:localhost/127.0.0.1:8082] Releasing channel
20:29:40.884 [reactor-http-nio-15] DEBUG reactor.netty.resources.PooledConnectionProvider - [id: 0xbc63c65a, L:/127.0.0.1:49964 - R:localhost/127.0.0.1:8082] Channel cleaned, now 50 active connections and 15 inactive connections
20:29:40.912 [reactor-http-nio-2] DEBUG reactor.netty.http.client.HttpClientOperations - [id: 0xda5365a3, L:/127.0.0.1:49950 - R:localhost/127.0.0.1:8082] Received response (auto-read:false) : [Content-Type=application/json, Transfer-Encoding=chunked, Date=Tue, 29 Jun 2021 14:59:40 GMT]
20:29:40.912 [reactor-http-nio-2] DEBUG reactor.netty.resources.PooledConnectionProvider - [id: 0xda5365a3, L:/127.0.0.1:49950 - R:localhost/127.0.0.1:8082] onStateChange(GET{uri=/getAttractionRewardPoints?attractionId=01d71a37-f798-407d-9589-a01b727251b7&userId=e946bfd9-3589-46bb-8ce9-7578d04af5c2, connection=PooledConnection{channel=[id: 0xda5365a3, L:/127.0.0.1:49950 - R:localhost/127.0.0.1:8082]}}, [response_received])
20:29:40.912 [reactor-http-nio-2] DEBUG org.springframework.web.reactive.function.client.ExchangeFunctions - [235a30a8] Response 200 OK
20:29:40.913 [reactor-http-nio-2] DEBUG reactor.netty.channel.FluxReceive - [id: 0xda5365a3, L:/127.0.0.1:49950 - R:localhost/127.0.0.1:8082] Subscribing inbound receiver [pending: 0, cancelled:false, inboundDone: false]
20:29:40.913 [reactor-http-nio-2] DEBUG reactor.netty.http.client.HttpClientOperations - [id: 0xda5365a3, L:/127.0.0.1:49950 - R:localhost/127.0.0.1:8082] Received last HTTP packet
20:29:40.913 [reactor-http-nio-2] DEBUG org.springframework.core.codec.StringDecoder - [235a30a8] Decoded "753"
20:29:40.913 [reactor-http-nio-2] DEBUG reactor.netty.resources.PooledConnectionProvider - [id: 0xda5365a3, L:/127.0.0.1:49950 - R:localhost/127.0.0.1:8082] onStateChange(GET{uri=/getAttractionRewardPoints?attractionId=01d71a37-f798-407d-9589-a01b727251b7&userId=e946bfd9-3589-46bb-8ce9-7578d04af5c2, connection=PooledConnection{channel=[id: 0xda5365a3, L:/127.0.0.1:49950 - R:localhost/127.0.0.1:8082]}}, [disconnecting])
20:29:40.914 [reactor-http-nio-2] DEBUG reactor.netty.resources.PooledConnectionProvider - [id: 0xda5365a3, L:/127.0.0.1:49950 - R:localhost/127.0.0.1:8082] Releasing channel
20:29:40.914 [reactor-http-nio-2] DEBUG reactor.netty.resources.PooledConnectionProvider - [id: 0xda5365a3, L:/127.0.0.1:49950 - R:localhost/127.0.0.1:8082] Channel cleaned, now 49 active connections and 16 inactive connections
20:29:40.922 [reactor-http-nio-15] DEBUG reactor.netty.http.client.HttpClientOperations - [id: 0xd13dd737, L:/127.0.0.1:49962 - R:localhost/127.0.0.1:8082] Received response (auto-read:false) : [Content-Type=application/json, Transfer-Encoding=chunked, Date=Tue, 29 Jun 2021 14:59:40 GMT]
20:29:40.922 [reactor-http-nio-15] DEBUG reactor.netty.resources.PooledConnectionProvider - [id: 0xd13dd737, L:/127.0.0.1:49962 - R:localhost/127.0.0.1:8082] onStateChange(GET{uri=/getAttractionRewardPoints?attractionId=33828a8d-50d2-46e8-9e47-3f03a4f50657&userId=6be5c869-8684-4460-b7aa-86e47506728f, connection=PooledConnection{channel=[id: 0xd13dd737, L:/127.0.0.1:49962 - R:localhost/127.0.0.1:8082]}}, [response_received])
20:29:40.922 [reactor-http-nio-15] DEBUG org.springframework.web.reactive.function.client.ExchangeFunctions - [27adb38a] Response 200 OK
20:29:40.923 [reactor-http-nio-15] DEBUG reactor.netty.channel.FluxReceive - [id: 0xd13dd737, L:/127.0.0.1:49962 - R:localhost/127.0.0.1:8082] Subscribing inbound receiver [pending: 0, cancelled:false, inboundDone: false]
20:29:40.923 [reactor-http-nio-15] DEBUG reactor.netty.http.client.HttpClientOperations - [id: 0xd13dd737, L:/127.0.0.1:49962 - R:localhost/127.0.0.1:8082] Received last HTTP packet
20:29:40.923 [reactor-http-nio-15] DEBUG org.springframework.core.codec.StringDecoder - [27adb38a] Decoded "896"
20:29:40.923 [reactor-http-nio-15] DEBUG reactor.netty.resources.PooledConnectionProvider - [id: 0xd13dd737, L:/127.0.0.1:49962 - R:localhost/127.0.0.1:8082] onStateChange(GET{uri=/getAttractionRewardPoints?attractionId=33828a8d-50d2-46e8-9e47-3f03a4f50657&userId=6be5c869-8684-4460-b7aa-86e47506728f, connection=PooledConnection{channel=[id: 0xd13dd737, L:/127.0.0.1:49962 - R:localhost/127.0.0.1:8082]}}, [disconnecting])
20:29:40.923 [reactor-http-nio-15] DEBUG reactor.netty.resources.PooledConnectionProvider - [id: 0xd13dd737, L:/127.0.0.1:49962 - R:localhost/127.0.0.1:8082] Releasing channel
20:29:40.923 [reactor-http-nio-15] DEBUG reactor.netty.resources.PooledConnectionProvider - [id: 0xd13dd737, L:/127.0.0.1:49962 - R:localhost/127.0.0.1:8082] Channel cleaned, now 48 active connections and 17 inactive connections
20:29:40.968 [reactor-http-nio-16] DEBUG reactor.netty.http.client.HttpClientOperations - [id: 0xdc2607b9, L:/127.0.0.1:49991 - R:localhost/127.0.0.1:8082] Received response (auto-read:false) : [Content-Type=application/json, Transfer-Encoding=chunked, Date=Tue, 29 Jun 2021 14:59:40 GMT]
20:29:40.968 [reactor-http-nio-14] DEBUG reactor.netty.http.client.HttpClientOperations - [id: 0xef78899f, L:/127.0.0.1:49957 - R:localhost/127.0.0.1:8082] Received response (auto-read:false) : [Content-Type=application/json, Transfer-Encoding=chunked, Date=Tue, 29 Jun 2021 14:59:40 GMT]
20:29:40.968 [reactor-http-nio-16] DEBUG reactor.netty.resources.PooledConnectionProvider - [id: 0xdc2607b9, L:/127.0.0.1:49991 - R:localhost/127.0.0.1:8082] onStateChange(GET{uri=/getAttractionRewardPoints?attractionId=5094ac1d-66f7-48a1-99d7-e4b0a9487187&userId=5389383c-3fe0-4d72-a70b-484d03b8bdec, connection=PooledConnection{channel=[id: 0xdc2607b9, L:/127.0.0.1:49991 - R:localhost/127.0.0.1:8082]}}, [response_received])
20:29:40.968 [reactor-http-nio-14] DEBUG reactor.netty.resources.PooledConnectionProvider - [id: 0xef78899f, L:/127.0.0.1:49957 - R:localhost/127.0.0.1:8082] onStateChange(GET{uri=/getAttractionRewardPoints?attractionId=c4fff6d4-3095-47ae-97bc-f3f517476b4d&userId=98264743-7625-424f-ab41-f310e7d15a3b, connection=PooledConnection{channel=[id: 0xef78899f, L:/127.0.0.1:49957 - R:localhost/127.0.0.1:8082]}}, [response_received])
20:29:40.969 [reactor-http-nio-16] DEBUG org.springframework.web.reactive.function.client.ExchangeFunctions - [6a2e4cc] Response 200 OK
20:29:40.969 [reactor-http-nio-14] DEBUG org.springframework.web.reactive.function.client.ExchangeFunctions - [2ff6db26] Response 200 OK
20:29:40.969 [reactor-http-nio-16] DEBUG reactor.netty.channel.FluxReceive - [id: 0xdc2607b9, L:/127.0.0.1:49991 - R:localhost/127.0.0.1:8082] Subscribing inbound receiver [pending: 0, cancelled:false, inboundDone: false]
20:29:40.969 [reactor-http-nio-14] DEBUG reactor.netty.channel.FluxReceive - [id: 0xef78899f, L:/127.0.0.1:49957 - R:localhost/127.0.0.1:8082] Subscribing inbound receiver [pending: 0, cancelled:false, inboundDone: false]
20:29:40.970 [reactor-http-nio-14] DEBUG reactor.netty.http.client.HttpClientOperations - [id: 0xef78899f, L:/127.0.0.1:49957 - R:localhost/127.0.0.1:8082] Received last HTTP packet
20:29:40.970 [reactor-http-nio-16] DEBUG reactor.netty.http.client.HttpClientOperations - [id: 0x69a3ca7e, L:/127.0.0.1:49976 - R:localhost/127.0.0.1:8082] Received response (auto-read:false) : [Content-Type=application/json, Transfer-Encoding=chunked, Date=Tue, 29 Jun 2021 14:59:40 GMT]
20:29:40.970 [reactor-http-nio-16] DEBUG reactor.netty.resources.PooledConnectionProvider - [id: 0x69a3ca7e, L:/127.0.0.1:49976 - R:localhost/127.0.0.1:8082] onStateChange(GET{uri=/getAttractionRewardPoints?attractionId=f0404960-2b92-4f36-8140-95fe62fd4a04&userId=b2609ee6-c32a-45c1-96a3-97b8fb5f88cb, connection=PooledConnection{channel=[id: 0x69a3ca7e, L:/127.0.0.1:49976 - R:localhost/127.0.0.1:8082]}}, [response_received])
20:29:40.970 [reactor-http-nio-14] DEBUG org.springframework.core.codec.StringDecoder - [2ff6db26] Decoded "642"
20:29:40.970 [reactor-http-nio-14] DEBUG reactor.netty.resources.PooledConnectionProvider - [id: 0xef78899f, L:/127.0.0.1:49957 - R:localhost/127.0.0.1:8082] onStateChange(GET{uri=/getAttractionRewardPoints?attractionId=c4fff6d4-3095-47ae-97bc-f3f517476b4d&userId=98264743-7625-424f-ab41-f310e7d15a3b, connection=PooledConnection{channel=[id: 0xef78899f, L:/127.0.0.1:49957 - R:localhost/127.0.0.1:8082]}}, [disconnecting])
20:29:40.970 [reactor-http-nio-14] DEBUG reactor.netty.resources.PooledConnectionProvider - [id: 0xef78899f, L:/127.0.0.1:49957 - R:localhost/127.0.0.1:8082] Releasing channel
20:29:40.970 [reactor-http-nio-14] DEBUG reactor.netty.resources.PooledConnectionProvider - [id: 0xef78899f, L:/127.0.0.1:49957 - R:localhost/127.0.0.1:8082] Channel cleaned, now 47 active connections and 18 inactive connections
20:29:40.970 [reactor-http-nio-16] DEBUG org.springframework.web.reactive.function.client.ExchangeFunctions - [c2a9b7f] Response 200 OK
20:29:40.971 [reactor-http-nio-16] DEBUG reactor.netty.channel.FluxReceive - [id: 0x69a3ca7e, L:/127.0.0.1:49976 - R:localhost/127.0.0.1:8082] Subscribing inbound receiver [pending: 0, cancelled:false, inboundDone: false]
20:29:40.971 [reactor-http-nio-16] DEBUG reactor.netty.http.client.HttpClientOperations - [id: 0x69a3ca7e, L:/127.0.0.1:49976 - R:localhost/127.0.0.1:8082] Received last HTTP packet
20:29:40.971 [reactor-http-nio-16] DEBUG org.springframework.core.codec.StringDecoder - [c2a9b7f] Decoded "930"
20:29:40.971 [reactor-http-nio-16] DEBUG reactor.netty.resources.PooledConnectionProvider - [id: 0x69a3ca7e, L:/127.0.0.1:49976 - R:localhost/127.0.0.1:8082] onStateChange(GET{uri=/getAttractionRewardPoints?attractionId=f0404960-2b92-4f36-8140-95fe62fd4a04&userId=b2609ee6-c32a-45c1-96a3-97b8fb5f88cb, connection=PooledConnection{channel=[id: 0x69a3ca7e, L:/127.0.0.1:49976 - R:localhost/127.0.0.1:8082]}}, [disconnecting])
20:29:40.971 [reactor-http-nio-16] DEBUG reactor.netty.resources.PooledConnectionProvider - [id: 0x69a3ca7e, L:/127.0.0.1:49976 - R:localhost/127.0.0.1:8082] Releasing channel
20:29:40.971 [reactor-http-nio-16] DEBUG reactor.netty.resources.PooledConnectionProvider - [id: 0x69a3ca7e, L:/127.0.0.1:49976 - R:localhost/127.0.0.1:8082] Channel cleaned, now 46 active connections and 19 inactive connections
20:29:40.972 [reactor-http-nio-16] DEBUG reactor.netty.http.client.HttpClientOperations - [id: 0xdc2607b9, L:/127.0.0.1:49991 - R:localhost/127.0.0.1:8082] Received last HTTP packet
20:29:40.972 [reactor-http-nio-16] DEBUG org.springframework.core.codec.StringDecoder - [6a2e4cc] Decoded "596"
20:29:40.972 [reactor-http-nio-16] DEBUG reactor.netty.resources.PooledConnectionProvider - [id: 0xdc2607b9, L:/127.0.0.1:49991 - R:localhost/127.0.0.1:8082] onStateChange(GET{uri=/getAttractionRewardPoints?attractionId=5094ac1d-66f7-48a1-99d7-e4b0a9487187&userId=5389383c-3fe0-4d72-a70b-484d03b8bdec, connection=PooledConnection{channel=[id: 0xdc2607b9, L:/127.0.0.1:49991 - R:localhost/127.0.0.1:8082]}}, [disconnecting])
20:29:40.972 [reactor-http-nio-16] DEBUG reactor.netty.resources.PooledConnectionProvider - [id: 0xdc2607b9, L:/127.0.0.1:49991 - R:localhost/127.0.0.1:8082] Releasing channel
20:29:40.972 [reactor-http-nio-16] DEBUG reactor.netty.resources.PooledConnectionProvider - [id: 0xdc2607b9, L:/127.0.0.1:49991 - R:localhost/127.0.0.1:8082] Channel cleaned, now 45 active connections and 20 inactive connections
20:29:40.974 [reactor-http-nio-15] DEBUG reactor.netty.http.client.HttpClientOperations - [id: 0x4f027c99, L:/127.0.0.1:49969 - R:localhost/127.0.0.1:8082] Received response (auto-read:false) : [Content-Type=application/json, Transfer-Encoding=chunked, Date=Tue, 29 Jun 2021 14:59:40 GMT]
20:29:40.974 [reactor-http-nio-15] DEBUG reactor.netty.resources.PooledConnectionProvider - [id: 0x4f027c99, L:/127.0.0.1:49969 - R:localhost/127.0.0.1:8082] onStateChange(GET{uri=/getAttractionRewardPoints?attractionId=277bbb97-bdb3-4351-b228-3ad86c6e472c&userId=c370d4fe-7a03-4264-8ef9-6870ff370d8b, connection=PooledConnection{channel=[id: 0x4f027c99, L:/127.0.0.1:49969 - R:localhost/127.0.0.1:8082]}}, [response_received])
20:29:40.974 [reactor-http-nio-15] DEBUG org.springframework.web.reactive.function.client.ExchangeFunctions - [11483194] Response 200 OK
20:29:40.974 [reactor-http-nio-15] DEBUG reactor.netty.channel.FluxReceive - [id: 0x4f027c99, L:/127.0.0.1:49969 - R:localhost/127.0.0.1:8082] Subscribing inbound receiver [pending: 0, cancelled:false, inboundDone: false]
20:29:40.974 [reactor-http-nio-15] DEBUG reactor.netty.http.client.HttpClientOperations - [id: 0x4f027c99, L:/127.0.0.1:49969 - R:localhost/127.0.0.1:8082] Received last HTTP packet
20:29:40.975 [reactor-http-nio-15] DEBUG org.springframework.core.codec.StringDecoder - [11483194] Decoded "12"
20:29:40.975 [reactor-http-nio-15] DEBUG reactor.netty.resources.PooledConnectionProvider - [id: 0x4f027c99, L:/127.0.0.1:49969 - R:localhost/127.0.0.1:8082] onStateChange(GET{uri=/getAttractionRewardPoints?attractionId=277bbb97-bdb3-4351-b228-3ad86c6e472c&userId=c370d4fe-7a03-4264-8ef9-6870ff370d8b, connection=PooledConnection{channel=[id: 0x4f027c99, L:/127.0.0.1:49969 - R:localhost/127.0.0.1:8082]}}, [disconnecting])
20:29:40.975 [reactor-http-nio-15] DEBUG reactor.netty.resources.PooledConnectionProvider - [id: 0x4f027c99, L:/127.0.0.1:49969 - R:localhost/127.0.0.1:8082] Releasing channel
20:29:40.975 [reactor-http-nio-15] DEBUG reactor.netty.resources.PooledConnectionProvider - [id: 0x4f027c99, L:/127.0.0.1:49969 - R:localhost/127.0.0.1:8082] Channel cleaned, now 44 active connections and 21 inactive connections
20:29:40.990 [reactor-http-nio-10] DEBUG reactor.netty.http.client.HttpClientOperations - [id: 0x8ba9f3b7, L:/127.0.0.1:49992 - R:localhost/127.0.0.1:8082] Received response (auto-read:false) : [Content-Type=application/json, Transfer-Encoding=chunked, Date=Tue, 29 Jun 2021 14:59:40 GMT]
20:29:40.991 [reactor-http-nio-10] DEBUG reactor.netty.resources.PooledConnectionProvider - [id: 0x8ba9f3b7, L:/127.0.0.1:49992 - R:localhost/127.0.0.1:8082] onStateChange(GET{uri=/getAttractionRewardPoints?attractionId=0dffc310-2320-4253-b8e9-e0000d0de90b&userId=cf7b7972-848a-4095-89d5-bde4f9855ea4, connection=PooledConnection{channel=[id: 0x8ba9f3b7, L:/127.0.0.1:49992 - R:localhost/127.0.0.1:8082]}}, [response_received])
20:29:40.991 [reactor-http-nio-10] DEBUG org.springframework.web.reactive.function.client.ExchangeFunctions - [1877fa71] Response 200 OK
20:29:40.992 [reactor-http-nio-10] DEBUG reactor.netty.channel.FluxReceive - [id: 0x8ba9f3b7, L:/127.0.0.1:49992 - R:localhost/127.0.0.1:8082] Subscribing inbound receiver [pending: 0, cancelled:false, inboundDone: false]
20:29:40.993 [reactor-http-nio-10] DEBUG reactor.netty.http.client.HttpClientOperations - [id: 0x8ba9f3b7, L:/127.0.0.1:49992 - R:localhost/127.0.0.1:8082] Received last HTTP packet
20:29:40.993 [reactor-http-nio-10] DEBUG org.springframework.core.codec.StringDecoder - [1877fa71] Decoded "750"
20:29:40.994 [reactor-http-nio-10] DEBUG reactor.netty.resources.PooledConnectionProvider - [id: 0x8ba9f3b7, L:/127.0.0.1:49992 - R:localhost/127.0.0.1:8082] onStateChange(GET{uri=/getAttractionRewardPoints?attractionId=0dffc310-2320-4253-b8e9-e0000d0de90b&userId=cf7b7972-848a-4095-89d5-bde4f9855ea4, connection=PooledConnection{channel=[id: 0x8ba9f3b7, L:/127.0.0.1:49992 - R:localhost/127.0.0.1:8082]}}, [disconnecting])
20:29:40.994 [reactor-http-nio-10] DEBUG reactor.netty.resources.PooledConnectionProvider - [id: 0x8ba9f3b7, L:/127.0.0.1:49992 - R:localhost/127.0.0.1:8082] Releasing channel
20:29:40.994 [reactor-http-nio-10] DEBUG reactor.netty.resources.PooledConnectionProvider - [id: 0x8ba9f3b7, L:/127.0.0.1:49992 - R:localhost/127.0.0.1:8082] Channel cleaned, now 43 active connections and 22 inactive connections
20:29:41.006 [reactor-http-nio-13] DEBUG reactor.netty.http.client.HttpClientOperations - [id: 0xdee89d36, L:/127.0.0.1:49975 - R:localhost/127.0.0.1:8082] Received response (auto-read:false) : [Content-Type=application/json, Transfer-Encoding=chunked, Date=Tue, 29 Jun 2021 14:59:40 GMT]
20:29:41.006 [reactor-http-nio-13] DEBUG reactor.netty.resources.PooledConnectionProvider - [id: 0xdee89d36, L:/127.0.0.1:49975 - R:localhost/127.0.0.1:8082] onStateChange(GET{uri=/getAttractionRewardPoints?attractionId=ed97e935-6c55-4ceb-8d46-b0945c247cca&userId=28d9abb7-8436-49bd-85c4-319a9c984e36, connection=PooledConnection{channel=[id: 0xdee89d36, L:/127.0.0.1:49975 - R:localhost/127.0.0.1:8082]}}, [response_received])
20:29:41.007 [reactor-http-nio-13] DEBUG org.springframework.web.reactive.function.client.ExchangeFunctions - [1fe3bdc] Response 200 OK
20:29:41.007 [reactor-http-nio-13] DEBUG reactor.netty.channel.FluxReceive - [id: 0xdee89d36, L:/127.0.0.1:49975 - R:localhost/127.0.0.1:8082] Subscribing inbound receiver [pending: 0, cancelled:false, inboundDone: false]
20:29:41.008 [reactor-http-nio-13] DEBUG reactor.netty.http.client.HttpClientOperations - [id: 0xdee89d36, L:/127.0.0.1:49975 - R:localhost/127.0.0.1:8082] Received last HTTP packet
20:29:41.008 [reactor-http-nio-13] DEBUG org.springframework.core.codec.StringDecoder - [1fe3bdc] Decoded "763"
20:29:41.008 [reactor-http-nio-13] DEBUG reactor.netty.resources.PooledConnectionProvider - [id: 0xdee89d36, L:/127.0.0.1:49975 - R:localhost/127.0.0.1:8082] onStateChange(GET{uri=/getAttractionRewardPoints?attractionId=ed97e935-6c55-4ceb-8d46-b0945c247cca&userId=28d9abb7-8436-49bd-85c4-319a9c984e36, connection=PooledConnection{channel=[id: 0xdee89d36, L:/127.0.0.1:49975 - R:localhost/127.0.0.1:8082]}}, [disconnecting])
20:29:41.009 [reactor-http-nio-13] DEBUG reactor.netty.resources.PooledConnectionProvider - [id: 0xdee89d36, L:/127.0.0.1:49975 - R:localhost/127.0.0.1:8082] Releasing channel
20:29:41.009 [reactor-http-nio-13] DEBUG reactor.netty.resources.PooledConnectionProvider - [id: 0xdee89d36, L:/127.0.0.1:49975 - R:localhost/127.0.0.1:8082] Channel cleaned, now 42 active connections and 23 inactive connections
20:29:41.017 [reactor-http-nio-11] DEBUG reactor.netty.http.client.HttpClientOperations - [id: 0xf6923df7, L:/127.0.0.1:49940 - R:localhost/127.0.0.1:8082] Received response (auto-read:false) : [Content-Type=application/json, Transfer-Encoding=chunked, Date=Tue, 29 Jun 2021 14:59:40 GMT]
20:29:41.017 [reactor-http-nio-11] DEBUG reactor.netty.resources.PooledConnectionProvider - [id: 0xf6923df7, L:/127.0.0.1:49940 - R:localhost/127.0.0.1:8082] onStateChange(GET{uri=/getAttractionRewardPoints?attractionId=36cbb55d-7dba-4725-8663-8c281b321382&userId=d9251766-9e69-4701-87b1-5ea309f30c94, connection=PooledConnection{channel=[id: 0xf6923df7, L:/127.0.0.1:49940 - R:localhost/127.0.0.1:8082]}}, [response_received])
20:29:41.017 [reactor-http-nio-11] DEBUG org.springframework.web.reactive.function.client.ExchangeFunctions - [11c6f94e] Response 200 OK
20:29:41.018 [reactor-http-nio-11] DEBUG reactor.netty.channel.FluxReceive - [id: 0xf6923df7, L:/127.0.0.1:49940 - R:localhost/127.0.0.1:8082] Subscribing inbound receiver [pending: 0, cancelled:false, inboundDone: false]
20:29:41.018 [reactor-http-nio-11] DEBUG reactor.netty.http.client.HttpClientOperations - [id: 0xf6923df7, L:/127.0.0.1:49940 - R:localhost/127.0.0.1:8082] Received last HTTP packet
20:29:41.019 [reactor-http-nio-11] DEBUG org.springframework.core.codec.StringDecoder - [11c6f94e] Decoded "778"
20:29:41.019 [reactor-http-nio-11] DEBUG reactor.netty.resources.PooledConnectionProvider - [id: 0xf6923df7, L:/127.0.0.1:49940 - R:localhost/127.0.0.1:8082] onStateChange(GET{uri=/getAttractionRewardPoints?attractionId=36cbb55d-7dba-4725-8663-8c281b321382&userId=d9251766-9e69-4701-87b1-5ea309f30c94, connection=PooledConnection{channel=[id: 0xf6923df7, L:/127.0.0.1:49940 - R:localhost/127.0.0.1:8082]}}, [disconnecting])
20:29:41.019 [reactor-http-nio-11] DEBUG reactor.netty.resources.PooledConnectionProvider - [id: 0xf6923df7, L:/127.0.0.1:49940 - R:localhost/127.0.0.1:8082] Releasing channel
20:29:41.019 [reactor-http-nio-11] DEBUG reactor.netty.resources.PooledConnectionProvider - [id: 0xf6923df7, L:/127.0.0.1:49940 - R:localhost/127.0.0.1:8082] Channel cleaned, now 41 active connections and 24 inactive connections
20:29:41.021 [reactor-http-nio-10] DEBUG reactor.netty.http.client.HttpClientOperations - [id: 0x671d8722, L:/127.0.0.1:49939 - R:localhost/127.0.0.1:8082] Received response (auto-read:false) : [Content-Type=application/json, Transfer-Encoding=chunked, Date=Tue, 29 Jun 2021 14:59:40 GMT]
20:29:41.021 [reactor-http-nio-10] DEBUG reactor.netty.resources.PooledConnectionProvider - [id: 0x671d8722, L:/127.0.0.1:49939 - R:localhost/127.0.0.1:8082] onStateChange(GET{uri=/getAttractionRewardPoints?attractionId=ac235408-71b7-41da-aa60-c8a28dcc78a3&userId=699a4a5d-0db8-45fb-8423-e13eca7ca83b, connection=PooledConnection{channel=[id: 0x671d8722, L:/127.0.0.1:49939 - R:localhost/127.0.0.1:8082]}}, [response_received])
20:29:41.021 [reactor-http-nio-10] DEBUG org.springframework.web.reactive.function.client.ExchangeFunctions - [1453a6ae] Response 200 OK
20:29:41.021 [reactor-http-nio-10] DEBUG reactor.netty.channel.FluxReceive - [id: 0x671d8722, L:/127.0.0.1:49939 - R:localhost/127.0.0.1:8082] Subscribing inbound receiver [pending: 0, cancelled:false, inboundDone: false]
20:29:41.022 [reactor-http-nio-10] DEBUG reactor.netty.http.client.HttpClientOperations - [id: 0x671d8722, L:/127.0.0.1:49939 - R:localhost/127.0.0.1:8082] Received last HTTP packet
20:29:41.022 [reactor-http-nio-10] DEBUG org.springframework.core.codec.StringDecoder - [1453a6ae] Decoded "468"
20:29:41.022 [reactor-http-nio-10] DEBUG reactor.netty.resources.PooledConnectionProvider - [id: 0x671d8722, L:/127.0.0.1:49939 - R:localhost/127.0.0.1:8082] onStateChange(GET{uri=/getAttractionRewardPoints?attractionId=ac235408-71b7-41da-aa60-c8a28dcc78a3&userId=699a4a5d-0db8-45fb-8423-e13eca7ca83b, connection=PooledConnection{channel=[id: 0x671d8722, L:/127.0.0.1:49939 - R:localhost/127.0.0.1:8082]}}, [disconnecting])
20:29:41.022 [reactor-http-nio-10] DEBUG reactor.netty.resources.PooledConnectionProvider - [id: 0x671d8722, L:/127.0.0.1:49939 - R:localhost/127.0.0.1:8082] Releasing channel
20:29:41.022 [reactor-http-nio-10] DEBUG reactor.netty.resources.PooledConnectionProvider - [id: 0x671d8722, L:/127.0.0.1:49939 - R:localhost/127.0.0.1:8082] Channel cleaned, now 40 active connections and 25 inactive connections
20:29:41.047 [reactor-http-nio-12] DEBUG reactor.netty.http.client.HttpClientOperations - [id: 0xc47e4404, L:/127.0.0.1:49951 - R:localhost/127.0.0.1:8082] Received response (auto-read:false) : [Content-Type=application/json, Transfer-Encoding=chunked, Date=Tue, 29 Jun 2021 14:59:40 GMT]
20:29:41.047 [reactor-http-nio-12] DEBUG reactor.netty.resources.PooledConnectionProvider - [id: 0xc47e4404, L:/127.0.0.1:49951 - R:localhost/127.0.0.1:8082] onStateChange(GET{uri=/getAttractionRewardPoints?attractionId=35842600-5aad-4a90-b377-f8d6d7f6ea65&userId=114d5cc2-0cef-482c-83d8-cc59cbbc7479, connection=PooledConnection{channel=[id: 0xc47e4404, L:/127.0.0.1:49951 - R:localhost/127.0.0.1:8082]}}, [response_received])
20:29:41.047 [reactor-http-nio-12] DEBUG org.springframework.web.reactive.function.client.ExchangeFunctions - [3497e482] Response 200 OK
20:29:41.047 [reactor-http-nio-12] DEBUG reactor.netty.channel.FluxReceive - [id: 0xc47e4404, L:/127.0.0.1:49951 - R:localhost/127.0.0.1:8082] Subscribing inbound receiver [pending: 0, cancelled:false, inboundDone: false]
20:29:41.048 [reactor-http-nio-12] DEBUG reactor.netty.http.client.HttpClientOperations - [id: 0xc47e4404, L:/127.0.0.1:49951 - R:localhost/127.0.0.1:8082] Received last HTTP packet
20:29:41.048 [reactor-http-nio-12] DEBUG org.springframework.core.codec.StringDecoder - [3497e482] Decoded "458"
20:29:41.048 [reactor-http-nio-12] DEBUG reactor.netty.resources.PooledConnectionProvider - [id: 0xc47e4404, L:/127.0.0.1:49951 - R:localhost/127.0.0.1:8082] onStateChange(GET{uri=/getAttractionRewardPoints?attractionId=35842600-5aad-4a90-b377-f8d6d7f6ea65&userId=114d5cc2-0cef-482c-83d8-cc59cbbc7479, connection=PooledConnection{channel=[id: 0xc47e4404, L:/127.0.0.1:49951 - R:localhost/127.0.0.1:8082]}}, [disconnecting])
20:29:41.048 [reactor-http-nio-12] DEBUG reactor.netty.resources.PooledConnectionProvider - [id: 0xc47e4404, L:/127.0.0.1:49951 - R:localhost/127.0.0.1:8082] Releasing channel
20:29:41.048 [reactor-http-nio-12] DEBUG reactor.netty.resources.PooledConnectionProvider - [id: 0xc47e4404, L:/127.0.0.1:49951 - R:localhost/127.0.0.1:8082] Channel cleaned, now 39 active connections and 26 inactive connections
20:29:41.050 [reactor-http-nio-13] DEBUG reactor.netty.http.client.HttpClientOperations - [id: 0x65bd51d7, L:/127.0.0.1:49972 - R:localhost/127.0.0.1:8082] Received response (auto-read:false) : [Content-Type=application/json, Transfer-Encoding=chunked, Date=Tue, 29 Jun 2021 14:59:40 GMT]
20:29:41.050 [reactor-http-nio-13] DEBUG reactor.netty.resources.PooledConnectionProvider - [id: 0x65bd51d7, L:/127.0.0.1:49972 - R:localhost/127.0.0.1:8082] onStateChange(GET{uri=/getAttractionRewardPoints?attractionId=5212c6db-9944-4935-a469-e5f3670d241d&userId=6dacf9e4-c1a6-4d9c-aaa9-b8f6e70c8947, connection=PooledConnection{channel=[id: 0x65bd51d7, L:/127.0.0.1:49972 - R:localhost/127.0.0.1:8082]}}, [response_received])
20:29:41.050 [reactor-http-nio-13] DEBUG org.springframework.web.reactive.function.client.ExchangeFunctions - [1a5218bf] Response 200 OK
20:29:41.051 [reactor-http-nio-13] DEBUG reactor.netty.channel.FluxReceive - [id: 0x65bd51d7, L:/127.0.0.1:49972 - R:localhost/127.0.0.1:8082] Subscribing inbound receiver [pending: 0, cancelled:false, inboundDone: false]
20:29:41.051 [reactor-http-nio-13] DEBUG reactor.netty.http.client.HttpClientOperations - [id: 0x65bd51d7, L:/127.0.0.1:49972 - R:localhost/127.0.0.1:8082] Received last HTTP packet
20:29:41.051 [reactor-http-nio-13] DEBUG org.springframework.core.codec.StringDecoder - [1a5218bf] Decoded "935"
20:29:41.051 [reactor-http-nio-13] DEBUG reactor.netty.resources.PooledConnectionProvider - [id: 0x65bd51d7, L:/127.0.0.1:49972 - R:localhost/127.0.0.1:8082] onStateChange(GET{uri=/getAttractionRewardPoints?attractionId=5212c6db-9944-4935-a469-e5f3670d241d&userId=6dacf9e4-c1a6-4d9c-aaa9-b8f6e70c8947, connection=PooledConnection{channel=[id: 0x65bd51d7, L:/127.0.0.1:49972 - R:localhost/127.0.0.1:8082]}}, [disconnecting])
20:29:41.051 [reactor-http-nio-13] DEBUG reactor.netty.resources.PooledConnectionProvider - [id: 0x65bd51d7, L:/127.0.0.1:49972 - R:localhost/127.0.0.1:8082] Releasing channel
20:29:41.051 [reactor-http-nio-13] DEBUG reactor.netty.resources.PooledConnectionProvider - [id: 0x65bd51d7, L:/127.0.0.1:49972 - R:localhost/127.0.0.1:8082] Channel cleaned, now 38 active connections and 27 inactive connections
20:29:41.061 [reactor-http-nio-10] DEBUG reactor.netty.http.client.HttpClientOperations - [id: 0x59d6c8da, L:/127.0.0.1:49977 - R:localhost/127.0.0.1:8082] Received response (auto-read:false) : [Content-Type=application/json, Transfer-Encoding=chunked, Date=Tue, 29 Jun 2021 14:59:40 GMT]
20:29:41.061 [reactor-http-nio-10] DEBUG reactor.netty.resources.PooledConnectionProvider - [id: 0x59d6c8da, L:/127.0.0.1:49977 - R:localhost/127.0.0.1:8082] onStateChange(GET{uri=/getAttractionRewardPoints?attractionId=d05c35a2-753d-4252-a33e-85b9a3bf09be&userId=52b16691-330e-40e2-94dc-99de39c5309c, connection=PooledConnection{channel=[id: 0x59d6c8da, L:/127.0.0.1:49977 - R:localhost/127.0.0.1:8082]}}, [response_received])
20:29:41.061 [reactor-http-nio-14] DEBUG reactor.netty.http.client.HttpClientOperations - [id: 0xd648e0a7, L:/127.0.0.1:49871 - R:localhost/127.0.0.1:8082] Received response (auto-read:false) : [Content-Type=application/json, Transfer-Encoding=chunked, Date=Tue, 29 Jun 2021 14:59:40 GMT]
20:29:41.061 [reactor-http-nio-14] DEBUG reactor.netty.resources.PooledConnectionProvider - [id: 0xd648e0a7, L:/127.0.0.1:49871 - R:localhost/127.0.0.1:8082] onStateChange(GET{uri=/getAttractionRewardPoints?attractionId=22718bce-7af3-4f5c-a2ff-6556c1848c0b&userId=3367c1ad-5365-43e2-bb3e-a8dec4b22956, connection=PooledConnection{channel=[id: 0xd648e0a7, L:/127.0.0.1:49871 - R:localhost/127.0.0.1:8082]}}, [response_received])
20:29:41.061 [reactor-http-nio-10] DEBUG org.springframework.web.reactive.function.client.ExchangeFunctions - [2b5c1759] Response 200 OK
20:29:41.061 [reactor-http-nio-14] DEBUG org.springframework.web.reactive.function.client.ExchangeFunctions - [379e0e7d] Response 200 OK
20:29:41.061 [reactor-http-nio-14] DEBUG reactor.netty.channel.FluxReceive - [id: 0xd648e0a7, L:/127.0.0.1:49871 - R:localhost/127.0.0.1:8082] Subscribing inbound receiver [pending: 0, cancelled:false, inboundDone: false]
20:29:41.061 [reactor-http-nio-10] DEBUG reactor.netty.channel.FluxReceive - [id: 0x59d6c8da, L:/127.0.0.1:49977 - R:localhost/127.0.0.1:8082] Subscribing inbound receiver [pending: 0, cancelled:false, inboundDone: false]
20:29:41.062 [reactor-http-nio-14] DEBUG reactor.netty.http.client.HttpClientOperations - [id: 0xd648e0a7, L:/127.0.0.1:49871 - R:localhost/127.0.0.1:8082] Received last HTTP packet
20:29:41.062 [reactor-http-nio-10] DEBUG reactor.netty.http.client.HttpClientOperations - [id: 0x59d6c8da, L:/127.0.0.1:49977 - R:localhost/127.0.0.1:8082] Received last HTTP packet
20:29:41.062 [reactor-http-nio-14] DEBUG org.springframework.core.codec.StringDecoder - [379e0e7d] Decoded "599"
20:29:41.062 [reactor-http-nio-10] DEBUG org.springframework.core.codec.StringDecoder - [2b5c1759] Decoded "273"
20:29:41.062 [reactor-http-nio-10] DEBUG reactor.netty.resources.PooledConnectionProvider - [id: 0x59d6c8da, L:/127.0.0.1:49977 - R:localhost/127.0.0.1:8082] onStateChange(GET{uri=/getAttractionRewardPoints?attractionId=d05c35a2-753d-4252-a33e-85b9a3bf09be&userId=52b16691-330e-40e2-94dc-99de39c5309c, connection=PooledConnection{channel=[id: 0x59d6c8da, L:/127.0.0.1:49977 - R:localhost/127.0.0.1:8082]}}, [disconnecting])
20:29:41.062 [reactor-http-nio-10] DEBUG reactor.netty.resources.PooledConnectionProvider - [id: 0x59d6c8da, L:/127.0.0.1:49977 - R:localhost/127.0.0.1:8082] Releasing channel
20:29:41.062 [reactor-http-nio-14] DEBUG reactor.netty.resources.PooledConnectionProvider - [id: 0xd648e0a7, L:/127.0.0.1:49871 - R:localhost/127.0.0.1:8082] onStateChange(GET{uri=/getAttractionRewardPoints?attractionId=22718bce-7af3-4f5c-a2ff-6556c1848c0b&userId=3367c1ad-5365-43e2-bb3e-a8dec4b22956, connection=PooledConnection{channel=[id: 0xd648e0a7, L:/127.0.0.1:49871 - R:localhost/127.0.0.1:8082]}}, [disconnecting])
20:29:41.062 [reactor-http-nio-14] DEBUG reactor.netty.resources.PooledConnectionProvider - [id: 0xd648e0a7, L:/127.0.0.1:49871 - R:localhost/127.0.0.1:8082] Releasing channel
20:29:41.062 [reactor-http-nio-10] DEBUG reactor.netty.resources.PooledConnectionProvider - [id: 0x59d6c8da, L:/127.0.0.1:49977 - R:localhost/127.0.0.1:8082] Channel cleaned, now 37 active connections and 28 inactive connections
20:29:41.062 [reactor-http-nio-14] DEBUG reactor.netty.resources.PooledConnectionProvider - [id: 0xd648e0a7, L:/127.0.0.1:49871 - R:localhost/127.0.0.1:8082] Channel cleaned, now 36 active connections and 29 inactive connections
20:29:41.071 [reactor-http-nio-15] DEBUG reactor.netty.http.client.HttpClientOperations - [id: 0xb7664c42, L:/127.0.0.1:49967 - R:localhost/127.0.0.1:8082] Received response (auto-read:false) : [Content-Type=application/json, Transfer-Encoding=chunked, Date=Tue, 29 Jun 2021 14:59:40 GMT]
20:29:41.071 [reactor-http-nio-15] DEBUG reactor.netty.resources.PooledConnectionProvider - [id: 0xb7664c42, L:/127.0.0.1:49967 - R:localhost/127.0.0.1:8082] onStateChange(GET{uri=/getAttractionRewardPoints?attractionId=071bdec7-13c7-4c77-98a4-10a641e78805&userId=87ca3f57-aa8a-4f63-a526-bb6f20d30f79, connection=PooledConnection{channel=[id: 0xb7664c42, L:/127.0.0.1:49967 - R:localhost/127.0.0.1:8082]}}, [response_received])
20:29:41.071 [reactor-http-nio-15] DEBUG org.springframework.web.reactive.function.client.ExchangeFunctions - [73a352df] Response 200 OK
20:29:41.072 [reactor-http-nio-15] DEBUG reactor.netty.channel.FluxReceive - [id: 0xb7664c42, L:/127.0.0.1:49967 - R:localhost/127.0.0.1:8082] Subscribing inbound receiver [pending: 0, cancelled:false, inboundDone: false]
20:29:41.072 [reactor-http-nio-15] DEBUG reactor.netty.http.client.HttpClientOperations - [id: 0xb7664c42, L:/127.0.0.1:49967 - R:localhost/127.0.0.1:8082] Received last HTTP packet
20:29:41.072 [reactor-http-nio-15] DEBUG org.springframework.core.codec.StringDecoder - [73a352df] Decoded "532"
20:29:41.072 [reactor-http-nio-15] DEBUG reactor.netty.resources.PooledConnectionProvider - [id: 0xb7664c42, L:/127.0.0.1:49967 - R:localhost/127.0.0.1:8082] onStateChange(GET{uri=/getAttractionRewardPoints?attractionId=071bdec7-13c7-4c77-98a4-10a641e78805&userId=87ca3f57-aa8a-4f63-a526-bb6f20d30f79, connection=PooledConnection{channel=[id: 0xb7664c42, L:/127.0.0.1:49967 - R:localhost/127.0.0.1:8082]}}, [disconnecting])
20:29:41.072 [reactor-http-nio-15] DEBUG reactor.netty.resources.PooledConnectionProvider - [id: 0xb7664c42, L:/127.0.0.1:49967 - R:localhost/127.0.0.1:8082] Releasing channel
20:29:41.072 [reactor-http-nio-15] DEBUG reactor.netty.resources.PooledConnectionProvider - [id: 0xb7664c42, L:/127.0.0.1:49967 - R:localhost/127.0.0.1:8082] Channel cleaned, now 35 active connections and 30 inactive connections
20:29:41.116 [reactor-http-nio-12] DEBUG reactor.netty.http.client.HttpClientOperations - [id: 0xafac718b, L:/127.0.0.1:49979 - R:localhost/127.0.0.1:8082] Received response (auto-read:false) : [Content-Type=application/json, Transfer-Encoding=chunked, Date=Tue, 29 Jun 2021 14:59:40 GMT]
20:29:41.117 [reactor-http-nio-12] DEBUG reactor.netty.resources.PooledConnectionProvider - [id: 0xafac718b, L:/127.0.0.1:49979 - R:localhost/127.0.0.1:8082] onStateChange(GET{uri=/getAttractionRewardPoints?attractionId=0cb1ed78-9d1b-4fa7-99ea-f36e7220fdeb&userId=c396b449-df93-43a1-93d2-e3d9b5b9b35a, connection=PooledConnection{channel=[id: 0xafac718b, L:/127.0.0.1:49979 - R:localhost/127.0.0.1:8082]}}, [response_received])
20:29:41.117 [reactor-http-nio-12] DEBUG org.springframework.web.reactive.function.client.ExchangeFunctions - [169f848e] Response 200 OK
20:29:41.117 [reactor-http-nio-12] DEBUG reactor.netty.channel.FluxReceive - [id: 0xafac718b, L:/127.0.0.1:49979 - R:localhost/127.0.0.1:8082] Subscribing inbound receiver [pending: 0, cancelled:false, inboundDone: false]
20:29:41.117 [reactor-http-nio-12] DEBUG reactor.netty.http.client.HttpClientOperations - [id: 0xafac718b, L:/127.0.0.1:49979 - R:localhost/127.0.0.1:8082] Received last HTTP packet
20:29:41.118 [reactor-http-nio-12] DEBUG org.springframework.core.codec.StringDecoder - [169f848e] Decoded "847"
20:29:41.118 [reactor-http-nio-12] DEBUG reactor.netty.resources.PooledConnectionProvider - [id: 0xafac718b, L:/127.0.0.1:49979 - R:localhost/127.0.0.1:8082] onStateChange(GET{uri=/getAttractionRewardPoints?attractionId=0cb1ed78-9d1b-4fa7-99ea-f36e7220fdeb&userId=c396b449-df93-43a1-93d2-e3d9b5b9b35a, connection=PooledConnection{channel=[id: 0xafac718b, L:/127.0.0.1:49979 - R:localhost/127.0.0.1:8082]}}, [disconnecting])
20:29:41.118 [reactor-http-nio-12] DEBUG reactor.netty.resources.PooledConnectionProvider - [id: 0xafac718b, L:/127.0.0.1:49979 - R:localhost/127.0.0.1:8082] Releasing channel
20:29:41.118 [reactor-http-nio-12] DEBUG reactor.netty.resources.PooledConnectionProvider - [id: 0xafac718b, L:/127.0.0.1:49979 - R:localhost/127.0.0.1:8082] Channel cleaned, now 34 active connections and 31 inactive connections
20:29:41.118 [reactor-http-nio-12] DEBUG reactor.netty.http.client.HttpClientOperations - [id: 0xfe38bb55, L:/127.0.0.1:49938 - R:localhost/127.0.0.1:8082] Received response (auto-read:false) : [Content-Type=application/json, Transfer-Encoding=chunked, Date=Tue, 29 Jun 2021 14:59:40 GMT]
20:29:41.118 [reactor-http-nio-12] DEBUG reactor.netty.resources.PooledConnectionProvider - [id: 0xfe38bb55, L:/127.0.0.1:49938 - R:localhost/127.0.0.1:8082] onStateChange(GET{uri=/getAttractionRewardPoints?attractionId=c2f1a75a-b68e-4a19-9f3f-7d6cf41b00c9&userId=794250c4-bc62-49e9-a642-b4ecc74a179a, connection=PooledConnection{channel=[id: 0xfe38bb55, L:/127.0.0.1:49938 - R:localhost/127.0.0.1:8082]}}, [response_received])
20:29:41.118 [reactor-http-nio-12] DEBUG org.springframework.web.reactive.function.client.ExchangeFunctions - [3a51188d] Response 200 OK
20:29:41.119 [reactor-http-nio-12] DEBUG reactor.netty.channel.FluxReceive - [id: 0xfe38bb55, L:/127.0.0.1:49938 - R:localhost/127.0.0.1:8082] Subscribing inbound receiver [pending: 0, cancelled:false, inboundDone: false]
20:29:41.119 [pool-14-thread-1] DEBUG org.springframework.web.reactive.function.client.ExchangeFunctions - [539d1839] HTTP GET http://localhost:8081/getUserLocation?userId=794250c4-bc62-49e9-a642-b4ecc74a179a
20:29:41.119 [reactor-http-nio-12] DEBUG reactor.netty.http.client.HttpClientOperations - [id: 0xfe38bb55, L:/127.0.0.1:49938 - R:localhost/127.0.0.1:8082] Received last HTTP packet
20:29:41.119 [reactor-http-nio-2] DEBUG reactor.netty.resources.PooledConnectionProvider - [id: 0xbbc840e5, L:/127.0.0.1:49882 - R:localhost/127.0.0.1:8081] Channel acquired, now 1 active connections and 64 inactive connections
20:29:41.119 [reactor-http-nio-12] DEBUG org.springframework.core.codec.StringDecoder - [3a51188d] Decoded "527"
20:29:41.119 [reactor-http-nio-12] DEBUG reactor.netty.resources.PooledConnectionProvider - [id: 0xfe38bb55, L:/127.0.0.1:49938 - R:localhost/127.0.0.1:8082] onStateChange(GET{uri=/getAttractionRewardPoints?attractionId=c2f1a75a-b68e-4a19-9f3f-7d6cf41b00c9&userId=794250c4-bc62-49e9-a642-b4ecc74a179a, connection=PooledConnection{channel=[id: 0xfe38bb55, L:/127.0.0.1:49938 - R:localhost/127.0.0.1:8082]}}, [disconnecting])
20:29:41.119 [reactor-http-nio-2] DEBUG reactor.netty.http.client.HttpClientConnect - [id: 0xbbc840e5, L:/127.0.0.1:49882 - R:localhost/127.0.0.1:8081] Handler is being applied: {uri=http://localhost:8081/getUserLocation?userId=794250c4-bc62-49e9-a642-b4ecc74a179a, method=GET}
20:29:41.119 [reactor-http-nio-12] DEBUG reactor.netty.resources.PooledConnectionProvider - [id: 0xfe38bb55, L:/127.0.0.1:49938 - R:localhost/127.0.0.1:8082] Releasing channel
20:29:41.119 [reactor-http-nio-12] DEBUG reactor.netty.resources.PooledConnectionProvider - [id: 0xfe38bb55, L:/127.0.0.1:49938 - R:localhost/127.0.0.1:8082] Channel cleaned, now 33 active connections and 32 inactive connections
20:29:41.119 [reactor-http-nio-2] DEBUG reactor.netty.resources.PooledConnectionProvider - [id: 0xbbc840e5, L:/127.0.0.1:49882 - R:localhost/127.0.0.1:8081] onStateChange(GET{uri=/getUserLocation?userId=794250c4-bc62-49e9-a642-b4ecc74a179a, connection=PooledConnection{channel=[id: 0xbbc840e5, L:/127.0.0.1:49882 - R:localhost/127.0.0.1:8081]}}, [request_sent])
20:29:41.126 [reactor-http-nio-13] DEBUG reactor.netty.http.client.HttpClientOperations - [id: 0xaeb92e55, L:/127.0.0.1:49970 - R:localhost/127.0.0.1:8082] Received response (auto-read:false) : [Content-Type=application/json, Transfer-Encoding=chunked, Date=Tue, 29 Jun 2021 14:59:40 GMT]
20:29:41.126 [reactor-http-nio-13] DEBUG reactor.netty.resources.PooledConnectionProvider - [id: 0xaeb92e55, L:/127.0.0.1:49970 - R:localhost/127.0.0.1:8082] onStateChange(GET{uri=/getAttractionRewardPoints?attractionId=93357b33-78e4-4b86-be00-18d8eaabccd7&userId=2f81ebbf-c104-48a4-8366-04c2bf15363f, connection=PooledConnection{channel=[id: 0xaeb92e55, L:/127.0.0.1:49970 - R:localhost/127.0.0.1:8082]}}, [response_received])
20:29:41.126 [reactor-http-nio-13] DEBUG org.springframework.web.reactive.function.client.ExchangeFunctions - [12bf359b] Response 200 OK
20:29:41.126 [reactor-http-nio-13] DEBUG reactor.netty.channel.FluxReceive - [id: 0xaeb92e55, L:/127.0.0.1:49970 - R:localhost/127.0.0.1:8082] Subscribing inbound receiver [pending: 0, cancelled:false, inboundDone: false]
20:29:41.127 [reactor-http-nio-13] DEBUG reactor.netty.http.client.HttpClientOperations - [id: 0xaeb92e55, L:/127.0.0.1:49970 - R:localhost/127.0.0.1:8082] Received last HTTP packet
20:29:41.127 [reactor-http-nio-13] DEBUG org.springframework.core.codec.StringDecoder - [12bf359b] Decoded "476"
20:29:41.127 [reactor-http-nio-13] DEBUG reactor.netty.resources.PooledConnectionProvider - [id: 0xaeb92e55, L:/127.0.0.1:49970 - R:localhost/127.0.0.1:8082] onStateChange(GET{uri=/getAttractionRewardPoints?attractionId=93357b33-78e4-4b86-be00-18d8eaabccd7&userId=2f81ebbf-c104-48a4-8366-04c2bf15363f, connection=PooledConnection{channel=[id: 0xaeb92e55, L:/127.0.0.1:49970 - R:localhost/127.0.0.1:8082]}}, [disconnecting])
20:29:41.127 [reactor-http-nio-13] DEBUG reactor.netty.resources.PooledConnectionProvider - [id: 0xaeb92e55, L:/127.0.0.1:49970 - R:localhost/127.0.0.1:8082] Releasing channel
20:29:41.127 [reactor-http-nio-13] DEBUG reactor.netty.resources.PooledConnectionProvider - [id: 0xaeb92e55, L:/127.0.0.1:49970 - R:localhost/127.0.0.1:8082] Channel cleaned, now 32 active connections and 33 inactive connections
20:29:41.149 [reactor-http-nio-16] DEBUG reactor.netty.http.client.HttpClientOperations - [id: 0x79452d73, L:/127.0.0.1:49987 - R:localhost/127.0.0.1:8082] Received response (auto-read:false) : [Content-Type=application/json, Transfer-Encoding=chunked, Date=Tue, 29 Jun 2021 14:59:40 GMT]
20:29:41.149 [reactor-http-nio-16] DEBUG reactor.netty.resources.PooledConnectionProvider - [id: 0x79452d73, L:/127.0.0.1:49987 - R:localhost/127.0.0.1:8082] onStateChange(GET{uri=/getAttractionRewardPoints?attractionId=64d3b4f5-ac68-46b6-819d-1df41746e953&userId=3507f55a-c5b9-4d78-a3a3-453a4084f05e, connection=PooledConnection{channel=[id: 0x79452d73, L:/127.0.0.1:49987 - R:localhost/127.0.0.1:8082]}}, [response_received])
20:29:41.150 [reactor-http-nio-16] DEBUG org.springframework.web.reactive.function.client.ExchangeFunctions - [79e7c43b] Response 200 OK
20:29:41.150 [reactor-http-nio-16] DEBUG reactor.netty.channel.FluxReceive - [id: 0x79452d73, L:/127.0.0.1:49987 - R:localhost/127.0.0.1:8082] Subscribing inbound receiver [pending: 0, cancelled:false, inboundDone: false]
20:29:41.150 [reactor-http-nio-16] DEBUG reactor.netty.http.client.HttpClientOperations - [id: 0x79452d73, L:/127.0.0.1:49987 - R:localhost/127.0.0.1:8082] Received last HTTP packet
20:29:41.151 [reactor-http-nio-16] DEBUG org.springframework.core.codec.StringDecoder - [79e7c43b] Decoded "635"
20:29:41.151 [reactor-http-nio-16] DEBUG reactor.netty.resources.PooledConnectionProvider - [id: 0x79452d73, L:/127.0.0.1:49987 - R:localhost/127.0.0.1:8082] onStateChange(GET{uri=/getAttractionRewardPoints?attractionId=64d3b4f5-ac68-46b6-819d-1df41746e953&userId=3507f55a-c5b9-4d78-a3a3-453a4084f05e, connection=PooledConnection{channel=[id: 0x79452d73, L:/127.0.0.1:49987 - R:localhost/127.0.0.1:8082]}}, [disconnecting])
20:29:41.151 [reactor-http-nio-16] DEBUG reactor.netty.resources.PooledConnectionProvider - [id: 0x79452d73, L:/127.0.0.1:49987 - R:localhost/127.0.0.1:8082] Releasing channel
20:29:41.151 [reactor-http-nio-16] DEBUG reactor.netty.resources.PooledConnectionProvider - [id: 0x79452d73, L:/127.0.0.1:49987 - R:localhost/127.0.0.1:8082] Channel cleaned, now 31 active connections and 34 inactive connections
20:29:41.160 [reactor-http-nio-2] DEBUG reactor.netty.http.client.HttpClientOperations - [id: 0xbbc840e5, L:/127.0.0.1:49882 - R:localhost/127.0.0.1:8081] Received response (auto-read:false) : [Content-Type=application/json, Transfer-Encoding=chunked, Date=Tue, 29 Jun 2021 14:59:40 GMT]
20:29:41.160 [reactor-http-nio-2] DEBUG reactor.netty.resources.PooledConnectionProvider - [id: 0xbbc840e5, L:/127.0.0.1:49882 - R:localhost/127.0.0.1:8081] onStateChange(GET{uri=/getUserLocation?userId=794250c4-bc62-49e9-a642-b4ecc74a179a, connection=PooledConnection{channel=[id: 0xbbc840e5, L:/127.0.0.1:49882 - R:localhost/127.0.0.1:8081]}}, [response_received])
20:29:41.161 [reactor-http-nio-2] DEBUG org.springframework.web.reactive.function.client.ExchangeFunctions - [539d1839] Response 200 OK
20:29:41.161 [reactor-http-nio-2] DEBUG reactor.netty.channel.FluxReceive - [id: 0xbbc840e5, L:/127.0.0.1:49882 - R:localhost/127.0.0.1:8081] Subscribing inbound receiver [pending: 0, cancelled:false, inboundDone: false]
20:29:41.161 [reactor-http-nio-2] DEBUG reactor.netty.http.client.HttpClientOperations - [id: 0xbbc840e5, L:/127.0.0.1:49882 - R:localhost/127.0.0.1:8081] Received last HTTP packet
20:29:41.161 [reactor-http-nio-2] DEBUG org.springframework.core.codec.StringDecoder - [539d1839] Decoded "{"userId":"794250c4-bc62-49e9-a642-b4ecc74a179a","location":{"longitude":150.285617,"latitude":-33. (truncated)...
20:29:41.161 [reactor-http-nio-2] DEBUG reactor.netty.resources.PooledConnectionProvider - [id: 0xbbc840e5, L:/127.0.0.1:49882 - R:localhost/127.0.0.1:8081] onStateChange(GET{uri=/getUserLocation?userId=794250c4-bc62-49e9-a642-b4ecc74a179a, connection=PooledConnection{channel=[id: 0xbbc840e5, L:/127.0.0.1:49882 - R:localhost/127.0.0.1:8081]}}, [disconnecting])
20:29:41.161 [reactor-http-nio-2] DEBUG reactor.netty.resources.PooledConnectionProvider - [id: 0xbbc840e5, L:/127.0.0.1:49882 - R:localhost/127.0.0.1:8081] Releasing channel
20:29:41.161 [reactor-http-nio-2] DEBUG reactor.netty.resources.PooledConnectionProvider - [id: 0xbbc840e5, L:/127.0.0.1:49882 - R:localhost/127.0.0.1:8081] Channel cleaned, now 0 active connections and 65 inactive connections
20:29:41.162 [pool-14-thread-1] DEBUG org.springframework.web.reactive.function.client.ExchangeFunctions - [70a605ab] HTTP GET http://localhost:8081/getAttractions
20:29:41.162 [reactor-http-nio-11] DEBUG reactor.netty.resources.PooledConnectionProvider - [id: 0xb9e4c7b3, L:/127.0.0.1:49933 - R:localhost/127.0.0.1:8081] Channel acquired, now 1 active connections and 64 inactive connections
20:29:41.163 [reactor-http-nio-11] DEBUG reactor.netty.http.client.HttpClientConnect - [id: 0xb9e4c7b3, L:/127.0.0.1:49933 - R:localhost/127.0.0.1:8081] Handler is being applied: {uri=http://localhost:8081/getAttractions, method=GET}
20:29:41.163 [reactor-http-nio-11] DEBUG reactor.netty.resources.PooledConnectionProvider - [id: 0xb9e4c7b3, L:/127.0.0.1:49933 - R:localhost/127.0.0.1:8081] onStateChange(GET{uri=/getAttractions, connection=PooledConnection{channel=[id: 0xb9e4c7b3, L:/127.0.0.1:49933 - R:localhost/127.0.0.1:8081]}}, [request_sent])
20:29:41.166 [reactor-http-nio-15] DEBUG reactor.netty.http.client.HttpClientOperations - [id: 0xcbdafd8d, L:/127.0.0.1:49963 - R:localhost/127.0.0.1:8082] Received response (auto-read:false) : [Content-Type=application/json, Transfer-Encoding=chunked, Date=Tue, 29 Jun 2021 14:59:40 GMT]
20:29:41.166 [reactor-http-nio-15] DEBUG reactor.netty.resources.PooledConnectionProvider - [id: 0xcbdafd8d, L:/127.0.0.1:49963 - R:localhost/127.0.0.1:8082] onStateChange(GET{uri=/getAttractionRewardPoints?attractionId=ddd0c8d7-13c9-47d1-be40-d5e9ed37e7d4&userId=9492f45f-56e7-4163-bc2d-75b896cd03d5, connection=PooledConnection{channel=[id: 0xcbdafd8d, L:/127.0.0.1:49963 - R:localhost/127.0.0.1:8082]}}, [response_received])
20:29:41.166 [reactor-http-nio-15] DEBUG org.springframework.web.reactive.function.client.ExchangeFunctions - [279bd695] Response 200 OK
20:29:41.166 [reactor-http-nio-15] DEBUG reactor.netty.channel.FluxReceive - [id: 0xcbdafd8d, L:/127.0.0.1:49963 - R:localhost/127.0.0.1:8082] Subscribing inbound receiver [pending: 0, cancelled:false, inboundDone: false]
20:29:41.166 [reactor-http-nio-15] DEBUG reactor.netty.http.client.HttpClientOperations - [id: 0xcbdafd8d, L:/127.0.0.1:49963 - R:localhost/127.0.0.1:8082] Received last HTTP packet
20:29:41.166 [reactor-http-nio-15] DEBUG org.springframework.core.codec.StringDecoder - [279bd695] Decoded "82"
20:29:41.166 [reactor-http-nio-15] DEBUG reactor.netty.resources.PooledConnectionProvider - [id: 0xcbdafd8d, L:/127.0.0.1:49963 - R:localhost/127.0.0.1:8082] onStateChange(GET{uri=/getAttractionRewardPoints?attractionId=ddd0c8d7-13c9-47d1-be40-d5e9ed37e7d4&userId=9492f45f-56e7-4163-bc2d-75b896cd03d5, connection=PooledConnection{channel=[id: 0xcbdafd8d, L:/127.0.0.1:49963 - R:localhost/127.0.0.1:8082]}}, [disconnecting])
20:29:41.166 [reactor-http-nio-15] DEBUG reactor.netty.resources.PooledConnectionProvider - [id: 0xcbdafd8d, L:/127.0.0.1:49963 - R:localhost/127.0.0.1:8082] Releasing channel
20:29:41.166 [reactor-http-nio-15] DEBUG reactor.netty.resources.PooledConnectionProvider - [id: 0xcbdafd8d, L:/127.0.0.1:49963 - R:localhost/127.0.0.1:8082] Channel cleaned, now 30 active connections and 35 inactive connections
20:29:41.175 [reactor-http-nio-11] DEBUG reactor.netty.http.client.HttpClientOperations - [id: 0xb9e4c7b3, L:/127.0.0.1:49933 - R:localhost/127.0.0.1:8081] Received response (auto-read:false) : [Content-Type=application/json, Transfer-Encoding=chunked, Date=Tue, 29 Jun 2021 14:59:40 GMT]
20:29:41.175 [reactor-http-nio-11] DEBUG reactor.netty.resources.PooledConnectionProvider - [id: 0xb9e4c7b3, L:/127.0.0.1:49933 - R:localhost/127.0.0.1:8081] onStateChange(GET{uri=/getAttractions, connection=PooledConnection{channel=[id: 0xb9e4c7b3, L:/127.0.0.1:49933 - R:localhost/127.0.0.1:8081]}}, [response_received])
20:29:41.176 [reactor-http-nio-11] DEBUG org.springframework.web.reactive.function.client.ExchangeFunctions - [70a605ab] Response 200 OK
20:29:41.177 [reactor-http-nio-11] DEBUG reactor.netty.channel.FluxReceive - [id: 0xb9e4c7b3, L:/127.0.0.1:49933 - R:localhost/127.0.0.1:8081] Subscribing inbound receiver [pending: 0, cancelled:false, inboundDone: false]
20:29:41.177 [reactor-http-nio-11] DEBUG reactor.netty.http.client.HttpClientOperations - [id: 0xb9e4c7b3, L:/127.0.0.1:49933 - R:localhost/127.0.0.1:8081] Received last HTTP packet
20:29:41.178 [reactor-http-nio-11] DEBUG org.springframework.core.codec.StringDecoder - [70a605ab] Decoded "[{"longitude":-117.922008,"latitude":33.817595,"attractionName":"Disneyland","city":"Anaheim","stat (truncated)...
20:29:41.178 [reactor-http-nio-11] DEBUG reactor.netty.resources.PooledConnectionProvider - [id: 0xb9e4c7b3, L:/127.0.0.1:49933 - R:localhost/127.0.0.1:8081] onStateChange(GET{uri=/getAttractions, connection=PooledConnection{channel=[id: 0xb9e4c7b3, L:/127.0.0.1:49933 - R:localhost/127.0.0.1:8081]}}, [disconnecting])
20:29:41.178 [reactor-http-nio-11] DEBUG reactor.netty.resources.PooledConnectionProvider - [id: 0xb9e4c7b3, L:/127.0.0.1:49933 - R:localhost/127.0.0.1:8081] Releasing channel
20:29:41.178 [reactor-http-nio-11] DEBUG reactor.netty.resources.PooledConnectionProvider - [id: 0xb9e4c7b3, L:/127.0.0.1:49933 - R:localhost/127.0.0.1:8081] Channel cleaned, now 0 active connections and 65 inactive connections
20:29:41.179 [reactor-http-nio-11] DEBUG reactor.netty.http.client.HttpClientOperations - [id: 0x49d0e115, L:/127.0.0.1:49984 - R:localhost/127.0.0.1:8082] Received response (auto-read:false) : [Content-Type=application/json, Transfer-Encoding=chunked, Date=Tue, 29 Jun 2021 14:59:40 GMT]
20:29:41.179 [reactor-http-nio-11] DEBUG reactor.netty.resources.PooledConnectionProvider - [id: 0x49d0e115, L:/127.0.0.1:49984 - R:localhost/127.0.0.1:8082] onStateChange(GET{uri=/getAttractionRewardPoints?attractionId=bdc44b7a-f200-4f38-8a94-79ef9a946dea&userId=b0d32209-67d8-4c40-8aef-65b0488b6711, connection=PooledConnection{channel=[id: 0x49d0e115, L:/127.0.0.1:49984 - R:localhost/127.0.0.1:8082]}}, [response_received])
20:29:41.180 [reactor-http-nio-11] DEBUG org.springframework.web.reactive.function.client.ExchangeFunctions - [285b74ef] Response 200 OK
20:29:41.180 [reactor-http-nio-11] DEBUG reactor.netty.channel.FluxReceive - [id: 0x49d0e115, L:/127.0.0.1:49984 - R:localhost/127.0.0.1:8082] Subscribing inbound receiver [pending: 0, cancelled:false, inboundDone: false]
20:29:41.180 [reactor-http-nio-11] DEBUG reactor.netty.http.client.HttpClientOperations - [id: 0x49d0e115, L:/127.0.0.1:49984 - R:localhost/127.0.0.1:8082] Received last HTTP packet
20:29:41.181 [reactor-http-nio-11] DEBUG org.springframework.core.codec.StringDecoder - [285b74ef] Decoded "783"
20:29:41.181 [reactor-http-nio-11] DEBUG reactor.netty.resources.PooledConnectionProvider - [id: 0x49d0e115, L:/127.0.0.1:49984 - R:localhost/127.0.0.1:8082] onStateChange(GET{uri=/getAttractionRewardPoints?attractionId=bdc44b7a-f200-4f38-8a94-79ef9a946dea&userId=b0d32209-67d8-4c40-8aef-65b0488b6711, connection=PooledConnection{channel=[id: 0x49d0e115, L:/127.0.0.1:49984 - R:localhost/127.0.0.1:8082]}}, [disconnecting])
20:29:41.181 [reactor-http-nio-11] DEBUG reactor.netty.resources.PooledConnectionProvider - [id: 0x49d0e115, L:/127.0.0.1:49984 - R:localhost/127.0.0.1:8082] Releasing channel
20:29:41.181 [pool-14-thread-1] DEBUG org.springframework.web.reactive.function.client.ExchangeFunctions - [620429bf] HTTP GET http://localhost:8081/getUserLocation?userId=6d88f4f0-cfee-463c-9418-c2cc5b2d995a
20:29:41.181 [reactor-http-nio-11] DEBUG reactor.netty.resources.PooledConnectionProvider - [id: 0x49d0e115, L:/127.0.0.1:49984 - R:localhost/127.0.0.1:8082] Channel cleaned, now 29 active connections and 36 inactive connections
20:29:41.181 [reactor-http-nio-14] DEBUG reactor.netty.resources.PooledConnectionProvider - [id: 0x0b723f2b, L:/127.0.0.1:49877 - R:localhost/127.0.0.1:8081] Channel acquired, now 1 active connections and 64 inactive connections
20:29:41.181 [reactor-http-nio-14] DEBUG reactor.netty.http.client.HttpClientConnect - [id: 0x0b723f2b, L:/127.0.0.1:49877 - R:localhost/127.0.0.1:8081] Handler is being applied: {uri=http://localhost:8081/getUserLocation?userId=6d88f4f0-cfee-463c-9418-c2cc5b2d995a, method=GET}
20:29:41.182 [reactor-http-nio-14] DEBUG reactor.netty.resources.PooledConnectionProvider - [id: 0x0b723f2b, L:/127.0.0.1:49877 - R:localhost/127.0.0.1:8081] onStateChange(GET{uri=/getUserLocation?userId=6d88f4f0-cfee-463c-9418-c2cc5b2d995a, connection=PooledConnection{channel=[id: 0x0b723f2b, L:/127.0.0.1:49877 - R:localhost/127.0.0.1:8081]}}, [request_sent])
20:29:41.185 [reactor-http-nio-15] DEBUG reactor.netty.http.client.HttpClientOperations - [id: 0xac13e584, L:/127.0.0.1:49937 - R:localhost/127.0.0.1:8082] Received response (auto-read:false) : [Content-Type=application/json, Transfer-Encoding=chunked, Date=Tue, 29 Jun 2021 14:59:40 GMT]
20:29:41.185 [reactor-http-nio-15] DEBUG reactor.netty.resources.PooledConnectionProvider - [id: 0xac13e584, L:/127.0.0.1:49937 - R:localhost/127.0.0.1:8082] onStateChange(GET{uri=/getAttractionRewardPoints?attractionId=00e72116-1bb5-48f6-98fd-a3835f45bf3f&userId=75b4607e-7ba6-4a81-b8b8-2de9dc32fb2c, connection=PooledConnection{channel=[id: 0xac13e584, L:/127.0.0.1:49937 - R:localhost/127.0.0.1:8082]}}, [response_received])
20:29:41.185 [reactor-http-nio-15] DEBUG org.springframework.web.reactive.function.client.ExchangeFunctions - [3c276478] Response 200 OK
20:29:41.186 [reactor-http-nio-15] DEBUG reactor.netty.channel.FluxReceive - [id: 0xac13e584, L:/127.0.0.1:49937 - R:localhost/127.0.0.1:8082] Subscribing inbound receiver [pending: 0, cancelled:false, inboundDone: false]
20:29:41.186 [reactor-http-nio-15] DEBUG reactor.netty.http.client.HttpClientOperations - [id: 0xb886dbd8, L:/127.0.0.1:49994 - R:localhost/127.0.0.1:8082] Received response (auto-read:false) : [Content-Type=application/json, Transfer-Encoding=chunked, Date=Tue, 29 Jun 2021 14:59:40 GMT]
20:29:41.186 [reactor-http-nio-15] DEBUG reactor.netty.resources.PooledConnectionProvider - [id: 0xb886dbd8, L:/127.0.0.1:49994 - R:localhost/127.0.0.1:8082] onStateChange(GET{uri=/getAttractionRewardPoints?attractionId=42946cd3-1432-4987-a13b-124235278808&userId=55894bd5-c373-4d26-b585-275e15b8f379, connection=PooledConnection{channel=[id: 0xb886dbd8, L:/127.0.0.1:49994 - R:localhost/127.0.0.1:8082]}}, [response_received])
20:29:41.186 [reactor-http-nio-15] DEBUG org.springframework.web.reactive.function.client.ExchangeFunctions - [1e826901] Response 200 OK
20:29:41.187 [reactor-http-nio-15] DEBUG reactor.netty.channel.FluxReceive - [id: 0xb886dbd8, L:/127.0.0.1:49994 - R:localhost/127.0.0.1:8082] Subscribing inbound receiver [pending: 0, cancelled:false, inboundDone: false]
20:29:41.187 [reactor-http-nio-15] DEBUG reactor.netty.http.client.HttpClientOperations - [id: 0xb886dbd8, L:/127.0.0.1:49994 - R:localhost/127.0.0.1:8082] Received last HTTP packet
20:29:41.187 [reactor-http-nio-15] DEBUG org.springframework.core.codec.StringDecoder - [1e826901] Decoded "958"
20:29:41.187 [reactor-http-nio-15] DEBUG reactor.netty.resources.PooledConnectionProvider - [id: 0xb886dbd8, L:/127.0.0.1:49994 - R:localhost/127.0.0.1:8082] onStateChange(GET{uri=/getAttractionRewardPoints?attractionId=42946cd3-1432-4987-a13b-124235278808&userId=55894bd5-c373-4d26-b585-275e15b8f379, connection=PooledConnection{channel=[id: 0xb886dbd8, L:/127.0.0.1:49994 - R:localhost/127.0.0.1:8082]}}, [disconnecting])
20:29:41.187 [reactor-http-nio-15] DEBUG reactor.netty.resources.PooledConnectionProvider - [id: 0xb886dbd8, L:/127.0.0.1:49994 - R:localhost/127.0.0.1:8082] Releasing channel
20:29:41.188 [reactor-http-nio-15] DEBUG reactor.netty.resources.PooledConnectionProvider - [id: 0xb886dbd8, L:/127.0.0.1:49994 - R:localhost/127.0.0.1:8082] Channel cleaned, now 28 active connections and 37 inactive connections
20:29:41.188 [reactor-http-nio-15] DEBUG reactor.netty.http.client.HttpClientOperations - [id: 0xac13e584, L:/127.0.0.1:49937 - R:localhost/127.0.0.1:8082] Received last HTTP packet
20:29:41.188 [reactor-http-nio-15] DEBUG org.springframework.core.codec.StringDecoder - [3c276478] Decoded "86"
20:29:41.188 [reactor-http-nio-15] DEBUG reactor.netty.resources.PooledConnectionProvider - [id: 0xac13e584, L:/127.0.0.1:49937 - R:localhost/127.0.0.1:8082] onStateChange(GET{uri=/getAttractionRewardPoints?attractionId=00e72116-1bb5-48f6-98fd-a3835f45bf3f&userId=75b4607e-7ba6-4a81-b8b8-2de9dc32fb2c, connection=PooledConnection{channel=[id: 0xac13e584, L:/127.0.0.1:49937 - R:localhost/127.0.0.1:8082]}}, [disconnecting])
20:29:41.188 [reactor-http-nio-15] DEBUG reactor.netty.resources.PooledConnectionProvider - [id: 0xac13e584, L:/127.0.0.1:49937 - R:localhost/127.0.0.1:8082] Releasing channel
20:29:41.188 [reactor-http-nio-15] DEBUG reactor.netty.resources.PooledConnectionProvider - [id: 0xac13e584, L:/127.0.0.1:49937 - R:localhost/127.0.0.1:8082] Channel cleaned, now 27 active connections and 38 inactive connections
20:29:41.192 [reactor-http-nio-15] DEBUG reactor.netty.http.client.HttpClientOperations - [id: 0x3457a508, L:/127.0.0.1:49966 - R:localhost/127.0.0.1:8082] Received response (auto-read:false) : [Content-Type=application/json, Transfer-Encoding=chunked, Date=Tue, 29 Jun 2021 14:59:40 GMT]
20:29:41.192 [reactor-http-nio-15] DEBUG reactor.netty.resources.PooledConnectionProvider - [id: 0x3457a508, L:/127.0.0.1:49966 - R:localhost/127.0.0.1:8082] onStateChange(GET{uri=/getAttractionRewardPoints?attractionId=76145cb0-639c-4ccd-9dc5-ccbdd16e7166&userId=1cbc741b-4901-40d2-a469-57508076f79d, connection=PooledConnection{channel=[id: 0x3457a508, L:/127.0.0.1:49966 - R:localhost/127.0.0.1:8082]}}, [response_received])
20:29:41.192 [reactor-http-nio-15] DEBUG org.springframework.web.reactive.function.client.ExchangeFunctions - [707fe43a] Response 200 OK
20:29:41.193 [reactor-http-nio-15] DEBUG reactor.netty.channel.FluxReceive - [id: 0x3457a508, L:/127.0.0.1:49966 - R:localhost/127.0.0.1:8082] Subscribing inbound receiver [pending: 0, cancelled:false, inboundDone: false]
20:29:41.193 [reactor-http-nio-15] DEBUG reactor.netty.http.client.HttpClientOperations - [id: 0x3457a508, L:/127.0.0.1:49966 - R:localhost/127.0.0.1:8082] Received last HTTP packet
20:29:41.193 [reactor-http-nio-15] DEBUG org.springframework.core.codec.StringDecoder - [707fe43a] Decoded "164"
20:29:41.194 [reactor-http-nio-15] DEBUG reactor.netty.resources.PooledConnectionProvider - [id: 0x3457a508, L:/127.0.0.1:49966 - R:localhost/127.0.0.1:8082] onStateChange(GET{uri=/getAttractionRewardPoints?attractionId=76145cb0-639c-4ccd-9dc5-ccbdd16e7166&userId=1cbc741b-4901-40d2-a469-57508076f79d, connection=PooledConnection{channel=[id: 0x3457a508, L:/127.0.0.1:49966 - R:localhost/127.0.0.1:8082]}}, [disconnecting])
20:29:41.194 [reactor-http-nio-15] DEBUG reactor.netty.resources.PooledConnectionProvider - [id: 0x3457a508, L:/127.0.0.1:49966 - R:localhost/127.0.0.1:8082] Releasing channel
20:29:41.194 [reactor-http-nio-15] DEBUG reactor.netty.resources.PooledConnectionProvider - [id: 0x3457a508, L:/127.0.0.1:49966 - R:localhost/127.0.0.1:8082] Channel cleaned, now 26 active connections and 39 inactive connections
20:29:41.199 [reactor-http-nio-13] DEBUG reactor.netty.http.client.HttpClientOperations - [id: 0xf2b4090b, L:/127.0.0.1:49973 - R:localhost/127.0.0.1:8082] Received response (auto-read:false) : [Content-Type=application/json, Transfer-Encoding=chunked, Date=Tue, 29 Jun 2021 14:59:40 GMT]
20:29:41.199 [reactor-http-nio-13] DEBUG reactor.netty.resources.PooledConnectionProvider - [id: 0xf2b4090b, L:/127.0.0.1:49973 - R:localhost/127.0.0.1:8082] onStateChange(GET{uri=/getAttractionRewardPoints?attractionId=05d2a7f3-7d1e-46e0-bd3a-92957d39ab97&userId=ee3c2a23-2f37-400c-bde0-eea626a7664a, connection=PooledConnection{channel=[id: 0xf2b4090b, L:/127.0.0.1:49973 - R:localhost/127.0.0.1:8082]}}, [response_received])
20:29:41.199 [reactor-http-nio-13] DEBUG org.springframework.web.reactive.function.client.ExchangeFunctions - [2c6e5eb6] Response 200 OK
20:29:41.200 [reactor-http-nio-13] DEBUG reactor.netty.channel.FluxReceive - [id: 0xf2b4090b, L:/127.0.0.1:49973 - R:localhost/127.0.0.1:8082] Subscribing inbound receiver [pending: 0, cancelled:false, inboundDone: false]
20:29:41.200 [reactor-http-nio-13] DEBUG reactor.netty.http.client.HttpClientOperations - [id: 0xf2b4090b, L:/127.0.0.1:49973 - R:localhost/127.0.0.1:8082] Received last HTTP packet
20:29:41.200 [reactor-http-nio-13] DEBUG org.springframework.core.codec.StringDecoder - [2c6e5eb6] Decoded "400"
20:29:41.200 [reactor-http-nio-13] DEBUG reactor.netty.resources.PooledConnectionProvider - [id: 0xf2b4090b, L:/127.0.0.1:49973 - R:localhost/127.0.0.1:8082] onStateChange(GET{uri=/getAttractionRewardPoints?attractionId=05d2a7f3-7d1e-46e0-bd3a-92957d39ab97&userId=ee3c2a23-2f37-400c-bde0-eea626a7664a, connection=PooledConnection{channel=[id: 0xf2b4090b, L:/127.0.0.1:49973 - R:localhost/127.0.0.1:8082]}}, [disconnecting])
20:29:41.200 [reactor-http-nio-13] DEBUG reactor.netty.resources.PooledConnectionProvider - [id: 0xf2b4090b, L:/127.0.0.1:49973 - R:localhost/127.0.0.1:8082] Releasing channel
20:29:41.200 [reactor-http-nio-13] DEBUG reactor.netty.resources.PooledConnectionProvider - [id: 0xf2b4090b, L:/127.0.0.1:49973 - R:localhost/127.0.0.1:8082] Channel cleaned, now 25 active connections and 40 inactive connections
20:29:41.203 [reactor-http-nio-11] DEBUG reactor.netty.http.client.HttpClientOperations - [id: 0x8c5398f6, L:/127.0.0.1:49943 - R:localhost/127.0.0.1:8082] Received response (auto-read:false) : [Content-Type=application/json, Transfer-Encoding=chunked, Date=Tue, 29 Jun 2021 14:59:40 GMT]
20:29:41.203 [reactor-http-nio-11] DEBUG reactor.netty.resources.PooledConnectionProvider - [id: 0x8c5398f6, L:/127.0.0.1:49943 - R:localhost/127.0.0.1:8082] onStateChange(GET{uri=/getAttractionRewardPoints?attractionId=35b719f3-2d89-442c-a454-645e6b7f2cd6&userId=ee77715f-2d1e-4fac-ba22-66cc2f4ad1ed, connection=PooledConnection{channel=[id: 0x8c5398f6, L:/127.0.0.1:49943 - R:localhost/127.0.0.1:8082]}}, [response_received])
20:29:41.203 [reactor-http-nio-11] DEBUG org.springframework.web.reactive.function.client.ExchangeFunctions - [4e7585df] Response 200 OK
20:29:41.203 [reactor-http-nio-11] DEBUG reactor.netty.channel.FluxReceive - [id: 0x8c5398f6, L:/127.0.0.1:49943 - R:localhost/127.0.0.1:8082] Subscribing inbound receiver [pending: 0, cancelled:false, inboundDone: false]
20:29:41.204 [reactor-http-nio-11] DEBUG reactor.netty.http.client.HttpClientOperations - [id: 0x7b03b842, L:/127.0.0.1:49982 - R:localhost/127.0.0.1:8082] Received response (auto-read:false) : [Content-Type=application/json, Transfer-Encoding=chunked, Date=Tue, 29 Jun 2021 14:59:40 GMT]
20:29:41.204 [reactor-http-nio-11] DEBUG reactor.netty.resources.PooledConnectionProvider - [id: 0x7b03b842, L:/127.0.0.1:49982 - R:localhost/127.0.0.1:8082] onStateChange(GET{uri=/getAttractionRewardPoints?attractionId=4213f3c3-29da-4622-a3b3-b73f975afc7a&userId=25094c19-9d80-4cbd-be4f-a99758025bf2, connection=PooledConnection{channel=[id: 0x7b03b842, L:/127.0.0.1:49982 - R:localhost/127.0.0.1:8082]}}, [response_received])
20:29:41.204 [reactor-http-nio-11] DEBUG org.springframework.web.reactive.function.client.ExchangeFunctions - [7df4f5a0] Response 200 OK
20:29:41.204 [reactor-http-nio-11] DEBUG reactor.netty.channel.FluxReceive - [id: 0x7b03b842, L:/127.0.0.1:49982 - R:localhost/127.0.0.1:8082] Subscribing inbound receiver [pending: 0, cancelled:false, inboundDone: false]
20:29:41.204 [reactor-http-nio-11] DEBUG reactor.netty.http.client.HttpClientOperations - [id: 0x7b03b842, L:/127.0.0.1:49982 - R:localhost/127.0.0.1:8082] Received last HTTP packet
20:29:41.204 [reactor-http-nio-11] DEBUG org.springframework.core.codec.StringDecoder - [7df4f5a0] Decoded "698"
20:29:41.204 [reactor-http-nio-11] DEBUG reactor.netty.resources.PooledConnectionProvider - [id: 0x7b03b842, L:/127.0.0.1:49982 - R:localhost/127.0.0.1:8082] onStateChange(GET{uri=/getAttractionRewardPoints?attractionId=4213f3c3-29da-4622-a3b3-b73f975afc7a&userId=25094c19-9d80-4cbd-be4f-a99758025bf2, connection=PooledConnection{channel=[id: 0x7b03b842, L:/127.0.0.1:49982 - R:localhost/127.0.0.1:8082]}}, [disconnecting])
20:29:41.204 [reactor-http-nio-11] DEBUG reactor.netty.resources.PooledConnectionProvider - [id: 0x7b03b842, L:/127.0.0.1:49982 - R:localhost/127.0.0.1:8082] Releasing channel
20:29:41.204 [reactor-http-nio-11] DEBUG reactor.netty.resources.PooledConnectionProvider - [id: 0x7b03b842, L:/127.0.0.1:49982 - R:localhost/127.0.0.1:8082] Channel cleaned, now 24 active connections and 41 inactive connections
20:29:41.205 [reactor-http-nio-11] DEBUG reactor.netty.http.client.HttpClientOperations - [id: 0x8c5398f6, L:/127.0.0.1:49943 - R:localhost/127.0.0.1:8082] Received last HTTP packet
20:29:41.205 [reactor-http-nio-11] DEBUG org.springframework.core.codec.StringDecoder - [4e7585df] Decoded "819"
20:29:41.205 [reactor-http-nio-11] DEBUG reactor.netty.resources.PooledConnectionProvider - [id: 0x8c5398f6, L:/127.0.0.1:49943 - R:localhost/127.0.0.1:8082] onStateChange(GET{uri=/getAttractionRewardPoints?attractionId=35b719f3-2d89-442c-a454-645e6b7f2cd6&userId=ee77715f-2d1e-4fac-ba22-66cc2f4ad1ed, connection=PooledConnection{channel=[id: 0x8c5398f6, L:/127.0.0.1:49943 - R:localhost/127.0.0.1:8082]}}, [disconnecting])
20:29:41.205 [reactor-http-nio-11] DEBUG reactor.netty.resources.PooledConnectionProvider - [id: 0x8c5398f6, L:/127.0.0.1:49943 - R:localhost/127.0.0.1:8082] Releasing channel
20:29:41.205 [reactor-http-nio-11] DEBUG reactor.netty.resources.PooledConnectionProvider - [id: 0x8c5398f6, L:/127.0.0.1:49943 - R:localhost/127.0.0.1:8082] Channel cleaned, now 23 active connections and 42 inactive connections
20:29:41.209 [reactor-http-nio-16] DEBUG reactor.netty.http.client.HttpClientOperations - [id: 0xb6047605, L:/127.0.0.1:49981 - R:localhost/127.0.0.1:8082] Received response (auto-read:false) : [Content-Type=application/json, Transfer-Encoding=chunked, Date=Tue, 29 Jun 2021 14:59:40 GMT]
20:29:41.209 [reactor-http-nio-16] DEBUG reactor.netty.resources.PooledConnectionProvider - [id: 0xb6047605, L:/127.0.0.1:49981 - R:localhost/127.0.0.1:8082] onStateChange(GET{uri=/getAttractionRewardPoints?attractionId=ce34cd21-87b6-4a35-9fa8-a8fb9cdd7b81&userId=d6b0c146-18d4-4659-bc73-c715278ef48c, connection=PooledConnection{channel=[id: 0xb6047605, L:/127.0.0.1:49981 - R:localhost/127.0.0.1:8082]}}, [response_received])
20:29:41.209 [reactor-http-nio-16] DEBUG org.springframework.web.reactive.function.client.ExchangeFunctions - [54b0e030] Response 200 OK
20:29:41.209 [reactor-http-nio-16] DEBUG reactor.netty.channel.FluxReceive - [id: 0xb6047605, L:/127.0.0.1:49981 - R:localhost/127.0.0.1:8082] Subscribing inbound receiver [pending: 0, cancelled:false, inboundDone: false]
20:29:41.210 [reactor-http-nio-16] DEBUG reactor.netty.http.client.HttpClientOperations - [id: 0xb6047605, L:/127.0.0.1:49981 - R:localhost/127.0.0.1:8082] Received last HTTP packet
20:29:41.210 [reactor-http-nio-16] DEBUG org.springframework.core.codec.StringDecoder - [54b0e030] Decoded "293"
20:29:41.210 [reactor-http-nio-16] DEBUG reactor.netty.resources.PooledConnectionProvider - [id: 0xb6047605, L:/127.0.0.1:49981 - R:localhost/127.0.0.1:8082] onStateChange(GET{uri=/getAttractionRewardPoints?attractionId=ce34cd21-87b6-4a35-9fa8-a8fb9cdd7b81&userId=d6b0c146-18d4-4659-bc73-c715278ef48c, connection=PooledConnection{channel=[id: 0xb6047605, L:/127.0.0.1:49981 - R:localhost/127.0.0.1:8082]}}, [disconnecting])
20:29:41.210 [reactor-http-nio-16] DEBUG reactor.netty.resources.PooledConnectionProvider - [id: 0xb6047605, L:/127.0.0.1:49981 - R:localhost/127.0.0.1:8082] Releasing channel
20:29:41.210 [reactor-http-nio-16] DEBUG reactor.netty.resources.PooledConnectionProvider - [id: 0xb6047605, L:/127.0.0.1:49981 - R:localhost/127.0.0.1:8082] Channel cleaned, now 22 active connections and 43 inactive connections
20:29:41.216 [reactor-http-nio-11] DEBUG reactor.netty.http.client.HttpClientOperations - [id: 0xbb78fa67, L:/127.0.0.1:49942 - R:localhost/127.0.0.1:8082] Received response (auto-read:false) : [Content-Type=application/json, Transfer-Encoding=chunked, Date=Tue, 29 Jun 2021 14:59:40 GMT]
20:29:41.216 [reactor-http-nio-16] DEBUG reactor.netty.http.client.HttpClientOperations - [id: 0xc5639ab4, L:/127.0.0.1:49959 - R:localhost/127.0.0.1:8082] Received response (auto-read:false) : [Content-Type=application/json, Transfer-Encoding=chunked, Date=Tue, 29 Jun 2021 14:59:40 GMT]
20:29:41.216 [reactor-http-nio-11] DEBUG reactor.netty.resources.PooledConnectionProvider - [id: 0xbb78fa67, L:/127.0.0.1:49942 - R:localhost/127.0.0.1:8082] onStateChange(GET{uri=/getAttractionRewardPoints?attractionId=693d7be2-70cb-4808-ad71-4021a1f46d68&userId=a9ad725e-dada-4366-ae57-bc92f85c1ef8, connection=PooledConnection{channel=[id: 0xbb78fa67, L:/127.0.0.1:49942 - R:localhost/127.0.0.1:8082]}}, [response_received])
20:29:41.216 [reactor-http-nio-16] DEBUG reactor.netty.resources.PooledConnectionProvider - [id: 0xc5639ab4, L:/127.0.0.1:49959 - R:localhost/127.0.0.1:8082] onStateChange(GET{uri=/getAttractionRewardPoints?attractionId=2d1dce36-858c-4ea7-8080-1b6bf6126eb9&userId=40cd76c2-6a5f-4e45-8ebd-d4ea5a9a6125, connection=PooledConnection{channel=[id: 0xc5639ab4, L:/127.0.0.1:49959 - R:localhost/127.0.0.1:8082]}}, [response_received])
20:29:41.216 [reactor-http-nio-16] DEBUG org.springframework.web.reactive.function.client.ExchangeFunctions - [2e8c4fc7] Response 200 OK
20:29:41.216 [reactor-http-nio-11] DEBUG org.springframework.web.reactive.function.client.ExchangeFunctions - [73e5ee8d] Response 200 OK
20:29:41.217 [reactor-http-nio-11] DEBUG reactor.netty.channel.FluxReceive - [id: 0xbb78fa67, L:/127.0.0.1:49942 - R:localhost/127.0.0.1:8082] Subscribing inbound receiver [pending: 0, cancelled:false, inboundDone: false]
20:29:41.217 [reactor-http-nio-16] DEBUG reactor.netty.channel.FluxReceive - [id: 0xc5639ab4, L:/127.0.0.1:49959 - R:localhost/127.0.0.1:8082] Subscribing inbound receiver [pending: 0, cancelled:false, inboundDone: false]
20:29:41.217 [reactor-http-nio-16] DEBUG reactor.netty.http.client.HttpClientOperations - [id: 0xc5639ab4, L:/127.0.0.1:49959 - R:localhost/127.0.0.1:8082] Received last HTTP packet
20:29:41.217 [reactor-http-nio-11] DEBUG reactor.netty.http.client.HttpClientOperations - [id: 0xbb78fa67, L:/127.0.0.1:49942 - R:localhost/127.0.0.1:8082] Received last HTTP packet
20:29:41.217 [reactor-http-nio-16] DEBUG org.springframework.core.codec.StringDecoder - [2e8c4fc7] Decoded "918"
20:29:41.217 [reactor-http-nio-11] DEBUG org.springframework.core.codec.StringDecoder - [73e5ee8d] Decoded "341"
20:29:41.217 [reactor-http-nio-16] DEBUG reactor.netty.resources.PooledConnectionProvider - [id: 0xc5639ab4, L:/127.0.0.1:49959 - R:localhost/127.0.0.1:8082] onStateChange(GET{uri=/getAttractionRewardPoints?attractionId=2d1dce36-858c-4ea7-8080-1b6bf6126eb9&userId=40cd76c2-6a5f-4e45-8ebd-d4ea5a9a6125, connection=PooledConnection{channel=[id: 0xc5639ab4, L:/127.0.0.1:49959 - R:localhost/127.0.0.1:8082]}}, [disconnecting])
20:29:41.217 [reactor-http-nio-11] DEBUG reactor.netty.resources.PooledConnectionProvider - [id: 0xbb78fa67, L:/127.0.0.1:49942 - R:localhost/127.0.0.1:8082] onStateChange(GET{uri=/getAttractionRewardPoints?attractionId=693d7be2-70cb-4808-ad71-4021a1f46d68&userId=a9ad725e-dada-4366-ae57-bc92f85c1ef8, connection=PooledConnection{channel=[id: 0xbb78fa67, L:/127.0.0.1:49942 - R:localhost/127.0.0.1:8082]}}, [disconnecting])
20:29:41.217 [reactor-http-nio-11] DEBUG reactor.netty.resources.PooledConnectionProvider - [id: 0xbb78fa67, L:/127.0.0.1:49942 - R:localhost/127.0.0.1:8082] Releasing channel
20:29:41.217 [reactor-http-nio-16] DEBUG reactor.netty.resources.PooledConnectionProvider - [id: 0xc5639ab4, L:/127.0.0.1:49959 - R:localhost/127.0.0.1:8082] Releasing channel
20:29:41.217 [reactor-http-nio-16] DEBUG reactor.netty.resources.PooledConnectionProvider - [id: 0xc5639ab4, L:/127.0.0.1:49959 - R:localhost/127.0.0.1:8082] Channel cleaned, now 20 active connections and 45 inactive connections
20:29:41.217 [reactor-http-nio-11] DEBUG reactor.netty.resources.PooledConnectionProvider - [id: 0xbb78fa67, L:/127.0.0.1:49942 - R:localhost/127.0.0.1:8082] Channel cleaned, now 21 active connections and 44 inactive connections
20:29:41.227 [reactor-http-nio-12] DEBUG reactor.netty.http.client.HttpClientOperations - [id: 0x437cfbd8, L:/127.0.0.1:49990 - R:localhost/127.0.0.1:8082] Received response (auto-read:false) : [Content-Type=application/json, Transfer-Encoding=chunked, Date=Tue, 29 Jun 2021 14:59:40 GMT]
20:29:41.227 [reactor-http-nio-12] DEBUG reactor.netty.resources.PooledConnectionProvider - [id: 0x437cfbd8, L:/127.0.0.1:49990 - R:localhost/127.0.0.1:8082] onStateChange(GET{uri=/getAttractionRewardPoints?attractionId=bd992495-4b85-44fa-a2c3-1bcae6ed68c9&userId=66a58bfb-542a-4927-a412-4de9bed79496, connection=PooledConnection{channel=[id: 0x437cfbd8, L:/127.0.0.1:49990 - R:localhost/127.0.0.1:8082]}}, [response_received])
20:29:41.227 [reactor-http-nio-12] DEBUG org.springframework.web.reactive.function.client.ExchangeFunctions - [264a9b80] Response 200 OK
20:29:41.227 [reactor-http-nio-12] DEBUG reactor.netty.channel.FluxReceive - [id: 0x437cfbd8, L:/127.0.0.1:49990 - R:localhost/127.0.0.1:8082] Subscribing inbound receiver [pending: 0, cancelled:false, inboundDone: false]
20:29:41.227 [reactor-http-nio-12] DEBUG reactor.netty.http.client.HttpClientOperations - [id: 0x437cfbd8, L:/127.0.0.1:49990 - R:localhost/127.0.0.1:8082] Received last HTTP packet
20:29:41.227 [reactor-http-nio-12] DEBUG org.springframework.core.codec.StringDecoder - [264a9b80] Decoded "161"
20:29:41.227 [reactor-http-nio-12] DEBUG reactor.netty.resources.PooledConnectionProvider - [id: 0x437cfbd8, L:/127.0.0.1:49990 - R:localhost/127.0.0.1:8082] onStateChange(GET{uri=/getAttractionRewardPoints?attractionId=bd992495-4b85-44fa-a2c3-1bcae6ed68c9&userId=66a58bfb-542a-4927-a412-4de9bed79496, connection=PooledConnection{channel=[id: 0x437cfbd8, L:/127.0.0.1:49990 - R:localhost/127.0.0.1:8082]}}, [disconnecting])
20:29:41.227 [reactor-http-nio-12] DEBUG reactor.netty.resources.PooledConnectionProvider - [id: 0x437cfbd8, L:/127.0.0.1:49990 - R:localhost/127.0.0.1:8082] Releasing channel
20:29:41.227 [reactor-http-nio-12] DEBUG reactor.netty.resources.PooledConnectionProvider - [id: 0x437cfbd8, L:/127.0.0.1:49990 - R:localhost/127.0.0.1:8082] Channel cleaned, now 19 active connections and 46 inactive connections
20:29:41.234 [reactor-http-nio-14] DEBUG reactor.netty.http.client.HttpClientOperations - [id: 0x64526eb3, L:/127.0.0.1:49971 - R:localhost/127.0.0.1:8082] Received response (auto-read:false) : [Content-Type=application/json, Transfer-Encoding=chunked, Date=Tue, 29 Jun 2021 14:59:40 GMT]
20:29:41.234 [reactor-http-nio-14] DEBUG reactor.netty.resources.PooledConnectionProvider - [id: 0x64526eb3, L:/127.0.0.1:49971 - R:localhost/127.0.0.1:8082] onStateChange(GET{uri=/getAttractionRewardPoints?attractionId=50d57996-296c-4f75-b4ae-c448f4113d93&userId=eced047f-cd04-447e-a9ad-c16f30fe49a9, connection=PooledConnection{channel=[id: 0x64526eb3, L:/127.0.0.1:49971 - R:localhost/127.0.0.1:8082]}}, [response_received])
20:29:41.234 [reactor-http-nio-14] DEBUG org.springframework.web.reactive.function.client.ExchangeFunctions - [3f2415b5] Response 200 OK
20:29:41.235 [reactor-http-nio-14] DEBUG reactor.netty.channel.FluxReceive - [id: 0x64526eb3, L:/127.0.0.1:49971 - R:localhost/127.0.0.1:8082] Subscribing inbound receiver [pending: 0, cancelled:false, inboundDone: false]
20:29:41.235 [reactor-http-nio-14] DEBUG reactor.netty.http.client.HttpClientOperations - [id: 0x64526eb3, L:/127.0.0.1:49971 - R:localhost/127.0.0.1:8082] Received last HTTP packet
20:29:41.235 [reactor-http-nio-14] DEBUG org.springframework.core.codec.StringDecoder - [3f2415b5] Decoded "783"
20:29:41.235 [reactor-http-nio-14] DEBUG reactor.netty.resources.PooledConnectionProvider - [id: 0x64526eb3, L:/127.0.0.1:49971 - R:localhost/127.0.0.1:8082] onStateChange(GET{uri=/getAttractionRewardPoints?attractionId=50d57996-296c-4f75-b4ae-c448f4113d93&userId=eced047f-cd04-447e-a9ad-c16f30fe49a9, connection=PooledConnection{channel=[id: 0x64526eb3, L:/127.0.0.1:49971 - R:localhost/127.0.0.1:8082]}}, [disconnecting])
20:29:41.235 [reactor-http-nio-14] DEBUG reactor.netty.resources.PooledConnectionProvider - [id: 0x64526eb3, L:/127.0.0.1:49971 - R:localhost/127.0.0.1:8082] Releasing channel
20:29:41.235 [reactor-http-nio-14] DEBUG reactor.netty.resources.PooledConnectionProvider - [id: 0x64526eb3, L:/127.0.0.1:49971 - R:localhost/127.0.0.1:8082] Channel cleaned, now 18 active connections and 47 inactive connections
20:29:41.250 [reactor-http-nio-14] DEBUG reactor.netty.http.client.HttpClientOperations - [id: 0x06643fe5, L:/127.0.0.1:49995 - R:localhost/127.0.0.1:8082] Received response (auto-read:false) : [Content-Type=application/json, Transfer-Encoding=chunked, Date=Tue, 29 Jun 2021 14:59:40 GMT]
20:29:41.250 [reactor-http-nio-14] DEBUG reactor.netty.resources.PooledConnectionProvider - [id: 0x06643fe5, L:/127.0.0.1:49995 - R:localhost/127.0.0.1:8082] onStateChange(GET{uri=/getAttractionRewardPoints?attractionId=ba3332de-91ff-40d8-8426-7cbebf48e704&userId=d480bbef-0dc4-41f5-aca8-1b2edde2f774, connection=PooledConnection{channel=[id: 0x06643fe5, L:/127.0.0.1:49995 - R:localhost/127.0.0.1:8082]}}, [response_received])
20:29:41.250 [reactor-http-nio-14] DEBUG org.springframework.web.reactive.function.client.ExchangeFunctions - [319d9fa0] Response 200 OK
20:29:41.251 [reactor-http-nio-14] DEBUG reactor.netty.channel.FluxReceive - [id: 0x06643fe5, L:/127.0.0.1:49995 - R:localhost/127.0.0.1:8082] Subscribing inbound receiver [pending: 0, cancelled:false, inboundDone: false]
20:29:41.251 [reactor-http-nio-14] DEBUG reactor.netty.http.client.HttpClientOperations - [id: 0x06643fe5, L:/127.0.0.1:49995 - R:localhost/127.0.0.1:8082] Received last HTTP packet
20:29:41.251 [reactor-http-nio-14] DEBUG org.springframework.core.codec.StringDecoder - [319d9fa0] Decoded "69"
20:29:41.251 [reactor-http-nio-14] DEBUG reactor.netty.resources.PooledConnectionProvider - [id: 0x06643fe5, L:/127.0.0.1:49995 - R:localhost/127.0.0.1:8082] onStateChange(GET{uri=/getAttractionRewardPoints?attractionId=ba3332de-91ff-40d8-8426-7cbebf48e704&userId=d480bbef-0dc4-41f5-aca8-1b2edde2f774, connection=PooledConnection{channel=[id: 0x06643fe5, L:/127.0.0.1:49995 - R:localhost/127.0.0.1:8082]}}, [disconnecting])
20:29:41.251 [reactor-http-nio-14] DEBUG reactor.netty.resources.PooledConnectionProvider - [id: 0x06643fe5, L:/127.0.0.1:49995 - R:localhost/127.0.0.1:8082] Releasing channel
20:29:41.251 [reactor-http-nio-14] DEBUG reactor.netty.resources.PooledConnectionProvider - [id: 0x06643fe5, L:/127.0.0.1:49995 - R:localhost/127.0.0.1:8082] Channel cleaned, now 17 active connections and 48 inactive connections
20:29:41.259 [reactor-http-nio-14] DEBUG reactor.netty.http.client.HttpClientOperations - [id: 0x5e075b23, L:/127.0.0.1:49947 - R:localhost/127.0.0.1:8082] Received response (auto-read:false) : [Content-Type=application/json, Transfer-Encoding=chunked, Date=Tue, 29 Jun 2021 14:59:40 GMT]
20:29:41.259 [reactor-http-nio-14] DEBUG reactor.netty.resources.PooledConnectionProvider - [id: 0x5e075b23, L:/127.0.0.1:49947 - R:localhost/127.0.0.1:8082] onStateChange(GET{uri=/getAttractionRewardPoints?attractionId=ace2bf17-5deb-4e0b-ab18-d8c3b774b1d2&userId=b3d76f03-7cf8-465f-92c2-650cc35ca464, connection=PooledConnection{channel=[id: 0x5e075b23, L:/127.0.0.1:49947 - R:localhost/127.0.0.1:8082]}}, [response_received])
20:29:41.259 [reactor-http-nio-14] DEBUG org.springframework.web.reactive.function.client.ExchangeFunctions - [241de0b1] Response 200 OK
20:29:41.259 [reactor-http-nio-14] DEBUG reactor.netty.channel.FluxReceive - [id: 0x5e075b23, L:/127.0.0.1:49947 - R:localhost/127.0.0.1:8082] Subscribing inbound receiver [pending: 0, cancelled:false, inboundDone: false]
20:29:41.259 [reactor-http-nio-14] DEBUG reactor.netty.http.client.HttpClientOperations - [id: 0x5e075b23, L:/127.0.0.1:49947 - R:localhost/127.0.0.1:8082] Received last HTTP packet
20:29:41.259 [reactor-http-nio-14] DEBUG org.springframework.core.codec.StringDecoder - [241de0b1] Decoded "95"
20:29:41.259 [reactor-http-nio-14] DEBUG reactor.netty.resources.PooledConnectionProvider - [id: 0x5e075b23, L:/127.0.0.1:49947 - R:localhost/127.0.0.1:8082] onStateChange(GET{uri=/getAttractionRewardPoints?attractionId=ace2bf17-5deb-4e0b-ab18-d8c3b774b1d2&userId=b3d76f03-7cf8-465f-92c2-650cc35ca464, connection=PooledConnection{channel=[id: 0x5e075b23, L:/127.0.0.1:49947 - R:localhost/127.0.0.1:8082]}}, [disconnecting])
20:29:41.259 [reactor-http-nio-14] DEBUG reactor.netty.resources.PooledConnectionProvider - [id: 0x5e075b23, L:/127.0.0.1:49947 - R:localhost/127.0.0.1:8082] Releasing channel
20:29:41.259 [reactor-http-nio-14] DEBUG reactor.netty.resources.PooledConnectionProvider - [id: 0x5e075b23, L:/127.0.0.1:49947 - R:localhost/127.0.0.1:8082] Channel cleaned, now 16 active connections and 49 inactive connections
20:29:41.276 [reactor-http-nio-13] DEBUG reactor.netty.http.client.HttpClientOperations - [id: 0xc99de1ee, L:/127.0.0.1:49960 - R:localhost/127.0.0.1:8082] Received response (auto-read:false) : [Content-Type=application/json, Transfer-Encoding=chunked, Date=Tue, 29 Jun 2021 14:59:40 GMT]
20:29:41.276 [reactor-http-nio-13] DEBUG reactor.netty.resources.PooledConnectionProvider - [id: 0xc99de1ee, L:/127.0.0.1:49960 - R:localhost/127.0.0.1:8082] onStateChange(GET{uri=/getAttractionRewardPoints?attractionId=d7c144ae-b8c2-41ff-9366-814df00f8d50&userId=7f0191d7-d605-46b0-b932-eb877fda9f0e, connection=PooledConnection{channel=[id: 0xc99de1ee, L:/127.0.0.1:49960 - R:localhost/127.0.0.1:8082]}}, [response_received])
20:29:41.276 [reactor-http-nio-13] DEBUG org.springframework.web.reactive.function.client.ExchangeFunctions - [3be6eb9e] Response 200 OK
20:29:41.276 [reactor-http-nio-13] DEBUG reactor.netty.channel.FluxReceive - [id: 0xc99de1ee, L:/127.0.0.1:49960 - R:localhost/127.0.0.1:8082] Subscribing inbound receiver [pending: 0, cancelled:false, inboundDone: false]
20:29:41.276 [reactor-http-nio-13] DEBUG reactor.netty.http.client.HttpClientOperations - [id: 0xc99de1ee, L:/127.0.0.1:49960 - R:localhost/127.0.0.1:8082] Received last HTTP packet
20:29:41.276 [reactor-http-nio-13] DEBUG org.springframework.core.codec.StringDecoder - [3be6eb9e] Decoded "891"
20:29:41.276 [reactor-http-nio-13] DEBUG reactor.netty.resources.PooledConnectionProvider - [id: 0xc99de1ee, L:/127.0.0.1:49960 - R:localhost/127.0.0.1:8082] onStateChange(GET{uri=/getAttractionRewardPoints?attractionId=d7c144ae-b8c2-41ff-9366-814df00f8d50&userId=7f0191d7-d605-46b0-b932-eb877fda9f0e, connection=PooledConnection{channel=[id: 0xc99de1ee, L:/127.0.0.1:49960 - R:localhost/127.0.0.1:8082]}}, [disconnecting])
20:29:41.276 [reactor-http-nio-13] DEBUG reactor.netty.resources.PooledConnectionProvider - [id: 0xc99de1ee, L:/127.0.0.1:49960 - R:localhost/127.0.0.1:8082] Releasing channel
20:29:41.276 [reactor-http-nio-13] DEBUG reactor.netty.resources.PooledConnectionProvider - [id: 0xc99de1ee, L:/127.0.0.1:49960 - R:localhost/127.0.0.1:8082] Channel cleaned, now 15 active connections and 50 inactive connections
20:29:41.285 [reactor-http-nio-14] DEBUG reactor.netty.http.client.HttpClientOperations - [id: 0x0b723f2b, L:/127.0.0.1:49877 - R:localhost/127.0.0.1:8081] Received response (auto-read:false) : [Content-Type=application/json, Transfer-Encoding=chunked, Date=Tue, 29 Jun 2021 14:59:40 GMT]
20:29:41.285 [reactor-http-nio-14] DEBUG reactor.netty.resources.PooledConnectionProvider - [id: 0x0b723f2b, L:/127.0.0.1:49877 - R:localhost/127.0.0.1:8081] onStateChange(GET{uri=/getUserLocation?userId=6d88f4f0-cfee-463c-9418-c2cc5b2d995a, connection=PooledConnection{channel=[id: 0x0b723f2b, L:/127.0.0.1:49877 - R:localhost/127.0.0.1:8081]}}, [response_received])
20:29:41.285 [reactor-http-nio-14] DEBUG org.springframework.web.reactive.function.client.ExchangeFunctions - [620429bf] Response 200 OK
20:29:41.285 [reactor-http-nio-14] DEBUG reactor.netty.channel.FluxReceive - [id: 0x0b723f2b, L:/127.0.0.1:49877 - R:localhost/127.0.0.1:8081] Subscribing inbound receiver [pending: 0, cancelled:false, inboundDone: false]
20:29:41.285 [reactor-http-nio-14] DEBUG reactor.netty.http.client.HttpClientOperations - [id: 0x0b723f2b, L:/127.0.0.1:49877 - R:localhost/127.0.0.1:8081] Received last HTTP packet
20:29:41.285 [reactor-http-nio-14] DEBUG org.springframework.core.codec.StringDecoder - [620429bf] Decoded "{"userId":"6d88f4f0-cfee-463c-9418-c2cc5b2d995a","location":{"longitude":-178.852796,"latitude":-48 (truncated)...
20:29:41.285 [reactor-http-nio-14] DEBUG reactor.netty.resources.PooledConnectionProvider - [id: 0x0b723f2b, L:/127.0.0.1:49877 - R:localhost/127.0.0.1:8081] onStateChange(GET{uri=/getUserLocation?userId=6d88f4f0-cfee-463c-9418-c2cc5b2d995a, connection=PooledConnection{channel=[id: 0x0b723f2b, L:/127.0.0.1:49877 - R:localhost/127.0.0.1:8081]}}, [disconnecting])
20:29:41.285 [reactor-http-nio-14] DEBUG reactor.netty.resources.PooledConnectionProvider - [id: 0x0b723f2b, L:/127.0.0.1:49877 - R:localhost/127.0.0.1:8081] Releasing channel
20:29:41.285 [reactor-http-nio-14] DEBUG reactor.netty.resources.PooledConnectionProvider - [id: 0x0b723f2b, L:/127.0.0.1:49877 - R:localhost/127.0.0.1:8081] Channel cleaned, now 0 active connections and 65 inactive connections
20:29:41.287 [pool-14-thread-1] DEBUG org.springframework.web.reactive.function.client.ExchangeFunctions - [8d56a85] HTTP GET http://localhost:8081/getAttractions
20:29:41.287 [reactor-http-nio-15] DEBUG reactor.netty.resources.PooledConnectionProvider - [id: 0xdfea8ccc, L:/127.0.0.1:49892 - R:localhost/127.0.0.1:8081] Channel acquired, now 1 active connections and 64 inactive connections
20:29:41.287 [reactor-http-nio-15] DEBUG reactor.netty.http.client.HttpClientConnect - [id: 0xdfea8ccc, L:/127.0.0.1:49892 - R:localhost/127.0.0.1:8081] Handler is being applied: {uri=http://localhost:8081/getAttractions, method=GET}
20:29:41.287 [reactor-http-nio-15] DEBUG reactor.netty.resources.PooledConnectionProvider - [id: 0xdfea8ccc, L:/127.0.0.1:49892 - R:localhost/127.0.0.1:8081] onStateChange(GET{uri=/getAttractions, connection=PooledConnection{channel=[id: 0xdfea8ccc, L:/127.0.0.1:49892 - R:localhost/127.0.0.1:8081]}}, [request_sent])
20:29:41.290 [reactor-http-nio-2] DEBUG reactor.netty.http.client.HttpClientOperations - [id: 0x58a6e91c, L:/127.0.0.1:49988 - R:localhost/127.0.0.1:8082] Received response (auto-read:false) : [Content-Type=application/json, Transfer-Encoding=chunked, Date=Tue, 29 Jun 2021 14:59:40 GMT]
20:29:41.290 [reactor-http-nio-2] DEBUG reactor.netty.resources.PooledConnectionProvider - [id: 0x58a6e91c, L:/127.0.0.1:49988 - R:localhost/127.0.0.1:8082] onStateChange(GET{uri=/getAttractionRewardPoints?attractionId=7f7f3fa0-bab9-4ae4-ab34-80aa83231d92&userId=c476df89-4931-4944-8dff-13f125874b2b, connection=PooledConnection{channel=[id: 0x58a6e91c, L:/127.0.0.1:49988 - R:localhost/127.0.0.1:8082]}}, [response_received])
20:29:41.290 [reactor-http-nio-2] DEBUG org.springframework.web.reactive.function.client.ExchangeFunctions - [7228c5e8] Response 200 OK
20:29:41.291 [reactor-http-nio-2] DEBUG reactor.netty.channel.FluxReceive - [id: 0x58a6e91c, L:/127.0.0.1:49988 - R:localhost/127.0.0.1:8082] Subscribing inbound receiver [pending: 0, cancelled:false, inboundDone: false]
20:29:41.291 [reactor-http-nio-2] DEBUG reactor.netty.http.client.HttpClientOperations - [id: 0x58a6e91c, L:/127.0.0.1:49988 - R:localhost/127.0.0.1:8082] Received last HTTP packet
20:29:41.291 [reactor-http-nio-2] DEBUG org.springframework.core.codec.StringDecoder - [7228c5e8] Decoded "550"
20:29:41.291 [reactor-http-nio-2] DEBUG reactor.netty.resources.PooledConnectionProvider - [id: 0x58a6e91c, L:/127.0.0.1:49988 - R:localhost/127.0.0.1:8082] onStateChange(GET{uri=/getAttractionRewardPoints?attractionId=7f7f3fa0-bab9-4ae4-ab34-80aa83231d92&userId=c476df89-4931-4944-8dff-13f125874b2b, connection=PooledConnection{channel=[id: 0x58a6e91c, L:/127.0.0.1:49988 - R:localhost/127.0.0.1:8082]}}, [disconnecting])
20:29:41.291 [reactor-http-nio-2] DEBUG reactor.netty.resources.PooledConnectionProvider - [id: 0x58a6e91c, L:/127.0.0.1:49988 - R:localhost/127.0.0.1:8082] Releasing channel
20:29:41.291 [reactor-http-nio-2] DEBUG reactor.netty.resources.PooledConnectionProvider - [id: 0x58a6e91c, L:/127.0.0.1:49988 - R:localhost/127.0.0.1:8082] Channel cleaned, now 14 active connections and 51 inactive connections
20:29:41.300 [reactor-http-nio-12] DEBUG reactor.netty.http.client.HttpClientOperations - [id: 0xd3e383bb, L:/127.0.0.1:49956 - R:localhost/127.0.0.1:8082] Received response (auto-read:false) : [Content-Type=application/json, Transfer-Encoding=chunked, Date=Tue, 29 Jun 2021 14:59:40 GMT]
20:29:41.300 [reactor-http-nio-12] DEBUG reactor.netty.resources.PooledConnectionProvider - [id: 0xd3e383bb, L:/127.0.0.1:49956 - R:localhost/127.0.0.1:8082] onStateChange(GET{uri=/getAttractionRewardPoints?attractionId=088084aa-984c-4fd1-b022-8f7065874b11&userId=0ab1dade-bbbe-49b7-87bc-edfb622f7b2e, connection=PooledConnection{channel=[id: 0xd3e383bb, L:/127.0.0.1:49956 - R:localhost/127.0.0.1:8082]}}, [response_received])
20:29:41.300 [reactor-http-nio-12] DEBUG org.springframework.web.reactive.function.client.ExchangeFunctions - [713afe7e] Response 200 OK
20:29:41.300 [reactor-http-nio-15] DEBUG reactor.netty.http.client.HttpClientOperations - [id: 0xdfea8ccc, L:/127.0.0.1:49892 - R:localhost/127.0.0.1:8081] Received response (auto-read:false) : [Content-Type=application/json, Transfer-Encoding=chunked, Date=Tue, 29 Jun 2021 14:59:40 GMT]
20:29:41.300 [reactor-http-nio-15] DEBUG reactor.netty.resources.PooledConnectionProvider - [id: 0xdfea8ccc, L:/127.0.0.1:49892 - R:localhost/127.0.0.1:8081] onStateChange(GET{uri=/getAttractions, connection=PooledConnection{channel=[id: 0xdfea8ccc, L:/127.0.0.1:49892 - R:localhost/127.0.0.1:8081]}}, [response_received])
20:29:41.300 [reactor-http-nio-12] DEBUG reactor.netty.channel.FluxReceive - [id: 0xd3e383bb, L:/127.0.0.1:49956 - R:localhost/127.0.0.1:8082] Subscribing inbound receiver [pending: 0, cancelled:false, inboundDone: false]
20:29:41.300 [reactor-http-nio-15] DEBUG org.springframework.web.reactive.function.client.ExchangeFunctions - [8d56a85] Response 200 OK
20:29:41.301 [reactor-http-nio-15] DEBUG reactor.netty.channel.FluxReceive - [id: 0xdfea8ccc, L:/127.0.0.1:49892 - R:localhost/127.0.0.1:8081] Subscribing inbound receiver [pending: 0, cancelled:false, inboundDone: false]
20:29:41.301 [reactor-http-nio-12] DEBUG reactor.netty.http.client.HttpClientOperations - [id: 0xd3e383bb, L:/127.0.0.1:49956 - R:localhost/127.0.0.1:8082] Received last HTTP packet
20:29:41.301 [reactor-http-nio-12] DEBUG org.springframework.core.codec.StringDecoder - [713afe7e] Decoded "740"
20:29:41.301 [reactor-http-nio-15] DEBUG reactor.netty.http.client.HttpClientOperations - [id: 0xdfea8ccc, L:/127.0.0.1:49892 - R:localhost/127.0.0.1:8081] Received last HTTP packet
20:29:41.301 [reactor-http-nio-12] DEBUG reactor.netty.resources.PooledConnectionProvider - [id: 0xd3e383bb, L:/127.0.0.1:49956 - R:localhost/127.0.0.1:8082] onStateChange(GET{uri=/getAttractionRewardPoints?attractionId=088084aa-984c-4fd1-b022-8f7065874b11&userId=0ab1dade-bbbe-49b7-87bc-edfb622f7b2e, connection=PooledConnection{channel=[id: 0xd3e383bb, L:/127.0.0.1:49956 - R:localhost/127.0.0.1:8082]}}, [disconnecting])
20:29:41.301 [reactor-http-nio-12] DEBUG reactor.netty.resources.PooledConnectionProvider - [id: 0xd3e383bb, L:/127.0.0.1:49956 - R:localhost/127.0.0.1:8082] Releasing channel
20:29:41.301 [reactor-http-nio-15] DEBUG org.springframework.core.codec.StringDecoder - [8d56a85] Decoded "[{"longitude":-117.922008,"latitude":33.817595,"attractionName":"Disneyland","city":"Anaheim","stat (truncated)...
20:29:41.301 [reactor-http-nio-12] DEBUG reactor.netty.resources.PooledConnectionProvider - [id: 0xd3e383bb, L:/127.0.0.1:49956 - R:localhost/127.0.0.1:8082] Channel cleaned, now 13 active connections and 52 inactive connections
20:29:41.301 [reactor-http-nio-15] DEBUG reactor.netty.resources.PooledConnectionProvider - [id: 0xdfea8ccc, L:/127.0.0.1:49892 - R:localhost/127.0.0.1:8081] onStateChange(GET{uri=/getAttractions, connection=PooledConnection{channel=[id: 0xdfea8ccc, L:/127.0.0.1:49892 - R:localhost/127.0.0.1:8081]}}, [disconnecting])
20:29:41.301 [reactor-http-nio-15] DEBUG reactor.netty.resources.PooledConnectionProvider - [id: 0xdfea8ccc, L:/127.0.0.1:49892 - R:localhost/127.0.0.1:8081] Releasing channel
20:29:41.301 [reactor-http-nio-15] DEBUG reactor.netty.resources.PooledConnectionProvider - [id: 0xdfea8ccc, L:/127.0.0.1:49892 - R:localhost/127.0.0.1:8081] Channel cleaned, now 0 active connections and 65 inactive connections
20:29:41.302 [pool-14-thread-1] DEBUG org.springframework.web.reactive.function.client.ExchangeFunctions - [33b2e776] HTTP GET http://localhost:8081/getUserLocation?userId=3367c1ad-5365-43e2-bb3e-a8dec4b22956
20:29:41.302 [reactor-http-nio-11] DEBUG reactor.netty.resources.PooledConnectionProvider - [id: 0xd4c90cec, L:/127.0.0.1:49883 - R:localhost/127.0.0.1:8081] Channel acquired, now 1 active connections and 64 inactive connections
20:29:41.302 [reactor-http-nio-11] DEBUG reactor.netty.http.client.HttpClientConnect - [id: 0xd4c90cec, L:/127.0.0.1:49883 - R:localhost/127.0.0.1:8081] Handler is being applied: {uri=http://localhost:8081/getUserLocation?userId=3367c1ad-5365-43e2-bb3e-a8dec4b22956, method=GET}
20:29:41.303 [reactor-http-nio-11] DEBUG reactor.netty.resources.PooledConnectionProvider - [id: 0xd4c90cec, L:/127.0.0.1:49883 - R:localhost/127.0.0.1:8081] onStateChange(GET{uri=/getUserLocation?userId=3367c1ad-5365-43e2-bb3e-a8dec4b22956, connection=PooledConnection{channel=[id: 0xd4c90cec, L:/127.0.0.1:49883 - R:localhost/127.0.0.1:8081]}}, [request_sent])
20:29:41.307 [reactor-http-nio-2] DEBUG reactor.netty.http.client.HttpClientOperations - [id: 0x4eabdfc3, L:/127.0.0.1:49944 - R:localhost/127.0.0.1:8082] Received response (auto-read:false) : [Content-Type=application/json, Transfer-Encoding=chunked, Date=Tue, 29 Jun 2021 14:59:40 GMT]
20:29:41.307 [reactor-http-nio-2] DEBUG reactor.netty.resources.PooledConnectionProvider - [id: 0x4eabdfc3, L:/127.0.0.1:49944 - R:localhost/127.0.0.1:8082] onStateChange(GET{uri=/getAttractionRewardPoints?attractionId=bb436b4c-f9f1-4fbe-902a-2ef3cddb9435&userId=4fff623e-7045-4912-9e46-962386f50d78, connection=PooledConnection{channel=[id: 0x4eabdfc3, L:/127.0.0.1:49944 - R:localhost/127.0.0.1:8082]}}, [response_received])
20:29:41.308 [reactor-http-nio-2] DEBUG org.springframework.web.reactive.function.client.ExchangeFunctions - [42944875] Response 200 OK
20:29:41.308 [reactor-http-nio-2] DEBUG reactor.netty.channel.FluxReceive - [id: 0x4eabdfc3, L:/127.0.0.1:49944 - R:localhost/127.0.0.1:8082] Subscribing inbound receiver [pending: 0, cancelled:false, inboundDone: false]
20:29:41.308 [reactor-http-nio-2] DEBUG reactor.netty.http.client.HttpClientOperations - [id: 0x4eabdfc3, L:/127.0.0.1:49944 - R:localhost/127.0.0.1:8082] Received last HTTP packet
20:29:41.308 [reactor-http-nio-2] DEBUG org.springframework.core.codec.StringDecoder - [42944875] Decoded "376"
20:29:41.308 [reactor-http-nio-2] DEBUG reactor.netty.resources.PooledConnectionProvider - [id: 0x4eabdfc3, L:/127.0.0.1:49944 - R:localhost/127.0.0.1:8082] onStateChange(GET{uri=/getAttractionRewardPoints?attractionId=bb436b4c-f9f1-4fbe-902a-2ef3cddb9435&userId=4fff623e-7045-4912-9e46-962386f50d78, connection=PooledConnection{channel=[id: 0x4eabdfc3, L:/127.0.0.1:49944 - R:localhost/127.0.0.1:8082]}}, [disconnecting])
20:29:41.308 [reactor-http-nio-2] DEBUG reactor.netty.resources.PooledConnectionProvider - [id: 0x4eabdfc3, L:/127.0.0.1:49944 - R:localhost/127.0.0.1:8082] Releasing channel
20:29:41.308 [reactor-http-nio-2] DEBUG reactor.netty.resources.PooledConnectionProvider - [id: 0x4eabdfc3, L:/127.0.0.1:49944 - R:localhost/127.0.0.1:8082] Channel cleaned, now 12 active connections and 53 inactive connections
20:29:41.312 [reactor-http-nio-12] DEBUG reactor.netty.http.client.HttpClientOperations - [id: 0x297f734c, L:/127.0.0.1:49980 - R:localhost/127.0.0.1:8082] Received response (auto-read:false) : [Content-Type=application/json, Transfer-Encoding=chunked, Date=Tue, 29 Jun 2021 14:59:40 GMT]
20:29:41.312 [reactor-http-nio-12] DEBUG reactor.netty.resources.PooledConnectionProvider - [id: 0x297f734c, L:/127.0.0.1:49980 - R:localhost/127.0.0.1:8082] onStateChange(GET{uri=/getAttractionRewardPoints?attractionId=de1a9186-e06f-44d0-a883-d22dabaea247&userId=d28d9783-8de8-4168-9ee0-76501fa47574, connection=PooledConnection{channel=[id: 0x297f734c, L:/127.0.0.1:49980 - R:localhost/127.0.0.1:8082]}}, [response_received])
20:29:41.312 [reactor-http-nio-12] DEBUG org.springframework.web.reactive.function.client.ExchangeFunctions - [314ae4ff] Response 200 OK
20:29:41.312 [reactor-http-nio-12] DEBUG reactor.netty.channel.FluxReceive - [id: 0x297f734c, L:/127.0.0.1:49980 - R:localhost/127.0.0.1:8082] Subscribing inbound receiver [pending: 0, cancelled:false, inboundDone: false]
20:29:41.312 [reactor-http-nio-12] DEBUG reactor.netty.http.client.HttpClientOperations - [id: 0x297f734c, L:/127.0.0.1:49980 - R:localhost/127.0.0.1:8082] Received last HTTP packet
20:29:41.312 [reactor-http-nio-12] DEBUG org.springframework.core.codec.StringDecoder - [314ae4ff] Decoded "659"
20:29:41.312 [reactor-http-nio-12] DEBUG reactor.netty.resources.PooledConnectionProvider - [id: 0x297f734c, L:/127.0.0.1:49980 - R:localhost/127.0.0.1:8082] onStateChange(GET{uri=/getAttractionRewardPoints?attractionId=de1a9186-e06f-44d0-a883-d22dabaea247&userId=d28d9783-8de8-4168-9ee0-76501fa47574, connection=PooledConnection{channel=[id: 0x297f734c, L:/127.0.0.1:49980 - R:localhost/127.0.0.1:8082]}}, [disconnecting])
20:29:41.313 [reactor-http-nio-12] DEBUG reactor.netty.resources.PooledConnectionProvider - [id: 0x297f734c, L:/127.0.0.1:49980 - R:localhost/127.0.0.1:8082] Releasing channel
20:29:41.313 [reactor-http-nio-12] DEBUG reactor.netty.resources.PooledConnectionProvider - [id: 0x297f734c, L:/127.0.0.1:49980 - R:localhost/127.0.0.1:8082] Channel cleaned, now 11 active connections and 54 inactive connections
20:29:41.317 [reactor-http-nio-2] DEBUG reactor.netty.http.client.HttpClientOperations - [id: 0xe830ae82, L:/127.0.0.1:49949 - R:localhost/127.0.0.1:8082] Received response (auto-read:false) : [Content-Type=application/json, Transfer-Encoding=chunked, Date=Tue, 29 Jun 2021 14:59:40 GMT]
20:29:41.317 [reactor-http-nio-2] DEBUG reactor.netty.resources.PooledConnectionProvider - [id: 0xe830ae82, L:/127.0.0.1:49949 - R:localhost/127.0.0.1:8082] onStateChange(GET{uri=/getAttractionRewardPoints?attractionId=32055b8a-ee2b-48fd-ac7d-ce03ef1c996c&userId=67453a03-2ca3-4d5e-84fd-f3caeb8f21d6, connection=PooledConnection{channel=[id: 0xe830ae82, L:/127.0.0.1:49949 - R:localhost/127.0.0.1:8082]}}, [response_received])
20:29:41.318 [reactor-http-nio-2] DEBUG org.springframework.web.reactive.function.client.ExchangeFunctions - [6dfe1c08] Response 200 OK
20:29:41.318 [reactor-http-nio-2] DEBUG reactor.netty.channel.FluxReceive - [id: 0xe830ae82, L:/127.0.0.1:49949 - R:localhost/127.0.0.1:8082] Subscribing inbound receiver [pending: 0, cancelled:false, inboundDone: false]
20:29:41.318 [reactor-http-nio-2] DEBUG reactor.netty.http.client.HttpClientOperations - [id: 0xe830ae82, L:/127.0.0.1:49949 - R:localhost/127.0.0.1:8082] Received last HTTP packet
20:29:41.318 [reactor-http-nio-2] DEBUG org.springframework.core.codec.StringDecoder - [6dfe1c08] Decoded "854"
20:29:41.318 [reactor-http-nio-2] DEBUG reactor.netty.resources.PooledConnectionProvider - [id: 0xe830ae82, L:/127.0.0.1:49949 - R:localhost/127.0.0.1:8082] onStateChange(GET{uri=/getAttractionRewardPoints?attractionId=32055b8a-ee2b-48fd-ac7d-ce03ef1c996c&userId=67453a03-2ca3-4d5e-84fd-f3caeb8f21d6, connection=PooledConnection{channel=[id: 0xe830ae82, L:/127.0.0.1:49949 - R:localhost/127.0.0.1:8082]}}, [disconnecting])
20:29:41.318 [reactor-http-nio-2] DEBUG reactor.netty.resources.PooledConnectionProvider - [id: 0xe830ae82, L:/127.0.0.1:49949 - R:localhost/127.0.0.1:8082] Releasing channel
20:29:41.318 [reactor-http-nio-2] DEBUG reactor.netty.resources.PooledConnectionProvider - [id: 0xe830ae82, L:/127.0.0.1:49949 - R:localhost/127.0.0.1:8082] Channel cleaned, now 10 active connections and 55 inactive connections
20:29:41.318 [reactor-http-nio-16] DEBUG reactor.netty.http.client.HttpClientOperations - [id: 0x5ee570b3, L:/127.0.0.1:49978 - R:localhost/127.0.0.1:8082] Received response (auto-read:false) : [Content-Type=application/json, Transfer-Encoding=chunked, Date=Tue, 29 Jun 2021 14:59:40 GMT]
20:29:41.318 [reactor-http-nio-16] DEBUG reactor.netty.resources.PooledConnectionProvider - [id: 0x5ee570b3, L:/127.0.0.1:49978 - R:localhost/127.0.0.1:8082] onStateChange(GET{uri=/getAttractionRewardPoints?attractionId=91b9bfe5-f305-4021-8fd7-4c95a78cbe34&userId=22ce3b21-a70c-4812-a62d-5708966e6855, connection=PooledConnection{channel=[id: 0x5ee570b3, L:/127.0.0.1:49978 - R:localhost/127.0.0.1:8082]}}, [response_received])
20:29:41.318 [reactor-http-nio-16] DEBUG org.springframework.web.reactive.function.client.ExchangeFunctions - [df9d82f] Response 200 OK
20:29:41.319 [reactor-http-nio-16] DEBUG reactor.netty.channel.FluxReceive - [id: 0x5ee570b3, L:/127.0.0.1:49978 - R:localhost/127.0.0.1:8082] Subscribing inbound receiver [pending: 0, cancelled:false, inboundDone: false]
20:29:41.319 [reactor-http-nio-16] DEBUG reactor.netty.http.client.HttpClientOperations - [id: 0x5ee570b3, L:/127.0.0.1:49978 - R:localhost/127.0.0.1:8082] Received last HTTP packet
20:29:41.319 [reactor-http-nio-16] DEBUG org.springframework.core.codec.StringDecoder - [df9d82f] Decoded "708"
20:29:41.319 [reactor-http-nio-16] DEBUG reactor.netty.resources.PooledConnectionProvider - [id: 0x5ee570b3, L:/127.0.0.1:49978 - R:localhost/127.0.0.1:8082] onStateChange(GET{uri=/getAttractionRewardPoints?attractionId=91b9bfe5-f305-4021-8fd7-4c95a78cbe34&userId=22ce3b21-a70c-4812-a62d-5708966e6855, connection=PooledConnection{channel=[id: 0x5ee570b3, L:/127.0.0.1:49978 - R:localhost/127.0.0.1:8082]}}, [disconnecting])
20:29:41.319 [reactor-http-nio-16] DEBUG reactor.netty.resources.PooledConnectionProvider - [id: 0x5ee570b3, L:/127.0.0.1:49978 - R:localhost/127.0.0.1:8082] Releasing channel
20:29:41.319 [reactor-http-nio-16] DEBUG reactor.netty.resources.PooledConnectionProvider - [id: 0x5ee570b3, L:/127.0.0.1:49978 - R:localhost/127.0.0.1:8082] Channel cleaned, now 9 active connections and 56 inactive connections
20:29:41.325 [reactor-http-nio-11] DEBUG reactor.netty.http.client.HttpClientOperations - [id: 0x3a510d05, L:/127.0.0.1:49941 - R:localhost/127.0.0.1:8082] Received response (auto-read:false) : [Content-Type=application/json, Transfer-Encoding=chunked, Date=Tue, 29 Jun 2021 14:59:40 GMT]
20:29:41.325 [reactor-http-nio-11] DEBUG reactor.netty.resources.PooledConnectionProvider - [id: 0x3a510d05, L:/127.0.0.1:49941 - R:localhost/127.0.0.1:8082] onStateChange(GET{uri=/getAttractionRewardPoints?attractionId=f1de912b-a285-4910-a97e-d2a94235bdf8&userId=923baeb4-459c-4b43-8ecf-608b335d8a48, connection=PooledConnection{channel=[id: 0x3a510d05, L:/127.0.0.1:49941 - R:localhost/127.0.0.1:8082]}}, [response_received])
20:29:41.325 [reactor-http-nio-11] DEBUG org.springframework.web.reactive.function.client.ExchangeFunctions - [665fc2df] Response 200 OK
20:29:41.325 [reactor-http-nio-11] DEBUG reactor.netty.channel.FluxReceive - [id: 0x3a510d05, L:/127.0.0.1:49941 - R:localhost/127.0.0.1:8082] Subscribing inbound receiver [pending: 0, cancelled:false, inboundDone: false]
20:29:41.325 [reactor-http-nio-11] DEBUG reactor.netty.http.client.HttpClientOperations - [id: 0x3a510d05, L:/127.0.0.1:49941 - R:localhost/127.0.0.1:8082] Received last HTTP packet
20:29:41.326 [reactor-http-nio-11] DEBUG org.springframework.core.codec.StringDecoder - [665fc2df] Decoded "727"
20:29:41.326 [reactor-http-nio-11] DEBUG reactor.netty.resources.PooledConnectionProvider - [id: 0x3a510d05, L:/127.0.0.1:49941 - R:localhost/127.0.0.1:8082] onStateChange(GET{uri=/getAttractionRewardPoints?attractionId=f1de912b-a285-4910-a97e-d2a94235bdf8&userId=923baeb4-459c-4b43-8ecf-608b335d8a48, connection=PooledConnection{channel=[id: 0x3a510d05, L:/127.0.0.1:49941 - R:localhost/127.0.0.1:8082]}}, [disconnecting])
20:29:41.326 [reactor-http-nio-11] DEBUG reactor.netty.resources.PooledConnectionProvider - [id: 0x3a510d05, L:/127.0.0.1:49941 - R:localhost/127.0.0.1:8082] Releasing channel
20:29:41.326 [reactor-http-nio-11] DEBUG reactor.netty.resources.PooledConnectionProvider - [id: 0x3a510d05, L:/127.0.0.1:49941 - R:localhost/127.0.0.1:8082] Channel cleaned, now 8 active connections and 57 inactive connections
20:29:41.342 [reactor-http-nio-12] DEBUG reactor.netty.http.client.HttpClientOperations - [id: 0xb21cf120, L:/127.0.0.1:49952 - R:localhost/127.0.0.1:8082] Received response (auto-read:false) : [Content-Type=application/json, Transfer-Encoding=chunked, Date=Tue, 29 Jun 2021 14:59:40 GMT]
20:29:41.342 [reactor-http-nio-12] DEBUG reactor.netty.resources.PooledConnectionProvider - [id: 0xb21cf120, L:/127.0.0.1:49952 - R:localhost/127.0.0.1:8082] onStateChange(GET{uri=/getAttractionRewardPoints?attractionId=95525de4-c968-4f7a-aa5b-41923cc5b313&userId=2ba664ca-dda6-4633-a78d-1ce422c4f2ef, connection=PooledConnection{channel=[id: 0xb21cf120, L:/127.0.0.1:49952 - R:localhost/127.0.0.1:8082]}}, [response_received])
20:29:41.342 [reactor-http-nio-12] DEBUG org.springframework.web.reactive.function.client.ExchangeFunctions - [744f9c29] Response 200 OK
20:29:41.342 [reactor-http-nio-12] DEBUG reactor.netty.channel.FluxReceive - [id: 0xb21cf120, L:/127.0.0.1:49952 - R:localhost/127.0.0.1:8082] Subscribing inbound receiver [pending: 0, cancelled:false, inboundDone: false]
20:29:41.343 [reactor-http-nio-12] DEBUG reactor.netty.http.client.HttpClientOperations - [id: 0xb21cf120, L:/127.0.0.1:49952 - R:localhost/127.0.0.1:8082] Received last HTTP packet
20:29:41.343 [reactor-http-nio-12] DEBUG org.springframework.core.codec.StringDecoder - [744f9c29] Decoded "438"
20:29:41.343 [reactor-http-nio-12] DEBUG reactor.netty.resources.PooledConnectionProvider - [id: 0xb21cf120, L:/127.0.0.1:49952 - R:localhost/127.0.0.1:8082] onStateChange(GET{uri=/getAttractionRewardPoints?attractionId=95525de4-c968-4f7a-aa5b-41923cc5b313&userId=2ba664ca-dda6-4633-a78d-1ce422c4f2ef, connection=PooledConnection{channel=[id: 0xb21cf120, L:/127.0.0.1:49952 - R:localhost/127.0.0.1:8082]}}, [disconnecting])
20:29:41.343 [reactor-http-nio-12] DEBUG reactor.netty.resources.PooledConnectionProvider - [id: 0xb21cf120, L:/127.0.0.1:49952 - R:localhost/127.0.0.1:8082] Releasing channel
20:29:41.343 [reactor-http-nio-12] DEBUG reactor.netty.resources.PooledConnectionProvider - [id: 0xb21cf120, L:/127.0.0.1:49952 - R:localhost/127.0.0.1:8082] Channel cleaned, now 7 active connections and 58 inactive connections
20:29:41.367 [reactor-http-nio-10] DEBUG reactor.netty.http.client.HttpClientOperations - [id: 0x0ceedb0f, L:/127.0.0.1:49954 - R:localhost/127.0.0.1:8082] Received response (auto-read:false) : [Content-Type=application/json, Transfer-Encoding=chunked, Date=Tue, 29 Jun 2021 14:59:40 GMT]
20:29:41.367 [reactor-http-nio-10] DEBUG reactor.netty.resources.PooledConnectionProvider - [id: 0x0ceedb0f, L:/127.0.0.1:49954 - R:localhost/127.0.0.1:8082] onStateChange(GET{uri=/getAttractionRewardPoints?attractionId=bb68ce98-a83d-46a7-a836-9c2c2224b663&userId=b023d933-a142-4b48-959b-e5fbdcbe0167, connection=PooledConnection{channel=[id: 0x0ceedb0f, L:/127.0.0.1:49954 - R:localhost/127.0.0.1:8082]}}, [response_received])
20:29:41.367 [reactor-http-nio-10] DEBUG org.springframework.web.reactive.function.client.ExchangeFunctions - [ea6f6a1] Response 200 OK
20:29:41.367 [reactor-http-nio-10] DEBUG reactor.netty.channel.FluxReceive - [id: 0x0ceedb0f, L:/127.0.0.1:49954 - R:localhost/127.0.0.1:8082] Subscribing inbound receiver [pending: 0, cancelled:false, inboundDone: false]
20:29:41.367 [reactor-http-nio-10] DEBUG reactor.netty.http.client.HttpClientOperations - [id: 0x0ceedb0f, L:/127.0.0.1:49954 - R:localhost/127.0.0.1:8082] Received last HTTP packet
20:29:41.368 [reactor-http-nio-10] DEBUG org.springframework.core.codec.StringDecoder - [ea6f6a1] Decoded "96"
20:29:41.368 [reactor-http-nio-10] DEBUG reactor.netty.resources.PooledConnectionProvider - [id: 0x0ceedb0f, L:/127.0.0.1:49954 - R:localhost/127.0.0.1:8082] onStateChange(GET{uri=/getAttractionRewardPoints?attractionId=bb68ce98-a83d-46a7-a836-9c2c2224b663&userId=b023d933-a142-4b48-959b-e5fbdcbe0167, connection=PooledConnection{channel=[id: 0x0ceedb0f, L:/127.0.0.1:49954 - R:localhost/127.0.0.1:8082]}}, [disconnecting])
20:29:41.368 [reactor-http-nio-10] DEBUG reactor.netty.resources.PooledConnectionProvider - [id: 0x0ceedb0f, L:/127.0.0.1:49954 - R:localhost/127.0.0.1:8082] Releasing channel
20:29:41.368 [reactor-http-nio-10] DEBUG reactor.netty.resources.PooledConnectionProvider - [id: 0x0ceedb0f, L:/127.0.0.1:49954 - R:localhost/127.0.0.1:8082] Channel cleaned, now 6 active connections and 59 inactive connections
20:29:41.391 [reactor-http-nio-11] DEBUG reactor.netty.http.client.HttpClientOperations - [id: 0xd4c90cec, L:/127.0.0.1:49883 - R:localhost/127.0.0.1:8081] Received response (auto-read:false) : [Content-Type=application/json, Transfer-Encoding=chunked, Date=Tue, 29 Jun 2021 14:59:41 GMT]
20:29:41.391 [reactor-http-nio-11] DEBUG reactor.netty.resources.PooledConnectionProvider - [id: 0xd4c90cec, L:/127.0.0.1:49883 - R:localhost/127.0.0.1:8081] onStateChange(GET{uri=/getUserLocation?userId=3367c1ad-5365-43e2-bb3e-a8dec4b22956, connection=PooledConnection{channel=[id: 0xd4c90cec, L:/127.0.0.1:49883 - R:localhost/127.0.0.1:8081]}}, [response_received])
20:29:41.391 [reactor-http-nio-11] DEBUG org.springframework.web.reactive.function.client.ExchangeFunctions - [33b2e776] Response 200 OK
20:29:41.391 [reactor-http-nio-11] DEBUG reactor.netty.channel.FluxReceive - [id: 0xd4c90cec, L:/127.0.0.1:49883 - R:localhost/127.0.0.1:8081] Subscribing inbound receiver [pending: 0, cancelled:false, inboundDone: false]
20:29:41.392 [reactor-http-nio-11] DEBUG reactor.netty.http.client.HttpClientOperations - [id: 0xd4c90cec, L:/127.0.0.1:49883 - R:localhost/127.0.0.1:8081] Received last HTTP packet
20:29:41.392 [reactor-http-nio-11] DEBUG org.springframework.core.codec.StringDecoder - [33b2e776] Decoded "{"userId":"3367c1ad-5365-43e2-bb3e-a8dec4b22956","location":{"longitude":-109.816321,"latitude":-61 (truncated)...
20:29:41.392 [reactor-http-nio-11] DEBUG reactor.netty.resources.PooledConnectionProvider - [id: 0xd4c90cec, L:/127.0.0.1:49883 - R:localhost/127.0.0.1:8081] onStateChange(GET{uri=/getUserLocation?userId=3367c1ad-5365-43e2-bb3e-a8dec4b22956, connection=PooledConnection{channel=[id: 0xd4c90cec, L:/127.0.0.1:49883 - R:localhost/127.0.0.1:8081]}}, [disconnecting])
20:29:41.392 [reactor-http-nio-11] DEBUG reactor.netty.resources.PooledConnectionProvider - [id: 0xd4c90cec, L:/127.0.0.1:49883 - R:localhost/127.0.0.1:8081] Releasing channel
20:29:41.392 [reactor-http-nio-11] DEBUG reactor.netty.resources.PooledConnectionProvider - [id: 0xd4c90cec, L:/127.0.0.1:49883 - R:localhost/127.0.0.1:8081] Channel cleaned, now 0 active connections and 65 inactive connections
20:29:41.393 [pool-14-thread-1] DEBUG org.springframework.web.reactive.function.client.ExchangeFunctions - [73f937f6] HTTP GET http://localhost:8081/getAttractions
20:29:41.394 [reactor-http-nio-2] DEBUG reactor.netty.resources.PooledConnectionProvider - [id: 0x7dd6550e, L:/127.0.0.1:49925 - R:localhost/127.0.0.1:8081] Channel acquired, now 1 active connections and 64 inactive connections
20:29:41.394 [reactor-http-nio-2] DEBUG reactor.netty.http.client.HttpClientConnect - [id: 0x7dd6550e, L:/127.0.0.1:49925 - R:localhost/127.0.0.1:8081] Handler is being applied: {uri=http://localhost:8081/getAttractions, method=GET}
20:29:41.394 [reactor-http-nio-2] DEBUG reactor.netty.resources.PooledConnectionProvider - [id: 0x7dd6550e, L:/127.0.0.1:49925 - R:localhost/127.0.0.1:8081] onStateChange(GET{uri=/getAttractions, connection=PooledConnection{channel=[id: 0x7dd6550e, L:/127.0.0.1:49925 - R:localhost/127.0.0.1:8081]}}, [request_sent])
20:29:41.394 [reactor-http-nio-12] DEBUG reactor.netty.http.client.HttpClientOperations - [id: 0x1e6bc944, L:/127.0.0.1:49983 - R:localhost/127.0.0.1:8082] Received response (auto-read:false) : [Content-Type=application/json, Transfer-Encoding=chunked, Date=Tue, 29 Jun 2021 14:59:40 GMT]
20:29:41.394 [reactor-http-nio-12] DEBUG reactor.netty.resources.PooledConnectionProvider - [id: 0x1e6bc944, L:/127.0.0.1:49983 - R:localhost/127.0.0.1:8082] onStateChange(GET{uri=/getAttractionRewardPoints?attractionId=b0aa8f0b-7666-47a9-9cba-873443d5442d&userId=23ee7d43-8b3e-4dfc-a44f-784f2229179a, connection=PooledConnection{channel=[id: 0x1e6bc944, L:/127.0.0.1:49983 - R:localhost/127.0.0.1:8082]}}, [response_received])
20:29:41.394 [reactor-http-nio-12] DEBUG org.springframework.web.reactive.function.client.ExchangeFunctions - [163758fa] Response 200 OK
20:29:41.395 [reactor-http-nio-12] DEBUG reactor.netty.channel.FluxReceive - [id: 0x1e6bc944, L:/127.0.0.1:49983 - R:localhost/127.0.0.1:8082] Subscribing inbound receiver [pending: 0, cancelled:false, inboundDone: false]
20:29:41.395 [reactor-http-nio-12] DEBUG reactor.netty.http.client.HttpClientOperations - [id: 0x1e6bc944, L:/127.0.0.1:49983 - R:localhost/127.0.0.1:8082] Received last HTTP packet
20:29:41.395 [reactor-http-nio-12] DEBUG org.springframework.core.codec.StringDecoder - [163758fa] Decoded "682"
20:29:41.395 [reactor-http-nio-12] DEBUG reactor.netty.resources.PooledConnectionProvider - [id: 0x1e6bc944, L:/127.0.0.1:49983 - R:localhost/127.0.0.1:8082] onStateChange(GET{uri=/getAttractionRewardPoints?attractionId=b0aa8f0b-7666-47a9-9cba-873443d5442d&userId=23ee7d43-8b3e-4dfc-a44f-784f2229179a, connection=PooledConnection{channel=[id: 0x1e6bc944, L:/127.0.0.1:49983 - R:localhost/127.0.0.1:8082]}}, [disconnecting])
20:29:41.395 [reactor-http-nio-12] DEBUG reactor.netty.resources.PooledConnectionProvider - [id: 0x1e6bc944, L:/127.0.0.1:49983 - R:localhost/127.0.0.1:8082] Releasing channel
20:29:41.395 [reactor-http-nio-12] DEBUG reactor.netty.resources.PooledConnectionProvider - [id: 0x1e6bc944, L:/127.0.0.1:49983 - R:localhost/127.0.0.1:8082] Channel cleaned, now 5 active connections and 60 inactive connections
20:29:41.406 [reactor-http-nio-10] DEBUG reactor.netty.http.client.HttpClientOperations - [id: 0x71aea6bf, L:/127.0.0.1:49998 - R:localhost/127.0.0.1:8082] Received response (auto-read:false) : [Content-Type=application/json, Transfer-Encoding=chunked, Date=Tue, 29 Jun 2021 14:59:40 GMT]
20:29:41.406 [reactor-http-nio-10] DEBUG reactor.netty.resources.PooledConnectionProvider - [id: 0x71aea6bf, L:/127.0.0.1:49998 - R:localhost/127.0.0.1:8082] onStateChange(GET{uri=/getAttractionRewardPoints?attractionId=f6f13217-23d9-4a62-bfb0-2cc9d384705d&userId=8edea616-9dad-4ae9-aeb3-106b528d10c2, connection=PooledConnection{channel=[id: 0x71aea6bf, L:/127.0.0.1:49998 - R:localhost/127.0.0.1:8082]}}, [response_received])
20:29:41.406 [reactor-http-nio-10] DEBUG org.springframework.web.reactive.function.client.ExchangeFunctions - [3823807a] Response 200 OK
20:29:41.406 [reactor-http-nio-2] DEBUG reactor.netty.http.client.HttpClientOperations - [id: 0x7dd6550e, L:/127.0.0.1:49925 - R:localhost/127.0.0.1:8081] Received response (auto-read:false) : [Content-Type=application/json, Transfer-Encoding=chunked, Date=Tue, 29 Jun 2021 14:59:41 GMT]
20:29:41.406 [reactor-http-nio-2] DEBUG reactor.netty.resources.PooledConnectionProvider - [id: 0x7dd6550e, L:/127.0.0.1:49925 - R:localhost/127.0.0.1:8081] onStateChange(GET{uri=/getAttractions, connection=PooledConnection{channel=[id: 0x7dd6550e, L:/127.0.0.1:49925 - R:localhost/127.0.0.1:8081]}}, [response_received])
20:29:41.406 [reactor-http-nio-2] DEBUG org.springframework.web.reactive.function.client.ExchangeFunctions - [73f937f6] Response 200 OK
20:29:41.407 [reactor-http-nio-10] DEBUG reactor.netty.channel.FluxReceive - [id: 0x71aea6bf, L:/127.0.0.1:49998 - R:localhost/127.0.0.1:8082] Subscribing inbound receiver [pending: 0, cancelled:false, inboundDone: false]
20:29:41.407 [reactor-http-nio-2] DEBUG reactor.netty.channel.FluxReceive - [id: 0x7dd6550e, L:/127.0.0.1:49925 - R:localhost/127.0.0.1:8081] Subscribing inbound receiver [pending: 0, cancelled:false, inboundDone: false]
20:29:41.407 [reactor-http-nio-10] DEBUG reactor.netty.http.client.HttpClientOperations - [id: 0x71aea6bf, L:/127.0.0.1:49998 - R:localhost/127.0.0.1:8082] Received last HTTP packet
20:29:41.407 [reactor-http-nio-2] DEBUG reactor.netty.http.client.HttpClientOperations - [id: 0x7dd6550e, L:/127.0.0.1:49925 - R:localhost/127.0.0.1:8081] Received last HTTP packet
20:29:41.407 [reactor-http-nio-10] DEBUG org.springframework.core.codec.StringDecoder - [3823807a] Decoded "440"
20:29:41.407 [reactor-http-nio-2] DEBUG org.springframework.core.codec.StringDecoder - [73f937f6] Decoded "[{"longitude":-117.922008,"latitude":33.817595,"attractionName":"Disneyland","city":"Anaheim","stat (truncated)...
20:29:41.407 [reactor-http-nio-10] DEBUG reactor.netty.resources.PooledConnectionProvider - [id: 0x71aea6bf, L:/127.0.0.1:49998 - R:localhost/127.0.0.1:8082] onStateChange(GET{uri=/getAttractionRewardPoints?attractionId=f6f13217-23d9-4a62-bfb0-2cc9d384705d&userId=8edea616-9dad-4ae9-aeb3-106b528d10c2, connection=PooledConnection{channel=[id: 0x71aea6bf, L:/127.0.0.1:49998 - R:localhost/127.0.0.1:8082]}}, [disconnecting])
20:29:41.407 [reactor-http-nio-10] DEBUG reactor.netty.resources.PooledConnectionProvider - [id: 0x71aea6bf, L:/127.0.0.1:49998 - R:localhost/127.0.0.1:8082] Releasing channel
20:29:41.407 [reactor-http-nio-2] DEBUG reactor.netty.resources.PooledConnectionProvider - [id: 0x7dd6550e, L:/127.0.0.1:49925 - R:localhost/127.0.0.1:8081] onStateChange(GET{uri=/getAttractions, connection=PooledConnection{channel=[id: 0x7dd6550e, L:/127.0.0.1:49925 - R:localhost/127.0.0.1:8081]}}, [disconnecting])
20:29:41.407 [reactor-http-nio-10] DEBUG reactor.netty.resources.PooledConnectionProvider - [id: 0x71aea6bf, L:/127.0.0.1:49998 - R:localhost/127.0.0.1:8082] Channel cleaned, now 4 active connections and 61 inactive connections
20:29:41.407 [reactor-http-nio-2] DEBUG reactor.netty.resources.PooledConnectionProvider - [id: 0x7dd6550e, L:/127.0.0.1:49925 - R:localhost/127.0.0.1:8081] Releasing channel
20:29:41.407 [reactor-http-nio-2] DEBUG reactor.netty.resources.PooledConnectionProvider - [id: 0x7dd6550e, L:/127.0.0.1:49925 - R:localhost/127.0.0.1:8081] Channel cleaned, now 0 active connections and 65 inactive connections
20:29:41.408 [pool-14-thread-1] DEBUG org.springframework.web.reactive.function.client.ExchangeFunctions - [30f3b1e7] HTTP GET http://localhost:8081/getUserLocation?userId=4fff623e-7045-4912-9e46-962386f50d78
20:29:41.408 [reactor-http-nio-11] DEBUG reactor.netty.resources.PooledConnectionProvider - [id: 0xa8d1cb41, L:/127.0.0.1:49934 - R:localhost/127.0.0.1:8081] Channel acquired, now 1 active connections and 64 inactive connections
20:29:41.408 [reactor-http-nio-11] DEBUG reactor.netty.http.client.HttpClientConnect - [id: 0xa8d1cb41, L:/127.0.0.1:49934 - R:localhost/127.0.0.1:8081] Handler is being applied: {uri=http://localhost:8081/getUserLocation?userId=4fff623e-7045-4912-9e46-962386f50d78, method=GET}
20:29:41.408 [reactor-http-nio-11] DEBUG reactor.netty.resources.PooledConnectionProvider - [id: 0xa8d1cb41, L:/127.0.0.1:49934 - R:localhost/127.0.0.1:8081] onStateChange(GET{uri=/getUserLocation?userId=4fff623e-7045-4912-9e46-962386f50d78, connection=PooledConnection{channel=[id: 0xa8d1cb41, L:/127.0.0.1:49934 - R:localhost/127.0.0.1:8081]}}, [request_sent])
20:29:41.411 [reactor-http-nio-12] DEBUG reactor.netty.http.client.HttpClientOperations - [id: 0x980ec248, L:/127.0.0.1:49961 - R:localhost/127.0.0.1:8082] Received response (auto-read:false) : [Content-Type=application/json, Transfer-Encoding=chunked, Date=Tue, 29 Jun 2021 14:59:40 GMT]
20:29:41.411 [reactor-http-nio-12] DEBUG reactor.netty.resources.PooledConnectionProvider - [id: 0x980ec248, L:/127.0.0.1:49961 - R:localhost/127.0.0.1:8082] onStateChange(GET{uri=/getAttractionRewardPoints?attractionId=64e05ae7-2168-46ac-8779-82c9923ab31a&userId=99e910b7-154d-45f8-a211-89fe8eb8811a, connection=PooledConnection{channel=[id: 0x980ec248, L:/127.0.0.1:49961 - R:localhost/127.0.0.1:8082]}}, [response_received])
20:29:41.411 [reactor-http-nio-12] DEBUG org.springframework.web.reactive.function.client.ExchangeFunctions - [5cdf98de] Response 200 OK
20:29:41.411 [reactor-http-nio-12] DEBUG reactor.netty.channel.FluxReceive - [id: 0x980ec248, L:/127.0.0.1:49961 - R:localhost/127.0.0.1:8082] Subscribing inbound receiver [pending: 0, cancelled:false, inboundDone: false]
20:29:41.411 [reactor-http-nio-12] DEBUG reactor.netty.http.client.HttpClientOperations - [id: 0x980ec248, L:/127.0.0.1:49961 - R:localhost/127.0.0.1:8082] Received last HTTP packet
20:29:41.412 [reactor-http-nio-12] DEBUG org.springframework.core.codec.StringDecoder - [5cdf98de] Decoded "305"
20:29:41.412 [reactor-http-nio-12] DEBUG reactor.netty.resources.PooledConnectionProvider - [id: 0x980ec248, L:/127.0.0.1:49961 - R:localhost/127.0.0.1:8082] onStateChange(GET{uri=/getAttractionRewardPoints?attractionId=64e05ae7-2168-46ac-8779-82c9923ab31a&userId=99e910b7-154d-45f8-a211-89fe8eb8811a, connection=PooledConnection{channel=[id: 0x980ec248, L:/127.0.0.1:49961 - R:localhost/127.0.0.1:8082]}}, [disconnecting])
20:29:41.412 [reactor-http-nio-12] DEBUG reactor.netty.resources.PooledConnectionProvider - [id: 0x980ec248, L:/127.0.0.1:49961 - R:localhost/127.0.0.1:8082] Releasing channel
20:29:41.412 [reactor-http-nio-12] DEBUG reactor.netty.resources.PooledConnectionProvider - [id: 0x980ec248, L:/127.0.0.1:49961 - R:localhost/127.0.0.1:8082] Channel cleaned, now 3 active connections and 62 inactive connections
20:29:41.445 [reactor-http-nio-13] DEBUG reactor.netty.http.client.HttpClientOperations - [id: 0x109b9dd3, L:/127.0.0.1:49955 - R:localhost/127.0.0.1:8082] Received response (auto-read:false) : [Content-Type=application/json, Transfer-Encoding=chunked, Date=Tue, 29 Jun 2021 14:59:40 GMT]
20:29:41.445 [reactor-http-nio-13] DEBUG reactor.netty.resources.PooledConnectionProvider - [id: 0x109b9dd3, L:/127.0.0.1:49955 - R:localhost/127.0.0.1:8082] onStateChange(GET{uri=/getAttractionRewardPoints?attractionId=f4a9c9ad-012c-4f3b-8878-3313d4d64bdf&userId=4a513d41-0f04-4551-afc0-a93e2d950319, connection=PooledConnection{channel=[id: 0x109b9dd3, L:/127.0.0.1:49955 - R:localhost/127.0.0.1:8082]}}, [response_received])
20:29:41.445 [reactor-http-nio-13] DEBUG org.springframework.web.reactive.function.client.ExchangeFunctions - [3cb16fe7] Response 200 OK
20:29:41.446 [reactor-http-nio-13] DEBUG reactor.netty.channel.FluxReceive - [id: 0x109b9dd3, L:/127.0.0.1:49955 - R:localhost/127.0.0.1:8082] Subscribing inbound receiver [pending: 0, cancelled:false, inboundDone: false]
20:29:41.446 [reactor-http-nio-13] DEBUG reactor.netty.http.client.HttpClientOperations - [id: 0x109b9dd3, L:/127.0.0.1:49955 - R:localhost/127.0.0.1:8082] Received last HTTP packet
20:29:41.446 [reactor-http-nio-13] DEBUG org.springframework.core.codec.StringDecoder - [3cb16fe7] Decoded "66"
20:29:41.446 [reactor-http-nio-13] DEBUG reactor.netty.resources.PooledConnectionProvider - [id: 0x109b9dd3, L:/127.0.0.1:49955 - R:localhost/127.0.0.1:8082] onStateChange(GET{uri=/getAttractionRewardPoints?attractionId=f4a9c9ad-012c-4f3b-8878-3313d4d64bdf&userId=4a513d41-0f04-4551-afc0-a93e2d950319, connection=PooledConnection{channel=[id: 0x109b9dd3, L:/127.0.0.1:49955 - R:localhost/127.0.0.1:8082]}}, [disconnecting])
20:29:41.446 [reactor-http-nio-13] DEBUG reactor.netty.resources.PooledConnectionProvider - [id: 0x109b9dd3, L:/127.0.0.1:49955 - R:localhost/127.0.0.1:8082] Releasing channel
20:29:41.446 [reactor-http-nio-13] DEBUG reactor.netty.resources.PooledConnectionProvider - [id: 0x109b9dd3, L:/127.0.0.1:49955 - R:localhost/127.0.0.1:8082] Channel cleaned, now 2 active connections and 63 inactive connections
20:29:41.503 [reactor-http-nio-11] DEBUG reactor.netty.http.client.HttpClientOperations - [id: 0xa8d1cb41, L:/127.0.0.1:49934 - R:localhost/127.0.0.1:8081] Received response (auto-read:false) : [Content-Type=application/json, Transfer-Encoding=chunked, Date=Tue, 29 Jun 2021 14:59:41 GMT]
20:29:41.503 [reactor-http-nio-11] DEBUG reactor.netty.resources.PooledConnectionProvider - [id: 0xa8d1cb41, L:/127.0.0.1:49934 - R:localhost/127.0.0.1:8081] onStateChange(GET{uri=/getUserLocation?userId=4fff623e-7045-4912-9e46-962386f50d78, connection=PooledConnection{channel=[id: 0xa8d1cb41, L:/127.0.0.1:49934 - R:localhost/127.0.0.1:8081]}}, [response_received])
20:29:41.503 [reactor-http-nio-11] DEBUG org.springframework.web.reactive.function.client.ExchangeFunctions - [30f3b1e7] Response 200 OK
20:29:41.504 [reactor-http-nio-11] DEBUG reactor.netty.channel.FluxReceive - [id: 0xa8d1cb41, L:/127.0.0.1:49934 - R:localhost/127.0.0.1:8081] Subscribing inbound receiver [pending: 0, cancelled:false, inboundDone: false]
20:29:41.504 [reactor-http-nio-11] DEBUG reactor.netty.http.client.HttpClientOperations - [id: 0xa8d1cb41, L:/127.0.0.1:49934 - R:localhost/127.0.0.1:8081] Received last HTTP packet
20:29:41.505 [reactor-http-nio-11] DEBUG org.springframework.core.codec.StringDecoder - [30f3b1e7] Decoded "{"userId":"4fff623e-7045-4912-9e46-962386f50d78","location":{"longitude":-61.658413,"latitude":41.2 (truncated)...
20:29:41.505 [reactor-http-nio-11] DEBUG reactor.netty.resources.PooledConnectionProvider - [id: 0xa8d1cb41, L:/127.0.0.1:49934 - R:localhost/127.0.0.1:8081] onStateChange(GET{uri=/getUserLocation?userId=4fff623e-7045-4912-9e46-962386f50d78, connection=PooledConnection{channel=[id: 0xa8d1cb41, L:/127.0.0.1:49934 - R:localhost/127.0.0.1:8081]}}, [disconnecting])
20:29:41.505 [reactor-http-nio-11] DEBUG reactor.netty.resources.PooledConnectionProvider - [id: 0xa8d1cb41, L:/127.0.0.1:49934 - R:localhost/127.0.0.1:8081] Releasing channel
20:29:41.505 [reactor-http-nio-11] DEBUG reactor.netty.resources.PooledConnectionProvider - [id: 0xa8d1cb41, L:/127.0.0.1:49934 - R:localhost/127.0.0.1:8081] Channel cleaned, now 0 active connections and 65 inactive connections
20:29:41.507 [pool-14-thread-1] DEBUG org.springframework.web.reactive.function.client.ExchangeFunctions - [13d1643e] HTTP GET http://localhost:8081/getAttractions
20:29:41.507 [reactor-http-nio-2] DEBUG reactor.netty.resources.PooledConnectionProvider - [id: 0x5d20b19f, L:/127.0.0.1:49926 - R:localhost/127.0.0.1:8081] Channel acquired, now 1 active connections and 64 inactive connections
20:29:41.508 [reactor-http-nio-2] DEBUG reactor.netty.http.client.HttpClientConnect - [id: 0x5d20b19f, L:/127.0.0.1:49926 - R:localhost/127.0.0.1:8081] Handler is being applied: {uri=http://localhost:8081/getAttractions, method=GET}
20:29:41.508 [reactor-http-nio-2] DEBUG reactor.netty.resources.PooledConnectionProvider - [id: 0x5d20b19f, L:/127.0.0.1:49926 - R:localhost/127.0.0.1:8081] onStateChange(GET{uri=/getAttractions, connection=PooledConnection{channel=[id: 0x5d20b19f, L:/127.0.0.1:49926 - R:localhost/127.0.0.1:8081]}}, [request_sent])
20:29:41.516 [reactor-http-nio-12] DEBUG reactor.netty.http.client.HttpClientOperations - [id: 0x45b00ab0, L:/127.0.0.1:49999 - R:localhost/127.0.0.1:8082] Received response (auto-read:false) : [Content-Type=application/json, Transfer-Encoding=chunked, Date=Tue, 29 Jun 2021 14:59:40 GMT]
20:29:41.516 [reactor-http-nio-12] DEBUG reactor.netty.resources.PooledConnectionProvider - [id: 0x45b00ab0, L:/127.0.0.1:49999 - R:localhost/127.0.0.1:8082] onStateChange(GET{uri=/getAttractionRewardPoints?attractionId=d6f0f480-2730-4dfc-8fe9-554a341a2936&userId=d359cb08-1aeb-4f8d-85a5-8561d7872835, connection=PooledConnection{channel=[id: 0x45b00ab0, L:/127.0.0.1:49999 - R:localhost/127.0.0.1:8082]}}, [response_received])
20:29:41.516 [reactor-http-nio-12] DEBUG org.springframework.web.reactive.function.client.ExchangeFunctions - [4d65c40f] Response 200 OK
20:29:41.517 [reactor-http-nio-12] DEBUG reactor.netty.channel.FluxReceive - [id: 0x45b00ab0, L:/127.0.0.1:49999 - R:localhost/127.0.0.1:8082] Subscribing inbound receiver [pending: 0, cancelled:false, inboundDone: false]
20:29:41.517 [reactor-http-nio-12] DEBUG reactor.netty.http.client.HttpClientOperations - [id: 0x45b00ab0, L:/127.0.0.1:49999 - R:localhost/127.0.0.1:8082] Received last HTTP packet
20:29:41.517 [reactor-http-nio-12] DEBUG org.springframework.core.codec.StringDecoder - [4d65c40f] Decoded "959"
20:29:41.517 [reactor-http-nio-12] DEBUG reactor.netty.resources.PooledConnectionProvider - [id: 0x45b00ab0, L:/127.0.0.1:49999 - R:localhost/127.0.0.1:8082] onStateChange(GET{uri=/getAttractionRewardPoints?attractionId=d6f0f480-2730-4dfc-8fe9-554a341a2936&userId=d359cb08-1aeb-4f8d-85a5-8561d7872835, connection=PooledConnection{channel=[id: 0x45b00ab0, L:/127.0.0.1:49999 - R:localhost/127.0.0.1:8082]}}, [disconnecting])
20:29:41.517 [reactor-http-nio-12] DEBUG reactor.netty.resources.PooledConnectionProvider - [id: 0x45b00ab0, L:/127.0.0.1:49999 - R:localhost/127.0.0.1:8082] Releasing channel
20:29:41.517 [reactor-http-nio-12] DEBUG reactor.netty.resources.PooledConnectionProvider - [id: 0x45b00ab0, L:/127.0.0.1:49999 - R:localhost/127.0.0.1:8082] Channel cleaned, now 1 active connections and 64 inactive connections
20:29:41.521 [reactor-http-nio-2] DEBUG reactor.netty.http.client.HttpClientOperations - [id: 0x5d20b19f, L:/127.0.0.1:49926 - R:localhost/127.0.0.1:8081] Received response (auto-read:false) : [Content-Type=application/json, Transfer-Encoding=chunked, Date=Tue, 29 Jun 2021 14:59:41 GMT]
20:29:41.521 [reactor-http-nio-2] DEBUG reactor.netty.resources.PooledConnectionProvider - [id: 0x5d20b19f, L:/127.0.0.1:49926 - R:localhost/127.0.0.1:8081] onStateChange(GET{uri=/getAttractions, connection=PooledConnection{channel=[id: 0x5d20b19f, L:/127.0.0.1:49926 - R:localhost/127.0.0.1:8081]}}, [response_received])
20:29:41.521 [reactor-http-nio-2] DEBUG org.springframework.web.reactive.function.client.ExchangeFunctions - [13d1643e] Response 200 OK
20:29:41.521 [reactor-http-nio-2] DEBUG reactor.netty.channel.FluxReceive - [id: 0x5d20b19f, L:/127.0.0.1:49926 - R:localhost/127.0.0.1:8081] Subscribing inbound receiver [pending: 0, cancelled:false, inboundDone: false]
20:29:41.522 [reactor-http-nio-2] DEBUG reactor.netty.http.client.HttpClientOperations - [id: 0x5d20b19f, L:/127.0.0.1:49926 - R:localhost/127.0.0.1:8081] Received last HTTP packet
20:29:41.522 [reactor-http-nio-2] DEBUG org.springframework.core.codec.StringDecoder - [13d1643e] Decoded "[{"longitude":-117.922008,"latitude":33.817595,"attractionName":"Disneyland","city":"Anaheim","stat (truncated)...
20:29:41.522 [reactor-http-nio-2] DEBUG reactor.netty.resources.PooledConnectionProvider - [id: 0x5d20b19f, L:/127.0.0.1:49926 - R:localhost/127.0.0.1:8081] onStateChange(GET{uri=/getAttractions, connection=PooledConnection{channel=[id: 0x5d20b19f, L:/127.0.0.1:49926 - R:localhost/127.0.0.1:8081]}}, [disconnecting])
20:29:41.522 [reactor-http-nio-2] DEBUG reactor.netty.resources.PooledConnectionProvider - [id: 0x5d20b19f, L:/127.0.0.1:49926 - R:localhost/127.0.0.1:8081] Releasing channel
20:29:41.522 [reactor-http-nio-2] DEBUG reactor.netty.resources.PooledConnectionProvider - [id: 0x5d20b19f, L:/127.0.0.1:49926 - R:localhost/127.0.0.1:8081] Channel cleaned, now 0 active connections and 65 inactive connections
20:29:41.527 [pool-14-thread-1] DEBUG org.springframework.web.reactive.function.client.ExchangeFunctions - [37fcb865] HTTP GET http://localhost:8081/getUserLocation?userId=9c078a3f-4671-4f98-a06c-0d6a79978073
20:29:41.527 [reactor-http-nio-11] DEBUG reactor.netty.resources.PooledConnectionProvider - [id: 0x952ee786, L:/127.0.0.1:49873 - R:localhost/127.0.0.1:8081] Channel acquired, now 1 active connections and 64 inactive connections
20:29:41.527 [reactor-http-nio-11] DEBUG reactor.netty.http.client.HttpClientConnect - [id: 0x952ee786, L:/127.0.0.1:49873 - R:localhost/127.0.0.1:8081] Handler is being applied: {uri=http://localhost:8081/getUserLocation?userId=9c078a3f-4671-4f98-a06c-0d6a79978073, method=GET}
20:29:41.527 [reactor-http-nio-11] DEBUG reactor.netty.resources.PooledConnectionProvider - [id: 0x952ee786, L:/127.0.0.1:49873 - R:localhost/127.0.0.1:8081] onStateChange(GET{uri=/getUserLocation?userId=9c078a3f-4671-4f98-a06c-0d6a79978073, connection=PooledConnection{channel=[id: 0x952ee786, L:/127.0.0.1:49873 - R:localhost/127.0.0.1:8081]}}, [request_sent])
20:29:41.611 [reactor-http-nio-11] DEBUG reactor.netty.http.client.HttpClientOperations - [id: 0x952ee786, L:/127.0.0.1:49873 - R:localhost/127.0.0.1:8081] Received response (auto-read:false) : [Content-Type=application/json, Transfer-Encoding=chunked, Date=Tue, 29 Jun 2021 14:59:41 GMT]
20:29:41.611 [reactor-http-nio-11] DEBUG reactor.netty.resources.PooledConnectionProvider - [id: 0x952ee786, L:/127.0.0.1:49873 - R:localhost/127.0.0.1:8081] onStateChange(GET{uri=/getUserLocation?userId=9c078a3f-4671-4f98-a06c-0d6a79978073, connection=PooledConnection{channel=[id: 0x952ee786, L:/127.0.0.1:49873 - R:localhost/127.0.0.1:8081]}}, [response_received])
20:29:41.611 [reactor-http-nio-11] DEBUG org.springframework.web.reactive.function.client.ExchangeFunctions - [37fcb865] Response 200 OK
20:29:41.611 [reactor-http-nio-11] DEBUG reactor.netty.channel.FluxReceive - [id: 0x952ee786, L:/127.0.0.1:49873 - R:localhost/127.0.0.1:8081] Subscribing inbound receiver [pending: 0, cancelled:false, inboundDone: false]
20:29:41.611 [reactor-http-nio-11] DEBUG reactor.netty.http.client.HttpClientOperations - [id: 0x952ee786, L:/127.0.0.1:49873 - R:localhost/127.0.0.1:8081] Received last HTTP packet
20:29:41.611 [reactor-http-nio-11] DEBUG org.springframework.core.codec.StringDecoder - [37fcb865] Decoded "{"userId":"9c078a3f-4671-4f98-a06c-0d6a79978073","location":{"longitude":-9.574211,"latitude":54.95 (truncated)...
20:29:41.611 [reactor-http-nio-11] DEBUG reactor.netty.resources.PooledConnectionProvider - [id: 0x952ee786, L:/127.0.0.1:49873 - R:localhost/127.0.0.1:8081] onStateChange(GET{uri=/getUserLocation?userId=9c078a3f-4671-4f98-a06c-0d6a79978073, connection=PooledConnection{channel=[id: 0x952ee786, L:/127.0.0.1:49873 - R:localhost/127.0.0.1:8081]}}, [disconnecting])
20:29:41.611 [reactor-http-nio-11] DEBUG reactor.netty.resources.PooledConnectionProvider - [id: 0x952ee786, L:/127.0.0.1:49873 - R:localhost/127.0.0.1:8081] Releasing channel
20:29:41.611 [reactor-http-nio-11] DEBUG reactor.netty.resources.PooledConnectionProvider - [id: 0x952ee786, L:/127.0.0.1:49873 - R:localhost/127.0.0.1:8081] Channel cleaned, now 0 active connections and 65 inactive connections
20:29:41.613 [pool-14-thread-1] DEBUG org.springframework.web.reactive.function.client.ExchangeFunctions - [d806feb] HTTP GET http://localhost:8081/getAttractions
20:29:41.613 [reactor-http-nio-2] DEBUG reactor.netty.resources.PooledConnectionProvider - [id: 0x5921853c, L:/127.0.0.1:49928 - R:localhost/127.0.0.1:8081] Channel acquired, now 1 active connections and 64 inactive connections
20:29:41.613 [reactor-http-nio-2] DEBUG reactor.netty.http.client.HttpClientConnect - [id: 0x5921853c, L:/127.0.0.1:49928 - R:localhost/127.0.0.1:8081] Handler is being applied: {uri=http://localhost:8081/getAttractions, method=GET}
20:29:41.614 [reactor-http-nio-2] DEBUG reactor.netty.resources.PooledConnectionProvider - [id: 0x5921853c, L:/127.0.0.1:49928 - R:localhost/127.0.0.1:8081] onStateChange(GET{uri=/getAttractions, connection=PooledConnection{channel=[id: 0x5921853c, L:/127.0.0.1:49928 - R:localhost/127.0.0.1:8081]}}, [request_sent])
20:29:41.616 [reactor-http-nio-12] DEBUG reactor.netty.http.client.HttpClientOperations - [id: 0xddec26e6, L:/127.0.0.1:49993 - R:localhost/127.0.0.1:8082] Received response (auto-read:false) : [Content-Type=application/json, Transfer-Encoding=chunked, Date=Tue, 29 Jun 2021 14:59:40 GMT]
20:29:41.616 [reactor-http-nio-12] DEBUG reactor.netty.resources.PooledConnectionProvider - [id: 0xddec26e6, L:/127.0.0.1:49993 - R:localhost/127.0.0.1:8082] onStateChange(GET{uri=/getAttractionRewardPoints?attractionId=e4d9f8be-4618-4b90-b765-a49e11122621&userId=f70af806-2e26-4613-9d2d-d16b26c3c076, connection=PooledConnection{channel=[id: 0xddec26e6, L:/127.0.0.1:49993 - R:localhost/127.0.0.1:8082]}}, [response_received])
20:29:41.616 [reactor-http-nio-12] DEBUG org.springframework.web.reactive.function.client.ExchangeFunctions - [36e26949] Response 200 OK
20:29:41.616 [reactor-http-nio-12] DEBUG reactor.netty.channel.FluxReceive - [id: 0xddec26e6, L:/127.0.0.1:49993 - R:localhost/127.0.0.1:8082] Subscribing inbound receiver [pending: 0, cancelled:false, inboundDone: false]
20:29:41.617 [reactor-http-nio-12] DEBUG reactor.netty.http.client.HttpClientOperations - [id: 0xddec26e6, L:/127.0.0.1:49993 - R:localhost/127.0.0.1:8082] Received last HTTP packet
20:29:41.617 [reactor-http-nio-12] DEBUG org.springframework.core.codec.StringDecoder - [36e26949] Decoded "606"
20:29:41.617 [reactor-http-nio-12] DEBUG reactor.netty.resources.PooledConnectionProvider - [id: 0xddec26e6, L:/127.0.0.1:49993 - R:localhost/127.0.0.1:8082] onStateChange(GET{uri=/getAttractionRewardPoints?attractionId=e4d9f8be-4618-4b90-b765-a49e11122621&userId=f70af806-2e26-4613-9d2d-d16b26c3c076, connection=PooledConnection{channel=[id: 0xddec26e6, L:/127.0.0.1:49993 - R:localhost/127.0.0.1:8082]}}, [disconnecting])
20:29:41.617 [reactor-http-nio-12] DEBUG reactor.netty.resources.PooledConnectionProvider - [id: 0xddec26e6, L:/127.0.0.1:49993 - R:localhost/127.0.0.1:8082] Releasing channel
20:29:41.617 [reactor-http-nio-12] DEBUG reactor.netty.resources.PooledConnectionProvider - [id: 0xddec26e6, L:/127.0.0.1:49993 - R:localhost/127.0.0.1:8082] Channel cleaned, now 0 active connections and 65 inactive connections
highVolumeGetRewards: Time Elapsed: 1 seconds.
20:29:41.617 [pool-14-thread-1] DEBUG org.springframework.web.reactive.function.client.ExchangeFunctions - [d806feb] Cancel signal (to close connection)
]]></system-out>
  <system-err><![CDATA[]]></system-err>
</testsuite>
