<?xml version="1.0" encoding="UTF-8"?>
<testsuite name="tourGuide.TestRewardsService" tests="3" skipped="1" failures="0" errors="0" timestamp="2021-06-11T15:10:45" hostname="Rahuls-MacBook-Pro.local" time="1.017">
  <properties/>
  <testcase name="nearAllAttractions" classname="tourGuide.TestRewardsService" time="0.0">
    <skipped/>
  </testcase>
  <testcase name="userGetRewards" classname="tourGuide.TestRewardsService" time="0.996"/>
  <testcase name="isWithinAttractionProximity" classname="tourGuide.TestRewardsService" time="0.021"/>
  <system-out><![CDATA[20:40:45.744 [Test worker] INFO tourGuide.service.TourGuideService - TestMode enabled
20:40:45.744 [Test worker] DEBUG tourGuide.service.TourGuideService - Initializing users
20:40:45.744 [Test worker] DEBUG tourGuide.service.TourGuideService - Created 0 internal test users.
20:40:45.744 [Test worker] DEBUG tourGuide.service.TourGuideService - Finished initializing users
20:40:45.744 [pool-10-thread-1] DEBUG tourGuide.tracker.Tracker - Begin Tracker. Tracking 0 users.
20:40:45.745 [pool-10-thread-1] DEBUG tourGuide.tracker.Tracker - Tracker Time Elapsed: 0 seconds.
20:40:45.745 [pool-10-thread-1] DEBUG tourGuide.tracker.Tracker - Tracker sleeping
20:40:45.746 [Test worker] DEBUG org.springframework.web.reactive.function.client.ExchangeFunctions - [59262021] HTTP GET http://localhost:8081/getAttractions
20:40:45.746 [reactor-http-nio-16] DEBUG reactor.netty.resources.PooledConnectionProvider - [id: 0xa01a053c, L:/127.0.0.1:50244 - R:localhost/127.0.0.1:8081] Channel acquired, now 1 active connections and 0 inactive connections
20:40:45.746 [reactor-http-nio-16] DEBUG reactor.netty.http.client.HttpClientConnect - [id: 0xa01a053c, L:/127.0.0.1:50244 - R:localhost/127.0.0.1:8081] Handler is being applied: {uri=http://localhost:8081/getAttractions, method=GET}
20:40:45.747 [reactor-http-nio-16] DEBUG reactor.netty.resources.PooledConnectionProvider - [id: 0xa01a053c, L:/127.0.0.1:50244 - R:localhost/127.0.0.1:8081] onStateChange(GET{uri=/getAttractions, connection=PooledConnection{channel=[id: 0xa01a053c, L:/127.0.0.1:50244 - R:localhost/127.0.0.1:8081]}}, [request_sent])
20:40:45.761 [reactor-http-nio-16] DEBUG reactor.netty.http.client.HttpClientOperations - [id: 0xa01a053c, L:/127.0.0.1:50244 - R:localhost/127.0.0.1:8081] Received response (auto-read:false) : [Content-Type=application/json, Transfer-Encoding=chunked, Date=Fri, 11 Jun 2021 15:10:45 GMT]
20:40:45.762 [reactor-http-nio-16] DEBUG reactor.netty.resources.PooledConnectionProvider - [id: 0xa01a053c, L:/127.0.0.1:50244 - R:localhost/127.0.0.1:8081] onStateChange(GET{uri=/getAttractions, connection=PooledConnection{channel=[id: 0xa01a053c, L:/127.0.0.1:50244 - R:localhost/127.0.0.1:8081]}}, [response_received])
20:40:45.762 [reactor-http-nio-16] DEBUG org.springframework.web.reactive.function.client.ExchangeFunctions - [59262021] Response 200 OK
20:40:45.762 [reactor-http-nio-16] DEBUG reactor.netty.channel.FluxReceive - [id: 0xa01a053c, L:/127.0.0.1:50244 - R:localhost/127.0.0.1:8081] Subscribing inbound receiver [pending: 0, cancelled:false, inboundDone: false]
20:40:45.763 [reactor-http-nio-16] DEBUG reactor.netty.http.client.HttpClientOperations - [id: 0xa01a053c, L:/127.0.0.1:50244 - R:localhost/127.0.0.1:8081] Received last HTTP packet
20:40:45.764 [reactor-http-nio-16] DEBUG org.springframework.core.codec.StringDecoder - [59262021] Decoded "[{"longitude":-117.922008,"latitude":33.817595,"attractionName":"Disneyland","city":"Anaheim","stat (truncated)...
20:40:45.764 [reactor-http-nio-16] DEBUG reactor.netty.resources.PooledConnectionProvider - [id: 0xa01a053c, L:/127.0.0.1:50244 - R:localhost/127.0.0.1:8081] onStateChange(GET{uri=/getAttractions, connection=PooledConnection{channel=[id: 0xa01a053c, L:/127.0.0.1:50244 - R:localhost/127.0.0.1:8081]}}, [disconnecting])
20:40:45.764 [reactor-http-nio-16] DEBUG reactor.netty.resources.PooledConnectionProvider - [id: 0xa01a053c, L:/127.0.0.1:50244 - R:localhost/127.0.0.1:8081] Releasing channel
20:40:45.764 [reactor-http-nio-16] DEBUG reactor.netty.resources.PooledConnectionProvider - [id: 0xa01a053c, L:/127.0.0.1:50244 - R:localhost/127.0.0.1:8081] Channel cleaned, now 0 active connections and 1 inactive connections
20:40:45.767 [Test worker] DEBUG org.springframework.web.reactive.function.client.ExchangeFunctions - [44bdc65c] HTTP GET http://localhost:8081/getUserLocation?userId=8db2035b-fd3a-4ee3-94b9-19f68aa8e9d3
20:40:45.767 [reactor-http-nio-16] DEBUG reactor.netty.resources.PooledConnectionProvider - [id: 0xa01a053c, L:/127.0.0.1:50244 - R:localhost/127.0.0.1:8081] Channel acquired, now 1 active connections and 0 inactive connections
20:40:45.767 [reactor-http-nio-16] DEBUG reactor.netty.http.client.HttpClientConnect - [id: 0xa01a053c, L:/127.0.0.1:50244 - R:localhost/127.0.0.1:8081] Handler is being applied: {uri=http://localhost:8081/getUserLocation?userId=8db2035b-fd3a-4ee3-94b9-19f68aa8e9d3, method=GET}
20:40:45.768 [reactor-http-nio-16] DEBUG reactor.netty.resources.PooledConnectionProvider - [id: 0xa01a053c, L:/127.0.0.1:50244 - R:localhost/127.0.0.1:8081] onStateChange(GET{uri=/getUserLocation?userId=8db2035b-fd3a-4ee3-94b9-19f68aa8e9d3, connection=PooledConnection{channel=[id: 0xa01a053c, L:/127.0.0.1:50244 - R:localhost/127.0.0.1:8081]}}, [request_sent])
20:40:45.814 [reactor-http-nio-16] DEBUG reactor.netty.http.client.HttpClientOperations - [id: 0xa01a053c, L:/127.0.0.1:50244 - R:localhost/127.0.0.1:8081] Received response (auto-read:false) : [Content-Type=application/json, Transfer-Encoding=chunked, Date=Fri, 11 Jun 2021 15:10:45 GMT]
20:40:45.815 [reactor-http-nio-16] DEBUG reactor.netty.resources.PooledConnectionProvider - [id: 0xa01a053c, L:/127.0.0.1:50244 - R:localhost/127.0.0.1:8081] onStateChange(GET{uri=/getUserLocation?userId=8db2035b-fd3a-4ee3-94b9-19f68aa8e9d3, connection=PooledConnection{channel=[id: 0xa01a053c, L:/127.0.0.1:50244 - R:localhost/127.0.0.1:8081]}}, [response_received])
20:40:45.815 [reactor-http-nio-16] DEBUG org.springframework.web.reactive.function.client.ExchangeFunctions - [44bdc65c] Response 200 OK
20:40:45.816 [reactor-http-nio-16] DEBUG reactor.netty.channel.FluxReceive - [id: 0xa01a053c, L:/127.0.0.1:50244 - R:localhost/127.0.0.1:8081] Subscribing inbound receiver [pending: 0, cancelled:false, inboundDone: false]
20:40:45.816 [reactor-http-nio-16] DEBUG reactor.netty.http.client.HttpClientOperations - [id: 0xa01a053c, L:/127.0.0.1:50244 - R:localhost/127.0.0.1:8081] Received last HTTP packet
20:40:45.817 [reactor-http-nio-16] DEBUG org.springframework.core.codec.StringDecoder - [44bdc65c] Decoded "{"userId":"8db2035b-fd3a-4ee3-94b9-19f68aa8e9d3","location":{"longitude":-121.868231,"latitude":-57 (truncated)...
20:40:45.817 [reactor-http-nio-16] DEBUG reactor.netty.resources.PooledConnectionProvider - [id: 0xa01a053c, L:/127.0.0.1:50244 - R:localhost/127.0.0.1:8081] onStateChange(GET{uri=/getUserLocation?userId=8db2035b-fd3a-4ee3-94b9-19f68aa8e9d3, connection=PooledConnection{channel=[id: 0xa01a053c, L:/127.0.0.1:50244 - R:localhost/127.0.0.1:8081]}}, [disconnecting])
20:40:45.817 [reactor-http-nio-16] DEBUG reactor.netty.resources.PooledConnectionProvider - [id: 0xa01a053c, L:/127.0.0.1:50244 - R:localhost/127.0.0.1:8081] Releasing channel
20:40:45.818 [reactor-http-nio-16] DEBUG reactor.netty.resources.PooledConnectionProvider - [id: 0xa01a053c, L:/127.0.0.1:50244 - R:localhost/127.0.0.1:8081] Channel cleaned, now 0 active connections and 1 inactive connections
20:40:45.821 [Test worker] DEBUG org.springframework.web.reactive.function.client.ExchangeFunctions - [115aa36d] HTTP GET http://localhost:8081/getAttractions
20:40:45.822 [reactor-http-nio-16] DEBUG reactor.netty.resources.PooledConnectionProvider - [id: 0xa01a053c, L:/127.0.0.1:50244 - R:localhost/127.0.0.1:8081] Channel acquired, now 1 active connections and 0 inactive connections
20:40:45.822 [reactor-http-nio-16] DEBUG reactor.netty.http.client.HttpClientConnect - [id: 0xa01a053c, L:/127.0.0.1:50244 - R:localhost/127.0.0.1:8081] Handler is being applied: {uri=http://localhost:8081/getAttractions, method=GET}
20:40:45.823 [reactor-http-nio-16] DEBUG reactor.netty.resources.PooledConnectionProvider - [id: 0xa01a053c, L:/127.0.0.1:50244 - R:localhost/127.0.0.1:8081] onStateChange(GET{uri=/getAttractions, connection=PooledConnection{channel=[id: 0xa01a053c, L:/127.0.0.1:50244 - R:localhost/127.0.0.1:8081]}}, [request_sent])
20:40:45.835 [reactor-http-nio-16] DEBUG reactor.netty.http.client.HttpClientOperations - [id: 0xa01a053c, L:/127.0.0.1:50244 - R:localhost/127.0.0.1:8081] Received response (auto-read:false) : [Content-Type=application/json, Transfer-Encoding=chunked, Date=Fri, 11 Jun 2021 15:10:45 GMT]
20:40:45.835 [reactor-http-nio-16] DEBUG reactor.netty.resources.PooledConnectionProvider - [id: 0xa01a053c, L:/127.0.0.1:50244 - R:localhost/127.0.0.1:8081] onStateChange(GET{uri=/getAttractions, connection=PooledConnection{channel=[id: 0xa01a053c, L:/127.0.0.1:50244 - R:localhost/127.0.0.1:8081]}}, [response_received])
20:40:45.836 [reactor-http-nio-16] DEBUG org.springframework.web.reactive.function.client.ExchangeFunctions - [115aa36d] Response 200 OK
20:40:45.836 [reactor-http-nio-16] DEBUG reactor.netty.channel.FluxReceive - [id: 0xa01a053c, L:/127.0.0.1:50244 - R:localhost/127.0.0.1:8081] Subscribing inbound receiver [pending: 0, cancelled:false, inboundDone: false]
20:40:45.836 [reactor-http-nio-16] DEBUG reactor.netty.http.client.HttpClientOperations - [id: 0xa01a053c, L:/127.0.0.1:50244 - R:localhost/127.0.0.1:8081] Received last HTTP packet
20:40:45.837 [reactor-http-nio-16] DEBUG org.springframework.core.codec.StringDecoder - [115aa36d] Decoded "[{"longitude":-117.922008,"latitude":33.817595,"attractionName":"Disneyland","city":"Anaheim","stat (truncated)...
20:40:45.837 [reactor-http-nio-16] DEBUG reactor.netty.resources.PooledConnectionProvider - [id: 0xa01a053c, L:/127.0.0.1:50244 - R:localhost/127.0.0.1:8081] onStateChange(GET{uri=/getAttractions, connection=PooledConnection{channel=[id: 0xa01a053c, L:/127.0.0.1:50244 - R:localhost/127.0.0.1:8081]}}, [disconnecting])
20:40:45.837 [reactor-http-nio-16] DEBUG reactor.netty.resources.PooledConnectionProvider - [id: 0xa01a053c, L:/127.0.0.1:50244 - R:localhost/127.0.0.1:8081] Releasing channel
20:40:45.837 [reactor-http-nio-16] DEBUG reactor.netty.resources.PooledConnectionProvider - [id: 0xa01a053c, L:/127.0.0.1:50244 - R:localhost/127.0.0.1:8081] Channel cleaned, now 0 active connections and 1 inactive connections
20:40:45.839 [Test worker] DEBUG org.springframework.web.reactive.function.client.ExchangeFunctions - [3b899d31] HTTP GET http://localhost:8082/getAttractionRewardPoints?attractionId=cae7392d-0709-42d7-9426-9fffecd6649f&userId=8db2035b-fd3a-4ee3-94b9-19f68aa8e9d3
20:40:45.840 [reactor-http-nio-11] DEBUG reactor.netty.resources.PooledConnectionProvider - [id: 0x3ff0fce5, L:/127.0.0.1:50245 - R:localhost/127.0.0.1:8082] Channel acquired, now 1 active connections and 0 inactive connections
20:40:45.840 [reactor-http-nio-11] DEBUG reactor.netty.http.client.HttpClientConnect - [id: 0x3ff0fce5, L:/127.0.0.1:50245 - R:localhost/127.0.0.1:8082] Handler is being applied: {uri=http://localhost:8082/getAttractionRewardPoints?attractionId=cae7392d-0709-42d7-9426-9fffecd6649f&userId=8db2035b-fd3a-4ee3-94b9-19f68aa8e9d3, method=GET}
20:40:45.840 [reactor-http-nio-11] DEBUG reactor.netty.resources.PooledConnectionProvider - [id: 0x3ff0fce5, L:/127.0.0.1:50245 - R:localhost/127.0.0.1:8082] onStateChange(GET{uri=/getAttractionRewardPoints?attractionId=cae7392d-0709-42d7-9426-9fffecd6649f&userId=8db2035b-fd3a-4ee3-94b9-19f68aa8e9d3, connection=PooledConnection{channel=[id: 0x3ff0fce5, L:/127.0.0.1:50245 - R:localhost/127.0.0.1:8082]}}, [request_sent])
20:40:46.734 [reactor-http-nio-11] DEBUG reactor.netty.http.client.HttpClientOperations - [id: 0x3ff0fce5, L:/127.0.0.1:50245 - R:localhost/127.0.0.1:8082] Received response (auto-read:false) : [Content-Type=application/json, Transfer-Encoding=chunked, Date=Fri, 11 Jun 2021 15:10:46 GMT]
20:40:46.734 [reactor-http-nio-11] DEBUG reactor.netty.resources.PooledConnectionProvider - [id: 0x3ff0fce5, L:/127.0.0.1:50245 - R:localhost/127.0.0.1:8082] onStateChange(GET{uri=/getAttractionRewardPoints?attractionId=cae7392d-0709-42d7-9426-9fffecd6649f&userId=8db2035b-fd3a-4ee3-94b9-19f68aa8e9d3, connection=PooledConnection{channel=[id: 0x3ff0fce5, L:/127.0.0.1:50245 - R:localhost/127.0.0.1:8082]}}, [response_received])
20:40:46.734 [reactor-http-nio-11] DEBUG org.springframework.web.reactive.function.client.ExchangeFunctions - [3b899d31] Response 200 OK
20:40:46.736 [reactor-http-nio-11] DEBUG reactor.netty.channel.FluxReceive - [id: 0x3ff0fce5, L:/127.0.0.1:50245 - R:localhost/127.0.0.1:8082] Subscribing inbound receiver [pending: 0, cancelled:false, inboundDone: false]
20:40:46.736 [reactor-http-nio-11] DEBUG reactor.netty.http.client.HttpClientOperations - [id: 0x3ff0fce5, L:/127.0.0.1:50245 - R:localhost/127.0.0.1:8082] Received last HTTP packet
20:40:46.737 [reactor-http-nio-11] DEBUG org.springframework.core.codec.StringDecoder - [3b899d31] Decoded "917"
20:40:46.737 [reactor-http-nio-11] DEBUG reactor.netty.resources.PooledConnectionProvider - [id: 0x3ff0fce5, L:/127.0.0.1:50245 - R:localhost/127.0.0.1:8082] onStateChange(GET{uri=/getAttractionRewardPoints?attractionId=cae7392d-0709-42d7-9426-9fffecd6649f&userId=8db2035b-fd3a-4ee3-94b9-19f68aa8e9d3, connection=PooledConnection{channel=[id: 0x3ff0fce5, L:/127.0.0.1:50245 - R:localhost/127.0.0.1:8082]}}, [disconnecting])
20:40:46.737 [reactor-http-nio-11] DEBUG reactor.netty.resources.PooledConnectionProvider - [id: 0x3ff0fce5, L:/127.0.0.1:50245 - R:localhost/127.0.0.1:8082] Releasing channel
20:40:46.737 [reactor-http-nio-11] DEBUG reactor.netty.resources.PooledConnectionProvider - [id: 0x3ff0fce5, L:/127.0.0.1:50245 - R:localhost/127.0.0.1:8082] Channel cleaned, now 0 active connections and 1 inactive connections
20:40:46.740 [Test worker] DEBUG org.springframework.web.reactive.function.client.ExchangeFunctions - [79e3265b] HTTP GET http://localhost:8081/getAttractions
20:40:46.741 [reactor-http-nio-16] DEBUG reactor.netty.resources.PooledConnectionProvider - [id: 0xa01a053c, L:/127.0.0.1:50244 - R:localhost/127.0.0.1:8081] Channel acquired, now 1 active connections and 0 inactive connections
20:40:46.741 [reactor-http-nio-16] DEBUG reactor.netty.http.client.HttpClientConnect - [id: 0xa01a053c, L:/127.0.0.1:50244 - R:localhost/127.0.0.1:8081] Handler is being applied: {uri=http://localhost:8081/getAttractions, method=GET}
20:40:46.742 [reactor-http-nio-16] DEBUG reactor.netty.resources.PooledConnectionProvider - [id: 0xa01a053c, L:/127.0.0.1:50244 - R:localhost/127.0.0.1:8081] onStateChange(GET{uri=/getAttractions, connection=PooledConnection{channel=[id: 0xa01a053c, L:/127.0.0.1:50244 - R:localhost/127.0.0.1:8081]}}, [request_sent])
20:40:46.756 [reactor-http-nio-16] DEBUG reactor.netty.http.client.HttpClientOperations - [id: 0xa01a053c, L:/127.0.0.1:50244 - R:localhost/127.0.0.1:8081] Received response (auto-read:false) : [Content-Type=application/json, Transfer-Encoding=chunked, Date=Fri, 11 Jun 2021 15:10:45 GMT]
20:40:46.757 [reactor-http-nio-16] DEBUG reactor.netty.resources.PooledConnectionProvider - [id: 0xa01a053c, L:/127.0.0.1:50244 - R:localhost/127.0.0.1:8081] onStateChange(GET{uri=/getAttractions, connection=PooledConnection{channel=[id: 0xa01a053c, L:/127.0.0.1:50244 - R:localhost/127.0.0.1:8081]}}, [response_received])
20:40:46.757 [reactor-http-nio-16] DEBUG org.springframework.web.reactive.function.client.ExchangeFunctions - [79e3265b] Response 200 OK
20:40:46.758 [reactor-http-nio-16] DEBUG reactor.netty.channel.FluxReceive - [id: 0xa01a053c, L:/127.0.0.1:50244 - R:localhost/127.0.0.1:8081] Subscribing inbound receiver [pending: 0, cancelled:false, inboundDone: false]
20:40:46.758 [reactor-http-nio-16] DEBUG reactor.netty.http.client.HttpClientOperations - [id: 0xa01a053c, L:/127.0.0.1:50244 - R:localhost/127.0.0.1:8081] Received last HTTP packet
20:40:46.759 [reactor-http-nio-16] DEBUG org.springframework.core.codec.StringDecoder - [79e3265b] Decoded "[{"longitude":-117.922008,"latitude":33.817595,"attractionName":"Disneyland","city":"Anaheim","stat (truncated)...
20:40:46.759 [reactor-http-nio-16] DEBUG reactor.netty.resources.PooledConnectionProvider - [id: 0xa01a053c, L:/127.0.0.1:50244 - R:localhost/127.0.0.1:8081] onStateChange(GET{uri=/getAttractions, connection=PooledConnection{channel=[id: 0xa01a053c, L:/127.0.0.1:50244 - R:localhost/127.0.0.1:8081]}}, [disconnecting])
20:40:46.759 [reactor-http-nio-16] DEBUG reactor.netty.resources.PooledConnectionProvider - [id: 0xa01a053c, L:/127.0.0.1:50244 - R:localhost/127.0.0.1:8081] Releasing channel
20:40:46.759 [reactor-http-nio-16] DEBUG reactor.netty.resources.PooledConnectionProvider - [id: 0xa01a053c, L:/127.0.0.1:50244 - R:localhost/127.0.0.1:8081] Channel cleaned, now 0 active connections and 1 inactive connections
]]></system-out>
  <system-err><![CDATA[]]></system-err>
</testsuite>
